Importing candle utils for keras
Configuration file:  /gpfs/mira-home/apeck/Modified_Benchmarks/Pilot3/P3B1/p3b1_default_model.txt
{'activation': 'relu',
 'batch_size': 10,
 'data_url': 'ftp://ftp.mcs.anl.gov/pub/candle/public/benchmarks/P3B1/',
 'drop': 0.0,
 'epochs': 10,
 'feature_names': 'Primary site:Tumor laterality:Histological grade',
 'ind_nnet_spec': [[2400, 2400, 1200, 1200],
                   [2400, 2400, 1200, 1200],
                   [2400, 2400, 1200, 1200]],
 'initialization': 'glorot_uniform',
 'learning_rate': 0.01,
 'loss': 'categorical_crossentropy',
 'metrics': 'accuracy',
 'model_name': 'p3b1',
 'n_fold': 1,
 'optimizer': 'sgd',
 'out_activation': 'softmax',
 'output_dir': '.',
 'scaling': 'none',
 'shared_nnet_spec': [1200,
                      2400,
                      3600,
                      3600,
                      3600,
                      3600,
                      3600,
                      3600,
                      3600,
                      2400],
 'shuffle': True,
 'timeout': 1800,
 'train_data': 'P3B1_data.tar.gz'}
Params:
{'activation': 'relu',
 'batch_size': 10,
 'case': 'CenterZ',
 'data_url': 'ftp://ftp.mcs.anl.gov/pub/candle/public/benchmarks/P3B1/',
 'datatype': <class 'numpy.float32'>,
 'drop': 0.0,
 'epochs': 10,
 'experiment_id': 'EXP000',
 'feature_names': 'Primary site:Tumor laterality:Histological grade',
 'fig': False,
 'gpus': [],
 'ind_nnet_spec': [[2400, 2400, 1200, 1200],
                   [2400, 2400, 1200, 1200],
                   [2400, 2400, 1200, 1200]],
 'initialization': 'glorot_uniform',
 'learning_rate': 0.01,
 'logfile': None,
 'loss': 'categorical_crossentropy',
 'metrics': 'accuracy',
 'model_name': 'p3b1',
 'n_fold': 1,
 'optimizer': 'sgd',
 'out_activation': 'softmax',
 'output_dir': '/gpfs/mira-home/apeck/CANDLE_testing/avery_modified_results/local_p3',
 'output_files': 'result0_0.csv;result1_0.csv;result2_0.csv',
 'rng_seed': 7102,
 'run_id': 'RUN000',
 'scaling': 'none',
 'shared_nnet_spec': [1200,
                      2400,
                      3600,
                      3600,
                      3600,
                      3600,
                      3600,
                      3600,
                      3600,
                      2400],
 'shuffle': False,
 'timeout': 1800,
 'train_bool': True,
 'train_data': 'P3B1_data.tar.gz',
 'train_features': 'data/task0_0_train_feature.csv;data/task1_0_train_feature.csv;data/task2_0_train_feature.csv',
 'train_truths': 'data/task0_0_train_label.csv;data/task1_0_train_label.csv;data/task2_0_train_label.csv',
 'valid_features': 'data/task0_0_test_feature.csv;data/task1_0_test_feature.csv;data/task2_0_test_feature.csv',
 'valid_truths': 'data/task0_0_test_label.csv;data/task1_0_test_label.csv;data/task2_0_test_label.csv',
 'verbose': None}
Feature names:
Primary site
Tumor laterality
Histological grade
Model:  0
_________________________________________________________________
Layer (type)                 Output Shape              Param #   
=================================================================
input (InputLayer)           (None, 400)               0         
_________________________________________________________________
indiv_layer_0_0 (Dense)      (None, 2400)              962400    
_________________________________________________________________
indiv_layer_0_1 (Dense)      (None, 2400)              5762400   
_________________________________________________________________
indiv_layer_0_2 (Dense)      (None, 1200)              2881200   
_________________________________________________________________
indiv_layer_0_3 (Dense)      (None, 1200)              1441200   
_________________________________________________________________
out_0 (Dense)                (None, 13)                15613     
=================================================================
Total params: 11,062,813
Trainable params: 11,062,813
Non-trainable params: 0
_________________________________________________________________
Model:  1
_________________________________________________________________
Layer (type)                 Output Shape              Param #   
=================================================================
input (InputLayer)           (None, 400)               0         
_________________________________________________________________
indiv_layer_1_0 (Dense)      (None, 2400)              962400    
_________________________________________________________________
indiv_layer_1_1 (Dense)      (None, 2400)              5762400   
_________________________________________________________________
indiv_layer_1_2 (Dense)      (None, 1200)              2881200   
_________________________________________________________________
indiv_layer_1_3 (Dense)      (None, 1200)              1441200   
_________________________________________________________________
out_1 (Dense)                (None, 2)                 2402      
=================================================================
Total params: 11,049,602
Trainable params: 11,049,602
Non-trainable params: 0
_________________________________________________________________
Model:  2
_________________________________________________________________
Layer (type)                 Output Shape              Param #   
=================================================================
input (InputLayer)           (None, 400)               0         
_________________________________________________________________
indiv_layer_2_0 (Dense)      (None, 2400)              962400    
_________________________________________________________________
indiv_layer_2_1 (Dense)      (None, 2400)              5762400   
_________________________________________________________________
indiv_layer_2_2 (Dense)      (None, 1200)              2881200   
_________________________________________________________________
indiv_layer_2_3 (Dense)      (None, 1200)              1441200   
_________________________________________________________________
out_2 (Dense)                (None, 4)                 4804      
=================================================================
Total params: 11,052,004
Trainable params: 11,052,004
Non-trainable params: 0
_________________________________________________________________
Train on 3900 samples, validate on 99 samples
Epoch 1/1

  10/3900 [..............................] - ETA: 10:05 - loss: 2.5640 - acc: 0.1000
  50/3900 [..............................] - ETA: 2:03 - loss: 2.5641 - acc: 0.0600 
 100/3900 [..............................] - ETA: 1:03 - loss: 2.5643 - acc: 0.0800
 150/3900 [>.............................] - ETA: 43s - loss: 2.5644 - acc: 0.0667 
 200/3900 [>.............................] - ETA: 33s - loss: 2.5645 - acc: 0.0700
 250/3900 [>.............................] - ETA: 26s - loss: 2.5643 - acc: 0.0680
 300/3900 [=>............................] - ETA: 22s - loss: 2.5640 - acc: 0.0767
 350/3900 [=>............................] - ETA: 19s - loss: 2.5638 - acc: 0.0743
 400/3900 [==>...........................] - ETA: 17s - loss: 2.5634 - acc: 0.0825
 450/3900 [==>...........................] - ETA: 15s - loss: 2.5634 - acc: 0.0822
 500/3900 [==>...........................] - ETA: 14s - loss: 2.5634 - acc: 0.0800
 560/3900 [===>..........................] - ETA: 12s - loss: 2.5635 - acc: 0.0804
 610/3900 [===>..........................] - ETA: 11s - loss: 2.5635 - acc: 0.0885
 670/3900 [====>.........................] - ETA: 10s - loss: 2.5633 - acc: 0.0970
 730/3900 [====>.........................] - ETA: 10s - loss: 2.5630 - acc: 0.1055
 790/3900 [=====>........................] - ETA: 9s - loss: 2.5626 - acc: 0.1101 
 850/3900 [=====>........................] - ETA: 8s - loss: 2.5627 - acc: 0.1059
 910/3900 [======>.......................] - ETA: 8s - loss: 2.5625 - acc: 0.1044
 970/3900 [======>.......................] - ETA: 7s - loss: 2.5622 - acc: 0.1052
1030/3900 [======>.......................] - ETA: 7s - loss: 2.5619 - acc: 0.1097
1090/3900 [=======>......................] - ETA: 6s - loss: 2.5617 - acc: 0.1101
1150/3900 [=======>......................] - ETA: 6s - loss: 2.5617 - acc: 0.1061
1210/3900 [========>.....................] - ETA: 6s - loss: 2.5614 - acc: 0.1099
1270/3900 [========>.....................] - ETA: 5s - loss: 2.5610 - acc: 0.1126
1330/3900 [=========>....................] - ETA: 5s - loss: 2.5607 - acc: 0.1158
1390/3900 [=========>....................] - ETA: 5s - loss: 2.5605 - acc: 0.1158
1450/3900 [==========>...................] - ETA: 5s - loss: 2.5604 - acc: 0.1179
1510/3900 [==========>...................] - ETA: 4s - loss: 2.5602 - acc: 0.1199
1570/3900 [===========>..................] - ETA: 4s - loss: 2.5601 - acc: 0.1223
1630/3900 [===========>..................] - ETA: 4s - loss: 2.5599 - acc: 0.1252
1690/3900 [============>.................] - ETA: 4s - loss: 2.5598 - acc: 0.1249
1750/3900 [============>.................] - ETA: 4s - loss: 2.5596 - acc: 0.1286
1810/3900 [============>.................] - ETA: 3s - loss: 2.5594 - acc: 0.1309
1870/3900 [=============>................] - ETA: 3s - loss: 2.5592 - acc: 0.1353
1930/3900 [=============>................] - ETA: 3s - loss: 2.5591 - acc: 0.1383
1990/3900 [==============>...............] - ETA: 3s - loss: 2.5589 - acc: 0.1412
2050/3900 [==============>...............] - ETA: 3s - loss: 2.5587 - acc: 0.1444
2110/3900 [===============>..............] - ETA: 3s - loss: 2.5585 - acc: 0.1483
2170/3900 [===============>..............] - ETA: 2s - loss: 2.5583 - acc: 0.1516
2230/3900 [================>.............] - ETA: 2s - loss: 2.5580 - acc: 0.1565
2290/3900 [================>.............] - ETA: 2s - loss: 2.5577 - acc: 0.1620
2350/3900 [=================>............] - ETA: 2s - loss: 2.5575 - acc: 0.1621
2410/3900 [=================>............] - ETA: 2s - loss: 2.5573 - acc: 0.1651
2470/3900 [==================>...........] - ETA: 2s - loss: 2.5570 - acc: 0.1680
2520/3900 [==================>...........] - ETA: 2s - loss: 2.5569 - acc: 0.1706
2580/3900 [==================>...........] - ETA: 2s - loss: 2.5567 - acc: 0.1729
2640/3900 [===================>..........] - ETA: 1s - loss: 2.5564 - acc: 0.1780
2700/3900 [===================>..........] - ETA: 1s - loss: 2.5563 - acc: 0.1793
2760/3900 [====================>.........] - ETA: 1s - loss: 2.5560 - acc: 0.1830
2820/3900 [====================>.........] - ETA: 1s - loss: 2.5558 - acc: 0.1862
2880/3900 [=====================>........] - ETA: 1s - loss: 2.5556 - acc: 0.1885
2940/3900 [=====================>........] - ETA: 1s - loss: 2.5554 - acc: 0.1915
3000/3900 [======================>.......] - ETA: 1s - loss: 2.5551 - acc: 0.1953
3060/3900 [======================>.......] - ETA: 1s - loss: 2.5549 - acc: 0.1997
3120/3900 [=======================>......] - ETA: 1s - loss: 2.5547 - acc: 0.2022
3180/3900 [=======================>......] - ETA: 1s - loss: 2.5544 - acc: 0.2038
3240/3900 [=======================>......] - ETA: 0s - loss: 2.5543 - acc: 0.2077
3300/3900 [========================>.....] - ETA: 0s - loss: 2.5541 - acc: 0.2112
3360/3900 [========================>.....] - ETA: 0s - loss: 2.5539 - acc: 0.2140
3420/3900 [=========================>....] - ETA: 0s - loss: 2.5537 - acc: 0.2184
3480/3900 [=========================>....] - ETA: 0s - loss: 2.5534 - acc: 0.2224
3540/3900 [==========================>...] - ETA: 0s - loss: 2.5532 - acc: 0.2240
3600/3900 [==========================>...] - ETA: 0s - loss: 2.5530 - acc: 0.2267
3660/3900 [===========================>..] - ETA: 0s - loss: 2.5527 - acc: 0.2284
3710/3900 [===========================>..] - ETA: 0s - loss: 2.5525 - acc: 0.2326
3770/3900 [============================>.] - ETA: 0s - loss: 2.5523 - acc: 0.2361
3830/3900 [============================>.] - ETA: 0s - loss: 2.5520 - acc: 0.2394
3890/3900 [============================>.] - ETA: 0s - loss: 2.5518 - acc: 0.2419
3900/3900 [==============================] - 5s 1ms/step - loss: 2.5518 - acc: 0.2421 - val_loss: 2.5432 - val_acc: 0.3030
Current time ....5.429
Train on 600 samples, validate on 86 samples
Epoch 1/1

 10/600 [..............................] - ETA: 16s - loss: 0.6879 - acc: 0.6000
 70/600 [==>...........................] - ETA: 2s - loss: 0.7011 - acc: 0.4857 
130/600 [=====>........................] - ETA: 1s - loss: 0.6930 - acc: 0.5077
190/600 [========>.....................] - ETA: 0s - loss: 0.6864 - acc: 0.5579
250/600 [===========>..................] - ETA: 0s - loss: 0.6819 - acc: 0.5400
310/600 [==============>...............] - ETA: 0s - loss: 0.6772 - acc: 0.6000
370/600 [=================>............] - ETA: 0s - loss: 0.6707 - acc: 0.6189
430/600 [====================>.........] - ETA: 0s - loss: 0.6640 - acc: 0.6279
490/600 [=======================>......] - ETA: 0s - loss: 0.6591 - acc: 0.6633
550/600 [==========================>...] - ETA: 0s - loss: 0.6538 - acc: 0.6764
600/600 [==============================] - 1s 1ms/step - loss: 0.6510 - acc: 0.6917 - val_loss: 0.6123 - val_acc: 0.8256
Current time ....0.884
Train on 1200 samples, validate on 68 samples
Epoch 1/1

  10/1200 [..............................] - ETA: 34s - loss: 1.3887 - acc: 0.3000
  70/1200 [>.............................] - ETA: 5s - loss: 1.3954 - acc: 0.2286 
 130/1200 [==>...........................] - ETA: 3s - loss: 1.3831 - acc: 0.2231
 190/1200 [===>..........................] - ETA: 2s - loss: 1.3760 - acc: 0.2316
 250/1200 [=====>........................] - ETA: 1s - loss: 1.3734 - acc: 0.2400
 310/1200 [======>.......................] - ETA: 1s - loss: 1.3660 - acc: 0.2452
 370/1200 [========>.....................] - ETA: 1s - loss: 1.3621 - acc: 0.2486
 430/1200 [=========>....................] - ETA: 1s - loss: 1.3463 - acc: 0.2698
 480/1200 [===========>..................] - ETA: 1s - loss: 1.3464 - acc: 0.2667
 540/1200 [============>.................] - ETA: 0s - loss: 1.3434 - acc: 0.2722
 600/1200 [==============>...............] - ETA: 0s - loss: 1.3409 - acc: 0.2850
 660/1200 [===============>..............] - ETA: 0s - loss: 1.3386 - acc: 0.3015
 720/1200 [=================>............] - ETA: 0s - loss: 1.3383 - acc: 0.3083
 780/1200 [==================>...........] - ETA: 0s - loss: 1.3345 - acc: 0.3244
 840/1200 [====================>.........] - ETA: 0s - loss: 1.3299 - acc: 0.3381
 900/1200 [=====================>........] - ETA: 0s - loss: 1.3251 - acc: 0.3511
 960/1200 [=======================>......] - ETA: 0s - loss: 1.3190 - acc: 0.3646
1020/1200 [========================>.....] - ETA: 0s - loss: 1.3121 - acc: 0.3833
1080/1200 [==========================>...] - ETA: 0s - loss: 1.3114 - acc: 0.3815
1140/1200 [===========================>..] - ETA: 0s - loss: 1.3063 - acc: 0.3912
1200/1200 [==============================] - 1s 1ms/step - loss: 1.3015 - acc: 0.4017 - val_loss: 1.2490 - val_acc: 0.3529
Current time ....1.459
Train on 3900 samples, validate on 99 samples
Epoch 1/1

  10/3900 [..............................] - ETA: 3s - loss: 2.5386 - acc: 0.2000
  70/3900 [..............................] - ETA: 3s - loss: 2.5366 - acc: 0.3714
 120/3900 [..............................] - ETA: 3s - loss: 2.5356 - acc: 0.4167
 180/3900 [>.............................] - ETA: 3s - loss: 2.5345 - acc: 0.4667
 240/3900 [>.............................] - ETA: 3s - loss: 2.5344 - acc: 0.4625
 290/3900 [=>............................] - ETA: 3s - loss: 2.5337 - acc: 0.4414
 350/3900 [=>............................] - ETA: 3s - loss: 2.5329 - acc: 0.4429
 410/3900 [==>...........................] - ETA: 3s - loss: 2.5326 - acc: 0.4366
 470/3900 [==>...........................] - ETA: 3s - loss: 2.5325 - acc: 0.4170
 530/3900 [===>..........................] - ETA: 3s - loss: 2.5325 - acc: 0.4075
 590/3900 [===>..........................] - ETA: 3s - loss: 2.5322 - acc: 0.4017
 650/3900 [====>.........................] - ETA: 3s - loss: 2.5321 - acc: 0.4046
 710/3900 [====>.........................] - ETA: 3s - loss: 2.5313 - acc: 0.4155
 770/3900 [====>.........................] - ETA: 3s - loss: 2.5310 - acc: 0.4104
 830/3900 [=====>........................] - ETA: 2s - loss: 2.5305 - acc: 0.4060
 890/3900 [=====>........................] - ETA: 2s - loss: 2.5305 - acc: 0.4034
 950/3900 [======>.......................] - ETA: 2s - loss: 2.5303 - acc: 0.4000
1010/3900 [======>.......................] - ETA: 2s - loss: 2.5301 - acc: 0.3970
1070/3900 [=======>......................] - ETA: 2s - loss: 2.5298 - acc: 0.3944
1130/3900 [=======>......................] - ETA: 2s - loss: 2.5292 - acc: 0.3991
1190/3900 [========>.....................] - ETA: 2s - loss: 2.5289 - acc: 0.4050
1250/3900 [========>.....................] - ETA: 2s - loss: 2.5287 - acc: 0.3984
1310/3900 [=========>....................] - ETA: 2s - loss: 2.5282 - acc: 0.4015
1370/3900 [=========>....................] - ETA: 2s - loss: 2.5278 - acc: 0.4051
1430/3900 [==========>...................] - ETA: 2s - loss: 2.5275 - acc: 0.4063
1490/3900 [==========>...................] - ETA: 2s - loss: 2.5272 - acc: 0.4074
1550/3900 [==========>...................] - ETA: 2s - loss: 2.5267 - acc: 0.4103
1610/3900 [===========>..................] - ETA: 2s - loss: 2.5263 - acc: 0.4075
1670/3900 [===========>..................] - ETA: 2s - loss: 2.5259 - acc: 0.4066
1730/3900 [============>.................] - ETA: 2s - loss: 2.5255 - acc: 0.4087
1790/3900 [============>.................] - ETA: 2s - loss: 2.5250 - acc: 0.4101
1850/3900 [=============>................] - ETA: 1s - loss: 2.5245 - acc: 0.4092
1910/3900 [=============>................] - ETA: 1s - loss: 2.5243 - acc: 0.4037
1970/3900 [==============>...............] - ETA: 1s - loss: 2.5238 - acc: 0.4030
2030/3900 [==============>...............] - ETA: 1s - loss: 2.5236 - acc: 0.4020
2090/3900 [===============>..............] - ETA: 1s - loss: 2.5232 - acc: 0.4014
2150/3900 [===============>..............] - ETA: 1s - loss: 2.5229 - acc: 0.4005
2210/3900 [================>.............] - ETA: 1s - loss: 2.5224 - acc: 0.4014
2270/3900 [================>.............] - ETA: 1s - loss: 2.5219 - acc: 0.3987
2330/3900 [================>.............] - ETA: 1s - loss: 2.5215 - acc: 0.3991
2390/3900 [=================>............] - ETA: 1s - loss: 2.5211 - acc: 0.3967
2450/3900 [=================>............] - ETA: 1s - loss: 2.5208 - acc: 0.3935
2510/3900 [==================>...........] - ETA: 1s - loss: 2.5204 - acc: 0.3952
2570/3900 [==================>...........] - ETA: 1s - loss: 2.5198 - acc: 0.3965
2630/3900 [===================>..........] - ETA: 1s - loss: 2.5193 - acc: 0.3977
2690/3900 [===================>..........] - ETA: 1s - loss: 2.5189 - acc: 0.3978
2750/3900 [====================>.........] - ETA: 1s - loss: 2.5184 - acc: 0.3993
2810/3900 [====================>.........] - ETA: 1s - loss: 2.5177 - acc: 0.4025
2870/3900 [=====================>........] - ETA: 0s - loss: 2.5173 - acc: 0.4031
2930/3900 [=====================>........] - ETA: 0s - loss: 2.5167 - acc: 0.4061
2990/3900 [======================>.......] - ETA: 0s - loss: 2.5162 - acc: 0.4084
3050/3900 [======================>.......] - ETA: 0s - loss: 2.5157 - acc: 0.4115
3110/3900 [======================>.......] - ETA: 0s - loss: 2.5151 - acc: 0.4141
3170/3900 [=======================>......] - ETA: 0s - loss: 2.5147 - acc: 0.4158
3230/3900 [=======================>......] - ETA: 0s - loss: 2.5142 - acc: 0.4183
3290/3900 [========================>.....] - ETA: 0s - loss: 2.5136 - acc: 0.4216
3350/3900 [========================>.....] - ETA: 0s - loss: 2.5132 - acc: 0.4239
3410/3900 [=========================>....] - ETA: 0s - loss: 2.5126 - acc: 0.4276
3460/3900 [=========================>....] - ETA: 0s - loss: 2.5119 - acc: 0.4306
3520/3900 [==========================>...] - ETA: 0s - loss: 2.5115 - acc: 0.4321
3580/3900 [==========================>...] - ETA: 0s - loss: 2.5109 - acc: 0.4338
3640/3900 [===========================>..] - ETA: 0s - loss: 2.5104 - acc: 0.4343
3700/3900 [===========================>..] - ETA: 0s - loss: 2.5098 - acc: 0.4354
3760/3900 [===========================>..] - ETA: 0s - loss: 2.5091 - acc: 0.4394
3820/3900 [============================>.] - ETA: 0s - loss: 2.5085 - acc: 0.4406
3880/3900 [============================>.] - ETA: 0s - loss: 2.5078 - acc: 0.4399
3900/3900 [==============================] - 4s 976us/step - loss: 2.5077 - acc: 0.4400 - val_loss: 2.4960 - val_acc: 0.2929
Current time ....3.805
Train on 600 samples, validate on 86 samples
Epoch 1/1

 10/600 [..............................] - ETA: 0s - loss: 0.5724 - acc: 1.0000
 70/600 [==>...........................] - ETA: 0s - loss: 0.5947 - acc: 0.9143
130/600 [=====>........................] - ETA: 0s - loss: 0.5903 - acc: 0.9385
190/600 [========>.....................] - ETA: 0s - loss: 0.5784 - acc: 0.9000
250/600 [===========>..................] - ETA: 0s - loss: 0.5688 - acc: 0.9200
310/600 [==============>...............] - ETA: 0s - loss: 0.5596 - acc: 0.9161
370/600 [=================>............] - ETA: 0s - loss: 0.5572 - acc: 0.9243
430/600 [====================>.........] - ETA: 0s - loss: 0.5471 - acc: 0.9326
490/600 [=======================>......] - ETA: 0s - loss: 0.5403 - acc: 0.9388
550/600 [==========================>...] - ETA: 0s - loss: 0.5343 - acc: 0.9400
600/600 [==============================] - 1s 992us/step - loss: 0.5279 - acc: 0.9417 - val_loss: 0.5089 - val_acc: 0.9186
Current time ....0.596
Train on 1200 samples, validate on 68 samples
Epoch 1/1

  10/1200 [..............................] - ETA: 1s - loss: 1.1703 - acc: 0.7000
  70/1200 [>.............................] - ETA: 1s - loss: 1.1986 - acc: 0.7286
 130/1200 [==>...........................] - ETA: 1s - loss: 1.1904 - acc: 0.6692
 190/1200 [===>..........................] - ETA: 0s - loss: 1.1798 - acc: 0.6579
 250/1200 [=====>........................] - ETA: 0s - loss: 1.1617 - acc: 0.6680
 310/1200 [======>.......................] - ETA: 0s - loss: 1.1660 - acc: 0.6548
 370/1200 [========>.....................] - ETA: 0s - loss: 1.1610 - acc: 0.6486
 430/1200 [=========>....................] - ETA: 0s - loss: 1.1585 - acc: 0.6465
 490/1200 [===========>..................] - ETA: 0s - loss: 1.1542 - acc: 0.6429
 550/1200 [============>.................] - ETA: 0s - loss: 1.1457 - acc: 0.6400
 610/1200 [==============>...............] - ETA: 0s - loss: 1.1402 - acc: 0.6361
 670/1200 [===============>..............] - ETA: 0s - loss: 1.1302 - acc: 0.6448
 730/1200 [=================>............] - ETA: 0s - loss: 1.1238 - acc: 0.6479
 780/1200 [==================>...........] - ETA: 0s - loss: 1.1187 - acc: 0.6436
 840/1200 [====================>.........] - ETA: 0s - loss: 1.1127 - acc: 0.6452
 900/1200 [=====================>........] - ETA: 0s - loss: 1.1076 - acc: 0.6433
 960/1200 [=======================>......] - ETA: 0s - loss: 1.1028 - acc: 0.6417
1020/1200 [========================>.....] - ETA: 0s - loss: 1.1019 - acc: 0.6373
1080/1200 [==========================>...] - ETA: 0s - loss: 1.0903 - acc: 0.6398
1140/1200 [===========================>..] - ETA: 0s - loss: 1.0820 - acc: 0.6430
1200/1200 [==============================] - 1s 974us/step - loss: 1.0750 - acc: 0.6467 - val_loss: 1.1167 - val_acc: 0.4412
Current time ....1.169
Train on 3900 samples, validate on 99 samples
Epoch 1/1

  10/3900 [..............................] - ETA: 3s - loss: 2.4739 - acc: 0.2000
  70/3900 [..............................] - ETA: 3s - loss: 2.4626 - acc: 0.5143
 130/3900 [>.............................] - ETA: 3s - loss: 2.4560 - acc: 0.5231
 190/3900 [>.............................] - ETA: 3s - loss: 2.4583 - acc: 0.4684
 250/3900 [>.............................] - ETA: 3s - loss: 2.4573 - acc: 0.4640
 310/3900 [=>............................] - ETA: 3s - loss: 2.4568 - acc: 0.4548
 370/3900 [=>............................] - ETA: 3s - loss: 2.4566 - acc: 0.4649
 430/3900 [==>...........................] - ETA: 3s - loss: 2.4568 - acc: 0.4535
 490/3900 [==>...........................] - ETA: 3s - loss: 2.4548 - acc: 0.4653
 550/3900 [===>..........................] - ETA: 3s - loss: 2.4537 - acc: 0.4691
 610/3900 [===>..........................] - ETA: 3s - loss: 2.4545 - acc: 0.4689
 670/3900 [====>.........................] - ETA: 3s - loss: 2.4538 - acc: 0.4597
 730/3900 [====>.........................] - ETA: 3s - loss: 2.4530 - acc: 0.4589
 790/3900 [=====>........................] - ETA: 2s - loss: 2.4517 - acc: 0.4646
 850/3900 [=====>........................] - ETA: 2s - loss: 2.4499 - acc: 0.4612
 910/3900 [======>.......................] - ETA: 2s - loss: 2.4480 - acc: 0.4637
 970/3900 [======>.......................] - ETA: 2s - loss: 2.4474 - acc: 0.4649
1030/3900 [======>.......................] - ETA: 2s - loss: 2.4468 - acc: 0.4631
1090/3900 [=======>......................] - ETA: 2s - loss: 2.4460 - acc: 0.4651
1150/3900 [=======>......................] - ETA: 2s - loss: 2.4444 - acc: 0.4652
1210/3900 [========>.....................] - ETA: 2s - loss: 2.4430 - acc: 0.4669
1270/3900 [========>.....................] - ETA: 2s - loss: 2.4422 - acc: 0.4622
1330/3900 [=========>....................] - ETA: 2s - loss: 2.4402 - acc: 0.4617
1390/3900 [=========>....................] - ETA: 2s - loss: 2.4391 - acc: 0.4561
1450/3900 [==========>...................] - ETA: 2s - loss: 2.4378 - acc: 0.4552
1510/3900 [==========>...................] - ETA: 2s - loss: 2.4368 - acc: 0.4503
1570/3900 [===========>..................] - ETA: 2s - loss: 2.4355 - acc: 0.4510
1630/3900 [===========>..................] - ETA: 2s - loss: 2.4336 - acc: 0.4540
1690/3900 [============>.................] - ETA: 2s - loss: 2.4324 - acc: 0.4538
1750/3900 [============>.................] - ETA: 2s - loss: 2.4307 - acc: 0.4543
1810/3900 [============>.................] - ETA: 2s - loss: 2.4294 - acc: 0.4525
1870/3900 [=============>................] - ETA: 1s - loss: 2.4277 - acc: 0.4519
1930/3900 [=============>................] - ETA: 1s - loss: 2.4266 - acc: 0.4523
1990/3900 [==============>...............] - ETA: 1s - loss: 2.4248 - acc: 0.4553
2040/3900 [==============>...............] - ETA: 1s - loss: 2.4233 - acc: 0.4559
2100/3900 [===============>..............] - ETA: 1s - loss: 2.4213 - acc: 0.4590
2160/3900 [===============>..............] - ETA: 1s - loss: 2.4200 - acc: 0.4569
2210/3900 [================>.............] - ETA: 1s - loss: 2.4180 - acc: 0.4588
2270/3900 [================>.............] - ETA: 1s - loss: 2.4164 - acc: 0.4564
2330/3900 [================>.............] - ETA: 1s - loss: 2.4150 - acc: 0.4549
2390/3900 [=================>............] - ETA: 1s - loss: 2.4129 - acc: 0.4531
2450/3900 [=================>............] - ETA: 1s - loss: 2.4115 - acc: 0.4527
2510/3900 [==================>...........] - ETA: 1s - loss: 2.4095 - acc: 0.4514
2570/3900 [==================>...........] - ETA: 1s - loss: 2.4073 - acc: 0.4510
2630/3900 [===================>..........] - ETA: 1s - loss: 2.4055 - acc: 0.4479
2690/3900 [===================>..........] - ETA: 1s - loss: 2.4036 - acc: 0.4461
2750/3900 [====================>.........] - ETA: 1s - loss: 2.4020 - acc: 0.4411
2810/3900 [====================>.........] - ETA: 1s - loss: 2.3993 - acc: 0.4413
2870/3900 [=====================>........] - ETA: 0s - loss: 2.3965 - acc: 0.4429
2930/3900 [=====================>........] - ETA: 0s - loss: 2.3943 - acc: 0.4399
2990/3900 [======================>.......] - ETA: 0s - loss: 2.3928 - acc: 0.4375
3050/3900 [======================>.......] - ETA: 0s - loss: 2.3907 - acc: 0.4380
3110/3900 [======================>.......] - ETA: 0s - loss: 2.3883 - acc: 0.4379
3170/3900 [=======================>......] - ETA: 0s - loss: 2.3860 - acc: 0.4369
3230/3900 [=======================>......] - ETA: 0s - loss: 2.3838 - acc: 0.4365
3290/3900 [========================>.....] - ETA: 0s - loss: 2.3809 - acc: 0.4374
3350/3900 [========================>.....] - ETA: 0s - loss: 2.3786 - acc: 0.4382
3410/3900 [=========================>....] - ETA: 0s - loss: 2.3762 - acc: 0.4387
3470/3900 [=========================>....] - ETA: 0s - loss: 2.3735 - acc: 0.4395
3530/3900 [==========================>...] - ETA: 0s - loss: 2.3707 - acc: 0.4405
3590/3900 [==========================>...] - ETA: 0s - loss: 2.3684 - acc: 0.4398
3650/3900 [===========================>..] - ETA: 0s - loss: 2.3660 - acc: 0.4400
3710/3900 [===========================>..] - ETA: 0s - loss: 2.3638 - acc: 0.4394
3770/3900 [============================>.] - ETA: 0s - loss: 2.3611 - acc: 0.4406
3830/3900 [============================>.] - ETA: 0s - loss: 2.3580 - acc: 0.4405
3890/3900 [============================>.] - ETA: 0s - loss: 2.3550 - acc: 0.4409
3900/3900 [==============================] - 4s 972us/step - loss: 2.3546 - acc: 0.4403 - val_loss: 2.2414 - val_acc: 0.3131
Current time ....3.790
Train on 600 samples, validate on 86 samples
Epoch 1/1

 10/600 [..............................] - ETA: 0s - loss: 0.4623 - acc: 1.0000
 70/600 [==>...........................] - ETA: 0s - loss: 0.4178 - acc: 0.9857
130/600 [=====>........................] - ETA: 0s - loss: 0.4211 - acc: 0.9769
190/600 [========>.....................] - ETA: 0s - loss: 0.4204 - acc: 0.9632
250/600 [===========>..................] - ETA: 0s - loss: 0.4087 - acc: 0.9720
310/600 [==============>...............] - ETA: 0s - loss: 0.4047 - acc: 0.9742
370/600 [=================>............] - ETA: 0s - loss: 0.3950 - acc: 0.9784
420/600 [====================>.........] - ETA: 0s - loss: 0.3911 - acc: 0.9810
480/600 [=======================>......] - ETA: 0s - loss: 0.3838 - acc: 0.9812
540/600 [==========================>...] - ETA: 0s - loss: 0.3733 - acc: 0.9796
600/600 [==============================] - 1s 996us/step - loss: 0.3732 - acc: 0.9750 - val_loss: 0.4088 - val_acc: 0.9302
Current time ....0.598
Train on 1200 samples, validate on 68 samples
Epoch 1/1

  10/1200 [..............................] - ETA: 1s - loss: 0.9428 - acc: 0.8000
  70/1200 [>.............................] - ETA: 1s - loss: 0.8960 - acc: 0.7429
 130/1200 [==>...........................] - ETA: 1s - loss: 0.9017 - acc: 0.7154
 190/1200 [===>..........................] - ETA: 0s - loss: 0.9147 - acc: 0.7053
 250/1200 [=====>........................] - ETA: 0s - loss: 0.8911 - acc: 0.7160
 310/1200 [======>.......................] - ETA: 0s - loss: 0.8733 - acc: 0.7161
 370/1200 [========>.....................] - ETA: 0s - loss: 0.8906 - acc: 0.6757
 430/1200 [=========>....................] - ETA: 0s - loss: 0.8889 - acc: 0.6791
 490/1200 [===========>..................] - ETA: 0s - loss: 0.8830 - acc: 0.6796
 550/1200 [============>.................] - ETA: 0s - loss: 0.8796 - acc: 0.6836
 610/1200 [==============>...............] - ETA: 0s - loss: 0.8764 - acc: 0.6902
 670/1200 [===============>..............] - ETA: 0s - loss: 0.8844 - acc: 0.6821
 730/1200 [=================>............] - ETA: 0s - loss: 0.8779 - acc: 0.6904
 790/1200 [==================>...........] - ETA: 0s - loss: 0.8683 - acc: 0.6949
 840/1200 [====================>.........] - ETA: 0s - loss: 0.8589 - acc: 0.7071
 900/1200 [=====================>........] - ETA: 0s - loss: 0.8520 - acc: 0.7089
 960/1200 [=======================>......] - ETA: 0s - loss: 0.8545 - acc: 0.7010
1020/1200 [========================>.....] - ETA: 0s - loss: 0.8530 - acc: 0.7000
1080/1200 [==========================>...] - ETA: 0s - loss: 0.8444 - acc: 0.7028
1140/1200 [===========================>..] - ETA: 0s - loss: 0.8389 - acc: 0.7070
1200/1200 [==============================] - 1s 975us/step - loss: 0.8318 - acc: 0.7083 - val_loss: 1.2742 - val_acc: 0.4853
Current time ....1.171
Train on 3900 samples, validate on 99 samples
Epoch 1/1

  10/3900 [..............................] - ETA: 3s - loss: 2.1228 - acc: 0.7000
  70/3900 [..............................] - ETA: 3s - loss: 2.1774 - acc: 0.4000
 130/3900 [>.............................] - ETA: 3s - loss: 2.1552 - acc: 0.4231
 190/3900 [>.............................] - ETA: 3s - loss: 2.1627 - acc: 0.4368
 250/3900 [>.............................] - ETA: 3s - loss: 2.1585 - acc: 0.4600
 310/3900 [=>............................] - ETA: 3s - loss: 2.1497 - acc: 0.4581
 370/3900 [=>............................] - ETA: 3s - loss: 2.1511 - acc: 0.4622
 430/3900 [==>...........................] - ETA: 3s - loss: 2.1428 - acc: 0.4535
 490/3900 [==>...........................] - ETA: 3s - loss: 2.1391 - acc: 0.4265
 550/3900 [===>..........................] - ETA: 3s - loss: 2.1338 - acc: 0.4255
 610/3900 [===>..........................] - ETA: 3s - loss: 2.1310 - acc: 0.4279
 670/3900 [====>.........................] - ETA: 3s - loss: 2.1267 - acc: 0.4313
 720/3900 [====>.........................] - ETA: 3s - loss: 2.1254 - acc: 0.4222
 780/3900 [=====>........................] - ETA: 3s - loss: 2.1187 - acc: 0.4269
 840/3900 [=====>........................] - ETA: 2s - loss: 2.1130 - acc: 0.4310
 900/3900 [=====>........................] - ETA: 2s - loss: 2.1092 - acc: 0.4289
 960/3900 [======>.......................] - ETA: 2s - loss: 2.1071 - acc: 0.4250
1020/3900 [======>.......................] - ETA: 2s - loss: 2.1009 - acc: 0.4225
1080/3900 [=======>......................] - ETA: 2s - loss: 2.0998 - acc: 0.4120
1140/3900 [=======>......................] - ETA: 2s - loss: 2.0994 - acc: 0.4105
1200/3900 [========>.....................] - ETA: 2s - loss: 2.0977 - acc: 0.4025
1260/3900 [========>.....................] - ETA: 2s - loss: 2.0951 - acc: 0.4008
1320/3900 [=========>....................] - ETA: 2s - loss: 2.0923 - acc: 0.4008
1380/3900 [=========>....................] - ETA: 2s - loss: 2.0897 - acc: 0.4007
1440/3900 [==========>...................] - ETA: 2s - loss: 2.0890 - acc: 0.3965
1500/3900 [==========>...................] - ETA: 2s - loss: 2.0855 - acc: 0.3980
1560/3900 [===========>..................] - ETA: 2s - loss: 2.0830 - acc: 0.3987
1620/3900 [===========>..................] - ETA: 2s - loss: 2.0796 - acc: 0.3969
1680/3900 [===========>..................] - ETA: 2s - loss: 2.0767 - acc: 0.3976
1740/3900 [============>.................] - ETA: 2s - loss: 2.0736 - acc: 0.4000
1800/3900 [============>.................] - ETA: 2s - loss: 2.0708 - acc: 0.4006
1860/3900 [=============>................] - ETA: 1s - loss: 2.0679 - acc: 0.4038
1920/3900 [=============>................] - ETA: 1s - loss: 2.0645 - acc: 0.4063
1980/3900 [==============>...............] - ETA: 1s - loss: 2.0616 - acc: 0.4051
2040/3900 [==============>...............] - ETA: 1s - loss: 2.0590 - acc: 0.4074
2100/3900 [===============>..............] - ETA: 1s - loss: 2.0568 - acc: 0.4062
2160/3900 [===============>..............] - ETA: 1s - loss: 2.0531 - acc: 0.4056
2220/3900 [================>.............] - ETA: 1s - loss: 2.0513 - acc: 0.4045
2280/3900 [================>.............] - ETA: 1s - loss: 2.0487 - acc: 0.4035
2340/3900 [=================>............] - ETA: 1s - loss: 2.0466 - acc: 0.4004
2400/3900 [=================>............] - ETA: 1s - loss: 2.0444 - acc: 0.3983
2460/3900 [=================>............] - ETA: 1s - loss: 2.0414 - acc: 0.4008
2520/3900 [==================>...........] - ETA: 1s - loss: 2.0401 - acc: 0.3988
2580/3900 [==================>...........] - ETA: 1s - loss: 2.0369 - acc: 0.4008
2640/3900 [===================>..........] - ETA: 1s - loss: 2.0346 - acc: 0.4011
2700/3900 [===================>..........] - ETA: 1s - loss: 2.0333 - acc: 0.4011
2760/3900 [====================>.........] - ETA: 1s - loss: 2.0296 - acc: 0.4033
2820/3900 [====================>.........] - ETA: 1s - loss: 2.0284 - acc: 0.4018
2880/3900 [=====================>........] - ETA: 0s - loss: 2.0265 - acc: 0.4031
2940/3900 [=====================>........] - ETA: 0s - loss: 2.0250 - acc: 0.4017
3000/3900 [======================>.......] - ETA: 0s - loss: 2.0214 - acc: 0.4043
3060/3900 [======================>.......] - ETA: 0s - loss: 2.0192 - acc: 0.4049
3120/3900 [=======================>......] - ETA: 0s - loss: 2.0174 - acc: 0.4038
3180/3900 [=======================>......] - ETA: 0s - loss: 2.0146 - acc: 0.4031
3240/3900 [=======================>......] - ETA: 0s - loss: 2.0120 - acc: 0.4046
3300/3900 [========================>.....] - ETA: 0s - loss: 2.0090 - acc: 0.4048
3360/3900 [========================>.....] - ETA: 0s - loss: 2.0055 - acc: 0.4063
3420/3900 [=========================>....] - ETA: 0s - loss: 2.0038 - acc: 0.4061
3480/3900 [=========================>....] - ETA: 0s - loss: 2.0003 - acc: 0.4095
3540/3900 [==========================>...] - ETA: 0s - loss: 1.9970 - acc: 0.4099
3600/3900 [==========================>...] - ETA: 0s - loss: 1.9945 - acc: 0.4103
3660/3900 [===========================>..] - ETA: 0s - loss: 1.9912 - acc: 0.4104
3720/3900 [===========================>..] - ETA: 0s - loss: 1.9887 - acc: 0.4102
3780/3900 [============================>.] - ETA: 0s - loss: 1.9861 - acc: 0.4116
3840/3900 [============================>.] - ETA: 0s - loss: 1.9839 - acc: 0.4112
3900/3900 [==============================] - 4s 971us/step - loss: 1.9821 - acc: 0.4126 - val_loss: 1.9496 - val_acc: 0.3333
Current time ....3.788
Train on 600 samples, validate on 86 samples
Epoch 1/1

 10/600 [..............................] - ETA: 0s - loss: 0.2982 - acc: 1.0000
 70/600 [==>...........................] - ETA: 0s - loss: 0.2696 - acc: 0.9857
130/600 [=====>........................] - ETA: 0s - loss: 0.2725 - acc: 0.9923
190/600 [========>.....................] - ETA: 0s - loss: 0.2622 - acc: 0.9895
250/600 [===========>..................] - ETA: 0s - loss: 0.2523 - acc: 0.9920
310/600 [==============>...............] - ETA: 0s - loss: 0.2469 - acc: 0.9871
370/600 [=================>............] - ETA: 0s - loss: 0.2398 - acc: 0.9892
430/600 [====================>.........] - ETA: 0s - loss: 0.2385 - acc: 0.9907
490/600 [=======================>......] - ETA: 0s - loss: 0.2352 - acc: 0.9898
550/600 [==========================>...] - ETA: 0s - loss: 0.2415 - acc: 0.9891
600/600 [==============================] - 1s 996us/step - loss: 0.2394 - acc: 0.9883 - val_loss: 0.3810 - val_acc: 0.9302
Current time ....0.598
Train on 1200 samples, validate on 68 samples
Epoch 1/1

  10/1200 [..............................] - ETA: 1s - loss: 0.8495 - acc: 0.7000
  70/1200 [>.............................] - ETA: 1s - loss: 0.7271 - acc: 0.7429
 130/1200 [==>...........................] - ETA: 1s - loss: 0.6930 - acc: 0.7692
 190/1200 [===>..........................] - ETA: 0s - loss: 0.6680 - acc: 0.7842
 250/1200 [=====>........................] - ETA: 0s - loss: 0.6712 - acc: 0.7760
 310/1200 [======>.......................] - ETA: 0s - loss: 0.6657 - acc: 0.7806
 370/1200 [========>.....................] - ETA: 0s - loss: 0.6582 - acc: 0.7919
 430/1200 [=========>....................] - ETA: 0s - loss: 0.6632 - acc: 0.7884
 490/1200 [===========>..................] - ETA: 0s - loss: 0.6542 - acc: 0.7898
 550/1200 [============>.................] - ETA: 0s - loss: 0.6527 - acc: 0.7945
 610/1200 [==============>...............] - ETA: 0s - loss: 0.6662 - acc: 0.7836
 670/1200 [===============>..............] - ETA: 0s - loss: 0.6679 - acc: 0.7791
 730/1200 [=================>............] - ETA: 0s - loss: 0.6616 - acc: 0.7781
 790/1200 [==================>...........] - ETA: 0s - loss: 0.6480 - acc: 0.7848
 850/1200 [====================>.........] - ETA: 0s - loss: 0.6483 - acc: 0.7859
 910/1200 [=====================>........] - ETA: 0s - loss: 0.6443 - acc: 0.7901
 970/1200 [=======================>......] - ETA: 0s - loss: 0.6417 - acc: 0.7918
1030/1200 [========================>.....] - ETA: 0s - loss: 0.6375 - acc: 0.7932
1090/1200 [==========================>...] - ETA: 0s - loss: 0.6308 - acc: 0.7963
1150/1200 [===========================>..] - ETA: 0s - loss: 0.6287 - acc: 0.7965
1200/1200 [==============================] - 1s 967us/step - loss: 0.6229 - acc: 0.8008 - val_loss: 0.8546 - val_acc: 0.6176
Current time ....1.161
Train on 3900 samples, validate on 99 samples
Epoch 1/1

  10/3900 [..............................] - ETA: 3s - loss: 1.7980 - acc: 0.6000
  70/3900 [..............................] - ETA: 3s - loss: 1.8377 - acc: 0.5571
 130/3900 [>.............................] - ETA: 3s - loss: 1.8612 - acc: 0.5077
 190/3900 [>.............................] - ETA: 3s - loss: 1.8346 - acc: 0.5263
 250/3900 [>.............................] - ETA: 3s - loss: 1.8363 - acc: 0.5200
 310/3900 [=>............................] - ETA: 3s - loss: 1.8283 - acc: 0.5323
 370/3900 [=>............................] - ETA: 3s - loss: 1.8328 - acc: 0.5135
 430/3900 [==>...........................] - ETA: 3s - loss: 1.8294 - acc: 0.5116
 490/3900 [==>...........................] - ETA: 3s - loss: 1.8311 - acc: 0.5102
 550/3900 [===>..........................] - ETA: 3s - loss: 1.8260 - acc: 0.5036
 610/3900 [===>..........................] - ETA: 3s - loss: 1.8222 - acc: 0.5049
 670/3900 [====>.........................] - ETA: 3s - loss: 1.8157 - acc: 0.5075
 730/3900 [====>.........................] - ETA: 3s - loss: 1.8206 - acc: 0.4945
 790/3900 [=====>........................] - ETA: 3s - loss: 1.8198 - acc: 0.4861
 850/3900 [=====>........................] - ETA: 2s - loss: 1.8213 - acc: 0.4753
 910/3900 [======>.......................] - ETA: 2s - loss: 1.8184 - acc: 0.4747
 970/3900 [======>.......................] - ETA: 2s - loss: 1.8158 - acc: 0.4753
1030/3900 [======>.......................] - ETA: 2s - loss: 1.8112 - acc: 0.4728
1090/3900 [=======>......................] - ETA: 2s - loss: 1.8065 - acc: 0.4743
1150/3900 [=======>......................] - ETA: 2s - loss: 1.8047 - acc: 0.4696
1210/3900 [========>.....................] - ETA: 2s - loss: 1.8021 - acc: 0.4719
1270/3900 [========>.....................] - ETA: 2s - loss: 1.8009 - acc: 0.4685
1330/3900 [=========>....................] - ETA: 2s - loss: 1.7970 - acc: 0.4669
1390/3900 [=========>....................] - ETA: 2s - loss: 1.7958 - acc: 0.4647
1450/3900 [==========>...................] - ETA: 2s - loss: 1.7917 - acc: 0.4697
1510/3900 [==========>...................] - ETA: 2s - loss: 1.7934 - acc: 0.4682
1570/3900 [===========>..................] - ETA: 2s - loss: 1.7901 - acc: 0.4726
1630/3900 [===========>..................] - ETA: 2s - loss: 1.7878 - acc: 0.4718
1690/3900 [============>.................] - ETA: 2s - loss: 1.7895 - acc: 0.4692
1750/3900 [============>.................] - ETA: 2s - loss: 1.7883 - acc: 0.4669
1810/3900 [============>.................] - ETA: 2s - loss: 1.7885 - acc: 0.4619
1870/3900 [=============>................] - ETA: 1s - loss: 1.7859 - acc: 0.4604
1930/3900 [=============>................] - ETA: 1s - loss: 1.7858 - acc: 0.4580
1990/3900 [==============>...............] - ETA: 1s - loss: 1.7836 - acc: 0.4613
2050/3900 [==============>...............] - ETA: 1s - loss: 1.7829 - acc: 0.4590
2110/3900 [===============>..............] - ETA: 1s - loss: 1.7817 - acc: 0.4559
2170/3900 [===============>..............] - ETA: 1s - loss: 1.7805 - acc: 0.4539
2230/3900 [================>.............] - ETA: 1s - loss: 1.7789 - acc: 0.4525
2290/3900 [================>.............] - ETA: 1s - loss: 1.7777 - acc: 0.4528
2350/3900 [=================>............] - ETA: 1s - loss: 1.7771 - acc: 0.4549
2410/3900 [=================>............] - ETA: 1s - loss: 1.7760 - acc: 0.4560
2470/3900 [==================>...........] - ETA: 1s - loss: 1.7750 - acc: 0.4547
2530/3900 [==================>...........] - ETA: 1s - loss: 1.7732 - acc: 0.4545
2590/3900 [==================>...........] - ETA: 1s - loss: 1.7715 - acc: 0.4583
2650/3900 [===================>..........] - ETA: 1s - loss: 1.7702 - acc: 0.4577
2710/3900 [===================>..........] - ETA: 1s - loss: 1.7685 - acc: 0.4576
2770/3900 [====================>.........] - ETA: 1s - loss: 1.7678 - acc: 0.4563
2830/3900 [====================>.........] - ETA: 1s - loss: 1.7658 - acc: 0.4562
2890/3900 [=====================>........] - ETA: 0s - loss: 1.7652 - acc: 0.4561
2950/3900 [=====================>........] - ETA: 0s - loss: 1.7632 - acc: 0.4553
3000/3900 [======================>.......] - ETA: 0s - loss: 1.7625 - acc: 0.4543
3060/3900 [======================>.......] - ETA: 0s - loss: 1.7613 - acc: 0.4542
3120/3900 [=======================>......] - ETA: 0s - loss: 1.7608 - acc: 0.4548
3180/3900 [=======================>......] - ETA: 0s - loss: 1.7602 - acc: 0.4550
3240/3900 [=======================>......] - ETA: 0s - loss: 1.7593 - acc: 0.4552
3300/3900 [========================>.....] - ETA: 0s - loss: 1.7587 - acc: 0.4542
3360/3900 [========================>.....] - ETA: 0s - loss: 1.7575 - acc: 0.4545
3420/3900 [=========================>....] - ETA: 0s - loss: 1.7576 - acc: 0.4538
3480/3900 [=========================>....] - ETA: 0s - loss: 1.7569 - acc: 0.4532
3540/3900 [==========================>...] - ETA: 0s - loss: 1.7558 - acc: 0.4542
3600/3900 [==========================>...] - ETA: 0s - loss: 1.7535 - acc: 0.4564
3660/3900 [===========================>..] - ETA: 0s - loss: 1.7517 - acc: 0.4557
3720/3900 [===========================>..] - ETA: 0s - loss: 1.7486 - acc: 0.4570
3780/3900 [============================>.] - ETA: 0s - loss: 1.7479 - acc: 0.4569
3840/3900 [============================>.] - ETA: 0s - loss: 1.7474 - acc: 0.4555
3900/3900 [==============================] - 4s 971us/step - loss: 1.7460 - acc: 0.4556 - val_loss: 1.8457 - val_acc: 0.2828
Current time ....3.785
Train on 600 samples, validate on 86 samples
Epoch 1/1

 10/600 [..............................] - ETA: 0s - loss: 0.1172 - acc: 1.0000
 70/600 [==>...........................] - ETA: 0s - loss: 0.1275 - acc: 1.0000
130/600 [=====>........................] - ETA: 0s - loss: 0.1507 - acc: 1.0000
190/600 [========>.....................] - ETA: 0s - loss: 0.1595 - acc: 0.9895
250/600 [===========>..................] - ETA: 0s - loss: 0.1503 - acc: 0.9920
310/600 [==============>...............] - ETA: 0s - loss: 0.1517 - acc: 0.9903
370/600 [=================>............] - ETA: 0s - loss: 0.1536 - acc: 0.9892
430/600 [====================>.........] - ETA: 0s - loss: 0.1534 - acc: 0.9860
490/600 [=======================>......] - ETA: 0s - loss: 0.1543 - acc: 0.9857
550/600 [==========================>...] - ETA: 0s - loss: 0.1613 - acc: 0.9836
600/600 [==============================] - 1s 999us/step - loss: 0.1574 - acc: 0.9850 - val_loss: 0.3792 - val_acc: 0.9302
Current time ....0.600
Train on 1200 samples, validate on 68 samples
Epoch 1/1

  10/1200 [..............................] - ETA: 1s - loss: 0.5134 - acc: 0.9000
  70/1200 [>.............................] - ETA: 1s - loss: 0.5412 - acc: 0.8571
 130/1200 [==>...........................] - ETA: 1s - loss: 0.5023 - acc: 0.8923
 190/1200 [===>..........................] - ETA: 0s - loss: 0.4850 - acc: 0.8789
 250/1200 [=====>........................] - ETA: 0s - loss: 0.4741 - acc: 0.8680
 310/1200 [======>.......................] - ETA: 0s - loss: 0.4832 - acc: 0.8581
 370/1200 [========>.....................] - ETA: 0s - loss: 0.4864 - acc: 0.8568
 430/1200 [=========>....................] - ETA: 0s - loss: 0.4906 - acc: 0.8605
 490/1200 [===========>..................] - ETA: 0s - loss: 0.4866 - acc: 0.8653
 550/1200 [============>.................] - ETA: 0s - loss: 0.4828 - acc: 0.8636
 610/1200 [==============>...............] - ETA: 0s - loss: 0.4774 - acc: 0.8639
 670/1200 [===============>..............] - ETA: 0s - loss: 0.4672 - acc: 0.8687
 730/1200 [=================>............] - ETA: 0s - loss: 0.4717 - acc: 0.8712
 790/1200 [==================>...........] - ETA: 0s - loss: 0.4694 - acc: 0.8684
 850/1200 [====================>.........] - ETA: 0s - loss: 0.4668 - acc: 0.8682
 910/1200 [=====================>........] - ETA: 0s - loss: 0.4625 - acc: 0.8714
 970/1200 [=======================>......] - ETA: 0s - loss: 0.4537 - acc: 0.8753
1030/1200 [========================>.....] - ETA: 0s - loss: 0.4559 - acc: 0.8718
1090/1200 [==========================>...] - ETA: 0s - loss: 0.4525 - acc: 0.8743
1150/1200 [===========================>..] - ETA: 0s - loss: 0.4538 - acc: 0.8739
1200/1200 [==============================] - 1s 970us/step - loss: 0.4537 - acc: 0.8725 - val_loss: 0.8537 - val_acc: 0.6471
Current time ....1.164
Train on 3900 samples, validate on 99 samples
Epoch 1/1

  10/3900 [..............................] - ETA: 3s - loss: 1.8097 - acc: 0.4000
  70/3900 [..............................] - ETA: 3s - loss: 1.6556 - acc: 0.4429
 130/3900 [>.............................] - ETA: 3s - loss: 1.6078 - acc: 0.5538
 190/3900 [>.............................] - ETA: 3s - loss: 1.6316 - acc: 0.5000
 250/3900 [>.............................] - ETA: 3s - loss: 1.6603 - acc: 0.4680
 310/3900 [=>............................] - ETA: 3s - loss: 1.6546 - acc: 0.4710
 370/3900 [=>............................] - ETA: 3s - loss: 1.6507 - acc: 0.4730
 430/3900 [==>...........................] - ETA: 3s - loss: 1.6469 - acc: 0.4628
 490/3900 [==>...........................] - ETA: 3s - loss: 1.6496 - acc: 0.4571
 550/3900 [===>..........................] - ETA: 3s - loss: 1.6446 - acc: 0.4727
 610/3900 [===>..........................] - ETA: 3s - loss: 1.6348 - acc: 0.4934
 670/3900 [====>.........................] - ETA: 3s - loss: 1.6298 - acc: 0.4940
 730/3900 [====>.........................] - ETA: 3s - loss: 1.6257 - acc: 0.4945
 790/3900 [=====>........................] - ETA: 2s - loss: 1.6209 - acc: 0.4949
 850/3900 [=====>........................] - ETA: 2s - loss: 1.6221 - acc: 0.4953
 910/3900 [======>.......................] - ETA: 2s - loss: 1.6171 - acc: 0.5000
 970/3900 [======>.......................] - ETA: 2s - loss: 1.6220 - acc: 0.4918
1030/3900 [======>.......................] - ETA: 2s - loss: 1.6165 - acc: 0.4942
1090/3900 [=======>......................] - ETA: 2s - loss: 1.6131 - acc: 0.5037
1150/3900 [=======>......................] - ETA: 2s - loss: 1.6207 - acc: 0.4939
1210/3900 [========>.....................] - ETA: 2s - loss: 1.6226 - acc: 0.4917
1270/3900 [========>.....................] - ETA: 2s - loss: 1.6171 - acc: 0.4961
1330/3900 [=========>....................] - ETA: 2s - loss: 1.6145 - acc: 0.4992
1390/3900 [=========>....................] - ETA: 2s - loss: 1.6127 - acc: 0.5007
1450/3900 [==========>...................] - ETA: 2s - loss: 1.6121 - acc: 0.5000
1510/3900 [==========>...................] - ETA: 2s - loss: 1.6108 - acc: 0.4987
1570/3900 [===========>..................] - ETA: 2s - loss: 1.6113 - acc: 0.4968
1630/3900 [===========>..................] - ETA: 2s - loss: 1.6049 - acc: 0.5012
1690/3900 [============>.................] - ETA: 2s - loss: 1.6051 - acc: 0.5024
1750/3900 [============>.................] - ETA: 2s - loss: 1.6044 - acc: 0.5029
1810/3900 [============>.................] - ETA: 2s - loss: 1.6067 - acc: 0.5022
1870/3900 [=============>................] - ETA: 1s - loss: 1.6069 - acc: 0.5027
1930/3900 [=============>................] - ETA: 1s - loss: 1.6062 - acc: 0.5021
1990/3900 [==============>...............] - ETA: 1s - loss: 1.6059 - acc: 0.5020
2050/3900 [==============>...............] - ETA: 1s - loss: 1.6031 - acc: 0.5029
2110/3900 [===============>..............] - ETA: 1s - loss: 1.6017 - acc: 0.5043
2170/3900 [===============>..............] - ETA: 1s - loss: 1.6019 - acc: 0.5018
2230/3900 [================>.............] - ETA: 1s - loss: 1.6000 - acc: 0.5009
2290/3900 [================>.............] - ETA: 1s - loss: 1.5991 - acc: 0.5009
2350/3900 [=================>............] - ETA: 1s - loss: 1.5963 - acc: 0.5030
2410/3900 [=================>............] - ETA: 1s - loss: 1.5924 - acc: 0.5062
2470/3900 [==================>...........] - ETA: 1s - loss: 1.5893 - acc: 0.5073
2530/3900 [==================>...........] - ETA: 1s - loss: 1.5868 - acc: 0.5087
2590/3900 [==================>...........] - ETA: 1s - loss: 1.5889 - acc: 0.5058
2650/3900 [===================>..........] - ETA: 1s - loss: 1.5872 - acc: 0.5060
2710/3900 [===================>..........] - ETA: 1s - loss: 1.5854 - acc: 0.5070
2770/3900 [====================>.........] - ETA: 1s - loss: 1.5840 - acc: 0.5079
2830/3900 [====================>.........] - ETA: 1s - loss: 1.5823 - acc: 0.5085
2890/3900 [=====================>........] - ETA: 0s - loss: 1.5806 - acc: 0.5083
2950/3900 [=====================>........] - ETA: 0s - loss: 1.5784 - acc: 0.5085
3010/3900 [======================>.......] - ETA: 0s - loss: 1.5763 - acc: 0.5100
3070/3900 [======================>.......] - ETA: 0s - loss: 1.5759 - acc: 0.5107
3130/3900 [=======================>......] - ETA: 0s - loss: 1.5739 - acc: 0.5115
3190/3900 [=======================>......] - ETA: 0s - loss: 1.5714 - acc: 0.5125
3240/3900 [=======================>......] - ETA: 0s - loss: 1.5699 - acc: 0.5136
3300/3900 [========================>.....] - ETA: 0s - loss: 1.5672 - acc: 0.5139
3360/3900 [========================>.....] - ETA: 0s - loss: 1.5655 - acc: 0.5152
3420/3900 [=========================>....] - ETA: 0s - loss: 1.5645 - acc: 0.5146
3480/3900 [=========================>....] - ETA: 0s - loss: 1.5648 - acc: 0.5147
3540/3900 [==========================>...] - ETA: 0s - loss: 1.5611 - acc: 0.5181
3600/3900 [==========================>...] - ETA: 0s - loss: 1.5582 - acc: 0.5194
3660/3900 [===========================>..] - ETA: 0s - loss: 1.5551 - acc: 0.5208
3720/3900 [===========================>..] - ETA: 0s - loss: 1.5548 - acc: 0.5199
3780/3900 [============================>.] - ETA: 0s - loss: 1.5528 - acc: 0.5193
3840/3900 [============================>.] - ETA: 0s - loss: 1.5520 - acc: 0.5190
3900/3900 [==============================] - 4s 967us/step - loss: 1.5490 - acc: 0.5200 - val_loss: 1.8056 - val_acc: 0.3232
Current time ....3.771
Train on 600 samples, validate on 86 samples
Epoch 1/1

 10/600 [..............................] - ETA: 0s - loss: 0.2757 - acc: 0.9000
 70/600 [==>...........................] - ETA: 0s - loss: 0.1370 - acc: 0.9714
130/600 [=====>........................] - ETA: 0s - loss: 0.1191 - acc: 0.9846
190/600 [========>.....................] - ETA: 0s - loss: 0.1319 - acc: 0.9842
250/600 [===========>..................] - ETA: 0s - loss: 0.1207 - acc: 0.9880
310/600 [==============>...............] - ETA: 0s - loss: 0.1233 - acc: 0.9839
370/600 [=================>............] - ETA: 0s - loss: 0.1193 - acc: 0.9838
430/600 [====================>.........] - ETA: 0s - loss: 0.1156 - acc: 0.9860
490/600 [=======================>......] - ETA: 0s - loss: 0.1116 - acc: 0.9878
550/600 [==========================>...] - ETA: 0s - loss: 0.1089 - acc: 0.9891
600/600 [==============================] - 1s 992us/step - loss: 0.1069 - acc: 0.9900 - val_loss: 0.3821 - val_acc: 0.9186
Current time ....0.596
Train on 1200 samples, validate on 68 samples
Epoch 1/1

  10/1200 [..............................] - ETA: 1s - loss: 0.4805 - acc: 0.8000
  70/1200 [>.............................] - ETA: 1s - loss: 0.4479 - acc: 0.9000
 130/1200 [==>...........................] - ETA: 1s - loss: 0.3923 - acc: 0.9154
 190/1200 [===>..........................] - ETA: 0s - loss: 0.3761 - acc: 0.9053
 250/1200 [=====>........................] - ETA: 0s - loss: 0.3719 - acc: 0.9040
 310/1200 [======>.......................] - ETA: 0s - loss: 0.3572 - acc: 0.9194
 370/1200 [========>.....................] - ETA: 0s - loss: 0.3546 - acc: 0.9216
 430/1200 [=========>....................] - ETA: 0s - loss: 0.3468 - acc: 0.9279
 480/1200 [===========>..................] - ETA: 0s - loss: 0.3476 - acc: 0.9250
 540/1200 [============>.................] - ETA: 0s - loss: 0.3463 - acc: 0.9222
 600/1200 [==============>...............] - ETA: 0s - loss: 0.3501 - acc: 0.9167
 660/1200 [===============>..............] - ETA: 0s - loss: 0.3495 - acc: 0.9152
 720/1200 [=================>............] - ETA: 0s - loss: 0.3411 - acc: 0.9194
 780/1200 [==================>...........] - ETA: 0s - loss: 0.3342 - acc: 0.9244
 840/1200 [====================>.........] - ETA: 0s - loss: 0.3346 - acc: 0.9226
 900/1200 [=====================>........] - ETA: 0s - loss: 0.3341 - acc: 0.9222
 960/1200 [=======================>......] - ETA: 0s - loss: 0.3330 - acc: 0.9208
1020/1200 [========================>.....] - ETA: 0s - loss: 0.3326 - acc: 0.9206
1080/1200 [==========================>...] - ETA: 0s - loss: 0.3292 - acc: 0.9241
1140/1200 [===========================>..] - ETA: 0s - loss: 0.3266 - acc: 0.9237
1200/1200 [==============================] - 1s 972us/step - loss: 0.3248 - acc: 0.9242 - val_loss: 0.7476 - val_acc: 0.6471
Current time ....1.167
Train on 3900 samples, validate on 99 samples
Epoch 1/1

  10/3900 [..............................] - ETA: 3s - loss: 1.3673 - acc: 0.5000
  70/3900 [..............................] - ETA: 3s - loss: 1.4094 - acc: 0.5429
 130/3900 [>.............................] - ETA: 3s - loss: 1.3976 - acc: 0.5692
 190/3900 [>.............................] - ETA: 3s - loss: 1.4330 - acc: 0.5421
 250/3900 [>.............................] - ETA: 3s - loss: 1.4538 - acc: 0.5360
 310/3900 [=>............................] - ETA: 3s - loss: 1.4394 - acc: 0.5484
 370/3900 [=>............................] - ETA: 3s - loss: 1.4365 - acc: 0.5541
 430/3900 [==>...........................] - ETA: 3s - loss: 1.4439 - acc: 0.5535
 490/3900 [==>...........................] - ETA: 3s - loss: 1.4485 - acc: 0.5408
 550/3900 [===>..........................] - ETA: 3s - loss: 1.4296 - acc: 0.5600
 610/3900 [===>..........................] - ETA: 3s - loss: 1.4207 - acc: 0.5721
 670/3900 [====>.........................] - ETA: 3s - loss: 1.4055 - acc: 0.5746
 730/3900 [====>.........................] - ETA: 3s - loss: 1.4030 - acc: 0.5767
 790/3900 [=====>........................] - ETA: 2s - loss: 1.3981 - acc: 0.5810
 850/3900 [=====>........................] - ETA: 2s - loss: 1.3985 - acc: 0.5800
 910/3900 [======>.......................] - ETA: 2s - loss: 1.3980 - acc: 0.5824
 970/3900 [======>.......................] - ETA: 2s - loss: 1.3983 - acc: 0.5845
1030/3900 [======>.......................] - ETA: 2s - loss: 1.3918 - acc: 0.5883
1090/3900 [=======>......................] - ETA: 2s - loss: 1.3913 - acc: 0.5899
1150/3900 [=======>......................] - ETA: 2s - loss: 1.3828 - acc: 0.5904
1210/3900 [========>.....................] - ETA: 2s - loss: 1.3874 - acc: 0.5860
1270/3900 [========>.....................] - ETA: 2s - loss: 1.3843 - acc: 0.5882
1330/3900 [=========>....................] - ETA: 2s - loss: 1.3831 - acc: 0.5887
1390/3900 [=========>....................] - ETA: 2s - loss: 1.3869 - acc: 0.5849
1450/3900 [==========>...................] - ETA: 2s - loss: 1.3806 - acc: 0.5841
1510/3900 [==========>...................] - ETA: 2s - loss: 1.3803 - acc: 0.5861
1570/3900 [===========>..................] - ETA: 2s - loss: 1.3803 - acc: 0.5854
1630/3900 [===========>..................] - ETA: 2s - loss: 1.3799 - acc: 0.5871
1690/3900 [============>.................] - ETA: 2s - loss: 1.3800 - acc: 0.5858
1750/3900 [============>.................] - ETA: 2s - loss: 1.3737 - acc: 0.5869
1810/3900 [============>.................] - ETA: 2s - loss: 1.3705 - acc: 0.5878
1870/3900 [=============>................] - ETA: 1s - loss: 1.3742 - acc: 0.5856
1930/3900 [=============>................] - ETA: 1s - loss: 1.3764 - acc: 0.5850
1990/3900 [==============>...............] - ETA: 1s - loss: 1.3758 - acc: 0.5854
2050/3900 [==============>...............] - ETA: 1s - loss: 1.3730 - acc: 0.5859
2110/3900 [===============>..............] - ETA: 1s - loss: 1.3708 - acc: 0.5863
2160/3900 [===============>..............] - ETA: 1s - loss: 1.3693 - acc: 0.5861
2220/3900 [================>.............] - ETA: 1s - loss: 1.3666 - acc: 0.5833
2280/3900 [================>.............] - ETA: 1s - loss: 1.3670 - acc: 0.5816
2340/3900 [=================>............] - ETA: 1s - loss: 1.3648 - acc: 0.5808
2400/3900 [=================>............] - ETA: 1s - loss: 1.3624 - acc: 0.5821
2460/3900 [=================>............] - ETA: 1s - loss: 1.3613 - acc: 0.5813
2520/3900 [==================>...........] - ETA: 1s - loss: 1.3590 - acc: 0.5837
2580/3900 [==================>...........] - ETA: 1s - loss: 1.3558 - acc: 0.5849
2640/3900 [===================>..........] - ETA: 1s - loss: 1.3537 - acc: 0.5848
2700/3900 [===================>..........] - ETA: 1s - loss: 1.3509 - acc: 0.5852
2760/3900 [====================>.........] - ETA: 1s - loss: 1.3484 - acc: 0.5859
2820/3900 [====================>.........] - ETA: 1s - loss: 1.3464 - acc: 0.5876
2880/3900 [=====================>........] - ETA: 0s - loss: 1.3454 - acc: 0.5882
2940/3900 [=====================>........] - ETA: 0s - loss: 1.3464 - acc: 0.5871
3000/3900 [======================>.......] - ETA: 0s - loss: 1.3443 - acc: 0.5870
3060/3900 [======================>.......] - ETA: 0s - loss: 1.3416 - acc: 0.5879
3120/3900 [=======================>......] - ETA: 0s - loss: 1.3399 - acc: 0.5878
3180/3900 [=======================>......] - ETA: 0s - loss: 1.3401 - acc: 0.5871
3240/3900 [=======================>......] - ETA: 0s - loss: 1.3393 - acc: 0.5873
3300/3900 [========================>.....] - ETA: 0s - loss: 1.3380 - acc: 0.5882
3360/3900 [========================>.....] - ETA: 0s - loss: 1.3352 - acc: 0.5890
3420/3900 [=========================>....] - ETA: 0s - loss: 1.3357 - acc: 0.5883
3480/3900 [=========================>....] - ETA: 0s - loss: 1.3325 - acc: 0.5894
3540/3900 [==========================>...] - ETA: 0s - loss: 1.3323 - acc: 0.5887
3600/3900 [==========================>...] - ETA: 0s - loss: 1.3333 - acc: 0.5883
3660/3900 [===========================>..] - ETA: 0s - loss: 1.3328 - acc: 0.5872
3720/3900 [===========================>..] - ETA: 0s - loss: 1.3307 - acc: 0.5860
3780/3900 [============================>.] - ETA: 0s - loss: 1.3266 - acc: 0.5884
3840/3900 [============================>.] - ETA: 0s - loss: 1.3219 - acc: 0.5919
3900/3900 [==============================] - 4s 967us/step - loss: 1.3163 - acc: 0.5951 - val_loss: 1.7938 - val_acc: 0.3131
Current time ....3.773
Train on 600 samples, validate on 86 samples
Epoch 1/1

 10/600 [..............................] - ETA: 0s - loss: 0.0828 - acc: 1.0000
 60/600 [==>...........................] - ETA: 0s - loss: 0.0655 - acc: 1.0000
120/600 [=====>........................] - ETA: 0s - loss: 0.0665 - acc: 1.0000
180/600 [========>.....................] - ETA: 0s - loss: 0.0752 - acc: 0.9889
240/600 [===========>..................] - ETA: 0s - loss: 0.0710 - acc: 0.9917
300/600 [==============>...............] - ETA: 0s - loss: 0.0660 - acc: 0.9933
360/600 [=================>............] - ETA: 0s - loss: 0.0701 - acc: 0.9944
420/600 [====================>.........] - ETA: 0s - loss: 0.0721 - acc: 0.9929
480/600 [=======================>......] - ETA: 0s - loss: 0.0717 - acc: 0.9937
540/600 [==========================>...] - ETA: 0s - loss: 0.0736 - acc: 0.9926
600/600 [==============================] - 1s 992us/step - loss: 0.0759 - acc: 0.9917 - val_loss: 0.4202 - val_acc: 0.9302
Current time ....0.596
Train on 1200 samples, validate on 68 samples
Epoch 1/1

  10/1200 [..............................] - ETA: 1s - loss: 0.1695 - acc: 1.0000
  70/1200 [>.............................] - ETA: 1s - loss: 0.2411 - acc: 0.9714
 130/1200 [==>...........................] - ETA: 1s - loss: 0.2379 - acc: 0.9692
 190/1200 [===>..........................] - ETA: 0s - loss: 0.2320 - acc: 0.9737
 250/1200 [=====>........................] - ETA: 0s - loss: 0.2333 - acc: 0.9720
 300/1200 [======>.......................] - ETA: 0s - loss: 0.2597 - acc: 0.9533
 360/1200 [========>.....................] - ETA: 0s - loss: 0.2438 - acc: 0.9583
 420/1200 [=========>....................] - ETA: 0s - loss: 0.2431 - acc: 0.9571
 480/1200 [===========>..................] - ETA: 0s - loss: 0.2379 - acc: 0.9583
 540/1200 [============>.................] - ETA: 0s - loss: 0.2329 - acc: 0.9630
 600/1200 [==============>...............] - ETA: 0s - loss: 0.2315 - acc: 0.9633
 660/1200 [===============>..............] - ETA: 0s - loss: 0.2312 - acc: 0.9621
 720/1200 [=================>............] - ETA: 0s - loss: 0.2311 - acc: 0.9611
 780/1200 [==================>...........] - ETA: 0s - loss: 0.2325 - acc: 0.9564
 840/1200 [====================>.........] - ETA: 0s - loss: 0.2301 - acc: 0.9560
 900/1200 [=====================>........] - ETA: 0s - loss: 0.2300 - acc: 0.9567
 960/1200 [=======================>......] - ETA: 0s - loss: 0.2278 - acc: 0.9562
1020/1200 [========================>.....] - ETA: 0s - loss: 0.2254 - acc: 0.9578
1080/1200 [==========================>...] - ETA: 0s - loss: 0.2235 - acc: 0.9574
1140/1200 [===========================>..] - ETA: 0s - loss: 0.2227 - acc: 0.9588
1200/1200 [==============================] - 1s 972us/step - loss: 0.2261 - acc: 0.9558 - val_loss: 0.8478 - val_acc: 0.6765
Current time ....1.166
Train on 3900 samples, validate on 99 samples
Epoch 1/1

  10/3900 [..............................] - ETA: 3s - loss: 1.2448 - acc: 0.6000
  70/3900 [..............................] - ETA: 3s - loss: 1.2204 - acc: 0.6857
 130/3900 [>.............................] - ETA: 3s - loss: 1.1196 - acc: 0.7308
 190/3900 [>.............................] - ETA: 3s - loss: 1.1509 - acc: 0.6737
 250/3900 [>.............................] - ETA: 3s - loss: 1.1632 - acc: 0.6680
 310/3900 [=>............................] - ETA: 3s - loss: 1.1782 - acc: 0.6581
 370/3900 [=>............................] - ETA: 3s - loss: 1.1763 - acc: 0.6568
 430/3900 [==>...........................] - ETA: 3s - loss: 1.1688 - acc: 0.6558
 490/3900 [==>...........................] - ETA: 3s - loss: 1.1682 - acc: 0.6531
 550/3900 [===>..........................] - ETA: 3s - loss: 1.1800 - acc: 0.6400
 610/3900 [===>..........................] - ETA: 3s - loss: 1.1887 - acc: 0.6262
 670/3900 [====>.........................] - ETA: 3s - loss: 1.1882 - acc: 0.6254
 730/3900 [====>.........................] - ETA: 3s - loss: 1.1889 - acc: 0.6233
 790/3900 [=====>........................] - ETA: 2s - loss: 1.1869 - acc: 0.6253
 850/3900 [=====>........................] - ETA: 2s - loss: 1.1775 - acc: 0.6329
 910/3900 [======>.......................] - ETA: 2s - loss: 1.1752 - acc: 0.6341
 970/3900 [======>.......................] - ETA: 2s - loss: 1.1791 - acc: 0.6289
1030/3900 [======>.......................] - ETA: 2s - loss: 1.1885 - acc: 0.6252
1090/3900 [=======>......................] - ETA: 2s - loss: 1.1865 - acc: 0.6239
1150/3900 [=======>......................] - ETA: 2s - loss: 1.1865 - acc: 0.6261
1210/3900 [========>.....................] - ETA: 2s - loss: 1.1828 - acc: 0.6273
1270/3900 [========>.....................] - ETA: 2s - loss: 1.1862 - acc: 0.6260
1330/3900 [=========>....................] - ETA: 2s - loss: 1.1829 - acc: 0.6278
1390/3900 [=========>....................] - ETA: 2s - loss: 1.1809 - acc: 0.6281
1440/3900 [==========>...................] - ETA: 2s - loss: 1.1820 - acc: 0.6285
1490/3900 [==========>...................] - ETA: 2s - loss: 1.1805 - acc: 0.6295
1550/3900 [==========>...................] - ETA: 2s - loss: 1.1786 - acc: 0.6310
1610/3900 [===========>..................] - ETA: 2s - loss: 1.1770 - acc: 0.6311
1670/3900 [===========>..................] - ETA: 2s - loss: 1.1772 - acc: 0.6305
1730/3900 [============>.................] - ETA: 2s - loss: 1.1760 - acc: 0.6289
1790/3900 [============>.................] - ETA: 2s - loss: 1.1754 - acc: 0.6279
1850/3900 [=============>................] - ETA: 1s - loss: 1.1699 - acc: 0.6297
1910/3900 [=============>................] - ETA: 1s - loss: 1.1661 - acc: 0.6314
1970/3900 [==============>...............] - ETA: 1s - loss: 1.1651 - acc: 0.6299
2030/3900 [==============>...............] - ETA: 1s - loss: 1.1596 - acc: 0.6345
2090/3900 [===============>..............] - ETA: 1s - loss: 1.1564 - acc: 0.6349
2150/3900 [===============>..............] - ETA: 1s - loss: 1.1498 - acc: 0.6372
2210/3900 [================>.............] - ETA: 1s - loss: 1.1470 - acc: 0.6412
2270/3900 [================>.............] - ETA: 1s - loss: 1.1414 - acc: 0.6432
2330/3900 [================>.............] - ETA: 1s - loss: 1.1380 - acc: 0.6442
2390/3900 [=================>............] - ETA: 1s - loss: 1.1393 - acc: 0.6427
2450/3900 [=================>............] - ETA: 1s - loss: 1.1358 - acc: 0.6437
2510/3900 [==================>...........] - ETA: 1s - loss: 1.1327 - acc: 0.6454
2570/3900 [==================>...........] - ETA: 1s - loss: 1.1283 - acc: 0.6475
2630/3900 [===================>..........] - ETA: 1s - loss: 1.1246 - acc: 0.6487
2690/3900 [===================>..........] - ETA: 1s - loss: 1.1251 - acc: 0.6472
2750/3900 [====================>.........] - ETA: 1s - loss: 1.1217 - acc: 0.6484
2810/3900 [====================>.........] - ETA: 1s - loss: 1.1205 - acc: 0.6498
2870/3900 [=====================>........] - ETA: 0s - loss: 1.1177 - acc: 0.6512
2930/3900 [=====================>........] - ETA: 0s - loss: 1.1161 - acc: 0.6512
2990/3900 [======================>.......] - ETA: 0s - loss: 1.1155 - acc: 0.6502
3050/3900 [======================>.......] - ETA: 0s - loss: 1.1120 - acc: 0.6528
3110/3900 [======================>.......] - ETA: 0s - loss: 1.1092 - acc: 0.6537
3170/3900 [=======================>......] - ETA: 0s - loss: 1.1053 - acc: 0.6558
3230/3900 [=======================>......] - ETA: 0s - loss: 1.1034 - acc: 0.6560
3290/3900 [========================>.....] - ETA: 0s - loss: 1.1025 - acc: 0.6565
3350/3900 [========================>.....] - ETA: 0s - loss: 1.1009 - acc: 0.6567
3400/3900 [=========================>....] - ETA: 0s - loss: 1.0997 - acc: 0.6559
3460/3900 [=========================>....] - ETA: 0s - loss: 1.0984 - acc: 0.6564
3520/3900 [==========================>...] - ETA: 0s - loss: 1.0985 - acc: 0.6560
3570/3900 [==========================>...] - ETA: 0s - loss: 1.0974 - acc: 0.6552
3630/3900 [==========================>...] - ETA: 0s - loss: 1.0969 - acc: 0.6543
3690/3900 [===========================>..] - ETA: 0s - loss: 1.0958 - acc: 0.6550
3750/3900 [===========================>..] - ETA: 0s - loss: 1.0970 - acc: 0.6544
3800/3900 [============================>.] - ETA: 0s - loss: 1.0947 - acc: 0.6542
3860/3900 [============================>.] - ETA: 0s - loss: 1.0929 - acc: 0.6554
3900/3900 [==============================] - 4s 970us/step - loss: 1.0912 - acc: 0.6556 - val_loss: 1.7972 - val_acc: 0.3333
Current time ....3.782
Train on 600 samples, validate on 86 samples
Epoch 1/1

 10/600 [..............................] - ETA: 0s - loss: 0.1328 - acc: 1.0000
 70/600 [==>...........................] - ETA: 0s - loss: 0.0656 - acc: 1.0000
130/600 [=====>........................] - ETA: 0s - loss: 0.0606 - acc: 0.9923
190/600 [========>.....................] - ETA: 0s - loss: 0.0597 - acc: 0.9947
250/600 [===========>..................] - ETA: 0s - loss: 0.0599 - acc: 0.9960
310/600 [==============>...............] - ETA: 0s - loss: 0.0609 - acc: 0.9935
370/600 [=================>............] - ETA: 0s - loss: 0.0604 - acc: 0.9946
430/600 [====================>.........] - ETA: 0s - loss: 0.0592 - acc: 0.9953
490/600 [=======================>......] - ETA: 0s - loss: 0.0580 - acc: 0.9959
550/600 [==========================>...] - ETA: 0s - loss: 0.0582 - acc: 0.9945
600/600 [==============================] - 1s 985us/step - loss: 0.0563 - acc: 0.9950 - val_loss: 0.4278 - val_acc: 0.9186
Current time ....0.591
Train on 1200 samples, validate on 68 samples
Epoch 1/1

  10/1200 [..............................] - ETA: 1s - loss: 0.1131 - acc: 1.0000
  70/1200 [>.............................] - ETA: 1s - loss: 0.1568 - acc: 0.9857
 130/1200 [==>...........................] - ETA: 1s - loss: 0.1454 - acc: 0.9923
 190/1200 [===>..........................] - ETA: 0s - loss: 0.1377 - acc: 0.9947
 250/1200 [=====>........................] - ETA: 0s - loss: 0.1520 - acc: 0.9840
 310/1200 [======>.......................] - ETA: 0s - loss: 0.1590 - acc: 0.9839
 370/1200 [========>.....................] - ETA: 0s - loss: 0.1723 - acc: 0.9784
 430/1200 [=========>....................] - ETA: 0s - loss: 0.1697 - acc: 0.9767
 490/1200 [===========>..................] - ETA: 0s - loss: 0.1662 - acc: 0.9776
 550/1200 [============>.................] - ETA: 0s - loss: 0.1731 - acc: 0.9691
 610/1200 [==============>...............] - ETA: 0s - loss: 0.1762 - acc: 0.9689
 670/1200 [===============>..............] - ETA: 0s - loss: 0.1710 - acc: 0.9701
 730/1200 [=================>............] - ETA: 0s - loss: 0.1797 - acc: 0.9644
 790/1200 [==================>...........] - ETA: 0s - loss: 0.1799 - acc: 0.9620
 850/1200 [====================>.........] - ETA: 0s - loss: 0.1857 - acc: 0.9600
 910/1200 [=====================>........] - ETA: 0s - loss: 0.1831 - acc: 0.9626
 970/1200 [=======================>......] - ETA: 0s - loss: 0.1798 - acc: 0.9639
1030/1200 [========================>.....] - ETA: 0s - loss: 0.1809 - acc: 0.9631
1090/1200 [==========================>...] - ETA: 0s - loss: 0.1799 - acc: 0.9624
1150/1200 [===========================>..] - ETA: 0s - loss: 0.1768 - acc: 0.9643
1200/1200 [==============================] - 1s 968us/step - loss: 0.1757 - acc: 0.9642 - val_loss: 0.9882 - val_acc: 0.6912
Current time ....1.162
Train on 3900 samples, validate on 99 samples
Epoch 1/1

  10/3900 [..............................] - ETA: 3s - loss: 0.9765 - acc: 0.7000
  70/3900 [..............................] - ETA: 3s - loss: 1.0105 - acc: 0.7429
 130/3900 [>.............................] - ETA: 3s - loss: 0.9447 - acc: 0.7385
 190/3900 [>.............................] - ETA: 3s - loss: 0.9570 - acc: 0.7158
 250/3900 [>.............................] - ETA: 3s - loss: 0.9582 - acc: 0.7160
 310/3900 [=>............................] - ETA: 3s - loss: 0.9538 - acc: 0.7290
 370/3900 [=>............................] - ETA: 3s - loss: 0.9419 - acc: 0.7243
 430/3900 [==>...........................] - ETA: 3s - loss: 0.9293 - acc: 0.7326
 490/3900 [==>...........................] - ETA: 3s - loss: 0.9126 - acc: 0.7347
 550/3900 [===>..........................] - ETA: 3s - loss: 0.9147 - acc: 0.7255
 610/3900 [===>..........................] - ETA: 3s - loss: 0.9161 - acc: 0.7213
 670/3900 [====>.........................] - ETA: 3s - loss: 0.9152 - acc: 0.7194
 730/3900 [====>.........................] - ETA: 3s - loss: 0.9303 - acc: 0.7110
 790/3900 [=====>........................] - ETA: 2s - loss: 0.9377 - acc: 0.7038
 850/3900 [=====>........................] - ETA: 2s - loss: 0.9441 - acc: 0.6988
 910/3900 [======>.......................] - ETA: 2s - loss: 0.9429 - acc: 0.6978
 970/3900 [======>.......................] - ETA: 2s - loss: 0.9368 - acc: 0.7000
1030/3900 [======>.......................] - ETA: 2s - loss: 0.9421 - acc: 0.7000
1090/3900 [=======>......................] - ETA: 2s - loss: 0.9376 - acc: 0.7018
1150/3900 [=======>......................] - ETA: 2s - loss: 0.9290 - acc: 0.7096
1210/3900 [========>.....................] - ETA: 2s - loss: 0.9306 - acc: 0.7074
1270/3900 [========>.....................] - ETA: 2s - loss: 0.9375 - acc: 0.7047
1330/3900 [=========>....................] - ETA: 2s - loss: 0.9397 - acc: 0.7068
1390/3900 [=========>....................] - ETA: 2s - loss: 0.9342 - acc: 0.7072
1450/3900 [==========>...................] - ETA: 2s - loss: 0.9324 - acc: 0.7090
1510/3900 [==========>...................] - ETA: 2s - loss: 0.9362 - acc: 0.7086
1570/3900 [===========>..................] - ETA: 2s - loss: 0.9375 - acc: 0.7102
1630/3900 [===========>..................] - ETA: 2s - loss: 0.9356 - acc: 0.7123
1690/3900 [============>.................] - ETA: 2s - loss: 0.9349 - acc: 0.7124
1740/3900 [============>.................] - ETA: 2s - loss: 0.9355 - acc: 0.7121
1800/3900 [============>.................] - ETA: 2s - loss: 0.9310 - acc: 0.7144
1860/3900 [=============>................] - ETA: 1s - loss: 0.9288 - acc: 0.7129
1920/3900 [=============>................] - ETA: 1s - loss: 0.9276 - acc: 0.7109
1980/3900 [==============>...............] - ETA: 1s - loss: 0.9285 - acc: 0.7101
2040/3900 [==============>...............] - ETA: 1s - loss: 0.9294 - acc: 0.7083
2100/3900 [===============>..............] - ETA: 1s - loss: 0.9301 - acc: 0.7090
2160/3900 [===============>..............] - ETA: 1s - loss: 0.9306 - acc: 0.7088
2220/3900 [================>.............] - ETA: 1s - loss: 0.9303 - acc: 0.7090
2280/3900 [================>.............] - ETA: 1s - loss: 0.9296 - acc: 0.7088
2340/3900 [=================>............] - ETA: 1s - loss: 0.9264 - acc: 0.7103
2400/3900 [=================>............] - ETA: 1s - loss: 0.9235 - acc: 0.7125
2460/3900 [=================>............] - ETA: 1s - loss: 0.9239 - acc: 0.7110
2520/3900 [==================>...........] - ETA: 1s - loss: 0.9203 - acc: 0.7123
2580/3900 [==================>...........] - ETA: 1s - loss: 0.9187 - acc: 0.7128
2640/3900 [===================>..........] - ETA: 1s - loss: 0.9187 - acc: 0.7121
2700/3900 [===================>..........] - ETA: 1s - loss: 0.9154 - acc: 0.7141
2760/3900 [====================>.........] - ETA: 1s - loss: 0.9128 - acc: 0.7152
2820/3900 [====================>.........] - ETA: 1s - loss: 0.9115 - acc: 0.7156
2880/3900 [=====================>........] - ETA: 0s - loss: 0.9134 - acc: 0.7149
2940/3900 [=====================>........] - ETA: 0s - loss: 0.9134 - acc: 0.7136
3000/3900 [======================>.......] - ETA: 0s - loss: 0.9130 - acc: 0.7140
3060/3900 [======================>.......] - ETA: 0s - loss: 0.9103 - acc: 0.7154
3120/3900 [=======================>......] - ETA: 0s - loss: 0.9090 - acc: 0.7154
3170/3900 [=======================>......] - ETA: 0s - loss: 0.9109 - acc: 0.7145
3230/3900 [=======================>......] - ETA: 0s - loss: 0.9086 - acc: 0.7155
3290/3900 [========================>.....] - ETA: 0s - loss: 0.9065 - acc: 0.7167
3340/3900 [========================>.....] - ETA: 0s - loss: 0.9033 - acc: 0.7177
3400/3900 [=========================>....] - ETA: 0s - loss: 0.8998 - acc: 0.7191
3460/3900 [=========================>....] - ETA: 0s - loss: 0.8989 - acc: 0.7188
3520/3900 [==========================>...] - ETA: 0s - loss: 0.8993 - acc: 0.7185
3580/3900 [==========================>...] - ETA: 0s - loss: 0.8966 - acc: 0.7184
3640/3900 [===========================>..] - ETA: 0s - loss: 0.8992 - acc: 0.7168
3700/3900 [===========================>..] - ETA: 0s - loss: 0.8994 - acc: 0.7165
3750/3900 [===========================>..] - ETA: 0s - loss: 0.9000 - acc: 0.7155
3810/3900 [============================>.] - ETA: 0s - loss: 0.8971 - acc: 0.7163
3870/3900 [============================>.] - ETA: 0s - loss: 0.8948 - acc: 0.7173
3900/3900 [==============================] - 4s 968us/step - loss: 0.8937 - acc: 0.7179 - val_loss: 1.5782 - val_acc: 0.4444
Current time ....3.776
Train on 600 samples, validate on 86 samples
Epoch 1/1

 10/600 [..............................] - ETA: 0s - loss: 0.0173 - acc: 1.0000
 70/600 [==>...........................] - ETA: 0s - loss: 0.0454 - acc: 1.0000
120/600 [=====>........................] - ETA: 0s - loss: 0.0525 - acc: 0.9917
180/600 [========>.....................] - ETA: 0s - loss: 0.0508 - acc: 0.9944
240/600 [===========>..................] - ETA: 0s - loss: 0.0530 - acc: 0.9917
300/600 [==============>...............] - ETA: 0s - loss: 0.0485 - acc: 0.9933
360/600 [=================>............] - ETA: 0s - loss: 0.0478 - acc: 0.9944
420/600 [====================>.........] - ETA: 0s - loss: 0.0485 - acc: 0.9952
480/600 [=======================>......] - ETA: 0s - loss: 0.0473 - acc: 0.9958
540/600 [==========================>...] - ETA: 0s - loss: 0.0457 - acc: 0.9963
600/600 [==============================] - 1s 998us/step - loss: 0.0443 - acc: 0.9967 - val_loss: 0.4235 - val_acc: 0.9186
Current time ....0.599
Train on 1200 samples, validate on 68 samples
Epoch 1/1

  10/1200 [..............................] - ETA: 1s - loss: 0.1914 - acc: 1.0000
  70/1200 [>.............................] - ETA: 1s - loss: 0.1530 - acc: 1.0000
 130/1200 [==>...........................] - ETA: 1s - loss: 0.1370 - acc: 1.0000
 190/1200 [===>..........................] - ETA: 0s - loss: 0.1206 - acc: 1.0000
 250/1200 [=====>........................] - ETA: 0s - loss: 0.1286 - acc: 0.9960
 310/1200 [======>.......................] - ETA: 0s - loss: 0.1228 - acc: 0.9968
 370/1200 [========>.....................] - ETA: 0s - loss: 0.1232 - acc: 0.9946
 430/1200 [=========>....................] - ETA: 0s - loss: 0.1218 - acc: 0.9930
 490/1200 [===========>..................] - ETA: 0s - loss: 0.1181 - acc: 0.9939
 550/1200 [============>.................] - ETA: 0s - loss: 0.1148 - acc: 0.9945
 610/1200 [==============>...............] - ETA: 0s - loss: 0.1198 - acc: 0.9918
 670/1200 [===============>..............] - ETA: 0s - loss: 0.1194 - acc: 0.9910
 730/1200 [=================>............] - ETA: 0s - loss: 0.1149 - acc: 0.9918
 790/1200 [==================>...........] - ETA: 0s - loss: 0.1166 - acc: 0.9911
 850/1200 [====================>.........] - ETA: 0s - loss: 0.1171 - acc: 0.9894
 910/1200 [=====================>........] - ETA: 0s - loss: 0.1181 - acc: 0.9890
 970/1200 [=======================>......] - ETA: 0s - loss: 0.1178 - acc: 0.9897
1030/1200 [========================>.....] - ETA: 0s - loss: 0.1187 - acc: 0.9883
1090/1200 [==========================>...] - ETA: 0s - loss: 0.1172 - acc: 0.9890
1150/1200 [===========================>..] - ETA: 0s - loss: 0.1192 - acc: 0.9861
1200/1200 [==============================] - 1s 965us/step - loss: 0.1184 - acc: 0.9867 - val_loss: 0.9480 - val_acc: 0.7059
Current time ....1.159
Train on 3900 samples, validate on 99 samples
Epoch 1/1

  10/3900 [..............................] - ETA: 4s - loss: 0.8096 - acc: 0.6000
  70/3900 [..............................] - ETA: 3s - loss: 0.8880 - acc: 0.7429
 130/3900 [>.............................] - ETA: 3s - loss: 0.8748 - acc: 0.7154
 180/3900 [>.............................] - ETA: 3s - loss: 0.8671 - acc: 0.7056
 240/3900 [>.............................] - ETA: 3s - loss: 0.8509 - acc: 0.7292
 300/3900 [=>............................] - ETA: 3s - loss: 0.8521 - acc: 0.7200
 360/3900 [=>............................] - ETA: 3s - loss: 0.8529 - acc: 0.7222
 420/3900 [==>...........................] - ETA: 3s - loss: 0.8438 - acc: 0.7286
 480/3900 [==>...........................] - ETA: 3s - loss: 0.8476 - acc: 0.7229
 540/3900 [===>..........................] - ETA: 3s - loss: 0.8563 - acc: 0.7130
 600/3900 [===>..........................] - ETA: 3s - loss: 0.8550 - acc: 0.7217
 660/3900 [====>.........................] - ETA: 3s - loss: 0.8444 - acc: 0.7273
 720/3900 [====>.........................] - ETA: 3s - loss: 0.8322 - acc: 0.7306
 780/3900 [=====>........................] - ETA: 3s - loss: 0.8328 - acc: 0.7321
 840/3900 [=====>........................] - ETA: 2s - loss: 0.8329 - acc: 0.7310
 900/3900 [=====>........................] - ETA: 2s - loss: 0.8355 - acc: 0.7300
 960/3900 [======>.......................] - ETA: 2s - loss: 0.8355 - acc: 0.7292
1020/3900 [======>.......................] - ETA: 2s - loss: 0.8298 - acc: 0.7294
1080/3900 [=======>......................] - ETA: 2s - loss: 0.8197 - acc: 0.7333
1140/3900 [=======>......................] - ETA: 2s - loss: 0.8238 - acc: 0.7316
1200/3900 [========>.....................] - ETA: 2s - loss: 0.8146 - acc: 0.7383
1260/3900 [========>.....................] - ETA: 2s - loss: 0.8064 - acc: 0.7405
1320/3900 [=========>....................] - ETA: 2s - loss: 0.8025 - acc: 0.7417
1380/3900 [=========>....................] - ETA: 2s - loss: 0.7923 - acc: 0.7449
1440/3900 [==========>...................] - ETA: 2s - loss: 0.7895 - acc: 0.7465
1500/3900 [==========>...................] - ETA: 2s - loss: 0.7901 - acc: 0.7440
1560/3900 [===========>..................] - ETA: 2s - loss: 0.7837 - acc: 0.7481
1620/3900 [===========>..................] - ETA: 2s - loss: 0.7832 - acc: 0.7481
1670/3900 [===========>..................] - ETA: 2s - loss: 0.7842 - acc: 0.7461
1730/3900 [============>.................] - ETA: 2s - loss: 0.7837 - acc: 0.7480
1790/3900 [============>.................] - ETA: 2s - loss: 0.7866 - acc: 0.7453
1850/3900 [=============>................] - ETA: 1s - loss: 0.7830 - acc: 0.7454
1910/3900 [=============>................] - ETA: 1s - loss: 0.7800 - acc: 0.7455
1970/3900 [==============>...............] - ETA: 1s - loss: 0.7783 - acc: 0.7467
2030/3900 [==============>...............] - ETA: 1s - loss: 0.7696 - acc: 0.7507
2090/3900 [===============>..............] - ETA: 1s - loss: 0.7683 - acc: 0.7502
2150/3900 [===============>..............] - ETA: 1s - loss: 0.7632 - acc: 0.7516
2210/3900 [================>.............] - ETA: 1s - loss: 0.7593 - acc: 0.7525
2270/3900 [================>.............] - ETA: 1s - loss: 0.7594 - acc: 0.7507
2330/3900 [================>.............] - ETA: 1s - loss: 0.7552 - acc: 0.7536
2380/3900 [=================>............] - ETA: 1s - loss: 0.7555 - acc: 0.7538
2440/3900 [=================>............] - ETA: 1s - loss: 0.7550 - acc: 0.7533
2500/3900 [==================>...........] - ETA: 1s - loss: 0.7520 - acc: 0.7548
2560/3900 [==================>...........] - ETA: 1s - loss: 0.7500 - acc: 0.7559
2620/3900 [===================>..........] - ETA: 1s - loss: 0.7497 - acc: 0.7569
2680/3900 [===================>..........] - ETA: 1s - loss: 0.7516 - acc: 0.7560
2740/3900 [====================>.........] - ETA: 1s - loss: 0.7528 - acc: 0.7562
2800/3900 [====================>.........] - ETA: 1s - loss: 0.7546 - acc: 0.7550
2860/3900 [=====================>........] - ETA: 1s - loss: 0.7527 - acc: 0.7556
2920/3900 [=====================>........] - ETA: 0s - loss: 0.7517 - acc: 0.7568
2980/3900 [=====================>........] - ETA: 0s - loss: 0.7506 - acc: 0.7570
3040/3900 [======================>.......] - ETA: 0s - loss: 0.7492 - acc: 0.7569
3100/3900 [======================>.......] - ETA: 0s - loss: 0.7480 - acc: 0.7577
3160/3900 [=======================>......] - ETA: 0s - loss: 0.7462 - acc: 0.7585
3220/3900 [=======================>......] - ETA: 0s - loss: 0.7450 - acc: 0.7602
3280/3900 [========================>.....] - ETA: 0s - loss: 0.7448 - acc: 0.7591
3340/3900 [========================>.....] - ETA: 0s - loss: 0.7460 - acc: 0.7575
3400/3900 [=========================>....] - ETA: 0s - loss: 0.7468 - acc: 0.7571
3460/3900 [=========================>....] - ETA: 0s - loss: 0.7447 - acc: 0.7590
3520/3900 [==========================>...] - ETA: 0s - loss: 0.7443 - acc: 0.7591
3580/3900 [==========================>...] - ETA: 0s - loss: 0.7430 - acc: 0.7609
3640/3900 [===========================>..] - ETA: 0s - loss: 0.7433 - acc: 0.7604
3700/3900 [===========================>..] - ETA: 0s - loss: 0.7427 - acc: 0.7614
3760/3900 [===========================>..] - ETA: 0s - loss: 0.7413 - acc: 0.7620
3820/3900 [============================>.] - ETA: 0s - loss: 0.7377 - acc: 0.7631
3880/3900 [============================>.] - ETA: 0s - loss: 0.7367 - acc: 0.7626
3900/3900 [==============================] - 4s 968us/step - loss: 0.7359 - acc: 0.7631 - val_loss: 1.6243 - val_acc: 0.4242
Current time ....3.777
Train on 600 samples, validate on 86 samples
Epoch 1/1

 10/600 [..............................] - ETA: 0s - loss: 0.0283 - acc: 1.0000
 70/600 [==>...........................] - ETA: 0s - loss: 0.0384 - acc: 1.0000
130/600 [=====>........................] - ETA: 0s - loss: 0.0338 - acc: 1.0000
190/600 [========>.....................] - ETA: 0s - loss: 0.0354 - acc: 1.0000
250/600 [===========>..................] - ETA: 0s - loss: 0.0385 - acc: 0.9960
310/600 [==============>...............] - ETA: 0s - loss: 0.0422 - acc: 0.9935
370/600 [=================>............] - ETA: 0s - loss: 0.0383 - acc: 0.9946
430/600 [====================>.........] - ETA: 0s - loss: 0.0376 - acc: 0.9953
490/600 [=======================>......] - ETA: 0s - loss: 0.0361 - acc: 0.9959
550/600 [==========================>...] - ETA: 0s - loss: 0.0349 - acc: 0.9964
600/600 [==============================] - 1s 994us/step - loss: 0.0358 - acc: 0.9967 - val_loss: 0.4696 - val_acc: 0.9186
Current time ....0.597
Train on 1200 samples, validate on 68 samples
Epoch 1/1

  10/1200 [..............................] - ETA: 1s - loss: 0.0507 - acc: 1.0000
  70/1200 [>.............................] - ETA: 1s - loss: 0.0978 - acc: 1.0000
 130/1200 [==>...........................] - ETA: 1s - loss: 0.0865 - acc: 1.0000
 190/1200 [===>..........................] - ETA: 0s - loss: 0.0923 - acc: 0.9895
 250/1200 [=====>........................] - ETA: 0s - loss: 0.0903 - acc: 0.9920
 310/1200 [======>.......................] - ETA: 0s - loss: 0.0898 - acc: 0.9935
 370/1200 [========>.....................] - ETA: 0s - loss: 0.0894 - acc: 0.9919
 430/1200 [=========>....................] - ETA: 0s - loss: 0.0860 - acc: 0.9930
 490/1200 [===========>..................] - ETA: 0s - loss: 0.0865 - acc: 0.9939
 550/1200 [============>.................] - ETA: 0s - loss: 0.0859 - acc: 0.9927
 610/1200 [==============>...............] - ETA: 0s - loss: 0.0861 - acc: 0.9934
 670/1200 [===============>..............] - ETA: 0s - loss: 0.0857 - acc: 0.9940
 730/1200 [=================>............] - ETA: 0s - loss: 0.0847 - acc: 0.9932
 790/1200 [==================>...........] - ETA: 0s - loss: 0.0838 - acc: 0.9937
 850/1200 [====================>.........] - ETA: 0s - loss: 0.0859 - acc: 0.9929
 910/1200 [=====================>........] - ETA: 0s - loss: 0.0840 - acc: 0.9934
 970/1200 [=======================>......] - ETA: 0s - loss: 0.0848 - acc: 0.9918
1030/1200 [========================>.....] - ETA: 0s - loss: 0.0853 - acc: 0.9913
1090/1200 [==========================>...] - ETA: 0s - loss: 0.0857 - acc: 0.9908
1150/1200 [===========================>..] - ETA: 0s - loss: 0.0844 - acc: 0.9913
1200/1200 [==============================] - 1s 973us/step - loss: 0.0842 - acc: 0.9908 - val_loss: 0.9976 - val_acc: 0.7059
Current time ....1.167

32/99 [========>.....................] - ETA: 0s
99/99 [==============================] - 0s 100us/step
In EVALUATE loss:  [1.6242825117978184, 0.42424242454345779]

32/86 [==========>...................] - ETA: 0s
86/86 [==============================] - 0s 90us/step
In EVALUATE loss:  [0.46961457784785782, 0.91860465393509971]

32/68 [=============>................] - ETA: 0s
68/68 [==============================] - 0s 111us/step
In EVALUATE loss:  [0.99763671089621153, 0.70588235294117652]
Task 1 : Primary site - Macro F1 score 0.241190212985
Task 1 : Primary site - Micro F1 score 0.424242424242
Task 2 : Tumor laterality - Macro F1 score 0.918593644354
Task 2 : Tumor laterality - Micro F1 score 0.918604651163
Task 3 : Histological grade - Macro F1 score 0.532051282051
Task 3 : Histological grade - Micro F1 score 0.705882352941
Average loss:  1.03051126685
