Importing candle utils for keras
Configuration file:  /gpfs/mira-home/apeck/Modified_Benchmarks/Pilot3/P3B1/p3b1_default_model.txt
{'activation': 'relu',
 'batch_size': 10,
 'data_url': 'ftp://ftp.mcs.anl.gov/pub/candle/public/benchmarks/P3B1/',
 'drop': 0.0,
 'epochs': 10,
 'feature_names': 'Primary site:Tumor laterality:Histological grade',
 'ind_nnet_spec': [[2400, 2400, 1200, 1200],
                   [2400, 2400, 1200, 1200],
                   [2400, 2400, 1200, 1200]],
 'initialization': 'glorot_uniform',
 'learning_rate': 0.01,
 'loss': 'categorical_crossentropy',
 'metrics': 'accuracy',
 'model_name': 'p3b1',
 'n_fold': 1,
 'optimizer': 'sgd',
 'out_activation': 'softmax',
 'output_dir': '.',
 'scaling': 'none',
 'shared_nnet_spec': [1200,
                      2400,
                      3600,
                      3600,
                      3600,
                      3600,
                      3600,
                      3600,
                      3600,
                      2400],
 'shuffle': True,
 'timeout': 1800,
 'train_data': 'P3B1_data.tar.gz'}
Params:
{'activation': 'relu',
 'batch_size': 10,
 'case': 'CenterZ',
 'data_url': 'ftp://ftp.mcs.anl.gov/pub/candle/public/benchmarks/P3B1/',
 'datatype': <class 'numpy.float32'>,
 'drop': 0.0,
 'epochs': 10,
 'experiment_id': 'EXP000',
 'feature_names': 'Primary site:Tumor laterality:Histological grade',
 'fig': False,
 'gpus': [],
 'ind_nnet_spec': [[2400, 2400, 1200, 1200],
                   [2400, 2400, 1200, 1200],
                   [2400, 2400, 1200, 1200]],
 'initialization': 'glorot_uniform',
 'learning_rate': 0.01,
 'logfile': None,
 'loss': 'categorical_crossentropy',
 'metrics': 'accuracy',
 'model_name': 'p3b1',
 'n_fold': 1,
 'optimizer': 'sgd',
 'out_activation': 'softmax',
 'output_dir': '/gpfs/mira-home/apeck/CANDLE_testing/avery_modified_results/local_p3',
 'output_files': 'result0_0.csv;result1_0.csv;result2_0.csv',
 'rng_seed': 7102,
 'run_id': 'RUN000',
 'scaling': 'none',
 'shared_nnet_spec': [1200,
                      2400,
                      3600,
                      3600,
                      3600,
                      3600,
                      3600,
                      3600,
                      3600,
                      2400],
 'shuffle': False,
 'timeout': 1800,
 'train_bool': True,
 'train_data': 'P3B1_data.tar.gz',
 'train_features': 'data/task0_0_train_feature.csv;data/task1_0_train_feature.csv;data/task2_0_train_feature.csv',
 'train_truths': 'data/task0_0_train_label.csv;data/task1_0_train_label.csv;data/task2_0_train_label.csv',
 'valid_features': 'data/task0_0_test_feature.csv;data/task1_0_test_feature.csv;data/task2_0_test_feature.csv',
 'valid_truths': 'data/task0_0_test_label.csv;data/task1_0_test_label.csv;data/task2_0_test_label.csv',
 'verbose': None}
Feature names:
Primary site
Tumor laterality
Histological grade
Model:  0
_________________________________________________________________
Layer (type)                 Output Shape              Param #   
=================================================================
input (InputLayer)           (None, 400)               0         
_________________________________________________________________
indiv_layer_0_0 (Dense)      (None, 2400)              962400    
_________________________________________________________________
indiv_layer_0_1 (Dense)      (None, 2400)              5762400   
_________________________________________________________________
indiv_layer_0_2 (Dense)      (None, 1200)              2881200   
_________________________________________________________________
indiv_layer_0_3 (Dense)      (None, 1200)              1441200   
_________________________________________________________________
out_0 (Dense)                (None, 13)                15613     
=================================================================
Total params: 11,062,813
Trainable params: 11,062,813
Non-trainable params: 0
_________________________________________________________________
Model:  1
_________________________________________________________________
Layer (type)                 Output Shape              Param #   
=================================================================
input (InputLayer)           (None, 400)               0         
_________________________________________________________________
indiv_layer_1_0 (Dense)      (None, 2400)              962400    
_________________________________________________________________
indiv_layer_1_1 (Dense)      (None, 2400)              5762400   
_________________________________________________________________
indiv_layer_1_2 (Dense)      (None, 1200)              2881200   
_________________________________________________________________
indiv_layer_1_3 (Dense)      (None, 1200)              1441200   
_________________________________________________________________
out_1 (Dense)                (None, 2)                 2402      
=================================================================
Total params: 11,049,602
Trainable params: 11,049,602
Non-trainable params: 0
_________________________________________________________________
Model:  2
_________________________________________________________________
Layer (type)                 Output Shape              Param #   
=================================================================
input (InputLayer)           (None, 400)               0         
_________________________________________________________________
indiv_layer_2_0 (Dense)      (None, 2400)              962400    
_________________________________________________________________
indiv_layer_2_1 (Dense)      (None, 2400)              5762400   
_________________________________________________________________
indiv_layer_2_2 (Dense)      (None, 1200)              2881200   
_________________________________________________________________
indiv_layer_2_3 (Dense)      (None, 1200)              1441200   
_________________________________________________________________
out_2 (Dense)                (None, 4)                 4804      
=================================================================
Total params: 11,052,004
Trainable params: 11,052,004
Non-trainable params: 0
_________________________________________________________________
Train on 3900 samples, validate on 99 samples
Epoch 1/1

  10/3900 [..............................] - ETA: 9:32 - loss: 2.5632 - acc: 0.2000
  60/3900 [..............................] - ETA: 1:37 - loss: 2.5618 - acc: 0.2000
 110/3900 [..............................] - ETA: 54s - loss: 2.5621 - acc: 0.1545 
 160/3900 [>.............................] - ETA: 38s - loss: 2.5635 - acc: 0.1125
 210/3900 [>.............................] - ETA: 29s - loss: 2.5643 - acc: 0.0952
 260/3900 [=>............................] - ETA: 24s - loss: 2.5640 - acc: 0.1038
 310/3900 [=>............................] - ETA: 20s - loss: 2.5639 - acc: 0.1097
 360/3900 [=>............................] - ETA: 18s - loss: 2.5638 - acc: 0.1167
 410/3900 [==>...........................] - ETA: 16s - loss: 2.5637 - acc: 0.1171
 460/3900 [==>...........................] - ETA: 14s - loss: 2.5638 - acc: 0.1130
 520/3900 [===>..........................] - ETA: 13s - loss: 2.5637 - acc: 0.1077
 580/3900 [===>..........................] - ETA: 11s - loss: 2.5635 - acc: 0.1034
 640/3900 [===>..........................] - ETA: 10s - loss: 2.5633 - acc: 0.1063
 700/3900 [====>.........................] - ETA: 10s - loss: 2.5634 - acc: 0.1043
 760/3900 [====>.........................] - ETA: 9s - loss: 2.5631 - acc: 0.1105 
 820/3900 [=====>........................] - ETA: 8s - loss: 2.5629 - acc: 0.1183
 880/3900 [=====>........................] - ETA: 8s - loss: 2.5627 - acc: 0.1193
 940/3900 [======>.......................] - ETA: 7s - loss: 2.5625 - acc: 0.1255
1000/3900 [======>.......................] - ETA: 7s - loss: 2.5622 - acc: 0.1270
1060/3900 [=======>......................] - ETA: 6s - loss: 2.5620 - acc: 0.1255
1120/3900 [=======>......................] - ETA: 6s - loss: 2.5617 - acc: 0.1313
1180/3900 [========>.....................] - ETA: 6s - loss: 2.5614 - acc: 0.1305
1240/3900 [========>.....................] - ETA: 5s - loss: 2.5612 - acc: 0.1315
1300/3900 [=========>....................] - ETA: 5s - loss: 2.5609 - acc: 0.1438
1360/3900 [=========>....................] - ETA: 5s - loss: 2.5606 - acc: 0.1478
1420/3900 [=========>....................] - ETA: 4s - loss: 2.5605 - acc: 0.1514
1480/3900 [==========>...................] - ETA: 4s - loss: 2.5603 - acc: 0.1527
1540/3900 [==========>...................] - ETA: 4s - loss: 2.5601 - acc: 0.1519
1600/3900 [===========>..................] - ETA: 4s - loss: 2.5599 - acc: 0.1531
1660/3900 [===========>..................] - ETA: 4s - loss: 2.5597 - acc: 0.1548
1720/3900 [============>.................] - ETA: 3s - loss: 2.5597 - acc: 0.1552
1780/3900 [============>.................] - ETA: 3s - loss: 2.5595 - acc: 0.1551
1840/3900 [=============>................] - ETA: 3s - loss: 2.5594 - acc: 0.1543
1900/3900 [=============>................] - ETA: 3s - loss: 2.5592 - acc: 0.1553
1960/3900 [==============>...............] - ETA: 3s - loss: 2.5591 - acc: 0.1577
2020/3900 [==============>...............] - ETA: 3s - loss: 2.5589 - acc: 0.1594
2080/3900 [===============>..............] - ETA: 3s - loss: 2.5587 - acc: 0.1596
2140/3900 [===============>..............] - ETA: 2s - loss: 2.5585 - acc: 0.1584
2200/3900 [===============>..............] - ETA: 2s - loss: 2.5583 - acc: 0.1582
2260/3900 [================>.............] - ETA: 2s - loss: 2.5583 - acc: 0.1588
2320/3900 [================>.............] - ETA: 2s - loss: 2.5581 - acc: 0.1603
2380/3900 [=================>............] - ETA: 2s - loss: 2.5578 - acc: 0.1655
2440/3900 [=================>............] - ETA: 2s - loss: 2.5575 - acc: 0.1713
2500/3900 [==================>...........] - ETA: 2s - loss: 2.5573 - acc: 0.1724
2560/3900 [==================>...........] - ETA: 2s - loss: 2.5571 - acc: 0.1719
2620/3900 [===================>..........] - ETA: 1s - loss: 2.5568 - acc: 0.1744
2680/3900 [===================>..........] - ETA: 1s - loss: 2.5566 - acc: 0.1754
2740/3900 [====================>.........] - ETA: 1s - loss: 2.5564 - acc: 0.1763
2800/3900 [====================>.........] - ETA: 1s - loss: 2.5562 - acc: 0.1775
2860/3900 [=====================>........] - ETA: 1s - loss: 2.5561 - acc: 0.1790
2920/3900 [=====================>........] - ETA: 1s - loss: 2.5559 - acc: 0.1801
2980/3900 [=====================>........] - ETA: 1s - loss: 2.5557 - acc: 0.1802
3040/3900 [======================>.......] - ETA: 1s - loss: 2.5555 - acc: 0.1806
3100/3900 [======================>.......] - ETA: 1s - loss: 2.5553 - acc: 0.1819
3160/3900 [=======================>......] - ETA: 1s - loss: 2.5551 - acc: 0.1851
3220/3900 [=======================>......] - ETA: 0s - loss: 2.5549 - acc: 0.1863
3280/3900 [========================>.....] - ETA: 0s - loss: 2.5547 - acc: 0.1887
3340/3900 [========================>.....] - ETA: 0s - loss: 2.5546 - acc: 0.1916
3400/3900 [=========================>....] - ETA: 0s - loss: 2.5544 - acc: 0.1935
3460/3900 [=========================>....] - ETA: 0s - loss: 2.5542 - acc: 0.1974
3520/3900 [==========================>...] - ETA: 0s - loss: 2.5540 - acc: 0.2003
3580/3900 [==========================>...] - ETA: 0s - loss: 2.5538 - acc: 0.2050
3640/3900 [===========================>..] - ETA: 0s - loss: 2.5536 - acc: 0.2088
3700/3900 [===========================>..] - ETA: 0s - loss: 2.5533 - acc: 0.2124
3760/3900 [===========================>..] - ETA: 0s - loss: 2.5531 - acc: 0.2149
3820/3900 [============================>.] - ETA: 0s - loss: 2.5529 - acc: 0.2188
3880/3900 [============================>.] - ETA: 0s - loss: 2.5527 - acc: 0.2204
3900/3900 [==============================] - 5s 1ms/step - loss: 2.5526 - acc: 0.2215 - val_loss: 2.5483 - val_acc: 0.2121
Current time ....5.155
Train on 600 samples, validate on 86 samples
Epoch 1/1

 10/600 [..............................] - ETA: 16s - loss: 0.7017 - acc: 0.4000
 70/600 [==>...........................] - ETA: 2s - loss: 0.6798 - acc: 0.5571 
130/600 [=====>........................] - ETA: 1s - loss: 0.6798 - acc: 0.5538
190/600 [========>.....................] - ETA: 0s - loss: 0.6745 - acc: 0.6211
250/600 [===========>..................] - ETA: 0s - loss: 0.6712 - acc: 0.6520
310/600 [==============>...............] - ETA: 0s - loss: 0.6654 - acc: 0.6806
370/600 [=================>............] - ETA: 0s - loss: 0.6600 - acc: 0.6703
430/600 [====================>.........] - ETA: 0s - loss: 0.6580 - acc: 0.6721
490/600 [=======================>......] - ETA: 0s - loss: 0.6553 - acc: 0.6857
550/600 [==========================>...] - ETA: 0s - loss: 0.6509 - acc: 0.7055
600/600 [==============================] - 1s 1ms/step - loss: 0.6478 - acc: 0.7150 - val_loss: 0.6198 - val_acc: 0.8023
Current time ....0.862
Train on 1200 samples, validate on 68 samples
Epoch 1/1

  10/1200 [..............................] - ETA: 37s - loss: 1.3964 - acc: 0.4000
  70/1200 [>.............................] - ETA: 5s - loss: 1.3893 - acc: 0.3143 
 130/1200 [==>...........................] - ETA: 3s - loss: 1.3827 - acc: 0.2692
 190/1200 [===>..........................] - ETA: 2s - loss: 1.3747 - acc: 0.2842
 250/1200 [=====>........................] - ETA: 2s - loss: 1.3678 - acc: 0.2920
 310/1200 [======>.......................] - ETA: 1s - loss: 1.3674 - acc: 0.3097
 370/1200 [========>.....................] - ETA: 1s - loss: 1.3630 - acc: 0.3297
 430/1200 [=========>....................] - ETA: 1s - loss: 1.3598 - acc: 0.3465
 490/1200 [===========>..................] - ETA: 1s - loss: 1.3511 - acc: 0.3796
 550/1200 [============>.................] - ETA: 0s - loss: 1.3484 - acc: 0.3891
 610/1200 [==============>...............] - ETA: 0s - loss: 1.3411 - acc: 0.3984
 670/1200 [===============>..............] - ETA: 0s - loss: 1.3386 - acc: 0.4104
 730/1200 [=================>............] - ETA: 0s - loss: 1.3337 - acc: 0.4151
 790/1200 [==================>...........] - ETA: 0s - loss: 1.3287 - acc: 0.4304
 850/1200 [====================>.........] - ETA: 0s - loss: 1.3250 - acc: 0.4318
 910/1200 [=====================>........] - ETA: 0s - loss: 1.3204 - acc: 0.4341
 970/1200 [=======================>......] - ETA: 0s - loss: 1.3152 - acc: 0.4392
1030/1200 [========================>.....] - ETA: 0s - loss: 1.3092 - acc: 0.4466
1090/1200 [==========================>...] - ETA: 0s - loss: 1.3034 - acc: 0.4560
1150/1200 [===========================>..] - ETA: 0s - loss: 1.2984 - acc: 0.4617
1200/1200 [==============================] - 1s 1ms/step - loss: 1.2949 - acc: 0.4667 - val_loss: 1.2613 - val_acc: 0.3088
Current time ....1.438
Train on 3900 samples, validate on 99 samples
Epoch 1/1

  10/3900 [..............................] - ETA: 3s - loss: 2.5340 - acc: 0.4000
  70/3900 [..............................] - ETA: 3s - loss: 2.5366 - acc: 0.4857
 130/3900 [>.............................] - ETA: 3s - loss: 2.5365 - acc: 0.4846
 190/3900 [>.............................] - ETA: 3s - loss: 2.5344 - acc: 0.5105
 250/3900 [>.............................] - ETA: 3s - loss: 2.5342 - acc: 0.4800
 310/3900 [=>............................] - ETA: 3s - loss: 2.5344 - acc: 0.4419
 370/3900 [=>............................] - ETA: 3s - loss: 2.5340 - acc: 0.4324
 430/3900 [==>...........................] - ETA: 3s - loss: 2.5342 - acc: 0.4209
 490/3900 [==>...........................] - ETA: 3s - loss: 2.5334 - acc: 0.4265
 550/3900 [===>..........................] - ETA: 3s - loss: 2.5337 - acc: 0.4109
 610/3900 [===>..........................] - ETA: 3s - loss: 2.5331 - acc: 0.4033
 670/3900 [====>.........................] - ETA: 2s - loss: 2.5325 - acc: 0.4045
 730/3900 [====>.........................] - ETA: 2s - loss: 2.5320 - acc: 0.4041
 790/3900 [=====>........................] - ETA: 2s - loss: 2.5318 - acc: 0.3949
 850/3900 [=====>........................] - ETA: 2s - loss: 2.5316 - acc: 0.3929
 910/3900 [======>.......................] - ETA: 2s - loss: 2.5316 - acc: 0.3879
 970/3900 [======>.......................] - ETA: 2s - loss: 2.5314 - acc: 0.3845
1030/3900 [======>.......................] - ETA: 2s - loss: 2.5311 - acc: 0.3864
1090/3900 [=======>......................] - ETA: 2s - loss: 2.5310 - acc: 0.3872
1150/3900 [=======>......................] - ETA: 2s - loss: 2.5306 - acc: 0.3887
1210/3900 [========>.....................] - ETA: 2s - loss: 2.5299 - acc: 0.3942
1270/3900 [========>.....................] - ETA: 2s - loss: 2.5294 - acc: 0.3992
1330/3900 [=========>....................] - ETA: 2s - loss: 2.5292 - acc: 0.4000
1390/3900 [=========>....................] - ETA: 2s - loss: 2.5290 - acc: 0.4000
1450/3900 [==========>...................] - ETA: 2s - loss: 2.5288 - acc: 0.3966
1510/3900 [==========>...................] - ETA: 2s - loss: 2.5284 - acc: 0.3980
1570/3900 [===========>..................] - ETA: 2s - loss: 2.5278 - acc: 0.4032
1630/3900 [===========>..................] - ETA: 2s - loss: 2.5275 - acc: 0.4025
1690/3900 [============>.................] - ETA: 2s - loss: 2.5276 - acc: 0.4012
1750/3900 [============>.................] - ETA: 1s - loss: 2.5274 - acc: 0.4006
1810/3900 [============>.................] - ETA: 1s - loss: 2.5271 - acc: 0.4022
1870/3900 [=============>................] - ETA: 1s - loss: 2.5267 - acc: 0.4037
1930/3900 [=============>................] - ETA: 1s - loss: 2.5263 - acc: 0.4047
1990/3900 [==============>...............] - ETA: 1s - loss: 2.5263 - acc: 0.4020
2050/3900 [==============>...............] - ETA: 1s - loss: 2.5260 - acc: 0.4049
2110/3900 [===============>..............] - ETA: 1s - loss: 2.5259 - acc: 0.4033
2170/3900 [===============>..............] - ETA: 1s - loss: 2.5255 - acc: 0.4060
2230/3900 [================>.............] - ETA: 1s - loss: 2.5251 - acc: 0.4085
2290/3900 [================>.............] - ETA: 1s - loss: 2.5246 - acc: 0.4127
2350/3900 [=================>............] - ETA: 1s - loss: 2.5243 - acc: 0.4119
2410/3900 [=================>............] - ETA: 1s - loss: 2.5239 - acc: 0.4137
2470/3900 [==================>...........] - ETA: 1s - loss: 2.5236 - acc: 0.4166
2520/3900 [==================>...........] - ETA: 1s - loss: 2.5232 - acc: 0.4179
2580/3900 [==================>...........] - ETA: 1s - loss: 2.5227 - acc: 0.4213
2640/3900 [===================>..........] - ETA: 1s - loss: 2.5224 - acc: 0.4220
2700/3900 [===================>..........] - ETA: 1s - loss: 2.5220 - acc: 0.4241
2760/3900 [====================>.........] - ETA: 1s - loss: 2.5215 - acc: 0.4264
2820/3900 [====================>.........] - ETA: 0s - loss: 2.5211 - acc: 0.4277
2880/3900 [=====================>........] - ETA: 0s - loss: 2.5207 - acc: 0.4281
2940/3900 [=====================>........] - ETA: 0s - loss: 2.5203 - acc: 0.4286
3000/3900 [======================>.......] - ETA: 0s - loss: 2.5199 - acc: 0.4290
3060/3900 [======================>.......] - ETA: 0s - loss: 2.5195 - acc: 0.4304
3120/3900 [=======================>......] - ETA: 0s - loss: 2.5191 - acc: 0.4301
3180/3900 [=======================>......] - ETA: 0s - loss: 2.5187 - acc: 0.4308
3240/3900 [=======================>......] - ETA: 0s - loss: 2.5181 - acc: 0.4349
3300/3900 [========================>.....] - ETA: 0s - loss: 2.5175 - acc: 0.4382
3360/3900 [========================>.....] - ETA: 0s - loss: 2.5171 - acc: 0.4393
3420/3900 [=========================>....] - ETA: 0s - loss: 2.5165 - acc: 0.4412
3480/3900 [=========================>....] - ETA: 0s - loss: 2.5160 - acc: 0.4434
3540/3900 [==========================>...] - ETA: 0s - loss: 2.5156 - acc: 0.4463
3590/3900 [==========================>...] - ETA: 0s - loss: 2.5151 - acc: 0.4479
3650/3900 [===========================>..] - ETA: 0s - loss: 2.5146 - acc: 0.4482
3710/3900 [===========================>..] - ETA: 0s - loss: 2.5141 - acc: 0.4501
3770/3900 [============================>.] - ETA: 0s - loss: 2.5135 - acc: 0.4517
3830/3900 [============================>.] - ETA: 0s - loss: 2.5130 - acc: 0.4525
3890/3900 [============================>.] - ETA: 0s - loss: 2.5124 - acc: 0.4542
3900/3900 [==============================] - 4s 922us/step - loss: 2.5123 - acc: 0.4544 - val_loss: 2.4995 - val_acc: 0.2929
Current time ....3.595
Train on 600 samples, validate on 86 samples
Epoch 1/1

 10/600 [..............................] - ETA: 0s - loss: 0.6273 - acc: 1.0000
 70/600 [==>...........................] - ETA: 0s - loss: 0.5944 - acc: 0.9857
130/600 [=====>........................] - ETA: 0s - loss: 0.5939 - acc: 0.9692
190/600 [========>.....................] - ETA: 0s - loss: 0.5840 - acc: 0.9684
250/600 [===========>..................] - ETA: 0s - loss: 0.5748 - acc: 0.9720
310/600 [==============>...............] - ETA: 0s - loss: 0.5634 - acc: 0.9710
370/600 [=================>............] - ETA: 0s - loss: 0.5550 - acc: 0.9649
430/600 [====================>.........] - ETA: 0s - loss: 0.5481 - acc: 0.9674
490/600 [=======================>......] - ETA: 0s - loss: 0.5352 - acc: 0.9673
550/600 [==========================>...] - ETA: 0s - loss: 0.5314 - acc: 0.9691
600/600 [==============================] - 1s 951us/step - loss: 0.5276 - acc: 0.9700 - val_loss: 0.5160 - val_acc: 0.9186
Current time ....0.571
Train on 1200 samples, validate on 68 samples
Epoch 1/1

  10/1200 [..............................] - ETA: 1s - loss: 1.2575 - acc: 0.5000
  70/1200 [>.............................] - ETA: 1s - loss: 1.1413 - acc: 0.6714
 130/1200 [==>...........................] - ETA: 0s - loss: 1.1461 - acc: 0.6692
 190/1200 [===>..........................] - ETA: 0s - loss: 1.1561 - acc: 0.6421
 250/1200 [=====>........................] - ETA: 0s - loss: 1.1525 - acc: 0.6480
 310/1200 [======>.......................] - ETA: 0s - loss: 1.1538 - acc: 0.6387
 370/1200 [========>.....................] - ETA: 0s - loss: 1.1467 - acc: 0.6297
 430/1200 [=========>....................] - ETA: 0s - loss: 1.1341 - acc: 0.6512
 490/1200 [===========>..................] - ETA: 0s - loss: 1.1254 - acc: 0.6490
 550/1200 [============>.................] - ETA: 0s - loss: 1.1100 - acc: 0.6527
 610/1200 [==============>...............] - ETA: 0s - loss: 1.1058 - acc: 0.6492
 670/1200 [===============>..............] - ETA: 0s - loss: 1.1060 - acc: 0.6463
 730/1200 [=================>............] - ETA: 0s - loss: 1.1029 - acc: 0.6397
 790/1200 [==================>...........] - ETA: 0s - loss: 1.0990 - acc: 0.6342
 850/1200 [====================>.........] - ETA: 0s - loss: 1.0883 - acc: 0.6365
 910/1200 [=====================>........] - ETA: 0s - loss: 1.0799 - acc: 0.6429
 970/1200 [=======================>......] - ETA: 0s - loss: 1.0708 - acc: 0.6454
1030/1200 [========================>.....] - ETA: 0s - loss: 1.0662 - acc: 0.6398
1090/1200 [==========================>...] - ETA: 0s - loss: 1.0613 - acc: 0.6413
1150/1200 [===========================>..] - ETA: 0s - loss: 1.0593 - acc: 0.6322
1200/1200 [==============================] - 1s 928us/step - loss: 1.0564 - acc: 0.6333 - val_loss: 1.1127 - val_acc: 0.4706
Current time ....1.114
Train on 3900 samples, validate on 99 samples
Epoch 1/1

  10/3900 [..............................] - ETA: 3s - loss: 2.4870 - acc: 0.4000
  70/3900 [..............................] - ETA: 3s - loss: 2.4844 - acc: 0.4286
 130/3900 [>.............................] - ETA: 3s - loss: 2.4789 - acc: 0.4462
 190/3900 [>.............................] - ETA: 3s - loss: 2.4750 - acc: 0.4737
 250/3900 [>.............................] - ETA: 3s - loss: 2.4731 - acc: 0.4840
 310/3900 [=>............................] - ETA: 3s - loss: 2.4724 - acc: 0.4903
 370/3900 [=>............................] - ETA: 3s - loss: 2.4701 - acc: 0.4946
 430/3900 [==>...........................] - ETA: 3s - loss: 2.4685 - acc: 0.4860
 490/3900 [==>...........................] - ETA: 3s - loss: 2.4682 - acc: 0.4633
 550/3900 [===>..........................] - ETA: 3s - loss: 2.4672 - acc: 0.4509
 610/3900 [===>..........................] - ETA: 3s - loss: 2.4656 - acc: 0.4377
 670/3900 [====>.........................] - ETA: 2s - loss: 2.4654 - acc: 0.4209
 730/3900 [====>.........................] - ETA: 2s - loss: 2.4647 - acc: 0.4151
 790/3900 [=====>........................] - ETA: 2s - loss: 2.4639 - acc: 0.4101
 850/3900 [=====>........................] - ETA: 2s - loss: 2.4627 - acc: 0.4118
 910/3900 [======>.......................] - ETA: 2s - loss: 2.4618 - acc: 0.4110
 970/3900 [======>.......................] - ETA: 2s - loss: 2.4610 - acc: 0.4082
1030/3900 [======>.......................] - ETA: 2s - loss: 2.4601 - acc: 0.4010
1090/3900 [=======>......................] - ETA: 2s - loss: 2.4585 - acc: 0.4018
1150/3900 [=======>......................] - ETA: 2s - loss: 2.4569 - acc: 0.4052
1210/3900 [========>.....................] - ETA: 2s - loss: 2.4559 - acc: 0.4083
1270/3900 [========>.....................] - ETA: 2s - loss: 2.4547 - acc: 0.4047
1330/3900 [=========>....................] - ETA: 2s - loss: 2.4536 - acc: 0.4060
1390/3900 [=========>....................] - ETA: 2s - loss: 2.4524 - acc: 0.4072
1450/3900 [==========>...................] - ETA: 2s - loss: 2.4513 - acc: 0.4048
1510/3900 [==========>...................] - ETA: 2s - loss: 2.4504 - acc: 0.4020
1570/3900 [===========>..................] - ETA: 2s - loss: 2.4493 - acc: 0.4019
1630/3900 [===========>..................] - ETA: 2s - loss: 2.4480 - acc: 0.4061
1690/3900 [============>.................] - ETA: 2s - loss: 2.4464 - acc: 0.4101
1750/3900 [============>.................] - ETA: 1s - loss: 2.4453 - acc: 0.4114
1810/3900 [============>.................] - ETA: 1s - loss: 2.4440 - acc: 0.4144
1870/3900 [=============>................] - ETA: 1s - loss: 2.4426 - acc: 0.4187
1930/3900 [=============>................] - ETA: 1s - loss: 2.4412 - acc: 0.4197
1990/3900 [==============>...............] - ETA: 1s - loss: 2.4398 - acc: 0.4201
2050/3900 [==============>...............] - ETA: 1s - loss: 2.4386 - acc: 0.4220
2110/3900 [===============>..............] - ETA: 1s - loss: 2.4371 - acc: 0.4265
2170/3900 [===============>..............] - ETA: 1s - loss: 2.4357 - acc: 0.4281
2230/3900 [================>.............] - ETA: 1s - loss: 2.4341 - acc: 0.4305
2290/3900 [================>.............] - ETA: 1s - loss: 2.4326 - acc: 0.4323
2350/3900 [=================>............] - ETA: 1s - loss: 2.4308 - acc: 0.4370
2410/3900 [=================>............] - ETA: 1s - loss: 2.4292 - acc: 0.4402
2470/3900 [==================>...........] - ETA: 1s - loss: 2.4275 - acc: 0.4409
2530/3900 [==================>...........] - ETA: 1s - loss: 2.4257 - acc: 0.4411
2590/3900 [==================>...........] - ETA: 1s - loss: 2.4240 - acc: 0.4425
2650/3900 [===================>..........] - ETA: 1s - loss: 2.4224 - acc: 0.4415
2710/3900 [===================>..........] - ETA: 1s - loss: 2.4208 - acc: 0.4421
2770/3900 [====================>.........] - ETA: 1s - loss: 2.4190 - acc: 0.4444
2830/3900 [====================>.........] - ETA: 0s - loss: 2.4175 - acc: 0.4435
2890/3900 [=====================>........] - ETA: 0s - loss: 2.4156 - acc: 0.4436
2950/3900 [=====================>........] - ETA: 0s - loss: 2.4139 - acc: 0.4424
3010/3900 [======================>.......] - ETA: 0s - loss: 2.4123 - acc: 0.4412
3070/3900 [======================>.......] - ETA: 0s - loss: 2.4103 - acc: 0.4420
3130/3900 [=======================>......] - ETA: 0s - loss: 2.4081 - acc: 0.4425
3190/3900 [=======================>......] - ETA: 0s - loss: 2.4055 - acc: 0.4426
3250/3900 [========================>.....] - ETA: 0s - loss: 2.4037 - acc: 0.4440
3310/3900 [========================>.....] - ETA: 0s - loss: 2.4018 - acc: 0.4423
3370/3900 [========================>.....] - ETA: 0s - loss: 2.4000 - acc: 0.4412
3430/3900 [=========================>....] - ETA: 0s - loss: 2.3979 - acc: 0.4411
3490/3900 [=========================>....] - ETA: 0s - loss: 2.3957 - acc: 0.4413
3550/3900 [==========================>...] - ETA: 0s - loss: 2.3933 - acc: 0.4431
3610/3900 [==========================>...] - ETA: 0s - loss: 2.3912 - acc: 0.4443
3670/3900 [===========================>..] - ETA: 0s - loss: 2.3892 - acc: 0.4452
3730/3900 [===========================>..] - ETA: 0s - loss: 2.3867 - acc: 0.4475
3790/3900 [============================>.] - ETA: 0s - loss: 2.3841 - acc: 0.4467
3850/3900 [============================>.] - ETA: 0s - loss: 2.3817 - acc: 0.4475
3900/3900 [==============================] - 4s 920us/step - loss: 2.3794 - acc: 0.4482 - val_loss: 2.2932 - val_acc: 0.3232
Current time ....3.587
Train on 600 samples, validate on 86 samples
Epoch 1/1

 10/600 [..............................] - ETA: 0s - loss: 0.2877 - acc: 1.0000
 70/600 [==>...........................] - ETA: 0s - loss: 0.4110 - acc: 1.0000
130/600 [=====>........................] - ETA: 0s - loss: 0.4093 - acc: 0.9923
190/600 [========>.....................] - ETA: 0s - loss: 0.4059 - acc: 0.9895
250/600 [===========>..................] - ETA: 0s - loss: 0.4068 - acc: 0.9880
310/600 [==============>...............] - ETA: 0s - loss: 0.3985 - acc: 0.9871
370/600 [=================>............] - ETA: 0s - loss: 0.3930 - acc: 0.9838
430/600 [====================>.........] - ETA: 0s - loss: 0.3901 - acc: 0.9791
490/600 [=======================>......] - ETA: 0s - loss: 0.3816 - acc: 0.9816
550/600 [==========================>...] - ETA: 0s - loss: 0.3775 - acc: 0.9800
600/600 [==============================] - 1s 952us/step - loss: 0.3702 - acc: 0.9783 - val_loss: 0.4142 - val_acc: 0.9070
Current time ....0.572
Train on 1200 samples, validate on 68 samples
Epoch 1/1

  10/1200 [..............................] - ETA: 1s - loss: 0.8917 - acc: 0.8000
  70/1200 [>.............................] - ETA: 1s - loss: 0.9326 - acc: 0.7429
 130/1200 [==>...........................] - ETA: 0s - loss: 0.8909 - acc: 0.7615
 190/1200 [===>..........................] - ETA: 0s - loss: 0.8980 - acc: 0.7211
 250/1200 [=====>........................] - ETA: 0s - loss: 0.8697 - acc: 0.7400
 310/1200 [======>.......................] - ETA: 0s - loss: 0.8774 - acc: 0.7258
 370/1200 [========>.....................] - ETA: 0s - loss: 0.8678 - acc: 0.7270
 430/1200 [=========>....................] - ETA: 0s - loss: 0.8634 - acc: 0.7233
 490/1200 [===========>..................] - ETA: 0s - loss: 0.8549 - acc: 0.7306
 550/1200 [============>.................] - ETA: 0s - loss: 0.8485 - acc: 0.7236
 610/1200 [==============>...............] - ETA: 0s - loss: 0.8457 - acc: 0.7246
 670/1200 [===============>..............] - ETA: 0s - loss: 0.8373 - acc: 0.7269
 730/1200 [=================>............] - ETA: 0s - loss: 0.8374 - acc: 0.7260
 790/1200 [==================>...........] - ETA: 0s - loss: 0.8334 - acc: 0.7329
 850/1200 [====================>.........] - ETA: 0s - loss: 0.8265 - acc: 0.7306
 910/1200 [=====================>........] - ETA: 0s - loss: 0.8170 - acc: 0.7330
 970/1200 [=======================>......] - ETA: 0s - loss: 0.8147 - acc: 0.7320
1030/1200 [========================>.....] - ETA: 0s - loss: 0.8205 - acc: 0.7233
1090/1200 [==========================>...] - ETA: 0s - loss: 0.8195 - acc: 0.7220
1150/1200 [===========================>..] - ETA: 0s - loss: 0.8176 - acc: 0.7235
1200/1200 [==============================] - 1s 935us/step - loss: 0.8152 - acc: 0.7200 - val_loss: 1.0797 - val_acc: 0.5147
Current time ....1.122
Train on 3900 samples, validate on 99 samples
Epoch 1/1

  10/3900 [..............................] - ETA: 3s - loss: 2.2107 - acc: 0.7000
  70/3900 [..............................] - ETA: 3s - loss: 2.2117 - acc: 0.4714
 130/3900 [>.............................] - ETA: 3s - loss: 2.2147 - acc: 0.4846
 190/3900 [>.............................] - ETA: 3s - loss: 2.2040 - acc: 0.4684
 250/3900 [>.............................] - ETA: 3s - loss: 2.2109 - acc: 0.4600
 310/3900 [=>............................] - ETA: 3s - loss: 2.2072 - acc: 0.4484
 370/3900 [=>............................] - ETA: 3s - loss: 2.2071 - acc: 0.4324
 430/3900 [==>...........................] - ETA: 3s - loss: 2.2005 - acc: 0.4442
 490/3900 [==>...........................] - ETA: 3s - loss: 2.1959 - acc: 0.4429
 550/3900 [===>..........................] - ETA: 3s - loss: 2.1925 - acc: 0.4491
 610/3900 [===>..........................] - ETA: 3s - loss: 2.1868 - acc: 0.4459
 670/3900 [====>.........................] - ETA: 2s - loss: 2.1815 - acc: 0.4463
 730/3900 [====>.........................] - ETA: 2s - loss: 2.1777 - acc: 0.4466
 790/3900 [=====>........................] - ETA: 2s - loss: 2.1703 - acc: 0.4519
 850/3900 [=====>........................] - ETA: 2s - loss: 2.1660 - acc: 0.4506
 910/3900 [======>.......................] - ETA: 2s - loss: 2.1655 - acc: 0.4451
 970/3900 [======>.......................] - ETA: 2s - loss: 2.1596 - acc: 0.4474
1030/3900 [======>.......................] - ETA: 2s - loss: 2.1610 - acc: 0.4466
1090/3900 [=======>......................] - ETA: 2s - loss: 2.1572 - acc: 0.4422
1150/3900 [=======>......................] - ETA: 2s - loss: 2.1520 - acc: 0.4461
1210/3900 [========>.....................] - ETA: 2s - loss: 2.1494 - acc: 0.4463
1270/3900 [========>.....................] - ETA: 2s - loss: 2.1469 - acc: 0.4465
1330/3900 [=========>....................] - ETA: 2s - loss: 2.1435 - acc: 0.4511
1390/3900 [=========>....................] - ETA: 2s - loss: 2.1397 - acc: 0.4525
1450/3900 [==========>...................] - ETA: 2s - loss: 2.1376 - acc: 0.4490
1510/3900 [==========>...................] - ETA: 2s - loss: 2.1344 - acc: 0.4470
1570/3900 [===========>..................] - ETA: 2s - loss: 2.1299 - acc: 0.4471
1630/3900 [===========>..................] - ETA: 2s - loss: 2.1262 - acc: 0.4466
1690/3900 [============>.................] - ETA: 2s - loss: 2.1221 - acc: 0.4497
1750/3900 [============>.................] - ETA: 1s - loss: 2.1198 - acc: 0.4497
1810/3900 [============>.................] - ETA: 1s - loss: 2.1154 - acc: 0.4569
1870/3900 [=============>................] - ETA: 1s - loss: 2.1122 - acc: 0.4604
1930/3900 [=============>................] - ETA: 1s - loss: 2.1088 - acc: 0.4622
1990/3900 [==============>...............] - ETA: 1s - loss: 2.1056 - acc: 0.4613
2050/3900 [==============>...............] - ETA: 1s - loss: 2.1033 - acc: 0.4585
2110/3900 [===============>..............] - ETA: 1s - loss: 2.1004 - acc: 0.4597
2170/3900 [===============>..............] - ETA: 1s - loss: 2.0974 - acc: 0.4599
2230/3900 [================>.............] - ETA: 1s - loss: 2.0935 - acc: 0.4583
2290/3900 [================>.............] - ETA: 1s - loss: 2.0892 - acc: 0.4633
2350/3900 [=================>............] - ETA: 1s - loss: 2.0849 - acc: 0.4643
2410/3900 [=================>............] - ETA: 1s - loss: 2.0821 - acc: 0.4606
2470/3900 [==================>...........] - ETA: 1s - loss: 2.0794 - acc: 0.4615
2530/3900 [==================>...........] - ETA: 1s - loss: 2.0759 - acc: 0.4628
2590/3900 [==================>...........] - ETA: 1s - loss: 2.0741 - acc: 0.4633
2650/3900 [===================>..........] - ETA: 1s - loss: 2.0719 - acc: 0.4581
2710/3900 [===================>..........] - ETA: 1s - loss: 2.0687 - acc: 0.4598
2770/3900 [====================>.........] - ETA: 1s - loss: 2.0654 - acc: 0.4599
2830/3900 [====================>.........] - ETA: 0s - loss: 2.0615 - acc: 0.4604
2890/3900 [=====================>........] - ETA: 0s - loss: 2.0592 - acc: 0.4561
2950/3900 [=====================>........] - ETA: 0s - loss: 2.0570 - acc: 0.4539
3010/3900 [======================>.......] - ETA: 0s - loss: 2.0540 - acc: 0.4528
3070/3900 [======================>.......] - ETA: 0s - loss: 2.0521 - acc: 0.4537
3130/3900 [=======================>......] - ETA: 0s - loss: 2.0495 - acc: 0.4546
3190/3900 [=======================>......] - ETA: 0s - loss: 2.0465 - acc: 0.4530
3250/3900 [========================>.....] - ETA: 0s - loss: 2.0445 - acc: 0.4498
3310/3900 [========================>.....] - ETA: 0s - loss: 2.0426 - acc: 0.4495
3370/3900 [========================>.....] - ETA: 0s - loss: 2.0401 - acc: 0.4484
3430/3900 [=========================>....] - ETA: 0s - loss: 2.0367 - acc: 0.4487
3490/3900 [=========================>....] - ETA: 0s - loss: 2.0335 - acc: 0.4481
3550/3900 [==========================>...] - ETA: 0s - loss: 2.0311 - acc: 0.4482
3610/3900 [==========================>...] - ETA: 0s - loss: 2.0280 - acc: 0.4490
3670/3900 [===========================>..] - ETA: 0s - loss: 2.0252 - acc: 0.4499
3730/3900 [===========================>..] - ETA: 0s - loss: 2.0224 - acc: 0.4501
3790/3900 [============================>.] - ETA: 0s - loss: 2.0193 - acc: 0.4496
3850/3900 [============================>.] - ETA: 0s - loss: 2.0175 - acc: 0.4470
3900/3900 [==============================] - 4s 923us/step - loss: 2.0165 - acc: 0.4469 - val_loss: 1.9694 - val_acc: 0.2828
Current time ....3.601
Train on 600 samples, validate on 86 samples
Epoch 1/1

 10/600 [..............................] - ETA: 0s - loss: 0.2883 - acc: 1.0000
 70/600 [==>...........................] - ETA: 0s - loss: 0.2752 - acc: 1.0000
130/600 [=====>........................] - ETA: 0s - loss: 0.2847 - acc: 0.9846
190/600 [========>.....................] - ETA: 0s - loss: 0.2806 - acc: 0.9789
250/600 [===========>..................] - ETA: 0s - loss: 0.2787 - acc: 0.9760
310/600 [==============>...............] - ETA: 0s - loss: 0.2750 - acc: 0.9806
370/600 [=================>............] - ETA: 0s - loss: 0.2631 - acc: 0.9838
430/600 [====================>.........] - ETA: 0s - loss: 0.2510 - acc: 0.9860
490/600 [=======================>......] - ETA: 0s - loss: 0.2425 - acc: 0.9857
550/600 [==========================>...] - ETA: 0s - loss: 0.2356 - acc: 0.9855
600/600 [==============================] - 1s 964us/step - loss: 0.2322 - acc: 0.9867 - val_loss: 0.3644 - val_acc: 0.9186
Current time ....0.579
Train on 1200 samples, validate on 68 samples
Epoch 1/1

  10/1200 [..............................] - ETA: 1s - loss: 0.9047 - acc: 0.7000
  70/1200 [>.............................] - ETA: 1s - loss: 0.7188 - acc: 0.8143
 130/1200 [==>...........................] - ETA: 0s - loss: 0.6948 - acc: 0.7692
 190/1200 [===>..........................] - ETA: 0s - loss: 0.6780 - acc: 0.7737
 250/1200 [=====>........................] - ETA: 0s - loss: 0.7062 - acc: 0.7400
 310/1200 [======>.......................] - ETA: 0s - loss: 0.6977 - acc: 0.7548
 370/1200 [========>.....................] - ETA: 0s - loss: 0.7033 - acc: 0.7649
 430/1200 [=========>....................] - ETA: 0s - loss: 0.6926 - acc: 0.7744
 490/1200 [===========>..................] - ETA: 0s - loss: 0.6924 - acc: 0.7837
 550/1200 [============>.................] - ETA: 0s - loss: 0.6805 - acc: 0.7891
 610/1200 [==============>...............] - ETA: 0s - loss: 0.6656 - acc: 0.7934
 670/1200 [===============>..............] - ETA: 0s - loss: 0.6593 - acc: 0.7940
 730/1200 [=================>............] - ETA: 0s - loss: 0.6545 - acc: 0.7945
 790/1200 [==================>...........] - ETA: 0s - loss: 0.6492 - acc: 0.8000
 850/1200 [====================>.........] - ETA: 0s - loss: 0.6398 - acc: 0.8059
 910/1200 [=====================>........] - ETA: 0s - loss: 0.6388 - acc: 0.8066
 970/1200 [=======================>......] - ETA: 0s - loss: 0.6284 - acc: 0.8144
1030/1200 [========================>.....] - ETA: 0s - loss: 0.6235 - acc: 0.8136
1090/1200 [==========================>...] - ETA: 0s - loss: 0.6217 - acc: 0.8128
1150/1200 [===========================>..] - ETA: 0s - loss: 0.6150 - acc: 0.8148
1200/1200 [==============================] - 1s 932us/step - loss: 0.6085 - acc: 0.8167 - val_loss: 0.8791 - val_acc: 0.6176
Current time ....1.118
Train on 3900 samples, validate on 99 samples
Epoch 1/1

  10/3900 [..............................] - ETA: 3s - loss: 1.7028 - acc: 0.5000
  70/3900 [..............................] - ETA: 3s - loss: 1.7748 - acc: 0.4714
 130/3900 [>.............................] - ETA: 3s - loss: 1.7856 - acc: 0.4538
 190/3900 [>.............................] - ETA: 3s - loss: 1.8164 - acc: 0.3947
 250/3900 [>.............................] - ETA: 3s - loss: 1.8265 - acc: 0.3960
 310/3900 [=>............................] - ETA: 3s - loss: 1.8236 - acc: 0.3935
 370/3900 [=>............................] - ETA: 3s - loss: 1.8281 - acc: 0.3946
 430/3900 [==>...........................] - ETA: 3s - loss: 1.8257 - acc: 0.3814
 490/3900 [==>...........................] - ETA: 3s - loss: 1.8272 - acc: 0.3837
 550/3900 [===>..........................] - ETA: 3s - loss: 1.8305 - acc: 0.3800
 610/3900 [===>..........................] - ETA: 2s - loss: 1.8339 - acc: 0.3754
 670/3900 [====>.........................] - ETA: 2s - loss: 1.8290 - acc: 0.3836
 730/3900 [====>.........................] - ETA: 2s - loss: 1.8243 - acc: 0.3945
 790/3900 [=====>........................] - ETA: 2s - loss: 1.8211 - acc: 0.4013
 850/3900 [=====>........................] - ETA: 2s - loss: 1.8206 - acc: 0.3976
 910/3900 [======>.......................] - ETA: 2s - loss: 1.8160 - acc: 0.3989
 970/3900 [======>.......................] - ETA: 2s - loss: 1.8159 - acc: 0.3918
1030/3900 [======>.......................] - ETA: 2s - loss: 1.8153 - acc: 0.3883
1090/3900 [=======>......................] - ETA: 2s - loss: 1.8150 - acc: 0.3881
1150/3900 [=======>......................] - ETA: 2s - loss: 1.8154 - acc: 0.3896
1210/3900 [========>.....................] - ETA: 2s - loss: 1.8168 - acc: 0.3901
1270/3900 [========>.....................] - ETA: 2s - loss: 1.8153 - acc: 0.3929
1330/3900 [=========>....................] - ETA: 2s - loss: 1.8164 - acc: 0.3932
1390/3900 [=========>....................] - ETA: 2s - loss: 1.8161 - acc: 0.3928
1450/3900 [==========>...................] - ETA: 2s - loss: 1.8176 - acc: 0.3903
1510/3900 [==========>...................] - ETA: 2s - loss: 1.8160 - acc: 0.3947
1570/3900 [===========>..................] - ETA: 2s - loss: 1.8154 - acc: 0.3987
1630/3900 [===========>..................] - ETA: 2s - loss: 1.8104 - acc: 0.4025
1690/3900 [============>.................] - ETA: 2s - loss: 1.8120 - acc: 0.4024
1750/3900 [============>.................] - ETA: 1s - loss: 1.8103 - acc: 0.4034
1810/3900 [============>.................] - ETA: 1s - loss: 1.8081 - acc: 0.4077
1870/3900 [=============>................] - ETA: 1s - loss: 1.8055 - acc: 0.4123
1930/3900 [=============>................] - ETA: 1s - loss: 1.8079 - acc: 0.4067
1990/3900 [==============>...............] - ETA: 1s - loss: 1.8078 - acc: 0.4055
2050/3900 [==============>...............] - ETA: 1s - loss: 1.8085 - acc: 0.4044
2110/3900 [===============>..............] - ETA: 1s - loss: 1.8061 - acc: 0.4071
2170/3900 [===============>..............] - ETA: 1s - loss: 1.8047 - acc: 0.4078
2230/3900 [================>.............] - ETA: 1s - loss: 1.8060 - acc: 0.4054
2290/3900 [================>.............] - ETA: 1s - loss: 1.8058 - acc: 0.4057
2350/3900 [=================>............] - ETA: 1s - loss: 1.8036 - acc: 0.4094
2410/3900 [=================>............] - ETA: 1s - loss: 1.8021 - acc: 0.4133
2470/3900 [==================>...........] - ETA: 1s - loss: 1.8005 - acc: 0.4166
2530/3900 [==================>...........] - ETA: 1s - loss: 1.7980 - acc: 0.4202
2590/3900 [==================>...........] - ETA: 1s - loss: 1.7962 - acc: 0.4224
2650/3900 [===================>..........] - ETA: 1s - loss: 1.7961 - acc: 0.4215
2710/3900 [===================>..........] - ETA: 1s - loss: 1.7954 - acc: 0.4236
2770/3900 [====================>.........] - ETA: 1s - loss: 1.7940 - acc: 0.4256
2830/3900 [====================>.........] - ETA: 0s - loss: 1.7915 - acc: 0.4265
2890/3900 [=====================>........] - ETA: 0s - loss: 1.7902 - acc: 0.4260
2950/3900 [=====================>........] - ETA: 0s - loss: 1.7884 - acc: 0.4261
3010/3900 [======================>.......] - ETA: 0s - loss: 1.7868 - acc: 0.4259
3070/3900 [======================>.......] - ETA: 0s - loss: 1.7855 - acc: 0.4257
3130/3900 [=======================>......] - ETA: 0s - loss: 1.7831 - acc: 0.4272
3190/3900 [=======================>......] - ETA: 0s - loss: 1.7830 - acc: 0.4263
3250/3900 [========================>.....] - ETA: 0s - loss: 1.7820 - acc: 0.4274
3310/3900 [========================>.....] - ETA: 0s - loss: 1.7817 - acc: 0.4272
3370/3900 [========================>.....] - ETA: 0s - loss: 1.7803 - acc: 0.4285
3430/3900 [=========================>....] - ETA: 0s - loss: 1.7786 - acc: 0.4303
3490/3900 [=========================>....] - ETA: 0s - loss: 1.7768 - acc: 0.4312
3550/3900 [==========================>...] - ETA: 0s - loss: 1.7763 - acc: 0.4332
3610/3900 [==========================>...] - ETA: 0s - loss: 1.7745 - acc: 0.4346
3670/3900 [===========================>..] - ETA: 0s - loss: 1.7734 - acc: 0.4346
3730/3900 [===========================>..] - ETA: 0s - loss: 1.7721 - acc: 0.4351
3790/3900 [============================>.] - ETA: 0s - loss: 1.7718 - acc: 0.4354
3850/3900 [============================>.] - ETA: 0s - loss: 1.7709 - acc: 0.4364
3900/3900 [==============================] - 4s 922us/step - loss: 1.7713 - acc: 0.4369 - val_loss: 1.7345 - val_acc: 0.5253
Current time ....3.595
Train on 600 samples, validate on 86 samples
Epoch 1/1

 10/600 [..............................] - ETA: 0s - loss: 0.1730 - acc: 1.0000
 70/600 [==>...........................] - ETA: 0s - loss: 0.1797 - acc: 0.9857
130/600 [=====>........................] - ETA: 0s - loss: 0.1703 - acc: 0.9846
190/600 [========>.....................] - ETA: 0s - loss: 0.1638 - acc: 0.9895
250/600 [===========>..................] - ETA: 0s - loss: 0.1593 - acc: 0.9840
310/600 [==============>...............] - ETA: 0s - loss: 0.1536 - acc: 0.9871
370/600 [=================>............] - ETA: 0s - loss: 0.1538 - acc: 0.9865
430/600 [====================>.........] - ETA: 0s - loss: 0.1528 - acc: 0.9860
490/600 [=======================>......] - ETA: 0s - loss: 0.1541 - acc: 0.9857
550/600 [==========================>...] - ETA: 0s - loss: 0.1515 - acc: 0.9855
600/600 [==============================] - 1s 956us/step - loss: 0.1465 - acc: 0.9867 - val_loss: 0.3635 - val_acc: 0.9186
Current time ....0.574
Train on 1200 samples, validate on 68 samples
Epoch 1/1

  10/1200 [..............................] - ETA: 1s - loss: 0.3415 - acc: 1.0000
  70/1200 [>.............................] - ETA: 1s - loss: 0.4169 - acc: 0.9143
 130/1200 [==>...........................] - ETA: 0s - loss: 0.4478 - acc: 0.8846
 190/1200 [===>..........................] - ETA: 0s - loss: 0.4696 - acc: 0.8684
 250/1200 [=====>........................] - ETA: 0s - loss: 0.4693 - acc: 0.8600
 310/1200 [======>.......................] - ETA: 0s - loss: 0.4980 - acc: 0.8419
 370/1200 [========>.....................] - ETA: 0s - loss: 0.4826 - acc: 0.8486
 430/1200 [=========>....................] - ETA: 0s - loss: 0.4769 - acc: 0.8465
 490/1200 [===========>..................] - ETA: 0s - loss: 0.4701 - acc: 0.8531
 550/1200 [============>.................] - ETA: 0s - loss: 0.4566 - acc: 0.8618
 610/1200 [==============>...............] - ETA: 0s - loss: 0.4578 - acc: 0.8623
 670/1200 [===============>..............] - ETA: 0s - loss: 0.4569 - acc: 0.8687
 730/1200 [=================>............] - ETA: 0s - loss: 0.4570 - acc: 0.8671
 790/1200 [==================>...........] - ETA: 0s - loss: 0.4493 - acc: 0.8709
 850/1200 [====================>.........] - ETA: 0s - loss: 0.4492 - acc: 0.8729
 910/1200 [=====================>........] - ETA: 0s - loss: 0.4445 - acc: 0.8758
 970/1200 [=======================>......] - ETA: 0s - loss: 0.4462 - acc: 0.8763
1030/1200 [========================>.....] - ETA: 0s - loss: 0.4493 - acc: 0.8728
1090/1200 [==========================>...] - ETA: 0s - loss: 0.4427 - acc: 0.8752
1150/1200 [===========================>..] - ETA: 0s - loss: 0.4426 - acc: 0.8757
1200/1200 [==============================] - 1s 929us/step - loss: 0.4417 - acc: 0.8750 - val_loss: 0.7044 - val_acc: 0.6765
Current time ....1.115
Train on 3900 samples, validate on 99 samples
Epoch 1/1

  10/3900 [..............................] - ETA: 3s - loss: 1.5783 - acc: 0.5000
  70/3900 [..............................] - ETA: 3s - loss: 1.6671 - acc: 0.5714
 130/3900 [>.............................] - ETA: 3s - loss: 1.6301 - acc: 0.5692
 190/3900 [>.............................] - ETA: 3s - loss: 1.6519 - acc: 0.5421
 250/3900 [>.............................] - ETA: 3s - loss: 1.6513 - acc: 0.5320
 310/3900 [=>............................] - ETA: 3s - loss: 1.6643 - acc: 0.5065
 370/3900 [=>............................] - ETA: 3s - loss: 1.6612 - acc: 0.5081
 430/3900 [==>...........................] - ETA: 3s - loss: 1.6620 - acc: 0.5140
 490/3900 [==>...........................] - ETA: 3s - loss: 1.6568 - acc: 0.5204
 550/3900 [===>..........................] - ETA: 3s - loss: 1.6542 - acc: 0.5182
 610/3900 [===>..........................] - ETA: 3s - loss: 1.6516 - acc: 0.5180
 670/3900 [====>.........................] - ETA: 2s - loss: 1.6455 - acc: 0.5179
 730/3900 [====>.........................] - ETA: 2s - loss: 1.6457 - acc: 0.5082
 790/3900 [=====>........................] - ETA: 2s - loss: 1.6444 - acc: 0.5063
 850/3900 [=====>........................] - ETA: 2s - loss: 1.6441 - acc: 0.5012
 910/3900 [======>.......................] - ETA: 2s - loss: 1.6467 - acc: 0.4967
 970/3900 [======>.......................] - ETA: 2s - loss: 1.6481 - acc: 0.4948
1030/3900 [======>.......................] - ETA: 2s - loss: 1.6474 - acc: 0.4951
1090/3900 [=======>......................] - ETA: 2s - loss: 1.6481 - acc: 0.4963
1150/3900 [=======>......................] - ETA: 2s - loss: 1.6483 - acc: 0.4991
1210/3900 [========>.....................] - ETA: 2s - loss: 1.6451 - acc: 0.5050
1270/3900 [========>.....................] - ETA: 2s - loss: 1.6458 - acc: 0.5047
1330/3900 [=========>....................] - ETA: 2s - loss: 1.6433 - acc: 0.5105
1390/3900 [=========>....................] - ETA: 2s - loss: 1.6419 - acc: 0.5101
1450/3900 [==========>...................] - ETA: 2s - loss: 1.6411 - acc: 0.5103
1510/3900 [==========>...................] - ETA: 2s - loss: 1.6357 - acc: 0.5119
1570/3900 [===========>..................] - ETA: 2s - loss: 1.6394 - acc: 0.5096
1630/3900 [===========>..................] - ETA: 2s - loss: 1.6385 - acc: 0.5104
1690/3900 [============>.................] - ETA: 2s - loss: 1.6331 - acc: 0.5142
1750/3900 [============>.................] - ETA: 1s - loss: 1.6309 - acc: 0.5131
1810/3900 [============>.................] - ETA: 1s - loss: 1.6262 - acc: 0.5171
1870/3900 [=============>................] - ETA: 1s - loss: 1.6229 - acc: 0.5193
1930/3900 [=============>................] - ETA: 1s - loss: 1.6224 - acc: 0.5150
1990/3900 [==============>...............] - ETA: 1s - loss: 1.6202 - acc: 0.5151
2050/3900 [==============>...............] - ETA: 1s - loss: 1.6194 - acc: 0.5122
2110/3900 [===============>..............] - ETA: 1s - loss: 1.6197 - acc: 0.5104
2170/3900 [===============>..............] - ETA: 1s - loss: 1.6207 - acc: 0.5088
2230/3900 [================>.............] - ETA: 1s - loss: 1.6214 - acc: 0.5054
2290/3900 [================>.............] - ETA: 1s - loss: 1.6187 - acc: 0.5092
2350/3900 [=================>............] - ETA: 1s - loss: 1.6171 - acc: 0.5085
2410/3900 [=================>............] - ETA: 1s - loss: 1.6147 - acc: 0.5083
2470/3900 [==================>...........] - ETA: 1s - loss: 1.6144 - acc: 0.5105
2530/3900 [==================>...........] - ETA: 1s - loss: 1.6115 - acc: 0.5146
2590/3900 [==================>...........] - ETA: 1s - loss: 1.6114 - acc: 0.5158
2650/3900 [===================>..........] - ETA: 1s - loss: 1.6107 - acc: 0.5166
2710/3900 [===================>..........] - ETA: 1s - loss: 1.6085 - acc: 0.5181
2770/3900 [====================>.........] - ETA: 1s - loss: 1.6057 - acc: 0.5188
2830/3900 [====================>.........] - ETA: 0s - loss: 1.6044 - acc: 0.5198
2890/3900 [=====================>........] - ETA: 0s - loss: 1.6024 - acc: 0.5211
2950/3900 [=====================>........] - ETA: 0s - loss: 1.6027 - acc: 0.5207
3010/3900 [======================>.......] - ETA: 0s - loss: 1.6013 - acc: 0.5213
3070/3900 [======================>.......] - ETA: 0s - loss: 1.5994 - acc: 0.5215
3130/3900 [=======================>......] - ETA: 0s - loss: 1.5975 - acc: 0.5211
3180/3900 [=======================>......] - ETA: 0s - loss: 1.5948 - acc: 0.5208
3240/3900 [=======================>......] - ETA: 0s - loss: 1.5940 - acc: 0.5222
3300/3900 [========================>.....] - ETA: 0s - loss: 1.5922 - acc: 0.5215
3360/3900 [========================>.....] - ETA: 0s - loss: 1.5919 - acc: 0.5220
3420/3900 [=========================>....] - ETA: 0s - loss: 1.5898 - acc: 0.5243
3480/3900 [=========================>....] - ETA: 0s - loss: 1.5899 - acc: 0.5244
3540/3900 [==========================>...] - ETA: 0s - loss: 1.5895 - acc: 0.5232
3600/3900 [==========================>...] - ETA: 0s - loss: 1.5854 - acc: 0.5247
3660/3900 [===========================>..] - ETA: 0s - loss: 1.5834 - acc: 0.5257
3720/3900 [===========================>..] - ETA: 0s - loss: 1.5830 - acc: 0.5266
3780/3900 [============================>.] - ETA: 0s - loss: 1.5799 - acc: 0.5291
3840/3900 [============================>.] - ETA: 0s - loss: 1.5782 - acc: 0.5299
3900/3900 [==============================] - 4s 924us/step - loss: 1.5748 - acc: 0.5318 - val_loss: 1.7575 - val_acc: 0.4040
Current time ....3.604
Train on 600 samples, validate on 86 samples
Epoch 1/1

 10/600 [..............................] - ETA: 0s - loss: 0.1058 - acc: 1.0000
 70/600 [==>...........................] - ETA: 0s - loss: 0.1075 - acc: 1.0000
130/600 [=====>........................] - ETA: 0s - loss: 0.1047 - acc: 1.0000
190/600 [========>.....................] - ETA: 0s - loss: 0.1005 - acc: 1.0000
250/600 [===========>..................] - ETA: 0s - loss: 0.1058 - acc: 0.9920
310/600 [==============>...............] - ETA: 0s - loss: 0.1087 - acc: 0.9903
370/600 [=================>............] - ETA: 0s - loss: 0.1021 - acc: 0.9919
430/600 [====================>.........] - ETA: 0s - loss: 0.1000 - acc: 0.9930
490/600 [=======================>......] - ETA: 0s - loss: 0.0987 - acc: 0.9939
550/600 [==========================>...] - ETA: 0s - loss: 0.0995 - acc: 0.9909
600/600 [==============================] - 1s 949us/step - loss: 0.0995 - acc: 0.9900 - val_loss: 0.3975 - val_acc: 0.9070
Current time ....0.570
Train on 1200 samples, validate on 68 samples
Epoch 1/1

  10/1200 [..............................] - ETA: 1s - loss: 0.5548 - acc: 0.9000
  70/1200 [>.............................] - ETA: 1s - loss: 0.3590 - acc: 0.8857
 130/1200 [==>...........................] - ETA: 0s - loss: 0.3281 - acc: 0.9000
 190/1200 [===>..........................] - ETA: 0s - loss: 0.3325 - acc: 0.9158
 250/1200 [=====>........................] - ETA: 0s - loss: 0.3597 - acc: 0.9000
 310/1200 [======>.......................] - ETA: 0s - loss: 0.3666 - acc: 0.9000
 370/1200 [========>.....................] - ETA: 0s - loss: 0.3636 - acc: 0.9054
 430/1200 [=========>....................] - ETA: 0s - loss: 0.3592 - acc: 0.9093
 490/1200 [===========>..................] - ETA: 0s - loss: 0.3534 - acc: 0.9020
 550/1200 [============>.................] - ETA: 0s - loss: 0.3435 - acc: 0.9055
 610/1200 [==============>...............] - ETA: 0s - loss: 0.3393 - acc: 0.9066
 670/1200 [===============>..............] - ETA: 0s - loss: 0.3370 - acc: 0.9090
 730/1200 [=================>............] - ETA: 0s - loss: 0.3261 - acc: 0.9123
 790/1200 [==================>...........] - ETA: 0s - loss: 0.3241 - acc: 0.9139
 850/1200 [====================>.........] - ETA: 0s - loss: 0.3226 - acc: 0.9153
 910/1200 [=====================>........] - ETA: 0s - loss: 0.3155 - acc: 0.9187
 970/1200 [=======================>......] - ETA: 0s - loss: 0.3164 - acc: 0.9165
1030/1200 [========================>.....] - ETA: 0s - loss: 0.3188 - acc: 0.9175
1090/1200 [==========================>...] - ETA: 0s - loss: 0.3205 - acc: 0.9165
1150/1200 [===========================>..] - ETA: 0s - loss: 0.3189 - acc: 0.9183
1200/1200 [==============================] - 1s 926us/step - loss: 0.3175 - acc: 0.9167 - val_loss: 0.6783 - val_acc: 0.6618
Current time ....1.112
Train on 3900 samples, validate on 99 samples
Epoch 1/1

  10/3900 [..............................] - ETA: 3s - loss: 1.5461 - acc: 0.4000
  70/3900 [..............................] - ETA: 3s - loss: 1.4104 - acc: 0.5571
 130/3900 [>.............................] - ETA: 3s - loss: 1.4450 - acc: 0.5692
 190/3900 [>.............................] - ETA: 3s - loss: 1.4179 - acc: 0.6000
 250/3900 [>.............................] - ETA: 3s - loss: 1.4389 - acc: 0.6040
 310/3900 [=>............................] - ETA: 3s - loss: 1.4594 - acc: 0.6000
 370/3900 [=>............................] - ETA: 3s - loss: 1.4589 - acc: 0.5919
 430/3900 [==>...........................] - ETA: 3s - loss: 1.4504 - acc: 0.5907
 490/3900 [==>...........................] - ETA: 3s - loss: 1.4489 - acc: 0.5918
 550/3900 [===>..........................] - ETA: 3s - loss: 1.4437 - acc: 0.5909
 610/3900 [===>..........................] - ETA: 3s - loss: 1.4429 - acc: 0.5820
 670/3900 [====>.........................] - ETA: 2s - loss: 1.4501 - acc: 0.5776
 730/3900 [====>.........................] - ETA: 2s - loss: 1.4444 - acc: 0.5767
 790/3900 [=====>........................] - ETA: 2s - loss: 1.4429 - acc: 0.5772
 850/3900 [=====>........................] - ETA: 2s - loss: 1.4471 - acc: 0.5729
 910/3900 [======>.......................] - ETA: 2s - loss: 1.4365 - acc: 0.5780
 970/3900 [======>.......................] - ETA: 2s - loss: 1.4370 - acc: 0.5711
1030/3900 [======>.......................] - ETA: 2s - loss: 1.4354 - acc: 0.5650
1090/3900 [=======>......................] - ETA: 2s - loss: 1.4284 - acc: 0.5661
1150/3900 [=======>......................] - ETA: 2s - loss: 1.4239 - acc: 0.5678
1210/3900 [========>.....................] - ETA: 2s - loss: 1.4190 - acc: 0.5702
1270/3900 [========>.....................] - ETA: 2s - loss: 1.4150 - acc: 0.5740
1330/3900 [=========>....................] - ETA: 2s - loss: 1.4186 - acc: 0.5714
1390/3900 [=========>....................] - ETA: 2s - loss: 1.4142 - acc: 0.5734
1450/3900 [==========>...................] - ETA: 2s - loss: 1.4111 - acc: 0.5752
1510/3900 [==========>...................] - ETA: 2s - loss: 1.4123 - acc: 0.5722
1570/3900 [===========>..................] - ETA: 2s - loss: 1.4111 - acc: 0.5707
1630/3900 [===========>..................] - ETA: 2s - loss: 1.4120 - acc: 0.5669
1690/3900 [============>.................] - ETA: 2s - loss: 1.4113 - acc: 0.5663
1750/3900 [============>.................] - ETA: 1s - loss: 1.4111 - acc: 0.5640
1810/3900 [============>.................] - ETA: 1s - loss: 1.4098 - acc: 0.5624
1870/3900 [=============>................] - ETA: 1s - loss: 1.4094 - acc: 0.5636
1930/3900 [=============>................] - ETA: 1s - loss: 1.4060 - acc: 0.5627
1990/3900 [==============>...............] - ETA: 1s - loss: 1.4032 - acc: 0.5633
2050/3900 [==============>...............] - ETA: 1s - loss: 1.4012 - acc: 0.5649
2110/3900 [===============>..............] - ETA: 1s - loss: 1.4007 - acc: 0.5649
2170/3900 [===============>..............] - ETA: 1s - loss: 1.3981 - acc: 0.5664
2230/3900 [================>.............] - ETA: 1s - loss: 1.3949 - acc: 0.5691
2290/3900 [================>.............] - ETA: 1s - loss: 1.3927 - acc: 0.5677
2350/3900 [=================>............] - ETA: 1s - loss: 1.3905 - acc: 0.5689
2410/3900 [=================>............] - ETA: 1s - loss: 1.3864 - acc: 0.5710
2470/3900 [==================>...........] - ETA: 1s - loss: 1.3865 - acc: 0.5696
2530/3900 [==================>...........] - ETA: 1s - loss: 1.3838 - acc: 0.5715
2590/3900 [==================>...........] - ETA: 1s - loss: 1.3819 - acc: 0.5730
2650/3900 [===================>..........] - ETA: 1s - loss: 1.3785 - acc: 0.5758
2710/3900 [===================>..........] - ETA: 1s - loss: 1.3770 - acc: 0.5768
2770/3900 [====================>.........] - ETA: 1s - loss: 1.3742 - acc: 0.5776
2830/3900 [====================>.........] - ETA: 0s - loss: 1.3709 - acc: 0.5799
2890/3900 [=====================>........] - ETA: 0s - loss: 1.3676 - acc: 0.5813
2950/3900 [=====================>........] - ETA: 0s - loss: 1.3660 - acc: 0.5820
3010/3900 [======================>.......] - ETA: 0s - loss: 1.3634 - acc: 0.5821
3070/3900 [======================>.......] - ETA: 0s - loss: 1.3635 - acc: 0.5824
3130/3900 [=======================>......] - ETA: 0s - loss: 1.3629 - acc: 0.5815
3190/3900 [=======================>......] - ETA: 0s - loss: 1.3571 - acc: 0.5846
3250/3900 [========================>.....] - ETA: 0s - loss: 1.3527 - acc: 0.5877
3310/3900 [========================>.....] - ETA: 0s - loss: 1.3513 - acc: 0.5885
3370/3900 [========================>.....] - ETA: 0s - loss: 1.3506 - acc: 0.5899
3430/3900 [=========================>....] - ETA: 0s - loss: 1.3482 - acc: 0.5898
3490/3900 [=========================>....] - ETA: 0s - loss: 1.3466 - acc: 0.5900
3550/3900 [==========================>...] - ETA: 0s - loss: 1.3444 - acc: 0.5910
3610/3900 [==========================>...] - ETA: 0s - loss: 1.3442 - acc: 0.5892
3670/3900 [===========================>..] - ETA: 0s - loss: 1.3417 - acc: 0.5902
3730/3900 [===========================>..] - ETA: 0s - loss: 1.3409 - acc: 0.5903
3790/3900 [============================>.] - ETA: 0s - loss: 1.3404 - acc: 0.5894
3850/3900 [============================>.] - ETA: 0s - loss: 1.3375 - acc: 0.5912
3900/3900 [==============================] - 4s 923us/step - loss: 1.3362 - acc: 0.5918 - val_loss: 1.6856 - val_acc: 0.4444
Current time ....3.600
Train on 600 samples, validate on 86 samples
Epoch 1/1

 10/600 [..............................] - ETA: 0s - loss: 0.1129 - acc: 1.0000
 70/600 [==>...........................] - ETA: 0s - loss: 0.0782 - acc: 0.9857
130/600 [=====>........................] - ETA: 0s - loss: 0.0919 - acc: 0.9769
190/600 [========>.....................] - ETA: 0s - loss: 0.0879 - acc: 0.9842
250/600 [===========>..................] - ETA: 0s - loss: 0.0814 - acc: 0.9880
310/600 [==============>...............] - ETA: 0s - loss: 0.0790 - acc: 0.9903
370/600 [=================>............] - ETA: 0s - loss: 0.0763 - acc: 0.9919
430/600 [====================>.........] - ETA: 0s - loss: 0.0735 - acc: 0.9930
490/600 [=======================>......] - ETA: 0s - loss: 0.0737 - acc: 0.9939
550/600 [==========================>...] - ETA: 0s - loss: 0.0724 - acc: 0.9945
600/600 [==============================] - 1s 950us/step - loss: 0.0728 - acc: 0.9933 - val_loss: 0.4088 - val_acc: 0.9186
Current time ....0.570
Train on 1200 samples, validate on 68 samples
Epoch 1/1

  10/1200 [..............................] - ETA: 1s - loss: 0.2826 - acc: 0.9000
  70/1200 [>.............................] - ETA: 1s - loss: 0.2862 - acc: 0.9429
 130/1200 [==>...........................] - ETA: 0s - loss: 0.2674 - acc: 0.9462
 190/1200 [===>..........................] - ETA: 0s - loss: 0.2662 - acc: 0.9421
 250/1200 [=====>........................] - ETA: 0s - loss: 0.2449 - acc: 0.9480
 310/1200 [======>.......................] - ETA: 0s - loss: 0.2359 - acc: 0.9516
 370/1200 [========>.....................] - ETA: 0s - loss: 0.2407 - acc: 0.9541
 430/1200 [=========>....................] - ETA: 0s - loss: 0.2478 - acc: 0.9488
 490/1200 [===========>..................] - ETA: 0s - loss: 0.2462 - acc: 0.9490
 550/1200 [============>.................] - ETA: 0s - loss: 0.2411 - acc: 0.9509
 610/1200 [==============>...............] - ETA: 0s - loss: 0.2382 - acc: 0.9541
 670/1200 [===============>..............] - ETA: 0s - loss: 0.2369 - acc: 0.9552
 730/1200 [=================>............] - ETA: 0s - loss: 0.2375 - acc: 0.9507
 790/1200 [==================>...........] - ETA: 0s - loss: 0.2318 - acc: 0.9544
 850/1200 [====================>.........] - ETA: 0s - loss: 0.2319 - acc: 0.9529
 910/1200 [=====================>........] - ETA: 0s - loss: 0.2378 - acc: 0.9473
 970/1200 [=======================>......] - ETA: 0s - loss: 0.2506 - acc: 0.9433
1030/1200 [========================>.....] - ETA: 0s - loss: 0.2489 - acc: 0.9447
1090/1200 [==========================>...] - ETA: 0s - loss: 0.2467 - acc: 0.9468
1150/1200 [===========================>..] - ETA: 0s - loss: 0.2418 - acc: 0.9470
1200/1200 [==============================] - 1s 934us/step - loss: 0.2401 - acc: 0.9467 - val_loss: 0.8194 - val_acc: 0.6618
Current time ....1.121
Train on 3900 samples, validate on 99 samples
Epoch 1/1

  10/3900 [..............................] - ETA: 3s - loss: 1.2719 - acc: 0.8000
  70/3900 [..............................] - ETA: 3s - loss: 1.2451 - acc: 0.6857
 130/3900 [>.............................] - ETA: 3s - loss: 1.2606 - acc: 0.6538
 190/3900 [>.............................] - ETA: 3s - loss: 1.2248 - acc: 0.6474
 250/3900 [>.............................] - ETA: 3s - loss: 1.2189 - acc: 0.6320
 310/3900 [=>............................] - ETA: 3s - loss: 1.1996 - acc: 0.6387
 370/3900 [=>............................] - ETA: 3s - loss: 1.1854 - acc: 0.6432
 430/3900 [==>...........................] - ETA: 3s - loss: 1.1747 - acc: 0.6488
 490/3900 [==>...........................] - ETA: 3s - loss: 1.1844 - acc: 0.6429
 550/3900 [===>..........................] - ETA: 3s - loss: 1.1832 - acc: 0.6527
 610/3900 [===>..........................] - ETA: 3s - loss: 1.2036 - acc: 0.6344
 670/3900 [====>.........................] - ETA: 2s - loss: 1.1831 - acc: 0.6493
 730/3900 [====>.........................] - ETA: 2s - loss: 1.1859 - acc: 0.6452
 790/3900 [=====>........................] - ETA: 2s - loss: 1.1810 - acc: 0.6468
 850/3900 [=====>........................] - ETA: 2s - loss: 1.1806 - acc: 0.6447
 910/3900 [======>.......................] - ETA: 2s - loss: 1.1806 - acc: 0.6429
 970/3900 [======>.......................] - ETA: 2s - loss: 1.1827 - acc: 0.6423
1030/3900 [======>.......................] - ETA: 2s - loss: 1.1801 - acc: 0.6417
1090/3900 [=======>......................] - ETA: 2s - loss: 1.1801 - acc: 0.6431
1150/3900 [=======>......................] - ETA: 2s - loss: 1.1750 - acc: 0.6426
1210/3900 [========>.....................] - ETA: 2s - loss: 1.1672 - acc: 0.6455
1270/3900 [========>.....................] - ETA: 2s - loss: 1.1664 - acc: 0.6457
1330/3900 [=========>....................] - ETA: 2s - loss: 1.1715 - acc: 0.6398
1390/3900 [=========>....................] - ETA: 2s - loss: 1.1706 - acc: 0.6396
1450/3900 [==========>...................] - ETA: 2s - loss: 1.1702 - acc: 0.6386
1510/3900 [==========>...................] - ETA: 2s - loss: 1.1632 - acc: 0.6411
1570/3900 [===========>..................] - ETA: 2s - loss: 1.1668 - acc: 0.6414
1630/3900 [===========>..................] - ETA: 2s - loss: 1.1668 - acc: 0.6417
1690/3900 [============>.................] - ETA: 2s - loss: 1.1687 - acc: 0.6408
1750/3900 [============>.................] - ETA: 1s - loss: 1.1696 - acc: 0.6406
1810/3900 [============>.................] - ETA: 1s - loss: 1.1679 - acc: 0.6414
1870/3900 [=============>................] - ETA: 1s - loss: 1.1630 - acc: 0.6439
1930/3900 [=============>................] - ETA: 1s - loss: 1.1616 - acc: 0.6435
1990/3900 [==============>...............] - ETA: 1s - loss: 1.1583 - acc: 0.6442
2050/3900 [==============>...............] - ETA: 1s - loss: 1.1550 - acc: 0.6449
2110/3900 [===============>..............] - ETA: 1s - loss: 1.1540 - acc: 0.6436
2170/3900 [===============>..............] - ETA: 1s - loss: 1.1499 - acc: 0.6465
2230/3900 [================>.............] - ETA: 1s - loss: 1.1516 - acc: 0.6453
2290/3900 [================>.............] - ETA: 1s - loss: 1.1468 - acc: 0.6476
2350/3900 [=================>............] - ETA: 1s - loss: 1.1429 - acc: 0.6485
2410/3900 [=================>............] - ETA: 1s - loss: 1.1392 - acc: 0.6494
2470/3900 [==================>...........] - ETA: 1s - loss: 1.1374 - acc: 0.6498
2530/3900 [==================>...........] - ETA: 1s - loss: 1.1377 - acc: 0.6494
2590/3900 [==================>...........] - ETA: 1s - loss: 1.1377 - acc: 0.6479
2650/3900 [===================>..........] - ETA: 1s - loss: 1.1384 - acc: 0.6468
2710/3900 [===================>..........] - ETA: 1s - loss: 1.1348 - acc: 0.6487
2770/3900 [====================>.........] - ETA: 1s - loss: 1.1334 - acc: 0.6484
2830/3900 [====================>.........] - ETA: 0s - loss: 1.1316 - acc: 0.6491
2890/3900 [=====================>........] - ETA: 0s - loss: 1.1336 - acc: 0.6464
2950/3900 [=====================>........] - ETA: 0s - loss: 1.1305 - acc: 0.6471
3010/3900 [======================>.......] - ETA: 0s - loss: 1.1273 - acc: 0.6475
3070/3900 [======================>.......] - ETA: 0s - loss: 1.1251 - acc: 0.6472
3130/3900 [=======================>......] - ETA: 0s - loss: 1.1222 - acc: 0.6473
3190/3900 [=======================>......] - ETA: 0s - loss: 1.1249 - acc: 0.6451
3250/3900 [========================>.....] - ETA: 0s - loss: 1.1220 - acc: 0.6465
3310/3900 [========================>.....] - ETA: 0s - loss: 1.1223 - acc: 0.6450
3370/3900 [========================>.....] - ETA: 0s - loss: 1.1193 - acc: 0.6451
3430/3900 [=========================>....] - ETA: 0s - loss: 1.1156 - acc: 0.6461
3490/3900 [=========================>....] - ETA: 0s - loss: 1.1148 - acc: 0.6467
3550/3900 [==========================>...] - ETA: 0s - loss: 1.1114 - acc: 0.6473
3610/3900 [==========================>...] - ETA: 0s - loss: 1.1111 - acc: 0.6479
3670/3900 [===========================>..] - ETA: 0s - loss: 1.1077 - acc: 0.6488
3730/3900 [===========================>..] - ETA: 0s - loss: 1.1040 - acc: 0.6504
3790/3900 [============================>.] - ETA: 0s - loss: 1.1046 - acc: 0.6493
3850/3900 [============================>.] - ETA: 0s - loss: 1.1035 - acc: 0.6499
3900/3900 [==============================] - 4s 922us/step - loss: 1.1018 - acc: 0.6505 - val_loss: 1.7448 - val_acc: 0.3232
Current time ....3.596
Train on 600 samples, validate on 86 samples
Epoch 1/1

 10/600 [..............................] - ETA: 0s - loss: 0.0274 - acc: 1.0000
 70/600 [==>...........................] - ETA: 0s - loss: 0.0536 - acc: 1.0000
130/600 [=====>........................] - ETA: 0s - loss: 0.0588 - acc: 1.0000
190/600 [========>.....................] - ETA: 0s - loss: 0.0507 - acc: 1.0000
250/600 [===========>..................] - ETA: 0s - loss: 0.0536 - acc: 0.9960
310/600 [==============>...............] - ETA: 0s - loss: 0.0528 - acc: 0.9968
370/600 [=================>............] - ETA: 0s - loss: 0.0502 - acc: 0.9973
430/600 [====================>.........] - ETA: 0s - loss: 0.0487 - acc: 0.9977
490/600 [=======================>......] - ETA: 0s - loss: 0.0522 - acc: 0.9939
550/600 [==========================>...] - ETA: 0s - loss: 0.0533 - acc: 0.9945
600/600 [==============================] - 1s 947us/step - loss: 0.0531 - acc: 0.9933 - val_loss: 0.4024 - val_acc: 0.9302
Current time ....0.569
Train on 1200 samples, validate on 68 samples
Epoch 1/1

  10/1200 [..............................] - ETA: 1s - loss: 0.3269 - acc: 0.9000
  70/1200 [>.............................] - ETA: 1s - loss: 0.2788 - acc: 0.9286
 130/1200 [==>...........................] - ETA: 0s - loss: 0.2466 - acc: 0.9385
 190/1200 [===>..........................] - ETA: 0s - loss: 0.2194 - acc: 0.9474
 250/1200 [=====>........................] - ETA: 0s - loss: 0.2067 - acc: 0.9520
 310/1200 [======>.......................] - ETA: 0s - loss: 0.2032 - acc: 0.9516
 370/1200 [========>.....................] - ETA: 0s - loss: 0.2013 - acc: 0.9514
 430/1200 [=========>....................] - ETA: 0s - loss: 0.1945 - acc: 0.9558
 490/1200 [===========>..................] - ETA: 0s - loss: 0.1918 - acc: 0.9592
 550/1200 [============>.................] - ETA: 0s - loss: 0.1902 - acc: 0.9600
 610/1200 [==============>...............] - ETA: 0s - loss: 0.1864 - acc: 0.9639
 670/1200 [===============>..............] - ETA: 0s - loss: 0.1863 - acc: 0.9642
 730/1200 [=================>............] - ETA: 0s - loss: 0.1792 - acc: 0.9671
 790/1200 [==================>...........] - ETA: 0s - loss: 0.1766 - acc: 0.9671
 850/1200 [====================>.........] - ETA: 0s - loss: 0.1785 - acc: 0.9647
 910/1200 [=====================>........] - ETA: 0s - loss: 0.1796 - acc: 0.9626
 970/1200 [=======================>......] - ETA: 0s - loss: 0.1756 - acc: 0.9629
1030/1200 [========================>.....] - ETA: 0s - loss: 0.1766 - acc: 0.9621
1090/1200 [==========================>...] - ETA: 0s - loss: 0.1740 - acc: 0.9633
1150/1200 [===========================>..] - ETA: 0s - loss: 0.1726 - acc: 0.9635
1200/1200 [==============================] - 1s 929us/step - loss: 0.1717 - acc: 0.9633 - val_loss: 0.9710 - val_acc: 0.6618
Current time ....1.115
Train on 3900 samples, validate on 99 samples
Epoch 1/1

  10/3900 [..............................] - ETA: 4s - loss: 1.1881 - acc: 0.6000
  70/3900 [..............................] - ETA: 3s - loss: 1.1648 - acc: 0.6000
 130/3900 [>.............................] - ETA: 3s - loss: 1.1042 - acc: 0.6154
 190/3900 [>.............................] - ETA: 3s - loss: 1.0950 - acc: 0.6316
 250/3900 [>.............................] - ETA: 3s - loss: 1.0778 - acc: 0.6360
 310/3900 [=>............................] - ETA: 3s - loss: 1.0506 - acc: 0.6548
 370/3900 [=>............................] - ETA: 3s - loss: 1.0551 - acc: 0.6514
 430/3900 [==>...........................] - ETA: 3s - loss: 1.0127 - acc: 0.6744
 490/3900 [==>...........................] - ETA: 3s - loss: 1.0003 - acc: 0.6816
 550/3900 [===>..........................] - ETA: 3s - loss: 0.9999 - acc: 0.6836
 610/3900 [===>..........................] - ETA: 3s - loss: 0.9868 - acc: 0.6885
 670/3900 [====>.........................] - ETA: 2s - loss: 0.9859 - acc: 0.6881
 730/3900 [====>.........................] - ETA: 2s - loss: 0.9828 - acc: 0.6945
 790/3900 [=====>........................] - ETA: 2s - loss: 0.9867 - acc: 0.6899
 850/3900 [=====>........................] - ETA: 2s - loss: 0.9792 - acc: 0.6894
 910/3900 [======>.......................] - ETA: 2s - loss: 0.9847 - acc: 0.6846
 970/3900 [======>.......................] - ETA: 2s - loss: 0.9852 - acc: 0.6856
1030/3900 [======>.......................] - ETA: 2s - loss: 0.9807 - acc: 0.6864
1090/3900 [=======>......................] - ETA: 2s - loss: 0.9736 - acc: 0.6890
1150/3900 [=======>......................] - ETA: 2s - loss: 0.9769 - acc: 0.6878
1210/3900 [========>.....................] - ETA: 2s - loss: 0.9770 - acc: 0.6876
1270/3900 [========>.....................] - ETA: 2s - loss: 0.9733 - acc: 0.6913
1330/3900 [=========>....................] - ETA: 2s - loss: 0.9661 - acc: 0.6925
1390/3900 [=========>....................] - ETA: 2s - loss: 0.9619 - acc: 0.6921
1450/3900 [==========>...................] - ETA: 2s - loss: 0.9559 - acc: 0.6972
1510/3900 [==========>...................] - ETA: 2s - loss: 0.9619 - acc: 0.6940
1570/3900 [===========>..................] - ETA: 2s - loss: 0.9623 - acc: 0.6943
1630/3900 [===========>..................] - ETA: 2s - loss: 0.9549 - acc: 0.6982
1690/3900 [============>.................] - ETA: 2s - loss: 0.9540 - acc: 0.6953
1750/3900 [============>.................] - ETA: 1s - loss: 0.9533 - acc: 0.6943
1810/3900 [============>.................] - ETA: 1s - loss: 0.9489 - acc: 0.6961
1870/3900 [=============>................] - ETA: 1s - loss: 0.9482 - acc: 0.6957
1930/3900 [=============>................] - ETA: 1s - loss: 0.9480 - acc: 0.6959
1990/3900 [==============>...............] - ETA: 1s - loss: 0.9444 - acc: 0.6965
2050/3900 [==============>...............] - ETA: 1s - loss: 0.9434 - acc: 0.6971
2110/3900 [===============>..............] - ETA: 1s - loss: 0.9374 - acc: 0.7005
2170/3900 [===============>..............] - ETA: 1s - loss: 0.9355 - acc: 0.7018
2230/3900 [================>.............] - ETA: 1s - loss: 0.9329 - acc: 0.7031
2290/3900 [================>.............] - ETA: 1s - loss: 0.9348 - acc: 0.7013
2350/3900 [=================>............] - ETA: 1s - loss: 0.9334 - acc: 0.7030
2410/3900 [=================>............] - ETA: 1s - loss: 0.9322 - acc: 0.7037
2470/3900 [==================>...........] - ETA: 1s - loss: 0.9310 - acc: 0.7040
2530/3900 [==================>...........] - ETA: 1s - loss: 0.9288 - acc: 0.7055
2590/3900 [==================>...........] - ETA: 1s - loss: 0.9294 - acc: 0.7058
2650/3900 [===================>..........] - ETA: 1s - loss: 0.9256 - acc: 0.7072
2710/3900 [===================>..........] - ETA: 1s - loss: 0.9252 - acc: 0.7063
2770/3900 [====================>.........] - ETA: 1s - loss: 0.9233 - acc: 0.7079
2830/3900 [====================>.........] - ETA: 0s - loss: 0.9224 - acc: 0.7067
2890/3900 [=====================>........] - ETA: 0s - loss: 0.9248 - acc: 0.7055
2950/3900 [=====================>........] - ETA: 0s - loss: 0.9255 - acc: 0.7047
3010/3900 [======================>.......] - ETA: 0s - loss: 0.9232 - acc: 0.7060
3070/3900 [======================>.......] - ETA: 0s - loss: 0.9232 - acc: 0.7065
3130/3900 [=======================>......] - ETA: 0s - loss: 0.9210 - acc: 0.7077
3190/3900 [=======================>......] - ETA: 0s - loss: 0.9167 - acc: 0.7094
3250/3900 [========================>.....] - ETA: 0s - loss: 0.9163 - acc: 0.7095
3310/3900 [========================>.....] - ETA: 0s - loss: 0.9136 - acc: 0.7112
3370/3900 [========================>.....] - ETA: 0s - loss: 0.9122 - acc: 0.7122
3430/3900 [=========================>....] - ETA: 0s - loss: 0.9107 - acc: 0.7131
3490/3900 [=========================>....] - ETA: 0s - loss: 0.9087 - acc: 0.7129
3550/3900 [==========================>...] - ETA: 0s - loss: 0.9074 - acc: 0.7135
3610/3900 [==========================>...] - ETA: 0s - loss: 0.9047 - acc: 0.7147
3670/3900 [===========================>..] - ETA: 0s - loss: 0.9031 - acc: 0.7155
3730/3900 [===========================>..] - ETA: 0s - loss: 0.9006 - acc: 0.7166
3790/3900 [============================>.] - ETA: 0s - loss: 0.8980 - acc: 0.7174
3850/3900 [============================>.] - ETA: 0s - loss: 0.8979 - acc: 0.7177
3900/3900 [==============================] - 4s 923us/step - loss: 0.8959 - acc: 0.7187 - val_loss: 1.4608 - val_acc: 0.4646
Current time ....3.601
Train on 600 samples, validate on 86 samples
Epoch 1/1

 10/600 [..............................] - ETA: 0s - loss: 0.0406 - acc: 1.0000
 70/600 [==>...........................] - ETA: 0s - loss: 0.0371 - acc: 1.0000
130/600 [=====>........................] - ETA: 0s - loss: 0.0373 - acc: 1.0000
190/600 [========>.....................] - ETA: 0s - loss: 0.0420 - acc: 1.0000
250/600 [===========>..................] - ETA: 0s - loss: 0.0479 - acc: 0.9920
310/600 [==============>...............] - ETA: 0s - loss: 0.0480 - acc: 0.9903
370/600 [=================>............] - ETA: 0s - loss: 0.0445 - acc: 0.9919
430/600 [====================>.........] - ETA: 0s - loss: 0.0440 - acc: 0.9930
490/600 [=======================>......] - ETA: 0s - loss: 0.0438 - acc: 0.9939
550/600 [==========================>...] - ETA: 0s - loss: 0.0437 - acc: 0.9927
600/600 [==============================] - 1s 951us/step - loss: 0.0418 - acc: 0.9933 - val_loss: 0.4384 - val_acc: 0.9186
Current time ....0.571
Train on 1200 samples, validate on 68 samples
Epoch 1/1

  10/1200 [..............................] - ETA: 1s - loss: 0.1772 - acc: 0.9000
  70/1200 [>.............................] - ETA: 1s - loss: 0.1233 - acc: 0.9714
 130/1200 [==>...........................] - ETA: 0s - loss: 0.1177 - acc: 0.9769
 190/1200 [===>..........................] - ETA: 0s - loss: 0.1128 - acc: 0.9842
 250/1200 [=====>........................] - ETA: 0s - loss: 0.1074 - acc: 0.9880
 310/1200 [======>.......................] - ETA: 0s - loss: 0.1162 - acc: 0.9806
 370/1200 [========>.....................] - ETA: 0s - loss: 0.1123 - acc: 0.9838
 430/1200 [=========>....................] - ETA: 0s - loss: 0.1124 - acc: 0.9860
 490/1200 [===========>..................] - ETA: 0s - loss: 0.1127 - acc: 0.9837
 550/1200 [============>.................] - ETA: 0s - loss: 0.1137 - acc: 0.9836
 610/1200 [==============>...............] - ETA: 0s - loss: 0.1143 - acc: 0.9852
 670/1200 [===============>..............] - ETA: 0s - loss: 0.1162 - acc: 0.9836
 730/1200 [=================>............] - ETA: 0s - loss: 0.1157 - acc: 0.9849
 790/1200 [==================>...........] - ETA: 0s - loss: 0.1116 - acc: 0.9861
 850/1200 [====================>.........] - ETA: 0s - loss: 0.1125 - acc: 0.9871
 910/1200 [=====================>........] - ETA: 0s - loss: 0.1128 - acc: 0.9857
 970/1200 [=======================>......] - ETA: 0s - loss: 0.1162 - acc: 0.9835
1030/1200 [========================>.....] - ETA: 0s - loss: 0.1161 - acc: 0.9835
1090/1200 [==========================>...] - ETA: 0s - loss: 0.1190 - acc: 0.9826
1150/1200 [===========================>..] - ETA: 0s - loss: 0.1198 - acc: 0.9817
1200/1200 [==============================] - 1s 932us/step - loss: 0.1192 - acc: 0.9817 - val_loss: 0.7162 - val_acc: 0.7353
Current time ....1.119
Train on 3900 samples, validate on 99 samples
Epoch 1/1

  10/3900 [..............................] - ETA: 3s - loss: 0.9042 - acc: 0.6000
  70/3900 [..............................] - ETA: 3s - loss: 0.7769 - acc: 0.7286
 130/3900 [>.............................] - ETA: 3s - loss: 0.7270 - acc: 0.7615
 190/3900 [>.............................] - ETA: 3s - loss: 0.7365 - acc: 0.7526
 250/3900 [>.............................] - ETA: 3s - loss: 0.7980 - acc: 0.7240
 310/3900 [=>............................] - ETA: 3s - loss: 0.8129 - acc: 0.7129
 370/3900 [=>............................] - ETA: 3s - loss: 0.8118 - acc: 0.7216
 430/3900 [==>...........................] - ETA: 3s - loss: 0.8054 - acc: 0.7233
 490/3900 [==>...........................] - ETA: 3s - loss: 0.8118 - acc: 0.7143
 550/3900 [===>..........................] - ETA: 3s - loss: 0.8095 - acc: 0.7200
 610/3900 [===>..........................] - ETA: 3s - loss: 0.8051 - acc: 0.7230
 670/3900 [====>.........................] - ETA: 2s - loss: 0.7929 - acc: 0.7269
 730/3900 [====>.........................] - ETA: 2s - loss: 0.8070 - acc: 0.7219
 790/3900 [=====>........................] - ETA: 2s - loss: 0.8019 - acc: 0.7291
 850/3900 [=====>........................] - ETA: 2s - loss: 0.8052 - acc: 0.7318
 910/3900 [======>.......................] - ETA: 2s - loss: 0.7970 - acc: 0.7385
 970/3900 [======>.......................] - ETA: 2s - loss: 0.8013 - acc: 0.7371
1030/3900 [======>.......................] - ETA: 2s - loss: 0.8083 - acc: 0.7330
1090/3900 [=======>......................] - ETA: 2s - loss: 0.8090 - acc: 0.7367
1150/3900 [=======>......................] - ETA: 2s - loss: 0.8071 - acc: 0.7400
1210/3900 [========>.....................] - ETA: 2s - loss: 0.8019 - acc: 0.7430
1270/3900 [========>.....................] - ETA: 2s - loss: 0.7978 - acc: 0.7449
1330/3900 [=========>....................] - ETA: 2s - loss: 0.8021 - acc: 0.7459
1390/3900 [=========>....................] - ETA: 2s - loss: 0.8017 - acc: 0.7453
1450/3900 [==========>...................] - ETA: 2s - loss: 0.8033 - acc: 0.7455
1510/3900 [==========>...................] - ETA: 2s - loss: 0.8008 - acc: 0.7470
1570/3900 [===========>..................] - ETA: 2s - loss: 0.8014 - acc: 0.7446
1630/3900 [===========>..................] - ETA: 2s - loss: 0.8025 - acc: 0.7442
1690/3900 [============>.................] - ETA: 2s - loss: 0.8023 - acc: 0.7438
1750/3900 [============>.................] - ETA: 1s - loss: 0.7973 - acc: 0.7463
1810/3900 [============>.................] - ETA: 1s - loss: 0.7965 - acc: 0.7459
1870/3900 [=============>................] - ETA: 1s - loss: 0.7968 - acc: 0.7444
1930/3900 [=============>................] - ETA: 1s - loss: 0.7946 - acc: 0.7456
1990/3900 [==============>...............] - ETA: 1s - loss: 0.7951 - acc: 0.7452
2050/3900 [==============>...............] - ETA: 1s - loss: 0.7910 - acc: 0.7478
2110/3900 [===============>..............] - ETA: 1s - loss: 0.7885 - acc: 0.7464
2170/3900 [===============>..............] - ETA: 1s - loss: 0.7888 - acc: 0.7475
2230/3900 [================>.............] - ETA: 1s - loss: 0.7838 - acc: 0.7493
2290/3900 [================>.............] - ETA: 1s - loss: 0.7818 - acc: 0.7489
2350/3900 [=================>............] - ETA: 1s - loss: 0.7785 - acc: 0.7498
2410/3900 [=================>............] - ETA: 1s - loss: 0.7755 - acc: 0.7502
2470/3900 [==================>...........] - ETA: 1s - loss: 0.7762 - acc: 0.7498
2530/3900 [==================>...........] - ETA: 1s - loss: 0.7763 - acc: 0.7514
2590/3900 [==================>...........] - ETA: 1s - loss: 0.7713 - acc: 0.7529
2650/3900 [===================>..........] - ETA: 1s - loss: 0.7684 - acc: 0.7532
2710/3900 [===================>..........] - ETA: 1s - loss: 0.7681 - acc: 0.7528
2770/3900 [====================>.........] - ETA: 1s - loss: 0.7663 - acc: 0.7538
2830/3900 [====================>.........] - ETA: 0s - loss: 0.7625 - acc: 0.7562
2890/3900 [=====================>........] - ETA: 0s - loss: 0.7631 - acc: 0.7561
2950/3900 [=====================>........] - ETA: 0s - loss: 0.7617 - acc: 0.7569
3010/3900 [======================>.......] - ETA: 0s - loss: 0.7614 - acc: 0.7558
3070/3900 [======================>.......] - ETA: 0s - loss: 0.7622 - acc: 0.7550
3130/3900 [=======================>......] - ETA: 0s - loss: 0.7598 - acc: 0.7559
3190/3900 [=======================>......] - ETA: 0s - loss: 0.7581 - acc: 0.7564
3250/3900 [========================>.....] - ETA: 0s - loss: 0.7571 - acc: 0.7572
3310/3900 [========================>.....] - ETA: 0s - loss: 0.7553 - acc: 0.7574
3370/3900 [========================>.....] - ETA: 0s - loss: 0.7536 - acc: 0.7588
3430/3900 [=========================>....] - ETA: 0s - loss: 0.7489 - acc: 0.7603
3490/3900 [=========================>....] - ETA: 0s - loss: 0.7461 - acc: 0.7619
3550/3900 [==========================>...] - ETA: 0s - loss: 0.7434 - acc: 0.7620
3610/3900 [==========================>...] - ETA: 0s - loss: 0.7425 - acc: 0.7623
3670/3900 [===========================>..] - ETA: 0s - loss: 0.7424 - acc: 0.7624
3730/3900 [===========================>..] - ETA: 0s - loss: 0.7399 - acc: 0.7635
3790/3900 [============================>.] - ETA: 0s - loss: 0.7385 - acc: 0.7644
3850/3900 [============================>.] - ETA: 0s - loss: 0.7341 - acc: 0.7660
3900/3900 [==============================] - 4s 921us/step - loss: 0.7336 - acc: 0.7659 - val_loss: 1.5537 - val_acc: 0.4747
Current time ....3.591
Train on 600 samples, validate on 86 samples
Epoch 1/1

 10/600 [..............................] - ETA: 0s - loss: 0.0280 - acc: 1.0000
 70/600 [==>...........................] - ETA: 0s - loss: 0.0230 - acc: 1.0000
130/600 [=====>........................] - ETA: 0s - loss: 0.0270 - acc: 1.0000
190/600 [========>.....................] - ETA: 0s - loss: 0.0331 - acc: 0.9947
250/600 [===========>..................] - ETA: 0s - loss: 0.0311 - acc: 0.9960
310/600 [==============>...............] - ETA: 0s - loss: 0.0335 - acc: 0.9968
370/600 [=================>............] - ETA: 0s - loss: 0.0320 - acc: 0.9973
430/600 [====================>.........] - ETA: 0s - loss: 0.0332 - acc: 0.9977
490/600 [=======================>......] - ETA: 0s - loss: 0.0317 - acc: 0.9980
550/600 [==========================>...] - ETA: 0s - loss: 0.0322 - acc: 0.9982
600/600 [==============================] - 1s 947us/step - loss: 0.0341 - acc: 0.9967 - val_loss: 0.4427 - val_acc: 0.9302
Current time ....0.568
Train on 1200 samples, validate on 68 samples
Epoch 1/1

  10/1200 [..............................] - ETA: 1s - loss: 0.0642 - acc: 1.0000
  70/1200 [>.............................] - ETA: 1s - loss: 0.0449 - acc: 1.0000
 130/1200 [==>...........................] - ETA: 0s - loss: 0.0650 - acc: 1.0000
 190/1200 [===>..........................] - ETA: 0s - loss: 0.0770 - acc: 0.9947
 250/1200 [=====>........................] - ETA: 0s - loss: 0.0732 - acc: 0.9960
 310/1200 [======>.......................] - ETA: 0s - loss: 0.0728 - acc: 0.9968
 370/1200 [========>.....................] - ETA: 0s - loss: 0.0715 - acc: 0.9973
 430/1200 [=========>....................] - ETA: 0s - loss: 0.0727 - acc: 0.9977
 490/1200 [===========>..................] - ETA: 0s - loss: 0.0770 - acc: 0.9959
 550/1200 [============>.................] - ETA: 0s - loss: 0.0803 - acc: 0.9927
 610/1200 [==============>...............] - ETA: 0s - loss: 0.0818 - acc: 0.9934
 670/1200 [===============>..............] - ETA: 0s - loss: 0.0826 - acc: 0.9940
 730/1200 [=================>............] - ETA: 0s - loss: 0.0836 - acc: 0.9932
 790/1200 [==================>...........] - ETA: 0s - loss: 0.0827 - acc: 0.9924
 850/1200 [====================>.........] - ETA: 0s - loss: 0.0841 - acc: 0.9929
 910/1200 [=====================>........] - ETA: 0s - loss: 0.0850 - acc: 0.9923
 970/1200 [=======================>......] - ETA: 0s - loss: 0.0854 - acc: 0.9918
1030/1200 [========================>.....] - ETA: 0s - loss: 0.0856 - acc: 0.9922
1090/1200 [==========================>...] - ETA: 0s - loss: 0.0847 - acc: 0.9927
1150/1200 [===========================>..] - ETA: 0s - loss: 0.0830 - acc: 0.9930
1200/1200 [==============================] - 1s 925us/step - loss: 0.0841 - acc: 0.9933 - val_loss: 0.8505 - val_acc: 0.6912
Current time ....1.110

32/99 [========>.....................] - ETA: 0s
99/99 [==============================] - 0s 96us/step
In EVALUATE loss:  [1.5537068747510814, 0.47474747534954187]

32/86 [==========>...................] - ETA: 0s
86/86 [==============================] - 0s 85us/step
In EVALUATE loss:  [0.44270316251488617, 0.93023256507030749]

32/68 [=============>................] - ETA: 0s
68/68 [==============================] - 0s 105us/step
In EVALUATE loss:  [0.85046536080977497, 0.69117647058823528]
Task 1 : Primary site - Macro F1 score 0.251318147246
Task 1 : Primary site - Micro F1 score 0.474747474747
Task 2 : Tumor laterality - Macro F1 score 0.93023255814
Task 2 : Tumor laterality - Micro F1 score 0.93023255814
Task 3 : Histological grade - Macro F1 score 0.527598978289
Task 3 : Histological grade - Micro F1 score 0.691176470588
Average loss:  0.948958466025
