Importing candle utils for keras
Configuration file:  /gpfs/mira-home/apeck/Modified_Benchmarks/Pilot3/P3B1/p3b1_default_model.txt
{'activation': 'relu',
 'batch_size': 10,
 'data_url': 'ftp://ftp.mcs.anl.gov/pub/candle/public/benchmarks/P3B1/',
 'drop': 0.0,
 'epochs': 10,
 'feature_names': 'Primary site:Tumor laterality:Histological grade',
 'ind_nnet_spec': [[2400, 2400, 1200, 1200],
                   [2400, 2400, 1200, 1200],
                   [2400, 2400, 1200, 1200]],
 'initialization': 'glorot_uniform',
 'learning_rate': 0.01,
 'loss': 'categorical_crossentropy',
 'metrics': 'accuracy',
 'model_name': 'p3b1',
 'n_fold': 1,
 'optimizer': 'sgd',
 'out_activation': 'softmax',
 'output_dir': '.',
 'scaling': 'none',
 'shared_nnet_spec': [1200,
                      2400,
                      3600,
                      3600,
                      3600,
                      3600,
                      3600,
                      3600,
                      3600,
                      2400],
 'shuffle': True,
 'timeout': 1800,
 'train_data': 'P3B1_data.tar.gz'}
Params:
{'activation': 'relu',
 'batch_size': 10,
 'case': 'CenterZ',
 'data_url': 'ftp://ftp.mcs.anl.gov/pub/candle/public/benchmarks/P3B1/',
 'datatype': <class 'numpy.float32'>,
 'drop': 0.0,
 'epochs': 10,
 'experiment_id': 'EXP000',
 'feature_names': 'Primary site:Tumor laterality:Histological grade',
 'fig': False,
 'gpus': [],
 'ind_nnet_spec': [[2400, 2400, 1200, 1200],
                   [2400, 2400, 1200, 1200],
                   [2400, 2400, 1200, 1200]],
 'initialization': 'glorot_uniform',
 'learning_rate': 0.01,
 'logfile': None,
 'loss': 'categorical_crossentropy',
 'metrics': 'accuracy',
 'model_name': 'p3b1',
 'n_fold': 1,
 'optimizer': 'sgd',
 'out_activation': 'softmax',
 'output_dir': '/gpfs/mira-home/apeck/CANDLE_testing/avery_modified_results/local_p3',
 'output_files': 'result0_0.csv;result1_0.csv;result2_0.csv',
 'rng_seed': 7102,
 'run_id': 'RUN000',
 'scaling': 'none',
 'shared_nnet_spec': [1200,
                      2400,
                      3600,
                      3600,
                      3600,
                      3600,
                      3600,
                      3600,
                      3600,
                      2400],
 'shuffle': False,
 'timeout': 1800,
 'train_bool': True,
 'train_data': 'P3B1_data.tar.gz',
 'train_features': 'data/task0_0_train_feature.csv;data/task1_0_train_feature.csv;data/task2_0_train_feature.csv',
 'train_truths': 'data/task0_0_train_label.csv;data/task1_0_train_label.csv;data/task2_0_train_label.csv',
 'valid_features': 'data/task0_0_test_feature.csv;data/task1_0_test_feature.csv;data/task2_0_test_feature.csv',
 'valid_truths': 'data/task0_0_test_label.csv;data/task1_0_test_label.csv;data/task2_0_test_label.csv',
 'verbose': None}
Feature names:
Primary site
Tumor laterality
Histological grade
Model:  0
_________________________________________________________________
Layer (type)                 Output Shape              Param #   
=================================================================
input (InputLayer)           (None, 400)               0         
_________________________________________________________________
indiv_layer_0_0 (Dense)      (None, 2400)              962400    
_________________________________________________________________
indiv_layer_0_1 (Dense)      (None, 2400)              5762400   
_________________________________________________________________
indiv_layer_0_2 (Dense)      (None, 1200)              2881200   
_________________________________________________________________
indiv_layer_0_3 (Dense)      (None, 1200)              1441200   
_________________________________________________________________
out_0 (Dense)                (None, 13)                15613     
=================================================================
Total params: 11,062,813
Trainable params: 11,062,813
Non-trainable params: 0
_________________________________________________________________
Model:  1
_________________________________________________________________
Layer (type)                 Output Shape              Param #   
=================================================================
input (InputLayer)           (None, 400)               0         
_________________________________________________________________
indiv_layer_1_0 (Dense)      (None, 2400)              962400    
_________________________________________________________________
indiv_layer_1_1 (Dense)      (None, 2400)              5762400   
_________________________________________________________________
indiv_layer_1_2 (Dense)      (None, 1200)              2881200   
_________________________________________________________________
indiv_layer_1_3 (Dense)      (None, 1200)              1441200   
_________________________________________________________________
out_1 (Dense)                (None, 2)                 2402      
=================================================================
Total params: 11,049,602
Trainable params: 11,049,602
Non-trainable params: 0
_________________________________________________________________
Model:  2
_________________________________________________________________
Layer (type)                 Output Shape              Param #   
=================================================================
input (InputLayer)           (None, 400)               0         
_________________________________________________________________
indiv_layer_2_0 (Dense)      (None, 2400)              962400    
_________________________________________________________________
indiv_layer_2_1 (Dense)      (None, 2400)              5762400   
_________________________________________________________________
indiv_layer_2_2 (Dense)      (None, 1200)              2881200   
_________________________________________________________________
indiv_layer_2_3 (Dense)      (None, 1200)              1441200   
_________________________________________________________________
out_2 (Dense)                (None, 4)                 4804      
=================================================================
Total params: 11,052,004
Trainable params: 11,052,004
Non-trainable params: 0
_________________________________________________________________
Train on 3900 samples, validate on 99 samples
Epoch 1/1

  10/3900 [..............................] - ETA: 9:30 - loss: 2.5667 - acc: 0.0000e+00
  60/3900 [..............................] - ETA: 1:37 - loss: 2.5639 - acc: 0.0667    
 110/3900 [..............................] - ETA: 54s - loss: 2.5645 - acc: 0.0545 
 160/3900 [>.............................] - ETA: 38s - loss: 2.5641 - acc: 0.0688
 210/3900 [>.............................] - ETA: 29s - loss: 2.5636 - acc: 0.0714
 260/3900 [=>............................] - ETA: 24s - loss: 2.5632 - acc: 0.0692
 310/3900 [=>............................] - ETA: 20s - loss: 2.5632 - acc: 0.0710
 360/3900 [=>............................] - ETA: 18s - loss: 2.5630 - acc: 0.0806
 410/3900 [==>...........................] - ETA: 16s - loss: 2.5633 - acc: 0.0854
 460/3900 [==>...........................] - ETA: 14s - loss: 2.5632 - acc: 0.0870
 510/3900 [==>...........................] - ETA: 13s - loss: 2.5632 - acc: 0.0863
 560/3900 [===>..........................] - ETA: 12s - loss: 2.5630 - acc: 0.0911
 620/3900 [===>..........................] - ETA: 11s - loss: 2.5629 - acc: 0.0984
 680/3900 [====>.........................] - ETA: 10s - loss: 2.5627 - acc: 0.1000
 740/3900 [====>.........................] - ETA: 9s - loss: 2.5628 - acc: 0.1000 
 800/3900 [=====>........................] - ETA: 8s - loss: 2.5625 - acc: 0.1038
 860/3900 [=====>........................] - ETA: 8s - loss: 2.5622 - acc: 0.1093
 920/3900 [======>.......................] - ETA: 7s - loss: 2.5621 - acc: 0.1087
 980/3900 [======>.......................] - ETA: 7s - loss: 2.5617 - acc: 0.1163
1040/3900 [=======>......................] - ETA: 6s - loss: 2.5613 - acc: 0.1192
1100/3900 [=======>......................] - ETA: 6s - loss: 2.5612 - acc: 0.1227
1160/3900 [=======>......................] - ETA: 6s - loss: 2.5610 - acc: 0.1276
1220/3900 [========>.....................] - ETA: 5s - loss: 2.5608 - acc: 0.1279
1280/3900 [========>.....................] - ETA: 5s - loss: 2.5606 - acc: 0.1359
1340/3900 [=========>....................] - ETA: 5s - loss: 2.5604 - acc: 0.1358
1400/3900 [=========>....................] - ETA: 5s - loss: 2.5603 - acc: 0.1364
1460/3900 [==========>...................] - ETA: 4s - loss: 2.5602 - acc: 0.1370
1520/3900 [==========>...................] - ETA: 4s - loss: 2.5599 - acc: 0.1401
1580/3900 [===========>..................] - ETA: 4s - loss: 2.5596 - acc: 0.1430
1640/3900 [===========>..................] - ETA: 4s - loss: 2.5593 - acc: 0.1463
1700/3900 [============>.................] - ETA: 4s - loss: 2.5593 - acc: 0.1435
1760/3900 [============>.................] - ETA: 3s - loss: 2.5591 - acc: 0.1432
1820/3900 [=============>................] - ETA: 3s - loss: 2.5589 - acc: 0.1440
1880/3900 [=============>................] - ETA: 3s - loss: 2.5587 - acc: 0.1473
1940/3900 [=============>................] - ETA: 3s - loss: 2.5584 - acc: 0.1510
2000/3900 [==============>...............] - ETA: 3s - loss: 2.5582 - acc: 0.1510
2060/3900 [==============>...............] - ETA: 3s - loss: 2.5580 - acc: 0.1539
2120/3900 [===============>..............] - ETA: 2s - loss: 2.5578 - acc: 0.1580
2180/3900 [===============>..............] - ETA: 2s - loss: 2.5576 - acc: 0.1624
2240/3900 [================>.............] - ETA: 2s - loss: 2.5573 - acc: 0.1710
2300/3900 [================>.............] - ETA: 2s - loss: 2.5571 - acc: 0.1757
2360/3900 [=================>............] - ETA: 2s - loss: 2.5569 - acc: 0.1797
2420/3900 [=================>............] - ETA: 2s - loss: 2.5566 - acc: 0.1860
2480/3900 [==================>...........] - ETA: 2s - loss: 2.5563 - acc: 0.1899
2540/3900 [==================>...........] - ETA: 2s - loss: 2.5560 - acc: 0.1941
2600/3900 [===================>..........] - ETA: 1s - loss: 2.5557 - acc: 0.1981
2660/3900 [===================>..........] - ETA: 1s - loss: 2.5555 - acc: 0.2004
2720/3900 [===================>..........] - ETA: 1s - loss: 2.5553 - acc: 0.2011
2780/3900 [====================>.........] - ETA: 1s - loss: 2.5551 - acc: 0.2040
2840/3900 [====================>.........] - ETA: 1s - loss: 2.5548 - acc: 0.2077
2900/3900 [=====================>........] - ETA: 1s - loss: 2.5545 - acc: 0.2110
2960/3900 [=====================>........] - ETA: 1s - loss: 2.5543 - acc: 0.2128
3020/3900 [======================>.......] - ETA: 1s - loss: 2.5540 - acc: 0.2149
3080/3900 [======================>.......] - ETA: 1s - loss: 2.5537 - acc: 0.2182
3140/3900 [=======================>......] - ETA: 1s - loss: 2.5534 - acc: 0.2191
3200/3900 [=======================>......] - ETA: 0s - loss: 2.5532 - acc: 0.2200
3260/3900 [========================>.....] - ETA: 0s - loss: 2.5530 - acc: 0.2224
3320/3900 [========================>.....] - ETA: 0s - loss: 2.5527 - acc: 0.2256
3380/3900 [=========================>....] - ETA: 0s - loss: 2.5524 - acc: 0.2281
3440/3900 [=========================>....] - ETA: 0s - loss: 2.5522 - acc: 0.2305
3500/3900 [=========================>....] - ETA: 0s - loss: 2.5520 - acc: 0.2331
3560/3900 [==========================>...] - ETA: 0s - loss: 2.5516 - acc: 0.2385
3620/3900 [==========================>...] - ETA: 0s - loss: 2.5514 - acc: 0.2412
3680/3900 [===========================>..] - ETA: 0s - loss: 2.5511 - acc: 0.2440
3740/3900 [===========================>..] - ETA: 0s - loss: 2.5508 - acc: 0.2476
3800/3900 [============================>.] - ETA: 0s - loss: 2.5505 - acc: 0.2518
3860/3900 [============================>.] - ETA: 0s - loss: 2.5503 - acc: 0.2544
3900/3900 [==============================] - 5s 1ms/step - loss: 2.5501 - acc: 0.2564 - val_loss: 2.5446 - val_acc: 0.1818
Current time ....5.182
Train on 600 samples, validate on 86 samples
Epoch 1/1

 10/600 [..............................] - ETA: 16s - loss: 0.6798 - acc: 0.6000
 70/600 [==>...........................] - ETA: 2s - loss: 0.6936 - acc: 0.5429 
130/600 [=====>........................] - ETA: 1s - loss: 0.6885 - acc: 0.5538
190/600 [========>.....................] - ETA: 0s - loss: 0.6836 - acc: 0.5684
250/600 [===========>..................] - ETA: 0s - loss: 0.6816 - acc: 0.5800
310/600 [==============>...............] - ETA: 0s - loss: 0.6772 - acc: 0.5742
370/600 [=================>............] - ETA: 0s - loss: 0.6729 - acc: 0.5838
430/600 [====================>.........] - ETA: 0s - loss: 0.6680 - acc: 0.6209
490/600 [=======================>......] - ETA: 0s - loss: 0.6642 - acc: 0.6510
550/600 [==========================>...] - ETA: 0s - loss: 0.6591 - acc: 0.6764
600/600 [==============================] - 1s 1ms/step - loss: 0.6554 - acc: 0.6967 - val_loss: 0.6238 - val_acc: 0.7326
Current time ....0.846
Train on 1200 samples, validate on 68 samples
Epoch 1/1

  10/1200 [..............................] - ETA: 34s - loss: 1.4354 - acc: 0.3000
  70/1200 [>.............................] - ETA: 5s - loss: 1.3897 - acc: 0.2143 
 130/1200 [==>...........................] - ETA: 3s - loss: 1.3821 - acc: 0.2385
 190/1200 [===>..........................] - ETA: 2s - loss: 1.3735 - acc: 0.2684
 250/1200 [=====>........................] - ETA: 1s - loss: 1.3667 - acc: 0.2720
 310/1200 [======>.......................] - ETA: 1s - loss: 1.3648 - acc: 0.2774
 370/1200 [========>.....................] - ETA: 1s - loss: 1.3629 - acc: 0.3027
 430/1200 [=========>....................] - ETA: 1s - loss: 1.3560 - acc: 0.3465
 490/1200 [===========>..................] - ETA: 1s - loss: 1.3522 - acc: 0.3673
 550/1200 [============>.................] - ETA: 0s - loss: 1.3473 - acc: 0.3745
 610/1200 [==============>...............] - ETA: 0s - loss: 1.3393 - acc: 0.3902
 670/1200 [===============>..............] - ETA: 0s - loss: 1.3336 - acc: 0.3955
 730/1200 [=================>............] - ETA: 0s - loss: 1.3316 - acc: 0.3986
 790/1200 [==================>...........] - ETA: 0s - loss: 1.3276 - acc: 0.4114
 850/1200 [====================>.........] - ETA: 0s - loss: 1.3206 - acc: 0.4200
 910/1200 [=====================>........] - ETA: 0s - loss: 1.3168 - acc: 0.4308
 970/1200 [=======================>......] - ETA: 0s - loss: 1.3144 - acc: 0.4412
1030/1200 [========================>.....] - ETA: 0s - loss: 1.3085 - acc: 0.4515
1090/1200 [==========================>...] - ETA: 0s - loss: 1.3043 - acc: 0.4578
1150/1200 [===========================>..] - ETA: 0s - loss: 1.2991 - acc: 0.4626
1200/1200 [==============================] - 1s 1ms/step - loss: 1.2960 - acc: 0.4692 - val_loss: 1.1973 - val_acc: 0.4559
Current time ....1.397
Train on 3900 samples, validate on 99 samples
Epoch 1/1

  10/3900 [..............................] - ETA: 3s - loss: 2.5187 - acc: 0.7000
  70/3900 [..............................] - ETA: 3s - loss: 2.5278 - acc: 0.4857
 130/3900 [>.............................] - ETA: 3s - loss: 2.5290 - acc: 0.4923
 190/3900 [>.............................] - ETA: 3s - loss: 2.5291 - acc: 0.4895
 250/3900 [>.............................] - ETA: 3s - loss: 2.5290 - acc: 0.4880
 310/3900 [=>............................] - ETA: 3s - loss: 2.5280 - acc: 0.4935
 370/3900 [=>............................] - ETA: 3s - loss: 2.5281 - acc: 0.4676
 430/3900 [==>...........................] - ETA: 3s - loss: 2.5272 - acc: 0.4721
 490/3900 [==>...........................] - ETA: 3s - loss: 2.5272 - acc: 0.4633
 550/3900 [===>..........................] - ETA: 3s - loss: 2.5273 - acc: 0.4564
 610/3900 [===>..........................] - ETA: 3s - loss: 2.5266 - acc: 0.4590
 670/3900 [====>.........................] - ETA: 2s - loss: 2.5261 - acc: 0.4522
 730/3900 [====>.........................] - ETA: 2s - loss: 2.5257 - acc: 0.4507
 790/3900 [=====>........................] - ETA: 2s - loss: 2.5256 - acc: 0.4456
 850/3900 [=====>........................] - ETA: 2s - loss: 2.5252 - acc: 0.4459
 910/3900 [======>.......................] - ETA: 2s - loss: 2.5250 - acc: 0.4473
 970/3900 [======>.......................] - ETA: 2s - loss: 2.5247 - acc: 0.4495
1030/3900 [======>.......................] - ETA: 2s - loss: 2.5244 - acc: 0.4495
1090/3900 [=======>......................] - ETA: 2s - loss: 2.5240 - acc: 0.4532
1150/3900 [=======>......................] - ETA: 2s - loss: 2.5236 - acc: 0.4548
1210/3900 [========>.....................] - ETA: 2s - loss: 2.5230 - acc: 0.4603
1270/3900 [========>.....................] - ETA: 2s - loss: 2.5228 - acc: 0.4630
1330/3900 [=========>....................] - ETA: 2s - loss: 2.5223 - acc: 0.4654
1390/3900 [=========>....................] - ETA: 2s - loss: 2.5220 - acc: 0.4669
1450/3900 [==========>...................] - ETA: 2s - loss: 2.5219 - acc: 0.4634
1510/3900 [==========>...................] - ETA: 2s - loss: 2.5216 - acc: 0.4636
1570/3900 [===========>..................] - ETA: 2s - loss: 2.5211 - acc: 0.4669
1630/3900 [===========>..................] - ETA: 2s - loss: 2.5207 - acc: 0.4681
1690/3900 [============>.................] - ETA: 2s - loss: 2.5203 - acc: 0.4669
1750/3900 [============>.................] - ETA: 1s - loss: 2.5198 - acc: 0.4669
1810/3900 [============>.................] - ETA: 1s - loss: 2.5192 - acc: 0.4696
1870/3900 [=============>................] - ETA: 1s - loss: 2.5187 - acc: 0.4690
1930/3900 [=============>................] - ETA: 1s - loss: 2.5180 - acc: 0.4731
1990/3900 [==============>...............] - ETA: 1s - loss: 2.5173 - acc: 0.4759
2050/3900 [==============>...............] - ETA: 1s - loss: 2.5165 - acc: 0.4800
2110/3900 [===============>..............] - ETA: 1s - loss: 2.5160 - acc: 0.4801
2170/3900 [===============>..............] - ETA: 1s - loss: 2.5156 - acc: 0.4779
2230/3900 [================>.............] - ETA: 1s - loss: 2.5151 - acc: 0.4780
2290/3900 [================>.............] - ETA: 1s - loss: 2.5146 - acc: 0.4751
2350/3900 [=================>............] - ETA: 1s - loss: 2.5141 - acc: 0.4745
2410/3900 [=================>............] - ETA: 1s - loss: 2.5134 - acc: 0.4759
2470/3900 [==================>...........] - ETA: 1s - loss: 2.5127 - acc: 0.4769
2530/3900 [==================>...........] - ETA: 1s - loss: 2.5122 - acc: 0.4747
2590/3900 [==================>...........] - ETA: 1s - loss: 2.5117 - acc: 0.4753
2650/3900 [===================>..........] - ETA: 1s - loss: 2.5112 - acc: 0.4762
2710/3900 [===================>..........] - ETA: 1s - loss: 2.5108 - acc: 0.4731
2770/3900 [====================>.........] - ETA: 1s - loss: 2.5101 - acc: 0.4733
2830/3900 [====================>.........] - ETA: 0s - loss: 2.5096 - acc: 0.4753
2890/3900 [=====================>........] - ETA: 0s - loss: 2.5091 - acc: 0.4754
2950/3900 [=====================>........] - ETA: 0s - loss: 2.5086 - acc: 0.4736
3010/3900 [======================>.......] - ETA: 0s - loss: 2.5079 - acc: 0.4751
3070/3900 [======================>.......] - ETA: 0s - loss: 2.5075 - acc: 0.4756
3130/3900 [=======================>......] - ETA: 0s - loss: 2.5068 - acc: 0.4751
3190/3900 [=======================>......] - ETA: 0s - loss: 2.5061 - acc: 0.4771
3250/3900 [========================>.....] - ETA: 0s - loss: 2.5054 - acc: 0.4763
3310/3900 [========================>.....] - ETA: 0s - loss: 2.5048 - acc: 0.4776
3370/3900 [========================>.....] - ETA: 0s - loss: 2.5042 - acc: 0.4777
3430/3900 [=========================>....] - ETA: 0s - loss: 2.5035 - acc: 0.4767
3490/3900 [=========================>....] - ETA: 0s - loss: 2.5029 - acc: 0.4745
3550/3900 [==========================>...] - ETA: 0s - loss: 2.5023 - acc: 0.4732
3610/3900 [==========================>...] - ETA: 0s - loss: 2.5015 - acc: 0.4737
3670/3900 [===========================>..] - ETA: 0s - loss: 2.5009 - acc: 0.4755
3730/3900 [===========================>..] - ETA: 0s - loss: 2.5002 - acc: 0.4753
3790/3900 [============================>.] - ETA: 0s - loss: 2.4996 - acc: 0.4752
3850/3900 [============================>.] - ETA: 0s - loss: 2.4988 - acc: 0.4745
3900/3900 [==============================] - 4s 925us/step - loss: 2.4981 - acc: 0.4741 - val_loss: 2.4704 - val_acc: 0.4040
Current time ....3.609
Train on 600 samples, validate on 86 samples
Epoch 1/1

 10/600 [..............................] - ETA: 0s - loss: 0.4835 - acc: 1.0000
 70/600 [==>...........................] - ETA: 0s - loss: 0.5900 - acc: 0.8143
130/600 [=====>........................] - ETA: 0s - loss: 0.5914 - acc: 0.8538
190/600 [========>.....................] - ETA: 0s - loss: 0.5866 - acc: 0.8789
250/600 [===========>..................] - ETA: 0s - loss: 0.5788 - acc: 0.8960
310/600 [==============>...............] - ETA: 0s - loss: 0.5710 - acc: 0.9032
370/600 [=================>............] - ETA: 0s - loss: 0.5645 - acc: 0.9162
430/600 [====================>.........] - ETA: 0s - loss: 0.5557 - acc: 0.9233
490/600 [=======================>......] - ETA: 0s - loss: 0.5510 - acc: 0.9224
550/600 [==========================>...] - ETA: 0s - loss: 0.5475 - acc: 0.9255
600/600 [==============================] - 1s 942us/step - loss: 0.5435 - acc: 0.9300 - val_loss: 0.5226 - val_acc: 0.8953
Current time ....0.566
Train on 1200 samples, validate on 68 samples
Epoch 1/1

  10/1200 [..............................] - ETA: 1s - loss: 1.2181 - acc: 0.4000
  70/1200 [>.............................] - ETA: 1s - loss: 1.1907 - acc: 0.6429
 130/1200 [==>...........................] - ETA: 0s - loss: 1.1772 - acc: 0.6462
 190/1200 [===>..........................] - ETA: 0s - loss: 1.1752 - acc: 0.6421
 250/1200 [=====>........................] - ETA: 0s - loss: 1.1806 - acc: 0.6240
 310/1200 [======>.......................] - ETA: 0s - loss: 1.1662 - acc: 0.6387
 370/1200 [========>.....................] - ETA: 0s - loss: 1.1545 - acc: 0.6351
 430/1200 [=========>....................] - ETA: 0s - loss: 1.1430 - acc: 0.6395
 490/1200 [===========>..................] - ETA: 0s - loss: 1.1373 - acc: 0.6367
 550/1200 [============>.................] - ETA: 0s - loss: 1.1250 - acc: 0.6455
 610/1200 [==============>...............] - ETA: 0s - loss: 1.1198 - acc: 0.6393
 670/1200 [===============>..............] - ETA: 0s - loss: 1.1162 - acc: 0.6418
 730/1200 [=================>............] - ETA: 0s - loss: 1.1097 - acc: 0.6411
 790/1200 [==================>...........] - ETA: 0s - loss: 1.1030 - acc: 0.6456
 850/1200 [====================>.........] - ETA: 0s - loss: 1.1019 - acc: 0.6447
 910/1200 [=====================>........] - ETA: 0s - loss: 1.0946 - acc: 0.6418
 970/1200 [=======================>......] - ETA: 0s - loss: 1.0904 - acc: 0.6371
1030/1200 [========================>.....] - ETA: 0s - loss: 1.0853 - acc: 0.6388
1090/1200 [==========================>...] - ETA: 0s - loss: 1.0773 - acc: 0.6422
1150/1200 [===========================>..] - ETA: 0s - loss: 1.0695 - acc: 0.6435
1200/1200 [==============================] - 1s 920us/step - loss: 1.0654 - acc: 0.6442 - val_loss: 1.2392 - val_acc: 0.4118
Current time ....1.105
Train on 3900 samples, validate on 99 samples
Epoch 1/1

  10/3900 [..............................] - ETA: 3s - loss: 2.4841 - acc: 0.3000
  70/3900 [..............................] - ETA: 3s - loss: 2.4573 - acc: 0.4000
 130/3900 [>.............................] - ETA: 3s - loss: 2.4440 - acc: 0.4462
 190/3900 [>.............................] - ETA: 3s - loss: 2.4426 - acc: 0.4842
 250/3900 [>.............................] - ETA: 3s - loss: 2.4372 - acc: 0.5040
 310/3900 [=>............................] - ETA: 3s - loss: 2.4357 - acc: 0.5065
 370/3900 [=>............................] - ETA: 3s - loss: 2.4359 - acc: 0.4892
 430/3900 [==>...........................] - ETA: 3s - loss: 2.4342 - acc: 0.4860
 490/3900 [==>...........................] - ETA: 3s - loss: 2.4329 - acc: 0.4673
 550/3900 [===>..........................] - ETA: 3s - loss: 2.4316 - acc: 0.4491
 610/3900 [===>..........................] - ETA: 3s - loss: 2.4291 - acc: 0.4459
 670/3900 [====>.........................] - ETA: 2s - loss: 2.4275 - acc: 0.4403
 730/3900 [====>.........................] - ETA: 2s - loss: 2.4266 - acc: 0.4342
 790/3900 [=====>........................] - ETA: 2s - loss: 2.4250 - acc: 0.4354
 850/3900 [=====>........................] - ETA: 2s - loss: 2.4242 - acc: 0.4306
 910/3900 [======>.......................] - ETA: 2s - loss: 2.4234 - acc: 0.4319
 970/3900 [======>.......................] - ETA: 2s - loss: 2.4218 - acc: 0.4371
1030/3900 [======>.......................] - ETA: 2s - loss: 2.4211 - acc: 0.4388
1090/3900 [=======>......................] - ETA: 2s - loss: 2.4199 - acc: 0.4394
1150/3900 [=======>......................] - ETA: 2s - loss: 2.4179 - acc: 0.4452
1210/3900 [========>.....................] - ETA: 2s - loss: 2.4169 - acc: 0.4388
1270/3900 [========>.....................] - ETA: 2s - loss: 2.4154 - acc: 0.4362
1330/3900 [=========>....................] - ETA: 2s - loss: 2.4134 - acc: 0.4323
1390/3900 [=========>....................] - ETA: 2s - loss: 2.4107 - acc: 0.4331
1450/3900 [==========>...................] - ETA: 2s - loss: 2.4078 - acc: 0.4324
1510/3900 [==========>...................] - ETA: 2s - loss: 2.4067 - acc: 0.4258
1570/3900 [===========>..................] - ETA: 2s - loss: 2.4048 - acc: 0.4217
1630/3900 [===========>..................] - ETA: 2s - loss: 2.4025 - acc: 0.4153
1690/3900 [============>.................] - ETA: 2s - loss: 2.4006 - acc: 0.4112
1750/3900 [============>.................] - ETA: 1s - loss: 2.3987 - acc: 0.4080
1810/3900 [============>.................] - ETA: 1s - loss: 2.3964 - acc: 0.4061
1870/3900 [=============>................] - ETA: 1s - loss: 2.3944 - acc: 0.4027
1930/3900 [=============>................] - ETA: 1s - loss: 2.3927 - acc: 0.3974
1990/3900 [==============>...............] - ETA: 1s - loss: 2.3901 - acc: 0.3985
2050/3900 [==============>...............] - ETA: 1s - loss: 2.3884 - acc: 0.3971
2110/3900 [===============>..............] - ETA: 1s - loss: 2.3870 - acc: 0.3957
2170/3900 [===============>..............] - ETA: 1s - loss: 2.3848 - acc: 0.3963
2230/3900 [================>.............] - ETA: 1s - loss: 2.3826 - acc: 0.3969
2290/3900 [================>.............] - ETA: 1s - loss: 2.3806 - acc: 0.3956
2350/3900 [=================>............] - ETA: 1s - loss: 2.3786 - acc: 0.3949
2410/3900 [=================>............] - ETA: 1s - loss: 2.3765 - acc: 0.3963
2470/3900 [==================>...........] - ETA: 1s - loss: 2.3740 - acc: 0.3947
2530/3900 [==================>...........] - ETA: 1s - loss: 2.3716 - acc: 0.3933
2590/3900 [==================>...........] - ETA: 1s - loss: 2.3694 - acc: 0.3915
2650/3900 [===================>..........] - ETA: 1s - loss: 2.3670 - acc: 0.3936
2710/3900 [===================>..........] - ETA: 1s - loss: 2.3648 - acc: 0.3952
2770/3900 [====================>.........] - ETA: 1s - loss: 2.3627 - acc: 0.3968
2830/3900 [====================>.........] - ETA: 0s - loss: 2.3600 - acc: 0.3936
2890/3900 [=====================>........] - ETA: 0s - loss: 2.3576 - acc: 0.3941
2950/3900 [=====================>........] - ETA: 0s - loss: 2.3552 - acc: 0.3946
3010/3900 [======================>.......] - ETA: 0s - loss: 2.3527 - acc: 0.3953
3070/3900 [======================>.......] - ETA: 0s - loss: 2.3503 - acc: 0.3961
3130/3900 [=======================>......] - ETA: 0s - loss: 2.3479 - acc: 0.3955
3190/3900 [=======================>......] - ETA: 0s - loss: 2.3453 - acc: 0.3944
3250/3900 [========================>.....] - ETA: 0s - loss: 2.3423 - acc: 0.3938
3310/3900 [========================>.....] - ETA: 0s - loss: 2.3392 - acc: 0.3961
3370/3900 [========================>.....] - ETA: 0s - loss: 2.3366 - acc: 0.3970
3430/3900 [=========================>....] - ETA: 0s - loss: 2.3342 - acc: 0.3959
3490/3900 [=========================>....] - ETA: 0s - loss: 2.3317 - acc: 0.3971
3550/3900 [==========================>...] - ETA: 0s - loss: 2.3287 - acc: 0.3992
3610/3900 [==========================>...] - ETA: 0s - loss: 2.3258 - acc: 0.3983
3670/3900 [===========================>..] - ETA: 0s - loss: 2.3228 - acc: 0.4000
3730/3900 [===========================>..] - ETA: 0s - loss: 2.3206 - acc: 0.4000
3790/3900 [============================>.] - ETA: 0s - loss: 2.3173 - acc: 0.4013
3850/3900 [============================>.] - ETA: 0s - loss: 2.3146 - acc: 0.4005
3900/3900 [==============================] - 4s 927us/step - loss: 2.3120 - acc: 0.4023 - val_loss: 2.1793 - val_acc: 0.3333
Current time ....3.615
Train on 600 samples, validate on 86 samples
Epoch 1/1

 10/600 [..............................] - ETA: 0s - loss: 0.4970 - acc: 0.9000
 70/600 [==>...........................] - ETA: 0s - loss: 0.4255 - acc: 0.9714
130/600 [=====>........................] - ETA: 0s - loss: 0.4484 - acc: 0.9769
190/600 [========>.....................] - ETA: 0s - loss: 0.4478 - acc: 0.9789
250/600 [===========>..................] - ETA: 0s - loss: 0.4385 - acc: 0.9800
310/600 [==============>...............] - ETA: 0s - loss: 0.4283 - acc: 0.9742
370/600 [=================>............] - ETA: 0s - loss: 0.4242 - acc: 0.9676
430/600 [====================>.........] - ETA: 0s - loss: 0.4088 - acc: 0.9721
490/600 [=======================>......] - ETA: 0s - loss: 0.4069 - acc: 0.9673
550/600 [==========================>...] - ETA: 0s - loss: 0.4034 - acc: 0.9655
600/600 [==============================] - 1s 943us/step - loss: 0.3945 - acc: 0.9683 - val_loss: 0.4293 - val_acc: 0.9070
Current time ....0.566
Train on 1200 samples, validate on 68 samples
Epoch 1/1

  10/1200 [..............................] - ETA: 1s - loss: 0.9522 - acc: 0.6000
  70/1200 [>.............................] - ETA: 1s - loss: 0.8967 - acc: 0.6857
 130/1200 [==>...........................] - ETA: 0s - loss: 0.9179 - acc: 0.6923
 190/1200 [===>..........................] - ETA: 0s - loss: 0.8751 - acc: 0.7105
 250/1200 [=====>........................] - ETA: 0s - loss: 0.8903 - acc: 0.7000
 310/1200 [======>.......................] - ETA: 0s - loss: 0.8681 - acc: 0.7226
 370/1200 [========>.....................] - ETA: 0s - loss: 0.8633 - acc: 0.7135
 430/1200 [=========>....................] - ETA: 0s - loss: 0.8539 - acc: 0.7163
 490/1200 [===========>..................] - ETA: 0s - loss: 0.8613 - acc: 0.7041
 550/1200 [============>.................] - ETA: 0s - loss: 0.8621 - acc: 0.7127
 610/1200 [==============>...............] - ETA: 0s - loss: 0.8565 - acc: 0.7115
 670/1200 [===============>..............] - ETA: 0s - loss: 0.8535 - acc: 0.7149
 730/1200 [=================>............] - ETA: 0s - loss: 0.8545 - acc: 0.7110
 790/1200 [==================>...........] - ETA: 0s - loss: 0.8594 - acc: 0.7114
 850/1200 [====================>.........] - ETA: 0s - loss: 0.8523 - acc: 0.7165
 910/1200 [=====================>........] - ETA: 0s - loss: 0.8449 - acc: 0.7198
 970/1200 [=======================>......] - ETA: 0s - loss: 0.8417 - acc: 0.7144
1030/1200 [========================>.....] - ETA: 0s - loss: 0.8348 - acc: 0.7194
1090/1200 [==========================>...] - ETA: 0s - loss: 0.8305 - acc: 0.7211
1150/1200 [===========================>..] - ETA: 0s - loss: 0.8253 - acc: 0.7217
1200/1200 [==============================] - 1s 926us/step - loss: 0.8232 - acc: 0.7217 - val_loss: 0.9335 - val_acc: 0.5588
Current time ....1.111
Train on 3900 samples, validate on 99 samples
Epoch 1/1

  10/3900 [..............................] - ETA: 3s - loss: 2.1760 - acc: 0.6000
  70/3900 [..............................] - ETA: 3s - loss: 2.1479 - acc: 0.4571
 130/3900 [>.............................] - ETA: 3s - loss: 2.1247 - acc: 0.4538
 190/3900 [>.............................] - ETA: 3s - loss: 2.1202 - acc: 0.4526
 250/3900 [>.............................] - ETA: 3s - loss: 2.1111 - acc: 0.4480
 310/3900 [=>............................] - ETA: 3s - loss: 2.1054 - acc: 0.4355
 370/3900 [=>............................] - ETA: 3s - loss: 2.1067 - acc: 0.4351
 430/3900 [==>...........................] - ETA: 3s - loss: 2.0988 - acc: 0.4326
 490/3900 [==>...........................] - ETA: 3s - loss: 2.0949 - acc: 0.4367
 550/3900 [===>..........................] - ETA: 3s - loss: 2.0848 - acc: 0.4364
 610/3900 [===>..........................] - ETA: 3s - loss: 2.0802 - acc: 0.4393
 670/3900 [====>.........................] - ETA: 2s - loss: 2.0727 - acc: 0.4403
 730/3900 [====>.........................] - ETA: 2s - loss: 2.0697 - acc: 0.4342
 790/3900 [=====>........................] - ETA: 2s - loss: 2.0636 - acc: 0.4418
 850/3900 [=====>........................] - ETA: 2s - loss: 2.0626 - acc: 0.4376
 910/3900 [======>.......................] - ETA: 2s - loss: 2.0625 - acc: 0.4253
 970/3900 [======>.......................] - ETA: 2s - loss: 2.0589 - acc: 0.4216
1030/3900 [======>.......................] - ETA: 2s - loss: 2.0583 - acc: 0.4214
1090/3900 [=======>......................] - ETA: 2s - loss: 2.0558 - acc: 0.4202
1150/3900 [=======>......................] - ETA: 2s - loss: 2.0515 - acc: 0.4226
1210/3900 [========>.....................] - ETA: 2s - loss: 2.0489 - acc: 0.4215
1270/3900 [========>.....................] - ETA: 2s - loss: 2.0451 - acc: 0.4244
1330/3900 [=========>....................] - ETA: 2s - loss: 2.0414 - acc: 0.4241
1390/3900 [=========>....................] - ETA: 2s - loss: 2.0382 - acc: 0.4252
1450/3900 [==========>...................] - ETA: 2s - loss: 2.0349 - acc: 0.4255
1510/3900 [==========>...................] - ETA: 2s - loss: 2.0335 - acc: 0.4245
1570/3900 [===========>..................] - ETA: 2s - loss: 2.0301 - acc: 0.4261
1630/3900 [===========>..................] - ETA: 2s - loss: 2.0299 - acc: 0.4252
1690/3900 [============>.................] - ETA: 2s - loss: 2.0277 - acc: 0.4266
1750/3900 [============>.................] - ETA: 1s - loss: 2.0233 - acc: 0.4297
1810/3900 [============>.................] - ETA: 1s - loss: 2.0201 - acc: 0.4315
1870/3900 [=============>................] - ETA: 1s - loss: 2.0181 - acc: 0.4289
1930/3900 [=============>................] - ETA: 1s - loss: 2.0163 - acc: 0.4264
1990/3900 [==============>...............] - ETA: 1s - loss: 2.0128 - acc: 0.4271
2050/3900 [==============>...............] - ETA: 1s - loss: 2.0108 - acc: 0.4210
2110/3900 [===============>..............] - ETA: 1s - loss: 2.0089 - acc: 0.4175
2170/3900 [===============>..............] - ETA: 1s - loss: 2.0060 - acc: 0.4161
2230/3900 [================>.............] - ETA: 1s - loss: 2.0019 - acc: 0.4193
2290/3900 [================>.............] - ETA: 1s - loss: 2.0002 - acc: 0.4170
2350/3900 [=================>............] - ETA: 1s - loss: 1.9972 - acc: 0.4179
2410/3900 [=================>............] - ETA: 1s - loss: 1.9942 - acc: 0.4203
2470/3900 [==================>...........] - ETA: 1s - loss: 1.9916 - acc: 0.4182
2530/3900 [==================>...........] - ETA: 1s - loss: 1.9891 - acc: 0.4166
2590/3900 [==================>...........] - ETA: 1s - loss: 1.9866 - acc: 0.4154
2650/3900 [===================>..........] - ETA: 1s - loss: 1.9843 - acc: 0.4136
2710/3900 [===================>..........] - ETA: 1s - loss: 1.9819 - acc: 0.4133
2770/3900 [====================>.........] - ETA: 1s - loss: 1.9787 - acc: 0.4144
2830/3900 [====================>.........] - ETA: 0s - loss: 1.9754 - acc: 0.4163
2890/3900 [=====================>........] - ETA: 0s - loss: 1.9737 - acc: 0.4152
2950/3900 [=====================>........] - ETA: 0s - loss: 1.9714 - acc: 0.4169
3010/3900 [======================>.......] - ETA: 0s - loss: 1.9678 - acc: 0.4196
3070/3900 [======================>.......] - ETA: 0s - loss: 1.9652 - acc: 0.4192
3130/3900 [=======================>......] - ETA: 0s - loss: 1.9642 - acc: 0.4169
3190/3900 [=======================>......] - ETA: 0s - loss: 1.9624 - acc: 0.4154
3250/3900 [========================>.....] - ETA: 0s - loss: 1.9595 - acc: 0.4148
3310/3900 [========================>.....] - ETA: 0s - loss: 1.9570 - acc: 0.4154
3370/3900 [========================>.....] - ETA: 0s - loss: 1.9551 - acc: 0.4166
3430/3900 [=========================>....] - ETA: 0s - loss: 1.9519 - acc: 0.4178
3490/3900 [=========================>....] - ETA: 0s - loss: 1.9498 - acc: 0.4189
3550/3900 [==========================>...] - ETA: 0s - loss: 1.9488 - acc: 0.4161
3610/3900 [==========================>...] - ETA: 0s - loss: 1.9475 - acc: 0.4158
3670/3900 [===========================>..] - ETA: 0s - loss: 1.9445 - acc: 0.4185
3730/3900 [===========================>..] - ETA: 0s - loss: 1.9414 - acc: 0.4204
3790/3900 [============================>.] - ETA: 0s - loss: 1.9389 - acc: 0.4211
3850/3900 [============================>.] - ETA: 0s - loss: 1.9369 - acc: 0.4210
3900/3900 [==============================] - 4s 924us/step - loss: 1.9359 - acc: 0.4195 - val_loss: 1.8888 - val_acc: 0.4343
Current time ....3.605
Train on 600 samples, validate on 86 samples
Epoch 1/1

 10/600 [..............................] - ETA: 0s - loss: 0.2431 - acc: 1.0000
 70/600 [==>...........................] - ETA: 0s - loss: 0.2953 - acc: 0.9857
130/600 [=====>........................] - ETA: 0s - loss: 0.2853 - acc: 0.9846
190/600 [========>.....................] - ETA: 0s - loss: 0.2803 - acc: 0.9842
250/600 [===========>..................] - ETA: 0s - loss: 0.2799 - acc: 0.9800
310/600 [==============>...............] - ETA: 0s - loss: 0.2786 - acc: 0.9806
370/600 [=================>............] - ETA: 0s - loss: 0.2683 - acc: 0.9811
430/600 [====================>.........] - ETA: 0s - loss: 0.2647 - acc: 0.9814
490/600 [=======================>......] - ETA: 0s - loss: 0.2603 - acc: 0.9796
550/600 [==========================>...] - ETA: 0s - loss: 0.2566 - acc: 0.9800
600/600 [==============================] - 1s 949us/step - loss: 0.2548 - acc: 0.9817 - val_loss: 0.3590 - val_acc: 0.9302
Current time ....0.570
Train on 1200 samples, validate on 68 samples
Epoch 1/1

  10/1200 [..............................] - ETA: 1s - loss: 0.7064 - acc: 0.8000
  70/1200 [>.............................] - ETA: 1s - loss: 0.6736 - acc: 0.7714
 130/1200 [==>...........................] - ETA: 0s - loss: 0.6841 - acc: 0.7538
 190/1200 [===>..........................] - ETA: 0s - loss: 0.6890 - acc: 0.7421
 250/1200 [=====>........................] - ETA: 0s - loss: 0.6810 - acc: 0.7440
 310/1200 [======>.......................] - ETA: 0s - loss: 0.6736 - acc: 0.7613
 370/1200 [========>.....................] - ETA: 0s - loss: 0.6714 - acc: 0.7757
 430/1200 [=========>....................] - ETA: 0s - loss: 0.6653 - acc: 0.7860
 490/1200 [===========>..................] - ETA: 0s - loss: 0.6670 - acc: 0.7755
 550/1200 [============>.................] - ETA: 0s - loss: 0.6552 - acc: 0.7818
 610/1200 [==============>...............] - ETA: 0s - loss: 0.6515 - acc: 0.7852
 670/1200 [===============>..............] - ETA: 0s - loss: 0.6434 - acc: 0.7851
 730/1200 [=================>............] - ETA: 0s - loss: 0.6385 - acc: 0.7863
 790/1200 [==================>...........] - ETA: 0s - loss: 0.6455 - acc: 0.7823
 850/1200 [====================>.........] - ETA: 0s - loss: 0.6341 - acc: 0.7918
 910/1200 [=====================>........] - ETA: 0s - loss: 0.6316 - acc: 0.7956
 970/1200 [=======================>......] - ETA: 0s - loss: 0.6255 - acc: 0.8021
1030/1200 [========================>.....] - ETA: 0s - loss: 0.6219 - acc: 0.8010
1090/1200 [==========================>...] - ETA: 0s - loss: 0.6223 - acc: 0.8000
1150/1200 [===========================>..] - ETA: 0s - loss: 0.6183 - acc: 0.8017
1200/1200 [==============================] - 1s 923us/step - loss: 0.6123 - acc: 0.8067 - val_loss: 0.8931 - val_acc: 0.6176
Current time ....1.107
Train on 3900 samples, validate on 99 samples
Epoch 1/1

  10/3900 [..............................] - ETA: 3s - loss: 1.7219 - acc: 0.5000
  70/3900 [..............................] - ETA: 3s - loss: 1.8433 - acc: 0.4286
 130/3900 [>.............................] - ETA: 3s - loss: 1.8519 - acc: 0.4308
 190/3900 [>.............................] - ETA: 3s - loss: 1.8353 - acc: 0.4368
 250/3900 [>.............................] - ETA: 3s - loss: 1.8047 - acc: 0.4440
 310/3900 [=>............................] - ETA: 3s - loss: 1.8079 - acc: 0.4194
 370/3900 [=>............................] - ETA: 3s - loss: 1.7986 - acc: 0.4405
 430/3900 [==>...........................] - ETA: 3s - loss: 1.7966 - acc: 0.4349
 490/3900 [==>...........................] - ETA: 3s - loss: 1.7886 - acc: 0.4449
 550/3900 [===>..........................] - ETA: 3s - loss: 1.7858 - acc: 0.4436
 610/3900 [===>..........................] - ETA: 3s - loss: 1.7836 - acc: 0.4377
 670/3900 [====>.........................] - ETA: 2s - loss: 1.7886 - acc: 0.4299
 730/3900 [====>.........................] - ETA: 2s - loss: 1.7855 - acc: 0.4397
 790/3900 [=====>........................] - ETA: 2s - loss: 1.7895 - acc: 0.4329
 850/3900 [=====>........................] - ETA: 2s - loss: 1.7884 - acc: 0.4294
 910/3900 [======>.......................] - ETA: 2s - loss: 1.7886 - acc: 0.4286
 970/3900 [======>.......................] - ETA: 2s - loss: 1.7857 - acc: 0.4309
1030/3900 [======>.......................] - ETA: 2s - loss: 1.7849 - acc: 0.4262
1090/3900 [=======>......................] - ETA: 2s - loss: 1.7814 - acc: 0.4257
1150/3900 [=======>......................] - ETA: 2s - loss: 1.7801 - acc: 0.4243
1210/3900 [========>.....................] - ETA: 2s - loss: 1.7826 - acc: 0.4223
1270/3900 [========>.....................] - ETA: 2s - loss: 1.7818 - acc: 0.4268
1330/3900 [=========>....................] - ETA: 2s - loss: 1.7780 - acc: 0.4331
1390/3900 [=========>....................] - ETA: 2s - loss: 1.7741 - acc: 0.4381
1450/3900 [==========>...................] - ETA: 2s - loss: 1.7742 - acc: 0.4297
1510/3900 [==========>...................] - ETA: 2s - loss: 1.7720 - acc: 0.4331
1570/3900 [===========>..................] - ETA: 2s - loss: 1.7727 - acc: 0.4312
1630/3900 [===========>..................] - ETA: 2s - loss: 1.7723 - acc: 0.4276
1690/3900 [============>.................] - ETA: 2s - loss: 1.7714 - acc: 0.4314
1750/3900 [============>.................] - ETA: 1s - loss: 1.7692 - acc: 0.4349
1810/3900 [============>.................] - ETA: 1s - loss: 1.7669 - acc: 0.4381
1870/3900 [=============>................] - ETA: 1s - loss: 1.7654 - acc: 0.4364
1930/3900 [=============>................] - ETA: 1s - loss: 1.7636 - acc: 0.4358
1990/3900 [==============>...............] - ETA: 1s - loss: 1.7638 - acc: 0.4367
2050/3900 [==============>...............] - ETA: 1s - loss: 1.7624 - acc: 0.4351
2110/3900 [===============>..............] - ETA: 1s - loss: 1.7596 - acc: 0.4379
2170/3900 [===============>..............] - ETA: 1s - loss: 1.7582 - acc: 0.4378
2230/3900 [================>.............] - ETA: 1s - loss: 1.7572 - acc: 0.4381
2290/3900 [================>.............] - ETA: 1s - loss: 1.7569 - acc: 0.4367
2350/3900 [=================>............] - ETA: 1s - loss: 1.7557 - acc: 0.4366
2410/3900 [=================>............] - ETA: 1s - loss: 1.7540 - acc: 0.4344
2470/3900 [==================>...........] - ETA: 1s - loss: 1.7518 - acc: 0.4360
2530/3900 [==================>...........] - ETA: 1s - loss: 1.7516 - acc: 0.4368
2590/3900 [==================>...........] - ETA: 1s - loss: 1.7508 - acc: 0.4371
2650/3900 [===================>..........] - ETA: 1s - loss: 1.7496 - acc: 0.4377
2710/3900 [===================>..........] - ETA: 1s - loss: 1.7501 - acc: 0.4373
2770/3900 [====================>.........] - ETA: 1s - loss: 1.7482 - acc: 0.4397
2830/3900 [====================>.........] - ETA: 0s - loss: 1.7454 - acc: 0.4435
2890/3900 [=====================>........] - ETA: 0s - loss: 1.7421 - acc: 0.4450
2950/3900 [=====================>........] - ETA: 0s - loss: 1.7404 - acc: 0.4454
3010/3900 [======================>.......] - ETA: 0s - loss: 1.7395 - acc: 0.4458
3070/3900 [======================>.......] - ETA: 0s - loss: 1.7384 - acc: 0.4450
3130/3900 [=======================>......] - ETA: 0s - loss: 1.7369 - acc: 0.4438
3190/3900 [=======================>......] - ETA: 0s - loss: 1.7343 - acc: 0.4451
3250/3900 [========================>.....] - ETA: 0s - loss: 1.7333 - acc: 0.4446
3310/3900 [========================>.....] - ETA: 0s - loss: 1.7309 - acc: 0.4462
3370/3900 [========================>.....] - ETA: 0s - loss: 1.7294 - acc: 0.4472
3430/3900 [=========================>....] - ETA: 0s - loss: 1.7281 - acc: 0.4487
3490/3900 [=========================>....] - ETA: 0s - loss: 1.7250 - acc: 0.4516
3550/3900 [==========================>...] - ETA: 0s - loss: 1.7225 - acc: 0.4530
3610/3900 [==========================>...] - ETA: 0s - loss: 1.7213 - acc: 0.4535
3670/3900 [===========================>..] - ETA: 0s - loss: 1.7213 - acc: 0.4548
3730/3900 [===========================>..] - ETA: 0s - loss: 1.7202 - acc: 0.4555
3790/3900 [============================>.] - ETA: 0s - loss: 1.7195 - acc: 0.4559
3850/3900 [============================>.] - ETA: 0s - loss: 1.7185 - acc: 0.4553
3900/3900 [==============================] - 4s 927us/step - loss: 1.7175 - acc: 0.4564 - val_loss: 1.8807 - val_acc: 0.2121
Current time ....3.614
Train on 600 samples, validate on 86 samples
Epoch 1/1

 10/600 [..............................] - ETA: 0s - loss: 0.3820 - acc: 0.8000
 70/600 [==>...........................] - ETA: 0s - loss: 0.2070 - acc: 0.9714
130/600 [=====>........................] - ETA: 0s - loss: 0.1849 - acc: 0.9769
190/600 [========>.....................] - ETA: 0s - loss: 0.1789 - acc: 0.9842
250/600 [===========>..................] - ETA: 0s - loss: 0.1773 - acc: 0.9840
310/600 [==============>...............] - ETA: 0s - loss: 0.1791 - acc: 0.9839
370/600 [=================>............] - ETA: 0s - loss: 0.1735 - acc: 0.9865
430/600 [====================>.........] - ETA: 0s - loss: 0.1748 - acc: 0.9837
490/600 [=======================>......] - ETA: 0s - loss: 0.1759 - acc: 0.9816
550/600 [==========================>...] - ETA: 0s - loss: 0.1718 - acc: 0.9818
600/600 [==============================] - 1s 948us/step - loss: 0.1661 - acc: 0.9833 - val_loss: 0.3526 - val_acc: 0.9302
Current time ....0.569
Train on 1200 samples, validate on 68 samples
Epoch 1/1

  10/1200 [..............................] - ETA: 1s - loss: 0.4819 - acc: 1.0000
  70/1200 [>.............................] - ETA: 1s - loss: 0.4445 - acc: 0.9429
 130/1200 [==>...........................] - ETA: 0s - loss: 0.4789 - acc: 0.9077
 190/1200 [===>..........................] - ETA: 0s - loss: 0.4711 - acc: 0.9053
 250/1200 [=====>........................] - ETA: 0s - loss: 0.4695 - acc: 0.8800
 310/1200 [======>.......................] - ETA: 0s - loss: 0.4749 - acc: 0.8871
 370/1200 [========>.....................] - ETA: 0s - loss: 0.4610 - acc: 0.8946
 430/1200 [=========>....................] - ETA: 0s - loss: 0.4636 - acc: 0.8860
 490/1200 [===========>..................] - ETA: 0s - loss: 0.4688 - acc: 0.8796
 550/1200 [============>.................] - ETA: 0s - loss: 0.4551 - acc: 0.8873
 610/1200 [==============>...............] - ETA: 0s - loss: 0.4570 - acc: 0.8869
 670/1200 [===============>..............] - ETA: 0s - loss: 0.4580 - acc: 0.8851
 730/1200 [=================>............] - ETA: 0s - loss: 0.4529 - acc: 0.8877
 790/1200 [==================>...........] - ETA: 0s - loss: 0.4521 - acc: 0.8911
 850/1200 [====================>.........] - ETA: 0s - loss: 0.4501 - acc: 0.8906
 910/1200 [=====================>........] - ETA: 0s - loss: 0.4558 - acc: 0.8813
 970/1200 [=======================>......] - ETA: 0s - loss: 0.4523 - acc: 0.8814
1030/1200 [========================>.....] - ETA: 0s - loss: 0.4507 - acc: 0.8806
1090/1200 [==========================>...] - ETA: 0s - loss: 0.4430 - acc: 0.8807
1150/1200 [===========================>..] - ETA: 0s - loss: 0.4467 - acc: 0.8809
1200/1200 [==============================] - 1s 925us/step - loss: 0.4434 - acc: 0.8817 - val_loss: 0.7475 - val_acc: 0.6324
Current time ....1.111
Train on 3900 samples, validate on 99 samples
Epoch 1/1

  10/3900 [..............................] - ETA: 3s - loss: 1.4837 - acc: 0.6000
  70/3900 [..............................] - ETA: 3s - loss: 1.5309 - acc: 0.5000
 130/3900 [>.............................] - ETA: 3s - loss: 1.6267 - acc: 0.4615
 190/3900 [>.............................] - ETA: 3s - loss: 1.6387 - acc: 0.4737
 250/3900 [>.............................] - ETA: 3s - loss: 1.6337 - acc: 0.4680
 310/3900 [=>............................] - ETA: 3s - loss: 1.5979 - acc: 0.4871
 370/3900 [=>............................] - ETA: 3s - loss: 1.6068 - acc: 0.4946
 430/3900 [==>...........................] - ETA: 3s - loss: 1.6177 - acc: 0.4791
 490/3900 [==>...........................] - ETA: 3s - loss: 1.6083 - acc: 0.4857
 550/3900 [===>..........................] - ETA: 3s - loss: 1.6188 - acc: 0.4855
 610/3900 [===>..........................] - ETA: 3s - loss: 1.6189 - acc: 0.4869
 670/3900 [====>.........................] - ETA: 2s - loss: 1.6113 - acc: 0.4970
 730/3900 [====>.........................] - ETA: 2s - loss: 1.6057 - acc: 0.4986
 790/3900 [=====>........................] - ETA: 2s - loss: 1.6073 - acc: 0.4987
 850/3900 [=====>........................] - ETA: 2s - loss: 1.6034 - acc: 0.5012
 910/3900 [======>.......................] - ETA: 2s - loss: 1.5931 - acc: 0.5055
 970/3900 [======>.......................] - ETA: 2s - loss: 1.5982 - acc: 0.4959
1030/3900 [======>.......................] - ETA: 2s - loss: 1.5999 - acc: 0.4951
1090/3900 [=======>......................] - ETA: 2s - loss: 1.5967 - acc: 0.4936
1150/3900 [=======>......................] - ETA: 2s - loss: 1.5946 - acc: 0.4896
1210/3900 [========>.....................] - ETA: 2s - loss: 1.5896 - acc: 0.4950
1270/3900 [========>.....................] - ETA: 2s - loss: 1.5863 - acc: 0.4976
1330/3900 [=========>....................] - ETA: 2s - loss: 1.5858 - acc: 0.4970
1390/3900 [=========>....................] - ETA: 2s - loss: 1.5845 - acc: 0.4978
1450/3900 [==========>...................] - ETA: 2s - loss: 1.5846 - acc: 0.4966
1510/3900 [==========>...................] - ETA: 2s - loss: 1.5821 - acc: 0.5007
1570/3900 [===========>..................] - ETA: 2s - loss: 1.5855 - acc: 0.4962
1630/3900 [===========>..................] - ETA: 2s - loss: 1.5851 - acc: 0.4963
1690/3900 [============>.................] - ETA: 2s - loss: 1.5852 - acc: 0.4988
1750/3900 [============>.................] - ETA: 1s - loss: 1.5817 - acc: 0.5017
1810/3900 [============>.................] - ETA: 1s - loss: 1.5760 - acc: 0.5066
1870/3900 [=============>................] - ETA: 1s - loss: 1.5751 - acc: 0.5064
1930/3900 [=============>................] - ETA: 1s - loss: 1.5755 - acc: 0.5062
1990/3900 [==============>...............] - ETA: 1s - loss: 1.5738 - acc: 0.5080
2050/3900 [==============>...............] - ETA: 1s - loss: 1.5745 - acc: 0.5078
2110/3900 [===============>..............] - ETA: 1s - loss: 1.5735 - acc: 0.5104
2170/3900 [===============>..............] - ETA: 1s - loss: 1.5702 - acc: 0.5129
2230/3900 [================>.............] - ETA: 1s - loss: 1.5673 - acc: 0.5139
2290/3900 [================>.............] - ETA: 1s - loss: 1.5638 - acc: 0.5170
2350/3900 [=================>............] - ETA: 1s - loss: 1.5618 - acc: 0.5157
2410/3900 [=================>............] - ETA: 1s - loss: 1.5608 - acc: 0.5158
2470/3900 [==================>...........] - ETA: 1s - loss: 1.5588 - acc: 0.5182
2530/3900 [==================>...........] - ETA: 1s - loss: 1.5552 - acc: 0.5186
2590/3900 [==================>...........] - ETA: 1s - loss: 1.5531 - acc: 0.5185
2650/3900 [===================>..........] - ETA: 1s - loss: 1.5498 - acc: 0.5196
2710/3900 [===================>..........] - ETA: 1s - loss: 1.5481 - acc: 0.5210
2770/3900 [====================>.........] - ETA: 1s - loss: 1.5485 - acc: 0.5199
2830/3900 [====================>.........] - ETA: 0s - loss: 1.5454 - acc: 0.5198
2890/3900 [=====================>........] - ETA: 0s - loss: 1.5423 - acc: 0.5228
2950/3900 [=====================>........] - ETA: 0s - loss: 1.5394 - acc: 0.5244
3010/3900 [======================>.......] - ETA: 0s - loss: 1.5380 - acc: 0.5239
3070/3900 [======================>.......] - ETA: 0s - loss: 1.5382 - acc: 0.5235
3130/3900 [=======================>......] - ETA: 0s - loss: 1.5369 - acc: 0.5224
3190/3900 [=======================>......] - ETA: 0s - loss: 1.5352 - acc: 0.5223
3250/3900 [========================>.....] - ETA: 0s - loss: 1.5340 - acc: 0.5225
3310/3900 [========================>.....] - ETA: 0s - loss: 1.5322 - acc: 0.5236
3370/3900 [========================>.....] - ETA: 0s - loss: 1.5300 - acc: 0.5252
3430/3900 [=========================>....] - ETA: 0s - loss: 1.5296 - acc: 0.5257
3490/3900 [=========================>....] - ETA: 0s - loss: 1.5278 - acc: 0.5261
3550/3900 [==========================>...] - ETA: 0s - loss: 1.5260 - acc: 0.5270
3610/3900 [==========================>...] - ETA: 0s - loss: 1.5247 - acc: 0.5266
3670/3900 [===========================>..] - ETA: 0s - loss: 1.5229 - acc: 0.5286
3730/3900 [===========================>..] - ETA: 0s - loss: 1.5204 - acc: 0.5292
3790/3900 [============================>.] - ETA: 0s - loss: 1.5179 - acc: 0.5317
3850/3900 [============================>.] - ETA: 0s - loss: 1.5155 - acc: 0.5317
3900/3900 [==============================] - 4s 920us/step - loss: 1.5141 - acc: 0.5323 - val_loss: 1.8301 - val_acc: 0.2626
Current time ....3.587
Train on 600 samples, validate on 86 samples
Epoch 1/1

 10/600 [..............................] - ETA: 0s - loss: 0.0469 - acc: 1.0000
 70/600 [==>...........................] - ETA: 0s - loss: 0.1385 - acc: 0.9714
130/600 [=====>........................] - ETA: 0s - loss: 0.1293 - acc: 0.9846
190/600 [========>.....................] - ETA: 0s - loss: 0.1248 - acc: 0.9842
250/600 [===========>..................] - ETA: 0s - loss: 0.1196 - acc: 0.9880
310/600 [==============>...............] - ETA: 0s - loss: 0.1155 - acc: 0.9839
370/600 [=================>............] - ETA: 0s - loss: 0.1149 - acc: 0.9838
430/600 [====================>.........] - ETA: 0s - loss: 0.1158 - acc: 0.9860
490/600 [=======================>......] - ETA: 0s - loss: 0.1127 - acc: 0.9878
550/600 [==========================>...] - ETA: 0s - loss: 0.1102 - acc: 0.9891
600/600 [==============================] - 1s 941us/step - loss: 0.1077 - acc: 0.9900 - val_loss: 0.3512 - val_acc: 0.9186
Current time ....0.565
Train on 1200 samples, validate on 68 samples
Epoch 1/1

  10/1200 [..............................] - ETA: 1s - loss: 0.2725 - acc: 1.0000
  70/1200 [>.............................] - ETA: 1s - loss: 0.3119 - acc: 0.9571
 130/1200 [==>...........................] - ETA: 0s - loss: 0.3045 - acc: 0.9615
 190/1200 [===>..........................] - ETA: 0s - loss: 0.3313 - acc: 0.9316
 250/1200 [=====>........................] - ETA: 0s - loss: 0.3283 - acc: 0.9240
 310/1200 [======>.......................] - ETA: 0s - loss: 0.3271 - acc: 0.9258
 370/1200 [========>.....................] - ETA: 0s - loss: 0.3391 - acc: 0.9108
 430/1200 [=========>....................] - ETA: 0s - loss: 0.3473 - acc: 0.9047
 490/1200 [===========>..................] - ETA: 0s - loss: 0.3476 - acc: 0.9041
 550/1200 [============>.................] - ETA: 0s - loss: 0.3527 - acc: 0.9000
 610/1200 [==============>...............] - ETA: 0s - loss: 0.3542 - acc: 0.9000
 670/1200 [===============>..............] - ETA: 0s - loss: 0.3517 - acc: 0.9000
 730/1200 [=================>............] - ETA: 0s - loss: 0.3513 - acc: 0.9041
 790/1200 [==================>...........] - ETA: 0s - loss: 0.3423 - acc: 0.9089
 850/1200 [====================>.........] - ETA: 0s - loss: 0.3352 - acc: 0.9106
 910/1200 [=====================>........] - ETA: 0s - loss: 0.3301 - acc: 0.9121
 970/1200 [=======================>......] - ETA: 0s - loss: 0.3280 - acc: 0.9144
1030/1200 [========================>.....] - ETA: 0s - loss: 0.3239 - acc: 0.9165
1090/1200 [==========================>...] - ETA: 0s - loss: 0.3243 - acc: 0.9165
1150/1200 [===========================>..] - ETA: 0s - loss: 0.3210 - acc: 0.9174
1200/1200 [==============================] - 1s 929us/step - loss: 0.3191 - acc: 0.9192 - val_loss: 0.7368 - val_acc: 0.6618
Current time ....1.115
Train on 3900 samples, validate on 99 samples
Epoch 1/1

  10/3900 [..............................] - ETA: 3s - loss: 1.3781 - acc: 0.5000
  70/3900 [..............................] - ETA: 3s - loss: 1.3054 - acc: 0.6429
 130/3900 [>.............................] - ETA: 3s - loss: 1.3882 - acc: 0.5846
 190/3900 [>.............................] - ETA: 3s - loss: 1.3626 - acc: 0.6158
 250/3900 [>.............................] - ETA: 3s - loss: 1.3838 - acc: 0.5920
 310/3900 [=>............................] - ETA: 3s - loss: 1.3854 - acc: 0.5968
 370/3900 [=>............................] - ETA: 3s - loss: 1.4015 - acc: 0.5892
 430/3900 [==>...........................] - ETA: 3s - loss: 1.3934 - acc: 0.5953
 490/3900 [==>...........................] - ETA: 3s - loss: 1.3896 - acc: 0.6000
 550/3900 [===>..........................] - ETA: 3s - loss: 1.3757 - acc: 0.5964
 610/3900 [===>..........................] - ETA: 3s - loss: 1.3775 - acc: 0.6000
 670/3900 [====>.........................] - ETA: 2s - loss: 1.3820 - acc: 0.5910
 730/3900 [====>.........................] - ETA: 2s - loss: 1.3721 - acc: 0.5986
 790/3900 [=====>........................] - ETA: 2s - loss: 1.3621 - acc: 0.6063
 850/3900 [=====>........................] - ETA: 2s - loss: 1.3566 - acc: 0.6082
 910/3900 [======>.......................] - ETA: 2s - loss: 1.3617 - acc: 0.6121
 970/3900 [======>.......................] - ETA: 2s - loss: 1.3605 - acc: 0.6155
1030/3900 [======>.......................] - ETA: 2s - loss: 1.3594 - acc: 0.6165
1090/3900 [=======>......................] - ETA: 2s - loss: 1.3589 - acc: 0.6128
1150/3900 [=======>......................] - ETA: 2s - loss: 1.3630 - acc: 0.6087
1210/3900 [========>.....................] - ETA: 2s - loss: 1.3682 - acc: 0.6000
1270/3900 [========>.....................] - ETA: 2s - loss: 1.3673 - acc: 0.5984
1330/3900 [=========>....................] - ETA: 2s - loss: 1.3600 - acc: 0.6015
1390/3900 [=========>....................] - ETA: 2s - loss: 1.3598 - acc: 0.6014
1450/3900 [==========>...................] - ETA: 2s - loss: 1.3528 - acc: 0.6000
1510/3900 [==========>...................] - ETA: 2s - loss: 1.3448 - acc: 0.6053
1570/3900 [===========>..................] - ETA: 2s - loss: 1.3467 - acc: 0.6006
1630/3900 [===========>..................] - ETA: 2s - loss: 1.3465 - acc: 0.6000
1690/3900 [============>.................] - ETA: 2s - loss: 1.3457 - acc: 0.5988
1750/3900 [============>.................] - ETA: 1s - loss: 1.3480 - acc: 0.5971
1810/3900 [============>.................] - ETA: 1s - loss: 1.3467 - acc: 0.5989
1870/3900 [=============>................] - ETA: 1s - loss: 1.3433 - acc: 0.6011
1930/3900 [=============>................] - ETA: 1s - loss: 1.3426 - acc: 0.6005
1990/3900 [==============>...............] - ETA: 1s - loss: 1.3375 - acc: 0.6030
2050/3900 [==============>...............] - ETA: 1s - loss: 1.3362 - acc: 0.6029
2100/3900 [===============>..............] - ETA: 1s - loss: 1.3363 - acc: 0.6024
2160/3900 [===============>..............] - ETA: 1s - loss: 1.3354 - acc: 0.6019
2220/3900 [================>.............] - ETA: 1s - loss: 1.3331 - acc: 0.6027
2280/3900 [================>.............] - ETA: 1s - loss: 1.3335 - acc: 0.6031
2340/3900 [=================>............] - ETA: 1s - loss: 1.3294 - acc: 0.6030
2400/3900 [=================>............] - ETA: 1s - loss: 1.3263 - acc: 0.6054
2460/3900 [=================>............] - ETA: 1s - loss: 1.3239 - acc: 0.6057
2520/3900 [==================>...........] - ETA: 1s - loss: 1.3208 - acc: 0.6048
2580/3900 [==================>...........] - ETA: 1s - loss: 1.3155 - acc: 0.6054
2640/3900 [===================>..........] - ETA: 1s - loss: 1.3125 - acc: 0.6061
2700/3900 [===================>..........] - ETA: 1s - loss: 1.3067 - acc: 0.6085
2760/3900 [====================>.........] - ETA: 1s - loss: 1.3095 - acc: 0.6054
2820/3900 [====================>.........] - ETA: 0s - loss: 1.3074 - acc: 0.6071
2880/3900 [=====================>........] - ETA: 0s - loss: 1.3087 - acc: 0.6052
2940/3900 [=====================>........] - ETA: 0s - loss: 1.3056 - acc: 0.6058
3000/3900 [======================>.......] - ETA: 0s - loss: 1.3033 - acc: 0.6053
3060/3900 [======================>.......] - ETA: 0s - loss: 1.3030 - acc: 0.6059
3120/3900 [=======================>......] - ETA: 0s - loss: 1.3030 - acc: 0.6051
3180/3900 [=======================>......] - ETA: 0s - loss: 1.3020 - acc: 0.6053
3240/3900 [=======================>......] - ETA: 0s - loss: 1.3003 - acc: 0.6059
3300/3900 [========================>.....] - ETA: 0s - loss: 1.2987 - acc: 0.6058
3360/3900 [========================>.....] - ETA: 0s - loss: 1.2982 - acc: 0.6042
3420/3900 [=========================>....] - ETA: 0s - loss: 1.2981 - acc: 0.6029
3480/3900 [=========================>....] - ETA: 0s - loss: 1.2979 - acc: 0.6029
3540/3900 [==========================>...] - ETA: 0s - loss: 1.2980 - acc: 0.6025
3600/3900 [==========================>...] - ETA: 0s - loss: 1.2968 - acc: 0.6033
3660/3900 [===========================>..] - ETA: 0s - loss: 1.2959 - acc: 0.6038
3720/3900 [===========================>..] - ETA: 0s - loss: 1.2926 - acc: 0.6054
3780/3900 [============================>.] - ETA: 0s - loss: 1.2911 - acc: 0.6050
3840/3900 [============================>.] - ETA: 0s - loss: 1.2900 - acc: 0.6063
3900/3900 [==============================] - 4s 927us/step - loss: 1.2896 - acc: 0.6062 - val_loss: 1.8663 - val_acc: 0.2727
Current time ....3.614
Train on 600 samples, validate on 86 samples
Epoch 1/1

 10/600 [..............................] - ETA: 0s - loss: 0.1303 - acc: 1.0000
 70/600 [==>...........................] - ETA: 0s - loss: 0.0772 - acc: 1.0000
130/600 [=====>........................] - ETA: 0s - loss: 0.0733 - acc: 1.0000
190/600 [========>.....................] - ETA: 0s - loss: 0.0690 - acc: 1.0000
250/600 [===========>..................] - ETA: 0s - loss: 0.0681 - acc: 1.0000
310/600 [==============>...............] - ETA: 0s - loss: 0.0708 - acc: 0.9968
370/600 [=================>............] - ETA: 0s - loss: 0.0728 - acc: 0.9973
430/600 [====================>.........] - ETA: 0s - loss: 0.0727 - acc: 0.9977
490/600 [=======================>......] - ETA: 0s - loss: 0.0771 - acc: 0.9939
550/600 [==========================>...] - ETA: 0s - loss: 0.0769 - acc: 0.9945
600/600 [==============================] - 1s 950us/step - loss: 0.0763 - acc: 0.9950 - val_loss: 0.3750 - val_acc: 0.9186
Current time ....0.570
Train on 1200 samples, validate on 68 samples
Epoch 1/1

  10/1200 [..............................] - ETA: 1s - loss: 0.2348 - acc: 1.0000
  70/1200 [>.............................] - ETA: 1s - loss: 0.2000 - acc: 0.9714
 130/1200 [==>...........................] - ETA: 0s - loss: 0.2146 - acc: 0.9692
 190/1200 [===>..........................] - ETA: 0s - loss: 0.2205 - acc: 0.9632
 250/1200 [=====>........................] - ETA: 0s - loss: 0.2249 - acc: 0.9680
 310/1200 [======>.......................] - ETA: 0s - loss: 0.2249 - acc: 0.9645
 370/1200 [========>.....................] - ETA: 0s - loss: 0.2336 - acc: 0.9622
 430/1200 [=========>....................] - ETA: 0s - loss: 0.2278 - acc: 0.9605
 490/1200 [===========>..................] - ETA: 0s - loss: 0.2336 - acc: 0.9531
 550/1200 [============>.................] - ETA: 0s - loss: 0.2309 - acc: 0.9509
 610/1200 [==============>...............] - ETA: 0s - loss: 0.2331 - acc: 0.9475
 670/1200 [===============>..............] - ETA: 0s - loss: 0.2319 - acc: 0.9493
 730/1200 [=================>............] - ETA: 0s - loss: 0.2290 - acc: 0.9507
 790/1200 [==================>...........] - ETA: 0s - loss: 0.2291 - acc: 0.9506
 850/1200 [====================>.........] - ETA: 0s - loss: 0.2337 - acc: 0.9471
 910/1200 [=====================>........] - ETA: 0s - loss: 0.2344 - acc: 0.9462
 970/1200 [=======================>......] - ETA: 0s - loss: 0.2311 - acc: 0.9485
1030/1200 [========================>.....] - ETA: 0s - loss: 0.2267 - acc: 0.9485
1090/1200 [==========================>...] - ETA: 0s - loss: 0.2270 - acc: 0.9477
1150/1200 [===========================>..] - ETA: 0s - loss: 0.2295 - acc: 0.9478
1200/1200 [==============================] - 1s 923us/step - loss: 0.2287 - acc: 0.9492 - val_loss: 0.7432 - val_acc: 0.7500
Current time ....1.108
Train on 3900 samples, validate on 99 samples
Epoch 1/1

  10/3900 [..............................] - ETA: 3s - loss: 1.5681 - acc: 0.2000
  70/3900 [..............................] - ETA: 3s - loss: 1.1430 - acc: 0.6000
 130/3900 [>.............................] - ETA: 3s - loss: 1.1384 - acc: 0.6308
 190/3900 [>.............................] - ETA: 3s - loss: 1.1451 - acc: 0.6368
 250/3900 [>.............................] - ETA: 3s - loss: 1.1861 - acc: 0.6080
 310/3900 [=>............................] - ETA: 3s - loss: 1.1794 - acc: 0.6226
 370/3900 [=>............................] - ETA: 3s - loss: 1.1835 - acc: 0.6135
 430/3900 [==>...........................] - ETA: 3s - loss: 1.1675 - acc: 0.6279
 490/3900 [==>...........................] - ETA: 3s - loss: 1.1572 - acc: 0.6367
 550/3900 [===>..........................] - ETA: 3s - loss: 1.1597 - acc: 0.6327
 610/3900 [===>..........................] - ETA: 3s - loss: 1.1608 - acc: 0.6295
 670/3900 [====>.........................] - ETA: 2s - loss: 1.1475 - acc: 0.6358
 730/3900 [====>.........................] - ETA: 2s - loss: 1.1427 - acc: 0.6384
 790/3900 [=====>........................] - ETA: 2s - loss: 1.1311 - acc: 0.6456
 850/3900 [=====>........................] - ETA: 2s - loss: 1.1336 - acc: 0.6471
 910/3900 [======>.......................] - ETA: 2s - loss: 1.1381 - acc: 0.6429
 970/3900 [======>.......................] - ETA: 2s - loss: 1.1333 - acc: 0.6433
1030/3900 [======>.......................] - ETA: 2s - loss: 1.1260 - acc: 0.6524
1090/3900 [=======>......................] - ETA: 2s - loss: 1.1177 - acc: 0.6596
1150/3900 [=======>......................] - ETA: 2s - loss: 1.1189 - acc: 0.6600
1210/3900 [========>.....................] - ETA: 2s - loss: 1.1121 - acc: 0.6603
1270/3900 [========>.....................] - ETA: 2s - loss: 1.1115 - acc: 0.6598
1330/3900 [=========>....................] - ETA: 2s - loss: 1.1114 - acc: 0.6579
1390/3900 [=========>....................] - ETA: 2s - loss: 1.1126 - acc: 0.6554
1450/3900 [==========>...................] - ETA: 2s - loss: 1.1115 - acc: 0.6524
1510/3900 [==========>...................] - ETA: 2s - loss: 1.1150 - acc: 0.6503
1570/3900 [===========>..................] - ETA: 2s - loss: 1.1127 - acc: 0.6561
1630/3900 [===========>..................] - ETA: 2s - loss: 1.1125 - acc: 0.6552
1690/3900 [============>.................] - ETA: 2s - loss: 1.1099 - acc: 0.6580
1750/3900 [============>.................] - ETA: 1s - loss: 1.1115 - acc: 0.6560
1810/3900 [============>.................] - ETA: 1s - loss: 1.1122 - acc: 0.6552
1870/3900 [=============>................] - ETA: 1s - loss: 1.1136 - acc: 0.6551
1930/3900 [=============>................] - ETA: 1s - loss: 1.1090 - acc: 0.6575
1990/3900 [==============>...............] - ETA: 1s - loss: 1.1071 - acc: 0.6588
2050/3900 [==============>...............] - ETA: 1s - loss: 1.1049 - acc: 0.6590
2110/3900 [===============>..............] - ETA: 1s - loss: 1.1041 - acc: 0.6578
2170/3900 [===============>..............] - ETA: 1s - loss: 1.1047 - acc: 0.6553
2230/3900 [================>.............] - ETA: 1s - loss: 1.1092 - acc: 0.6529
2290/3900 [================>.............] - ETA: 1s - loss: 1.1041 - acc: 0.6550
2350/3900 [=================>............] - ETA: 1s - loss: 1.1042 - acc: 0.6549
2410/3900 [=================>............] - ETA: 1s - loss: 1.1033 - acc: 0.6544
2470/3900 [==================>...........] - ETA: 1s - loss: 1.1035 - acc: 0.6538
2530/3900 [==================>...........] - ETA: 1s - loss: 1.1026 - acc: 0.6545
2590/3900 [==================>...........] - ETA: 1s - loss: 1.1003 - acc: 0.6560
2650/3900 [===================>..........] - ETA: 1s - loss: 1.0999 - acc: 0.6566
2710/3900 [===================>..........] - ETA: 1s - loss: 1.0968 - acc: 0.6579
2770/3900 [====================>.........] - ETA: 1s - loss: 1.0946 - acc: 0.6596
2830/3900 [====================>.........] - ETA: 0s - loss: 1.0929 - acc: 0.6597
2890/3900 [=====================>........] - ETA: 0s - loss: 1.0932 - acc: 0.6578
2950/3900 [=====================>........] - ETA: 0s - loss: 1.0910 - acc: 0.6586
3010/3900 [======================>.......] - ETA: 0s - loss: 1.0868 - acc: 0.6605
3070/3900 [======================>.......] - ETA: 0s - loss: 1.0857 - acc: 0.6609
3130/3900 [=======================>......] - ETA: 0s - loss: 1.0856 - acc: 0.6613
3190/3900 [=======================>......] - ETA: 0s - loss: 1.0836 - acc: 0.6618
3250/3900 [========================>.....] - ETA: 0s - loss: 1.0851 - acc: 0.6606
3310/3900 [========================>.....] - ETA: 0s - loss: 1.0835 - acc: 0.6613
3370/3900 [========================>.....] - ETA: 0s - loss: 1.0795 - acc: 0.6626
3430/3900 [=========================>....] - ETA: 0s - loss: 1.0764 - acc: 0.6630
3490/3900 [=========================>....] - ETA: 0s - loss: 1.0753 - acc: 0.6630
3550/3900 [==========================>...] - ETA: 0s - loss: 1.0737 - acc: 0.6631
3610/3900 [==========================>...] - ETA: 0s - loss: 1.0727 - acc: 0.6623
3670/3900 [===========================>..] - ETA: 0s - loss: 1.0699 - acc: 0.6638
3730/3900 [===========================>..] - ETA: 0s - loss: 1.0693 - acc: 0.6627
3790/3900 [============================>.] - ETA: 0s - loss: 1.0682 - acc: 0.6636
3850/3900 [============================>.] - ETA: 0s - loss: 1.0668 - acc: 0.6644
3900/3900 [==============================] - 4s 924us/step - loss: 1.0649 - acc: 0.6651 - val_loss: 1.7156 - val_acc: 0.3838
Current time ....3.603
Train on 600 samples, validate on 86 samples
Epoch 1/1

 10/600 [..............................] - ETA: 0s - loss: 0.0606 - acc: 1.0000
 70/600 [==>...........................] - ETA: 0s - loss: 0.0742 - acc: 0.9857
130/600 [=====>........................] - ETA: 0s - loss: 0.0623 - acc: 0.9923
190/600 [========>.....................] - ETA: 0s - loss: 0.0613 - acc: 0.9947
250/600 [===========>..................] - ETA: 0s - loss: 0.0572 - acc: 0.9960
310/600 [==============>...............] - ETA: 0s - loss: 0.0592 - acc: 0.9968
370/600 [=================>............] - ETA: 0s - loss: 0.0617 - acc: 0.9973
430/600 [====================>.........] - ETA: 0s - loss: 0.0597 - acc: 0.9977
490/600 [=======================>......] - ETA: 0s - loss: 0.0570 - acc: 0.9980
550/600 [==========================>...] - ETA: 0s - loss: 0.0548 - acc: 0.9982
600/600 [==============================] - 1s 946us/step - loss: 0.0568 - acc: 0.9967 - val_loss: 0.3847 - val_acc: 0.9186
Current time ....0.568
Train on 1200 samples, validate on 68 samples
Epoch 1/1

  10/1200 [..............................] - ETA: 1s - loss: 0.1981 - acc: 0.9000
  70/1200 [>.............................] - ETA: 1s - loss: 0.1316 - acc: 0.9714
 130/1200 [==>...........................] - ETA: 0s - loss: 0.1422 - acc: 0.9769
 190/1200 [===>..........................] - ETA: 0s - loss: 0.1539 - acc: 0.9789
 250/1200 [=====>........................] - ETA: 0s - loss: 0.1635 - acc: 0.9760
 310/1200 [======>.......................] - ETA: 0s - loss: 0.1639 - acc: 0.9710
 370/1200 [========>.....................] - ETA: 0s - loss: 0.1603 - acc: 0.9757
 430/1200 [=========>....................] - ETA: 0s - loss: 0.1588 - acc: 0.9791
 490/1200 [===========>..................] - ETA: 0s - loss: 0.1611 - acc: 0.9796
 550/1200 [============>.................] - ETA: 0s - loss: 0.1591 - acc: 0.9800
 610/1200 [==============>...............] - ETA: 0s - loss: 0.1575 - acc: 0.9770
 670/1200 [===============>..............] - ETA: 0s - loss: 0.1562 - acc: 0.9776
 730/1200 [=================>............] - ETA: 0s - loss: 0.1543 - acc: 0.9781
 790/1200 [==================>...........] - ETA: 0s - loss: 0.1538 - acc: 0.9797
 850/1200 [====================>.........] - ETA: 0s - loss: 0.1555 - acc: 0.9788
 910/1200 [=====================>........] - ETA: 0s - loss: 0.1545 - acc: 0.9780
 970/1200 [=======================>......] - ETA: 0s - loss: 0.1532 - acc: 0.9794
1030/1200 [========================>.....] - ETA: 0s - loss: 0.1533 - acc: 0.9796
1090/1200 [==========================>...] - ETA: 0s - loss: 0.1509 - acc: 0.9807
1150/1200 [===========================>..] - ETA: 0s - loss: 0.1517 - acc: 0.9809
1200/1200 [==============================] - 1s 926us/step - loss: 0.1522 - acc: 0.9808 - val_loss: 0.7467 - val_acc: 0.7206
Current time ....1.111
Train on 3900 samples, validate on 99 samples
Epoch 1/1

  10/3900 [..............................] - ETA: 3s - loss: 1.0557 - acc: 0.6000
  70/3900 [..............................] - ETA: 3s - loss: 0.9163 - acc: 0.7429
 130/3900 [>.............................] - ETA: 3s - loss: 0.8068 - acc: 0.7846
 190/3900 [>.............................] - ETA: 3s - loss: 0.8460 - acc: 0.7579
 250/3900 [>.............................] - ETA: 3s - loss: 0.9063 - acc: 0.7160
 310/3900 [=>............................] - ETA: 3s - loss: 0.9125 - acc: 0.7032
 370/3900 [=>............................] - ETA: 3s - loss: 0.9330 - acc: 0.7000
 430/3900 [==>...........................] - ETA: 3s - loss: 0.9263 - acc: 0.7000
 490/3900 [==>...........................] - ETA: 3s - loss: 0.9247 - acc: 0.7041
 550/3900 [===>..........................] - ETA: 3s - loss: 0.9409 - acc: 0.6982
 610/3900 [===>..........................] - ETA: 3s - loss: 0.9246 - acc: 0.7082
 670/3900 [====>.........................] - ETA: 2s - loss: 0.9177 - acc: 0.7209
 730/3900 [====>.........................] - ETA: 2s - loss: 0.9417 - acc: 0.7096
 790/3900 [=====>........................] - ETA: 2s - loss: 0.9452 - acc: 0.7013
 850/3900 [=====>........................] - ETA: 2s - loss: 0.9470 - acc: 0.7012
 910/3900 [======>.......................] - ETA: 2s - loss: 0.9452 - acc: 0.7033
 970/3900 [======>.......................] - ETA: 2s - loss: 0.9479 - acc: 0.7010
1030/3900 [======>.......................] - ETA: 2s - loss: 0.9347 - acc: 0.7058
1090/3900 [=======>......................] - ETA: 2s - loss: 0.9265 - acc: 0.7110
1150/3900 [=======>......................] - ETA: 2s - loss: 0.9244 - acc: 0.7104
1210/3900 [========>.....................] - ETA: 2s - loss: 0.9125 - acc: 0.7140
1270/3900 [========>.....................] - ETA: 2s - loss: 0.9111 - acc: 0.7157
1330/3900 [=========>....................] - ETA: 2s - loss: 0.9072 - acc: 0.7188
1390/3900 [=========>....................] - ETA: 2s - loss: 0.9077 - acc: 0.7180
1450/3900 [==========>...................] - ETA: 2s - loss: 0.9091 - acc: 0.7200
1510/3900 [==========>...................] - ETA: 2s - loss: 0.9109 - acc: 0.7199
1570/3900 [===========>..................] - ETA: 2s - loss: 0.9120 - acc: 0.7178
1630/3900 [===========>..................] - ETA: 2s - loss: 0.9107 - acc: 0.7166
1690/3900 [============>.................] - ETA: 2s - loss: 0.9079 - acc: 0.7189
1750/3900 [============>.................] - ETA: 1s - loss: 0.9027 - acc: 0.7200
1810/3900 [============>.................] - ETA: 1s - loss: 0.8983 - acc: 0.7227
1870/3900 [=============>................] - ETA: 1s - loss: 0.8995 - acc: 0.7235
1930/3900 [=============>................] - ETA: 1s - loss: 0.9013 - acc: 0.7223
1990/3900 [==============>...............] - ETA: 1s - loss: 0.9014 - acc: 0.7221
2050/3900 [==============>...............] - ETA: 1s - loss: 0.8985 - acc: 0.7239
2110/3900 [===============>..............] - ETA: 1s - loss: 0.8988 - acc: 0.7232
2170/3900 [===============>..............] - ETA: 1s - loss: 0.9008 - acc: 0.7217
2230/3900 [================>.............] - ETA: 1s - loss: 0.8957 - acc: 0.7251
2290/3900 [================>.............] - ETA: 1s - loss: 0.8923 - acc: 0.7262
2350/3900 [=================>............] - ETA: 1s - loss: 0.8885 - acc: 0.7264
2410/3900 [=================>............] - ETA: 1s - loss: 0.8879 - acc: 0.7253
2470/3900 [==================>...........] - ETA: 1s - loss: 0.8868 - acc: 0.7255
2530/3900 [==================>...........] - ETA: 1s - loss: 0.8854 - acc: 0.7261
2590/3900 [==================>...........] - ETA: 1s - loss: 0.8899 - acc: 0.7243
2650/3900 [===================>..........] - ETA: 1s - loss: 0.8887 - acc: 0.7253
2710/3900 [===================>..........] - ETA: 1s - loss: 0.8892 - acc: 0.7247
2770/3900 [====================>.........] - ETA: 1s - loss: 0.8862 - acc: 0.7271
2830/3900 [====================>.........] - ETA: 0s - loss: 0.8854 - acc: 0.7283
2890/3900 [=====================>........] - ETA: 0s - loss: 0.8814 - acc: 0.7291
2950/3900 [=====================>........] - ETA: 0s - loss: 0.8784 - acc: 0.7295
3010/3900 [======================>.......] - ETA: 0s - loss: 0.8787 - acc: 0.7282
3070/3900 [======================>.......] - ETA: 0s - loss: 0.8793 - acc: 0.7270
3130/3900 [=======================>......] - ETA: 0s - loss: 0.8763 - acc: 0.7281
3190/3900 [=======================>......] - ETA: 0s - loss: 0.8737 - acc: 0.7295
3250/3900 [========================>.....] - ETA: 0s - loss: 0.8732 - acc: 0.7292
3310/3900 [========================>.....] - ETA: 0s - loss: 0.8706 - acc: 0.7308
3370/3900 [========================>.....] - ETA: 0s - loss: 0.8713 - acc: 0.7300
3430/3900 [=========================>....] - ETA: 0s - loss: 0.8694 - acc: 0.7297
3490/3900 [=========================>....] - ETA: 0s - loss: 0.8699 - acc: 0.7284
3550/3900 [==========================>...] - ETA: 0s - loss: 0.8703 - acc: 0.7279
3610/3900 [==========================>...] - ETA: 0s - loss: 0.8683 - acc: 0.7285
3670/3900 [===========================>..] - ETA: 0s - loss: 0.8656 - acc: 0.7294
3730/3900 [===========================>..] - ETA: 0s - loss: 0.8625 - acc: 0.7306
3790/3900 [============================>.] - ETA: 0s - loss: 0.8602 - acc: 0.7317
3850/3900 [============================>.] - ETA: 0s - loss: 0.8584 - acc: 0.7322
3900/3900 [==============================] - 4s 922us/step - loss: 0.8567 - acc: 0.7326 - val_loss: 1.6794 - val_acc: 0.3737
Current time ....3.597
Train on 600 samples, validate on 86 samples
Epoch 1/1

 10/600 [..............................] - ETA: 0s - loss: 0.0379 - acc: 1.0000
 70/600 [==>...........................] - ETA: 0s - loss: 0.0657 - acc: 0.9714
130/600 [=====>........................] - ETA: 0s - loss: 0.0640 - acc: 0.9846
190/600 [========>.....................] - ETA: 0s - loss: 0.0580 - acc: 0.9895
250/600 [===========>..................] - ETA: 0s - loss: 0.0525 - acc: 0.9920
310/600 [==============>...............] - ETA: 0s - loss: 0.0490 - acc: 0.9935
370/600 [=================>............] - ETA: 0s - loss: 0.0464 - acc: 0.9946
430/600 [====================>.........] - ETA: 0s - loss: 0.0464 - acc: 0.9953
490/600 [=======================>......] - ETA: 0s - loss: 0.0477 - acc: 0.9939
550/600 [==========================>...] - ETA: 0s - loss: 0.0459 - acc: 0.9945
600/600 [==============================] - 1s 944us/step - loss: 0.0440 - acc: 0.9950 - val_loss: 0.4299 - val_acc: 0.9302
Current time ....0.566
Train on 1200 samples, validate on 68 samples
Epoch 1/1

  10/1200 [..............................] - ETA: 1s - loss: 0.1470 - acc: 1.0000
  70/1200 [>.............................] - ETA: 1s - loss: 0.1086 - acc: 1.0000
 130/1200 [==>...........................] - ETA: 0s - loss: 0.1106 - acc: 1.0000
 190/1200 [===>..........................] - ETA: 0s - loss: 0.1123 - acc: 0.9947
 250/1200 [=====>........................] - ETA: 0s - loss: 0.1282 - acc: 0.9880
 310/1200 [======>.......................] - ETA: 0s - loss: 0.1256 - acc: 0.9871
 370/1200 [========>.....................] - ETA: 0s - loss: 0.1227 - acc: 0.9865
 430/1200 [=========>....................] - ETA: 0s - loss: 0.1210 - acc: 0.9860
 490/1200 [===========>..................] - ETA: 0s - loss: 0.1151 - acc: 0.9857
 550/1200 [============>.................] - ETA: 0s - loss: 0.1129 - acc: 0.9873
 610/1200 [==============>...............] - ETA: 0s - loss: 0.1097 - acc: 0.9885
 670/1200 [===============>..............] - ETA: 0s - loss: 0.1136 - acc: 0.9851
 730/1200 [=================>............] - ETA: 0s - loss: 0.1143 - acc: 0.9863
 790/1200 [==================>...........] - ETA: 0s - loss: 0.1132 - acc: 0.9861
 850/1200 [====================>.........] - ETA: 0s - loss: 0.1120 - acc: 0.9859
 910/1200 [=====================>........] - ETA: 0s - loss: 0.1143 - acc: 0.9846
 970/1200 [=======================>......] - ETA: 0s - loss: 0.1133 - acc: 0.9856
1030/1200 [========================>.....] - ETA: 0s - loss: 0.1105 - acc: 0.9864
1090/1200 [==========================>...] - ETA: 0s - loss: 0.1104 - acc: 0.9862
1150/1200 [===========================>..] - ETA: 0s - loss: 0.1116 - acc: 0.9852
1200/1200 [==============================] - 1s 922us/step - loss: 0.1119 - acc: 0.9850 - val_loss: 0.7572 - val_acc: 0.7353
Current time ....1.107
Train on 3900 samples, validate on 99 samples
Epoch 1/1

  10/3900 [..............................] - ETA: 3s - loss: 1.0106 - acc: 0.6000
  70/3900 [..............................] - ETA: 3s - loss: 0.8374 - acc: 0.7000
 130/3900 [>.............................] - ETA: 3s - loss: 0.8011 - acc: 0.7462
 190/3900 [>.............................] - ETA: 3s - loss: 0.7914 - acc: 0.7421
 250/3900 [>.............................] - ETA: 3s - loss: 0.7823 - acc: 0.7560
 310/3900 [=>............................] - ETA: 3s - loss: 0.7858 - acc: 0.7613
 370/3900 [=>............................] - ETA: 3s - loss: 0.7569 - acc: 0.7730
 430/3900 [==>...........................] - ETA: 3s - loss: 0.7600 - acc: 0.7791
 490/3900 [==>...........................] - ETA: 3s - loss: 0.7635 - acc: 0.7735
 550/3900 [===>..........................] - ETA: 3s - loss: 0.7575 - acc: 0.7727
 610/3900 [===>..........................] - ETA: 3s - loss: 0.7577 - acc: 0.7738
 670/3900 [====>.........................] - ETA: 2s - loss: 0.7577 - acc: 0.7731
 730/3900 [====>.........................] - ETA: 2s - loss: 0.7459 - acc: 0.7767
 790/3900 [=====>........................] - ETA: 2s - loss: 0.7457 - acc: 0.7747
 850/3900 [=====>........................] - ETA: 2s - loss: 0.7378 - acc: 0.7765
 910/3900 [======>.......................] - ETA: 2s - loss: 0.7413 - acc: 0.7714
 970/3900 [======>.......................] - ETA: 2s - loss: 0.7440 - acc: 0.7691
1030/3900 [======>.......................] - ETA: 2s - loss: 0.7357 - acc: 0.7718
1090/3900 [=======>......................] - ETA: 2s - loss: 0.7282 - acc: 0.7743
1150/3900 [=======>......................] - ETA: 2s - loss: 0.7246 - acc: 0.7765
1210/3900 [========>.....................] - ETA: 2s - loss: 0.7276 - acc: 0.7769
1270/3900 [========>.....................] - ETA: 2s - loss: 0.7262 - acc: 0.7764
1330/3900 [=========>....................] - ETA: 2s - loss: 0.7267 - acc: 0.7759
1390/3900 [=========>....................] - ETA: 2s - loss: 0.7303 - acc: 0.7741
1450/3900 [==========>...................] - ETA: 2s - loss: 0.7299 - acc: 0.7752
1510/3900 [==========>...................] - ETA: 2s - loss: 0.7234 - acc: 0.7795
1570/3900 [===========>..................] - ETA: 2s - loss: 0.7188 - acc: 0.7815
1630/3900 [===========>..................] - ETA: 2s - loss: 0.7146 - acc: 0.7828
1690/3900 [============>.................] - ETA: 2s - loss: 0.7150 - acc: 0.7811
1750/3900 [============>.................] - ETA: 1s - loss: 0.7161 - acc: 0.7794
1810/3900 [============>.................] - ETA: 1s - loss: 0.7208 - acc: 0.7779
1870/3900 [=============>................] - ETA: 1s - loss: 0.7166 - acc: 0.7791
1930/3900 [=============>................] - ETA: 1s - loss: 0.7186 - acc: 0.7788
1990/3900 [==============>...............] - ETA: 1s - loss: 0.7147 - acc: 0.7814
2050/3900 [==============>...............] - ETA: 1s - loss: 0.7150 - acc: 0.7805
2110/3900 [===============>..............] - ETA: 1s - loss: 0.7144 - acc: 0.7801
2170/3900 [===============>..............] - ETA: 1s - loss: 0.7133 - acc: 0.7806
2230/3900 [================>.............] - ETA: 1s - loss: 0.7147 - acc: 0.7807
2290/3900 [================>.............] - ETA: 1s - loss: 0.7162 - acc: 0.7795
2350/3900 [=================>............] - ETA: 1s - loss: 0.7172 - acc: 0.7800
2410/3900 [=================>............] - ETA: 1s - loss: 0.7147 - acc: 0.7809
2470/3900 [==================>...........] - ETA: 1s - loss: 0.7163 - acc: 0.7794
2530/3900 [==================>...........] - ETA: 1s - loss: 0.7176 - acc: 0.7787
2590/3900 [==================>...........] - ETA: 1s - loss: 0.7171 - acc: 0.7788
2650/3900 [===================>..........] - ETA: 1s - loss: 0.7156 - acc: 0.7804
2710/3900 [===================>..........] - ETA: 1s - loss: 0.7171 - acc: 0.7801
2770/3900 [====================>.........] - ETA: 1s - loss: 0.7137 - acc: 0.7816
2830/3900 [====================>.........] - ETA: 0s - loss: 0.7135 - acc: 0.7809
2890/3900 [=====================>........] - ETA: 0s - loss: 0.7157 - acc: 0.7799
2950/3900 [=====================>........] - ETA: 0s - loss: 0.7151 - acc: 0.7803
3010/3900 [======================>.......] - ETA: 0s - loss: 0.7136 - acc: 0.7804
3070/3900 [======================>.......] - ETA: 0s - loss: 0.7128 - acc: 0.7801
3130/3900 [=======================>......] - ETA: 0s - loss: 0.7140 - acc: 0.7786
3190/3900 [=======================>......] - ETA: 0s - loss: 0.7139 - acc: 0.7781
3250/3900 [========================>.....] - ETA: 0s - loss: 0.7150 - acc: 0.7769
3310/3900 [========================>.....] - ETA: 0s - loss: 0.7146 - acc: 0.7776
3370/3900 [========================>.....] - ETA: 0s - loss: 0.7104 - acc: 0.7789
3430/3900 [=========================>....] - ETA: 0s - loss: 0.7080 - acc: 0.7793
3490/3900 [=========================>....] - ETA: 0s - loss: 0.7044 - acc: 0.7797
3550/3900 [==========================>...] - ETA: 0s - loss: 0.7030 - acc: 0.7803
3610/3900 [==========================>...] - ETA: 0s - loss: 0.7008 - acc: 0.7814
3670/3900 [===========================>..] - ETA: 0s - loss: 0.7007 - acc: 0.7812
3730/3900 [===========================>..] - ETA: 0s - loss: 0.7003 - acc: 0.7810
3790/3900 [============================>.] - ETA: 0s - loss: 0.7002 - acc: 0.7821
3850/3900 [============================>.] - ETA: 0s - loss: 0.6999 - acc: 0.7813
3900/3900 [==============================] - 4s 926us/step - loss: 0.6999 - acc: 0.7813 - val_loss: 1.6493 - val_acc: 0.3939
Current time ....3.611
Train on 600 samples, validate on 86 samples
Epoch 1/1

 10/600 [..............................] - ETA: 0s - loss: 0.0413 - acc: 1.0000
 70/600 [==>...........................] - ETA: 0s - loss: 0.0377 - acc: 1.0000
130/600 [=====>........................] - ETA: 0s - loss: 0.0284 - acc: 1.0000
190/600 [========>.....................] - ETA: 0s - loss: 0.0272 - acc: 1.0000
250/600 [===========>..................] - ETA: 0s - loss: 0.0286 - acc: 1.0000
310/600 [==============>...............] - ETA: 0s - loss: 0.0295 - acc: 0.9968
370/600 [=================>............] - ETA: 0s - loss: 0.0316 - acc: 0.9973
430/600 [====================>.........] - ETA: 0s - loss: 0.0333 - acc: 0.9977
490/600 [=======================>......] - ETA: 0s - loss: 0.0344 - acc: 0.9980
550/600 [==========================>...] - ETA: 0s - loss: 0.0344 - acc: 0.9982
600/600 [==============================] - 1s 953us/step - loss: 0.0351 - acc: 0.9983 - val_loss: 0.4678 - val_acc: 0.9302
Current time ....0.572
Train on 1200 samples, validate on 68 samples
Epoch 1/1

  10/1200 [..............................] - ETA: 1s - loss: 0.0549 - acc: 1.0000
  70/1200 [>.............................] - ETA: 1s - loss: 0.0684 - acc: 1.0000
 130/1200 [==>...........................] - ETA: 0s - loss: 0.0737 - acc: 1.0000
 190/1200 [===>..........................] - ETA: 0s - loss: 0.0732 - acc: 1.0000
 250/1200 [=====>........................] - ETA: 0s - loss: 0.0688 - acc: 1.0000
 310/1200 [======>.......................] - ETA: 0s - loss: 0.0723 - acc: 1.0000
 370/1200 [========>.....................] - ETA: 0s - loss: 0.0783 - acc: 1.0000
 430/1200 [=========>....................] - ETA: 0s - loss: 0.0787 - acc: 1.0000
 490/1200 [===========>..................] - ETA: 0s - loss: 0.0784 - acc: 1.0000
 550/1200 [============>.................] - ETA: 0s - loss: 0.0770 - acc: 0.9982
 610/1200 [==============>...............] - ETA: 0s - loss: 0.0784 - acc: 0.9967
 670/1200 [===============>..............] - ETA: 0s - loss: 0.0787 - acc: 0.9955
 730/1200 [=================>............] - ETA: 0s - loss: 0.0780 - acc: 0.9959
 790/1200 [==================>...........] - ETA: 0s - loss: 0.0774 - acc: 0.9949
 850/1200 [====================>.........] - ETA: 0s - loss: 0.0793 - acc: 0.9953
 910/1200 [=====================>........] - ETA: 0s - loss: 0.0818 - acc: 0.9956
 970/1200 [=======================>......] - ETA: 0s - loss: 0.0825 - acc: 0.9948
1030/1200 [========================>.....] - ETA: 0s - loss: 0.0809 - acc: 0.9951
1090/1200 [==========================>...] - ETA: 0s - loss: 0.0804 - acc: 0.9945
1150/1200 [===========================>..] - ETA: 0s - loss: 0.0805 - acc: 0.9939
1200/1200 [==============================] - 1s 924us/step - loss: 0.0808 - acc: 0.9942 - val_loss: 0.8182 - val_acc: 0.7500
Current time ....1.109

32/99 [========>.....................] - ETA: 0s
99/99 [==============================] - 0s 96us/step
In EVALUATE loss:  [1.6492848829789595, 0.39393939424042751]

32/86 [==========>...................] - ETA: 0s
86/86 [==============================] - 0s 85us/step
In EVALUATE loss:  [0.46782237429951512, 0.93023256091184392]

32/68 [=============>................] - ETA: 0s
68/68 [==============================] - 0s 103us/step
In EVALUATE loss:  [0.81816605610005999, 0.75]
Task 1 : Primary site - Macro F1 score 0.240469119566
Task 1 : Primary site - Micro F1 score 0.393939393939
Task 2 : Tumor laterality - Macro F1 score 0.930194805195
Task 2 : Tumor laterality - Micro F1 score 0.93023255814
Task 3 : Histological grade - Macro F1 score 0.554879644165
Task 3 : Histological grade - Micro F1 score 0.75
Average loss:  0.978424437793
