Importing candle utils for keras
Configuration file:  /gpfs/mira-home/apeck/Modified_Benchmarks/Pilot3/P3B1/p3b1_default_model.txt
{'activation': 'relu',
 'batch_size': 10,
 'data_url': 'ftp://ftp.mcs.anl.gov/pub/candle/public/benchmarks/P3B1/',
 'drop': 0.0,
 'epochs': 10,
 'feature_names': 'Primary site:Tumor laterality:Histological grade',
 'ind_nnet_spec': [[2400, 2400, 1200, 1200],
                   [2400, 2400, 1200, 1200],
                   [2400, 2400, 1200, 1200]],
 'initialization': 'glorot_uniform',
 'learning_rate': 0.01,
 'loss': 'categorical_crossentropy',
 'metrics': 'accuracy',
 'model_name': 'p3b1',
 'n_fold': 1,
 'optimizer': 'sgd',
 'out_activation': 'softmax',
 'output_dir': '.',
 'scaling': 'none',
 'shared_nnet_spec': [1200,
                      2400,
                      3600,
                      3600,
                      3600,
                      3600,
                      3600,
                      3600,
                      3600,
                      2400],
 'shuffle': True,
 'timeout': 1800,
 'train_data': 'P3B1_data.tar.gz'}
Params:
{'activation': 'relu',
 'batch_size': 10,
 'case': 'CenterZ',
 'data_url': 'ftp://ftp.mcs.anl.gov/pub/candle/public/benchmarks/P3B1/',
 'datatype': <class 'numpy.float32'>,
 'drop': 0.0,
 'epochs': 10,
 'experiment_id': 'EXP000',
 'feature_names': 'Primary site:Tumor laterality:Histological grade',
 'fig': False,
 'gpus': [],
 'ind_nnet_spec': [[2400, 2400, 1200, 1200],
                   [2400, 2400, 1200, 1200],
                   [2400, 2400, 1200, 1200]],
 'initialization': 'glorot_uniform',
 'learning_rate': 0.01,
 'logfile': None,
 'loss': 'categorical_crossentropy',
 'metrics': 'accuracy',
 'model_name': 'p3b1',
 'n_fold': 1,
 'optimizer': 'sgd',
 'out_activation': 'softmax',
 'output_dir': '/gpfs/mira-home/apeck/CANDLE_testing/avery_modified_results/p3_1',
 'output_files': 'result0_0.csv;result1_0.csv;result2_0.csv',
 'rng_seed': 7102,
 'run_id': 'RUN000',
 'scaling': 'none',
 'shared_nnet_spec': [1200,
                      2400,
                      3600,
                      3600,
                      3600,
                      3600,
                      3600,
                      3600,
                      3600,
                      2400],
 'shuffle': False,
 'timeout': 1800,
 'train_bool': True,
 'train_data': 'P3B1_data.tar.gz',
 'train_features': 'data/task0_0_train_feature.csv;data/task1_0_train_feature.csv;data/task2_0_train_feature.csv',
 'train_truths': 'data/task0_0_train_label.csv;data/task1_0_train_label.csv;data/task2_0_train_label.csv',
 'valid_features': 'data/task0_0_test_feature.csv;data/task1_0_test_feature.csv;data/task2_0_test_feature.csv',
 'valid_truths': 'data/task0_0_test_label.csv;data/task1_0_test_label.csv;data/task2_0_test_label.csv',
 'verbose': None}
Feature names:
Primary site
Tumor laterality
Histological grade
Model:  0
_________________________________________________________________
Layer (type)                 Output Shape              Param #   
=================================================================
input (InputLayer)           (None, 400)               0         
_________________________________________________________________
indiv_layer_0_0 (Dense)      (None, 2400)              962400    
_________________________________________________________________
indiv_layer_0_1 (Dense)      (None, 2400)              5762400   
_________________________________________________________________
indiv_layer_0_2 (Dense)      (None, 1200)              2881200   
_________________________________________________________________
indiv_layer_0_3 (Dense)      (None, 1200)              1441200   
_________________________________________________________________
out_0 (Dense)                (None, 13)                15613     
=================================================================
Total params: 11,062,813
Trainable params: 11,062,813
Non-trainable params: 0
_________________________________________________________________
Model:  1
_________________________________________________________________
Layer (type)                 Output Shape              Param #   
=================================================================
input (InputLayer)           (None, 400)               0         
_________________________________________________________________
indiv_layer_1_0 (Dense)      (None, 2400)              962400    
_________________________________________________________________
indiv_layer_1_1 (Dense)      (None, 2400)              5762400   
_________________________________________________________________
indiv_layer_1_2 (Dense)      (None, 1200)              2881200   
_________________________________________________________________
indiv_layer_1_3 (Dense)      (None, 1200)              1441200   
_________________________________________________________________
out_1 (Dense)                (None, 2)                 2402      
=================================================================
Total params: 11,049,602
Trainable params: 11,049,602
Non-trainable params: 0
_________________________________________________________________
Model:  2
_________________________________________________________________
Layer (type)                 Output Shape              Param #   
=================================================================
input (InputLayer)           (None, 400)               0         
_________________________________________________________________
indiv_layer_2_0 (Dense)      (None, 2400)              962400    
_________________________________________________________________
indiv_layer_2_1 (Dense)      (None, 2400)              5762400   
_________________________________________________________________
indiv_layer_2_2 (Dense)      (None, 1200)              2881200   
_________________________________________________________________
indiv_layer_2_3 (Dense)      (None, 1200)              1441200   
_________________________________________________________________
out_2 (Dense)                (None, 4)                 4804      
=================================================================
Total params: 11,052,004
Trainable params: 11,052,004
Non-trainable params: 0
_________________________________________________________________
Train on 3900 samples, validate on 99 samples
Epoch 1/1

  10/3900 [..............................] - ETA: 13:28 - loss: 2.5639 - acc: 0.0000e+00
  50/3900 [..............................] - ETA: 2:43 - loss: 2.5642 - acc: 0.1000     
 100/3900 [..............................] - ETA: 1:23 - loss: 2.5651 - acc: 0.0700
 150/3900 [>.............................] - ETA: 56s - loss: 2.5644 - acc: 0.1000 
 200/3900 [>.............................] - ETA: 42s - loss: 2.5637 - acc: 0.1000
 250/3900 [>.............................] - ETA: 34s - loss: 2.5637 - acc: 0.1000
 300/3900 [=>............................] - ETA: 28s - loss: 2.5627 - acc: 0.1133
 350/3900 [=>............................] - ETA: 24s - loss: 2.5623 - acc: 0.1114
 400/3900 [==>...........................] - ETA: 22s - loss: 2.5629 - acc: 0.1050
 460/3900 [==>...........................] - ETA: 19s - loss: 2.5627 - acc: 0.1000
 520/3900 [===>..........................] - ETA: 17s - loss: 2.5625 - acc: 0.1135
 580/3900 [===>..........................] - ETA: 15s - loss: 2.5620 - acc: 0.1259
 640/3900 [===>..........................] - ETA: 13s - loss: 2.5618 - acc: 0.1266
 700/3900 [====>.........................] - ETA: 12s - loss: 2.5616 - acc: 0.1300
 760/3900 [====>.........................] - ETA: 11s - loss: 2.5613 - acc: 0.1408
 820/3900 [=====>........................] - ETA: 10s - loss: 2.5612 - acc: 0.1476
 880/3900 [=====>........................] - ETA: 10s - loss: 2.5610 - acc: 0.1534
 940/3900 [======>.......................] - ETA: 9s - loss: 2.5610 - acc: 0.1585 
1000/3900 [======>.......................] - ETA: 8s - loss: 2.5607 - acc: 0.1630
1060/3900 [=======>......................] - ETA: 8s - loss: 2.5604 - acc: 0.1623
1120/3900 [=======>......................] - ETA: 7s - loss: 2.5605 - acc: 0.1598
1180/3900 [========>.....................] - ETA: 7s - loss: 2.5603 - acc: 0.1602
1240/3900 [========>.....................] - ETA: 7s - loss: 2.5604 - acc: 0.1661
1300/3900 [=========>....................] - ETA: 6s - loss: 2.5604 - acc: 0.1654
1360/3900 [=========>....................] - ETA: 6s - loss: 2.5603 - acc: 0.1654
1420/3900 [=========>....................] - ETA: 6s - loss: 2.5603 - acc: 0.1655
1480/3900 [==========>...................] - ETA: 5s - loss: 2.5600 - acc: 0.1689
1540/3900 [==========>...................] - ETA: 5s - loss: 2.5599 - acc: 0.1747
1600/3900 [===========>..................] - ETA: 5s - loss: 2.5596 - acc: 0.1831
1660/3900 [===========>..................] - ETA: 4s - loss: 2.5594 - acc: 0.1831
1720/3900 [============>.................] - ETA: 4s - loss: 2.5593 - acc: 0.1820
1780/3900 [============>.................] - ETA: 4s - loss: 2.5590 - acc: 0.1837
1840/3900 [=============>................] - ETA: 4s - loss: 2.5588 - acc: 0.1853
1900/3900 [=============>................] - ETA: 4s - loss: 2.5585 - acc: 0.1889
1960/3900 [==============>...............] - ETA: 3s - loss: 2.5584 - acc: 0.1878
2020/3900 [==============>...............] - ETA: 3s - loss: 2.5581 - acc: 0.1936
2080/3900 [===============>..............] - ETA: 3s - loss: 2.5580 - acc: 0.1933
2140/3900 [===============>..............] - ETA: 3s - loss: 2.5577 - acc: 0.1981
2200/3900 [===============>..............] - ETA: 3s - loss: 2.5575 - acc: 0.2014
2260/3900 [================>.............] - ETA: 3s - loss: 2.5573 - acc: 0.2053
2320/3900 [================>.............] - ETA: 2s - loss: 2.5571 - acc: 0.2060
2380/3900 [=================>............] - ETA: 2s - loss: 2.5569 - acc: 0.2080
2440/3900 [=================>............] - ETA: 2s - loss: 2.5566 - acc: 0.2102
2500/3900 [==================>...........] - ETA: 2s - loss: 2.5564 - acc: 0.2104
2560/3900 [==================>...........] - ETA: 2s - loss: 2.5563 - acc: 0.2121
2620/3900 [===================>..........] - ETA: 2s - loss: 2.5561 - acc: 0.2141
2680/3900 [===================>..........] - ETA: 2s - loss: 2.5560 - acc: 0.2134
2740/3900 [====================>.........] - ETA: 1s - loss: 2.5557 - acc: 0.2157
2800/3900 [====================>.........] - ETA: 1s - loss: 2.5554 - acc: 0.2182
2860/3900 [=====================>........] - ETA: 1s - loss: 2.5552 - acc: 0.2192
2920/3900 [=====================>........] - ETA: 1s - loss: 2.5548 - acc: 0.2205
2980/3900 [=====================>........] - ETA: 1s - loss: 2.5546 - acc: 0.2201
3040/3900 [======================>.......] - ETA: 1s - loss: 2.5545 - acc: 0.2201
3100/3900 [======================>.......] - ETA: 1s - loss: 2.5543 - acc: 0.2210
3160/3900 [=======================>......] - ETA: 1s - loss: 2.5540 - acc: 0.2222
3220/3900 [=======================>......] - ETA: 1s - loss: 2.5538 - acc: 0.2227
3280/3900 [========================>.....] - ETA: 0s - loss: 2.5536 - acc: 0.2250
3340/3900 [========================>.....] - ETA: 0s - loss: 2.5534 - acc: 0.2260
3400/3900 [=========================>....] - ETA: 0s - loss: 2.5532 - acc: 0.2285
3460/3900 [=========================>....] - ETA: 0s - loss: 2.5530 - acc: 0.2301
3520/3900 [==========================>...] - ETA: 0s - loss: 2.5528 - acc: 0.2327
3580/3900 [==========================>...] - ETA: 0s - loss: 2.5526 - acc: 0.2352
3640/3900 [===========================>..] - ETA: 0s - loss: 2.5523 - acc: 0.2382
3700/3900 [===========================>..] - ETA: 0s - loss: 2.5522 - acc: 0.2395
3760/3900 [===========================>..] - ETA: 0s - loss: 2.5520 - acc: 0.2418
3820/3900 [============================>.] - ETA: 0s - loss: 2.5517 - acc: 0.2448
3880/3900 [============================>.] - ETA: 0s - loss: 2.5515 - acc: 0.2485
3900/3900 [==============================] - 6s 1ms/step - loss: 2.5514 - acc: 0.2492 - val_loss: 2.5471 - val_acc: 0.2929
Current time ....5.737
Train on 600 samples, validate on 86 samples
Epoch 1/1

 10/600 [..............................] - ETA: 17s - loss: 0.7038 - acc: 0.5000
 70/600 [==>...........................] - ETA: 2s - loss: 0.6944 - acc: 0.5714 
130/600 [=====>........................] - ETA: 1s - loss: 0.6911 - acc: 0.6000
190/600 [========>.....................] - ETA: 0s - loss: 0.6870 - acc: 0.5842
250/600 [===========>..................] - ETA: 0s - loss: 0.6831 - acc: 0.6040
310/600 [==============>...............] - ETA: 0s - loss: 0.6788 - acc: 0.6484
370/600 [=================>............] - ETA: 0s - loss: 0.6744 - acc: 0.6811
430/600 [====================>.........] - ETA: 0s - loss: 0.6709 - acc: 0.7023
490/600 [=======================>......] - ETA: 0s - loss: 0.6677 - acc: 0.7224
550/600 [==========================>...] - ETA: 0s - loss: 0.6637 - acc: 0.7436
600/600 [==============================] - 1s 1ms/step - loss: 0.6605 - acc: 0.7550 - val_loss: 0.6285 - val_acc: 0.8837
Current time ....0.851
Train on 1200 samples, validate on 68 samples
Epoch 1/1

  10/1200 [..............................] - ETA: 29s - loss: 1.3292 - acc: 0.6000
  70/1200 [>.............................] - ETA: 4s - loss: 1.3481 - acc: 0.3000 
 130/1200 [==>...........................] - ETA: 2s - loss: 1.3495 - acc: 0.3000
 190/1200 [===>..........................] - ETA: 2s - loss: 1.3505 - acc: 0.2789
 250/1200 [=====>........................] - ETA: 1s - loss: 1.3377 - acc: 0.2800
 310/1200 [======>.......................] - ETA: 1s - loss: 1.3422 - acc: 0.2742
 370/1200 [========>.....................] - ETA: 1s - loss: 1.3372 - acc: 0.2946
 430/1200 [=========>....................] - ETA: 1s - loss: 1.3376 - acc: 0.3093
 490/1200 [===========>..................] - ETA: 0s - loss: 1.3320 - acc: 0.3347
 550/1200 [============>.................] - ETA: 0s - loss: 1.3302 - acc: 0.3527
 610/1200 [==============>...............] - ETA: 0s - loss: 1.3254 - acc: 0.3607
 670/1200 [===============>..............] - ETA: 0s - loss: 1.3200 - acc: 0.3881
 730/1200 [=================>............] - ETA: 0s - loss: 1.3158 - acc: 0.4055
 790/1200 [==================>...........] - ETA: 0s - loss: 1.3122 - acc: 0.4101
 850/1200 [====================>.........] - ETA: 0s - loss: 1.3074 - acc: 0.4153
 910/1200 [=====================>........] - ETA: 0s - loss: 1.3005 - acc: 0.4253
 970/1200 [=======================>......] - ETA: 0s - loss: 1.2967 - acc: 0.4361
1030/1200 [========================>.....] - ETA: 0s - loss: 1.2921 - acc: 0.4466
1090/1200 [==========================>...] - ETA: 0s - loss: 1.2907 - acc: 0.4486
1150/1200 [===========================>..] - ETA: 0s - loss: 1.2852 - acc: 0.4565
1200/1200 [==============================] - 1s 1ms/step - loss: 1.2828 - acc: 0.4608 - val_loss: 1.2524 - val_acc: 0.2647
Current time ....1.350
Train on 3900 samples, validate on 99 samples
Epoch 1/1

  10/3900 [..............................] - ETA: 3s - loss: 2.5371 - acc: 0.4000
  70/3900 [..............................] - ETA: 3s - loss: 2.5337 - acc: 0.4857
 130/3900 [>.............................] - ETA: 3s - loss: 2.5356 - acc: 0.4308
 190/3900 [>.............................] - ETA: 3s - loss: 2.5341 - acc: 0.4421
 250/3900 [>.............................] - ETA: 3s - loss: 2.5331 - acc: 0.4680
 310/3900 [=>............................] - ETA: 3s - loss: 2.5329 - acc: 0.4710
 370/3900 [=>............................] - ETA: 3s - loss: 2.5327 - acc: 0.4730
 430/3900 [==>...........................] - ETA: 3s - loss: 2.5324 - acc: 0.4651
 490/3900 [==>...........................] - ETA: 3s - loss: 2.5321 - acc: 0.4449
 550/3900 [===>..........................] - ETA: 3s - loss: 2.5319 - acc: 0.4364
 610/3900 [===>..........................] - ETA: 2s - loss: 2.5315 - acc: 0.4344
 670/3900 [====>.........................] - ETA: 2s - loss: 2.5309 - acc: 0.4313
 730/3900 [====>.........................] - ETA: 2s - loss: 2.5306 - acc: 0.4233
 790/3900 [=====>........................] - ETA: 2s - loss: 2.5301 - acc: 0.4177
 850/3900 [=====>........................] - ETA: 2s - loss: 2.5299 - acc: 0.4094
 910/3900 [======>.......................] - ETA: 2s - loss: 2.5294 - acc: 0.4055
 970/3900 [======>.......................] - ETA: 2s - loss: 2.5290 - acc: 0.3959
1030/3900 [======>.......................] - ETA: 2s - loss: 2.5290 - acc: 0.3845
1090/3900 [=======>......................] - ETA: 2s - loss: 2.5288 - acc: 0.3853
1150/3900 [=======>......................] - ETA: 2s - loss: 2.5285 - acc: 0.3870
1210/3900 [========>.....................] - ETA: 2s - loss: 2.5283 - acc: 0.3802
1270/3900 [========>.....................] - ETA: 2s - loss: 2.5279 - acc: 0.3780
1330/3900 [=========>....................] - ETA: 2s - loss: 2.5275 - acc: 0.3827
1390/3900 [=========>....................] - ETA: 2s - loss: 2.5271 - acc: 0.3856
1450/3900 [==========>...................] - ETA: 2s - loss: 2.5264 - acc: 0.3883
1510/3900 [==========>...................] - ETA: 2s - loss: 2.5260 - acc: 0.3894
1570/3900 [===========>..................] - ETA: 2s - loss: 2.5255 - acc: 0.3943
1630/3900 [===========>..................] - ETA: 2s - loss: 2.5251 - acc: 0.3945
1690/3900 [============>.................] - ETA: 1s - loss: 2.5247 - acc: 0.3970
1750/3900 [============>.................] - ETA: 1s - loss: 2.5242 - acc: 0.3977
1810/3900 [============>.................] - ETA: 1s - loss: 2.5239 - acc: 0.3994
1870/3900 [=============>................] - ETA: 1s - loss: 2.5235 - acc: 0.4027
1930/3900 [=============>................] - ETA: 1s - loss: 2.5231 - acc: 0.4026
1990/3900 [==============>...............] - ETA: 1s - loss: 2.5228 - acc: 0.4035
2050/3900 [==============>...............] - ETA: 1s - loss: 2.5222 - acc: 0.4063
2110/3900 [===============>..............] - ETA: 1s - loss: 2.5218 - acc: 0.4062
2170/3900 [===============>..............] - ETA: 1s - loss: 2.5213 - acc: 0.4051
2230/3900 [================>.............] - ETA: 1s - loss: 2.5208 - acc: 0.4067
2290/3900 [================>.............] - ETA: 1s - loss: 2.5206 - acc: 0.4066
2350/3900 [=================>............] - ETA: 1s - loss: 2.5200 - acc: 0.4072
2410/3900 [=================>............] - ETA: 1s - loss: 2.5196 - acc: 0.4100
2470/3900 [==================>...........] - ETA: 1s - loss: 2.5192 - acc: 0.4097
2530/3900 [==================>...........] - ETA: 1s - loss: 2.5187 - acc: 0.4142
2590/3900 [==================>...........] - ETA: 1s - loss: 2.5183 - acc: 0.4154
2650/3900 [===================>..........] - ETA: 1s - loss: 2.5180 - acc: 0.4140
2710/3900 [===================>..........] - ETA: 1s - loss: 2.5176 - acc: 0.4170
2770/3900 [====================>.........] - ETA: 1s - loss: 2.5171 - acc: 0.4188
2830/3900 [====================>.........] - ETA: 0s - loss: 2.5164 - acc: 0.4230
2890/3900 [=====================>........] - ETA: 0s - loss: 2.5159 - acc: 0.4239
2950/3900 [=====================>........] - ETA: 0s - loss: 2.5155 - acc: 0.4251
3010/3900 [======================>.......] - ETA: 0s - loss: 2.5150 - acc: 0.4269
3070/3900 [======================>.......] - ETA: 0s - loss: 2.5145 - acc: 0.4277
3130/3900 [=======================>......] - ETA: 0s - loss: 2.5139 - acc: 0.4300
3190/3900 [=======================>......] - ETA: 0s - loss: 2.5134 - acc: 0.4320
3250/3900 [========================>.....] - ETA: 0s - loss: 2.5130 - acc: 0.4314
3310/3900 [========================>.....] - ETA: 0s - loss: 2.5122 - acc: 0.4326
3370/3900 [========================>.....] - ETA: 0s - loss: 2.5117 - acc: 0.4329
3430/3900 [=========================>....] - ETA: 0s - loss: 2.5112 - acc: 0.4332
3490/3900 [=========================>....] - ETA: 0s - loss: 2.5105 - acc: 0.4341
3540/3900 [==========================>...] - ETA: 0s - loss: 2.5103 - acc: 0.4311
3600/3900 [==========================>...] - ETA: 0s - loss: 2.5098 - acc: 0.4317
3660/3900 [===========================>..] - ETA: 0s - loss: 2.5091 - acc: 0.4325
3720/3900 [===========================>..] - ETA: 0s - loss: 2.5085 - acc: 0.4328
3780/3900 [============================>.] - ETA: 0s - loss: 2.5078 - acc: 0.4349
3840/3900 [============================>.] - ETA: 0s - loss: 2.5070 - acc: 0.4367
3900/3900 [==============================] - 4s 909us/step - loss: 2.5064 - acc: 0.4369 - val_loss: 2.5053 - val_acc: 0.2424
Current time ....3.545
Train on 600 samples, validate on 86 samples
Epoch 1/1

 10/600 [..............................] - ETA: 0s - loss: 0.5588 - acc: 1.0000
 70/600 [==>...........................] - ETA: 0s - loss: 0.6005 - acc: 0.9143
130/600 [=====>........................] - ETA: 0s - loss: 0.6010 - acc: 0.9154
190/600 [========>.....................] - ETA: 0s - loss: 0.5847 - acc: 0.9263
250/600 [===========>..................] - ETA: 0s - loss: 0.5825 - acc: 0.9360
310/600 [==============>...............] - ETA: 0s - loss: 0.5752 - acc: 0.9419
370/600 [=================>............] - ETA: 0s - loss: 0.5731 - acc: 0.9405
430/600 [====================>.........] - ETA: 0s - loss: 0.5662 - acc: 0.9372
490/600 [=======================>......] - ETA: 0s - loss: 0.5599 - acc: 0.9429
550/600 [==========================>...] - ETA: 0s - loss: 0.5555 - acc: 0.9400
600/600 [==============================] - 1s 934us/step - loss: 0.5490 - acc: 0.9417 - val_loss: 0.5334 - val_acc: 0.8953
Current time ....0.561
Train on 1200 samples, validate on 68 samples
Epoch 1/1

  10/1200 [..............................] - ETA: 1s - loss: 1.0743 - acc: 0.7000
  70/1200 [>.............................] - ETA: 1s - loss: 1.1052 - acc: 0.6571
 130/1200 [==>...........................] - ETA: 0s - loss: 1.1154 - acc: 0.6538
 190/1200 [===>..........................] - ETA: 0s - loss: 1.1335 - acc: 0.6158
 250/1200 [=====>........................] - ETA: 0s - loss: 1.1410 - acc: 0.6080
 310/1200 [======>.......................] - ETA: 0s - loss: 1.1328 - acc: 0.6258
 370/1200 [========>.....................] - ETA: 0s - loss: 1.1288 - acc: 0.6297
 430/1200 [=========>....................] - ETA: 0s - loss: 1.1218 - acc: 0.6209
 490/1200 [===========>..................] - ETA: 0s - loss: 1.1136 - acc: 0.6122
 550/1200 [============>.................] - ETA: 0s - loss: 1.1130 - acc: 0.6055
 610/1200 [==============>...............] - ETA: 0s - loss: 1.1059 - acc: 0.6082
 670/1200 [===============>..............] - ETA: 0s - loss: 1.0888 - acc: 0.6149
 730/1200 [=================>............] - ETA: 0s - loss: 1.0875 - acc: 0.6137
 790/1200 [==================>...........] - ETA: 0s - loss: 1.0826 - acc: 0.6165
 850/1200 [====================>.........] - ETA: 0s - loss: 1.0772 - acc: 0.6224
 910/1200 [=====================>........] - ETA: 0s - loss: 1.0713 - acc: 0.6275
 970/1200 [=======================>......] - ETA: 0s - loss: 1.0653 - acc: 0.6309
1030/1200 [========================>.....] - ETA: 0s - loss: 1.0618 - acc: 0.6272
1090/1200 [==========================>...] - ETA: 0s - loss: 1.0533 - acc: 0.6330
1150/1200 [===========================>..] - ETA: 0s - loss: 1.0467 - acc: 0.6365
1200/1200 [==============================] - 1s 916us/step - loss: 1.0408 - acc: 0.6367 - val_loss: 1.1449 - val_acc: 0.4412
Current time ....1.099
Train on 3900 samples, validate on 99 samples
Epoch 1/1

  10/3900 [..............................] - ETA: 3s - loss: 2.4425 - acc: 0.7000
  70/3900 [..............................] - ETA: 3s - loss: 2.4583 - acc: 0.4143
 130/3900 [>.............................] - ETA: 3s - loss: 2.4584 - acc: 0.4385
 190/3900 [>.............................] - ETA: 3s - loss: 2.4590 - acc: 0.5158
 250/3900 [>.............................] - ETA: 3s - loss: 2.4580 - acc: 0.5160
 310/3900 [=>............................] - ETA: 3s - loss: 2.4586 - acc: 0.4935
 370/3900 [=>............................] - ETA: 3s - loss: 2.4592 - acc: 0.5000
 430/3900 [==>...........................] - ETA: 3s - loss: 2.4554 - acc: 0.5186
 490/3900 [==>...........................] - ETA: 3s - loss: 2.4530 - acc: 0.5102
 550/3900 [===>..........................] - ETA: 3s - loss: 2.4516 - acc: 0.5145
 610/3900 [===>..........................] - ETA: 2s - loss: 2.4516 - acc: 0.5049
 670/3900 [====>.........................] - ETA: 2s - loss: 2.4509 - acc: 0.4985
 730/3900 [====>.........................] - ETA: 2s - loss: 2.4492 - acc: 0.4973
 790/3900 [=====>........................] - ETA: 2s - loss: 2.4489 - acc: 0.4848
 850/3900 [=====>........................] - ETA: 2s - loss: 2.4489 - acc: 0.4765
 910/3900 [======>.......................] - ETA: 2s - loss: 2.4476 - acc: 0.4769
 970/3900 [======>.......................] - ETA: 2s - loss: 2.4463 - acc: 0.4742
1030/3900 [======>.......................] - ETA: 2s - loss: 2.4451 - acc: 0.4767
1090/3900 [=======>......................] - ETA: 2s - loss: 2.4437 - acc: 0.4771
1150/3900 [=======>......................] - ETA: 2s - loss: 2.4427 - acc: 0.4739
1210/3900 [========>.....................] - ETA: 2s - loss: 2.4414 - acc: 0.4744
1270/3900 [========>.....................] - ETA: 2s - loss: 2.4399 - acc: 0.4756
1330/3900 [=========>....................] - ETA: 2s - loss: 2.4381 - acc: 0.4782
1390/3900 [=========>....................] - ETA: 2s - loss: 2.4366 - acc: 0.4777
1450/3900 [==========>...................] - ETA: 2s - loss: 2.4351 - acc: 0.4814
1510/3900 [==========>...................] - ETA: 2s - loss: 2.4341 - acc: 0.4834
1570/3900 [===========>..................] - ETA: 2s - loss: 2.4329 - acc: 0.4841
1630/3900 [===========>..................] - ETA: 2s - loss: 2.4315 - acc: 0.4834
1690/3900 [============>.................] - ETA: 2s - loss: 2.4297 - acc: 0.4834
1750/3900 [============>.................] - ETA: 1s - loss: 2.4284 - acc: 0.4840
1810/3900 [============>.................] - ETA: 1s - loss: 2.4269 - acc: 0.4873
1870/3900 [=============>................] - ETA: 1s - loss: 2.4257 - acc: 0.4872
1930/3900 [=============>................] - ETA: 1s - loss: 2.4238 - acc: 0.4886
1990/3900 [==============>...............] - ETA: 1s - loss: 2.4212 - acc: 0.4905
2050/3900 [==============>...............] - ETA: 1s - loss: 2.4192 - acc: 0.4941
2110/3900 [===============>..............] - ETA: 1s - loss: 2.4171 - acc: 0.4972
2170/3900 [===============>..............] - ETA: 1s - loss: 2.4158 - acc: 0.4977
2230/3900 [================>.............] - ETA: 1s - loss: 2.4139 - acc: 0.4978
2290/3900 [================>.............] - ETA: 1s - loss: 2.4121 - acc: 0.4969
2350/3900 [=================>............] - ETA: 1s - loss: 2.4101 - acc: 0.4979
2410/3900 [=================>............] - ETA: 1s - loss: 2.4081 - acc: 0.4996
2470/3900 [==================>...........] - ETA: 1s - loss: 2.4059 - acc: 0.5004
2530/3900 [==================>...........] - ETA: 1s - loss: 2.4036 - acc: 0.4972
2590/3900 [==================>...........] - ETA: 1s - loss: 2.4023 - acc: 0.4946
2650/3900 [===================>..........] - ETA: 1s - loss: 2.3999 - acc: 0.4955
2710/3900 [===================>..........] - ETA: 1s - loss: 2.3976 - acc: 0.4941
2770/3900 [====================>.........] - ETA: 1s - loss: 2.3952 - acc: 0.4935
2830/3900 [====================>.........] - ETA: 0s - loss: 2.3927 - acc: 0.4922
2890/3900 [=====================>........] - ETA: 0s - loss: 2.3902 - acc: 0.4907
2950/3900 [=====================>........] - ETA: 0s - loss: 2.3876 - acc: 0.4912
3010/3900 [======================>.......] - ETA: 0s - loss: 2.3854 - acc: 0.4890
3070/3900 [======================>.......] - ETA: 0s - loss: 2.3837 - acc: 0.4850
3130/3900 [=======================>......] - ETA: 0s - loss: 2.3807 - acc: 0.4850
3190/3900 [=======================>......] - ETA: 0s - loss: 2.3780 - acc: 0.4824
3250/3900 [========================>.....] - ETA: 0s - loss: 2.3754 - acc: 0.4797
3310/3900 [========================>.....] - ETA: 0s - loss: 2.3725 - acc: 0.4789
3370/3900 [========================>.....] - ETA: 0s - loss: 2.3703 - acc: 0.4777
3430/3900 [=========================>....] - ETA: 0s - loss: 2.3675 - acc: 0.4776
3490/3900 [=========================>....] - ETA: 0s - loss: 2.3655 - acc: 0.4751
3550/3900 [==========================>...] - ETA: 0s - loss: 2.3630 - acc: 0.4741
3610/3900 [==========================>...] - ETA: 0s - loss: 2.3604 - acc: 0.4734
3670/3900 [===========================>..] - ETA: 0s - loss: 2.3579 - acc: 0.4722
3730/3900 [===========================>..] - ETA: 0s - loss: 2.3554 - acc: 0.4727
3790/3900 [============================>.] - ETA: 0s - loss: 2.3529 - acc: 0.4697
3850/3900 [============================>.] - ETA: 0s - loss: 2.3508 - acc: 0.4673
3900/3900 [==============================] - 4s 909us/step - loss: 2.3492 - acc: 0.4649 - val_loss: 2.2515 - val_acc: 0.1818
Current time ....3.546
Train on 600 samples, validate on 86 samples
Epoch 1/1

 10/600 [..............................] - ETA: 0s - loss: 0.4426 - acc: 0.9000
 70/600 [==>...........................] - ETA: 0s - loss: 0.4674 - acc: 0.9714
130/600 [=====>........................] - ETA: 0s - loss: 0.4505 - acc: 0.9769
190/600 [========>.....................] - ETA: 0s - loss: 0.4524 - acc: 0.9684
250/600 [===========>..................] - ETA: 0s - loss: 0.4388 - acc: 0.9760
310/600 [==============>...............] - ETA: 0s - loss: 0.4328 - acc: 0.9710
370/600 [=================>............] - ETA: 0s - loss: 0.4308 - acc: 0.9649
430/600 [====================>.........] - ETA: 0s - loss: 0.4210 - acc: 0.9698
490/600 [=======================>......] - ETA: 0s - loss: 0.4147 - acc: 0.9714
550/600 [==========================>...] - ETA: 0s - loss: 0.4060 - acc: 0.9727
600/600 [==============================] - 1s 942us/step - loss: 0.3992 - acc: 0.9750 - val_loss: 0.4291 - val_acc: 0.8837
Current time ....0.566
Train on 1200 samples, validate on 68 samples
Epoch 1/1

  10/1200 [..............................] - ETA: 1s - loss: 1.0461 - acc: 0.7000
  70/1200 [>.............................] - ETA: 1s - loss: 0.9447 - acc: 0.6714
 130/1200 [==>...........................] - ETA: 0s - loss: 0.9485 - acc: 0.6692
 190/1200 [===>..........................] - ETA: 0s - loss: 0.9130 - acc: 0.6684
 250/1200 [=====>........................] - ETA: 0s - loss: 0.9041 - acc: 0.6560
 310/1200 [======>.......................] - ETA: 0s - loss: 0.9027 - acc: 0.6645
 370/1200 [========>.....................] - ETA: 0s - loss: 0.8928 - acc: 0.6676
 430/1200 [=========>....................] - ETA: 0s - loss: 0.8629 - acc: 0.6930
 490/1200 [===========>..................] - ETA: 0s - loss: 0.8577 - acc: 0.7000
 550/1200 [============>.................] - ETA: 0s - loss: 0.8421 - acc: 0.7036
 610/1200 [==============>...............] - ETA: 0s - loss: 0.8292 - acc: 0.7049
 670/1200 [===============>..............] - ETA: 0s - loss: 0.8287 - acc: 0.7030
 730/1200 [=================>............] - ETA: 0s - loss: 0.8318 - acc: 0.7027
 790/1200 [==================>...........] - ETA: 0s - loss: 0.8248 - acc: 0.7114
 850/1200 [====================>.........] - ETA: 0s - loss: 0.8133 - acc: 0.7176
 910/1200 [=====================>........] - ETA: 0s - loss: 0.8139 - acc: 0.7165
 970/1200 [=======================>......] - ETA: 0s - loss: 0.8055 - acc: 0.7258
1030/1200 [========================>.....] - ETA: 0s - loss: 0.8035 - acc: 0.7233
1090/1200 [==========================>...] - ETA: 0s - loss: 0.8008 - acc: 0.7220
1150/1200 [===========================>..] - ETA: 0s - loss: 0.7986 - acc: 0.7217
1200/1200 [==============================] - 1s 912us/step - loss: 0.7981 - acc: 0.7225 - val_loss: 1.0168 - val_acc: 0.5294
Current time ....1.095
Train on 3900 samples, validate on 99 samples
Epoch 1/1

  10/3900 [..............................] - ETA: 4s - loss: 2.0990 - acc: 0.6000
  70/3900 [..............................] - ETA: 3s - loss: 2.1096 - acc: 0.4286
 130/3900 [>.............................] - ETA: 3s - loss: 2.1415 - acc: 0.4000
 190/3900 [>.............................] - ETA: 3s - loss: 2.1279 - acc: 0.4421
 250/3900 [>.............................] - ETA: 3s - loss: 2.1389 - acc: 0.3880
 310/3900 [=>............................] - ETA: 3s - loss: 2.1388 - acc: 0.3839
 370/3900 [=>............................] - ETA: 3s - loss: 2.1461 - acc: 0.3703
 430/3900 [==>...........................] - ETA: 3s - loss: 2.1433 - acc: 0.3767
 490/3900 [==>...........................] - ETA: 3s - loss: 2.1351 - acc: 0.3898
 550/3900 [===>..........................] - ETA: 3s - loss: 2.1375 - acc: 0.3855
 610/3900 [===>..........................] - ETA: 3s - loss: 2.1295 - acc: 0.3984
 670/3900 [====>.........................] - ETA: 2s - loss: 2.1283 - acc: 0.4060
 730/3900 [====>.........................] - ETA: 2s - loss: 2.1259 - acc: 0.4096
 790/3900 [=====>........................] - ETA: 2s - loss: 2.1160 - acc: 0.4253
 850/3900 [=====>........................] - ETA: 2s - loss: 2.1119 - acc: 0.4294
 910/3900 [======>.......................] - ETA: 2s - loss: 2.1084 - acc: 0.4286
 970/3900 [======>.......................] - ETA: 2s - loss: 2.1057 - acc: 0.4309
1030/3900 [======>.......................] - ETA: 2s - loss: 2.1017 - acc: 0.4223
1090/3900 [=======>......................] - ETA: 2s - loss: 2.0990 - acc: 0.4193
1150/3900 [=======>......................] - ETA: 2s - loss: 2.0961 - acc: 0.4096
1210/3900 [========>.....................] - ETA: 2s - loss: 2.0927 - acc: 0.4074
1270/3900 [========>.....................] - ETA: 2s - loss: 2.0858 - acc: 0.4055
1330/3900 [=========>....................] - ETA: 2s - loss: 2.0822 - acc: 0.4000
1390/3900 [=========>....................] - ETA: 2s - loss: 2.0794 - acc: 0.3950
1450/3900 [==========>...................] - ETA: 2s - loss: 2.0749 - acc: 0.3972
1510/3900 [==========>...................] - ETA: 2s - loss: 2.0703 - acc: 0.3960
1570/3900 [===========>..................] - ETA: 2s - loss: 2.0659 - acc: 0.3955
1630/3900 [===========>..................] - ETA: 2s - loss: 2.0629 - acc: 0.3945
1690/3900 [============>.................] - ETA: 1s - loss: 2.0597 - acc: 0.3923
1750/3900 [============>.................] - ETA: 1s - loss: 2.0560 - acc: 0.3954
1810/3900 [============>.................] - ETA: 1s - loss: 2.0531 - acc: 0.3934
1870/3900 [=============>................] - ETA: 1s - loss: 2.0490 - acc: 0.3947
1930/3900 [=============>................] - ETA: 1s - loss: 2.0465 - acc: 0.3933
1990/3900 [==============>...............] - ETA: 1s - loss: 2.0422 - acc: 0.3960
2050/3900 [==============>...............] - ETA: 1s - loss: 2.0397 - acc: 0.3951
2110/3900 [===============>..............] - ETA: 1s - loss: 2.0378 - acc: 0.3938
2170/3900 [===============>..............] - ETA: 1s - loss: 2.0347 - acc: 0.3931
2230/3900 [================>.............] - ETA: 1s - loss: 2.0318 - acc: 0.3924
2290/3900 [================>.............] - ETA: 1s - loss: 2.0303 - acc: 0.3913
2350/3900 [=================>............] - ETA: 1s - loss: 2.0264 - acc: 0.3923
2410/3900 [=================>............] - ETA: 1s - loss: 2.0252 - acc: 0.3909
2470/3900 [==================>...........] - ETA: 1s - loss: 2.0216 - acc: 0.3915
2530/3900 [==================>...........] - ETA: 1s - loss: 2.0207 - acc: 0.3905
2590/3900 [==================>...........] - ETA: 1s - loss: 2.0189 - acc: 0.3892
2650/3900 [===================>..........] - ETA: 1s - loss: 2.0173 - acc: 0.3872
2710/3900 [===================>..........] - ETA: 1s - loss: 2.0155 - acc: 0.3845
2770/3900 [====================>.........] - ETA: 1s - loss: 2.0133 - acc: 0.3827
2830/3900 [====================>.........] - ETA: 0s - loss: 2.0106 - acc: 0.3841
2890/3900 [=====================>........] - ETA: 0s - loss: 2.0084 - acc: 0.3830
2950/3900 [=====================>........] - ETA: 0s - loss: 2.0046 - acc: 0.3844
3010/3900 [======================>.......] - ETA: 0s - loss: 2.0023 - acc: 0.3837
3070/3900 [======================>.......] - ETA: 0s - loss: 2.0001 - acc: 0.3847
3130/3900 [=======================>......] - ETA: 0s - loss: 1.9985 - acc: 0.3850
3190/3900 [=======================>......] - ETA: 0s - loss: 1.9968 - acc: 0.3850
3250/3900 [========================>.....] - ETA: 0s - loss: 1.9951 - acc: 0.3852
3310/3900 [========================>.....] - ETA: 0s - loss: 1.9929 - acc: 0.3849
3370/3900 [========================>.....] - ETA: 0s - loss: 1.9922 - acc: 0.3840
3430/3900 [=========================>....] - ETA: 0s - loss: 1.9901 - acc: 0.3845
3490/3900 [=========================>....] - ETA: 0s - loss: 1.9871 - acc: 0.3865
3550/3900 [==========================>...] - ETA: 0s - loss: 1.9851 - acc: 0.3870
3610/3900 [==========================>...] - ETA: 0s - loss: 1.9825 - acc: 0.3900
3670/3900 [===========================>..] - ETA: 0s - loss: 1.9792 - acc: 0.3926
3730/3900 [===========================>..] - ETA: 0s - loss: 1.9773 - acc: 0.3928
3790/3900 [============================>.] - ETA: 0s - loss: 1.9752 - acc: 0.3942
3850/3900 [============================>.] - ETA: 0s - loss: 1.9727 - acc: 0.3953
3900/3900 [==============================] - 4s 911us/step - loss: 1.9698 - acc: 0.3964 - val_loss: 1.9540 - val_acc: 0.2121
Current time ....3.553
Train on 600 samples, validate on 86 samples
Epoch 1/1

 10/600 [..............................] - ETA: 0s - loss: 0.2598 - acc: 1.0000
 70/600 [==>...........................] - ETA: 0s - loss: 0.2934 - acc: 0.9857
130/600 [=====>........................] - ETA: 0s - loss: 0.3079 - acc: 0.9923
190/600 [========>.....................] - ETA: 0s - loss: 0.2965 - acc: 0.9895
250/600 [===========>..................] - ETA: 0s - loss: 0.2989 - acc: 0.9840
310/600 [==============>...............] - ETA: 0s - loss: 0.2902 - acc: 0.9839
370/600 [=================>............] - ETA: 0s - loss: 0.2844 - acc: 0.9811
430/600 [====================>.........] - ETA: 0s - loss: 0.2757 - acc: 0.9814
490/600 [=======================>......] - ETA: 0s - loss: 0.2699 - acc: 0.9816
550/600 [==========================>...] - ETA: 0s - loss: 0.2567 - acc: 0.9836
600/600 [==============================] - 1s 926us/step - loss: 0.2595 - acc: 0.9833 - val_loss: 0.4125 - val_acc: 0.9186
Current time ....0.556
Train on 1200 samples, validate on 68 samples
Epoch 1/1

  10/1200 [..............................] - ETA: 1s - loss: 0.6414 - acc: 1.0000
  70/1200 [>.............................] - ETA: 1s - loss: 0.6872 - acc: 0.8000
 130/1200 [==>...........................] - ETA: 0s - loss: 0.6141 - acc: 0.8462
 190/1200 [===>..........................] - ETA: 0s - loss: 0.6193 - acc: 0.8263
 250/1200 [=====>........................] - ETA: 0s - loss: 0.6290 - acc: 0.8120
 310/1200 [======>.......................] - ETA: 0s - loss: 0.6228 - acc: 0.8097
 370/1200 [========>.....................] - ETA: 0s - loss: 0.6262 - acc: 0.7919
 430/1200 [=========>....................] - ETA: 0s - loss: 0.6242 - acc: 0.7953
 490/1200 [===========>..................] - ETA: 0s - loss: 0.6212 - acc: 0.7980
 550/1200 [============>.................] - ETA: 0s - loss: 0.6248 - acc: 0.7964
 610/1200 [==============>...............] - ETA: 0s - loss: 0.6195 - acc: 0.8016
 670/1200 [===============>..............] - ETA: 0s - loss: 0.6199 - acc: 0.8015
 730/1200 [=================>............] - ETA: 0s - loss: 0.6181 - acc: 0.7986
 790/1200 [==================>...........] - ETA: 0s - loss: 0.6111 - acc: 0.8025
 850/1200 [====================>.........] - ETA: 0s - loss: 0.6094 - acc: 0.8059
 910/1200 [=====================>........] - ETA: 0s - loss: 0.6116 - acc: 0.8066
 970/1200 [=======================>......] - ETA: 0s - loss: 0.6089 - acc: 0.8072
1030/1200 [========================>.....] - ETA: 0s - loss: 0.6066 - acc: 0.8097
1090/1200 [==========================>...] - ETA: 0s - loss: 0.5986 - acc: 0.8156
1150/1200 [===========================>..] - ETA: 0s - loss: 0.5959 - acc: 0.8165
1200/1200 [==============================] - 1s 915us/step - loss: 0.5924 - acc: 0.8158 - val_loss: 0.8458 - val_acc: 0.6765
Current time ....1.098
Train on 3900 samples, validate on 99 samples
Epoch 1/1

  10/3900 [..............................] - ETA: 3s - loss: 1.8754 - acc: 0.2000
  70/3900 [..............................] - ETA: 3s - loss: 1.7713 - acc: 0.4429
 130/3900 [>.............................] - ETA: 3s - loss: 1.7819 - acc: 0.5000
 190/3900 [>.............................] - ETA: 3s - loss: 1.7778 - acc: 0.4421
 250/3900 [>.............................] - ETA: 3s - loss: 1.7872 - acc: 0.4240
 310/3900 [=>............................] - ETA: 3s - loss: 1.7941 - acc: 0.4258
 370/3900 [=>............................] - ETA: 3s - loss: 1.7985 - acc: 0.4108
 430/3900 [==>...........................] - ETA: 3s - loss: 1.8002 - acc: 0.4279
 490/3900 [==>...........................] - ETA: 3s - loss: 1.8007 - acc: 0.4245
 550/3900 [===>..........................] - ETA: 3s - loss: 1.7992 - acc: 0.4145
 610/3900 [===>..........................] - ETA: 2s - loss: 1.8091 - acc: 0.4033
 670/3900 [====>.........................] - ETA: 2s - loss: 1.8078 - acc: 0.3985
 730/3900 [====>.........................] - ETA: 2s - loss: 1.8083 - acc: 0.4068
 790/3900 [=====>........................] - ETA: 2s - loss: 1.8141 - acc: 0.4051
 850/3900 [=====>........................] - ETA: 2s - loss: 1.8140 - acc: 0.4059
 910/3900 [======>.......................] - ETA: 2s - loss: 1.8145 - acc: 0.4011
 970/3900 [======>.......................] - ETA: 2s - loss: 1.8106 - acc: 0.4093
1030/3900 [======>.......................] - ETA: 2s - loss: 1.8108 - acc: 0.4078
1090/3900 [=======>......................] - ETA: 2s - loss: 1.8104 - acc: 0.4046
1150/3900 [=======>......................] - ETA: 2s - loss: 1.8022 - acc: 0.4078
1210/3900 [========>.....................] - ETA: 2s - loss: 1.8016 - acc: 0.4041
1270/3900 [========>.....................] - ETA: 2s - loss: 1.7999 - acc: 0.4016
1330/3900 [=========>....................] - ETA: 2s - loss: 1.7952 - acc: 0.4075
1390/3900 [=========>....................] - ETA: 2s - loss: 1.7920 - acc: 0.4144
1450/3900 [==========>...................] - ETA: 2s - loss: 1.7892 - acc: 0.4159
1510/3900 [==========>...................] - ETA: 2s - loss: 1.7868 - acc: 0.4212
1570/3900 [===========>..................] - ETA: 2s - loss: 1.7886 - acc: 0.4185
1630/3900 [===========>..................] - ETA: 2s - loss: 1.7859 - acc: 0.4209
1690/3900 [============>.................] - ETA: 1s - loss: 1.7858 - acc: 0.4189
1750/3900 [============>.................] - ETA: 1s - loss: 1.7845 - acc: 0.4200
1810/3900 [============>.................] - ETA: 1s - loss: 1.7845 - acc: 0.4193
1870/3900 [=============>................] - ETA: 1s - loss: 1.7845 - acc: 0.4198
1930/3900 [=============>................] - ETA: 1s - loss: 1.7834 - acc: 0.4207
1990/3900 [==============>...............] - ETA: 1s - loss: 1.7822 - acc: 0.4251
2050/3900 [==============>...............] - ETA: 1s - loss: 1.7823 - acc: 0.4244
2110/3900 [===============>..............] - ETA: 1s - loss: 1.7808 - acc: 0.4275
2170/3900 [===============>..............] - ETA: 1s - loss: 1.7804 - acc: 0.4272
2230/3900 [================>.............] - ETA: 1s - loss: 1.7780 - acc: 0.4278
2290/3900 [================>.............] - ETA: 1s - loss: 1.7770 - acc: 0.4284
2350/3900 [=================>............] - ETA: 1s - loss: 1.7746 - acc: 0.4345
2410/3900 [=================>............] - ETA: 1s - loss: 1.7752 - acc: 0.4332
2470/3900 [==================>...........] - ETA: 1s - loss: 1.7735 - acc: 0.4360
2530/3900 [==================>...........] - ETA: 1s - loss: 1.7716 - acc: 0.4387
2590/3900 [==================>...........] - ETA: 1s - loss: 1.7696 - acc: 0.4394
2650/3900 [===================>..........] - ETA: 1s - loss: 1.7673 - acc: 0.4392
2710/3900 [===================>..........] - ETA: 1s - loss: 1.7644 - acc: 0.4413
2770/3900 [====================>.........] - ETA: 1s - loss: 1.7621 - acc: 0.4412
2830/3900 [====================>.........] - ETA: 0s - loss: 1.7617 - acc: 0.4396
2890/3900 [=====================>........] - ETA: 0s - loss: 1.7599 - acc: 0.4394
2950/3900 [=====================>........] - ETA: 0s - loss: 1.7579 - acc: 0.4390
3010/3900 [======================>.......] - ETA: 0s - loss: 1.7562 - acc: 0.4402
3070/3900 [======================>.......] - ETA: 0s - loss: 1.7546 - acc: 0.4410
3130/3900 [=======================>......] - ETA: 0s - loss: 1.7540 - acc: 0.4419
3190/3900 [=======================>......] - ETA: 0s - loss: 1.7525 - acc: 0.4439
3250/3900 [========================>.....] - ETA: 0s - loss: 1.7505 - acc: 0.4440
3310/3900 [========================>.....] - ETA: 0s - loss: 1.7499 - acc: 0.4441
3370/3900 [========================>.....] - ETA: 0s - loss: 1.7488 - acc: 0.4448
3430/3900 [=========================>....] - ETA: 0s - loss: 1.7464 - acc: 0.4484
3490/3900 [=========================>....] - ETA: 0s - loss: 1.7449 - acc: 0.4490
3550/3900 [==========================>...] - ETA: 0s - loss: 1.7424 - acc: 0.4504
3610/3900 [==========================>...] - ETA: 0s - loss: 1.7408 - acc: 0.4521
3670/3900 [===========================>..] - ETA: 0s - loss: 1.7398 - acc: 0.4518
3730/3900 [===========================>..] - ETA: 0s - loss: 1.7382 - acc: 0.4523
3790/3900 [============================>.] - ETA: 0s - loss: 1.7373 - acc: 0.4528
3850/3900 [============================>.] - ETA: 0s - loss: 1.7365 - acc: 0.4538
3900/3900 [==============================] - 4s 908us/step - loss: 1.7347 - acc: 0.4538 - val_loss: 1.9082 - val_acc: 0.2424
Current time ....3.540
Train on 600 samples, validate on 86 samples
Epoch 1/1

 10/600 [..............................] - ETA: 0s - loss: 0.2345 - acc: 1.0000
 70/600 [==>...........................] - ETA: 0s - loss: 0.1654 - acc: 1.0000
130/600 [=====>........................] - ETA: 0s - loss: 0.1690 - acc: 1.0000
190/600 [========>.....................] - ETA: 0s - loss: 0.1747 - acc: 0.9947
250/600 [===========>..................] - ETA: 0s - loss: 0.1750 - acc: 0.9960
310/600 [==============>...............] - ETA: 0s - loss: 0.1738 - acc: 0.9903
370/600 [=================>............] - ETA: 0s - loss: 0.1733 - acc: 0.9919
430/600 [====================>.........] - ETA: 0s - loss: 0.1688 - acc: 0.9930
490/600 [=======================>......] - ETA: 0s - loss: 0.1666 - acc: 0.9918
550/600 [==========================>...] - ETA: 0s - loss: 0.1679 - acc: 0.9891
600/600 [==============================] - 1s 928us/step - loss: 0.1651 - acc: 0.9883 - val_loss: 0.3957 - val_acc: 0.9186
Current time ....0.557
Train on 1200 samples, validate on 68 samples
Epoch 1/1

  10/1200 [..............................] - ETA: 1s - loss: 0.5631 - acc: 0.8000
  70/1200 [>.............................] - ETA: 1s - loss: 0.4897 - acc: 0.8857
 130/1200 [==>...........................] - ETA: 0s - loss: 0.4791 - acc: 0.8769
 190/1200 [===>..........................] - ETA: 0s - loss: 0.4755 - acc: 0.8632
 250/1200 [=====>........................] - ETA: 0s - loss: 0.4708 - acc: 0.8680
 310/1200 [======>.......................] - ETA: 0s - loss: 0.4569 - acc: 0.8774
 370/1200 [========>.....................] - ETA: 0s - loss: 0.4589 - acc: 0.8676
 430/1200 [=========>....................] - ETA: 0s - loss: 0.4413 - acc: 0.8814
 490/1200 [===========>..................] - ETA: 0s - loss: 0.4409 - acc: 0.8735
 550/1200 [============>.................] - ETA: 0s - loss: 0.4509 - acc: 0.8673
 610/1200 [==============>...............] - ETA: 0s - loss: 0.4433 - acc: 0.8754
 670/1200 [===============>..............] - ETA: 0s - loss: 0.4385 - acc: 0.8761
 730/1200 [=================>............] - ETA: 0s - loss: 0.4385 - acc: 0.8740
 790/1200 [==================>...........] - ETA: 0s - loss: 0.4355 - acc: 0.8797
 850/1200 [====================>.........] - ETA: 0s - loss: 0.4354 - acc: 0.8800
 910/1200 [=====================>........] - ETA: 0s - loss: 0.4362 - acc: 0.8780
 970/1200 [=======================>......] - ETA: 0s - loss: 0.4348 - acc: 0.8773
1030/1200 [========================>.....] - ETA: 0s - loss: 0.4342 - acc: 0.8786
1090/1200 [==========================>...] - ETA: 0s - loss: 0.4324 - acc: 0.8780
1150/1200 [===========================>..] - ETA: 0s - loss: 0.4263 - acc: 0.8826
1200/1200 [==============================] - 1s 914us/step - loss: 0.4251 - acc: 0.8850 - val_loss: 0.8759 - val_acc: 0.5588
Current time ....1.098
Train on 3900 samples, validate on 99 samples
Epoch 1/1

  10/3900 [..............................] - ETA: 3s - loss: 1.4099 - acc: 0.7000
  70/3900 [..............................] - ETA: 3s - loss: 1.6406 - acc: 0.5429
 130/3900 [>.............................] - ETA: 3s - loss: 1.6068 - acc: 0.5308
 190/3900 [>.............................] - ETA: 3s - loss: 1.6163 - acc: 0.5316
 250/3900 [>.............................] - ETA: 3s - loss: 1.6084 - acc: 0.5160
 310/3900 [=>............................] - ETA: 3s - loss: 1.6109 - acc: 0.5161
 370/3900 [=>............................] - ETA: 3s - loss: 1.6052 - acc: 0.5189
 430/3900 [==>...........................] - ETA: 3s - loss: 1.6056 - acc: 0.5116
 490/3900 [==>...........................] - ETA: 3s - loss: 1.6100 - acc: 0.5041
 550/3900 [===>..........................] - ETA: 3s - loss: 1.6135 - acc: 0.4945
 610/3900 [===>..........................] - ETA: 2s - loss: 1.6187 - acc: 0.4934
 670/3900 [====>.........................] - ETA: 2s - loss: 1.6114 - acc: 0.4970
 730/3900 [====>.........................] - ETA: 2s - loss: 1.6110 - acc: 0.5000
 790/3900 [=====>........................] - ETA: 2s - loss: 1.6176 - acc: 0.4937
 850/3900 [=====>........................] - ETA: 2s - loss: 1.6178 - acc: 0.4918
 910/3900 [======>.......................] - ETA: 2s - loss: 1.6148 - acc: 0.4901
 970/3900 [======>.......................] - ETA: 2s - loss: 1.6105 - acc: 0.4969
1030/3900 [======>.......................] - ETA: 2s - loss: 1.6114 - acc: 0.4961
1090/3900 [=======>......................] - ETA: 2s - loss: 1.6139 - acc: 0.4945
1150/3900 [=======>......................] - ETA: 2s - loss: 1.6109 - acc: 0.4965
1210/3900 [========>.....................] - ETA: 2s - loss: 1.6039 - acc: 0.5008
1270/3900 [========>.....................] - ETA: 2s - loss: 1.6046 - acc: 0.4969
1330/3900 [=========>....................] - ETA: 2s - loss: 1.6058 - acc: 0.4955
1390/3900 [=========>....................] - ETA: 2s - loss: 1.6012 - acc: 0.4957
1450/3900 [==========>...................] - ETA: 2s - loss: 1.5979 - acc: 0.4966
1510/3900 [==========>...................] - ETA: 2s - loss: 1.5918 - acc: 0.4967
1570/3900 [===========>..................] - ETA: 2s - loss: 1.5863 - acc: 0.4962
1630/3900 [===========>..................] - ETA: 2s - loss: 1.5833 - acc: 0.4982
1690/3900 [============>.................] - ETA: 1s - loss: 1.5794 - acc: 0.4964
1750/3900 [============>.................] - ETA: 1s - loss: 1.5766 - acc: 0.4966
1810/3900 [============>.................] - ETA: 1s - loss: 1.5760 - acc: 0.4956
1870/3900 [=============>................] - ETA: 1s - loss: 1.5733 - acc: 0.4957
1930/3900 [=============>................] - ETA: 1s - loss: 1.5728 - acc: 0.4979
1990/3900 [==============>...............] - ETA: 1s - loss: 1.5710 - acc: 0.5005
2050/3900 [==============>...............] - ETA: 1s - loss: 1.5693 - acc: 0.4995
2110/3900 [===============>..............] - ETA: 1s - loss: 1.5657 - acc: 0.5014
2170/3900 [===============>..............] - ETA: 1s - loss: 1.5677 - acc: 0.5014
2230/3900 [================>.............] - ETA: 1s - loss: 1.5672 - acc: 0.5018
2290/3900 [================>.............] - ETA: 1s - loss: 1.5669 - acc: 0.5039
2350/3900 [=================>............] - ETA: 1s - loss: 1.5631 - acc: 0.5072
2410/3900 [=================>............] - ETA: 1s - loss: 1.5619 - acc: 0.5071
2470/3900 [==================>...........] - ETA: 1s - loss: 1.5615 - acc: 0.5073
2530/3900 [==================>...........] - ETA: 1s - loss: 1.5592 - acc: 0.5083
2590/3900 [==================>...........] - ETA: 1s - loss: 1.5602 - acc: 0.5085
2650/3900 [===================>..........] - ETA: 1s - loss: 1.5574 - acc: 0.5106
2710/3900 [===================>..........] - ETA: 1s - loss: 1.5543 - acc: 0.5122
2770/3900 [====================>.........] - ETA: 1s - loss: 1.5504 - acc: 0.5152
2830/3900 [====================>.........] - ETA: 0s - loss: 1.5498 - acc: 0.5173
2890/3900 [=====================>........] - ETA: 0s - loss: 1.5483 - acc: 0.5180
2950/3900 [=====================>........] - ETA: 0s - loss: 1.5460 - acc: 0.5200
3010/3900 [======================>.......] - ETA: 0s - loss: 1.5469 - acc: 0.5176
3070/3900 [======================>.......] - ETA: 0s - loss: 1.5465 - acc: 0.5176
3130/3900 [=======================>......] - ETA: 0s - loss: 1.5444 - acc: 0.5179
3190/3900 [=======================>......] - ETA: 0s - loss: 1.5438 - acc: 0.5185
3250/3900 [========================>.....] - ETA: 0s - loss: 1.5416 - acc: 0.5200
3310/3900 [========================>.....] - ETA: 0s - loss: 1.5405 - acc: 0.5190
3370/3900 [========================>.....] - ETA: 0s - loss: 1.5395 - acc: 0.5199
3430/3900 [=========================>....] - ETA: 0s - loss: 1.5381 - acc: 0.5195
3490/3900 [=========================>....] - ETA: 0s - loss: 1.5360 - acc: 0.5209
3550/3900 [==========================>...] - ETA: 0s - loss: 1.5318 - acc: 0.5231
3610/3900 [==========================>...] - ETA: 0s - loss: 1.5316 - acc: 0.5241
3670/3900 [===========================>..] - ETA: 0s - loss: 1.5303 - acc: 0.5234
3730/3900 [===========================>..] - ETA: 0s - loss: 1.5282 - acc: 0.5239
3790/3900 [============================>.] - ETA: 0s - loss: 1.5273 - acc: 0.5237
3850/3900 [============================>.] - ETA: 0s - loss: 1.5251 - acc: 0.5236
3900/3900 [==============================] - 4s 907us/step - loss: 1.5235 - acc: 0.5249 - val_loss: 1.7743 - val_acc: 0.3838
Current time ....3.539
Train on 600 samples, validate on 86 samples
Epoch 1/1

 10/600 [..............................] - ETA: 0s - loss: 0.1636 - acc: 1.0000
 70/600 [==>...........................] - ETA: 0s - loss: 0.1509 - acc: 0.9571
130/600 [=====>........................] - ETA: 0s - loss: 0.1332 - acc: 0.9769
190/600 [========>.....................] - ETA: 0s - loss: 0.1256 - acc: 0.9842
250/600 [===========>..................] - ETA: 0s - loss: 0.1144 - acc: 0.9880
310/600 [==============>...............] - ETA: 0s - loss: 0.1133 - acc: 0.9903
370/600 [=================>............] - ETA: 0s - loss: 0.1113 - acc: 0.9919
430/600 [====================>.........] - ETA: 0s - loss: 0.1087 - acc: 0.9930
490/600 [=======================>......] - ETA: 0s - loss: 0.1053 - acc: 0.9939
550/600 [==========================>...] - ETA: 0s - loss: 0.1053 - acc: 0.9945
600/600 [==============================] - 1s 928us/step - loss: 0.1107 - acc: 0.9917 - val_loss: 0.3555 - val_acc: 0.9186
Current time ....0.557
Train on 1200 samples, validate on 68 samples
Epoch 1/1

  10/1200 [..............................] - ETA: 1s - loss: 0.4402 - acc: 0.8000
  70/1200 [>.............................] - ETA: 0s - loss: 0.2992 - acc: 0.9143
 130/1200 [==>...........................] - ETA: 0s - loss: 0.3163 - acc: 0.9231
 190/1200 [===>..........................] - ETA: 0s - loss: 0.3180 - acc: 0.9263
 250/1200 [=====>........................] - ETA: 0s - loss: 0.3073 - acc: 0.9200
 310/1200 [======>.......................] - ETA: 0s - loss: 0.3142 - acc: 0.9161
 370/1200 [========>.....................] - ETA: 0s - loss: 0.3104 - acc: 0.9189
 430/1200 [=========>....................] - ETA: 0s - loss: 0.3078 - acc: 0.9256
 490/1200 [===========>..................] - ETA: 0s - loss: 0.3132 - acc: 0.9245
 550/1200 [============>.................] - ETA: 0s - loss: 0.3179 - acc: 0.9164
 610/1200 [==============>...............] - ETA: 0s - loss: 0.3153 - acc: 0.9164
 670/1200 [===============>..............] - ETA: 0s - loss: 0.3193 - acc: 0.9119
 730/1200 [=================>............] - ETA: 0s - loss: 0.3293 - acc: 0.9055
 790/1200 [==================>...........] - ETA: 0s - loss: 0.3276 - acc: 0.9051
 850/1200 [====================>.........] - ETA: 0s - loss: 0.3254 - acc: 0.9059
 910/1200 [=====================>........] - ETA: 0s - loss: 0.3245 - acc: 0.9088
 970/1200 [=======================>......] - ETA: 0s - loss: 0.3259 - acc: 0.9062
1030/1200 [========================>.....] - ETA: 0s - loss: 0.3251 - acc: 0.9058
1090/1200 [==========================>...] - ETA: 0s - loss: 0.3250 - acc: 0.9055
1150/1200 [===========================>..] - ETA: 0s - loss: 0.3199 - acc: 0.9096
1200/1200 [==============================] - 1s 902us/step - loss: 0.3150 - acc: 0.9117 - val_loss: 0.7558 - val_acc: 0.5882
Current time ....1.082
Train on 3900 samples, validate on 99 samples
Epoch 1/1

  10/3900 [..............................] - ETA: 3s - loss: 1.2000 - acc: 0.6000
  70/3900 [..............................] - ETA: 3s - loss: 1.3440 - acc: 0.6143
 130/3900 [>.............................] - ETA: 3s - loss: 1.4128 - acc: 0.5692
 190/3900 [>.............................] - ETA: 3s - loss: 1.3817 - acc: 0.6105
 250/3900 [>.............................] - ETA: 3s - loss: 1.3937 - acc: 0.5920
 310/3900 [=>............................] - ETA: 3s - loss: 1.3839 - acc: 0.5839
 370/3900 [=>............................] - ETA: 3s - loss: 1.3989 - acc: 0.5757
 430/3900 [==>...........................] - ETA: 3s - loss: 1.3977 - acc: 0.5767
 490/3900 [==>...........................] - ETA: 3s - loss: 1.4100 - acc: 0.5673
 550/3900 [===>..........................] - ETA: 2s - loss: 1.4010 - acc: 0.5800
 610/3900 [===>..........................] - ETA: 2s - loss: 1.4031 - acc: 0.5738
 670/3900 [====>.........................] - ETA: 2s - loss: 1.3974 - acc: 0.5776
 730/3900 [====>.........................] - ETA: 2s - loss: 1.4011 - acc: 0.5699
 790/3900 [=====>........................] - ETA: 2s - loss: 1.4054 - acc: 0.5671
 850/3900 [=====>........................] - ETA: 2s - loss: 1.4020 - acc: 0.5706
 910/3900 [======>.......................] - ETA: 2s - loss: 1.3954 - acc: 0.5736
 970/3900 [======>.......................] - ETA: 2s - loss: 1.3859 - acc: 0.5794
1030/3900 [======>.......................] - ETA: 2s - loss: 1.3841 - acc: 0.5748
1090/3900 [=======>......................] - ETA: 2s - loss: 1.3745 - acc: 0.5798
1150/3900 [=======>......................] - ETA: 2s - loss: 1.3772 - acc: 0.5791
1210/3900 [========>.....................] - ETA: 2s - loss: 1.3742 - acc: 0.5769
1270/3900 [========>.....................] - ETA: 2s - loss: 1.3734 - acc: 0.5787
1330/3900 [=========>....................] - ETA: 2s - loss: 1.3721 - acc: 0.5774
1390/3900 [=========>....................] - ETA: 2s - loss: 1.3714 - acc: 0.5777
1450/3900 [==========>...................] - ETA: 2s - loss: 1.3637 - acc: 0.5841
1510/3900 [==========>...................] - ETA: 2s - loss: 1.3620 - acc: 0.5834
1570/3900 [===========>..................] - ETA: 2s - loss: 1.3576 - acc: 0.5834
1630/3900 [===========>..................] - ETA: 2s - loss: 1.3564 - acc: 0.5853
1690/3900 [============>.................] - ETA: 1s - loss: 1.3541 - acc: 0.5858
1750/3900 [============>.................] - ETA: 1s - loss: 1.3529 - acc: 0.5846
1810/3900 [============>.................] - ETA: 1s - loss: 1.3559 - acc: 0.5823
1870/3900 [=============>................] - ETA: 1s - loss: 1.3569 - acc: 0.5807
1930/3900 [=============>................] - ETA: 1s - loss: 1.3566 - acc: 0.5782
1990/3900 [==============>...............] - ETA: 1s - loss: 1.3521 - acc: 0.5804
2050/3900 [==============>...............] - ETA: 1s - loss: 1.3457 - acc: 0.5834
2110/3900 [===============>..............] - ETA: 1s - loss: 1.3421 - acc: 0.5848
2170/3900 [===============>..............] - ETA: 1s - loss: 1.3414 - acc: 0.5857
2230/3900 [================>.............] - ETA: 1s - loss: 1.3412 - acc: 0.5825
2290/3900 [================>.............] - ETA: 1s - loss: 1.3398 - acc: 0.5834
2350/3900 [=================>............] - ETA: 1s - loss: 1.3396 - acc: 0.5847
2410/3900 [=================>............] - ETA: 1s - loss: 1.3375 - acc: 0.5855
2470/3900 [==================>...........] - ETA: 1s - loss: 1.3370 - acc: 0.5858
2530/3900 [==================>...........] - ETA: 1s - loss: 1.3354 - acc: 0.5858
2590/3900 [==================>...........] - ETA: 1s - loss: 1.3321 - acc: 0.5865
2650/3900 [===================>..........] - ETA: 1s - loss: 1.3297 - acc: 0.5894
2710/3900 [===================>..........] - ETA: 1s - loss: 1.3278 - acc: 0.5893
2770/3900 [====================>.........] - ETA: 1s - loss: 1.3272 - acc: 0.5903
2830/3900 [====================>.........] - ETA: 0s - loss: 1.3241 - acc: 0.5922
2890/3900 [=====================>........] - ETA: 0s - loss: 1.3187 - acc: 0.5945
2950/3900 [=====================>........] - ETA: 0s - loss: 1.3148 - acc: 0.5946
3010/3900 [======================>.......] - ETA: 0s - loss: 1.3124 - acc: 0.5963
3070/3900 [======================>.......] - ETA: 0s - loss: 1.3095 - acc: 0.5964
3130/3900 [=======================>......] - ETA: 0s - loss: 1.3081 - acc: 0.5984
3190/3900 [=======================>......] - ETA: 0s - loss: 1.3086 - acc: 0.5975
3250/3900 [========================>.....] - ETA: 0s - loss: 1.3055 - acc: 0.5991
3310/3900 [========================>.....] - ETA: 0s - loss: 1.3044 - acc: 0.5997
3370/3900 [========================>.....] - ETA: 0s - loss: 1.3041 - acc: 0.6003
3430/3900 [=========================>....] - ETA: 0s - loss: 1.3028 - acc: 0.6009
3490/3900 [=========================>....] - ETA: 0s - loss: 1.3003 - acc: 0.6029
3550/3900 [==========================>...] - ETA: 0s - loss: 1.3002 - acc: 0.6017
3610/3900 [==========================>...] - ETA: 0s - loss: 1.2984 - acc: 0.6022
3670/3900 [===========================>..] - ETA: 0s - loss: 1.2962 - acc: 0.6044
3730/3900 [===========================>..] - ETA: 0s - loss: 1.2952 - acc: 0.6051
3790/3900 [============================>.] - ETA: 0s - loss: 1.2939 - acc: 0.6047
3850/3900 [============================>.] - ETA: 0s - loss: 1.2898 - acc: 0.6068
3900/3900 [==============================] - 4s 905us/step - loss: 1.2895 - acc: 0.6064 - val_loss: 1.6797 - val_acc: 0.4444
Current time ....3.529
Train on 600 samples, validate on 86 samples
Epoch 1/1

 10/600 [..............................] - ETA: 0s - loss: 0.1523 - acc: 1.0000
 70/600 [==>...........................] - ETA: 0s - loss: 0.0983 - acc: 1.0000
130/600 [=====>........................] - ETA: 0s - loss: 0.0852 - acc: 1.0000
190/600 [========>.....................] - ETA: 0s - loss: 0.0882 - acc: 1.0000
250/600 [===========>..................] - ETA: 0s - loss: 0.0903 - acc: 0.9960
310/600 [==============>...............] - ETA: 0s - loss: 0.0885 - acc: 0.9968
370/600 [=================>............] - ETA: 0s - loss: 0.0846 - acc: 0.9946
430/600 [====================>.........] - ETA: 0s - loss: 0.0797 - acc: 0.9953
490/600 [=======================>......] - ETA: 0s - loss: 0.0783 - acc: 0.9959
550/600 [==========================>...] - ETA: 0s - loss: 0.0765 - acc: 0.9945
600/600 [==============================] - 1s 927us/step - loss: 0.0787 - acc: 0.9950 - val_loss: 0.4172 - val_acc: 0.9186
Current time ....0.556
Train on 1200 samples, validate on 68 samples
Epoch 1/1

  10/1200 [..............................] - ETA: 1s - loss: 0.4554 - acc: 0.8000
  70/1200 [>.............................] - ETA: 1s - loss: 0.2451 - acc: 0.9143
 130/1200 [==>...........................] - ETA: 0s - loss: 0.2180 - acc: 0.9538
 190/1200 [===>..........................] - ETA: 0s - loss: 0.2289 - acc: 0.9526
 250/1200 [=====>........................] - ETA: 0s - loss: 0.2273 - acc: 0.9480
 310/1200 [======>.......................] - ETA: 0s - loss: 0.2380 - acc: 0.9387
 370/1200 [========>.....................] - ETA: 0s - loss: 0.2426 - acc: 0.9432
 430/1200 [=========>....................] - ETA: 0s - loss: 0.2372 - acc: 0.9442
 490/1200 [===========>..................] - ETA: 0s - loss: 0.2313 - acc: 0.9490
 550/1200 [============>.................] - ETA: 0s - loss: 0.2282 - acc: 0.9527
 610/1200 [==============>...............] - ETA: 0s - loss: 0.2264 - acc: 0.9541
 670/1200 [===============>..............] - ETA: 0s - loss: 0.2234 - acc: 0.9567
 730/1200 [=================>............] - ETA: 0s - loss: 0.2239 - acc: 0.9575
 790/1200 [==================>...........] - ETA: 0s - loss: 0.2184 - acc: 0.9582
 850/1200 [====================>.........] - ETA: 0s - loss: 0.2242 - acc: 0.9529
 910/1200 [=====================>........] - ETA: 0s - loss: 0.2265 - acc: 0.9484
 970/1200 [=======================>......] - ETA: 0s - loss: 0.2313 - acc: 0.9485
1030/1200 [========================>.....] - ETA: 0s - loss: 0.2266 - acc: 0.9505
1090/1200 [==========================>...] - ETA: 0s - loss: 0.2243 - acc: 0.9532
1150/1200 [===========================>..] - ETA: 0s - loss: 0.2218 - acc: 0.9548
1200/1200 [==============================] - 1s 911us/step - loss: 0.2217 - acc: 0.9542 - val_loss: 0.7800 - val_acc: 0.6618
Current time ....1.094
Train on 3900 samples, validate on 99 samples
Epoch 1/1

  10/3900 [..............................] - ETA: 4s - loss: 1.0363 - acc: 0.8000
  70/3900 [..............................] - ETA: 3s - loss: 1.1730 - acc: 0.7143
 130/3900 [>.............................] - ETA: 3s - loss: 1.1761 - acc: 0.6846
 190/3900 [>.............................] - ETA: 3s - loss: 1.1622 - acc: 0.6684
 250/3900 [>.............................] - ETA: 3s - loss: 1.1414 - acc: 0.6760
 310/3900 [=>............................] - ETA: 3s - loss: 1.1629 - acc: 0.6548
 370/3900 [=>............................] - ETA: 3s - loss: 1.1681 - acc: 0.6432
 430/3900 [==>...........................] - ETA: 3s - loss: 1.1702 - acc: 0.6395
 490/3900 [==>...........................] - ETA: 3s - loss: 1.1554 - acc: 0.6490
 550/3900 [===>..........................] - ETA: 3s - loss: 1.1634 - acc: 0.6418
 610/3900 [===>..........................] - ETA: 2s - loss: 1.1622 - acc: 0.6426
 670/3900 [====>.........................] - ETA: 2s - loss: 1.1602 - acc: 0.6478
 730/3900 [====>.........................] - ETA: 2s - loss: 1.1640 - acc: 0.6438
 790/3900 [=====>........................] - ETA: 2s - loss: 1.1670 - acc: 0.6456
 850/3900 [=====>........................] - ETA: 2s - loss: 1.1553 - acc: 0.6494
 910/3900 [======>.......................] - ETA: 2s - loss: 1.1564 - acc: 0.6462
 970/3900 [======>.......................] - ETA: 2s - loss: 1.1458 - acc: 0.6474
1030/3900 [======>.......................] - ETA: 2s - loss: 1.1444 - acc: 0.6476
1090/3900 [=======>......................] - ETA: 2s - loss: 1.1397 - acc: 0.6514
1150/3900 [=======>......................] - ETA: 2s - loss: 1.1391 - acc: 0.6530
1210/3900 [========>.....................] - ETA: 2s - loss: 1.1389 - acc: 0.6529
1270/3900 [========>.....................] - ETA: 2s - loss: 1.1327 - acc: 0.6551
1330/3900 [=========>....................] - ETA: 2s - loss: 1.1381 - acc: 0.6511
1390/3900 [=========>....................] - ETA: 2s - loss: 1.1381 - acc: 0.6496
1450/3900 [==========>...................] - ETA: 2s - loss: 1.1390 - acc: 0.6469
1510/3900 [==========>...................] - ETA: 2s - loss: 1.1425 - acc: 0.6457
1570/3900 [===========>..................] - ETA: 2s - loss: 1.1460 - acc: 0.6446
1630/3900 [===========>..................] - ETA: 2s - loss: 1.1424 - acc: 0.6423
1690/3900 [============>.................] - ETA: 1s - loss: 1.1350 - acc: 0.6456
1750/3900 [============>.................] - ETA: 1s - loss: 1.1339 - acc: 0.6457
1810/3900 [============>.................] - ETA: 1s - loss: 1.1365 - acc: 0.6431
1870/3900 [=============>................] - ETA: 1s - loss: 1.1326 - acc: 0.6455
1930/3900 [=============>................] - ETA: 1s - loss: 1.1305 - acc: 0.6451
1990/3900 [==============>...............] - ETA: 1s - loss: 1.1251 - acc: 0.6477
2050/3900 [==============>...............] - ETA: 1s - loss: 1.1243 - acc: 0.6468
2110/3900 [===============>..............] - ETA: 1s - loss: 1.1213 - acc: 0.6479
2170/3900 [===============>..............] - ETA: 1s - loss: 1.1212 - acc: 0.6484
2230/3900 [================>.............] - ETA: 1s - loss: 1.1165 - acc: 0.6502
2290/3900 [================>.............] - ETA: 1s - loss: 1.1193 - acc: 0.6480
2350/3900 [=================>............] - ETA: 1s - loss: 1.1157 - acc: 0.6498
2410/3900 [=================>............] - ETA: 1s - loss: 1.1126 - acc: 0.6515
2470/3900 [==================>...........] - ETA: 1s - loss: 1.1091 - acc: 0.6518
2530/3900 [==================>...........] - ETA: 1s - loss: 1.1092 - acc: 0.6494
2590/3900 [==================>...........] - ETA: 1s - loss: 1.1059 - acc: 0.6517
2650/3900 [===================>..........] - ETA: 1s - loss: 1.1073 - acc: 0.6509
2710/3900 [===================>..........] - ETA: 1s - loss: 1.1031 - acc: 0.6513
2770/3900 [====================>.........] - ETA: 1s - loss: 1.1002 - acc: 0.6531
2830/3900 [====================>.........] - ETA: 0s - loss: 1.0974 - acc: 0.6537
2890/3900 [=====================>........] - ETA: 0s - loss: 1.0950 - acc: 0.6554
2950/3900 [=====================>........] - ETA: 0s - loss: 1.0927 - acc: 0.6566
3010/3900 [======================>.......] - ETA: 0s - loss: 1.0876 - acc: 0.6581
3070/3900 [======================>.......] - ETA: 0s - loss: 1.0842 - acc: 0.6593
3130/3900 [=======================>......] - ETA: 0s - loss: 1.0829 - acc: 0.6588
3190/3900 [=======================>......] - ETA: 0s - loss: 1.0832 - acc: 0.6580
3250/3900 [========================>.....] - ETA: 0s - loss: 1.0823 - acc: 0.6572
3310/3900 [========================>.....] - ETA: 0s - loss: 1.0820 - acc: 0.6571
3370/3900 [========================>.....] - ETA: 0s - loss: 1.0798 - acc: 0.6585
3430/3900 [=========================>....] - ETA: 0s - loss: 1.0795 - acc: 0.6589
3490/3900 [=========================>....] - ETA: 0s - loss: 1.0789 - acc: 0.6599
3550/3900 [==========================>...] - ETA: 0s - loss: 1.0763 - acc: 0.6600
3610/3900 [==========================>...] - ETA: 0s - loss: 1.0717 - acc: 0.6629
3670/3900 [===========================>..] - ETA: 0s - loss: 1.0702 - acc: 0.6624
3730/3900 [===========================>..] - ETA: 0s - loss: 1.0703 - acc: 0.6622
3790/3900 [============================>.] - ETA: 0s - loss: 1.0687 - acc: 0.6628
3850/3900 [============================>.] - ETA: 0s - loss: 1.0654 - acc: 0.6639
3900/3900 [==============================] - 4s 907us/step - loss: 1.0622 - acc: 0.6656 - val_loss: 1.5607 - val_acc: 0.4242
Current time ....3.539
Train on 600 samples, validate on 86 samples
Epoch 1/1

 10/600 [..............................] - ETA: 0s - loss: 0.1447 - acc: 1.0000
 60/600 [==>...........................] - ETA: 0s - loss: 0.0812 - acc: 1.0000
120/600 [=====>........................] - ETA: 0s - loss: 0.0737 - acc: 1.0000
180/600 [========>.....................] - ETA: 0s - loss: 0.0622 - acc: 1.0000
240/600 [===========>..................] - ETA: 0s - loss: 0.0634 - acc: 1.0000
300/600 [==============>...............] - ETA: 0s - loss: 0.0653 - acc: 0.9967
360/600 [=================>............] - ETA: 0s - loss: 0.0633 - acc: 0.9972
420/600 [====================>.........] - ETA: 0s - loss: 0.0609 - acc: 0.9976
480/600 [=======================>......] - ETA: 0s - loss: 0.0600 - acc: 0.9979
540/600 [==========================>...] - ETA: 0s - loss: 0.0604 - acc: 0.9963
600/600 [==============================] - 1s 941us/step - loss: 0.0588 - acc: 0.9967 - val_loss: 0.4005 - val_acc: 0.9186
Current time ....0.565
Train on 1200 samples, validate on 68 samples
Epoch 1/1

  10/1200 [..............................] - ETA: 1s - loss: 0.2768 - acc: 0.8000
  70/1200 [>.............................] - ETA: 1s - loss: 0.1888 - acc: 0.9429
 130/1200 [==>...........................] - ETA: 0s - loss: 0.1769 - acc: 0.9462
 190/1200 [===>..........................] - ETA: 0s - loss: 0.1690 - acc: 0.9526
 250/1200 [=====>........................] - ETA: 0s - loss: 0.1704 - acc: 0.9600
 310/1200 [======>.......................] - ETA: 0s - loss: 0.1767 - acc: 0.9548
 370/1200 [========>.....................] - ETA: 0s - loss: 0.2008 - acc: 0.9459
 430/1200 [=========>....................] - ETA: 0s - loss: 0.1884 - acc: 0.9488
 490/1200 [===========>..................] - ETA: 0s - loss: 0.1794 - acc: 0.9510
 550/1200 [============>.................] - ETA: 0s - loss: 0.1711 - acc: 0.9564
 610/1200 [==============>...............] - ETA: 0s - loss: 0.1657 - acc: 0.9607
 670/1200 [===============>..............] - ETA: 0s - loss: 0.1690 - acc: 0.9582
 730/1200 [=================>............] - ETA: 0s - loss: 0.1709 - acc: 0.9589
 790/1200 [==================>...........] - ETA: 0s - loss: 0.1704 - acc: 0.9595
 850/1200 [====================>.........] - ETA: 0s - loss: 0.1697 - acc: 0.9600
 910/1200 [=====================>........] - ETA: 0s - loss: 0.1674 - acc: 0.9604
 970/1200 [=======================>......] - ETA: 0s - loss: 0.1698 - acc: 0.9598
1030/1200 [========================>.....] - ETA: 0s - loss: 0.1742 - acc: 0.9573
1090/1200 [==========================>...] - ETA: 0s - loss: 0.1745 - acc: 0.9560
1150/1200 [===========================>..] - ETA: 0s - loss: 0.1708 - acc: 0.9583
1200/1200 [==============================] - 1s 910us/step - loss: 0.1683 - acc: 0.9600 - val_loss: 0.7408 - val_acc: 0.6912
Current time ....1.093
Train on 3900 samples, validate on 99 samples
Epoch 1/1

  10/3900 [..............................] - ETA: 3s - loss: 0.8368 - acc: 0.8000
  70/3900 [..............................] - ETA: 3s - loss: 0.8237 - acc: 0.8143
 130/3900 [>.............................] - ETA: 3s - loss: 0.8723 - acc: 0.7692
 190/3900 [>.............................] - ETA: 3s - loss: 0.8743 - acc: 0.7474
 250/3900 [>.............................] - ETA: 3s - loss: 0.9511 - acc: 0.7200
 310/3900 [=>............................] - ETA: 3s - loss: 0.9684 - acc: 0.7065
 370/3900 [=>............................] - ETA: 3s - loss: 0.9592 - acc: 0.7135
 430/3900 [==>...........................] - ETA: 3s - loss: 0.9459 - acc: 0.7186
 490/3900 [==>...........................] - ETA: 3s - loss: 0.9417 - acc: 0.7204
 550/3900 [===>..........................] - ETA: 3s - loss: 0.9646 - acc: 0.7055
 610/3900 [===>..........................] - ETA: 2s - loss: 0.9614 - acc: 0.7066
 670/3900 [====>.........................] - ETA: 2s - loss: 0.9677 - acc: 0.7045
 730/3900 [====>.........................] - ETA: 2s - loss: 0.9571 - acc: 0.7123
 790/3900 [=====>........................] - ETA: 2s - loss: 0.9551 - acc: 0.7089
 850/3900 [=====>........................] - ETA: 2s - loss: 0.9605 - acc: 0.7071
 910/3900 [======>.......................] - ETA: 2s - loss: 0.9577 - acc: 0.7066
 970/3900 [======>.......................] - ETA: 2s - loss: 0.9461 - acc: 0.7082
1030/3900 [======>.......................] - ETA: 2s - loss: 0.9522 - acc: 0.7039
1090/3900 [=======>......................] - ETA: 2s - loss: 0.9471 - acc: 0.7064
1150/3900 [=======>......................] - ETA: 2s - loss: 0.9450 - acc: 0.7026
1210/3900 [========>.....................] - ETA: 2s - loss: 0.9456 - acc: 0.7017
1270/3900 [========>.....................] - ETA: 2s - loss: 0.9457 - acc: 0.7016
1330/3900 [=========>....................] - ETA: 2s - loss: 0.9387 - acc: 0.7045
1390/3900 [=========>....................] - ETA: 2s - loss: 0.9301 - acc: 0.7058
1450/3900 [==========>...................] - ETA: 2s - loss: 0.9381 - acc: 0.7028
1510/3900 [==========>...................] - ETA: 2s - loss: 0.9334 - acc: 0.7020
1570/3900 [===========>..................] - ETA: 2s - loss: 0.9304 - acc: 0.7025
1630/3900 [===========>..................] - ETA: 2s - loss: 0.9260 - acc: 0.7049
1690/3900 [============>.................] - ETA: 1s - loss: 0.9185 - acc: 0.7095
1750/3900 [============>.................] - ETA: 1s - loss: 0.9161 - acc: 0.7114
1810/3900 [============>.................] - ETA: 1s - loss: 0.9135 - acc: 0.7105
1870/3900 [=============>................] - ETA: 1s - loss: 0.9084 - acc: 0.7123
1930/3900 [=============>................] - ETA: 1s - loss: 0.9063 - acc: 0.7119
1990/3900 [==============>...............] - ETA: 1s - loss: 0.9053 - acc: 0.7126
2050/3900 [==============>...............] - ETA: 1s - loss: 0.9033 - acc: 0.7146
2110/3900 [===============>..............] - ETA: 1s - loss: 0.9033 - acc: 0.7133
2170/3900 [===============>..............] - ETA: 1s - loss: 0.8997 - acc: 0.7138
2230/3900 [================>.............] - ETA: 1s - loss: 0.8961 - acc: 0.7166
2290/3900 [================>.............] - ETA: 1s - loss: 0.8941 - acc: 0.7162
2350/3900 [=================>............] - ETA: 1s - loss: 0.8922 - acc: 0.7179
2410/3900 [=================>............] - ETA: 1s - loss: 0.8912 - acc: 0.7170
2470/3900 [==================>...........] - ETA: 1s - loss: 0.8935 - acc: 0.7154
2530/3900 [==================>...........] - ETA: 1s - loss: 0.8905 - acc: 0.7170
2590/3900 [==================>...........] - ETA: 1s - loss: 0.8892 - acc: 0.7178
2650/3900 [===================>..........] - ETA: 1s - loss: 0.8868 - acc: 0.7181
2710/3900 [===================>..........] - ETA: 1s - loss: 0.8855 - acc: 0.7185
2770/3900 [====================>.........] - ETA: 1s - loss: 0.8819 - acc: 0.7191
2830/3900 [====================>.........] - ETA: 0s - loss: 0.8840 - acc: 0.7173
2890/3900 [=====================>........] - ETA: 0s - loss: 0.8840 - acc: 0.7173
2950/3900 [=====================>........] - ETA: 0s - loss: 0.8829 - acc: 0.7163
3010/3900 [======================>.......] - ETA: 0s - loss: 0.8803 - acc: 0.7173
3070/3900 [======================>.......] - ETA: 0s - loss: 0.8780 - acc: 0.7186
3130/3900 [=======================>......] - ETA: 0s - loss: 0.8756 - acc: 0.7192
3190/3900 [=======================>......] - ETA: 0s - loss: 0.8737 - acc: 0.7201
3250/3900 [========================>.....] - ETA: 0s - loss: 0.8716 - acc: 0.7200
3310/3900 [========================>.....] - ETA: 0s - loss: 0.8698 - acc: 0.7211
3370/3900 [========================>.....] - ETA: 0s - loss: 0.8675 - acc: 0.7226
3430/3900 [=========================>....] - ETA: 0s - loss: 0.8678 - acc: 0.7227
3490/3900 [=========================>....] - ETA: 0s - loss: 0.8670 - acc: 0.7238
3550/3900 [==========================>...] - ETA: 0s - loss: 0.8639 - acc: 0.7251
3610/3900 [==========================>...] - ETA: 0s - loss: 0.8655 - acc: 0.7247
3670/3900 [===========================>..] - ETA: 0s - loss: 0.8671 - acc: 0.7234
3730/3900 [===========================>..] - ETA: 0s - loss: 0.8674 - acc: 0.7228
3790/3900 [============================>.] - ETA: 0s - loss: 0.8649 - acc: 0.7230
3850/3900 [============================>.] - ETA: 0s - loss: 0.8648 - acc: 0.7226
3900/3900 [==============================] - 4s 904us/step - loss: 0.8620 - acc: 0.7241 - val_loss: 1.6759 - val_acc: 0.3838
Current time ....3.528
Train on 600 samples, validate on 86 samples
Epoch 1/1

 10/600 [..............................] - ETA: 0s - loss: 0.0323 - acc: 1.0000
 70/600 [==>...........................] - ETA: 0s - loss: 0.0386 - acc: 1.0000
130/600 [=====>........................] - ETA: 0s - loss: 0.0451 - acc: 1.0000
190/600 [========>.....................] - ETA: 0s - loss: 0.0494 - acc: 1.0000
250/600 [===========>..................] - ETA: 0s - loss: 0.0513 - acc: 0.9960
310/600 [==============>...............] - ETA: 0s - loss: 0.0483 - acc: 0.9968
370/600 [=================>............] - ETA: 0s - loss: 0.0444 - acc: 0.9973
430/600 [====================>.........] - ETA: 0s - loss: 0.0468 - acc: 0.9930
490/600 [=======================>......] - ETA: 0s - loss: 0.0462 - acc: 0.9939
550/600 [==========================>...] - ETA: 0s - loss: 0.0457 - acc: 0.9945
600/600 [==============================] - 1s 929us/step - loss: 0.0451 - acc: 0.9950 - val_loss: 0.4715 - val_acc: 0.9186
Current time ....0.558
Train on 1200 samples, validate on 68 samples
Epoch 1/1

  10/1200 [..............................] - ETA: 1s - loss: 0.1399 - acc: 1.0000
  70/1200 [>.............................] - ETA: 1s - loss: 0.1409 - acc: 0.9714
 130/1200 [==>...........................] - ETA: 0s - loss: 0.1372 - acc: 0.9846
 190/1200 [===>..........................] - ETA: 0s - loss: 0.1370 - acc: 0.9789
 250/1200 [=====>........................] - ETA: 0s - loss: 0.1285 - acc: 0.9840
 310/1200 [======>.......................] - ETA: 0s - loss: 0.1195 - acc: 0.9871
 370/1200 [========>.....................] - ETA: 0s - loss: 0.1107 - acc: 0.9892
 430/1200 [=========>....................] - ETA: 0s - loss: 0.1125 - acc: 0.9907
 490/1200 [===========>..................] - ETA: 0s - loss: 0.1130 - acc: 0.9898
 550/1200 [============>.................] - ETA: 0s - loss: 0.1160 - acc: 0.9855
 610/1200 [==============>...............] - ETA: 0s - loss: 0.1197 - acc: 0.9852
 670/1200 [===============>..............] - ETA: 0s - loss: 0.1177 - acc: 0.9851
 730/1200 [=================>............] - ETA: 0s - loss: 0.1143 - acc: 0.9863
 790/1200 [==================>...........] - ETA: 0s - loss: 0.1138 - acc: 0.9848
 850/1200 [====================>.........] - ETA: 0s - loss: 0.1137 - acc: 0.9835
 910/1200 [=====================>........] - ETA: 0s - loss: 0.1134 - acc: 0.9824
 970/1200 [=======================>......] - ETA: 0s - loss: 0.1133 - acc: 0.9825
1030/1200 [========================>.....] - ETA: 0s - loss: 0.1128 - acc: 0.9825
1090/1200 [==========================>...] - ETA: 0s - loss: 0.1118 - acc: 0.9817
1150/1200 [===========================>..] - ETA: 0s - loss: 0.1120 - acc: 0.9817
1200/1200 [==============================] - 1s 910us/step - loss: 0.1122 - acc: 0.9817 - val_loss: 0.8694 - val_acc: 0.6765
Current time ....1.092
Train on 3900 samples, validate on 99 samples
Epoch 1/1

  10/3900 [..............................] - ETA: 3s - loss: 0.4333 - acc: 0.9000
  70/3900 [..............................] - ETA: 3s - loss: 0.7580 - acc: 0.7857
 130/3900 [>.............................] - ETA: 3s - loss: 0.7582 - acc: 0.7769
 190/3900 [>.............................] - ETA: 3s - loss: 0.7073 - acc: 0.7842
 250/3900 [>.............................] - ETA: 3s - loss: 0.7162 - acc: 0.7600
 310/3900 [=>............................] - ETA: 3s - loss: 0.7200 - acc: 0.7677
 370/3900 [=>............................] - ETA: 3s - loss: 0.7458 - acc: 0.7595
 430/3900 [==>...........................] - ETA: 3s - loss: 0.7540 - acc: 0.7488
 490/3900 [==>...........................] - ETA: 3s - loss: 0.7541 - acc: 0.7469
 550/3900 [===>..........................] - ETA: 3s - loss: 0.7549 - acc: 0.7473
 610/3900 [===>..........................] - ETA: 2s - loss: 0.7464 - acc: 0.7525
 670/3900 [====>.........................] - ETA: 2s - loss: 0.7492 - acc: 0.7552
 730/3900 [====>.........................] - ETA: 2s - loss: 0.7444 - acc: 0.7562
 790/3900 [=====>........................] - ETA: 2s - loss: 0.7527 - acc: 0.7519
 850/3900 [=====>........................] - ETA: 2s - loss: 0.7690 - acc: 0.7459
 910/3900 [======>.......................] - ETA: 2s - loss: 0.7639 - acc: 0.7473
 970/3900 [======>.......................] - ETA: 2s - loss: 0.7593 - acc: 0.7485
1030/3900 [======>.......................] - ETA: 2s - loss: 0.7600 - acc: 0.7456
1090/3900 [=======>......................] - ETA: 2s - loss: 0.7588 - acc: 0.7459
1150/3900 [=======>......................] - ETA: 2s - loss: 0.7577 - acc: 0.7435
1210/3900 [========>.....................] - ETA: 2s - loss: 0.7651 - acc: 0.7405
1270/3900 [========>.....................] - ETA: 2s - loss: 0.7653 - acc: 0.7394
1330/3900 [=========>....................] - ETA: 2s - loss: 0.7579 - acc: 0.7466
1390/3900 [=========>....................] - ETA: 2s - loss: 0.7472 - acc: 0.7532
1450/3900 [==========>...................] - ETA: 2s - loss: 0.7514 - acc: 0.7503
1510/3900 [==========>...................] - ETA: 2s - loss: 0.7529 - acc: 0.7503
1570/3900 [===========>..................] - ETA: 2s - loss: 0.7505 - acc: 0.7516
1630/3900 [===========>..................] - ETA: 2s - loss: 0.7493 - acc: 0.7534
1690/3900 [============>.................] - ETA: 1s - loss: 0.7558 - acc: 0.7503
1750/3900 [============>.................] - ETA: 1s - loss: 0.7544 - acc: 0.7509
1810/3900 [============>.................] - ETA: 1s - loss: 0.7546 - acc: 0.7503
1870/3900 [=============>................] - ETA: 1s - loss: 0.7509 - acc: 0.7519
1930/3900 [=============>................] - ETA: 1s - loss: 0.7485 - acc: 0.7534
1990/3900 [==============>...............] - ETA: 1s - loss: 0.7449 - acc: 0.7548
2050/3900 [==============>...............] - ETA: 1s - loss: 0.7432 - acc: 0.7556
2110/3900 [===============>..............] - ETA: 1s - loss: 0.7389 - acc: 0.7569
2170/3900 [===============>..............] - ETA: 1s - loss: 0.7354 - acc: 0.7594
2230/3900 [================>.............] - ETA: 1s - loss: 0.7305 - acc: 0.7610
2290/3900 [================>.............] - ETA: 1s - loss: 0.7303 - acc: 0.7603
2350/3900 [=================>............] - ETA: 1s - loss: 0.7259 - acc: 0.7630
2410/3900 [=================>............] - ETA: 1s - loss: 0.7254 - acc: 0.7614
2470/3900 [==================>...........] - ETA: 1s - loss: 0.7271 - acc: 0.7619
2530/3900 [==================>...........] - ETA: 1s - loss: 0.7237 - acc: 0.7628
2590/3900 [==================>...........] - ETA: 1s - loss: 0.7193 - acc: 0.7653
2650/3900 [===================>..........] - ETA: 1s - loss: 0.7179 - acc: 0.7660
2710/3900 [===================>..........] - ETA: 1s - loss: 0.7154 - acc: 0.7675
2770/3900 [====================>.........] - ETA: 1s - loss: 0.7180 - acc: 0.7668
2830/3900 [====================>.........] - ETA: 0s - loss: 0.7183 - acc: 0.7661
2890/3900 [=====================>........] - ETA: 0s - loss: 0.7181 - acc: 0.7671
2950/3900 [=====================>........] - ETA: 0s - loss: 0.7176 - acc: 0.7668
3010/3900 [======================>.......] - ETA: 0s - loss: 0.7195 - acc: 0.7654
3070/3900 [======================>.......] - ETA: 0s - loss: 0.7220 - acc: 0.7655
3130/3900 [=======================>......] - ETA: 0s - loss: 0.7219 - acc: 0.7661
3190/3900 [=======================>......] - ETA: 0s - loss: 0.7214 - acc: 0.7661
3250/3900 [========================>.....] - ETA: 0s - loss: 0.7199 - acc: 0.7671
3310/3900 [========================>.....] - ETA: 0s - loss: 0.7185 - acc: 0.7674
3370/3900 [========================>.....] - ETA: 0s - loss: 0.7163 - acc: 0.7680
3430/3900 [=========================>....] - ETA: 0s - loss: 0.7169 - acc: 0.7668
3490/3900 [=========================>....] - ETA: 0s - loss: 0.7167 - acc: 0.7662
3550/3900 [==========================>...] - ETA: 0s - loss: 0.7168 - acc: 0.7659
3610/3900 [==========================>...] - ETA: 0s - loss: 0.7151 - acc: 0.7665
3670/3900 [===========================>..] - ETA: 0s - loss: 0.7146 - acc: 0.7668
3730/3900 [===========================>..] - ETA: 0s - loss: 0.7126 - acc: 0.7676
3790/3900 [============================>.] - ETA: 0s - loss: 0.7107 - acc: 0.7686
3850/3900 [============================>.] - ETA: 0s - loss: 0.7093 - acc: 0.7691
3900/3900 [==============================] - 4s 906us/step - loss: 0.7097 - acc: 0.7674 - val_loss: 1.5816 - val_acc: 0.4848
Current time ....3.533
Train on 600 samples, validate on 86 samples
Epoch 1/1

 10/600 [..............................] - ETA: 0s - loss: 0.0271 - acc: 1.0000
 70/600 [==>...........................] - ETA: 0s - loss: 0.0402 - acc: 1.0000
130/600 [=====>........................] - ETA: 0s - loss: 0.0395 - acc: 1.0000
190/600 [========>.....................] - ETA: 0s - loss: 0.0393 - acc: 1.0000
250/600 [===========>..................] - ETA: 0s - loss: 0.0455 - acc: 0.9960
310/600 [==============>...............] - ETA: 0s - loss: 0.0436 - acc: 0.9968
370/600 [=================>............] - ETA: 0s - loss: 0.0416 - acc: 0.9946
430/600 [====================>.........] - ETA: 0s - loss: 0.0390 - acc: 0.9953
490/600 [=======================>......] - ETA: 0s - loss: 0.0371 - acc: 0.9959
550/600 [==========================>...] - ETA: 0s - loss: 0.0361 - acc: 0.9964
600/600 [==============================] - 1s 931us/step - loss: 0.0368 - acc: 0.9967 - val_loss: 0.4685 - val_acc: 0.9186
Current time ....0.559
Train on 1200 samples, validate on 68 samples
Epoch 1/1

  10/1200 [..............................] - ETA: 1s - loss: 0.0492 - acc: 1.0000
  70/1200 [>.............................] - ETA: 1s - loss: 0.0700 - acc: 1.0000
 130/1200 [==>...........................] - ETA: 0s - loss: 0.0514 - acc: 1.0000
 190/1200 [===>..........................] - ETA: 0s - loss: 0.0593 - acc: 1.0000
 250/1200 [=====>........................] - ETA: 0s - loss: 0.0713 - acc: 0.9960
 310/1200 [======>.......................] - ETA: 0s - loss: 0.0750 - acc: 0.9935
 370/1200 [========>.....................] - ETA: 0s - loss: 0.0783 - acc: 0.9946
 430/1200 [=========>....................] - ETA: 0s - loss: 0.0775 - acc: 0.9953
 490/1200 [===========>..................] - ETA: 0s - loss: 0.0795 - acc: 0.9939
 550/1200 [============>.................] - ETA: 0s - loss: 0.0793 - acc: 0.9945
 610/1200 [==============>...............] - ETA: 0s - loss: 0.0768 - acc: 0.9951
 670/1200 [===============>..............] - ETA: 0s - loss: 0.0760 - acc: 0.9955
 730/1200 [=================>............] - ETA: 0s - loss: 0.0739 - acc: 0.9959
 790/1200 [==================>...........] - ETA: 0s - loss: 0.0783 - acc: 0.9924
 850/1200 [====================>.........] - ETA: 0s - loss: 0.0778 - acc: 0.9929
 910/1200 [=====================>........] - ETA: 0s - loss: 0.0780 - acc: 0.9923
 970/1200 [=======================>......] - ETA: 0s - loss: 0.0796 - acc: 0.9907
1030/1200 [========================>.....] - ETA: 0s - loss: 0.0813 - acc: 0.9893
1090/1200 [==========================>...] - ETA: 0s - loss: 0.0825 - acc: 0.9890
1150/1200 [===========================>..] - ETA: 0s - loss: 0.0820 - acc: 0.9896
1200/1200 [==============================] - 1s 907us/step - loss: 0.0809 - acc: 0.9900 - val_loss: 0.8944 - val_acc: 0.6765
Current time ....1.089

32/99 [========>.....................] - ETA: 0s
99/99 [==============================] - 0s 93us/step
In EVALUATE loss:  [1.5816247920797328, 0.48484848545055198]

32/86 [==========>...................] - ETA: 0s
86/86 [==============================] - 0s 83us/step
In EVALUATE loss:  [0.46845795803291851, 0.91860465393509971]

32/68 [=============>................] - ETA: 0s
68/68 [==============================] - 0s 101us/step
In EVALUATE loss:  [0.89440997909097109, 0.67647058823529416]
Task 1 : Primary site - Macro F1 score 0.261325432169
Task 1 : Primary site - Micro F1 score 0.484848484848
Task 2 : Tumor laterality - Macro F1 score 0.918593644354
Task 2 : Tumor laterality - Micro F1 score 0.918604651163
Task 3 : Histological grade - Macro F1 score 0.510067613252
Task 3 : Histological grade - Micro F1 score 0.676470588235
Average loss:  0.981497576401
