Importing candle utils for keras
Configuration file:  /gpfs/mira-home/apeck/Modified_Benchmarks/Pilot3/P3B1/p3b1_default_model.txt
{'activation': 'relu',
 'batch_size': 10,
 'data_url': 'ftp://ftp.mcs.anl.gov/pub/candle/public/benchmarks/P3B1/',
 'drop': 0.0,
 'epochs': 10,
 'feature_names': 'Primary site:Tumor laterality:Histological grade',
 'ind_nnet_spec': [[2400, 2400, 1200, 1200],
                   [2400, 2400, 1200, 1200],
                   [2400, 2400, 1200, 1200]],
 'initialization': 'glorot_uniform',
 'learning_rate': 0.01,
 'loss': 'categorical_crossentropy',
 'metrics': 'accuracy',
 'model_name': 'p3b1',
 'n_fold': 1,
 'optimizer': 'sgd',
 'out_activation': 'softmax',
 'output_dir': '.',
 'scaling': 'none',
 'shared_nnet_spec': [1200,
                      2400,
                      3600,
                      3600,
                      3600,
                      3600,
                      3600,
                      3600,
                      3600,
                      2400],
 'shuffle': True,
 'timeout': 1800,
 'train_data': 'P3B1_data.tar.gz'}
Params:
{'activation': 'relu',
 'batch_size': 10,
 'case': 'CenterZ',
 'data_url': 'ftp://ftp.mcs.anl.gov/pub/candle/public/benchmarks/P3B1/',
 'datatype': <class 'numpy.float32'>,
 'drop': 0.0,
 'epochs': 10,
 'experiment_id': 'EXP000',
 'feature_names': 'Primary site:Tumor laterality:Histological grade',
 'fig': False,
 'gpus': [],
 'ind_nnet_spec': [[2400, 2400, 1200, 1200],
                   [2400, 2400, 1200, 1200],
                   [2400, 2400, 1200, 1200]],
 'initialization': 'glorot_uniform',
 'learning_rate': 0.01,
 'logfile': None,
 'loss': 'categorical_crossentropy',
 'metrics': 'accuracy',
 'model_name': 'p3b1',
 'n_fold': 1,
 'optimizer': 'sgd',
 'out_activation': 'softmax',
 'output_dir': '/gpfs/mira-home/apeck/CANDLE_testing/avery_modified_results/p3_1',
 'output_files': 'result0_0.csv;result1_0.csv;result2_0.csv',
 'rng_seed': 7102,
 'run_id': 'RUN000',
 'scaling': 'none',
 'shared_nnet_spec': [1200,
                      2400,
                      3600,
                      3600,
                      3600,
                      3600,
                      3600,
                      3600,
                      3600,
                      2400],
 'shuffle': False,
 'timeout': 1800,
 'train_bool': True,
 'train_data': 'P3B1_data.tar.gz',
 'train_features': 'data/task0_0_train_feature.csv;data/task1_0_train_feature.csv;data/task2_0_train_feature.csv',
 'train_truths': 'data/task0_0_train_label.csv;data/task1_0_train_label.csv;data/task2_0_train_label.csv',
 'valid_features': 'data/task0_0_test_feature.csv;data/task1_0_test_feature.csv;data/task2_0_test_feature.csv',
 'valid_truths': 'data/task0_0_test_label.csv;data/task1_0_test_label.csv;data/task2_0_test_label.csv',
 'verbose': None}
Feature names:
Primary site
Tumor laterality
Histological grade
Model:  0
_________________________________________________________________
Layer (type)                 Output Shape              Param #   
=================================================================
input (InputLayer)           (None, 400)               0         
_________________________________________________________________
indiv_layer_0_0 (Dense)      (None, 2400)              962400    
_________________________________________________________________
indiv_layer_0_1 (Dense)      (None, 2400)              5762400   
_________________________________________________________________
indiv_layer_0_2 (Dense)      (None, 1200)              2881200   
_________________________________________________________________
indiv_layer_0_3 (Dense)      (None, 1200)              1441200   
_________________________________________________________________
out_0 (Dense)                (None, 13)                15613     
=================================================================
Total params: 11,062,813
Trainable params: 11,062,813
Non-trainable params: 0
_________________________________________________________________
Model:  1
_________________________________________________________________
Layer (type)                 Output Shape              Param #   
=================================================================
input (InputLayer)           (None, 400)               0         
_________________________________________________________________
indiv_layer_1_0 (Dense)      (None, 2400)              962400    
_________________________________________________________________
indiv_layer_1_1 (Dense)      (None, 2400)              5762400   
_________________________________________________________________
indiv_layer_1_2 (Dense)      (None, 1200)              2881200   
_________________________________________________________________
indiv_layer_1_3 (Dense)      (None, 1200)              1441200   
_________________________________________________________________
out_1 (Dense)                (None, 2)                 2402      
=================================================================
Total params: 11,049,602
Trainable params: 11,049,602
Non-trainable params: 0
_________________________________________________________________
Model:  2
_________________________________________________________________
Layer (type)                 Output Shape              Param #   
=================================================================
input (InputLayer)           (None, 400)               0         
_________________________________________________________________
indiv_layer_2_0 (Dense)      (None, 2400)              962400    
_________________________________________________________________
indiv_layer_2_1 (Dense)      (None, 2400)              5762400   
_________________________________________________________________
indiv_layer_2_2 (Dense)      (None, 1200)              2881200   
_________________________________________________________________
indiv_layer_2_3 (Dense)      (None, 1200)              1441200   
_________________________________________________________________
out_2 (Dense)                (None, 4)                 4804      
=================================================================
Total params: 11,052,004
Trainable params: 11,052,004
Non-trainable params: 0
_________________________________________________________________
Train on 3900 samples, validate on 99 samples
Epoch 1/1

  10/3900 [..............................] - ETA: 11:14 - loss: 2.5643 - acc: 0.0000e+00
  60/3900 [..............................] - ETA: 1:54 - loss: 2.5642 - acc: 0.0667     
 110/3900 [..............................] - ETA: 1:03 - loss: 2.5658 - acc: 0.0455
 160/3900 [>.............................] - ETA: 44s - loss: 2.5659 - acc: 0.0625 
 210/3900 [>.............................] - ETA: 34s - loss: 2.5654 - acc: 0.0857
 260/3900 [=>............................] - ETA: 28s - loss: 2.5654 - acc: 0.0846
 310/3900 [=>............................] - ETA: 23s - loss: 2.5649 - acc: 0.0839
 360/3900 [=>............................] - ETA: 20s - loss: 2.5645 - acc: 0.0917
 410/3900 [==>...........................] - ETA: 18s - loss: 2.5645 - acc: 0.0951
 470/3900 [==>...........................] - ETA: 16s - loss: 2.5643 - acc: 0.1000
 520/3900 [===>..........................] - ETA: 14s - loss: 2.5643 - acc: 0.1000
 570/3900 [===>..........................] - ETA: 13s - loss: 2.5637 - acc: 0.1053
 630/3900 [===>..........................] - ETA: 12s - loss: 2.5634 - acc: 0.1063
 690/3900 [====>.........................] - ETA: 11s - loss: 2.5634 - acc: 0.1043
 750/3900 [====>.........................] - ETA: 10s - loss: 2.5632 - acc: 0.1013
 810/3900 [=====>........................] - ETA: 9s - loss: 2.5628 - acc: 0.1049 
 870/3900 [=====>........................] - ETA: 9s - loss: 2.5628 - acc: 0.1011
 930/3900 [======>.......................] - ETA: 8s - loss: 2.5627 - acc: 0.0978
 990/3900 [======>.......................] - ETA: 7s - loss: 2.5624 - acc: 0.0980
1050/3900 [=======>......................] - ETA: 7s - loss: 2.5621 - acc: 0.0943
1110/3900 [=======>......................] - ETA: 7s - loss: 2.5619 - acc: 0.0964
1170/3900 [========>.....................] - ETA: 6s - loss: 2.5617 - acc: 0.0957
1230/3900 [========>.....................] - ETA: 6s - loss: 2.5614 - acc: 0.0967
1290/3900 [========>.....................] - ETA: 6s - loss: 2.5612 - acc: 0.0953
1350/3900 [=========>....................] - ETA: 5s - loss: 2.5610 - acc: 0.0963
1410/3900 [=========>....................] - ETA: 5s - loss: 2.5609 - acc: 0.0943
1470/3900 [==========>...................] - ETA: 5s - loss: 2.5607 - acc: 0.0986
1530/3900 [==========>...................] - ETA: 4s - loss: 2.5606 - acc: 0.1039
1590/3900 [===========>..................] - ETA: 4s - loss: 2.5604 - acc: 0.1075
1650/3900 [===========>..................] - ETA: 4s - loss: 2.5602 - acc: 0.1103
1710/3900 [============>.................] - ETA: 4s - loss: 2.5599 - acc: 0.1175
1770/3900 [============>.................] - ETA: 4s - loss: 2.5597 - acc: 0.1237
1830/3900 [=============>................] - ETA: 3s - loss: 2.5594 - acc: 0.1290
1890/3900 [=============>................] - ETA: 3s - loss: 2.5592 - acc: 0.1344
1950/3900 [==============>...............] - ETA: 3s - loss: 2.5589 - acc: 0.1395
2010/3900 [==============>...............] - ETA: 3s - loss: 2.5587 - acc: 0.1453
2070/3900 [==============>...............] - ETA: 3s - loss: 2.5585 - acc: 0.1517
2130/3900 [===============>..............] - ETA: 3s - loss: 2.5580 - acc: 0.1587
2190/3900 [===============>..............] - ETA: 2s - loss: 2.5579 - acc: 0.1626
2250/3900 [================>.............] - ETA: 2s - loss: 2.5576 - acc: 0.1680
2310/3900 [================>.............] - ETA: 2s - loss: 2.5574 - acc: 0.1688
2370/3900 [=================>............] - ETA: 2s - loss: 2.5572 - acc: 0.1705
2430/3900 [=================>............] - ETA: 2s - loss: 2.5570 - acc: 0.1741
2490/3900 [==================>...........] - ETA: 2s - loss: 2.5568 - acc: 0.1767
2550/3900 [==================>...........] - ETA: 2s - loss: 2.5565 - acc: 0.1796
2610/3900 [===================>..........] - ETA: 2s - loss: 2.5564 - acc: 0.1801
2670/3900 [===================>..........] - ETA: 1s - loss: 2.5562 - acc: 0.1828
2730/3900 [====================>.........] - ETA: 1s - loss: 2.5560 - acc: 0.1857
2790/3900 [====================>.........] - ETA: 1s - loss: 2.5556 - acc: 0.1900
2850/3900 [====================>.........] - ETA: 1s - loss: 2.5555 - acc: 0.1912
2910/3900 [=====================>........] - ETA: 1s - loss: 2.5554 - acc: 0.1935
2970/3900 [=====================>........] - ETA: 1s - loss: 2.5551 - acc: 0.1960
3030/3900 [======================>.......] - ETA: 1s - loss: 2.5549 - acc: 0.1980
3090/3900 [======================>.......] - ETA: 1s - loss: 2.5547 - acc: 0.2003
3150/3900 [=======================>......] - ETA: 1s - loss: 2.5546 - acc: 0.1997
3210/3900 [=======================>......] - ETA: 1s - loss: 2.5544 - acc: 0.2003
3270/3900 [========================>.....] - ETA: 0s - loss: 2.5542 - acc: 0.2003
3330/3900 [========================>.....] - ETA: 0s - loss: 2.5540 - acc: 0.1997
3390/3900 [=========================>....] - ETA: 0s - loss: 2.5538 - acc: 0.2018
3450/3900 [=========================>....] - ETA: 0s - loss: 2.5536 - acc: 0.2029
3510/3900 [==========================>...] - ETA: 0s - loss: 2.5535 - acc: 0.2034
3570/3900 [==========================>...] - ETA: 0s - loss: 2.5533 - acc: 0.2050
3630/3900 [==========================>...] - ETA: 0s - loss: 2.5531 - acc: 0.2061
3690/3900 [===========================>..] - ETA: 0s - loss: 2.5529 - acc: 0.2100
3750/3900 [===========================>..] - ETA: 0s - loss: 2.5527 - acc: 0.2136
3810/3900 [============================>.] - ETA: 0s - loss: 2.5524 - acc: 0.2168
3870/3900 [============================>.] - ETA: 0s - loss: 2.5522 - acc: 0.2186
3900/3900 [==============================] - 5s 1ms/step - loss: 2.5520 - acc: 0.2197 - val_loss: 2.5546 - val_acc: 0.1010
Current time ....5.333
Train on 600 samples, validate on 86 samples
Epoch 1/1

 10/600 [..............................] - ETA: 19s - loss: 0.7191 - acc: 0.2000
 70/600 [==>...........................] - ETA: 2s - loss: 0.6987 - acc: 0.4429 
130/600 [=====>........................] - ETA: 1s - loss: 0.6946 - acc: 0.5462
190/600 [========>.....................] - ETA: 1s - loss: 0.6895 - acc: 0.5579
250/600 [===========>..................] - ETA: 0s - loss: 0.6845 - acc: 0.6120
310/600 [==============>...............] - ETA: 0s - loss: 0.6785 - acc: 0.6516
370/600 [=================>............] - ETA: 0s - loss: 0.6720 - acc: 0.6757
430/600 [====================>.........] - ETA: 0s - loss: 0.6709 - acc: 0.6628
490/600 [=======================>......] - ETA: 0s - loss: 0.6649 - acc: 0.6918
550/600 [==========================>...] - ETA: 0s - loss: 0.6610 - acc: 0.7073
600/600 [==============================] - 1s 1ms/step - loss: 0.6563 - acc: 0.7150 - val_loss: 0.6269 - val_acc: 0.8256
Current time ....0.883
Train on 1200 samples, validate on 68 samples
Epoch 1/1

  10/1200 [..............................] - ETA: 30s - loss: 1.3775 - acc: 0.7000
  70/1200 [>.............................] - ETA: 4s - loss: 1.3861 - acc: 0.4571 
 130/1200 [==>...........................] - ETA: 2s - loss: 1.3605 - acc: 0.4538
 190/1200 [===>..........................] - ETA: 2s - loss: 1.3646 - acc: 0.3842
 250/1200 [=====>........................] - ETA: 1s - loss: 1.3583 - acc: 0.3560
 310/1200 [======>.......................] - ETA: 1s - loss: 1.3587 - acc: 0.3323
 370/1200 [========>.....................] - ETA: 1s - loss: 1.3553 - acc: 0.3054
 430/1200 [=========>....................] - ETA: 1s - loss: 1.3501 - acc: 0.3186
 490/1200 [===========>..................] - ETA: 0s - loss: 1.3476 - acc: 0.3347
 550/1200 [============>.................] - ETA: 0s - loss: 1.3415 - acc: 0.3564
 610/1200 [==============>...............] - ETA: 0s - loss: 1.3383 - acc: 0.3639
 670/1200 [===============>..............] - ETA: 0s - loss: 1.3343 - acc: 0.3657
 730/1200 [=================>............] - ETA: 0s - loss: 1.3306 - acc: 0.3740
 790/1200 [==================>...........] - ETA: 0s - loss: 1.3294 - acc: 0.3848
 850/1200 [====================>.........] - ETA: 0s - loss: 1.3223 - acc: 0.3941
 910/1200 [=====================>........] - ETA: 0s - loss: 1.3162 - acc: 0.4044
 970/1200 [=======================>......] - ETA: 0s - loss: 1.3111 - acc: 0.4165
1030/1200 [========================>.....] - ETA: 0s - loss: 1.3046 - acc: 0.4291
1090/1200 [==========================>...] - ETA: 0s - loss: 1.2979 - acc: 0.4367
1150/1200 [===========================>..] - ETA: 0s - loss: 1.2934 - acc: 0.4391
1200/1200 [==============================] - 1s 1ms/step - loss: 1.2885 - acc: 0.4433 - val_loss: 1.2650 - val_acc: 0.2647
Current time ....1.339
Train on 3900 samples, validate on 99 samples
Epoch 1/1

  10/3900 [..............................] - ETA: 4s - loss: 2.5389 - acc: 0.2000
  70/3900 [..............................] - ETA: 3s - loss: 2.5345 - acc: 0.2857
 130/3900 [>.............................] - ETA: 3s - loss: 2.5336 - acc: 0.3077
 190/3900 [>.............................] - ETA: 3s - loss: 2.5346 - acc: 0.2947
 250/3900 [>.............................] - ETA: 3s - loss: 2.5343 - acc: 0.2920
 310/3900 [=>............................] - ETA: 3s - loss: 2.5340 - acc: 0.2968
 370/3900 [=>............................] - ETA: 3s - loss: 2.5334 - acc: 0.2919
 430/3900 [==>...........................] - ETA: 3s - loss: 2.5339 - acc: 0.2884
 490/3900 [==>...........................] - ETA: 3s - loss: 2.5341 - acc: 0.2857
 550/3900 [===>..........................] - ETA: 3s - loss: 2.5339 - acc: 0.2836
 600/3900 [===>..........................] - ETA: 3s - loss: 2.5334 - acc: 0.2900
 660/3900 [====>.........................] - ETA: 2s - loss: 2.5328 - acc: 0.3015
 720/3900 [====>.........................] - ETA: 2s - loss: 2.5323 - acc: 0.3000
 780/3900 [=====>........................] - ETA: 2s - loss: 2.5322 - acc: 0.2987
 840/3900 [=====>........................] - ETA: 2s - loss: 2.5317 - acc: 0.3060
 900/3900 [=====>........................] - ETA: 2s - loss: 2.5315 - acc: 0.3044
 960/3900 [======>.......................] - ETA: 2s - loss: 2.5314 - acc: 0.3063
1020/3900 [======>.......................] - ETA: 2s - loss: 2.5310 - acc: 0.3049
1080/3900 [=======>......................] - ETA: 2s - loss: 2.5304 - acc: 0.3102
1140/3900 [=======>......................] - ETA: 2s - loss: 2.5301 - acc: 0.3096
1200/3900 [========>.....................] - ETA: 2s - loss: 2.5299 - acc: 0.3067
1260/3900 [========>.....................] - ETA: 2s - loss: 2.5297 - acc: 0.3079
1320/3900 [=========>....................] - ETA: 2s - loss: 2.5293 - acc: 0.3114
1380/3900 [=========>....................] - ETA: 2s - loss: 2.5292 - acc: 0.3109
1440/3900 [==========>...................] - ETA: 2s - loss: 2.5290 - acc: 0.3125
1500/3900 [==========>...................] - ETA: 2s - loss: 2.5286 - acc: 0.3227
1560/3900 [===========>..................] - ETA: 2s - loss: 2.5281 - acc: 0.3263
1620/3900 [===========>..................] - ETA: 2s - loss: 2.5277 - acc: 0.3278
1680/3900 [===========>..................] - ETA: 1s - loss: 2.5275 - acc: 0.3321
1740/3900 [============>.................] - ETA: 1s - loss: 2.5270 - acc: 0.3385
1800/3900 [============>.................] - ETA: 1s - loss: 2.5266 - acc: 0.3428
1860/3900 [=============>................] - ETA: 1s - loss: 2.5264 - acc: 0.3398
1920/3900 [=============>................] - ETA: 1s - loss: 2.5259 - acc: 0.3417
1980/3900 [==============>...............] - ETA: 1s - loss: 2.5253 - acc: 0.3439
2040/3900 [==============>...............] - ETA: 1s - loss: 2.5248 - acc: 0.3495
2100/3900 [===============>..............] - ETA: 1s - loss: 2.5242 - acc: 0.3514
2160/3900 [===============>..............] - ETA: 1s - loss: 2.5238 - acc: 0.3537
2220/3900 [================>.............] - ETA: 1s - loss: 2.5234 - acc: 0.3577
2280/3900 [================>.............] - ETA: 1s - loss: 2.5230 - acc: 0.3592
2340/3900 [=================>............] - ETA: 1s - loss: 2.5227 - acc: 0.3615
2400/3900 [=================>............] - ETA: 1s - loss: 2.5224 - acc: 0.3642
2460/3900 [=================>............] - ETA: 1s - loss: 2.5220 - acc: 0.3642
2520/3900 [==================>...........] - ETA: 1s - loss: 2.5217 - acc: 0.3659
2580/3900 [==================>...........] - ETA: 1s - loss: 2.5212 - acc: 0.3686
2640/3900 [===================>..........] - ETA: 1s - loss: 2.5207 - acc: 0.3720
2700/3900 [===================>..........] - ETA: 1s - loss: 2.5204 - acc: 0.3719
2760/3900 [====================>.........] - ETA: 1s - loss: 2.5200 - acc: 0.3743
2820/3900 [====================>.........] - ETA: 0s - loss: 2.5197 - acc: 0.3745
2880/3900 [=====================>........] - ETA: 0s - loss: 2.5192 - acc: 0.3760
2940/3900 [=====================>........] - ETA: 0s - loss: 2.5189 - acc: 0.3759
3000/3900 [======================>.......] - ETA: 0s - loss: 2.5183 - acc: 0.3793
3060/3900 [======================>.......] - ETA: 0s - loss: 2.5179 - acc: 0.3820
3120/3900 [=======================>......] - ETA: 0s - loss: 2.5174 - acc: 0.3859
3180/3900 [=======================>......] - ETA: 0s - loss: 2.5169 - acc: 0.3877
3240/3900 [=======================>......] - ETA: 0s - loss: 2.5164 - acc: 0.3898
3300/3900 [========================>.....] - ETA: 0s - loss: 2.5159 - acc: 0.3906
3360/3900 [========================>.....] - ETA: 0s - loss: 2.5154 - acc: 0.3929
3420/3900 [=========================>....] - ETA: 0s - loss: 2.5148 - acc: 0.3936
3480/3900 [=========================>....] - ETA: 0s - loss: 2.5143 - acc: 0.3974
3540/3900 [==========================>...] - ETA: 0s - loss: 2.5137 - acc: 0.3986
3600/3900 [==========================>...] - ETA: 0s - loss: 2.5132 - acc: 0.4006
3660/3900 [===========================>..] - ETA: 0s - loss: 2.5125 - acc: 0.4019
3720/3900 [===========================>..] - ETA: 0s - loss: 2.5120 - acc: 0.4024
3780/3900 [============================>.] - ETA: 0s - loss: 2.5114 - acc: 0.4040
3840/3900 [============================>.] - ETA: 0s - loss: 2.5107 - acc: 0.4036
3900/3900 [==============================] - 4s 901us/step - loss: 2.5099 - acc: 0.4038 - val_loss: 2.5096 - val_acc: 0.1414
Current time ....3.512
Train on 600 samples, validate on 86 samples
Epoch 1/1

 10/600 [..............................] - ETA: 0s - loss: 0.5682 - acc: 0.8000
 70/600 [==>...........................] - ETA: 0s - loss: 0.6027 - acc: 0.8857
130/600 [=====>........................] - ETA: 0s - loss: 0.5944 - acc: 0.8923
190/600 [========>.....................] - ETA: 0s - loss: 0.5912 - acc: 0.8895
250/600 [===========>..................] - ETA: 0s - loss: 0.5846 - acc: 0.8760
310/600 [==============>...............] - ETA: 0s - loss: 0.5841 - acc: 0.8806
370/600 [=================>............] - ETA: 0s - loss: 0.5759 - acc: 0.9000
430/600 [====================>.........] - ETA: 0s - loss: 0.5742 - acc: 0.9023
490/600 [=======================>......] - ETA: 0s - loss: 0.5640 - acc: 0.9122
550/600 [==========================>...] - ETA: 0s - loss: 0.5560 - acc: 0.9200
600/600 [==============================] - 1s 928us/step - loss: 0.5485 - acc: 0.9250 - val_loss: 0.5418 - val_acc: 0.8721
Current time ....0.557
Train on 1200 samples, validate on 68 samples
Epoch 1/1

  10/1200 [..............................] - ETA: 1s - loss: 1.0946 - acc: 0.7000
  70/1200 [>.............................] - ETA: 0s - loss: 1.1773 - acc: 0.6143
 130/1200 [==>...........................] - ETA: 0s - loss: 1.1669 - acc: 0.5769
 190/1200 [===>..........................] - ETA: 0s - loss: 1.1490 - acc: 0.5684
 250/1200 [=====>........................] - ETA: 0s - loss: 1.1485 - acc: 0.5560
 310/1200 [======>.......................] - ETA: 0s - loss: 1.1343 - acc: 0.5581
 370/1200 [========>.....................] - ETA: 0s - loss: 1.1355 - acc: 0.5486
 430/1200 [=========>....................] - ETA: 0s - loss: 1.1206 - acc: 0.5628
 490/1200 [===========>..................] - ETA: 0s - loss: 1.1186 - acc: 0.5653
 550/1200 [============>.................] - ETA: 0s - loss: 1.1067 - acc: 0.5745
 610/1200 [==============>...............] - ETA: 0s - loss: 1.1039 - acc: 0.5787
 670/1200 [===============>..............] - ETA: 0s - loss: 1.1045 - acc: 0.5716
 730/1200 [=================>............] - ETA: 0s - loss: 1.0999 - acc: 0.5795
 790/1200 [==================>...........] - ETA: 0s - loss: 1.0873 - acc: 0.5886
 850/1200 [====================>.........] - ETA: 0s - loss: 1.0792 - acc: 0.6012
 910/1200 [=====================>........] - ETA: 0s - loss: 1.0702 - acc: 0.6011
 970/1200 [=======================>......] - ETA: 0s - loss: 1.0654 - acc: 0.6021
1030/1200 [========================>.....] - ETA: 0s - loss: 1.0637 - acc: 0.5990
1090/1200 [==========================>...] - ETA: 0s - loss: 1.0565 - acc: 0.6046
1150/1200 [===========================>..] - ETA: 0s - loss: 1.0525 - acc: 0.6070
1200/1200 [==============================] - 1s 899us/step - loss: 1.0485 - acc: 0.6042 - val_loss: 1.1436 - val_acc: 0.3824
Current time ....1.079
Train on 3900 samples, validate on 99 samples
Epoch 1/1

  10/3900 [..............................] - ETA: 4s - loss: 2.4417 - acc: 0.4000
  70/3900 [..............................] - ETA: 3s - loss: 2.4669 - acc: 0.4714
 130/3900 [>.............................] - ETA: 3s - loss: 2.4663 - acc: 0.4769
 190/3900 [>.............................] - ETA: 3s - loss: 2.4667 - acc: 0.4368
 250/3900 [>.............................] - ETA: 3s - loss: 2.4682 - acc: 0.4200
 310/3900 [=>............................] - ETA: 3s - loss: 2.4692 - acc: 0.4194
 370/3900 [=>............................] - ETA: 3s - loss: 2.4676 - acc: 0.4378
 430/3900 [==>...........................] - ETA: 3s - loss: 2.4651 - acc: 0.4535
 490/3900 [==>...........................] - ETA: 3s - loss: 2.4638 - acc: 0.4673
 550/3900 [===>..........................] - ETA: 3s - loss: 2.4622 - acc: 0.4655
 610/3900 [===>..........................] - ETA: 2s - loss: 2.4600 - acc: 0.4689
 670/3900 [====>.........................] - ETA: 2s - loss: 2.4577 - acc: 0.4746
 730/3900 [====>.........................] - ETA: 2s - loss: 2.4567 - acc: 0.4644
 790/3900 [=====>........................] - ETA: 2s - loss: 2.4554 - acc: 0.4570
 850/3900 [=====>........................] - ETA: 2s - loss: 2.4548 - acc: 0.4518
 910/3900 [======>.......................] - ETA: 2s - loss: 2.4540 - acc: 0.4440
 970/3900 [======>.......................] - ETA: 2s - loss: 2.4524 - acc: 0.4412
1030/3900 [======>.......................] - ETA: 2s - loss: 2.4524 - acc: 0.4262
1090/3900 [=======>......................] - ETA: 2s - loss: 2.4517 - acc: 0.4156
1150/3900 [=======>......................] - ETA: 2s - loss: 2.4499 - acc: 0.4113
1210/3900 [========>.....................] - ETA: 2s - loss: 2.4490 - acc: 0.4107
1270/3900 [========>.....................] - ETA: 2s - loss: 2.4476 - acc: 0.4087
1330/3900 [=========>....................] - ETA: 2s - loss: 2.4460 - acc: 0.4090
1390/3900 [=========>....................] - ETA: 2s - loss: 2.4444 - acc: 0.4072
1450/3900 [==========>...................] - ETA: 2s - loss: 2.4436 - acc: 0.4041
1510/3900 [==========>...................] - ETA: 2s - loss: 2.4425 - acc: 0.4000
1570/3900 [===========>..................] - ETA: 2s - loss: 2.4413 - acc: 0.3981
1630/3900 [===========>..................] - ETA: 2s - loss: 2.4404 - acc: 0.3969
1690/3900 [============>.................] - ETA: 1s - loss: 2.4388 - acc: 0.3959
1750/3900 [============>.................] - ETA: 1s - loss: 2.4373 - acc: 0.3926
1810/3900 [============>.................] - ETA: 1s - loss: 2.4357 - acc: 0.3928
1870/3900 [=============>................] - ETA: 1s - loss: 2.4345 - acc: 0.3914
1930/3900 [=============>................] - ETA: 1s - loss: 2.4333 - acc: 0.3933
1990/3900 [==============>...............] - ETA: 1s - loss: 2.4315 - acc: 0.3975
2050/3900 [==============>...............] - ETA: 1s - loss: 2.4295 - acc: 0.4015
2110/3900 [===============>..............] - ETA: 1s - loss: 2.4283 - acc: 0.4024
2170/3900 [===============>..............] - ETA: 1s - loss: 2.4267 - acc: 0.4055
2230/3900 [================>.............] - ETA: 1s - loss: 2.4249 - acc: 0.4058
2290/3900 [================>.............] - ETA: 1s - loss: 2.4232 - acc: 0.4066
2350/3900 [=================>............] - ETA: 1s - loss: 2.4214 - acc: 0.4089
2410/3900 [=================>............] - ETA: 1s - loss: 2.4190 - acc: 0.4124
2470/3900 [==================>...........] - ETA: 1s - loss: 2.4169 - acc: 0.4142
2530/3900 [==================>...........] - ETA: 1s - loss: 2.4152 - acc: 0.4150
2590/3900 [==================>...........] - ETA: 1s - loss: 2.4128 - acc: 0.4166
2650/3900 [===================>..........] - ETA: 1s - loss: 2.4110 - acc: 0.4162
2710/3900 [===================>..........] - ETA: 1s - loss: 2.4096 - acc: 0.4137
2770/3900 [====================>.........] - ETA: 1s - loss: 2.4071 - acc: 0.4141
2830/3900 [====================>.........] - ETA: 0s - loss: 2.4053 - acc: 0.4148
2890/3900 [=====================>........] - ETA: 0s - loss: 2.4035 - acc: 0.4145
2950/3900 [=====================>........] - ETA: 0s - loss: 2.4009 - acc: 0.4146
3010/3900 [======================>.......] - ETA: 0s - loss: 2.3992 - acc: 0.4130
3070/3900 [======================>.......] - ETA: 0s - loss: 2.3976 - acc: 0.4098
3130/3900 [=======================>......] - ETA: 0s - loss: 2.3960 - acc: 0.4083
3190/3900 [=======================>......] - ETA: 0s - loss: 2.3937 - acc: 0.4097
3250/3900 [========================>.....] - ETA: 0s - loss: 2.3919 - acc: 0.4074
3310/3900 [========================>.....] - ETA: 0s - loss: 2.3892 - acc: 0.4088
3370/3900 [========================>.....] - ETA: 0s - loss: 2.3873 - acc: 0.4059
3430/3900 [=========================>....] - ETA: 0s - loss: 2.3854 - acc: 0.4047
3490/3900 [=========================>....] - ETA: 0s - loss: 2.3833 - acc: 0.4034
3550/3900 [==========================>...] - ETA: 0s - loss: 2.3807 - acc: 0.4028
3610/3900 [==========================>...] - ETA: 0s - loss: 2.3786 - acc: 0.4030
3670/3900 [===========================>..] - ETA: 0s - loss: 2.3762 - acc: 0.4016
3730/3900 [===========================>..] - ETA: 0s - loss: 2.3739 - acc: 0.4005
3790/3900 [============================>.] - ETA: 0s - loss: 2.3715 - acc: 0.4011
3850/3900 [============================>.] - ETA: 0s - loss: 2.3688 - acc: 0.4010
3900/3900 [==============================] - 4s 903us/step - loss: 2.3671 - acc: 0.4008 - val_loss: 2.2782 - val_acc: 0.2323
Current time ....3.523
Train on 600 samples, validate on 86 samples
Epoch 1/1

 10/600 [..............................] - ETA: 0s - loss: 0.3351 - acc: 1.0000
 70/600 [==>...........................] - ETA: 0s - loss: 0.4474 - acc: 0.9429
130/600 [=====>........................] - ETA: 0s - loss: 0.4457 - acc: 0.9615
190/600 [========>.....................] - ETA: 0s - loss: 0.4409 - acc: 0.9632
250/600 [===========>..................] - ETA: 0s - loss: 0.4394 - acc: 0.9640
310/600 [==============>...............] - ETA: 0s - loss: 0.4356 - acc: 0.9677
370/600 [=================>............] - ETA: 0s - loss: 0.4302 - acc: 0.9703
430/600 [====================>.........] - ETA: 0s - loss: 0.4189 - acc: 0.9744
490/600 [=======================>......] - ETA: 0s - loss: 0.4146 - acc: 0.9735
550/600 [==========================>...] - ETA: 0s - loss: 0.4093 - acc: 0.9745
600/600 [==============================] - 1s 921us/step - loss: 0.3989 - acc: 0.9767 - val_loss: 0.4262 - val_acc: 0.9070
Current time ....0.553
Train on 1200 samples, validate on 68 samples
Epoch 1/1

  10/1200 [..............................] - ETA: 1s - loss: 0.7786 - acc: 0.8000
  70/1200 [>.............................] - ETA: 1s - loss: 0.8720 - acc: 0.7000
 130/1200 [==>...........................] - ETA: 0s - loss: 0.9006 - acc: 0.7000
 190/1200 [===>..........................] - ETA: 0s - loss: 0.9019 - acc: 0.6895
 250/1200 [=====>........................] - ETA: 0s - loss: 0.9065 - acc: 0.6960
 310/1200 [======>.......................] - ETA: 0s - loss: 0.8956 - acc: 0.7032
 370/1200 [========>.....................] - ETA: 0s - loss: 0.8818 - acc: 0.7162
 430/1200 [=========>....................] - ETA: 0s - loss: 0.8788 - acc: 0.7140
 490/1200 [===========>..................] - ETA: 0s - loss: 0.8778 - acc: 0.7184
 550/1200 [============>.................] - ETA: 0s - loss: 0.8793 - acc: 0.7073
 610/1200 [==============>...............] - ETA: 0s - loss: 0.8737 - acc: 0.7016
 670/1200 [===============>..............] - ETA: 0s - loss: 0.8681 - acc: 0.7075
 730/1200 [=================>............] - ETA: 0s - loss: 0.8631 - acc: 0.7027
 790/1200 [==================>...........] - ETA: 0s - loss: 0.8575 - acc: 0.6987
 850/1200 [====================>.........] - ETA: 0s - loss: 0.8569 - acc: 0.7000
 910/1200 [=====================>........] - ETA: 0s - loss: 0.8502 - acc: 0.7022
 970/1200 [=======================>......] - ETA: 0s - loss: 0.8419 - acc: 0.7072
1030/1200 [========================>.....] - ETA: 0s - loss: 0.8354 - acc: 0.7117
1090/1200 [==========================>...] - ETA: 0s - loss: 0.8273 - acc: 0.7202
1150/1200 [===========================>..] - ETA: 0s - loss: 0.8192 - acc: 0.7252
1200/1200 [==============================] - 1s 906us/step - loss: 0.8205 - acc: 0.7233 - val_loss: 0.9741 - val_acc: 0.5735
Current time ....1.087
Train on 3900 samples, validate on 99 samples
Epoch 1/1

  10/3900 [..............................] - ETA: 3s - loss: 2.2141 - acc: 0.4000
  70/3900 [..............................] - ETA: 3s - loss: 2.2213 - acc: 0.3286
 130/3900 [>.............................] - ETA: 3s - loss: 2.1780 - acc: 0.4231
 190/3900 [>.............................] - ETA: 3s - loss: 2.1674 - acc: 0.4421
 250/3900 [>.............................] - ETA: 3s - loss: 2.1793 - acc: 0.3920
 310/3900 [=>............................] - ETA: 3s - loss: 2.1828 - acc: 0.3645
 370/3900 [=>............................] - ETA: 3s - loss: 2.1755 - acc: 0.3730
 430/3900 [==>...........................] - ETA: 3s - loss: 2.1737 - acc: 0.3698
 490/3900 [==>...........................] - ETA: 3s - loss: 2.1788 - acc: 0.3673
 550/3900 [===>..........................] - ETA: 2s - loss: 2.1748 - acc: 0.3727
 610/3900 [===>..........................] - ETA: 2s - loss: 2.1723 - acc: 0.3754
 670/3900 [====>.........................] - ETA: 2s - loss: 2.1654 - acc: 0.3776
 730/3900 [====>.........................] - ETA: 2s - loss: 2.1629 - acc: 0.3781
 790/3900 [=====>........................] - ETA: 2s - loss: 2.1563 - acc: 0.3797
 850/3900 [=====>........................] - ETA: 2s - loss: 2.1513 - acc: 0.3847
 910/3900 [======>.......................] - ETA: 2s - loss: 2.1475 - acc: 0.3758
 970/3900 [======>.......................] - ETA: 2s - loss: 2.1446 - acc: 0.3732
1030/3900 [======>.......................] - ETA: 2s - loss: 2.1364 - acc: 0.3728
1090/3900 [=======>......................] - ETA: 2s - loss: 2.1335 - acc: 0.3706
1150/3900 [=======>......................] - ETA: 2s - loss: 2.1293 - acc: 0.3678
1210/3900 [========>.....................] - ETA: 2s - loss: 2.1257 - acc: 0.3686
1270/3900 [========>.....................] - ETA: 2s - loss: 2.1228 - acc: 0.3638
1320/3900 [=========>....................] - ETA: 2s - loss: 2.1201 - acc: 0.3697
1380/3900 [=========>....................] - ETA: 2s - loss: 2.1153 - acc: 0.3630
1440/3900 [==========>...................] - ETA: 2s - loss: 2.1104 - acc: 0.3632
1500/3900 [==========>...................] - ETA: 2s - loss: 2.1061 - acc: 0.3627
1560/3900 [===========>..................] - ETA: 2s - loss: 2.1017 - acc: 0.3615
1620/3900 [===========>..................] - ETA: 2s - loss: 2.0977 - acc: 0.3611
1680/3900 [===========>..................] - ETA: 1s - loss: 2.0953 - acc: 0.3607
1740/3900 [============>.................] - ETA: 1s - loss: 2.0924 - acc: 0.3644
1800/3900 [============>.................] - ETA: 1s - loss: 2.0898 - acc: 0.3617
1860/3900 [=============>................] - ETA: 1s - loss: 2.0853 - acc: 0.3672
1920/3900 [=============>................] - ETA: 1s - loss: 2.0837 - acc: 0.3693
1980/3900 [==============>...............] - ETA: 1s - loss: 2.0808 - acc: 0.3682
2040/3900 [==============>...............] - ETA: 1s - loss: 2.0780 - acc: 0.3721
2100/3900 [===============>..............] - ETA: 1s - loss: 2.0746 - acc: 0.3695
2160/3900 [===============>..............] - ETA: 1s - loss: 2.0709 - acc: 0.3713
2220/3900 [================>.............] - ETA: 1s - loss: 2.0662 - acc: 0.3748
2280/3900 [================>.............] - ETA: 1s - loss: 2.0620 - acc: 0.3746
2340/3900 [=================>............] - ETA: 1s - loss: 2.0596 - acc: 0.3709
2400/3900 [=================>............] - ETA: 1s - loss: 2.0572 - acc: 0.3696
2460/3900 [=================>............] - ETA: 1s - loss: 2.0541 - acc: 0.3691
2520/3900 [==================>...........] - ETA: 1s - loss: 2.0521 - acc: 0.3690
2570/3900 [==================>...........] - ETA: 1s - loss: 2.0483 - acc: 0.3724
2630/3900 [===================>..........] - ETA: 1s - loss: 2.0479 - acc: 0.3703
2690/3900 [===================>..........] - ETA: 1s - loss: 2.0428 - acc: 0.3732
2750/3900 [====================>.........] - ETA: 1s - loss: 2.0409 - acc: 0.3742
2810/3900 [====================>.........] - ETA: 0s - loss: 2.0372 - acc: 0.3779
2870/3900 [=====================>........] - ETA: 0s - loss: 2.0345 - acc: 0.3787
2930/3900 [=====================>........] - ETA: 0s - loss: 2.0328 - acc: 0.3795
2990/3900 [======================>.......] - ETA: 0s - loss: 2.0298 - acc: 0.3789
3050/3900 [======================>.......] - ETA: 0s - loss: 2.0267 - acc: 0.3800
3110/3900 [======================>.......] - ETA: 0s - loss: 2.0245 - acc: 0.3797
3170/3900 [=======================>......] - ETA: 0s - loss: 2.0226 - acc: 0.3792
3230/3900 [=======================>......] - ETA: 0s - loss: 2.0206 - acc: 0.3789
3290/3900 [========================>.....] - ETA: 0s - loss: 2.0196 - acc: 0.3790
3350/3900 [========================>.....] - ETA: 0s - loss: 2.0165 - acc: 0.3809
3410/3900 [=========================>....] - ETA: 0s - loss: 2.0135 - acc: 0.3824
3470/3900 [=========================>....] - ETA: 0s - loss: 2.0111 - acc: 0.3836
3530/3900 [==========================>...] - ETA: 0s - loss: 2.0073 - acc: 0.3867
3590/3900 [==========================>...] - ETA: 0s - loss: 2.0050 - acc: 0.3875
3650/3900 [===========================>..] - ETA: 0s - loss: 2.0028 - acc: 0.3868
3710/3900 [===========================>..] - ETA: 0s - loss: 2.0013 - acc: 0.3881
3770/3900 [============================>.] - ETA: 0s - loss: 1.9995 - acc: 0.3891
3830/3900 [============================>.] - ETA: 0s - loss: 1.9974 - acc: 0.3903
3890/3900 [============================>.] - ETA: 0s - loss: 1.9947 - acc: 0.3923
3900/3900 [==============================] - 4s 903us/step - loss: 1.9941 - acc: 0.3931 - val_loss: 1.9824 - val_acc: 0.2929
Current time ....3.524
Train on 600 samples, validate on 86 samples
Epoch 1/1

 10/600 [..............................] - ETA: 0s - loss: 0.2787 - acc: 1.0000
 70/600 [==>...........................] - ETA: 0s - loss: 0.2793 - acc: 0.9714
130/600 [=====>........................] - ETA: 0s - loss: 0.2740 - acc: 0.9846
190/600 [========>.....................] - ETA: 0s - loss: 0.2833 - acc: 0.9789
250/600 [===========>..................] - ETA: 0s - loss: 0.2794 - acc: 0.9760
310/600 [==============>...............] - ETA: 0s - loss: 0.2812 - acc: 0.9806
370/600 [=================>............] - ETA: 0s - loss: 0.2696 - acc: 0.9811
430/600 [====================>.........] - ETA: 0s - loss: 0.2729 - acc: 0.9791
490/600 [=======================>......] - ETA: 0s - loss: 0.2687 - acc: 0.9796
550/600 [==========================>...] - ETA: 0s - loss: 0.2611 - acc: 0.9818
600/600 [==============================] - 1s 917us/step - loss: 0.2581 - acc: 0.9833 - val_loss: 0.3899 - val_acc: 0.9070
Current time ....0.550
Train on 1200 samples, validate on 68 samples
Epoch 1/1

  10/1200 [..............................] - ETA: 1s - loss: 0.5161 - acc: 0.9000
  70/1200 [>.............................] - ETA: 1s - loss: 0.6310 - acc: 0.8143
 130/1200 [==>...........................] - ETA: 0s - loss: 0.6455 - acc: 0.8154
 190/1200 [===>..........................] - ETA: 0s - loss: 0.6717 - acc: 0.8158
 250/1200 [=====>........................] - ETA: 0s - loss: 0.6544 - acc: 0.8200
 310/1200 [======>.......................] - ETA: 0s - loss: 0.6409 - acc: 0.8194
 370/1200 [========>.....................] - ETA: 0s - loss: 0.6464 - acc: 0.8054
 430/1200 [=========>....................] - ETA: 0s - loss: 0.6427 - acc: 0.8047
 490/1200 [===========>..................] - ETA: 0s - loss: 0.6372 - acc: 0.8061
 550/1200 [============>.................] - ETA: 0s - loss: 0.6362 - acc: 0.8091
 610/1200 [==============>...............] - ETA: 0s - loss: 0.6360 - acc: 0.8066
 670/1200 [===============>..............] - ETA: 0s - loss: 0.6358 - acc: 0.7970
 730/1200 [=================>............] - ETA: 0s - loss: 0.6401 - acc: 0.7932
 790/1200 [==================>...........] - ETA: 0s - loss: 0.6372 - acc: 0.7962
 850/1200 [====================>.........] - ETA: 0s - loss: 0.6392 - acc: 0.7941
 910/1200 [=====================>........] - ETA: 0s - loss: 0.6368 - acc: 0.7967
 970/1200 [=======================>......] - ETA: 0s - loss: 0.6347 - acc: 0.7959
1030/1200 [========================>.....] - ETA: 0s - loss: 0.6329 - acc: 0.7942
1090/1200 [==========================>...] - ETA: 0s - loss: 0.6244 - acc: 0.7982
1150/1200 [===========================>..] - ETA: 0s - loss: 0.6186 - acc: 0.8026
1200/1200 [==============================] - 1s 896us/step - loss: 0.6186 - acc: 0.8025 - val_loss: 0.8463 - val_acc: 0.6618
Current time ....1.076
Train on 3900 samples, validate on 99 samples
Epoch 1/1

  10/3900 [..............................] - ETA: 3s - loss: 1.8967 - acc: 0.6000
  70/3900 [..............................] - ETA: 3s - loss: 1.8479 - acc: 0.5429
 130/3900 [>.............................] - ETA: 3s - loss: 1.8089 - acc: 0.4615
 190/3900 [>.............................] - ETA: 3s - loss: 1.8104 - acc: 0.4368
 250/3900 [>.............................] - ETA: 3s - loss: 1.8147 - acc: 0.4520
 310/3900 [=>............................] - ETA: 3s - loss: 1.8217 - acc: 0.4677
 370/3900 [=>............................] - ETA: 3s - loss: 1.8272 - acc: 0.4811
 430/3900 [==>...........................] - ETA: 3s - loss: 1.8165 - acc: 0.5023
 490/3900 [==>...........................] - ETA: 3s - loss: 1.8188 - acc: 0.4857
 550/3900 [===>..........................] - ETA: 3s - loss: 1.8146 - acc: 0.4873
 610/3900 [===>..........................] - ETA: 2s - loss: 1.8161 - acc: 0.4754
 670/3900 [====>.........................] - ETA: 2s - loss: 1.8169 - acc: 0.4687
 730/3900 [====>.........................] - ETA: 2s - loss: 1.8173 - acc: 0.4699
 790/3900 [=====>........................] - ETA: 2s - loss: 1.8201 - acc: 0.4582
 850/3900 [=====>........................] - ETA: 2s - loss: 1.8199 - acc: 0.4553
 910/3900 [======>.......................] - ETA: 2s - loss: 1.8156 - acc: 0.4549
 970/3900 [======>.......................] - ETA: 2s - loss: 1.8132 - acc: 0.4526
1030/3900 [======>.......................] - ETA: 2s - loss: 1.8121 - acc: 0.4456
1090/3900 [=======>......................] - ETA: 2s - loss: 1.8115 - acc: 0.4440
1150/3900 [=======>......................] - ETA: 2s - loss: 1.8104 - acc: 0.4443
1210/3900 [========>.....................] - ETA: 2s - loss: 1.8109 - acc: 0.4430
1270/3900 [========>.....................] - ETA: 2s - loss: 1.8113 - acc: 0.4394
1330/3900 [=========>....................] - ETA: 2s - loss: 1.8105 - acc: 0.4368
1390/3900 [=========>....................] - ETA: 2s - loss: 1.8088 - acc: 0.4417
1450/3900 [==========>...................] - ETA: 2s - loss: 1.8057 - acc: 0.4400
1510/3900 [==========>...................] - ETA: 2s - loss: 1.8026 - acc: 0.4404
1570/3900 [===========>..................] - ETA: 2s - loss: 1.8023 - acc: 0.4408
1630/3900 [===========>..................] - ETA: 2s - loss: 1.8030 - acc: 0.4423
1690/3900 [============>.................] - ETA: 1s - loss: 1.8031 - acc: 0.4432
1750/3900 [============>.................] - ETA: 1s - loss: 1.8019 - acc: 0.4434
1810/3900 [============>.................] - ETA: 1s - loss: 1.8010 - acc: 0.4464
1870/3900 [=============>................] - ETA: 1s - loss: 1.7991 - acc: 0.4465
1930/3900 [=============>................] - ETA: 1s - loss: 1.8007 - acc: 0.4440
1990/3900 [==============>...............] - ETA: 1s - loss: 1.7994 - acc: 0.4442
2050/3900 [==============>...............] - ETA: 1s - loss: 1.7975 - acc: 0.4439
2110/3900 [===============>..............] - ETA: 1s - loss: 1.7953 - acc: 0.4455
2170/3900 [===============>..............] - ETA: 1s - loss: 1.7955 - acc: 0.4438
2230/3900 [================>.............] - ETA: 1s - loss: 1.7928 - acc: 0.4444
2290/3900 [================>.............] - ETA: 1s - loss: 1.7893 - acc: 0.4472
2350/3900 [=================>............] - ETA: 1s - loss: 1.7888 - acc: 0.4472
2410/3900 [=================>............] - ETA: 1s - loss: 1.7875 - acc: 0.4461
2470/3900 [==================>...........] - ETA: 1s - loss: 1.7866 - acc: 0.4462
2530/3900 [==================>...........] - ETA: 1s - loss: 1.7849 - acc: 0.4458
2590/3900 [==================>...........] - ETA: 1s - loss: 1.7833 - acc: 0.4440
2650/3900 [===================>..........] - ETA: 1s - loss: 1.7819 - acc: 0.4438
2710/3900 [===================>..........] - ETA: 1s - loss: 1.7820 - acc: 0.4428
2770/3900 [====================>.........] - ETA: 1s - loss: 1.7809 - acc: 0.4430
2830/3900 [====================>.........] - ETA: 0s - loss: 1.7783 - acc: 0.4459
2890/3900 [=====================>........] - ETA: 0s - loss: 1.7771 - acc: 0.4464
2950/3900 [=====================>........] - ETA: 0s - loss: 1.7750 - acc: 0.4492
3010/3900 [======================>.......] - ETA: 0s - loss: 1.7741 - acc: 0.4502
3070/3900 [======================>.......] - ETA: 0s - loss: 1.7722 - acc: 0.4515
3130/3900 [=======================>......] - ETA: 0s - loss: 1.7693 - acc: 0.4530
3190/3900 [=======================>......] - ETA: 0s - loss: 1.7681 - acc: 0.4511
3250/3900 [========================>.....] - ETA: 0s - loss: 1.7663 - acc: 0.4523
3310/3900 [========================>.....] - ETA: 0s - loss: 1.7658 - acc: 0.4508
3360/3900 [========================>.....] - ETA: 0s - loss: 1.7643 - acc: 0.4530
3420/3900 [=========================>....] - ETA: 0s - loss: 1.7615 - acc: 0.4544
3480/3900 [=========================>....] - ETA: 0s - loss: 1.7599 - acc: 0.4557
3540/3900 [==========================>...] - ETA: 0s - loss: 1.7583 - acc: 0.4568
3600/3900 [==========================>...] - ETA: 0s - loss: 1.7573 - acc: 0.4564
3660/3900 [===========================>..] - ETA: 0s - loss: 1.7553 - acc: 0.4582
3720/3900 [===========================>..] - ETA: 0s - loss: 1.7549 - acc: 0.4578
3780/3900 [============================>.] - ETA: 0s - loss: 1.7529 - acc: 0.4585
3840/3900 [============================>.] - ETA: 0s - loss: 1.7512 - acc: 0.4586
3900/3900 [==============================] - 4s 907us/step - loss: 1.7487 - acc: 0.4577 - val_loss: 1.9200 - val_acc: 0.2020
Current time ....3.536
Train on 600 samples, validate on 86 samples
Epoch 1/1

 10/600 [..............................] - ETA: 0s - loss: 0.1692 - acc: 1.0000
 70/600 [==>...........................] - ETA: 0s - loss: 0.1981 - acc: 0.9714
130/600 [=====>........................] - ETA: 0s - loss: 0.1864 - acc: 0.9846
190/600 [========>.....................] - ETA: 0s - loss: 0.1835 - acc: 0.9895
250/600 [===========>..................] - ETA: 0s - loss: 0.1806 - acc: 0.9840
310/600 [==============>...............] - ETA: 0s - loss: 0.1860 - acc: 0.9839
370/600 [=================>............] - ETA: 0s - loss: 0.1837 - acc: 0.9838
430/600 [====================>.........] - ETA: 0s - loss: 0.1733 - acc: 0.9860
490/600 [=======================>......] - ETA: 0s - loss: 0.1692 - acc: 0.9857
550/600 [==========================>...] - ETA: 0s - loss: 0.1668 - acc: 0.9873
600/600 [==============================] - 1s 928us/step - loss: 0.1617 - acc: 0.9867 - val_loss: 0.3902 - val_acc: 0.9070
Current time ....0.557
Train on 1200 samples, validate on 68 samples
Epoch 1/1

  10/1200 [..............................] - ETA: 1s - loss: 0.5070 - acc: 1.0000
  70/1200 [>.............................] - ETA: 1s - loss: 0.5658 - acc: 0.8714
 130/1200 [==>...........................] - ETA: 0s - loss: 0.5410 - acc: 0.8385
 190/1200 [===>..........................] - ETA: 0s - loss: 0.5366 - acc: 0.8474
 250/1200 [=====>........................] - ETA: 0s - loss: 0.5278 - acc: 0.8560
 310/1200 [======>.......................] - ETA: 0s - loss: 0.5171 - acc: 0.8581
 370/1200 [========>.....................] - ETA: 0s - loss: 0.5143 - acc: 0.8541
 430/1200 [=========>....................] - ETA: 0s - loss: 0.5075 - acc: 0.8488
 490/1200 [===========>..................] - ETA: 0s - loss: 0.5039 - acc: 0.8531
 550/1200 [============>.................] - ETA: 0s - loss: 0.4972 - acc: 0.8582
 610/1200 [==============>...............] - ETA: 0s - loss: 0.4930 - acc: 0.8590
 670/1200 [===============>..............] - ETA: 0s - loss: 0.4910 - acc: 0.8582
 730/1200 [=================>............] - ETA: 0s - loss: 0.4857 - acc: 0.8575
 790/1200 [==================>...........] - ETA: 0s - loss: 0.4785 - acc: 0.8633
 850/1200 [====================>.........] - ETA: 0s - loss: 0.4722 - acc: 0.8635
 910/1200 [=====================>........] - ETA: 0s - loss: 0.4693 - acc: 0.8637
 970/1200 [=======================>......] - ETA: 0s - loss: 0.4630 - acc: 0.8670
1030/1200 [========================>.....] - ETA: 0s - loss: 0.4625 - acc: 0.8631
1090/1200 [==========================>...] - ETA: 0s - loss: 0.4584 - acc: 0.8642
1150/1200 [===========================>..] - ETA: 0s - loss: 0.4537 - acc: 0.8678
1200/1200 [==============================] - 1s 905us/step - loss: 0.4503 - acc: 0.8683 - val_loss: 0.7298 - val_acc: 0.6912
Current time ....1.086
Train on 3900 samples, validate on 99 samples
Epoch 1/1

  10/3900 [..............................] - ETA: 3s - loss: 1.6971 - acc: 0.4000
  70/3900 [..............................] - ETA: 3s - loss: 1.5809 - acc: 0.5143
 130/3900 [>.............................] - ETA: 3s - loss: 1.6170 - acc: 0.4846
 190/3900 [>.............................] - ETA: 3s - loss: 1.6042 - acc: 0.4895
 250/3900 [>.............................] - ETA: 3s - loss: 1.6153 - acc: 0.4600
 310/3900 [=>............................] - ETA: 3s - loss: 1.6283 - acc: 0.4484
 370/3900 [=>............................] - ETA: 3s - loss: 1.6451 - acc: 0.4432
 430/3900 [==>...........................] - ETA: 3s - loss: 1.6226 - acc: 0.4512
 490/3900 [==>...........................] - ETA: 3s - loss: 1.6357 - acc: 0.4449
 550/3900 [===>..........................] - ETA: 3s - loss: 1.6302 - acc: 0.4455
 610/3900 [===>..........................] - ETA: 2s - loss: 1.6312 - acc: 0.4492
 670/3900 [====>.........................] - ETA: 2s - loss: 1.6432 - acc: 0.4448
 730/3900 [====>.........................] - ETA: 2s - loss: 1.6449 - acc: 0.4479
 790/3900 [=====>........................] - ETA: 2s - loss: 1.6403 - acc: 0.4494
 850/3900 [=====>........................] - ETA: 2s - loss: 1.6367 - acc: 0.4553
 910/3900 [======>.......................] - ETA: 2s - loss: 1.6305 - acc: 0.4604
 970/3900 [======>.......................] - ETA: 2s - loss: 1.6324 - acc: 0.4629
1030/3900 [======>.......................] - ETA: 2s - loss: 1.6347 - acc: 0.4641
1090/3900 [=======>......................] - ETA: 2s - loss: 1.6319 - acc: 0.4651
1150/3900 [=======>......................] - ETA: 2s - loss: 1.6332 - acc: 0.4635
1210/3900 [========>.....................] - ETA: 2s - loss: 1.6299 - acc: 0.4669
1270/3900 [========>.....................] - ETA: 2s - loss: 1.6230 - acc: 0.4717
1330/3900 [=========>....................] - ETA: 2s - loss: 1.6216 - acc: 0.4707
1390/3900 [=========>....................] - ETA: 2s - loss: 1.6212 - acc: 0.4734
1450/3900 [==========>...................] - ETA: 2s - loss: 1.6149 - acc: 0.4779
1510/3900 [==========>...................] - ETA: 2s - loss: 1.6103 - acc: 0.4808
1570/3900 [===========>..................] - ETA: 2s - loss: 1.6115 - acc: 0.4790
1630/3900 [===========>..................] - ETA: 2s - loss: 1.6124 - acc: 0.4798
1690/3900 [============>.................] - ETA: 1s - loss: 1.6089 - acc: 0.4805
1750/3900 [============>.................] - ETA: 1s - loss: 1.6073 - acc: 0.4811
1810/3900 [============>.................] - ETA: 1s - loss: 1.6071 - acc: 0.4790
1870/3900 [=============>................] - ETA: 1s - loss: 1.6052 - acc: 0.4786
1930/3900 [=============>................] - ETA: 1s - loss: 1.6035 - acc: 0.4824
1990/3900 [==============>...............] - ETA: 1s - loss: 1.6022 - acc: 0.4834
2050/3900 [==============>...............] - ETA: 1s - loss: 1.5977 - acc: 0.4868
2110/3900 [===============>..............] - ETA: 1s - loss: 1.5960 - acc: 0.4891
2170/3900 [===============>..............] - ETA: 1s - loss: 1.5921 - acc: 0.4917
2230/3900 [================>.............] - ETA: 1s - loss: 1.5901 - acc: 0.4919
2290/3900 [================>.............] - ETA: 1s - loss: 1.5897 - acc: 0.4917
2350/3900 [=================>............] - ETA: 1s - loss: 1.5903 - acc: 0.4915
2410/3900 [=================>............] - ETA: 1s - loss: 1.5865 - acc: 0.4925
2470/3900 [==================>...........] - ETA: 1s - loss: 1.5848 - acc: 0.4927
2530/3900 [==================>...........] - ETA: 1s - loss: 1.5856 - acc: 0.4937
2590/3900 [==================>...........] - ETA: 1s - loss: 1.5849 - acc: 0.4942
2650/3900 [===================>..........] - ETA: 1s - loss: 1.5799 - acc: 0.4962
2710/3900 [===================>..........] - ETA: 1s - loss: 1.5775 - acc: 0.4970
2770/3900 [====================>.........] - ETA: 1s - loss: 1.5783 - acc: 0.4964
2830/3900 [====================>.........] - ETA: 0s - loss: 1.5775 - acc: 0.4975
2890/3900 [=====================>........] - ETA: 0s - loss: 1.5784 - acc: 0.4962
2950/3900 [=====================>........] - ETA: 0s - loss: 1.5766 - acc: 0.4980
3010/3900 [======================>.......] - ETA: 0s - loss: 1.5753 - acc: 0.4987
3070/3900 [======================>.......] - ETA: 0s - loss: 1.5719 - acc: 0.5023
3130/3900 [=======================>......] - ETA: 0s - loss: 1.5706 - acc: 0.5029
3190/3900 [=======================>......] - ETA: 0s - loss: 1.5691 - acc: 0.5041
3250/3900 [========================>.....] - ETA: 0s - loss: 1.5700 - acc: 0.5037
3310/3900 [========================>.....] - ETA: 0s - loss: 1.5681 - acc: 0.5048
3370/3900 [========================>.....] - ETA: 0s - loss: 1.5648 - acc: 0.5059
3430/3900 [=========================>....] - ETA: 0s - loss: 1.5628 - acc: 0.5067
3490/3900 [=========================>....] - ETA: 0s - loss: 1.5610 - acc: 0.5077
3550/3900 [==========================>...] - ETA: 0s - loss: 1.5591 - acc: 0.5090
3610/3900 [==========================>...] - ETA: 0s - loss: 1.5575 - acc: 0.5105
3670/3900 [===========================>..] - ETA: 0s - loss: 1.5544 - acc: 0.5114
3730/3900 [===========================>..] - ETA: 0s - loss: 1.5508 - acc: 0.5134
3790/3900 [============================>.] - ETA: 0s - loss: 1.5495 - acc: 0.5132
3850/3900 [============================>.] - ETA: 0s - loss: 1.5482 - acc: 0.5148
3900/3900 [==============================] - 4s 903us/step - loss: 1.5478 - acc: 0.5146 - val_loss: 1.8294 - val_acc: 0.2828
Current time ....3.522
Train on 600 samples, validate on 86 samples
Epoch 1/1

 10/600 [..............................] - ETA: 0s - loss: 0.1371 - acc: 1.0000
 70/600 [==>...........................] - ETA: 0s - loss: 0.0912 - acc: 1.0000
130/600 [=====>........................] - ETA: 0s - loss: 0.1048 - acc: 0.9923
190/600 [========>.....................] - ETA: 0s - loss: 0.1199 - acc: 0.9842
250/600 [===========>..................] - ETA: 0s - loss: 0.1142 - acc: 0.9880
310/600 [==============>...............] - ETA: 0s - loss: 0.1144 - acc: 0.9871
370/600 [=================>............] - ETA: 0s - loss: 0.1158 - acc: 0.9892
430/600 [====================>.........] - ETA: 0s - loss: 0.1147 - acc: 0.9884
490/600 [=======================>......] - ETA: 0s - loss: 0.1127 - acc: 0.9878
550/600 [==========================>...] - ETA: 0s - loss: 0.1115 - acc: 0.9891
600/600 [==============================] - 1s 929us/step - loss: 0.1080 - acc: 0.9900 - val_loss: 0.4084 - val_acc: 0.9186
Current time ....0.558
Train on 1200 samples, validate on 68 samples
Epoch 1/1

  10/1200 [..............................] - ETA: 1s - loss: 0.3390 - acc: 1.0000
  70/1200 [>.............................] - ETA: 1s - loss: 0.3145 - acc: 0.9429
 130/1200 [==>...........................] - ETA: 0s - loss: 0.3089 - acc: 0.9385
 190/1200 [===>..........................] - ETA: 0s - loss: 0.3274 - acc: 0.9263
 250/1200 [=====>........................] - ETA: 0s - loss: 0.3370 - acc: 0.9280
 310/1200 [======>.......................] - ETA: 0s - loss: 0.3319 - acc: 0.9290
 370/1200 [========>.....................] - ETA: 0s - loss: 0.3290 - acc: 0.9324
 430/1200 [=========>....................] - ETA: 0s - loss: 0.3345 - acc: 0.9279
 490/1200 [===========>..................] - ETA: 0s - loss: 0.3333 - acc: 0.9286
 550/1200 [============>.................] - ETA: 0s - loss: 0.3342 - acc: 0.9236
 610/1200 [==============>...............] - ETA: 0s - loss: 0.3302 - acc: 0.9230
 670/1200 [===============>..............] - ETA: 0s - loss: 0.3297 - acc: 0.9224
 730/1200 [=================>............] - ETA: 0s - loss: 0.3392 - acc: 0.9178
 790/1200 [==================>...........] - ETA: 0s - loss: 0.3350 - acc: 0.9215
 850/1200 [====================>.........] - ETA: 0s - loss: 0.3327 - acc: 0.9224
 910/1200 [=====================>........] - ETA: 0s - loss: 0.3297 - acc: 0.9253
 970/1200 [=======================>......] - ETA: 0s - loss: 0.3317 - acc: 0.9247
1030/1200 [========================>.....] - ETA: 0s - loss: 0.3273 - acc: 0.9252
1090/1200 [==========================>...] - ETA: 0s - loss: 0.3256 - acc: 0.9257
1150/1200 [===========================>..] - ETA: 0s - loss: 0.3211 - acc: 0.9278
1200/1200 [==============================] - 1s 905us/step - loss: 0.3215 - acc: 0.9275 - val_loss: 0.8197 - val_acc: 0.6912
Current time ....1.086
Train on 3900 samples, validate on 99 samples
Epoch 1/1

  10/3900 [..............................] - ETA: 3s - loss: 1.3560 - acc: 0.9000
  70/3900 [..............................] - ETA: 3s - loss: 1.4279 - acc: 0.5571
 130/3900 [>.............................] - ETA: 3s - loss: 1.4290 - acc: 0.5923
 190/3900 [>.............................] - ETA: 3s - loss: 1.4418 - acc: 0.5579
 250/3900 [>.............................] - ETA: 3s - loss: 1.4312 - acc: 0.5640
 310/3900 [=>............................] - ETA: 3s - loss: 1.4068 - acc: 0.5839
 370/3900 [=>............................] - ETA: 3s - loss: 1.4083 - acc: 0.5811
 430/3900 [==>...........................] - ETA: 3s - loss: 1.4082 - acc: 0.5744
 490/3900 [==>...........................] - ETA: 3s - loss: 1.4172 - acc: 0.5735
 550/3900 [===>..........................] - ETA: 2s - loss: 1.4147 - acc: 0.5727
 610/3900 [===>..........................] - ETA: 2s - loss: 1.4158 - acc: 0.5754
 670/3900 [====>.........................] - ETA: 2s - loss: 1.4193 - acc: 0.5701
 730/3900 [====>.........................] - ETA: 2s - loss: 1.4219 - acc: 0.5671
 790/3900 [=====>........................] - ETA: 2s - loss: 1.4268 - acc: 0.5570
 850/3900 [=====>........................] - ETA: 2s - loss: 1.4318 - acc: 0.5541
 910/3900 [======>.......................] - ETA: 2s - loss: 1.4255 - acc: 0.5615
 970/3900 [======>.......................] - ETA: 2s - loss: 1.4208 - acc: 0.5680
1030/3900 [======>.......................] - ETA: 2s - loss: 1.4192 - acc: 0.5699
1090/3900 [=======>......................] - ETA: 2s - loss: 1.4226 - acc: 0.5670
1150/3900 [=======>......................] - ETA: 2s - loss: 1.4309 - acc: 0.5626
1210/3900 [========>.....................] - ETA: 2s - loss: 1.4256 - acc: 0.5661
1270/3900 [========>.....................] - ETA: 2s - loss: 1.4252 - acc: 0.5677
1330/3900 [=========>....................] - ETA: 2s - loss: 1.4189 - acc: 0.5714
1390/3900 [=========>....................] - ETA: 2s - loss: 1.4098 - acc: 0.5763
1450/3900 [==========>...................] - ETA: 2s - loss: 1.4067 - acc: 0.5772
1510/3900 [==========>...................] - ETA: 2s - loss: 1.4056 - acc: 0.5748
1570/3900 [===========>..................] - ETA: 2s - loss: 1.4036 - acc: 0.5726
1630/3900 [===========>..................] - ETA: 2s - loss: 1.4011 - acc: 0.5718
1690/3900 [============>.................] - ETA: 1s - loss: 1.3990 - acc: 0.5704
1750/3900 [============>.................] - ETA: 1s - loss: 1.4034 - acc: 0.5674
1810/3900 [============>.................] - ETA: 1s - loss: 1.4016 - acc: 0.5680
1870/3900 [=============>................] - ETA: 1s - loss: 1.3956 - acc: 0.5701
1930/3900 [=============>................] - ETA: 1s - loss: 1.3895 - acc: 0.5731
1980/3900 [==============>...............] - ETA: 1s - loss: 1.3854 - acc: 0.5737
2040/3900 [==============>...............] - ETA: 1s - loss: 1.3834 - acc: 0.5725
2100/3900 [===============>..............] - ETA: 1s - loss: 1.3842 - acc: 0.5729
2160/3900 [===============>..............] - ETA: 1s - loss: 1.3792 - acc: 0.5759
2220/3900 [================>.............] - ETA: 1s - loss: 1.3763 - acc: 0.5766
2280/3900 [================>.............] - ETA: 1s - loss: 1.3728 - acc: 0.5789
2340/3900 [=================>............] - ETA: 1s - loss: 1.3711 - acc: 0.5786
2400/3900 [=================>............] - ETA: 1s - loss: 1.3666 - acc: 0.5808
2460/3900 [=================>............] - ETA: 1s - loss: 1.3634 - acc: 0.5825
2520/3900 [==================>...........] - ETA: 1s - loss: 1.3607 - acc: 0.5829
2580/3900 [==================>...........] - ETA: 1s - loss: 1.3592 - acc: 0.5833
2640/3900 [===================>..........] - ETA: 1s - loss: 1.3571 - acc: 0.5848
2700/3900 [===================>..........] - ETA: 1s - loss: 1.3538 - acc: 0.5874
2760/3900 [====================>.........] - ETA: 1s - loss: 1.3508 - acc: 0.5888
2820/3900 [====================>.........] - ETA: 0s - loss: 1.3467 - acc: 0.5901
2880/3900 [=====================>........] - ETA: 0s - loss: 1.3469 - acc: 0.5889
2940/3900 [=====================>........] - ETA: 0s - loss: 1.3440 - acc: 0.5891
3000/3900 [======================>.......] - ETA: 0s - loss: 1.3440 - acc: 0.5880
3060/3900 [======================>.......] - ETA: 0s - loss: 1.3419 - acc: 0.5892
3120/3900 [=======================>......] - ETA: 0s - loss: 1.3411 - acc: 0.5885
3180/3900 [=======================>......] - ETA: 0s - loss: 1.3391 - acc: 0.5896
3240/3900 [=======================>......] - ETA: 0s - loss: 1.3333 - acc: 0.5910
3300/3900 [========================>.....] - ETA: 0s - loss: 1.3329 - acc: 0.5903
3360/3900 [========================>.....] - ETA: 0s - loss: 1.3307 - acc: 0.5911
3420/3900 [=========================>....] - ETA: 0s - loss: 1.3265 - acc: 0.5924
3480/3900 [=========================>....] - ETA: 0s - loss: 1.3245 - acc: 0.5934
3540/3900 [==========================>...] - ETA: 0s - loss: 1.3233 - acc: 0.5946
3600/3900 [==========================>...] - ETA: 0s - loss: 1.3223 - acc: 0.5947
3660/3900 [===========================>..] - ETA: 0s - loss: 1.3180 - acc: 0.5964
3720/3900 [===========================>..] - ETA: 0s - loss: 1.3163 - acc: 0.5970
3780/3900 [============================>.] - ETA: 0s - loss: 1.3138 - acc: 0.5981
3840/3900 [============================>.] - ETA: 0s - loss: 1.3136 - acc: 0.5974
3900/3900 [==============================] - 4s 905us/step - loss: 1.3130 - acc: 0.5969 - val_loss: 1.6567 - val_acc: 0.4040
Current time ....3.529
Train on 600 samples, validate on 86 samples
Epoch 1/1

 10/600 [..............................] - ETA: 0s - loss: 0.1175 - acc: 1.0000
 70/600 [==>...........................] - ETA: 0s - loss: 0.0888 - acc: 1.0000
130/600 [=====>........................] - ETA: 0s - loss: 0.0792 - acc: 1.0000
190/600 [========>.....................] - ETA: 0s - loss: 0.0840 - acc: 0.9947
250/600 [===========>..................] - ETA: 0s - loss: 0.0778 - acc: 0.9960
310/600 [==============>...............] - ETA: 0s - loss: 0.0848 - acc: 0.9903
370/600 [=================>............] - ETA: 0s - loss: 0.0897 - acc: 0.9865
430/600 [====================>.........] - ETA: 0s - loss: 0.0877 - acc: 0.9884
490/600 [=======================>......] - ETA: 0s - loss: 0.0844 - acc: 0.9898
550/600 [==========================>...] - ETA: 0s - loss: 0.0809 - acc: 0.9909
600/600 [==============================] - 1s 918us/step - loss: 0.0793 - acc: 0.9917 - val_loss: 0.3985 - val_acc: 0.9186
Current time ....0.551
Train on 1200 samples, validate on 68 samples
Epoch 1/1

  10/1200 [..............................] - ETA: 1s - loss: 0.1391 - acc: 1.0000
  70/1200 [>.............................] - ETA: 1s - loss: 0.3045 - acc: 0.9571
 130/1200 [==>...........................] - ETA: 0s - loss: 0.3037 - acc: 0.9462
 190/1200 [===>..........................] - ETA: 0s - loss: 0.2866 - acc: 0.9474
 250/1200 [=====>........................] - ETA: 0s - loss: 0.2672 - acc: 0.9560
 310/1200 [======>.......................] - ETA: 0s - loss: 0.2694 - acc: 0.9516
 370/1200 [========>.....................] - ETA: 0s - loss: 0.2624 - acc: 0.9568
 430/1200 [=========>....................] - ETA: 0s - loss: 0.2615 - acc: 0.9535
 490/1200 [===========>..................] - ETA: 0s - loss: 0.2553 - acc: 0.9571
 550/1200 [============>.................] - ETA: 0s - loss: 0.2545 - acc: 0.9600
 610/1200 [==============>...............] - ETA: 0s - loss: 0.2543 - acc: 0.9557
 670/1200 [===============>..............] - ETA: 0s - loss: 0.2482 - acc: 0.9552
 730/1200 [=================>............] - ETA: 0s - loss: 0.2410 - acc: 0.9575
 790/1200 [==================>...........] - ETA: 0s - loss: 0.2375 - acc: 0.9570
 850/1200 [====================>.........] - ETA: 0s - loss: 0.2363 - acc: 0.9565
 910/1200 [=====================>........] - ETA: 0s - loss: 0.2351 - acc: 0.9549
 970/1200 [=======================>......] - ETA: 0s - loss: 0.2341 - acc: 0.9557
1030/1200 [========================>.....] - ETA: 0s - loss: 0.2337 - acc: 0.9563
1090/1200 [==========================>...] - ETA: 0s - loss: 0.2325 - acc: 0.9550
1150/1200 [===========================>..] - ETA: 0s - loss: 0.2339 - acc: 0.9539
1200/1200 [==============================] - 1s 905us/step - loss: 0.2339 - acc: 0.9533 - val_loss: 0.6651 - val_acc: 0.6765
Current time ....1.087
Train on 3900 samples, validate on 99 samples
Epoch 1/1

  10/3900 [..............................] - ETA: 3s - loss: 1.2179 - acc: 0.7000
  70/3900 [..............................] - ETA: 3s - loss: 1.2500 - acc: 0.6286
 130/3900 [>.............................] - ETA: 3s - loss: 1.1698 - acc: 0.6615
 190/3900 [>.............................] - ETA: 3s - loss: 1.2042 - acc: 0.6211
 250/3900 [>.............................] - ETA: 3s - loss: 1.1520 - acc: 0.6440
 310/3900 [=>............................] - ETA: 3s - loss: 1.1614 - acc: 0.6323
 370/3900 [=>............................] - ETA: 3s - loss: 1.1512 - acc: 0.6405
 430/3900 [==>...........................] - ETA: 3s - loss: 1.1498 - acc: 0.6419
 490/3900 [==>...........................] - ETA: 3s - loss: 1.1568 - acc: 0.6429
 550/3900 [===>..........................] - ETA: 2s - loss: 1.1566 - acc: 0.6473
 610/3900 [===>..........................] - ETA: 2s - loss: 1.1573 - acc: 0.6475
 670/3900 [====>.........................] - ETA: 2s - loss: 1.1661 - acc: 0.6418
 730/3900 [====>.........................] - ETA: 2s - loss: 1.1628 - acc: 0.6452
 790/3900 [=====>........................] - ETA: 2s - loss: 1.1560 - acc: 0.6519
 850/3900 [=====>........................] - ETA: 2s - loss: 1.1462 - acc: 0.6541
 910/3900 [======>.......................] - ETA: 2s - loss: 1.1393 - acc: 0.6582
 970/3900 [======>.......................] - ETA: 2s - loss: 1.1397 - acc: 0.6546
1030/3900 [======>.......................] - ETA: 2s - loss: 1.1306 - acc: 0.6602
1090/3900 [=======>......................] - ETA: 2s - loss: 1.1295 - acc: 0.6596
1150/3900 [=======>......................] - ETA: 2s - loss: 1.1276 - acc: 0.6557
1210/3900 [========>.....................] - ETA: 2s - loss: 1.1203 - acc: 0.6570
1270/3900 [========>.....................] - ETA: 2s - loss: 1.1184 - acc: 0.6543
1330/3900 [=========>....................] - ETA: 2s - loss: 1.1225 - acc: 0.6511
1390/3900 [=========>....................] - ETA: 2s - loss: 1.1220 - acc: 0.6518
1450/3900 [==========>...................] - ETA: 2s - loss: 1.1226 - acc: 0.6503
1510/3900 [==========>...................] - ETA: 2s - loss: 1.1217 - acc: 0.6530
1570/3900 [===========>..................] - ETA: 2s - loss: 1.1215 - acc: 0.6522
1630/3900 [===========>..................] - ETA: 2s - loss: 1.1209 - acc: 0.6515
1690/3900 [============>.................] - ETA: 1s - loss: 1.1171 - acc: 0.6538
1750/3900 [============>.................] - ETA: 1s - loss: 1.1232 - acc: 0.6497
1810/3900 [============>.................] - ETA: 1s - loss: 1.1184 - acc: 0.6508
1870/3900 [=============>................] - ETA: 1s - loss: 1.1140 - acc: 0.6556
1930/3900 [=============>................] - ETA: 1s - loss: 1.1145 - acc: 0.6565
1990/3900 [==============>...............] - ETA: 1s - loss: 1.1075 - acc: 0.6613
2050/3900 [==============>...............] - ETA: 1s - loss: 1.1070 - acc: 0.6610
2110/3900 [===============>..............] - ETA: 1s - loss: 1.1064 - acc: 0.6597
2170/3900 [===============>..............] - ETA: 1s - loss: 1.1094 - acc: 0.6571
2230/3900 [================>.............] - ETA: 1s - loss: 1.1124 - acc: 0.6543
2290/3900 [================>.............] - ETA: 1s - loss: 1.1097 - acc: 0.6568
2350/3900 [=================>............] - ETA: 1s - loss: 1.1103 - acc: 0.6574
2410/3900 [=================>............] - ETA: 1s - loss: 1.1129 - acc: 0.6548
2470/3900 [==================>...........] - ETA: 1s - loss: 1.1154 - acc: 0.6543
2530/3900 [==================>...........] - ETA: 1s - loss: 1.1149 - acc: 0.6542
2590/3900 [==================>...........] - ETA: 1s - loss: 1.1127 - acc: 0.6544
2650/3900 [===================>..........] - ETA: 1s - loss: 1.1126 - acc: 0.6543
2710/3900 [===================>..........] - ETA: 1s - loss: 1.1102 - acc: 0.6557
2770/3900 [====================>.........] - ETA: 1s - loss: 1.1097 - acc: 0.6563
2830/3900 [====================>.........] - ETA: 0s - loss: 1.1094 - acc: 0.6565
2890/3900 [=====================>........] - ETA: 0s - loss: 1.1078 - acc: 0.6564
2950/3900 [=====================>........] - ETA: 0s - loss: 1.1023 - acc: 0.6583
3010/3900 [======================>.......] - ETA: 0s - loss: 1.0974 - acc: 0.6598
3070/3900 [======================>.......] - ETA: 0s - loss: 1.0979 - acc: 0.6590
3130/3900 [=======================>......] - ETA: 0s - loss: 1.0945 - acc: 0.6597
3190/3900 [=======================>......] - ETA: 0s - loss: 1.0946 - acc: 0.6602
3250/3900 [========================>.....] - ETA: 0s - loss: 1.0930 - acc: 0.6603
3310/3900 [========================>.....] - ETA: 0s - loss: 1.0946 - acc: 0.6589
3370/3900 [========================>.....] - ETA: 0s - loss: 1.0935 - acc: 0.6585
3430/3900 [=========================>....] - ETA: 0s - loss: 1.0934 - acc: 0.6589
3490/3900 [=========================>....] - ETA: 0s - loss: 1.0942 - acc: 0.6582
3550/3900 [==========================>...] - ETA: 0s - loss: 1.0947 - acc: 0.6575
3610/3900 [==========================>...] - ETA: 0s - loss: 1.0922 - acc: 0.6582
3670/3900 [===========================>..] - ETA: 0s - loss: 1.0921 - acc: 0.6572
3730/3900 [===========================>..] - ETA: 0s - loss: 1.0898 - acc: 0.6571
3790/3900 [============================>.] - ETA: 0s - loss: 1.0881 - acc: 0.6573
3850/3900 [============================>.] - ETA: 0s - loss: 1.0892 - acc: 0.6569
3900/3900 [==============================] - 4s 899us/step - loss: 1.0882 - acc: 0.6577 - val_loss: 1.6616 - val_acc: 0.4040
Current time ....3.506
Train on 600 samples, validate on 86 samples
Epoch 1/1

 10/600 [..............................] - ETA: 0s - loss: 0.0133 - acc: 1.0000
 70/600 [==>...........................] - ETA: 0s - loss: 0.0616 - acc: 0.9857
130/600 [=====>........................] - ETA: 0s - loss: 0.0604 - acc: 0.9769
190/600 [========>.....................] - ETA: 0s - loss: 0.0664 - acc: 0.9842
250/600 [===========>..................] - ETA: 0s - loss: 0.0697 - acc: 0.9800
310/600 [==============>...............] - ETA: 0s - loss: 0.0675 - acc: 0.9839
370/600 [=================>............] - ETA: 0s - loss: 0.0641 - acc: 0.9865
430/600 [====================>.........] - ETA: 0s - loss: 0.0623 - acc: 0.9884
490/600 [=======================>......] - ETA: 0s - loss: 0.0605 - acc: 0.9898
550/600 [==========================>...] - ETA: 0s - loss: 0.0574 - acc: 0.9909
600/600 [==============================] - 1s 924us/step - loss: 0.0583 - acc: 0.9917 - val_loss: 0.4539 - val_acc: 0.9186
Current time ....0.554
Train on 1200 samples, validate on 68 samples
Epoch 1/1

  10/1200 [..............................] - ETA: 1s - loss: 0.1219 - acc: 1.0000
  70/1200 [>.............................] - ETA: 0s - loss: 0.1570 - acc: 0.9714
 130/1200 [==>...........................] - ETA: 0s - loss: 0.1468 - acc: 0.9692
 190/1200 [===>..........................] - ETA: 0s - loss: 0.1500 - acc: 0.9737
 250/1200 [=====>........................] - ETA: 0s - loss: 0.1463 - acc: 0.9800
 310/1200 [======>.......................] - ETA: 0s - loss: 0.1524 - acc: 0.9806
 370/1200 [========>.....................] - ETA: 0s - loss: 0.1555 - acc: 0.9784
 430/1200 [=========>....................] - ETA: 0s - loss: 0.1586 - acc: 0.9744
 490/1200 [===========>..................] - ETA: 0s - loss: 0.1606 - acc: 0.9714
 550/1200 [============>.................] - ETA: 0s - loss: 0.1584 - acc: 0.9727
 610/1200 [==============>...............] - ETA: 0s - loss: 0.1566 - acc: 0.9754
 670/1200 [===============>..............] - ETA: 0s - loss: 0.1585 - acc: 0.9746
 730/1200 [=================>............] - ETA: 0s - loss: 0.1586 - acc: 0.9753
 790/1200 [==================>...........] - ETA: 0s - loss: 0.1731 - acc: 0.9658
 850/1200 [====================>.........] - ETA: 0s - loss: 0.1731 - acc: 0.9671
 910/1200 [=====================>........] - ETA: 0s - loss: 0.1695 - acc: 0.9681
 970/1200 [=======================>......] - ETA: 0s - loss: 0.1698 - acc: 0.9691
1030/1200 [========================>.....] - ETA: 0s - loss: 0.1689 - acc: 0.9680
1090/1200 [==========================>...] - ETA: 0s - loss: 0.1689 - acc: 0.9670
1150/1200 [===========================>..] - ETA: 0s - loss: 0.1708 - acc: 0.9670
1200/1200 [==============================] - 1s 903us/step - loss: 0.1712 - acc: 0.9675 - val_loss: 0.8633 - val_acc: 0.6471
Current time ....1.084
Train on 3900 samples, validate on 99 samples
Epoch 1/1

  10/3900 [..............................] - ETA: 3s - loss: 0.9162 - acc: 0.8000
  70/3900 [..............................] - ETA: 3s - loss: 0.9426 - acc: 0.7000
 130/3900 [>.............................] - ETA: 3s - loss: 0.9958 - acc: 0.6692
 190/3900 [>.............................] - ETA: 3s - loss: 0.9953 - acc: 0.6684
 250/3900 [>.............................] - ETA: 3s - loss: 0.9495 - acc: 0.7040
 310/3900 [=>............................] - ETA: 3s - loss: 0.9496 - acc: 0.7000
 370/3900 [=>............................] - ETA: 3s - loss: 0.9741 - acc: 0.6811
 430/3900 [==>...........................] - ETA: 3s - loss: 0.9901 - acc: 0.6837
 490/3900 [==>...........................] - ETA: 3s - loss: 0.9746 - acc: 0.7000
 550/3900 [===>..........................] - ETA: 2s - loss: 0.9580 - acc: 0.7127
 610/3900 [===>..........................] - ETA: 2s - loss: 0.9523 - acc: 0.7148
 670/3900 [====>.........................] - ETA: 2s - loss: 0.9357 - acc: 0.7254
 730/3900 [====>.........................] - ETA: 2s - loss: 0.9322 - acc: 0.7274
 790/3900 [=====>........................] - ETA: 2s - loss: 0.9426 - acc: 0.7215
 850/3900 [=====>........................] - ETA: 2s - loss: 0.9449 - acc: 0.7247
 910/3900 [======>.......................] - ETA: 2s - loss: 0.9341 - acc: 0.7286
 970/3900 [======>.......................] - ETA: 2s - loss: 0.9341 - acc: 0.7227
1030/3900 [======>.......................] - ETA: 2s - loss: 0.9325 - acc: 0.7214
1090/3900 [=======>......................] - ETA: 2s - loss: 0.9293 - acc: 0.7229
1150/3900 [=======>......................] - ETA: 2s - loss: 0.9243 - acc: 0.7243
1210/3900 [========>.....................] - ETA: 2s - loss: 0.9233 - acc: 0.7281
1270/3900 [========>.....................] - ETA: 2s - loss: 0.9225 - acc: 0.7260
1330/3900 [=========>....................] - ETA: 2s - loss: 0.9239 - acc: 0.7241
1390/3900 [=========>....................] - ETA: 2s - loss: 0.9207 - acc: 0.7259
1450/3900 [==========>...................] - ETA: 2s - loss: 0.9221 - acc: 0.7262
1510/3900 [==========>...................] - ETA: 2s - loss: 0.9206 - acc: 0.7265
1570/3900 [===========>..................] - ETA: 2s - loss: 0.9225 - acc: 0.7248
1630/3900 [===========>..................] - ETA: 2s - loss: 0.9193 - acc: 0.7264
1690/3900 [============>.................] - ETA: 1s - loss: 0.9178 - acc: 0.7266
1750/3900 [============>.................] - ETA: 1s - loss: 0.9169 - acc: 0.7269
1810/3900 [============>.................] - ETA: 1s - loss: 0.9160 - acc: 0.7265
1870/3900 [=============>................] - ETA: 1s - loss: 0.9128 - acc: 0.7278
1930/3900 [=============>................] - ETA: 1s - loss: 0.9149 - acc: 0.7259
1990/3900 [==============>...............] - ETA: 1s - loss: 0.9146 - acc: 0.7256
2050/3900 [==============>...............] - ETA: 1s - loss: 0.9156 - acc: 0.7254
2110/3900 [===============>..............] - ETA: 1s - loss: 0.9138 - acc: 0.7261
2170/3900 [===============>..............] - ETA: 1s - loss: 0.9158 - acc: 0.7230
2230/3900 [================>.............] - ETA: 1s - loss: 0.9141 - acc: 0.7238
2290/3900 [================>.............] - ETA: 1s - loss: 0.9135 - acc: 0.7240
2350/3900 [=================>............] - ETA: 1s - loss: 0.9118 - acc: 0.7238
2410/3900 [=================>............] - ETA: 1s - loss: 0.9102 - acc: 0.7237
2470/3900 [==================>...........] - ETA: 1s - loss: 0.9105 - acc: 0.7227
2530/3900 [==================>...........] - ETA: 1s - loss: 0.9063 - acc: 0.7245
2590/3900 [==================>...........] - ETA: 1s - loss: 0.9031 - acc: 0.7251
2650/3900 [===================>..........] - ETA: 1s - loss: 0.9020 - acc: 0.7253
2710/3900 [===================>..........] - ETA: 1s - loss: 0.9004 - acc: 0.7255
2770/3900 [====================>.........] - ETA: 1s - loss: 0.8999 - acc: 0.7249
2830/3900 [====================>.........] - ETA: 0s - loss: 0.8972 - acc: 0.7261
2890/3900 [=====================>........] - ETA: 0s - loss: 0.8972 - acc: 0.7263
2950/3900 [=====================>........] - ETA: 0s - loss: 0.8971 - acc: 0.7264
3010/3900 [======================>.......] - ETA: 0s - loss: 0.8983 - acc: 0.7256
3070/3900 [======================>.......] - ETA: 0s - loss: 0.8977 - acc: 0.7254
3130/3900 [=======================>......] - ETA: 0s - loss: 0.8965 - acc: 0.7275
3190/3900 [=======================>......] - ETA: 0s - loss: 0.8959 - acc: 0.7270
3250/3900 [========================>.....] - ETA: 0s - loss: 0.8931 - acc: 0.7283
3310/3900 [========================>.....] - ETA: 0s - loss: 0.8901 - acc: 0.7302
3370/3900 [========================>.....] - ETA: 0s - loss: 0.8879 - acc: 0.7309
3430/3900 [=========================>....] - ETA: 0s - loss: 0.8859 - acc: 0.7309
3490/3900 [=========================>....] - ETA: 0s - loss: 0.8870 - acc: 0.7289
3550/3900 [==========================>...] - ETA: 0s - loss: 0.8853 - acc: 0.7299
3610/3900 [==========================>...] - ETA: 0s - loss: 0.8838 - acc: 0.7310
3670/3900 [===========================>..] - ETA: 0s - loss: 0.8816 - acc: 0.7316
3730/3900 [===========================>..] - ETA: 0s - loss: 0.8806 - acc: 0.7314
3790/3900 [============================>.] - ETA: 0s - loss: 0.8794 - acc: 0.7309
3850/3900 [============================>.] - ETA: 0s - loss: 0.8802 - acc: 0.7299
3900/3900 [==============================] - 3s 897us/step - loss: 0.8793 - acc: 0.7308 - val_loss: 1.7090 - val_acc: 0.3636
Current time ....3.498
Train on 600 samples, validate on 86 samples
Epoch 1/1

 10/600 [..............................] - ETA: 0s - loss: 0.0301 - acc: 1.0000
 70/600 [==>...........................] - ETA: 0s - loss: 0.0343 - acc: 1.0000
130/600 [=====>........................] - ETA: 0s - loss: 0.0379 - acc: 0.9923
190/600 [========>.....................] - ETA: 0s - loss: 0.0357 - acc: 0.9947
250/600 [===========>..................] - ETA: 0s - loss: 0.0353 - acc: 0.9960
310/600 [==============>...............] - ETA: 0s - loss: 0.0363 - acc: 0.9968
370/600 [=================>............] - ETA: 0s - loss: 0.0382 - acc: 0.9973
430/600 [====================>.........] - ETA: 0s - loss: 0.0447 - acc: 0.9930
490/600 [=======================>......] - ETA: 0s - loss: 0.0445 - acc: 0.9939
550/600 [==========================>...] - ETA: 0s - loss: 0.0437 - acc: 0.9945
600/600 [==============================] - 1s 922us/step - loss: 0.0435 - acc: 0.9950 - val_loss: 0.4593 - val_acc: 0.9186
Current time ....0.554
Train on 1200 samples, validate on 68 samples
Epoch 1/1

  10/1200 [..............................] - ETA: 1s - loss: 0.1024 - acc: 1.0000
  70/1200 [>.............................] - ETA: 0s - loss: 0.1308 - acc: 0.9714
 130/1200 [==>...........................] - ETA: 0s - loss: 0.1328 - acc: 0.9692
 190/1200 [===>..........................] - ETA: 0s - loss: 0.1313 - acc: 0.9789
 250/1200 [=====>........................] - ETA: 0s - loss: 0.1342 - acc: 0.9760
 310/1200 [======>.......................] - ETA: 0s - loss: 0.1398 - acc: 0.9710
 370/1200 [========>.....................] - ETA: 0s - loss: 0.1394 - acc: 0.9730
 430/1200 [=========>....................] - ETA: 0s - loss: 0.1392 - acc: 0.9721
 490/1200 [===========>..................] - ETA: 0s - loss: 0.1328 - acc: 0.9755
 550/1200 [============>.................] - ETA: 0s - loss: 0.1335 - acc: 0.9745
 610/1200 [==============>...............] - ETA: 0s - loss: 0.1338 - acc: 0.9754
 670/1200 [===============>..............] - ETA: 0s - loss: 0.1323 - acc: 0.9776
 730/1200 [=================>............] - ETA: 0s - loss: 0.1276 - acc: 0.9795
 790/1200 [==================>...........] - ETA: 0s - loss: 0.1272 - acc: 0.9797
 850/1200 [====================>.........] - ETA: 0s - loss: 0.1277 - acc: 0.9788
 910/1200 [=====================>........] - ETA: 0s - loss: 0.1281 - acc: 0.9780
 970/1200 [=======================>......] - ETA: 0s - loss: 0.1288 - acc: 0.9773
1030/1200 [========================>.....] - ETA: 0s - loss: 0.1263 - acc: 0.9786
1090/1200 [==========================>...] - ETA: 0s - loss: 0.1238 - acc: 0.9798
1150/1200 [===========================>..] - ETA: 0s - loss: 0.1209 - acc: 0.9800
1200/1200 [==============================] - 1s 904us/step - loss: 0.1195 - acc: 0.9808 - val_loss: 0.7055 - val_acc: 0.7059
Current time ....1.084
Train on 3900 samples, validate on 99 samples
Epoch 1/1

  10/3900 [..............................] - ETA: 3s - loss: 0.5047 - acc: 1.0000
  70/3900 [..............................] - ETA: 3s - loss: 0.6549 - acc: 0.8429
 130/3900 [>.............................] - ETA: 3s - loss: 0.6485 - acc: 0.8308
 190/3900 [>.............................] - ETA: 3s - loss: 0.7433 - acc: 0.7895
 250/3900 [>.............................] - ETA: 3s - loss: 0.7505 - acc: 0.7840
 300/3900 [=>............................] - ETA: 3s - loss: 0.7639 - acc: 0.7767
 360/3900 [=>............................] - ETA: 3s - loss: 0.7784 - acc: 0.7556
 420/3900 [==>...........................] - ETA: 3s - loss: 0.7523 - acc: 0.7690
 480/3900 [==>...........................] - ETA: 3s - loss: 0.7575 - acc: 0.7646
 540/3900 [===>..........................] - ETA: 3s - loss: 0.7594 - acc: 0.7574
 600/3900 [===>..........................] - ETA: 2s - loss: 0.7503 - acc: 0.7600
 660/3900 [====>.........................] - ETA: 2s - loss: 0.7516 - acc: 0.7545
 720/3900 [====>.........................] - ETA: 2s - loss: 0.7538 - acc: 0.7542
 780/3900 [=====>........................] - ETA: 2s - loss: 0.7491 - acc: 0.7551
 840/3900 [=====>........................] - ETA: 2s - loss: 0.7558 - acc: 0.7524
 900/3900 [=====>........................] - ETA: 2s - loss: 0.7448 - acc: 0.7600
 960/3900 [======>.......................] - ETA: 2s - loss: 0.7433 - acc: 0.7625
1020/3900 [======>.......................] - ETA: 2s - loss: 0.7419 - acc: 0.7657
1080/3900 [=======>......................] - ETA: 2s - loss: 0.7344 - acc: 0.7694
1140/3900 [=======>......................] - ETA: 2s - loss: 0.7312 - acc: 0.7693
1200/3900 [========>.....................] - ETA: 2s - loss: 0.7374 - acc: 0.7658
1260/3900 [========>.....................] - ETA: 2s - loss: 0.7292 - acc: 0.7698
1320/3900 [=========>....................] - ETA: 2s - loss: 0.7378 - acc: 0.7644
1380/3900 [=========>....................] - ETA: 2s - loss: 0.7329 - acc: 0.7659
1440/3900 [==========>...................] - ETA: 2s - loss: 0.7366 - acc: 0.7646
1500/3900 [==========>...................] - ETA: 2s - loss: 0.7383 - acc: 0.7647
1560/3900 [===========>..................] - ETA: 2s - loss: 0.7421 - acc: 0.7647
1620/3900 [===========>..................] - ETA: 2s - loss: 0.7431 - acc: 0.7636
1680/3900 [===========>..................] - ETA: 1s - loss: 0.7458 - acc: 0.7625
1740/3900 [============>.................] - ETA: 1s - loss: 0.7481 - acc: 0.7609
1800/3900 [============>.................] - ETA: 1s - loss: 0.7459 - acc: 0.7639
1860/3900 [=============>................] - ETA: 1s - loss: 0.7444 - acc: 0.7645
1920/3900 [=============>................] - ETA: 1s - loss: 0.7408 - acc: 0.7672
1980/3900 [==============>...............] - ETA: 1s - loss: 0.7399 - acc: 0.7667
2040/3900 [==============>...............] - ETA: 1s - loss: 0.7357 - acc: 0.7672
2100/3900 [===============>..............] - ETA: 1s - loss: 0.7392 - acc: 0.7657
2160/3900 [===============>..............] - ETA: 1s - loss: 0.7374 - acc: 0.7662
2220/3900 [================>.............] - ETA: 1s - loss: 0.7370 - acc: 0.7662
2280/3900 [================>.............] - ETA: 1s - loss: 0.7354 - acc: 0.7671
2340/3900 [=================>............] - ETA: 1s - loss: 0.7344 - acc: 0.7662
2400/3900 [=================>............] - ETA: 1s - loss: 0.7342 - acc: 0.7650
2460/3900 [=================>............] - ETA: 1s - loss: 0.7317 - acc: 0.7659
2520/3900 [==================>...........] - ETA: 1s - loss: 0.7301 - acc: 0.7659
2580/3900 [==================>...........] - ETA: 1s - loss: 0.7282 - acc: 0.7663
2640/3900 [===================>..........] - ETA: 1s - loss: 0.7277 - acc: 0.7667
2700/3900 [===================>..........] - ETA: 1s - loss: 0.7261 - acc: 0.7674
2760/3900 [====================>.........] - ETA: 1s - loss: 0.7272 - acc: 0.7663
2820/3900 [====================>.........] - ETA: 0s - loss: 0.7278 - acc: 0.7660
2880/3900 [=====================>........] - ETA: 0s - loss: 0.7298 - acc: 0.7656
2940/3900 [=====================>........] - ETA: 0s - loss: 0.7263 - acc: 0.7670
3000/3900 [======================>.......] - ETA: 0s - loss: 0.7261 - acc: 0.7677
3060/3900 [======================>.......] - ETA: 0s - loss: 0.7251 - acc: 0.7676
3120/3900 [=======================>......] - ETA: 0s - loss: 0.7266 - acc: 0.7663
3180/3900 [=======================>......] - ETA: 0s - loss: 0.7282 - acc: 0.7651
3240/3900 [=======================>......] - ETA: 0s - loss: 0.7254 - acc: 0.7657
3300/3900 [========================>.....] - ETA: 0s - loss: 0.7248 - acc: 0.7648
3360/3900 [========================>.....] - ETA: 0s - loss: 0.7233 - acc: 0.7652
3420/3900 [=========================>....] - ETA: 0s - loss: 0.7250 - acc: 0.7637
3480/3900 [=========================>....] - ETA: 0s - loss: 0.7247 - acc: 0.7635
3540/3900 [==========================>...] - ETA: 0s - loss: 0.7236 - acc: 0.7627
3600/3900 [==========================>...] - ETA: 0s - loss: 0.7238 - acc: 0.7631
3660/3900 [===========================>..] - ETA: 0s - loss: 0.7230 - acc: 0.7634
3720/3900 [===========================>..] - ETA: 0s - loss: 0.7208 - acc: 0.7642
3780/3900 [============================>.] - ETA: 0s - loss: 0.7195 - acc: 0.7632
3840/3900 [============================>.] - ETA: 0s - loss: 0.7182 - acc: 0.7641
3900/3900 [==============================] - 4s 902us/step - loss: 0.7166 - acc: 0.7651 - val_loss: 1.6292 - val_acc: 0.4343
Current time ....3.517
Train on 600 samples, validate on 86 samples
Epoch 1/1

 10/600 [..............................] - ETA: 0s - loss: 0.0540 - acc: 1.0000
 70/600 [==>...........................] - ETA: 0s - loss: 0.0423 - acc: 1.0000
130/600 [=====>........................] - ETA: 0s - loss: 0.0496 - acc: 0.9923
190/600 [========>.....................] - ETA: 0s - loss: 0.0430 - acc: 0.9947
250/600 [===========>..................] - ETA: 0s - loss: 0.0393 - acc: 0.9960
310/600 [==============>...............] - ETA: 0s - loss: 0.0378 - acc: 0.9968
370/600 [=================>............] - ETA: 0s - loss: 0.0381 - acc: 0.9973
430/600 [====================>.........] - ETA: 0s - loss: 0.0378 - acc: 0.9977
490/600 [=======================>......] - ETA: 0s - loss: 0.0358 - acc: 0.9980
550/600 [==========================>...] - ETA: 0s - loss: 0.0350 - acc: 0.9982
600/600 [==============================] - 1s 928us/step - loss: 0.0355 - acc: 0.9967 - val_loss: 0.4757 - val_acc: 0.9186
Current time ....0.557
Train on 1200 samples, validate on 68 samples
Epoch 1/1

  10/1200 [..............................] - ETA: 1s - loss: 0.0404 - acc: 1.0000
  70/1200 [>.............................] - ETA: 1s - loss: 0.0612 - acc: 1.0000
 130/1200 [==>...........................] - ETA: 0s - loss: 0.0655 - acc: 0.9923
 190/1200 [===>..........................] - ETA: 0s - loss: 0.0813 - acc: 0.9895
 250/1200 [=====>........................] - ETA: 0s - loss: 0.0802 - acc: 0.9920
 310/1200 [======>.......................] - ETA: 0s - loss: 0.0810 - acc: 0.9935
 370/1200 [========>.....................] - ETA: 0s - loss: 0.0831 - acc: 0.9946
 430/1200 [=========>....................] - ETA: 0s - loss: 0.0845 - acc: 0.9953
 490/1200 [===========>..................] - ETA: 0s - loss: 0.0802 - acc: 0.9959
 550/1200 [============>.................] - ETA: 0s - loss: 0.0774 - acc: 0.9964
 610/1200 [==============>...............] - ETA: 0s - loss: 0.0805 - acc: 0.9967
 670/1200 [===============>..............] - ETA: 0s - loss: 0.0776 - acc: 0.9970
 730/1200 [=================>............] - ETA: 0s - loss: 0.0801 - acc: 0.9945
 790/1200 [==================>...........] - ETA: 0s - loss: 0.0834 - acc: 0.9924
 850/1200 [====================>.........] - ETA: 0s - loss: 0.0812 - acc: 0.9929
 910/1200 [=====================>........] - ETA: 0s - loss: 0.0824 - acc: 0.9912
 970/1200 [=======================>......] - ETA: 0s - loss: 0.0844 - acc: 0.9897
1030/1200 [========================>.....] - ETA: 0s - loss: 0.0830 - acc: 0.9903
1090/1200 [==========================>...] - ETA: 0s - loss: 0.0829 - acc: 0.9899
1150/1200 [===========================>..] - ETA: 0s - loss: 0.0829 - acc: 0.9904
1200/1200 [==============================] - 1s 909us/step - loss: 0.0821 - acc: 0.9908 - val_loss: 0.7244 - val_acc: 0.7059
Current time ....1.091

32/99 [========>.....................] - ETA: 0s
99/99 [==============================] - 0s 96us/step
In EVALUATE loss:  [1.6291599032854793, 0.4343434346444679]

32/86 [==========>...................] - ETA: 0s
86/86 [==============================] - 0s 81us/step
In EVALUATE loss:  [0.47570669512416042, 0.91860465393509971]

32/68 [=============>................] - ETA: 0s
68/68 [==============================] - 0s 100us/step
In EVALUATE loss:  [0.72437468697043028, 0.70588235294117652]
Task 1 : Primary site - Macro F1 score 0.275022485236
Task 1 : Primary site - Micro F1 score 0.434343434343
Task 2 : Tumor laterality - Macro F1 score 0.918593644354
Task 2 : Tumor laterality - Micro F1 score 0.918604651163
Task 3 : Histological grade - Macro F1 score 0.53290655885
Task 3 : Histological grade - Micro F1 score 0.705882352941
Average loss:  0.94308042846
