Importing candle utils for keras
Configuration file:  /gpfs/mira-home/apeck/Modified_Benchmarks/Pilot3/P3B1/p3b1_default_model.txt
{'activation': 'relu',
 'batch_size': 10,
 'data_url': 'ftp://ftp.mcs.anl.gov/pub/candle/public/benchmarks/P3B1/',
 'drop': 0.0,
 'epochs': 10,
 'feature_names': 'Primary site:Tumor laterality:Histological grade',
 'ind_nnet_spec': [[2400, 2400, 1200, 1200],
                   [2400, 2400, 1200, 1200],
                   [2400, 2400, 1200, 1200]],
 'initialization': 'glorot_uniform',
 'learning_rate': 0.01,
 'loss': 'categorical_crossentropy',
 'metrics': 'accuracy',
 'model_name': 'p3b1',
 'n_fold': 1,
 'optimizer': 'sgd',
 'out_activation': 'softmax',
 'output_dir': '.',
 'scaling': 'none',
 'shared_nnet_spec': [1200,
                      2400,
                      3600,
                      3600,
                      3600,
                      3600,
                      3600,
                      3600,
                      3600,
                      2400],
 'shuffle': True,
 'timeout': 1800,
 'train_data': 'P3B1_data.tar.gz'}
Params:
{'activation': 'relu',
 'batch_size': 10,
 'case': 'CenterZ',
 'data_url': 'ftp://ftp.mcs.anl.gov/pub/candle/public/benchmarks/P3B1/',
 'datatype': <class 'numpy.float32'>,
 'drop': 0.0,
 'epochs': 10,
 'experiment_id': 'EXP000',
 'feature_names': 'Primary site:Tumor laterality:Histological grade',
 'fig': False,
 'gpus': [],
 'ind_nnet_spec': [[2400, 2400, 1200, 1200],
                   [2400, 2400, 1200, 1200],
                   [2400, 2400, 1200, 1200]],
 'initialization': 'glorot_uniform',
 'learning_rate': 0.01,
 'logfile': None,
 'loss': 'categorical_crossentropy',
 'metrics': 'accuracy',
 'model_name': 'p3b1',
 'n_fold': 1,
 'optimizer': 'sgd',
 'out_activation': 'softmax',
 'output_dir': '/gpfs/mira-home/apeck/CANDLE_testing/avery_modified_results/p3_1',
 'output_files': 'result0_0.csv;result1_0.csv;result2_0.csv',
 'rng_seed': 7102,
 'run_id': 'RUN000',
 'scaling': 'none',
 'shared_nnet_spec': [1200,
                      2400,
                      3600,
                      3600,
                      3600,
                      3600,
                      3600,
                      3600,
                      3600,
                      2400],
 'shuffle': False,
 'timeout': 1800,
 'train_bool': True,
 'train_data': 'P3B1_data.tar.gz',
 'train_features': 'data/task0_0_train_feature.csv;data/task1_0_train_feature.csv;data/task2_0_train_feature.csv',
 'train_truths': 'data/task0_0_train_label.csv;data/task1_0_train_label.csv;data/task2_0_train_label.csv',
 'valid_features': 'data/task0_0_test_feature.csv;data/task1_0_test_feature.csv;data/task2_0_test_feature.csv',
 'valid_truths': 'data/task0_0_test_label.csv;data/task1_0_test_label.csv;data/task2_0_test_label.csv',
 'verbose': None}
Feature names:
Primary site
Tumor laterality
Histological grade
Model:  0
_________________________________________________________________
Layer (type)                 Output Shape              Param #   
=================================================================
input (InputLayer)           (None, 400)               0         
_________________________________________________________________
indiv_layer_0_0 (Dense)      (None, 2400)              962400    
_________________________________________________________________
indiv_layer_0_1 (Dense)      (None, 2400)              5762400   
_________________________________________________________________
indiv_layer_0_2 (Dense)      (None, 1200)              2881200   
_________________________________________________________________
indiv_layer_0_3 (Dense)      (None, 1200)              1441200   
_________________________________________________________________
out_0 (Dense)                (None, 13)                15613     
=================================================================
Total params: 11,062,813
Trainable params: 11,062,813
Non-trainable params: 0
_________________________________________________________________
Model:  1
_________________________________________________________________
Layer (type)                 Output Shape              Param #   
=================================================================
input (InputLayer)           (None, 400)               0         
_________________________________________________________________
indiv_layer_1_0 (Dense)      (None, 2400)              962400    
_________________________________________________________________
indiv_layer_1_1 (Dense)      (None, 2400)              5762400   
_________________________________________________________________
indiv_layer_1_2 (Dense)      (None, 1200)              2881200   
_________________________________________________________________
indiv_layer_1_3 (Dense)      (None, 1200)              1441200   
_________________________________________________________________
out_1 (Dense)                (None, 2)                 2402      
=================================================================
Total params: 11,049,602
Trainable params: 11,049,602
Non-trainable params: 0
_________________________________________________________________
Model:  2
_________________________________________________________________
Layer (type)                 Output Shape              Param #   
=================================================================
input (InputLayer)           (None, 400)               0         
_________________________________________________________________
indiv_layer_2_0 (Dense)      (None, 2400)              962400    
_________________________________________________________________
indiv_layer_2_1 (Dense)      (None, 2400)              5762400   
_________________________________________________________________
indiv_layer_2_2 (Dense)      (None, 1200)              2881200   
_________________________________________________________________
indiv_layer_2_3 (Dense)      (None, 1200)              1441200   
_________________________________________________________________
out_2 (Dense)                (None, 4)                 4804      
=================================================================
Total params: 11,052,004
Trainable params: 11,052,004
Non-trainable params: 0
_________________________________________________________________
Train on 3900 samples, validate on 99 samples
Epoch 1/1

  10/3900 [..............................] - ETA: 12:42 - loss: 2.5640 - acc: 0.1000
  60/3900 [..............................] - ETA: 2:09 - loss: 2.5650 - acc: 0.0500 
 110/3900 [..............................] - ETA: 1:11 - loss: 2.5651 - acc: 0.0273
 160/3900 [>.............................] - ETA: 49s - loss: 2.5652 - acc: 0.0375 
 210/3900 [>.............................] - ETA: 38s - loss: 2.5648 - acc: 0.0619
 260/3900 [=>............................] - ETA: 31s - loss: 2.5647 - acc: 0.0577
 310/3900 [=>............................] - ETA: 26s - loss: 2.5647 - acc: 0.0613
 360/3900 [=>............................] - ETA: 23s - loss: 2.5645 - acc: 0.0806
 420/3900 [==>...........................] - ETA: 19s - loss: 2.5640 - acc: 0.0810
 470/3900 [==>...........................] - ETA: 17s - loss: 2.5639 - acc: 0.0723
 530/3900 [===>..........................] - ETA: 16s - loss: 2.5636 - acc: 0.0811
 590/3900 [===>..........................] - ETA: 14s - loss: 2.5636 - acc: 0.0797
 650/3900 [====>.........................] - ETA: 13s - loss: 2.5631 - acc: 0.0923
 710/3900 [====>.........................] - ETA: 12s - loss: 2.5629 - acc: 0.0915
 770/3900 [====>.........................] - ETA: 11s - loss: 2.5625 - acc: 0.0935
 830/3900 [=====>........................] - ETA: 10s - loss: 2.5620 - acc: 0.0940
 890/3900 [=====>........................] - ETA: 9s - loss: 2.5617 - acc: 0.1022 
 950/3900 [======>.......................] - ETA: 9s - loss: 2.5614 - acc: 0.1063
1010/3900 [======>.......................] - ETA: 8s - loss: 2.5612 - acc: 0.1099
1070/3900 [=======>......................] - ETA: 7s - loss: 2.5609 - acc: 0.1159
1130/3900 [=======>......................] - ETA: 7s - loss: 2.5607 - acc: 0.1177
1190/3900 [========>.....................] - ETA: 7s - loss: 2.5605 - acc: 0.1202
1250/3900 [========>.....................] - ETA: 6s - loss: 2.5601 - acc: 0.1184
1310/3900 [=========>....................] - ETA: 6s - loss: 2.5599 - acc: 0.1160
1370/3900 [=========>....................] - ETA: 6s - loss: 2.5595 - acc: 0.1197
1430/3900 [==========>...................] - ETA: 5s - loss: 2.5594 - acc: 0.1210
1490/3900 [==========>...................] - ETA: 5s - loss: 2.5593 - acc: 0.1195
1550/3900 [==========>...................] - ETA: 5s - loss: 2.5590 - acc: 0.1194
1610/3900 [===========>..................] - ETA: 4s - loss: 2.5589 - acc: 0.1186
1670/3900 [===========>..................] - ETA: 4s - loss: 2.5587 - acc: 0.1180
1730/3900 [============>.................] - ETA: 4s - loss: 2.5583 - acc: 0.1191
1790/3900 [============>.................] - ETA: 4s - loss: 2.5581 - acc: 0.1173
1850/3900 [=============>................] - ETA: 4s - loss: 2.5580 - acc: 0.1157
1910/3900 [=============>................] - ETA: 3s - loss: 2.5575 - acc: 0.1178
1970/3900 [==============>...............] - ETA: 3s - loss: 2.5572 - acc: 0.1173
2030/3900 [==============>...............] - ETA: 3s - loss: 2.5569 - acc: 0.1182
2090/3900 [===============>..............] - ETA: 3s - loss: 2.5565 - acc: 0.1206
2150/3900 [===============>..............] - ETA: 3s - loss: 2.5563 - acc: 0.1233
2210/3900 [================>.............] - ETA: 3s - loss: 2.5562 - acc: 0.1222
2270/3900 [================>.............] - ETA: 2s - loss: 2.5560 - acc: 0.1220
2330/3900 [================>.............] - ETA: 2s - loss: 2.5557 - acc: 0.1249
2390/3900 [=================>............] - ETA: 2s - loss: 2.5555 - acc: 0.1251
2450/3900 [=================>............] - ETA: 2s - loss: 2.5554 - acc: 0.1265
2510/3900 [==================>...........] - ETA: 2s - loss: 2.5552 - acc: 0.1287
2570/3900 [==================>...........] - ETA: 2s - loss: 2.5550 - acc: 0.1307
2630/3900 [===================>..........] - ETA: 2s - loss: 2.5548 - acc: 0.1338
2690/3900 [===================>..........] - ETA: 2s - loss: 2.5545 - acc: 0.1383
2750/3900 [====================>.........] - ETA: 1s - loss: 2.5543 - acc: 0.1422
2810/3900 [====================>.........] - ETA: 1s - loss: 2.5540 - acc: 0.1473
2870/3900 [=====================>........] - ETA: 1s - loss: 2.5537 - acc: 0.1498
2930/3900 [=====================>........] - ETA: 1s - loss: 2.5534 - acc: 0.1539
2990/3900 [======================>.......] - ETA: 1s - loss: 2.5532 - acc: 0.1572
3050/3900 [======================>.......] - ETA: 1s - loss: 2.5530 - acc: 0.1590
3110/3900 [======================>.......] - ETA: 1s - loss: 2.5528 - acc: 0.1598
3170/3900 [=======================>......] - ETA: 1s - loss: 2.5526 - acc: 0.1615
3230/3900 [=======================>......] - ETA: 1s - loss: 2.5524 - acc: 0.1644
3290/3900 [========================>.....] - ETA: 0s - loss: 2.5521 - acc: 0.1675
3350/3900 [========================>.....] - ETA: 0s - loss: 2.5519 - acc: 0.1690
3410/3900 [=========================>....] - ETA: 0s - loss: 2.5517 - acc: 0.1713
3470/3900 [=========================>....] - ETA: 0s - loss: 2.5514 - acc: 0.1746
3530/3900 [==========================>...] - ETA: 0s - loss: 2.5511 - acc: 0.1796
3590/3900 [==========================>...] - ETA: 0s - loss: 2.5508 - acc: 0.1827
3650/3900 [===========================>..] - ETA: 0s - loss: 2.5505 - acc: 0.1866
3710/3900 [===========================>..] - ETA: 0s - loss: 2.5502 - acc: 0.1892
3770/3900 [============================>.] - ETA: 0s - loss: 2.5500 - acc: 0.1923
3830/3900 [============================>.] - ETA: 0s - loss: 2.5497 - acc: 0.1953
3890/3900 [============================>.] - ETA: 0s - loss: 2.5494 - acc: 0.2005
3900/3900 [==============================] - 6s 1ms/step - loss: 2.5494 - acc: 0.2015 - val_loss: 2.5456 - val_acc: 0.2121
Current time ....5.589
Train on 600 samples, validate on 86 samples
Epoch 1/1

 10/600 [..............................] - ETA: 17s - loss: 0.7203 - acc: 0.4000
 70/600 [==>...........................] - ETA: 2s - loss: 0.7017 - acc: 0.4571 
130/600 [=====>........................] - ETA: 1s - loss: 0.6987 - acc: 0.5077
190/600 [========>.....................] - ETA: 1s - loss: 0.6961 - acc: 0.5421
250/600 [===========>..................] - ETA: 0s - loss: 0.6921 - acc: 0.5800
310/600 [==============>...............] - ETA: 0s - loss: 0.6883 - acc: 0.5968
370/600 [=================>............] - ETA: 0s - loss: 0.6820 - acc: 0.6162
430/600 [====================>.........] - ETA: 0s - loss: 0.6776 - acc: 0.6442
490/600 [=======================>......] - ETA: 0s - loss: 0.6751 - acc: 0.6633
550/600 [==========================>...] - ETA: 0s - loss: 0.6717 - acc: 0.6800
600/600 [==============================] - 1s 1ms/step - loss: 0.6672 - acc: 0.6900 - val_loss: 0.6336 - val_acc: 0.8372
Current time ....0.858
Train on 1200 samples, validate on 68 samples
Epoch 1/1

  10/1200 [..............................] - ETA: 33s - loss: 1.4017 - acc: 0.2000
  70/1200 [>.............................] - ETA: 5s - loss: 1.3852 - acc: 0.2714 
 130/1200 [==>...........................] - ETA: 3s - loss: 1.3813 - acc: 0.3154
 190/1200 [===>..........................] - ETA: 2s - loss: 1.3823 - acc: 0.3211
 250/1200 [=====>........................] - ETA: 1s - loss: 1.3741 - acc: 0.3320
 310/1200 [======>.......................] - ETA: 1s - loss: 1.3687 - acc: 0.3161
 370/1200 [========>.....................] - ETA: 1s - loss: 1.3678 - acc: 0.3189
 430/1200 [=========>....................] - ETA: 1s - loss: 1.3642 - acc: 0.3372
 490/1200 [===========>..................] - ETA: 1s - loss: 1.3565 - acc: 0.3592
 550/1200 [============>.................] - ETA: 0s - loss: 1.3531 - acc: 0.3600
 610/1200 [==============>...............] - ETA: 0s - loss: 1.3490 - acc: 0.3689
 670/1200 [===============>..............] - ETA: 0s - loss: 1.3452 - acc: 0.3746
 730/1200 [=================>............] - ETA: 0s - loss: 1.3411 - acc: 0.3877
 790/1200 [==================>...........] - ETA: 0s - loss: 1.3365 - acc: 0.4101
 850/1200 [====================>.........] - ETA: 0s - loss: 1.3300 - acc: 0.4282
 910/1200 [=====================>........] - ETA: 0s - loss: 1.3207 - acc: 0.4385
 970/1200 [=======================>......] - ETA: 0s - loss: 1.3160 - acc: 0.4402
1030/1200 [========================>.....] - ETA: 0s - loss: 1.3115 - acc: 0.4427
1090/1200 [==========================>...] - ETA: 0s - loss: 1.3085 - acc: 0.4459
1150/1200 [===========================>..] - ETA: 0s - loss: 1.3036 - acc: 0.4513
1200/1200 [==============================] - 1s 1ms/step - loss: 1.2997 - acc: 0.4608 - val_loss: 1.3082 - val_acc: 0.2353
Current time ....1.363
Train on 3900 samples, validate on 99 samples
Epoch 1/1

  10/3900 [..............................] - ETA: 3s - loss: 2.5416 - acc: 0.3000
  70/3900 [..............................] - ETA: 3s - loss: 2.5316 - acc: 0.5000
 130/3900 [>.............................] - ETA: 3s - loss: 2.5303 - acc: 0.4000
 190/3900 [>.............................] - ETA: 3s - loss: 2.5293 - acc: 0.3684
 250/3900 [>.............................] - ETA: 3s - loss: 2.5283 - acc: 0.3800
 310/3900 [=>............................] - ETA: 3s - loss: 2.5288 - acc: 0.3484
 370/3900 [=>............................] - ETA: 3s - loss: 2.5276 - acc: 0.3541
 430/3900 [==>...........................] - ETA: 3s - loss: 2.5267 - acc: 0.3442
 490/3900 [==>...........................] - ETA: 3s - loss: 2.5259 - acc: 0.3469
 550/3900 [===>..........................] - ETA: 3s - loss: 2.5253 - acc: 0.3527
 610/3900 [===>..........................] - ETA: 2s - loss: 2.5250 - acc: 0.3492
 670/3900 [====>.........................] - ETA: 2s - loss: 2.5247 - acc: 0.3448
 730/3900 [====>.........................] - ETA: 2s - loss: 2.5247 - acc: 0.3356
 790/3900 [=====>........................] - ETA: 2s - loss: 2.5244 - acc: 0.3367
 850/3900 [=====>........................] - ETA: 2s - loss: 2.5240 - acc: 0.3365
 910/3900 [======>.......................] - ETA: 2s - loss: 2.5237 - acc: 0.3396
 970/3900 [======>.......................] - ETA: 2s - loss: 2.5231 - acc: 0.3392
1030/3900 [======>.......................] - ETA: 2s - loss: 2.5227 - acc: 0.3417
1090/3900 [=======>......................] - ETA: 2s - loss: 2.5223 - acc: 0.3431
1150/3900 [=======>......................] - ETA: 2s - loss: 2.5217 - acc: 0.3478
1210/3900 [========>.....................] - ETA: 2s - loss: 2.5213 - acc: 0.3488
1270/3900 [========>.....................] - ETA: 2s - loss: 2.5209 - acc: 0.3496
1330/3900 [=========>....................] - ETA: 2s - loss: 2.5203 - acc: 0.3504
1390/3900 [=========>....................] - ETA: 2s - loss: 2.5199 - acc: 0.3504
1450/3900 [==========>...................] - ETA: 2s - loss: 2.5198 - acc: 0.3462
1510/3900 [==========>...................] - ETA: 2s - loss: 2.5190 - acc: 0.3470
1570/3900 [===========>..................] - ETA: 2s - loss: 2.5187 - acc: 0.3439
1630/3900 [===========>..................] - ETA: 2s - loss: 2.5183 - acc: 0.3448
1690/3900 [============>.................] - ETA: 1s - loss: 2.5178 - acc: 0.3473
1750/3900 [============>.................] - ETA: 1s - loss: 2.5172 - acc: 0.3520
1810/3900 [============>.................] - ETA: 1s - loss: 2.5169 - acc: 0.3492
1870/3900 [=============>................] - ETA: 1s - loss: 2.5166 - acc: 0.3476
1930/3900 [=============>................] - ETA: 1s - loss: 2.5161 - acc: 0.3508
1990/3900 [==============>...............] - ETA: 1s - loss: 2.5155 - acc: 0.3533
2050/3900 [==============>...............] - ETA: 1s - loss: 2.5148 - acc: 0.3571
2110/3900 [===============>..............] - ETA: 1s - loss: 2.5142 - acc: 0.3630
2170/3900 [===============>..............] - ETA: 1s - loss: 2.5137 - acc: 0.3664
2230/3900 [================>.............] - ETA: 1s - loss: 2.5131 - acc: 0.3650
2290/3900 [================>.............] - ETA: 1s - loss: 2.5125 - acc: 0.3703
2350/3900 [=================>............] - ETA: 1s - loss: 2.5122 - acc: 0.3711
2410/3900 [=================>............] - ETA: 1s - loss: 2.5115 - acc: 0.3726
2470/3900 [==================>...........] - ETA: 1s - loss: 2.5111 - acc: 0.3741
2530/3900 [==================>...........] - ETA: 1s - loss: 2.5105 - acc: 0.3763
2590/3900 [==================>...........] - ETA: 1s - loss: 2.5099 - acc: 0.3784
2650/3900 [===================>..........] - ETA: 1s - loss: 2.5093 - acc: 0.3804
2710/3900 [===================>..........] - ETA: 1s - loss: 2.5087 - acc: 0.3823
2770/3900 [====================>.........] - ETA: 1s - loss: 2.5081 - acc: 0.3834
2830/3900 [====================>.........] - ETA: 0s - loss: 2.5075 - acc: 0.3845
2890/3900 [=====================>........] - ETA: 0s - loss: 2.5069 - acc: 0.3875
2950/3900 [=====================>........] - ETA: 0s - loss: 2.5062 - acc: 0.3878
3010/3900 [======================>.......] - ETA: 0s - loss: 2.5054 - acc: 0.3887
3070/3900 [======================>.......] - ETA: 0s - loss: 2.5047 - acc: 0.3899
3130/3900 [=======================>......] - ETA: 0s - loss: 2.5042 - acc: 0.3895
3190/3900 [=======================>......] - ETA: 0s - loss: 2.5036 - acc: 0.3897
3250/3900 [========================>.....] - ETA: 0s - loss: 2.5029 - acc: 0.3898
3310/3900 [========================>.....] - ETA: 0s - loss: 2.5023 - acc: 0.3921
3370/3900 [========================>.....] - ETA: 0s - loss: 2.5016 - acc: 0.3953
3430/3900 [=========================>....] - ETA: 0s - loss: 2.5008 - acc: 0.3971
3490/3900 [=========================>....] - ETA: 0s - loss: 2.5000 - acc: 0.3986
3550/3900 [==========================>...] - ETA: 0s - loss: 2.4994 - acc: 0.3992
3610/3900 [==========================>...] - ETA: 0s - loss: 2.4987 - acc: 0.4008
3670/3900 [===========================>..] - ETA: 0s - loss: 2.4979 - acc: 0.4038
3730/3900 [===========================>..] - ETA: 0s - loss: 2.4971 - acc: 0.4046
3790/3900 [============================>.] - ETA: 0s - loss: 2.4964 - acc: 0.4055
3850/3900 [============================>.] - ETA: 0s - loss: 2.4957 - acc: 0.4068
3900/3900 [==============================] - 4s 908us/step - loss: 2.4949 - acc: 0.4069 - val_loss: 2.4672 - val_acc: 0.3434
Current time ....3.543
Train on 600 samples, validate on 86 samples
Epoch 1/1

 10/600 [..............................] - ETA: 0s - loss: 0.6300 - acc: 1.0000
 70/600 [==>...........................] - ETA: 0s - loss: 0.6218 - acc: 0.9000
130/600 [=====>........................] - ETA: 0s - loss: 0.6075 - acc: 0.8769
190/600 [========>.....................] - ETA: 0s - loss: 0.5965 - acc: 0.8947
250/600 [===========>..................] - ETA: 0s - loss: 0.5864 - acc: 0.9120
310/600 [==============>...............] - ETA: 0s - loss: 0.5853 - acc: 0.9161
370/600 [=================>............] - ETA: 0s - loss: 0.5842 - acc: 0.9216
430/600 [====================>.........] - ETA: 0s - loss: 0.5802 - acc: 0.9186
490/600 [=======================>......] - ETA: 0s - loss: 0.5749 - acc: 0.9224
550/600 [==========================>...] - ETA: 0s - loss: 0.5675 - acc: 0.9273
600/600 [==============================] - 1s 928us/step - loss: 0.5625 - acc: 0.9250 - val_loss: 0.5463 - val_acc: 0.8372
Current time ....0.557
Train on 1200 samples, validate on 68 samples
Epoch 1/1

  10/1200 [..............................] - ETA: 1s - loss: 1.0808 - acc: 0.8000
  70/1200 [>.............................] - ETA: 1s - loss: 1.1609 - acc: 0.5571
 130/1200 [==>...........................] - ETA: 0s - loss: 1.1843 - acc: 0.5308
 190/1200 [===>..........................] - ETA: 0s - loss: 1.1736 - acc: 0.5579
 250/1200 [=====>........................] - ETA: 0s - loss: 1.1732 - acc: 0.5760
 310/1200 [======>.......................] - ETA: 0s - loss: 1.1653 - acc: 0.5871
 370/1200 [========>.....................] - ETA: 0s - loss: 1.1612 - acc: 0.5973
 430/1200 [=========>....................] - ETA: 0s - loss: 1.1523 - acc: 0.6000
 490/1200 [===========>..................] - ETA: 0s - loss: 1.1454 - acc: 0.6122
 540/1200 [============>.................] - ETA: 0s - loss: 1.1361 - acc: 0.6148
 600/1200 [==============>...............] - ETA: 0s - loss: 1.1307 - acc: 0.6167
 660/1200 [===============>..............] - ETA: 0s - loss: 1.1197 - acc: 0.6227
 720/1200 [=================>............] - ETA: 0s - loss: 1.1071 - acc: 0.6278
 780/1200 [==================>...........] - ETA: 0s - loss: 1.0985 - acc: 0.6321
 840/1200 [====================>.........] - ETA: 0s - loss: 1.0859 - acc: 0.6393
 900/1200 [=====================>........] - ETA: 0s - loss: 1.0750 - acc: 0.6367
 960/1200 [=======================>......] - ETA: 0s - loss: 1.0743 - acc: 0.6313
1020/1200 [========================>.....] - ETA: 0s - loss: 1.0747 - acc: 0.6284
1080/1200 [==========================>...] - ETA: 0s - loss: 1.0683 - acc: 0.6296
1140/1200 [===========================>..] - ETA: 0s - loss: 1.0658 - acc: 0.6289
1200/1200 [==============================] - 1s 915us/step - loss: 1.0604 - acc: 0.6292 - val_loss: 1.1701 - val_acc: 0.3971
Current time ....1.098
Train on 3900 samples, validate on 99 samples
Epoch 1/1

  10/3900 [..............................] - ETA: 3s - loss: 2.4435 - acc: 0.3000
  70/3900 [..............................] - ETA: 3s - loss: 2.4476 - acc: 0.3571
 130/3900 [>.............................] - ETA: 3s - loss: 2.4437 - acc: 0.4000
 190/3900 [>.............................] - ETA: 3s - loss: 2.4384 - acc: 0.4632
 250/3900 [>.............................] - ETA: 3s - loss: 2.4359 - acc: 0.4760
 310/3900 [=>............................] - ETA: 3s - loss: 2.4346 - acc: 0.4806
 370/3900 [=>............................] - ETA: 3s - loss: 2.4329 - acc: 0.4838
 430/3900 [==>...........................] - ETA: 3s - loss: 2.4325 - acc: 0.4767
 490/3900 [==>...........................] - ETA: 3s - loss: 2.4284 - acc: 0.4878
 550/3900 [===>..........................] - ETA: 3s - loss: 2.4270 - acc: 0.4909
 610/3900 [===>..........................] - ETA: 3s - loss: 2.4262 - acc: 0.4754
 670/3900 [====>.........................] - ETA: 2s - loss: 2.4245 - acc: 0.4701
 730/3900 [====>.........................] - ETA: 2s - loss: 2.4230 - acc: 0.4658
 790/3900 [=====>........................] - ETA: 2s - loss: 2.4213 - acc: 0.4595
 850/3900 [=====>........................] - ETA: 2s - loss: 2.4200 - acc: 0.4553
 910/3900 [======>.......................] - ETA: 2s - loss: 2.4181 - acc: 0.4538
 970/3900 [======>.......................] - ETA: 2s - loss: 2.4160 - acc: 0.4536
1030/3900 [======>.......................] - ETA: 2s - loss: 2.4133 - acc: 0.4563
1090/3900 [=======>......................] - ETA: 2s - loss: 2.4107 - acc: 0.4541
1150/3900 [=======>......................] - ETA: 2s - loss: 2.4098 - acc: 0.4478
1210/3900 [========>.....................] - ETA: 2s - loss: 2.4075 - acc: 0.4488
1270/3900 [========>.....................] - ETA: 2s - loss: 2.4048 - acc: 0.4496
1330/3900 [=========>....................] - ETA: 2s - loss: 2.4028 - acc: 0.4459
1390/3900 [=========>....................] - ETA: 2s - loss: 2.4019 - acc: 0.4367
1450/3900 [==========>...................] - ETA: 2s - loss: 2.4004 - acc: 0.4297
1510/3900 [==========>...................] - ETA: 2s - loss: 2.3984 - acc: 0.4272
1570/3900 [===========>..................] - ETA: 2s - loss: 2.3969 - acc: 0.4242
1630/3900 [===========>..................] - ETA: 2s - loss: 2.3949 - acc: 0.4209
1690/3900 [============>.................] - ETA: 2s - loss: 2.3921 - acc: 0.4231
1750/3900 [============>.................] - ETA: 1s - loss: 2.3902 - acc: 0.4200
1810/3900 [============>.................] - ETA: 1s - loss: 2.3884 - acc: 0.4138
1870/3900 [=============>................] - ETA: 1s - loss: 2.3861 - acc: 0.4144
1930/3900 [=============>................] - ETA: 1s - loss: 2.3842 - acc: 0.4119
1990/3900 [==============>...............] - ETA: 1s - loss: 2.3818 - acc: 0.4116
2050/3900 [==============>...............] - ETA: 1s - loss: 2.3795 - acc: 0.4127
2110/3900 [===============>..............] - ETA: 1s - loss: 2.3776 - acc: 0.4133
2170/3900 [===============>..............] - ETA: 1s - loss: 2.3750 - acc: 0.4138
2230/3900 [================>.............] - ETA: 1s - loss: 2.3724 - acc: 0.4121
2290/3900 [================>.............] - ETA: 1s - loss: 2.3699 - acc: 0.4114
2350/3900 [=================>............] - ETA: 1s - loss: 2.3672 - acc: 0.4119
2410/3900 [=================>............] - ETA: 1s - loss: 2.3636 - acc: 0.4141
2470/3900 [==================>...........] - ETA: 1s - loss: 2.3609 - acc: 0.4142
2530/3900 [==================>...........] - ETA: 1s - loss: 2.3587 - acc: 0.4111
2590/3900 [==================>...........] - ETA: 1s - loss: 2.3559 - acc: 0.4089
2650/3900 [===================>..........] - ETA: 1s - loss: 2.3541 - acc: 0.4045
2710/3900 [===================>..........] - ETA: 1s - loss: 2.3510 - acc: 0.4030
2770/3900 [====================>.........] - ETA: 1s - loss: 2.3486 - acc: 0.3996
2830/3900 [====================>.........] - ETA: 0s - loss: 2.3455 - acc: 0.3996
2890/3900 [=====================>........] - ETA: 0s - loss: 2.3426 - acc: 0.3990
2950/3900 [=====================>........] - ETA: 0s - loss: 2.3397 - acc: 0.3993
3010/3900 [======================>.......] - ETA: 0s - loss: 2.3370 - acc: 0.3997
3070/3900 [======================>.......] - ETA: 0s - loss: 2.3346 - acc: 0.3974
3130/3900 [=======================>......] - ETA: 0s - loss: 2.3312 - acc: 0.3965
3190/3900 [=======================>......] - ETA: 0s - loss: 2.3286 - acc: 0.3947
3250/3900 [========================>.....] - ETA: 0s - loss: 2.3261 - acc: 0.3948
3310/3900 [========================>.....] - ETA: 0s - loss: 2.3237 - acc: 0.3946
3370/3900 [========================>.....] - ETA: 0s - loss: 2.3206 - acc: 0.3955
3430/3900 [=========================>....] - ETA: 0s - loss: 2.3180 - acc: 0.3953
3490/3900 [=========================>....] - ETA: 0s - loss: 2.3150 - acc: 0.3980
3550/3900 [==========================>...] - ETA: 0s - loss: 2.3122 - acc: 0.3972
3610/3900 [==========================>...] - ETA: 0s - loss: 2.3093 - acc: 0.3964
3670/3900 [===========================>..] - ETA: 0s - loss: 2.3063 - acc: 0.3946
3730/3900 [===========================>..] - ETA: 0s - loss: 2.3028 - acc: 0.3933
3790/3900 [============================>.] - ETA: 0s - loss: 2.3001 - acc: 0.3937
3850/3900 [============================>.] - ETA: 0s - loss: 2.2971 - acc: 0.3927
3900/3900 [==============================] - 4s 914us/step - loss: 2.2942 - acc: 0.3954 - val_loss: 2.1311 - val_acc: 0.4343
Current time ....3.567
Train on 600 samples, validate on 86 samples
Epoch 1/1

 10/600 [..............................] - ETA: 0s - loss: 0.5634 - acc: 1.0000
 70/600 [==>...........................] - ETA: 0s - loss: 0.5207 - acc: 0.9143
130/600 [=====>........................] - ETA: 0s - loss: 0.4987 - acc: 0.9462
190/600 [========>.....................] - ETA: 0s - loss: 0.4818 - acc: 0.9316
250/600 [===========>..................] - ETA: 0s - loss: 0.4703 - acc: 0.9400
310/600 [==============>...............] - ETA: 0s - loss: 0.4615 - acc: 0.9387
370/600 [=================>............] - ETA: 0s - loss: 0.4570 - acc: 0.9432
430/600 [====================>.........] - ETA: 0s - loss: 0.4506 - acc: 0.9395
490/600 [=======================>......] - ETA: 0s - loss: 0.4425 - acc: 0.9469
550/600 [==========================>...] - ETA: 0s - loss: 0.4339 - acc: 0.9509
600/600 [==============================] - 1s 941us/step - loss: 0.4265 - acc: 0.9550 - val_loss: 0.4352 - val_acc: 0.9186
Current time ....0.565
Train on 1200 samples, validate on 68 samples
Epoch 1/1

  10/1200 [..............................] - ETA: 1s - loss: 1.0591 - acc: 0.6000
  70/1200 [>.............................] - ETA: 1s - loss: 0.9380 - acc: 0.6571
 130/1200 [==>...........................] - ETA: 0s - loss: 0.8944 - acc: 0.6692
 190/1200 [===>..........................] - ETA: 0s - loss: 0.8607 - acc: 0.7105
 250/1200 [=====>........................] - ETA: 0s - loss: 0.8560 - acc: 0.7040
 310/1200 [======>.......................] - ETA: 0s - loss: 0.8537 - acc: 0.7129
 370/1200 [========>.....................] - ETA: 0s - loss: 0.8657 - acc: 0.7000
 430/1200 [=========>....................] - ETA: 0s - loss: 0.8691 - acc: 0.6977
 490/1200 [===========>..................] - ETA: 0s - loss: 0.8826 - acc: 0.6939
 550/1200 [============>.................] - ETA: 0s - loss: 0.8738 - acc: 0.6964
 610/1200 [==============>...............] - ETA: 0s - loss: 0.8753 - acc: 0.6934
 670/1200 [===============>..............] - ETA: 0s - loss: 0.8716 - acc: 0.6970
 730/1200 [=================>............] - ETA: 0s - loss: 0.8644 - acc: 0.6973
 790/1200 [==================>...........] - ETA: 0s - loss: 0.8624 - acc: 0.6975
 850/1200 [====================>.........] - ETA: 0s - loss: 0.8640 - acc: 0.6976
 910/1200 [=====================>........] - ETA: 0s - loss: 0.8628 - acc: 0.7011
 970/1200 [=======================>......] - ETA: 0s - loss: 0.8553 - acc: 0.7041
1030/1200 [========================>.....] - ETA: 0s - loss: 0.8471 - acc: 0.7058
1090/1200 [==========================>...] - ETA: 0s - loss: 0.8426 - acc: 0.7083
1150/1200 [===========================>..] - ETA: 0s - loss: 0.8375 - acc: 0.7096
1200/1200 [==============================] - 1s 908us/step - loss: 0.8324 - acc: 0.7092 - val_loss: 1.0200 - val_acc: 0.5441
Current time ....1.090
Train on 3900 samples, validate on 99 samples
Epoch 1/1

  10/3900 [..............................] - ETA: 3s - loss: 2.0538 - acc: 0.5000
  70/3900 [..............................] - ETA: 3s - loss: 2.0671 - acc: 0.4571
 130/3900 [>.............................] - ETA: 3s - loss: 2.0753 - acc: 0.4077
 190/3900 [>.............................] - ETA: 3s - loss: 2.0812 - acc: 0.4053
 250/3900 [>.............................] - ETA: 3s - loss: 2.0840 - acc: 0.4280
 310/3900 [=>............................] - ETA: 3s - loss: 2.0766 - acc: 0.4355
 370/3900 [=>............................] - ETA: 3s - loss: 2.0690 - acc: 0.4405
 430/3900 [==>...........................] - ETA: 3s - loss: 2.0670 - acc: 0.4116
 490/3900 [==>...........................] - ETA: 3s - loss: 2.0602 - acc: 0.4020
 550/3900 [===>..........................] - ETA: 3s - loss: 2.0584 - acc: 0.4018
 610/3900 [===>..........................] - ETA: 2s - loss: 2.0566 - acc: 0.3918
 670/3900 [====>.........................] - ETA: 2s - loss: 2.0556 - acc: 0.3866
 730/3900 [====>.........................] - ETA: 2s - loss: 2.0510 - acc: 0.3959
 790/3900 [=====>........................] - ETA: 2s - loss: 2.0481 - acc: 0.3949
 850/3900 [=====>........................] - ETA: 2s - loss: 2.0460 - acc: 0.3941
 910/3900 [======>.......................] - ETA: 2s - loss: 2.0427 - acc: 0.3989
 970/3900 [======>.......................] - ETA: 2s - loss: 2.0378 - acc: 0.3959
1030/3900 [======>.......................] - ETA: 2s - loss: 2.0343 - acc: 0.3990
1090/3900 [=======>......................] - ETA: 2s - loss: 2.0326 - acc: 0.4000
1150/3900 [=======>......................] - ETA: 2s - loss: 2.0313 - acc: 0.4009
1210/3900 [========>.....................] - ETA: 2s - loss: 2.0281 - acc: 0.4074
1270/3900 [========>.....................] - ETA: 2s - loss: 2.0243 - acc: 0.4063
1330/3900 [=========>....................] - ETA: 2s - loss: 2.0214 - acc: 0.4015
1390/3900 [=========>....................] - ETA: 2s - loss: 2.0180 - acc: 0.4022
1450/3900 [==========>...................] - ETA: 2s - loss: 2.0177 - acc: 0.4007
1510/3900 [==========>...................] - ETA: 2s - loss: 2.0154 - acc: 0.4033
1570/3900 [===========>..................] - ETA: 2s - loss: 2.0113 - acc: 0.4045
1630/3900 [===========>..................] - ETA: 2s - loss: 2.0084 - acc: 0.4006
1690/3900 [============>.................] - ETA: 1s - loss: 2.0061 - acc: 0.4012
1750/3900 [============>.................] - ETA: 1s - loss: 2.0012 - acc: 0.4017
1810/3900 [============>.................] - ETA: 1s - loss: 1.9990 - acc: 0.4011
1870/3900 [=============>................] - ETA: 1s - loss: 1.9955 - acc: 0.4016
1930/3900 [=============>................] - ETA: 1s - loss: 1.9920 - acc: 0.4036
1990/3900 [==============>...............] - ETA: 1s - loss: 1.9898 - acc: 0.4095
2050/3900 [==============>...............] - ETA: 1s - loss: 1.9872 - acc: 0.4122
2110/3900 [===============>..............] - ETA: 1s - loss: 1.9856 - acc: 0.4114
2170/3900 [===============>..............] - ETA: 1s - loss: 1.9812 - acc: 0.4124
2230/3900 [================>.............] - ETA: 1s - loss: 1.9780 - acc: 0.4148
2290/3900 [================>.............] - ETA: 1s - loss: 1.9755 - acc: 0.4144
2350/3900 [=================>............] - ETA: 1s - loss: 1.9749 - acc: 0.4132
2410/3900 [=================>............] - ETA: 1s - loss: 1.9717 - acc: 0.4120
2470/3900 [==================>...........] - ETA: 1s - loss: 1.9690 - acc: 0.4093
2530/3900 [==================>...........] - ETA: 1s - loss: 1.9664 - acc: 0.4091
2590/3900 [==================>...........] - ETA: 1s - loss: 1.9638 - acc: 0.4077
2650/3900 [===================>..........] - ETA: 1s - loss: 1.9603 - acc: 0.4075
2710/3900 [===================>..........] - ETA: 1s - loss: 1.9577 - acc: 0.4066
2770/3900 [====================>.........] - ETA: 1s - loss: 1.9559 - acc: 0.4069
2830/3900 [====================>.........] - ETA: 0s - loss: 1.9531 - acc: 0.4081
2890/3900 [=====================>........] - ETA: 0s - loss: 1.9521 - acc: 0.4073
2950/3900 [=====================>........] - ETA: 0s - loss: 1.9510 - acc: 0.4078
3010/3900 [======================>.......] - ETA: 0s - loss: 1.9497 - acc: 0.4083
3070/3900 [======================>.......] - ETA: 0s - loss: 1.9463 - acc: 0.4107
3130/3900 [=======================>......] - ETA: 0s - loss: 1.9445 - acc: 0.4109
3190/3900 [=======================>......] - ETA: 0s - loss: 1.9427 - acc: 0.4116
3250/3900 [========================>.....] - ETA: 0s - loss: 1.9407 - acc: 0.4129
3310/3900 [========================>.....] - ETA: 0s - loss: 1.9395 - acc: 0.4121
3370/3900 [========================>.....] - ETA: 0s - loss: 1.9369 - acc: 0.4125
3430/3900 [=========================>....] - ETA: 0s - loss: 1.9344 - acc: 0.4122
3490/3900 [=========================>....] - ETA: 0s - loss: 1.9322 - acc: 0.4117
3550/3900 [==========================>...] - ETA: 0s - loss: 1.9302 - acc: 0.4113
3610/3900 [==========================>...] - ETA: 0s - loss: 1.9295 - acc: 0.4091
3670/3900 [===========================>..] - ETA: 0s - loss: 1.9284 - acc: 0.4095
3730/3900 [===========================>..] - ETA: 0s - loss: 1.9255 - acc: 0.4113
3790/3900 [============================>.] - ETA: 0s - loss: 1.9243 - acc: 0.4108
3850/3900 [============================>.] - ETA: 0s - loss: 1.9223 - acc: 0.4119
3900/3900 [==============================] - 4s 908us/step - loss: 1.9202 - acc: 0.4115 - val_loss: 1.8932 - val_acc: 0.3333
Current time ....3.540
Train on 600 samples, validate on 86 samples
Epoch 1/1

 10/600 [..............................] - ETA: 0s - loss: 0.1286 - acc: 1.0000
 70/600 [==>...........................] - ETA: 0s - loss: 0.2760 - acc: 1.0000
130/600 [=====>........................] - ETA: 0s - loss: 0.3033 - acc: 0.9923
190/600 [========>.....................] - ETA: 0s - loss: 0.3007 - acc: 0.9895
250/600 [===========>..................] - ETA: 0s - loss: 0.3012 - acc: 0.9840
310/600 [==============>...............] - ETA: 0s - loss: 0.3008 - acc: 0.9871
370/600 [=================>............] - ETA: 0s - loss: 0.3004 - acc: 0.9838
430/600 [====================>.........] - ETA: 0s - loss: 0.2959 - acc: 0.9791
490/600 [=======================>......] - ETA: 0s - loss: 0.2914 - acc: 0.9796
550/600 [==========================>...] - ETA: 0s - loss: 0.2860 - acc: 0.9800
600/600 [==============================] - 1s 923us/step - loss: 0.2834 - acc: 0.9817 - val_loss: 0.3685 - val_acc: 0.9186
Current time ....0.554
Train on 1200 samples, validate on 68 samples
Epoch 1/1

  10/1200 [..............................] - ETA: 1s - loss: 0.5303 - acc: 0.8000
  70/1200 [>.............................] - ETA: 1s - loss: 0.6899 - acc: 0.8143
 130/1200 [==>...........................] - ETA: 0s - loss: 0.6718 - acc: 0.8000
 190/1200 [===>..........................] - ETA: 0s - loss: 0.6401 - acc: 0.8316
 250/1200 [=====>........................] - ETA: 0s - loss: 0.6400 - acc: 0.8200
 310/1200 [======>.......................] - ETA: 0s - loss: 0.6427 - acc: 0.8161
 370/1200 [========>.....................] - ETA: 0s - loss: 0.6569 - acc: 0.7973
 430/1200 [=========>....................] - ETA: 0s - loss: 0.6633 - acc: 0.7930
 490/1200 [===========>..................] - ETA: 0s - loss: 0.6572 - acc: 0.7939
 550/1200 [============>.................] - ETA: 0s - loss: 0.6552 - acc: 0.7964
 610/1200 [==============>...............] - ETA: 0s - loss: 0.6480 - acc: 0.7951
 670/1200 [===============>..............] - ETA: 0s - loss: 0.6494 - acc: 0.7940
 730/1200 [=================>............] - ETA: 0s - loss: 0.6554 - acc: 0.7890
 790/1200 [==================>...........] - ETA: 0s - loss: 0.6526 - acc: 0.7937
 850/1200 [====================>.........] - ETA: 0s - loss: 0.6512 - acc: 0.7894
 910/1200 [=====================>........] - ETA: 0s - loss: 0.6429 - acc: 0.7890
 970/1200 [=======================>......] - ETA: 0s - loss: 0.6409 - acc: 0.7887
1030/1200 [========================>.....] - ETA: 0s - loss: 0.6386 - acc: 0.7922
1090/1200 [==========================>...] - ETA: 0s - loss: 0.6338 - acc: 0.7945
1150/1200 [===========================>..] - ETA: 0s - loss: 0.6294 - acc: 0.7939
1200/1200 [==============================] - 1s 904us/step - loss: 0.6283 - acc: 0.7958 - val_loss: 0.9935 - val_acc: 0.5735
Current time ....1.085
Train on 3900 samples, validate on 99 samples
Epoch 1/1

  10/3900 [..............................] - ETA: 3s - loss: 1.7673 - acc: 0.6000
  70/3900 [..............................] - ETA: 3s - loss: 1.7991 - acc: 0.3857
 130/3900 [>.............................] - ETA: 3s - loss: 1.8143 - acc: 0.4000
 190/3900 [>.............................] - ETA: 3s - loss: 1.7959 - acc: 0.4474
 250/3900 [>.............................] - ETA: 3s - loss: 1.8006 - acc: 0.4320
 310/3900 [=>............................] - ETA: 3s - loss: 1.8025 - acc: 0.4290
 370/3900 [=>............................] - ETA: 3s - loss: 1.8084 - acc: 0.4351
 430/3900 [==>...........................] - ETA: 3s - loss: 1.8019 - acc: 0.4372
 490/3900 [==>...........................] - ETA: 3s - loss: 1.7997 - acc: 0.4408
 550/3900 [===>..........................] - ETA: 3s - loss: 1.8017 - acc: 0.4400
 610/3900 [===>..........................] - ETA: 2s - loss: 1.7987 - acc: 0.4377
 670/3900 [====>.........................] - ETA: 2s - loss: 1.7940 - acc: 0.4358
 730/3900 [====>.........................] - ETA: 2s - loss: 1.7948 - acc: 0.4247
 790/3900 [=====>........................] - ETA: 2s - loss: 1.7909 - acc: 0.4177
 850/3900 [=====>........................] - ETA: 2s - loss: 1.7877 - acc: 0.4141
 910/3900 [======>.......................] - ETA: 2s - loss: 1.7906 - acc: 0.4121
 970/3900 [======>.......................] - ETA: 2s - loss: 1.7871 - acc: 0.4144
1030/3900 [======>.......................] - ETA: 2s - loss: 1.7902 - acc: 0.4068
1090/3900 [=======>......................] - ETA: 2s - loss: 1.7884 - acc: 0.4119
1150/3900 [=======>......................] - ETA: 2s - loss: 1.7889 - acc: 0.4148
1210/3900 [========>.....................] - ETA: 2s - loss: 1.7859 - acc: 0.4182
1270/3900 [========>.....................] - ETA: 2s - loss: 1.7849 - acc: 0.4150
1330/3900 [=========>....................] - ETA: 2s - loss: 1.7859 - acc: 0.4120
1390/3900 [=========>....................] - ETA: 2s - loss: 1.7822 - acc: 0.4180
1450/3900 [==========>...................] - ETA: 2s - loss: 1.7783 - acc: 0.4193
1510/3900 [==========>...................] - ETA: 2s - loss: 1.7779 - acc: 0.4199
1570/3900 [===========>..................] - ETA: 2s - loss: 1.7721 - acc: 0.4242
1630/3900 [===========>..................] - ETA: 2s - loss: 1.7715 - acc: 0.4233
1690/3900 [============>.................] - ETA: 1s - loss: 1.7707 - acc: 0.4207
1750/3900 [============>.................] - ETA: 1s - loss: 1.7719 - acc: 0.4206
1810/3900 [============>.................] - ETA: 1s - loss: 1.7693 - acc: 0.4232
1870/3900 [=============>................] - ETA: 1s - loss: 1.7669 - acc: 0.4241
1930/3900 [=============>................] - ETA: 1s - loss: 1.7686 - acc: 0.4202
1990/3900 [==============>...............] - ETA: 1s - loss: 1.7657 - acc: 0.4226
2050/3900 [==============>...............] - ETA: 1s - loss: 1.7645 - acc: 0.4195
2110/3900 [===============>..............] - ETA: 1s - loss: 1.7622 - acc: 0.4209
2170/3900 [===============>..............] - ETA: 1s - loss: 1.7612 - acc: 0.4212
2230/3900 [================>.............] - ETA: 1s - loss: 1.7600 - acc: 0.4224
2290/3900 [================>.............] - ETA: 1s - loss: 1.7589 - acc: 0.4240
2350/3900 [=================>............] - ETA: 1s - loss: 1.7578 - acc: 0.4255
2410/3900 [=================>............] - ETA: 1s - loss: 1.7549 - acc: 0.4278
2470/3900 [==================>...........] - ETA: 1s - loss: 1.7548 - acc: 0.4283
2530/3900 [==================>...........] - ETA: 1s - loss: 1.7541 - acc: 0.4281
2590/3900 [==================>...........] - ETA: 1s - loss: 1.7500 - acc: 0.4340
2650/3900 [===================>..........] - ETA: 1s - loss: 1.7486 - acc: 0.4343
2710/3900 [===================>..........] - ETA: 1s - loss: 1.7466 - acc: 0.4351
2770/3900 [====================>.........] - ETA: 1s - loss: 1.7441 - acc: 0.4354
2830/3900 [====================>.........] - ETA: 0s - loss: 1.7424 - acc: 0.4346
2890/3900 [=====================>........] - ETA: 0s - loss: 1.7402 - acc: 0.4363
2950/3900 [=====================>........] - ETA: 0s - loss: 1.7378 - acc: 0.4383
3010/3900 [======================>.......] - ETA: 0s - loss: 1.7357 - acc: 0.4402
3070/3900 [======================>.......] - ETA: 0s - loss: 1.7331 - acc: 0.4423
3130/3900 [=======================>......] - ETA: 0s - loss: 1.7292 - acc: 0.4425
3190/3900 [=======================>......] - ETA: 0s - loss: 1.7283 - acc: 0.4439
3250/3900 [========================>.....] - ETA: 0s - loss: 1.7272 - acc: 0.4431
3310/3900 [========================>.....] - ETA: 0s - loss: 1.7247 - acc: 0.4453
3370/3900 [========================>.....] - ETA: 0s - loss: 1.7247 - acc: 0.4451
3430/3900 [=========================>....] - ETA: 0s - loss: 1.7225 - acc: 0.4469
3490/3900 [=========================>....] - ETA: 0s - loss: 1.7216 - acc: 0.4476
3550/3900 [==========================>...] - ETA: 0s - loss: 1.7205 - acc: 0.4499
3610/3900 [==========================>...] - ETA: 0s - loss: 1.7178 - acc: 0.4521
3670/3900 [===========================>..] - ETA: 0s - loss: 1.7167 - acc: 0.4531
3730/3900 [===========================>..] - ETA: 0s - loss: 1.7128 - acc: 0.4563
3790/3900 [============================>.] - ETA: 0s - loss: 1.7111 - acc: 0.4586
3850/3900 [============================>.] - ETA: 0s - loss: 1.7099 - acc: 0.4571
3900/3900 [==============================] - 4s 908us/step - loss: 1.7081 - acc: 0.4572 - val_loss: 1.8360 - val_acc: 0.2424
Current time ....3.543
Train on 600 samples, validate on 86 samples
Epoch 1/1

 10/600 [..............................] - ETA: 0s - loss: 0.1229 - acc: 1.0000
 70/600 [==>...........................] - ETA: 0s - loss: 0.2039 - acc: 1.0000
130/600 [=====>........................] - ETA: 0s - loss: 0.2073 - acc: 0.9923
190/600 [========>.....................] - ETA: 0s - loss: 0.1973 - acc: 0.9895
250/600 [===========>..................] - ETA: 0s - loss: 0.1892 - acc: 0.9920
310/600 [==============>...............] - ETA: 0s - loss: 0.2052 - acc: 0.9839
370/600 [=================>............] - ETA: 0s - loss: 0.1987 - acc: 0.9865
430/600 [====================>.........] - ETA: 0s - loss: 0.1886 - acc: 0.9860
490/600 [=======================>......] - ETA: 0s - loss: 0.1844 - acc: 0.9878
550/600 [==========================>...] - ETA: 0s - loss: 0.1870 - acc: 0.9818
600/600 [==============================] - 1s 930us/step - loss: 0.1818 - acc: 0.9833 - val_loss: 0.3782 - val_acc: 0.9186
Current time ....0.558
Train on 1200 samples, validate on 68 samples
Epoch 1/1

  10/1200 [..............................] - ETA: 1s - loss: 0.4086 - acc: 1.0000
  70/1200 [>.............................] - ETA: 1s - loss: 0.4752 - acc: 0.9143
 130/1200 [==>...........................] - ETA: 0s - loss: 0.4758 - acc: 0.8769
 190/1200 [===>..........................] - ETA: 0s - loss: 0.5040 - acc: 0.8632
 250/1200 [=====>........................] - ETA: 0s - loss: 0.4976 - acc: 0.8720
 300/1200 [======>.......................] - ETA: 0s - loss: 0.4971 - acc: 0.8800
 360/1200 [========>.....................] - ETA: 0s - loss: 0.5004 - acc: 0.8694
 420/1200 [=========>....................] - ETA: 0s - loss: 0.4913 - acc: 0.8667
 480/1200 [===========>..................] - ETA: 0s - loss: 0.4826 - acc: 0.8688
 540/1200 [============>.................] - ETA: 0s - loss: 0.4831 - acc: 0.8667
 600/1200 [==============>...............] - ETA: 0s - loss: 0.4781 - acc: 0.8700
 660/1200 [===============>..............] - ETA: 0s - loss: 0.4737 - acc: 0.8727
 720/1200 [=================>............] - ETA: 0s - loss: 0.4740 - acc: 0.8708
 780/1200 [==================>...........] - ETA: 0s - loss: 0.4771 - acc: 0.8692
 840/1200 [====================>.........] - ETA: 0s - loss: 0.4710 - acc: 0.8714
 900/1200 [=====================>........] - ETA: 0s - loss: 0.4676 - acc: 0.8722
 960/1200 [=======================>......] - ETA: 0s - loss: 0.4676 - acc: 0.8687
1020/1200 [========================>.....] - ETA: 0s - loss: 0.4664 - acc: 0.8676
1080/1200 [==========================>...] - ETA: 0s - loss: 0.4620 - acc: 0.8694
1140/1200 [===========================>..] - ETA: 0s - loss: 0.4652 - acc: 0.8658
1200/1200 [==============================] - 1s 908us/step - loss: 0.4650 - acc: 0.8692 - val_loss: 0.8689 - val_acc: 0.5882
Current time ....1.090
Train on 3900 samples, validate on 99 samples
Epoch 1/1

  10/3900 [..............................] - ETA: 3s - loss: 1.6180 - acc: 0.5000
  70/3900 [..............................] - ETA: 3s - loss: 1.5629 - acc: 0.5857
 130/3900 [>.............................] - ETA: 3s - loss: 1.5655 - acc: 0.5615
 190/3900 [>.............................] - ETA: 3s - loss: 1.5347 - acc: 0.5842
 250/3900 [>.............................] - ETA: 3s - loss: 1.5544 - acc: 0.5440
 310/3900 [=>............................] - ETA: 3s - loss: 1.5505 - acc: 0.5419
 370/3900 [=>............................] - ETA: 3s - loss: 1.5505 - acc: 0.5378
 430/3900 [==>...........................] - ETA: 3s - loss: 1.5514 - acc: 0.5372
 490/3900 [==>...........................] - ETA: 3s - loss: 1.5583 - acc: 0.5204
 550/3900 [===>..........................] - ETA: 3s - loss: 1.5605 - acc: 0.5145
 610/3900 [===>..........................] - ETA: 2s - loss: 1.5612 - acc: 0.5180
 670/3900 [====>.........................] - ETA: 2s - loss: 1.5753 - acc: 0.5164
 730/3900 [====>.........................] - ETA: 2s - loss: 1.5738 - acc: 0.5151
 790/3900 [=====>........................] - ETA: 2s - loss: 1.5736 - acc: 0.5177
 850/3900 [=====>........................] - ETA: 2s - loss: 1.5679 - acc: 0.5129
 910/3900 [======>.......................] - ETA: 2s - loss: 1.5717 - acc: 0.5099
 970/3900 [======>.......................] - ETA: 2s - loss: 1.5652 - acc: 0.5113
1030/3900 [======>.......................] - ETA: 2s - loss: 1.5680 - acc: 0.5058
1090/3900 [=======>......................] - ETA: 2s - loss: 1.5610 - acc: 0.5101
1150/3900 [=======>......................] - ETA: 2s - loss: 1.5589 - acc: 0.5148
1210/3900 [========>.....................] - ETA: 2s - loss: 1.5577 - acc: 0.5174
1270/3900 [========>.....................] - ETA: 2s - loss: 1.5534 - acc: 0.5197
1330/3900 [=========>....................] - ETA: 2s - loss: 1.5522 - acc: 0.5173
1390/3900 [=========>....................] - ETA: 2s - loss: 1.5528 - acc: 0.5144
1450/3900 [==========>...................] - ETA: 2s - loss: 1.5518 - acc: 0.5200
1510/3900 [==========>...................] - ETA: 2s - loss: 1.5549 - acc: 0.5166
1570/3900 [===========>..................] - ETA: 2s - loss: 1.5566 - acc: 0.5178
1630/3900 [===========>..................] - ETA: 2s - loss: 1.5541 - acc: 0.5184
1690/3900 [============>.................] - ETA: 1s - loss: 1.5507 - acc: 0.5201
1750/3900 [============>.................] - ETA: 1s - loss: 1.5470 - acc: 0.5217
1810/3900 [============>.................] - ETA: 1s - loss: 1.5470 - acc: 0.5210
1870/3900 [=============>................] - ETA: 1s - loss: 1.5437 - acc: 0.5241
1930/3900 [=============>................] - ETA: 1s - loss: 1.5418 - acc: 0.5280
1990/3900 [==============>...............] - ETA: 1s - loss: 1.5425 - acc: 0.5291
2050/3900 [==============>...............] - ETA: 1s - loss: 1.5423 - acc: 0.5273
2110/3900 [===============>..............] - ETA: 1s - loss: 1.5400 - acc: 0.5284
2170/3900 [===============>..............] - ETA: 1s - loss: 1.5368 - acc: 0.5286
2230/3900 [================>.............] - ETA: 1s - loss: 1.5364 - acc: 0.5274
2290/3900 [================>.............] - ETA: 1s - loss: 1.5355 - acc: 0.5275
2350/3900 [=================>............] - ETA: 1s - loss: 1.5348 - acc: 0.5277
2410/3900 [=================>............] - ETA: 1s - loss: 1.5308 - acc: 0.5311
2470/3900 [==================>...........] - ETA: 1s - loss: 1.5295 - acc: 0.5328
2530/3900 [==================>...........] - ETA: 1s - loss: 1.5283 - acc: 0.5340
2590/3900 [==================>...........] - ETA: 1s - loss: 1.5251 - acc: 0.5371
2650/3900 [===================>..........] - ETA: 1s - loss: 1.5255 - acc: 0.5362
2710/3900 [===================>..........] - ETA: 1s - loss: 1.5254 - acc: 0.5339
2770/3900 [====================>.........] - ETA: 1s - loss: 1.5257 - acc: 0.5325
2830/3900 [====================>.........] - ETA: 0s - loss: 1.5230 - acc: 0.5350
2890/3900 [=====================>........] - ETA: 0s - loss: 1.5204 - acc: 0.5346
2950/3900 [=====================>........] - ETA: 0s - loss: 1.5183 - acc: 0.5353
3010/3900 [======================>.......] - ETA: 0s - loss: 1.5181 - acc: 0.5349
3070/3900 [======================>.......] - ETA: 0s - loss: 1.5168 - acc: 0.5368
3130/3900 [=======================>......] - ETA: 0s - loss: 1.5171 - acc: 0.5358
3190/3900 [=======================>......] - ETA: 0s - loss: 1.5158 - acc: 0.5382
3250/3900 [========================>.....] - ETA: 0s - loss: 1.5132 - acc: 0.5385
3310/3900 [========================>.....] - ETA: 0s - loss: 1.5107 - acc: 0.5387
3370/3900 [========================>.....] - ETA: 0s - loss: 1.5109 - acc: 0.5371
3430/3900 [=========================>....] - ETA: 0s - loss: 1.5103 - acc: 0.5373
3490/3900 [=========================>....] - ETA: 0s - loss: 1.5080 - acc: 0.5395
3550/3900 [==========================>...] - ETA: 0s - loss: 1.5070 - acc: 0.5392
3610/3900 [==========================>...] - ETA: 0s - loss: 1.5062 - acc: 0.5393
3670/3900 [===========================>..] - ETA: 0s - loss: 1.5043 - acc: 0.5401
3730/3900 [===========================>..] - ETA: 0s - loss: 1.5041 - acc: 0.5378
3790/3900 [============================>.] - ETA: 0s - loss: 1.5009 - acc: 0.5391
3850/3900 [============================>.] - ETA: 0s - loss: 1.5003 - acc: 0.5384
3900/3900 [==============================] - 4s 908us/step - loss: 1.4992 - acc: 0.5387 - val_loss: 1.7773 - val_acc: 0.3333
Current time ....3.541
Train on 600 samples, validate on 86 samples
Epoch 1/1

 10/600 [..............................] - ETA: 0s - loss: 0.2393 - acc: 0.9000
 70/600 [==>...........................] - ETA: 0s - loss: 0.1449 - acc: 0.9714
130/600 [=====>........................] - ETA: 0s - loss: 0.1265 - acc: 0.9846
190/600 [========>.....................] - ETA: 0s - loss: 0.1280 - acc: 0.9895
250/600 [===========>..................] - ETA: 0s - loss: 0.1312 - acc: 0.9880
310/600 [==============>...............] - ETA: 0s - loss: 0.1349 - acc: 0.9839
370/600 [=================>............] - ETA: 0s - loss: 0.1291 - acc: 0.9865
430/600 [====================>.........] - ETA: 0s - loss: 0.1259 - acc: 0.9860
490/600 [=======================>......] - ETA: 0s - loss: 0.1269 - acc: 0.9857
550/600 [==========================>...] - ETA: 0s - loss: 0.1230 - acc: 0.9855
600/600 [==============================] - 1s 928us/step - loss: 0.1218 - acc: 0.9867 - val_loss: 0.3930 - val_acc: 0.9186
Current time ....0.557
Train on 1200 samples, validate on 68 samples
Epoch 1/1

  10/1200 [..............................] - ETA: 1s - loss: 0.3961 - acc: 1.0000
  70/1200 [>.............................] - ETA: 1s - loss: 0.4370 - acc: 0.9143
 130/1200 [==>...........................] - ETA: 0s - loss: 0.3717 - acc: 0.9308
 190/1200 [===>..........................] - ETA: 0s - loss: 0.3712 - acc: 0.9263
 250/1200 [=====>........................] - ETA: 0s - loss: 0.3592 - acc: 0.9320
 310/1200 [======>.......................] - ETA: 0s - loss: 0.3404 - acc: 0.9323
 370/1200 [========>.....................] - ETA: 0s - loss: 0.3439 - acc: 0.9351
 430/1200 [=========>....................] - ETA: 0s - loss: 0.3372 - acc: 0.9349
 490/1200 [===========>..................] - ETA: 0s - loss: 0.3358 - acc: 0.9327
 550/1200 [============>.................] - ETA: 0s - loss: 0.3332 - acc: 0.9309
 610/1200 [==============>...............] - ETA: 0s - loss: 0.3418 - acc: 0.9230
 670/1200 [===============>..............] - ETA: 0s - loss: 0.3401 - acc: 0.9269
 730/1200 [=================>............] - ETA: 0s - loss: 0.3366 - acc: 0.9288
 790/1200 [==================>...........] - ETA: 0s - loss: 0.3345 - acc: 0.9278
 850/1200 [====================>.........] - ETA: 0s - loss: 0.3377 - acc: 0.9224
 910/1200 [=====================>........] - ETA: 0s - loss: 0.3435 - acc: 0.9198
 970/1200 [=======================>......] - ETA: 0s - loss: 0.3427 - acc: 0.9206
1030/1200 [========================>.....] - ETA: 0s - loss: 0.3410 - acc: 0.9233
1090/1200 [==========================>...] - ETA: 0s - loss: 0.3412 - acc: 0.9229
1150/1200 [===========================>..] - ETA: 0s - loss: 0.3402 - acc: 0.9235
1200/1200 [==============================] - 1s 906us/step - loss: 0.3404 - acc: 0.9208 - val_loss: 0.8316 - val_acc: 0.6765
Current time ....1.087
Train on 3900 samples, validate on 99 samples
Epoch 1/1

  10/3900 [..............................] - ETA: 3s - loss: 1.3463 - acc: 0.8000
  70/3900 [..............................] - ETA: 3s - loss: 1.2485 - acc: 0.6571
 130/3900 [>.............................] - ETA: 3s - loss: 1.2890 - acc: 0.6385
 190/3900 [>.............................] - ETA: 3s - loss: 1.3321 - acc: 0.6105
 250/3900 [>.............................] - ETA: 3s - loss: 1.3232 - acc: 0.6160
 310/3900 [=>............................] - ETA: 3s - loss: 1.3325 - acc: 0.6194
 370/3900 [=>............................] - ETA: 3s - loss: 1.3187 - acc: 0.6324
 430/3900 [==>...........................] - ETA: 3s - loss: 1.3300 - acc: 0.6279
 490/3900 [==>...........................] - ETA: 3s - loss: 1.3117 - acc: 0.6449
 550/3900 [===>..........................] - ETA: 3s - loss: 1.3146 - acc: 0.6364
 610/3900 [===>..........................] - ETA: 2s - loss: 1.3288 - acc: 0.6262
 670/3900 [====>.........................] - ETA: 2s - loss: 1.3357 - acc: 0.6194
 730/3900 [====>.........................] - ETA: 2s - loss: 1.3443 - acc: 0.6137
 790/3900 [=====>........................] - ETA: 2s - loss: 1.3478 - acc: 0.6089
 850/3900 [=====>........................] - ETA: 2s - loss: 1.3517 - acc: 0.6035
 910/3900 [======>.......................] - ETA: 2s - loss: 1.3475 - acc: 0.6066
 970/3900 [======>.......................] - ETA: 2s - loss: 1.3467 - acc: 0.6082
1030/3900 [======>.......................] - ETA: 2s - loss: 1.3432 - acc: 0.6155
1090/3900 [=======>......................] - ETA: 2s - loss: 1.3327 - acc: 0.6202
1150/3900 [=======>......................] - ETA: 2s - loss: 1.3350 - acc: 0.6174
1210/3900 [========>.....................] - ETA: 2s - loss: 1.3366 - acc: 0.6116
1270/3900 [========>.....................] - ETA: 2s - loss: 1.3277 - acc: 0.6110
1330/3900 [=========>....................] - ETA: 2s - loss: 1.3262 - acc: 0.6113
1390/3900 [=========>....................] - ETA: 2s - loss: 1.3306 - acc: 0.6043
1450/3900 [==========>...................] - ETA: 2s - loss: 1.3302 - acc: 0.6034
1510/3900 [==========>...................] - ETA: 2s - loss: 1.3252 - acc: 0.6093
1570/3900 [===========>..................] - ETA: 2s - loss: 1.3254 - acc: 0.6089
1630/3900 [===========>..................] - ETA: 2s - loss: 1.3221 - acc: 0.6123
1690/3900 [============>.................] - ETA: 1s - loss: 1.3204 - acc: 0.6124
1750/3900 [============>.................] - ETA: 1s - loss: 1.3207 - acc: 0.6126
1810/3900 [============>.................] - ETA: 1s - loss: 1.3160 - acc: 0.6160
1860/3900 [=============>................] - ETA: 1s - loss: 1.3151 - acc: 0.6124
1920/3900 [=============>................] - ETA: 1s - loss: 1.3153 - acc: 0.6094
1980/3900 [==============>...............] - ETA: 1s - loss: 1.3129 - acc: 0.6086
2040/3900 [==============>...............] - ETA: 1s - loss: 1.3120 - acc: 0.6078
2100/3900 [===============>..............] - ETA: 1s - loss: 1.3093 - acc: 0.6095
2160/3900 [===============>..............] - ETA: 1s - loss: 1.3076 - acc: 0.6093
2220/3900 [================>.............] - ETA: 1s - loss: 1.3053 - acc: 0.6104
2280/3900 [================>.............] - ETA: 1s - loss: 1.3047 - acc: 0.6092
2340/3900 [=================>............] - ETA: 1s - loss: 1.3071 - acc: 0.6064
2400/3900 [=================>............] - ETA: 1s - loss: 1.3081 - acc: 0.6042
2460/3900 [=================>............] - ETA: 1s - loss: 1.3068 - acc: 0.6020
2520/3900 [==================>...........] - ETA: 1s - loss: 1.3043 - acc: 0.6036
2580/3900 [==================>...........] - ETA: 1s - loss: 1.3032 - acc: 0.6035
2640/3900 [===================>..........] - ETA: 1s - loss: 1.3032 - acc: 0.6023
2700/3900 [===================>..........] - ETA: 1s - loss: 1.2993 - acc: 0.6033
2760/3900 [====================>.........] - ETA: 1s - loss: 1.2997 - acc: 0.6022
2820/3900 [====================>.........] - ETA: 0s - loss: 1.2979 - acc: 0.6032
2880/3900 [=====================>........] - ETA: 0s - loss: 1.2982 - acc: 0.6045
2940/3900 [=====================>........] - ETA: 0s - loss: 1.2933 - acc: 0.6058
3000/3900 [======================>.......] - ETA: 0s - loss: 1.2908 - acc: 0.6063
3060/3900 [======================>.......] - ETA: 0s - loss: 1.2860 - acc: 0.6082
3120/3900 [=======================>......] - ETA: 0s - loss: 1.2838 - acc: 0.6077
3180/3900 [=======================>......] - ETA: 0s - loss: 1.2795 - acc: 0.6101
3240/3900 [=======================>......] - ETA: 0s - loss: 1.2777 - acc: 0.6105
3300/3900 [========================>.....] - ETA: 0s - loss: 1.2754 - acc: 0.6112
3360/3900 [========================>.....] - ETA: 0s - loss: 1.2721 - acc: 0.6119
3420/3900 [=========================>....] - ETA: 0s - loss: 1.2691 - acc: 0.6137
3480/3900 [=========================>....] - ETA: 0s - loss: 1.2679 - acc: 0.6138
3540/3900 [==========================>...] - ETA: 0s - loss: 1.2665 - acc: 0.6144
3600/3900 [==========================>...] - ETA: 0s - loss: 1.2639 - acc: 0.6156
3660/3900 [===========================>..] - ETA: 0s - loss: 1.2631 - acc: 0.6156
3720/3900 [===========================>..] - ETA: 0s - loss: 1.2600 - acc: 0.6172
3780/3900 [============================>.] - ETA: 0s - loss: 1.2581 - acc: 0.6185
3830/3900 [============================>.] - ETA: 0s - loss: 1.2551 - acc: 0.6191
3890/3900 [============================>.] - ETA: 0s - loss: 1.2534 - acc: 0.6193
3900/3900 [==============================] - 4s 911us/step - loss: 1.2528 - acc: 0.6192 - val_loss: 1.5729 - val_acc: 0.4545
Current time ....3.552
Train on 600 samples, validate on 86 samples
Epoch 1/1

 10/600 [..............................] - ETA: 0s - loss: 0.0640 - acc: 1.0000
 70/600 [==>...........................] - ETA: 0s - loss: 0.1176 - acc: 0.9857
130/600 [=====>........................] - ETA: 0s - loss: 0.0996 - acc: 0.9923
190/600 [========>.....................] - ETA: 0s - loss: 0.0949 - acc: 0.9947
250/600 [===========>..................] - ETA: 0s - loss: 0.0876 - acc: 0.9960
310/600 [==============>...............] - ETA: 0s - loss: 0.0898 - acc: 0.9903
370/600 [=================>............] - ETA: 0s - loss: 0.0906 - acc: 0.9865
430/600 [====================>.........] - ETA: 0s - loss: 0.0921 - acc: 0.9860
490/600 [=======================>......] - ETA: 0s - loss: 0.0893 - acc: 0.9878
550/600 [==========================>...] - ETA: 0s - loss: 0.0893 - acc: 0.9891
600/600 [==============================] - 1s 932us/step - loss: 0.0870 - acc: 0.9900 - val_loss: 0.3990 - val_acc: 0.9186
Current time ....0.559
Train on 1200 samples, validate on 68 samples
Epoch 1/1

  10/1200 [..............................] - ETA: 1s - loss: 0.2245 - acc: 1.0000
  70/1200 [>.............................] - ETA: 1s - loss: 0.2433 - acc: 0.9714
 130/1200 [==>...........................] - ETA: 0s - loss: 0.2600 - acc: 0.9692
 190/1200 [===>..........................] - ETA: 0s - loss: 0.2665 - acc: 0.9579
 250/1200 [=====>........................] - ETA: 0s - loss: 0.2751 - acc: 0.9480
 310/1200 [======>.......................] - ETA: 0s - loss: 0.2734 - acc: 0.9452
 370/1200 [========>.....................] - ETA: 0s - loss: 0.2702 - acc: 0.9486
 430/1200 [=========>....................] - ETA: 0s - loss: 0.2599 - acc: 0.9535
 490/1200 [===========>..................] - ETA: 0s - loss: 0.2602 - acc: 0.9490
 550/1200 [============>.................] - ETA: 0s - loss: 0.2601 - acc: 0.9455
 610/1200 [==============>...............] - ETA: 0s - loss: 0.2529 - acc: 0.9459
 670/1200 [===============>..............] - ETA: 0s - loss: 0.2592 - acc: 0.9403
 730/1200 [=================>............] - ETA: 0s - loss: 0.2593 - acc: 0.9370
 790/1200 [==================>...........] - ETA: 0s - loss: 0.2570 - acc: 0.9354
 850/1200 [====================>.........] - ETA: 0s - loss: 0.2508 - acc: 0.9388
 910/1200 [=====================>........] - ETA: 0s - loss: 0.2541 - acc: 0.9341
 970/1200 [=======================>......] - ETA: 0s - loss: 0.2506 - acc: 0.9371
1030/1200 [========================>.....] - ETA: 0s - loss: 0.2475 - acc: 0.9388
1090/1200 [==========================>...] - ETA: 0s - loss: 0.2480 - acc: 0.9385
1150/1200 [===========================>..] - ETA: 0s - loss: 0.2496 - acc: 0.9348
1200/1200 [==============================] - 1s 908us/step - loss: 0.2474 - acc: 0.9367 - val_loss: 0.7588 - val_acc: 0.7500
Current time ....1.090
Train on 3900 samples, validate on 99 samples
Epoch 1/1

  10/3900 [..............................] - ETA: 3s - loss: 1.0698 - acc: 0.8000
  70/3900 [..............................] - ETA: 3s - loss: 1.0959 - acc: 0.7143
 130/3900 [>.............................] - ETA: 3s - loss: 1.0583 - acc: 0.6923
 190/3900 [>.............................] - ETA: 3s - loss: 1.0727 - acc: 0.6842
 250/3900 [>.............................] - ETA: 3s - loss: 1.0689 - acc: 0.6920
 310/3900 [=>............................] - ETA: 3s - loss: 1.1134 - acc: 0.6548
 370/3900 [=>............................] - ETA: 3s - loss: 1.1111 - acc: 0.6514
 430/3900 [==>...........................] - ETA: 3s - loss: 1.1173 - acc: 0.6442
 490/3900 [==>...........................] - ETA: 3s - loss: 1.1130 - acc: 0.6469
 550/3900 [===>..........................] - ETA: 3s - loss: 1.0992 - acc: 0.6527
 610/3900 [===>..........................] - ETA: 3s - loss: 1.0883 - acc: 0.6607
 670/3900 [====>.........................] - ETA: 2s - loss: 1.0811 - acc: 0.6672
 730/3900 [====>.........................] - ETA: 2s - loss: 1.0810 - acc: 0.6644
 790/3900 [=====>........................] - ETA: 2s - loss: 1.0794 - acc: 0.6608
 850/3900 [=====>........................] - ETA: 2s - loss: 1.0713 - acc: 0.6671
 910/3900 [======>.......................] - ETA: 2s - loss: 1.0692 - acc: 0.6659
 970/3900 [======>.......................] - ETA: 2s - loss: 1.0768 - acc: 0.6608
1030/3900 [======>.......................] - ETA: 2s - loss: 1.0781 - acc: 0.6621
1090/3900 [=======>......................] - ETA: 2s - loss: 1.0707 - acc: 0.6679
1150/3900 [=======>......................] - ETA: 2s - loss: 1.0751 - acc: 0.6643
1210/3900 [========>.....................] - ETA: 2s - loss: 1.0769 - acc: 0.6636
1270/3900 [========>.....................] - ETA: 2s - loss: 1.0776 - acc: 0.6654
1330/3900 [=========>....................] - ETA: 2s - loss: 1.0763 - acc: 0.6669
1390/3900 [=========>....................] - ETA: 2s - loss: 1.0729 - acc: 0.6683
1450/3900 [==========>...................] - ETA: 2s - loss: 1.0694 - acc: 0.6703
1510/3900 [==========>...................] - ETA: 2s - loss: 1.0622 - acc: 0.6735
1570/3900 [===========>..................] - ETA: 2s - loss: 1.0624 - acc: 0.6701
1630/3900 [===========>..................] - ETA: 2s - loss: 1.0666 - acc: 0.6675
1690/3900 [============>.................] - ETA: 2s - loss: 1.0732 - acc: 0.6621
1750/3900 [============>.................] - ETA: 1s - loss: 1.0717 - acc: 0.6611
1810/3900 [============>.................] - ETA: 1s - loss: 1.0742 - acc: 0.6602
1870/3900 [=============>................] - ETA: 1s - loss: 1.0698 - acc: 0.6647
1930/3900 [=============>................] - ETA: 1s - loss: 1.0724 - acc: 0.6642
1990/3900 [==============>...............] - ETA: 1s - loss: 1.0679 - acc: 0.6643
2050/3900 [==============>...............] - ETA: 1s - loss: 1.0646 - acc: 0.6639
2110/3900 [===============>..............] - ETA: 1s - loss: 1.0628 - acc: 0.6645
2170/3900 [===============>..............] - ETA: 1s - loss: 1.0606 - acc: 0.6654
2230/3900 [================>.............] - ETA: 1s - loss: 1.0581 - acc: 0.6673
2290/3900 [================>.............] - ETA: 1s - loss: 1.0561 - acc: 0.6703
2350/3900 [=================>............] - ETA: 1s - loss: 1.0530 - acc: 0.6711
2410/3900 [=================>............] - ETA: 1s - loss: 1.0546 - acc: 0.6697
2470/3900 [==================>...........] - ETA: 1s - loss: 1.0537 - acc: 0.6692
2530/3900 [==================>...........] - ETA: 1s - loss: 1.0512 - acc: 0.6700
2590/3900 [==================>...........] - ETA: 1s - loss: 1.0498 - acc: 0.6710
2650/3900 [===================>..........] - ETA: 1s - loss: 1.0456 - acc: 0.6713
2710/3900 [===================>..........] - ETA: 1s - loss: 1.0462 - acc: 0.6705
2770/3900 [====================>.........] - ETA: 1s - loss: 1.0420 - acc: 0.6722
2830/3900 [====================>.........] - ETA: 0s - loss: 1.0407 - acc: 0.6724
2890/3900 [=====================>........] - ETA: 0s - loss: 1.0430 - acc: 0.6709
2950/3900 [=====================>........] - ETA: 0s - loss: 1.0400 - acc: 0.6725
3010/3900 [======================>.......] - ETA: 0s - loss: 1.0397 - acc: 0.6724
3070/3900 [======================>.......] - ETA: 0s - loss: 1.0380 - acc: 0.6723
3130/3900 [=======================>......] - ETA: 0s - loss: 1.0359 - acc: 0.6741
3190/3900 [=======================>......] - ETA: 0s - loss: 1.0361 - acc: 0.6724
3250/3900 [========================>.....] - ETA: 0s - loss: 1.0325 - acc: 0.6735
3310/3900 [========================>.....] - ETA: 0s - loss: 1.0318 - acc: 0.6740
3370/3900 [========================>.....] - ETA: 0s - loss: 1.0300 - acc: 0.6754
3430/3900 [=========================>....] - ETA: 0s - loss: 1.0266 - acc: 0.6764
3490/3900 [=========================>....] - ETA: 0s - loss: 1.0242 - acc: 0.6774
3550/3900 [==========================>...] - ETA: 0s - loss: 1.0217 - acc: 0.6763
3610/3900 [==========================>...] - ETA: 0s - loss: 1.0224 - acc: 0.6756
3670/3900 [===========================>..] - ETA: 0s - loss: 1.0222 - acc: 0.6741
3730/3900 [===========================>..] - ETA: 0s - loss: 1.0195 - acc: 0.6740
3790/3900 [============================>.] - ETA: 0s - loss: 1.0172 - acc: 0.6749
3850/3900 [============================>.] - ETA: 0s - loss: 1.0161 - acc: 0.6748
3900/3900 [==============================] - 4s 912us/step - loss: 1.0114 - acc: 0.6764 - val_loss: 1.7050 - val_acc: 0.3636
Current time ....3.559
Train on 600 samples, validate on 86 samples
Epoch 1/1

 10/600 [..............................] - ETA: 0s - loss: 0.0340 - acc: 1.0000
 70/600 [==>...........................] - ETA: 0s - loss: 0.0688 - acc: 1.0000
130/600 [=====>........................] - ETA: 0s - loss: 0.0654 - acc: 1.0000
190/600 [========>.....................] - ETA: 0s - loss: 0.0765 - acc: 0.9947
250/600 [===========>..................] - ETA: 0s - loss: 0.0749 - acc: 0.9920
310/600 [==============>...............] - ETA: 0s - loss: 0.0703 - acc: 0.9935
370/600 [=================>............] - ETA: 0s - loss: 0.0656 - acc: 0.9946
430/600 [====================>.........] - ETA: 0s - loss: 0.0668 - acc: 0.9953
490/600 [=======================>......] - ETA: 0s - loss: 0.0640 - acc: 0.9959
550/600 [==========================>...] - ETA: 0s - loss: 0.0640 - acc: 0.9945
600/600 [==============================] - 1s 931us/step - loss: 0.0623 - acc: 0.9950 - val_loss: 0.4045 - val_acc: 0.9186
Current time ....0.559
Train on 1200 samples, validate on 68 samples
Epoch 1/1

  10/1200 [..............................] - ETA: 1s - loss: 0.2215 - acc: 1.0000
  70/1200 [>.............................] - ETA: 1s - loss: 0.1637 - acc: 0.9857
 130/1200 [==>...........................] - ETA: 0s - loss: 0.1491 - acc: 0.9846
 190/1200 [===>..........................] - ETA: 0s - loss: 0.1728 - acc: 0.9737
 250/1200 [=====>........................] - ETA: 0s - loss: 0.1697 - acc: 0.9800
 310/1200 [======>.......................] - ETA: 0s - loss: 0.1656 - acc: 0.9774
 370/1200 [========>.....................] - ETA: 0s - loss: 0.1617 - acc: 0.9811
 430/1200 [=========>....................] - ETA: 0s - loss: 0.1578 - acc: 0.9767
 490/1200 [===========>..................] - ETA: 0s - loss: 0.1621 - acc: 0.9755
 550/1200 [============>.................] - ETA: 0s - loss: 0.1641 - acc: 0.9764
 610/1200 [==============>...............] - ETA: 0s - loss: 0.1825 - acc: 0.9721
 670/1200 [===============>..............] - ETA: 0s - loss: 0.1844 - acc: 0.9701
 730/1200 [=================>............] - ETA: 0s - loss: 0.1788 - acc: 0.9712
 790/1200 [==================>...........] - ETA: 0s - loss: 0.1854 - acc: 0.9671
 850/1200 [====================>.........] - ETA: 0s - loss: 0.1840 - acc: 0.9682
 910/1200 [=====================>........] - ETA: 0s - loss: 0.1848 - acc: 0.9681
 970/1200 [=======================>......] - ETA: 0s - loss: 0.1833 - acc: 0.9680
1030/1200 [========================>.....] - ETA: 0s - loss: 0.1819 - acc: 0.9689
1090/1200 [==========================>...] - ETA: 0s - loss: 0.1810 - acc: 0.9688
1150/1200 [===========================>..] - ETA: 0s - loss: 0.1834 - acc: 0.9652
1200/1200 [==============================] - 1s 907us/step - loss: 0.1823 - acc: 0.9658 - val_loss: 0.7976 - val_acc: 0.7206
Current time ....1.089
Train on 3900 samples, validate on 99 samples
Epoch 1/1

  10/3900 [..............................] - ETA: 3s - loss: 0.9677 - acc: 0.6000
  70/3900 [..............................] - ETA: 3s - loss: 1.0079 - acc: 0.6286
 130/3900 [>.............................] - ETA: 3s - loss: 1.0163 - acc: 0.6308
 190/3900 [>.............................] - ETA: 3s - loss: 0.9631 - acc: 0.6684
 250/3900 [>.............................] - ETA: 3s - loss: 0.9589 - acc: 0.6720
 310/3900 [=>............................] - ETA: 3s - loss: 0.9391 - acc: 0.6806
 370/3900 [=>............................] - ETA: 3s - loss: 0.9128 - acc: 0.6946
 430/3900 [==>...........................] - ETA: 3s - loss: 0.9011 - acc: 0.7023
 490/3900 [==>...........................] - ETA: 3s - loss: 0.8960 - acc: 0.7041
 550/3900 [===>..........................] - ETA: 3s - loss: 0.8919 - acc: 0.7073
 610/3900 [===>..........................] - ETA: 2s - loss: 0.8989 - acc: 0.7049
 670/3900 [====>.........................] - ETA: 2s - loss: 0.8929 - acc: 0.7060
 730/3900 [====>.........................] - ETA: 2s - loss: 0.9002 - acc: 0.7027
 790/3900 [=====>........................] - ETA: 2s - loss: 0.9104 - acc: 0.6962
 850/3900 [=====>........................] - ETA: 2s - loss: 0.9207 - acc: 0.6929
 910/3900 [======>.......................] - ETA: 2s - loss: 0.9214 - acc: 0.6923
 970/3900 [======>.......................] - ETA: 2s - loss: 0.9176 - acc: 0.6938
1030/3900 [======>.......................] - ETA: 2s - loss: 0.9116 - acc: 0.6981
1090/3900 [=======>......................] - ETA: 2s - loss: 0.9122 - acc: 0.6991
1150/3900 [=======>......................] - ETA: 2s - loss: 0.9174 - acc: 0.6957
1210/3900 [========>.....................] - ETA: 2s - loss: 0.9139 - acc: 0.6983
1270/3900 [========>.....................] - ETA: 2s - loss: 0.9124 - acc: 0.6992
1330/3900 [=========>....................] - ETA: 2s - loss: 0.9117 - acc: 0.6985
1390/3900 [=========>....................] - ETA: 2s - loss: 0.9078 - acc: 0.7007
1450/3900 [==========>...................] - ETA: 2s - loss: 0.9021 - acc: 0.7007
1510/3900 [==========>...................] - ETA: 2s - loss: 0.8966 - acc: 0.7033
1570/3900 [===========>..................] - ETA: 2s - loss: 0.8944 - acc: 0.7038
1630/3900 [===========>..................] - ETA: 2s - loss: 0.8901 - acc: 0.7067
1690/3900 [============>.................] - ETA: 2s - loss: 0.8882 - acc: 0.7107
1750/3900 [============>.................] - ETA: 1s - loss: 0.8835 - acc: 0.7137
1810/3900 [============>.................] - ETA: 1s - loss: 0.8841 - acc: 0.7127
1870/3900 [=============>................] - ETA: 1s - loss: 0.8839 - acc: 0.7128
1930/3900 [=============>................] - ETA: 1s - loss: 0.8771 - acc: 0.7171
1990/3900 [==============>...............] - ETA: 1s - loss: 0.8762 - acc: 0.7181
2050/3900 [==============>...............] - ETA: 1s - loss: 0.8774 - acc: 0.7166
2110/3900 [===============>..............] - ETA: 1s - loss: 0.8752 - acc: 0.7175
2170/3900 [===============>..............] - ETA: 1s - loss: 0.8783 - acc: 0.7143
2230/3900 [================>.............] - ETA: 1s - loss: 0.8723 - acc: 0.7166
2290/3900 [================>.............] - ETA: 1s - loss: 0.8697 - acc: 0.7166
2350/3900 [=================>............] - ETA: 1s - loss: 0.8696 - acc: 0.7174
2410/3900 [=================>............] - ETA: 1s - loss: 0.8638 - acc: 0.7212
2470/3900 [==================>...........] - ETA: 1s - loss: 0.8618 - acc: 0.7206
2530/3900 [==================>...........] - ETA: 1s - loss: 0.8598 - acc: 0.7209
2590/3900 [==================>...........] - ETA: 1s - loss: 0.8548 - acc: 0.7228
2650/3900 [===================>..........] - ETA: 1s - loss: 0.8548 - acc: 0.7215
2710/3900 [===================>..........] - ETA: 1s - loss: 0.8505 - acc: 0.7244
2770/3900 [====================>.........] - ETA: 1s - loss: 0.8462 - acc: 0.7260
2830/3900 [====================>.........] - ETA: 0s - loss: 0.8434 - acc: 0.7276
2890/3900 [=====================>........] - ETA: 0s - loss: 0.8413 - acc: 0.7273
2950/3900 [=====================>........] - ETA: 0s - loss: 0.8400 - acc: 0.7285
3010/3900 [======================>.......] - ETA: 0s - loss: 0.8357 - acc: 0.7302
3070/3900 [======================>.......] - ETA: 0s - loss: 0.8343 - acc: 0.7316
3130/3900 [=======================>......] - ETA: 0s - loss: 0.8308 - acc: 0.7332
3190/3900 [=======================>......] - ETA: 0s - loss: 0.8275 - acc: 0.7354
3250/3900 [========================>.....] - ETA: 0s - loss: 0.8275 - acc: 0.7363
3310/3900 [========================>.....] - ETA: 0s - loss: 0.8278 - acc: 0.7360
3370/3900 [========================>.....] - ETA: 0s - loss: 0.8262 - acc: 0.7362
3430/3900 [=========================>....] - ETA: 0s - loss: 0.8254 - acc: 0.7367
3490/3900 [=========================>....] - ETA: 0s - loss: 0.8234 - acc: 0.7370
3550/3900 [==========================>...] - ETA: 0s - loss: 0.8226 - acc: 0.7377
3610/3900 [==========================>...] - ETA: 0s - loss: 0.8199 - acc: 0.7391
3670/3900 [===========================>..] - ETA: 0s - loss: 0.8171 - acc: 0.7392
3730/3900 [===========================>..] - ETA: 0s - loss: 0.8158 - acc: 0.7383
3790/3900 [============================>.] - ETA: 0s - loss: 0.8146 - acc: 0.7388
3850/3900 [============================>.] - ETA: 0s - loss: 0.8128 - acc: 0.7392
3900/3900 [==============================] - 4s 912us/step - loss: 0.8121 - acc: 0.7387 - val_loss: 1.5506 - val_acc: 0.4949
Current time ....3.555
Train on 600 samples, validate on 86 samples
Epoch 1/1

 10/600 [..............................] - ETA: 0s - loss: 0.0333 - acc: 1.0000
 70/600 [==>...........................] - ETA: 0s - loss: 0.0684 - acc: 0.9857
130/600 [=====>........................] - ETA: 0s - loss: 0.0653 - acc: 0.9923
190/600 [========>.....................] - ETA: 0s - loss: 0.0608 - acc: 0.9947
250/600 [===========>..................] - ETA: 0s - loss: 0.0585 - acc: 0.9920
310/600 [==============>...............] - ETA: 0s - loss: 0.0532 - acc: 0.9935
370/600 [=================>............] - ETA: 0s - loss: 0.0524 - acc: 0.9946
430/600 [====================>.........] - ETA: 0s - loss: 0.0508 - acc: 0.9953
490/600 [=======================>......] - ETA: 0s - loss: 0.0486 - acc: 0.9959
550/600 [==========================>...] - ETA: 0s - loss: 0.0467 - acc: 0.9964
600/600 [==============================] - 1s 938us/step - loss: 0.0469 - acc: 0.9950 - val_loss: 0.4484 - val_acc: 0.9186
Current time ....0.563
Train on 1200 samples, validate on 68 samples
Epoch 1/1

  10/1200 [..............................] - ETA: 1s - loss: 0.0873 - acc: 1.0000
  70/1200 [>.............................] - ETA: 1s - loss: 0.1162 - acc: 0.9857
 130/1200 [==>...........................] - ETA: 0s - loss: 0.1124 - acc: 0.9923
 190/1200 [===>..........................] - ETA: 0s - loss: 0.1155 - acc: 0.9947
 250/1200 [=====>........................] - ETA: 0s - loss: 0.1274 - acc: 0.9960
 310/1200 [======>.......................] - ETA: 0s - loss: 0.1253 - acc: 0.9968
 370/1200 [========>.....................] - ETA: 0s - loss: 0.1258 - acc: 0.9946
 430/1200 [=========>....................] - ETA: 0s - loss: 0.1314 - acc: 0.9884
 490/1200 [===========>..................] - ETA: 0s - loss: 0.1316 - acc: 0.9878
 550/1200 [============>.................] - ETA: 0s - loss: 0.1324 - acc: 0.9855
 610/1200 [==============>...............] - ETA: 0s - loss: 0.1358 - acc: 0.9820
 670/1200 [===============>..............] - ETA: 0s - loss: 0.1309 - acc: 0.9836
 730/1200 [=================>............] - ETA: 0s - loss: 0.1283 - acc: 0.9822
 790/1200 [==================>...........] - ETA: 0s - loss: 0.1269 - acc: 0.9835
 850/1200 [====================>.........] - ETA: 0s - loss: 0.1253 - acc: 0.9824
 910/1200 [=====================>........] - ETA: 0s - loss: 0.1282 - acc: 0.9791
 970/1200 [=======================>......] - ETA: 0s - loss: 0.1267 - acc: 0.9794
1030/1200 [========================>.....] - ETA: 0s - loss: 0.1247 - acc: 0.9796
1090/1200 [==========================>...] - ETA: 0s - loss: 0.1266 - acc: 0.9771
1150/1200 [===========================>..] - ETA: 0s - loss: 0.1283 - acc: 0.9765
1200/1200 [==============================] - 1s 921us/step - loss: 0.1267 - acc: 0.9775 - val_loss: 0.8146 - val_acc: 0.7206
Current time ....1.106
Train on 3900 samples, validate on 99 samples
Epoch 1/1

  10/3900 [..............................] - ETA: 3s - loss: 0.8769 - acc: 0.7000
  70/3900 [..............................] - ETA: 3s - loss: 0.7043 - acc: 0.8000
 130/3900 [>.............................] - ETA: 3s - loss: 0.7149 - acc: 0.7846
 190/3900 [>.............................] - ETA: 3s - loss: 0.7404 - acc: 0.7526
 250/3900 [>.............................] - ETA: 3s - loss: 0.7341 - acc: 0.7680
 310/3900 [=>............................] - ETA: 3s - loss: 0.7551 - acc: 0.7484
 370/3900 [=>............................] - ETA: 3s - loss: 0.7577 - acc: 0.7541
 430/3900 [==>...........................] - ETA: 3s - loss: 0.7619 - acc: 0.7512
 490/3900 [==>...........................] - ETA: 3s - loss: 0.7599 - acc: 0.7449
 550/3900 [===>..........................] - ETA: 3s - loss: 0.7516 - acc: 0.7491
 610/3900 [===>..........................] - ETA: 2s - loss: 0.7518 - acc: 0.7475
 670/3900 [====>.........................] - ETA: 2s - loss: 0.7549 - acc: 0.7418
 730/3900 [====>.........................] - ETA: 2s - loss: 0.7474 - acc: 0.7452
 790/3900 [=====>........................] - ETA: 2s - loss: 0.7489 - acc: 0.7443
 850/3900 [=====>........................] - ETA: 2s - loss: 0.7468 - acc: 0.7447
 910/3900 [======>.......................] - ETA: 2s - loss: 0.7445 - acc: 0.7484
 970/3900 [======>.......................] - ETA: 2s - loss: 0.7316 - acc: 0.7546
1030/3900 [======>.......................] - ETA: 2s - loss: 0.7299 - acc: 0.7544
1090/3900 [=======>......................] - ETA: 2s - loss: 0.7238 - acc: 0.7615
1150/3900 [=======>......................] - ETA: 2s - loss: 0.7321 - acc: 0.7548
1210/3900 [========>.....................] - ETA: 2s - loss: 0.7317 - acc: 0.7537
1270/3900 [========>.....................] - ETA: 2s - loss: 0.7215 - acc: 0.7591
1330/3900 [=========>....................] - ETA: 2s - loss: 0.7245 - acc: 0.7579
1390/3900 [=========>....................] - ETA: 2s - loss: 0.7225 - acc: 0.7568
1450/3900 [==========>...................] - ETA: 2s - loss: 0.7193 - acc: 0.7579
1510/3900 [==========>...................] - ETA: 2s - loss: 0.7188 - acc: 0.7556
1570/3900 [===========>..................] - ETA: 2s - loss: 0.7149 - acc: 0.7586
1630/3900 [===========>..................] - ETA: 2s - loss: 0.7105 - acc: 0.7620
1690/3900 [============>.................] - ETA: 1s - loss: 0.7056 - acc: 0.7633
1750/3900 [============>.................] - ETA: 1s - loss: 0.7040 - acc: 0.7634
1810/3900 [============>.................] - ETA: 1s - loss: 0.7023 - acc: 0.7641
1870/3900 [=============>................] - ETA: 1s - loss: 0.7020 - acc: 0.7652
1930/3900 [=============>................] - ETA: 1s - loss: 0.7019 - acc: 0.7668
1990/3900 [==============>...............] - ETA: 1s - loss: 0.6995 - acc: 0.7678
2050/3900 [==============>...............] - ETA: 1s - loss: 0.6955 - acc: 0.7688
2110/3900 [===============>..............] - ETA: 1s - loss: 0.6979 - acc: 0.7668
2170/3900 [===============>..............] - ETA: 1s - loss: 0.6970 - acc: 0.7677
2230/3900 [================>.............] - ETA: 1s - loss: 0.6958 - acc: 0.7673
2290/3900 [================>.............] - ETA: 1s - loss: 0.6922 - acc: 0.7686
2350/3900 [=================>............] - ETA: 1s - loss: 0.6942 - acc: 0.7685
2410/3900 [=================>............] - ETA: 1s - loss: 0.6931 - acc: 0.7680
2470/3900 [==================>...........] - ETA: 1s - loss: 0.6929 - acc: 0.7688
2530/3900 [==================>...........] - ETA: 1s - loss: 0.6935 - acc: 0.7684
2590/3900 [==================>...........] - ETA: 1s - loss: 0.6940 - acc: 0.7683
2650/3900 [===================>..........] - ETA: 1s - loss: 0.6944 - acc: 0.7683
2710/3900 [===================>..........] - ETA: 1s - loss: 0.7006 - acc: 0.7635
2770/3900 [====================>.........] - ETA: 1s - loss: 0.7009 - acc: 0.7632
2830/3900 [====================>.........] - ETA: 0s - loss: 0.6962 - acc: 0.7650
2890/3900 [=====================>........] - ETA: 0s - loss: 0.6931 - acc: 0.7654
2950/3900 [=====================>........] - ETA: 0s - loss: 0.6898 - acc: 0.7671
3010/3900 [======================>.......] - ETA: 0s - loss: 0.6909 - acc: 0.7664
3070/3900 [======================>.......] - ETA: 0s - loss: 0.6880 - acc: 0.7678
3130/3900 [=======================>......] - ETA: 0s - loss: 0.6872 - acc: 0.7674
3190/3900 [=======================>......] - ETA: 0s - loss: 0.6842 - acc: 0.7690
3250/3900 [========================>.....] - ETA: 0s - loss: 0.6830 - acc: 0.7695
3310/3900 [========================>.....] - ETA: 0s - loss: 0.6799 - acc: 0.7701
3370/3900 [========================>.....] - ETA: 0s - loss: 0.6805 - acc: 0.7685
3430/3900 [=========================>....] - ETA: 0s - loss: 0.6824 - acc: 0.7668
3490/3900 [=========================>....] - ETA: 0s - loss: 0.6789 - acc: 0.7688
3550/3900 [==========================>...] - ETA: 0s - loss: 0.6760 - acc: 0.7696
3610/3900 [==========================>...] - ETA: 0s - loss: 0.6758 - acc: 0.7693
3670/3900 [===========================>..] - ETA: 0s - loss: 0.6731 - acc: 0.7706
3730/3900 [===========================>..] - ETA: 0s - loss: 0.6706 - acc: 0.7713
3790/3900 [============================>.] - ETA: 0s - loss: 0.6722 - acc: 0.7702
3850/3900 [============================>.] - ETA: 0s - loss: 0.6706 - acc: 0.7706
3900/3900 [==============================] - 4s 913us/step - loss: 0.6711 - acc: 0.7703 - val_loss: 1.6555 - val_acc: 0.4444
Current time ....3.561
Train on 600 samples, validate on 86 samples
Epoch 1/1

 10/600 [..............................] - ETA: 0s - loss: 0.0205 - acc: 1.0000
 70/600 [==>...........................] - ETA: 0s - loss: 0.0341 - acc: 1.0000
130/600 [=====>........................] - ETA: 0s - loss: 0.0326 - acc: 1.0000
190/600 [========>.....................] - ETA: 0s - loss: 0.0327 - acc: 1.0000
250/600 [===========>..................] - ETA: 0s - loss: 0.0366 - acc: 1.0000
310/600 [==============>...............] - ETA: 0s - loss: 0.0375 - acc: 0.9968
370/600 [=================>............] - ETA: 0s - loss: 0.0373 - acc: 0.9946
430/600 [====================>.........] - ETA: 0s - loss: 0.0400 - acc: 0.9953
490/600 [=======================>......] - ETA: 0s - loss: 0.0410 - acc: 0.9959
550/600 [==========================>...] - ETA: 0s - loss: 0.0395 - acc: 0.9964
600/600 [==============================] - 1s 931us/step - loss: 0.0383 - acc: 0.9967 - val_loss: 0.4326 - val_acc: 0.9186
Current time ....0.559
Train on 1200 samples, validate on 68 samples
Epoch 1/1

  10/1200 [..............................] - ETA: 1s - loss: 0.1449 - acc: 0.9000
  70/1200 [>.............................] - ETA: 1s - loss: 0.0774 - acc: 0.9857
 130/1200 [==>...........................] - ETA: 0s - loss: 0.0908 - acc: 0.9923
 190/1200 [===>..........................] - ETA: 0s - loss: 0.0858 - acc: 0.9947
 250/1200 [=====>........................] - ETA: 0s - loss: 0.0896 - acc: 0.9960
 310/1200 [======>.......................] - ETA: 0s - loss: 0.0984 - acc: 0.9903
 370/1200 [========>.....................] - ETA: 0s - loss: 0.0962 - acc: 0.9919
 430/1200 [=========>....................] - ETA: 0s - loss: 0.0916 - acc: 0.9930
 490/1200 [===========>..................] - ETA: 0s - loss: 0.0951 - acc: 0.9918
 550/1200 [============>.................] - ETA: 0s - loss: 0.0939 - acc: 0.9909
 610/1200 [==============>...............] - ETA: 0s - loss: 0.0916 - acc: 0.9918
 670/1200 [===============>..............] - ETA: 0s - loss: 0.0979 - acc: 0.9896
 730/1200 [=================>............] - ETA: 0s - loss: 0.0987 - acc: 0.9890
 790/1200 [==================>...........] - ETA: 0s - loss: 0.0989 - acc: 0.9886
 850/1200 [====================>.........] - ETA: 0s - loss: 0.0956 - acc: 0.9894
 910/1200 [=====================>........] - ETA: 0s - loss: 0.0929 - acc: 0.9901
 970/1200 [=======================>......] - ETA: 0s - loss: 0.0927 - acc: 0.9897
1030/1200 [========================>.....] - ETA: 0s - loss: 0.0929 - acc: 0.9883
1090/1200 [==========================>...] - ETA: 0s - loss: 0.0936 - acc: 0.9890
1150/1200 [===========================>..] - ETA: 0s - loss: 0.0984 - acc: 0.9861
1200/1200 [==============================] - 1s 909us/step - loss: 0.0988 - acc: 0.9842 - val_loss: 0.8579 - val_acc: 0.7206
Current time ....1.091

32/99 [========>.....................] - ETA: 0s
99/99 [==============================] - 0s 93us/step
In EVALUATE loss:  [1.6555275886949867, 0.44444444504651154]

32/86 [==========>...................] - ETA: 0s
86/86 [==============================] - 0s 80us/step
In EVALUATE loss:  [0.43264253125634305, 0.91860465393509971]

32/68 [=============>................] - ETA: 0s
68/68 [==============================] - 0s 99us/step
In EVALUATE loss:  [0.85790420279783364, 0.72058823529411764]
Task 1 : Primary site - Macro F1 score 0.233344759815
Task 1 : Primary site - Micro F1 score 0.444444444444
Task 2 : Tumor laterality - Macro F1 score 0.918593644354
Task 2 : Tumor laterality - Micro F1 score 0.918604651163
Task 3 : Histological grade - Macro F1 score 0.544338640083
Task 3 : Histological grade - Micro F1 score 0.720588235294
Average loss:  0.98202477425
