Importing candle utils for keras
Configuration file:  /gpfs/mira-home/apeck/Modified_Benchmarks/Pilot3/P3B1/p3b1_default_model.txt
{'activation': 'relu',
 'batch_size': 10,
 'data_url': 'ftp://ftp.mcs.anl.gov/pub/candle/public/benchmarks/P3B1/',
 'drop': 0.0,
 'epochs': 10,
 'feature_names': 'Primary site:Tumor laterality:Histological grade',
 'ind_nnet_spec': [[2400, 2400, 1200, 1200],
                   [2400, 2400, 1200, 1200],
                   [2400, 2400, 1200, 1200]],
 'initialization': 'glorot_uniform',
 'learning_rate': 0.01,
 'loss': 'categorical_crossentropy',
 'metrics': 'accuracy',
 'model_name': 'p3b1',
 'n_fold': 1,
 'optimizer': 'sgd',
 'out_activation': 'softmax',
 'output_dir': '.',
 'scaling': 'none',
 'shared_nnet_spec': [1200,
                      2400,
                      3600,
                      3600,
                      3600,
                      3600,
                      3600,
                      3600,
                      3600,
                      2400],
 'shuffle': True,
 'timeout': 1800,
 'train_data': 'P3B1_data.tar.gz'}
Params:
{'activation': 'relu',
 'batch_size': 10,
 'case': 'CenterZ',
 'data_url': 'ftp://ftp.mcs.anl.gov/pub/candle/public/benchmarks/P3B1/',
 'datatype': <class 'numpy.float32'>,
 'drop': 0.0,
 'epochs': 10,
 'experiment_id': 'EXP000',
 'feature_names': 'Primary site:Tumor laterality:Histological grade',
 'fig': False,
 'gpus': [],
 'ind_nnet_spec': [[2400, 2400, 1200, 1200],
                   [2400, 2400, 1200, 1200],
                   [2400, 2400, 1200, 1200]],
 'initialization': 'glorot_uniform',
 'learning_rate': 0.01,
 'logfile': None,
 'loss': 'categorical_crossentropy',
 'metrics': 'accuracy',
 'model_name': 'p3b1',
 'n_fold': 1,
 'optimizer': 'sgd',
 'out_activation': 'softmax',
 'output_dir': '/gpfs/mira-home/apeck/CANDLE_testing/avery_modified_results/p3_1',
 'output_files': 'result0_0.csv;result1_0.csv;result2_0.csv',
 'rng_seed': 7102,
 'run_id': 'RUN000',
 'scaling': 'none',
 'shared_nnet_spec': [1200,
                      2400,
                      3600,
                      3600,
                      3600,
                      3600,
                      3600,
                      3600,
                      3600,
                      2400],
 'shuffle': False,
 'timeout': 1800,
 'train_bool': True,
 'train_data': 'P3B1_data.tar.gz',
 'train_features': 'data/task0_0_train_feature.csv;data/task1_0_train_feature.csv;data/task2_0_train_feature.csv',
 'train_truths': 'data/task0_0_train_label.csv;data/task1_0_train_label.csv;data/task2_0_train_label.csv',
 'valid_features': 'data/task0_0_test_feature.csv;data/task1_0_test_feature.csv;data/task2_0_test_feature.csv',
 'valid_truths': 'data/task0_0_test_label.csv;data/task1_0_test_label.csv;data/task2_0_test_label.csv',
 'verbose': None}
Feature names:
Primary site
Tumor laterality
Histological grade
Model:  0
_________________________________________________________________
Layer (type)                 Output Shape              Param #   
=================================================================
input (InputLayer)           (None, 400)               0         
_________________________________________________________________
indiv_layer_0_0 (Dense)      (None, 2400)              962400    
_________________________________________________________________
indiv_layer_0_1 (Dense)      (None, 2400)              5762400   
_________________________________________________________________
indiv_layer_0_2 (Dense)      (None, 1200)              2881200   
_________________________________________________________________
indiv_layer_0_3 (Dense)      (None, 1200)              1441200   
_________________________________________________________________
out_0 (Dense)                (None, 13)                15613     
=================================================================
Total params: 11,062,813
Trainable params: 11,062,813
Non-trainable params: 0
_________________________________________________________________
Model:  1
_________________________________________________________________
Layer (type)                 Output Shape              Param #   
=================================================================
input (InputLayer)           (None, 400)               0         
_________________________________________________________________
indiv_layer_1_0 (Dense)      (None, 2400)              962400    
_________________________________________________________________
indiv_layer_1_1 (Dense)      (None, 2400)              5762400   
_________________________________________________________________
indiv_layer_1_2 (Dense)      (None, 1200)              2881200   
_________________________________________________________________
indiv_layer_1_3 (Dense)      (None, 1200)              1441200   
_________________________________________________________________
out_1 (Dense)                (None, 2)                 2402      
=================================================================
Total params: 11,049,602
Trainable params: 11,049,602
Non-trainable params: 0
_________________________________________________________________
Model:  2
_________________________________________________________________
Layer (type)                 Output Shape              Param #   
=================================================================
input (InputLayer)           (None, 400)               0         
_________________________________________________________________
indiv_layer_2_0 (Dense)      (None, 2400)              962400    
_________________________________________________________________
indiv_layer_2_1 (Dense)      (None, 2400)              5762400   
_________________________________________________________________
indiv_layer_2_2 (Dense)      (None, 1200)              2881200   
_________________________________________________________________
indiv_layer_2_3 (Dense)      (None, 1200)              1441200   
_________________________________________________________________
out_2 (Dense)                (None, 4)                 4804      
=================================================================
Total params: 11,052,004
Trainable params: 11,052,004
Non-trainable params: 0
_________________________________________________________________
Train on 3900 samples, validate on 99 samples
Epoch 1/1

  10/3900 [..............................] - ETA: 16:49 - loss: 2.5620 - acc: 0.2000
  50/3900 [..............................] - ETA: 3:24 - loss: 2.5636 - acc: 0.0400 
 100/3900 [..............................] - ETA: 1:42 - loss: 2.5647 - acc: 0.0500
 150/3900 [>.............................] - ETA: 1:09 - loss: 2.5639 - acc: 0.0800
 200/3900 [>.............................] - ETA: 52s - loss: 2.5640 - acc: 0.0900 
 250/3900 [>.............................] - ETA: 42s - loss: 2.5634 - acc: 0.1080
 300/3900 [=>............................] - ETA: 35s - loss: 2.5626 - acc: 0.1100
 350/3900 [=>............................] - ETA: 30s - loss: 2.5623 - acc: 0.1029
 400/3900 [==>...........................] - ETA: 26s - loss: 2.5620 - acc: 0.1075
 460/3900 [==>...........................] - ETA: 23s - loss: 2.5619 - acc: 0.1022
 520/3900 [===>..........................] - ETA: 20s - loss: 2.5617 - acc: 0.1000
 580/3900 [===>..........................] - ETA: 18s - loss: 2.5616 - acc: 0.1034
 640/3900 [===>..........................] - ETA: 16s - loss: 2.5612 - acc: 0.1047
 700/3900 [====>.........................] - ETA: 15s - loss: 2.5612 - acc: 0.1071
 760/3900 [====>.........................] - ETA: 13s - loss: 2.5613 - acc: 0.1066
 820/3900 [=====>........................] - ETA: 12s - loss: 2.5610 - acc: 0.1122
 880/3900 [=====>........................] - ETA: 11s - loss: 2.5609 - acc: 0.1125
 940/3900 [======>.......................] - ETA: 11s - loss: 2.5608 - acc: 0.1117
1000/3900 [======>.......................] - ETA: 10s - loss: 2.5604 - acc: 0.1180
1060/3900 [=======>......................] - ETA: 9s - loss: 2.5600 - acc: 0.1208 
1120/3900 [=======>......................] - ETA: 9s - loss: 2.5598 - acc: 0.1205
1180/3900 [========>.....................] - ETA: 8s - loss: 2.5598 - acc: 0.1161
1240/3900 [========>.....................] - ETA: 8s - loss: 2.5597 - acc: 0.1137
1300/3900 [=========>....................] - ETA: 7s - loss: 2.5594 - acc: 0.1169
1360/3900 [=========>....................] - ETA: 7s - loss: 2.5591 - acc: 0.1176
1420/3900 [=========>....................] - ETA: 6s - loss: 2.5587 - acc: 0.1197
1480/3900 [==========>...................] - ETA: 6s - loss: 2.5586 - acc: 0.1196
1540/3900 [==========>...................] - ETA: 6s - loss: 2.5585 - acc: 0.1182
1600/3900 [===========>..................] - ETA: 5s - loss: 2.5585 - acc: 0.1175
1660/3900 [===========>..................] - ETA: 5s - loss: 2.5583 - acc: 0.1187
1720/3900 [============>.................] - ETA: 5s - loss: 2.5580 - acc: 0.1192
1780/3900 [============>.................] - ETA: 5s - loss: 2.5577 - acc: 0.1247
1840/3900 [=============>................] - ETA: 4s - loss: 2.5575 - acc: 0.1245
1900/3900 [=============>................] - ETA: 4s - loss: 2.5572 - acc: 0.1258
1960/3900 [==============>...............] - ETA: 4s - loss: 2.5569 - acc: 0.1260
2020/3900 [==============>...............] - ETA: 4s - loss: 2.5567 - acc: 0.1272
2080/3900 [===============>..............] - ETA: 3s - loss: 2.5565 - acc: 0.1288
2140/3900 [===============>..............] - ETA: 3s - loss: 2.5562 - acc: 0.1336
2200/3900 [===============>..............] - ETA: 3s - loss: 2.5560 - acc: 0.1355
2260/3900 [================>.............] - ETA: 3s - loss: 2.5558 - acc: 0.1367
2320/3900 [================>.............] - ETA: 3s - loss: 2.5556 - acc: 0.1375
2380/3900 [=================>............] - ETA: 3s - loss: 2.5555 - acc: 0.1403
2440/3900 [=================>............] - ETA: 2s - loss: 2.5552 - acc: 0.1443
2500/3900 [==================>...........] - ETA: 2s - loss: 2.5548 - acc: 0.1500
2560/3900 [==================>...........] - ETA: 2s - loss: 2.5545 - acc: 0.1520
2620/3900 [===================>..........] - ETA: 2s - loss: 2.5543 - acc: 0.1527
2680/3900 [===================>..........] - ETA: 2s - loss: 2.5540 - acc: 0.1563
2740/3900 [====================>.........] - ETA: 2s - loss: 2.5537 - acc: 0.1573
2800/3900 [====================>.........] - ETA: 2s - loss: 2.5535 - acc: 0.1579
2860/3900 [=====================>........] - ETA: 1s - loss: 2.5532 - acc: 0.1587
2920/3900 [=====================>........] - ETA: 1s - loss: 2.5530 - acc: 0.1582
2980/3900 [=====================>........] - ETA: 1s - loss: 2.5528 - acc: 0.1601
3040/3900 [======================>.......] - ETA: 1s - loss: 2.5526 - acc: 0.1602
3100/3900 [======================>.......] - ETA: 1s - loss: 2.5523 - acc: 0.1629
3160/3900 [=======================>......] - ETA: 1s - loss: 2.5521 - acc: 0.1661
3220/3900 [=======================>......] - ETA: 1s - loss: 2.5517 - acc: 0.1724
3280/3900 [========================>.....] - ETA: 1s - loss: 2.5515 - acc: 0.1768
3340/3900 [========================>.....] - ETA: 0s - loss: 2.5512 - acc: 0.1793
3400/3900 [=========================>....] - ETA: 0s - loss: 2.5510 - acc: 0.1806
3460/3900 [=========================>....] - ETA: 0s - loss: 2.5506 - acc: 0.1850
3520/3900 [==========================>...] - ETA: 0s - loss: 2.5503 - acc: 0.1864
3580/3900 [==========================>...] - ETA: 0s - loss: 2.5500 - acc: 0.1905
3640/3900 [===========================>..] - ETA: 0s - loss: 2.5498 - acc: 0.1945
3700/3900 [===========================>..] - ETA: 0s - loss: 2.5495 - acc: 0.1968
3760/3900 [===========================>..] - ETA: 0s - loss: 2.5492 - acc: 0.1997
3820/3900 [============================>.] - ETA: 0s - loss: 2.5490 - acc: 0.2031
3880/3900 [============================>.] - ETA: 0s - loss: 2.5487 - acc: 0.2101
3900/3900 [==============================] - 6s 2ms/step - loss: 2.5486 - acc: 0.2118 - val_loss: 2.5396 - val_acc: 0.3232
Current time ....6.220
Train on 600 samples, validate on 86 samples
Epoch 1/1

 10/600 [..............................] - ETA: 17s - loss: 0.6922 - acc: 0.5000
 70/600 [==>...........................] - ETA: 2s - loss: 0.6890 - acc: 0.5571 
130/600 [=====>........................] - ETA: 1s - loss: 0.6863 - acc: 0.6231
190/600 [========>.....................] - ETA: 1s - loss: 0.6861 - acc: 0.6421
200/600 [=========>....................] - ETA: 1s - loss: 0.6858 - acc: 0.6450
260/600 [============>.................] - ETA: 0s - loss: 0.6806 - acc: 0.6731
320/600 [===============>..............] - ETA: 0s - loss: 0.6757 - acc: 0.6938
380/600 [==================>...........] - ETA: 0s - loss: 0.6726 - acc: 0.7158
440/600 [=====================>........] - ETA: 0s - loss: 0.6679 - acc: 0.7386
500/600 [========================>.....] - ETA: 0s - loss: 0.6632 - acc: 0.7640
560/600 [===========================>..] - ETA: 0s - loss: 0.6581 - acc: 0.7768
600/600 [==============================] - 1s 2ms/step - loss: 0.6545 - acc: 0.7850 - val_loss: 0.6228 - val_acc: 0.8488
Current time ....0.909
Train on 1200 samples, validate on 68 samples
Epoch 1/1

  10/1200 [..............................] - ETA: 30s - loss: 1.3858 - acc: 0.6000
  70/1200 [>.............................] - ETA: 4s - loss: 1.3774 - acc: 0.3286 
 130/1200 [==>...........................] - ETA: 2s - loss: 1.3623 - acc: 0.3385
 190/1200 [===>..........................] - ETA: 2s - loss: 1.3623 - acc: 0.2947
 250/1200 [=====>........................] - ETA: 1s - loss: 1.3561 - acc: 0.3080
 310/1200 [======>.......................] - ETA: 1s - loss: 1.3531 - acc: 0.3355
 370/1200 [========>.....................] - ETA: 1s - loss: 1.3460 - acc: 0.3649
 430/1200 [=========>....................] - ETA: 1s - loss: 1.3410 - acc: 0.3721
 490/1200 [===========>..................] - ETA: 0s - loss: 1.3362 - acc: 0.3653
 550/1200 [============>.................] - ETA: 0s - loss: 1.3294 - acc: 0.3727
 610/1200 [==============>...............] - ETA: 0s - loss: 1.3266 - acc: 0.3836
 670/1200 [===============>..............] - ETA: 0s - loss: 1.3226 - acc: 0.3955
 730/1200 [=================>............] - ETA: 0s - loss: 1.3201 - acc: 0.4041
 790/1200 [==================>...........] - ETA: 0s - loss: 1.3150 - acc: 0.4152
 850/1200 [====================>.........] - ETA: 0s - loss: 1.3124 - acc: 0.4224
 910/1200 [=====================>........] - ETA: 0s - loss: 1.3080 - acc: 0.4297
 970/1200 [=======================>......] - ETA: 0s - loss: 1.3043 - acc: 0.4361
1030/1200 [========================>.....] - ETA: 0s - loss: 1.3011 - acc: 0.4408
1090/1200 [==========================>...] - ETA: 0s - loss: 1.2944 - acc: 0.4505
1150/1200 [===========================>..] - ETA: 0s - loss: 1.2895 - acc: 0.4565
1200/1200 [==============================] - 1s 1ms/step - loss: 1.2852 - acc: 0.4600 - val_loss: 1.2922 - val_acc: 0.2647
Current time ....1.338
Train on 3900 samples, validate on 99 samples
Epoch 1/1

  10/3900 [..............................] - ETA: 3s - loss: 2.5278 - acc: 0.5000
  70/3900 [..............................] - ETA: 3s - loss: 2.5279 - acc: 0.5286
 130/3900 [>.............................] - ETA: 3s - loss: 2.5274 - acc: 0.5462
 190/3900 [>.............................] - ETA: 3s - loss: 2.5279 - acc: 0.5211
 250/3900 [>.............................] - ETA: 3s - loss: 2.5269 - acc: 0.5120
 310/3900 [=>............................] - ETA: 3s - loss: 2.5262 - acc: 0.5194
 370/3900 [=>............................] - ETA: 3s - loss: 2.5259 - acc: 0.5162
 430/3900 [==>...........................] - ETA: 3s - loss: 2.5253 - acc: 0.5209
 490/3900 [==>...........................] - ETA: 3s - loss: 2.5247 - acc: 0.5265
 550/3900 [===>..........................] - ETA: 3s - loss: 2.5248 - acc: 0.5127
 610/3900 [===>..........................] - ETA: 2s - loss: 2.5246 - acc: 0.5115
 670/3900 [====>.........................] - ETA: 2s - loss: 2.5241 - acc: 0.5075
 730/3900 [====>.........................] - ETA: 2s - loss: 2.5238 - acc: 0.5082
 790/3900 [=====>........................] - ETA: 2s - loss: 2.5234 - acc: 0.5063
 850/3900 [=====>........................] - ETA: 2s - loss: 2.5228 - acc: 0.5047
 910/3900 [======>.......................] - ETA: 2s - loss: 2.5222 - acc: 0.5044
 970/3900 [======>.......................] - ETA: 2s - loss: 2.5218 - acc: 0.5010
1030/3900 [======>.......................] - ETA: 2s - loss: 2.5216 - acc: 0.4932
1090/3900 [=======>......................] - ETA: 2s - loss: 2.5214 - acc: 0.4890
1150/3900 [=======>......................] - ETA: 2s - loss: 2.5209 - acc: 0.4904
1210/3900 [========>.....................] - ETA: 2s - loss: 2.5205 - acc: 0.4942
1270/3900 [========>.....................] - ETA: 2s - loss: 2.5202 - acc: 0.4929
1330/3900 [=========>....................] - ETA: 2s - loss: 2.5198 - acc: 0.4910
1390/3900 [=========>....................] - ETA: 2s - loss: 2.5190 - acc: 0.4906
1450/3900 [==========>...................] - ETA: 2s - loss: 2.5186 - acc: 0.4828
1510/3900 [==========>...................] - ETA: 2s - loss: 2.5180 - acc: 0.4834
1570/3900 [===========>..................] - ETA: 2s - loss: 2.5174 - acc: 0.4834
1630/3900 [===========>..................] - ETA: 2s - loss: 2.5167 - acc: 0.4834
1690/3900 [============>.................] - ETA: 1s - loss: 2.5164 - acc: 0.4799
1750/3900 [============>.................] - ETA: 1s - loss: 2.5159 - acc: 0.4834
1810/3900 [============>.................] - ETA: 1s - loss: 2.5154 - acc: 0.4856
1870/3900 [=============>................] - ETA: 1s - loss: 2.5150 - acc: 0.4813
1930/3900 [=============>................] - ETA: 1s - loss: 2.5144 - acc: 0.4819
1990/3900 [==============>...............] - ETA: 1s - loss: 2.5139 - acc: 0.4804
2050/3900 [==============>...............] - ETA: 1s - loss: 2.5132 - acc: 0.4820
2110/3900 [===============>..............] - ETA: 1s - loss: 2.5127 - acc: 0.4801
2170/3900 [===============>..............] - ETA: 1s - loss: 2.5121 - acc: 0.4783
2230/3900 [================>.............] - ETA: 1s - loss: 2.5117 - acc: 0.4749
2290/3900 [================>.............] - ETA: 1s - loss: 2.5110 - acc: 0.4760
2350/3900 [=================>............] - ETA: 1s - loss: 2.5103 - acc: 0.4770
2410/3900 [=================>............] - ETA: 1s - loss: 2.5097 - acc: 0.4755
2470/3900 [==================>...........] - ETA: 1s - loss: 2.5090 - acc: 0.4769
2530/3900 [==================>...........] - ETA: 1s - loss: 2.5084 - acc: 0.4779
2590/3900 [==================>...........] - ETA: 1s - loss: 2.5078 - acc: 0.4764
2650/3900 [===================>..........] - ETA: 1s - loss: 2.5072 - acc: 0.4736
2710/3900 [===================>..........] - ETA: 1s - loss: 2.5067 - acc: 0.4701
2770/3900 [====================>.........] - ETA: 1s - loss: 2.5060 - acc: 0.4704
2830/3900 [====================>.........] - ETA: 0s - loss: 2.5053 - acc: 0.4707
2890/3900 [=====================>........] - ETA: 0s - loss: 2.5045 - acc: 0.4720
2950/3900 [=====================>........] - ETA: 0s - loss: 2.5039 - acc: 0.4719
3010/3900 [======================>.......] - ETA: 0s - loss: 2.5033 - acc: 0.4718
3070/3900 [======================>.......] - ETA: 0s - loss: 2.5028 - acc: 0.4700
3130/3900 [=======================>......] - ETA: 0s - loss: 2.5021 - acc: 0.4700
3190/3900 [=======================>......] - ETA: 0s - loss: 2.5015 - acc: 0.4705
3250/3900 [========================>.....] - ETA: 0s - loss: 2.5007 - acc: 0.4729
3310/3900 [========================>.....] - ETA: 0s - loss: 2.4999 - acc: 0.4761
3370/3900 [========================>.....] - ETA: 0s - loss: 2.4992 - acc: 0.4772
3430/3900 [=========================>....] - ETA: 0s - loss: 2.4982 - acc: 0.4793
3490/3900 [=========================>....] - ETA: 0s - loss: 2.4975 - acc: 0.4785
3550/3900 [==========================>...] - ETA: 0s - loss: 2.4968 - acc: 0.4792
3610/3900 [==========================>...] - ETA: 0s - loss: 2.4959 - acc: 0.4809
3670/3900 [===========================>..] - ETA: 0s - loss: 2.4949 - acc: 0.4828
3730/3900 [===========================>..] - ETA: 0s - loss: 2.4942 - acc: 0.4826
3790/3900 [============================>.] - ETA: 0s - loss: 2.4933 - acc: 0.4844
3850/3900 [============================>.] - ETA: 0s - loss: 2.4925 - acc: 0.4836
3900/3900 [==============================] - 4s 900us/step - loss: 2.4917 - acc: 0.4846 - val_loss: 2.4660 - val_acc: 0.3131
Current time ....3.508
Train on 600 samples, validate on 86 samples
Epoch 1/1

 10/600 [..............................] - ETA: 0s - loss: 0.6148 - acc: 0.9000
 70/600 [==>...........................] - ETA: 0s - loss: 0.5824 - acc: 0.9286
130/600 [=====>........................] - ETA: 0s - loss: 0.5686 - acc: 0.9538
190/600 [========>.....................] - ETA: 0s - loss: 0.5732 - acc: 0.9526
250/600 [===========>..................] - ETA: 0s - loss: 0.5774 - acc: 0.9440
310/600 [==============>...............] - ETA: 0s - loss: 0.5714 - acc: 0.9419
370/600 [=================>............] - ETA: 0s - loss: 0.5668 - acc: 0.9486
430/600 [====================>.........] - ETA: 0s - loss: 0.5578 - acc: 0.9465
490/600 [=======================>......] - ETA: 0s - loss: 0.5537 - acc: 0.9449
550/600 [==========================>...] - ETA: 0s - loss: 0.5469 - acc: 0.9455
600/600 [==============================] - 1s 918us/step - loss: 0.5417 - acc: 0.9417 - val_loss: 0.5337 - val_acc: 0.8837
Current time ....0.551
Train on 1200 samples, validate on 68 samples
Epoch 1/1

  10/1200 [..............................] - ETA: 1s - loss: 1.0942 - acc: 0.6000
  70/1200 [>.............................] - ETA: 1s - loss: 1.1239 - acc: 0.5714
 130/1200 [==>...........................] - ETA: 0s - loss: 1.1116 - acc: 0.6000
 190/1200 [===>..........................] - ETA: 0s - loss: 1.1168 - acc: 0.5632
 250/1200 [=====>........................] - ETA: 0s - loss: 1.1089 - acc: 0.5680
 310/1200 [======>.......................] - ETA: 0s - loss: 1.1056 - acc: 0.5710
 370/1200 [========>.....................] - ETA: 0s - loss: 1.1099 - acc: 0.5784
 430/1200 [=========>....................] - ETA: 0s - loss: 1.1066 - acc: 0.5837
 490/1200 [===========>..................] - ETA: 0s - loss: 1.1097 - acc: 0.5837
 550/1200 [============>.................] - ETA: 0s - loss: 1.1043 - acc: 0.5927
 610/1200 [==============>...............] - ETA: 0s - loss: 1.0934 - acc: 0.6049
 670/1200 [===============>..............] - ETA: 0s - loss: 1.0819 - acc: 0.6134
 730/1200 [=================>............] - ETA: 0s - loss: 1.0763 - acc: 0.6137
 790/1200 [==================>...........] - ETA: 0s - loss: 1.0737 - acc: 0.6177
 850/1200 [====================>.........] - ETA: 0s - loss: 1.0728 - acc: 0.6165
 910/1200 [=====================>........] - ETA: 0s - loss: 1.0694 - acc: 0.6143
 970/1200 [=======================>......] - ETA: 0s - loss: 1.0703 - acc: 0.6082
1030/1200 [========================>.....] - ETA: 0s - loss: 1.0641 - acc: 0.6136
1090/1200 [==========================>...] - ETA: 0s - loss: 1.0598 - acc: 0.6165
1150/1200 [===========================>..] - ETA: 0s - loss: 1.0562 - acc: 0.6157
1200/1200 [==============================] - 1s 900us/step - loss: 1.0519 - acc: 0.6175 - val_loss: 1.1326 - val_acc: 0.4265
Current time ....1.080
Train on 3900 samples, validate on 99 samples
Epoch 1/1

  10/3900 [..............................] - ETA: 3s - loss: 2.4242 - acc: 0.5000
  70/3900 [..............................] - ETA: 3s - loss: 2.4345 - acc: 0.4286
 130/3900 [>.............................] - ETA: 3s - loss: 2.4360 - acc: 0.4462
 190/3900 [>.............................] - ETA: 3s - loss: 2.4369 - acc: 0.4421
 250/3900 [>.............................] - ETA: 3s - loss: 2.4319 - acc: 0.4800
 310/3900 [=>............................] - ETA: 3s - loss: 2.4313 - acc: 0.4645
 370/3900 [=>............................] - ETA: 3s - loss: 2.4281 - acc: 0.4784
 430/3900 [==>...........................] - ETA: 3s - loss: 2.4257 - acc: 0.4977
 490/3900 [==>...........................] - ETA: 3s - loss: 2.4247 - acc: 0.4918
 550/3900 [===>..........................] - ETA: 2s - loss: 2.4222 - acc: 0.5000
 610/3900 [===>..........................] - ETA: 2s - loss: 2.4196 - acc: 0.5066
 670/3900 [====>.........................] - ETA: 2s - loss: 2.4176 - acc: 0.4970
 730/3900 [====>.........................] - ETA: 2s - loss: 2.4156 - acc: 0.5068
 790/3900 [=====>........................] - ETA: 2s - loss: 2.4149 - acc: 0.4975
 850/3900 [=====>........................] - ETA: 2s - loss: 2.4144 - acc: 0.4988
 910/3900 [======>.......................] - ETA: 2s - loss: 2.4127 - acc: 0.4978
 970/3900 [======>.......................] - ETA: 2s - loss: 2.4101 - acc: 0.4990
1030/3900 [======>.......................] - ETA: 2s - loss: 2.4084 - acc: 0.4981
1090/3900 [=======>......................] - ETA: 2s - loss: 2.4068 - acc: 0.4991
1150/3900 [=======>......................] - ETA: 2s - loss: 2.4059 - acc: 0.4948
1210/3900 [========>.....................] - ETA: 2s - loss: 2.4039 - acc: 0.4950
1270/3900 [========>.....................] - ETA: 2s - loss: 2.4026 - acc: 0.4913
1330/3900 [=========>....................] - ETA: 2s - loss: 2.3997 - acc: 0.4992
1390/3900 [=========>....................] - ETA: 2s - loss: 2.3977 - acc: 0.4993
1450/3900 [==========>...................] - ETA: 2s - loss: 2.3955 - acc: 0.5000
1510/3900 [==========>...................] - ETA: 2s - loss: 2.3931 - acc: 0.4993
1570/3900 [===========>..................] - ETA: 2s - loss: 2.3917 - acc: 0.4930
1630/3900 [===========>..................] - ETA: 2s - loss: 2.3895 - acc: 0.4933
1690/3900 [============>.................] - ETA: 1s - loss: 2.3871 - acc: 0.4929
1750/3900 [============>.................] - ETA: 1s - loss: 2.3842 - acc: 0.4937
1810/3900 [============>.................] - ETA: 1s - loss: 2.3820 - acc: 0.4928
1870/3900 [=============>................] - ETA: 1s - loss: 2.3788 - acc: 0.4898
1930/3900 [=============>................] - ETA: 1s - loss: 2.3759 - acc: 0.4855
1990/3900 [==============>...............] - ETA: 1s - loss: 2.3736 - acc: 0.4764
2050/3900 [==============>...............] - ETA: 1s - loss: 2.3713 - acc: 0.4702
2110/3900 [===============>..............] - ETA: 1s - loss: 2.3695 - acc: 0.4659
2170/3900 [===============>..............] - ETA: 1s - loss: 2.3673 - acc: 0.4618
2230/3900 [================>.............] - ETA: 1s - loss: 2.3650 - acc: 0.4583
2290/3900 [================>.............] - ETA: 1s - loss: 2.3632 - acc: 0.4537
2350/3900 [=================>............] - ETA: 1s - loss: 2.3608 - acc: 0.4545
2410/3900 [=================>............] - ETA: 1s - loss: 2.3587 - acc: 0.4490
2470/3900 [==================>...........] - ETA: 1s - loss: 2.3557 - acc: 0.4470
2530/3900 [==================>...........] - ETA: 1s - loss: 2.3536 - acc: 0.4423
2590/3900 [==================>...........] - ETA: 1s - loss: 2.3505 - acc: 0.4402
2650/3900 [===================>..........] - ETA: 1s - loss: 2.3472 - acc: 0.4355
2710/3900 [===================>..........] - ETA: 1s - loss: 2.3445 - acc: 0.4321
2770/3900 [====================>.........] - ETA: 1s - loss: 2.3421 - acc: 0.4318
2830/3900 [====================>.........] - ETA: 0s - loss: 2.3396 - acc: 0.4336
2890/3900 [=====================>........] - ETA: 0s - loss: 2.3368 - acc: 0.4325
2950/3900 [=====================>........] - ETA: 0s - loss: 2.3341 - acc: 0.4349
3010/3900 [======================>.......] - ETA: 0s - loss: 2.3308 - acc: 0.4365
3070/3900 [======================>.......] - ETA: 0s - loss: 2.3271 - acc: 0.4378
3130/3900 [=======================>......] - ETA: 0s - loss: 2.3243 - acc: 0.4342
3190/3900 [=======================>......] - ETA: 0s - loss: 2.3222 - acc: 0.4332
3250/3900 [========================>.....] - ETA: 0s - loss: 2.3195 - acc: 0.4314
3310/3900 [========================>.....] - ETA: 0s - loss: 2.3166 - acc: 0.4314
3370/3900 [========================>.....] - ETA: 0s - loss: 2.3130 - acc: 0.4306
3430/3900 [=========================>....] - ETA: 0s - loss: 2.3103 - acc: 0.4283
3490/3900 [=========================>....] - ETA: 0s - loss: 2.3076 - acc: 0.4292
3550/3900 [==========================>...] - ETA: 0s - loss: 2.3052 - acc: 0.4301
3610/3900 [==========================>...] - ETA: 0s - loss: 2.3019 - acc: 0.4307
3670/3900 [===========================>..] - ETA: 0s - loss: 2.2991 - acc: 0.4311
3730/3900 [===========================>..] - ETA: 0s - loss: 2.2964 - acc: 0.4332
3790/3900 [============================>.] - ETA: 0s - loss: 2.2926 - acc: 0.4343
3850/3900 [============================>.] - ETA: 0s - loss: 2.2893 - acc: 0.4330
3900/3900 [==============================] - 4s 898us/step - loss: 2.2866 - acc: 0.4318 - val_loss: 2.1516 - val_acc: 0.3030
Current time ....3.503
Train on 600 samples, validate on 86 samples
Epoch 1/1

 10/600 [..............................] - ETA: 0s - loss: 0.3635 - acc: 1.0000
 70/600 [==>...........................] - ETA: 0s - loss: 0.4100 - acc: 0.9714
130/600 [=====>........................] - ETA: 0s - loss: 0.4157 - acc: 0.9769
190/600 [========>.....................] - ETA: 0s - loss: 0.4188 - acc: 0.9842
250/600 [===========>..................] - ETA: 0s - loss: 0.4171 - acc: 0.9840
310/600 [==============>...............] - ETA: 0s - loss: 0.4129 - acc: 0.9806
370/600 [=================>............] - ETA: 0s - loss: 0.4145 - acc: 0.9730
430/600 [====================>.........] - ETA: 0s - loss: 0.4064 - acc: 0.9767
490/600 [=======================>......] - ETA: 0s - loss: 0.4014 - acc: 0.9735
550/600 [==========================>...] - ETA: 0s - loss: 0.3940 - acc: 0.9727
600/600 [==============================] - 1s 918us/step - loss: 0.3898 - acc: 0.9733 - val_loss: 0.4310 - val_acc: 0.9186
Current time ....0.551
Train on 1200 samples, validate on 68 samples
Epoch 1/1

  10/1200 [..............................] - ETA: 1s - loss: 0.8786 - acc: 0.7000
  70/1200 [>.............................] - ETA: 0s - loss: 0.8696 - acc: 0.6429
 130/1200 [==>...........................] - ETA: 0s - loss: 0.8676 - acc: 0.6538
 190/1200 [===>..........................] - ETA: 0s - loss: 0.8993 - acc: 0.6632
 250/1200 [=====>........................] - ETA: 0s - loss: 0.8977 - acc: 0.6600
 310/1200 [======>.......................] - ETA: 0s - loss: 0.8947 - acc: 0.6645
 370/1200 [========>.....................] - ETA: 0s - loss: 0.8918 - acc: 0.6784
 430/1200 [=========>....................] - ETA: 0s - loss: 0.8866 - acc: 0.6860
 490/1200 [===========>..................] - ETA: 0s - loss: 0.8777 - acc: 0.6980
 550/1200 [============>.................] - ETA: 0s - loss: 0.8778 - acc: 0.6982
 610/1200 [==============>...............] - ETA: 0s - loss: 0.8694 - acc: 0.6984
 670/1200 [===============>..............] - ETA: 0s - loss: 0.8638 - acc: 0.7060
 730/1200 [=================>............] - ETA: 0s - loss: 0.8616 - acc: 0.7027
 790/1200 [==================>...........] - ETA: 0s - loss: 0.8476 - acc: 0.7063
 850/1200 [====================>.........] - ETA: 0s - loss: 0.8427 - acc: 0.7071
 910/1200 [=====================>........] - ETA: 0s - loss: 0.8349 - acc: 0.7088
 970/1200 [=======================>......] - ETA: 0s - loss: 0.8286 - acc: 0.7093
1030/1200 [========================>.....] - ETA: 0s - loss: 0.8225 - acc: 0.7136
1090/1200 [==========================>...] - ETA: 0s - loss: 0.8201 - acc: 0.7138
1150/1200 [===========================>..] - ETA: 0s - loss: 0.8194 - acc: 0.7139
1200/1200 [==============================] - 1s 899us/step - loss: 0.8124 - acc: 0.7175 - val_loss: 1.0355 - val_acc: 0.5000
Current time ....1.079
Train on 3900 samples, validate on 99 samples
Epoch 1/1

  10/3900 [..............................] - ETA: 3s - loss: 2.0642 - acc: 0.4000
  70/3900 [..............................] - ETA: 3s - loss: 2.0646 - acc: 0.4857
 130/3900 [>.............................] - ETA: 3s - loss: 2.0655 - acc: 0.4462
 190/3900 [>.............................] - ETA: 3s - loss: 2.0672 - acc: 0.4789
 250/3900 [>.............................] - ETA: 3s - loss: 2.0661 - acc: 0.4720
 310/3900 [=>............................] - ETA: 3s - loss: 2.0615 - acc: 0.4645
 370/3900 [=>............................] - ETA: 3s - loss: 2.0580 - acc: 0.4459
 430/3900 [==>...........................] - ETA: 3s - loss: 2.0556 - acc: 0.4395
 490/3900 [==>...........................] - ETA: 3s - loss: 2.0507 - acc: 0.4306
 550/3900 [===>..........................] - ETA: 3s - loss: 2.0517 - acc: 0.4255
 610/3900 [===>..........................] - ETA: 2s - loss: 2.0465 - acc: 0.4148
 670/3900 [====>.........................] - ETA: 2s - loss: 2.0481 - acc: 0.4075
 730/3900 [====>.........................] - ETA: 2s - loss: 2.0418 - acc: 0.4178
 790/3900 [=====>........................] - ETA: 2s - loss: 2.0404 - acc: 0.4127
 850/3900 [=====>........................] - ETA: 2s - loss: 2.0335 - acc: 0.4141
 910/3900 [======>.......................] - ETA: 2s - loss: 2.0332 - acc: 0.4066
 970/3900 [======>.......................] - ETA: 2s - loss: 2.0316 - acc: 0.3990
1030/3900 [======>.......................] - ETA: 2s - loss: 2.0271 - acc: 0.4049
1090/3900 [=======>......................] - ETA: 2s - loss: 2.0245 - acc: 0.4028
1150/3900 [=======>......................] - ETA: 2s - loss: 2.0236 - acc: 0.3991
1210/3900 [========>.....................] - ETA: 2s - loss: 2.0203 - acc: 0.4033
1270/3900 [========>.....................] - ETA: 2s - loss: 2.0175 - acc: 0.4055
1330/3900 [=========>....................] - ETA: 2s - loss: 2.0142 - acc: 0.4038
1390/3900 [=========>....................] - ETA: 2s - loss: 2.0094 - acc: 0.4036
1450/3900 [==========>...................] - ETA: 2s - loss: 2.0070 - acc: 0.4021
1510/3900 [==========>...................] - ETA: 2s - loss: 2.0055 - acc: 0.4040
1570/3900 [===========>..................] - ETA: 2s - loss: 2.0016 - acc: 0.4089
1630/3900 [===========>..................] - ETA: 2s - loss: 1.9978 - acc: 0.4098
1690/3900 [============>.................] - ETA: 1s - loss: 1.9936 - acc: 0.4095
1750/3900 [============>.................] - ETA: 1s - loss: 1.9905 - acc: 0.4063
1810/3900 [============>.................] - ETA: 1s - loss: 1.9899 - acc: 0.4066
1870/3900 [=============>................] - ETA: 1s - loss: 1.9860 - acc: 0.4107
1930/3900 [=============>................] - ETA: 1s - loss: 1.9845 - acc: 0.4093
1990/3900 [==============>...............] - ETA: 1s - loss: 1.9808 - acc: 0.4106
2050/3900 [==============>...............] - ETA: 1s - loss: 1.9787 - acc: 0.4141
2110/3900 [===============>..............] - ETA: 1s - loss: 1.9767 - acc: 0.4142
2170/3900 [===============>..............] - ETA: 1s - loss: 1.9735 - acc: 0.4129
2230/3900 [================>.............] - ETA: 1s - loss: 1.9727 - acc: 0.4099
2290/3900 [================>.............] - ETA: 1s - loss: 1.9708 - acc: 0.4109
2350/3900 [=================>............] - ETA: 1s - loss: 1.9685 - acc: 0.4136
2410/3900 [=================>............] - ETA: 1s - loss: 1.9665 - acc: 0.4133
2470/3900 [==================>...........] - ETA: 1s - loss: 1.9653 - acc: 0.4134
2530/3900 [==================>...........] - ETA: 1s - loss: 1.9621 - acc: 0.4142
2590/3900 [==================>...........] - ETA: 1s - loss: 1.9609 - acc: 0.4143
2650/3900 [===================>..........] - ETA: 1s - loss: 1.9595 - acc: 0.4140
2710/3900 [===================>..........] - ETA: 1s - loss: 1.9565 - acc: 0.4170
2770/3900 [====================>.........] - ETA: 1s - loss: 1.9548 - acc: 0.4152
2830/3900 [====================>.........] - ETA: 0s - loss: 1.9521 - acc: 0.4177
2890/3900 [=====================>........] - ETA: 0s - loss: 1.9491 - acc: 0.4194
2950/3900 [=====================>........] - ETA: 0s - loss: 1.9472 - acc: 0.4217
3010/3900 [======================>.......] - ETA: 0s - loss: 1.9455 - acc: 0.4219
3070/3900 [======================>.......] - ETA: 0s - loss: 1.9442 - acc: 0.4215
3130/3900 [=======================>......] - ETA: 0s - loss: 1.9419 - acc: 0.4224
3190/3900 [=======================>......] - ETA: 0s - loss: 1.9399 - acc: 0.4232
3250/3900 [========================>.....] - ETA: 0s - loss: 1.9370 - acc: 0.4243
3310/3900 [========================>.....] - ETA: 0s - loss: 1.9348 - acc: 0.4242
3370/3900 [========================>.....] - ETA: 0s - loss: 1.9316 - acc: 0.4246
3430/3900 [=========================>....] - ETA: 0s - loss: 1.9303 - acc: 0.4242
3490/3900 [=========================>....] - ETA: 0s - loss: 1.9293 - acc: 0.4249
3550/3900 [==========================>...] - ETA: 0s - loss: 1.9286 - acc: 0.4251
3610/3900 [==========================>...] - ETA: 0s - loss: 1.9265 - acc: 0.4244
3670/3900 [===========================>..] - ETA: 0s - loss: 1.9253 - acc: 0.4215
3730/3900 [===========================>..] - ETA: 0s - loss: 1.9246 - acc: 0.4212
3790/3900 [============================>.] - ETA: 0s - loss: 1.9225 - acc: 0.4219
3850/3900 [============================>.] - ETA: 0s - loss: 1.9203 - acc: 0.4218
3900/3900 [==============================] - 4s 899us/step - loss: 1.9188 - acc: 0.4221 - val_loss: 1.9416 - val_acc: 0.3232
Current time ....3.508
Train on 600 samples, validate on 86 samples
Epoch 1/1

 10/600 [..............................] - ETA: 0s - loss: 0.3557 - acc: 0.9000
 70/600 [==>...........................] - ETA: 0s - loss: 0.3114 - acc: 0.9857
130/600 [=====>........................] - ETA: 0s - loss: 0.2862 - acc: 0.9846
190/600 [========>.....................] - ETA: 0s - loss: 0.2791 - acc: 0.9895
250/600 [===========>..................] - ETA: 0s - loss: 0.2732 - acc: 0.9880
310/600 [==============>...............] - ETA: 0s - loss: 0.2666 - acc: 0.9871
370/600 [=================>............] - ETA: 0s - loss: 0.2677 - acc: 0.9838
430/600 [====================>.........] - ETA: 0s - loss: 0.2604 - acc: 0.9860
490/600 [=======================>......] - ETA: 0s - loss: 0.2576 - acc: 0.9878
550/600 [==========================>...] - ETA: 0s - loss: 0.2475 - acc: 0.9855
600/600 [==============================] - 1s 921us/step - loss: 0.2497 - acc: 0.9833 - val_loss: 0.4097 - val_acc: 0.9186
Current time ....0.553
Train on 1200 samples, validate on 68 samples
Epoch 1/1

  10/1200 [..............................] - ETA: 1s - loss: 0.8217 - acc: 0.8000
  70/1200 [>.............................] - ETA: 1s - loss: 0.6285 - acc: 0.8286
 130/1200 [==>...........................] - ETA: 0s - loss: 0.5775 - acc: 0.8462
 190/1200 [===>..........................] - ETA: 0s - loss: 0.6062 - acc: 0.8263
 250/1200 [=====>........................] - ETA: 0s - loss: 0.6363 - acc: 0.7960
 310/1200 [======>.......................] - ETA: 0s - loss: 0.6539 - acc: 0.7677
 370/1200 [========>.....................] - ETA: 0s - loss: 0.6407 - acc: 0.7811
 430/1200 [=========>....................] - ETA: 0s - loss: 0.6392 - acc: 0.7791
 490/1200 [===========>..................] - ETA: 0s - loss: 0.6390 - acc: 0.7816
 550/1200 [============>.................] - ETA: 0s - loss: 0.6382 - acc: 0.7818
 610/1200 [==============>...............] - ETA: 0s - loss: 0.6347 - acc: 0.7852
 670/1200 [===============>..............] - ETA: 0s - loss: 0.6264 - acc: 0.7940
 730/1200 [=================>............] - ETA: 0s - loss: 0.6232 - acc: 0.7973
 790/1200 [==================>...........] - ETA: 0s - loss: 0.6320 - acc: 0.7937
 850/1200 [====================>.........] - ETA: 0s - loss: 0.6355 - acc: 0.7918
 910/1200 [=====================>........] - ETA: 0s - loss: 0.6275 - acc: 0.7923
 970/1200 [=======================>......] - ETA: 0s - loss: 0.6200 - acc: 0.7969
1030/1200 [========================>.....] - ETA: 0s - loss: 0.6186 - acc: 0.7971
1090/1200 [==========================>...] - ETA: 0s - loss: 0.6147 - acc: 0.7954
1150/1200 [===========================>..] - ETA: 0s - loss: 0.6091 - acc: 0.7974
1200/1200 [==============================] - 1s 903us/step - loss: 0.6054 - acc: 0.7983 - val_loss: 0.9082 - val_acc: 0.6324
Current time ....1.084
Train on 3900 samples, validate on 99 samples
Epoch 1/1

  10/3900 [..............................] - ETA: 3s - loss: 1.6381 - acc: 0.7000
  70/3900 [..............................] - ETA: 3s - loss: 1.7842 - acc: 0.4286
 130/3900 [>.............................] - ETA: 3s - loss: 1.8011 - acc: 0.4308
 190/3900 [>.............................] - ETA: 3s - loss: 1.8160 - acc: 0.4053
 250/3900 [>.............................] - ETA: 3s - loss: 1.8193 - acc: 0.4040
 310/3900 [=>............................] - ETA: 3s - loss: 1.8002 - acc: 0.4323
 370/3900 [=>............................] - ETA: 3s - loss: 1.8002 - acc: 0.4378
 430/3900 [==>...........................] - ETA: 3s - loss: 1.7943 - acc: 0.4279
 490/3900 [==>...........................] - ETA: 3s - loss: 1.7860 - acc: 0.4408
 550/3900 [===>..........................] - ETA: 2s - loss: 1.7901 - acc: 0.4382
 610/3900 [===>..........................] - ETA: 2s - loss: 1.7845 - acc: 0.4459
 670/3900 [====>.........................] - ETA: 2s - loss: 1.7928 - acc: 0.4418
 730/3900 [====>.........................] - ETA: 2s - loss: 1.7852 - acc: 0.4521
 790/3900 [=====>........................] - ETA: 2s - loss: 1.7796 - acc: 0.4506
 850/3900 [=====>........................] - ETA: 2s - loss: 1.7725 - acc: 0.4494
 910/3900 [======>.......................] - ETA: 2s - loss: 1.7745 - acc: 0.4462
 970/3900 [======>.......................] - ETA: 2s - loss: 1.7745 - acc: 0.4474
1030/3900 [======>.......................] - ETA: 2s - loss: 1.7732 - acc: 0.4447
1090/3900 [=======>......................] - ETA: 2s - loss: 1.7731 - acc: 0.4450
1150/3900 [=======>......................] - ETA: 2s - loss: 1.7760 - acc: 0.4435
1210/3900 [========>.....................] - ETA: 2s - loss: 1.7724 - acc: 0.4471
1270/3900 [========>.....................] - ETA: 2s - loss: 1.7715 - acc: 0.4457
1330/3900 [=========>....................] - ETA: 2s - loss: 1.7729 - acc: 0.4368
1390/3900 [=========>....................] - ETA: 2s - loss: 1.7738 - acc: 0.4360
1450/3900 [==========>...................] - ETA: 2s - loss: 1.7712 - acc: 0.4379
1510/3900 [==========>...................] - ETA: 2s - loss: 1.7684 - acc: 0.4411
1570/3900 [===========>..................] - ETA: 2s - loss: 1.7680 - acc: 0.4414
1630/3900 [===========>..................] - ETA: 2s - loss: 1.7663 - acc: 0.4393
1690/3900 [============>.................] - ETA: 1s - loss: 1.7644 - acc: 0.4408
1750/3900 [============>.................] - ETA: 1s - loss: 1.7650 - acc: 0.4354
1810/3900 [============>.................] - ETA: 1s - loss: 1.7654 - acc: 0.4359
1870/3900 [=============>................] - ETA: 1s - loss: 1.7643 - acc: 0.4353
1930/3900 [=============>................] - ETA: 1s - loss: 1.7614 - acc: 0.4383
1990/3900 [==============>...............] - ETA: 1s - loss: 1.7610 - acc: 0.4387
2050/3900 [==============>...............] - ETA: 1s - loss: 1.7572 - acc: 0.4415
2110/3900 [===============>..............] - ETA: 1s - loss: 1.7562 - acc: 0.4436
2170/3900 [===============>..............] - ETA: 1s - loss: 1.7539 - acc: 0.4452
2230/3900 [================>.............] - ETA: 1s - loss: 1.7556 - acc: 0.4448
2290/3900 [================>.............] - ETA: 1s - loss: 1.7549 - acc: 0.4454
2350/3900 [=================>............] - ETA: 1s - loss: 1.7541 - acc: 0.4447
2410/3900 [=================>............] - ETA: 1s - loss: 1.7504 - acc: 0.4465
2470/3900 [==================>...........] - ETA: 1s - loss: 1.7479 - acc: 0.4474
2530/3900 [==================>...........] - ETA: 1s - loss: 1.7470 - acc: 0.4470
2590/3900 [==================>...........] - ETA: 1s - loss: 1.7463 - acc: 0.4479
2650/3900 [===================>..........] - ETA: 1s - loss: 1.7458 - acc: 0.4449
2710/3900 [===================>..........] - ETA: 1s - loss: 1.7454 - acc: 0.4450
2770/3900 [====================>.........] - ETA: 1s - loss: 1.7442 - acc: 0.4458
2830/3900 [====================>.........] - ETA: 0s - loss: 1.7438 - acc: 0.4456
2890/3900 [=====================>........] - ETA: 0s - loss: 1.7412 - acc: 0.4488
2950/3900 [=====================>........] - ETA: 0s - loss: 1.7409 - acc: 0.4485
3010/3900 [======================>.......] - ETA: 0s - loss: 1.7376 - acc: 0.4488
3070/3900 [======================>.......] - ETA: 0s - loss: 1.7361 - acc: 0.4482
3130/3900 [=======================>......] - ETA: 0s - loss: 1.7342 - acc: 0.4495
3190/3900 [=======================>......] - ETA: 0s - loss: 1.7347 - acc: 0.4495
3250/3900 [========================>.....] - ETA: 0s - loss: 1.7328 - acc: 0.4502
3310/3900 [========================>.....] - ETA: 0s - loss: 1.7313 - acc: 0.4508
3370/3900 [========================>.....] - ETA: 0s - loss: 1.7316 - acc: 0.4504
3430/3900 [=========================>....] - ETA: 0s - loss: 1.7297 - acc: 0.4519
3490/3900 [=========================>....] - ETA: 0s - loss: 1.7281 - acc: 0.4521
3550/3900 [==========================>...] - ETA: 0s - loss: 1.7264 - acc: 0.4544
3610/3900 [==========================>...] - ETA: 0s - loss: 1.7248 - acc: 0.4546
3670/3900 [===========================>..] - ETA: 0s - loss: 1.7228 - acc: 0.4550
3730/3900 [===========================>..] - ETA: 0s - loss: 1.7207 - acc: 0.4558
3790/3900 [============================>.] - ETA: 0s - loss: 1.7194 - acc: 0.4570
3850/3900 [============================>.] - ETA: 0s - loss: 1.7166 - acc: 0.4582
3900/3900 [==============================] - 4s 900us/step - loss: 1.7157 - acc: 0.4585 - val_loss: 1.7944 - val_acc: 0.3131
Current time ....3.508
Train on 600 samples, validate on 86 samples
Epoch 1/1

 10/600 [..............................] - ETA: 0s - loss: 0.2022 - acc: 1.0000
 70/600 [==>...........................] - ETA: 0s - loss: 0.1783 - acc: 0.9714
130/600 [=====>........................] - ETA: 0s - loss: 0.1692 - acc: 0.9769
190/600 [========>.....................] - ETA: 0s - loss: 0.1655 - acc: 0.9842
250/600 [===========>..................] - ETA: 0s - loss: 0.1659 - acc: 0.9840
310/600 [==============>...............] - ETA: 0s - loss: 0.1644 - acc: 0.9871
370/600 [=================>............] - ETA: 0s - loss: 0.1680 - acc: 0.9865
430/600 [====================>.........] - ETA: 0s - loss: 0.1661 - acc: 0.9837
490/600 [=======================>......] - ETA: 0s - loss: 0.1629 - acc: 0.9857
550/600 [==========================>...] - ETA: 0s - loss: 0.1614 - acc: 0.9855
600/600 [==============================] - 1s 924us/step - loss: 0.1598 - acc: 0.9867 - val_loss: 0.3982 - val_acc: 0.9186
Current time ....0.555
Train on 1200 samples, validate on 68 samples
Epoch 1/1

  10/1200 [..............................] - ETA: 1s - loss: 0.3778 - acc: 1.0000
  70/1200 [>.............................] - ETA: 1s - loss: 0.4851 - acc: 0.9000
 130/1200 [==>...........................] - ETA: 0s - loss: 0.4809 - acc: 0.8692
 190/1200 [===>..........................] - ETA: 0s - loss: 0.4957 - acc: 0.8526
 250/1200 [=====>........................] - ETA: 0s - loss: 0.4942 - acc: 0.8680
 310/1200 [======>.......................] - ETA: 0s - loss: 0.4818 - acc: 0.8774
 370/1200 [========>.....................] - ETA: 0s - loss: 0.4755 - acc: 0.8676
 430/1200 [=========>....................] - ETA: 0s - loss: 0.4704 - acc: 0.8744
 490/1200 [===========>..................] - ETA: 0s - loss: 0.4717 - acc: 0.8755
 550/1200 [============>.................] - ETA: 0s - loss: 0.4661 - acc: 0.8800
 610/1200 [==============>...............] - ETA: 0s - loss: 0.4570 - acc: 0.8803
 670/1200 [===============>..............] - ETA: 0s - loss: 0.4640 - acc: 0.8761
 730/1200 [=================>............] - ETA: 0s - loss: 0.4575 - acc: 0.8795
 790/1200 [==================>...........] - ETA: 0s - loss: 0.4563 - acc: 0.8759
 850/1200 [====================>.........] - ETA: 0s - loss: 0.4556 - acc: 0.8753
 910/1200 [=====================>........] - ETA: 0s - loss: 0.4567 - acc: 0.8769
 970/1200 [=======================>......] - ETA: 0s - loss: 0.4550 - acc: 0.8784
1030/1200 [========================>.....] - ETA: 0s - loss: 0.4483 - acc: 0.8806
1090/1200 [==========================>...] - ETA: 0s - loss: 0.4492 - acc: 0.8798
1150/1200 [===========================>..] - ETA: 0s - loss: 0.4441 - acc: 0.8835
1200/1200 [==============================] - 1s 904us/step - loss: 0.4376 - acc: 0.8850 - val_loss: 0.8356 - val_acc: 0.6471
Current time ....1.085
Train on 3900 samples, validate on 99 samples
Epoch 1/1

  10/3900 [..............................] - ETA: 3s - loss: 1.6398 - acc: 0.6000
  70/3900 [..............................] - ETA: 3s - loss: 1.5487 - acc: 0.5714
 130/3900 [>.............................] - ETA: 3s - loss: 1.5470 - acc: 0.5538
 190/3900 [>.............................] - ETA: 3s - loss: 1.5785 - acc: 0.5211
 250/3900 [>.............................] - ETA: 3s - loss: 1.5724 - acc: 0.5080
 310/3900 [=>............................] - ETA: 3s - loss: 1.5849 - acc: 0.5161
 370/3900 [=>............................] - ETA: 3s - loss: 1.5769 - acc: 0.5108
 430/3900 [==>...........................] - ETA: 3s - loss: 1.5748 - acc: 0.5163
 490/3900 [==>...........................] - ETA: 3s - loss: 1.5673 - acc: 0.5245
 550/3900 [===>..........................] - ETA: 3s - loss: 1.5724 - acc: 0.5291
 610/3900 [===>..........................] - ETA: 2s - loss: 1.5721 - acc: 0.5311
 670/3900 [====>.........................] - ETA: 2s - loss: 1.5823 - acc: 0.5209
 730/3900 [====>.........................] - ETA: 2s - loss: 1.5851 - acc: 0.5164
 790/3900 [=====>........................] - ETA: 2s - loss: 1.5837 - acc: 0.5165
 850/3900 [=====>........................] - ETA: 2s - loss: 1.5857 - acc: 0.5129
 910/3900 [======>.......................] - ETA: 2s - loss: 1.5844 - acc: 0.5099
 970/3900 [======>.......................] - ETA: 2s - loss: 1.5813 - acc: 0.5124
1030/3900 [======>.......................] - ETA: 2s - loss: 1.5801 - acc: 0.5155
1090/3900 [=======>......................] - ETA: 2s - loss: 1.5804 - acc: 0.5174
1150/3900 [=======>......................] - ETA: 2s - loss: 1.5802 - acc: 0.5157
1210/3900 [========>.....................] - ETA: 2s - loss: 1.5736 - acc: 0.5157
1270/3900 [========>.....................] - ETA: 2s - loss: 1.5748 - acc: 0.5118
1330/3900 [=========>....................] - ETA: 2s - loss: 1.5768 - acc: 0.5113
1390/3900 [=========>....................] - ETA: 2s - loss: 1.5736 - acc: 0.5122
1450/3900 [==========>...................] - ETA: 2s - loss: 1.5663 - acc: 0.5200
1510/3900 [==========>...................] - ETA: 2s - loss: 1.5620 - acc: 0.5192
1570/3900 [===========>..................] - ETA: 2s - loss: 1.5593 - acc: 0.5191
1630/3900 [===========>..................] - ETA: 2s - loss: 1.5591 - acc: 0.5196
1690/3900 [============>.................] - ETA: 1s - loss: 1.5567 - acc: 0.5201
1750/3900 [============>.................] - ETA: 1s - loss: 1.5567 - acc: 0.5211
1810/3900 [============>.................] - ETA: 1s - loss: 1.5583 - acc: 0.5193
1870/3900 [=============>................] - ETA: 1s - loss: 1.5570 - acc: 0.5171
1930/3900 [=============>................] - ETA: 1s - loss: 1.5543 - acc: 0.5187
1990/3900 [==============>...............] - ETA: 1s - loss: 1.5517 - acc: 0.5211
2050/3900 [==============>...............] - ETA: 1s - loss: 1.5513 - acc: 0.5220
2110/3900 [===============>..............] - ETA: 1s - loss: 1.5498 - acc: 0.5237
2170/3900 [===============>..............] - ETA: 1s - loss: 1.5495 - acc: 0.5226
2230/3900 [================>.............] - ETA: 1s - loss: 1.5503 - acc: 0.5193
2290/3900 [================>.............] - ETA: 1s - loss: 1.5491 - acc: 0.5188
2350/3900 [=================>............] - ETA: 1s - loss: 1.5504 - acc: 0.5157
2410/3900 [=================>............] - ETA: 1s - loss: 1.5513 - acc: 0.5116
2470/3900 [==================>...........] - ETA: 1s - loss: 1.5490 - acc: 0.5109
2530/3900 [==================>...........] - ETA: 1s - loss: 1.5476 - acc: 0.5130
2590/3900 [==================>...........] - ETA: 1s - loss: 1.5450 - acc: 0.5158
2650/3900 [===================>..........] - ETA: 1s - loss: 1.5426 - acc: 0.5174
2710/3900 [===================>..........] - ETA: 1s - loss: 1.5442 - acc: 0.5173
2770/3900 [====================>.........] - ETA: 1s - loss: 1.5442 - acc: 0.5166
2830/3900 [====================>.........] - ETA: 0s - loss: 1.5398 - acc: 0.5201
2890/3900 [=====================>........] - ETA: 0s - loss: 1.5366 - acc: 0.5218
2950/3900 [=====================>........] - ETA: 0s - loss: 1.5346 - acc: 0.5234
3010/3900 [======================>.......] - ETA: 0s - loss: 1.5347 - acc: 0.5233
3070/3900 [======================>.......] - ETA: 0s - loss: 1.5326 - acc: 0.5251
3130/3900 [=======================>......] - ETA: 0s - loss: 1.5323 - acc: 0.5252
3190/3900 [=======================>......] - ETA: 0s - loss: 1.5294 - acc: 0.5266
3250/3900 [========================>.....] - ETA: 0s - loss: 1.5276 - acc: 0.5277
3310/3900 [========================>.....] - ETA: 0s - loss: 1.5273 - acc: 0.5263
3370/3900 [========================>.....] - ETA: 0s - loss: 1.5256 - acc: 0.5273
3430/3900 [=========================>....] - ETA: 0s - loss: 1.5237 - acc: 0.5280
3490/3900 [=========================>....] - ETA: 0s - loss: 1.5215 - acc: 0.5287
3550/3900 [==========================>...] - ETA: 0s - loss: 1.5204 - acc: 0.5296
3610/3900 [==========================>...] - ETA: 0s - loss: 1.5183 - acc: 0.5310
3670/3900 [===========================>..] - ETA: 0s - loss: 1.5172 - acc: 0.5311
3730/3900 [===========================>..] - ETA: 0s - loss: 1.5148 - acc: 0.5327
3790/3900 [============================>.] - ETA: 0s - loss: 1.5108 - acc: 0.5346
3850/3900 [============================>.] - ETA: 0s - loss: 1.5074 - acc: 0.5364
3900/3900 [==============================] - 4s 906us/step - loss: 1.5055 - acc: 0.5367 - val_loss: 1.8238 - val_acc: 0.2727
Current time ....3.535
Train on 600 samples, validate on 86 samples
Epoch 1/1

 10/600 [..............................] - ETA: 0s - loss: 0.1050 - acc: 1.0000
 70/600 [==>...........................] - ETA: 0s - loss: 0.1193 - acc: 1.0000
130/600 [=====>........................] - ETA: 0s - loss: 0.1132 - acc: 1.0000
190/600 [========>.....................] - ETA: 0s - loss: 0.1256 - acc: 0.9895
250/600 [===========>..................] - ETA: 0s - loss: 0.1195 - acc: 0.9880
310/600 [==============>...............] - ETA: 0s - loss: 0.1220 - acc: 0.9839
370/600 [=================>............] - ETA: 0s - loss: 0.1157 - acc: 0.9865
430/600 [====================>.........] - ETA: 0s - loss: 0.1140 - acc: 0.9884
490/600 [=======================>......] - ETA: 0s - loss: 0.1129 - acc: 0.9898
550/600 [==========================>...] - ETA: 0s - loss: 0.1101 - acc: 0.9873
600/600 [==============================] - 1s 926us/step - loss: 0.1089 - acc: 0.9883 - val_loss: 0.4200 - val_acc: 0.9186
Current time ....0.556
Train on 1200 samples, validate on 68 samples
Epoch 1/1

  10/1200 [..............................] - ETA: 1s - loss: 0.2514 - acc: 0.9000
  70/1200 [>.............................] - ETA: 0s - loss: 0.3802 - acc: 0.8857
 130/1200 [==>...........................] - ETA: 0s - loss: 0.3938 - acc: 0.8846
 190/1200 [===>..........................] - ETA: 0s - loss: 0.3936 - acc: 0.8895
 250/1200 [=====>........................] - ETA: 0s - loss: 0.3742 - acc: 0.9040
 310/1200 [======>.......................] - ETA: 0s - loss: 0.3600 - acc: 0.9097
 370/1200 [========>.....................] - ETA: 0s - loss: 0.3490 - acc: 0.9162
 430/1200 [=========>....................] - ETA: 0s - loss: 0.3368 - acc: 0.9163
 490/1200 [===========>..................] - ETA: 0s - loss: 0.3341 - acc: 0.9224
 550/1200 [============>.................] - ETA: 0s - loss: 0.3360 - acc: 0.9255
 610/1200 [==============>...............] - ETA: 0s - loss: 0.3294 - acc: 0.9279
 670/1200 [===============>..............] - ETA: 0s - loss: 0.3272 - acc: 0.9269
 730/1200 [=================>............] - ETA: 0s - loss: 0.3230 - acc: 0.9288
 790/1200 [==================>...........] - ETA: 0s - loss: 0.3217 - acc: 0.9304
 850/1200 [====================>.........] - ETA: 0s - loss: 0.3215 - acc: 0.9271
 910/1200 [=====================>........] - ETA: 0s - loss: 0.3225 - acc: 0.9242
 970/1200 [=======================>......] - ETA: 0s - loss: 0.3196 - acc: 0.9268
1030/1200 [========================>.....] - ETA: 0s - loss: 0.3139 - acc: 0.9282
1090/1200 [==========================>...] - ETA: 0s - loss: 0.3132 - acc: 0.9294
1150/1200 [===========================>..] - ETA: 0s - loss: 0.3110 - acc: 0.9304
1200/1200 [==============================] - 1s 902us/step - loss: 0.3107 - acc: 0.9308 - val_loss: 0.7684 - val_acc: 0.6912
Current time ....1.083
Train on 3900 samples, validate on 99 samples
Epoch 1/1

  10/3900 [..............................] - ETA: 3s - loss: 1.3847 - acc: 0.6000
  70/3900 [..............................] - ETA: 3s - loss: 1.4084 - acc: 0.5286
 130/3900 [>.............................] - ETA: 3s - loss: 1.4140 - acc: 0.5154
 190/3900 [>.............................] - ETA: 3s - loss: 1.4046 - acc: 0.5368
 250/3900 [>.............................] - ETA: 3s - loss: 1.3983 - acc: 0.5440
 310/3900 [=>............................] - ETA: 3s - loss: 1.3843 - acc: 0.5581
 370/3900 [=>............................] - ETA: 3s - loss: 1.3775 - acc: 0.5622
 430/3900 [==>...........................] - ETA: 3s - loss: 1.3721 - acc: 0.5791
 490/3900 [==>...........................] - ETA: 3s - loss: 1.3725 - acc: 0.5694
 550/3900 [===>..........................] - ETA: 3s - loss: 1.3774 - acc: 0.5618
 610/3900 [===>..........................] - ETA: 2s - loss: 1.3684 - acc: 0.5803
 670/3900 [====>.........................] - ETA: 2s - loss: 1.3577 - acc: 0.5881
 730/3900 [====>.........................] - ETA: 2s - loss: 1.3581 - acc: 0.5849
 790/3900 [=====>........................] - ETA: 2s - loss: 1.3509 - acc: 0.5911
 850/3900 [=====>........................] - ETA: 2s - loss: 1.3423 - acc: 0.5906
 910/3900 [======>.......................] - ETA: 2s - loss: 1.3352 - acc: 0.5978
 970/3900 [======>.......................] - ETA: 2s - loss: 1.3295 - acc: 0.6010
1030/3900 [======>.......................] - ETA: 2s - loss: 1.3336 - acc: 0.6029
1090/3900 [=======>......................] - ETA: 2s - loss: 1.3337 - acc: 0.6018
1150/3900 [=======>......................] - ETA: 2s - loss: 1.3234 - acc: 0.6096
1210/3900 [========>.....................] - ETA: 2s - loss: 1.3204 - acc: 0.6107
1270/3900 [========>.....................] - ETA: 2s - loss: 1.3266 - acc: 0.6063
1330/3900 [=========>....................] - ETA: 2s - loss: 1.3242 - acc: 0.6113
1390/3900 [=========>....................] - ETA: 2s - loss: 1.3244 - acc: 0.6122
1450/3900 [==========>...................] - ETA: 2s - loss: 1.3243 - acc: 0.6145
1510/3900 [==========>...................] - ETA: 2s - loss: 1.3214 - acc: 0.6159
1570/3900 [===========>..................] - ETA: 2s - loss: 1.3209 - acc: 0.6159
1630/3900 [===========>..................] - ETA: 2s - loss: 1.3175 - acc: 0.6160
1690/3900 [============>.................] - ETA: 2s - loss: 1.3095 - acc: 0.6195
1750/3900 [============>.................] - ETA: 1s - loss: 1.3061 - acc: 0.6206
1810/3900 [============>.................] - ETA: 1s - loss: 1.3084 - acc: 0.6166
1870/3900 [=============>................] - ETA: 1s - loss: 1.3096 - acc: 0.6144
1930/3900 [=============>................] - ETA: 1s - loss: 1.3036 - acc: 0.6181
1990/3900 [==============>...............] - ETA: 1s - loss: 1.3038 - acc: 0.6186
2050/3900 [==============>...............] - ETA: 1s - loss: 1.3030 - acc: 0.6190
2110/3900 [===============>..............] - ETA: 1s - loss: 1.3029 - acc: 0.6166
2170/3900 [===============>..............] - ETA: 1s - loss: 1.3036 - acc: 0.6175
2230/3900 [================>.............] - ETA: 1s - loss: 1.3010 - acc: 0.6179
2290/3900 [================>.............] - ETA: 1s - loss: 1.2983 - acc: 0.6188
2350/3900 [=================>............] - ETA: 1s - loss: 1.2961 - acc: 0.6170
2410/3900 [=================>............] - ETA: 1s - loss: 1.2953 - acc: 0.6158
2470/3900 [==================>...........] - ETA: 1s - loss: 1.2935 - acc: 0.6170
2530/3900 [==================>...........] - ETA: 1s - loss: 1.2934 - acc: 0.6162
2590/3900 [==================>...........] - ETA: 1s - loss: 1.2914 - acc: 0.6174
2650/3900 [===================>..........] - ETA: 1s - loss: 1.2914 - acc: 0.6174
2710/3900 [===================>..........] - ETA: 1s - loss: 1.2894 - acc: 0.6181
2770/3900 [====================>.........] - ETA: 1s - loss: 1.2885 - acc: 0.6188
2830/3900 [====================>.........] - ETA: 0s - loss: 1.2864 - acc: 0.6201
2890/3900 [=====================>........] - ETA: 0s - loss: 1.2875 - acc: 0.6201
2950/3900 [=====================>........] - ETA: 0s - loss: 1.2842 - acc: 0.6197
3010/3900 [======================>.......] - ETA: 0s - loss: 1.2829 - acc: 0.6199
3070/3900 [======================>.......] - ETA: 0s - loss: 1.2784 - acc: 0.6208
3130/3900 [=======================>......] - ETA: 0s - loss: 1.2778 - acc: 0.6204
3190/3900 [=======================>......] - ETA: 0s - loss: 1.2769 - acc: 0.6191
3250/3900 [========================>.....] - ETA: 0s - loss: 1.2779 - acc: 0.6172
3310/3900 [========================>.....] - ETA: 0s - loss: 1.2772 - acc: 0.6172
3370/3900 [========================>.....] - ETA: 0s - loss: 1.2759 - acc: 0.6163
3430/3900 [=========================>....] - ETA: 0s - loss: 1.2738 - acc: 0.6160
3490/3900 [=========================>....] - ETA: 0s - loss: 1.2694 - acc: 0.6186
3550/3900 [==========================>...] - ETA: 0s - loss: 1.2686 - acc: 0.6183
3610/3900 [==========================>...] - ETA: 0s - loss: 1.2680 - acc: 0.6175
3670/3900 [===========================>..] - ETA: 0s - loss: 1.2661 - acc: 0.6177
3730/3900 [===========================>..] - ETA: 0s - loss: 1.2621 - acc: 0.6198
3790/3900 [============================>.] - ETA: 0s - loss: 1.2623 - acc: 0.6195
3850/3900 [============================>.] - ETA: 0s - loss: 1.2621 - acc: 0.6197
3900/3900 [==============================] - 4s 905us/step - loss: 1.2591 - acc: 0.6205 - val_loss: 1.6616 - val_acc: 0.4646
Current time ....3.528
Train on 600 samples, validate on 86 samples
Epoch 1/1

 10/600 [..............................] - ETA: 0s - loss: 0.0917 - acc: 1.0000
 70/600 [==>...........................] - ETA: 0s - loss: 0.0619 - acc: 1.0000
130/600 [=====>........................] - ETA: 0s - loss: 0.0766 - acc: 0.9923
190/600 [========>.....................] - ETA: 0s - loss: 0.0756 - acc: 0.9947
250/600 [===========>..................] - ETA: 0s - loss: 0.0723 - acc: 0.9960
310/600 [==============>...............] - ETA: 0s - loss: 0.0740 - acc: 0.9935
370/600 [=================>............] - ETA: 0s - loss: 0.0761 - acc: 0.9946
430/600 [====================>.........] - ETA: 0s - loss: 0.0730 - acc: 0.9953
490/600 [=======================>......] - ETA: 0s - loss: 0.0786 - acc: 0.9918
550/600 [==========================>...] - ETA: 0s - loss: 0.0772 - acc: 0.9927
600/600 [==============================] - 1s 921us/step - loss: 0.0791 - acc: 0.9917 - val_loss: 0.4328 - val_acc: 0.9186
Current time ....0.553
Train on 1200 samples, validate on 68 samples
Epoch 1/1

  10/1200 [..............................] - ETA: 1s - loss: 0.0603 - acc: 1.0000
  70/1200 [>.............................] - ETA: 1s - loss: 0.1775 - acc: 0.9857
 130/1200 [==>...........................] - ETA: 0s - loss: 0.2448 - acc: 0.9538
 190/1200 [===>..........................] - ETA: 0s - loss: 0.2481 - acc: 0.9526
 250/1200 [=====>........................] - ETA: 0s - loss: 0.2410 - acc: 0.9520
 310/1200 [======>.......................] - ETA: 0s - loss: 0.2371 - acc: 0.9516
 370/1200 [========>.....................] - ETA: 0s - loss: 0.2437 - acc: 0.9514
 430/1200 [=========>....................] - ETA: 0s - loss: 0.2466 - acc: 0.9465
 490/1200 [===========>..................] - ETA: 0s - loss: 0.2422 - acc: 0.9531
 550/1200 [============>.................] - ETA: 0s - loss: 0.2388 - acc: 0.9545
 610/1200 [==============>...............] - ETA: 0s - loss: 0.2372 - acc: 0.9557
 670/1200 [===============>..............] - ETA: 0s - loss: 0.2364 - acc: 0.9567
 730/1200 [=================>............] - ETA: 0s - loss: 0.2355 - acc: 0.9575
 790/1200 [==================>...........] - ETA: 0s - loss: 0.2343 - acc: 0.9595
 850/1200 [====================>.........] - ETA: 0s - loss: 0.2326 - acc: 0.9600
 910/1200 [=====================>........] - ETA: 0s - loss: 0.2255 - acc: 0.9626
 970/1200 [=======================>......] - ETA: 0s - loss: 0.2247 - acc: 0.9598
1030/1200 [========================>.....] - ETA: 0s - loss: 0.2248 - acc: 0.9573
1090/1200 [==========================>...] - ETA: 0s - loss: 0.2267 - acc: 0.9550
1150/1200 [===========================>..] - ETA: 0s - loss: 0.2266 - acc: 0.9557
1200/1200 [==============================] - 1s 900us/step - loss: 0.2234 - acc: 0.9567 - val_loss: 0.7093 - val_acc: 0.7206
Current time ....1.080
Train on 3900 samples, validate on 99 samples
Epoch 1/1

  10/3900 [..............................] - ETA: 4s - loss: 1.0670 - acc: 0.6000
  70/3900 [..............................] - ETA: 3s - loss: 1.0474 - acc: 0.7286
 130/3900 [>.............................] - ETA: 3s - loss: 1.1239 - acc: 0.6615
 190/3900 [>.............................] - ETA: 3s - loss: 1.1038 - acc: 0.6526
 250/3900 [>.............................] - ETA: 3s - loss: 1.1205 - acc: 0.6480
 310/3900 [=>............................] - ETA: 3s - loss: 1.1351 - acc: 0.6484
 370/3900 [=>............................] - ETA: 3s - loss: 1.1179 - acc: 0.6595
 430/3900 [==>...........................] - ETA: 3s - loss: 1.1207 - acc: 0.6512
 490/3900 [==>...........................] - ETA: 3s - loss: 1.1278 - acc: 0.6571
 550/3900 [===>..........................] - ETA: 2s - loss: 1.1244 - acc: 0.6618
 610/3900 [===>..........................] - ETA: 2s - loss: 1.1215 - acc: 0.6607
 670/3900 [====>.........................] - ETA: 2s - loss: 1.1308 - acc: 0.6552
 730/3900 [====>.........................] - ETA: 2s - loss: 1.1312 - acc: 0.6548
 790/3900 [=====>........................] - ETA: 2s - loss: 1.1294 - acc: 0.6570
 850/3900 [=====>........................] - ETA: 2s - loss: 1.1341 - acc: 0.6494
 910/3900 [======>.......................] - ETA: 2s - loss: 1.1385 - acc: 0.6484
 970/3900 [======>.......................] - ETA: 2s - loss: 1.1314 - acc: 0.6495
1030/3900 [======>.......................] - ETA: 2s - loss: 1.1369 - acc: 0.6485
1090/3900 [=======>......................] - ETA: 2s - loss: 1.1385 - acc: 0.6468
1150/3900 [=======>......................] - ETA: 2s - loss: 1.1331 - acc: 0.6478
1210/3900 [========>.....................] - ETA: 2s - loss: 1.1357 - acc: 0.6455
1270/3900 [========>.....................] - ETA: 2s - loss: 1.1348 - acc: 0.6465
1330/3900 [=========>....................] - ETA: 2s - loss: 1.1284 - acc: 0.6526
1390/3900 [=========>....................] - ETA: 2s - loss: 1.1306 - acc: 0.6511
1450/3900 [==========>...................] - ETA: 2s - loss: 1.1314 - acc: 0.6510
1510/3900 [==========>...................] - ETA: 2s - loss: 1.1267 - acc: 0.6530
1570/3900 [===========>..................] - ETA: 2s - loss: 1.1177 - acc: 0.6586
1630/3900 [===========>..................] - ETA: 2s - loss: 1.1154 - acc: 0.6595
1690/3900 [============>.................] - ETA: 1s - loss: 1.1105 - acc: 0.6615
1750/3900 [============>.................] - ETA: 1s - loss: 1.1025 - acc: 0.6657
1810/3900 [============>.................] - ETA: 1s - loss: 1.0932 - acc: 0.6691
1870/3900 [=============>................] - ETA: 1s - loss: 1.0882 - acc: 0.6711
1930/3900 [=============>................] - ETA: 1s - loss: 1.0866 - acc: 0.6694
1990/3900 [==============>...............] - ETA: 1s - loss: 1.0836 - acc: 0.6709
2050/3900 [==============>...............] - ETA: 1s - loss: 1.0775 - acc: 0.6756
2110/3900 [===============>..............] - ETA: 1s - loss: 1.0734 - acc: 0.6773
2170/3900 [===============>..............] - ETA: 1s - loss: 1.0704 - acc: 0.6788
2230/3900 [================>.............] - ETA: 1s - loss: 1.0734 - acc: 0.6776
2290/3900 [================>.............] - ETA: 1s - loss: 1.0709 - acc: 0.6782
2350/3900 [=================>............] - ETA: 1s - loss: 1.0691 - acc: 0.6800
2410/3900 [=================>............] - ETA: 1s - loss: 1.0645 - acc: 0.6805
2470/3900 [==================>...........] - ETA: 1s - loss: 1.0618 - acc: 0.6810
2530/3900 [==================>...........] - ETA: 1s - loss: 1.0624 - acc: 0.6802
2590/3900 [==================>...........] - ETA: 1s - loss: 1.0596 - acc: 0.6807
2650/3900 [===================>..........] - ETA: 1s - loss: 1.0590 - acc: 0.6811
2710/3900 [===================>..........] - ETA: 1s - loss: 1.0529 - acc: 0.6838
2770/3900 [====================>.........] - ETA: 1s - loss: 1.0484 - acc: 0.6852
2830/3900 [====================>.........] - ETA: 0s - loss: 1.0479 - acc: 0.6855
2890/3900 [=====================>........] - ETA: 0s - loss: 1.0474 - acc: 0.6851
2950/3900 [=====================>........] - ETA: 0s - loss: 1.0474 - acc: 0.6841
3010/3900 [======================>.......] - ETA: 0s - loss: 1.0463 - acc: 0.6854
3070/3900 [======================>.......] - ETA: 0s - loss: 1.0428 - acc: 0.6863
3130/3900 [=======================>......] - ETA: 0s - loss: 1.0421 - acc: 0.6859
3190/3900 [=======================>......] - ETA: 0s - loss: 1.0428 - acc: 0.6865
3250/3900 [========================>.....] - ETA: 0s - loss: 1.0411 - acc: 0.6868
3310/3900 [========================>.....] - ETA: 0s - loss: 1.0382 - acc: 0.6888
3370/3900 [========================>.....] - ETA: 0s - loss: 1.0364 - acc: 0.6896
3430/3900 [=========================>....] - ETA: 0s - loss: 1.0358 - acc: 0.6892
3490/3900 [=========================>....] - ETA: 0s - loss: 1.0339 - acc: 0.6900
3550/3900 [==========================>...] - ETA: 0s - loss: 1.0306 - acc: 0.6910
3610/3900 [==========================>...] - ETA: 0s - loss: 1.0284 - acc: 0.6911
3670/3900 [===========================>..] - ETA: 0s - loss: 1.0242 - acc: 0.6918
3730/3900 [===========================>..] - ETA: 0s - loss: 1.0216 - acc: 0.6936
3790/3900 [============================>.] - ETA: 0s - loss: 1.0195 - acc: 0.6937
3850/3900 [============================>.] - ETA: 0s - loss: 1.0187 - acc: 0.6932
3900/3900 [==============================] - 4s 898us/step - loss: 1.0175 - acc: 0.6933 - val_loss: 1.6517 - val_acc: 0.4141
Current time ....3.502
Train on 600 samples, validate on 86 samples
Epoch 1/1

 10/600 [..............................] - ETA: 0s - loss: 0.0615 - acc: 1.0000
 70/600 [==>...........................] - ETA: 0s - loss: 0.0697 - acc: 0.9857
130/600 [=====>........................] - ETA: 0s - loss: 0.0647 - acc: 0.9846
190/600 [========>.....................] - ETA: 0s - loss: 0.0616 - acc: 0.9895
250/600 [===========>..................] - ETA: 0s - loss: 0.0647 - acc: 0.9920
310/600 [==============>...............] - ETA: 0s - loss: 0.0657 - acc: 0.9935
370/600 [=================>............] - ETA: 0s - loss: 0.0616 - acc: 0.9946
430/600 [====================>.........] - ETA: 0s - loss: 0.0613 - acc: 0.9930
490/600 [=======================>......] - ETA: 0s - loss: 0.0605 - acc: 0.9939
550/600 [==========================>...] - ETA: 0s - loss: 0.0595 - acc: 0.9945
600/600 [==============================] - 1s 919us/step - loss: 0.0587 - acc: 0.9933 - val_loss: 0.4686 - val_acc: 0.9186
Current time ....0.551
Train on 1200 samples, validate on 68 samples
Epoch 1/1

  10/1200 [..............................] - ETA: 1s - loss: 0.0612 - acc: 1.0000
  70/1200 [>.............................] - ETA: 1s - loss: 0.1860 - acc: 0.9857
 130/1200 [==>...........................] - ETA: 0s - loss: 0.1811 - acc: 0.9769
 190/1200 [===>..........................] - ETA: 0s - loss: 0.1765 - acc: 0.9684
 250/1200 [=====>........................] - ETA: 0s - loss: 0.1799 - acc: 0.9640
 310/1200 [======>.......................] - ETA: 0s - loss: 0.1814 - acc: 0.9677
 370/1200 [========>.....................] - ETA: 0s - loss: 0.1771 - acc: 0.9703
 430/1200 [=========>....................] - ETA: 0s - loss: 0.1715 - acc: 0.9744
 490/1200 [===========>..................] - ETA: 0s - loss: 0.1764 - acc: 0.9735
 550/1200 [============>.................] - ETA: 0s - loss: 0.1703 - acc: 0.9764
 610/1200 [==============>...............] - ETA: 0s - loss: 0.1668 - acc: 0.9770
 670/1200 [===============>..............] - ETA: 0s - loss: 0.1612 - acc: 0.9776
 730/1200 [=================>............] - ETA: 0s - loss: 0.1583 - acc: 0.9781
 790/1200 [==================>...........] - ETA: 0s - loss: 0.1568 - acc: 0.9797
 850/1200 [====================>.........] - ETA: 0s - loss: 0.1553 - acc: 0.9800
 910/1200 [=====================>........] - ETA: 0s - loss: 0.1564 - acc: 0.9769
 970/1200 [=======================>......] - ETA: 0s - loss: 0.1554 - acc: 0.9763
1030/1200 [========================>.....] - ETA: 0s - loss: 0.1539 - acc: 0.9767
1090/1200 [==========================>...] - ETA: 0s - loss: 0.1524 - acc: 0.9771
1150/1200 [===========================>..] - ETA: 0s - loss: 0.1543 - acc: 0.9774
1200/1200 [==============================] - 1s 899us/step - loss: 0.1535 - acc: 0.9775 - val_loss: 0.7745 - val_acc: 0.6765
Current time ....1.080
Train on 3900 samples, validate on 99 samples
Epoch 1/1

  10/3900 [..............................] - ETA: 3s - loss: 0.8661 - acc: 0.8000
  70/3900 [..............................] - ETA: 3s - loss: 0.9113 - acc: 0.7429
 130/3900 [>.............................] - ETA: 3s - loss: 0.9665 - acc: 0.6846
 190/3900 [>.............................] - ETA: 3s - loss: 0.9106 - acc: 0.6947
 250/3900 [>.............................] - ETA: 3s - loss: 0.8635 - acc: 0.7280
 310/3900 [=>............................] - ETA: 3s - loss: 0.8661 - acc: 0.7290
 370/3900 [=>............................] - ETA: 3s - loss: 0.9044 - acc: 0.7135
 430/3900 [==>...........................] - ETA: 3s - loss: 0.9017 - acc: 0.7163
 490/3900 [==>...........................] - ETA: 3s - loss: 0.8976 - acc: 0.7122
 550/3900 [===>..........................] - ETA: 2s - loss: 0.8995 - acc: 0.7145
 610/3900 [===>..........................] - ETA: 2s - loss: 0.9030 - acc: 0.7066
 670/3900 [====>.........................] - ETA: 2s - loss: 0.8948 - acc: 0.7060
 730/3900 [====>.........................] - ETA: 2s - loss: 0.8930 - acc: 0.7082
 790/3900 [=====>........................] - ETA: 2s - loss: 0.9033 - acc: 0.7051
 850/3900 [=====>........................] - ETA: 2s - loss: 0.9002 - acc: 0.7059
 910/3900 [======>.......................] - ETA: 2s - loss: 0.9017 - acc: 0.7066
 970/3900 [======>.......................] - ETA: 2s - loss: 0.8887 - acc: 0.7144
1030/3900 [======>.......................] - ETA: 2s - loss: 0.8826 - acc: 0.7184
1090/3900 [=======>......................] - ETA: 2s - loss: 0.8820 - acc: 0.7211
1150/3900 [=======>......................] - ETA: 2s - loss: 0.8813 - acc: 0.7217
1210/3900 [========>.....................] - ETA: 2s - loss: 0.8757 - acc: 0.7273
1270/3900 [========>.....................] - ETA: 2s - loss: 0.8779 - acc: 0.7252
1330/3900 [=========>....................] - ETA: 2s - loss: 0.8806 - acc: 0.7263
1390/3900 [=========>....................] - ETA: 2s - loss: 0.8735 - acc: 0.7288
1450/3900 [==========>...................] - ETA: 2s - loss: 0.8748 - acc: 0.7269
1510/3900 [==========>...................] - ETA: 2s - loss: 0.8666 - acc: 0.7305
1570/3900 [===========>..................] - ETA: 2s - loss: 0.8689 - acc: 0.7268
1630/3900 [===========>..................] - ETA: 2s - loss: 0.8608 - acc: 0.7288
1690/3900 [============>.................] - ETA: 1s - loss: 0.8565 - acc: 0.7296
1750/3900 [============>.................] - ETA: 1s - loss: 0.8481 - acc: 0.7331
1810/3900 [============>.................] - ETA: 1s - loss: 0.8464 - acc: 0.7337
1870/3900 [=============>................] - ETA: 1s - loss: 0.8468 - acc: 0.7337
1930/3900 [=============>................] - ETA: 1s - loss: 0.8439 - acc: 0.7368
1990/3900 [==============>...............] - ETA: 1s - loss: 0.8441 - acc: 0.7357
2050/3900 [==============>...............] - ETA: 1s - loss: 0.8427 - acc: 0.7361
2110/3900 [===============>..............] - ETA: 1s - loss: 0.8412 - acc: 0.7365
2170/3900 [===============>..............] - ETA: 1s - loss: 0.8410 - acc: 0.7355
2230/3900 [================>.............] - ETA: 1s - loss: 0.8371 - acc: 0.7368
2290/3900 [================>.............] - ETA: 1s - loss: 0.8362 - acc: 0.7358
2350/3900 [=================>............] - ETA: 1s - loss: 0.8365 - acc: 0.7353
2410/3900 [=================>............] - ETA: 1s - loss: 0.8390 - acc: 0.7332
2470/3900 [==================>...........] - ETA: 1s - loss: 0.8365 - acc: 0.7340
2530/3900 [==================>...........] - ETA: 1s - loss: 0.8347 - acc: 0.7336
2590/3900 [==================>...........] - ETA: 1s - loss: 0.8366 - acc: 0.7324
2650/3900 [===================>..........] - ETA: 1s - loss: 0.8361 - acc: 0.7325
2710/3900 [===================>..........] - ETA: 1s - loss: 0.8352 - acc: 0.7332
2770/3900 [====================>.........] - ETA: 1s - loss: 0.8350 - acc: 0.7336
2830/3900 [====================>.........] - ETA: 0s - loss: 0.8313 - acc: 0.7336
2890/3900 [=====================>........] - ETA: 0s - loss: 0.8322 - acc: 0.7329
2950/3900 [=====================>........] - ETA: 0s - loss: 0.8317 - acc: 0.7322
3010/3900 [======================>.......] - ETA: 0s - loss: 0.8314 - acc: 0.7326
3070/3900 [======================>.......] - ETA: 0s - loss: 0.8288 - acc: 0.7332
3130/3900 [=======================>......] - ETA: 0s - loss: 0.8282 - acc: 0.7329
3190/3900 [=======================>......] - ETA: 0s - loss: 0.8305 - acc: 0.7304
3250/3900 [========================>.....] - ETA: 0s - loss: 0.8302 - acc: 0.7311
3310/3900 [========================>.....] - ETA: 0s - loss: 0.8277 - acc: 0.7308
3370/3900 [========================>.....] - ETA: 0s - loss: 0.8262 - acc: 0.7318
3430/3900 [=========================>....] - ETA: 0s - loss: 0.8237 - acc: 0.7327
3490/3900 [=========================>....] - ETA: 0s - loss: 0.8229 - acc: 0.7330
3550/3900 [==========================>...] - ETA: 0s - loss: 0.8220 - acc: 0.7332
3610/3900 [==========================>...] - ETA: 0s - loss: 0.8203 - acc: 0.7343
3670/3900 [===========================>..] - ETA: 0s - loss: 0.8208 - acc: 0.7341
3730/3900 [===========================>..] - ETA: 0s - loss: 0.8200 - acc: 0.7346
3790/3900 [============================>.] - ETA: 0s - loss: 0.8182 - acc: 0.7351
3850/3900 [============================>.] - ETA: 0s - loss: 0.8172 - acc: 0.7351
3900/3900 [==============================] - 4s 902us/step - loss: 0.8169 - acc: 0.7349 - val_loss: 1.6767 - val_acc: 0.4949
Current time ....3.518
Train on 600 samples, validate on 86 samples
Epoch 1/1

 10/600 [..............................] - ETA: 0s - loss: 0.0346 - acc: 1.0000
 70/600 [==>...........................] - ETA: 0s - loss: 0.0433 - acc: 1.0000
130/600 [=====>........................] - ETA: 0s - loss: 0.0398 - acc: 1.0000
190/600 [========>.....................] - ETA: 0s - loss: 0.0503 - acc: 0.9947
250/600 [===========>..................] - ETA: 0s - loss: 0.0435 - acc: 0.9960
310/600 [==============>...............] - ETA: 0s - loss: 0.0446 - acc: 0.9968
370/600 [=================>............] - ETA: 0s - loss: 0.0446 - acc: 0.9973
430/600 [====================>.........] - ETA: 0s - loss: 0.0456 - acc: 0.9977
490/600 [=======================>......] - ETA: 0s - loss: 0.0466 - acc: 0.9959
550/600 [==========================>...] - ETA: 0s - loss: 0.0461 - acc: 0.9964
600/600 [==============================] - 1s 919us/step - loss: 0.0456 - acc: 0.9950 - val_loss: 0.5187 - val_acc: 0.9186
Current time ....0.552
Train on 1200 samples, validate on 68 samples
Epoch 1/1

  10/1200 [..............................] - ETA: 1s - loss: 0.0712 - acc: 1.0000
  70/1200 [>.............................] - ETA: 1s - loss: 0.1348 - acc: 0.9571
 130/1200 [==>...........................] - ETA: 0s - loss: 0.1214 - acc: 0.9769
 190/1200 [===>..........................] - ETA: 0s - loss: 0.1168 - acc: 0.9842
 250/1200 [=====>........................] - ETA: 0s - loss: 0.1179 - acc: 0.9880
 310/1200 [======>.......................] - ETA: 0s - loss: 0.1106 - acc: 0.9903
 370/1200 [========>.....................] - ETA: 0s - loss: 0.1079 - acc: 0.9892
 430/1200 [=========>....................] - ETA: 0s - loss: 0.1149 - acc: 0.9860
 490/1200 [===========>..................] - ETA: 0s - loss: 0.1133 - acc: 0.9878
 550/1200 [============>.................] - ETA: 0s - loss: 0.1094 - acc: 0.9873
 610/1200 [==============>...............] - ETA: 0s - loss: 0.1077 - acc: 0.9869
 670/1200 [===============>..............] - ETA: 0s - loss: 0.1069 - acc: 0.9881
 730/1200 [=================>............] - ETA: 0s - loss: 0.1099 - acc: 0.9849
 790/1200 [==================>...........] - ETA: 0s - loss: 0.1079 - acc: 0.9861
 850/1200 [====================>.........] - ETA: 0s - loss: 0.1050 - acc: 0.9871
 910/1200 [=====================>........] - ETA: 0s - loss: 0.1075 - acc: 0.9846
 970/1200 [=======================>......] - ETA: 0s - loss: 0.1082 - acc: 0.9845
1030/1200 [========================>.....] - ETA: 0s - loss: 0.1097 - acc: 0.9825
1090/1200 [==========================>...] - ETA: 0s - loss: 0.1109 - acc: 0.9826
1150/1200 [===========================>..] - ETA: 0s - loss: 0.1105 - acc: 0.9826
1200/1200 [==============================] - 1s 901us/step - loss: 0.1110 - acc: 0.9825 - val_loss: 0.8376 - val_acc: 0.7059
Current time ....1.082
Train on 3900 samples, validate on 99 samples
Epoch 1/1

  10/3900 [..............................] - ETA: 3s - loss: 0.9249 - acc: 0.8000
  70/3900 [..............................] - ETA: 3s - loss: 0.7860 - acc: 0.7429
 130/3900 [>.............................] - ETA: 3s - loss: 0.7005 - acc: 0.7923
 190/3900 [>.............................] - ETA: 3s - loss: 0.6838 - acc: 0.8105
 250/3900 [>.............................] - ETA: 3s - loss: 0.6873 - acc: 0.8080
 310/3900 [=>............................] - ETA: 3s - loss: 0.6728 - acc: 0.8161
 370/3900 [=>............................] - ETA: 3s - loss: 0.6863 - acc: 0.8054
 430/3900 [==>...........................] - ETA: 3s - loss: 0.7235 - acc: 0.7791
 490/3900 [==>...........................] - ETA: 3s - loss: 0.7479 - acc: 0.7612
 550/3900 [===>..........................] - ETA: 3s - loss: 0.7277 - acc: 0.7673
 610/3900 [===>..........................] - ETA: 2s - loss: 0.7181 - acc: 0.7721
 670/3900 [====>.........................] - ETA: 2s - loss: 0.7357 - acc: 0.7642
 730/3900 [====>.........................] - ETA: 2s - loss: 0.7310 - acc: 0.7671
 790/3900 [=====>........................] - ETA: 2s - loss: 0.7346 - acc: 0.7633
 850/3900 [=====>........................] - ETA: 2s - loss: 0.7386 - acc: 0.7647
 910/3900 [======>.......................] - ETA: 2s - loss: 0.7325 - acc: 0.7659
 970/3900 [======>.......................] - ETA: 2s - loss: 0.7243 - acc: 0.7701
1030/3900 [======>.......................] - ETA: 2s - loss: 0.7184 - acc: 0.7767
1090/3900 [=======>......................] - ETA: 2s - loss: 0.7184 - acc: 0.7761
1150/3900 [=======>......................] - ETA: 2s - loss: 0.7172 - acc: 0.7783
1210/3900 [========>.....................] - ETA: 2s - loss: 0.7183 - acc: 0.7744
1270/3900 [========>.....................] - ETA: 2s - loss: 0.7170 - acc: 0.7756
1330/3900 [=========>....................] - ETA: 2s - loss: 0.7173 - acc: 0.7737
1390/3900 [=========>....................] - ETA: 2s - loss: 0.7132 - acc: 0.7755
1450/3900 [==========>...................] - ETA: 2s - loss: 0.7097 - acc: 0.7738
1510/3900 [==========>...................] - ETA: 2s - loss: 0.7049 - acc: 0.7755
1570/3900 [===========>..................] - ETA: 2s - loss: 0.7007 - acc: 0.7752
1630/3900 [===========>..................] - ETA: 2s - loss: 0.6991 - acc: 0.7742
1690/3900 [============>.................] - ETA: 1s - loss: 0.6981 - acc: 0.7746
1750/3900 [============>.................] - ETA: 1s - loss: 0.6980 - acc: 0.7766
1810/3900 [============>.................] - ETA: 1s - loss: 0.7003 - acc: 0.7757
1870/3900 [=============>................] - ETA: 1s - loss: 0.7077 - acc: 0.7722
1930/3900 [=============>................] - ETA: 1s - loss: 0.7051 - acc: 0.7736
1990/3900 [==============>...............] - ETA: 1s - loss: 0.7078 - acc: 0.7714
2050/3900 [==============>...............] - ETA: 1s - loss: 0.7089 - acc: 0.7717
2110/3900 [===============>..............] - ETA: 1s - loss: 0.7104 - acc: 0.7701
2170/3900 [===============>..............] - ETA: 1s - loss: 0.7079 - acc: 0.7710
2230/3900 [================>.............] - ETA: 1s - loss: 0.7026 - acc: 0.7740
2290/3900 [================>.............] - ETA: 1s - loss: 0.7007 - acc: 0.7738
2350/3900 [=================>............] - ETA: 1s - loss: 0.7021 - acc: 0.7732
2410/3900 [=================>............] - ETA: 1s - loss: 0.7012 - acc: 0.7726
2470/3900 [==================>...........] - ETA: 1s - loss: 0.7009 - acc: 0.7729
2530/3900 [==================>...........] - ETA: 1s - loss: 0.6983 - acc: 0.7747
2590/3900 [==================>...........] - ETA: 1s - loss: 0.6971 - acc: 0.7761
2650/3900 [===================>..........] - ETA: 1s - loss: 0.6944 - acc: 0.7770
2710/3900 [===================>..........] - ETA: 1s - loss: 0.6964 - acc: 0.7753
2770/3900 [====================>.........] - ETA: 1s - loss: 0.6941 - acc: 0.7762
2830/3900 [====================>.........] - ETA: 0s - loss: 0.6941 - acc: 0.7767
2890/3900 [=====================>........] - ETA: 0s - loss: 0.6941 - acc: 0.7765
2950/3900 [=====================>........] - ETA: 0s - loss: 0.6937 - acc: 0.7763
3010/3900 [======================>.......] - ETA: 0s - loss: 0.6905 - acc: 0.7777
3070/3900 [======================>.......] - ETA: 0s - loss: 0.6883 - acc: 0.7785
3130/3900 [=======================>......] - ETA: 0s - loss: 0.6856 - acc: 0.7802
3190/3900 [=======================>......] - ETA: 0s - loss: 0.6835 - acc: 0.7815
3250/3900 [========================>.....] - ETA: 0s - loss: 0.6833 - acc: 0.7812
3310/3900 [========================>.....] - ETA: 0s - loss: 0.6810 - acc: 0.7825
3370/3900 [========================>.....] - ETA: 0s - loss: 0.6794 - acc: 0.7834
3430/3900 [=========================>....] - ETA: 0s - loss: 0.6770 - acc: 0.7837
3490/3900 [=========================>....] - ETA: 0s - loss: 0.6753 - acc: 0.7840
3550/3900 [==========================>...] - ETA: 0s - loss: 0.6752 - acc: 0.7831
3610/3900 [==========================>...] - ETA: 0s - loss: 0.6733 - acc: 0.7831
3670/3900 [===========================>..] - ETA: 0s - loss: 0.6754 - acc: 0.7820
3730/3900 [===========================>..] - ETA: 0s - loss: 0.6742 - acc: 0.7815
3790/3900 [============================>.] - ETA: 0s - loss: 0.6748 - acc: 0.7807
3850/3900 [============================>.] - ETA: 0s - loss: 0.6724 - acc: 0.7810
3900/3900 [==============================] - 4s 902us/step - loss: 0.6714 - acc: 0.7813 - val_loss: 1.6178 - val_acc: 0.4646
Current time ....3.517
Train on 600 samples, validate on 86 samples
Epoch 1/1

 10/600 [..............................] - ETA: 0s - loss: 0.0199 - acc: 1.0000
 70/600 [==>...........................] - ETA: 0s - loss: 0.0277 - acc: 1.0000
130/600 [=====>........................] - ETA: 0s - loss: 0.0347 - acc: 1.0000
190/600 [========>.....................] - ETA: 0s - loss: 0.0421 - acc: 1.0000
250/600 [===========>..................] - ETA: 0s - loss: 0.0408 - acc: 1.0000
310/600 [==============>...............] - ETA: 0s - loss: 0.0393 - acc: 1.0000
370/600 [=================>............] - ETA: 0s - loss: 0.0385 - acc: 1.0000
430/600 [====================>.........] - ETA: 0s - loss: 0.0403 - acc: 0.9953
490/600 [=======================>......] - ETA: 0s - loss: 0.0384 - acc: 0.9959
550/600 [==========================>...] - ETA: 0s - loss: 0.0377 - acc: 0.9964
600/600 [==============================] - 1s 921us/step - loss: 0.0378 - acc: 0.9950 - val_loss: 0.5240 - val_acc: 0.9186
Current time ....0.553
Train on 1200 samples, validate on 68 samples
Epoch 1/1

  10/1200 [..............................] - ETA: 1s - loss: 0.0476 - acc: 1.0000
  70/1200 [>.............................] - ETA: 0s - loss: 0.1363 - acc: 0.9714
 130/1200 [==>...........................] - ETA: 0s - loss: 0.1169 - acc: 0.9769
 190/1200 [===>..........................] - ETA: 0s - loss: 0.0970 - acc: 0.9842
 250/1200 [=====>........................] - ETA: 0s - loss: 0.0917 - acc: 0.9880
 310/1200 [======>.......................] - ETA: 0s - loss: 0.0919 - acc: 0.9903
 370/1200 [========>.....................] - ETA: 0s - loss: 0.0905 - acc: 0.9919
 430/1200 [=========>....................] - ETA: 0s - loss: 0.0898 - acc: 0.9930
 490/1200 [===========>..................] - ETA: 0s - loss: 0.0865 - acc: 0.9939
 550/1200 [============>.................] - ETA: 0s - loss: 0.0851 - acc: 0.9945
 610/1200 [==============>...............] - ETA: 0s - loss: 0.0821 - acc: 0.9951
 670/1200 [===============>..............] - ETA: 0s - loss: 0.0812 - acc: 0.9940
 730/1200 [=================>............] - ETA: 0s - loss: 0.0799 - acc: 0.9932
 790/1200 [==================>...........] - ETA: 0s - loss: 0.0807 - acc: 0.9924
 850/1200 [====================>.........] - ETA: 0s - loss: 0.0801 - acc: 0.9929
 910/1200 [=====================>........] - ETA: 0s - loss: 0.0795 - acc: 0.9923
 970/1200 [=======================>......] - ETA: 0s - loss: 0.0795 - acc: 0.9928
1030/1200 [========================>.....] - ETA: 0s - loss: 0.0789 - acc: 0.9932
1090/1200 [==========================>...] - ETA: 0s - loss: 0.0784 - acc: 0.9936
1150/1200 [===========================>..] - ETA: 0s - loss: 0.0795 - acc: 0.9930
1200/1200 [==============================] - 1s 895us/step - loss: 0.0790 - acc: 0.9933 - val_loss: 0.9002 - val_acc: 0.7059
Current time ....1.075

32/99 [========>.....................] - ETA: 0s
99/99 [==============================] - 0s 95us/step
In EVALUATE loss:  [1.6177847927266902, 0.46464646524853176]

32/86 [==========>...................] - ETA: 0s
86/86 [==============================] - 0s 79us/step
In EVALUATE loss:  [0.5240059217741323, 0.91860465393509971]

32/68 [=============>................] - ETA: 0s
68/68 [==============================] - 0s 97us/step
In EVALUATE loss:  [0.9001923659268547, 0.70588235294117652]
Task 1 : Primary site - Macro F1 score 0.244760593859
Task 1 : Primary site - Micro F1 score 0.464646464646
Task 2 : Tumor laterality - Macro F1 score 0.918593644354
Task 2 : Tumor laterality - Micro F1 score 0.918604651163
Task 3 : Histological grade - Macro F1 score 0.527535881309
Task 3 : Histological grade - Micro F1 score 0.705882352941
Average loss:  1.01399436014
