Importing candle utils for keras
Configuration file:  /gpfs/mira-home/apeck/Modified_Benchmarks/Pilot3/P3B1/p3b1_default_model.txt
{'activation': 'relu',
 'batch_size': 10,
 'data_url': 'ftp://ftp.mcs.anl.gov/pub/candle/public/benchmarks/P3B1/',
 'drop': 0.0,
 'epochs': 10,
 'feature_names': 'Primary site:Tumor laterality:Histological grade',
 'ind_nnet_spec': [[2400, 2400, 1200, 1200],
                   [2400, 2400, 1200, 1200],
                   [2400, 2400, 1200, 1200]],
 'initialization': 'glorot_uniform',
 'learning_rate': 0.01,
 'loss': 'categorical_crossentropy',
 'metrics': 'accuracy',
 'model_name': 'p3b1',
 'n_fold': 1,
 'optimizer': 'sgd',
 'out_activation': 'softmax',
 'output_dir': '.',
 'scaling': 'none',
 'shared_nnet_spec': [1200,
                      2400,
                      3600,
                      3600,
                      3600,
                      3600,
                      3600,
                      3600,
                      3600,
                      2400],
 'shuffle': True,
 'timeout': 1800,
 'train_data': 'P3B1_data.tar.gz'}
Params:
{'activation': 'relu',
 'batch_size': 10,
 'case': 'CenterZ',
 'data_url': 'ftp://ftp.mcs.anl.gov/pub/candle/public/benchmarks/P3B1/',
 'datatype': <class 'numpy.float32'>,
 'drop': 0.0,
 'epochs': 10,
 'experiment_id': 'EXP000',
 'feature_names': 'Primary site:Tumor laterality:Histological grade',
 'fig': False,
 'gpus': [],
 'ind_nnet_spec': [[2400, 2400, 1200, 1200],
                   [2400, 2400, 1200, 1200],
                   [2400, 2400, 1200, 1200]],
 'initialization': 'glorot_uniform',
 'learning_rate': 0.01,
 'logfile': None,
 'loss': 'categorical_crossentropy',
 'metrics': 'accuracy',
 'model_name': 'p3b1',
 'n_fold': 1,
 'optimizer': 'sgd',
 'out_activation': 'softmax',
 'output_dir': '/gpfs/mira-home/apeck/CANDLE_testing/avery_modified_results/p3_1',
 'output_files': 'result0_0.csv;result1_0.csv;result2_0.csv',
 'rng_seed': 7102,
 'run_id': 'RUN000',
 'scaling': 'none',
 'shared_nnet_spec': [1200,
                      2400,
                      3600,
                      3600,
                      3600,
                      3600,
                      3600,
                      3600,
                      3600,
                      2400],
 'shuffle': False,
 'timeout': 1800,
 'train_bool': True,
 'train_data': 'P3B1_data.tar.gz',
 'train_features': 'data/task0_0_train_feature.csv;data/task1_0_train_feature.csv;data/task2_0_train_feature.csv',
 'train_truths': 'data/task0_0_train_label.csv;data/task1_0_train_label.csv;data/task2_0_train_label.csv',
 'valid_features': 'data/task0_0_test_feature.csv;data/task1_0_test_feature.csv;data/task2_0_test_feature.csv',
 'valid_truths': 'data/task0_0_test_label.csv;data/task1_0_test_label.csv;data/task2_0_test_label.csv',
 'verbose': None}
Feature names:
Primary site
Tumor laterality
Histological grade
Model:  0
_________________________________________________________________
Layer (type)                 Output Shape              Param #   
=================================================================
input (InputLayer)           (None, 400)               0         
_________________________________________________________________
indiv_layer_0_0 (Dense)      (None, 2400)              962400    
_________________________________________________________________
indiv_layer_0_1 (Dense)      (None, 2400)              5762400   
_________________________________________________________________
indiv_layer_0_2 (Dense)      (None, 1200)              2881200   
_________________________________________________________________
indiv_layer_0_3 (Dense)      (None, 1200)              1441200   
_________________________________________________________________
out_0 (Dense)                (None, 13)                15613     
=================================================================
Total params: 11,062,813
Trainable params: 11,062,813
Non-trainable params: 0
_________________________________________________________________
Model:  1
_________________________________________________________________
Layer (type)                 Output Shape              Param #   
=================================================================
input (InputLayer)           (None, 400)               0         
_________________________________________________________________
indiv_layer_1_0 (Dense)      (None, 2400)              962400    
_________________________________________________________________
indiv_layer_1_1 (Dense)      (None, 2400)              5762400   
_________________________________________________________________
indiv_layer_1_2 (Dense)      (None, 1200)              2881200   
_________________________________________________________________
indiv_layer_1_3 (Dense)      (None, 1200)              1441200   
_________________________________________________________________
out_1 (Dense)                (None, 2)                 2402      
=================================================================
Total params: 11,049,602
Trainable params: 11,049,602
Non-trainable params: 0
_________________________________________________________________
Model:  2
_________________________________________________________________
Layer (type)                 Output Shape              Param #   
=================================================================
input (InputLayer)           (None, 400)               0         
_________________________________________________________________
indiv_layer_2_0 (Dense)      (None, 2400)              962400    
_________________________________________________________________
indiv_layer_2_1 (Dense)      (None, 2400)              5762400   
_________________________________________________________________
indiv_layer_2_2 (Dense)      (None, 1200)              2881200   
_________________________________________________________________
indiv_layer_2_3 (Dense)      (None, 1200)              1441200   
_________________________________________________________________
out_2 (Dense)                (None, 4)                 4804      
=================================================================
Total params: 11,052,004
Trainable params: 11,052,004
Non-trainable params: 0
_________________________________________________________________
Train on 3900 samples, validate on 99 samples
Epoch 1/1

  10/3900 [..............................] - ETA: 12:02 - loss: 2.5650 - acc: 0.0000e+00
  60/3900 [..............................] - ETA: 2:02 - loss: 2.5635 - acc: 0.1167     
 110/3900 [..............................] - ETA: 1:07 - loss: 2.5634 - acc: 0.1364
 160/3900 [>.............................] - ETA: 47s - loss: 2.5632 - acc: 0.1438 
 210/3900 [>.............................] - ETA: 36s - loss: 2.5632 - acc: 0.1286
 260/3900 [=>............................] - ETA: 29s - loss: 2.5623 - acc: 0.1308
 310/3900 [=>............................] - ETA: 25s - loss: 2.5621 - acc: 0.1323
 360/3900 [=>............................] - ETA: 22s - loss: 2.5624 - acc: 0.1250
 420/3900 [==>...........................] - ETA: 19s - loss: 2.5624 - acc: 0.1262
 480/3900 [==>...........................] - ETA: 16s - loss: 2.5622 - acc: 0.1229
 540/3900 [===>..........................] - ETA: 15s - loss: 2.5621 - acc: 0.1259
 600/3900 [===>..........................] - ETA: 13s - loss: 2.5618 - acc: 0.1267
 660/3900 [====>.........................] - ETA: 12s - loss: 2.5619 - acc: 0.1212
 720/3900 [====>.........................] - ETA: 11s - loss: 2.5619 - acc: 0.1264
 780/3900 [=====>........................] - ETA: 10s - loss: 2.5615 - acc: 0.1321
 840/3900 [=====>........................] - ETA: 9s - loss: 2.5614 - acc: 0.1321 
 900/3900 [=====>........................] - ETA: 9s - loss: 2.5609 - acc: 0.1344
 960/3900 [======>.......................] - ETA: 8s - loss: 2.5608 - acc: 0.1365
1020/3900 [======>.......................] - ETA: 8s - loss: 2.5608 - acc: 0.1382
1080/3900 [=======>......................] - ETA: 7s - loss: 2.5605 - acc: 0.1426
1140/3900 [=======>......................] - ETA: 7s - loss: 2.5602 - acc: 0.1439
1200/3900 [========>.....................] - ETA: 6s - loss: 2.5601 - acc: 0.1467
1260/3900 [========>.....................] - ETA: 6s - loss: 2.5599 - acc: 0.1500
1320/3900 [=========>....................] - ETA: 6s - loss: 2.5596 - acc: 0.1500
1380/3900 [=========>....................] - ETA: 5s - loss: 2.5593 - acc: 0.1514
1440/3900 [==========>...................] - ETA: 5s - loss: 2.5593 - acc: 0.1479
1500/3900 [==========>...................] - ETA: 5s - loss: 2.5593 - acc: 0.1473
1560/3900 [===========>..................] - ETA: 4s - loss: 2.5589 - acc: 0.1526
1620/3900 [===========>..................] - ETA: 4s - loss: 2.5588 - acc: 0.1574
1680/3900 [===========>..................] - ETA: 4s - loss: 2.5587 - acc: 0.1601
1740/3900 [============>.................] - ETA: 4s - loss: 2.5585 - acc: 0.1644
1800/3900 [============>.................] - ETA: 4s - loss: 2.5583 - acc: 0.1694
1860/3900 [=============>................] - ETA: 3s - loss: 2.5581 - acc: 0.1704
1920/3900 [=============>................] - ETA: 3s - loss: 2.5578 - acc: 0.1734
1980/3900 [==============>...............] - ETA: 3s - loss: 2.5577 - acc: 0.1768
2040/3900 [==============>...............] - ETA: 3s - loss: 2.5575 - acc: 0.1804
2100/3900 [===============>..............] - ETA: 3s - loss: 2.5572 - acc: 0.1824
2160/3900 [===============>..............] - ETA: 3s - loss: 2.5570 - acc: 0.1843
2220/3900 [================>.............] - ETA: 2s - loss: 2.5568 - acc: 0.1869
2280/3900 [================>.............] - ETA: 2s - loss: 2.5566 - acc: 0.1886
2340/3900 [=================>............] - ETA: 2s - loss: 2.5563 - acc: 0.1893
2400/3900 [=================>............] - ETA: 2s - loss: 2.5560 - acc: 0.1904
2460/3900 [=================>............] - ETA: 2s - loss: 2.5557 - acc: 0.1911
2520/3900 [==================>...........] - ETA: 2s - loss: 2.5555 - acc: 0.1925
2580/3900 [==================>...........] - ETA: 2s - loss: 2.5552 - acc: 0.1942
2640/3900 [===================>..........] - ETA: 2s - loss: 2.5551 - acc: 0.1924
2700/3900 [===================>..........] - ETA: 1s - loss: 2.5548 - acc: 0.1926
2760/3900 [====================>.........] - ETA: 1s - loss: 2.5545 - acc: 0.1931
2820/3900 [====================>.........] - ETA: 1s - loss: 2.5543 - acc: 0.1943
2880/3900 [=====================>........] - ETA: 1s - loss: 2.5540 - acc: 0.1969
2940/3900 [=====================>........] - ETA: 1s - loss: 2.5538 - acc: 0.1980
3000/3900 [======================>.......] - ETA: 1s - loss: 2.5536 - acc: 0.2010
3060/3900 [======================>.......] - ETA: 1s - loss: 2.5534 - acc: 0.2036
3120/3900 [=======================>......] - ETA: 1s - loss: 2.5531 - acc: 0.2061
3180/3900 [=======================>......] - ETA: 1s - loss: 2.5529 - acc: 0.2072
3240/3900 [=======================>......] - ETA: 0s - loss: 2.5527 - acc: 0.2096
3300/3900 [========================>.....] - ETA: 0s - loss: 2.5524 - acc: 0.2130
3360/3900 [========================>.....] - ETA: 0s - loss: 2.5521 - acc: 0.2152
3420/3900 [=========================>....] - ETA: 0s - loss: 2.5519 - acc: 0.2170
3480/3900 [=========================>....] - ETA: 0s - loss: 2.5516 - acc: 0.2195
3540/3900 [==========================>...] - ETA: 0s - loss: 2.5513 - acc: 0.2209
3600/3900 [==========================>...] - ETA: 0s - loss: 2.5511 - acc: 0.2219
3660/3900 [===========================>..] - ETA: 0s - loss: 2.5508 - acc: 0.2230
3720/3900 [===========================>..] - ETA: 0s - loss: 2.5505 - acc: 0.2272
3780/3900 [============================>.] - ETA: 0s - loss: 2.5502 - acc: 0.2315
3840/3900 [============================>.] - ETA: 0s - loss: 2.5499 - acc: 0.2310
3900/3900 [==============================] - 5s 1ms/step - loss: 2.5496 - acc: 0.2323 - val_loss: 2.5512 - val_acc: 0.0808
Current time ....5.450
Train on 600 samples, validate on 86 samples
Epoch 1/1

 10/600 [..............................] - ETA: 18s - loss: 0.7285 - acc: 0.4000
 70/600 [==>...........................] - ETA: 2s - loss: 0.6853 - acc: 0.5286 
130/600 [=====>........................] - ETA: 1s - loss: 0.6778 - acc: 0.5538
190/600 [========>.....................] - ETA: 1s - loss: 0.6800 - acc: 0.5526
250/600 [===========>..................] - ETA: 0s - loss: 0.6808 - acc: 0.5400
310/600 [==============>...............] - ETA: 0s - loss: 0.6771 - acc: 0.5806
370/600 [=================>............] - ETA: 0s - loss: 0.6758 - acc: 0.6027
430/600 [====================>.........] - ETA: 0s - loss: 0.6717 - acc: 0.6326
490/600 [=======================>......] - ETA: 0s - loss: 0.6678 - acc: 0.6633
550/600 [==========================>...] - ETA: 0s - loss: 0.6629 - acc: 0.6855
600/600 [==============================] - 1s 1ms/step - loss: 0.6619 - acc: 0.6967 - val_loss: 0.6367 - val_acc: 0.8023
Current time ....0.876
Train on 1200 samples, validate on 68 samples
Epoch 1/1

  10/1200 [..............................] - ETA: 31s - loss: 1.3693 - acc: 0.4000
  70/1200 [>.............................] - ETA: 5s - loss: 1.3903 - acc: 0.2571 
 130/1200 [==>...........................] - ETA: 3s - loss: 1.3821 - acc: 0.2923
 190/1200 [===>..........................] - ETA: 2s - loss: 1.3706 - acc: 0.3000
 250/1200 [=====>........................] - ETA: 1s - loss: 1.3711 - acc: 0.2640
 310/1200 [======>.......................] - ETA: 1s - loss: 1.3692 - acc: 0.2613
 370/1200 [========>.....................] - ETA: 1s - loss: 1.3679 - acc: 0.2676
 430/1200 [=========>....................] - ETA: 1s - loss: 1.3615 - acc: 0.3047
 490/1200 [===========>..................] - ETA: 1s - loss: 1.3546 - acc: 0.3429
 550/1200 [============>.................] - ETA: 0s - loss: 1.3511 - acc: 0.3527
 610/1200 [==============>...............] - ETA: 0s - loss: 1.3442 - acc: 0.3738
 670/1200 [===============>..............] - ETA: 0s - loss: 1.3429 - acc: 0.3672
 730/1200 [=================>............] - ETA: 0s - loss: 1.3379 - acc: 0.3795
 790/1200 [==================>...........] - ETA: 0s - loss: 1.3344 - acc: 0.3911
 850/1200 [====================>.........] - ETA: 0s - loss: 1.3261 - acc: 0.4082
 910/1200 [=====================>........] - ETA: 0s - loss: 1.3228 - acc: 0.4088
 970/1200 [=======================>......] - ETA: 0s - loss: 1.3177 - acc: 0.4196
1030/1200 [========================>.....] - ETA: 0s - loss: 1.3124 - acc: 0.4320
1090/1200 [==========================>...] - ETA: 0s - loss: 1.3070 - acc: 0.4422
1150/1200 [===========================>..] - ETA: 0s - loss: 1.3034 - acc: 0.4461
1200/1200 [==============================] - 1s 1ms/step - loss: 1.2987 - acc: 0.4500 - val_loss: 1.2817 - val_acc: 0.3382
Current time ....1.344
Train on 3900 samples, validate on 99 samples
Epoch 1/1

  10/3900 [..............................] - ETA: 3s - loss: 2.5290 - acc: 0.2000
  70/3900 [..............................] - ETA: 3s - loss: 2.5308 - acc: 0.3571
 130/3900 [>.............................] - ETA: 3s - loss: 2.5308 - acc: 0.3769
 190/3900 [>.............................] - ETA: 3s - loss: 2.5297 - acc: 0.4158
 250/3900 [>.............................] - ETA: 3s - loss: 2.5292 - acc: 0.4080
 310/3900 [=>............................] - ETA: 3s - loss: 2.5287 - acc: 0.4161
 370/3900 [=>............................] - ETA: 3s - loss: 2.5283 - acc: 0.4297
 430/3900 [==>...........................] - ETA: 3s - loss: 2.5270 - acc: 0.4279
 490/3900 [==>...........................] - ETA: 3s - loss: 2.5269 - acc: 0.4306
 550/3900 [===>..........................] - ETA: 2s - loss: 2.5263 - acc: 0.4291
 610/3900 [===>..........................] - ETA: 2s - loss: 2.5260 - acc: 0.4230
 670/3900 [====>.........................] - ETA: 2s - loss: 2.5257 - acc: 0.4090
 730/3900 [====>.........................] - ETA: 2s - loss: 2.5255 - acc: 0.4027
 790/3900 [=====>........................] - ETA: 2s - loss: 2.5254 - acc: 0.4038
 850/3900 [=====>........................] - ETA: 2s - loss: 2.5248 - acc: 0.4035
 910/3900 [======>.......................] - ETA: 2s - loss: 2.5240 - acc: 0.4055
 970/3900 [======>.......................] - ETA: 2s - loss: 2.5235 - acc: 0.3959
1030/3900 [======>.......................] - ETA: 2s - loss: 2.5236 - acc: 0.3893
1090/3900 [=======>......................] - ETA: 2s - loss: 2.5231 - acc: 0.3945
1150/3900 [=======>......................] - ETA: 2s - loss: 2.5223 - acc: 0.3948
1210/3900 [========>.....................] - ETA: 2s - loss: 2.5220 - acc: 0.3959
1270/3900 [========>.....................] - ETA: 2s - loss: 2.5216 - acc: 0.3953
1330/3900 [=========>....................] - ETA: 2s - loss: 2.5213 - acc: 0.3902
1390/3900 [=========>....................] - ETA: 2s - loss: 2.5206 - acc: 0.3878
1450/3900 [==========>...................] - ETA: 2s - loss: 2.5202 - acc: 0.3841
1500/3900 [==========>...................] - ETA: 2s - loss: 2.5198 - acc: 0.3800
1560/3900 [===========>..................] - ETA: 2s - loss: 2.5193 - acc: 0.3769
1620/3900 [===========>..................] - ETA: 2s - loss: 2.5186 - acc: 0.3747
1680/3900 [===========>..................] - ETA: 1s - loss: 2.5184 - acc: 0.3685
1740/3900 [============>.................] - ETA: 1s - loss: 2.5182 - acc: 0.3661
1800/3900 [============>.................] - ETA: 1s - loss: 2.5178 - acc: 0.3667
1860/3900 [=============>................] - ETA: 1s - loss: 2.5174 - acc: 0.3715
1920/3900 [=============>................] - ETA: 1s - loss: 2.5167 - acc: 0.3734
1980/3900 [==============>...............] - ETA: 1s - loss: 2.5164 - acc: 0.3707
2040/3900 [==============>...............] - ETA: 1s - loss: 2.5158 - acc: 0.3711
2100/3900 [===============>..............] - ETA: 1s - loss: 2.5152 - acc: 0.3714
2160/3900 [===============>..............] - ETA: 1s - loss: 2.5148 - acc: 0.3694
2220/3900 [================>.............] - ETA: 1s - loss: 2.5142 - acc: 0.3712
2280/3900 [================>.............] - ETA: 1s - loss: 2.5135 - acc: 0.3719
2340/3900 [=================>............] - ETA: 1s - loss: 2.5130 - acc: 0.3756
2400/3900 [=================>............] - ETA: 1s - loss: 2.5124 - acc: 0.3804
2460/3900 [=================>............] - ETA: 1s - loss: 2.5120 - acc: 0.3825
2520/3900 [==================>...........] - ETA: 1s - loss: 2.5115 - acc: 0.3857
2580/3900 [==================>...........] - ETA: 1s - loss: 2.5109 - acc: 0.3868
2640/3900 [===================>..........] - ETA: 1s - loss: 2.5102 - acc: 0.3898
2700/3900 [===================>..........] - ETA: 1s - loss: 2.5096 - acc: 0.3952
2760/3900 [====================>.........] - ETA: 1s - loss: 2.5090 - acc: 0.3978
2820/3900 [====================>.........] - ETA: 0s - loss: 2.5084 - acc: 0.4014
2880/3900 [=====================>........] - ETA: 0s - loss: 2.5077 - acc: 0.4028
2940/3900 [=====================>........] - ETA: 0s - loss: 2.5072 - acc: 0.4027
3000/3900 [======================>.......] - ETA: 0s - loss: 2.5064 - acc: 0.4053
3060/3900 [======================>.......] - ETA: 0s - loss: 2.5056 - acc: 0.4062
3120/3900 [=======================>......] - ETA: 0s - loss: 2.5051 - acc: 0.4064
3180/3900 [=======================>......] - ETA: 0s - loss: 2.5045 - acc: 0.4050
3240/3900 [=======================>......] - ETA: 0s - loss: 2.5039 - acc: 0.4049
3300/3900 [========================>.....] - ETA: 0s - loss: 2.5032 - acc: 0.4048
3360/3900 [========================>.....] - ETA: 0s - loss: 2.5025 - acc: 0.4039
3420/3900 [=========================>....] - ETA: 0s - loss: 2.5019 - acc: 0.4038
3480/3900 [=========================>....] - ETA: 0s - loss: 2.5012 - acc: 0.4063
3540/3900 [==========================>...] - ETA: 0s - loss: 2.5004 - acc: 0.4090
3600/3900 [==========================>...] - ETA: 0s - loss: 2.4996 - acc: 0.4097
3660/3900 [===========================>..] - ETA: 0s - loss: 2.4987 - acc: 0.4123
3720/3900 [===========================>..] - ETA: 0s - loss: 2.4979 - acc: 0.4129
3780/3900 [============================>.] - ETA: 0s - loss: 2.4970 - acc: 0.4148
3840/3900 [============================>.] - ETA: 0s - loss: 2.4962 - acc: 0.4156
3900/3900 [==============================] - 4s 901us/step - loss: 2.4956 - acc: 0.4159 - val_loss: 2.4746 - val_acc: 0.3131
Current time ....3.514
Train on 600 samples, validate on 86 samples
Epoch 1/1

 10/600 [..............................] - ETA: 0s - loss: 0.6890 - acc: 0.6000
 70/600 [==>...........................] - ETA: 0s - loss: 0.6182 - acc: 0.9286
130/600 [=====>........................] - ETA: 0s - loss: 0.6084 - acc: 0.9462
190/600 [========>.....................] - ETA: 0s - loss: 0.6020 - acc: 0.9368
250/600 [===========>..................] - ETA: 0s - loss: 0.5943 - acc: 0.9320
310/600 [==============>...............] - ETA: 0s - loss: 0.5889 - acc: 0.9387
370/600 [=================>............] - ETA: 0s - loss: 0.5879 - acc: 0.9324
430/600 [====================>.........] - ETA: 0s - loss: 0.5883 - acc: 0.9093
490/600 [=======================>......] - ETA: 0s - loss: 0.5817 - acc: 0.9122
550/600 [==========================>...] - ETA: 0s - loss: 0.5753 - acc: 0.9109
600/600 [==============================] - 1s 932us/step - loss: 0.5717 - acc: 0.9150 - val_loss: 0.5595 - val_acc: 0.8837
Current time ....0.560
Train on 1200 samples, validate on 68 samples
Epoch 1/1

  10/1200 [..............................] - ETA: 1s - loss: 1.1664 - acc: 0.8000
  70/1200 [>.............................] - ETA: 1s - loss: 1.1644 - acc: 0.6143
 130/1200 [==>...........................] - ETA: 0s - loss: 1.1695 - acc: 0.6154
 190/1200 [===>..........................] - ETA: 0s - loss: 1.1657 - acc: 0.6263
 250/1200 [=====>........................] - ETA: 0s - loss: 1.1515 - acc: 0.6320
 310/1200 [======>.......................] - ETA: 0s - loss: 1.1383 - acc: 0.6226
 370/1200 [========>.....................] - ETA: 0s - loss: 1.1327 - acc: 0.6216
 430/1200 [=========>....................] - ETA: 0s - loss: 1.1304 - acc: 0.6186
 490/1200 [===========>..................] - ETA: 0s - loss: 1.1229 - acc: 0.6163
 550/1200 [============>.................] - ETA: 0s - loss: 1.1163 - acc: 0.6291
 610/1200 [==============>...............] - ETA: 0s - loss: 1.1106 - acc: 0.6311
 670/1200 [===============>..............] - ETA: 0s - loss: 1.1067 - acc: 0.6373
 730/1200 [=================>............] - ETA: 0s - loss: 1.1025 - acc: 0.6397
 790/1200 [==================>...........] - ETA: 0s - loss: 1.0964 - acc: 0.6456
 850/1200 [====================>.........] - ETA: 0s - loss: 1.0896 - acc: 0.6471
 910/1200 [=====================>........] - ETA: 0s - loss: 1.0793 - acc: 0.6495
 970/1200 [=======================>......] - ETA: 0s - loss: 1.0738 - acc: 0.6485
1030/1200 [========================>.....] - ETA: 0s - loss: 1.0699 - acc: 0.6466
1090/1200 [==========================>...] - ETA: 0s - loss: 1.0668 - acc: 0.6495
1150/1200 [===========================>..] - ETA: 0s - loss: 1.0577 - acc: 0.6530
1200/1200 [==============================] - 1s 903us/step - loss: 1.0552 - acc: 0.6492 - val_loss: 1.0952 - val_acc: 0.4118
Current time ....1.084
Train on 3900 samples, validate on 99 samples
Epoch 1/1

  10/3900 [..............................] - ETA: 3s - loss: 2.4345 - acc: 0.8000
  70/3900 [..............................] - ETA: 3s - loss: 2.4397 - acc: 0.4857
 130/3900 [>.............................] - ETA: 3s - loss: 2.4388 - acc: 0.4923
 190/3900 [>.............................] - ETA: 3s - loss: 2.4350 - acc: 0.4842
 250/3900 [>.............................] - ETA: 3s - loss: 2.4315 - acc: 0.4880
 310/3900 [=>............................] - ETA: 3s - loss: 2.4319 - acc: 0.4613
 370/3900 [=>............................] - ETA: 3s - loss: 2.4295 - acc: 0.4784
 430/3900 [==>...........................] - ETA: 3s - loss: 2.4292 - acc: 0.4860
 490/3900 [==>...........................] - ETA: 3s - loss: 2.4299 - acc: 0.4755
 550/3900 [===>..........................] - ETA: 3s - loss: 2.4282 - acc: 0.4782
 610/3900 [===>..........................] - ETA: 2s - loss: 2.4264 - acc: 0.4852
 670/3900 [====>.........................] - ETA: 2s - loss: 2.4257 - acc: 0.4716
 730/3900 [====>.........................] - ETA: 2s - loss: 2.4246 - acc: 0.4685
 790/3900 [=====>........................] - ETA: 2s - loss: 2.4230 - acc: 0.4557
 850/3900 [=====>........................] - ETA: 2s - loss: 2.4218 - acc: 0.4494
 910/3900 [======>.......................] - ETA: 2s - loss: 2.4202 - acc: 0.4505
 970/3900 [======>.......................] - ETA: 2s - loss: 2.4184 - acc: 0.4505
1030/3900 [======>.......................] - ETA: 2s - loss: 2.4160 - acc: 0.4612
1090/3900 [=======>......................] - ETA: 2s - loss: 2.4140 - acc: 0.4688
1150/3900 [=======>......................] - ETA: 2s - loss: 2.4113 - acc: 0.4748
1210/3900 [========>.....................] - ETA: 2s - loss: 2.4092 - acc: 0.4769
1270/3900 [========>.....................] - ETA: 2s - loss: 2.4075 - acc: 0.4787
1330/3900 [=========>....................] - ETA: 2s - loss: 2.4054 - acc: 0.4774
1390/3900 [=========>....................] - ETA: 2s - loss: 2.4038 - acc: 0.4755
1450/3900 [==========>...................] - ETA: 2s - loss: 2.4016 - acc: 0.4738
1510/3900 [==========>...................] - ETA: 2s - loss: 2.3998 - acc: 0.4695
1560/3900 [===========>..................] - ETA: 2s - loss: 2.3987 - acc: 0.4641
1620/3900 [===========>..................] - ETA: 2s - loss: 2.3975 - acc: 0.4586
1680/3900 [===========>..................] - ETA: 1s - loss: 2.3954 - acc: 0.4583
1740/3900 [============>.................] - ETA: 1s - loss: 2.3935 - acc: 0.4546
1800/3900 [============>.................] - ETA: 1s - loss: 2.3915 - acc: 0.4539
1860/3900 [=============>................] - ETA: 1s - loss: 2.3891 - acc: 0.4575
1920/3900 [=============>................] - ETA: 1s - loss: 2.3869 - acc: 0.4620
1980/3900 [==============>...............] - ETA: 1s - loss: 2.3853 - acc: 0.4606
2040/3900 [==============>...............] - ETA: 1s - loss: 2.3829 - acc: 0.4632
2100/3900 [===============>..............] - ETA: 1s - loss: 2.3805 - acc: 0.4657
2160/3900 [===============>..............] - ETA: 1s - loss: 2.3777 - acc: 0.4699
2220/3900 [================>.............] - ETA: 1s - loss: 2.3758 - acc: 0.4698
2280/3900 [================>.............] - ETA: 1s - loss: 2.3729 - acc: 0.4702
2340/3900 [=================>............] - ETA: 1s - loss: 2.3696 - acc: 0.4731
2400/3900 [=================>............] - ETA: 1s - loss: 2.3676 - acc: 0.4700
2460/3900 [=================>............] - ETA: 1s - loss: 2.3652 - acc: 0.4671
2520/3900 [==================>...........] - ETA: 1s - loss: 2.3628 - acc: 0.4631
2580/3900 [==================>...........] - ETA: 1s - loss: 2.3598 - acc: 0.4620
2640/3900 [===================>..........] - ETA: 1s - loss: 2.3573 - acc: 0.4625
2700/3900 [===================>..........] - ETA: 1s - loss: 2.3548 - acc: 0.4611
2760/3900 [====================>.........] - ETA: 1s - loss: 2.3512 - acc: 0.4601
2820/3900 [====================>.........] - ETA: 0s - loss: 2.3485 - acc: 0.4606
2880/3900 [=====================>........] - ETA: 0s - loss: 2.3461 - acc: 0.4587
2940/3900 [=====================>........] - ETA: 0s - loss: 2.3436 - acc: 0.4582
3000/3900 [======================>.......] - ETA: 0s - loss: 2.3402 - acc: 0.4580
3060/3900 [======================>.......] - ETA: 0s - loss: 2.3378 - acc: 0.4556
3120/3900 [=======================>......] - ETA: 0s - loss: 2.3350 - acc: 0.4545
3180/3900 [=======================>......] - ETA: 0s - loss: 2.3315 - acc: 0.4557
3240/3900 [=======================>......] - ETA: 0s - loss: 2.3291 - acc: 0.4528
3300/3900 [========================>.....] - ETA: 0s - loss: 2.3256 - acc: 0.4515
3360/3900 [========================>.....] - ETA: 0s - loss: 2.3223 - acc: 0.4494
3420/3900 [=========================>....] - ETA: 0s - loss: 2.3196 - acc: 0.4488
3480/3900 [=========================>....] - ETA: 0s - loss: 2.3167 - acc: 0.4471
3540/3900 [==========================>...] - ETA: 0s - loss: 2.3128 - acc: 0.4466
3600/3900 [==========================>...] - ETA: 0s - loss: 2.3101 - acc: 0.4461
3660/3900 [===========================>..] - ETA: 0s - loss: 2.3071 - acc: 0.4426
3720/3900 [===========================>..] - ETA: 0s - loss: 2.3041 - acc: 0.4409
3770/3900 [============================>.] - ETA: 0s - loss: 2.3010 - acc: 0.4398
3830/3900 [============================>.] - ETA: 0s - loss: 2.2976 - acc: 0.4386
3890/3900 [============================>.] - ETA: 0s - loss: 2.2949 - acc: 0.4375
3900/3900 [==============================] - 4s 904us/step - loss: 2.2943 - acc: 0.4372 - val_loss: 2.1734 - val_acc: 0.1717
Current time ....3.525
Train on 600 samples, validate on 86 samples
Epoch 1/1

 10/600 [..............................] - ETA: 0s - loss: 0.5596 - acc: 0.9000
 70/600 [==>...........................] - ETA: 0s - loss: 0.5013 - acc: 0.9714
130/600 [=====>........................] - ETA: 0s - loss: 0.4981 - acc: 0.9462
190/600 [========>.....................] - ETA: 0s - loss: 0.4794 - acc: 0.9579
250/600 [===========>..................] - ETA: 0s - loss: 0.4768 - acc: 0.9640
310/600 [==============>...............] - ETA: 0s - loss: 0.4687 - acc: 0.9645
370/600 [=================>............] - ETA: 0s - loss: 0.4682 - acc: 0.9622
430/600 [====================>.........] - ETA: 0s - loss: 0.4621 - acc: 0.9651
490/600 [=======================>......] - ETA: 0s - loss: 0.4501 - acc: 0.9694
550/600 [==========================>...] - ETA: 0s - loss: 0.4447 - acc: 0.9673
600/600 [==============================] - 1s 923us/step - loss: 0.4388 - acc: 0.9667 - val_loss: 0.4739 - val_acc: 0.8837
Current time ....0.554
Train on 1200 samples, validate on 68 samples
Epoch 1/1

  10/1200 [..............................] - ETA: 1s - loss: 0.9392 - acc: 0.6000
  70/1200 [>.............................] - ETA: 1s - loss: 0.8981 - acc: 0.7000
 130/1200 [==>...........................] - ETA: 0s - loss: 0.8735 - acc: 0.6923
 190/1200 [===>..........................] - ETA: 0s - loss: 0.8681 - acc: 0.6842
 250/1200 [=====>........................] - ETA: 0s - loss: 0.8890 - acc: 0.6720
 310/1200 [======>.......................] - ETA: 0s - loss: 0.8790 - acc: 0.6839
 370/1200 [========>.....................] - ETA: 0s - loss: 0.8855 - acc: 0.6892
 430/1200 [=========>....................] - ETA: 0s - loss: 0.8689 - acc: 0.7023
 490/1200 [===========>..................] - ETA: 0s - loss: 0.8632 - acc: 0.7041
 550/1200 [============>.................] - ETA: 0s - loss: 0.8555 - acc: 0.7055
 610/1200 [==============>...............] - ETA: 0s - loss: 0.8516 - acc: 0.7082
 670/1200 [===============>..............] - ETA: 0s - loss: 0.8397 - acc: 0.7104
 730/1200 [=================>............] - ETA: 0s - loss: 0.8379 - acc: 0.7137
 790/1200 [==================>...........] - ETA: 0s - loss: 0.8293 - acc: 0.7203
 850/1200 [====================>.........] - ETA: 0s - loss: 0.8266 - acc: 0.7212
 910/1200 [=====================>........] - ETA: 0s - loss: 0.8226 - acc: 0.7209
 970/1200 [=======================>......] - ETA: 0s - loss: 0.8196 - acc: 0.7206
1030/1200 [========================>.....] - ETA: 0s - loss: 0.8175 - acc: 0.7204
1090/1200 [==========================>...] - ETA: 0s - loss: 0.8138 - acc: 0.7211
1150/1200 [===========================>..] - ETA: 0s - loss: 0.8106 - acc: 0.7191
1200/1200 [==============================] - 1s 898us/step - loss: 0.8049 - acc: 0.7200 - val_loss: 0.9583 - val_acc: 0.5588
Current time ....1.078
Train on 3900 samples, validate on 99 samples
Epoch 1/1

  10/3900 [..............................] - ETA: 3s - loss: 2.1331 - acc: 0.3000
  70/3900 [..............................] - ETA: 3s - loss: 2.0733 - acc: 0.5143
 130/3900 [>.............................] - ETA: 3s - loss: 2.0696 - acc: 0.4308
 190/3900 [>.............................] - ETA: 3s - loss: 2.0703 - acc: 0.4368
 250/3900 [>.............................] - ETA: 3s - loss: 2.0617 - acc: 0.4200
 310/3900 [=>............................] - ETA: 3s - loss: 2.0586 - acc: 0.4129
 370/3900 [=>............................] - ETA: 3s - loss: 2.0468 - acc: 0.4216
 430/3900 [==>...........................] - ETA: 3s - loss: 2.0479 - acc: 0.4326
 490/3900 [==>...........................] - ETA: 3s - loss: 2.0525 - acc: 0.4184
 550/3900 [===>..........................] - ETA: 3s - loss: 2.0518 - acc: 0.4218
 610/3900 [===>..........................] - ETA: 2s - loss: 2.0492 - acc: 0.4131
 670/3900 [====>.........................] - ETA: 2s - loss: 2.0426 - acc: 0.4269
 730/3900 [====>.........................] - ETA: 2s - loss: 2.0381 - acc: 0.4274
 790/3900 [=====>........................] - ETA: 2s - loss: 2.0352 - acc: 0.4241
 850/3900 [=====>........................] - ETA: 2s - loss: 2.0293 - acc: 0.4271
 910/3900 [======>.......................] - ETA: 2s - loss: 2.0265 - acc: 0.4176
 970/3900 [======>.......................] - ETA: 2s - loss: 2.0235 - acc: 0.4196
1030/3900 [======>.......................] - ETA: 2s - loss: 2.0208 - acc: 0.4146
1090/3900 [=======>......................] - ETA: 2s - loss: 2.0160 - acc: 0.4183
1150/3900 [=======>......................] - ETA: 2s - loss: 2.0120 - acc: 0.4165
1210/3900 [========>.....................] - ETA: 2s - loss: 2.0098 - acc: 0.4149
1270/3900 [========>.....................] - ETA: 2s - loss: 2.0083 - acc: 0.4118
1330/3900 [=========>....................] - ETA: 2s - loss: 2.0065 - acc: 0.4083
1390/3900 [=========>....................] - ETA: 2s - loss: 2.0057 - acc: 0.4036
1450/3900 [==========>...................] - ETA: 2s - loss: 2.0037 - acc: 0.4021
1510/3900 [==========>...................] - ETA: 2s - loss: 2.0006 - acc: 0.4046
1570/3900 [===========>..................] - ETA: 2s - loss: 1.9997 - acc: 0.3994
1630/3900 [===========>..................] - ETA: 2s - loss: 1.9980 - acc: 0.3963
1690/3900 [============>.................] - ETA: 1s - loss: 1.9963 - acc: 0.3941
1750/3900 [============>.................] - ETA: 1s - loss: 1.9960 - acc: 0.3937
1810/3900 [============>.................] - ETA: 1s - loss: 1.9929 - acc: 0.3989
1870/3900 [=============>................] - ETA: 1s - loss: 1.9905 - acc: 0.4005
1930/3900 [=============>................] - ETA: 1s - loss: 1.9893 - acc: 0.3979
1990/3900 [==============>...............] - ETA: 1s - loss: 1.9879 - acc: 0.3970
2050/3900 [==============>...............] - ETA: 1s - loss: 1.9853 - acc: 0.3985
2110/3900 [===============>..............] - ETA: 1s - loss: 1.9830 - acc: 0.3976
2170/3900 [===============>..............] - ETA: 1s - loss: 1.9792 - acc: 0.4000
2230/3900 [================>.............] - ETA: 1s - loss: 1.9785 - acc: 0.4000
2290/3900 [================>.............] - ETA: 1s - loss: 1.9761 - acc: 0.4026
2350/3900 [=================>............] - ETA: 1s - loss: 1.9735 - acc: 0.4043
2410/3900 [=================>............] - ETA: 1s - loss: 1.9709 - acc: 0.4079
2470/3900 [==================>...........] - ETA: 1s - loss: 1.9694 - acc: 0.4081
2530/3900 [==================>...........] - ETA: 1s - loss: 1.9680 - acc: 0.4071
2590/3900 [==================>...........] - ETA: 1s - loss: 1.9652 - acc: 0.4069
2640/3900 [===================>..........] - ETA: 1s - loss: 1.9639 - acc: 0.4057
2700/3900 [===================>..........] - ETA: 1s - loss: 1.9628 - acc: 0.4044
2760/3900 [====================>.........] - ETA: 1s - loss: 1.9602 - acc: 0.4047
2820/3900 [====================>.........] - ETA: 0s - loss: 1.9576 - acc: 0.4057
2880/3900 [=====================>........] - ETA: 0s - loss: 1.9565 - acc: 0.4059
2940/3900 [=====================>........] - ETA: 0s - loss: 1.9545 - acc: 0.4065
3000/3900 [======================>.......] - ETA: 0s - loss: 1.9540 - acc: 0.4067
3060/3900 [======================>.......] - ETA: 0s - loss: 1.9517 - acc: 0.4075
3120/3900 [=======================>......] - ETA: 0s - loss: 1.9500 - acc: 0.4087
3180/3900 [=======================>......] - ETA: 0s - loss: 1.9482 - acc: 0.4075
3240/3900 [=======================>......] - ETA: 0s - loss: 1.9461 - acc: 0.4086
3300/3900 [========================>.....] - ETA: 0s - loss: 1.9444 - acc: 0.4097
3360/3900 [========================>.....] - ETA: 0s - loss: 1.9424 - acc: 0.4116
3420/3900 [=========================>....] - ETA: 0s - loss: 1.9398 - acc: 0.4114
3480/3900 [=========================>....] - ETA: 0s - loss: 1.9376 - acc: 0.4135
3540/3900 [==========================>...] - ETA: 0s - loss: 1.9357 - acc: 0.4124
3600/3900 [==========================>...] - ETA: 0s - loss: 1.9332 - acc: 0.4136
3660/3900 [===========================>..] - ETA: 0s - loss: 1.9320 - acc: 0.4139
3720/3900 [===========================>..] - ETA: 0s - loss: 1.9299 - acc: 0.4132
3780/3900 [============================>.] - ETA: 0s - loss: 1.9281 - acc: 0.4119
3840/3900 [============================>.] - ETA: 0s - loss: 1.9262 - acc: 0.4125
3900/3900 [==============================] - 4s 898us/step - loss: 1.9253 - acc: 0.4103 - val_loss: 1.9413 - val_acc: 0.2525
Current time ....3.504
Train on 600 samples, validate on 86 samples
Epoch 1/1

 10/600 [..............................] - ETA: 0s - loss: 0.4300 - acc: 0.8000
 70/600 [==>...........................] - ETA: 0s - loss: 0.3548 - acc: 0.9571
130/600 [=====>........................] - ETA: 0s - loss: 0.3562 - acc: 0.9769
190/600 [========>.....................] - ETA: 0s - loss: 0.3465 - acc: 0.9684
250/600 [===========>..................] - ETA: 0s - loss: 0.3454 - acc: 0.9640
310/600 [==============>...............] - ETA: 0s - loss: 0.3362 - acc: 0.9710
370/600 [=================>............] - ETA: 0s - loss: 0.3285 - acc: 0.9730
430/600 [====================>.........] - ETA: 0s - loss: 0.3214 - acc: 0.9767
490/600 [=======================>......] - ETA: 0s - loss: 0.3111 - acc: 0.9796
550/600 [==========================>...] - ETA: 0s - loss: 0.3008 - acc: 0.9818
600/600 [==============================] - 1s 921us/step - loss: 0.2968 - acc: 0.9767 - val_loss: 0.3877 - val_acc: 0.9186
Current time ....0.553
Train on 1200 samples, validate on 68 samples
Epoch 1/1

  10/1200 [..............................] - ETA: 1s - loss: 0.7514 - acc: 0.9000
  70/1200 [>.............................] - ETA: 1s - loss: 0.6122 - acc: 0.8857
 130/1200 [==>...........................] - ETA: 0s - loss: 0.6022 - acc: 0.8462
 190/1200 [===>..........................] - ETA: 0s - loss: 0.6186 - acc: 0.8105
 250/1200 [=====>........................] - ETA: 0s - loss: 0.6011 - acc: 0.8200
 310/1200 [======>.......................] - ETA: 0s - loss: 0.6239 - acc: 0.8032
 370/1200 [========>.....................] - ETA: 0s - loss: 0.6333 - acc: 0.8054
 430/1200 [=========>....................] - ETA: 0s - loss: 0.6306 - acc: 0.8047
 490/1200 [===========>..................] - ETA: 0s - loss: 0.6248 - acc: 0.8082
 550/1200 [============>.................] - ETA: 0s - loss: 0.6230 - acc: 0.8055
 600/1200 [==============>...............] - ETA: 0s - loss: 0.6183 - acc: 0.8100
 660/1200 [===============>..............] - ETA: 0s - loss: 0.6203 - acc: 0.8076
 720/1200 [=================>............] - ETA: 0s - loss: 0.6165 - acc: 0.8167
 780/1200 [==================>...........] - ETA: 0s - loss: 0.6128 - acc: 0.8154
 840/1200 [====================>.........] - ETA: 0s - loss: 0.6129 - acc: 0.8167
 900/1200 [=====================>........] - ETA: 0s - loss: 0.6124 - acc: 0.8133
 960/1200 [=======================>......] - ETA: 0s - loss: 0.6066 - acc: 0.8167
1020/1200 [========================>.....] - ETA: 0s - loss: 0.6035 - acc: 0.8167
1080/1200 [==========================>...] - ETA: 0s - loss: 0.5899 - acc: 0.8222
1140/1200 [===========================>..] - ETA: 0s - loss: 0.5849 - acc: 0.8246
1200/1200 [==============================] - 1s 904us/step - loss: 0.5868 - acc: 0.8225 - val_loss: 0.9702 - val_acc: 0.6324
Current time ....1.085
Train on 3900 samples, validate on 99 samples
Epoch 1/1

  10/3900 [..............................] - ETA: 3s - loss: 1.8016 - acc: 0.3000
  70/3900 [..............................] - ETA: 3s - loss: 1.8347 - acc: 0.3857
 130/3900 [>.............................] - ETA: 3s - loss: 1.8211 - acc: 0.4077
 190/3900 [>.............................] - ETA: 3s - loss: 1.8155 - acc: 0.4421
 250/3900 [>.............................] - ETA: 3s - loss: 1.8026 - acc: 0.4400
 310/3900 [=>............................] - ETA: 3s - loss: 1.8127 - acc: 0.4387
 370/3900 [=>............................] - ETA: 3s - loss: 1.8034 - acc: 0.4541
 430/3900 [==>...........................] - ETA: 3s - loss: 1.8090 - acc: 0.4535
 490/3900 [==>...........................] - ETA: 3s - loss: 1.7941 - acc: 0.4633
 550/3900 [===>..........................] - ETA: 2s - loss: 1.7852 - acc: 0.4673
 610/3900 [===>..........................] - ETA: 2s - loss: 1.7813 - acc: 0.4623
 670/3900 [====>.........................] - ETA: 2s - loss: 1.7810 - acc: 0.4552
 730/3900 [====>.........................] - ETA: 2s - loss: 1.7735 - acc: 0.4603
 790/3900 [=====>........................] - ETA: 2s - loss: 1.7732 - acc: 0.4620
 850/3900 [=====>........................] - ETA: 2s - loss: 1.7704 - acc: 0.4624
 910/3900 [======>.......................] - ETA: 2s - loss: 1.7726 - acc: 0.4527
 970/3900 [======>.......................] - ETA: 2s - loss: 1.7657 - acc: 0.4588
1030/3900 [======>.......................] - ETA: 2s - loss: 1.7633 - acc: 0.4553
1090/3900 [=======>......................] - ETA: 2s - loss: 1.7647 - acc: 0.4495
1150/3900 [=======>......................] - ETA: 2s - loss: 1.7632 - acc: 0.4496
1210/3900 [========>.....................] - ETA: 2s - loss: 1.7604 - acc: 0.4545
1270/3900 [========>.....................] - ETA: 2s - loss: 1.7623 - acc: 0.4488
1330/3900 [=========>....................] - ETA: 2s - loss: 1.7643 - acc: 0.4436
1390/3900 [=========>....................] - ETA: 2s - loss: 1.7667 - acc: 0.4417
1450/3900 [==========>...................] - ETA: 2s - loss: 1.7638 - acc: 0.4455
1510/3900 [==========>...................] - ETA: 2s - loss: 1.7631 - acc: 0.4444
1570/3900 [===========>..................] - ETA: 2s - loss: 1.7635 - acc: 0.4433
1630/3900 [===========>..................] - ETA: 2s - loss: 1.7633 - acc: 0.4454
1690/3900 [============>.................] - ETA: 1s - loss: 1.7623 - acc: 0.4438
1750/3900 [============>.................] - ETA: 1s - loss: 1.7602 - acc: 0.4451
1800/3900 [============>.................] - ETA: 1s - loss: 1.7613 - acc: 0.4433
1860/3900 [=============>................] - ETA: 1s - loss: 1.7571 - acc: 0.4473
1920/3900 [=============>................] - ETA: 1s - loss: 1.7590 - acc: 0.4427
1980/3900 [==============>...............] - ETA: 1s - loss: 1.7580 - acc: 0.4434
2040/3900 [==============>...............] - ETA: 1s - loss: 1.7558 - acc: 0.4461
2100/3900 [===============>..............] - ETA: 1s - loss: 1.7551 - acc: 0.4448
2160/3900 [===============>..............] - ETA: 1s - loss: 1.7531 - acc: 0.4449
2220/3900 [================>.............] - ETA: 1s - loss: 1.7514 - acc: 0.4459
2280/3900 [================>.............] - ETA: 1s - loss: 1.7476 - acc: 0.4456
2340/3900 [=================>............] - ETA: 1s - loss: 1.7456 - acc: 0.4453
2400/3900 [=================>............] - ETA: 1s - loss: 1.7438 - acc: 0.4454
2460/3900 [=================>............] - ETA: 1s - loss: 1.7416 - acc: 0.4476
2520/3900 [==================>...........] - ETA: 1s - loss: 1.7427 - acc: 0.4448
2580/3900 [==================>...........] - ETA: 1s - loss: 1.7430 - acc: 0.4438
2640/3900 [===================>..........] - ETA: 1s - loss: 1.7424 - acc: 0.4432
2700/3900 [===================>..........] - ETA: 1s - loss: 1.7400 - acc: 0.4456
2760/3900 [====================>.........] - ETA: 1s - loss: 1.7401 - acc: 0.4449
2820/3900 [====================>.........] - ETA: 0s - loss: 1.7383 - acc: 0.4465
2880/3900 [=====================>........] - ETA: 0s - loss: 1.7361 - acc: 0.4465
2940/3900 [=====================>........] - ETA: 0s - loss: 1.7341 - acc: 0.4473
3000/3900 [======================>.......] - ETA: 0s - loss: 1.7330 - acc: 0.4490
3060/3900 [======================>.......] - ETA: 0s - loss: 1.7318 - acc: 0.4493
3120/3900 [=======================>......] - ETA: 0s - loss: 1.7309 - acc: 0.4490
3180/3900 [=======================>......] - ETA: 0s - loss: 1.7293 - acc: 0.4513
3240/3900 [=======================>......] - ETA: 0s - loss: 1.7279 - acc: 0.4512
3300/3900 [========================>.....] - ETA: 0s - loss: 1.7263 - acc: 0.4533
3360/3900 [========================>.....] - ETA: 0s - loss: 1.7253 - acc: 0.4512
3420/3900 [=========================>....] - ETA: 0s - loss: 1.7251 - acc: 0.4518
3480/3900 [=========================>....] - ETA: 0s - loss: 1.7228 - acc: 0.4534
3540/3900 [==========================>...] - ETA: 0s - loss: 1.7207 - acc: 0.4548
3600/3900 [==========================>...] - ETA: 0s - loss: 1.7181 - acc: 0.4553
3660/3900 [===========================>..] - ETA: 0s - loss: 1.7158 - acc: 0.4560
3720/3900 [===========================>..] - ETA: 0s - loss: 1.7140 - acc: 0.4546
3780/3900 [============================>.] - ETA: 0s - loss: 1.7132 - acc: 0.4526
3840/3900 [============================>.] - ETA: 0s - loss: 1.7121 - acc: 0.4518
3900/3900 [==============================] - 4s 900us/step - loss: 1.7111 - acc: 0.4526 - val_loss: 1.8686 - val_acc: 0.2323
Current time ....3.511
Train on 600 samples, validate on 86 samples
Epoch 1/1

 10/600 [..............................] - ETA: 0s - loss: 0.2258 - acc: 1.0000
 70/600 [==>...........................] - ETA: 0s - loss: 0.2297 - acc: 0.9714
130/600 [=====>........................] - ETA: 0s - loss: 0.2268 - acc: 0.9769
190/600 [========>.....................] - ETA: 0s - loss: 0.2238 - acc: 0.9737
250/600 [===========>..................] - ETA: 0s - loss: 0.2225 - acc: 0.9760
310/600 [==============>...............] - ETA: 0s - loss: 0.2142 - acc: 0.9774
370/600 [=================>............] - ETA: 0s - loss: 0.2102 - acc: 0.9784
430/600 [====================>.........] - ETA: 0s - loss: 0.2042 - acc: 0.9814
490/600 [=======================>......] - ETA: 0s - loss: 0.1999 - acc: 0.9816
550/600 [==========================>...] - ETA: 0s - loss: 0.1930 - acc: 0.9818
600/600 [==============================] - 1s 928us/step - loss: 0.1902 - acc: 0.9817 - val_loss: 0.3803 - val_acc: 0.9070
Current time ....0.557
Train on 1200 samples, validate on 68 samples
Epoch 1/1

  10/1200 [..............................] - ETA: 1s - loss: 0.4549 - acc: 1.0000
  60/1200 [>.............................] - ETA: 1s - loss: 0.5242 - acc: 0.9167
 120/1200 [==>...........................] - ETA: 1s - loss: 0.4636 - acc: 0.8917
 180/1200 [===>..........................] - ETA: 0s - loss: 0.4542 - acc: 0.8778
 240/1200 [=====>........................] - ETA: 0s - loss: 0.4833 - acc: 0.8625
 300/1200 [======>.......................] - ETA: 0s - loss: 0.4629 - acc: 0.8733
 360/1200 [========>.....................] - ETA: 0s - loss: 0.4573 - acc: 0.8722
 420/1200 [=========>....................] - ETA: 0s - loss: 0.4498 - acc: 0.8833
 480/1200 [===========>..................] - ETA: 0s - loss: 0.4497 - acc: 0.8833
 540/1200 [============>.................] - ETA: 0s - loss: 0.4477 - acc: 0.8815
 600/1200 [==============>...............] - ETA: 0s - loss: 0.4445 - acc: 0.8750
 660/1200 [===============>..............] - ETA: 0s - loss: 0.4435 - acc: 0.8697
 720/1200 [=================>............] - ETA: 0s - loss: 0.4463 - acc: 0.8708
 780/1200 [==================>...........] - ETA: 0s - loss: 0.4383 - acc: 0.8769
 840/1200 [====================>.........] - ETA: 0s - loss: 0.4326 - acc: 0.8798
 900/1200 [=====================>........] - ETA: 0s - loss: 0.4277 - acc: 0.8811
 960/1200 [=======================>......] - ETA: 0s - loss: 0.4279 - acc: 0.8812
1020/1200 [========================>.....] - ETA: 0s - loss: 0.4311 - acc: 0.8784
1080/1200 [==========================>...] - ETA: 0s - loss: 0.4286 - acc: 0.8787
1140/1200 [===========================>..] - ETA: 0s - loss: 0.4242 - acc: 0.8816
1200/1200 [==============================] - 1s 909us/step - loss: 0.4267 - acc: 0.8792 - val_loss: 0.8222 - val_acc: 0.6471
Current time ....1.091
Train on 3900 samples, validate on 99 samples
Epoch 1/1

  10/3900 [..............................] - ETA: 3s - loss: 1.3558 - acc: 0.7000
  70/3900 [..............................] - ETA: 3s - loss: 1.4889 - acc: 0.5286
 130/3900 [>.............................] - ETA: 3s - loss: 1.5666 - acc: 0.4615
 190/3900 [>.............................] - ETA: 3s - loss: 1.5962 - acc: 0.4368
 250/3900 [>.............................] - ETA: 3s - loss: 1.5885 - acc: 0.4560
 310/3900 [=>............................] - ETA: 3s - loss: 1.5637 - acc: 0.4677
 360/3900 [=>............................] - ETA: 3s - loss: 1.5718 - acc: 0.4556
 420/3900 [==>...........................] - ETA: 3s - loss: 1.5637 - acc: 0.4738
 480/3900 [==>...........................] - ETA: 3s - loss: 1.5725 - acc: 0.4771
 540/3900 [===>..........................] - ETA: 3s - loss: 1.5718 - acc: 0.4833
 600/3900 [===>..........................] - ETA: 3s - loss: 1.5710 - acc: 0.4950
 660/3900 [====>.........................] - ETA: 2s - loss: 1.5750 - acc: 0.5000
 720/3900 [====>.........................] - ETA: 2s - loss: 1.5753 - acc: 0.4944
 780/3900 [=====>........................] - ETA: 2s - loss: 1.5808 - acc: 0.4923
 840/3900 [=====>........................] - ETA: 2s - loss: 1.5780 - acc: 0.4929
 900/3900 [=====>........................] - ETA: 2s - loss: 1.5771 - acc: 0.4944
 960/3900 [======>.......................] - ETA: 2s - loss: 1.5771 - acc: 0.5000
1020/3900 [======>.......................] - ETA: 2s - loss: 1.5682 - acc: 0.5059
1080/3900 [=======>......................] - ETA: 2s - loss: 1.5638 - acc: 0.5065
1140/3900 [=======>......................] - ETA: 2s - loss: 1.5602 - acc: 0.5088
1200/3900 [========>.....................] - ETA: 2s - loss: 1.5561 - acc: 0.5117
1250/3900 [========>.....................] - ETA: 2s - loss: 1.5525 - acc: 0.5144
1310/3900 [=========>....................] - ETA: 2s - loss: 1.5552 - acc: 0.5122
1370/3900 [=========>....................] - ETA: 2s - loss: 1.5553 - acc: 0.5109
1430/3900 [==========>...................] - ETA: 2s - loss: 1.5555 - acc: 0.5091
1490/3900 [==========>...................] - ETA: 2s - loss: 1.5535 - acc: 0.5081
1550/3900 [==========>...................] - ETA: 2s - loss: 1.5537 - acc: 0.5084
1610/3900 [===========>..................] - ETA: 2s - loss: 1.5519 - acc: 0.5087
1670/3900 [===========>..................] - ETA: 2s - loss: 1.5499 - acc: 0.5102
1730/3900 [============>.................] - ETA: 1s - loss: 1.5461 - acc: 0.5150
1790/3900 [============>.................] - ETA: 1s - loss: 1.5456 - acc: 0.5168
1850/3900 [=============>................] - ETA: 1s - loss: 1.5482 - acc: 0.5151
1910/3900 [=============>................] - ETA: 1s - loss: 1.5489 - acc: 0.5131
1970/3900 [==============>...............] - ETA: 1s - loss: 1.5467 - acc: 0.5157
2030/3900 [==============>...............] - ETA: 1s - loss: 1.5439 - acc: 0.5148
2090/3900 [===============>..............] - ETA: 1s - loss: 1.5456 - acc: 0.5120
2150/3900 [===============>..............] - ETA: 1s - loss: 1.5440 - acc: 0.5130
2210/3900 [================>.............] - ETA: 1s - loss: 1.5434 - acc: 0.5100
2270/3900 [================>.............] - ETA: 1s - loss: 1.5428 - acc: 0.5101
2330/3900 [================>.............] - ETA: 1s - loss: 1.5403 - acc: 0.5107
2390/3900 [=================>............] - ETA: 1s - loss: 1.5414 - acc: 0.5088
2450/3900 [=================>............] - ETA: 1s - loss: 1.5409 - acc: 0.5069
2510/3900 [==================>...........] - ETA: 1s - loss: 1.5386 - acc: 0.5080
2570/3900 [==================>...........] - ETA: 1s - loss: 1.5395 - acc: 0.5086
2630/3900 [===================>..........] - ETA: 1s - loss: 1.5366 - acc: 0.5095
2690/3900 [===================>..........] - ETA: 1s - loss: 1.5344 - acc: 0.5112
2750/3900 [====================>.........] - ETA: 1s - loss: 1.5340 - acc: 0.5102
2810/3900 [====================>.........] - ETA: 0s - loss: 1.5309 - acc: 0.5114
2870/3900 [=====================>........] - ETA: 0s - loss: 1.5300 - acc: 0.5122
2930/3900 [=====================>........] - ETA: 0s - loss: 1.5285 - acc: 0.5133
2990/3900 [======================>.......] - ETA: 0s - loss: 1.5294 - acc: 0.5124
3050/3900 [======================>.......] - ETA: 0s - loss: 1.5286 - acc: 0.5134
3110/3900 [======================>.......] - ETA: 0s - loss: 1.5278 - acc: 0.5145
3170/3900 [=======================>......] - ETA: 0s - loss: 1.5255 - acc: 0.5174
3230/3900 [=======================>......] - ETA: 0s - loss: 1.5254 - acc: 0.5183
3290/3900 [========================>.....] - ETA: 0s - loss: 1.5232 - acc: 0.5201
3350/3900 [========================>.....] - ETA: 0s - loss: 1.5222 - acc: 0.5215
3410/3900 [=========================>....] - ETA: 0s - loss: 1.5195 - acc: 0.5226
3470/3900 [=========================>....] - ETA: 0s - loss: 1.5161 - acc: 0.5242
3530/3900 [==========================>...] - ETA: 0s - loss: 1.5135 - acc: 0.5255
3590/3900 [==========================>...] - ETA: 0s - loss: 1.5110 - acc: 0.5281
3650/3900 [===========================>..] - ETA: 0s - loss: 1.5089 - acc: 0.5296
3710/3900 [===========================>..] - ETA: 0s - loss: 1.5088 - acc: 0.5286
3770/3900 [============================>.] - ETA: 0s - loss: 1.5081 - acc: 0.5292
3830/3900 [============================>.] - ETA: 0s - loss: 1.5055 - acc: 0.5311
3890/3900 [============================>.] - ETA: 0s - loss: 1.5021 - acc: 0.5332
3900/3900 [==============================] - 4s 909us/step - loss: 1.5019 - acc: 0.5336 - val_loss: 1.7408 - val_acc: 0.4242
Current time ....3.547
Train on 600 samples, validate on 86 samples
Epoch 1/1

 10/600 [..............................] - ETA: 0s - loss: 0.1531 - acc: 1.0000
 70/600 [==>...........................] - ETA: 0s - loss: 0.1093 - acc: 1.0000
130/600 [=====>........................] - ETA: 0s - loss: 0.1316 - acc: 0.9923
190/600 [========>.....................] - ETA: 0s - loss: 0.1344 - acc: 0.9895
250/600 [===========>..................] - ETA: 0s - loss: 0.1295 - acc: 0.9920
310/600 [==============>...............] - ETA: 0s - loss: 0.1284 - acc: 0.9935
370/600 [=================>............] - ETA: 0s - loss: 0.1280 - acc: 0.9946
430/600 [====================>.........] - ETA: 0s - loss: 0.1256 - acc: 0.9953
490/600 [=======================>......] - ETA: 0s - loss: 0.1260 - acc: 0.9939
550/600 [==========================>...] - ETA: 0s - loss: 0.1278 - acc: 0.9927
600/600 [==============================] - 1s 929us/step - loss: 0.1267 - acc: 0.9933 - val_loss: 0.3558 - val_acc: 0.9186
Current time ....0.558
Train on 1200 samples, validate on 68 samples
Epoch 1/1

  10/1200 [..............................] - ETA: 1s - loss: 0.3230 - acc: 0.9000
  70/1200 [>.............................] - ETA: 1s - loss: 0.3521 - acc: 0.9286
 130/1200 [==>...........................] - ETA: 0s - loss: 0.3329 - acc: 0.9308
 190/1200 [===>..........................] - ETA: 0s - loss: 0.3334 - acc: 0.9211
 250/1200 [=====>........................] - ETA: 0s - loss: 0.3298 - acc: 0.9240
 310/1200 [======>.......................] - ETA: 0s - loss: 0.3271 - acc: 0.9226
 370/1200 [========>.....................] - ETA: 0s - loss: 0.3202 - acc: 0.9216
 430/1200 [=========>....................] - ETA: 0s - loss: 0.3228 - acc: 0.9233
 490/1200 [===========>..................] - ETA: 0s - loss: 0.3139 - acc: 0.9265
 550/1200 [============>.................] - ETA: 0s - loss: 0.3163 - acc: 0.9236
 610/1200 [==============>...............] - ETA: 0s - loss: 0.3154 - acc: 0.9197
 670/1200 [===============>..............] - ETA: 0s - loss: 0.3086 - acc: 0.9194
 730/1200 [=================>............] - ETA: 0s - loss: 0.3090 - acc: 0.9219
 790/1200 [==================>...........] - ETA: 0s - loss: 0.3096 - acc: 0.9215
 840/1200 [====================>.........] - ETA: 0s - loss: 0.3069 - acc: 0.9238
 900/1200 [=====================>........] - ETA: 0s - loss: 0.3105 - acc: 0.9222
 960/1200 [=======================>......] - ETA: 0s - loss: 0.3052 - acc: 0.9260
1020/1200 [========================>.....] - ETA: 0s - loss: 0.3029 - acc: 0.9275
1080/1200 [==========================>...] - ETA: 0s - loss: 0.3036 - acc: 0.9278
1140/1200 [===========================>..] - ETA: 0s - loss: 0.2997 - acc: 0.9289
1200/1200 [==============================] - 1s 917us/step - loss: 0.2967 - acc: 0.9317 - val_loss: 0.7332 - val_acc: 0.6912
Current time ....1.100
Train on 3900 samples, validate on 99 samples
Epoch 1/1

  10/3900 [..............................] - ETA: 3s - loss: 1.4881 - acc: 0.5000
  70/3900 [..............................] - ETA: 3s - loss: 1.4459 - acc: 0.5714
 130/3900 [>.............................] - ETA: 3s - loss: 1.4389 - acc: 0.5923
 190/3900 [>.............................] - ETA: 3s - loss: 1.3571 - acc: 0.6211
 250/3900 [>.............................] - ETA: 3s - loss: 1.3403 - acc: 0.6400
 310/3900 [=>............................] - ETA: 3s - loss: 1.3234 - acc: 0.6355
 370/3900 [=>............................] - ETA: 3s - loss: 1.3592 - acc: 0.6054
 430/3900 [==>...........................] - ETA: 3s - loss: 1.3596 - acc: 0.6000
 490/3900 [==>...........................] - ETA: 3s - loss: 1.3533 - acc: 0.5980
 550/3900 [===>..........................] - ETA: 3s - loss: 1.3650 - acc: 0.5927
 610/3900 [===>..........................] - ETA: 2s - loss: 1.3714 - acc: 0.5918
 670/3900 [====>.........................] - ETA: 2s - loss: 1.3721 - acc: 0.5836
 730/3900 [====>.........................] - ETA: 2s - loss: 1.3641 - acc: 0.5918
 790/3900 [=====>........................] - ETA: 2s - loss: 1.3704 - acc: 0.5899
 850/3900 [=====>........................] - ETA: 2s - loss: 1.3672 - acc: 0.5871
 910/3900 [======>.......................] - ETA: 2s - loss: 1.3619 - acc: 0.5890
 970/3900 [======>.......................] - ETA: 2s - loss: 1.3537 - acc: 0.5918
1030/3900 [======>.......................] - ETA: 2s - loss: 1.3537 - acc: 0.5903
1090/3900 [=======>......................] - ETA: 2s - loss: 1.3550 - acc: 0.5899
1150/3900 [=======>......................] - ETA: 2s - loss: 1.3555 - acc: 0.5904
1210/3900 [========>.....................] - ETA: 2s - loss: 1.3508 - acc: 0.5917
1270/3900 [========>.....................] - ETA: 2s - loss: 1.3473 - acc: 0.5937
1330/3900 [=========>....................] - ETA: 2s - loss: 1.3418 - acc: 0.5940
1390/3900 [=========>....................] - ETA: 2s - loss: 1.3437 - acc: 0.5971
1450/3900 [==========>...................] - ETA: 2s - loss: 1.3427 - acc: 0.5972
1510/3900 [==========>...................] - ETA: 2s - loss: 1.3416 - acc: 0.5987
1570/3900 [===========>..................] - ETA: 2s - loss: 1.3414 - acc: 0.5962
1630/3900 [===========>..................] - ETA: 2s - loss: 1.3400 - acc: 0.5939
1690/3900 [============>.................] - ETA: 1s - loss: 1.3383 - acc: 0.5941
1750/3900 [============>.................] - ETA: 1s - loss: 1.3344 - acc: 0.5943
1810/3900 [============>.................] - ETA: 1s - loss: 1.3365 - acc: 0.5945
1870/3900 [=============>................] - ETA: 1s - loss: 1.3407 - acc: 0.5904
1930/3900 [=============>................] - ETA: 1s - loss: 1.3385 - acc: 0.5912
1990/3900 [==============>...............] - ETA: 1s - loss: 1.3334 - acc: 0.5935
2050/3900 [==============>...............] - ETA: 1s - loss: 1.3322 - acc: 0.5941
2110/3900 [===============>..............] - ETA: 1s - loss: 1.3261 - acc: 0.5991
2170/3900 [===============>..............] - ETA: 1s - loss: 1.3245 - acc: 0.5991
2230/3900 [================>.............] - ETA: 1s - loss: 1.3234 - acc: 0.6009
2290/3900 [================>.............] - ETA: 1s - loss: 1.3203 - acc: 0.6026
2350/3900 [=================>............] - ETA: 1s - loss: 1.3207 - acc: 0.6013
2410/3900 [=================>............] - ETA: 1s - loss: 1.3171 - acc: 0.6029
2470/3900 [==================>...........] - ETA: 1s - loss: 1.3120 - acc: 0.6057
2530/3900 [==================>...........] - ETA: 1s - loss: 1.3108 - acc: 0.6059
2590/3900 [==================>...........] - ETA: 1s - loss: 1.3070 - acc: 0.6077
2650/3900 [===================>..........] - ETA: 1s - loss: 1.3035 - acc: 0.6079
2710/3900 [===================>..........] - ETA: 1s - loss: 1.3028 - acc: 0.6074
2770/3900 [====================>.........] - ETA: 1s - loss: 1.2990 - acc: 0.6094
2830/3900 [====================>.........] - ETA: 0s - loss: 1.3018 - acc: 0.6067
2890/3900 [=====================>........] - ETA: 0s - loss: 1.3004 - acc: 0.6066
2950/3900 [=====================>........] - ETA: 0s - loss: 1.3000 - acc: 0.6068
3010/3900 [======================>.......] - ETA: 0s - loss: 1.2951 - acc: 0.6090
3070/3900 [======================>.......] - ETA: 0s - loss: 1.2930 - acc: 0.6094
3130/3900 [=======================>......] - ETA: 0s - loss: 1.2900 - acc: 0.6105
3190/3900 [=======================>......] - ETA: 0s - loss: 1.2903 - acc: 0.6088
3250/3900 [========================>.....] - ETA: 0s - loss: 1.2863 - acc: 0.6108
3310/3900 [========================>.....] - ETA: 0s - loss: 1.2846 - acc: 0.6112
3370/3900 [========================>.....] - ETA: 0s - loss: 1.2819 - acc: 0.6119
3430/3900 [=========================>....] - ETA: 0s - loss: 1.2760 - acc: 0.6143
3490/3900 [=========================>....] - ETA: 0s - loss: 1.2720 - acc: 0.6160
3550/3900 [==========================>...] - ETA: 0s - loss: 1.2695 - acc: 0.6180
3610/3900 [==========================>...] - ETA: 0s - loss: 1.2660 - acc: 0.6188
3670/3900 [===========================>..] - ETA: 0s - loss: 1.2620 - acc: 0.6204
3730/3900 [===========================>..] - ETA: 0s - loss: 1.2587 - acc: 0.6212
3790/3900 [============================>.] - ETA: 0s - loss: 1.2599 - acc: 0.6206
3850/3900 [============================>.] - ETA: 0s - loss: 1.2606 - acc: 0.6192
3900/3900 [==============================] - 4s 904us/step - loss: 1.2582 - acc: 0.6197 - val_loss: 1.6034 - val_acc: 0.4747
Current time ....3.527
Train on 600 samples, validate on 86 samples
Epoch 1/1

 10/600 [..............................] - ETA: 0s - loss: 0.0555 - acc: 1.0000
 70/600 [==>...........................] - ETA: 0s - loss: 0.1262 - acc: 0.9857
130/600 [=====>........................] - ETA: 0s - loss: 0.1055 - acc: 0.9923
190/600 [========>.....................] - ETA: 0s - loss: 0.0977 - acc: 0.9895
250/600 [===========>..................] - ETA: 0s - loss: 0.0976 - acc: 0.9920
310/600 [==============>...............] - ETA: 0s - loss: 0.0983 - acc: 0.9903
370/600 [=================>............] - ETA: 0s - loss: 0.1010 - acc: 0.9865
430/600 [====================>.........] - ETA: 0s - loss: 0.0993 - acc: 0.9884
490/600 [=======================>......] - ETA: 0s - loss: 0.0950 - acc: 0.9898
550/600 [==========================>...] - ETA: 0s - loss: 0.0932 - acc: 0.9873
600/600 [==============================] - 1s 919us/step - loss: 0.0910 - acc: 0.9883 - val_loss: 0.3966 - val_acc: 0.9070
Current time ....0.551
Train on 1200 samples, validate on 68 samples
Epoch 1/1

  10/1200 [..............................] - ETA: 1s - loss: 0.1488 - acc: 1.0000
  70/1200 [>.............................] - ETA: 1s - loss: 0.1615 - acc: 0.9714
 130/1200 [==>...........................] - ETA: 0s - loss: 0.1944 - acc: 0.9538
 190/1200 [===>..........................] - ETA: 0s - loss: 0.2037 - acc: 0.9579
 250/1200 [=====>........................] - ETA: 0s - loss: 0.2087 - acc: 0.9560
 310/1200 [======>.......................] - ETA: 0s - loss: 0.2042 - acc: 0.9613
 370/1200 [========>.....................] - ETA: 0s - loss: 0.2244 - acc: 0.9514
 430/1200 [=========>....................] - ETA: 0s - loss: 0.2272 - acc: 0.9558
 490/1200 [===========>..................] - ETA: 0s - loss: 0.2169 - acc: 0.9571
 550/1200 [============>.................] - ETA: 0s - loss: 0.2246 - acc: 0.9545
 610/1200 [==============>...............] - ETA: 0s - loss: 0.2242 - acc: 0.9541
 670/1200 [===============>..............] - ETA: 0s - loss: 0.2174 - acc: 0.9582
 730/1200 [=================>............] - ETA: 0s - loss: 0.2164 - acc: 0.9589
 790/1200 [==================>...........] - ETA: 0s - loss: 0.2117 - acc: 0.9620
 850/1200 [====================>.........] - ETA: 0s - loss: 0.2127 - acc: 0.9635
 910/1200 [=====================>........] - ETA: 0s - loss: 0.2126 - acc: 0.9626
 970/1200 [=======================>......] - ETA: 0s - loss: 0.2113 - acc: 0.9629
1030/1200 [========================>.....] - ETA: 0s - loss: 0.2112 - acc: 0.9612
1090/1200 [==========================>...] - ETA: 0s - loss: 0.2065 - acc: 0.9624
1150/1200 [===========================>..] - ETA: 0s - loss: 0.2084 - acc: 0.9626
1200/1200 [==============================] - 1s 916us/step - loss: 0.2098 - acc: 0.9608 - val_loss: 0.8339 - val_acc: 0.6912
Current time ....1.100
Train on 3900 samples, validate on 99 samples
Epoch 1/1

  10/3900 [..............................] - ETA: 3s - loss: 0.7058 - acc: 0.8000
  70/3900 [..............................] - ETA: 3s - loss: 1.1153 - acc: 0.6429
 130/3900 [>.............................] - ETA: 3s - loss: 1.0826 - acc: 0.6615
 190/3900 [>.............................] - ETA: 3s - loss: 1.1144 - acc: 0.6526
 250/3900 [>.............................] - ETA: 3s - loss: 1.0870 - acc: 0.6720
 310/3900 [=>............................] - ETA: 3s - loss: 1.0841 - acc: 0.6774
 370/3900 [=>............................] - ETA: 3s - loss: 1.0845 - acc: 0.6730
 430/3900 [==>...........................] - ETA: 3s - loss: 1.0827 - acc: 0.6721
 490/3900 [==>...........................] - ETA: 3s - loss: 1.0783 - acc: 0.6755
 550/3900 [===>..........................] - ETA: 2s - loss: 1.0865 - acc: 0.6709
 610/3900 [===>..........................] - ETA: 2s - loss: 1.0844 - acc: 0.6770
 670/3900 [====>.........................] - ETA: 2s - loss: 1.0826 - acc: 0.6716
 730/3900 [====>.........................] - ETA: 2s - loss: 1.0805 - acc: 0.6740
 790/3900 [=====>........................] - ETA: 2s - loss: 1.0874 - acc: 0.6722
 850/3900 [=====>........................] - ETA: 2s - loss: 1.1031 - acc: 0.6659
 910/3900 [======>.......................] - ETA: 2s - loss: 1.1075 - acc: 0.6615
 970/3900 [======>.......................] - ETA: 2s - loss: 1.0972 - acc: 0.6680
1030/3900 [======>.......................] - ETA: 2s - loss: 1.0984 - acc: 0.6680
1090/3900 [=======>......................] - ETA: 2s - loss: 1.0985 - acc: 0.6679
1150/3900 [=======>......................] - ETA: 2s - loss: 1.0918 - acc: 0.6713
1210/3900 [========>.....................] - ETA: 2s - loss: 1.0979 - acc: 0.6661
1270/3900 [========>.....................] - ETA: 2s - loss: 1.0984 - acc: 0.6646
1330/3900 [=========>....................] - ETA: 2s - loss: 1.0980 - acc: 0.6617
1390/3900 [=========>....................] - ETA: 2s - loss: 1.0995 - acc: 0.6583
1450/3900 [==========>...................] - ETA: 2s - loss: 1.0974 - acc: 0.6572
1510/3900 [==========>...................] - ETA: 2s - loss: 1.0976 - acc: 0.6543
1570/3900 [===========>..................] - ETA: 2s - loss: 1.0947 - acc: 0.6561
1630/3900 [===========>..................] - ETA: 2s - loss: 1.0948 - acc: 0.6540
1690/3900 [============>.................] - ETA: 1s - loss: 1.0954 - acc: 0.6521
1750/3900 [============>.................] - ETA: 1s - loss: 1.0871 - acc: 0.6577
1810/3900 [============>.................] - ETA: 1s - loss: 1.0855 - acc: 0.6586
1870/3900 [=============>................] - ETA: 1s - loss: 1.0850 - acc: 0.6572
1930/3900 [=============>................] - ETA: 1s - loss: 1.0853 - acc: 0.6560
1990/3900 [==============>...............] - ETA: 1s - loss: 1.0819 - acc: 0.6583
2050/3900 [==============>...............] - ETA: 1s - loss: 1.0785 - acc: 0.6580
2110/3900 [===============>..............] - ETA: 1s - loss: 1.0706 - acc: 0.6611
2170/3900 [===============>..............] - ETA: 1s - loss: 1.0680 - acc: 0.6622
2230/3900 [================>.............] - ETA: 1s - loss: 1.0662 - acc: 0.6659
2290/3900 [================>.............] - ETA: 1s - loss: 1.0640 - acc: 0.6672
2350/3900 [=================>............] - ETA: 1s - loss: 1.0635 - acc: 0.6651
2410/3900 [=================>............] - ETA: 1s - loss: 1.0660 - acc: 0.6627
2470/3900 [==================>...........] - ETA: 1s - loss: 1.0637 - acc: 0.6648
2530/3900 [==================>...........] - ETA: 1s - loss: 1.0621 - acc: 0.6648
2590/3900 [==================>...........] - ETA: 1s - loss: 1.0621 - acc: 0.6645
2650/3900 [===================>..........] - ETA: 1s - loss: 1.0602 - acc: 0.6668
2710/3900 [===================>..........] - ETA: 1s - loss: 1.0591 - acc: 0.6668
2770/3900 [====================>.........] - ETA: 1s - loss: 1.0563 - acc: 0.6690
2830/3900 [====================>.........] - ETA: 0s - loss: 1.0543 - acc: 0.6696
2890/3900 [=====================>........] - ETA: 0s - loss: 1.0546 - acc: 0.6689
2950/3900 [=====================>........] - ETA: 0s - loss: 1.0524 - acc: 0.6705
3010/3900 [======================>.......] - ETA: 0s - loss: 1.0505 - acc: 0.6708
3070/3900 [======================>.......] - ETA: 0s - loss: 1.0471 - acc: 0.6717
3130/3900 [=======================>......] - ETA: 0s - loss: 1.0432 - acc: 0.6735
3180/3900 [=======================>......] - ETA: 0s - loss: 1.0422 - acc: 0.6736
3240/3900 [=======================>......] - ETA: 0s - loss: 1.0447 - acc: 0.6725
3300/3900 [========================>.....] - ETA: 0s - loss: 1.0456 - acc: 0.6718
3360/3900 [========================>.....] - ETA: 0s - loss: 1.0459 - acc: 0.6714
3420/3900 [=========================>....] - ETA: 0s - loss: 1.0439 - acc: 0.6728
3480/3900 [=========================>....] - ETA: 0s - loss: 1.0403 - acc: 0.6741
3540/3900 [==========================>...] - ETA: 0s - loss: 1.0362 - acc: 0.6754
3600/3900 [==========================>...] - ETA: 0s - loss: 1.0332 - acc: 0.6767
3660/3900 [===========================>..] - ETA: 0s - loss: 1.0292 - acc: 0.6776
3720/3900 [===========================>..] - ETA: 0s - loss: 1.0299 - acc: 0.6766
3780/3900 [============================>.] - ETA: 0s - loss: 1.0280 - acc: 0.6775
3840/3900 [============================>.] - ETA: 0s - loss: 1.0273 - acc: 0.6779
3900/3900 [==============================] - 4s 904us/step - loss: 1.0274 - acc: 0.6779 - val_loss: 1.5783 - val_acc: 0.4747
Current time ....3.524
Train on 600 samples, validate on 86 samples
Epoch 1/1

 10/600 [..............................] - ETA: 0s - loss: 0.0716 - acc: 1.0000
 70/600 [==>...........................] - ETA: 0s - loss: 0.0690 - acc: 1.0000
130/600 [=====>........................] - ETA: 0s - loss: 0.0628 - acc: 1.0000
190/600 [========>.....................] - ETA: 0s - loss: 0.0620 - acc: 1.0000
250/600 [===========>..................] - ETA: 0s - loss: 0.0600 - acc: 1.0000
310/600 [==============>...............] - ETA: 0s - loss: 0.0628 - acc: 1.0000
370/600 [=================>............] - ETA: 0s - loss: 0.0634 - acc: 1.0000
430/600 [====================>.........] - ETA: 0s - loss: 0.0603 - acc: 1.0000
490/600 [=======================>......] - ETA: 0s - loss: 0.0622 - acc: 1.0000
550/600 [==========================>...] - ETA: 0s - loss: 0.0632 - acc: 0.9982
600/600 [==============================] - 1s 921us/step - loss: 0.0628 - acc: 0.9967 - val_loss: 0.4355 - val_acc: 0.9070
Current time ....0.553
Train on 1200 samples, validate on 68 samples
Epoch 1/1

  10/1200 [..............................] - ETA: 1s - loss: 0.3830 - acc: 0.9000
  70/1200 [>.............................] - ETA: 1s - loss: 0.2033 - acc: 0.9714
 130/1200 [==>...........................] - ETA: 0s - loss: 0.1785 - acc: 0.9846
 190/1200 [===>..........................] - ETA: 0s - loss: 0.1715 - acc: 0.9737
 250/1200 [=====>........................] - ETA: 0s - loss: 0.1620 - acc: 0.9680
 310/1200 [======>.......................] - ETA: 0s - loss: 0.1696 - acc: 0.9645
 370/1200 [========>.....................] - ETA: 0s - loss: 0.1672 - acc: 0.9622
 430/1200 [=========>....................] - ETA: 0s - loss: 0.1629 - acc: 0.9628
 490/1200 [===========>..................] - ETA: 0s - loss: 0.1600 - acc: 0.9653
 550/1200 [============>.................] - ETA: 0s - loss: 0.1520 - acc: 0.9673
 610/1200 [==============>...............] - ETA: 0s - loss: 0.1487 - acc: 0.9689
 670/1200 [===============>..............] - ETA: 0s - loss: 0.1506 - acc: 0.9672
 730/1200 [=================>............] - ETA: 0s - loss: 0.1533 - acc: 0.9671
 790/1200 [==================>...........] - ETA: 0s - loss: 0.1525 - acc: 0.9696
 850/1200 [====================>.........] - ETA: 0s - loss: 0.1503 - acc: 0.9706
 910/1200 [=====================>........] - ETA: 0s - loss: 0.1477 - acc: 0.9714
 970/1200 [=======================>......] - ETA: 0s - loss: 0.1465 - acc: 0.9732
1030/1200 [========================>.....] - ETA: 0s - loss: 0.1509 - acc: 0.9689
1090/1200 [==========================>...] - ETA: 0s - loss: 0.1565 - acc: 0.9661
1150/1200 [===========================>..] - ETA: 0s - loss: 0.1558 - acc: 0.9661
1200/1200 [==============================] - 1s 903us/step - loss: 0.1561 - acc: 0.9658 - val_loss: 0.7962 - val_acc: 0.6912
Current time ....1.084
Train on 3900 samples, validate on 99 samples
Epoch 1/1

  10/3900 [..............................] - ETA: 3s - loss: 0.6439 - acc: 0.8000
  70/3900 [..............................] - ETA: 3s - loss: 0.8041 - acc: 0.7429
 130/3900 [>.............................] - ETA: 3s - loss: 0.7800 - acc: 0.7538
 190/3900 [>.............................] - ETA: 3s - loss: 0.8555 - acc: 0.7263
 250/3900 [>.............................] - ETA: 3s - loss: 0.8813 - acc: 0.7160
 310/3900 [=>............................] - ETA: 3s - loss: 0.8905 - acc: 0.7097
 370/3900 [=>............................] - ETA: 3s - loss: 0.9062 - acc: 0.7108
 430/3900 [==>...........................] - ETA: 3s - loss: 0.9225 - acc: 0.7023
 490/3900 [==>...........................] - ETA: 3s - loss: 0.9388 - acc: 0.6939
 550/3900 [===>..........................] - ETA: 3s - loss: 0.9364 - acc: 0.6945
 610/3900 [===>..........................] - ETA: 2s - loss: 0.9396 - acc: 0.7000
 670/3900 [====>.........................] - ETA: 2s - loss: 0.9246 - acc: 0.7030
 730/3900 [====>.........................] - ETA: 2s - loss: 0.9231 - acc: 0.7082
 790/3900 [=====>........................] - ETA: 2s - loss: 0.9259 - acc: 0.7051
 850/3900 [=====>........................] - ETA: 2s - loss: 0.9270 - acc: 0.7035
 900/3900 [=====>........................] - ETA: 2s - loss: 0.9238 - acc: 0.7056
 960/3900 [======>.......................] - ETA: 2s - loss: 0.9233 - acc: 0.7063
1020/3900 [======>.......................] - ETA: 2s - loss: 0.9180 - acc: 0.7098
1080/3900 [=======>......................] - ETA: 2s - loss: 0.9178 - acc: 0.7074
1140/3900 [=======>......................] - ETA: 2s - loss: 0.9170 - acc: 0.7079
1200/3900 [========>.....................] - ETA: 2s - loss: 0.9143 - acc: 0.7092
1260/3900 [========>.....................] - ETA: 2s - loss: 0.9117 - acc: 0.7119
1320/3900 [=========>....................] - ETA: 2s - loss: 0.9126 - acc: 0.7121
1380/3900 [=========>....................] - ETA: 2s - loss: 0.9146 - acc: 0.7116
1440/3900 [==========>...................] - ETA: 2s - loss: 0.9116 - acc: 0.7132
1500/3900 [==========>...................] - ETA: 2s - loss: 0.9063 - acc: 0.7160
1560/3900 [===========>..................] - ETA: 2s - loss: 0.9048 - acc: 0.7141
1620/3900 [===========>..................] - ETA: 2s - loss: 0.9032 - acc: 0.7130
1680/3900 [===========>..................] - ETA: 1s - loss: 0.8981 - acc: 0.7155
1740/3900 [============>.................] - ETA: 1s - loss: 0.8940 - acc: 0.7149
1800/3900 [============>.................] - ETA: 1s - loss: 0.8931 - acc: 0.7150
1860/3900 [=============>................] - ETA: 1s - loss: 0.8964 - acc: 0.7129
1920/3900 [=============>................] - ETA: 1s - loss: 0.8888 - acc: 0.7151
1980/3900 [==============>...............] - ETA: 1s - loss: 0.8875 - acc: 0.7152
2040/3900 [==============>...............] - ETA: 1s - loss: 0.8851 - acc: 0.7167
2100/3900 [===============>..............] - ETA: 1s - loss: 0.8836 - acc: 0.7171
2160/3900 [===============>..............] - ETA: 1s - loss: 0.8832 - acc: 0.7176
2220/3900 [================>.............] - ETA: 1s - loss: 0.8869 - acc: 0.7167
2280/3900 [================>.............] - ETA: 1s - loss: 0.8836 - acc: 0.7162
2340/3900 [=================>............] - ETA: 1s - loss: 0.8830 - acc: 0.7171
2400/3900 [=================>............] - ETA: 1s - loss: 0.8791 - acc: 0.7183
2460/3900 [=================>............] - ETA: 1s - loss: 0.8789 - acc: 0.7191
2520/3900 [==================>...........] - ETA: 1s - loss: 0.8779 - acc: 0.7198
2580/3900 [==================>...........] - ETA: 1s - loss: 0.8741 - acc: 0.7217
2640/3900 [===================>..........] - ETA: 1s - loss: 0.8710 - acc: 0.7227
2700/3900 [===================>..........] - ETA: 1s - loss: 0.8687 - acc: 0.7233
2760/3900 [====================>.........] - ETA: 1s - loss: 0.8642 - acc: 0.7243
2820/3900 [====================>.........] - ETA: 0s - loss: 0.8622 - acc: 0.7252
2880/3900 [=====================>........] - ETA: 0s - loss: 0.8619 - acc: 0.7260
2940/3900 [=====================>........] - ETA: 0s - loss: 0.8614 - acc: 0.7276
3000/3900 [======================>.......] - ETA: 0s - loss: 0.8589 - acc: 0.7287
3060/3900 [======================>.......] - ETA: 0s - loss: 0.8568 - acc: 0.7297
3120/3900 [=======================>......] - ETA: 0s - loss: 0.8539 - acc: 0.7311
3180/3900 [=======================>......] - ETA: 0s - loss: 0.8531 - acc: 0.7308
3240/3900 [=======================>......] - ETA: 0s - loss: 0.8529 - acc: 0.7312
3300/3900 [========================>.....] - ETA: 0s - loss: 0.8520 - acc: 0.7315
3360/3900 [========================>.....] - ETA: 0s - loss: 0.8522 - acc: 0.7301
3420/3900 [=========================>....] - ETA: 0s - loss: 0.8489 - acc: 0.7310
3480/3900 [=========================>....] - ETA: 0s - loss: 0.8475 - acc: 0.7313
3540/3900 [==========================>...] - ETA: 0s - loss: 0.8457 - acc: 0.7322
3600/3900 [==========================>...] - ETA: 0s - loss: 0.8437 - acc: 0.7328
3660/3900 [===========================>..] - ETA: 0s - loss: 0.8411 - acc: 0.7333
3720/3900 [===========================>..] - ETA: 0s - loss: 0.8406 - acc: 0.7331
3780/3900 [============================>.] - ETA: 0s - loss: 0.8380 - acc: 0.7339
3840/3900 [============================>.] - ETA: 0s - loss: 0.8370 - acc: 0.7339
3900/3900 [==============================] - 4s 903us/step - loss: 0.8336 - acc: 0.7346 - val_loss: 1.6057 - val_acc: 0.4747
Current time ....3.523
Train on 600 samples, validate on 86 samples
Epoch 1/1

 10/600 [..............................] - ETA: 0s - loss: 0.0978 - acc: 1.0000
 70/600 [==>...........................] - ETA: 0s - loss: 0.0669 - acc: 1.0000
130/600 [=====>........................] - ETA: 0s - loss: 0.0632 - acc: 1.0000
190/600 [========>.....................] - ETA: 0s - loss: 0.0582 - acc: 1.0000
250/600 [===========>..................] - ETA: 0s - loss: 0.0523 - acc: 1.0000
310/600 [==============>...............] - ETA: 0s - loss: 0.0500 - acc: 1.0000
370/600 [=================>............] - ETA: 0s - loss: 0.0482 - acc: 1.0000
430/600 [====================>.........] - ETA: 0s - loss: 0.0457 - acc: 1.0000
490/600 [=======================>......] - ETA: 0s - loss: 0.0445 - acc: 1.0000
550/600 [==========================>...] - ETA: 0s - loss: 0.0454 - acc: 0.9982
600/600 [==============================] - 1s 925us/step - loss: 0.0493 - acc: 0.9967 - val_loss: 0.4631 - val_acc: 0.9070
Current time ....0.555
Train on 1200 samples, validate on 68 samples
Epoch 1/1

  10/1200 [..............................] - ETA: 1s - loss: 0.0646 - acc: 1.0000
  70/1200 [>.............................] - ETA: 1s - loss: 0.0994 - acc: 0.9857
 130/1200 [==>...........................] - ETA: 0s - loss: 0.1128 - acc: 0.9769
 190/1200 [===>..........................] - ETA: 0s - loss: 0.1069 - acc: 0.9842
 250/1200 [=====>........................] - ETA: 0s - loss: 0.1016 - acc: 0.9880
 310/1200 [======>.......................] - ETA: 0s - loss: 0.1009 - acc: 0.9871
 370/1200 [========>.....................] - ETA: 0s - loss: 0.1006 - acc: 0.9865
 430/1200 [=========>....................] - ETA: 0s - loss: 0.1011 - acc: 0.9860
 490/1200 [===========>..................] - ETA: 0s - loss: 0.1021 - acc: 0.9857
 550/1200 [============>.................] - ETA: 0s - loss: 0.1008 - acc: 0.9855
 610/1200 [==============>...............] - ETA: 0s - loss: 0.1020 - acc: 0.9869
 670/1200 [===============>..............] - ETA: 0s - loss: 0.1070 - acc: 0.9836
 730/1200 [=================>............] - ETA: 0s - loss: 0.1070 - acc: 0.9849
 790/1200 [==================>...........] - ETA: 0s - loss: 0.1096 - acc: 0.9848
 850/1200 [====================>.........] - ETA: 0s - loss: 0.1094 - acc: 0.9847
 910/1200 [=====================>........] - ETA: 0s - loss: 0.1073 - acc: 0.9857
 970/1200 [=======================>......] - ETA: 0s - loss: 0.1070 - acc: 0.9856
1030/1200 [========================>.....] - ETA: 0s - loss: 0.1061 - acc: 0.9854
1090/1200 [==========================>...] - ETA: 0s - loss: 0.1062 - acc: 0.9844
1150/1200 [===========================>..] - ETA: 0s - loss: 0.1037 - acc: 0.9852
1200/1200 [==============================] - 1s 908us/step - loss: 0.1024 - acc: 0.9858 - val_loss: 0.8466 - val_acc: 0.7059
Current time ....1.090
Train on 3900 samples, validate on 99 samples
Epoch 1/1

  10/3900 [..............................] - ETA: 3s - loss: 0.5755 - acc: 1.0000
  70/3900 [..............................] - ETA: 3s - loss: 0.8265 - acc: 0.7286
 130/3900 [>.............................] - ETA: 3s - loss: 0.8458 - acc: 0.7154
 190/3900 [>.............................] - ETA: 3s - loss: 0.8066 - acc: 0.7158
 250/3900 [>.............................] - ETA: 3s - loss: 0.8154 - acc: 0.7120
 310/3900 [=>............................] - ETA: 3s - loss: 0.7873 - acc: 0.7290
 370/3900 [=>............................] - ETA: 3s - loss: 0.7913 - acc: 0.7432
 430/3900 [==>...........................] - ETA: 3s - loss: 0.7977 - acc: 0.7349
 490/3900 [==>...........................] - ETA: 3s - loss: 0.7838 - acc: 0.7408
 550/3900 [===>..........................] - ETA: 3s - loss: 0.7688 - acc: 0.7473
 610/3900 [===>..........................] - ETA: 2s - loss: 0.7621 - acc: 0.7541
 670/3900 [====>.........................] - ETA: 2s - loss: 0.7563 - acc: 0.7567
 730/3900 [====>.........................] - ETA: 2s - loss: 0.7676 - acc: 0.7493
 790/3900 [=====>........................] - ETA: 2s - loss: 0.7677 - acc: 0.7456
 850/3900 [=====>........................] - ETA: 2s - loss: 0.7748 - acc: 0.7400
 910/3900 [======>.......................] - ETA: 2s - loss: 0.7663 - acc: 0.7407
 970/3900 [======>.......................] - ETA: 2s - loss: 0.7685 - acc: 0.7381
1030/3900 [======>.......................] - ETA: 2s - loss: 0.7590 - acc: 0.7427
1090/3900 [=======>......................] - ETA: 2s - loss: 0.7509 - acc: 0.7477
1150/3900 [=======>......................] - ETA: 2s - loss: 0.7484 - acc: 0.7478
1210/3900 [========>.....................] - ETA: 2s - loss: 0.7466 - acc: 0.7496
1270/3900 [========>.....................] - ETA: 2s - loss: 0.7427 - acc: 0.7504
1330/3900 [=========>....................] - ETA: 2s - loss: 0.7334 - acc: 0.7549
1390/3900 [=========>....................] - ETA: 2s - loss: 0.7311 - acc: 0.7547
1450/3900 [==========>...................] - ETA: 2s - loss: 0.7324 - acc: 0.7552
1510/3900 [==========>...................] - ETA: 2s - loss: 0.7288 - acc: 0.7556
1570/3900 [===========>..................] - ETA: 2s - loss: 0.7276 - acc: 0.7580
1630/3900 [===========>..................] - ETA: 2s - loss: 0.7264 - acc: 0.7595
1690/3900 [============>.................] - ETA: 1s - loss: 0.7257 - acc: 0.7598
1740/3900 [============>.................] - ETA: 1s - loss: 0.7278 - acc: 0.7598
1800/3900 [============>.................] - ETA: 1s - loss: 0.7235 - acc: 0.7628
1860/3900 [=============>................] - ETA: 1s - loss: 0.7199 - acc: 0.7624
1920/3900 [=============>................] - ETA: 1s - loss: 0.7225 - acc: 0.7594
1980/3900 [==============>...............] - ETA: 1s - loss: 0.7206 - acc: 0.7591
2040/3900 [==============>...............] - ETA: 1s - loss: 0.7192 - acc: 0.7583
2100/3900 [===============>..............] - ETA: 1s - loss: 0.7200 - acc: 0.7586
2160/3900 [===============>..............] - ETA: 1s - loss: 0.7169 - acc: 0.7593
2220/3900 [================>.............] - ETA: 1s - loss: 0.7180 - acc: 0.7608
2280/3900 [================>.............] - ETA: 1s - loss: 0.7137 - acc: 0.7618
2340/3900 [=================>............] - ETA: 1s - loss: 0.7146 - acc: 0.7620
2400/3900 [=================>............] - ETA: 1s - loss: 0.7106 - acc: 0.7633
2460/3900 [=================>............] - ETA: 1s - loss: 0.7083 - acc: 0.7646
2520/3900 [==================>...........] - ETA: 1s - loss: 0.7026 - acc: 0.7679
2580/3900 [==================>...........] - ETA: 1s - loss: 0.7043 - acc: 0.7663
2640/3900 [===================>..........] - ETA: 1s - loss: 0.7010 - acc: 0.7674
2700/3900 [===================>..........] - ETA: 1s - loss: 0.7021 - acc: 0.7674
2760/3900 [====================>.........] - ETA: 1s - loss: 0.7006 - acc: 0.7688
2820/3900 [====================>.........] - ETA: 0s - loss: 0.6993 - acc: 0.7688
2880/3900 [=====================>........] - ETA: 0s - loss: 0.6981 - acc: 0.7691
2940/3900 [=====================>........] - ETA: 0s - loss: 0.6987 - acc: 0.7684
3000/3900 [======================>.......] - ETA: 0s - loss: 0.6997 - acc: 0.7677
3060/3900 [======================>.......] - ETA: 0s - loss: 0.6984 - acc: 0.7683
3120/3900 [=======================>......] - ETA: 0s - loss: 0.6952 - acc: 0.7702
3180/3900 [=======================>......] - ETA: 0s - loss: 0.6931 - acc: 0.7711
3240/3900 [=======================>......] - ETA: 0s - loss: 0.6915 - acc: 0.7722
3300/3900 [========================>.....] - ETA: 0s - loss: 0.6902 - acc: 0.7724
3360/3900 [========================>.....] - ETA: 0s - loss: 0.6873 - acc: 0.7741
3420/3900 [=========================>....] - ETA: 0s - loss: 0.6868 - acc: 0.7743
3480/3900 [=========================>....] - ETA: 0s - loss: 0.6878 - acc: 0.7741
3540/3900 [==========================>...] - ETA: 0s - loss: 0.6855 - acc: 0.7749
3600/3900 [==========================>...] - ETA: 0s - loss: 0.6855 - acc: 0.7747
3660/3900 [===========================>..] - ETA: 0s - loss: 0.6842 - acc: 0.7743
3720/3900 [===========================>..] - ETA: 0s - loss: 0.6835 - acc: 0.7747
3780/3900 [============================>.] - ETA: 0s - loss: 0.6815 - acc: 0.7757
3840/3900 [============================>.] - ETA: 0s - loss: 0.6815 - acc: 0.7753
3900/3900 [==============================] - 4s 902us/step - loss: 0.6818 - acc: 0.7749 - val_loss: 1.5815 - val_acc: 0.4949
Current time ....3.516
Train on 600 samples, validate on 86 samples
Epoch 1/1

 10/600 [..............................] - ETA: 0s - loss: 0.0148 - acc: 1.0000
 70/600 [==>...........................] - ETA: 0s - loss: 0.0275 - acc: 1.0000
130/600 [=====>........................] - ETA: 0s - loss: 0.0327 - acc: 1.0000
190/600 [========>.....................] - ETA: 0s - loss: 0.0399 - acc: 1.0000
250/600 [===========>..................] - ETA: 0s - loss: 0.0373 - acc: 1.0000
310/600 [==============>...............] - ETA: 0s - loss: 0.0390 - acc: 1.0000
370/600 [=================>............] - ETA: 0s - loss: 0.0373 - acc: 1.0000
430/600 [====================>.........] - ETA: 0s - loss: 0.0366 - acc: 1.0000
480/600 [=======================>......] - ETA: 0s - loss: 0.0380 - acc: 1.0000
540/600 [==========================>...] - ETA: 0s - loss: 0.0381 - acc: 1.0000
600/600 [==============================] - 1s 938us/step - loss: 0.0384 - acc: 0.9983 - val_loss: 0.4457 - val_acc: 0.9070
Current time ....0.563
Train on 1200 samples, validate on 68 samples
Epoch 1/1

  10/1200 [..............................] - ETA: 1s - loss: 0.0592 - acc: 1.0000
  70/1200 [>.............................] - ETA: 1s - loss: 0.0888 - acc: 1.0000
 130/1200 [==>...........................] - ETA: 0s - loss: 0.0942 - acc: 1.0000
 190/1200 [===>..........................] - ETA: 0s - loss: 0.0946 - acc: 1.0000
 250/1200 [=====>........................] - ETA: 0s - loss: 0.0922 - acc: 0.9960
 310/1200 [======>.......................] - ETA: 0s - loss: 0.0870 - acc: 0.9968
 370/1200 [========>.....................] - ETA: 0s - loss: 0.0845 - acc: 0.9946
 430/1200 [=========>....................] - ETA: 0s - loss: 0.0859 - acc: 0.9930
 490/1200 [===========>..................] - ETA: 0s - loss: 0.0816 - acc: 0.9939
 550/1200 [============>.................] - ETA: 0s - loss: 0.0812 - acc: 0.9927
 610/1200 [==============>...............] - ETA: 0s - loss: 0.0800 - acc: 0.9934
 670/1200 [===============>..............] - ETA: 0s - loss: 0.0781 - acc: 0.9925
 730/1200 [=================>............] - ETA: 0s - loss: 0.0797 - acc: 0.9932
 790/1200 [==================>...........] - ETA: 0s - loss: 0.0809 - acc: 0.9924
 850/1200 [====================>.........] - ETA: 0s - loss: 0.0814 - acc: 0.9929
 910/1200 [=====================>........] - ETA: 0s - loss: 0.0801 - acc: 0.9934
 970/1200 [=======================>......] - ETA: 0s - loss: 0.0782 - acc: 0.9938
1030/1200 [========================>.....] - ETA: 0s - loss: 0.0783 - acc: 0.9932
1090/1200 [==========================>...] - ETA: 0s - loss: 0.0773 - acc: 0.9927
1150/1200 [===========================>..] - ETA: 0s - loss: 0.0753 - acc: 0.9930
1200/1200 [==============================] - 1s 902us/step - loss: 0.0743 - acc: 0.9933 - val_loss: 1.0762 - val_acc: 0.7206
Current time ....1.083

32/99 [========>.....................] - ETA: 0s
99/99 [==============================] - 0s 93us/step
In EVALUATE loss:  [1.5815071963300609, 0.49494949555156209]

32/86 [==========>...................] - ETA: 0s
86/86 [==============================] - 0s 82us/step
In EVALUATE loss:  [0.44572184529415398, 0.90697674695835562]

32/68 [=============>................] - ETA: 0s
68/68 [==============================] - 0s 103us/step
In EVALUATE loss:  [1.0761925963794483, 0.72058823529411764]
Task 1 : Primary site - Macro F1 score 0.258473162414
Task 1 : Primary site - Micro F1 score 0.494949494949
Task 2 : Tumor laterality - Macro F1 score 0.906976744186
Task 2 : Tumor laterality - Micro F1 score 0.906976744186
Task 3 : Histological grade - Macro F1 score 0.541858678955
Task 3 : Histological grade - Micro F1 score 0.720588235294
Average loss:  1.03447387933
