Importing candle utils for keras
Configuration file:  /gpfs/mira-home/apeck/Modified_Benchmarks/Pilot3/P3B1/p3b1_default_model.txt
{'activation': 'relu',
 'batch_size': 10,
 'data_url': 'ftp://ftp.mcs.anl.gov/pub/candle/public/benchmarks/P3B1/',
 'drop': 0.0,
 'epochs': 10,
 'feature_names': 'Primary site:Tumor laterality:Histological grade',
 'ind_nnet_spec': [[2400, 2400, 1200, 1200],
                   [2400, 2400, 1200, 1200],
                   [2400, 2400, 1200, 1200]],
 'initialization': 'glorot_uniform',
 'learning_rate': 0.01,
 'loss': 'categorical_crossentropy',
 'metrics': 'accuracy',
 'model_name': 'p3b1',
 'n_fold': 1,
 'optimizer': 'sgd',
 'out_activation': 'softmax',
 'output_dir': '.',
 'scaling': 'none',
 'shared_nnet_spec': [1200,
                      2400,
                      3600,
                      3600,
                      3600,
                      3600,
                      3600,
                      3600,
                      3600,
                      2400],
 'shuffle': True,
 'timeout': 1800,
 'train_data': 'P3B1_data.tar.gz'}
Params:
{'activation': 'relu',
 'batch_size': 10,
 'case': 'CenterZ',
 'data_url': 'ftp://ftp.mcs.anl.gov/pub/candle/public/benchmarks/P3B1/',
 'datatype': <class 'numpy.float32'>,
 'drop': 0.0,
 'epochs': 10,
 'experiment_id': 'EXP000',
 'feature_names': 'Primary site:Tumor laterality:Histological grade',
 'fig': False,
 'gpus': [],
 'ind_nnet_spec': [[2400, 2400, 1200, 1200],
                   [2400, 2400, 1200, 1200],
                   [2400, 2400, 1200, 1200]],
 'initialization': 'glorot_uniform',
 'learning_rate': 0.01,
 'logfile': None,
 'loss': 'categorical_crossentropy',
 'metrics': 'accuracy',
 'model_name': 'p3b1',
 'n_fold': 1,
 'optimizer': 'sgd',
 'out_activation': 'softmax',
 'output_dir': '/gpfs/mira-home/apeck/CANDLE_testing/avery_modified_results/p3_1',
 'output_files': 'result0_0.csv;result1_0.csv;result2_0.csv',
 'rng_seed': 7102,
 'run_id': 'RUN000',
 'scaling': 'none',
 'shared_nnet_spec': [1200,
                      2400,
                      3600,
                      3600,
                      3600,
                      3600,
                      3600,
                      3600,
                      3600,
                      2400],
 'shuffle': False,
 'timeout': 1800,
 'train_bool': True,
 'train_data': 'P3B1_data.tar.gz',
 'train_features': 'data/task0_0_train_feature.csv;data/task1_0_train_feature.csv;data/task2_0_train_feature.csv',
 'train_truths': 'data/task0_0_train_label.csv;data/task1_0_train_label.csv;data/task2_0_train_label.csv',
 'valid_features': 'data/task0_0_test_feature.csv;data/task1_0_test_feature.csv;data/task2_0_test_feature.csv',
 'valid_truths': 'data/task0_0_test_label.csv;data/task1_0_test_label.csv;data/task2_0_test_label.csv',
 'verbose': None}
Feature names:
Primary site
Tumor laterality
Histological grade
Model:  0
_________________________________________________________________
Layer (type)                 Output Shape              Param #   
=================================================================
input (InputLayer)           (None, 400)               0         
_________________________________________________________________
indiv_layer_0_0 (Dense)      (None, 2400)              962400    
_________________________________________________________________
indiv_layer_0_1 (Dense)      (None, 2400)              5762400   
_________________________________________________________________
indiv_layer_0_2 (Dense)      (None, 1200)              2881200   
_________________________________________________________________
indiv_layer_0_3 (Dense)      (None, 1200)              1441200   
_________________________________________________________________
out_0 (Dense)                (None, 13)                15613     
=================================================================
Total params: 11,062,813
Trainable params: 11,062,813
Non-trainable params: 0
_________________________________________________________________
Model:  1
_________________________________________________________________
Layer (type)                 Output Shape              Param #   
=================================================================
input (InputLayer)           (None, 400)               0         
_________________________________________________________________
indiv_layer_1_0 (Dense)      (None, 2400)              962400    
_________________________________________________________________
indiv_layer_1_1 (Dense)      (None, 2400)              5762400   
_________________________________________________________________
indiv_layer_1_2 (Dense)      (None, 1200)              2881200   
_________________________________________________________________
indiv_layer_1_3 (Dense)      (None, 1200)              1441200   
_________________________________________________________________
out_1 (Dense)                (None, 2)                 2402      
=================================================================
Total params: 11,049,602
Trainable params: 11,049,602
Non-trainable params: 0
_________________________________________________________________
Model:  2
_________________________________________________________________
Layer (type)                 Output Shape              Param #   
=================================================================
input (InputLayer)           (None, 400)               0         
_________________________________________________________________
indiv_layer_2_0 (Dense)      (None, 2400)              962400    
_________________________________________________________________
indiv_layer_2_1 (Dense)      (None, 2400)              5762400   
_________________________________________________________________
indiv_layer_2_2 (Dense)      (None, 1200)              2881200   
_________________________________________________________________
indiv_layer_2_3 (Dense)      (None, 1200)              1441200   
_________________________________________________________________
out_2 (Dense)                (None, 4)                 4804      
=================================================================
Total params: 11,052,004
Trainable params: 11,052,004
Non-trainable params: 0
_________________________________________________________________
Train on 3900 samples, validate on 99 samples
Epoch 1/1

  10/3900 [..............................] - ETA: 12:32 - loss: 2.5684 - acc: 0.0000e+00
  40/3900 [..............................] - ETA: 3:11 - loss: 2.5666 - acc: 0.0500     
  90/3900 [..............................] - ETA: 1:26 - loss: 2.5667 - acc: 0.0444
 140/3900 [>.............................] - ETA: 56s - loss: 2.5658 - acc: 0.0429 
 190/3900 [>.............................] - ETA: 42s - loss: 2.5651 - acc: 0.0684
 240/3900 [>.............................] - ETA: 33s - loss: 2.5652 - acc: 0.0708
 290/3900 [=>............................] - ETA: 28s - loss: 2.5649 - acc: 0.0655
 340/3900 [=>............................] - ETA: 24s - loss: 2.5641 - acc: 0.0794
 400/3900 [==>...........................] - ETA: 20s - loss: 2.5635 - acc: 0.0875
 460/3900 [==>...........................] - ETA: 18s - loss: 2.5634 - acc: 0.0826
 520/3900 [===>..........................] - ETA: 16s - loss: 2.5632 - acc: 0.0904
 580/3900 [===>..........................] - ETA: 14s - loss: 2.5630 - acc: 0.0931
 640/3900 [===>..........................] - ETA: 13s - loss: 2.5632 - acc: 0.0906
 700/3900 [====>.........................] - ETA: 12s - loss: 2.5631 - acc: 0.0986
 760/3900 [====>.........................] - ETA: 11s - loss: 2.5630 - acc: 0.0961
 820/3900 [=====>........................] - ETA: 10s - loss: 2.5628 - acc: 0.0976
 880/3900 [=====>........................] - ETA: 9s - loss: 2.5626 - acc: 0.1080 
 940/3900 [======>.......................] - ETA: 9s - loss: 2.5622 - acc: 0.1096
1000/3900 [======>.......................] - ETA: 8s - loss: 2.5621 - acc: 0.1060
1060/3900 [=======>......................] - ETA: 8s - loss: 2.5618 - acc: 0.1104
1120/3900 [=======>......................] - ETA: 7s - loss: 2.5618 - acc: 0.1125
1180/3900 [========>.....................] - ETA: 7s - loss: 2.5616 - acc: 0.1169
1240/3900 [========>.....................] - ETA: 6s - loss: 2.5613 - acc: 0.1210
1300/3900 [=========>....................] - ETA: 6s - loss: 2.5610 - acc: 0.1254
1360/3900 [=========>....................] - ETA: 6s - loss: 2.5608 - acc: 0.1294
1420/3900 [=========>....................] - ETA: 5s - loss: 2.5606 - acc: 0.1317
1480/3900 [==========>...................] - ETA: 5s - loss: 2.5604 - acc: 0.1324
1540/3900 [==========>...................] - ETA: 5s - loss: 2.5601 - acc: 0.1325
1600/3900 [===========>..................] - ETA: 5s - loss: 2.5599 - acc: 0.1350
1660/3900 [===========>..................] - ETA: 4s - loss: 2.5599 - acc: 0.1361
1720/3900 [============>.................] - ETA: 4s - loss: 2.5596 - acc: 0.1401
1780/3900 [============>.................] - ETA: 4s - loss: 2.5594 - acc: 0.1427
1840/3900 [=============>................] - ETA: 4s - loss: 2.5592 - acc: 0.1473
1900/3900 [=============>................] - ETA: 3s - loss: 2.5591 - acc: 0.1511
1960/3900 [==============>...............] - ETA: 3s - loss: 2.5589 - acc: 0.1551
2020/3900 [==============>...............] - ETA: 3s - loss: 2.5587 - acc: 0.1609
2080/3900 [===============>..............] - ETA: 3s - loss: 2.5585 - acc: 0.1635
2140/3900 [===============>..............] - ETA: 3s - loss: 2.5583 - acc: 0.1696
2200/3900 [===============>..............] - ETA: 3s - loss: 2.5581 - acc: 0.1727
2260/3900 [================>.............] - ETA: 2s - loss: 2.5579 - acc: 0.1770
2320/3900 [================>.............] - ETA: 2s - loss: 2.5577 - acc: 0.1810
2380/3900 [=================>............] - ETA: 2s - loss: 2.5576 - acc: 0.1819
2440/3900 [=================>............] - ETA: 2s - loss: 2.5574 - acc: 0.1828
2500/3900 [==================>...........] - ETA: 2s - loss: 2.5572 - acc: 0.1876
2560/3900 [==================>...........] - ETA: 2s - loss: 2.5570 - acc: 0.1910
2620/3900 [===================>..........] - ETA: 2s - loss: 2.5568 - acc: 0.1924
2680/3900 [===================>..........] - ETA: 2s - loss: 2.5566 - acc: 0.1955
2740/3900 [====================>.........] - ETA: 1s - loss: 2.5564 - acc: 0.1982
2800/3900 [====================>.........] - ETA: 1s - loss: 2.5562 - acc: 0.2032
2860/3900 [=====================>........] - ETA: 1s - loss: 2.5560 - acc: 0.2052
2920/3900 [=====================>........] - ETA: 1s - loss: 2.5558 - acc: 0.2092
2980/3900 [=====================>........] - ETA: 1s - loss: 2.5555 - acc: 0.2104
3040/3900 [======================>.......] - ETA: 1s - loss: 2.5553 - acc: 0.2118
3100/3900 [======================>.......] - ETA: 1s - loss: 2.5550 - acc: 0.2155
3160/3900 [=======================>......] - ETA: 1s - loss: 2.5548 - acc: 0.2187
3220/3900 [=======================>......] - ETA: 1s - loss: 2.5546 - acc: 0.2217
3280/3900 [========================>.....] - ETA: 0s - loss: 2.5543 - acc: 0.2244
3340/3900 [========================>.....] - ETA: 0s - loss: 2.5540 - acc: 0.2275
3400/3900 [=========================>....] - ETA: 0s - loss: 2.5538 - acc: 0.2297
3460/3900 [=========================>....] - ETA: 0s - loss: 2.5536 - acc: 0.2306
3520/3900 [==========================>...] - ETA: 0s - loss: 2.5535 - acc: 0.2338
3580/3900 [==========================>...] - ETA: 0s - loss: 2.5533 - acc: 0.2374
3640/3900 [===========================>..] - ETA: 0s - loss: 2.5531 - acc: 0.2390
3700/3900 [===========================>..] - ETA: 0s - loss: 2.5528 - acc: 0.2432
3760/3900 [===========================>..] - ETA: 0s - loss: 2.5527 - acc: 0.2439
3820/3900 [============================>.] - ETA: 0s - loss: 2.5525 - acc: 0.2458
3880/3900 [============================>.] - ETA: 0s - loss: 2.5522 - acc: 0.2495
3900/3900 [==============================] - 6s 1ms/step - loss: 2.5521 - acc: 0.2497 - val_loss: 2.5490 - val_acc: 0.2323
Current time ....5.578
Train on 600 samples, validate on 86 samples
Epoch 1/1

 10/600 [..............................] - ETA: 18s - loss: 0.7173 - acc: 0.4000
 70/600 [==>...........................] - ETA: 2s - loss: 0.6924 - acc: 0.5143 
130/600 [=====>........................] - ETA: 1s - loss: 0.6834 - acc: 0.5308
190/600 [========>.....................] - ETA: 1s - loss: 0.6850 - acc: 0.5263
250/600 [===========>..................] - ETA: 0s - loss: 0.6809 - acc: 0.5640
310/600 [==============>...............] - ETA: 0s - loss: 0.6789 - acc: 0.5710
370/600 [=================>............] - ETA: 0s - loss: 0.6762 - acc: 0.5892
430/600 [====================>.........] - ETA: 0s - loss: 0.6720 - acc: 0.6140
490/600 [=======================>......] - ETA: 0s - loss: 0.6669 - acc: 0.6510
550/600 [==========================>...] - ETA: 0s - loss: 0.6635 - acc: 0.6618
600/600 [==============================] - 1s 1ms/step - loss: 0.6599 - acc: 0.6767 - val_loss: 0.6254 - val_acc: 0.8372
Current time ....0.882
Train on 1200 samples, validate on 68 samples
Epoch 1/1

  10/1200 [..............................] - ETA: 29s - loss: 1.3232 - acc: 0.5000
  70/1200 [>.............................] - ETA: 4s - loss: 1.3660 - acc: 0.3286 
 130/1200 [==>...........................] - ETA: 2s - loss: 1.3689 - acc: 0.2615
 190/1200 [===>..........................] - ETA: 2s - loss: 1.3658 - acc: 0.2684
 250/1200 [=====>........................] - ETA: 1s - loss: 1.3543 - acc: 0.2960
 310/1200 [======>.......................] - ETA: 1s - loss: 1.3438 - acc: 0.2903
 370/1200 [========>.....................] - ETA: 1s - loss: 1.3451 - acc: 0.2811
 430/1200 [=========>....................] - ETA: 1s - loss: 1.3396 - acc: 0.2953
 490/1200 [===========>..................] - ETA: 0s - loss: 1.3305 - acc: 0.3265
 550/1200 [============>.................] - ETA: 0s - loss: 1.3268 - acc: 0.3345
 610/1200 [==============>...............] - ETA: 0s - loss: 1.3267 - acc: 0.3508
 670/1200 [===============>..............] - ETA: 0s - loss: 1.3257 - acc: 0.3582
 730/1200 [=================>............] - ETA: 0s - loss: 1.3201 - acc: 0.3671
 780/1200 [==================>...........] - ETA: 0s - loss: 1.3165 - acc: 0.3756
 840/1200 [====================>.........] - ETA: 0s - loss: 1.3117 - acc: 0.3833
 900/1200 [=====================>........] - ETA: 0s - loss: 1.3088 - acc: 0.3922
 960/1200 [=======================>......] - ETA: 0s - loss: 1.3053 - acc: 0.4021
1020/1200 [========================>.....] - ETA: 0s - loss: 1.3016 - acc: 0.4137
1080/1200 [==========================>...] - ETA: 0s - loss: 1.2951 - acc: 0.4259
1140/1200 [===========================>..] - ETA: 0s - loss: 1.2902 - acc: 0.4342
1200/1200 [==============================] - 1s 1ms/step - loss: 1.2857 - acc: 0.4392 - val_loss: 1.2739 - val_acc: 0.3382
Current time ....1.347
Train on 3900 samples, validate on 99 samples
Epoch 1/1

  10/3900 [..............................] - ETA: 3s - loss: 2.5312 - acc: 0.6000
  70/3900 [..............................] - ETA: 3s - loss: 2.5328 - acc: 0.5714
 130/3900 [>.............................] - ETA: 3s - loss: 2.5339 - acc: 0.5231
 190/3900 [>.............................] - ETA: 3s - loss: 2.5341 - acc: 0.5158
 250/3900 [>.............................] - ETA: 3s - loss: 2.5334 - acc: 0.4880
 310/3900 [=>............................] - ETA: 3s - loss: 2.5326 - acc: 0.4839
 370/3900 [=>............................] - ETA: 3s - loss: 2.5327 - acc: 0.4649
 430/3900 [==>...........................] - ETA: 3s - loss: 2.5326 - acc: 0.4535
 490/3900 [==>...........................] - ETA: 3s - loss: 2.5331 - acc: 0.4429
 550/3900 [===>..........................] - ETA: 3s - loss: 2.5327 - acc: 0.4473
 610/3900 [===>..........................] - ETA: 2s - loss: 2.5322 - acc: 0.4508
 670/3900 [====>.........................] - ETA: 2s - loss: 2.5319 - acc: 0.4537
 730/3900 [====>.........................] - ETA: 2s - loss: 2.5316 - acc: 0.4658
 790/3900 [=====>........................] - ETA: 2s - loss: 2.5312 - acc: 0.4658
 850/3900 [=====>........................] - ETA: 2s - loss: 2.5309 - acc: 0.4741
 910/3900 [======>.......................] - ETA: 2s - loss: 2.5304 - acc: 0.4824
 970/3900 [======>.......................] - ETA: 2s - loss: 2.5300 - acc: 0.4825
1030/3900 [======>.......................] - ETA: 2s - loss: 2.5299 - acc: 0.4767
1090/3900 [=======>......................] - ETA: 2s - loss: 2.5295 - acc: 0.4807
1150/3900 [=======>......................] - ETA: 2s - loss: 2.5286 - acc: 0.4904
1210/3900 [========>.....................] - ETA: 2s - loss: 2.5281 - acc: 0.4926
1270/3900 [========>.....................] - ETA: 2s - loss: 2.5278 - acc: 0.4866
1330/3900 [=========>....................] - ETA: 2s - loss: 2.5278 - acc: 0.4835
1390/3900 [=========>....................] - ETA: 2s - loss: 2.5274 - acc: 0.4842
1450/3900 [==========>...................] - ETA: 2s - loss: 2.5270 - acc: 0.4841
1510/3900 [==========>...................] - ETA: 2s - loss: 2.5267 - acc: 0.4834
1570/3900 [===========>..................] - ETA: 2s - loss: 2.5265 - acc: 0.4796
1630/3900 [===========>..................] - ETA: 2s - loss: 2.5261 - acc: 0.4755
1690/3900 [============>.................] - ETA: 1s - loss: 2.5256 - acc: 0.4746
1750/3900 [============>.................] - ETA: 1s - loss: 2.5251 - acc: 0.4743
1810/3900 [============>.................] - ETA: 1s - loss: 2.5248 - acc: 0.4729
1870/3900 [=============>................] - ETA: 1s - loss: 2.5246 - acc: 0.4695
1930/3900 [=============>................] - ETA: 1s - loss: 2.5243 - acc: 0.4658
1990/3900 [==============>...............] - ETA: 1s - loss: 2.5241 - acc: 0.4623
2050/3900 [==============>...............] - ETA: 1s - loss: 2.5236 - acc: 0.4620
2110/3900 [===============>..............] - ETA: 1s - loss: 2.5232 - acc: 0.4640
2170/3900 [===============>..............] - ETA: 1s - loss: 2.5228 - acc: 0.4604
2230/3900 [================>.............] - ETA: 1s - loss: 2.5224 - acc: 0.4619
2290/3900 [================>.............] - ETA: 1s - loss: 2.5220 - acc: 0.4611
2350/3900 [=================>............] - ETA: 1s - loss: 2.5215 - acc: 0.4613
2410/3900 [=================>............] - ETA: 1s - loss: 2.5213 - acc: 0.4577
2470/3900 [==================>...........] - ETA: 1s - loss: 2.5209 - acc: 0.4571
2530/3900 [==================>...........] - ETA: 1s - loss: 2.5206 - acc: 0.4553
2590/3900 [==================>...........] - ETA: 1s - loss: 2.5201 - acc: 0.4571
2650/3900 [===================>..........] - ETA: 1s - loss: 2.5196 - acc: 0.4574
2710/3900 [===================>..........] - ETA: 1s - loss: 2.5191 - acc: 0.4587
2770/3900 [====================>.........] - ETA: 1s - loss: 2.5185 - acc: 0.4592
2830/3900 [====================>.........] - ETA: 0s - loss: 2.5181 - acc: 0.4590
2890/3900 [=====================>........] - ETA: 0s - loss: 2.5177 - acc: 0.4574
2950/3900 [=====================>........] - ETA: 0s - loss: 2.5171 - acc: 0.4593
3010/3900 [======================>.......] - ETA: 0s - loss: 2.5167 - acc: 0.4591
3070/3900 [======================>.......] - ETA: 0s - loss: 2.5161 - acc: 0.4593
3130/3900 [=======================>......] - ETA: 0s - loss: 2.5156 - acc: 0.4581
3190/3900 [=======================>......] - ETA: 0s - loss: 2.5153 - acc: 0.4567
3250/3900 [========================>.....] - ETA: 0s - loss: 2.5148 - acc: 0.4566
3310/3900 [========================>.....] - ETA: 0s - loss: 2.5144 - acc: 0.4547
3370/3900 [========================>.....] - ETA: 0s - loss: 2.5140 - acc: 0.4546
3430/3900 [=========================>....] - ETA: 0s - loss: 2.5135 - acc: 0.4548
3490/3900 [=========================>....] - ETA: 0s - loss: 2.5129 - acc: 0.4564
3550/3900 [==========================>...] - ETA: 0s - loss: 2.5124 - acc: 0.4561
3610/3900 [==========================>...] - ETA: 0s - loss: 2.5120 - acc: 0.4554
3670/3900 [===========================>..] - ETA: 0s - loss: 2.5114 - acc: 0.4556
3730/3900 [===========================>..] - ETA: 0s - loss: 2.5109 - acc: 0.4555
3790/3900 [============================>.] - ETA: 0s - loss: 2.5102 - acc: 0.4575
3850/3900 [============================>.] - ETA: 0s - loss: 2.5097 - acc: 0.4574
3900/3900 [==============================] - 4s 906us/step - loss: 2.5092 - acc: 0.4572 - val_loss: 2.4928 - val_acc: 0.3131
Current time ....3.535
Train on 600 samples, validate on 86 samples
Epoch 1/1

 10/600 [..............................] - ETA: 0s - loss: 0.6294 - acc: 1.0000
 70/600 [==>...........................] - ETA: 0s - loss: 0.6023 - acc: 0.8714
130/600 [=====>........................] - ETA: 0s - loss: 0.6008 - acc: 0.8923
190/600 [========>.....................] - ETA: 0s - loss: 0.5945 - acc: 0.8842
250/600 [===========>..................] - ETA: 0s - loss: 0.5893 - acc: 0.8760
310/600 [==============>...............] - ETA: 0s - loss: 0.5827 - acc: 0.8774
370/600 [=================>............] - ETA: 0s - loss: 0.5721 - acc: 0.8865
430/600 [====================>.........] - ETA: 0s - loss: 0.5677 - acc: 0.8884
490/600 [=======================>......] - ETA: 0s - loss: 0.5626 - acc: 0.8980
550/600 [==========================>...] - ETA: 0s - loss: 0.5549 - acc: 0.9036
600/600 [==============================] - 1s 920us/step - loss: 0.5473 - acc: 0.9117 - val_loss: 0.5509 - val_acc: 0.7907
Current time ....0.552
Train on 1200 samples, validate on 68 samples
Epoch 1/1

  10/1200 [..............................] - ETA: 1s - loss: 1.2550 - acc: 0.5000
  70/1200 [>.............................] - ETA: 0s - loss: 1.2003 - acc: 0.5429
 130/1200 [==>...........................] - ETA: 0s - loss: 1.1770 - acc: 0.5923
 190/1200 [===>..........................] - ETA: 0s - loss: 1.1584 - acc: 0.5947
 250/1200 [=====>........................] - ETA: 0s - loss: 1.1565 - acc: 0.6200
 310/1200 [======>.......................] - ETA: 0s - loss: 1.1512 - acc: 0.6258
 370/1200 [========>.....................] - ETA: 0s - loss: 1.1367 - acc: 0.6297
 430/1200 [=========>....................] - ETA: 0s - loss: 1.1329 - acc: 0.6233
 490/1200 [===========>..................] - ETA: 0s - loss: 1.1268 - acc: 0.6245
 550/1200 [============>.................] - ETA: 0s - loss: 1.1178 - acc: 0.6182
 610/1200 [==============>...............] - ETA: 0s - loss: 1.1139 - acc: 0.6295
 670/1200 [===============>..............] - ETA: 0s - loss: 1.1084 - acc: 0.6269
 730/1200 [=================>............] - ETA: 0s - loss: 1.1024 - acc: 0.6288
 790/1200 [==================>...........] - ETA: 0s - loss: 1.1014 - acc: 0.6253
 850/1200 [====================>.........] - ETA: 0s - loss: 1.0900 - acc: 0.6318
 910/1200 [=====================>........] - ETA: 0s - loss: 1.0815 - acc: 0.6396
 970/1200 [=======================>......] - ETA: 0s - loss: 1.0747 - acc: 0.6423
1030/1200 [========================>.....] - ETA: 0s - loss: 1.0667 - acc: 0.6427
1090/1200 [==========================>...] - ETA: 0s - loss: 1.0598 - acc: 0.6422
1150/1200 [===========================>..] - ETA: 0s - loss: 1.0524 - acc: 0.6435
1200/1200 [==============================] - 1s 902us/step - loss: 1.0473 - acc: 0.6425 - val_loss: 1.2144 - val_acc: 0.3971
Current time ....1.083
Train on 3900 samples, validate on 99 samples
Epoch 1/1

  10/3900 [..............................] - ETA: 3s - loss: 2.4478 - acc: 0.6000
  70/3900 [..............................] - ETA: 3s - loss: 2.4568 - acc: 0.5000
 130/3900 [>.............................] - ETA: 3s - loss: 2.4635 - acc: 0.4769
 190/3900 [>.............................] - ETA: 3s - loss: 2.4622 - acc: 0.4737
 250/3900 [>.............................] - ETA: 3s - loss: 2.4619 - acc: 0.4800
 310/3900 [=>............................] - ETA: 3s - loss: 2.4604 - acc: 0.4806
 370/3900 [=>............................] - ETA: 3s - loss: 2.4604 - acc: 0.4784
 430/3900 [==>...........................] - ETA: 3s - loss: 2.4599 - acc: 0.4698
 490/3900 [==>...........................] - ETA: 3s - loss: 2.4596 - acc: 0.4776
 550/3900 [===>..........................] - ETA: 3s - loss: 2.4580 - acc: 0.4800
 610/3900 [===>..........................] - ETA: 2s - loss: 2.4570 - acc: 0.4787
 670/3900 [====>.........................] - ETA: 2s - loss: 2.4564 - acc: 0.4761
 730/3900 [====>.........................] - ETA: 2s - loss: 2.4542 - acc: 0.4740
 790/3900 [=====>........................] - ETA: 2s - loss: 2.4533 - acc: 0.4684
 850/3900 [=====>........................] - ETA: 2s - loss: 2.4524 - acc: 0.4624
 910/3900 [======>.......................] - ETA: 2s - loss: 2.4509 - acc: 0.4538
 970/3900 [======>.......................] - ETA: 2s - loss: 2.4504 - acc: 0.4443
1030/3900 [======>.......................] - ETA: 2s - loss: 2.4496 - acc: 0.4476
1090/3900 [=======>......................] - ETA: 2s - loss: 2.4485 - acc: 0.4431
1150/3900 [=======>......................] - ETA: 2s - loss: 2.4478 - acc: 0.4417
1210/3900 [========>.....................] - ETA: 2s - loss: 2.4466 - acc: 0.4421
1270/3900 [========>.....................] - ETA: 2s - loss: 2.4457 - acc: 0.4378
1330/3900 [=========>....................] - ETA: 2s - loss: 2.4453 - acc: 0.4316
1390/3900 [=========>....................] - ETA: 2s - loss: 2.4446 - acc: 0.4273
1450/3900 [==========>...................] - ETA: 2s - loss: 2.4425 - acc: 0.4297
1510/3900 [==========>...................] - ETA: 2s - loss: 2.4414 - acc: 0.4338
1570/3900 [===========>..................] - ETA: 2s - loss: 2.4400 - acc: 0.4331
1630/3900 [===========>..................] - ETA: 2s - loss: 2.4387 - acc: 0.4307
1690/3900 [============>.................] - ETA: 1s - loss: 2.4370 - acc: 0.4320
1750/3900 [============>.................] - ETA: 1s - loss: 2.4356 - acc: 0.4280
1810/3900 [============>.................] - ETA: 1s - loss: 2.4342 - acc: 0.4254
1870/3900 [=============>................] - ETA: 1s - loss: 2.4325 - acc: 0.4198
1930/3900 [=============>................] - ETA: 1s - loss: 2.4315 - acc: 0.4192
1990/3900 [==============>...............] - ETA: 1s - loss: 2.4300 - acc: 0.4196
2050/3900 [==============>...............] - ETA: 1s - loss: 2.4287 - acc: 0.4171
2110/3900 [===============>..............] - ETA: 1s - loss: 2.4275 - acc: 0.4175
2170/3900 [===============>..............] - ETA: 1s - loss: 2.4264 - acc: 0.4194
2230/3900 [================>.............] - ETA: 1s - loss: 2.4252 - acc: 0.4179
2290/3900 [================>.............] - ETA: 1s - loss: 2.4240 - acc: 0.4179
2350/3900 [=================>............] - ETA: 1s - loss: 2.4223 - acc: 0.4196
2410/3900 [=================>............] - ETA: 1s - loss: 2.4206 - acc: 0.4191
2470/3900 [==================>...........] - ETA: 1s - loss: 2.4187 - acc: 0.4206
2530/3900 [==================>...........] - ETA: 1s - loss: 2.4172 - acc: 0.4217
2590/3900 [==================>...........] - ETA: 1s - loss: 2.4153 - acc: 0.4224
2650/3900 [===================>..........] - ETA: 1s - loss: 2.4134 - acc: 0.4238
2710/3900 [===================>..........] - ETA: 1s - loss: 2.4115 - acc: 0.4262
2770/3900 [====================>.........] - ETA: 1s - loss: 2.4099 - acc: 0.4264
2830/3900 [====================>.........] - ETA: 0s - loss: 2.4084 - acc: 0.4258
2890/3900 [=====================>........] - ETA: 0s - loss: 2.4067 - acc: 0.4266
2950/3900 [=====================>........] - ETA: 0s - loss: 2.4053 - acc: 0.4275
3010/3900 [======================>.......] - ETA: 0s - loss: 2.4035 - acc: 0.4309
3070/3900 [======================>.......] - ETA: 0s - loss: 2.4014 - acc: 0.4316
3130/3900 [=======================>......] - ETA: 0s - loss: 2.3999 - acc: 0.4319
3190/3900 [=======================>......] - ETA: 0s - loss: 2.3972 - acc: 0.4348
3250/3900 [========================>.....] - ETA: 0s - loss: 2.3955 - acc: 0.4345
3310/3900 [========================>.....] - ETA: 0s - loss: 2.3933 - acc: 0.4356
3370/3900 [========================>.....] - ETA: 0s - loss: 2.3909 - acc: 0.4377
3430/3900 [=========================>....] - ETA: 0s - loss: 2.3883 - acc: 0.4405
3490/3900 [=========================>....] - ETA: 0s - loss: 2.3859 - acc: 0.4424
3550/3900 [==========================>...] - ETA: 0s - loss: 2.3838 - acc: 0.4414
3610/3900 [==========================>...] - ETA: 0s - loss: 2.3818 - acc: 0.4407
3670/3900 [===========================>..] - ETA: 0s - loss: 2.3793 - acc: 0.4417
3730/3900 [===========================>..] - ETA: 0s - loss: 2.3768 - acc: 0.4421
3790/3900 [============================>.] - ETA: 0s - loss: 2.3742 - acc: 0.4412
3850/3900 [============================>.] - ETA: 0s - loss: 2.3714 - acc: 0.4410
3900/3900 [==============================] - 4s 904us/step - loss: 2.3694 - acc: 0.4410 - val_loss: 2.2819 - val_acc: 0.2929
Current time ....3.524
Train on 600 samples, validate on 86 samples
Epoch 1/1

 10/600 [..............................] - ETA: 0s - loss: 0.5464 - acc: 0.8000
 70/600 [==>...........................] - ETA: 0s - loss: 0.4520 - acc: 0.9571
130/600 [=====>........................] - ETA: 0s - loss: 0.4622 - acc: 0.9462
190/600 [========>.....................] - ETA: 0s - loss: 0.4585 - acc: 0.9526
250/600 [===========>..................] - ETA: 0s - loss: 0.4384 - acc: 0.9600
310/600 [==============>...............] - ETA: 0s - loss: 0.4320 - acc: 0.9613
370/600 [=================>............] - ETA: 0s - loss: 0.4296 - acc: 0.9622
430/600 [====================>.........] - ETA: 0s - loss: 0.4204 - acc: 0.9651
490/600 [=======================>......] - ETA: 0s - loss: 0.4096 - acc: 0.9694
550/600 [==========================>...] - ETA: 0s - loss: 0.4024 - acc: 0.9727
600/600 [==============================] - 1s 919us/step - loss: 0.3963 - acc: 0.9750 - val_loss: 0.4288 - val_acc: 0.8953
Current time ....0.552
Train on 1200 samples, validate on 68 samples
Epoch 1/1

  10/1200 [..............................] - ETA: 1s - loss: 0.7515 - acc: 0.8000
  70/1200 [>.............................] - ETA: 0s - loss: 0.8864 - acc: 0.6714
 130/1200 [==>...........................] - ETA: 0s - loss: 0.9017 - acc: 0.6769
 190/1200 [===>..........................] - ETA: 0s - loss: 0.8742 - acc: 0.7053
 250/1200 [=====>........................] - ETA: 0s - loss: 0.8922 - acc: 0.6840
 310/1200 [======>.......................] - ETA: 0s - loss: 0.8802 - acc: 0.7032
 370/1200 [========>.....................] - ETA: 0s - loss: 0.8597 - acc: 0.7216
 430/1200 [=========>....................] - ETA: 0s - loss: 0.8622 - acc: 0.7140
 490/1200 [===========>..................] - ETA: 0s - loss: 0.8567 - acc: 0.7224
 550/1200 [============>.................] - ETA: 0s - loss: 0.8595 - acc: 0.7145
 610/1200 [==============>...............] - ETA: 0s - loss: 0.8568 - acc: 0.7115
 670/1200 [===============>..............] - ETA: 0s - loss: 0.8520 - acc: 0.7164
 730/1200 [=================>............] - ETA: 0s - loss: 0.8446 - acc: 0.7192
 790/1200 [==================>...........] - ETA: 0s - loss: 0.8358 - acc: 0.7203
 850/1200 [====================>.........] - ETA: 0s - loss: 0.8333 - acc: 0.7141
 910/1200 [=====================>........] - ETA: 0s - loss: 0.8318 - acc: 0.7154
 970/1200 [=======================>......] - ETA: 0s - loss: 0.8208 - acc: 0.7186
1030/1200 [========================>.....] - ETA: 0s - loss: 0.8176 - acc: 0.7184
1090/1200 [==========================>...] - ETA: 0s - loss: 0.8142 - acc: 0.7229
1150/1200 [===========================>..] - ETA: 0s - loss: 0.8085 - acc: 0.7243
1200/1200 [==============================] - 1s 899us/step - loss: 0.8083 - acc: 0.7242 - val_loss: 1.1121 - val_acc: 0.5000
Current time ....1.079
Train on 3900 samples, validate on 99 samples
Epoch 1/1

  10/3900 [..............................] - ETA: 3s - loss: 2.2110 - acc: 0.4000
  70/3900 [..............................] - ETA: 3s - loss: 2.2230 - acc: 0.4143
 130/3900 [>.............................] - ETA: 3s - loss: 2.2069 - acc: 0.4462
 190/3900 [>.............................] - ETA: 3s - loss: 2.2043 - acc: 0.4368
 250/3900 [>.............................] - ETA: 3s - loss: 2.2038 - acc: 0.4120
 310/3900 [=>............................] - ETA: 3s - loss: 2.2043 - acc: 0.4129
 370/3900 [=>............................] - ETA: 3s - loss: 2.1996 - acc: 0.4108
 430/3900 [==>...........................] - ETA: 3s - loss: 2.1963 - acc: 0.4070
 490/3900 [==>...........................] - ETA: 3s - loss: 2.1940 - acc: 0.4184
 550/3900 [===>..........................] - ETA: 3s - loss: 2.1892 - acc: 0.4291
 610/3900 [===>..........................] - ETA: 2s - loss: 2.1829 - acc: 0.4295
 670/3900 [====>.........................] - ETA: 2s - loss: 2.1803 - acc: 0.4254
 730/3900 [====>.........................] - ETA: 2s - loss: 2.1747 - acc: 0.4301
 790/3900 [=====>........................] - ETA: 2s - loss: 2.1694 - acc: 0.4342
 850/3900 [=====>........................] - ETA: 2s - loss: 2.1653 - acc: 0.4365
 910/3900 [======>.......................] - ETA: 2s - loss: 2.1614 - acc: 0.4385
 970/3900 [======>.......................] - ETA: 2s - loss: 2.1561 - acc: 0.4371
1030/3900 [======>.......................] - ETA: 2s - loss: 2.1514 - acc: 0.4359
1090/3900 [=======>......................] - ETA: 2s - loss: 2.1486 - acc: 0.4266
1150/3900 [=======>......................] - ETA: 2s - loss: 2.1449 - acc: 0.4270
1210/3900 [========>.....................] - ETA: 2s - loss: 2.1390 - acc: 0.4281
1270/3900 [========>.....................] - ETA: 2s - loss: 2.1342 - acc: 0.4276
1330/3900 [=========>....................] - ETA: 2s - loss: 2.1284 - acc: 0.4271
1390/3900 [=========>....................] - ETA: 2s - loss: 2.1236 - acc: 0.4281
1450/3900 [==========>...................] - ETA: 2s - loss: 2.1216 - acc: 0.4234
1510/3900 [==========>...................] - ETA: 2s - loss: 2.1195 - acc: 0.4179
1570/3900 [===========>..................] - ETA: 2s - loss: 2.1155 - acc: 0.4153
1630/3900 [===========>..................] - ETA: 2s - loss: 2.1127 - acc: 0.4117
1690/3900 [============>.................] - ETA: 1s - loss: 2.1092 - acc: 0.4095
1750/3900 [============>.................] - ETA: 1s - loss: 2.1056 - acc: 0.4080
1810/3900 [============>.................] - ETA: 1s - loss: 2.1016 - acc: 0.4099
1870/3900 [=============>................] - ETA: 1s - loss: 2.0972 - acc: 0.4091
1930/3900 [=============>................] - ETA: 1s - loss: 2.0936 - acc: 0.4062
1990/3900 [==============>...............] - ETA: 1s - loss: 2.0904 - acc: 0.4040
2050/3900 [==============>...............] - ETA: 1s - loss: 2.0877 - acc: 0.4020
2110/3900 [===============>..............] - ETA: 1s - loss: 2.0833 - acc: 0.4057
2170/3900 [===============>..............] - ETA: 1s - loss: 2.0803 - acc: 0.4055
2230/3900 [================>.............] - ETA: 1s - loss: 2.0776 - acc: 0.4072
2290/3900 [================>.............] - ETA: 1s - loss: 2.0741 - acc: 0.4066
2350/3900 [=================>............] - ETA: 1s - loss: 2.0713 - acc: 0.4047
2410/3900 [=================>............] - ETA: 1s - loss: 2.0667 - acc: 0.4050
2470/3900 [==================>...........] - ETA: 1s - loss: 2.0637 - acc: 0.4053
2530/3900 [==================>...........] - ETA: 1s - loss: 2.0596 - acc: 0.4071
2590/3900 [==================>...........] - ETA: 1s - loss: 2.0565 - acc: 0.4077
2650/3900 [===================>..........] - ETA: 1s - loss: 2.0537 - acc: 0.4068
2710/3900 [===================>..........] - ETA: 1s - loss: 2.0495 - acc: 0.4066
2770/3900 [====================>.........] - ETA: 1s - loss: 2.0447 - acc: 0.4065
2830/3900 [====================>.........] - ETA: 0s - loss: 2.0425 - acc: 0.4042
2890/3900 [=====================>........] - ETA: 0s - loss: 2.0390 - acc: 0.4045
2950/3900 [=====================>........] - ETA: 0s - loss: 2.0369 - acc: 0.4068
3010/3900 [======================>.......] - ETA: 0s - loss: 2.0341 - acc: 0.4070
3070/3900 [======================>.......] - ETA: 0s - loss: 2.0319 - acc: 0.4081
3130/3900 [=======================>......] - ETA: 0s - loss: 2.0298 - acc: 0.4061
3190/3900 [=======================>......] - ETA: 0s - loss: 2.0274 - acc: 0.4069
3250/3900 [========================>.....] - ETA: 0s - loss: 2.0249 - acc: 0.4083
3310/3900 [========================>.....] - ETA: 0s - loss: 2.0226 - acc: 0.4088
3370/3900 [========================>.....] - ETA: 0s - loss: 2.0200 - acc: 0.4116
3430/3900 [=========================>....] - ETA: 0s - loss: 2.0184 - acc: 0.4149
3490/3900 [=========================>....] - ETA: 0s - loss: 2.0158 - acc: 0.4166
3550/3900 [==========================>...] - ETA: 0s - loss: 2.0123 - acc: 0.4169
3610/3900 [==========================>...] - ETA: 0s - loss: 2.0105 - acc: 0.4152
3670/3900 [===========================>..] - ETA: 0s - loss: 2.0081 - acc: 0.4169
3730/3900 [===========================>..] - ETA: 0s - loss: 2.0059 - acc: 0.4177
3790/3900 [============================>.] - ETA: 0s - loss: 2.0039 - acc: 0.4185
3850/3900 [============================>.] - ETA: 0s - loss: 2.0018 - acc: 0.4192
3900/3900 [==============================] - 4s 902us/step - loss: 1.9997 - acc: 0.4182 - val_loss: 1.9760 - val_acc: 0.2121
Current time ....3.519
Train on 600 samples, validate on 86 samples
Epoch 1/1

 10/600 [..............................] - ETA: 0s - loss: 0.3331 - acc: 1.0000
 70/600 [==>...........................] - ETA: 0s - loss: 0.2943 - acc: 1.0000
130/600 [=====>........................] - ETA: 0s - loss: 0.2888 - acc: 0.9846
190/600 [========>.....................] - ETA: 0s - loss: 0.2757 - acc: 0.9842
250/600 [===========>..................] - ETA: 0s - loss: 0.2775 - acc: 0.9840
310/600 [==============>...............] - ETA: 0s - loss: 0.2757 - acc: 0.9871
370/600 [=================>............] - ETA: 0s - loss: 0.2709 - acc: 0.9865
430/600 [====================>.........] - ETA: 0s - loss: 0.2735 - acc: 0.9814
490/600 [=======================>......] - ETA: 0s - loss: 0.2629 - acc: 0.9837
550/600 [==========================>...] - ETA: 0s - loss: 0.2551 - acc: 0.9855
600/600 [==============================] - 1s 934us/step - loss: 0.2500 - acc: 0.9867 - val_loss: 0.3916 - val_acc: 0.9302
Current time ....0.561
Train on 1200 samples, validate on 68 samples
Epoch 1/1

  10/1200 [..............................] - ETA: 1s - loss: 0.4708 - acc: 0.9000
  70/1200 [>.............................] - ETA: 1s - loss: 0.6212 - acc: 0.8000
 130/1200 [==>...........................] - ETA: 0s - loss: 0.6299 - acc: 0.7923
 190/1200 [===>..........................] - ETA: 0s - loss: 0.6321 - acc: 0.8158
 250/1200 [=====>........................] - ETA: 0s - loss: 0.6312 - acc: 0.8240
 310/1200 [======>.......................] - ETA: 0s - loss: 0.6384 - acc: 0.8032
 370/1200 [========>.....................] - ETA: 0s - loss: 0.6428 - acc: 0.8027
 430/1200 [=========>....................] - ETA: 0s - loss: 0.6556 - acc: 0.8000
 490/1200 [===========>..................] - ETA: 0s - loss: 0.6510 - acc: 0.7959
 550/1200 [============>.................] - ETA: 0s - loss: 0.6444 - acc: 0.7945
 610/1200 [==============>...............] - ETA: 0s - loss: 0.6292 - acc: 0.8033
 670/1200 [===============>..............] - ETA: 0s - loss: 0.6284 - acc: 0.8060
 730/1200 [=================>............] - ETA: 0s - loss: 0.6304 - acc: 0.8055
 790/1200 [==================>...........] - ETA: 0s - loss: 0.6240 - acc: 0.8025
 850/1200 [====================>.........] - ETA: 0s - loss: 0.6244 - acc: 0.8024
 910/1200 [=====================>........] - ETA: 0s - loss: 0.6210 - acc: 0.8033
 970/1200 [=======================>......] - ETA: 0s - loss: 0.6123 - acc: 0.8103
1030/1200 [========================>.....] - ETA: 0s - loss: 0.6107 - acc: 0.8117
1090/1200 [==========================>...] - ETA: 0s - loss: 0.6054 - acc: 0.8147
1150/1200 [===========================>..] - ETA: 0s - loss: 0.6029 - acc: 0.8157
1200/1200 [==============================] - 1s 908us/step - loss: 0.6054 - acc: 0.8117 - val_loss: 0.8137 - val_acc: 0.6618
Current time ....1.090
Train on 3900 samples, validate on 99 samples
Epoch 1/1

  10/3900 [..............................] - ETA: 3s - loss: 1.8939 - acc: 0.4000
  70/3900 [..............................] - ETA: 3s - loss: 1.8092 - acc: 0.4714
 130/3900 [>.............................] - ETA: 3s - loss: 1.8319 - acc: 0.4769
 190/3900 [>.............................] - ETA: 3s - loss: 1.8445 - acc: 0.4316
 250/3900 [>.............................] - ETA: 3s - loss: 1.8232 - acc: 0.4360
 310/3900 [=>............................] - ETA: 3s - loss: 1.8167 - acc: 0.4323
 370/3900 [=>............................] - ETA: 3s - loss: 1.8273 - acc: 0.4108
 430/3900 [==>...........................] - ETA: 3s - loss: 1.8268 - acc: 0.4163
 490/3900 [==>...........................] - ETA: 3s - loss: 1.8266 - acc: 0.4041
 550/3900 [===>..........................] - ETA: 3s - loss: 1.8256 - acc: 0.4000
 610/3900 [===>..........................] - ETA: 2s - loss: 1.8177 - acc: 0.4197
 670/3900 [====>.........................] - ETA: 2s - loss: 1.8173 - acc: 0.4254
 730/3900 [====>.........................] - ETA: 2s - loss: 1.8130 - acc: 0.4342
 790/3900 [=====>........................] - ETA: 2s - loss: 1.8101 - acc: 0.4354
 850/3900 [=====>........................] - ETA: 2s - loss: 1.8077 - acc: 0.4424
 910/3900 [======>.......................] - ETA: 2s - loss: 1.8034 - acc: 0.4462
 970/3900 [======>.......................] - ETA: 2s - loss: 1.8028 - acc: 0.4371
1030/3900 [======>.......................] - ETA: 2s - loss: 1.8029 - acc: 0.4485
1090/3900 [=======>......................] - ETA: 2s - loss: 1.8011 - acc: 0.4477
1150/3900 [=======>......................] - ETA: 2s - loss: 1.8002 - acc: 0.4530
1210/3900 [========>.....................] - ETA: 2s - loss: 1.7973 - acc: 0.4537
1270/3900 [========>.....................] - ETA: 2s - loss: 1.7997 - acc: 0.4512
1330/3900 [=========>....................] - ETA: 2s - loss: 1.7958 - acc: 0.4534
1390/3900 [=========>....................] - ETA: 2s - loss: 1.7927 - acc: 0.4511
1450/3900 [==========>...................] - ETA: 2s - loss: 1.7918 - acc: 0.4552
1510/3900 [==========>...................] - ETA: 2s - loss: 1.7904 - acc: 0.4576
1570/3900 [===========>..................] - ETA: 2s - loss: 1.7873 - acc: 0.4605
1630/3900 [===========>..................] - ETA: 2s - loss: 1.7837 - acc: 0.4632
1690/3900 [============>.................] - ETA: 1s - loss: 1.7824 - acc: 0.4627
1750/3900 [============>.................] - ETA: 1s - loss: 1.7815 - acc: 0.4623
1810/3900 [============>.................] - ETA: 1s - loss: 1.7784 - acc: 0.4657
1870/3900 [=============>................] - ETA: 1s - loss: 1.7802 - acc: 0.4642
1930/3900 [=============>................] - ETA: 1s - loss: 1.7800 - acc: 0.4648
1990/3900 [==============>...............] - ETA: 1s - loss: 1.7777 - acc: 0.4668
2050/3900 [==============>...............] - ETA: 1s - loss: 1.7780 - acc: 0.4654
2110/3900 [===============>..............] - ETA: 1s - loss: 1.7788 - acc: 0.4616
2170/3900 [===============>..............] - ETA: 1s - loss: 1.7773 - acc: 0.4622
2230/3900 [================>.............] - ETA: 1s - loss: 1.7753 - acc: 0.4596
2290/3900 [================>.............] - ETA: 1s - loss: 1.7757 - acc: 0.4624
2350/3900 [=================>............] - ETA: 1s - loss: 1.7743 - acc: 0.4609
2410/3900 [=================>............] - ETA: 1s - loss: 1.7739 - acc: 0.4614
2470/3900 [==================>...........] - ETA: 1s - loss: 1.7736 - acc: 0.4591
2530/3900 [==================>...........] - ETA: 1s - loss: 1.7736 - acc: 0.4573
2590/3900 [==================>...........] - ETA: 1s - loss: 1.7731 - acc: 0.4587
2650/3900 [===================>..........] - ETA: 1s - loss: 1.7713 - acc: 0.4600
2710/3900 [===================>..........] - ETA: 1s - loss: 1.7700 - acc: 0.4601
2770/3900 [====================>.........] - ETA: 1s - loss: 1.7676 - acc: 0.4599
2830/3900 [====================>.........] - ETA: 0s - loss: 1.7668 - acc: 0.4629
2890/3900 [=====================>........] - ETA: 0s - loss: 1.7650 - acc: 0.4654
2950/3900 [=====================>........] - ETA: 0s - loss: 1.7631 - acc: 0.4668
3010/3900 [======================>.......] - ETA: 0s - loss: 1.7603 - acc: 0.4681
3070/3900 [======================>.......] - ETA: 0s - loss: 1.7583 - acc: 0.4664
3130/3900 [=======================>......] - ETA: 0s - loss: 1.7576 - acc: 0.4658
3190/3900 [=======================>......] - ETA: 0s - loss: 1.7586 - acc: 0.4646
3250/3900 [========================>.....] - ETA: 0s - loss: 1.7566 - acc: 0.4658
3310/3900 [========================>.....] - ETA: 0s - loss: 1.7547 - acc: 0.4671
3370/3900 [========================>.....] - ETA: 0s - loss: 1.7539 - acc: 0.4674
3430/3900 [=========================>....] - ETA: 0s - loss: 1.7534 - acc: 0.4691
3490/3900 [=========================>....] - ETA: 0s - loss: 1.7536 - acc: 0.4699
3550/3900 [==========================>...] - ETA: 0s - loss: 1.7513 - acc: 0.4724
3610/3900 [==========================>...] - ETA: 0s - loss: 1.7495 - acc: 0.4734
3670/3900 [===========================>..] - ETA: 0s - loss: 1.7481 - acc: 0.4736
3730/3900 [===========================>..] - ETA: 0s - loss: 1.7467 - acc: 0.4745
3790/3900 [============================>.] - ETA: 0s - loss: 1.7439 - acc: 0.4744
3850/3900 [============================>.] - ETA: 0s - loss: 1.7424 - acc: 0.4732
3900/3900 [==============================] - 4s 903us/step - loss: 1.7417 - acc: 0.4728 - val_loss: 1.8150 - val_acc: 0.4040
Current time ....3.521
Train on 600 samples, validate on 86 samples
Epoch 1/1

 10/600 [..............................] - ETA: 0s - loss: 0.2275 - acc: 1.0000
 70/600 [==>...........................] - ETA: 0s - loss: 0.1820 - acc: 1.0000
130/600 [=====>........................] - ETA: 0s - loss: 0.1658 - acc: 1.0000
190/600 [========>.....................] - ETA: 0s - loss: 0.1680 - acc: 0.9895
250/600 [===========>..................] - ETA: 0s - loss: 0.1623 - acc: 0.9920
310/600 [==============>...............] - ETA: 0s - loss: 0.1605 - acc: 0.9871
370/600 [=================>............] - ETA: 0s - loss: 0.1590 - acc: 0.9865
430/600 [====================>.........] - ETA: 0s - loss: 0.1627 - acc: 0.9860
490/600 [=======================>......] - ETA: 0s - loss: 0.1573 - acc: 0.9878
550/600 [==========================>...] - ETA: 0s - loss: 0.1571 - acc: 0.9873
600/600 [==============================] - 1s 932us/step - loss: 0.1567 - acc: 0.9883 - val_loss: 0.3881 - val_acc: 0.9302
Current time ....0.559
Train on 1200 samples, validate on 68 samples
Epoch 1/1

  10/1200 [..............................] - ETA: 1s - loss: 0.5389 - acc: 0.9000
  70/1200 [>.............................] - ETA: 1s - loss: 0.5219 - acc: 0.8286
 130/1200 [==>...........................] - ETA: 0s - loss: 0.5124 - acc: 0.8308
 190/1200 [===>..........................] - ETA: 0s - loss: 0.4871 - acc: 0.8579
 250/1200 [=====>........................] - ETA: 0s - loss: 0.4703 - acc: 0.8680
 310/1200 [======>.......................] - ETA: 0s - loss: 0.4706 - acc: 0.8710
 370/1200 [========>.....................] - ETA: 0s - loss: 0.4772 - acc: 0.8703
 430/1200 [=========>....................] - ETA: 0s - loss: 0.4750 - acc: 0.8744
 490/1200 [===========>..................] - ETA: 0s - loss: 0.4759 - acc: 0.8673
 550/1200 [============>.................] - ETA: 0s - loss: 0.4667 - acc: 0.8745
 610/1200 [==============>...............] - ETA: 0s - loss: 0.4730 - acc: 0.8705
 670/1200 [===============>..............] - ETA: 0s - loss: 0.4676 - acc: 0.8761
 730/1200 [=================>............] - ETA: 0s - loss: 0.4679 - acc: 0.8726
 790/1200 [==================>...........] - ETA: 0s - loss: 0.4651 - acc: 0.8722
 850/1200 [====================>.........] - ETA: 0s - loss: 0.4573 - acc: 0.8706
 910/1200 [=====================>........] - ETA: 0s - loss: 0.4534 - acc: 0.8714
 970/1200 [=======================>......] - ETA: 0s - loss: 0.4473 - acc: 0.8722
1030/1200 [========================>.....] - ETA: 0s - loss: 0.4435 - acc: 0.8728
1090/1200 [==========================>...] - ETA: 0s - loss: 0.4428 - acc: 0.8716
1150/1200 [===========================>..] - ETA: 0s - loss: 0.4417 - acc: 0.8722
1200/1200 [==============================] - 1s 902us/step - loss: 0.4393 - acc: 0.8733 - val_loss: 0.7739 - val_acc: 0.6912
Current time ....1.082
Train on 3900 samples, validate on 99 samples
Epoch 1/1

  10/3900 [..............................] - ETA: 3s - loss: 1.7005 - acc: 0.4000
  70/3900 [..............................] - ETA: 3s - loss: 1.6644 - acc: 0.4429
 130/3900 [>.............................] - ETA: 3s - loss: 1.6673 - acc: 0.4538
 190/3900 [>.............................] - ETA: 3s - loss: 1.6352 - acc: 0.5053
 250/3900 [>.............................] - ETA: 3s - loss: 1.6395 - acc: 0.4960
 310/3900 [=>............................] - ETA: 3s - loss: 1.6253 - acc: 0.5194
 370/3900 [=>............................] - ETA: 3s - loss: 1.6374 - acc: 0.5027
 430/3900 [==>...........................] - ETA: 3s - loss: 1.6345 - acc: 0.5186
 490/3900 [==>...........................] - ETA: 3s - loss: 1.6201 - acc: 0.5245
 550/3900 [===>..........................] - ETA: 2s - loss: 1.6241 - acc: 0.5109
 610/3900 [===>..........................] - ETA: 2s - loss: 1.6228 - acc: 0.5115
 670/3900 [====>.........................] - ETA: 2s - loss: 1.6305 - acc: 0.5030
 730/3900 [====>.........................] - ETA: 2s - loss: 1.6314 - acc: 0.5000
 790/3900 [=====>........................] - ETA: 2s - loss: 1.6344 - acc: 0.4949
 850/3900 [=====>........................] - ETA: 2s - loss: 1.6295 - acc: 0.4976
 910/3900 [======>.......................] - ETA: 2s - loss: 1.6294 - acc: 0.5033
 970/3900 [======>.......................] - ETA: 2s - loss: 1.6269 - acc: 0.5010
1030/3900 [======>.......................] - ETA: 2s - loss: 1.6281 - acc: 0.4942
1090/3900 [=======>......................] - ETA: 2s - loss: 1.6294 - acc: 0.4917
1150/3900 [=======>......................] - ETA: 2s - loss: 1.6318 - acc: 0.4904
1210/3900 [========>.....................] - ETA: 2s - loss: 1.6265 - acc: 0.4942
1270/3900 [========>.....................] - ETA: 2s - loss: 1.6262 - acc: 0.4906
1330/3900 [=========>....................] - ETA: 2s - loss: 1.6214 - acc: 0.4955
1390/3900 [=========>....................] - ETA: 2s - loss: 1.6180 - acc: 0.4978
1450/3900 [==========>...................] - ETA: 2s - loss: 1.6161 - acc: 0.4959
1510/3900 [==========>...................] - ETA: 2s - loss: 1.6142 - acc: 0.4974
1570/3900 [===========>..................] - ETA: 2s - loss: 1.6124 - acc: 0.4987
1630/3900 [===========>..................] - ETA: 2s - loss: 1.6090 - acc: 0.4951
1690/3900 [============>.................] - ETA: 1s - loss: 1.6052 - acc: 0.5000
1750/3900 [============>.................] - ETA: 1s - loss: 1.5998 - acc: 0.5046
1810/3900 [============>.................] - ETA: 1s - loss: 1.5965 - acc: 0.5061
1870/3900 [=============>................] - ETA: 1s - loss: 1.5936 - acc: 0.5080
1930/3900 [=============>................] - ETA: 1s - loss: 1.5927 - acc: 0.5067
1990/3900 [==============>...............] - ETA: 1s - loss: 1.5913 - acc: 0.5050
2050/3900 [==============>...............] - ETA: 1s - loss: 1.5892 - acc: 0.5059
2110/3900 [===============>..............] - ETA: 1s - loss: 1.5876 - acc: 0.5038
2170/3900 [===============>..............] - ETA: 1s - loss: 1.5875 - acc: 0.5037
2230/3900 [================>.............] - ETA: 1s - loss: 1.5840 - acc: 0.5072
2290/3900 [================>.............] - ETA: 1s - loss: 1.5851 - acc: 0.5057
2350/3900 [=================>............] - ETA: 1s - loss: 1.5837 - acc: 0.5064
2410/3900 [=================>............] - ETA: 1s - loss: 1.5815 - acc: 0.5075
2470/3900 [==================>...........] - ETA: 1s - loss: 1.5801 - acc: 0.5085
2530/3900 [==================>...........] - ETA: 1s - loss: 1.5767 - acc: 0.5115
2590/3900 [==================>...........] - ETA: 1s - loss: 1.5754 - acc: 0.5116
2650/3900 [===================>..........] - ETA: 1s - loss: 1.5755 - acc: 0.5094
2710/3900 [===================>..........] - ETA: 1s - loss: 1.5732 - acc: 0.5103
2770/3900 [====================>.........] - ETA: 1s - loss: 1.5727 - acc: 0.5087
2830/3900 [====================>.........] - ETA: 0s - loss: 1.5714 - acc: 0.5106
2890/3900 [=====================>........] - ETA: 0s - loss: 1.5684 - acc: 0.5135
2950/3900 [=====================>........] - ETA: 0s - loss: 1.5646 - acc: 0.5153
3010/3900 [======================>.......] - ETA: 0s - loss: 1.5634 - acc: 0.5159
3070/3900 [======================>.......] - ETA: 0s - loss: 1.5597 - acc: 0.5176
3130/3900 [=======================>......] - ETA: 0s - loss: 1.5553 - acc: 0.5195
3190/3900 [=======================>......] - ETA: 0s - loss: 1.5541 - acc: 0.5191
3250/3900 [========================>.....] - ETA: 0s - loss: 1.5503 - acc: 0.5200
3310/3900 [========================>.....] - ETA: 0s - loss: 1.5500 - acc: 0.5202
3370/3900 [========================>.....] - ETA: 0s - loss: 1.5488 - acc: 0.5205
3430/3900 [=========================>....] - ETA: 0s - loss: 1.5460 - acc: 0.5219
3490/3900 [=========================>....] - ETA: 0s - loss: 1.5453 - acc: 0.5226
3550/3900 [==========================>...] - ETA: 0s - loss: 1.5431 - acc: 0.5237
3610/3900 [==========================>...] - ETA: 0s - loss: 1.5423 - acc: 0.5247
3670/3900 [===========================>..] - ETA: 0s - loss: 1.5423 - acc: 0.5245
3730/3900 [===========================>..] - ETA: 0s - loss: 1.5397 - acc: 0.5263
3790/3900 [============================>.] - ETA: 0s - loss: 1.5384 - acc: 0.5266
3850/3900 [============================>.] - ETA: 0s - loss: 1.5361 - acc: 0.5265
3900/3900 [==============================] - 4s 899us/step - loss: 1.5347 - acc: 0.5269 - val_loss: 1.8374 - val_acc: 0.2121
Current time ....3.507
Train on 600 samples, validate on 86 samples
Epoch 1/1

 10/600 [..............................] - ETA: 0s - loss: 0.1084 - acc: 1.0000
 70/600 [==>...........................] - ETA: 0s - loss: 0.1081 - acc: 1.0000
130/600 [=====>........................] - ETA: 0s - loss: 0.1198 - acc: 0.9846
190/600 [========>.....................] - ETA: 0s - loss: 0.1174 - acc: 0.9895
250/600 [===========>..................] - ETA: 0s - loss: 0.1118 - acc: 0.9920
310/600 [==============>...............] - ETA: 0s - loss: 0.1079 - acc: 0.9935
370/600 [=================>............] - ETA: 0s - loss: 0.1101 - acc: 0.9919
430/600 [====================>.........] - ETA: 0s - loss: 0.1074 - acc: 0.9930
490/600 [=======================>......] - ETA: 0s - loss: 0.1062 - acc: 0.9939
550/600 [==========================>...] - ETA: 0s - loss: 0.1049 - acc: 0.9909
600/600 [==============================] - 1s 919us/step - loss: 0.1046 - acc: 0.9900 - val_loss: 0.4015 - val_acc: 0.9302
Current time ....0.552
Train on 1200 samples, validate on 68 samples
Epoch 1/1

  10/1200 [..............................] - ETA: 1s - loss: 0.2651 - acc: 1.0000
  70/1200 [>.............................] - ETA: 1s - loss: 0.3092 - acc: 0.9286
 130/1200 [==>...........................] - ETA: 0s - loss: 0.3378 - acc: 0.9231
 190/1200 [===>..........................] - ETA: 0s - loss: 0.3537 - acc: 0.9053
 250/1200 [=====>........................] - ETA: 0s - loss: 0.3708 - acc: 0.8880
 310/1200 [======>.......................] - ETA: 0s - loss: 0.3529 - acc: 0.9000
 370/1200 [========>.....................] - ETA: 0s - loss: 0.3402 - acc: 0.9108
 430/1200 [=========>....................] - ETA: 0s - loss: 0.3353 - acc: 0.9116
 490/1200 [===========>..................] - ETA: 0s - loss: 0.3357 - acc: 0.9082
 550/1200 [============>.................] - ETA: 0s - loss: 0.3401 - acc: 0.9091
 610/1200 [==============>...............] - ETA: 0s - loss: 0.3315 - acc: 0.9164
 670/1200 [===============>..............] - ETA: 0s - loss: 0.3385 - acc: 0.9090
 730/1200 [=================>............] - ETA: 0s - loss: 0.3356 - acc: 0.9110
 790/1200 [==================>...........] - ETA: 0s - loss: 0.3267 - acc: 0.9165
 850/1200 [====================>.........] - ETA: 0s - loss: 0.3270 - acc: 0.9176
 910/1200 [=====================>........] - ETA: 0s - loss: 0.3220 - acc: 0.9176
 970/1200 [=======================>......] - ETA: 0s - loss: 0.3196 - acc: 0.9186
1030/1200 [========================>.....] - ETA: 0s - loss: 0.3175 - acc: 0.9184
1090/1200 [==========================>...] - ETA: 0s - loss: 0.3202 - acc: 0.9165
1150/1200 [===========================>..] - ETA: 0s - loss: 0.3192 - acc: 0.9148
1200/1200 [==============================] - 1s 906us/step - loss: 0.3182 - acc: 0.9150 - val_loss: 0.8371 - val_acc: 0.6912
Current time ....1.087
Train on 3900 samples, validate on 99 samples
Epoch 1/1

  10/3900 [..............................] - ETA: 3s - loss: 1.3701 - acc: 0.5000
  70/3900 [..............................] - ETA: 3s - loss: 1.4702 - acc: 0.5286
 130/3900 [>.............................] - ETA: 3s - loss: 1.4802 - acc: 0.5231
 190/3900 [>.............................] - ETA: 3s - loss: 1.4657 - acc: 0.5421
 250/3900 [>.............................] - ETA: 3s - loss: 1.4720 - acc: 0.5560
 310/3900 [=>............................] - ETA: 3s - loss: 1.4752 - acc: 0.5581
 370/3900 [=>............................] - ETA: 3s - loss: 1.4713 - acc: 0.5541
 430/3900 [==>...........................] - ETA: 3s - loss: 1.4652 - acc: 0.5442
 490/3900 [==>...........................] - ETA: 3s - loss: 1.4564 - acc: 0.5510
 550/3900 [===>..........................] - ETA: 2s - loss: 1.4570 - acc: 0.5473
 610/3900 [===>..........................] - ETA: 2s - loss: 1.4514 - acc: 0.5574
 670/3900 [====>.........................] - ETA: 2s - loss: 1.4446 - acc: 0.5657
 730/3900 [====>.........................] - ETA: 2s - loss: 1.4303 - acc: 0.5712
 790/3900 [=====>........................] - ETA: 2s - loss: 1.4323 - acc: 0.5734
 850/3900 [=====>........................] - ETA: 2s - loss: 1.4240 - acc: 0.5741
 910/3900 [======>.......................] - ETA: 2s - loss: 1.4134 - acc: 0.5813
 970/3900 [======>.......................] - ETA: 2s - loss: 1.4027 - acc: 0.5825
1030/3900 [======>.......................] - ETA: 2s - loss: 1.3991 - acc: 0.5835
1090/3900 [=======>......................] - ETA: 2s - loss: 1.3898 - acc: 0.5890
1150/3900 [=======>......................] - ETA: 2s - loss: 1.3900 - acc: 0.5887
1210/3900 [========>.....................] - ETA: 2s - loss: 1.3921 - acc: 0.5868
1270/3900 [========>.....................] - ETA: 2s - loss: 1.3891 - acc: 0.5906
1330/3900 [=========>....................] - ETA: 2s - loss: 1.3822 - acc: 0.5955
1390/3900 [=========>....................] - ETA: 2s - loss: 1.3788 - acc: 0.5964
1450/3900 [==========>...................] - ETA: 2s - loss: 1.3744 - acc: 0.5966
1510/3900 [==========>...................] - ETA: 2s - loss: 1.3729 - acc: 0.5934
1570/3900 [===========>..................] - ETA: 2s - loss: 1.3724 - acc: 0.5898
1630/3900 [===========>..................] - ETA: 2s - loss: 1.3732 - acc: 0.5926
1690/3900 [============>.................] - ETA: 1s - loss: 1.3693 - acc: 0.5959
1750/3900 [============>.................] - ETA: 1s - loss: 1.3682 - acc: 0.5954
1810/3900 [============>.................] - ETA: 1s - loss: 1.3676 - acc: 0.5956
1870/3900 [=============>................] - ETA: 1s - loss: 1.3672 - acc: 0.5925
1930/3900 [=============>................] - ETA: 1s - loss: 1.3640 - acc: 0.5927
1990/3900 [==============>...............] - ETA: 1s - loss: 1.3632 - acc: 0.5910
2050/3900 [==============>...............] - ETA: 1s - loss: 1.3613 - acc: 0.5922
2110/3900 [===============>..............] - ETA: 1s - loss: 1.3578 - acc: 0.5934
2170/3900 [===============>..............] - ETA: 1s - loss: 1.3540 - acc: 0.5945
2230/3900 [================>.............] - ETA: 1s - loss: 1.3528 - acc: 0.5942
2290/3900 [================>.............] - ETA: 1s - loss: 1.3563 - acc: 0.5930
2350/3900 [=================>............] - ETA: 1s - loss: 1.3539 - acc: 0.5945
2410/3900 [=================>............] - ETA: 1s - loss: 1.3509 - acc: 0.5954
2470/3900 [==================>...........] - ETA: 1s - loss: 1.3506 - acc: 0.5943
2530/3900 [==================>...........] - ETA: 1s - loss: 1.3495 - acc: 0.5949
2590/3900 [==================>...........] - ETA: 1s - loss: 1.3461 - acc: 0.5946
2650/3900 [===================>..........] - ETA: 1s - loss: 1.3450 - acc: 0.5947
2710/3900 [===================>..........] - ETA: 1s - loss: 1.3431 - acc: 0.5937
2770/3900 [====================>.........] - ETA: 1s - loss: 1.3395 - acc: 0.5960
2830/3900 [====================>.........] - ETA: 0s - loss: 1.3368 - acc: 0.5968
2890/3900 [=====================>........] - ETA: 0s - loss: 1.3361 - acc: 0.5972
2950/3900 [=====================>........] - ETA: 0s - loss: 1.3341 - acc: 0.5983
3010/3900 [======================>.......] - ETA: 0s - loss: 1.3280 - acc: 0.6003
3070/3900 [======================>.......] - ETA: 0s - loss: 1.3277 - acc: 0.6000
3130/3900 [=======================>......] - ETA: 0s - loss: 1.3226 - acc: 0.6013
3190/3900 [=======================>......] - ETA: 0s - loss: 1.3210 - acc: 0.6022
3250/3900 [========================>.....] - ETA: 0s - loss: 1.3194 - acc: 0.6012
3310/3900 [========================>.....] - ETA: 0s - loss: 1.3150 - acc: 0.6036
3370/3900 [========================>.....] - ETA: 0s - loss: 1.3145 - acc: 0.6042
3430/3900 [=========================>....] - ETA: 0s - loss: 1.3125 - acc: 0.6038
3490/3900 [=========================>....] - ETA: 0s - loss: 1.3105 - acc: 0.6049
3550/3900 [==========================>...] - ETA: 0s - loss: 1.3083 - acc: 0.6051
3610/3900 [==========================>...] - ETA: 0s - loss: 1.3055 - acc: 0.6066
3670/3900 [===========================>..] - ETA: 0s - loss: 1.3044 - acc: 0.6074
3730/3900 [===========================>..] - ETA: 0s - loss: 1.3029 - acc: 0.6078
3790/3900 [============================>.] - ETA: 0s - loss: 1.3006 - acc: 0.6090
3850/3900 [============================>.] - ETA: 0s - loss: 1.2987 - acc: 0.6096
3900/3900 [==============================] - 3s 895us/step - loss: 1.2992 - acc: 0.6082 - val_loss: 1.4976 - val_acc: 0.5354
Current time ....3.490
Train on 600 samples, validate on 86 samples
Epoch 1/1

 10/600 [..............................] - ETA: 0s - loss: 0.0516 - acc: 1.0000
 70/600 [==>...........................] - ETA: 0s - loss: 0.0849 - acc: 1.0000
130/600 [=====>........................] - ETA: 0s - loss: 0.0912 - acc: 1.0000
190/600 [========>.....................] - ETA: 0s - loss: 0.0892 - acc: 1.0000
250/600 [===========>..................] - ETA: 0s - loss: 0.0850 - acc: 1.0000
310/600 [==============>...............] - ETA: 0s - loss: 0.0798 - acc: 1.0000
370/600 [=================>............] - ETA: 0s - loss: 0.0765 - acc: 1.0000
430/600 [====================>.........] - ETA: 0s - loss: 0.0760 - acc: 0.9977
490/600 [=======================>......] - ETA: 0s - loss: 0.0748 - acc: 0.9980
550/600 [==========================>...] - ETA: 0s - loss: 0.0744 - acc: 0.9964
600/600 [==============================] - 1s 926us/step - loss: 0.0725 - acc: 0.9967 - val_loss: 0.4734 - val_acc: 0.9070
Current time ....0.556
Train on 1200 samples, validate on 68 samples
Epoch 1/1

  10/1200 [..............................] - ETA: 1s - loss: 0.4280 - acc: 0.8000
  70/1200 [>.............................] - ETA: 0s - loss: 0.3507 - acc: 0.8429
 130/1200 [==>...........................] - ETA: 0s - loss: 0.2511 - acc: 0.9077
 190/1200 [===>..........................] - ETA: 0s - loss: 0.2778 - acc: 0.9105
 250/1200 [=====>........................] - ETA: 0s - loss: 0.3352 - acc: 0.8960
 310/1200 [======>.......................] - ETA: 0s - loss: 0.3211 - acc: 0.9065
 370/1200 [========>.....................] - ETA: 0s - loss: 0.3253 - acc: 0.9000
 430/1200 [=========>....................] - ETA: 0s - loss: 0.3139 - acc: 0.9023
 490/1200 [===========>..................] - ETA: 0s - loss: 0.3023 - acc: 0.9143
 550/1200 [============>.................] - ETA: 0s - loss: 0.2933 - acc: 0.9236
 610/1200 [==============>...............] - ETA: 0s - loss: 0.2879 - acc: 0.9262
 670/1200 [===============>..............] - ETA: 0s - loss: 0.2752 - acc: 0.9328
 730/1200 [=================>............] - ETA: 0s - loss: 0.2723 - acc: 0.9315
 790/1200 [==================>...........] - ETA: 0s - loss: 0.2688 - acc: 0.9329
 850/1200 [====================>.........] - ETA: 0s - loss: 0.2663 - acc: 0.9341
 910/1200 [=====================>........] - ETA: 0s - loss: 0.2630 - acc: 0.9352
 970/1200 [=======================>......] - ETA: 0s - loss: 0.2602 - acc: 0.9371
1030/1200 [========================>.....] - ETA: 0s - loss: 0.2553 - acc: 0.9379
1090/1200 [==========================>...] - ETA: 0s - loss: 0.2495 - acc: 0.9413
1150/1200 [===========================>..] - ETA: 0s - loss: 0.2472 - acc: 0.9426
1200/1200 [==============================] - 1s 901us/step - loss: 0.2442 - acc: 0.9442 - val_loss: 0.6702 - val_acc: 0.7206
Current time ....1.081
Train on 3900 samples, validate on 99 samples
Epoch 1/1

  10/3900 [..............................] - ETA: 3s - loss: 0.9632 - acc: 0.6000
  70/3900 [..............................] - ETA: 3s - loss: 1.1366 - acc: 0.5571
 130/3900 [>.............................] - ETA: 3s - loss: 1.1389 - acc: 0.6154
 190/3900 [>.............................] - ETA: 3s - loss: 1.1694 - acc: 0.6105
 250/3900 [>.............................] - ETA: 3s - loss: 1.1737 - acc: 0.6280
 310/3900 [=>............................] - ETA: 3s - loss: 1.1750 - acc: 0.6194
 370/3900 [=>............................] - ETA: 3s - loss: 1.1636 - acc: 0.6216
 430/3900 [==>...........................] - ETA: 3s - loss: 1.1496 - acc: 0.6279
 490/3900 [==>...........................] - ETA: 3s - loss: 1.1484 - acc: 0.6367
 550/3900 [===>..........................] - ETA: 3s - loss: 1.1583 - acc: 0.6345
 610/3900 [===>..........................] - ETA: 2s - loss: 1.1551 - acc: 0.6393
 670/3900 [====>.........................] - ETA: 2s - loss: 1.1488 - acc: 0.6448
 730/3900 [====>.........................] - ETA: 2s - loss: 1.1496 - acc: 0.6479
 790/3900 [=====>........................] - ETA: 2s - loss: 1.1556 - acc: 0.6481
 850/3900 [=====>........................] - ETA: 2s - loss: 1.1420 - acc: 0.6518
 910/3900 [======>.......................] - ETA: 2s - loss: 1.1370 - acc: 0.6549
 970/3900 [======>.......................] - ETA: 2s - loss: 1.1268 - acc: 0.6598
1030/3900 [======>.......................] - ETA: 2s - loss: 1.1301 - acc: 0.6544
1090/3900 [=======>......................] - ETA: 2s - loss: 1.1259 - acc: 0.6523
1150/3900 [=======>......................] - ETA: 2s - loss: 1.1187 - acc: 0.6565
1210/3900 [========>.....................] - ETA: 2s - loss: 1.1271 - acc: 0.6504
1270/3900 [========>.....................] - ETA: 2s - loss: 1.1333 - acc: 0.6449
1330/3900 [=========>....................] - ETA: 2s - loss: 1.1287 - acc: 0.6481
1390/3900 [=========>....................] - ETA: 2s - loss: 1.1225 - acc: 0.6532
1450/3900 [==========>...................] - ETA: 2s - loss: 1.1133 - acc: 0.6552
1510/3900 [==========>...................] - ETA: 2s - loss: 1.1178 - acc: 0.6550
1570/3900 [===========>..................] - ETA: 2s - loss: 1.1141 - acc: 0.6573
1630/3900 [===========>..................] - ETA: 2s - loss: 1.1091 - acc: 0.6577
1690/3900 [============>.................] - ETA: 1s - loss: 1.1036 - acc: 0.6592
1750/3900 [============>.................] - ETA: 1s - loss: 1.1065 - acc: 0.6589
1810/3900 [============>.................] - ETA: 1s - loss: 1.1076 - acc: 0.6580
1870/3900 [=============>................] - ETA: 1s - loss: 1.1053 - acc: 0.6588
1930/3900 [=============>................] - ETA: 1s - loss: 1.1021 - acc: 0.6601
1990/3900 [==============>...............] - ETA: 1s - loss: 1.0992 - acc: 0.6618
2050/3900 [==============>...............] - ETA: 1s - loss: 1.0987 - acc: 0.6634
2110/3900 [===============>..............] - ETA: 1s - loss: 1.0952 - acc: 0.6654
2170/3900 [===============>..............] - ETA: 1s - loss: 1.0965 - acc: 0.6641
2220/3900 [================>.............] - ETA: 1s - loss: 1.0946 - acc: 0.6653
2280/3900 [================>.............] - ETA: 1s - loss: 1.0910 - acc: 0.6671
2340/3900 [=================>............] - ETA: 1s - loss: 1.0944 - acc: 0.6654
2400/3900 [=================>............] - ETA: 1s - loss: 1.0950 - acc: 0.6629
2460/3900 [=================>............] - ETA: 1s - loss: 1.0938 - acc: 0.6634
2520/3900 [==================>...........] - ETA: 1s - loss: 1.0893 - acc: 0.6647
2580/3900 [==================>...........] - ETA: 1s - loss: 1.0881 - acc: 0.6636
2640/3900 [===================>..........] - ETA: 1s - loss: 1.0906 - acc: 0.6621
2700/3900 [===================>..........] - ETA: 1s - loss: 1.0844 - acc: 0.6648
2760/3900 [====================>.........] - ETA: 1s - loss: 1.0875 - acc: 0.6630
2820/3900 [====================>.........] - ETA: 0s - loss: 1.0857 - acc: 0.6656
2880/3900 [=====================>........] - ETA: 0s - loss: 1.0848 - acc: 0.6639
2940/3900 [=====================>........] - ETA: 0s - loss: 1.0829 - acc: 0.6650
3000/3900 [======================>.......] - ETA: 0s - loss: 1.0811 - acc: 0.6653
3060/3900 [======================>.......] - ETA: 0s - loss: 1.0814 - acc: 0.6657
3120/3900 [=======================>......] - ETA: 0s - loss: 1.0806 - acc: 0.6660
3180/3900 [=======================>......] - ETA: 0s - loss: 1.0793 - acc: 0.6664
3240/3900 [=======================>......] - ETA: 0s - loss: 1.0759 - acc: 0.6676
3300/3900 [========================>.....] - ETA: 0s - loss: 1.0730 - acc: 0.6700
3360/3900 [========================>.....] - ETA: 0s - loss: 1.0705 - acc: 0.6705
3420/3900 [=========================>....] - ETA: 0s - loss: 1.0700 - acc: 0.6711
3480/3900 [=========================>....] - ETA: 0s - loss: 1.0669 - acc: 0.6724
3540/3900 [==========================>...] - ETA: 0s - loss: 1.0647 - acc: 0.6740
3600/3900 [==========================>...] - ETA: 0s - loss: 1.0633 - acc: 0.6739
3660/3900 [===========================>..] - ETA: 0s - loss: 1.0612 - acc: 0.6738
3720/3900 [===========================>..] - ETA: 0s - loss: 1.0587 - acc: 0.6758
3780/3900 [============================>.] - ETA: 0s - loss: 1.0576 - acc: 0.6757
3840/3900 [============================>.] - ETA: 0s - loss: 1.0555 - acc: 0.6755
3900/3900 [==============================] - 4s 905us/step - loss: 1.0547 - acc: 0.6764 - val_loss: 1.7290 - val_acc: 0.3939
Current time ....3.530
Train on 600 samples, validate on 86 samples
Epoch 1/1

 10/600 [..............................] - ETA: 0s - loss: 0.0527 - acc: 1.0000
 70/600 [==>...........................] - ETA: 0s - loss: 0.0492 - acc: 1.0000
130/600 [=====>........................] - ETA: 0s - loss: 0.0542 - acc: 0.9923
190/600 [========>.....................] - ETA: 0s - loss: 0.0586 - acc: 0.9947
250/600 [===========>..................] - ETA: 0s - loss: 0.0567 - acc: 0.9960
310/600 [==============>...............] - ETA: 0s - loss: 0.0559 - acc: 0.9968
370/600 [=================>............] - ETA: 0s - loss: 0.0598 - acc: 0.9919
430/600 [====================>.........] - ETA: 0s - loss: 0.0575 - acc: 0.9930
490/600 [=======================>......] - ETA: 0s - loss: 0.0552 - acc: 0.9939
550/600 [==========================>...] - ETA: 0s - loss: 0.0550 - acc: 0.9945
600/600 [==============================] - 1s 923us/step - loss: 0.0539 - acc: 0.9950 - val_loss: 0.4631 - val_acc: 0.9186
Current time ....0.554
Train on 1200 samples, validate on 68 samples
Epoch 1/1

  10/1200 [..............................] - ETA: 1s - loss: 0.1872 - acc: 0.9000
  70/1200 [>.............................] - ETA: 1s - loss: 0.1884 - acc: 0.9571
 130/1200 [==>...........................] - ETA: 0s - loss: 0.1826 - acc: 0.9692
 190/1200 [===>..........................] - ETA: 0s - loss: 0.1854 - acc: 0.9737
 250/1200 [=====>........................] - ETA: 0s - loss: 0.1838 - acc: 0.9760
 310/1200 [======>.......................] - ETA: 0s - loss: 0.1802 - acc: 0.9774
 370/1200 [========>.....................] - ETA: 0s - loss: 0.1737 - acc: 0.9811
 430/1200 [=========>....................] - ETA: 0s - loss: 0.1804 - acc: 0.9721
 490/1200 [===========>..................] - ETA: 0s - loss: 0.1785 - acc: 0.9714
 550/1200 [============>.................] - ETA: 0s - loss: 0.1799 - acc: 0.9691
 610/1200 [==============>...............] - ETA: 0s - loss: 0.1776 - acc: 0.9721
 670/1200 [===============>..............] - ETA: 0s - loss: 0.1765 - acc: 0.9731
 730/1200 [=================>............] - ETA: 0s - loss: 0.1741 - acc: 0.9740
 790/1200 [==================>...........] - ETA: 0s - loss: 0.1691 - acc: 0.9747
 850/1200 [====================>.........] - ETA: 0s - loss: 0.1750 - acc: 0.9694
 910/1200 [=====================>........] - ETA: 0s - loss: 0.1707 - acc: 0.9714
 970/1200 [=======================>......] - ETA: 0s - loss: 0.1722 - acc: 0.9722
1030/1200 [========================>.....] - ETA: 0s - loss: 0.1699 - acc: 0.9728
1090/1200 [==========================>...] - ETA: 0s - loss: 0.1651 - acc: 0.9743
1150/1200 [===========================>..] - ETA: 0s - loss: 0.1639 - acc: 0.9748
1200/1200 [==============================] - 1s 906us/step - loss: 0.1650 - acc: 0.9725 - val_loss: 0.6793 - val_acc: 0.7206
Current time ....1.088
Train on 3900 samples, validate on 99 samples
Epoch 1/1

  10/3900 [..............................] - ETA: 3s - loss: 1.2334 - acc: 0.6000
  70/3900 [..............................] - ETA: 3s - loss: 0.9477 - acc: 0.7143
 130/3900 [>.............................] - ETA: 3s - loss: 0.9195 - acc: 0.7462
 190/3900 [>.............................] - ETA: 3s - loss: 0.9087 - acc: 0.7474
 250/3900 [>.............................] - ETA: 3s - loss: 0.9414 - acc: 0.7120
 310/3900 [=>............................] - ETA: 3s - loss: 0.9054 - acc: 0.7290
 370/3900 [=>............................] - ETA: 3s - loss: 0.8864 - acc: 0.7351
 430/3900 [==>...........................] - ETA: 3s - loss: 0.8851 - acc: 0.7372
 490/3900 [==>...........................] - ETA: 3s - loss: 0.9009 - acc: 0.7347
 550/3900 [===>..........................] - ETA: 2s - loss: 0.9131 - acc: 0.7309
 610/3900 [===>..........................] - ETA: 2s - loss: 0.9144 - acc: 0.7246
 670/3900 [====>.........................] - ETA: 2s - loss: 0.9204 - acc: 0.7284
 730/3900 [====>.........................] - ETA: 2s - loss: 0.9226 - acc: 0.7233
 790/3900 [=====>........................] - ETA: 2s - loss: 0.9246 - acc: 0.7190
 850/3900 [=====>........................] - ETA: 2s - loss: 0.9231 - acc: 0.7153
 910/3900 [======>.......................] - ETA: 2s - loss: 0.9197 - acc: 0.7176
 970/3900 [======>.......................] - ETA: 2s - loss: 0.9298 - acc: 0.7124
1030/3900 [======>.......................] - ETA: 2s - loss: 0.9346 - acc: 0.7068
1090/3900 [=======>......................] - ETA: 2s - loss: 0.9342 - acc: 0.7037
1150/3900 [=======>......................] - ETA: 2s - loss: 0.9254 - acc: 0.7070
1210/3900 [========>.....................] - ETA: 2s - loss: 0.9299 - acc: 0.7058
1270/3900 [========>.....................] - ETA: 2s - loss: 0.9252 - acc: 0.7071
1330/3900 [=========>....................] - ETA: 2s - loss: 0.9206 - acc: 0.7068
1390/3900 [=========>....................] - ETA: 2s - loss: 0.9192 - acc: 0.7065
1450/3900 [==========>...................] - ETA: 2s - loss: 0.9241 - acc: 0.7034
1510/3900 [==========>...................] - ETA: 2s - loss: 0.9201 - acc: 0.7046
1570/3900 [===========>..................] - ETA: 2s - loss: 0.9174 - acc: 0.7064
1630/3900 [===========>..................] - ETA: 2s - loss: 0.9128 - acc: 0.7092
1690/3900 [============>.................] - ETA: 1s - loss: 0.9034 - acc: 0.7124
1750/3900 [============>.................] - ETA: 1s - loss: 0.8979 - acc: 0.7143
1810/3900 [============>.................] - ETA: 1s - loss: 0.8986 - acc: 0.7133
1870/3900 [=============>................] - ETA: 1s - loss: 0.8959 - acc: 0.7160
1930/3900 [=============>................] - ETA: 1s - loss: 0.8957 - acc: 0.7166
1990/3900 [==============>...............] - ETA: 1s - loss: 0.8933 - acc: 0.7181
2050/3900 [==============>...............] - ETA: 1s - loss: 0.8886 - acc: 0.7205
2110/3900 [===============>..............] - ETA: 1s - loss: 0.8875 - acc: 0.7194
2170/3900 [===============>..............] - ETA: 1s - loss: 0.8853 - acc: 0.7198
2230/3900 [================>.............] - ETA: 1s - loss: 0.8835 - acc: 0.7215
2290/3900 [================>.............] - ETA: 1s - loss: 0.8859 - acc: 0.7197
2350/3900 [=================>............] - ETA: 1s - loss: 0.8834 - acc: 0.7209
2410/3900 [=================>............] - ETA: 1s - loss: 0.8845 - acc: 0.7195
2470/3900 [==================>...........] - ETA: 1s - loss: 0.8808 - acc: 0.7202
2530/3900 [==================>...........] - ETA: 1s - loss: 0.8788 - acc: 0.7209
2590/3900 [==================>...........] - ETA: 1s - loss: 0.8781 - acc: 0.7205
2640/3900 [===================>..........] - ETA: 1s - loss: 0.8771 - acc: 0.7208
2700/3900 [===================>..........] - ETA: 1s - loss: 0.8749 - acc: 0.7211
2760/3900 [====================>.........] - ETA: 1s - loss: 0.8707 - acc: 0.7228
2820/3900 [====================>.........] - ETA: 0s - loss: 0.8679 - acc: 0.7234
2880/3900 [=====================>........] - ETA: 0s - loss: 0.8720 - acc: 0.7212
2940/3900 [=====================>........] - ETA: 0s - loss: 0.8715 - acc: 0.7211
3000/3900 [======================>.......] - ETA: 0s - loss: 0.8693 - acc: 0.7210
3060/3900 [======================>.......] - ETA: 0s - loss: 0.8687 - acc: 0.7209
3120/3900 [=======================>......] - ETA: 0s - loss: 0.8686 - acc: 0.7189
3180/3900 [=======================>......] - ETA: 0s - loss: 0.8660 - acc: 0.7201
3240/3900 [=======================>......] - ETA: 0s - loss: 0.8663 - acc: 0.7198
3300/3900 [========================>.....] - ETA: 0s - loss: 0.8641 - acc: 0.7203
3360/3900 [========================>.....] - ETA: 0s - loss: 0.8621 - acc: 0.7214
3420/3900 [=========================>....] - ETA: 0s - loss: 0.8599 - acc: 0.7222
3480/3900 [=========================>....] - ETA: 0s - loss: 0.8564 - acc: 0.7233
3540/3900 [==========================>...] - ETA: 0s - loss: 0.8555 - acc: 0.7240
3600/3900 [==========================>...] - ETA: 0s - loss: 0.8546 - acc: 0.7244
3660/3900 [===========================>..] - ETA: 0s - loss: 0.8545 - acc: 0.7240
3720/3900 [===========================>..] - ETA: 0s - loss: 0.8531 - acc: 0.7239
3780/3900 [============================>.] - ETA: 0s - loss: 0.8516 - acc: 0.7235
3840/3900 [============================>.] - ETA: 0s - loss: 0.8500 - acc: 0.7242
3900/3900 [==============================] - 4s 903us/step - loss: 0.8495 - acc: 0.7244 - val_loss: 1.5870 - val_acc: 0.4242
Current time ....3.523
Train on 600 samples, validate on 86 samples
Epoch 1/1

 10/600 [..............................] - ETA: 0s - loss: 0.0403 - acc: 1.0000
 70/600 [==>...........................] - ETA: 0s - loss: 0.0422 - acc: 1.0000
130/600 [=====>........................] - ETA: 0s - loss: 0.0478 - acc: 0.9923
190/600 [========>.....................] - ETA: 0s - loss: 0.0465 - acc: 0.9895
250/600 [===========>..................] - ETA: 0s - loss: 0.0451 - acc: 0.9920
310/600 [==============>...............] - ETA: 0s - loss: 0.0419 - acc: 0.9935
370/600 [=================>............] - ETA: 0s - loss: 0.0412 - acc: 0.9946
430/600 [====================>.........] - ETA: 0s - loss: 0.0413 - acc: 0.9953
490/600 [=======================>......] - ETA: 0s - loss: 0.0409 - acc: 0.9939
550/600 [==========================>...] - ETA: 0s - loss: 0.0421 - acc: 0.9945
600/600 [==============================] - 1s 922us/step - loss: 0.0420 - acc: 0.9950 - val_loss: 0.5015 - val_acc: 0.9186
Current time ....0.553
Train on 1200 samples, validate on 68 samples
Epoch 1/1

  10/1200 [..............................] - ETA: 1s - loss: 0.1267 - acc: 1.0000
  70/1200 [>.............................] - ETA: 1s - loss: 0.1211 - acc: 0.9857
 130/1200 [==>...........................] - ETA: 1s - loss: 0.1258 - acc: 0.9846
 190/1200 [===>..........................] - ETA: 0s - loss: 0.1362 - acc: 0.9842
 250/1200 [=====>........................] - ETA: 0s - loss: 0.1353 - acc: 0.9800
 310/1200 [======>.......................] - ETA: 0s - loss: 0.1288 - acc: 0.9839
 370/1200 [========>.....................] - ETA: 0s - loss: 0.1329 - acc: 0.9811
 430/1200 [=========>....................] - ETA: 0s - loss: 0.1307 - acc: 0.9814
 490/1200 [===========>..................] - ETA: 0s - loss: 0.1248 - acc: 0.9837
 550/1200 [============>.................] - ETA: 0s - loss: 0.1235 - acc: 0.9855
 610/1200 [==============>...............] - ETA: 0s - loss: 0.1202 - acc: 0.9869
 670/1200 [===============>..............] - ETA: 0s - loss: 0.1239 - acc: 0.9836
 730/1200 [=================>............] - ETA: 0s - loss: 0.1247 - acc: 0.9822
 790/1200 [==================>...........] - ETA: 0s - loss: 0.1288 - acc: 0.9797
 850/1200 [====================>.........] - ETA: 0s - loss: 0.1272 - acc: 0.9800
 910/1200 [=====================>........] - ETA: 0s - loss: 0.1250 - acc: 0.9791
 970/1200 [=======================>......] - ETA: 0s - loss: 0.1237 - acc: 0.9804
1030/1200 [========================>.....] - ETA: 0s - loss: 0.1224 - acc: 0.9806
1090/1200 [==========================>...] - ETA: 0s - loss: 0.1250 - acc: 0.9780
1150/1200 [===========================>..] - ETA: 0s - loss: 0.1243 - acc: 0.9783
1200/1200 [==============================] - 1s 912us/step - loss: 0.1230 - acc: 0.9792 - val_loss: 0.8308 - val_acc: 0.6618
Current time ....1.095
Train on 3900 samples, validate on 99 samples
Epoch 1/1

  10/3900 [..............................] - ETA: 3s - loss: 0.5940 - acc: 0.8000
  70/3900 [..............................] - ETA: 3s - loss: 0.8410 - acc: 0.7000
 130/3900 [>.............................] - ETA: 3s - loss: 0.8453 - acc: 0.7231
 190/3900 [>.............................] - ETA: 3s - loss: 0.8036 - acc: 0.7526
 250/3900 [>.............................] - ETA: 3s - loss: 0.7740 - acc: 0.7480
 310/3900 [=>............................] - ETA: 3s - loss: 0.7511 - acc: 0.7484
 370/3900 [=>............................] - ETA: 3s - loss: 0.7494 - acc: 0.7432
 430/3900 [==>...........................] - ETA: 3s - loss: 0.7553 - acc: 0.7442
 490/3900 [==>...........................] - ETA: 3s - loss: 0.7489 - acc: 0.7510
 550/3900 [===>..........................] - ETA: 2s - loss: 0.7403 - acc: 0.7527
 610/3900 [===>..........................] - ETA: 2s - loss: 0.7429 - acc: 0.7525
 670/3900 [====>.........................] - ETA: 2s - loss: 0.7313 - acc: 0.7567
 730/3900 [====>.........................] - ETA: 2s - loss: 0.7337 - acc: 0.7575
 790/3900 [=====>........................] - ETA: 2s - loss: 0.7299 - acc: 0.7608
 850/3900 [=====>........................] - ETA: 2s - loss: 0.7343 - acc: 0.7588
 910/3900 [======>.......................] - ETA: 2s - loss: 0.7342 - acc: 0.7571
 970/3900 [======>.......................] - ETA: 2s - loss: 0.7287 - acc: 0.7557
1030/3900 [======>.......................] - ETA: 2s - loss: 0.7296 - acc: 0.7544
1090/3900 [=======>......................] - ETA: 2s - loss: 0.7311 - acc: 0.7550
1150/3900 [=======>......................] - ETA: 2s - loss: 0.7244 - acc: 0.7574
1210/3900 [========>.....................] - ETA: 2s - loss: 0.7272 - acc: 0.7570
1270/3900 [========>.....................] - ETA: 2s - loss: 0.7274 - acc: 0.7567
1330/3900 [=========>....................] - ETA: 2s - loss: 0.7245 - acc: 0.7586
1390/3900 [=========>....................] - ETA: 2s - loss: 0.7217 - acc: 0.7604
1450/3900 [==========>...................] - ETA: 2s - loss: 0.7261 - acc: 0.7579
1510/3900 [==========>...................] - ETA: 2s - loss: 0.7304 - acc: 0.7556
1570/3900 [===========>..................] - ETA: 2s - loss: 0.7305 - acc: 0.7541
1630/3900 [===========>..................] - ETA: 2s - loss: 0.7311 - acc: 0.7534
1690/3900 [============>.................] - ETA: 1s - loss: 0.7332 - acc: 0.7521
1750/3900 [============>.................] - ETA: 1s - loss: 0.7291 - acc: 0.7531
1810/3900 [============>.................] - ETA: 1s - loss: 0.7297 - acc: 0.7536
1870/3900 [=============>................] - ETA: 1s - loss: 0.7277 - acc: 0.7535
1930/3900 [=============>................] - ETA: 1s - loss: 0.7289 - acc: 0.7528
1990/3900 [==============>...............] - ETA: 1s - loss: 0.7293 - acc: 0.7518
2050/3900 [==============>...............] - ETA: 1s - loss: 0.7302 - acc: 0.7522
2110/3900 [===============>..............] - ETA: 1s - loss: 0.7311 - acc: 0.7521
2170/3900 [===============>..............] - ETA: 1s - loss: 0.7285 - acc: 0.7548
2230/3900 [================>.............] - ETA: 1s - loss: 0.7325 - acc: 0.7520
2290/3900 [================>.............] - ETA: 1s - loss: 0.7283 - acc: 0.7537
2350/3900 [=================>............] - ETA: 1s - loss: 0.7268 - acc: 0.7545
2410/3900 [=================>............] - ETA: 1s - loss: 0.7264 - acc: 0.7560
2470/3900 [==================>...........] - ETA: 1s - loss: 0.7267 - acc: 0.7559
2530/3900 [==================>...........] - ETA: 1s - loss: 0.7269 - acc: 0.7549
2590/3900 [==================>...........] - ETA: 1s - loss: 0.7244 - acc: 0.7560
2650/3900 [===================>..........] - ETA: 1s - loss: 0.7212 - acc: 0.7574
2710/3900 [===================>..........] - ETA: 1s - loss: 0.7165 - acc: 0.7587
2770/3900 [====================>.........] - ETA: 1s - loss: 0.7159 - acc: 0.7588
2830/3900 [====================>.........] - ETA: 0s - loss: 0.7138 - acc: 0.7597
2890/3900 [=====================>........] - ETA: 0s - loss: 0.7137 - acc: 0.7592
2950/3900 [=====================>........] - ETA: 0s - loss: 0.7144 - acc: 0.7590
3010/3900 [======================>.......] - ETA: 0s - loss: 0.7147 - acc: 0.7595
3070/3900 [======================>.......] - ETA: 0s - loss: 0.7139 - acc: 0.7599
3130/3900 [=======================>......] - ETA: 0s - loss: 0.7111 - acc: 0.7610
3190/3900 [=======================>......] - ETA: 0s - loss: 0.7116 - acc: 0.7602
3250/3900 [========================>.....] - ETA: 0s - loss: 0.7093 - acc: 0.7603
3310/3900 [========================>.....] - ETA: 0s - loss: 0.7087 - acc: 0.7613
3370/3900 [========================>.....] - ETA: 0s - loss: 0.7048 - acc: 0.7623
3430/3900 [=========================>....] - ETA: 0s - loss: 0.7043 - acc: 0.7624
3490/3900 [=========================>....] - ETA: 0s - loss: 0.7068 - acc: 0.7613
3550/3900 [==========================>...] - ETA: 0s - loss: 0.7047 - acc: 0.7628
3610/3900 [==========================>...] - ETA: 0s - loss: 0.7050 - acc: 0.7626
3670/3900 [===========================>..] - ETA: 0s - loss: 0.7047 - acc: 0.7624
3730/3900 [===========================>..] - ETA: 0s - loss: 0.7035 - acc: 0.7630
3790/3900 [============================>.] - ETA: 0s - loss: 0.7035 - acc: 0.7633
3850/3900 [============================>.] - ETA: 0s - loss: 0.7048 - acc: 0.7626
3900/3900 [==============================] - 4s 901us/step - loss: 0.7015 - acc: 0.7636 - val_loss: 1.5416 - val_acc: 0.5152
Current time ....3.513
Train on 600 samples, validate on 86 samples
Epoch 1/1

 10/600 [..............................] - ETA: 0s - loss: 0.0134 - acc: 1.0000
 70/600 [==>...........................] - ETA: 0s - loss: 0.0333 - acc: 1.0000
130/600 [=====>........................] - ETA: 0s - loss: 0.0382 - acc: 1.0000
190/600 [========>.....................] - ETA: 0s - loss: 0.0343 - acc: 1.0000
250/600 [===========>..................] - ETA: 0s - loss: 0.0369 - acc: 0.9920
310/600 [==============>...............] - ETA: 0s - loss: 0.0352 - acc: 0.9935
370/600 [=================>............] - ETA: 0s - loss: 0.0331 - acc: 0.9946
430/600 [====================>.........] - ETA: 0s - loss: 0.0346 - acc: 0.9953
490/600 [=======================>......] - ETA: 0s - loss: 0.0350 - acc: 0.9959
550/600 [==========================>...] - ETA: 0s - loss: 0.0329 - acc: 0.9964
600/600 [==============================] - 1s 927us/step - loss: 0.0338 - acc: 0.9967 - val_loss: 0.5040 - val_acc: 0.9302
Current time ....0.557
Train on 1200 samples, validate on 68 samples
Epoch 1/1

  10/1200 [..............................] - ETA: 1s - loss: 0.0536 - acc: 1.0000
  70/1200 [>.............................] - ETA: 1s - loss: 0.0964 - acc: 0.9857
 130/1200 [==>...........................] - ETA: 0s - loss: 0.1045 - acc: 0.9846
 190/1200 [===>..........................] - ETA: 0s - loss: 0.0981 - acc: 0.9895
 250/1200 [=====>........................] - ETA: 0s - loss: 0.0980 - acc: 0.9920
 310/1200 [======>.......................] - ETA: 0s - loss: 0.0878 - acc: 0.9935
 370/1200 [========>.....................] - ETA: 0s - loss: 0.0880 - acc: 0.9919
 430/1200 [=========>....................] - ETA: 0s - loss: 0.0891 - acc: 0.9907
 490/1200 [===========>..................] - ETA: 0s - loss: 0.0878 - acc: 0.9898
 550/1200 [============>.................] - ETA: 0s - loss: 0.0857 - acc: 0.9909
 610/1200 [==============>...............] - ETA: 0s - loss: 0.0854 - acc: 0.9918
 670/1200 [===============>..............] - ETA: 0s - loss: 0.0886 - acc: 0.9910
 730/1200 [=================>............] - ETA: 0s - loss: 0.0871 - acc: 0.9904
 790/1200 [==================>...........] - ETA: 0s - loss: 0.0875 - acc: 0.9911
 850/1200 [====================>.........] - ETA: 0s - loss: 0.0906 - acc: 0.9906
 910/1200 [=====================>........] - ETA: 0s - loss: 0.0885 - acc: 0.9912
 970/1200 [=======================>......] - ETA: 0s - loss: 0.0889 - acc: 0.9918
1030/1200 [========================>.....] - ETA: 0s - loss: 0.0880 - acc: 0.9922
1090/1200 [==========================>...] - ETA: 0s - loss: 0.0871 - acc: 0.9908
1150/1200 [===========================>..] - ETA: 0s - loss: 0.0854 - acc: 0.9913
1200/1200 [==============================] - 1s 907us/step - loss: 0.0861 - acc: 0.9908 - val_loss: 0.7391 - val_acc: 0.6912
Current time ....1.089

32/99 [========>.....................] - ETA: 0s
99/99 [==============================] - 0s 90us/step
In EVALUATE loss:  [1.5415822484276511, 0.51515151575358231]

32/86 [==========>...................] - ETA: 0s
86/86 [==============================] - 0s 78us/step
In EVALUATE loss:  [0.50398057283357134, 0.93023256507030749]

32/68 [=============>................] - ETA: 0s
68/68 [==============================] - 0s 95us/step
In EVALUATE loss:  [0.73914927945417519, 0.69117647058823528]
Task 1 : Primary site - Macro F1 score 0.273736752141
Task 1 : Primary site - Micro F1 score 0.515151515152
Task 2 : Tumor laterality - Macro F1 score 0.93023255814
Task 2 : Tumor laterality - Micro F1 score 0.93023255814
Task 3 : Histological grade - Macro F1 score 0.516465053763
Task 3 : Histological grade - Micro F1 score 0.691176470588
Average loss:  0.928237366905
