Importing candle utils for keras
Configuration file:  /gpfs/mira-home/apeck/Modified_Benchmarks/Pilot3/P3B1/p3b1_default_model.txt
{'activation': 'relu',
 'batch_size': 10,
 'data_url': 'ftp://ftp.mcs.anl.gov/pub/candle/public/benchmarks/P3B1/',
 'drop': 0.0,
 'epochs': 10,
 'feature_names': 'Primary site:Tumor laterality:Histological grade',
 'ind_nnet_spec': [[2400, 2400, 1200, 1200],
                   [2400, 2400, 1200, 1200],
                   [2400, 2400, 1200, 1200]],
 'initialization': 'glorot_uniform',
 'learning_rate': 0.01,
 'loss': 'categorical_crossentropy',
 'metrics': 'accuracy',
 'model_name': 'p3b1',
 'n_fold': 1,
 'optimizer': 'sgd',
 'out_activation': 'softmax',
 'output_dir': '.',
 'scaling': 'none',
 'shared_nnet_spec': [1200,
                      2400,
                      3600,
                      3600,
                      3600,
                      3600,
                      3600,
                      3600,
                      3600,
                      2400],
 'shuffle': True,
 'timeout': 1800,
 'train_data': 'P3B1_data.tar.gz'}
Params:
{'activation': 'relu',
 'batch_size': 10,
 'case': 'CenterZ',
 'data_url': 'ftp://ftp.mcs.anl.gov/pub/candle/public/benchmarks/P3B1/',
 'datatype': <class 'numpy.float32'>,
 'drop': 0.0,
 'epochs': 10,
 'experiment_id': 'EXP000',
 'feature_names': 'Primary site:Tumor laterality:Histological grade',
 'fig': False,
 'gpus': [],
 'ind_nnet_spec': [[2400, 2400, 1200, 1200],
                   [2400, 2400, 1200, 1200],
                   [2400, 2400, 1200, 1200]],
 'initialization': 'glorot_uniform',
 'learning_rate': 0.01,
 'logfile': None,
 'loss': 'categorical_crossentropy',
 'metrics': 'accuracy',
 'model_name': 'p3b1',
 'n_fold': 1,
 'optimizer': 'sgd',
 'out_activation': 'softmax',
 'output_dir': '/gpfs/mira-home/apeck/CANDLE_testing/avery_modified_results/p3_1',
 'output_files': 'result0_0.csv;result1_0.csv;result2_0.csv',
 'rng_seed': 7102,
 'run_id': 'RUN000',
 'scaling': 'none',
 'shared_nnet_spec': [1200,
                      2400,
                      3600,
                      3600,
                      3600,
                      3600,
                      3600,
                      3600,
                      3600,
                      2400],
 'shuffle': False,
 'timeout': 1800,
 'train_bool': True,
 'train_data': 'P3B1_data.tar.gz',
 'train_features': 'data/task0_0_train_feature.csv;data/task1_0_train_feature.csv;data/task2_0_train_feature.csv',
 'train_truths': 'data/task0_0_train_label.csv;data/task1_0_train_label.csv;data/task2_0_train_label.csv',
 'valid_features': 'data/task0_0_test_feature.csv;data/task1_0_test_feature.csv;data/task2_0_test_feature.csv',
 'valid_truths': 'data/task0_0_test_label.csv;data/task1_0_test_label.csv;data/task2_0_test_label.csv',
 'verbose': None}
Feature names:
Primary site
Tumor laterality
Histological grade
Model:  0
_________________________________________________________________
Layer (type)                 Output Shape              Param #   
=================================================================
input (InputLayer)           (None, 400)               0         
_________________________________________________________________
indiv_layer_0_0 (Dense)      (None, 2400)              962400    
_________________________________________________________________
indiv_layer_0_1 (Dense)      (None, 2400)              5762400   
_________________________________________________________________
indiv_layer_0_2 (Dense)      (None, 1200)              2881200   
_________________________________________________________________
indiv_layer_0_3 (Dense)      (None, 1200)              1441200   
_________________________________________________________________
out_0 (Dense)                (None, 13)                15613     
=================================================================
Total params: 11,062,813
Trainable params: 11,062,813
Non-trainable params: 0
_________________________________________________________________
Model:  1
_________________________________________________________________
Layer (type)                 Output Shape              Param #   
=================================================================
input (InputLayer)           (None, 400)               0         
_________________________________________________________________
indiv_layer_1_0 (Dense)      (None, 2400)              962400    
_________________________________________________________________
indiv_layer_1_1 (Dense)      (None, 2400)              5762400   
_________________________________________________________________
indiv_layer_1_2 (Dense)      (None, 1200)              2881200   
_________________________________________________________________
indiv_layer_1_3 (Dense)      (None, 1200)              1441200   
_________________________________________________________________
out_1 (Dense)                (None, 2)                 2402      
=================================================================
Total params: 11,049,602
Trainable params: 11,049,602
Non-trainable params: 0
_________________________________________________________________
Model:  2
_________________________________________________________________
Layer (type)                 Output Shape              Param #   
=================================================================
input (InputLayer)           (None, 400)               0         
_________________________________________________________________
indiv_layer_2_0 (Dense)      (None, 2400)              962400    
_________________________________________________________________
indiv_layer_2_1 (Dense)      (None, 2400)              5762400   
_________________________________________________________________
indiv_layer_2_2 (Dense)      (None, 1200)              2881200   
_________________________________________________________________
indiv_layer_2_3 (Dense)      (None, 1200)              1441200   
_________________________________________________________________
out_2 (Dense)                (None, 4)                 4804      
=================================================================
Total params: 11,052,004
Trainable params: 11,052,004
Non-trainable params: 0
_________________________________________________________________
Train on 3900 samples, validate on 99 samples
Epoch 1/1

  10/3900 [..............................] - ETA: 15:22 - loss: 2.5643 - acc: 0.2000
  50/3900 [..............................] - ETA: 3:06 - loss: 2.5666 - acc: 0.0800 
 100/3900 [..............................] - ETA: 1:34 - loss: 2.5660 - acc: 0.1000
 150/3900 [>.............................] - ETA: 1:03 - loss: 2.5651 - acc: 0.1000
 200/3900 [>.............................] - ETA: 48s - loss: 2.5652 - acc: 0.1050 
 250/3900 [>.............................] - ETA: 38s - loss: 2.5653 - acc: 0.1000
 300/3900 [=>............................] - ETA: 32s - loss: 2.5649 - acc: 0.1133
 350/3900 [=>............................] - ETA: 27s - loss: 2.5654 - acc: 0.1029
 400/3900 [==>...........................] - ETA: 24s - loss: 2.5656 - acc: 0.0975
 450/3900 [==>...........................] - ETA: 21s - loss: 2.5651 - acc: 0.1000
 510/3900 [==>...........................] - ETA: 19s - loss: 2.5649 - acc: 0.1078
 570/3900 [===>..........................] - ETA: 17s - loss: 2.5645 - acc: 0.1140
 630/3900 [===>..........................] - ETA: 15s - loss: 2.5640 - acc: 0.1190
 690/3900 [====>.........................] - ETA: 14s - loss: 2.5635 - acc: 0.1217
 750/3900 [====>.........................] - ETA: 13s - loss: 2.5632 - acc: 0.1173
 810/3900 [=====>........................] - ETA: 12s - loss: 2.5630 - acc: 0.1198
 870/3900 [=====>........................] - ETA: 11s - loss: 2.5626 - acc: 0.1230
 930/3900 [======>.......................] - ETA: 10s - loss: 2.5624 - acc: 0.1312
 990/3900 [======>.......................] - ETA: 9s - loss: 2.5622 - acc: 0.1354 
1050/3900 [=======>......................] - ETA: 9s - loss: 2.5621 - acc: 0.1362
1110/3900 [=======>......................] - ETA: 8s - loss: 2.5618 - acc: 0.1387
1170/3900 [========>.....................] - ETA: 8s - loss: 2.5617 - acc: 0.1385
1230/3900 [========>.....................] - ETA: 7s - loss: 2.5614 - acc: 0.1423
1290/3900 [========>.....................] - ETA: 7s - loss: 2.5615 - acc: 0.1411
1350/3900 [=========>....................] - ETA: 6s - loss: 2.5612 - acc: 0.1437
1410/3900 [=========>....................] - ETA: 6s - loss: 2.5609 - acc: 0.1504
1470/3900 [==========>...................] - ETA: 6s - loss: 2.5606 - acc: 0.1612
1530/3900 [==========>...................] - ETA: 5s - loss: 2.5604 - acc: 0.1614
1590/3900 [===========>..................] - ETA: 5s - loss: 2.5604 - acc: 0.1648
1650/3900 [===========>..................] - ETA: 5s - loss: 2.5600 - acc: 0.1709
1710/3900 [============>.................] - ETA: 5s - loss: 2.5600 - acc: 0.1713
1770/3900 [============>.................] - ETA: 4s - loss: 2.5597 - acc: 0.1723
1830/3900 [=============>................] - ETA: 4s - loss: 2.5595 - acc: 0.1732
1890/3900 [=============>................] - ETA: 4s - loss: 2.5592 - acc: 0.1730
1950/3900 [==============>...............] - ETA: 4s - loss: 2.5590 - acc: 0.1718
2010/3900 [==============>...............] - ETA: 4s - loss: 2.5586 - acc: 0.1731
2070/3900 [==============>...............] - ETA: 3s - loss: 2.5584 - acc: 0.1729
2130/3900 [===============>..............] - ETA: 3s - loss: 2.5583 - acc: 0.1732
2190/3900 [===============>..............] - ETA: 3s - loss: 2.5581 - acc: 0.1758
2250/3900 [================>.............] - ETA: 3s - loss: 2.5578 - acc: 0.1791
2310/3900 [================>.............] - ETA: 3s - loss: 2.5577 - acc: 0.1827
2370/3900 [=================>............] - ETA: 2s - loss: 2.5575 - acc: 0.1865
2430/3900 [=================>............] - ETA: 2s - loss: 2.5571 - acc: 0.1914
2490/3900 [==================>...........] - ETA: 2s - loss: 2.5569 - acc: 0.1936
2540/3900 [==================>...........] - ETA: 2s - loss: 2.5567 - acc: 0.1961
2600/3900 [===================>..........] - ETA: 2s - loss: 2.5565 - acc: 0.1988
2660/3900 [===================>..........] - ETA: 2s - loss: 2.5563 - acc: 0.2011
2720/3900 [===================>..........] - ETA: 2s - loss: 2.5560 - acc: 0.2055
2780/3900 [====================>.........] - ETA: 2s - loss: 2.5558 - acc: 0.2061
2840/3900 [====================>.........] - ETA: 1s - loss: 2.5556 - acc: 0.2077
2900/3900 [=====================>........] - ETA: 1s - loss: 2.5555 - acc: 0.2090
2960/3900 [=====================>........] - ETA: 1s - loss: 2.5552 - acc: 0.2105
3020/3900 [======================>.......] - ETA: 1s - loss: 2.5550 - acc: 0.2106
3080/3900 [======================>.......] - ETA: 1s - loss: 2.5548 - acc: 0.2127
3140/3900 [=======================>......] - ETA: 1s - loss: 2.5546 - acc: 0.2134
3200/3900 [=======================>......] - ETA: 1s - loss: 2.5544 - acc: 0.2144
3260/3900 [========================>.....] - ETA: 1s - loss: 2.5542 - acc: 0.2141
3320/3900 [========================>.....] - ETA: 0s - loss: 2.5540 - acc: 0.2130
3380/3900 [=========================>....] - ETA: 0s - loss: 2.5538 - acc: 0.2142
3440/3900 [=========================>....] - ETA: 0s - loss: 2.5536 - acc: 0.2166
3500/3900 [=========================>....] - ETA: 0s - loss: 2.5534 - acc: 0.2177
3560/3900 [==========================>...] - ETA: 0s - loss: 2.5532 - acc: 0.2199
3620/3900 [==========================>...] - ETA: 0s - loss: 2.5530 - acc: 0.2213
3680/3900 [===========================>..] - ETA: 0s - loss: 2.5528 - acc: 0.2245
3740/3900 [===========================>..] - ETA: 0s - loss: 2.5526 - acc: 0.2265
3800/3900 [============================>.] - ETA: 0s - loss: 2.5523 - acc: 0.2284
3860/3900 [============================>.] - ETA: 0s - loss: 2.5520 - acc: 0.2345
3900/3900 [==============================] - 6s 2ms/step - loss: 2.5519 - acc: 0.2369 - val_loss: 2.5435 - val_acc: 0.2727
Current time ....6.015
Train on 600 samples, validate on 86 samples
Epoch 1/1

 10/600 [..............................] - ETA: 17s - loss: 0.6981 - acc: 0.4000
 70/600 [==>...........................] - ETA: 2s - loss: 0.6888 - acc: 0.5286 
130/600 [=====>........................] - ETA: 1s - loss: 0.6822 - acc: 0.5308
190/600 [========>.....................] - ETA: 0s - loss: 0.6840 - acc: 0.5632
250/600 [===========>..................] - ETA: 0s - loss: 0.6827 - acc: 0.6040
310/600 [==============>...............] - ETA: 0s - loss: 0.6794 - acc: 0.6484
370/600 [=================>............] - ETA: 0s - loss: 0.6756 - acc: 0.6568
430/600 [====================>.........] - ETA: 0s - loss: 0.6718 - acc: 0.6860
490/600 [=======================>......] - ETA: 0s - loss: 0.6672 - acc: 0.7000
550/600 [==========================>...] - ETA: 0s - loss: 0.6635 - acc: 0.7200
600/600 [==============================] - 1s 1ms/step - loss: 0.6601 - acc: 0.7367 - val_loss: 0.6272 - val_acc: 0.8721
Current time ....0.854
Train on 1200 samples, validate on 68 samples
Epoch 1/1

  10/1200 [..............................] - ETA: 32s - loss: 1.3984 - acc: 0.1000
  70/1200 [>.............................] - ETA: 5s - loss: 1.3907 - acc: 0.2571 
 130/1200 [==>...........................] - ETA: 3s - loss: 1.3856 - acc: 0.2692
 190/1200 [===>..........................] - ETA: 2s - loss: 1.3797 - acc: 0.2684
 250/1200 [=====>........................] - ETA: 1s - loss: 1.3721 - acc: 0.3080
 310/1200 [======>.......................] - ETA: 1s - loss: 1.3648 - acc: 0.3161
 370/1200 [========>.....................] - ETA: 1s - loss: 1.3623 - acc: 0.3162
 430/1200 [=========>....................] - ETA: 1s - loss: 1.3555 - acc: 0.3256
 490/1200 [===========>..................] - ETA: 1s - loss: 1.3518 - acc: 0.3265
 550/1200 [============>.................] - ETA: 0s - loss: 1.3479 - acc: 0.3382
 610/1200 [==============>...............] - ETA: 0s - loss: 1.3466 - acc: 0.3443
 670/1200 [===============>..............] - ETA: 0s - loss: 1.3436 - acc: 0.3522
 730/1200 [=================>............] - ETA: 0s - loss: 1.3385 - acc: 0.3616
 790/1200 [==================>...........] - ETA: 0s - loss: 1.3335 - acc: 0.3823
 850/1200 [====================>.........] - ETA: 0s - loss: 1.3294 - acc: 0.3894
 910/1200 [=====================>........] - ETA: 0s - loss: 1.3261 - acc: 0.4011
 970/1200 [=======================>......] - ETA: 0s - loss: 1.3210 - acc: 0.4144
1030/1200 [========================>.....] - ETA: 0s - loss: 1.3156 - acc: 0.4214
1090/1200 [==========================>...] - ETA: 0s - loss: 1.3107 - acc: 0.4266
1150/1200 [===========================>..] - ETA: 0s - loss: 1.3080 - acc: 0.4304
1200/1200 [==============================] - 1s 1ms/step - loss: 1.3036 - acc: 0.4408 - val_loss: 1.2759 - val_acc: 0.2794
Current time ....1.357
Train on 3900 samples, validate on 99 samples
Epoch 1/1

  10/3900 [..............................] - ETA: 3s - loss: 2.5416 - acc: 0.4000
  70/3900 [..............................] - ETA: 3s - loss: 2.5318 - acc: 0.5286
 130/3900 [>.............................] - ETA: 3s - loss: 2.5312 - acc: 0.5231
 190/3900 [>.............................] - ETA: 3s - loss: 2.5320 - acc: 0.4895
 250/3900 [>.............................] - ETA: 3s - loss: 2.5305 - acc: 0.5000
 310/3900 [=>............................] - ETA: 3s - loss: 2.5312 - acc: 0.4774
 370/3900 [=>............................] - ETA: 3s - loss: 2.5316 - acc: 0.4432
 430/3900 [==>...........................] - ETA: 3s - loss: 2.5310 - acc: 0.4326
 490/3900 [==>...........................] - ETA: 3s - loss: 2.5297 - acc: 0.4388
 550/3900 [===>..........................] - ETA: 3s - loss: 2.5293 - acc: 0.4345
 610/3900 [===>..........................] - ETA: 2s - loss: 2.5294 - acc: 0.4197
 670/3900 [====>.........................] - ETA: 2s - loss: 2.5293 - acc: 0.4149
 730/3900 [====>.........................] - ETA: 2s - loss: 2.5284 - acc: 0.4247
 790/3900 [=====>........................] - ETA: 2s - loss: 2.5281 - acc: 0.4165
 850/3900 [=====>........................] - ETA: 2s - loss: 2.5276 - acc: 0.4165
 910/3900 [======>.......................] - ETA: 2s - loss: 2.5277 - acc: 0.4088
 970/3900 [======>.......................] - ETA: 2s - loss: 2.5280 - acc: 0.4031
1030/3900 [======>.......................] - ETA: 2s - loss: 2.5277 - acc: 0.4029
1090/3900 [=======>......................] - ETA: 2s - loss: 2.5274 - acc: 0.4037
1150/3900 [=======>......................] - ETA: 2s - loss: 2.5270 - acc: 0.4052
1210/3900 [========>.....................] - ETA: 2s - loss: 2.5267 - acc: 0.3992
1270/3900 [========>.....................] - ETA: 2s - loss: 2.5266 - acc: 0.3945
1330/3900 [=========>....................] - ETA: 2s - loss: 2.5261 - acc: 0.3932
1390/3900 [=========>....................] - ETA: 2s - loss: 2.5260 - acc: 0.3899
1450/3900 [==========>...................] - ETA: 2s - loss: 2.5257 - acc: 0.3848
1510/3900 [==========>...................] - ETA: 2s - loss: 2.5259 - acc: 0.3815
1570/3900 [===========>..................] - ETA: 2s - loss: 2.5253 - acc: 0.3834
1630/3900 [===========>..................] - ETA: 2s - loss: 2.5252 - acc: 0.3816
1690/3900 [============>.................] - ETA: 1s - loss: 2.5247 - acc: 0.3834
1750/3900 [============>.................] - ETA: 1s - loss: 2.5243 - acc: 0.3851
1810/3900 [============>.................] - ETA: 1s - loss: 2.5237 - acc: 0.3867
1870/3900 [=============>................] - ETA: 1s - loss: 2.5237 - acc: 0.3850
1930/3900 [=============>................] - ETA: 1s - loss: 2.5233 - acc: 0.3865
1990/3900 [==============>...............] - ETA: 1s - loss: 2.5229 - acc: 0.3889
2050/3900 [==============>...............] - ETA: 1s - loss: 2.5224 - acc: 0.3922
2110/3900 [===============>..............] - ETA: 1s - loss: 2.5219 - acc: 0.3953
2170/3900 [===============>..............] - ETA: 1s - loss: 2.5215 - acc: 0.3968
2230/3900 [================>.............] - ETA: 1s - loss: 2.5213 - acc: 0.3969
2290/3900 [================>.............] - ETA: 1s - loss: 2.5208 - acc: 0.3969
2350/3900 [=================>............] - ETA: 1s - loss: 2.5205 - acc: 0.3957
2410/3900 [=================>............] - ETA: 1s - loss: 2.5202 - acc: 0.3959
2470/3900 [==================>...........] - ETA: 1s - loss: 2.5197 - acc: 0.3964
2530/3900 [==================>...........] - ETA: 1s - loss: 2.5194 - acc: 0.3960
2590/3900 [==================>...........] - ETA: 1s - loss: 2.5191 - acc: 0.3946
2650/3900 [===================>..........] - ETA: 1s - loss: 2.5186 - acc: 0.3970
2710/3900 [===================>..........] - ETA: 1s - loss: 2.5181 - acc: 0.3978
2770/3900 [====================>.........] - ETA: 1s - loss: 2.5177 - acc: 0.3989
2830/3900 [====================>.........] - ETA: 0s - loss: 2.5173 - acc: 0.4007
2890/3900 [=====================>........] - ETA: 0s - loss: 2.5167 - acc: 0.4052
2950/3900 [=====================>........] - ETA: 0s - loss: 2.5162 - acc: 0.4085
3010/3900 [======================>.......] - ETA: 0s - loss: 2.5157 - acc: 0.4110
3070/3900 [======================>.......] - ETA: 0s - loss: 2.5152 - acc: 0.4124
3130/3900 [=======================>......] - ETA: 0s - loss: 2.5146 - acc: 0.4144
3190/3900 [=======================>......] - ETA: 0s - loss: 2.5140 - acc: 0.4154
3250/3900 [========================>.....] - ETA: 0s - loss: 2.5134 - acc: 0.4169
3310/3900 [========================>.....] - ETA: 0s - loss: 2.5127 - acc: 0.4178
3370/3900 [========================>.....] - ETA: 0s - loss: 2.5119 - acc: 0.4220
3430/3900 [=========================>....] - ETA: 0s - loss: 2.5114 - acc: 0.4219
3490/3900 [=========================>....] - ETA: 0s - loss: 2.5109 - acc: 0.4215
3550/3900 [==========================>...] - ETA: 0s - loss: 2.5103 - acc: 0.4208
3610/3900 [==========================>...] - ETA: 0s - loss: 2.5098 - acc: 0.4197
3670/3900 [===========================>..] - ETA: 0s - loss: 2.5091 - acc: 0.4210
3730/3900 [===========================>..] - ETA: 0s - loss: 2.5085 - acc: 0.4212
3790/3900 [============================>.] - ETA: 0s - loss: 2.5079 - acc: 0.4198
3850/3900 [============================>.] - ETA: 0s - loss: 2.5072 - acc: 0.4216
3900/3900 [==============================] - 4s 908us/step - loss: 2.5066 - acc: 0.4226 - val_loss: 2.4819 - val_acc: 0.3838
Current time ....3.540
Train on 600 samples, validate on 86 samples
Epoch 1/1

 10/600 [..............................] - ETA: 0s - loss: 0.6137 - acc: 1.0000
 70/600 [==>...........................] - ETA: 0s - loss: 0.5905 - acc: 0.9571
130/600 [=====>........................] - ETA: 0s - loss: 0.5885 - acc: 0.9308
190/600 [========>.....................] - ETA: 0s - loss: 0.5808 - acc: 0.8947
250/600 [===========>..................] - ETA: 0s - loss: 0.5816 - acc: 0.8800
310/600 [==============>...............] - ETA: 0s - loss: 0.5779 - acc: 0.8903
370/600 [=================>............] - ETA: 0s - loss: 0.5721 - acc: 0.9054
430/600 [====================>.........] - ETA: 0s - loss: 0.5670 - acc: 0.9140
490/600 [=======================>......] - ETA: 0s - loss: 0.5649 - acc: 0.9122
550/600 [==========================>...] - ETA: 0s - loss: 0.5595 - acc: 0.9145
600/600 [==============================] - 1s 925us/step - loss: 0.5531 - acc: 0.9217 - val_loss: 0.5370 - val_acc: 0.8605
Current time ....0.555
Train on 1200 samples, validate on 68 samples
Epoch 1/1

  10/1200 [..............................] - ETA: 1s - loss: 1.2466 - acc: 0.6000
  70/1200 [>.............................] - ETA: 1s - loss: 1.1807 - acc: 0.6000
 130/1200 [==>...........................] - ETA: 0s - loss: 1.1889 - acc: 0.6000
 190/1200 [===>..........................] - ETA: 0s - loss: 1.1953 - acc: 0.6000
 250/1200 [=====>........................] - ETA: 0s - loss: 1.1652 - acc: 0.6280
 310/1200 [======>.......................] - ETA: 0s - loss: 1.1586 - acc: 0.6194
 370/1200 [========>.....................] - ETA: 0s - loss: 1.1546 - acc: 0.6270
 430/1200 [=========>....................] - ETA: 0s - loss: 1.1510 - acc: 0.6186
 490/1200 [===========>..................] - ETA: 0s - loss: 1.1470 - acc: 0.6245
 550/1200 [============>.................] - ETA: 0s - loss: 1.1412 - acc: 0.6327
 610/1200 [==============>...............] - ETA: 0s - loss: 1.1300 - acc: 0.6344
 670/1200 [===============>..............] - ETA: 0s - loss: 1.1235 - acc: 0.6343
 730/1200 [=================>............] - ETA: 0s - loss: 1.1209 - acc: 0.6342
 790/1200 [==================>...........] - ETA: 0s - loss: 1.1165 - acc: 0.6342
 850/1200 [====================>.........] - ETA: 0s - loss: 1.1088 - acc: 0.6353
 910/1200 [=====================>........] - ETA: 0s - loss: 1.1008 - acc: 0.6429
 970/1200 [=======================>......] - ETA: 0s - loss: 1.1001 - acc: 0.6412
1030/1200 [========================>.....] - ETA: 0s - loss: 1.0964 - acc: 0.6398
1090/1200 [==========================>...] - ETA: 0s - loss: 1.0916 - acc: 0.6394
1150/1200 [===========================>..] - ETA: 0s - loss: 1.0847 - acc: 0.6400
1200/1200 [==============================] - 1s 898us/step - loss: 1.0777 - acc: 0.6450 - val_loss: 1.2443 - val_acc: 0.2353
Current time ....1.078
Train on 3900 samples, validate on 99 samples
Epoch 1/1

  10/3900 [..............................] - ETA: 3s - loss: 2.4749 - acc: 0.4000
  70/3900 [..............................] - ETA: 3s - loss: 2.4567 - acc: 0.5143
 130/3900 [>.............................] - ETA: 3s - loss: 2.4550 - acc: 0.4769
 190/3900 [>.............................] - ETA: 3s - loss: 2.4510 - acc: 0.4737
 250/3900 [>.............................] - ETA: 3s - loss: 2.4524 - acc: 0.4400
 310/3900 [=>............................] - ETA: 3s - loss: 2.4523 - acc: 0.4161
 370/3900 [=>............................] - ETA: 3s - loss: 2.4532 - acc: 0.3919
 430/3900 [==>...........................] - ETA: 3s - loss: 2.4537 - acc: 0.3884
 490/3900 [==>...........................] - ETA: 3s - loss: 2.4527 - acc: 0.3816
 550/3900 [===>..........................] - ETA: 3s - loss: 2.4520 - acc: 0.3836
 610/3900 [===>..........................] - ETA: 2s - loss: 2.4512 - acc: 0.3934
 670/3900 [====>.........................] - ETA: 2s - loss: 2.4493 - acc: 0.3881
 730/3900 [====>.........................] - ETA: 2s - loss: 2.4490 - acc: 0.3822
 790/3900 [=====>........................] - ETA: 2s - loss: 2.4482 - acc: 0.3747
 850/3900 [=====>........................] - ETA: 2s - loss: 2.4467 - acc: 0.3788
 910/3900 [======>.......................] - ETA: 2s - loss: 2.4462 - acc: 0.3769
 970/3900 [======>.......................] - ETA: 2s - loss: 2.4441 - acc: 0.3835
1030/3900 [======>.......................] - ETA: 2s - loss: 2.4430 - acc: 0.3777
1090/3900 [=======>......................] - ETA: 2s - loss: 2.4413 - acc: 0.3752
1150/3900 [=======>......................] - ETA: 2s - loss: 2.4402 - acc: 0.3704
1210/3900 [========>.....................] - ETA: 2s - loss: 2.4389 - acc: 0.3686
1270/3900 [========>.....................] - ETA: 2s - loss: 2.4388 - acc: 0.3614
1330/3900 [=========>....................] - ETA: 2s - loss: 2.4373 - acc: 0.3602
1390/3900 [=========>....................] - ETA: 2s - loss: 2.4359 - acc: 0.3604
1450/3900 [==========>...................] - ETA: 2s - loss: 2.4345 - acc: 0.3628
1510/3900 [==========>...................] - ETA: 2s - loss: 2.4328 - acc: 0.3629
1570/3900 [===========>..................] - ETA: 2s - loss: 2.4318 - acc: 0.3624
1630/3900 [===========>..................] - ETA: 2s - loss: 2.4304 - acc: 0.3626
1690/3900 [============>.................] - ETA: 1s - loss: 2.4286 - acc: 0.3621
1750/3900 [============>.................] - ETA: 1s - loss: 2.4271 - acc: 0.3629
1810/3900 [============>.................] - ETA: 1s - loss: 2.4260 - acc: 0.3586
1870/3900 [=============>................] - ETA: 1s - loss: 2.4246 - acc: 0.3567
1930/3900 [=============>................] - ETA: 1s - loss: 2.4228 - acc: 0.3580
1990/3900 [==============>...............] - ETA: 1s - loss: 2.4209 - acc: 0.3573
2050/3900 [==============>...............] - ETA: 1s - loss: 2.4191 - acc: 0.3571
2110/3900 [===============>..............] - ETA: 1s - loss: 2.4178 - acc: 0.3555
2170/3900 [===============>..............] - ETA: 1s - loss: 2.4163 - acc: 0.3558
2230/3900 [================>.............] - ETA: 1s - loss: 2.4143 - acc: 0.3561
2290/3900 [================>.............] - ETA: 1s - loss: 2.4117 - acc: 0.3590
2350/3900 [=================>............] - ETA: 1s - loss: 2.4098 - acc: 0.3600
2410/3900 [=================>............] - ETA: 1s - loss: 2.4078 - acc: 0.3593
2470/3900 [==================>...........] - ETA: 1s - loss: 2.4066 - acc: 0.3579
2530/3900 [==================>...........] - ETA: 1s - loss: 2.4048 - acc: 0.3593
2590/3900 [==================>...........] - ETA: 1s - loss: 2.4023 - acc: 0.3610
2650/3900 [===================>..........] - ETA: 1s - loss: 2.3997 - acc: 0.3634
2710/3900 [===================>..........] - ETA: 1s - loss: 2.3980 - acc: 0.3635
2770/3900 [====================>.........] - ETA: 1s - loss: 2.3956 - acc: 0.3657
2830/3900 [====================>.........] - ETA: 0s - loss: 2.3941 - acc: 0.3657
2890/3900 [=====================>........] - ETA: 0s - loss: 2.3919 - acc: 0.3682
2950/3900 [=====================>........] - ETA: 0s - loss: 2.3897 - acc: 0.3698
3010/3900 [======================>.......] - ETA: 0s - loss: 2.3869 - acc: 0.3734
3070/3900 [======================>.......] - ETA: 0s - loss: 2.3851 - acc: 0.3739
3130/3900 [=======================>......] - ETA: 0s - loss: 2.3833 - acc: 0.3744
3190/3900 [=======================>......] - ETA: 0s - loss: 2.3811 - acc: 0.3746
3250/3900 [========================>.....] - ETA: 0s - loss: 2.3775 - acc: 0.3785
3310/3900 [========================>.....] - ETA: 0s - loss: 2.3750 - acc: 0.3792
3370/3900 [========================>.....] - ETA: 0s - loss: 2.3723 - acc: 0.3822
3430/3900 [=========================>....] - ETA: 0s - loss: 2.3697 - acc: 0.3834
3490/3900 [=========================>....] - ETA: 0s - loss: 2.3673 - acc: 0.3834
3550/3900 [==========================>...] - ETA: 0s - loss: 2.3656 - acc: 0.3820
3610/3900 [==========================>...] - ETA: 0s - loss: 2.3632 - acc: 0.3834
3670/3900 [===========================>..] - ETA: 0s - loss: 2.3610 - acc: 0.3834
3730/3900 [===========================>..] - ETA: 0s - loss: 2.3586 - acc: 0.3834
3790/3900 [============================>.] - ETA: 0s - loss: 2.3558 - acc: 0.3842
3850/3900 [============================>.] - ETA: 0s - loss: 2.3526 - acc: 0.3852
3900/3900 [==============================] - 4s 905us/step - loss: 2.3501 - acc: 0.3854 - val_loss: 2.2343 - val_acc: 0.3030
Current time ....3.529
Train on 600 samples, validate on 86 samples
Epoch 1/1

 10/600 [..............................] - ETA: 0s - loss: 0.4781 - acc: 1.0000
 70/600 [==>...........................] - ETA: 0s - loss: 0.4822 - acc: 0.9714
130/600 [=====>........................] - ETA: 0s - loss: 0.4694 - acc: 0.9692
190/600 [========>.....................] - ETA: 0s - loss: 0.4656 - acc: 0.9579
250/600 [===========>..................] - ETA: 0s - loss: 0.4393 - acc: 0.9680
310/600 [==============>...............] - ETA: 0s - loss: 0.4337 - acc: 0.9710
370/600 [=================>............] - ETA: 0s - loss: 0.4263 - acc: 0.9757
430/600 [====================>.........] - ETA: 0s - loss: 0.4229 - acc: 0.9674
490/600 [=======================>......] - ETA: 0s - loss: 0.4256 - acc: 0.9694
550/600 [==========================>...] - ETA: 0s - loss: 0.4131 - acc: 0.9727
600/600 [==============================] - 1s 920us/step - loss: 0.4086 - acc: 0.9700 - val_loss: 0.4205 - val_acc: 0.9302
Current time ....0.552
Train on 1200 samples, validate on 68 samples
Epoch 1/1

  10/1200 [..............................] - ETA: 1s - loss: 0.6855 - acc: 0.9000
  70/1200 [>.............................] - ETA: 1s - loss: 0.8806 - acc: 0.6000
 130/1200 [==>...........................] - ETA: 0s - loss: 0.9134 - acc: 0.6308
 190/1200 [===>..........................] - ETA: 0s - loss: 0.9283 - acc: 0.6421
 250/1200 [=====>........................] - ETA: 0s - loss: 0.9042 - acc: 0.6680
 310/1200 [======>.......................] - ETA: 0s - loss: 0.8850 - acc: 0.6903
 370/1200 [========>.....................] - ETA: 0s - loss: 0.8735 - acc: 0.7000
 430/1200 [=========>....................] - ETA: 0s - loss: 0.8786 - acc: 0.7000
 490/1200 [===========>..................] - ETA: 0s - loss: 0.8707 - acc: 0.7041
 550/1200 [============>.................] - ETA: 0s - loss: 0.8753 - acc: 0.7091
 610/1200 [==============>...............] - ETA: 0s - loss: 0.8644 - acc: 0.7131
 670/1200 [===============>..............] - ETA: 0s - loss: 0.8648 - acc: 0.6985
 730/1200 [=================>............] - ETA: 0s - loss: 0.8656 - acc: 0.6945
 790/1200 [==================>...........] - ETA: 0s - loss: 0.8656 - acc: 0.6962
 850/1200 [====================>.........] - ETA: 0s - loss: 0.8629 - acc: 0.7012
 910/1200 [=====================>........] - ETA: 0s - loss: 0.8527 - acc: 0.7110
 970/1200 [=======================>......] - ETA: 0s - loss: 0.8489 - acc: 0.7144
1030/1200 [========================>.....] - ETA: 0s - loss: 0.8439 - acc: 0.7165
1090/1200 [==========================>...] - ETA: 0s - loss: 0.8463 - acc: 0.7119
1150/1200 [===========================>..] - ETA: 0s - loss: 0.8413 - acc: 0.7130
1200/1200 [==============================] - 1s 900us/step - loss: 0.8366 - acc: 0.7158 - val_loss: 0.9596 - val_acc: 0.5588
Current time ....1.080
Train on 3900 samples, validate on 99 samples
Epoch 1/1

  10/3900 [..............................] - ETA: 3s - loss: 2.2498 - acc: 0.1000
  70/3900 [..............................] - ETA: 3s - loss: 2.1736 - acc: 0.4143
 130/3900 [>.............................] - ETA: 3s - loss: 2.1414 - acc: 0.4462
 190/3900 [>.............................] - ETA: 3s - loss: 2.1340 - acc: 0.4263
 250/3900 [>.............................] - ETA: 3s - loss: 2.1462 - acc: 0.4040
 310/3900 [=>............................] - ETA: 3s - loss: 2.1408 - acc: 0.4194
 370/3900 [=>............................] - ETA: 3s - loss: 2.1356 - acc: 0.4189
 430/3900 [==>...........................] - ETA: 3s - loss: 2.1358 - acc: 0.4163
 490/3900 [==>...........................] - ETA: 3s - loss: 2.1355 - acc: 0.4102
 550/3900 [===>..........................] - ETA: 3s - loss: 2.1356 - acc: 0.4036
 610/3900 [===>..........................] - ETA: 2s - loss: 2.1285 - acc: 0.4131
 670/3900 [====>.........................] - ETA: 2s - loss: 2.1222 - acc: 0.4209
 730/3900 [====>.........................] - ETA: 2s - loss: 2.1156 - acc: 0.4288
 790/3900 [=====>........................] - ETA: 2s - loss: 2.1107 - acc: 0.4304
 850/3900 [=====>........................] - ETA: 2s - loss: 2.1095 - acc: 0.4247
 910/3900 [======>.......................] - ETA: 2s - loss: 2.1015 - acc: 0.4264
 970/3900 [======>.......................] - ETA: 2s - loss: 2.0996 - acc: 0.4216
1030/3900 [======>.......................] - ETA: 2s - loss: 2.0964 - acc: 0.4184
1090/3900 [=======>......................] - ETA: 2s - loss: 2.0926 - acc: 0.4202
1150/3900 [=======>......................] - ETA: 2s - loss: 2.0892 - acc: 0.4183
1210/3900 [========>.....................] - ETA: 2s - loss: 2.0883 - acc: 0.4174
1270/3900 [========>.....................] - ETA: 2s - loss: 2.0837 - acc: 0.4165
1330/3900 [=========>....................] - ETA: 2s - loss: 2.0774 - acc: 0.4180
1390/3900 [=========>....................] - ETA: 2s - loss: 2.0760 - acc: 0.4158
1450/3900 [==========>...................] - ETA: 2s - loss: 2.0733 - acc: 0.4159
1510/3900 [==========>...................] - ETA: 2s - loss: 2.0705 - acc: 0.4126
1570/3900 [===========>..................] - ETA: 2s - loss: 2.0685 - acc: 0.4102
1630/3900 [===========>..................] - ETA: 2s - loss: 2.0659 - acc: 0.4117
1690/3900 [============>.................] - ETA: 1s - loss: 2.0615 - acc: 0.4166
1750/3900 [============>.................] - ETA: 1s - loss: 2.0600 - acc: 0.4171
1810/3900 [============>.................] - ETA: 1s - loss: 2.0554 - acc: 0.4160
1870/3900 [=============>................] - ETA: 1s - loss: 2.0531 - acc: 0.4155
1930/3900 [=============>................] - ETA: 1s - loss: 2.0528 - acc: 0.4150
1990/3900 [==============>...............] - ETA: 1s - loss: 2.0500 - acc: 0.4171
2050/3900 [==============>...............] - ETA: 1s - loss: 2.0474 - acc: 0.4200
2110/3900 [===============>..............] - ETA: 1s - loss: 2.0426 - acc: 0.4227
2170/3900 [===============>..............] - ETA: 1s - loss: 2.0388 - acc: 0.4221
2230/3900 [================>.............] - ETA: 1s - loss: 2.0366 - acc: 0.4215
2290/3900 [================>.............] - ETA: 1s - loss: 2.0336 - acc: 0.4218
2350/3900 [=================>............] - ETA: 1s - loss: 2.0309 - acc: 0.4187
2410/3900 [=================>............] - ETA: 1s - loss: 2.0274 - acc: 0.4166
2470/3900 [==================>...........] - ETA: 1s - loss: 2.0233 - acc: 0.4170
2530/3900 [==================>...........] - ETA: 1s - loss: 2.0212 - acc: 0.4182
2590/3900 [==================>...........] - ETA: 1s - loss: 2.0172 - acc: 0.4193
2650/3900 [===================>..........] - ETA: 1s - loss: 2.0147 - acc: 0.4185
2710/3900 [===================>..........] - ETA: 1s - loss: 2.0109 - acc: 0.4185
2770/3900 [====================>.........] - ETA: 1s - loss: 2.0083 - acc: 0.4188
2830/3900 [====================>.........] - ETA: 0s - loss: 2.0058 - acc: 0.4205
2890/3900 [=====================>........] - ETA: 0s - loss: 2.0020 - acc: 0.4215
2950/3900 [=====================>........] - ETA: 0s - loss: 1.9993 - acc: 0.4231
3010/3900 [======================>.......] - ETA: 0s - loss: 1.9965 - acc: 0.4256
3070/3900 [======================>.......] - ETA: 0s - loss: 1.9946 - acc: 0.4241
3130/3900 [=======================>......] - ETA: 0s - loss: 1.9933 - acc: 0.4243
3190/3900 [=======================>......] - ETA: 0s - loss: 1.9921 - acc: 0.4219
3250/3900 [========================>.....] - ETA: 0s - loss: 1.9915 - acc: 0.4188
3310/3900 [========================>.....] - ETA: 0s - loss: 1.9882 - acc: 0.4181
3370/3900 [========================>.....] - ETA: 0s - loss: 1.9855 - acc: 0.4181
3430/3900 [=========================>....] - ETA: 0s - loss: 1.9836 - acc: 0.4175
3490/3900 [=========================>....] - ETA: 0s - loss: 1.9824 - acc: 0.4143
3550/3900 [==========================>...] - ETA: 0s - loss: 1.9803 - acc: 0.4132
3610/3900 [==========================>...] - ETA: 0s - loss: 1.9769 - acc: 0.4133
3670/3900 [===========================>..] - ETA: 0s - loss: 1.9755 - acc: 0.4114
3730/3900 [===========================>..] - ETA: 0s - loss: 1.9733 - acc: 0.4110
3790/3900 [============================>.] - ETA: 0s - loss: 1.9714 - acc: 0.4106
3850/3900 [============================>.] - ETA: 0s - loss: 1.9695 - acc: 0.4104
3900/3900 [==============================] - 4s 905us/step - loss: 1.9676 - acc: 0.4113 - val_loss: 1.9742 - val_acc: 0.2222
Current time ....3.532
Train on 600 samples, validate on 86 samples
Epoch 1/1

 10/600 [..............................] - ETA: 0s - loss: 0.4180 - acc: 1.0000
 70/600 [==>...........................] - ETA: 0s - loss: 0.3311 - acc: 1.0000
130/600 [=====>........................] - ETA: 0s - loss: 0.3014 - acc: 1.0000
190/600 [========>.....................] - ETA: 0s - loss: 0.3004 - acc: 0.9947
250/600 [===========>..................] - ETA: 0s - loss: 0.3025 - acc: 0.9800
310/600 [==============>...............] - ETA: 0s - loss: 0.2937 - acc: 0.9839
370/600 [=================>............] - ETA: 0s - loss: 0.2852 - acc: 0.9838
430/600 [====================>.........] - ETA: 0s - loss: 0.2830 - acc: 0.9860
490/600 [=======================>......] - ETA: 0s - loss: 0.2803 - acc: 0.9857
550/600 [==========================>...] - ETA: 0s - loss: 0.2747 - acc: 0.9836
600/600 [==============================] - 1s 929us/step - loss: 0.2663 - acc: 0.9833 - val_loss: 0.3609 - val_acc: 0.9186
Current time ....0.557
Train on 1200 samples, validate on 68 samples
Epoch 1/1

  10/1200 [..............................] - ETA: 1s - loss: 0.8513 - acc: 0.6000
  70/1200 [>.............................] - ETA: 1s - loss: 0.7304 - acc: 0.7429
 130/1200 [==>...........................] - ETA: 0s - loss: 0.7137 - acc: 0.7538
 190/1200 [===>..........................] - ETA: 0s - loss: 0.7266 - acc: 0.7474
 250/1200 [=====>........................] - ETA: 0s - loss: 0.7358 - acc: 0.7480
 310/1200 [======>.......................] - ETA: 0s - loss: 0.7226 - acc: 0.7548
 370/1200 [========>.....................] - ETA: 0s - loss: 0.7197 - acc: 0.7514
 430/1200 [=========>....................] - ETA: 0s - loss: 0.7050 - acc: 0.7628
 490/1200 [===========>..................] - ETA: 0s - loss: 0.6982 - acc: 0.7592
 550/1200 [============>.................] - ETA: 0s - loss: 0.6938 - acc: 0.7618
 610/1200 [==============>...............] - ETA: 0s - loss: 0.6897 - acc: 0.7639
 670/1200 [===============>..............] - ETA: 0s - loss: 0.6881 - acc: 0.7597
 730/1200 [=================>............] - ETA: 0s - loss: 0.6780 - acc: 0.7616
 790/1200 [==================>...........] - ETA: 0s - loss: 0.6737 - acc: 0.7608
 850/1200 [====================>.........] - ETA: 0s - loss: 0.6622 - acc: 0.7706
 910/1200 [=====================>........] - ETA: 0s - loss: 0.6531 - acc: 0.7769
 970/1200 [=======================>......] - ETA: 0s - loss: 0.6458 - acc: 0.7753
1030/1200 [========================>.....] - ETA: 0s - loss: 0.6410 - acc: 0.7767
1090/1200 [==========================>...] - ETA: 0s - loss: 0.6378 - acc: 0.7761
1150/1200 [===========================>..] - ETA: 0s - loss: 0.6360 - acc: 0.7783
1200/1200 [==============================] - 1s 900us/step - loss: 0.6315 - acc: 0.7817 - val_loss: 0.8427 - val_acc: 0.6176
Current time ....1.081
Train on 3900 samples, validate on 99 samples
Epoch 1/1

  10/3900 [..............................] - ETA: 3s - loss: 1.6762 - acc: 0.6000
  70/3900 [..............................] - ETA: 3s - loss: 1.7921 - acc: 0.4571
 130/3900 [>.............................] - ETA: 3s - loss: 1.7940 - acc: 0.4615
 190/3900 [>.............................] - ETA: 3s - loss: 1.8090 - acc: 0.4579
 250/3900 [>.............................] - ETA: 3s - loss: 1.7986 - acc: 0.4880
 310/3900 [=>............................] - ETA: 3s - loss: 1.7974 - acc: 0.4742
 370/3900 [=>............................] - ETA: 3s - loss: 1.8029 - acc: 0.4432
 430/3900 [==>...........................] - ETA: 3s - loss: 1.8049 - acc: 0.4372
 490/3900 [==>...........................] - ETA: 3s - loss: 1.8064 - acc: 0.4265
 550/3900 [===>..........................] - ETA: 3s - loss: 1.8068 - acc: 0.4273
 610/3900 [===>..........................] - ETA: 2s - loss: 1.7977 - acc: 0.4295
 670/3900 [====>.........................] - ETA: 2s - loss: 1.7996 - acc: 0.4269
 730/3900 [====>.........................] - ETA: 2s - loss: 1.8007 - acc: 0.4205
 790/3900 [=====>........................] - ETA: 2s - loss: 1.7961 - acc: 0.4165
 850/3900 [=====>........................] - ETA: 2s - loss: 1.7973 - acc: 0.4094
 910/3900 [======>.......................] - ETA: 2s - loss: 1.7952 - acc: 0.4055
 970/3900 [======>.......................] - ETA: 2s - loss: 1.7946 - acc: 0.4124
1030/3900 [======>.......................] - ETA: 2s - loss: 1.7932 - acc: 0.4214
1090/3900 [=======>......................] - ETA: 2s - loss: 1.7923 - acc: 0.4248
1150/3900 [=======>......................] - ETA: 2s - loss: 1.7902 - acc: 0.4243
1210/3900 [========>.....................] - ETA: 2s - loss: 1.7861 - acc: 0.4273
1270/3900 [========>.....................] - ETA: 2s - loss: 1.7862 - acc: 0.4252
1330/3900 [=========>....................] - ETA: 2s - loss: 1.7842 - acc: 0.4286
1390/3900 [=========>....................] - ETA: 2s - loss: 1.7826 - acc: 0.4317
1450/3900 [==========>...................] - ETA: 2s - loss: 1.7810 - acc: 0.4324
1510/3900 [==========>...................] - ETA: 2s - loss: 1.7815 - acc: 0.4358
1570/3900 [===========>..................] - ETA: 2s - loss: 1.7791 - acc: 0.4414
1630/3900 [===========>..................] - ETA: 2s - loss: 1.7752 - acc: 0.4460
1690/3900 [============>.................] - ETA: 1s - loss: 1.7734 - acc: 0.4462
1750/3900 [============>.................] - ETA: 1s - loss: 1.7701 - acc: 0.4446
1810/3900 [============>.................] - ETA: 1s - loss: 1.7666 - acc: 0.4431
1870/3900 [=============>................] - ETA: 1s - loss: 1.7651 - acc: 0.4433
1930/3900 [=============>................] - ETA: 1s - loss: 1.7614 - acc: 0.4440
1990/3900 [==============>...............] - ETA: 1s - loss: 1.7591 - acc: 0.4427
2050/3900 [==============>...............] - ETA: 1s - loss: 1.7578 - acc: 0.4415
2110/3900 [===============>..............] - ETA: 1s - loss: 1.7574 - acc: 0.4379
2170/3900 [===============>..............] - ETA: 1s - loss: 1.7560 - acc: 0.4382
2230/3900 [================>.............] - ETA: 1s - loss: 1.7529 - acc: 0.4422
2290/3900 [================>.............] - ETA: 1s - loss: 1.7509 - acc: 0.4419
2350/3900 [=================>............] - ETA: 1s - loss: 1.7497 - acc: 0.4421
2410/3900 [=================>............] - ETA: 1s - loss: 1.7500 - acc: 0.4427
2470/3900 [==================>...........] - ETA: 1s - loss: 1.7486 - acc: 0.4449
2530/3900 [==================>...........] - ETA: 1s - loss: 1.7444 - acc: 0.4482
2590/3900 [==================>...........] - ETA: 1s - loss: 1.7435 - acc: 0.4490
2650/3900 [===================>..........] - ETA: 1s - loss: 1.7438 - acc: 0.4498
2710/3900 [===================>..........] - ETA: 1s - loss: 1.7429 - acc: 0.4494
2770/3900 [====================>.........] - ETA: 1s - loss: 1.7422 - acc: 0.4502
2830/3900 [====================>.........] - ETA: 0s - loss: 1.7423 - acc: 0.4495
2890/3900 [=====================>........] - ETA: 0s - loss: 1.7412 - acc: 0.4481
2950/3900 [=====================>........] - ETA: 0s - loss: 1.7383 - acc: 0.4498
3010/3900 [======================>.......] - ETA: 0s - loss: 1.7365 - acc: 0.4508
3070/3900 [======================>.......] - ETA: 0s - loss: 1.7360 - acc: 0.4508
3130/3900 [=======================>......] - ETA: 0s - loss: 1.7347 - acc: 0.4514
3190/3900 [=======================>......] - ETA: 0s - loss: 1.7342 - acc: 0.4517
3250/3900 [========================>.....] - ETA: 0s - loss: 1.7329 - acc: 0.4532
3310/3900 [========================>.....] - ETA: 0s - loss: 1.7306 - acc: 0.4544
3370/3900 [========================>.....] - ETA: 0s - loss: 1.7288 - acc: 0.4555
3430/3900 [=========================>....] - ETA: 0s - loss: 1.7273 - acc: 0.4563
3490/3900 [=========================>....] - ETA: 0s - loss: 1.7264 - acc: 0.4579
3550/3900 [==========================>...] - ETA: 0s - loss: 1.7251 - acc: 0.4592
3610/3900 [==========================>...] - ETA: 0s - loss: 1.7227 - acc: 0.4607
3670/3900 [===========================>..] - ETA: 0s - loss: 1.7237 - acc: 0.4599
3730/3900 [===========================>..] - ETA: 0s - loss: 1.7226 - acc: 0.4611
3790/3900 [============================>.] - ETA: 0s - loss: 1.7214 - acc: 0.4612
3850/3900 [============================>.] - ETA: 0s - loss: 1.7208 - acc: 0.4605
3900/3900 [==============================] - 4s 907us/step - loss: 1.7178 - acc: 0.4623 - val_loss: 1.8035 - val_acc: 0.3434
Current time ....3.537
Train on 600 samples, validate on 86 samples
Epoch 1/1

 10/600 [..............................] - ETA: 0s - loss: 0.1507 - acc: 1.0000
 70/600 [==>...........................] - ETA: 0s - loss: 0.1936 - acc: 0.9857
130/600 [=====>........................] - ETA: 0s - loss: 0.1913 - acc: 0.9923
190/600 [========>.....................] - ETA: 0s - loss: 0.1706 - acc: 0.9947
250/600 [===========>..................] - ETA: 0s - loss: 0.1806 - acc: 0.9880
310/600 [==============>...............] - ETA: 0s - loss: 0.1735 - acc: 0.9903
370/600 [=================>............] - ETA: 0s - loss: 0.1690 - acc: 0.9919
430/600 [====================>.........] - ETA: 0s - loss: 0.1679 - acc: 0.9907
490/600 [=======================>......] - ETA: 0s - loss: 0.1692 - acc: 0.9898
550/600 [==========================>...] - ETA: 0s - loss: 0.1717 - acc: 0.9891
600/600 [==============================] - 1s 928us/step - loss: 0.1685 - acc: 0.9883 - val_loss: 0.3491 - val_acc: 0.9186
Current time ....0.557
Train on 1200 samples, validate on 68 samples
Epoch 1/1

  10/1200 [..............................] - ETA: 1s - loss: 0.6884 - acc: 0.7000
  70/1200 [>.............................] - ETA: 1s - loss: 0.5106 - acc: 0.7857
 130/1200 [==>...........................] - ETA: 0s - loss: 0.5237 - acc: 0.8231
 190/1200 [===>..........................] - ETA: 0s - loss: 0.5285 - acc: 0.8105
 250/1200 [=====>........................] - ETA: 0s - loss: 0.5216 - acc: 0.8360
 310/1200 [======>.......................] - ETA: 0s - loss: 0.5052 - acc: 0.8484
 370/1200 [========>.....................] - ETA: 0s - loss: 0.4985 - acc: 0.8568
 430/1200 [=========>....................] - ETA: 0s - loss: 0.4944 - acc: 0.8628
 490/1200 [===========>..................] - ETA: 0s - loss: 0.4901 - acc: 0.8633
 550/1200 [============>.................] - ETA: 0s - loss: 0.4844 - acc: 0.8600
 610/1200 [==============>...............] - ETA: 0s - loss: 0.4877 - acc: 0.8574
 670/1200 [===============>..............] - ETA: 0s - loss: 0.4810 - acc: 0.8597
 730/1200 [=================>............] - ETA: 0s - loss: 0.4779 - acc: 0.8589
 790/1200 [==================>...........] - ETA: 0s - loss: 0.4759 - acc: 0.8595
 850/1200 [====================>.........] - ETA: 0s - loss: 0.4712 - acc: 0.8612
 910/1200 [=====================>........] - ETA: 0s - loss: 0.4709 - acc: 0.8582
 970/1200 [=======================>......] - ETA: 0s - loss: 0.4681 - acc: 0.8619
1030/1200 [========================>.....] - ETA: 0s - loss: 0.4673 - acc: 0.8631
1090/1200 [==========================>...] - ETA: 0s - loss: 0.4643 - acc: 0.8606
1150/1200 [===========================>..] - ETA: 0s - loss: 0.4604 - acc: 0.8643
1200/1200 [==============================] - 1s 903us/step - loss: 0.4598 - acc: 0.8633 - val_loss: 0.8740 - val_acc: 0.6176
Current time ....1.084
Train on 3900 samples, validate on 99 samples
Epoch 1/1

  10/3900 [..............................] - ETA: 3s - loss: 1.4808 - acc: 0.5000
  70/3900 [..............................] - ETA: 3s - loss: 1.6275 - acc: 0.4571
 130/3900 [>.............................] - ETA: 3s - loss: 1.6205 - acc: 0.4692
 190/3900 [>.............................] - ETA: 3s - loss: 1.6343 - acc: 0.4737
 250/3900 [>.............................] - ETA: 3s - loss: 1.6416 - acc: 0.4680
 310/3900 [=>............................] - ETA: 3s - loss: 1.6060 - acc: 0.5032
 370/3900 [=>............................] - ETA: 3s - loss: 1.6008 - acc: 0.5027
 430/3900 [==>...........................] - ETA: 3s - loss: 1.6019 - acc: 0.5000
 490/3900 [==>...........................] - ETA: 3s - loss: 1.6039 - acc: 0.4918
 550/3900 [===>..........................] - ETA: 3s - loss: 1.6010 - acc: 0.4945
 610/3900 [===>..........................] - ETA: 2s - loss: 1.6027 - acc: 0.4836
 670/3900 [====>.........................] - ETA: 2s - loss: 1.6086 - acc: 0.4836
 730/3900 [====>.........................] - ETA: 2s - loss: 1.6120 - acc: 0.4822
 790/3900 [=====>........................] - ETA: 2s - loss: 1.6128 - acc: 0.4823
 850/3900 [=====>........................] - ETA: 2s - loss: 1.6108 - acc: 0.4835
 910/3900 [======>.......................] - ETA: 2s - loss: 1.6040 - acc: 0.4923
 970/3900 [======>.......................] - ETA: 2s - loss: 1.6030 - acc: 0.4928
1030/3900 [======>.......................] - ETA: 2s - loss: 1.5986 - acc: 0.4961
1090/3900 [=======>......................] - ETA: 2s - loss: 1.5970 - acc: 0.4899
1150/3900 [=======>......................] - ETA: 2s - loss: 1.5914 - acc: 0.4861
1210/3900 [========>.....................] - ETA: 2s - loss: 1.5917 - acc: 0.4868
1270/3900 [========>.....................] - ETA: 2s - loss: 1.5895 - acc: 0.4913
1330/3900 [=========>....................] - ETA: 2s - loss: 1.5889 - acc: 0.4947
1390/3900 [=========>....................] - ETA: 2s - loss: 1.5833 - acc: 0.4950
1450/3900 [==========>...................] - ETA: 2s - loss: 1.5781 - acc: 0.4986
1510/3900 [==========>...................] - ETA: 2s - loss: 1.5730 - acc: 0.5000
1570/3900 [===========>..................] - ETA: 2s - loss: 1.5734 - acc: 0.5000
1630/3900 [===========>..................] - ETA: 2s - loss: 1.5701 - acc: 0.5049
1690/3900 [============>.................] - ETA: 1s - loss: 1.5669 - acc: 0.5071
1750/3900 [============>.................] - ETA: 1s - loss: 1.5671 - acc: 0.5069
1810/3900 [============>.................] - ETA: 1s - loss: 1.5639 - acc: 0.5088
1870/3900 [=============>................] - ETA: 1s - loss: 1.5597 - acc: 0.5123
1930/3900 [=============>................] - ETA: 1s - loss: 1.5581 - acc: 0.5109
1990/3900 [==============>...............] - ETA: 1s - loss: 1.5571 - acc: 0.5126
2050/3900 [==============>...............] - ETA: 1s - loss: 1.5524 - acc: 0.5151
2110/3900 [===============>..............] - ETA: 1s - loss: 1.5523 - acc: 0.5152
2170/3900 [===============>..............] - ETA: 1s - loss: 1.5507 - acc: 0.5152
2230/3900 [================>.............] - ETA: 1s - loss: 1.5453 - acc: 0.5170
2290/3900 [================>.............] - ETA: 1s - loss: 1.5475 - acc: 0.5153
2350/3900 [=================>............] - ETA: 1s - loss: 1.5454 - acc: 0.5183
2410/3900 [=================>............] - ETA: 1s - loss: 1.5440 - acc: 0.5183
2470/3900 [==================>...........] - ETA: 1s - loss: 1.5432 - acc: 0.5190
2530/3900 [==================>...........] - ETA: 1s - loss: 1.5432 - acc: 0.5182
2590/3900 [==================>...........] - ETA: 1s - loss: 1.5405 - acc: 0.5193
2650/3900 [===================>..........] - ETA: 1s - loss: 1.5373 - acc: 0.5219
2710/3900 [===================>..........] - ETA: 1s - loss: 1.5367 - acc: 0.5221
2770/3900 [====================>.........] - ETA: 1s - loss: 1.5369 - acc: 0.5213
2830/3900 [====================>.........] - ETA: 0s - loss: 1.5359 - acc: 0.5219
2890/3900 [=====================>........] - ETA: 0s - loss: 1.5345 - acc: 0.5232
2950/3900 [=====================>........] - ETA: 0s - loss: 1.5319 - acc: 0.5247
3010/3900 [======================>.......] - ETA: 0s - loss: 1.5312 - acc: 0.5249
3070/3900 [======================>.......] - ETA: 0s - loss: 1.5283 - acc: 0.5274
3130/3900 [=======================>......] - ETA: 0s - loss: 1.5263 - acc: 0.5291
3190/3900 [=======================>......] - ETA: 0s - loss: 1.5237 - acc: 0.5295
3250/3900 [========================>.....] - ETA: 0s - loss: 1.5225 - acc: 0.5295
3310/3900 [========================>.....] - ETA: 0s - loss: 1.5218 - acc: 0.5293
3370/3900 [========================>.....] - ETA: 0s - loss: 1.5206 - acc: 0.5300
3430/3900 [=========================>....] - ETA: 0s - loss: 1.5189 - acc: 0.5300
3490/3900 [=========================>....] - ETA: 0s - loss: 1.5178 - acc: 0.5281
3550/3900 [==========================>...] - ETA: 0s - loss: 1.5145 - acc: 0.5307
3610/3900 [==========================>...] - ETA: 0s - loss: 1.5130 - acc: 0.5296
3670/3900 [===========================>..] - ETA: 0s - loss: 1.5085 - acc: 0.5316
3730/3900 [===========================>..] - ETA: 0s - loss: 1.5072 - acc: 0.5314
3790/3900 [============================>.] - ETA: 0s - loss: 1.5059 - acc: 0.5314
3850/3900 [============================>.] - ETA: 0s - loss: 1.5050 - acc: 0.5314
3900/3900 [==============================] - 4s 908us/step - loss: 1.5029 - acc: 0.5326 - val_loss: 1.6878 - val_acc: 0.4141
Current time ....3.543
Train on 600 samples, validate on 86 samples
Epoch 1/1

 10/600 [..............................] - ETA: 0s - loss: 0.1449 - acc: 1.0000
 70/600 [==>...........................] - ETA: 0s - loss: 0.1290 - acc: 1.0000
130/600 [=====>........................] - ETA: 0s - loss: 0.1166 - acc: 1.0000
190/600 [========>.....................] - ETA: 0s - loss: 0.1229 - acc: 0.9947
250/600 [===========>..................] - ETA: 0s - loss: 0.1165 - acc: 0.9960
310/600 [==============>...............] - ETA: 0s - loss: 0.1271 - acc: 0.9903
370/600 [=================>............] - ETA: 0s - loss: 0.1228 - acc: 0.9892
430/600 [====================>.........] - ETA: 0s - loss: 0.1218 - acc: 0.9884
490/600 [=======================>......] - ETA: 0s - loss: 0.1213 - acc: 0.9898
550/600 [==========================>...] - ETA: 0s - loss: 0.1186 - acc: 0.9909
600/600 [==============================] - 1s 930us/step - loss: 0.1156 - acc: 0.9900 - val_loss: 0.3688 - val_acc: 0.9302
Current time ....0.558
Train on 1200 samples, validate on 68 samples
Epoch 1/1

  10/1200 [..............................] - ETA: 1s - loss: 0.1208 - acc: 1.0000
  70/1200 [>.............................] - ETA: 1s - loss: 0.4901 - acc: 0.8143
 130/1200 [==>...........................] - ETA: 0s - loss: 0.4309 - acc: 0.8462
 190/1200 [===>..........................] - ETA: 0s - loss: 0.4157 - acc: 0.8579
 250/1200 [=====>........................] - ETA: 0s - loss: 0.4026 - acc: 0.8800
 310/1200 [======>.......................] - ETA: 0s - loss: 0.3874 - acc: 0.8935
 370/1200 [========>.....................] - ETA: 0s - loss: 0.3741 - acc: 0.9027
 430/1200 [=========>....................] - ETA: 0s - loss: 0.3765 - acc: 0.8977
 490/1200 [===========>..................] - ETA: 0s - loss: 0.3582 - acc: 0.9102
 550/1200 [============>.................] - ETA: 0s - loss: 0.3564 - acc: 0.9164
 610/1200 [==============>...............] - ETA: 0s - loss: 0.3558 - acc: 0.9148
 670/1200 [===============>..............] - ETA: 0s - loss: 0.3517 - acc: 0.9209
 730/1200 [=================>............] - ETA: 0s - loss: 0.3456 - acc: 0.9192
 790/1200 [==================>...........] - ETA: 0s - loss: 0.3390 - acc: 0.9215
 850/1200 [====================>.........] - ETA: 0s - loss: 0.3309 - acc: 0.9259
 910/1200 [=====================>........] - ETA: 0s - loss: 0.3326 - acc: 0.9209
 970/1200 [=======================>......] - ETA: 0s - loss: 0.3324 - acc: 0.9196
1030/1200 [========================>.....] - ETA: 0s - loss: 0.3329 - acc: 0.9204
1090/1200 [==========================>...] - ETA: 0s - loss: 0.3364 - acc: 0.9193
1150/1200 [===========================>..] - ETA: 0s - loss: 0.3384 - acc: 0.9183
1200/1200 [==============================] - 1s 899us/step - loss: 0.3366 - acc: 0.9200 - val_loss: 0.7909 - val_acc: 0.6618
Current time ....1.079
Train on 3900 samples, validate on 99 samples
Epoch 1/1

  10/3900 [..............................] - ETA: 3s - loss: 1.4419 - acc: 0.7000
  70/3900 [..............................] - ETA: 3s - loss: 1.4740 - acc: 0.5286
 130/3900 [>.............................] - ETA: 3s - loss: 1.4370 - acc: 0.5538
 190/3900 [>.............................] - ETA: 3s - loss: 1.4150 - acc: 0.5526
 250/3900 [>.............................] - ETA: 3s - loss: 1.4152 - acc: 0.5440
 310/3900 [=>............................] - ETA: 3s - loss: 1.3913 - acc: 0.5516
 370/3900 [=>............................] - ETA: 3s - loss: 1.3893 - acc: 0.5622
 430/3900 [==>...........................] - ETA: 3s - loss: 1.3845 - acc: 0.5674
 490/3900 [==>...........................] - ETA: 3s - loss: 1.3746 - acc: 0.5735
 550/3900 [===>..........................] - ETA: 3s - loss: 1.3758 - acc: 0.5691
 610/3900 [===>..........................] - ETA: 2s - loss: 1.3763 - acc: 0.5689
 670/3900 [====>.........................] - ETA: 2s - loss: 1.3726 - acc: 0.5687
 730/3900 [====>.........................] - ETA: 2s - loss: 1.3667 - acc: 0.5753
 790/3900 [=====>........................] - ETA: 2s - loss: 1.3538 - acc: 0.5759
 850/3900 [=====>........................] - ETA: 2s - loss: 1.3517 - acc: 0.5776
 910/3900 [======>.......................] - ETA: 2s - loss: 1.3401 - acc: 0.5813
 970/3900 [======>.......................] - ETA: 2s - loss: 1.3371 - acc: 0.5825
1030/3900 [======>.......................] - ETA: 2s - loss: 1.3331 - acc: 0.5796
1090/3900 [=======>......................] - ETA: 2s - loss: 1.3308 - acc: 0.5826
1150/3900 [=======>......................] - ETA: 2s - loss: 1.3330 - acc: 0.5800
1210/3900 [========>.....................] - ETA: 2s - loss: 1.3365 - acc: 0.5810
1270/3900 [========>.....................] - ETA: 2s - loss: 1.3284 - acc: 0.5882
1330/3900 [=========>....................] - ETA: 2s - loss: 1.3321 - acc: 0.5872
1390/3900 [=========>....................] - ETA: 2s - loss: 1.3306 - acc: 0.5885
1450/3900 [==========>...................] - ETA: 2s - loss: 1.3312 - acc: 0.5890
1510/3900 [==========>...................] - ETA: 2s - loss: 1.3274 - acc: 0.5907
1570/3900 [===========>..................] - ETA: 2s - loss: 1.3275 - acc: 0.5866
1630/3900 [===========>..................] - ETA: 2s - loss: 1.3231 - acc: 0.5877
1690/3900 [============>.................] - ETA: 1s - loss: 1.3236 - acc: 0.5899
1750/3900 [============>.................] - ETA: 1s - loss: 1.3272 - acc: 0.5874
1810/3900 [============>.................] - ETA: 1s - loss: 1.3270 - acc: 0.5890
1870/3900 [=============>................] - ETA: 1s - loss: 1.3294 - acc: 0.5877
1930/3900 [=============>................] - ETA: 1s - loss: 1.3238 - acc: 0.5902
1990/3900 [==============>...............] - ETA: 1s - loss: 1.3211 - acc: 0.5915
2050/3900 [==============>...............] - ETA: 1s - loss: 1.3207 - acc: 0.5912
2110/3900 [===============>..............] - ETA: 1s - loss: 1.3170 - acc: 0.5938
2170/3900 [===============>..............] - ETA: 1s - loss: 1.3155 - acc: 0.5940
2230/3900 [================>.............] - ETA: 1s - loss: 1.3124 - acc: 0.5964
2290/3900 [================>.............] - ETA: 1s - loss: 1.3074 - acc: 0.5987
2350/3900 [=================>............] - ETA: 1s - loss: 1.3072 - acc: 0.5974
2410/3900 [=================>............] - ETA: 1s - loss: 1.3066 - acc: 0.5967
2470/3900 [==================>...........] - ETA: 1s - loss: 1.3072 - acc: 0.5943
2530/3900 [==================>...........] - ETA: 1s - loss: 1.3056 - acc: 0.5949
2590/3900 [==================>...........] - ETA: 1s - loss: 1.3054 - acc: 0.5946
2650/3900 [===================>..........] - ETA: 1s - loss: 1.3046 - acc: 0.5940
2710/3900 [===================>..........] - ETA: 1s - loss: 1.3032 - acc: 0.5937
2770/3900 [====================>.........] - ETA: 1s - loss: 1.3033 - acc: 0.5924
2830/3900 [====================>.........] - ETA: 0s - loss: 1.3009 - acc: 0.5943
2890/3900 [=====================>........] - ETA: 0s - loss: 1.3015 - acc: 0.5941
2950/3900 [=====================>........] - ETA: 0s - loss: 1.2971 - acc: 0.5969
3010/3900 [======================>.......] - ETA: 0s - loss: 1.2961 - acc: 0.5960
3070/3900 [======================>.......] - ETA: 0s - loss: 1.2939 - acc: 0.5967
3130/3900 [=======================>......] - ETA: 0s - loss: 1.2930 - acc: 0.5981
3190/3900 [=======================>......] - ETA: 0s - loss: 1.2940 - acc: 0.5969
3250/3900 [========================>.....] - ETA: 0s - loss: 1.2892 - acc: 0.5988
3310/3900 [========================>.....] - ETA: 0s - loss: 1.2903 - acc: 0.5979
3370/3900 [========================>.....] - ETA: 0s - loss: 1.2874 - acc: 0.5985
3430/3900 [=========================>....] - ETA: 0s - loss: 1.2813 - acc: 0.6023
3490/3900 [=========================>....] - ETA: 0s - loss: 1.2776 - acc: 0.6029
3550/3900 [==========================>...] - ETA: 0s - loss: 1.2787 - acc: 0.6011
3610/3900 [==========================>...] - ETA: 0s - loss: 1.2774 - acc: 0.6008
3670/3900 [===========================>..] - ETA: 0s - loss: 1.2756 - acc: 0.6022
3730/3900 [===========================>..] - ETA: 0s - loss: 1.2726 - acc: 0.6029
3790/3900 [============================>.] - ETA: 0s - loss: 1.2725 - acc: 0.6034
3850/3900 [============================>.] - ETA: 0s - loss: 1.2719 - acc: 0.6031
3900/3900 [==============================] - 4s 906us/step - loss: 1.2704 - acc: 0.6044 - val_loss: 1.7188 - val_acc: 0.3434
Current time ....3.535
Train on 600 samples, validate on 86 samples
Epoch 1/1

 10/600 [..............................] - ETA: 0s - loss: 0.0503 - acc: 1.0000
 70/600 [==>...........................] - ETA: 0s - loss: 0.0895 - acc: 0.9857
130/600 [=====>........................] - ETA: 0s - loss: 0.0830 - acc: 0.9923
190/600 [========>.....................] - ETA: 0s - loss: 0.0787 - acc: 0.9947
250/600 [===========>..................] - ETA: 0s - loss: 0.0746 - acc: 0.9960
310/600 [==============>...............] - ETA: 0s - loss: 0.0753 - acc: 0.9968
370/600 [=================>............] - ETA: 0s - loss: 0.0801 - acc: 0.9946
430/600 [====================>.........] - ETA: 0s - loss: 0.0840 - acc: 0.9930
490/600 [=======================>......] - ETA: 0s - loss: 0.0838 - acc: 0.9918
550/600 [==========================>...] - ETA: 0s - loss: 0.0818 - acc: 0.9927
600/600 [==============================] - 1s 926us/step - loss: 0.0808 - acc: 0.9933 - val_loss: 0.3879 - val_acc: 0.9302
Current time ....0.556
Train on 1200 samples, validate on 68 samples
Epoch 1/1

  10/1200 [..............................] - ETA: 1s - loss: 0.3850 - acc: 0.8000
  70/1200 [>.............................] - ETA: 0s - loss: 0.2439 - acc: 0.9429
 130/1200 [==>...........................] - ETA: 0s - loss: 0.2476 - acc: 0.9308
 190/1200 [===>..........................] - ETA: 0s - loss: 0.2674 - acc: 0.9263
 250/1200 [=====>........................] - ETA: 0s - loss: 0.2536 - acc: 0.9400
 310/1200 [======>.......................] - ETA: 0s - loss: 0.2525 - acc: 0.9387
 370/1200 [========>.....................] - ETA: 0s - loss: 0.2475 - acc: 0.9432
 430/1200 [=========>....................] - ETA: 0s - loss: 0.2438 - acc: 0.9419
 490/1200 [===========>..................] - ETA: 0s - loss: 0.2492 - acc: 0.9388
 550/1200 [============>.................] - ETA: 0s - loss: 0.2464 - acc: 0.9400
 610/1200 [==============>...............] - ETA: 0s - loss: 0.2536 - acc: 0.9344
 670/1200 [===============>..............] - ETA: 0s - loss: 0.2478 - acc: 0.9388
 730/1200 [=================>............] - ETA: 0s - loss: 0.2462 - acc: 0.9397
 790/1200 [==================>...........] - ETA: 0s - loss: 0.2443 - acc: 0.9392
 850/1200 [====================>.........] - ETA: 0s - loss: 0.2415 - acc: 0.9412
 910/1200 [=====================>........] - ETA: 0s - loss: 0.2400 - acc: 0.9407
 970/1200 [=======================>......] - ETA: 0s - loss: 0.2398 - acc: 0.9392
1030/1200 [========================>.....] - ETA: 0s - loss: 0.2393 - acc: 0.9388
1090/1200 [==========================>...] - ETA: 0s - loss: 0.2338 - acc: 0.9422
1150/1200 [===========================>..] - ETA: 0s - loss: 0.2331 - acc: 0.9435
1200/1200 [==============================] - 1s 904us/step - loss: 0.2312 - acc: 0.9458 - val_loss: 0.8390 - val_acc: 0.6471
Current time ....1.085
Train on 3900 samples, validate on 99 samples
Epoch 1/1

  10/3900 [..............................] - ETA: 3s - loss: 1.1650 - acc: 0.6000
  70/3900 [..............................] - ETA: 3s - loss: 1.0911 - acc: 0.6571
 130/3900 [>.............................] - ETA: 3s - loss: 1.1766 - acc: 0.6231
 190/3900 [>.............................] - ETA: 3s - loss: 1.1717 - acc: 0.6211
 250/3900 [>.............................] - ETA: 3s - loss: 1.1621 - acc: 0.6240
 310/3900 [=>............................] - ETA: 3s - loss: 1.1776 - acc: 0.6097
 370/3900 [=>............................] - ETA: 3s - loss: 1.1783 - acc: 0.6054
 430/3900 [==>...........................] - ETA: 3s - loss: 1.1676 - acc: 0.6186
 490/3900 [==>...........................] - ETA: 3s - loss: 1.1739 - acc: 0.6184
 550/3900 [===>..........................] - ETA: 3s - loss: 1.1563 - acc: 0.6291
 610/3900 [===>..........................] - ETA: 2s - loss: 1.1380 - acc: 0.6410
 670/3900 [====>.........................] - ETA: 2s - loss: 1.1517 - acc: 0.6343
 730/3900 [====>.........................] - ETA: 2s - loss: 1.1465 - acc: 0.6329
 790/3900 [=====>........................] - ETA: 2s - loss: 1.1441 - acc: 0.6304
 850/3900 [=====>........................] - ETA: 2s - loss: 1.1335 - acc: 0.6365
 910/3900 [======>.......................] - ETA: 2s - loss: 1.1214 - acc: 0.6407
 970/3900 [======>.......................] - ETA: 2s - loss: 1.1227 - acc: 0.6423
1030/3900 [======>.......................] - ETA: 2s - loss: 1.1212 - acc: 0.6417
1090/3900 [=======>......................] - ETA: 2s - loss: 1.1288 - acc: 0.6385
1150/3900 [=======>......................] - ETA: 2s - loss: 1.1207 - acc: 0.6443
1210/3900 [========>.....................] - ETA: 2s - loss: 1.1142 - acc: 0.6496
1270/3900 [========>.....................] - ETA: 2s - loss: 1.1194 - acc: 0.6465
1330/3900 [=========>....................] - ETA: 2s - loss: 1.1143 - acc: 0.6474
1390/3900 [=========>....................] - ETA: 2s - loss: 1.1195 - acc: 0.6439
1450/3900 [==========>...................] - ETA: 2s - loss: 1.1208 - acc: 0.6428
1510/3900 [==========>...................] - ETA: 2s - loss: 1.1172 - acc: 0.6437
1570/3900 [===========>..................] - ETA: 2s - loss: 1.1172 - acc: 0.6427
1630/3900 [===========>..................] - ETA: 2s - loss: 1.1122 - acc: 0.6442
1690/3900 [============>.................] - ETA: 1s - loss: 1.1159 - acc: 0.6420
1750/3900 [============>.................] - ETA: 1s - loss: 1.1084 - acc: 0.6440
1810/3900 [============>.................] - ETA: 1s - loss: 1.1073 - acc: 0.6459
1870/3900 [=============>................] - ETA: 1s - loss: 1.1013 - acc: 0.6497
1930/3900 [=============>................] - ETA: 1s - loss: 1.0988 - acc: 0.6497
1990/3900 [==============>...............] - ETA: 1s - loss: 1.0998 - acc: 0.6492
2050/3900 [==============>...............] - ETA: 1s - loss: 1.0977 - acc: 0.6507
2110/3900 [===============>..............] - ETA: 1s - loss: 1.0981 - acc: 0.6502
2170/3900 [===============>..............] - ETA: 1s - loss: 1.0957 - acc: 0.6525
2230/3900 [================>.............] - ETA: 1s - loss: 1.0906 - acc: 0.6547
2290/3900 [================>.............] - ETA: 1s - loss: 1.0916 - acc: 0.6528
2350/3900 [=================>............] - ETA: 1s - loss: 1.0904 - acc: 0.6536
2410/3900 [=================>............] - ETA: 1s - loss: 1.0892 - acc: 0.6548
2470/3900 [==================>...........] - ETA: 1s - loss: 1.0903 - acc: 0.6518
2530/3900 [==================>...........] - ETA: 1s - loss: 1.0888 - acc: 0.6530
2590/3900 [==================>...........] - ETA: 1s - loss: 1.0873 - acc: 0.6525
2650/3900 [===================>..........] - ETA: 1s - loss: 1.0841 - acc: 0.6551
2710/3900 [===================>..........] - ETA: 1s - loss: 1.0815 - acc: 0.6561
2770/3900 [====================>.........] - ETA: 1s - loss: 1.0836 - acc: 0.6552
2830/3900 [====================>.........] - ETA: 0s - loss: 1.0801 - acc: 0.6569
2890/3900 [=====================>........] - ETA: 0s - loss: 1.0781 - acc: 0.6571
2950/3900 [=====================>........] - ETA: 0s - loss: 1.0767 - acc: 0.6590
3010/3900 [======================>.......] - ETA: 0s - loss: 1.0741 - acc: 0.6585
3070/3900 [======================>.......] - ETA: 0s - loss: 1.0724 - acc: 0.6590
3130/3900 [=======================>......] - ETA: 0s - loss: 1.0690 - acc: 0.6610
3190/3900 [=======================>......] - ETA: 0s - loss: 1.0668 - acc: 0.6614
3250/3900 [========================>.....] - ETA: 0s - loss: 1.0626 - acc: 0.6628
3310/3900 [========================>.....] - ETA: 0s - loss: 1.0595 - acc: 0.6631
3370/3900 [========================>.....] - ETA: 0s - loss: 1.0569 - acc: 0.6644
3430/3900 [=========================>....] - ETA: 0s - loss: 1.0570 - acc: 0.6630
3490/3900 [=========================>....] - ETA: 0s - loss: 1.0563 - acc: 0.6630
3550/3900 [==========================>...] - ETA: 0s - loss: 1.0545 - acc: 0.6642
3610/3900 [==========================>...] - ETA: 0s - loss: 1.0541 - acc: 0.6640
3670/3900 [===========================>..] - ETA: 0s - loss: 1.0533 - acc: 0.6640
3730/3900 [===========================>..] - ETA: 0s - loss: 1.0530 - acc: 0.6638
3790/3900 [============================>.] - ETA: 0s - loss: 1.0534 - acc: 0.6636
3850/3900 [============================>.] - ETA: 0s - loss: 1.0543 - acc: 0.6629
3900/3900 [==============================] - 4s 907us/step - loss: 1.0505 - acc: 0.6646 - val_loss: 1.5440 - val_acc: 0.4646
Current time ....3.536
Train on 600 samples, validate on 86 samples
Epoch 1/1

 10/600 [..............................] - ETA: 0s - loss: 0.0853 - acc: 1.0000
 70/600 [==>...........................] - ETA: 0s - loss: 0.0774 - acc: 1.0000
130/600 [=====>........................] - ETA: 0s - loss: 0.0749 - acc: 0.9923
190/600 [========>.....................] - ETA: 0s - loss: 0.0798 - acc: 0.9947
250/600 [===========>..................] - ETA: 0s - loss: 0.0717 - acc: 0.9960
310/600 [==============>...............] - ETA: 0s - loss: 0.0672 - acc: 0.9968
370/600 [=================>............] - ETA: 0s - loss: 0.0680 - acc: 0.9946
430/600 [====================>.........] - ETA: 0s - loss: 0.0624 - acc: 0.9953
490/600 [=======================>......] - ETA: 0s - loss: 0.0602 - acc: 0.9959
550/600 [==========================>...] - ETA: 0s - loss: 0.0602 - acc: 0.9964
600/600 [==============================] - 1s 920us/step - loss: 0.0592 - acc: 0.9967 - val_loss: 0.3918 - val_acc: 0.9186
Current time ....0.552
Train on 1200 samples, validate on 68 samples
Epoch 1/1

  10/1200 [..............................] - ETA: 1s - loss: 0.1839 - acc: 1.0000
  70/1200 [>.............................] - ETA: 1s - loss: 0.1816 - acc: 0.9571
 130/1200 [==>...........................] - ETA: 0s - loss: 0.1820 - acc: 0.9769
 190/1200 [===>..........................] - ETA: 0s - loss: 0.1765 - acc: 0.9789
 250/1200 [=====>........................] - ETA: 0s - loss: 0.1608 - acc: 0.9840
 310/1200 [======>.......................] - ETA: 0s - loss: 0.1772 - acc: 0.9742
 370/1200 [========>.....................] - ETA: 0s - loss: 0.1747 - acc: 0.9730
 430/1200 [=========>....................] - ETA: 0s - loss: 0.1845 - acc: 0.9744
 490/1200 [===========>..................] - ETA: 0s - loss: 0.1779 - acc: 0.9755
 550/1200 [============>.................] - ETA: 0s - loss: 0.1723 - acc: 0.9764
 610/1200 [==============>...............] - ETA: 0s - loss: 0.1684 - acc: 0.9754
 670/1200 [===============>..............] - ETA: 0s - loss: 0.1635 - acc: 0.9776
 730/1200 [=================>............] - ETA: 0s - loss: 0.1651 - acc: 0.9740
 790/1200 [==================>...........] - ETA: 0s - loss: 0.1690 - acc: 0.9734
 850/1200 [====================>.........] - ETA: 0s - loss: 0.1735 - acc: 0.9706
 910/1200 [=====================>........] - ETA: 0s - loss: 0.1710 - acc: 0.9714
 970/1200 [=======================>......] - ETA: 0s - loss: 0.1677 - acc: 0.9722
1030/1200 [========================>.....] - ETA: 0s - loss: 0.1656 - acc: 0.9718
1090/1200 [==========================>...] - ETA: 0s - loss: 0.1671 - acc: 0.9697
1150/1200 [===========================>..] - ETA: 0s - loss: 0.1666 - acc: 0.9696
1200/1200 [==============================] - 1s 901us/step - loss: 0.1664 - acc: 0.9708 - val_loss: 0.8687 - val_acc: 0.6618
Current time ....1.082
Train on 3900 samples, validate on 99 samples
Epoch 1/1

  10/3900 [..............................] - ETA: 3s - loss: 1.5706 - acc: 0.5000
  70/3900 [..............................] - ETA: 3s - loss: 1.0266 - acc: 0.6857
 130/3900 [>.............................] - ETA: 3s - loss: 1.0086 - acc: 0.6846
 190/3900 [>.............................] - ETA: 3s - loss: 0.9776 - acc: 0.7000
 250/3900 [>.............................] - ETA: 3s - loss: 0.9680 - acc: 0.7040
 310/3900 [=>............................] - ETA: 3s - loss: 0.9677 - acc: 0.6806
 370/3900 [=>............................] - ETA: 3s - loss: 0.9382 - acc: 0.6973
 430/3900 [==>...........................] - ETA: 3s - loss: 0.9472 - acc: 0.6930
 490/3900 [==>...........................] - ETA: 3s - loss: 0.9443 - acc: 0.6878
 550/3900 [===>..........................] - ETA: 3s - loss: 0.9378 - acc: 0.6855
 610/3900 [===>..........................] - ETA: 2s - loss: 0.9462 - acc: 0.6754
 670/3900 [====>.........................] - ETA: 2s - loss: 0.9406 - acc: 0.6836
 730/3900 [====>.........................] - ETA: 2s - loss: 0.9215 - acc: 0.6904
 790/3900 [=====>........................] - ETA: 2s - loss: 0.9036 - acc: 0.7013
 850/3900 [=====>........................] - ETA: 2s - loss: 0.8997 - acc: 0.7000
 910/3900 [======>.......................] - ETA: 2s - loss: 0.9103 - acc: 0.6967
 970/3900 [======>.......................] - ETA: 2s - loss: 0.9195 - acc: 0.6928
1030/3900 [======>.......................] - ETA: 2s - loss: 0.9171 - acc: 0.6951
1090/3900 [=======>......................] - ETA: 2s - loss: 0.9154 - acc: 0.6954
1150/3900 [=======>......................] - ETA: 2s - loss: 0.9140 - acc: 0.6957
1210/3900 [========>.....................] - ETA: 2s - loss: 0.9080 - acc: 0.7017
1270/3900 [========>.....................] - ETA: 2s - loss: 0.9070 - acc: 0.7016
1330/3900 [=========>....................] - ETA: 2s - loss: 0.9117 - acc: 0.6985
1390/3900 [=========>....................] - ETA: 2s - loss: 0.9128 - acc: 0.7007
1450/3900 [==========>...................] - ETA: 2s - loss: 0.9120 - acc: 0.7000
1510/3900 [==========>...................] - ETA: 2s - loss: 0.9090 - acc: 0.7026
1570/3900 [===========>..................] - ETA: 2s - loss: 0.9051 - acc: 0.7045
1630/3900 [===========>..................] - ETA: 2s - loss: 0.9040 - acc: 0.7055
1690/3900 [============>.................] - ETA: 1s - loss: 0.9000 - acc: 0.7071
1750/3900 [============>.................] - ETA: 1s - loss: 0.9002 - acc: 0.7069
1810/3900 [============>.................] - ETA: 1s - loss: 0.9006 - acc: 0.7050
1870/3900 [=============>................] - ETA: 1s - loss: 0.9034 - acc: 0.7032
1930/3900 [=============>................] - ETA: 1s - loss: 0.9029 - acc: 0.7047
1990/3900 [==============>...............] - ETA: 1s - loss: 0.9041 - acc: 0.7040
2050/3900 [==============>...............] - ETA: 1s - loss: 0.8987 - acc: 0.7078
2110/3900 [===============>..............] - ETA: 1s - loss: 0.8986 - acc: 0.7066
2170/3900 [===============>..............] - ETA: 1s - loss: 0.8960 - acc: 0.7065
2230/3900 [================>.............] - ETA: 1s - loss: 0.8913 - acc: 0.7081
2290/3900 [================>.............] - ETA: 1s - loss: 0.8885 - acc: 0.7096
2350/3900 [=================>............] - ETA: 1s - loss: 0.8857 - acc: 0.7119
2410/3900 [=================>............] - ETA: 1s - loss: 0.8864 - acc: 0.7116
2470/3900 [==================>...........] - ETA: 1s - loss: 0.8849 - acc: 0.7126
2530/3900 [==================>...........] - ETA: 1s - loss: 0.8842 - acc: 0.7126
2590/3900 [==================>...........] - ETA: 1s - loss: 0.8822 - acc: 0.7139
2650/3900 [===================>..........] - ETA: 1s - loss: 0.8782 - acc: 0.7143
2710/3900 [===================>..........] - ETA: 1s - loss: 0.8763 - acc: 0.7162
2770/3900 [====================>.........] - ETA: 1s - loss: 0.8726 - acc: 0.7173
2830/3900 [====================>.........] - ETA: 0s - loss: 0.8697 - acc: 0.7194
2890/3900 [=====================>........] - ETA: 0s - loss: 0.8675 - acc: 0.7204
2950/3900 [=====================>........] - ETA: 0s - loss: 0.8684 - acc: 0.7193
3010/3900 [======================>.......] - ETA: 0s - loss: 0.8691 - acc: 0.7186
3070/3900 [======================>.......] - ETA: 0s - loss: 0.8662 - acc: 0.7205
3130/3900 [=======================>......] - ETA: 0s - loss: 0.8650 - acc: 0.7211
3190/3900 [=======================>......] - ETA: 0s - loss: 0.8613 - acc: 0.7226
3250/3900 [========================>.....] - ETA: 0s - loss: 0.8631 - acc: 0.7209
3310/3900 [========================>.....] - ETA: 0s - loss: 0.8638 - acc: 0.7202
3370/3900 [========================>.....] - ETA: 0s - loss: 0.8609 - acc: 0.7217
3430/3900 [=========================>....] - ETA: 0s - loss: 0.8590 - acc: 0.7224
3490/3900 [=========================>....] - ETA: 0s - loss: 0.8552 - acc: 0.7241
3550/3900 [==========================>...] - ETA: 0s - loss: 0.8541 - acc: 0.7256
3610/3900 [==========================>...] - ETA: 0s - loss: 0.8517 - acc: 0.7266
3670/3900 [===========================>..] - ETA: 0s - loss: 0.8524 - acc: 0.7256
3730/3900 [===========================>..] - ETA: 0s - loss: 0.8547 - acc: 0.7252
3790/3900 [============================>.] - ETA: 0s - loss: 0.8561 - acc: 0.7240
3850/3900 [============================>.] - ETA: 0s - loss: 0.8553 - acc: 0.7234
3900/3900 [==============================] - 4s 907us/step - loss: 0.8544 - acc: 0.7233 - val_loss: 1.5102 - val_acc: 0.4545
Current time ....3.537
Train on 600 samples, validate on 86 samples
Epoch 1/1

 10/600 [..............................] - ETA: 0s - loss: 0.1242 - acc: 0.9000
 70/600 [==>...........................] - ETA: 0s - loss: 0.0490 - acc: 0.9857
130/600 [=====>........................] - ETA: 0s - loss: 0.0440 - acc: 0.9923
190/600 [========>.....................] - ETA: 0s - loss: 0.0442 - acc: 0.9947
250/600 [===========>..................] - ETA: 0s - loss: 0.0416 - acc: 0.9960
310/600 [==============>...............] - ETA: 0s - loss: 0.0408 - acc: 0.9968
370/600 [=================>............] - ETA: 0s - loss: 0.0427 - acc: 0.9973
430/600 [====================>.........] - ETA: 0s - loss: 0.0458 - acc: 0.9930
490/600 [=======================>......] - ETA: 0s - loss: 0.0455 - acc: 0.9939
550/600 [==========================>...] - ETA: 0s - loss: 0.0460 - acc: 0.9945
600/600 [==============================] - 1s 925us/step - loss: 0.0462 - acc: 0.9950 - val_loss: 0.4079 - val_acc: 0.9186
Current time ....0.555
Train on 1200 samples, validate on 68 samples
Epoch 1/1

  10/1200 [..............................] - ETA: 1s - loss: 0.1145 - acc: 1.0000
  70/1200 [>.............................] - ETA: 1s - loss: 0.1670 - acc: 0.9571
 130/1200 [==>...........................] - ETA: 0s - loss: 0.1681 - acc: 0.9538
 190/1200 [===>..........................] - ETA: 0s - loss: 0.1732 - acc: 0.9579
 250/1200 [=====>........................] - ETA: 0s - loss: 0.1535 - acc: 0.9600
 310/1200 [======>.......................] - ETA: 0s - loss: 0.1541 - acc: 0.9581
 370/1200 [========>.....................] - ETA: 0s - loss: 0.1473 - acc: 0.9649
 430/1200 [=========>....................] - ETA: 0s - loss: 0.1478 - acc: 0.9674
 490/1200 [===========>..................] - ETA: 0s - loss: 0.1467 - acc: 0.9714
 550/1200 [============>.................] - ETA: 0s - loss: 0.1436 - acc: 0.9727
 610/1200 [==============>...............] - ETA: 0s - loss: 0.1380 - acc: 0.9754
 670/1200 [===============>..............] - ETA: 0s - loss: 0.1385 - acc: 0.9731
 730/1200 [=================>............] - ETA: 0s - loss: 0.1351 - acc: 0.9753
 790/1200 [==================>...........] - ETA: 0s - loss: 0.1330 - acc: 0.9772
 850/1200 [====================>.........] - ETA: 0s - loss: 0.1308 - acc: 0.9788
 910/1200 [=====================>........] - ETA: 0s - loss: 0.1309 - acc: 0.9791
 970/1200 [=======================>......] - ETA: 0s - loss: 0.1304 - acc: 0.9794
1030/1200 [========================>.....] - ETA: 0s - loss: 0.1309 - acc: 0.9786
1090/1200 [==========================>...] - ETA: 0s - loss: 0.1304 - acc: 0.9780
1150/1200 [===========================>..] - ETA: 0s - loss: 0.1296 - acc: 0.9774
1200/1200 [==============================] - 1s 904us/step - loss: 0.1285 - acc: 0.9775 - val_loss: 0.8195 - val_acc: 0.6912
Current time ....1.086
Train on 3900 samples, validate on 99 samples
Epoch 1/1

  10/3900 [..............................] - ETA: 3s - loss: 0.5573 - acc: 0.8000
  70/3900 [..............................] - ETA: 3s - loss: 0.6782 - acc: 0.8143
 130/3900 [>.............................] - ETA: 3s - loss: 0.6982 - acc: 0.7692
 190/3900 [>.............................] - ETA: 3s - loss: 0.7156 - acc: 0.7632
 250/3900 [>.............................] - ETA: 3s - loss: 0.7271 - acc: 0.7640
 310/3900 [=>............................] - ETA: 3s - loss: 0.7124 - acc: 0.7742
 370/3900 [=>............................] - ETA: 3s - loss: 0.7049 - acc: 0.7811
 430/3900 [==>...........................] - ETA: 3s - loss: 0.7131 - acc: 0.7698
 490/3900 [==>...........................] - ETA: 3s - loss: 0.7011 - acc: 0.7694
 550/3900 [===>..........................] - ETA: 3s - loss: 0.6979 - acc: 0.7673
 610/3900 [===>..........................] - ETA: 2s - loss: 0.7034 - acc: 0.7656
 670/3900 [====>.........................] - ETA: 2s - loss: 0.7132 - acc: 0.7597
 730/3900 [====>.........................] - ETA: 2s - loss: 0.7179 - acc: 0.7575
 790/3900 [=====>........................] - ETA: 2s - loss: 0.7276 - acc: 0.7494
 850/3900 [=====>........................] - ETA: 2s - loss: 0.7339 - acc: 0.7447
 910/3900 [======>.......................] - ETA: 2s - loss: 0.7274 - acc: 0.7462
 970/3900 [======>.......................] - ETA: 2s - loss: 0.7241 - acc: 0.7495
1030/3900 [======>.......................] - ETA: 2s - loss: 0.7294 - acc: 0.7495
1090/3900 [=======>......................] - ETA: 2s - loss: 0.7358 - acc: 0.7431
1150/3900 [=======>......................] - ETA: 2s - loss: 0.7365 - acc: 0.7443
1210/3900 [========>.....................] - ETA: 2s - loss: 0.7348 - acc: 0.7471
1270/3900 [========>.....................] - ETA: 2s - loss: 0.7321 - acc: 0.7512
1330/3900 [=========>....................] - ETA: 2s - loss: 0.7303 - acc: 0.7556
1390/3900 [=========>....................] - ETA: 2s - loss: 0.7297 - acc: 0.7576
1450/3900 [==========>...................] - ETA: 2s - loss: 0.7297 - acc: 0.7586
1510/3900 [==========>...................] - ETA: 2s - loss: 0.7304 - acc: 0.7583
1570/3900 [===========>..................] - ETA: 2s - loss: 0.7312 - acc: 0.7586
1630/3900 [===========>..................] - ETA: 2s - loss: 0.7290 - acc: 0.7595
1690/3900 [============>.................] - ETA: 1s - loss: 0.7231 - acc: 0.7621
1750/3900 [============>.................] - ETA: 1s - loss: 0.7220 - acc: 0.7611
1810/3900 [============>.................] - ETA: 1s - loss: 0.7275 - acc: 0.7580
1870/3900 [=============>................] - ETA: 1s - loss: 0.7232 - acc: 0.7599
1930/3900 [=============>................] - ETA: 1s - loss: 0.7270 - acc: 0.7580
1990/3900 [==============>...............] - ETA: 1s - loss: 0.7269 - acc: 0.7558
2050/3900 [==============>...............] - ETA: 1s - loss: 0.7274 - acc: 0.7561
2110/3900 [===============>..............] - ETA: 1s - loss: 0.7245 - acc: 0.7573
2170/3900 [===============>..............] - ETA: 1s - loss: 0.7191 - acc: 0.7608
2230/3900 [================>.............] - ETA: 1s - loss: 0.7167 - acc: 0.7610
2290/3900 [================>.............] - ETA: 1s - loss: 0.7138 - acc: 0.7642
2350/3900 [=================>............] - ETA: 1s - loss: 0.7124 - acc: 0.7655
2410/3900 [=================>............] - ETA: 1s - loss: 0.7107 - acc: 0.7656
2470/3900 [==================>...........] - ETA: 1s - loss: 0.7073 - acc: 0.7676
2530/3900 [==================>...........] - ETA: 1s - loss: 0.7065 - acc: 0.7684
2590/3900 [==================>...........] - ETA: 1s - loss: 0.7063 - acc: 0.7676
2650/3900 [===================>..........] - ETA: 1s - loss: 0.7069 - acc: 0.7679
2710/3900 [===================>..........] - ETA: 1s - loss: 0.7064 - acc: 0.7675
2770/3900 [====================>.........] - ETA: 1s - loss: 0.7058 - acc: 0.7675
2830/3900 [====================>.........] - ETA: 0s - loss: 0.7048 - acc: 0.7668
2890/3900 [=====================>........] - ETA: 0s - loss: 0.7067 - acc: 0.7661
2950/3900 [=====================>........] - ETA: 0s - loss: 0.7067 - acc: 0.7664
3010/3900 [======================>.......] - ETA: 0s - loss: 0.7091 - acc: 0.7658
3070/3900 [======================>.......] - ETA: 0s - loss: 0.7090 - acc: 0.7658
3130/3900 [=======================>......] - ETA: 0s - loss: 0.7074 - acc: 0.7661
3190/3900 [=======================>......] - ETA: 0s - loss: 0.7081 - acc: 0.7655
3250/3900 [========================>.....] - ETA: 0s - loss: 0.7091 - acc: 0.7643
3310/3900 [========================>.....] - ETA: 0s - loss: 0.7071 - acc: 0.7659
3370/3900 [========================>.....] - ETA: 0s - loss: 0.7076 - acc: 0.7650
3430/3900 [=========================>....] - ETA: 0s - loss: 0.7061 - acc: 0.7653
3490/3900 [=========================>....] - ETA: 0s - loss: 0.7054 - acc: 0.7656
3550/3900 [==========================>...] - ETA: 0s - loss: 0.7040 - acc: 0.7659
3610/3900 [==========================>...] - ETA: 0s - loss: 0.7025 - acc: 0.7665
3670/3900 [===========================>..] - ETA: 0s - loss: 0.7003 - acc: 0.7673
3730/3900 [===========================>..] - ETA: 0s - loss: 0.6984 - acc: 0.7684
3790/3900 [============================>.] - ETA: 0s - loss: 0.6953 - acc: 0.7702
3850/3900 [============================>.] - ETA: 0s - loss: 0.6941 - acc: 0.7712
3900/3900 [==============================] - 4s 906us/step - loss: 0.6962 - acc: 0.7705 - val_loss: 1.5969 - val_acc: 0.4747
Current time ....3.533
Train on 600 samples, validate on 86 samples
Epoch 1/1

 10/600 [..............................] - ETA: 0s - loss: 0.0210 - acc: 1.0000
 70/600 [==>...........................] - ETA: 0s - loss: 0.0563 - acc: 0.9857
130/600 [=====>........................] - ETA: 0s - loss: 0.0463 - acc: 0.9923
190/600 [========>.....................] - ETA: 0s - loss: 0.0441 - acc: 0.9895
250/600 [===========>..................] - ETA: 0s - loss: 0.0409 - acc: 0.9920
310/600 [==============>...............] - ETA: 0s - loss: 0.0408 - acc: 0.9935
370/600 [=================>............] - ETA: 0s - loss: 0.0401 - acc: 0.9946
430/600 [====================>.........] - ETA: 0s - loss: 0.0410 - acc: 0.9930
490/600 [=======================>......] - ETA: 0s - loss: 0.0396 - acc: 0.9939
550/600 [==========================>...] - ETA: 0s - loss: 0.0372 - acc: 0.9945
600/600 [==============================] - 1s 920us/step - loss: 0.0378 - acc: 0.9950 - val_loss: 0.4321 - val_acc: 0.9186
Current time ....0.552
Train on 1200 samples, validate on 68 samples
Epoch 1/1

  10/1200 [..............................] - ETA: 1s - loss: 0.0233 - acc: 1.0000
  70/1200 [>.............................] - ETA: 1s - loss: 0.0996 - acc: 0.9714
 130/1200 [==>...........................] - ETA: 0s - loss: 0.1035 - acc: 0.9769
 190/1200 [===>..........................] - ETA: 0s - loss: 0.1003 - acc: 0.9789
 250/1200 [=====>........................] - ETA: 0s - loss: 0.0949 - acc: 0.9840
 310/1200 [======>.......................] - ETA: 0s - loss: 0.0892 - acc: 0.9871
 370/1200 [========>.....................] - ETA: 0s - loss: 0.0951 - acc: 0.9838
 430/1200 [=========>....................] - ETA: 0s - loss: 0.0972 - acc: 0.9814
 490/1200 [===========>..................] - ETA: 0s - loss: 0.0959 - acc: 0.9837
 550/1200 [============>.................] - ETA: 0s - loss: 0.0945 - acc: 0.9855
 610/1200 [==============>...............] - ETA: 0s - loss: 0.0927 - acc: 0.9852
 670/1200 [===============>..............] - ETA: 0s - loss: 0.0915 - acc: 0.9866
 730/1200 [=================>............] - ETA: 0s - loss: 0.0894 - acc: 0.9877
 790/1200 [==================>...........] - ETA: 0s - loss: 0.0892 - acc: 0.9873
 850/1200 [====================>.........] - ETA: 0s - loss: 0.0893 - acc: 0.9871
 910/1200 [=====================>........] - ETA: 0s - loss: 0.0881 - acc: 0.9879
 970/1200 [=======================>......] - ETA: 0s - loss: 0.0893 - acc: 0.9887
1030/1200 [========================>.....] - ETA: 0s - loss: 0.0885 - acc: 0.9893
1090/1200 [==========================>...] - ETA: 0s - loss: 0.0878 - acc: 0.9890
1150/1200 [===========================>..] - ETA: 0s - loss: 0.0868 - acc: 0.9896
1200/1200 [==============================] - 1s 904us/step - loss: 0.0867 - acc: 0.9900 - val_loss: 0.9468 - val_acc: 0.6765
Current time ....1.085

32/99 [========>.....................] - ETA: 0s
99/99 [==============================] - 0s 98us/step
In EVALUATE loss:  [1.5968505830475779, 0.47474747504850828]

32/86 [==========>...................] - ETA: 0s
86/86 [==============================] - 0s 82us/step
In EVALUATE loss:  [0.43212064338284867, 0.91860465393509971]

32/68 [=============>................] - ETA: 0s
68/68 [==============================] - 0s 94us/step
In EVALUATE loss:  [0.94682164051953488, 0.67647058823529416]
Task 1 : Primary site - Macro F1 score 0.268067556766
Task 1 : Primary site - Micro F1 score 0.474747474747
Task 2 : Tumor laterality - Macro F1 score 0.918593644354
Task 2 : Tumor laterality - Micro F1 score 0.918604651163
Task 3 : Histological grade - Macro F1 score 0.511029411765
Task 3 : Histological grade - Micro F1 score 0.676470588235
Average loss:  0.99193095565
