Importing candle utils for keras
Configuration file:  /gpfs/mira-home/apeck/Modified_Benchmarks/Pilot3/P3B1/p3b1_default_model.txt
{'activation': 'relu',
 'batch_size': 10,
 'data_url': 'ftp://ftp.mcs.anl.gov/pub/candle/public/benchmarks/P3B1/',
 'drop': 0.0,
 'epochs': 10,
 'feature_names': 'Primary site:Tumor laterality:Histological grade',
 'ind_nnet_spec': [[2400, 2400, 1200, 1200],
                   [2400, 2400, 1200, 1200],
                   [2400, 2400, 1200, 1200]],
 'initialization': 'glorot_uniform',
 'learning_rate': 0.01,
 'loss': 'categorical_crossentropy',
 'metrics': 'accuracy',
 'model_name': 'p3b1',
 'n_fold': 1,
 'optimizer': 'sgd',
 'out_activation': 'softmax',
 'output_dir': '.',
 'scaling': 'none',
 'shared_nnet_spec': [1200,
                      2400,
                      3600,
                      3600,
                      3600,
                      3600,
                      3600,
                      3600,
                      3600,
                      2400],
 'shuffle': True,
 'timeout': 1800,
 'train_data': 'P3B1_data.tar.gz'}
Params:
{'activation': 'relu',
 'batch_size': 10,
 'case': 'CenterZ',
 'data_url': 'ftp://ftp.mcs.anl.gov/pub/candle/public/benchmarks/P3B1/',
 'datatype': <class 'numpy.float32'>,
 'drop': 0.0,
 'epochs': 10,
 'experiment_id': 'EXP000',
 'feature_names': 'Primary site:Tumor laterality:Histological grade',
 'fig': False,
 'gpus': [],
 'ind_nnet_spec': [[2400, 2400, 1200, 1200],
                   [2400, 2400, 1200, 1200],
                   [2400, 2400, 1200, 1200]],
 'initialization': 'glorot_uniform',
 'learning_rate': 0.01,
 'logfile': None,
 'loss': 'categorical_crossentropy',
 'metrics': 'accuracy',
 'model_name': 'p3b1',
 'n_fold': 1,
 'optimizer': 'sgd',
 'out_activation': 'softmax',
 'output_dir': '/gpfs/mira-home/apeck/CANDLE_testing/avery_modified_results/p3_1',
 'output_files': 'result0_0.csv;result1_0.csv;result2_0.csv',
 'rng_seed': 7102,
 'run_id': 'RUN000',
 'scaling': 'none',
 'shared_nnet_spec': [1200,
                      2400,
                      3600,
                      3600,
                      3600,
                      3600,
                      3600,
                      3600,
                      3600,
                      2400],
 'shuffle': False,
 'timeout': 1800,
 'train_bool': True,
 'train_data': 'P3B1_data.tar.gz',
 'train_features': 'data/task0_0_train_feature.csv;data/task1_0_train_feature.csv;data/task2_0_train_feature.csv',
 'train_truths': 'data/task0_0_train_label.csv;data/task1_0_train_label.csv;data/task2_0_train_label.csv',
 'valid_features': 'data/task0_0_test_feature.csv;data/task1_0_test_feature.csv;data/task2_0_test_feature.csv',
 'valid_truths': 'data/task0_0_test_label.csv;data/task1_0_test_label.csv;data/task2_0_test_label.csv',
 'verbose': None}
Feature names:
Primary site
Tumor laterality
Histological grade
Model:  0
_________________________________________________________________
Layer (type)                 Output Shape              Param #   
=================================================================
input (InputLayer)           (None, 400)               0         
_________________________________________________________________
indiv_layer_0_0 (Dense)      (None, 2400)              962400    
_________________________________________________________________
indiv_layer_0_1 (Dense)      (None, 2400)              5762400   
_________________________________________________________________
indiv_layer_0_2 (Dense)      (None, 1200)              2881200   
_________________________________________________________________
indiv_layer_0_3 (Dense)      (None, 1200)              1441200   
_________________________________________________________________
out_0 (Dense)                (None, 13)                15613     
=================================================================
Total params: 11,062,813
Trainable params: 11,062,813
Non-trainable params: 0
_________________________________________________________________
Model:  1
_________________________________________________________________
Layer (type)                 Output Shape              Param #   
=================================================================
input (InputLayer)           (None, 400)               0         
_________________________________________________________________
indiv_layer_1_0 (Dense)      (None, 2400)              962400    
_________________________________________________________________
indiv_layer_1_1 (Dense)      (None, 2400)              5762400   
_________________________________________________________________
indiv_layer_1_2 (Dense)      (None, 1200)              2881200   
_________________________________________________________________
indiv_layer_1_3 (Dense)      (None, 1200)              1441200   
_________________________________________________________________
out_1 (Dense)                (None, 2)                 2402      
=================================================================
Total params: 11,049,602
Trainable params: 11,049,602
Non-trainable params: 0
_________________________________________________________________
Model:  2
_________________________________________________________________
Layer (type)                 Output Shape              Param #   
=================================================================
input (InputLayer)           (None, 400)               0         
_________________________________________________________________
indiv_layer_2_0 (Dense)      (None, 2400)              962400    
_________________________________________________________________
indiv_layer_2_1 (Dense)      (None, 2400)              5762400   
_________________________________________________________________
indiv_layer_2_2 (Dense)      (None, 1200)              2881200   
_________________________________________________________________
indiv_layer_2_3 (Dense)      (None, 1200)              1441200   
_________________________________________________________________
out_2 (Dense)                (None, 4)                 4804      
=================================================================
Total params: 11,052,004
Trainable params: 11,052,004
Non-trainable params: 0
_________________________________________________________________
Train on 3900 samples, validate on 99 samples
Epoch 1/1

  10/3900 [..............................] - ETA: 10:49 - loss: 2.5637 - acc: 0.2000
  60/3900 [..............................] - ETA: 1:50 - loss: 2.5670 - acc: 0.0500 
 110/3900 [..............................] - ETA: 1:01 - loss: 2.5667 - acc: 0.0545
 160/3900 [>.............................] - ETA: 43s - loss: 2.5659 - acc: 0.0688 
 210/3900 [>.............................] - ETA: 33s - loss: 2.5657 - acc: 0.0667
 260/3900 [=>............................] - ETA: 27s - loss: 2.5647 - acc: 0.0846
 310/3900 [=>............................] - ETA: 23s - loss: 2.5646 - acc: 0.0742
 370/3900 [=>............................] - ETA: 19s - loss: 2.5641 - acc: 0.0946
 430/3900 [==>...........................] - ETA: 17s - loss: 2.5640 - acc: 0.0907
 490/3900 [==>...........................] - ETA: 15s - loss: 2.5638 - acc: 0.0918
 550/3900 [===>..........................] - ETA: 13s - loss: 2.5638 - acc: 0.0873
 610/3900 [===>..........................] - ETA: 12s - loss: 2.5634 - acc: 0.0869
 670/3900 [====>.........................] - ETA: 11s - loss: 2.5632 - acc: 0.0910
 730/3900 [====>.........................] - ETA: 10s - loss: 2.5632 - acc: 0.0932
 790/3900 [=====>........................] - ETA: 9s - loss: 2.5627 - acc: 0.1038 
 850/3900 [=====>........................] - ETA: 8s - loss: 2.5624 - acc: 0.1129
 910/3900 [======>.......................] - ETA: 8s - loss: 2.5621 - acc: 0.1165
 970/3900 [======>.......................] - ETA: 7s - loss: 2.5619 - acc: 0.1196
1030/3900 [======>.......................] - ETA: 7s - loss: 2.5617 - acc: 0.1223
1090/3900 [=======>......................] - ETA: 7s - loss: 2.5614 - acc: 0.1220
1150/3900 [=======>......................] - ETA: 6s - loss: 2.5609 - acc: 0.1304
1210/3900 [========>.....................] - ETA: 6s - loss: 2.5607 - acc: 0.1264
1270/3900 [========>.....................] - ETA: 5s - loss: 2.5606 - acc: 0.1252
1330/3900 [=========>....................] - ETA: 5s - loss: 2.5604 - acc: 0.1233
1390/3900 [=========>....................] - ETA: 5s - loss: 2.5600 - acc: 0.1237
1450/3900 [==========>...................] - ETA: 5s - loss: 2.5599 - acc: 0.1248
1510/3900 [==========>...................] - ETA: 4s - loss: 2.5594 - acc: 0.1291
1570/3900 [===========>..................] - ETA: 4s - loss: 2.5594 - acc: 0.1261
1630/3900 [===========>..................] - ETA: 4s - loss: 2.5590 - acc: 0.1288
1690/3900 [============>.................] - ETA: 4s - loss: 2.5587 - acc: 0.1284
1750/3900 [============>.................] - ETA: 4s - loss: 2.5587 - acc: 0.1263
1810/3900 [============>.................] - ETA: 3s - loss: 2.5583 - acc: 0.1271
1870/3900 [=============>................] - ETA: 3s - loss: 2.5581 - acc: 0.1267
1930/3900 [=============>................] - ETA: 3s - loss: 2.5578 - acc: 0.1269
1990/3900 [==============>...............] - ETA: 3s - loss: 2.5577 - acc: 0.1266
2050/3900 [==============>...............] - ETA: 3s - loss: 2.5575 - acc: 0.1268
2110/3900 [===============>..............] - ETA: 3s - loss: 2.5572 - acc: 0.1294
2170/3900 [===============>..............] - ETA: 2s - loss: 2.5571 - acc: 0.1295
2230/3900 [================>.............] - ETA: 2s - loss: 2.5568 - acc: 0.1318
2290/3900 [================>.............] - ETA: 2s - loss: 2.5565 - acc: 0.1354
2350/3900 [=================>............] - ETA: 2s - loss: 2.5563 - acc: 0.1366
2410/3900 [=================>............] - ETA: 2s - loss: 2.5562 - acc: 0.1386
2470/3900 [==================>...........] - ETA: 2s - loss: 2.5560 - acc: 0.1457
2530/3900 [==================>...........] - ETA: 2s - loss: 2.5558 - acc: 0.1482
2590/3900 [==================>...........] - ETA: 2s - loss: 2.5555 - acc: 0.1517
2650/3900 [===================>..........] - ETA: 1s - loss: 2.5554 - acc: 0.1528
2710/3900 [===================>..........] - ETA: 1s - loss: 2.5552 - acc: 0.1539
2770/3900 [====================>.........] - ETA: 1s - loss: 2.5550 - acc: 0.1585
2830/3900 [====================>.........] - ETA: 1s - loss: 2.5547 - acc: 0.1615
2890/3900 [=====================>........] - ETA: 1s - loss: 2.5544 - acc: 0.1637
2950/3900 [=====================>........] - ETA: 1s - loss: 2.5543 - acc: 0.1637
3010/3900 [======================>.......] - ETA: 1s - loss: 2.5540 - acc: 0.1661
3070/3900 [======================>.......] - ETA: 1s - loss: 2.5538 - acc: 0.1674
3130/3900 [=======================>......] - ETA: 1s - loss: 2.5536 - acc: 0.1716
3190/3900 [=======================>......] - ETA: 1s - loss: 2.5533 - acc: 0.1749
3250/3900 [========================>.....] - ETA: 0s - loss: 2.5530 - acc: 0.1778
3310/3900 [========================>.....] - ETA: 0s - loss: 2.5527 - acc: 0.1828
3370/3900 [========================>.....] - ETA: 0s - loss: 2.5525 - acc: 0.1849
3430/3900 [=========================>....] - ETA: 0s - loss: 2.5522 - acc: 0.1866
3490/3900 [=========================>....] - ETA: 0s - loss: 2.5520 - acc: 0.1880
3550/3900 [==========================>...] - ETA: 0s - loss: 2.5517 - acc: 0.1913
3610/3900 [==========================>...] - ETA: 0s - loss: 2.5514 - acc: 0.1931
3670/3900 [===========================>..] - ETA: 0s - loss: 2.5512 - acc: 0.1954
3730/3900 [===========================>..] - ETA: 0s - loss: 2.5509 - acc: 0.1995
3790/3900 [============================>.] - ETA: 0s - loss: 2.5507 - acc: 0.2013
3850/3900 [============================>.] - ETA: 0s - loss: 2.5505 - acc: 0.2036
3900/3900 [==============================] - 5s 1ms/step - loss: 2.5503 - acc: 0.2054 - val_loss: 2.5404 - val_acc: 0.2020
Current time ....5.254
Train on 600 samples, validate on 86 samples
Epoch 1/1

 10/600 [..............................] - ETA: 18s - loss: 0.6917 - acc: 0.6000
 70/600 [==>...........................] - ETA: 2s - loss: 0.6926 - acc: 0.5286 
130/600 [=====>........................] - ETA: 1s - loss: 0.6894 - acc: 0.5308
190/600 [========>.....................] - ETA: 1s - loss: 0.6889 - acc: 0.5316
250/600 [===========>..................] - ETA: 0s - loss: 0.6834 - acc: 0.5760
310/600 [==============>...............] - ETA: 0s - loss: 0.6794 - acc: 0.5968
370/600 [=================>............] - ETA: 0s - loss: 0.6757 - acc: 0.6324
430/600 [====================>.........] - ETA: 0s - loss: 0.6734 - acc: 0.6488
490/600 [=======================>......] - ETA: 0s - loss: 0.6693 - acc: 0.6796
550/600 [==========================>...] - ETA: 0s - loss: 0.6648 - acc: 0.7091
600/600 [==============================] - 1s 1ms/step - loss: 0.6614 - acc: 0.7217 - val_loss: 0.6388 - val_acc: 0.7442
Current time ....0.868
Train on 1200 samples, validate on 68 samples
Epoch 1/1

  10/1200 [..............................] - ETA: 29s - loss: 1.4190 - acc: 0.1000
  70/1200 [>.............................] - ETA: 4s - loss: 1.3839 - acc: 0.2429 
 130/1200 [==>...........................] - ETA: 2s - loss: 1.3768 - acc: 0.2308
 190/1200 [===>..........................] - ETA: 2s - loss: 1.3684 - acc: 0.2789
 250/1200 [=====>........................] - ETA: 1s - loss: 1.3651 - acc: 0.2840
 310/1200 [======>.......................] - ETA: 1s - loss: 1.3626 - acc: 0.2839
 370/1200 [========>.....................] - ETA: 1s - loss: 1.3608 - acc: 0.3027
 430/1200 [=========>....................] - ETA: 1s - loss: 1.3531 - acc: 0.3186
 490/1200 [===========>..................] - ETA: 0s - loss: 1.3509 - acc: 0.3327
 550/1200 [============>.................] - ETA: 0s - loss: 1.3475 - acc: 0.3491
 610/1200 [==============>...............] - ETA: 0s - loss: 1.3433 - acc: 0.3672
 670/1200 [===============>..............] - ETA: 0s - loss: 1.3376 - acc: 0.3896
 730/1200 [=================>............] - ETA: 0s - loss: 1.3282 - acc: 0.3973
 790/1200 [==================>...........] - ETA: 0s - loss: 1.3195 - acc: 0.4089
 850/1200 [====================>.........] - ETA: 0s - loss: 1.3169 - acc: 0.4129
 910/1200 [=====================>........] - ETA: 0s - loss: 1.3161 - acc: 0.4143
 970/1200 [=======================>......] - ETA: 0s - loss: 1.3144 - acc: 0.4155
1030/1200 [========================>.....] - ETA: 0s - loss: 1.3081 - acc: 0.4262
1090/1200 [==========================>...] - ETA: 0s - loss: 1.3039 - acc: 0.4330
1150/1200 [===========================>..] - ETA: 0s - loss: 1.2977 - acc: 0.4383
1200/1200 [==============================] - 1s 1ms/step - loss: 1.2943 - acc: 0.4442 - val_loss: 1.2685 - val_acc: 0.2647
Current time ....1.328
Train on 3900 samples, validate on 99 samples
Epoch 1/1

  10/3900 [..............................] - ETA: 3s - loss: 2.5303 - acc: 0.3000
  70/3900 [..............................] - ETA: 3s - loss: 2.5311 - acc: 0.3857
 130/3900 [>.............................] - ETA: 3s - loss: 2.5305 - acc: 0.4231
 190/3900 [>.............................] - ETA: 3s - loss: 2.5304 - acc: 0.4105
 250/3900 [>.............................] - ETA: 3s - loss: 2.5320 - acc: 0.3800
 310/3900 [=>............................] - ETA: 3s - loss: 2.5306 - acc: 0.3968
 370/3900 [=>............................] - ETA: 3s - loss: 2.5309 - acc: 0.3865
 430/3900 [==>...........................] - ETA: 3s - loss: 2.5305 - acc: 0.3977
 490/3900 [==>...........................] - ETA: 3s - loss: 2.5311 - acc: 0.3918
 550/3900 [===>..........................] - ETA: 2s - loss: 2.5310 - acc: 0.3927
 610/3900 [===>..........................] - ETA: 2s - loss: 2.5304 - acc: 0.4000
 670/3900 [====>.........................] - ETA: 2s - loss: 2.5298 - acc: 0.3970
 730/3900 [====>.........................] - ETA: 2s - loss: 2.5287 - acc: 0.4000
 790/3900 [=====>........................] - ETA: 2s - loss: 2.5283 - acc: 0.3873
 850/3900 [=====>........................] - ETA: 2s - loss: 2.5278 - acc: 0.3882
 910/3900 [======>.......................] - ETA: 2s - loss: 2.5278 - acc: 0.3780
 970/3900 [======>.......................] - ETA: 2s - loss: 2.5269 - acc: 0.3794
1030/3900 [======>.......................] - ETA: 2s - loss: 2.5268 - acc: 0.3709
1090/3900 [=======>......................] - ETA: 2s - loss: 2.5263 - acc: 0.3661
1150/3900 [=======>......................] - ETA: 2s - loss: 2.5256 - acc: 0.3661
1210/3900 [========>.....................] - ETA: 2s - loss: 2.5252 - acc: 0.3603
1270/3900 [========>.....................] - ETA: 2s - loss: 2.5249 - acc: 0.3630
1330/3900 [=========>....................] - ETA: 2s - loss: 2.5246 - acc: 0.3632
1390/3900 [=========>....................] - ETA: 2s - loss: 2.5240 - acc: 0.3662
1450/3900 [==========>...................] - ETA: 2s - loss: 2.5232 - acc: 0.3724
1510/3900 [==========>...................] - ETA: 2s - loss: 2.5228 - acc: 0.3715
1570/3900 [===========>..................] - ETA: 2s - loss: 2.5224 - acc: 0.3701
1630/3900 [===========>..................] - ETA: 2s - loss: 2.5219 - acc: 0.3675
1680/3900 [===========>..................] - ETA: 1s - loss: 2.5215 - acc: 0.3673
1740/3900 [============>.................] - ETA: 1s - loss: 2.5210 - acc: 0.3678
1800/3900 [============>.................] - ETA: 1s - loss: 2.5204 - acc: 0.3700
1860/3900 [=============>................] - ETA: 1s - loss: 2.5197 - acc: 0.3742
1920/3900 [=============>................] - ETA: 1s - loss: 2.5190 - acc: 0.3786
1980/3900 [==============>...............] - ETA: 1s - loss: 2.5183 - acc: 0.3798
2040/3900 [==============>...............] - ETA: 1s - loss: 2.5179 - acc: 0.3770
2100/3900 [===============>..............] - ETA: 1s - loss: 2.5172 - acc: 0.3771
2160/3900 [===============>..............] - ETA: 1s - loss: 2.5167 - acc: 0.3769
2220/3900 [================>.............] - ETA: 1s - loss: 2.5164 - acc: 0.3766
2280/3900 [================>.............] - ETA: 1s - loss: 2.5160 - acc: 0.3763
2340/3900 [=================>............] - ETA: 1s - loss: 2.5159 - acc: 0.3756
2400/3900 [=================>............] - ETA: 1s - loss: 2.5154 - acc: 0.3763
2460/3900 [=================>............] - ETA: 1s - loss: 2.5151 - acc: 0.3756
2520/3900 [==================>...........] - ETA: 1s - loss: 2.5148 - acc: 0.3746
2580/3900 [==================>...........] - ETA: 1s - loss: 2.5143 - acc: 0.3744
2640/3900 [===================>..........] - ETA: 1s - loss: 2.5140 - acc: 0.3731
2700/3900 [===================>..........] - ETA: 1s - loss: 2.5135 - acc: 0.3726
2760/3900 [====================>.........] - ETA: 1s - loss: 2.5130 - acc: 0.3707
2820/3900 [====================>.........] - ETA: 0s - loss: 2.5126 - acc: 0.3702
2880/3900 [=====================>........] - ETA: 0s - loss: 2.5121 - acc: 0.3719
2940/3900 [=====================>........] - ETA: 0s - loss: 2.5114 - acc: 0.3731
3000/3900 [======================>.......] - ETA: 0s - loss: 2.5109 - acc: 0.3703
3060/3900 [======================>.......] - ETA: 0s - loss: 2.5103 - acc: 0.3709
3120/3900 [=======================>......] - ETA: 0s - loss: 2.5097 - acc: 0.3734
3180/3900 [=======================>......] - ETA: 0s - loss: 2.5091 - acc: 0.3748
3240/3900 [=======================>......] - ETA: 0s - loss: 2.5085 - acc: 0.3756
3300/3900 [========================>.....] - ETA: 0s - loss: 2.5078 - acc: 0.3761
3360/3900 [========================>.....] - ETA: 0s - loss: 2.5071 - acc: 0.3765
3420/3900 [=========================>....] - ETA: 0s - loss: 2.5066 - acc: 0.3772
3480/3900 [=========================>....] - ETA: 0s - loss: 2.5061 - acc: 0.3773
3540/3900 [==========================>...] - ETA: 0s - loss: 2.5052 - acc: 0.3788
3600/3900 [==========================>...] - ETA: 0s - loss: 2.5046 - acc: 0.3775
3660/3900 [===========================>..] - ETA: 0s - loss: 2.5040 - acc: 0.3757
3720/3900 [===========================>..] - ETA: 0s - loss: 2.5034 - acc: 0.3753
3780/3900 [============================>.] - ETA: 0s - loss: 2.5028 - acc: 0.3775
3840/3900 [============================>.] - ETA: 0s - loss: 2.5021 - acc: 0.3771
3900/3900 [==============================] - 4s 899us/step - loss: 2.5013 - acc: 0.3782 - val_loss: 2.4872 - val_acc: 0.1717
Current time ....3.507
Train on 600 samples, validate on 86 samples
Epoch 1/1

 10/600 [..............................] - ETA: 0s - loss: 0.6248 - acc: 0.9000
 70/600 [==>...........................] - ETA: 0s - loss: 0.6332 - acc: 0.7429
130/600 [=====>........................] - ETA: 0s - loss: 0.6153 - acc: 0.8462
190/600 [========>.....................] - ETA: 0s - loss: 0.6109 - acc: 0.8842
250/600 [===========>..................] - ETA: 0s - loss: 0.5998 - acc: 0.8960
310/600 [==============>...............] - ETA: 0s - loss: 0.5931 - acc: 0.9065
370/600 [=================>............] - ETA: 0s - loss: 0.5890 - acc: 0.9081
430/600 [====================>.........] - ETA: 0s - loss: 0.5816 - acc: 0.9070
490/600 [=======================>......] - ETA: 0s - loss: 0.5734 - acc: 0.9122
550/600 [==========================>...] - ETA: 0s - loss: 0.5645 - acc: 0.9127
600/600 [==============================] - 1s 925us/step - loss: 0.5606 - acc: 0.9100 - val_loss: 0.5493 - val_acc: 0.8837
Current time ....0.555
Train on 1200 samples, validate on 68 samples
Epoch 1/1

  10/1200 [..............................] - ETA: 1s - loss: 1.1349 - acc: 0.8000
  70/1200 [>.............................] - ETA: 1s - loss: 1.1745 - acc: 0.6429
 130/1200 [==>...........................] - ETA: 0s - loss: 1.1854 - acc: 0.5692
 190/1200 [===>..........................] - ETA: 0s - loss: 1.1622 - acc: 0.5789
 250/1200 [=====>........................] - ETA: 0s - loss: 1.1718 - acc: 0.5920
 310/1200 [======>.......................] - ETA: 0s - loss: 1.1590 - acc: 0.6065
 370/1200 [========>.....................] - ETA: 0s - loss: 1.1466 - acc: 0.6162
 430/1200 [=========>....................] - ETA: 0s - loss: 1.1350 - acc: 0.6209
 490/1200 [===========>..................] - ETA: 0s - loss: 1.1370 - acc: 0.6204
 550/1200 [============>.................] - ETA: 0s - loss: 1.1246 - acc: 0.6255
 610/1200 [==============>...............] - ETA: 0s - loss: 1.1204 - acc: 0.6295
 670/1200 [===============>..............] - ETA: 0s - loss: 1.1107 - acc: 0.6284
 730/1200 [=================>............] - ETA: 0s - loss: 1.1075 - acc: 0.6233
 790/1200 [==================>...........] - ETA: 0s - loss: 1.1032 - acc: 0.6215
 850/1200 [====================>.........] - ETA: 0s - loss: 1.0976 - acc: 0.6259
 910/1200 [=====================>........] - ETA: 0s - loss: 1.0882 - acc: 0.6319
 970/1200 [=======================>......] - ETA: 0s - loss: 1.0814 - acc: 0.6340
1030/1200 [========================>.....] - ETA: 0s - loss: 1.0740 - acc: 0.6369
1090/1200 [==========================>...] - ETA: 0s - loss: 1.0680 - acc: 0.6376
1150/1200 [===========================>..] - ETA: 0s - loss: 1.0654 - acc: 0.6357
1200/1200 [==============================] - 1s 898us/step - loss: 1.0621 - acc: 0.6342 - val_loss: 1.1322 - val_acc: 0.3971
Current time ....1.077
Train on 3900 samples, validate on 99 samples
Epoch 1/1

  10/3900 [..............................] - ETA: 3s - loss: 2.4408 - acc: 0.4000
  70/3900 [..............................] - ETA: 3s - loss: 2.4600 - acc: 0.4000
 130/3900 [>.............................] - ETA: 3s - loss: 2.4559 - acc: 0.4231
 190/3900 [>.............................] - ETA: 3s - loss: 2.4517 - acc: 0.4737
 250/3900 [>.............................] - ETA: 3s - loss: 2.4509 - acc: 0.4680
 310/3900 [=>............................] - ETA: 3s - loss: 2.4472 - acc: 0.4774
 370/3900 [=>............................] - ETA: 3s - loss: 2.4446 - acc: 0.4784
 430/3900 [==>...........................] - ETA: 3s - loss: 2.4421 - acc: 0.4791
 490/3900 [==>...........................] - ETA: 3s - loss: 2.4418 - acc: 0.4796
 550/3900 [===>..........................] - ETA: 2s - loss: 2.4417 - acc: 0.4691
 610/3900 [===>..........................] - ETA: 2s - loss: 2.4400 - acc: 0.4689
 670/3900 [====>.........................] - ETA: 2s - loss: 2.4378 - acc: 0.4672
 730/3900 [====>.........................] - ETA: 2s - loss: 2.4367 - acc: 0.4616
 790/3900 [=====>........................] - ETA: 2s - loss: 2.4344 - acc: 0.4582
 850/3900 [=====>........................] - ETA: 2s - loss: 2.4335 - acc: 0.4565
 910/3900 [======>.......................] - ETA: 2s - loss: 2.4319 - acc: 0.4505
 970/3900 [======>.......................] - ETA: 2s - loss: 2.4307 - acc: 0.4526
1030/3900 [======>.......................] - ETA: 2s - loss: 2.4297 - acc: 0.4515
1090/3900 [=======>......................] - ETA: 2s - loss: 2.4289 - acc: 0.4495
1150/3900 [=======>......................] - ETA: 2s - loss: 2.4277 - acc: 0.4470
1210/3900 [========>.....................] - ETA: 2s - loss: 2.4255 - acc: 0.4488
1270/3900 [========>.....................] - ETA: 2s - loss: 2.4236 - acc: 0.4543
1330/3900 [=========>....................] - ETA: 2s - loss: 2.4218 - acc: 0.4571
1390/3900 [=========>....................] - ETA: 2s - loss: 2.4206 - acc: 0.4554
1450/3900 [==========>...................] - ETA: 2s - loss: 2.4197 - acc: 0.4524
1510/3900 [==========>...................] - ETA: 2s - loss: 2.4182 - acc: 0.4517
1570/3900 [===========>..................] - ETA: 2s - loss: 2.4162 - acc: 0.4541
1630/3900 [===========>..................] - ETA: 2s - loss: 2.4141 - acc: 0.4571
1690/3900 [============>.................] - ETA: 1s - loss: 2.4123 - acc: 0.4556
1750/3900 [============>.................] - ETA: 1s - loss: 2.4108 - acc: 0.4520
1810/3900 [============>.................] - ETA: 1s - loss: 2.4091 - acc: 0.4514
1870/3900 [=============>................] - ETA: 1s - loss: 2.4074 - acc: 0.4487
1930/3900 [=============>................] - ETA: 1s - loss: 2.4058 - acc: 0.4482
1990/3900 [==============>...............] - ETA: 1s - loss: 2.4038 - acc: 0.4487
2050/3900 [==============>...............] - ETA: 1s - loss: 2.4020 - acc: 0.4493
2110/3900 [===============>..............] - ETA: 1s - loss: 2.3997 - acc: 0.4474
2170/3900 [===============>..............] - ETA: 1s - loss: 2.3979 - acc: 0.4438
2230/3900 [================>.............] - ETA: 1s - loss: 2.3959 - acc: 0.4439
2290/3900 [================>.............] - ETA: 1s - loss: 2.3936 - acc: 0.4441
2350/3900 [=================>............] - ETA: 1s - loss: 2.3914 - acc: 0.4426
2410/3900 [=================>............] - ETA: 1s - loss: 2.3892 - acc: 0.4386
2470/3900 [==================>...........] - ETA: 1s - loss: 2.3869 - acc: 0.4368
2530/3900 [==================>...........] - ETA: 1s - loss: 2.3845 - acc: 0.4352
2590/3900 [==================>...........] - ETA: 1s - loss: 2.3828 - acc: 0.4340
2650/3900 [===================>..........] - ETA: 1s - loss: 2.3806 - acc: 0.4294
2710/3900 [===================>..........] - ETA: 1s - loss: 2.3782 - acc: 0.4269
2770/3900 [====================>.........] - ETA: 1s - loss: 2.3756 - acc: 0.4238
2830/3900 [====================>.........] - ETA: 0s - loss: 2.3729 - acc: 0.4201
2890/3900 [=====================>........] - ETA: 0s - loss: 2.3708 - acc: 0.4166
2950/3900 [=====================>........] - ETA: 0s - loss: 2.3681 - acc: 0.4139
3010/3900 [======================>.......] - ETA: 0s - loss: 2.3658 - acc: 0.4090
3070/3900 [======================>.......] - ETA: 0s - loss: 2.3633 - acc: 0.4055
3130/3900 [=======================>......] - ETA: 0s - loss: 2.3604 - acc: 0.4029
3190/3900 [=======================>......] - ETA: 0s - loss: 2.3587 - acc: 0.4000
3250/3900 [========================>.....] - ETA: 0s - loss: 2.3564 - acc: 0.3994
3310/3900 [========================>.....] - ETA: 0s - loss: 2.3535 - acc: 0.3994
3370/3900 [========================>.....] - ETA: 0s - loss: 2.3502 - acc: 0.3973
3430/3900 [=========================>....] - ETA: 0s - loss: 2.3479 - acc: 0.3971
3490/3900 [=========================>....] - ETA: 0s - loss: 2.3458 - acc: 0.3963
3550/3900 [==========================>...] - ETA: 0s - loss: 2.3428 - acc: 0.3980
3610/3900 [==========================>...] - ETA: 0s - loss: 2.3397 - acc: 0.3961
3670/3900 [===========================>..] - ETA: 0s - loss: 2.3368 - acc: 0.3943
3730/3900 [===========================>..] - ETA: 0s - loss: 2.3343 - acc: 0.3912
3790/3900 [============================>.] - ETA: 0s - loss: 2.3314 - acc: 0.3921
3850/3900 [============================>.] - ETA: 0s - loss: 2.3290 - acc: 0.3914
3900/3900 [==============================] - 3s 895us/step - loss: 2.3261 - acc: 0.3913 - val_loss: 2.2127 - val_acc: 0.1717
Current time ....3.491
Train on 600 samples, validate on 86 samples
Epoch 1/1

 10/600 [..............................] - ETA: 0s - loss: 0.4751 - acc: 0.9000
 70/600 [==>...........................] - ETA: 0s - loss: 0.4880 - acc: 0.9857
130/600 [=====>........................] - ETA: 0s - loss: 0.4716 - acc: 0.9846
190/600 [========>.....................] - ETA: 0s - loss: 0.4739 - acc: 0.9895
250/600 [===========>..................] - ETA: 0s - loss: 0.4588 - acc: 0.9800
310/600 [==============>...............] - ETA: 0s - loss: 0.4534 - acc: 0.9774
370/600 [=================>............] - ETA: 0s - loss: 0.4454 - acc: 0.9784
430/600 [====================>.........] - ETA: 0s - loss: 0.4340 - acc: 0.9791
490/600 [=======================>......] - ETA: 0s - loss: 0.4293 - acc: 0.9755
550/600 [==========================>...] - ETA: 0s - loss: 0.4188 - acc: 0.9745
600/600 [==============================] - 1s 911us/step - loss: 0.4151 - acc: 0.9767 - val_loss: 0.4420 - val_acc: 0.9186
Current time ....0.547
Train on 1200 samples, validate on 68 samples
Epoch 1/1

  10/1200 [..............................] - ETA: 1s - loss: 0.7903 - acc: 0.8000
  70/1200 [>.............................] - ETA: 0s - loss: 0.9076 - acc: 0.7143
 130/1200 [==>...........................] - ETA: 0s - loss: 0.8833 - acc: 0.7154
 190/1200 [===>..........................] - ETA: 0s - loss: 0.8973 - acc: 0.6842
 250/1200 [=====>........................] - ETA: 0s - loss: 0.8933 - acc: 0.6760
 310/1200 [======>.......................] - ETA: 0s - loss: 0.8830 - acc: 0.6871
 370/1200 [========>.....................] - ETA: 0s - loss: 0.8949 - acc: 0.6784
 430/1200 [=========>....................] - ETA: 0s - loss: 0.8759 - acc: 0.6837
 490/1200 [===========>..................] - ETA: 0s - loss: 0.8687 - acc: 0.6837
 550/1200 [============>.................] - ETA: 0s - loss: 0.8813 - acc: 0.6709
 610/1200 [==============>...............] - ETA: 0s - loss: 0.8764 - acc: 0.6721
 670/1200 [===============>..............] - ETA: 0s - loss: 0.8716 - acc: 0.6731
 730/1200 [=================>............] - ETA: 0s - loss: 0.8674 - acc: 0.6767
 790/1200 [==================>...........] - ETA: 0s - loss: 0.8706 - acc: 0.6797
 850/1200 [====================>.........] - ETA: 0s - loss: 0.8612 - acc: 0.6847
 910/1200 [=====================>........] - ETA: 0s - loss: 0.8582 - acc: 0.6901
 970/1200 [=======================>......] - ETA: 0s - loss: 0.8547 - acc: 0.6928
1030/1200 [========================>.....] - ETA: 0s - loss: 0.8513 - acc: 0.6951
1090/1200 [==========================>...] - ETA: 0s - loss: 0.8411 - acc: 0.7046
1150/1200 [===========================>..] - ETA: 0s - loss: 0.8333 - acc: 0.7104
1200/1200 [==============================] - 1s 905us/step - loss: 0.8313 - acc: 0.7125 - val_loss: 1.0538 - val_acc: 0.5000
Current time ....1.086
Train on 3900 samples, validate on 99 samples
Epoch 1/1

  10/3900 [..............................] - ETA: 3s - loss: 2.1603 - acc: 0.3000
  70/3900 [..............................] - ETA: 3s - loss: 2.1199 - acc: 0.3286
 130/3900 [>.............................] - ETA: 3s - loss: 2.1277 - acc: 0.3615
 190/3900 [>.............................] - ETA: 3s - loss: 2.1209 - acc: 0.3632
 250/3900 [>.............................] - ETA: 3s - loss: 2.1157 - acc: 0.3600
 310/3900 [=>............................] - ETA: 3s - loss: 2.1071 - acc: 0.3774
 370/3900 [=>............................] - ETA: 3s - loss: 2.1050 - acc: 0.3730
 430/3900 [==>...........................] - ETA: 3s - loss: 2.1000 - acc: 0.3605
 490/3900 [==>...........................] - ETA: 3s - loss: 2.0938 - acc: 0.3571
 550/3900 [===>..........................] - ETA: 3s - loss: 2.0913 - acc: 0.3509
 610/3900 [===>..........................] - ETA: 2s - loss: 2.0919 - acc: 0.3361
 670/3900 [====>.........................] - ETA: 2s - loss: 2.0885 - acc: 0.3358
 730/3900 [====>.........................] - ETA: 2s - loss: 2.0866 - acc: 0.3247
 790/3900 [=====>........................] - ETA: 2s - loss: 2.0856 - acc: 0.3215
 850/3900 [=====>........................] - ETA: 2s - loss: 2.0838 - acc: 0.3188
 910/3900 [======>.......................] - ETA: 2s - loss: 2.0794 - acc: 0.3231
 970/3900 [======>.......................] - ETA: 2s - loss: 2.0758 - acc: 0.3258
1030/3900 [======>.......................] - ETA: 2s - loss: 2.0714 - acc: 0.3311
1090/3900 [=======>......................] - ETA: 2s - loss: 2.0677 - acc: 0.3284
1150/3900 [=======>......................] - ETA: 2s - loss: 2.0639 - acc: 0.3296
1210/3900 [========>.....................] - ETA: 2s - loss: 2.0618 - acc: 0.3289
1270/3900 [========>.....................] - ETA: 2s - loss: 2.0601 - acc: 0.3252
1330/3900 [=========>....................] - ETA: 2s - loss: 2.0573 - acc: 0.3256
1390/3900 [=========>....................] - ETA: 2s - loss: 2.0561 - acc: 0.3194
1450/3900 [==========>...................] - ETA: 2s - loss: 2.0542 - acc: 0.3166
1510/3900 [==========>...................] - ETA: 2s - loss: 2.0498 - acc: 0.3212
1570/3900 [===========>..................] - ETA: 2s - loss: 2.0483 - acc: 0.3255
1630/3900 [===========>..................] - ETA: 2s - loss: 2.0475 - acc: 0.3233
1690/3900 [============>.................] - ETA: 1s - loss: 2.0445 - acc: 0.3260
1750/3900 [============>.................] - ETA: 1s - loss: 2.0422 - acc: 0.3263
1810/3900 [============>.................] - ETA: 1s - loss: 2.0392 - acc: 0.3309
1870/3900 [=============>................] - ETA: 1s - loss: 2.0368 - acc: 0.3337
1930/3900 [=============>................] - ETA: 1s - loss: 2.0331 - acc: 0.3337
1990/3900 [==============>...............] - ETA: 1s - loss: 2.0302 - acc: 0.3377
2050/3900 [==============>...............] - ETA: 1s - loss: 2.0279 - acc: 0.3361
2110/3900 [===============>..............] - ETA: 1s - loss: 2.0242 - acc: 0.3360
2170/3900 [===============>..............] - ETA: 1s - loss: 2.0224 - acc: 0.3355
2230/3900 [================>.............] - ETA: 1s - loss: 2.0210 - acc: 0.3377
2290/3900 [================>.............] - ETA: 1s - loss: 2.0189 - acc: 0.3393
2350/3900 [=================>............] - ETA: 1s - loss: 2.0163 - acc: 0.3417
2410/3900 [=================>............] - ETA: 1s - loss: 2.0136 - acc: 0.3419
2470/3900 [==================>...........] - ETA: 1s - loss: 2.0107 - acc: 0.3449
2530/3900 [==================>...........] - ETA: 1s - loss: 2.0086 - acc: 0.3451
2590/3900 [==================>...........] - ETA: 1s - loss: 2.0067 - acc: 0.3479
2650/3900 [===================>..........] - ETA: 1s - loss: 2.0034 - acc: 0.3525
2710/3900 [===================>..........] - ETA: 1s - loss: 2.0003 - acc: 0.3561
2770/3900 [====================>.........] - ETA: 1s - loss: 1.9998 - acc: 0.3599
2830/3900 [====================>.........] - ETA: 0s - loss: 1.9961 - acc: 0.3643
2890/3900 [=====================>........] - ETA: 0s - loss: 1.9942 - acc: 0.3671
2950/3900 [=====================>........] - ETA: 0s - loss: 1.9922 - acc: 0.3671
3010/3900 [======================>.......] - ETA: 0s - loss: 1.9903 - acc: 0.3678
3070/3900 [======================>.......] - ETA: 0s - loss: 1.9876 - acc: 0.3697
3130/3900 [=======================>......] - ETA: 0s - loss: 1.9851 - acc: 0.3712
3190/3900 [=======================>......] - ETA: 0s - loss: 1.9825 - acc: 0.3740
3250/3900 [========================>.....] - ETA: 0s - loss: 1.9802 - acc: 0.3754
3310/3900 [========================>.....] - ETA: 0s - loss: 1.9777 - acc: 0.3789
3370/3900 [========================>.....] - ETA: 0s - loss: 1.9752 - acc: 0.3810
3430/3900 [=========================>....] - ETA: 0s - loss: 1.9725 - acc: 0.3834
3490/3900 [=========================>....] - ETA: 0s - loss: 1.9704 - acc: 0.3825
3550/3900 [==========================>...] - ETA: 0s - loss: 1.9678 - acc: 0.3851
3610/3900 [==========================>...] - ETA: 0s - loss: 1.9652 - acc: 0.3870
3670/3900 [===========================>..] - ETA: 0s - loss: 1.9634 - acc: 0.3875
3730/3900 [===========================>..] - ETA: 0s - loss: 1.9612 - acc: 0.3874
3790/3900 [============================>.] - ETA: 0s - loss: 1.9602 - acc: 0.3873
3850/3900 [============================>.] - ETA: 0s - loss: 1.9585 - acc: 0.3875
3900/3900 [==============================] - 4s 904us/step - loss: 1.9568 - acc: 0.3867 - val_loss: 1.9742 - val_acc: 0.2525
Current time ....3.525
Train on 600 samples, validate on 86 samples
Epoch 1/1

 10/600 [..............................] - ETA: 0s - loss: 0.3032 - acc: 1.0000
 70/600 [==>...........................] - ETA: 0s - loss: 0.3362 - acc: 0.9714
130/600 [=====>........................] - ETA: 0s - loss: 0.3111 - acc: 0.9769
190/600 [========>.....................] - ETA: 0s - loss: 0.3118 - acc: 0.9842
250/600 [===========>..................] - ETA: 0s - loss: 0.2969 - acc: 0.9880
310/600 [==============>...............] - ETA: 0s - loss: 0.2878 - acc: 0.9839
370/600 [=================>............] - ETA: 0s - loss: 0.2843 - acc: 0.9811
430/600 [====================>.........] - ETA: 0s - loss: 0.2839 - acc: 0.9837
490/600 [=======================>......] - ETA: 0s - loss: 0.2792 - acc: 0.9837
550/600 [==========================>...] - ETA: 0s - loss: 0.2773 - acc: 0.9818
600/600 [==============================] - 1s 930us/step - loss: 0.2679 - acc: 0.9833 - val_loss: 0.3738 - val_acc: 0.9186
Current time ....0.559
Train on 1200 samples, validate on 68 samples
Epoch 1/1

  10/1200 [..............................] - ETA: 1s - loss: 0.8463 - acc: 0.7000
  70/1200 [>.............................] - ETA: 1s - loss: 0.6820 - acc: 0.8286
 130/1200 [==>...........................] - ETA: 0s - loss: 0.6646 - acc: 0.8077
 190/1200 [===>..........................] - ETA: 0s - loss: 0.7017 - acc: 0.7737
 250/1200 [=====>........................] - ETA: 0s - loss: 0.7036 - acc: 0.7760
 310/1200 [======>.......................] - ETA: 0s - loss: 0.7139 - acc: 0.7645
 370/1200 [========>.....................] - ETA: 0s - loss: 0.7066 - acc: 0.7676
 430/1200 [=========>....................] - ETA: 0s - loss: 0.6990 - acc: 0.7698
 490/1200 [===========>..................] - ETA: 0s - loss: 0.6919 - acc: 0.7776
 550/1200 [============>.................] - ETA: 0s - loss: 0.6839 - acc: 0.7800
 610/1200 [==============>...............] - ETA: 0s - loss: 0.6714 - acc: 0.7869
 670/1200 [===============>..............] - ETA: 0s - loss: 0.6700 - acc: 0.7866
 730/1200 [=================>............] - ETA: 0s - loss: 0.6604 - acc: 0.7904
 790/1200 [==================>...........] - ETA: 0s - loss: 0.6516 - acc: 0.7962
 850/1200 [====================>.........] - ETA: 0s - loss: 0.6504 - acc: 0.7929
 910/1200 [=====================>........] - ETA: 0s - loss: 0.6444 - acc: 0.7945
 970/1200 [=======================>......] - ETA: 0s - loss: 0.6481 - acc: 0.7918
1030/1200 [========================>.....] - ETA: 0s - loss: 0.6415 - acc: 0.7961
1090/1200 [==========================>...] - ETA: 0s - loss: 0.6348 - acc: 0.7982
1150/1200 [===========================>..] - ETA: 0s - loss: 0.6266 - acc: 0.8017
1200/1200 [==============================] - 1s 900us/step - loss: 0.6232 - acc: 0.8058 - val_loss: 1.0509 - val_acc: 0.5441
Current time ....1.081
Train on 3900 samples, validate on 99 samples
Epoch 1/1

  10/3900 [..............................] - ETA: 3s - loss: 1.7504 - acc: 0.4000
  70/3900 [..............................] - ETA: 3s - loss: 1.8293 - acc: 0.4000
 130/3900 [>.............................] - ETA: 3s - loss: 1.8421 - acc: 0.4308
 190/3900 [>.............................] - ETA: 3s - loss: 1.8334 - acc: 0.4737
 250/3900 [>.............................] - ETA: 3s - loss: 1.8292 - acc: 0.4840
 310/3900 [=>............................] - ETA: 3s - loss: 1.8327 - acc: 0.4742
 370/3900 [=>............................] - ETA: 3s - loss: 1.8221 - acc: 0.4649
 430/3900 [==>...........................] - ETA: 3s - loss: 1.8167 - acc: 0.4628
 490/3900 [==>...........................] - ETA: 3s - loss: 1.8136 - acc: 0.4510
 550/3900 [===>..........................] - ETA: 2s - loss: 1.8172 - acc: 0.4564
 610/3900 [===>..........................] - ETA: 2s - loss: 1.8137 - acc: 0.4607
 670/3900 [====>.........................] - ETA: 2s - loss: 1.8144 - acc: 0.4582
 730/3900 [====>.........................] - ETA: 2s - loss: 1.8171 - acc: 0.4493
 790/3900 [=====>........................] - ETA: 2s - loss: 1.8123 - acc: 0.4557
 850/3900 [=====>........................] - ETA: 2s - loss: 1.8069 - acc: 0.4588
 910/3900 [======>.......................] - ETA: 2s - loss: 1.8084 - acc: 0.4538
 970/3900 [======>.......................] - ETA: 2s - loss: 1.8055 - acc: 0.4495
1030/3900 [======>.......................] - ETA: 2s - loss: 1.8012 - acc: 0.4476
1090/3900 [=======>......................] - ETA: 2s - loss: 1.7965 - acc: 0.4477
1150/3900 [=======>......................] - ETA: 2s - loss: 1.7977 - acc: 0.4417
1210/3900 [========>.....................] - ETA: 2s - loss: 1.7966 - acc: 0.4438
1270/3900 [========>.....................] - ETA: 2s - loss: 1.7950 - acc: 0.4386
1330/3900 [=========>....................] - ETA: 2s - loss: 1.7910 - acc: 0.4383
1390/3900 [=========>....................] - ETA: 2s - loss: 1.7864 - acc: 0.4424
1450/3900 [==========>...................] - ETA: 2s - loss: 1.7835 - acc: 0.4448
1510/3900 [==========>...................] - ETA: 2s - loss: 1.7835 - acc: 0.4417
1570/3900 [===========>..................] - ETA: 2s - loss: 1.7835 - acc: 0.4369
1630/3900 [===========>..................] - ETA: 2s - loss: 1.7814 - acc: 0.4356
1690/3900 [============>.................] - ETA: 1s - loss: 1.7790 - acc: 0.4391
1750/3900 [============>.................] - ETA: 1s - loss: 1.7778 - acc: 0.4371
1810/3900 [============>.................] - ETA: 1s - loss: 1.7758 - acc: 0.4331
1870/3900 [=============>................] - ETA: 1s - loss: 1.7739 - acc: 0.4321
1930/3900 [=============>................] - ETA: 1s - loss: 1.7718 - acc: 0.4326
1990/3900 [==============>...............] - ETA: 1s - loss: 1.7714 - acc: 0.4332
2050/3900 [==============>...............] - ETA: 1s - loss: 1.7725 - acc: 0.4341
2110/3900 [===============>..............] - ETA: 1s - loss: 1.7707 - acc: 0.4370
2170/3900 [===============>..............] - ETA: 1s - loss: 1.7708 - acc: 0.4373
2230/3900 [================>.............] - ETA: 1s - loss: 1.7704 - acc: 0.4363
2290/3900 [================>.............] - ETA: 1s - loss: 1.7706 - acc: 0.4380
2350/3900 [=================>............] - ETA: 1s - loss: 1.7698 - acc: 0.4409
2410/3900 [=================>............] - ETA: 1s - loss: 1.7686 - acc: 0.4411
2470/3900 [==================>...........] - ETA: 1s - loss: 1.7664 - acc: 0.4421
2530/3900 [==================>...........] - ETA: 1s - loss: 1.7646 - acc: 0.4407
2590/3900 [==================>...........] - ETA: 1s - loss: 1.7630 - acc: 0.4386
2650/3900 [===================>..........] - ETA: 1s - loss: 1.7613 - acc: 0.4400
2710/3900 [===================>..........] - ETA: 1s - loss: 1.7601 - acc: 0.4421
2770/3900 [====================>.........] - ETA: 1s - loss: 1.7596 - acc: 0.4397
2830/3900 [====================>.........] - ETA: 0s - loss: 1.7575 - acc: 0.4403
2890/3900 [=====================>........] - ETA: 0s - loss: 1.7570 - acc: 0.4408
2950/3900 [=====================>........] - ETA: 0s - loss: 1.7558 - acc: 0.4414
3010/3900 [======================>.......] - ETA: 0s - loss: 1.7544 - acc: 0.4425
3070/3900 [======================>.......] - ETA: 0s - loss: 1.7532 - acc: 0.4420
3130/3900 [=======================>......] - ETA: 0s - loss: 1.7524 - acc: 0.4428
3180/3900 [=======================>......] - ETA: 0s - loss: 1.7520 - acc: 0.4425
3240/3900 [=======================>......] - ETA: 0s - loss: 1.7505 - acc: 0.4432
3300/3900 [========================>.....] - ETA: 0s - loss: 1.7496 - acc: 0.4442
3360/3900 [========================>.....] - ETA: 0s - loss: 1.7473 - acc: 0.4446
3420/3900 [=========================>....] - ETA: 0s - loss: 1.7466 - acc: 0.4427
3480/3900 [=========================>....] - ETA: 0s - loss: 1.7452 - acc: 0.4422
3540/3900 [==========================>...] - ETA: 0s - loss: 1.7430 - acc: 0.4424
3600/3900 [==========================>...] - ETA: 0s - loss: 1.7418 - acc: 0.4433
3660/3900 [===========================>..] - ETA: 0s - loss: 1.7403 - acc: 0.4440
3720/3900 [===========================>..] - ETA: 0s - loss: 1.7400 - acc: 0.4438
3780/3900 [============================>.] - ETA: 0s - loss: 1.7382 - acc: 0.4447
3840/3900 [============================>.] - ETA: 0s - loss: 1.7369 - acc: 0.4461
3900/3900 [==============================] - 4s 904us/step - loss: 1.7357 - acc: 0.4474 - val_loss: 1.8813 - val_acc: 0.1919
Current time ....3.525
Train on 600 samples, validate on 86 samples
Epoch 1/1

 10/600 [..............................] - ETA: 0s - loss: 0.1274 - acc: 1.0000
 70/600 [==>...........................] - ETA: 0s - loss: 0.1743 - acc: 1.0000
130/600 [=====>........................] - ETA: 0s - loss: 0.1748 - acc: 1.0000
190/600 [========>.....................] - ETA: 0s - loss: 0.1674 - acc: 0.9947
250/600 [===========>..................] - ETA: 0s - loss: 0.1796 - acc: 0.9880
310/600 [==============>...............] - ETA: 0s - loss: 0.1740 - acc: 0.9903
370/600 [=================>............] - ETA: 0s - loss: 0.1795 - acc: 0.9892
430/600 [====================>.........] - ETA: 0s - loss: 0.1744 - acc: 0.9884
490/600 [=======================>......] - ETA: 0s - loss: 0.1744 - acc: 0.9857
550/600 [==========================>...] - ETA: 0s - loss: 0.1723 - acc: 0.9855
600/600 [==============================] - 1s 926us/step - loss: 0.1694 - acc: 0.9850 - val_loss: 0.3546 - val_acc: 0.9186
Current time ....0.556
Train on 1200 samples, validate on 68 samples
Epoch 1/1

  10/1200 [..............................] - ETA: 1s - loss: 0.5955 - acc: 0.8000
  70/1200 [>.............................] - ETA: 1s - loss: 0.4760 - acc: 0.9000
 130/1200 [==>...........................] - ETA: 0s - loss: 0.4996 - acc: 0.8923
 190/1200 [===>..........................] - ETA: 0s - loss: 0.4862 - acc: 0.8895
 250/1200 [=====>........................] - ETA: 0s - loss: 0.4815 - acc: 0.8760
 310/1200 [======>.......................] - ETA: 0s - loss: 0.4708 - acc: 0.8806
 370/1200 [========>.....................] - ETA: 0s - loss: 0.4680 - acc: 0.8784
 430/1200 [=========>....................] - ETA: 0s - loss: 0.4577 - acc: 0.8814
 490/1200 [===========>..................] - ETA: 0s - loss: 0.4508 - acc: 0.8857
 550/1200 [============>.................] - ETA: 0s - loss: 0.4450 - acc: 0.8855
 610/1200 [==============>...............] - ETA: 0s - loss: 0.4438 - acc: 0.8803
 670/1200 [===============>..............] - ETA: 0s - loss: 0.4474 - acc: 0.8791
 730/1200 [=================>............] - ETA: 0s - loss: 0.4548 - acc: 0.8712
 790/1200 [==================>...........] - ETA: 0s - loss: 0.4463 - acc: 0.8734
 850/1200 [====================>.........] - ETA: 0s - loss: 0.4483 - acc: 0.8729
 910/1200 [=====================>........] - ETA: 0s - loss: 0.4571 - acc: 0.8659
 970/1200 [=======================>......] - ETA: 0s - loss: 0.4546 - acc: 0.8660
1030/1200 [========================>.....] - ETA: 0s - loss: 0.4527 - acc: 0.8699
1090/1200 [==========================>...] - ETA: 0s - loss: 0.4524 - acc: 0.8679
1150/1200 [===========================>..] - ETA: 0s - loss: 0.4537 - acc: 0.8652
1200/1200 [==============================] - 1s 914us/step - loss: 0.4553 - acc: 0.8625 - val_loss: 0.8203 - val_acc: 0.6618
Current time ....1.097
Train on 3900 samples, validate on 99 samples
Epoch 1/1

  10/3900 [..............................] - ETA: 3s - loss: 1.6477 - acc: 0.4000
  70/3900 [..............................] - ETA: 3s - loss: 1.6500 - acc: 0.4429
 130/3900 [>.............................] - ETA: 3s - loss: 1.6481 - acc: 0.4538
 190/3900 [>.............................] - ETA: 3s - loss: 1.6066 - acc: 0.5105
 250/3900 [>.............................] - ETA: 3s - loss: 1.6215 - acc: 0.5000
 310/3900 [=>............................] - ETA: 3s - loss: 1.6189 - acc: 0.5194
 370/3900 [=>............................] - ETA: 3s - loss: 1.6224 - acc: 0.5081
 430/3900 [==>...........................] - ETA: 3s - loss: 1.6219 - acc: 0.5093
 490/3900 [==>...........................] - ETA: 3s - loss: 1.6240 - acc: 0.5122
 550/3900 [===>..........................] - ETA: 2s - loss: 1.6332 - acc: 0.4964
 610/3900 [===>..........................] - ETA: 2s - loss: 1.6298 - acc: 0.4984
 670/3900 [====>.........................] - ETA: 2s - loss: 1.6249 - acc: 0.5045
 730/3900 [====>.........................] - ETA: 2s - loss: 1.6232 - acc: 0.4945
 790/3900 [=====>........................] - ETA: 2s - loss: 1.6230 - acc: 0.4949
 850/3900 [=====>........................] - ETA: 2s - loss: 1.6241 - acc: 0.4965
 910/3900 [======>.......................] - ETA: 2s - loss: 1.6215 - acc: 0.4967
 970/3900 [======>.......................] - ETA: 2s - loss: 1.6172 - acc: 0.5000
1030/3900 [======>.......................] - ETA: 2s - loss: 1.6085 - acc: 0.5019
1090/3900 [=======>......................] - ETA: 2s - loss: 1.6141 - acc: 0.4954
1150/3900 [=======>......................] - ETA: 2s - loss: 1.6089 - acc: 0.4983
1210/3900 [========>.....................] - ETA: 2s - loss: 1.6102 - acc: 0.4983
1270/3900 [========>.....................] - ETA: 2s - loss: 1.6082 - acc: 0.4969
1330/3900 [=========>....................] - ETA: 2s - loss: 1.6078 - acc: 0.4962
1390/3900 [=========>....................] - ETA: 2s - loss: 1.6032 - acc: 0.4978
1450/3900 [==========>...................] - ETA: 2s - loss: 1.6020 - acc: 0.4993
1510/3900 [==========>...................] - ETA: 2s - loss: 1.6021 - acc: 0.4993
1570/3900 [===========>..................] - ETA: 2s - loss: 1.6000 - acc: 0.5000
1630/3900 [===========>..................] - ETA: 2s - loss: 1.6031 - acc: 0.4969
1690/3900 [============>.................] - ETA: 1s - loss: 1.6026 - acc: 0.4988
1750/3900 [============>.................] - ETA: 1s - loss: 1.5978 - acc: 0.5006
1810/3900 [============>.................] - ETA: 1s - loss: 1.5969 - acc: 0.4994
1870/3900 [=============>................] - ETA: 1s - loss: 1.5938 - acc: 0.4973
1930/3900 [=============>................] - ETA: 1s - loss: 1.5938 - acc: 0.4959
1990/3900 [==============>...............] - ETA: 1s - loss: 1.5899 - acc: 0.4990
2050/3900 [==============>...............] - ETA: 1s - loss: 1.5883 - acc: 0.5005
2110/3900 [===============>..............] - ETA: 1s - loss: 1.5809 - acc: 0.5062
2170/3900 [===============>..............] - ETA: 1s - loss: 1.5774 - acc: 0.5083
2230/3900 [================>.............] - ETA: 1s - loss: 1.5780 - acc: 0.5094
2290/3900 [================>.............] - ETA: 1s - loss: 1.5791 - acc: 0.5074
2350/3900 [=================>............] - ETA: 1s - loss: 1.5783 - acc: 0.5068
2410/3900 [=================>............] - ETA: 1s - loss: 1.5727 - acc: 0.5100
2460/3900 [=================>............] - ETA: 1s - loss: 1.5732 - acc: 0.5106
2520/3900 [==================>...........] - ETA: 1s - loss: 1.5712 - acc: 0.5099
2580/3900 [==================>...........] - ETA: 1s - loss: 1.5687 - acc: 0.5105
2640/3900 [===================>..........] - ETA: 1s - loss: 1.5662 - acc: 0.5106
2700/3900 [===================>..........] - ETA: 1s - loss: 1.5646 - acc: 0.5107
2760/3900 [====================>.........] - ETA: 1s - loss: 1.5632 - acc: 0.5087
2820/3900 [====================>.........] - ETA: 0s - loss: 1.5631 - acc: 0.5082
2880/3900 [=====================>........] - ETA: 0s - loss: 1.5609 - acc: 0.5090
2940/3900 [=====================>........] - ETA: 0s - loss: 1.5585 - acc: 0.5092
3000/3900 [======================>.......] - ETA: 0s - loss: 1.5562 - acc: 0.5107
3060/3900 [======================>.......] - ETA: 0s - loss: 1.5541 - acc: 0.5121
3120/3900 [=======================>......] - ETA: 0s - loss: 1.5528 - acc: 0.5128
3180/3900 [=======================>......] - ETA: 0s - loss: 1.5523 - acc: 0.5135
3240/3900 [=======================>......] - ETA: 0s - loss: 1.5524 - acc: 0.5127
3300/3900 [========================>.....] - ETA: 0s - loss: 1.5497 - acc: 0.5139
3360/3900 [========================>.....] - ETA: 0s - loss: 1.5485 - acc: 0.5146
3420/3900 [=========================>....] - ETA: 0s - loss: 1.5450 - acc: 0.5170
3480/3900 [=========================>....] - ETA: 0s - loss: 1.5425 - acc: 0.5181
3540/3900 [==========================>...] - ETA: 0s - loss: 1.5412 - acc: 0.5189
3600/3900 [==========================>...] - ETA: 0s - loss: 1.5409 - acc: 0.5189
3660/3900 [===========================>..] - ETA: 0s - loss: 1.5410 - acc: 0.5186
3720/3900 [===========================>..] - ETA: 0s - loss: 1.5397 - acc: 0.5194
3780/3900 [============================>.] - ETA: 0s - loss: 1.5384 - acc: 0.5198
3840/3900 [============================>.] - ETA: 0s - loss: 1.5368 - acc: 0.5211
3900/3900 [==============================] - 4s 901us/step - loss: 1.5349 - acc: 0.5215 - val_loss: 1.7969 - val_acc: 0.2929
Current time ....3.512
Train on 600 samples, validate on 86 samples
Epoch 1/1

 10/600 [..............................] - ETA: 0s - loss: 0.0772 - acc: 1.0000
 70/600 [==>...........................] - ETA: 0s - loss: 0.1064 - acc: 1.0000
130/600 [=====>........................] - ETA: 0s - loss: 0.1148 - acc: 0.9923
190/600 [========>.....................] - ETA: 0s - loss: 0.1292 - acc: 0.9947
250/600 [===========>..................] - ETA: 0s - loss: 0.1266 - acc: 0.9920
310/600 [==============>...............] - ETA: 0s - loss: 0.1221 - acc: 0.9935
370/600 [=================>............] - ETA: 0s - loss: 0.1181 - acc: 0.9919
430/600 [====================>.........] - ETA: 0s - loss: 0.1128 - acc: 0.9930
490/600 [=======================>......] - ETA: 0s - loss: 0.1125 - acc: 0.9918
550/600 [==========================>...] - ETA: 0s - loss: 0.1117 - acc: 0.9909
600/600 [==============================] - 1s 922us/step - loss: 0.1112 - acc: 0.9883 - val_loss: 0.3621 - val_acc: 0.9186
Current time ....0.553
Train on 1200 samples, validate on 68 samples
Epoch 1/1

  10/1200 [..............................] - ETA: 1s - loss: 0.3084 - acc: 1.0000
  70/1200 [>.............................] - ETA: 1s - loss: 0.2873 - acc: 0.9714
 130/1200 [==>...........................] - ETA: 0s - loss: 0.3109 - acc: 0.9538
 190/1200 [===>..........................] - ETA: 0s - loss: 0.3386 - acc: 0.9421
 250/1200 [=====>........................] - ETA: 0s - loss: 0.3395 - acc: 0.9440
 310/1200 [======>.......................] - ETA: 0s - loss: 0.3426 - acc: 0.9323
 370/1200 [========>.....................] - ETA: 0s - loss: 0.3321 - acc: 0.9324
 430/1200 [=========>....................] - ETA: 0s - loss: 0.3407 - acc: 0.9233
 490/1200 [===========>..................] - ETA: 0s - loss: 0.3407 - acc: 0.9204
 550/1200 [============>.................] - ETA: 0s - loss: 0.3421 - acc: 0.9164
 610/1200 [==============>...............] - ETA: 0s - loss: 0.3485 - acc: 0.9115
 670/1200 [===============>..............] - ETA: 0s - loss: 0.3431 - acc: 0.9134
 730/1200 [=================>............] - ETA: 0s - loss: 0.3459 - acc: 0.9123
 790/1200 [==================>...........] - ETA: 0s - loss: 0.3455 - acc: 0.9114
 850/1200 [====================>.........] - ETA: 0s - loss: 0.3429 - acc: 0.9129
 910/1200 [=====================>........] - ETA: 0s - loss: 0.3442 - acc: 0.9099
 970/1200 [=======================>......] - ETA: 0s - loss: 0.3468 - acc: 0.9082
1030/1200 [========================>.....] - ETA: 0s - loss: 0.3461 - acc: 0.9078
1090/1200 [==========================>...] - ETA: 0s - loss: 0.3411 - acc: 0.9101
1150/1200 [===========================>..] - ETA: 0s - loss: 0.3378 - acc: 0.9104
1200/1200 [==============================] - 1s 905us/step - loss: 0.3357 - acc: 0.9125 - val_loss: 0.9670 - val_acc: 0.6324
Current time ....1.087
Train on 3900 samples, validate on 99 samples
Epoch 1/1

  10/3900 [..............................] - ETA: 3s - loss: 1.7166 - acc: 0.3000
  70/3900 [..............................] - ETA: 3s - loss: 1.4939 - acc: 0.5286
 130/3900 [>.............................] - ETA: 3s - loss: 1.4814 - acc: 0.5308
 190/3900 [>.............................] - ETA: 3s - loss: 1.4414 - acc: 0.5579
 250/3900 [>.............................] - ETA: 3s - loss: 1.4732 - acc: 0.5200
 310/3900 [=>............................] - ETA: 3s - loss: 1.4803 - acc: 0.5258
 370/3900 [=>............................] - ETA: 3s - loss: 1.4637 - acc: 0.5351
 430/3900 [==>...........................] - ETA: 3s - loss: 1.4483 - acc: 0.5488
 490/3900 [==>...........................] - ETA: 3s - loss: 1.4460 - acc: 0.5531
 550/3900 [===>..........................] - ETA: 3s - loss: 1.4386 - acc: 0.5527
 610/3900 [===>..........................] - ETA: 2s - loss: 1.4243 - acc: 0.5590
 670/3900 [====>.........................] - ETA: 2s - loss: 1.4159 - acc: 0.5672
 730/3900 [====>.........................] - ETA: 2s - loss: 1.4132 - acc: 0.5699
 790/3900 [=====>........................] - ETA: 2s - loss: 1.3992 - acc: 0.5709
 850/3900 [=====>........................] - ETA: 2s - loss: 1.4013 - acc: 0.5741
 910/3900 [======>.......................] - ETA: 2s - loss: 1.3939 - acc: 0.5780
 970/3900 [======>.......................] - ETA: 2s - loss: 1.3925 - acc: 0.5732
1030/3900 [======>.......................] - ETA: 2s - loss: 1.3938 - acc: 0.5709
1090/3900 [=======>......................] - ETA: 2s - loss: 1.3957 - acc: 0.5697
1150/3900 [=======>......................] - ETA: 2s - loss: 1.3925 - acc: 0.5739
1210/3900 [========>.....................] - ETA: 2s - loss: 1.3853 - acc: 0.5760
1270/3900 [========>.....................] - ETA: 2s - loss: 1.3784 - acc: 0.5811
1330/3900 [=========>....................] - ETA: 2s - loss: 1.3784 - acc: 0.5789
1390/3900 [=========>....................] - ETA: 2s - loss: 1.3773 - acc: 0.5791
1450/3900 [==========>...................] - ETA: 2s - loss: 1.3778 - acc: 0.5807
1510/3900 [==========>...................] - ETA: 2s - loss: 1.3778 - acc: 0.5834
1570/3900 [===========>..................] - ETA: 2s - loss: 1.3783 - acc: 0.5828
1630/3900 [===========>..................] - ETA: 2s - loss: 1.3750 - acc: 0.5834
1690/3900 [============>.................] - ETA: 1s - loss: 1.3786 - acc: 0.5793
1750/3900 [============>.................] - ETA: 1s - loss: 1.3750 - acc: 0.5806
1810/3900 [============>.................] - ETA: 1s - loss: 1.3723 - acc: 0.5834
1870/3900 [=============>................] - ETA: 1s - loss: 1.3700 - acc: 0.5850
1930/3900 [=============>................] - ETA: 1s - loss: 1.3669 - acc: 0.5865
1990/3900 [==============>...............] - ETA: 1s - loss: 1.3630 - acc: 0.5894
2050/3900 [==============>...............] - ETA: 1s - loss: 1.3595 - acc: 0.5917
2110/3900 [===============>..............] - ETA: 1s - loss: 1.3579 - acc: 0.5910
2170/3900 [===============>..............] - ETA: 1s - loss: 1.3542 - acc: 0.5922
2230/3900 [================>.............] - ETA: 1s - loss: 1.3511 - acc: 0.5928
2290/3900 [================>.............] - ETA: 1s - loss: 1.3494 - acc: 0.5943
2350/3900 [=================>............] - ETA: 1s - loss: 1.3451 - acc: 0.5953
2410/3900 [=================>............] - ETA: 1s - loss: 1.3399 - acc: 0.5992
2470/3900 [==================>...........] - ETA: 1s - loss: 1.3383 - acc: 0.5984
2530/3900 [==================>...........] - ETA: 1s - loss: 1.3381 - acc: 0.5980
2590/3900 [==================>...........] - ETA: 1s - loss: 1.3370 - acc: 0.5973
2650/3900 [===================>..........] - ETA: 1s - loss: 1.3345 - acc: 0.5974
2710/3900 [===================>..........] - ETA: 1s - loss: 1.3364 - acc: 0.5948
2770/3900 [====================>.........] - ETA: 1s - loss: 1.3338 - acc: 0.5946
2830/3900 [====================>.........] - ETA: 0s - loss: 1.3326 - acc: 0.5954
2890/3900 [=====================>........] - ETA: 0s - loss: 1.3301 - acc: 0.5955
2940/3900 [=====================>........] - ETA: 0s - loss: 1.3280 - acc: 0.5946
3000/3900 [======================>.......] - ETA: 0s - loss: 1.3272 - acc: 0.5963
3060/3900 [======================>.......] - ETA: 0s - loss: 1.3278 - acc: 0.5954
3120/3900 [=======================>......] - ETA: 0s - loss: 1.3270 - acc: 0.5965
3180/3900 [=======================>......] - ETA: 0s - loss: 1.3254 - acc: 0.5965
3240/3900 [=======================>......] - ETA: 0s - loss: 1.3242 - acc: 0.5963
3300/3900 [========================>.....] - ETA: 0s - loss: 1.3192 - acc: 0.5985
3360/3900 [========================>.....] - ETA: 0s - loss: 1.3166 - acc: 0.5994
3420/3900 [=========================>....] - ETA: 0s - loss: 1.3146 - acc: 0.5997
3480/3900 [=========================>....] - ETA: 0s - loss: 1.3131 - acc: 0.6006
3540/3900 [==========================>...] - ETA: 0s - loss: 1.3099 - acc: 0.6014
3600/3900 [==========================>...] - ETA: 0s - loss: 1.3098 - acc: 0.6014
3660/3900 [===========================>..] - ETA: 0s - loss: 1.3050 - acc: 0.6033
3720/3900 [===========================>..] - ETA: 0s - loss: 1.3007 - acc: 0.6051
3780/3900 [============================>.] - ETA: 0s - loss: 1.2981 - acc: 0.6053
3840/3900 [============================>.] - ETA: 0s - loss: 1.2954 - acc: 0.6057
3900/3900 [==============================] - 4s 905us/step - loss: 1.2922 - acc: 0.6062 - val_loss: 1.7191 - val_acc: 0.3737
Current time ....3.531
Train on 600 samples, validate on 86 samples
Epoch 1/1

 10/600 [..............................] - ETA: 0s - loss: 0.0961 - acc: 1.0000
 70/600 [==>...........................] - ETA: 0s - loss: 0.0789 - acc: 1.0000
130/600 [=====>........................] - ETA: 0s - loss: 0.0778 - acc: 1.0000
190/600 [========>.....................] - ETA: 0s - loss: 0.0786 - acc: 1.0000
250/600 [===========>..................] - ETA: 0s - loss: 0.0822 - acc: 0.9960
310/600 [==============>...............] - ETA: 0s - loss: 0.0843 - acc: 0.9935
370/600 [=================>............] - ETA: 0s - loss: 0.0839 - acc: 0.9919
430/600 [====================>.........] - ETA: 0s - loss: 0.0795 - acc: 0.9930
490/600 [=======================>......] - ETA: 0s - loss: 0.0851 - acc: 0.9898
550/600 [==========================>...] - ETA: 0s - loss: 0.0831 - acc: 0.9909
600/600 [==============================] - 1s 923us/step - loss: 0.0796 - acc: 0.9917 - val_loss: 0.3833 - val_acc: 0.9186
Current time ....0.554
Train on 1200 samples, validate on 68 samples
Epoch 1/1

  10/1200 [..............................] - ETA: 1s - loss: 0.3259 - acc: 0.9000
  70/1200 [>.............................] - ETA: 1s - loss: 0.2846 - acc: 0.9429
 130/1200 [==>...........................] - ETA: 0s - loss: 0.2642 - acc: 0.9538
 190/1200 [===>..........................] - ETA: 0s - loss: 0.2578 - acc: 0.9421
 250/1200 [=====>........................] - ETA: 0s - loss: 0.2469 - acc: 0.9440
 310/1200 [======>.......................] - ETA: 0s - loss: 0.2437 - acc: 0.9484
 370/1200 [========>.....................] - ETA: 0s - loss: 0.2509 - acc: 0.9378
 430/1200 [=========>....................] - ETA: 0s - loss: 0.2494 - acc: 0.9419
 490/1200 [===========>..................] - ETA: 0s - loss: 0.2490 - acc: 0.9469
 550/1200 [============>.................] - ETA: 0s - loss: 0.2419 - acc: 0.9527
 610/1200 [==============>...............] - ETA: 0s - loss: 0.2424 - acc: 0.9541
 670/1200 [===============>..............] - ETA: 0s - loss: 0.2354 - acc: 0.9567
 730/1200 [=================>............] - ETA: 0s - loss: 0.2377 - acc: 0.9562
 790/1200 [==================>...........] - ETA: 0s - loss: 0.2420 - acc: 0.9544
 840/1200 [====================>.........] - ETA: 0s - loss: 0.2404 - acc: 0.9536
 900/1200 [=====================>........] - ETA: 0s - loss: 0.2365 - acc: 0.9533
 960/1200 [=======================>......] - ETA: 0s - loss: 0.2370 - acc: 0.9490
1020/1200 [========================>.....] - ETA: 0s - loss: 0.2395 - acc: 0.9461
1080/1200 [==========================>...] - ETA: 0s - loss: 0.2404 - acc: 0.9463
1140/1200 [===========================>..] - ETA: 0s - loss: 0.2371 - acc: 0.9456
1200/1200 [==============================] - 1s 902us/step - loss: 0.2371 - acc: 0.9475 - val_loss: 0.8498 - val_acc: 0.6471
Current time ....1.083
Train on 3900 samples, validate on 99 samples
Epoch 1/1

  10/3900 [..............................] - ETA: 3s - loss: 1.0630 - acc: 0.9000
  70/3900 [..............................] - ETA: 3s - loss: 1.2333 - acc: 0.6429
 130/3900 [>.............................] - ETA: 3s - loss: 1.2363 - acc: 0.6231
 190/3900 [>.............................] - ETA: 3s - loss: 1.2345 - acc: 0.6158
 250/3900 [>.............................] - ETA: 3s - loss: 1.2167 - acc: 0.6240
 310/3900 [=>............................] - ETA: 3s - loss: 1.2136 - acc: 0.6258
 370/3900 [=>............................] - ETA: 3s - loss: 1.1953 - acc: 0.6378
 430/3900 [==>...........................] - ETA: 3s - loss: 1.1855 - acc: 0.6349
 490/3900 [==>...........................] - ETA: 3s - loss: 1.1752 - acc: 0.6429
 550/3900 [===>..........................] - ETA: 3s - loss: 1.1678 - acc: 0.6418
 610/3900 [===>..........................] - ETA: 2s - loss: 1.1568 - acc: 0.6557
 670/3900 [====>.........................] - ETA: 2s - loss: 1.1513 - acc: 0.6597
 730/3900 [====>.........................] - ETA: 2s - loss: 1.1553 - acc: 0.6534
 790/3900 [=====>........................] - ETA: 2s - loss: 1.1531 - acc: 0.6544
 850/3900 [=====>........................] - ETA: 2s - loss: 1.1432 - acc: 0.6518
 910/3900 [======>.......................] - ETA: 2s - loss: 1.1428 - acc: 0.6484
 970/3900 [======>.......................] - ETA: 2s - loss: 1.1374 - acc: 0.6485
1030/3900 [======>.......................] - ETA: 2s - loss: 1.1297 - acc: 0.6544
1090/3900 [=======>......................] - ETA: 2s - loss: 1.1200 - acc: 0.6624
1150/3900 [=======>......................] - ETA: 2s - loss: 1.1161 - acc: 0.6626
1210/3900 [========>.....................] - ETA: 2s - loss: 1.1142 - acc: 0.6636
1270/3900 [========>.....................] - ETA: 2s - loss: 1.1075 - acc: 0.6654
1330/3900 [=========>....................] - ETA: 2s - loss: 1.1105 - acc: 0.6677
1390/3900 [=========>....................] - ETA: 2s - loss: 1.1056 - acc: 0.6691
1450/3900 [==========>...................] - ETA: 2s - loss: 1.1038 - acc: 0.6703
1510/3900 [==========>...................] - ETA: 2s - loss: 1.1072 - acc: 0.6695
1570/3900 [===========>..................] - ETA: 2s - loss: 1.1034 - acc: 0.6707
1630/3900 [===========>..................] - ETA: 2s - loss: 1.1011 - acc: 0.6712
1690/3900 [============>.................] - ETA: 1s - loss: 1.0995 - acc: 0.6716
1750/3900 [============>.................] - ETA: 1s - loss: 1.0965 - acc: 0.6737
1810/3900 [============>.................] - ETA: 1s - loss: 1.0940 - acc: 0.6735
1870/3900 [=============>................] - ETA: 1s - loss: 1.0942 - acc: 0.6727
1930/3900 [=============>................] - ETA: 1s - loss: 1.0918 - acc: 0.6731
1990/3900 [==============>...............] - ETA: 1s - loss: 1.0909 - acc: 0.6724
2050/3900 [==============>...............] - ETA: 1s - loss: 1.0940 - acc: 0.6693
2110/3900 [===============>..............] - ETA: 1s - loss: 1.0927 - acc: 0.6692
2170/3900 [===============>..............] - ETA: 1s - loss: 1.0895 - acc: 0.6705
2230/3900 [================>.............] - ETA: 1s - loss: 1.0870 - acc: 0.6717
2290/3900 [================>.............] - ETA: 1s - loss: 1.0849 - acc: 0.6712
2350/3900 [=================>............] - ETA: 1s - loss: 1.0827 - acc: 0.6728
2410/3900 [=================>............] - ETA: 1s - loss: 1.0789 - acc: 0.6747
2470/3900 [==================>...........] - ETA: 1s - loss: 1.0804 - acc: 0.6741
2530/3900 [==================>...........] - ETA: 1s - loss: 1.0780 - acc: 0.6747
2590/3900 [==================>...........] - ETA: 1s - loss: 1.0768 - acc: 0.6741
2650/3900 [===================>..........] - ETA: 1s - loss: 1.0754 - acc: 0.6736
2710/3900 [===================>..........] - ETA: 1s - loss: 1.0737 - acc: 0.6760
2770/3900 [====================>.........] - ETA: 1s - loss: 1.0732 - acc: 0.6755
2830/3900 [====================>.........] - ETA: 0s - loss: 1.0717 - acc: 0.6753
2890/3900 [=====================>........] - ETA: 0s - loss: 1.0702 - acc: 0.6751
2950/3900 [=====================>........] - ETA: 0s - loss: 1.0666 - acc: 0.6763
3010/3900 [======================>.......] - ETA: 0s - loss: 1.0674 - acc: 0.6744
3070/3900 [======================>.......] - ETA: 0s - loss: 1.0646 - acc: 0.6759
3120/3900 [=======================>......] - ETA: 0s - loss: 1.0652 - acc: 0.6750
3180/3900 [=======================>......] - ETA: 0s - loss: 1.0640 - acc: 0.6761
3240/3900 [=======================>......] - ETA: 0s - loss: 1.0623 - acc: 0.6762
3300/3900 [========================>.....] - ETA: 0s - loss: 1.0599 - acc: 0.6773
3360/3900 [========================>.....] - ETA: 0s - loss: 1.0594 - acc: 0.6771
3420/3900 [=========================>....] - ETA: 0s - loss: 1.0563 - acc: 0.6769
3480/3900 [=========================>....] - ETA: 0s - loss: 1.0540 - acc: 0.6779
3540/3900 [==========================>...] - ETA: 0s - loss: 1.0514 - acc: 0.6788
3600/3900 [==========================>...] - ETA: 0s - loss: 1.0485 - acc: 0.6797
3660/3900 [===========================>..] - ETA: 0s - loss: 1.0486 - acc: 0.6781
3720/3900 [===========================>..] - ETA: 0s - loss: 1.0484 - acc: 0.6780
3780/3900 [============================>.] - ETA: 0s - loss: 1.0449 - acc: 0.6796
3840/3900 [============================>.] - ETA: 0s - loss: 1.0442 - acc: 0.6797
3900/3900 [==============================] - 4s 902us/step - loss: 1.0445 - acc: 0.6792 - val_loss: 1.6153 - val_acc: 0.4141
Current time ....3.516
Train on 600 samples, validate on 86 samples
Epoch 1/1

 10/600 [..............................] - ETA: 0s - loss: 0.0478 - acc: 1.0000
 70/600 [==>...........................] - ETA: 0s - loss: 0.0701 - acc: 0.9857
130/600 [=====>........................] - ETA: 0s - loss: 0.0660 - acc: 0.9846
190/600 [========>.....................] - ETA: 0s - loss: 0.0596 - acc: 0.9895
250/600 [===========>..................] - ETA: 0s - loss: 0.0605 - acc: 0.9920
310/600 [==============>...............] - ETA: 0s - loss: 0.0600 - acc: 0.9935
370/600 [=================>............] - ETA: 0s - loss: 0.0579 - acc: 0.9946
430/600 [====================>.........] - ETA: 0s - loss: 0.0571 - acc: 0.9953
490/600 [=======================>......] - ETA: 0s - loss: 0.0544 - acc: 0.9959
550/600 [==========================>...] - ETA: 0s - loss: 0.0540 - acc: 0.9964
600/600 [==============================] - 1s 930us/step - loss: 0.0571 - acc: 0.9933 - val_loss: 0.4173 - val_acc: 0.9070
Current time ....0.558
Train on 1200 samples, validate on 68 samples
Epoch 1/1

  10/1200 [..............................] - ETA: 1s - loss: 0.1551 - acc: 1.0000
  70/1200 [>.............................] - ETA: 1s - loss: 0.1890 - acc: 0.9714
 130/1200 [==>...........................] - ETA: 0s - loss: 0.2002 - acc: 0.9692
 190/1200 [===>..........................] - ETA: 0s - loss: 0.1966 - acc: 0.9684
 250/1200 [=====>........................] - ETA: 0s - loss: 0.1889 - acc: 0.9640
 310/1200 [======>.......................] - ETA: 0s - loss: 0.1866 - acc: 0.9613
 370/1200 [========>.....................] - ETA: 0s - loss: 0.1856 - acc: 0.9622
 430/1200 [=========>....................] - ETA: 0s - loss: 0.1837 - acc: 0.9628
 490/1200 [===========>..................] - ETA: 0s - loss: 0.1807 - acc: 0.9633
 550/1200 [============>.................] - ETA: 0s - loss: 0.1874 - acc: 0.9636
 610/1200 [==============>...............] - ETA: 0s - loss: 0.1826 - acc: 0.9672
 670/1200 [===============>..............] - ETA: 0s - loss: 0.1785 - acc: 0.9672
 730/1200 [=================>............] - ETA: 0s - loss: 0.1771 - acc: 0.9685
 790/1200 [==================>...........] - ETA: 0s - loss: 0.1756 - acc: 0.9696
 850/1200 [====================>.........] - ETA: 0s - loss: 0.1714 - acc: 0.9706
 910/1200 [=====================>........] - ETA: 0s - loss: 0.1704 - acc: 0.9692
 970/1200 [=======================>......] - ETA: 0s - loss: 0.1716 - acc: 0.9701
1030/1200 [========================>.....] - ETA: 0s - loss: 0.1695 - acc: 0.9709
1090/1200 [==========================>...] - ETA: 0s - loss: 0.1689 - acc: 0.9706
1150/1200 [===========================>..] - ETA: 0s - loss: 0.1710 - acc: 0.9696
1200/1200 [==============================] - 1s 902us/step - loss: 0.1726 - acc: 0.9692 - val_loss: 0.8461 - val_acc: 0.6618
Current time ....1.083
Train on 3900 samples, validate on 99 samples
Epoch 1/1

  10/3900 [..............................] - ETA: 3s - loss: 0.8224 - acc: 0.7000
  70/3900 [..............................] - ETA: 3s - loss: 0.8669 - acc: 0.6857
 130/3900 [>.............................] - ETA: 3s - loss: 0.8682 - acc: 0.7231
 190/3900 [>.............................] - ETA: 3s - loss: 0.8878 - acc: 0.7053
 250/3900 [>.............................] - ETA: 3s - loss: 0.8852 - acc: 0.7160
 310/3900 [=>............................] - ETA: 3s - loss: 0.8840 - acc: 0.7161
 370/3900 [=>............................] - ETA: 3s - loss: 0.8760 - acc: 0.7243
 430/3900 [==>...........................] - ETA: 3s - loss: 0.8545 - acc: 0.7372
 490/3900 [==>...........................] - ETA: 3s - loss: 0.8501 - acc: 0.7408
 550/3900 [===>..........................] - ETA: 2s - loss: 0.8753 - acc: 0.7255
 610/3900 [===>..........................] - ETA: 2s - loss: 0.8691 - acc: 0.7311
 670/3900 [====>.........................] - ETA: 2s - loss: 0.8775 - acc: 0.7299
 730/3900 [====>.........................] - ETA: 2s - loss: 0.8833 - acc: 0.7233
 790/3900 [=====>........................] - ETA: 2s - loss: 0.8892 - acc: 0.7241
 850/3900 [=====>........................] - ETA: 2s - loss: 0.8853 - acc: 0.7294
 910/3900 [======>.......................] - ETA: 2s - loss: 0.8769 - acc: 0.7363
 970/3900 [======>.......................] - ETA: 2s - loss: 0.8741 - acc: 0.7361
1030/3900 [======>.......................] - ETA: 2s - loss: 0.8699 - acc: 0.7398
1090/3900 [=======>......................] - ETA: 2s - loss: 0.8689 - acc: 0.7394
1150/3900 [=======>......................] - ETA: 2s - loss: 0.8823 - acc: 0.7304
1210/3900 [========>.....................] - ETA: 2s - loss: 0.8836 - acc: 0.7298
1270/3900 [========>.....................] - ETA: 2s - loss: 0.8839 - acc: 0.7252
1330/3900 [=========>....................] - ETA: 2s - loss: 0.8812 - acc: 0.7256
1390/3900 [=========>....................] - ETA: 2s - loss: 0.8774 - acc: 0.7302
1450/3900 [==========>...................] - ETA: 2s - loss: 0.8773 - acc: 0.7297
1510/3900 [==========>...................] - ETA: 2s - loss: 0.8793 - acc: 0.7311
1570/3900 [===========>..................] - ETA: 2s - loss: 0.8754 - acc: 0.7338
1630/3900 [===========>..................] - ETA: 2s - loss: 0.8780 - acc: 0.7313
1690/3900 [============>.................] - ETA: 1s - loss: 0.8799 - acc: 0.7308
1750/3900 [============>.................] - ETA: 1s - loss: 0.8791 - acc: 0.7291
1810/3900 [============>.................] - ETA: 1s - loss: 0.8774 - acc: 0.7304
1870/3900 [=============>................] - ETA: 1s - loss: 0.8750 - acc: 0.7310
1930/3900 [=============>................] - ETA: 1s - loss: 0.8741 - acc: 0.7321
1990/3900 [==============>...............] - ETA: 1s - loss: 0.8688 - acc: 0.7332
2050/3900 [==============>...............] - ETA: 1s - loss: 0.8659 - acc: 0.7341
2110/3900 [===============>..............] - ETA: 1s - loss: 0.8630 - acc: 0.7355
2170/3900 [===============>..............] - ETA: 1s - loss: 0.8665 - acc: 0.7332
2230/3900 [================>.............] - ETA: 1s - loss: 0.8662 - acc: 0.7309
2290/3900 [================>.............] - ETA: 1s - loss: 0.8658 - acc: 0.7310
2350/3900 [=================>............] - ETA: 1s - loss: 0.8649 - acc: 0.7311
2410/3900 [=================>............] - ETA: 1s - loss: 0.8661 - acc: 0.7303
2470/3900 [==================>...........] - ETA: 1s - loss: 0.8635 - acc: 0.7312
2530/3900 [==================>...........] - ETA: 1s - loss: 0.8642 - acc: 0.7308
2590/3900 [==================>...........] - ETA: 1s - loss: 0.8622 - acc: 0.7305
2650/3900 [===================>..........] - ETA: 1s - loss: 0.8602 - acc: 0.7298
2710/3900 [===================>..........] - ETA: 1s - loss: 0.8560 - acc: 0.7314
2770/3900 [====================>.........] - ETA: 1s - loss: 0.8559 - acc: 0.7300
2830/3900 [====================>.........] - ETA: 0s - loss: 0.8576 - acc: 0.7293
2890/3900 [=====================>........] - ETA: 0s - loss: 0.8585 - acc: 0.7298
2950/3900 [=====================>........] - ETA: 0s - loss: 0.8571 - acc: 0.7305
3010/3900 [======================>.......] - ETA: 0s - loss: 0.8536 - acc: 0.7312
3070/3900 [======================>.......] - ETA: 0s - loss: 0.8554 - acc: 0.7309
3130/3900 [=======================>......] - ETA: 0s - loss: 0.8561 - acc: 0.7294
3190/3900 [=======================>......] - ETA: 0s - loss: 0.8560 - acc: 0.7288
3250/3900 [========================>.....] - ETA: 0s - loss: 0.8535 - acc: 0.7311
3310/3900 [========================>.....] - ETA: 0s - loss: 0.8505 - acc: 0.7320
3370/3900 [========================>.....] - ETA: 0s - loss: 0.8481 - acc: 0.7332
3430/3900 [=========================>....] - ETA: 0s - loss: 0.8475 - acc: 0.7324
3490/3900 [=========================>....] - ETA: 0s - loss: 0.8483 - acc: 0.7318
3540/3900 [==========================>...] - ETA: 0s - loss: 0.8466 - acc: 0.7322
3600/3900 [==========================>...] - ETA: 0s - loss: 0.8453 - acc: 0.7328
3660/3900 [===========================>..] - ETA: 0s - loss: 0.8428 - acc: 0.7336
3720/3900 [===========================>..] - ETA: 0s - loss: 0.8415 - acc: 0.7339
3780/3900 [============================>.] - ETA: 0s - loss: 0.8432 - acc: 0.7325
3840/3900 [============================>.] - ETA: 0s - loss: 0.8414 - acc: 0.7328
3900/3900 [==============================] - 4s 902us/step - loss: 0.8418 - acc: 0.7328 - val_loss: 1.5424 - val_acc: 0.4646
Current time ....3.520
Train on 600 samples, validate on 86 samples
Epoch 1/1

 10/600 [..............................] - ETA: 0s - loss: 0.0906 - acc: 1.0000
 70/600 [==>...........................] - ETA: 0s - loss: 0.0595 - acc: 1.0000
130/600 [=====>........................] - ETA: 0s - loss: 0.0521 - acc: 1.0000
190/600 [========>.....................] - ETA: 0s - loss: 0.0456 - acc: 1.0000
250/600 [===========>..................] - ETA: 0s - loss: 0.0464 - acc: 1.0000
310/600 [==============>...............] - ETA: 0s - loss: 0.0459 - acc: 1.0000
370/600 [=================>............] - ETA: 0s - loss: 0.0457 - acc: 1.0000
430/600 [====================>.........] - ETA: 0s - loss: 0.0435 - acc: 1.0000
490/600 [=======================>......] - ETA: 0s - loss: 0.0437 - acc: 0.9980
550/600 [==========================>...] - ETA: 0s - loss: 0.0422 - acc: 0.9982
600/600 [==============================] - 1s 919us/step - loss: 0.0444 - acc: 0.9950 - val_loss: 0.4214 - val_acc: 0.9186
Current time ....0.552
Train on 1200 samples, validate on 68 samples
Epoch 1/1

  10/1200 [..............................] - ETA: 1s - loss: 0.0305 - acc: 1.0000
  70/1200 [>.............................] - ETA: 0s - loss: 0.1307 - acc: 0.9857
 130/1200 [==>...........................] - ETA: 0s - loss: 0.1369 - acc: 0.9769
 190/1200 [===>..........................] - ETA: 0s - loss: 0.1228 - acc: 0.9842
 250/1200 [=====>........................] - ETA: 0s - loss: 0.1177 - acc: 0.9840
 310/1200 [======>.......................] - ETA: 0s - loss: 0.1157 - acc: 0.9871
 370/1200 [========>.....................] - ETA: 0s - loss: 0.1213 - acc: 0.9865
 430/1200 [=========>....................] - ETA: 0s - loss: 0.1207 - acc: 0.9860
 490/1200 [===========>..................] - ETA: 0s - loss: 0.1225 - acc: 0.9878
 550/1200 [============>.................] - ETA: 0s - loss: 0.1235 - acc: 0.9855
 610/1200 [==============>...............] - ETA: 0s - loss: 0.1189 - acc: 0.9869
 670/1200 [===============>..............] - ETA: 0s - loss: 0.1251 - acc: 0.9836
 730/1200 [=================>............] - ETA: 0s - loss: 0.1267 - acc: 0.9808
 790/1200 [==================>...........] - ETA: 0s - loss: 0.1291 - acc: 0.9797
 850/1200 [====================>.........] - ETA: 0s - loss: 0.1276 - acc: 0.9788
 910/1200 [=====================>........] - ETA: 0s - loss: 0.1251 - acc: 0.9802
 970/1200 [=======================>......] - ETA: 0s - loss: 0.1262 - acc: 0.9804
1030/1200 [========================>.....] - ETA: 0s - loss: 0.1239 - acc: 0.9806
1090/1200 [==========================>...] - ETA: 0s - loss: 0.1241 - acc: 0.9817
1150/1200 [===========================>..] - ETA: 0s - loss: 0.1235 - acc: 0.9809
1200/1200 [==============================] - 1s 904us/step - loss: 0.1234 - acc: 0.9808 - val_loss: 1.0221 - val_acc: 0.6765
Current time ....1.085
Train on 3900 samples, validate on 99 samples
Epoch 1/1

  10/3900 [..............................] - ETA: 3s - loss: 0.6748 - acc: 1.0000
  70/3900 [..............................] - ETA: 3s - loss: 0.7063 - acc: 0.8000
 130/3900 [>.............................] - ETA: 3s - loss: 0.7277 - acc: 0.7769
 190/3900 [>.............................] - ETA: 3s - loss: 0.7631 - acc: 0.7474
 250/3900 [>.............................] - ETA: 3s - loss: 0.7414 - acc: 0.7520
 310/3900 [=>............................] - ETA: 3s - loss: 0.7414 - acc: 0.7613
 370/3900 [=>............................] - ETA: 3s - loss: 0.7368 - acc: 0.7595
 430/3900 [==>...........................] - ETA: 3s - loss: 0.7389 - acc: 0.7651
 490/3900 [==>...........................] - ETA: 3s - loss: 0.7343 - acc: 0.7755
 550/3900 [===>..........................] - ETA: 2s - loss: 0.7364 - acc: 0.7673
 610/3900 [===>..........................] - ETA: 2s - loss: 0.7485 - acc: 0.7574
 670/3900 [====>.........................] - ETA: 2s - loss: 0.7461 - acc: 0.7582
 730/3900 [====>.........................] - ETA: 2s - loss: 0.7384 - acc: 0.7575
 790/3900 [=====>........................] - ETA: 2s - loss: 0.7377 - acc: 0.7595
 850/3900 [=====>........................] - ETA: 2s - loss: 0.7435 - acc: 0.7553
 910/3900 [======>.......................] - ETA: 2s - loss: 0.7507 - acc: 0.7527
 970/3900 [======>.......................] - ETA: 2s - loss: 0.7492 - acc: 0.7515
1030/3900 [======>.......................] - ETA: 2s - loss: 0.7475 - acc: 0.7505
1090/3900 [=======>......................] - ETA: 2s - loss: 0.7459 - acc: 0.7514
1150/3900 [=======>......................] - ETA: 2s - loss: 0.7446 - acc: 0.7513
1210/3900 [========>.....................] - ETA: 2s - loss: 0.7412 - acc: 0.7504
1270/3900 [========>.....................] - ETA: 2s - loss: 0.7415 - acc: 0.7512
1330/3900 [=========>....................] - ETA: 2s - loss: 0.7399 - acc: 0.7526
1390/3900 [=========>....................] - ETA: 2s - loss: 0.7424 - acc: 0.7489
1450/3900 [==========>...................] - ETA: 2s - loss: 0.7431 - acc: 0.7483
1510/3900 [==========>...................] - ETA: 2s - loss: 0.7415 - acc: 0.7483
1570/3900 [===========>..................] - ETA: 2s - loss: 0.7392 - acc: 0.7484
1630/3900 [===========>..................] - ETA: 2s - loss: 0.7417 - acc: 0.7472
1690/3900 [============>.................] - ETA: 1s - loss: 0.7374 - acc: 0.7491
1750/3900 [============>.................] - ETA: 1s - loss: 0.7322 - acc: 0.7520
1810/3900 [============>.................] - ETA: 1s - loss: 0.7282 - acc: 0.7536
1870/3900 [=============>................] - ETA: 1s - loss: 0.7250 - acc: 0.7535
1930/3900 [=============>................] - ETA: 1s - loss: 0.7284 - acc: 0.7513
1990/3900 [==============>...............] - ETA: 1s - loss: 0.7215 - acc: 0.7558
2050/3900 [==============>...............] - ETA: 1s - loss: 0.7213 - acc: 0.7537
2110/3900 [===============>..............] - ETA: 1s - loss: 0.7221 - acc: 0.7545
2170/3900 [===============>..............] - ETA: 1s - loss: 0.7182 - acc: 0.7553
2230/3900 [================>.............] - ETA: 1s - loss: 0.7146 - acc: 0.7570
2290/3900 [================>.............] - ETA: 1s - loss: 0.7139 - acc: 0.7576
2350/3900 [=================>............] - ETA: 1s - loss: 0.7124 - acc: 0.7583
2410/3900 [=================>............] - ETA: 1s - loss: 0.7117 - acc: 0.7593
2470/3900 [==================>...........] - ETA: 1s - loss: 0.7115 - acc: 0.7591
2530/3900 [==================>...........] - ETA: 1s - loss: 0.7156 - acc: 0.7569
2590/3900 [==================>...........] - ETA: 1s - loss: 0.7127 - acc: 0.7587
2650/3900 [===================>..........] - ETA: 1s - loss: 0.7146 - acc: 0.7581
2710/3900 [===================>..........] - ETA: 1s - loss: 0.7136 - acc: 0.7579
2770/3900 [====================>.........] - ETA: 1s - loss: 0.7108 - acc: 0.7588
2830/3900 [====================>.........] - ETA: 0s - loss: 0.7094 - acc: 0.7604
2890/3900 [=====================>........] - ETA: 0s - loss: 0.7050 - acc: 0.7623
2950/3900 [=====================>........] - ETA: 0s - loss: 0.7064 - acc: 0.7631
3010/3900 [======================>.......] - ETA: 0s - loss: 0.7080 - acc: 0.7618
3070/3900 [======================>.......] - ETA: 0s - loss: 0.7064 - acc: 0.7635
3130/3900 [=======================>......] - ETA: 0s - loss: 0.7047 - acc: 0.7642
3190/3900 [=======================>......] - ETA: 0s - loss: 0.7063 - acc: 0.7636
3250/3900 [========================>.....] - ETA: 0s - loss: 0.7041 - acc: 0.7640
3310/3900 [========================>.....] - ETA: 0s - loss: 0.7044 - acc: 0.7644
3370/3900 [========================>.....] - ETA: 0s - loss: 0.7019 - acc: 0.7659
3430/3900 [=========================>....] - ETA: 0s - loss: 0.6992 - acc: 0.7671
3490/3900 [=========================>....] - ETA: 0s - loss: 0.6983 - acc: 0.7679
3550/3900 [==========================>...] - ETA: 0s - loss: 0.6973 - acc: 0.7679
3610/3900 [==========================>...] - ETA: 0s - loss: 0.6956 - acc: 0.7684
3670/3900 [===========================>..] - ETA: 0s - loss: 0.6953 - acc: 0.7684
3730/3900 [===========================>..] - ETA: 0s - loss: 0.6959 - acc: 0.7676
3790/3900 [============================>.] - ETA: 0s - loss: 0.6954 - acc: 0.7683
3850/3900 [============================>.] - ETA: 0s - loss: 0.6948 - acc: 0.7686
3900/3900 [==============================] - 4s 901us/step - loss: 0.6937 - acc: 0.7687 - val_loss: 1.6884 - val_acc: 0.4646
Current time ....3.515
Train on 600 samples, validate on 86 samples
Epoch 1/1

 10/600 [..............................] - ETA: 0s - loss: 0.0481 - acc: 1.0000
 70/600 [==>...........................] - ETA: 0s - loss: 0.0297 - acc: 1.0000
130/600 [=====>........................] - ETA: 0s - loss: 0.0344 - acc: 1.0000
190/600 [========>.....................] - ETA: 0s - loss: 0.0313 - acc: 1.0000
250/600 [===========>..................] - ETA: 0s - loss: 0.0355 - acc: 1.0000
310/600 [==============>...............] - ETA: 0s - loss: 0.0360 - acc: 1.0000
370/600 [=================>............] - ETA: 0s - loss: 0.0346 - acc: 1.0000
430/600 [====================>.........] - ETA: 0s - loss: 0.0361 - acc: 1.0000
490/600 [=======================>......] - ETA: 0s - loss: 0.0394 - acc: 0.9980
550/600 [==========================>...] - ETA: 0s - loss: 0.0374 - acc: 0.9982
600/600 [==============================] - 1s 917us/step - loss: 0.0363 - acc: 0.9983 - val_loss: 0.4502 - val_acc: 0.9186
Current time ....0.550
Train on 1200 samples, validate on 68 samples
Epoch 1/1

  10/1200 [..............................] - ETA: 1s - loss: 0.0892 - acc: 1.0000
  70/1200 [>.............................] - ETA: 1s - loss: 0.1207 - acc: 0.9857
 130/1200 [==>...........................] - ETA: 0s - loss: 0.1010 - acc: 0.9846
 190/1200 [===>..........................] - ETA: 0s - loss: 0.1017 - acc: 0.9789
 250/1200 [=====>........................] - ETA: 0s - loss: 0.0951 - acc: 0.9840
 310/1200 [======>.......................] - ETA: 0s - loss: 0.0904 - acc: 0.9871
 370/1200 [========>.....................] - ETA: 0s - loss: 0.0923 - acc: 0.9838
 430/1200 [=========>....................] - ETA: 0s - loss: 0.0957 - acc: 0.9860
 490/1200 [===========>..................] - ETA: 0s - loss: 0.0980 - acc: 0.9857
 550/1200 [============>.................] - ETA: 0s - loss: 0.0935 - acc: 0.9873
 610/1200 [==============>...............] - ETA: 0s - loss: 0.0917 - acc: 0.9885
 670/1200 [===============>..............] - ETA: 0s - loss: 0.0892 - acc: 0.9896
 730/1200 [=================>............] - ETA: 0s - loss: 0.0874 - acc: 0.9904
 790/1200 [==================>...........] - ETA: 0s - loss: 0.0880 - acc: 0.9899
 850/1200 [====================>.........] - ETA: 0s - loss: 0.0876 - acc: 0.9906
 910/1200 [=====================>........] - ETA: 0s - loss: 0.0872 - acc: 0.9912
 970/1200 [=======================>......] - ETA: 0s - loss: 0.0874 - acc: 0.9918
1030/1200 [========================>.....] - ETA: 0s - loss: 0.0882 - acc: 0.9913
1090/1200 [==========================>...] - ETA: 0s - loss: 0.0869 - acc: 0.9908
1150/1200 [===========================>..] - ETA: 0s - loss: 0.0853 - acc: 0.9913
1200/1200 [==============================] - 1s 909us/step - loss: 0.0849 - acc: 0.9908 - val_loss: 0.9539 - val_acc: 0.6912
Current time ....1.091

32/99 [========>.....................] - ETA: 0s
99/99 [==============================] - 0s 92us/step
In EVALUATE loss:  [1.6883854817862463, 0.46464646524853176]

32/86 [==========>...................] - ETA: 0s
86/86 [==============================] - 0s 83us/step
In EVALUATE loss:  [0.45016725118770157, 0.91860465393509971]

32/68 [=============>................] - ETA: 0s
68/68 [==============================] - 0s 98us/step
In EVALUATE loss:  [0.95393331261242142, 0.69117647058823528]
Task 1 : Primary site - Macro F1 score 0.244476475454
Task 1 : Primary site - Micro F1 score 0.464646464646
Task 2 : Tumor laterality - Macro F1 score 0.918593644354
Task 2 : Tumor laterality - Micro F1 score 0.918604651163
Task 3 : Histological grade - Macro F1 score 0.533364052838
Task 3 : Histological grade - Micro F1 score 0.691176470588
Average loss:  1.03082868186
