Importing candle utils for keras
Configuration file:  /gpfs/mira-home/apeck/Modified_Benchmarks/Pilot3/P3B1/p3b1_default_model.txt
{'activation': 'relu',
 'batch_size': 10,
 'data_url': 'ftp://ftp.mcs.anl.gov/pub/candle/public/benchmarks/P3B1/',
 'drop': 0.0,
 'epochs': 10,
 'feature_names': 'Primary site:Tumor laterality:Histological grade',
 'ind_nnet_spec': [[2400, 2400, 1200, 1200],
                   [2400, 2400, 1200, 1200],
                   [2400, 2400, 1200, 1200]],
 'initialization': 'glorot_uniform',
 'learning_rate': 0.01,
 'loss': 'categorical_crossentropy',
 'metrics': 'accuracy',
 'model_name': 'p3b1',
 'n_fold': 1,
 'optimizer': 'sgd',
 'out_activation': 'softmax',
 'output_dir': '.',
 'scaling': 'none',
 'shared_nnet_spec': [1200,
                      2400,
                      3600,
                      3600,
                      3600,
                      3600,
                      3600,
                      3600,
                      3600,
                      2400],
 'shuffle': True,
 'timeout': 1800,
 'train_data': 'P3B1_data.tar.gz'}
Params:
{'activation': 'relu',
 'batch_size': 10,
 'case': 'CenterZ',
 'data_url': 'ftp://ftp.mcs.anl.gov/pub/candle/public/benchmarks/P3B1/',
 'datatype': <class 'numpy.float32'>,
 'drop': 0.0,
 'epochs': 10,
 'experiment_id': 'EXP000',
 'feature_names': 'Primary site:Tumor laterality:Histological grade',
 'fig': False,
 'gpus': [],
 'ind_nnet_spec': [[2400, 2400, 1200, 1200],
                   [2400, 2400, 1200, 1200],
                   [2400, 2400, 1200, 1200]],
 'initialization': 'glorot_uniform',
 'learning_rate': 0.01,
 'logfile': None,
 'loss': 'categorical_crossentropy',
 'metrics': 'accuracy',
 'model_name': 'p3b1',
 'n_fold': 1,
 'optimizer': 'sgd',
 'out_activation': 'softmax',
 'output_dir': '/gpfs/mira-home/apeck/CANDLE_testing/avery_modified_results/p3_1',
 'output_files': 'result0_0.csv;result1_0.csv;result2_0.csv',
 'rng_seed': 7102,
 'run_id': 'RUN000',
 'scaling': 'none',
 'shared_nnet_spec': [1200,
                      2400,
                      3600,
                      3600,
                      3600,
                      3600,
                      3600,
                      3600,
                      3600,
                      2400],
 'shuffle': False,
 'timeout': 1800,
 'train_bool': True,
 'train_data': 'P3B1_data.tar.gz',
 'train_features': 'data/task0_0_train_feature.csv;data/task1_0_train_feature.csv;data/task2_0_train_feature.csv',
 'train_truths': 'data/task0_0_train_label.csv;data/task1_0_train_label.csv;data/task2_0_train_label.csv',
 'valid_features': 'data/task0_0_test_feature.csv;data/task1_0_test_feature.csv;data/task2_0_test_feature.csv',
 'valid_truths': 'data/task0_0_test_label.csv;data/task1_0_test_label.csv;data/task2_0_test_label.csv',
 'verbose': None}
Feature names:
Primary site
Tumor laterality
Histological grade
Model:  0
_________________________________________________________________
Layer (type)                 Output Shape              Param #   
=================================================================
input (InputLayer)           (None, 400)               0         
_________________________________________________________________
indiv_layer_0_0 (Dense)      (None, 2400)              962400    
_________________________________________________________________
indiv_layer_0_1 (Dense)      (None, 2400)              5762400   
_________________________________________________________________
indiv_layer_0_2 (Dense)      (None, 1200)              2881200   
_________________________________________________________________
indiv_layer_0_3 (Dense)      (None, 1200)              1441200   
_________________________________________________________________
out_0 (Dense)                (None, 13)                15613     
=================================================================
Total params: 11,062,813
Trainable params: 11,062,813
Non-trainable params: 0
_________________________________________________________________
Model:  1
_________________________________________________________________
Layer (type)                 Output Shape              Param #   
=================================================================
input (InputLayer)           (None, 400)               0         
_________________________________________________________________
indiv_layer_1_0 (Dense)      (None, 2400)              962400    
_________________________________________________________________
indiv_layer_1_1 (Dense)      (None, 2400)              5762400   
_________________________________________________________________
indiv_layer_1_2 (Dense)      (None, 1200)              2881200   
_________________________________________________________________
indiv_layer_1_3 (Dense)      (None, 1200)              1441200   
_________________________________________________________________
out_1 (Dense)                (None, 2)                 2402      
=================================================================
Total params: 11,049,602
Trainable params: 11,049,602
Non-trainable params: 0
_________________________________________________________________
Model:  2
_________________________________________________________________
Layer (type)                 Output Shape              Param #   
=================================================================
input (InputLayer)           (None, 400)               0         
_________________________________________________________________
indiv_layer_2_0 (Dense)      (None, 2400)              962400    
_________________________________________________________________
indiv_layer_2_1 (Dense)      (None, 2400)              5762400   
_________________________________________________________________
indiv_layer_2_2 (Dense)      (None, 1200)              2881200   
_________________________________________________________________
indiv_layer_2_3 (Dense)      (None, 1200)              1441200   
_________________________________________________________________
out_2 (Dense)                (None, 4)                 4804      
=================================================================
Total params: 11,052,004
Trainable params: 11,052,004
Non-trainable params: 0
_________________________________________________________________
Train on 3900 samples, validate on 99 samples
Epoch 1/1

  10/3900 [..............................] - ETA: 11:51 - loss: 2.5622 - acc: 0.2000
  60/3900 [..............................] - ETA: 2:00 - loss: 2.5654 - acc: 0.1000 
 110/3900 [..............................] - ETA: 1:07 - loss: 2.5641 - acc: 0.1545
 160/3900 [>.............................] - ETA: 46s - loss: 2.5643 - acc: 0.1438 
 210/3900 [>.............................] - ETA: 36s - loss: 2.5640 - acc: 0.1476
 260/3900 [=>............................] - ETA: 29s - loss: 2.5639 - acc: 0.1462
 310/3900 [=>............................] - ETA: 25s - loss: 2.5633 - acc: 0.1484
 360/3900 [=>............................] - ETA: 21s - loss: 2.5632 - acc: 0.1472
 410/3900 [==>...........................] - ETA: 19s - loss: 2.5632 - acc: 0.1390
 470/3900 [==>...........................] - ETA: 16s - loss: 2.5632 - acc: 0.1340
 530/3900 [===>..........................] - ETA: 15s - loss: 2.5628 - acc: 0.1491
 590/3900 [===>..........................] - ETA: 13s - loss: 2.5627 - acc: 0.1492
 650/3900 [====>.........................] - ETA: 12s - loss: 2.5623 - acc: 0.1538
 710/3900 [====>.........................] - ETA: 11s - loss: 2.5619 - acc: 0.1521
 770/3900 [====>.........................] - ETA: 10s - loss: 2.5615 - acc: 0.1519
 830/3900 [=====>........................] - ETA: 9s - loss: 2.5616 - acc: 0.1470 
 890/3900 [=====>........................] - ETA: 9s - loss: 2.5614 - acc: 0.1528
 950/3900 [======>.......................] - ETA: 8s - loss: 2.5612 - acc: 0.1579
1010/3900 [======>.......................] - ETA: 8s - loss: 2.5609 - acc: 0.1614
1070/3900 [=======>......................] - ETA: 7s - loss: 2.5609 - acc: 0.1617
1130/3900 [=======>......................] - ETA: 7s - loss: 2.5606 - acc: 0.1681
1190/3900 [========>.....................] - ETA: 6s - loss: 2.5603 - acc: 0.1714
1250/3900 [========>.....................] - ETA: 6s - loss: 2.5602 - acc: 0.1728
1310/3900 [=========>....................] - ETA: 6s - loss: 2.5600 - acc: 0.1740
1370/3900 [=========>....................] - ETA: 5s - loss: 2.5597 - acc: 0.1752
1430/3900 [==========>...................] - ETA: 5s - loss: 2.5594 - acc: 0.1790
1490/3900 [==========>...................] - ETA: 5s - loss: 2.5594 - acc: 0.1779
1550/3900 [==========>...................] - ETA: 5s - loss: 2.5592 - acc: 0.1774
1610/3900 [===========>..................] - ETA: 4s - loss: 2.5590 - acc: 0.1801
1670/3900 [===========>..................] - ETA: 4s - loss: 2.5589 - acc: 0.1832
1730/3900 [============>.................] - ETA: 4s - loss: 2.5588 - acc: 0.1850
1790/3900 [============>.................] - ETA: 4s - loss: 2.5585 - acc: 0.1883
1850/3900 [=============>................] - ETA: 3s - loss: 2.5583 - acc: 0.1924
1910/3900 [=============>................] - ETA: 3s - loss: 2.5581 - acc: 0.1974
1970/3900 [==============>...............] - ETA: 3s - loss: 2.5578 - acc: 0.1990
2030/3900 [==============>...............] - ETA: 3s - loss: 2.5576 - acc: 0.1990
2090/3900 [===============>..............] - ETA: 3s - loss: 2.5572 - acc: 0.2053
2150/3900 [===============>..............] - ETA: 3s - loss: 2.5568 - acc: 0.2060
2210/3900 [================>.............] - ETA: 2s - loss: 2.5567 - acc: 0.2041
2270/3900 [================>.............] - ETA: 2s - loss: 2.5563 - acc: 0.2048
2330/3900 [================>.............] - ETA: 2s - loss: 2.5561 - acc: 0.2039
2390/3900 [=================>............] - ETA: 2s - loss: 2.5560 - acc: 0.2013
2450/3900 [=================>............] - ETA: 2s - loss: 2.5558 - acc: 0.2004
2510/3900 [==================>...........] - ETA: 2s - loss: 2.5554 - acc: 0.2044
2570/3900 [==================>...........] - ETA: 2s - loss: 2.5552 - acc: 0.2054
2630/3900 [===================>..........] - ETA: 2s - loss: 2.5550 - acc: 0.2072
2690/3900 [===================>..........] - ETA: 1s - loss: 2.5548 - acc: 0.2071
2750/3900 [====================>.........] - ETA: 1s - loss: 2.5547 - acc: 0.2073
2810/3900 [====================>.........] - ETA: 1s - loss: 2.5544 - acc: 0.2082
2870/3900 [=====================>........] - ETA: 1s - loss: 2.5542 - acc: 0.2087
2930/3900 [=====================>........] - ETA: 1s - loss: 2.5540 - acc: 0.2106
2990/3900 [======================>.......] - ETA: 1s - loss: 2.5537 - acc: 0.2130
3050/3900 [======================>.......] - ETA: 1s - loss: 2.5535 - acc: 0.2157
3110/3900 [======================>.......] - ETA: 1s - loss: 2.5532 - acc: 0.2190
3170/3900 [=======================>......] - ETA: 1s - loss: 2.5530 - acc: 0.2227
3230/3900 [=======================>......] - ETA: 0s - loss: 2.5528 - acc: 0.2235
3290/3900 [========================>.....] - ETA: 0s - loss: 2.5526 - acc: 0.2255
3350/3900 [========================>.....] - ETA: 0s - loss: 2.5523 - acc: 0.2301
3410/3900 [=========================>....] - ETA: 0s - loss: 2.5521 - acc: 0.2317
3470/3900 [=========================>....] - ETA: 0s - loss: 2.5519 - acc: 0.2334
3530/3900 [==========================>...] - ETA: 0s - loss: 2.5516 - acc: 0.2363
3590/3900 [==========================>...] - ETA: 0s - loss: 2.5514 - acc: 0.2368
3650/3900 [===========================>..] - ETA: 0s - loss: 2.5512 - acc: 0.2400
3710/3900 [===========================>..] - ETA: 0s - loss: 2.5509 - acc: 0.2434
3770/3900 [============================>.] - ETA: 0s - loss: 2.5507 - acc: 0.2451
3830/3900 [============================>.] - ETA: 0s - loss: 2.5504 - acc: 0.2470
3890/3900 [============================>.] - ETA: 0s - loss: 2.5502 - acc: 0.2494
3900/3900 [==============================] - 5s 1ms/step - loss: 2.5501 - acc: 0.2492 - val_loss: 2.5507 - val_acc: 0.1818
Current time ....5.448
Train on 600 samples, validate on 86 samples
Epoch 1/1

 10/600 [..............................] - ETA: 18s - loss: 0.7113 - acc: 0.3000
 70/600 [==>...........................] - ETA: 2s - loss: 0.6916 - acc: 0.5000 
130/600 [=====>........................] - ETA: 1s - loss: 0.6883 - acc: 0.5615
190/600 [========>.....................] - ETA: 1s - loss: 0.6854 - acc: 0.5895
250/600 [===========>..................] - ETA: 0s - loss: 0.6856 - acc: 0.6080
310/600 [==============>...............] - ETA: 0s - loss: 0.6830 - acc: 0.6065
370/600 [=================>............] - ETA: 0s - loss: 0.6772 - acc: 0.6297
430/600 [====================>.........] - ETA: 0s - loss: 0.6737 - acc: 0.6256
490/600 [=======================>......] - ETA: 0s - loss: 0.6669 - acc: 0.6449
550/600 [==========================>...] - ETA: 0s - loss: 0.6608 - acc: 0.6727
600/600 [==============================] - 1s 1ms/step - loss: 0.6568 - acc: 0.6933 - val_loss: 0.6277 - val_acc: 0.7209
Current time ....0.879
Train on 1200 samples, validate on 68 samples
Epoch 1/1

  10/1200 [..............................] - ETA: 32s - loss: 1.3725 - acc: 0.4000
  70/1200 [>.............................] - ETA: 5s - loss: 1.3764 - acc: 0.2857 
 130/1200 [==>...........................] - ETA: 3s - loss: 1.3736 - acc: 0.2615
 190/1200 [===>..........................] - ETA: 2s - loss: 1.3540 - acc: 0.3053
 250/1200 [=====>........................] - ETA: 1s - loss: 1.3504 - acc: 0.2960
 310/1200 [======>.......................] - ETA: 1s - loss: 1.3507 - acc: 0.2871
 370/1200 [========>.....................] - ETA: 1s - loss: 1.3495 - acc: 0.2973
 430/1200 [=========>....................] - ETA: 1s - loss: 1.3479 - acc: 0.3163
 490/1200 [===========>..................] - ETA: 1s - loss: 1.3451 - acc: 0.3245
 550/1200 [============>.................] - ETA: 0s - loss: 1.3423 - acc: 0.3364
 610/1200 [==============>...............] - ETA: 0s - loss: 1.3341 - acc: 0.3590
 670/1200 [===============>..............] - ETA: 0s - loss: 1.3296 - acc: 0.3761
 730/1200 [=================>............] - ETA: 0s - loss: 1.3242 - acc: 0.3932
 790/1200 [==================>...........] - ETA: 0s - loss: 1.3198 - acc: 0.4013
 850/1200 [====================>.........] - ETA: 0s - loss: 1.3166 - acc: 0.4047
 910/1200 [=====================>........] - ETA: 0s - loss: 1.3124 - acc: 0.4154
 970/1200 [=======================>......] - ETA: 0s - loss: 1.3074 - acc: 0.4227
1030/1200 [========================>.....] - ETA: 0s - loss: 1.2999 - acc: 0.4340
1090/1200 [==========================>...] - ETA: 0s - loss: 1.2944 - acc: 0.4404
1150/1200 [===========================>..] - ETA: 0s - loss: 1.2875 - acc: 0.4487
1200/1200 [==============================] - 1s 1ms/step - loss: 1.2836 - acc: 0.4550 - val_loss: 1.3058 - val_acc: 0.1471
Current time ....1.358
Train on 3900 samples, validate on 99 samples
Epoch 1/1

  10/3900 [..............................] - ETA: 3s - loss: 2.5274 - acc: 0.7000
  70/3900 [..............................] - ETA: 3s - loss: 2.5300 - acc: 0.4000
 130/3900 [>.............................] - ETA: 3s - loss: 2.5318 - acc: 0.3615
 190/3900 [>.............................] - ETA: 3s - loss: 2.5318 - acc: 0.3526
 250/3900 [>.............................] - ETA: 3s - loss: 2.5308 - acc: 0.3480
 310/3900 [=>............................] - ETA: 3s - loss: 2.5308 - acc: 0.3613
 370/3900 [=>............................] - ETA: 3s - loss: 2.5304 - acc: 0.3703
 430/3900 [==>...........................] - ETA: 3s - loss: 2.5300 - acc: 0.3953
 490/3900 [==>...........................] - ETA: 3s - loss: 2.5288 - acc: 0.4204
 550/3900 [===>..........................] - ETA: 3s - loss: 2.5286 - acc: 0.4055
 610/3900 [===>..........................] - ETA: 2s - loss: 2.5279 - acc: 0.4000
 670/3900 [====>.........................] - ETA: 2s - loss: 2.5275 - acc: 0.4000
 730/3900 [====>.........................] - ETA: 2s - loss: 2.5271 - acc: 0.3945
 790/3900 [=====>........................] - ETA: 2s - loss: 2.5267 - acc: 0.3937
 850/3900 [=====>........................] - ETA: 2s - loss: 2.5259 - acc: 0.3953
 910/3900 [======>.......................] - ETA: 2s - loss: 2.5257 - acc: 0.3868
 970/3900 [======>.......................] - ETA: 2s - loss: 2.5246 - acc: 0.3887
1030/3900 [======>.......................] - ETA: 2s - loss: 2.5249 - acc: 0.3757
1090/3900 [=======>......................] - ETA: 2s - loss: 2.5246 - acc: 0.3734
1150/3900 [=======>......................] - ETA: 2s - loss: 2.5242 - acc: 0.3791
1210/3900 [========>.....................] - ETA: 2s - loss: 2.5240 - acc: 0.3752
1270/3900 [========>.....................] - ETA: 2s - loss: 2.5237 - acc: 0.3780
1330/3900 [=========>....................] - ETA: 2s - loss: 2.5233 - acc: 0.3797
1390/3900 [=========>....................] - ETA: 2s - loss: 2.5232 - acc: 0.3755
1450/3900 [==========>...................] - ETA: 2s - loss: 2.5224 - acc: 0.3752
1510/3900 [==========>...................] - ETA: 2s - loss: 2.5220 - acc: 0.3768
1570/3900 [===========>..................] - ETA: 2s - loss: 2.5212 - acc: 0.3796
1630/3900 [===========>..................] - ETA: 2s - loss: 2.5208 - acc: 0.3767
1690/3900 [============>.................] - ETA: 1s - loss: 2.5204 - acc: 0.3746
1750/3900 [============>.................] - ETA: 1s - loss: 2.5198 - acc: 0.3777
1810/3900 [============>.................] - ETA: 1s - loss: 2.5191 - acc: 0.3779
1870/3900 [=============>................] - ETA: 1s - loss: 2.5189 - acc: 0.3754
1930/3900 [=============>................] - ETA: 1s - loss: 2.5185 - acc: 0.3715
1990/3900 [==============>...............] - ETA: 1s - loss: 2.5180 - acc: 0.3698
2050/3900 [==============>...............] - ETA: 1s - loss: 2.5174 - acc: 0.3683
2110/3900 [===============>..............] - ETA: 1s - loss: 2.5167 - acc: 0.3697
2170/3900 [===============>..............] - ETA: 1s - loss: 2.5161 - acc: 0.3714
2220/3900 [================>.............] - ETA: 1s - loss: 2.5157 - acc: 0.3694
2280/3900 [================>.............] - ETA: 1s - loss: 2.5152 - acc: 0.3667
2340/3900 [=================>............] - ETA: 1s - loss: 2.5149 - acc: 0.3641
2400/3900 [=================>............] - ETA: 1s - loss: 2.5144 - acc: 0.3642
2460/3900 [=================>............] - ETA: 1s - loss: 2.5137 - acc: 0.3642
2520/3900 [==================>...........] - ETA: 1s - loss: 2.5129 - acc: 0.3651
2580/3900 [==================>...........] - ETA: 1s - loss: 2.5123 - acc: 0.3663
2640/3900 [===================>..........] - ETA: 1s - loss: 2.5117 - acc: 0.3667
2700/3900 [===================>..........] - ETA: 1s - loss: 2.5112 - acc: 0.3644
2760/3900 [====================>.........] - ETA: 1s - loss: 2.5107 - acc: 0.3634
2820/3900 [====================>.........] - ETA: 0s - loss: 2.5100 - acc: 0.3617
2880/3900 [=====================>........] - ETA: 0s - loss: 2.5095 - acc: 0.3608
2940/3900 [=====================>........] - ETA: 0s - loss: 2.5087 - acc: 0.3605
3000/3900 [======================>.......] - ETA: 0s - loss: 2.5082 - acc: 0.3587
3060/3900 [======================>.......] - ETA: 0s - loss: 2.5076 - acc: 0.3595
3120/3900 [=======================>......] - ETA: 0s - loss: 2.5069 - acc: 0.3599
3180/3900 [=======================>......] - ETA: 0s - loss: 2.5064 - acc: 0.3604
3240/3900 [=======================>......] - ETA: 0s - loss: 2.5060 - acc: 0.3617
3300/3900 [========================>.....] - ETA: 0s - loss: 2.5054 - acc: 0.3639
3360/3900 [========================>.....] - ETA: 0s - loss: 2.5049 - acc: 0.3664
3420/3900 [=========================>....] - ETA: 0s - loss: 2.5043 - acc: 0.3675
3480/3900 [=========================>....] - ETA: 0s - loss: 2.5036 - acc: 0.3704
3540/3900 [==========================>...] - ETA: 0s - loss: 2.5028 - acc: 0.3737
3600/3900 [==========================>...] - ETA: 0s - loss: 2.5021 - acc: 0.3764
3660/3900 [===========================>..] - ETA: 0s - loss: 2.5015 - acc: 0.3779
3720/3900 [===========================>..] - ETA: 0s - loss: 2.5007 - acc: 0.3798
3780/3900 [============================>.] - ETA: 0s - loss: 2.5001 - acc: 0.3802
3840/3900 [============================>.] - ETA: 0s - loss: 2.4993 - acc: 0.3841
3900/3900 [==============================] - 4s 902us/step - loss: 2.4986 - acc: 0.3846 - val_loss: 2.4848 - val_acc: 0.2020
Current time ....3.520
Train on 600 samples, validate on 86 samples
Epoch 1/1

 10/600 [..............................] - ETA: 0s - loss: 0.5677 - acc: 0.8000
 70/600 [==>...........................] - ETA: 0s - loss: 0.5823 - acc: 0.8143
130/600 [=====>........................] - ETA: 0s - loss: 0.5711 - acc: 0.8846
190/600 [========>.....................] - ETA: 0s - loss: 0.5655 - acc: 0.9158
250/600 [===========>..................] - ETA: 0s - loss: 0.5638 - acc: 0.9240
310/600 [==============>...............] - ETA: 0s - loss: 0.5604 - acc: 0.9226
370/600 [=================>............] - ETA: 0s - loss: 0.5572 - acc: 0.9297
430/600 [====================>.........] - ETA: 0s - loss: 0.5530 - acc: 0.9256
490/600 [=======================>......] - ETA: 0s - loss: 0.5522 - acc: 0.9204
550/600 [==========================>...] - ETA: 0s - loss: 0.5452 - acc: 0.9182
600/600 [==============================] - 1s 925us/step - loss: 0.5402 - acc: 0.9217 - val_loss: 0.5224 - val_acc: 0.9186
Current time ....0.555
Train on 1200 samples, validate on 68 samples
Epoch 1/1

  10/1200 [..............................] - ETA: 1s - loss: 1.1166 - acc: 0.7000
  70/1200 [>.............................] - ETA: 0s - loss: 1.0940 - acc: 0.7000
 130/1200 [==>...........................] - ETA: 0s - loss: 1.1314 - acc: 0.6154
 190/1200 [===>..........................] - ETA: 0s - loss: 1.1280 - acc: 0.6211
 250/1200 [=====>........................] - ETA: 0s - loss: 1.1239 - acc: 0.6280
 310/1200 [======>.......................] - ETA: 0s - loss: 1.1163 - acc: 0.6452
 370/1200 [========>.....................] - ETA: 0s - loss: 1.1176 - acc: 0.6351
 430/1200 [=========>....................] - ETA: 0s - loss: 1.1199 - acc: 0.6233
 490/1200 [===========>..................] - ETA: 0s - loss: 1.1112 - acc: 0.6388
 550/1200 [============>.................] - ETA: 0s - loss: 1.0973 - acc: 0.6400
 610/1200 [==============>...............] - ETA: 0s - loss: 1.0859 - acc: 0.6393
 670/1200 [===============>..............] - ETA: 0s - loss: 1.0795 - acc: 0.6343
 730/1200 [=================>............] - ETA: 0s - loss: 1.0723 - acc: 0.6370
 790/1200 [==================>...........] - ETA: 0s - loss: 1.0612 - acc: 0.6418
 850/1200 [====================>.........] - ETA: 0s - loss: 1.0545 - acc: 0.6400
 910/1200 [=====================>........] - ETA: 0s - loss: 1.0540 - acc: 0.6352
 970/1200 [=======================>......] - ETA: 0s - loss: 1.0498 - acc: 0.6340
1030/1200 [========================>.....] - ETA: 0s - loss: 1.0458 - acc: 0.6340
1090/1200 [==========================>...] - ETA: 0s - loss: 1.0439 - acc: 0.6358
1150/1200 [===========================>..] - ETA: 0s - loss: 1.0422 - acc: 0.6365
1200/1200 [==============================] - 1s 902us/step - loss: 1.0345 - acc: 0.6400 - val_loss: 1.1354 - val_acc: 0.3529
Current time ....1.083
Train on 3900 samples, validate on 99 samples
Epoch 1/1

  10/3900 [..............................] - ETA: 3s - loss: 2.4606 - acc: 0.2000
  70/3900 [..............................] - ETA: 3s - loss: 2.4355 - acc: 0.5571
 130/3900 [>.............................] - ETA: 3s - loss: 2.4403 - acc: 0.5000
 190/3900 [>.............................] - ETA: 3s - loss: 2.4395 - acc: 0.4632
 250/3900 [>.............................] - ETA: 3s - loss: 2.4396 - acc: 0.4440
 310/3900 [=>............................] - ETA: 3s - loss: 2.4374 - acc: 0.4548
 370/3900 [=>............................] - ETA: 3s - loss: 2.4361 - acc: 0.4757
 430/3900 [==>...........................] - ETA: 3s - loss: 2.4339 - acc: 0.4698
 490/3900 [==>...........................] - ETA: 3s - loss: 2.4329 - acc: 0.4694
 550/3900 [===>..........................] - ETA: 2s - loss: 2.4327 - acc: 0.4618
 610/3900 [===>..........................] - ETA: 2s - loss: 2.4298 - acc: 0.4689
 670/3900 [====>.........................] - ETA: 2s - loss: 2.4294 - acc: 0.4672
 730/3900 [====>.........................] - ETA: 2s - loss: 2.4271 - acc: 0.4699
 790/3900 [=====>........................] - ETA: 2s - loss: 2.4258 - acc: 0.4595
 850/3900 [=====>........................] - ETA: 2s - loss: 2.4244 - acc: 0.4600
 910/3900 [======>.......................] - ETA: 2s - loss: 2.4233 - acc: 0.4604
 970/3900 [======>.......................] - ETA: 2s - loss: 2.4225 - acc: 0.4670
1020/3900 [======>.......................] - ETA: 2s - loss: 2.4223 - acc: 0.4608
1080/3900 [=======>......................] - ETA: 2s - loss: 2.4204 - acc: 0.4630
1140/3900 [=======>......................] - ETA: 2s - loss: 2.4195 - acc: 0.4658
1200/3900 [========>.....................] - ETA: 2s - loss: 2.4174 - acc: 0.4658
1260/3900 [========>.....................] - ETA: 2s - loss: 2.4160 - acc: 0.4643
1320/3900 [=========>....................] - ETA: 2s - loss: 2.4143 - acc: 0.4621
1380/3900 [=========>....................] - ETA: 2s - loss: 2.4120 - acc: 0.4667
1440/3900 [==========>...................] - ETA: 2s - loss: 2.4104 - acc: 0.4646
1500/3900 [==========>...................] - ETA: 2s - loss: 2.4091 - acc: 0.4547
1560/3900 [===========>..................] - ETA: 2s - loss: 2.4072 - acc: 0.4526
1620/3900 [===========>..................] - ETA: 2s - loss: 2.4058 - acc: 0.4488
1680/3900 [===========>..................] - ETA: 1s - loss: 2.4033 - acc: 0.4494
1740/3900 [============>.................] - ETA: 1s - loss: 2.4017 - acc: 0.4471
1800/3900 [============>.................] - ETA: 1s - loss: 2.4000 - acc: 0.4444
1860/3900 [=============>................] - ETA: 1s - loss: 2.3978 - acc: 0.4462
1920/3900 [=============>................] - ETA: 1s - loss: 2.3962 - acc: 0.4448
1980/3900 [==============>...............] - ETA: 1s - loss: 2.3938 - acc: 0.4439
2040/3900 [==============>...............] - ETA: 1s - loss: 2.3916 - acc: 0.4446
2100/3900 [===============>..............] - ETA: 1s - loss: 2.3887 - acc: 0.4462
2160/3900 [===============>..............] - ETA: 1s - loss: 2.3869 - acc: 0.4458
2220/3900 [================>.............] - ETA: 1s - loss: 2.3846 - acc: 0.4473
2280/3900 [================>.............] - ETA: 1s - loss: 2.3831 - acc: 0.4452
2340/3900 [=================>............] - ETA: 1s - loss: 2.3803 - acc: 0.4466
2400/3900 [=================>............] - ETA: 1s - loss: 2.3785 - acc: 0.4454
2460/3900 [=================>............] - ETA: 1s - loss: 2.3754 - acc: 0.4435
2520/3900 [==================>...........] - ETA: 1s - loss: 2.3735 - acc: 0.4397
2580/3900 [==================>...........] - ETA: 1s - loss: 2.3707 - acc: 0.4391
2640/3900 [===================>..........] - ETA: 1s - loss: 2.3677 - acc: 0.4390
2700/3900 [===================>..........] - ETA: 1s - loss: 2.3647 - acc: 0.4415
2760/3900 [====================>.........] - ETA: 1s - loss: 2.3622 - acc: 0.4402
2820/3900 [====================>.........] - ETA: 0s - loss: 2.3588 - acc: 0.4401
2880/3900 [=====================>........] - ETA: 0s - loss: 2.3563 - acc: 0.4399
2940/3900 [=====================>........] - ETA: 0s - loss: 2.3536 - acc: 0.4381
3000/3900 [======================>.......] - ETA: 0s - loss: 2.3507 - acc: 0.4357
3060/3900 [======================>.......] - ETA: 0s - loss: 2.3480 - acc: 0.4317
3120/3900 [=======================>......] - ETA: 0s - loss: 2.3449 - acc: 0.4279
3170/3900 [=======================>......] - ETA: 0s - loss: 2.3425 - acc: 0.4265
3230/3900 [=======================>......] - ETA: 0s - loss: 2.3403 - acc: 0.4251
3290/3900 [========================>.....] - ETA: 0s - loss: 2.3378 - acc: 0.4231
3350/3900 [========================>.....] - ETA: 0s - loss: 2.3358 - acc: 0.4200
3410/3900 [=========================>....] - ETA: 0s - loss: 2.3325 - acc: 0.4199
3470/3900 [=========================>....] - ETA: 0s - loss: 2.3290 - acc: 0.4210
3530/3900 [==========================>...] - ETA: 0s - loss: 2.3262 - acc: 0.4193
3590/3900 [==========================>...] - ETA: 0s - loss: 2.3234 - acc: 0.4175
3650/3900 [===========================>..] - ETA: 0s - loss: 2.3211 - acc: 0.4142
3710/3900 [===========================>..] - ETA: 0s - loss: 2.3183 - acc: 0.4132
3770/3900 [============================>.] - ETA: 0s - loss: 2.3153 - acc: 0.4125
3830/3900 [============================>.] - ETA: 0s - loss: 2.3120 - acc: 0.4125
3890/3900 [============================>.] - ETA: 0s - loss: 2.3085 - acc: 0.4113
3900/3900 [==============================] - 4s 905us/step - loss: 2.3081 - acc: 0.4118 - val_loss: 2.1865 - val_acc: 0.3030
Current time ....3.528
Train on 600 samples, validate on 86 samples
Epoch 1/1

 10/600 [..............................] - ETA: 0s - loss: 0.4138 - acc: 1.0000
 60/600 [==>...........................] - ETA: 0s - loss: 0.4440 - acc: 0.9667
120/600 [=====>........................] - ETA: 0s - loss: 0.4526 - acc: 0.9833
180/600 [========>.....................] - ETA: 0s - loss: 0.4498 - acc: 0.9722
240/600 [===========>..................] - ETA: 0s - loss: 0.4330 - acc: 0.9667
300/600 [==============>...............] - ETA: 0s - loss: 0.4289 - acc: 0.9600
360/600 [=================>............] - ETA: 0s - loss: 0.4223 - acc: 0.9611
420/600 [====================>.........] - ETA: 0s - loss: 0.4100 - acc: 0.9619
480/600 [=======================>......] - ETA: 0s - loss: 0.4063 - acc: 0.9625
540/600 [==========================>...] - ETA: 0s - loss: 0.3986 - acc: 0.9611
600/600 [==============================] - 1s 931us/step - loss: 0.3877 - acc: 0.9633 - val_loss: 0.4229 - val_acc: 0.9302
Current time ....0.559
Train on 1200 samples, validate on 68 samples
Epoch 1/1

  10/1200 [..............................] - ETA: 1s - loss: 0.9766 - acc: 0.8000
  70/1200 [>.............................] - ETA: 1s - loss: 0.9162 - acc: 0.7857
 130/1200 [==>...........................] - ETA: 0s - loss: 0.9027 - acc: 0.7231
 190/1200 [===>..........................] - ETA: 0s - loss: 0.8847 - acc: 0.7316
 250/1200 [=====>........................] - ETA: 0s - loss: 0.8486 - acc: 0.7400
 310/1200 [======>.......................] - ETA: 0s - loss: 0.8499 - acc: 0.7258
 370/1200 [========>.....................] - ETA: 0s - loss: 0.8267 - acc: 0.7324
 430/1200 [=========>....................] - ETA: 0s - loss: 0.8383 - acc: 0.7186
 490/1200 [===========>..................] - ETA: 0s - loss: 0.8319 - acc: 0.7204
 550/1200 [============>.................] - ETA: 0s - loss: 0.8313 - acc: 0.7091
 610/1200 [==============>...............] - ETA: 0s - loss: 0.8288 - acc: 0.7066
 670/1200 [===============>..............] - ETA: 0s - loss: 0.8342 - acc: 0.7060
 730/1200 [=================>............] - ETA: 0s - loss: 0.8348 - acc: 0.7082
 790/1200 [==================>...........] - ETA: 0s - loss: 0.8276 - acc: 0.7152
 850/1200 [====================>.........] - ETA: 0s - loss: 0.8266 - acc: 0.7106
 910/1200 [=====================>........] - ETA: 0s - loss: 0.8220 - acc: 0.7088
 970/1200 [=======================>......] - ETA: 0s - loss: 0.8128 - acc: 0.7134
1030/1200 [========================>.....] - ETA: 0s - loss: 0.8090 - acc: 0.7126
1090/1200 [==========================>...] - ETA: 0s - loss: 0.8011 - acc: 0.7165
1150/1200 [===========================>..] - ETA: 0s - loss: 0.7950 - acc: 0.7165
1200/1200 [==============================] - 1s 896us/step - loss: 0.7920 - acc: 0.7200 - val_loss: 1.2513 - val_acc: 0.4265
Current time ....1.076
Train on 3900 samples, validate on 99 samples
Epoch 1/1

  10/3900 [..............................] - ETA: 3s - loss: 2.0996 - acc: 0.3000
  70/3900 [..............................] - ETA: 3s - loss: 2.1143 - acc: 0.5000
 130/3900 [>.............................] - ETA: 3s - loss: 2.0974 - acc: 0.4923
 190/3900 [>.............................] - ETA: 3s - loss: 2.0928 - acc: 0.5158
 250/3900 [>.............................] - ETA: 3s - loss: 2.0770 - acc: 0.5000
 310/3900 [=>............................] - ETA: 3s - loss: 2.0782 - acc: 0.4742
 370/3900 [=>............................] - ETA: 3s - loss: 2.0801 - acc: 0.4622
 430/3900 [==>...........................] - ETA: 3s - loss: 2.0814 - acc: 0.4465
 490/3900 [==>...........................] - ETA: 3s - loss: 2.0772 - acc: 0.4469
 550/3900 [===>..........................] - ETA: 2s - loss: 2.0699 - acc: 0.4509
 610/3900 [===>..........................] - ETA: 2s - loss: 2.0682 - acc: 0.4410
 670/3900 [====>.........................] - ETA: 2s - loss: 2.0679 - acc: 0.4254
 730/3900 [====>.........................] - ETA: 2s - loss: 2.0624 - acc: 0.4205
 790/3900 [=====>........................] - ETA: 2s - loss: 2.0580 - acc: 0.4190
 850/3900 [=====>........................] - ETA: 2s - loss: 2.0553 - acc: 0.4165
 910/3900 [======>.......................] - ETA: 2s - loss: 2.0537 - acc: 0.4143
 970/3900 [======>.......................] - ETA: 2s - loss: 2.0534 - acc: 0.4082
1030/3900 [======>.......................] - ETA: 2s - loss: 2.0507 - acc: 0.4039
1090/3900 [=======>......................] - ETA: 2s - loss: 2.0451 - acc: 0.4028
1150/3900 [=======>......................] - ETA: 2s - loss: 2.0393 - acc: 0.4078
1210/3900 [========>.....................] - ETA: 2s - loss: 2.0361 - acc: 0.4116
1270/3900 [========>.....................] - ETA: 2s - loss: 2.0332 - acc: 0.4094
1330/3900 [=========>....................] - ETA: 2s - loss: 2.0326 - acc: 0.4053
1390/3900 [=========>....................] - ETA: 2s - loss: 2.0304 - acc: 0.4043
1450/3900 [==========>...................] - ETA: 2s - loss: 2.0292 - acc: 0.4014
1510/3900 [==========>...................] - ETA: 2s - loss: 2.0275 - acc: 0.4040
1570/3900 [===========>..................] - ETA: 2s - loss: 2.0256 - acc: 0.4019
1630/3900 [===========>..................] - ETA: 2s - loss: 2.0217 - acc: 0.4000
1690/3900 [============>.................] - ETA: 1s - loss: 2.0183 - acc: 0.4047
1750/3900 [============>.................] - ETA: 1s - loss: 2.0165 - acc: 0.4063
1810/3900 [============>.................] - ETA: 1s - loss: 2.0142 - acc: 0.4083
1870/3900 [=============>................] - ETA: 1s - loss: 2.0135 - acc: 0.4096
1930/3900 [=============>................] - ETA: 1s - loss: 2.0115 - acc: 0.4114
1990/3900 [==============>...............] - ETA: 1s - loss: 2.0059 - acc: 0.4136
2050/3900 [==============>...............] - ETA: 1s - loss: 2.0017 - acc: 0.4146
2110/3900 [===============>..............] - ETA: 1s - loss: 1.9996 - acc: 0.4137
2170/3900 [===============>..............] - ETA: 1s - loss: 1.9971 - acc: 0.4138
2230/3900 [================>.............] - ETA: 1s - loss: 1.9960 - acc: 0.4094
2290/3900 [================>.............] - ETA: 1s - loss: 1.9935 - acc: 0.4083
2350/3900 [=================>............] - ETA: 1s - loss: 1.9919 - acc: 0.4068
2410/3900 [=================>............] - ETA: 1s - loss: 1.9880 - acc: 0.4058
2470/3900 [==================>...........] - ETA: 1s - loss: 1.9846 - acc: 0.4040
2530/3900 [==================>...........] - ETA: 1s - loss: 1.9837 - acc: 0.4036
2590/3900 [==================>...........] - ETA: 1s - loss: 1.9815 - acc: 0.4012
2650/3900 [===================>..........] - ETA: 1s - loss: 1.9790 - acc: 0.4026
2710/3900 [===================>..........] - ETA: 1s - loss: 1.9774 - acc: 0.4015
2770/3900 [====================>.........] - ETA: 1s - loss: 1.9753 - acc: 0.4032
2830/3900 [====================>.........] - ETA: 0s - loss: 1.9727 - acc: 0.4042
2890/3900 [=====================>........] - ETA: 0s - loss: 1.9708 - acc: 0.4052
2950/3900 [=====================>........] - ETA: 0s - loss: 1.9689 - acc: 0.4051
3010/3900 [======================>.......] - ETA: 0s - loss: 1.9672 - acc: 0.4060
3070/3900 [======================>.......] - ETA: 0s - loss: 1.9652 - acc: 0.4075
3130/3900 [=======================>......] - ETA: 0s - loss: 1.9637 - acc: 0.4077
3190/3900 [=======================>......] - ETA: 0s - loss: 1.9620 - acc: 0.4075
3250/3900 [========================>.....] - ETA: 0s - loss: 1.9602 - acc: 0.4089
3310/3900 [========================>.....] - ETA: 0s - loss: 1.9589 - acc: 0.4094
3370/3900 [========================>.....] - ETA: 0s - loss: 1.9577 - acc: 0.4101
3430/3900 [=========================>....] - ETA: 0s - loss: 1.9558 - acc: 0.4105
3490/3900 [=========================>....] - ETA: 0s - loss: 1.9546 - acc: 0.4112
3550/3900 [==========================>...] - ETA: 0s - loss: 1.9533 - acc: 0.4104
3610/3900 [==========================>...] - ETA: 0s - loss: 1.9511 - acc: 0.4133
3670/3900 [===========================>..] - ETA: 0s - loss: 1.9491 - acc: 0.4150
3730/3900 [===========================>..] - ETA: 0s - loss: 1.9471 - acc: 0.4169
3790/3900 [============================>.] - ETA: 0s - loss: 1.9441 - acc: 0.4169
3850/3900 [============================>.] - ETA: 0s - loss: 1.9421 - acc: 0.4153
3900/3900 [==============================] - 3s 897us/step - loss: 1.9402 - acc: 0.4149 - val_loss: 1.9029 - val_acc: 0.2626
Current time ....3.499
Train on 600 samples, validate on 86 samples
Epoch 1/1

 10/600 [..............................] - ETA: 0s - loss: 0.2591 - acc: 1.0000
 70/600 [==>...........................] - ETA: 0s - loss: 0.2589 - acc: 1.0000
130/600 [=====>........................] - ETA: 0s - loss: 0.2750 - acc: 1.0000
190/600 [========>.....................] - ETA: 0s - loss: 0.2740 - acc: 1.0000
250/600 [===========>..................] - ETA: 0s - loss: 0.2745 - acc: 0.9960
310/600 [==============>...............] - ETA: 0s - loss: 0.2704 - acc: 0.9968
370/600 [=================>............] - ETA: 0s - loss: 0.2604 - acc: 0.9946
430/600 [====================>.........] - ETA: 0s - loss: 0.2524 - acc: 0.9930
490/600 [=======================>......] - ETA: 0s - loss: 0.2513 - acc: 0.9898
550/600 [==========================>...] - ETA: 0s - loss: 0.2500 - acc: 0.9855
600/600 [==============================] - 1s 919us/step - loss: 0.2469 - acc: 0.9850 - val_loss: 0.3594 - val_acc: 0.9302
Current time ....0.552
Train on 1200 samples, validate on 68 samples
Epoch 1/1

  10/1200 [..............................] - ETA: 1s - loss: 0.8328 - acc: 0.5000
  70/1200 [>.............................] - ETA: 0s - loss: 0.7193 - acc: 0.7000
 130/1200 [==>...........................] - ETA: 0s - loss: 0.6636 - acc: 0.7385
 190/1200 [===>..........................] - ETA: 0s - loss: 0.6644 - acc: 0.7579
 250/1200 [=====>........................] - ETA: 0s - loss: 0.6553 - acc: 0.7680
 310/1200 [======>.......................] - ETA: 0s - loss: 0.6512 - acc: 0.7871
 370/1200 [========>.....................] - ETA: 0s - loss: 0.6448 - acc: 0.7811
 430/1200 [=========>....................] - ETA: 0s - loss: 0.6436 - acc: 0.8000
 490/1200 [===========>..................] - ETA: 0s - loss: 0.6506 - acc: 0.7857
 550/1200 [============>.................] - ETA: 0s - loss: 0.6399 - acc: 0.7927
 610/1200 [==============>...............] - ETA: 0s - loss: 0.6386 - acc: 0.7934
 670/1200 [===============>..............] - ETA: 0s - loss: 0.6272 - acc: 0.7955
 730/1200 [=================>............] - ETA: 0s - loss: 0.6201 - acc: 0.7986
 790/1200 [==================>...........] - ETA: 0s - loss: 0.6214 - acc: 0.7975
 850/1200 [====================>.........] - ETA: 0s - loss: 0.6165 - acc: 0.8012
 910/1200 [=====================>........] - ETA: 0s - loss: 0.6078 - acc: 0.8055
 970/1200 [=======================>......] - ETA: 0s - loss: 0.6047 - acc: 0.8052
1030/1200 [========================>.....] - ETA: 0s - loss: 0.6067 - acc: 0.8039
1090/1200 [==========================>...] - ETA: 0s - loss: 0.6077 - acc: 0.8028
1150/1200 [===========================>..] - ETA: 0s - loss: 0.6019 - acc: 0.8043
1200/1200 [==============================] - 1s 899us/step - loss: 0.5988 - acc: 0.8075 - val_loss: 0.8352 - val_acc: 0.5882
Current time ....1.079
Train on 3900 samples, validate on 99 samples
Epoch 1/1

  10/3900 [..............................] - ETA: 3s - loss: 1.8497 - acc: 0.2000
  70/3900 [..............................] - ETA: 3s - loss: 1.8189 - acc: 0.3429
 130/3900 [>.............................] - ETA: 3s - loss: 1.8049 - acc: 0.4077
 190/3900 [>.............................] - ETA: 3s - loss: 1.8075 - acc: 0.4211
 250/3900 [>.............................] - ETA: 3s - loss: 1.8013 - acc: 0.4200
 310/3900 [=>............................] - ETA: 3s - loss: 1.8073 - acc: 0.4000
 370/3900 [=>............................] - ETA: 3s - loss: 1.7999 - acc: 0.4027
 430/3900 [==>...........................] - ETA: 3s - loss: 1.8123 - acc: 0.3744
 490/3900 [==>...........................] - ETA: 3s - loss: 1.8168 - acc: 0.3755
 550/3900 [===>..........................] - ETA: 2s - loss: 1.8154 - acc: 0.3618
 610/3900 [===>..........................] - ETA: 2s - loss: 1.8143 - acc: 0.3705
 670/3900 [====>.........................] - ETA: 2s - loss: 1.8128 - acc: 0.3776
 730/3900 [====>.........................] - ETA: 2s - loss: 1.8129 - acc: 0.3849
 790/3900 [=====>........................] - ETA: 2s - loss: 1.8112 - acc: 0.3861
 850/3900 [=====>........................] - ETA: 2s - loss: 1.8087 - acc: 0.3894
 910/3900 [======>.......................] - ETA: 2s - loss: 1.8086 - acc: 0.3890
 970/3900 [======>.......................] - ETA: 2s - loss: 1.8045 - acc: 0.3928
1030/3900 [======>.......................] - ETA: 2s - loss: 1.8015 - acc: 0.3990
1090/3900 [=======>......................] - ETA: 2s - loss: 1.7979 - acc: 0.4055
1150/3900 [=======>......................] - ETA: 2s - loss: 1.7979 - acc: 0.4070
1210/3900 [========>.....................] - ETA: 2s - loss: 1.7932 - acc: 0.4099
1270/3900 [========>.....................] - ETA: 2s - loss: 1.7937 - acc: 0.4055
1330/3900 [=========>....................] - ETA: 2s - loss: 1.7894 - acc: 0.4090
1390/3900 [=========>....................] - ETA: 2s - loss: 1.7848 - acc: 0.4129
1450/3900 [==========>...................] - ETA: 2s - loss: 1.7839 - acc: 0.4124
1510/3900 [==========>...................] - ETA: 2s - loss: 1.7831 - acc: 0.4159
1570/3900 [===========>..................] - ETA: 2s - loss: 1.7800 - acc: 0.4217
1630/3900 [===========>..................] - ETA: 2s - loss: 1.7762 - acc: 0.4276
1690/3900 [============>.................] - ETA: 1s - loss: 1.7755 - acc: 0.4284
1750/3900 [============>.................] - ETA: 1s - loss: 1.7732 - acc: 0.4349
1810/3900 [============>.................] - ETA: 1s - loss: 1.7709 - acc: 0.4365
1870/3900 [=============>................] - ETA: 1s - loss: 1.7694 - acc: 0.4380
1930/3900 [=============>................] - ETA: 1s - loss: 1.7700 - acc: 0.4373
1990/3900 [==============>...............] - ETA: 1s - loss: 1.7697 - acc: 0.4372
2050/3900 [==============>...............] - ETA: 1s - loss: 1.7652 - acc: 0.4405
2110/3900 [===============>..............] - ETA: 1s - loss: 1.7639 - acc: 0.4417
2170/3900 [===============>..............] - ETA: 1s - loss: 1.7624 - acc: 0.4401
2230/3900 [================>.............] - ETA: 1s - loss: 1.7609 - acc: 0.4413
2290/3900 [================>.............] - ETA: 1s - loss: 1.7597 - acc: 0.4384
2350/3900 [=================>............] - ETA: 1s - loss: 1.7596 - acc: 0.4370
2410/3900 [=================>............] - ETA: 1s - loss: 1.7600 - acc: 0.4361
2470/3900 [==================>...........] - ETA: 1s - loss: 1.7599 - acc: 0.4356
2530/3900 [==================>...........] - ETA: 1s - loss: 1.7597 - acc: 0.4379
2590/3900 [==================>...........] - ETA: 1s - loss: 1.7593 - acc: 0.4375
2650/3900 [===================>..........] - ETA: 1s - loss: 1.7555 - acc: 0.4400
2710/3900 [===================>..........] - ETA: 1s - loss: 1.7530 - acc: 0.4410
2770/3900 [====================>.........] - ETA: 1s - loss: 1.7512 - acc: 0.4397
2830/3900 [====================>.........] - ETA: 0s - loss: 1.7495 - acc: 0.4399
2890/3900 [=====================>........] - ETA: 0s - loss: 1.7490 - acc: 0.4398
2950/3900 [=====================>........] - ETA: 0s - loss: 1.7480 - acc: 0.4386
3010/3900 [======================>.......] - ETA: 0s - loss: 1.7475 - acc: 0.4369
3070/3900 [======================>.......] - ETA: 0s - loss: 1.7460 - acc: 0.4391
3130/3900 [=======================>......] - ETA: 0s - loss: 1.7464 - acc: 0.4377
3190/3900 [=======================>......] - ETA: 0s - loss: 1.7444 - acc: 0.4382
3250/3900 [========================>.....] - ETA: 0s - loss: 1.7444 - acc: 0.4372
3310/3900 [========================>.....] - ETA: 0s - loss: 1.7435 - acc: 0.4375
3370/3900 [========================>.....] - ETA: 0s - loss: 1.7428 - acc: 0.4380
3430/3900 [=========================>....] - ETA: 0s - loss: 1.7420 - acc: 0.4376
3490/3900 [=========================>....] - ETA: 0s - loss: 1.7412 - acc: 0.4378
3550/3900 [==========================>...] - ETA: 0s - loss: 1.7409 - acc: 0.4369
3610/3900 [==========================>...] - ETA: 0s - loss: 1.7402 - acc: 0.4360
3670/3900 [===========================>..] - ETA: 0s - loss: 1.7388 - acc: 0.4371
3730/3900 [===========================>..] - ETA: 0s - loss: 1.7374 - acc: 0.4391
3790/3900 [============================>.] - ETA: 0s - loss: 1.7371 - acc: 0.4385
3850/3900 [============================>.] - ETA: 0s - loss: 1.7364 - acc: 0.4377
3900/3900 [==============================] - 3s 894us/step - loss: 1.7346 - acc: 0.4385 - val_loss: 1.8132 - val_acc: 0.2929
Current time ....3.488
Train on 600 samples, validate on 86 samples
Epoch 1/1

 10/600 [..............................] - ETA: 0s - loss: 0.3153 - acc: 1.0000
 70/600 [==>...........................] - ETA: 0s - loss: 0.2299 - acc: 1.0000
130/600 [=====>........................] - ETA: 0s - loss: 0.1928 - acc: 1.0000
190/600 [========>.....................] - ETA: 0s - loss: 0.1811 - acc: 1.0000
250/600 [===========>..................] - ETA: 0s - loss: 0.1786 - acc: 1.0000
310/600 [==============>...............] - ETA: 0s - loss: 0.1789 - acc: 0.9935
370/600 [=================>............] - ETA: 0s - loss: 0.1770 - acc: 0.9892
430/600 [====================>.........] - ETA: 0s - loss: 0.1755 - acc: 0.9837
490/600 [=======================>......] - ETA: 0s - loss: 0.1681 - acc: 0.9837
550/600 [==========================>...] - ETA: 0s - loss: 0.1620 - acc: 0.9855
600/600 [==============================] - 1s 926us/step - loss: 0.1560 - acc: 0.9867 - val_loss: 0.3698 - val_acc: 0.9186
Current time ....0.556
Train on 1200 samples, validate on 68 samples
Epoch 1/1

  10/1200 [..............................] - ETA: 1s - loss: 0.6954 - acc: 0.7000
  70/1200 [>.............................] - ETA: 0s - loss: 0.5088 - acc: 0.8571
 130/1200 [==>...........................] - ETA: 0s - loss: 0.4938 - acc: 0.8923
 180/1200 [===>..........................] - ETA: 0s - loss: 0.4709 - acc: 0.9056
 240/1200 [=====>........................] - ETA: 0s - loss: 0.4756 - acc: 0.9000
 300/1200 [======>.......................] - ETA: 0s - loss: 0.4743 - acc: 0.8967
 360/1200 [========>.....................] - ETA: 0s - loss: 0.4625 - acc: 0.9000
 420/1200 [=========>....................] - ETA: 0s - loss: 0.4623 - acc: 0.8881
 480/1200 [===========>..................] - ETA: 0s - loss: 0.4525 - acc: 0.8958
 540/1200 [============>.................] - ETA: 0s - loss: 0.4551 - acc: 0.8870
 600/1200 [==============>...............] - ETA: 0s - loss: 0.4478 - acc: 0.8867
 660/1200 [===============>..............] - ETA: 0s - loss: 0.4417 - acc: 0.8833
 720/1200 [=================>............] - ETA: 0s - loss: 0.4392 - acc: 0.8806
 780/1200 [==================>...........] - ETA: 0s - loss: 0.4390 - acc: 0.8795
 840/1200 [====================>.........] - ETA: 0s - loss: 0.4346 - acc: 0.8810
 900/1200 [=====================>........] - ETA: 0s - loss: 0.4359 - acc: 0.8811
 960/1200 [=======================>......] - ETA: 0s - loss: 0.4372 - acc: 0.8802
1020/1200 [========================>.....] - ETA: 0s - loss: 0.4343 - acc: 0.8814
1080/1200 [==========================>...] - ETA: 0s - loss: 0.4329 - acc: 0.8796
1140/1200 [===========================>..] - ETA: 0s - loss: 0.4347 - acc: 0.8781
1200/1200 [==============================] - 1s 909us/step - loss: 0.4336 - acc: 0.8800 - val_loss: 0.8936 - val_acc: 0.5882
Current time ....1.091
Train on 3900 samples, validate on 99 samples
Epoch 1/1

  10/3900 [..............................] - ETA: 3s - loss: 1.7261 - acc: 0.2000
  70/3900 [..............................] - ETA: 3s - loss: 1.6453 - acc: 0.4571
 130/3900 [>.............................] - ETA: 3s - loss: 1.6253 - acc: 0.4615
 190/3900 [>.............................] - ETA: 3s - loss: 1.6135 - acc: 0.4632
 250/3900 [>.............................] - ETA: 3s - loss: 1.5825 - acc: 0.5000
 310/3900 [=>............................] - ETA: 3s - loss: 1.6123 - acc: 0.4774
 370/3900 [=>............................] - ETA: 3s - loss: 1.6245 - acc: 0.4622
 430/3900 [==>...........................] - ETA: 3s - loss: 1.6189 - acc: 0.4744
 490/3900 [==>...........................] - ETA: 3s - loss: 1.6264 - acc: 0.4592
 550/3900 [===>..........................] - ETA: 2s - loss: 1.6187 - acc: 0.4727
 610/3900 [===>..........................] - ETA: 2s - loss: 1.6202 - acc: 0.4787
 670/3900 [====>.........................] - ETA: 2s - loss: 1.6208 - acc: 0.4746
 730/3900 [====>.........................] - ETA: 2s - loss: 1.6088 - acc: 0.4795
 790/3900 [=====>........................] - ETA: 2s - loss: 1.6070 - acc: 0.4772
 850/3900 [=====>........................] - ETA: 2s - loss: 1.6062 - acc: 0.4776
 910/3900 [======>.......................] - ETA: 2s - loss: 1.6119 - acc: 0.4692
 970/3900 [======>.......................] - ETA: 2s - loss: 1.6079 - acc: 0.4763
1030/3900 [======>.......................] - ETA: 2s - loss: 1.6058 - acc: 0.4806
1090/3900 [=======>......................] - ETA: 2s - loss: 1.6029 - acc: 0.4853
1150/3900 [=======>......................] - ETA: 2s - loss: 1.6006 - acc: 0.4878
1210/3900 [========>.....................] - ETA: 2s - loss: 1.6009 - acc: 0.4868
1270/3900 [========>.....................] - ETA: 2s - loss: 1.6040 - acc: 0.4803
1330/3900 [=========>....................] - ETA: 2s - loss: 1.6031 - acc: 0.4789
1390/3900 [=========>....................] - ETA: 2s - loss: 1.6042 - acc: 0.4777
1450/3900 [==========>...................] - ETA: 2s - loss: 1.6029 - acc: 0.4738
1510/3900 [==========>...................] - ETA: 2s - loss: 1.5999 - acc: 0.4768
1570/3900 [===========>..................] - ETA: 2s - loss: 1.5997 - acc: 0.4777
1630/3900 [===========>..................] - ETA: 2s - loss: 1.5982 - acc: 0.4810
1690/3900 [============>.................] - ETA: 1s - loss: 1.5973 - acc: 0.4834
1750/3900 [============>.................] - ETA: 1s - loss: 1.5972 - acc: 0.4851
1810/3900 [============>.................] - ETA: 1s - loss: 1.5938 - acc: 0.4862
1870/3900 [=============>................] - ETA: 1s - loss: 1.5908 - acc: 0.4872
1930/3900 [=============>................] - ETA: 1s - loss: 1.5914 - acc: 0.4870
1990/3900 [==============>...............] - ETA: 1s - loss: 1.5893 - acc: 0.4935
2050/3900 [==============>...............] - ETA: 1s - loss: 1.5907 - acc: 0.4956
2110/3900 [===============>..............] - ETA: 1s - loss: 1.5899 - acc: 0.4986
2170/3900 [===============>..............] - ETA: 1s - loss: 1.5890 - acc: 0.4977
2230/3900 [================>.............] - ETA: 1s - loss: 1.5880 - acc: 0.4960
2290/3900 [================>.............] - ETA: 1s - loss: 1.5872 - acc: 0.4974
2350/3900 [=================>............] - ETA: 1s - loss: 1.5843 - acc: 0.5026
2410/3900 [=================>............] - ETA: 1s - loss: 1.5844 - acc: 0.5004
2470/3900 [==================>...........] - ETA: 1s - loss: 1.5813 - acc: 0.5020
2530/3900 [==================>...........] - ETA: 1s - loss: 1.5782 - acc: 0.5051
2590/3900 [==================>...........] - ETA: 1s - loss: 1.5791 - acc: 0.5050
2650/3900 [===================>..........] - ETA: 1s - loss: 1.5746 - acc: 0.5083
2710/3900 [===================>..........] - ETA: 1s - loss: 1.5757 - acc: 0.5085
2770/3900 [====================>.........] - ETA: 1s - loss: 1.5737 - acc: 0.5087
2830/3900 [====================>.........] - ETA: 0s - loss: 1.5719 - acc: 0.5092
2890/3900 [=====================>........] - ETA: 0s - loss: 1.5705 - acc: 0.5076
2950/3900 [=====================>........] - ETA: 0s - loss: 1.5692 - acc: 0.5068
3010/3900 [======================>.......] - ETA: 0s - loss: 1.5670 - acc: 0.5083
3070/3900 [======================>.......] - ETA: 0s - loss: 1.5681 - acc: 0.5059
3130/3900 [=======================>......] - ETA: 0s - loss: 1.5670 - acc: 0.5058
3190/3900 [=======================>......] - ETA: 0s - loss: 1.5666 - acc: 0.5050
3250/3900 [========================>.....] - ETA: 0s - loss: 1.5629 - acc: 0.5077
3310/3900 [========================>.....] - ETA: 0s - loss: 1.5601 - acc: 0.5091
3370/3900 [========================>.....] - ETA: 0s - loss: 1.5584 - acc: 0.5086
3430/3900 [=========================>....] - ETA: 0s - loss: 1.5568 - acc: 0.5090
3490/3900 [=========================>....] - ETA: 0s - loss: 1.5550 - acc: 0.5106
3550/3900 [==========================>...] - ETA: 0s - loss: 1.5524 - acc: 0.5118
3610/3900 [==========================>...] - ETA: 0s - loss: 1.5520 - acc: 0.5111
3670/3900 [===========================>..] - ETA: 0s - loss: 1.5522 - acc: 0.5098
3730/3900 [===========================>..] - ETA: 0s - loss: 1.5498 - acc: 0.5105
3790/3900 [============================>.] - ETA: 0s - loss: 1.5477 - acc: 0.5121
3850/3900 [============================>.] - ETA: 0s - loss: 1.5452 - acc: 0.5148
3900/3900 [==============================] - 3s 897us/step - loss: 1.5435 - acc: 0.5154 - val_loss: 1.6813 - val_acc: 0.4242
Current time ....3.497
Train on 600 samples, validate on 86 samples
Epoch 1/1

 10/600 [..............................] - ETA: 0s - loss: 0.1482 - acc: 1.0000
 70/600 [==>...........................] - ETA: 0s - loss: 0.1193 - acc: 0.9857
130/600 [=====>........................] - ETA: 0s - loss: 0.1263 - acc: 0.9923
190/600 [========>.....................] - ETA: 0s - loss: 0.1279 - acc: 0.9789
250/600 [===========>..................] - ETA: 0s - loss: 0.1166 - acc: 0.9840
310/600 [==============>...............] - ETA: 0s - loss: 0.1136 - acc: 0.9871
370/600 [=================>............] - ETA: 0s - loss: 0.1114 - acc: 0.9865
430/600 [====================>.........] - ETA: 0s - loss: 0.1093 - acc: 0.9884
490/600 [=======================>......] - ETA: 0s - loss: 0.1056 - acc: 0.9898
550/600 [==========================>...] - ETA: 0s - loss: 0.1066 - acc: 0.9891
600/600 [==============================] - 1s 923us/step - loss: 0.1043 - acc: 0.9900 - val_loss: 0.3815 - val_acc: 0.9302
Current time ....0.554
Train on 1200 samples, validate on 68 samples
Epoch 1/1

  10/1200 [..............................] - ETA: 1s - loss: 0.3578 - acc: 0.9000
  70/1200 [>.............................] - ETA: 1s - loss: 0.3286 - acc: 0.9143
 130/1200 [==>...........................] - ETA: 0s - loss: 0.3167 - acc: 0.9385
 190/1200 [===>..........................] - ETA: 0s - loss: 0.3307 - acc: 0.9368
 250/1200 [=====>........................] - ETA: 0s - loss: 0.3460 - acc: 0.9240
 310/1200 [======>.......................] - ETA: 0s - loss: 0.3497 - acc: 0.9258
 370/1200 [========>.....................] - ETA: 0s - loss: 0.3365 - acc: 0.9324
 430/1200 [=========>....................] - ETA: 0s - loss: 0.3338 - acc: 0.9326
 490/1200 [===========>..................] - ETA: 0s - loss: 0.3261 - acc: 0.9347
 550/1200 [============>.................] - ETA: 0s - loss: 0.3222 - acc: 0.9364
 610/1200 [==============>...............] - ETA: 0s - loss: 0.3233 - acc: 0.9393
 670/1200 [===============>..............] - ETA: 0s - loss: 0.3167 - acc: 0.9403
 730/1200 [=================>............] - ETA: 0s - loss: 0.3151 - acc: 0.9411
 790/1200 [==================>...........] - ETA: 0s - loss: 0.3181 - acc: 0.9367
 850/1200 [====================>.........] - ETA: 0s - loss: 0.3177 - acc: 0.9353
 910/1200 [=====================>........] - ETA: 0s - loss: 0.3165 - acc: 0.9330
 970/1200 [=======================>......] - ETA: 0s - loss: 0.3155 - acc: 0.9320
1030/1200 [========================>.....] - ETA: 0s - loss: 0.3106 - acc: 0.9340
1090/1200 [==========================>...] - ETA: 0s - loss: 0.3107 - acc: 0.9349
1150/1200 [===========================>..] - ETA: 0s - loss: 0.3098 - acc: 0.9357
1200/1200 [==============================] - 1s 897us/step - loss: 0.3100 - acc: 0.9333 - val_loss: 0.7928 - val_acc: 0.6471
Current time ....1.076
Train on 3900 samples, validate on 99 samples
Epoch 1/1

  10/3900 [..............................] - ETA: 3s - loss: 1.2021 - acc: 0.7000
  70/3900 [..............................] - ETA: 3s - loss: 1.3899 - acc: 0.5571
 130/3900 [>.............................] - ETA: 3s - loss: 1.4115 - acc: 0.5615
 190/3900 [>.............................] - ETA: 3s - loss: 1.3751 - acc: 0.6000
 250/3900 [>.............................] - ETA: 3s - loss: 1.3965 - acc: 0.5960
 310/3900 [=>............................] - ETA: 3s - loss: 1.3965 - acc: 0.5968
 370/3900 [=>............................] - ETA: 3s - loss: 1.4071 - acc: 0.5919
 430/3900 [==>...........................] - ETA: 3s - loss: 1.4135 - acc: 0.5837
 490/3900 [==>...........................] - ETA: 3s - loss: 1.4201 - acc: 0.5755
 550/3900 [===>..........................] - ETA: 2s - loss: 1.4192 - acc: 0.5782
 610/3900 [===>..........................] - ETA: 2s - loss: 1.4204 - acc: 0.5770
 670/3900 [====>.........................] - ETA: 2s - loss: 1.4280 - acc: 0.5701
 730/3900 [====>.........................] - ETA: 2s - loss: 1.4237 - acc: 0.5740
 790/3900 [=====>........................] - ETA: 2s - loss: 1.4171 - acc: 0.5722
 850/3900 [=====>........................] - ETA: 2s - loss: 1.4220 - acc: 0.5671
 910/3900 [======>.......................] - ETA: 2s - loss: 1.4258 - acc: 0.5648
 970/3900 [======>.......................] - ETA: 2s - loss: 1.4202 - acc: 0.5701
1030/3900 [======>.......................] - ETA: 2s - loss: 1.4132 - acc: 0.5728
1090/3900 [=======>......................] - ETA: 2s - loss: 1.4092 - acc: 0.5725
1150/3900 [=======>......................] - ETA: 2s - loss: 1.4140 - acc: 0.5696
1210/3900 [========>.....................] - ETA: 2s - loss: 1.4190 - acc: 0.5645
1270/3900 [========>.....................] - ETA: 2s - loss: 1.4140 - acc: 0.5654
1330/3900 [=========>....................] - ETA: 2s - loss: 1.4144 - acc: 0.5639
1390/3900 [=========>....................] - ETA: 2s - loss: 1.4087 - acc: 0.5647
1450/3900 [==========>...................] - ETA: 2s - loss: 1.4091 - acc: 0.5628
1510/3900 [==========>...................] - ETA: 2s - loss: 1.4082 - acc: 0.5596
1570/3900 [===========>..................] - ETA: 2s - loss: 1.4022 - acc: 0.5618
1630/3900 [===========>..................] - ETA: 2s - loss: 1.3984 - acc: 0.5644
1690/3900 [============>.................] - ETA: 1s - loss: 1.3967 - acc: 0.5669
1750/3900 [============>.................] - ETA: 1s - loss: 1.3963 - acc: 0.5697
1810/3900 [============>.................] - ETA: 1s - loss: 1.3962 - acc: 0.5691
1870/3900 [=============>................] - ETA: 1s - loss: 1.3962 - acc: 0.5701
1930/3900 [=============>................] - ETA: 1s - loss: 1.3931 - acc: 0.5715
1990/3900 [==============>...............] - ETA: 1s - loss: 1.3927 - acc: 0.5724
2050/3900 [==============>...............] - ETA: 1s - loss: 1.3953 - acc: 0.5727
2110/3900 [===============>..............] - ETA: 1s - loss: 1.3941 - acc: 0.5706
2170/3900 [===============>..............] - ETA: 1s - loss: 1.3943 - acc: 0.5714
2230/3900 [================>.............] - ETA: 1s - loss: 1.3922 - acc: 0.5740
2290/3900 [================>.............] - ETA: 1s - loss: 1.3896 - acc: 0.5764
2350/3900 [=================>............] - ETA: 1s - loss: 1.3890 - acc: 0.5762
2410/3900 [=================>............] - ETA: 1s - loss: 1.3846 - acc: 0.5776
2470/3900 [==================>...........] - ETA: 1s - loss: 1.3804 - acc: 0.5789
2530/3900 [==================>...........] - ETA: 1s - loss: 1.3811 - acc: 0.5775
2590/3900 [==================>...........] - ETA: 1s - loss: 1.3796 - acc: 0.5795
2650/3900 [===================>..........] - ETA: 1s - loss: 1.3752 - acc: 0.5819
2710/3900 [===================>..........] - ETA: 1s - loss: 1.3711 - acc: 0.5827
2770/3900 [====================>.........] - ETA: 1s - loss: 1.3698 - acc: 0.5834
2830/3900 [====================>.........] - ETA: 0s - loss: 1.3681 - acc: 0.5855
2890/3900 [=====================>........] - ETA: 0s - loss: 1.3660 - acc: 0.5858
2950/3900 [=====================>........] - ETA: 0s - loss: 1.3655 - acc: 0.5847
3010/3900 [======================>.......] - ETA: 0s - loss: 1.3645 - acc: 0.5850
3070/3900 [======================>.......] - ETA: 0s - loss: 1.3612 - acc: 0.5876
3130/3900 [=======================>......] - ETA: 0s - loss: 1.3580 - acc: 0.5885
3190/3900 [=======================>......] - ETA: 0s - loss: 1.3554 - acc: 0.5887
3250/3900 [========================>.....] - ETA: 0s - loss: 1.3534 - acc: 0.5895
3310/3900 [========================>.....] - ETA: 0s - loss: 1.3509 - acc: 0.5909
3370/3900 [========================>.....] - ETA: 0s - loss: 1.3507 - acc: 0.5920
3430/3900 [=========================>....] - ETA: 0s - loss: 1.3476 - acc: 0.5939
3490/3900 [=========================>....] - ETA: 0s - loss: 1.3449 - acc: 0.5957
3550/3900 [==========================>...] - ETA: 0s - loss: 1.3445 - acc: 0.5946
3610/3900 [==========================>...] - ETA: 0s - loss: 1.3419 - acc: 0.5950
3670/3900 [===========================>..] - ETA: 0s - loss: 1.3407 - acc: 0.5932
3730/3900 [===========================>..] - ETA: 0s - loss: 1.3402 - acc: 0.5930
3790/3900 [============================>.] - ETA: 0s - loss: 1.3379 - acc: 0.5942
3850/3900 [============================>.] - ETA: 0s - loss: 1.3349 - acc: 0.5943
3900/3900 [==============================] - 3s 895us/step - loss: 1.3315 - acc: 0.5956 - val_loss: 1.7488 - val_acc: 0.3333
Current time ....3.492
Train on 600 samples, validate on 86 samples
Epoch 1/1

 10/600 [..............................] - ETA: 0s - loss: 0.0907 - acc: 1.0000
 70/600 [==>...........................] - ETA: 0s - loss: 0.0697 - acc: 1.0000
130/600 [=====>........................] - ETA: 0s - loss: 0.0763 - acc: 1.0000
190/600 [========>.....................] - ETA: 0s - loss: 0.0718 - acc: 1.0000
250/600 [===========>..................] - ETA: 0s - loss: 0.0767 - acc: 0.9960
310/600 [==============>...............] - ETA: 0s - loss: 0.0799 - acc: 0.9935
370/600 [=================>............] - ETA: 0s - loss: 0.0755 - acc: 0.9919
430/600 [====================>.........] - ETA: 0s - loss: 0.0726 - acc: 0.9930
490/600 [=======================>......] - ETA: 0s - loss: 0.0723 - acc: 0.9898
550/600 [==========================>...] - ETA: 0s - loss: 0.0710 - acc: 0.9909
600/600 [==============================] - 1s 919us/step - loss: 0.0759 - acc: 0.9883 - val_loss: 0.3992 - val_acc: 0.9186
Current time ....0.551
Train on 1200 samples, validate on 68 samples
Epoch 1/1

  10/1200 [..............................] - ETA: 1s - loss: 0.2942 - acc: 1.0000
  70/1200 [>.............................] - ETA: 1s - loss: 0.2858 - acc: 0.9857
 130/1200 [==>...........................] - ETA: 0s - loss: 0.2446 - acc: 0.9923
 190/1200 [===>..........................] - ETA: 0s - loss: 0.2368 - acc: 0.9789
 250/1200 [=====>........................] - ETA: 0s - loss: 0.2293 - acc: 0.9680
 310/1200 [======>.......................] - ETA: 0s - loss: 0.2234 - acc: 0.9645
 370/1200 [========>.....................] - ETA: 0s - loss: 0.2283 - acc: 0.9568
 430/1200 [=========>....................] - ETA: 0s - loss: 0.2236 - acc: 0.9605
 490/1200 [===========>..................] - ETA: 0s - loss: 0.2277 - acc: 0.9592
 550/1200 [============>.................] - ETA: 0s - loss: 0.2294 - acc: 0.9564
 610/1200 [==============>...............] - ETA: 0s - loss: 0.2391 - acc: 0.9508
 670/1200 [===============>..............] - ETA: 0s - loss: 0.2380 - acc: 0.9522
 730/1200 [=================>............] - ETA: 0s - loss: 0.2361 - acc: 0.9548
 790/1200 [==================>...........] - ETA: 0s - loss: 0.2329 - acc: 0.9557
 840/1200 [====================>.........] - ETA: 0s - loss: 0.2281 - acc: 0.9583
 900/1200 [=====================>........] - ETA: 0s - loss: 0.2248 - acc: 0.9611
 960/1200 [=======================>......] - ETA: 0s - loss: 0.2263 - acc: 0.9604
1020/1200 [========================>.....] - ETA: 0s - loss: 0.2274 - acc: 0.9588
1080/1200 [==========================>...] - ETA: 0s - loss: 0.2270 - acc: 0.9565
1140/1200 [===========================>..] - ETA: 0s - loss: 0.2275 - acc: 0.9561
1200/1200 [==============================] - 1s 908us/step - loss: 0.2284 - acc: 0.9558 - val_loss: 0.8168 - val_acc: 0.6765
Current time ....1.090
Train on 3900 samples, validate on 99 samples
Epoch 1/1

  10/3900 [..............................] - ETA: 3s - loss: 1.5100 - acc: 0.5000
  70/3900 [..............................] - ETA: 3s - loss: 1.3850 - acc: 0.5714
 130/3900 [>.............................] - ETA: 3s - loss: 1.2421 - acc: 0.6538
 190/3900 [>.............................] - ETA: 3s - loss: 1.2266 - acc: 0.6579
 250/3900 [>.............................] - ETA: 3s - loss: 1.2349 - acc: 0.6440
 310/3900 [=>............................] - ETA: 3s - loss: 1.2272 - acc: 0.6258
 370/3900 [=>............................] - ETA: 3s - loss: 1.2425 - acc: 0.6189
 430/3900 [==>...........................] - ETA: 3s - loss: 1.2272 - acc: 0.6233
 490/3900 [==>...........................] - ETA: 3s - loss: 1.2232 - acc: 0.6184
 550/3900 [===>..........................] - ETA: 3s - loss: 1.2182 - acc: 0.6200
 610/3900 [===>..........................] - ETA: 2s - loss: 1.2296 - acc: 0.6098
 670/3900 [====>.........................] - ETA: 2s - loss: 1.2317 - acc: 0.6090
 730/3900 [====>.........................] - ETA: 2s - loss: 1.2346 - acc: 0.6055
 790/3900 [=====>........................] - ETA: 2s - loss: 1.2276 - acc: 0.6139
 850/3900 [=====>........................] - ETA: 2s - loss: 1.2242 - acc: 0.6153
 910/3900 [======>.......................] - ETA: 2s - loss: 1.2159 - acc: 0.6187
 970/3900 [======>.......................] - ETA: 2s - loss: 1.2144 - acc: 0.6175
1030/3900 [======>.......................] - ETA: 2s - loss: 1.2136 - acc: 0.6214
1090/3900 [=======>......................] - ETA: 2s - loss: 1.2068 - acc: 0.6266
1150/3900 [=======>......................] - ETA: 2s - loss: 1.2029 - acc: 0.6330
1210/3900 [========>.....................] - ETA: 2s - loss: 1.2031 - acc: 0.6289
1270/3900 [========>.....................] - ETA: 2s - loss: 1.1994 - acc: 0.6291
1330/3900 [=========>....................] - ETA: 2s - loss: 1.1940 - acc: 0.6316
1390/3900 [=========>....................] - ETA: 2s - loss: 1.1951 - acc: 0.6295
1450/3900 [==========>...................] - ETA: 2s - loss: 1.1898 - acc: 0.6303
1510/3900 [==========>...................] - ETA: 2s - loss: 1.1855 - acc: 0.6331
1570/3900 [===========>..................] - ETA: 2s - loss: 1.1858 - acc: 0.6338
1630/3900 [===========>..................] - ETA: 2s - loss: 1.1880 - acc: 0.6307
1690/3900 [============>.................] - ETA: 1s - loss: 1.1834 - acc: 0.6337
1750/3900 [============>.................] - ETA: 1s - loss: 1.1827 - acc: 0.6343
1810/3900 [============>.................] - ETA: 1s - loss: 1.1808 - acc: 0.6359
1870/3900 [=============>................] - ETA: 1s - loss: 1.1800 - acc: 0.6358
1930/3900 [=============>................] - ETA: 1s - loss: 1.1754 - acc: 0.6389
1990/3900 [==============>...............] - ETA: 1s - loss: 1.1719 - acc: 0.6392
2050/3900 [==============>...............] - ETA: 1s - loss: 1.1645 - acc: 0.6439
2110/3900 [===============>..............] - ETA: 1s - loss: 1.1593 - acc: 0.6460
2170/3900 [===============>..............] - ETA: 1s - loss: 1.1592 - acc: 0.6438
2230/3900 [================>.............] - ETA: 1s - loss: 1.1541 - acc: 0.6444
2290/3900 [================>.............] - ETA: 1s - loss: 1.1528 - acc: 0.6441
2350/3900 [=================>............] - ETA: 1s - loss: 1.1507 - acc: 0.6464
2410/3900 [=================>............] - ETA: 1s - loss: 1.1505 - acc: 0.6448
2470/3900 [==================>...........] - ETA: 1s - loss: 1.1468 - acc: 0.6462
2530/3900 [==================>...........] - ETA: 1s - loss: 1.1439 - acc: 0.6478
2590/3900 [==================>...........] - ETA: 1s - loss: 1.1393 - acc: 0.6506
2650/3900 [===================>..........] - ETA: 1s - loss: 1.1383 - acc: 0.6502
2710/3900 [===================>..........] - ETA: 1s - loss: 1.1381 - acc: 0.6494
2770/3900 [====================>.........] - ETA: 1s - loss: 1.1387 - acc: 0.6487
2830/3900 [====================>.........] - ETA: 0s - loss: 1.1391 - acc: 0.6484
2890/3900 [=====================>........] - ETA: 0s - loss: 1.1369 - acc: 0.6498
2950/3900 [=====================>........] - ETA: 0s - loss: 1.1354 - acc: 0.6512
3010/3900 [======================>.......] - ETA: 0s - loss: 1.1335 - acc: 0.6505
3070/3900 [======================>.......] - ETA: 0s - loss: 1.1332 - acc: 0.6498
3130/3900 [=======================>......] - ETA: 0s - loss: 1.1319 - acc: 0.6508
3190/3900 [=======================>......] - ETA: 0s - loss: 1.1337 - acc: 0.6502
3250/3900 [========================>.....] - ETA: 0s - loss: 1.1314 - acc: 0.6498
3310/3900 [========================>.....] - ETA: 0s - loss: 1.1332 - acc: 0.6477
3370/3900 [========================>.....] - ETA: 0s - loss: 1.1333 - acc: 0.6478
3430/3900 [=========================>....] - ETA: 0s - loss: 1.1309 - acc: 0.6475
3490/3900 [=========================>....] - ETA: 0s - loss: 1.1296 - acc: 0.6476
3550/3900 [==========================>...] - ETA: 0s - loss: 1.1278 - acc: 0.6476
3610/3900 [==========================>...] - ETA: 0s - loss: 1.1245 - acc: 0.6488
3670/3900 [===========================>..] - ETA: 0s - loss: 1.1259 - acc: 0.6477
3730/3900 [===========================>..] - ETA: 0s - loss: 1.1241 - acc: 0.6496
3790/3900 [============================>.] - ETA: 0s - loss: 1.1242 - acc: 0.6493
3850/3900 [============================>.] - ETA: 0s - loss: 1.1223 - acc: 0.6494
3900/3900 [==============================] - 4s 903us/step - loss: 1.1193 - acc: 0.6505 - val_loss: 1.6839 - val_acc: 0.3636
Current time ....3.521
Train on 600 samples, validate on 86 samples
Epoch 1/1

 10/600 [..............................] - ETA: 0s - loss: 0.0306 - acc: 1.0000
 70/600 [==>...........................] - ETA: 0s - loss: 0.0469 - acc: 1.0000
130/600 [=====>........................] - ETA: 0s - loss: 0.0505 - acc: 1.0000
190/600 [========>.....................] - ETA: 0s - loss: 0.0555 - acc: 0.9947
250/600 [===========>..................] - ETA: 0s - loss: 0.0545 - acc: 0.9960
310/600 [==============>...............] - ETA: 0s - loss: 0.0529 - acc: 0.9968
370/600 [=================>............] - ETA: 0s - loss: 0.0582 - acc: 0.9919
430/600 [====================>.........] - ETA: 0s - loss: 0.0558 - acc: 0.9930
490/600 [=======================>......] - ETA: 0s - loss: 0.0558 - acc: 0.9939
550/600 [==========================>...] - ETA: 0s - loss: 0.0565 - acc: 0.9945
600/600 [==============================] - 1s 928us/step - loss: 0.0554 - acc: 0.9950 - val_loss: 0.4245 - val_acc: 0.9186
Current time ....0.557
Train on 1200 samples, validate on 68 samples
Epoch 1/1

  10/1200 [..............................] - ETA: 1s - loss: 0.1668 - acc: 1.0000
  70/1200 [>.............................] - ETA: 0s - loss: 0.1680 - acc: 0.9429
 130/1200 [==>...........................] - ETA: 0s - loss: 0.1506 - acc: 0.9692
 190/1200 [===>..........................] - ETA: 0s - loss: 0.1330 - acc: 0.9789
 250/1200 [=====>........................] - ETA: 0s - loss: 0.1421 - acc: 0.9760
 310/1200 [======>.......................] - ETA: 0s - loss: 0.1400 - acc: 0.9806
 370/1200 [========>.....................] - ETA: 0s - loss: 0.1399 - acc: 0.9811
 430/1200 [=========>....................] - ETA: 0s - loss: 0.1445 - acc: 0.9791
 490/1200 [===========>..................] - ETA: 0s - loss: 0.1536 - acc: 0.9714
 550/1200 [============>.................] - ETA: 0s - loss: 0.1558 - acc: 0.9745
 610/1200 [==============>...............] - ETA: 0s - loss: 0.1499 - acc: 0.9770
 670/1200 [===============>..............] - ETA: 0s - loss: 0.1518 - acc: 0.9761
 730/1200 [=================>............] - ETA: 0s - loss: 0.1525 - acc: 0.9753
 790/1200 [==================>...........] - ETA: 0s - loss: 0.1539 - acc: 0.9747
 850/1200 [====================>.........] - ETA: 0s - loss: 0.1573 - acc: 0.9729
 910/1200 [=====================>........] - ETA: 0s - loss: 0.1564 - acc: 0.9747
 970/1200 [=======================>......] - ETA: 0s - loss: 0.1556 - acc: 0.9763
1030/1200 [========================>.....] - ETA: 0s - loss: 0.1554 - acc: 0.9767
1090/1200 [==========================>...] - ETA: 0s - loss: 0.1547 - acc: 0.9761
1150/1200 [===========================>..] - ETA: 0s - loss: 0.1542 - acc: 0.9765
1200/1200 [==============================] - 1s 908us/step - loss: 0.1546 - acc: 0.9750 - val_loss: 0.8197 - val_acc: 0.7059
Current time ....1.090
Train on 3900 samples, validate on 99 samples
Epoch 1/1

  10/3900 [..............................] - ETA: 4s - loss: 1.0379 - acc: 0.6000
  70/3900 [..............................] - ETA: 3s - loss: 0.9403 - acc: 0.7429
 130/3900 [>.............................] - ETA: 3s - loss: 0.9677 - acc: 0.7308
 190/3900 [>.............................] - ETA: 3s - loss: 0.9388 - acc: 0.7421
 250/3900 [>.............................] - ETA: 3s - loss: 0.9353 - acc: 0.7320
 310/3900 [=>............................] - ETA: 3s - loss: 0.9460 - acc: 0.7226
 370/3900 [=>............................] - ETA: 3s - loss: 0.9486 - acc: 0.7270
 430/3900 [==>...........................] - ETA: 3s - loss: 0.9665 - acc: 0.7140
 490/3900 [==>...........................] - ETA: 3s - loss: 0.9721 - acc: 0.7102
 550/3900 [===>..........................] - ETA: 2s - loss: 0.9892 - acc: 0.6982
 610/3900 [===>..........................] - ETA: 2s - loss: 0.9669 - acc: 0.7049
 670/3900 [====>.........................] - ETA: 2s - loss: 0.9749 - acc: 0.7015
 730/3900 [====>.........................] - ETA: 2s - loss: 0.9768 - acc: 0.7041
 790/3900 [=====>........................] - ETA: 2s - loss: 0.9835 - acc: 0.7013
 850/3900 [=====>........................] - ETA: 2s - loss: 0.9886 - acc: 0.6953
 910/3900 [======>.......................] - ETA: 2s - loss: 0.9738 - acc: 0.7000
 970/3900 [======>.......................] - ETA: 2s - loss: 0.9693 - acc: 0.7041
1030/3900 [======>.......................] - ETA: 2s - loss: 0.9698 - acc: 0.7010
1090/3900 [=======>......................] - ETA: 2s - loss: 0.9753 - acc: 0.6982
1150/3900 [=======>......................] - ETA: 2s - loss: 0.9710 - acc: 0.7000
1210/3900 [========>.....................] - ETA: 2s - loss: 0.9743 - acc: 0.6975
1270/3900 [========>.....................] - ETA: 2s - loss: 0.9659 - acc: 0.7031
1330/3900 [=========>....................] - ETA: 2s - loss: 0.9614 - acc: 0.7060
1390/3900 [=========>....................] - ETA: 2s - loss: 0.9621 - acc: 0.7043
1450/3900 [==========>...................] - ETA: 2s - loss: 0.9599 - acc: 0.7021
1510/3900 [==========>...................] - ETA: 2s - loss: 0.9598 - acc: 0.7013
1570/3900 [===========>..................] - ETA: 2s - loss: 0.9587 - acc: 0.7045
1630/3900 [===========>..................] - ETA: 2s - loss: 0.9590 - acc: 0.7037
1690/3900 [============>.................] - ETA: 1s - loss: 0.9626 - acc: 0.7000
1750/3900 [============>.................] - ETA: 1s - loss: 0.9562 - acc: 0.7029
1810/3900 [============>.................] - ETA: 1s - loss: 0.9555 - acc: 0.7022
1870/3900 [=============>................] - ETA: 1s - loss: 0.9560 - acc: 0.7000
1930/3900 [=============>................] - ETA: 1s - loss: 0.9533 - acc: 0.6990
1990/3900 [==============>...............] - ETA: 1s - loss: 0.9532 - acc: 0.6990
2050/3900 [==============>...............] - ETA: 1s - loss: 0.9528 - acc: 0.6990
2110/3900 [===============>..............] - ETA: 1s - loss: 0.9499 - acc: 0.7005
2170/3900 [===============>..............] - ETA: 1s - loss: 0.9502 - acc: 0.7009
2230/3900 [================>.............] - ETA: 1s - loss: 0.9489 - acc: 0.7013
2290/3900 [================>.............] - ETA: 1s - loss: 0.9464 - acc: 0.7031
2350/3900 [=================>............] - ETA: 1s - loss: 0.9446 - acc: 0.7030
2410/3900 [=================>............] - ETA: 1s - loss: 0.9491 - acc: 0.6996
2470/3900 [==================>...........] - ETA: 1s - loss: 0.9456 - acc: 0.7036
2530/3900 [==================>...........] - ETA: 1s - loss: 0.9453 - acc: 0.7051
2590/3900 [==================>...........] - ETA: 1s - loss: 0.9436 - acc: 0.7050
2650/3900 [===================>..........] - ETA: 1s - loss: 0.9434 - acc: 0.7042
2710/3900 [===================>..........] - ETA: 1s - loss: 0.9456 - acc: 0.7015
2770/3900 [====================>.........] - ETA: 1s - loss: 0.9405 - acc: 0.7025
2830/3900 [====================>.........] - ETA: 0s - loss: 0.9385 - acc: 0.7028
2890/3900 [=====================>........] - ETA: 0s - loss: 0.9386 - acc: 0.7038
2950/3900 [=====================>........] - ETA: 0s - loss: 0.9376 - acc: 0.7047
3010/3900 [======================>.......] - ETA: 0s - loss: 0.9368 - acc: 0.7050
3070/3900 [======================>.......] - ETA: 0s - loss: 0.9343 - acc: 0.7072
3130/3900 [=======================>......] - ETA: 0s - loss: 0.9322 - acc: 0.7096
3190/3900 [=======================>......] - ETA: 0s - loss: 0.9324 - acc: 0.7088
3250/3900 [========================>.....] - ETA: 0s - loss: 0.9348 - acc: 0.7068
3300/3900 [========================>.....] - ETA: 0s - loss: 0.9336 - acc: 0.7079
3360/3900 [========================>.....] - ETA: 0s - loss: 0.9323 - acc: 0.7074
3420/3900 [=========================>....] - ETA: 0s - loss: 0.9351 - acc: 0.7053
3480/3900 [=========================>....] - ETA: 0s - loss: 0.9362 - acc: 0.7057
3540/3900 [==========================>...] - ETA: 0s - loss: 0.9347 - acc: 0.7054
3600/3900 [==========================>...] - ETA: 0s - loss: 0.9319 - acc: 0.7069
3660/3900 [===========================>..] - ETA: 0s - loss: 0.9281 - acc: 0.7082
3720/3900 [===========================>..] - ETA: 0s - loss: 0.9261 - acc: 0.7089
3780/3900 [============================>.] - ETA: 0s - loss: 0.9243 - acc: 0.7087
3840/3900 [============================>.] - ETA: 0s - loss: 0.9233 - acc: 0.7083
3900/3900 [==============================] - 4s 902us/step - loss: 0.9228 - acc: 0.7085 - val_loss: 1.6529 - val_acc: 0.4040
Current time ....3.517
Train on 600 samples, validate on 86 samples
Epoch 1/1

 10/600 [..............................] - ETA: 0s - loss: 0.0497 - acc: 1.0000
 70/600 [==>...........................] - ETA: 0s - loss: 0.0571 - acc: 0.9857
130/600 [=====>........................] - ETA: 0s - loss: 0.0485 - acc: 0.9923
190/600 [========>.....................] - ETA: 0s - loss: 0.0453 - acc: 0.9947
250/600 [===========>..................] - ETA: 0s - loss: 0.0455 - acc: 0.9960
310/600 [==============>...............] - ETA: 0s - loss: 0.0470 - acc: 0.9968
370/600 [=================>............] - ETA: 0s - loss: 0.0438 - acc: 0.9973
430/600 [====================>.........] - ETA: 0s - loss: 0.0433 - acc: 0.9977
490/600 [=======================>......] - ETA: 0s - loss: 0.0411 - acc: 0.9980
550/600 [==========================>...] - ETA: 0s - loss: 0.0447 - acc: 0.9945
600/600 [==============================] - 1s 922us/step - loss: 0.0437 - acc: 0.9950 - val_loss: 0.4288 - val_acc: 0.9186
Current time ....0.554
Train on 1200 samples, validate on 68 samples
Epoch 1/1

  10/1200 [..............................] - ETA: 1s - loss: 0.0687 - acc: 1.0000
  70/1200 [>.............................] - ETA: 1s - loss: 0.1069 - acc: 0.9857
 130/1200 [==>...........................] - ETA: 0s - loss: 0.1022 - acc: 0.9923
 190/1200 [===>..........................] - ETA: 0s - loss: 0.1192 - acc: 0.9842
 250/1200 [=====>........................] - ETA: 0s - loss: 0.1185 - acc: 0.9880
 310/1200 [======>.......................] - ETA: 0s - loss: 0.1138 - acc: 0.9839
 370/1200 [========>.....................] - ETA: 0s - loss: 0.1118 - acc: 0.9865
 430/1200 [=========>....................] - ETA: 0s - loss: 0.1068 - acc: 0.9884
 490/1200 [===========>..................] - ETA: 0s - loss: 0.1034 - acc: 0.9898
 550/1200 [============>.................] - ETA: 0s - loss: 0.1077 - acc: 0.9873
 610/1200 [==============>...............] - ETA: 0s - loss: 0.1072 - acc: 0.9885
 670/1200 [===============>..............] - ETA: 0s - loss: 0.1089 - acc: 0.9881
 720/1200 [=================>............] - ETA: 0s - loss: 0.1088 - acc: 0.9875
 780/1200 [==================>...........] - ETA: 0s - loss: 0.1097 - acc: 0.9885
 840/1200 [====================>.........] - ETA: 0s - loss: 0.1093 - acc: 0.9893
 900/1200 [=====================>........] - ETA: 0s - loss: 0.1101 - acc: 0.9889
 960/1200 [=======================>......] - ETA: 0s - loss: 0.1114 - acc: 0.9865
1020/1200 [========================>.....] - ETA: 0s - loss: 0.1093 - acc: 0.9873
1080/1200 [==========================>...] - ETA: 0s - loss: 0.1099 - acc: 0.9870
1140/1200 [===========================>..] - ETA: 0s - loss: 0.1115 - acc: 0.9860
1200/1200 [==============================] - 1s 907us/step - loss: 0.1100 - acc: 0.9867 - val_loss: 1.1313 - val_acc: 0.6471
Current time ....1.088
Train on 3900 samples, validate on 99 samples
Epoch 1/1

  10/3900 [..............................] - ETA: 3s - loss: 0.9858 - acc: 0.7000
  70/3900 [..............................] - ETA: 3s - loss: 0.8780 - acc: 0.7714
 130/3900 [>.............................] - ETA: 3s - loss: 0.8378 - acc: 0.7769
 190/3900 [>.............................] - ETA: 3s - loss: 0.8452 - acc: 0.7421
 250/3900 [>.............................] - ETA: 3s - loss: 0.8245 - acc: 0.7480
 310/3900 [=>............................] - ETA: 3s - loss: 0.8076 - acc: 0.7581
 370/3900 [=>............................] - ETA: 3s - loss: 0.8123 - acc: 0.7514
 430/3900 [==>...........................] - ETA: 3s - loss: 0.8087 - acc: 0.7558
 490/3900 [==>...........................] - ETA: 3s - loss: 0.8016 - acc: 0.7571
 550/3900 [===>..........................] - ETA: 2s - loss: 0.8125 - acc: 0.7509
 610/3900 [===>..........................] - ETA: 2s - loss: 0.8068 - acc: 0.7459
 670/3900 [====>.........................] - ETA: 2s - loss: 0.8065 - acc: 0.7493
 730/3900 [====>.........................] - ETA: 2s - loss: 0.8066 - acc: 0.7493
 790/3900 [=====>........................] - ETA: 2s - loss: 0.8107 - acc: 0.7481
 850/3900 [=====>........................] - ETA: 2s - loss: 0.8210 - acc: 0.7353
 910/3900 [======>.......................] - ETA: 2s - loss: 0.8269 - acc: 0.7319
 970/3900 [======>.......................] - ETA: 2s - loss: 0.8288 - acc: 0.7309
1030/3900 [======>.......................] - ETA: 2s - loss: 0.8207 - acc: 0.7388
1090/3900 [=======>......................] - ETA: 2s - loss: 0.8222 - acc: 0.7376
1150/3900 [=======>......................] - ETA: 2s - loss: 0.8122 - acc: 0.7452
1210/3900 [========>.....................] - ETA: 2s - loss: 0.8087 - acc: 0.7479
1270/3900 [========>.....................] - ETA: 2s - loss: 0.8103 - acc: 0.7457
1330/3900 [=========>....................] - ETA: 2s - loss: 0.8067 - acc: 0.7481
1390/3900 [=========>....................] - ETA: 2s - loss: 0.8080 - acc: 0.7496
1450/3900 [==========>...................] - ETA: 2s - loss: 0.8030 - acc: 0.7524
1510/3900 [==========>...................] - ETA: 2s - loss: 0.7960 - acc: 0.7556
1570/3900 [===========>..................] - ETA: 2s - loss: 0.7960 - acc: 0.7567
1630/3900 [===========>..................] - ETA: 2s - loss: 0.7966 - acc: 0.7564
1690/3900 [============>.................] - ETA: 1s - loss: 0.7988 - acc: 0.7550
1750/3900 [============>.................] - ETA: 1s - loss: 0.7943 - acc: 0.7560
1810/3900 [============>.................] - ETA: 1s - loss: 0.7926 - acc: 0.7558
1870/3900 [=============>................] - ETA: 1s - loss: 0.7884 - acc: 0.7583
1930/3900 [=============>................] - ETA: 1s - loss: 0.7860 - acc: 0.7585
1990/3900 [==============>...............] - ETA: 1s - loss: 0.7848 - acc: 0.7593
2050/3900 [==============>...............] - ETA: 1s - loss: 0.7811 - acc: 0.7595
2110/3900 [===============>..............] - ETA: 1s - loss: 0.7824 - acc: 0.7578
2170/3900 [===============>..............] - ETA: 1s - loss: 0.7802 - acc: 0.7576
2230/3900 [================>.............] - ETA: 1s - loss: 0.7784 - acc: 0.7587
2290/3900 [================>.............] - ETA: 1s - loss: 0.7774 - acc: 0.7594
2350/3900 [=================>............] - ETA: 1s - loss: 0.7784 - acc: 0.7583
2410/3900 [=================>............] - ETA: 1s - loss: 0.7814 - acc: 0.7564
2470/3900 [==================>...........] - ETA: 1s - loss: 0.7836 - acc: 0.7551
2530/3900 [==================>...........] - ETA: 1s - loss: 0.7815 - acc: 0.7557
2590/3900 [==================>...........] - ETA: 1s - loss: 0.7812 - acc: 0.7552
2650/3900 [===================>..........] - ETA: 1s - loss: 0.7790 - acc: 0.7562
2710/3900 [===================>..........] - ETA: 1s - loss: 0.7768 - acc: 0.7561
2770/3900 [====================>.........] - ETA: 1s - loss: 0.7770 - acc: 0.7560
2830/3900 [====================>.........] - ETA: 0s - loss: 0.7734 - acc: 0.7576
2890/3900 [=====================>........] - ETA: 0s - loss: 0.7708 - acc: 0.7578
2950/3900 [=====================>........] - ETA: 0s - loss: 0.7685 - acc: 0.7576
3010/3900 [======================>.......] - ETA: 0s - loss: 0.7706 - acc: 0.7565
3070/3900 [======================>.......] - ETA: 0s - loss: 0.7671 - acc: 0.7577
3130/3900 [=======================>......] - ETA: 0s - loss: 0.7654 - acc: 0.7581
3190/3900 [=======================>......] - ETA: 0s - loss: 0.7633 - acc: 0.7592
3250/3900 [========================>.....] - ETA: 0s - loss: 0.7647 - acc: 0.7575
3310/3900 [========================>.....] - ETA: 0s - loss: 0.7629 - acc: 0.7580
3370/3900 [========================>.....] - ETA: 0s - loss: 0.7635 - acc: 0.7570
3430/3900 [=========================>....] - ETA: 0s - loss: 0.7599 - acc: 0.7571
3490/3900 [=========================>....] - ETA: 0s - loss: 0.7589 - acc: 0.7582
3550/3900 [==========================>...] - ETA: 0s - loss: 0.7580 - acc: 0.7577
3610/3900 [==========================>...] - ETA: 0s - loss: 0.7560 - acc: 0.7584
3670/3900 [===========================>..] - ETA: 0s - loss: 0.7563 - acc: 0.7583
3730/3900 [===========================>..] - ETA: 0s - loss: 0.7566 - acc: 0.7584
3790/3900 [============================>.] - ETA: 0s - loss: 0.7542 - acc: 0.7591
3850/3900 [============================>.] - ETA: 0s - loss: 0.7539 - acc: 0.7587
3900/3900 [==============================] - 4s 907us/step - loss: 0.7543 - acc: 0.7577 - val_loss: 1.5276 - val_acc: 0.4848
Current time ....3.539
Train on 600 samples, validate on 86 samples
Epoch 1/1

 10/600 [..............................] - ETA: 0s - loss: 0.0136 - acc: 1.0000
 70/600 [==>...........................] - ETA: 0s - loss: 0.0444 - acc: 1.0000
120/600 [=====>........................] - ETA: 0s - loss: 0.0416 - acc: 1.0000
180/600 [========>.....................] - ETA: 0s - loss: 0.0409 - acc: 1.0000
240/600 [===========>..................] - ETA: 0s - loss: 0.0419 - acc: 0.9958
300/600 [==============>...............] - ETA: 0s - loss: 0.0422 - acc: 0.9967
360/600 [=================>............] - ETA: 0s - loss: 0.0400 - acc: 0.9972
420/600 [====================>.........] - ETA: 0s - loss: 0.0390 - acc: 0.9976
480/600 [=======================>......] - ETA: 0s - loss: 0.0370 - acc: 0.9979
540/600 [==========================>...] - ETA: 0s - loss: 0.0369 - acc: 0.9981
600/600 [==============================] - 1s 941us/step - loss: 0.0348 - acc: 0.9983 - val_loss: 0.4520 - val_acc: 0.9186
Current time ....0.565
Train on 1200 samples, validate on 68 samples
Epoch 1/1

  10/1200 [..............................] - ETA: 1s - loss: 0.0989 - acc: 1.0000
  70/1200 [>.............................] - ETA: 1s - loss: 0.0799 - acc: 1.0000
 130/1200 [==>...........................] - ETA: 0s - loss: 0.0710 - acc: 1.0000
 190/1200 [===>..........................] - ETA: 0s - loss: 0.0813 - acc: 0.9895
 250/1200 [=====>........................] - ETA: 0s - loss: 0.0788 - acc: 0.9920
 310/1200 [======>.......................] - ETA: 0s - loss: 0.0732 - acc: 0.9935
 370/1200 [========>.....................] - ETA: 0s - loss: 0.0765 - acc: 0.9919
 430/1200 [=========>....................] - ETA: 0s - loss: 0.0761 - acc: 0.9907
 490/1200 [===========>..................] - ETA: 0s - loss: 0.0801 - acc: 0.9898
 550/1200 [============>.................] - ETA: 0s - loss: 0.0805 - acc: 0.9891
 610/1200 [==============>...............] - ETA: 0s - loss: 0.0809 - acc: 0.9885
 670/1200 [===============>..............] - ETA: 0s - loss: 0.0807 - acc: 0.9896
 730/1200 [=================>............] - ETA: 0s - loss: 0.0794 - acc: 0.9904
 790/1200 [==================>...........] - ETA: 0s - loss: 0.0763 - acc: 0.9911
 850/1200 [====================>.........] - ETA: 0s - loss: 0.0767 - acc: 0.9918
 910/1200 [=====================>........] - ETA: 0s - loss: 0.0784 - acc: 0.9912
 970/1200 [=======================>......] - ETA: 0s - loss: 0.0795 - acc: 0.9907
1030/1200 [========================>.....] - ETA: 0s - loss: 0.0793 - acc: 0.9913
1090/1200 [==========================>...] - ETA: 0s - loss: 0.0796 - acc: 0.9917
1150/1200 [===========================>..] - ETA: 0s - loss: 0.0798 - acc: 0.9913
1200/1200 [==============================] - 1s 906us/step - loss: 0.0805 - acc: 0.9917 - val_loss: 1.0704 - val_acc: 0.6176
Current time ....1.088

32/99 [========>.....................] - ETA: 0s
99/99 [==============================] - 0s 101us/step
In EVALUATE loss:  [1.5275824888788088, 0.48484848545055198]

32/86 [==========>...................] - ETA: 0s
86/86 [==============================] - 0s 89us/step
In EVALUATE loss:  [0.45195425111193988, 0.91860465393509971]

32/68 [=============>................] - ETA: 0s
68/68 [==============================] - 0s 219us/step
In EVALUATE loss:  [1.070401668548584, 0.61764705882352944]
Task 1 : Primary site - Macro F1 score 0.280086713483
Task 1 : Primary site - Micro F1 score 0.484848484848
Task 2 : Tumor laterality - Macro F1 score 0.918593644354
Task 2 : Tumor laterality - Micro F1 score 0.918604651163
Task 3 : Histological grade - Macro F1 score 0.462127592378
Task 3 : Histological grade - Micro F1 score 0.617647058824
Average loss:  1.01664613618
