Importing candle utils for keras
Configuration file:  /gpfs/mira-home/apeck/Modified_Benchmarks/Pilot3/P3B1/p3b1_default_model.txt
{'activation': 'relu',
 'batch_size': 10,
 'data_url': 'ftp://ftp.mcs.anl.gov/pub/candle/public/benchmarks/P3B1/',
 'drop': 0.0,
 'epochs': 10,
 'feature_names': 'Primary site:Tumor laterality:Histological grade',
 'ind_nnet_spec': [[2400, 2400, 1200, 1200],
                   [2400, 2400, 1200, 1200],
                   [2400, 2400, 1200, 1200]],
 'initialization': 'glorot_uniform',
 'learning_rate': 0.01,
 'loss': 'categorical_crossentropy',
 'metrics': 'accuracy',
 'model_name': 'p3b1',
 'n_fold': 1,
 'optimizer': 'sgd',
 'out_activation': 'softmax',
 'output_dir': '.',
 'scaling': 'none',
 'shared_nnet_spec': [1200,
                      2400,
                      3600,
                      3600,
                      3600,
                      3600,
                      3600,
                      3600,
                      3600,
                      2400],
 'shuffle': True,
 'timeout': 1800,
 'train_data': 'P3B1_data.tar.gz'}
Params:
{'activation': 'relu',
 'batch_size': 10,
 'case': 'CenterZ',
 'data_url': 'ftp://ftp.mcs.anl.gov/pub/candle/public/benchmarks/P3B1/',
 'datatype': <class 'numpy.float32'>,
 'drop': 0.0,
 'epochs': 10,
 'experiment_id': 'EXP000',
 'feature_names': 'Primary site:Tumor laterality:Histological grade',
 'fig': False,
 'gpus': [],
 'ind_nnet_spec': [[2400, 2400, 1200, 1200],
                   [2400, 2400, 1200, 1200],
                   [2400, 2400, 1200, 1200]],
 'initialization': 'glorot_uniform',
 'learning_rate': 0.01,
 'logfile': None,
 'loss': 'categorical_crossentropy',
 'metrics': 'accuracy',
 'model_name': 'p3b1',
 'n_fold': 1,
 'optimizer': 'sgd',
 'out_activation': 'softmax',
 'output_dir': '/gpfs/mira-home/apeck/CANDLE_testing/avery_modified_results/p3_1',
 'output_files': 'result0_0.csv;result1_0.csv;result2_0.csv',
 'rng_seed': 7102,
 'run_id': 'RUN000',
 'scaling': 'none',
 'shared_nnet_spec': [1200,
                      2400,
                      3600,
                      3600,
                      3600,
                      3600,
                      3600,
                      3600,
                      3600,
                      2400],
 'shuffle': False,
 'timeout': 1800,
 'train_bool': True,
 'train_data': 'P3B1_data.tar.gz',
 'train_features': 'data/task0_0_train_feature.csv;data/task1_0_train_feature.csv;data/task2_0_train_feature.csv',
 'train_truths': 'data/task0_0_train_label.csv;data/task1_0_train_label.csv;data/task2_0_train_label.csv',
 'valid_features': 'data/task0_0_test_feature.csv;data/task1_0_test_feature.csv;data/task2_0_test_feature.csv',
 'valid_truths': 'data/task0_0_test_label.csv;data/task1_0_test_label.csv;data/task2_0_test_label.csv',
 'verbose': None}
Feature names:
Primary site
Tumor laterality
Histological grade
Model:  0
_________________________________________________________________
Layer (type)                 Output Shape              Param #   
=================================================================
input (InputLayer)           (None, 400)               0         
_________________________________________________________________
indiv_layer_0_0 (Dense)      (None, 2400)              962400    
_________________________________________________________________
indiv_layer_0_1 (Dense)      (None, 2400)              5762400   
_________________________________________________________________
indiv_layer_0_2 (Dense)      (None, 1200)              2881200   
_________________________________________________________________
indiv_layer_0_3 (Dense)      (None, 1200)              1441200   
_________________________________________________________________
out_0 (Dense)                (None, 13)                15613     
=================================================================
Total params: 11,062,813
Trainable params: 11,062,813
Non-trainable params: 0
_________________________________________________________________
Model:  1
_________________________________________________________________
Layer (type)                 Output Shape              Param #   
=================================================================
input (InputLayer)           (None, 400)               0         
_________________________________________________________________
indiv_layer_1_0 (Dense)      (None, 2400)              962400    
_________________________________________________________________
indiv_layer_1_1 (Dense)      (None, 2400)              5762400   
_________________________________________________________________
indiv_layer_1_2 (Dense)      (None, 1200)              2881200   
_________________________________________________________________
indiv_layer_1_3 (Dense)      (None, 1200)              1441200   
_________________________________________________________________
out_1 (Dense)                (None, 2)                 2402      
=================================================================
Total params: 11,049,602
Trainable params: 11,049,602
Non-trainable params: 0
_________________________________________________________________
Model:  2
_________________________________________________________________
Layer (type)                 Output Shape              Param #   
=================================================================
input (InputLayer)           (None, 400)               0         
_________________________________________________________________
indiv_layer_2_0 (Dense)      (None, 2400)              962400    
_________________________________________________________________
indiv_layer_2_1 (Dense)      (None, 2400)              5762400   
_________________________________________________________________
indiv_layer_2_2 (Dense)      (None, 1200)              2881200   
_________________________________________________________________
indiv_layer_2_3 (Dense)      (None, 1200)              1441200   
_________________________________________________________________
out_2 (Dense)                (None, 4)                 4804      
=================================================================
Total params: 11,052,004
Trainable params: 11,052,004
Non-trainable params: 0
_________________________________________________________________
Train on 3900 samples, validate on 99 samples
Epoch 1/1

  10/3900 [..............................] - ETA: 16:11 - loss: 2.5616 - acc: 0.1000
  50/3900 [..............................] - ETA: 3:16 - loss: 2.5658 - acc: 0.0400 
 100/3900 [..............................] - ETA: 1:39 - loss: 2.5651 - acc: 0.0500
 150/3900 [>.............................] - ETA: 1:06 - loss: 2.5649 - acc: 0.0733
 200/3900 [>.............................] - ETA: 50s - loss: 2.5642 - acc: 0.0750 
 250/3900 [>.............................] - ETA: 40s - loss: 2.5640 - acc: 0.0760
 300/3900 [=>............................] - ETA: 33s - loss: 2.5643 - acc: 0.0767
 350/3900 [=>............................] - ETA: 29s - loss: 2.5642 - acc: 0.0771
 410/3900 [==>...........................] - ETA: 25s - loss: 2.5642 - acc: 0.0829
 460/3900 [==>...........................] - ETA: 22s - loss: 2.5638 - acc: 0.0913
 520/3900 [===>..........................] - ETA: 19s - loss: 2.5638 - acc: 0.0904
 580/3900 [===>..........................] - ETA: 17s - loss: 2.5635 - acc: 0.0948
 640/3900 [===>..........................] - ETA: 16s - loss: 2.5632 - acc: 0.1016
 700/3900 [====>.........................] - ETA: 14s - loss: 2.5627 - acc: 0.1100
 760/3900 [====>.........................] - ETA: 13s - loss: 2.5622 - acc: 0.1171
 820/3900 [=====>........................] - ETA: 12s - loss: 2.5619 - acc: 0.1207
 880/3900 [=====>........................] - ETA: 11s - loss: 2.5615 - acc: 0.1273
 940/3900 [======>.......................] - ETA: 10s - loss: 2.5609 - acc: 0.1319
1000/3900 [======>.......................] - ETA: 10s - loss: 2.5607 - acc: 0.1330
1060/3900 [=======>......................] - ETA: 9s - loss: 2.5607 - acc: 0.1349 
1120/3900 [=======>......................] - ETA: 8s - loss: 2.5606 - acc: 0.1375
1180/3900 [========>.....................] - ETA: 8s - loss: 2.5605 - acc: 0.1356
1240/3900 [========>.....................] - ETA: 7s - loss: 2.5604 - acc: 0.1347
1300/3900 [=========>....................] - ETA: 7s - loss: 2.5601 - acc: 0.1362
1360/3900 [=========>....................] - ETA: 7s - loss: 2.5600 - acc: 0.1346
1420/3900 [=========>....................] - ETA: 6s - loss: 2.5598 - acc: 0.1331
1480/3900 [==========>...................] - ETA: 6s - loss: 2.5596 - acc: 0.1331
1540/3900 [==========>...................] - ETA: 6s - loss: 2.5594 - acc: 0.1331
1600/3900 [===========>..................] - ETA: 5s - loss: 2.5591 - acc: 0.1331
1660/3900 [===========>..................] - ETA: 5s - loss: 2.5589 - acc: 0.1313
1720/3900 [============>.................] - ETA: 5s - loss: 2.5587 - acc: 0.1302
1780/3900 [============>.................] - ETA: 4s - loss: 2.5586 - acc: 0.1275
1840/3900 [=============>................] - ETA: 4s - loss: 2.5582 - acc: 0.1255
1900/3900 [=============>................] - ETA: 4s - loss: 2.5579 - acc: 0.1242
1960/3900 [==============>...............] - ETA: 4s - loss: 2.5577 - acc: 0.1235
2020/3900 [==============>...............] - ETA: 4s - loss: 2.5576 - acc: 0.1213
2080/3900 [===============>..............] - ETA: 3s - loss: 2.5574 - acc: 0.1197
2140/3900 [===============>..............] - ETA: 3s - loss: 2.5573 - acc: 0.1192
2200/3900 [===============>..............] - ETA: 3s - loss: 2.5571 - acc: 0.1191
2260/3900 [================>.............] - ETA: 3s - loss: 2.5569 - acc: 0.1208
2320/3900 [================>.............] - ETA: 3s - loss: 2.5567 - acc: 0.1216
2380/3900 [=================>............] - ETA: 3s - loss: 2.5564 - acc: 0.1227
2440/3900 [=================>............] - ETA: 2s - loss: 2.5561 - acc: 0.1217
2500/3900 [==================>...........] - ETA: 2s - loss: 2.5560 - acc: 0.1236
2560/3900 [==================>...........] - ETA: 2s - loss: 2.5558 - acc: 0.1258
2620/3900 [===================>..........] - ETA: 2s - loss: 2.5556 - acc: 0.1294
2680/3900 [===================>..........] - ETA: 2s - loss: 2.5553 - acc: 0.1313
2740/3900 [====================>.........] - ETA: 2s - loss: 2.5551 - acc: 0.1328
2800/3900 [====================>.........] - ETA: 2s - loss: 2.5549 - acc: 0.1325
2860/3900 [=====================>........] - ETA: 1s - loss: 2.5547 - acc: 0.1346
2920/3900 [=====================>........] - ETA: 1s - loss: 2.5545 - acc: 0.1387
2980/3900 [=====================>........] - ETA: 1s - loss: 2.5543 - acc: 0.1423
3040/3900 [======================>.......] - ETA: 1s - loss: 2.5541 - acc: 0.1447
3100/3900 [======================>.......] - ETA: 1s - loss: 2.5537 - acc: 0.1516
3160/3900 [=======================>......] - ETA: 1s - loss: 2.5535 - acc: 0.1566
3220/3900 [=======================>......] - ETA: 1s - loss: 2.5532 - acc: 0.1590
3280/3900 [========================>.....] - ETA: 1s - loss: 2.5530 - acc: 0.1619
3340/3900 [========================>.....] - ETA: 0s - loss: 2.5527 - acc: 0.1644
3400/3900 [=========================>....] - ETA: 0s - loss: 2.5525 - acc: 0.1644
3460/3900 [=========================>....] - ETA: 0s - loss: 2.5522 - acc: 0.1650
3520/3900 [==========================>...] - ETA: 0s - loss: 2.5520 - acc: 0.1682
3580/3900 [==========================>...] - ETA: 0s - loss: 2.5517 - acc: 0.1709
3640/3900 [===========================>..] - ETA: 0s - loss: 2.5515 - acc: 0.1723
3700/3900 [===========================>..] - ETA: 0s - loss: 2.5513 - acc: 0.1738
3760/3900 [===========================>..] - ETA: 0s - loss: 2.5511 - acc: 0.1763
3820/3900 [============================>.] - ETA: 0s - loss: 2.5509 - acc: 0.1806
3880/3900 [============================>.] - ETA: 0s - loss: 2.5506 - acc: 0.1851
3900/3900 [==============================] - 6s 2ms/step - loss: 2.5506 - acc: 0.1864 - val_loss: 2.5387 - val_acc: 0.3737
Current time ....6.120
Train on 600 samples, validate on 86 samples
Epoch 1/1

 10/600 [..............................] - ETA: 27s - loss: 0.6977 - acc: 0.5000
 70/600 [==>...........................] - ETA: 3s - loss: 0.6971 - acc: 0.5000 
130/600 [=====>........................] - ETA: 2s - loss: 0.6876 - acc: 0.5231
190/600 [========>.....................] - ETA: 1s - loss: 0.6875 - acc: 0.5526
250/600 [===========>..................] - ETA: 0s - loss: 0.6801 - acc: 0.5960
310/600 [==============>...............] - ETA: 0s - loss: 0.6780 - acc: 0.6194
370/600 [=================>............] - ETA: 0s - loss: 0.6754 - acc: 0.6351
430/600 [====================>.........] - ETA: 0s - loss: 0.6716 - acc: 0.6674
490/600 [=======================>......] - ETA: 0s - loss: 0.6678 - acc: 0.6796
550/600 [==========================>...] - ETA: 0s - loss: 0.6652 - acc: 0.6945
600/600 [==============================] - 1s 2ms/step - loss: 0.6626 - acc: 0.7100 - val_loss: 0.6323 - val_acc: 0.8488
Current time ....1.019
Train on 1200 samples, validate on 68 samples
Epoch 1/1

  10/1200 [..............................] - ETA: 30s - loss: 1.3845 - acc: 0.2000
  70/1200 [>.............................] - ETA: 5s - loss: 1.3659 - acc: 0.2857 
 130/1200 [==>...........................] - ETA: 3s - loss: 1.3783 - acc: 0.2462
 190/1200 [===>..........................] - ETA: 2s - loss: 1.3753 - acc: 0.2474
 250/1200 [=====>........................] - ETA: 1s - loss: 1.3710 - acc: 0.2360
 310/1200 [======>.......................] - ETA: 1s - loss: 1.3655 - acc: 0.2645
 370/1200 [========>.....................] - ETA: 1s - loss: 1.3579 - acc: 0.2865
 430/1200 [=========>....................] - ETA: 1s - loss: 1.3585 - acc: 0.2814
 490/1200 [===========>..................] - ETA: 0s - loss: 1.3527 - acc: 0.3122
 550/1200 [============>.................] - ETA: 0s - loss: 1.3475 - acc: 0.3400
 610/1200 [==============>...............] - ETA: 0s - loss: 1.3388 - acc: 0.3590
 670/1200 [===============>..............] - ETA: 0s - loss: 1.3345 - acc: 0.3731
 730/1200 [=================>............] - ETA: 0s - loss: 1.3315 - acc: 0.3849
 790/1200 [==================>...........] - ETA: 0s - loss: 1.3261 - acc: 0.3949
 850/1200 [====================>.........] - ETA: 0s - loss: 1.3209 - acc: 0.4047
 910/1200 [=====================>........] - ETA: 0s - loss: 1.3179 - acc: 0.4143
 970/1200 [=======================>......] - ETA: 0s - loss: 1.3119 - acc: 0.4278
1030/1200 [========================>.....] - ETA: 0s - loss: 1.3086 - acc: 0.4320
1090/1200 [==========================>...] - ETA: 0s - loss: 1.3057 - acc: 0.4339
1150/1200 [===========================>..] - ETA: 0s - loss: 1.2994 - acc: 0.4452
1200/1200 [==============================] - 1s 1ms/step - loss: 1.2954 - acc: 0.4500 - val_loss: 1.3108 - val_acc: 0.2206
Current time ....1.349
Train on 3900 samples, validate on 99 samples
Epoch 1/1

  10/3900 [..............................] - ETA: 3s - loss: 2.5359 - acc: 0.5000
  70/3900 [..............................] - ETA: 3s - loss: 2.5281 - acc: 0.4571
 130/3900 [>.............................] - ETA: 3s - loss: 2.5293 - acc: 0.4615
 190/3900 [>.............................] - ETA: 3s - loss: 2.5301 - acc: 0.4368
 250/3900 [>.............................] - ETA: 3s - loss: 2.5296 - acc: 0.4360
 310/3900 [=>............................] - ETA: 3s - loss: 2.5296 - acc: 0.4194
 370/3900 [=>............................] - ETA: 3s - loss: 2.5291 - acc: 0.4081
 430/3900 [==>...........................] - ETA: 3s - loss: 2.5293 - acc: 0.3837
 490/3900 [==>...........................] - ETA: 3s - loss: 2.5288 - acc: 0.3776
 550/3900 [===>..........................] - ETA: 2s - loss: 2.5287 - acc: 0.3782
 610/3900 [===>..........................] - ETA: 2s - loss: 2.5284 - acc: 0.3656
 670/3900 [====>.........................] - ETA: 2s - loss: 2.5280 - acc: 0.3597
 730/3900 [====>.........................] - ETA: 2s - loss: 2.5284 - acc: 0.3493
 790/3900 [=====>........................] - ETA: 2s - loss: 2.5284 - acc: 0.3481
 850/3900 [=====>........................] - ETA: 2s - loss: 2.5280 - acc: 0.3518
 910/3900 [======>.......................] - ETA: 2s - loss: 2.5274 - acc: 0.3505
 970/3900 [======>.......................] - ETA: 2s - loss: 2.5272 - acc: 0.3464
1030/3900 [======>.......................] - ETA: 2s - loss: 2.5266 - acc: 0.3476
1090/3900 [=======>......................] - ETA: 2s - loss: 2.5259 - acc: 0.3477
1150/3900 [=======>......................] - ETA: 2s - loss: 2.5253 - acc: 0.3478
1210/3900 [========>.....................] - ETA: 2s - loss: 2.5249 - acc: 0.3471
1270/3900 [========>.....................] - ETA: 2s - loss: 2.5249 - acc: 0.3465
1330/3900 [=========>....................] - ETA: 2s - loss: 2.5244 - acc: 0.3474
1390/3900 [=========>....................] - ETA: 2s - loss: 2.5243 - acc: 0.3489
1450/3900 [==========>...................] - ETA: 2s - loss: 2.5241 - acc: 0.3497
1510/3900 [==========>...................] - ETA: 2s - loss: 2.5237 - acc: 0.3517
1570/3900 [===========>..................] - ETA: 2s - loss: 2.5232 - acc: 0.3573
1630/3900 [===========>..................] - ETA: 2s - loss: 2.5225 - acc: 0.3620
1690/3900 [============>.................] - ETA: 1s - loss: 2.5218 - acc: 0.3651
1750/3900 [============>.................] - ETA: 1s - loss: 2.5213 - acc: 0.3640
1810/3900 [============>.................] - ETA: 1s - loss: 2.5208 - acc: 0.3669
1870/3900 [=============>................] - ETA: 1s - loss: 2.5204 - acc: 0.3674
1930/3900 [=============>................] - ETA: 1s - loss: 2.5199 - acc: 0.3663
1990/3900 [==============>...............] - ETA: 1s - loss: 2.5195 - acc: 0.3648
2050/3900 [==============>...............] - ETA: 1s - loss: 2.5190 - acc: 0.3678
2110/3900 [===============>..............] - ETA: 1s - loss: 2.5187 - acc: 0.3668
2170/3900 [===============>..............] - ETA: 1s - loss: 2.5182 - acc: 0.3691
2230/3900 [================>.............] - ETA: 1s - loss: 2.5178 - acc: 0.3695
2290/3900 [================>.............] - ETA: 1s - loss: 2.5173 - acc: 0.3721
2350/3900 [=================>............] - ETA: 1s - loss: 2.5170 - acc: 0.3728
2410/3900 [=================>............] - ETA: 1s - loss: 2.5164 - acc: 0.3780
2470/3900 [==================>...........] - ETA: 1s - loss: 2.5159 - acc: 0.3818
2530/3900 [==================>...........] - ETA: 1s - loss: 2.5153 - acc: 0.3826
2590/3900 [==================>...........] - ETA: 1s - loss: 2.5146 - acc: 0.3834
2650/3900 [===================>..........] - ETA: 1s - loss: 2.5140 - acc: 0.3845
2710/3900 [===================>..........] - ETA: 1s - loss: 2.5136 - acc: 0.3845
2770/3900 [====================>.........] - ETA: 1s - loss: 2.5130 - acc: 0.3856
2830/3900 [====================>.........] - ETA: 0s - loss: 2.5123 - acc: 0.3880
2890/3900 [=====================>........] - ETA: 0s - loss: 2.5116 - acc: 0.3882
2950/3900 [=====================>........] - ETA: 0s - loss: 2.5111 - acc: 0.3881
3010/3900 [======================>.......] - ETA: 0s - loss: 2.5106 - acc: 0.3884
3070/3900 [======================>.......] - ETA: 0s - loss: 2.5103 - acc: 0.3893
3130/3900 [=======================>......] - ETA: 0s - loss: 2.5098 - acc: 0.3917
3190/3900 [=======================>......] - ETA: 0s - loss: 2.5090 - acc: 0.3962
3250/3900 [========================>.....] - ETA: 0s - loss: 2.5085 - acc: 0.3966
3310/3900 [========================>.....] - ETA: 0s - loss: 2.5077 - acc: 0.4006
3370/3900 [========================>.....] - ETA: 0s - loss: 2.5070 - acc: 0.4018
3430/3900 [=========================>....] - ETA: 0s - loss: 2.5063 - acc: 0.4012
3490/3900 [=========================>....] - ETA: 0s - loss: 2.5055 - acc: 0.4017
3550/3900 [==========================>...] - ETA: 0s - loss: 2.5051 - acc: 0.3994
3610/3900 [==========================>...] - ETA: 0s - loss: 2.5045 - acc: 0.3992
3660/3900 [===========================>..] - ETA: 0s - loss: 2.5039 - acc: 0.3992
3720/3900 [===========================>..] - ETA: 0s - loss: 2.5033 - acc: 0.4011
3780/3900 [============================>.] - ETA: 0s - loss: 2.5025 - acc: 0.4032
3840/3900 [============================>.] - ETA: 0s - loss: 2.5020 - acc: 0.4036
3900/3900 [==============================] - 4s 900us/step - loss: 2.5013 - acc: 0.4041 - val_loss: 2.4845 - val_acc: 0.2828
Current time ....3.509
Train on 600 samples, validate on 86 samples
Epoch 1/1

 10/600 [..............................] - ETA: 0s - loss: 0.5821 - acc: 0.8000
 70/600 [==>...........................] - ETA: 0s - loss: 0.6086 - acc: 0.8714
130/600 [=====>........................] - ETA: 0s - loss: 0.6015 - acc: 0.8846
190/600 [========>.....................] - ETA: 0s - loss: 0.6072 - acc: 0.8842
250/600 [===========>..................] - ETA: 0s - loss: 0.6045 - acc: 0.8880
310/600 [==============>...............] - ETA: 0s - loss: 0.5928 - acc: 0.8935
370/600 [=================>............] - ETA: 0s - loss: 0.5919 - acc: 0.9027
430/600 [====================>.........] - ETA: 0s - loss: 0.5790 - acc: 0.9116
490/600 [=======================>......] - ETA: 0s - loss: 0.5738 - acc: 0.9122
550/600 [==========================>...] - ETA: 0s - loss: 0.5664 - acc: 0.9182
600/600 [==============================] - 1s 927us/step - loss: 0.5615 - acc: 0.9200 - val_loss: 0.5475 - val_acc: 0.9186
Current time ....0.556
Train on 1200 samples, validate on 68 samples
Epoch 1/1

  10/1200 [..............................] - ETA: 1s - loss: 1.2459 - acc: 0.4000
  70/1200 [>.............................] - ETA: 1s - loss: 1.1770 - acc: 0.5714
 130/1200 [==>...........................] - ETA: 0s - loss: 1.1810 - acc: 0.5769
 190/1200 [===>..........................] - ETA: 0s - loss: 1.1617 - acc: 0.6053
 250/1200 [=====>........................] - ETA: 0s - loss: 1.1596 - acc: 0.6160
 310/1200 [======>.......................] - ETA: 0s - loss: 1.1471 - acc: 0.6290
 370/1200 [========>.....................] - ETA: 0s - loss: 1.1357 - acc: 0.6351
 430/1200 [=========>....................] - ETA: 0s - loss: 1.1266 - acc: 0.6302
 490/1200 [===========>..................] - ETA: 0s - loss: 1.1197 - acc: 0.6306
 550/1200 [============>.................] - ETA: 0s - loss: 1.1007 - acc: 0.6473
 610/1200 [==============>...............] - ETA: 0s - loss: 1.0999 - acc: 0.6377
 670/1200 [===============>..............] - ETA: 0s - loss: 1.0966 - acc: 0.6284
 730/1200 [=================>............] - ETA: 0s - loss: 1.0958 - acc: 0.6219
 790/1200 [==================>...........] - ETA: 0s - loss: 1.0929 - acc: 0.6215
 850/1200 [====================>.........] - ETA: 0s - loss: 1.0873 - acc: 0.6271
 910/1200 [=====================>........] - ETA: 0s - loss: 1.0798 - acc: 0.6297
 970/1200 [=======================>......] - ETA: 0s - loss: 1.0809 - acc: 0.6227
1030/1200 [========================>.....] - ETA: 0s - loss: 1.0774 - acc: 0.6214
1090/1200 [==========================>...] - ETA: 0s - loss: 1.0701 - acc: 0.6229
1150/1200 [===========================>..] - ETA: 0s - loss: 1.0647 - acc: 0.6261
1200/1200 [==============================] - 1s 910us/step - loss: 1.0590 - acc: 0.6283 - val_loss: 1.1622 - val_acc: 0.3676
Current time ....1.092
Train on 3900 samples, validate on 99 samples
Epoch 1/1

  10/3900 [..............................] - ETA: 3s - loss: 2.4543 - acc: 0.5000
  70/3900 [..............................] - ETA: 3s - loss: 2.4560 - acc: 0.6000
 130/3900 [>.............................] - ETA: 3s - loss: 2.4534 - acc: 0.5308
 190/3900 [>.............................] - ETA: 3s - loss: 2.4535 - acc: 0.5316
 250/3900 [>.............................] - ETA: 3s - loss: 2.4529 - acc: 0.5120
 310/3900 [=>............................] - ETA: 3s - loss: 2.4540 - acc: 0.4710
 370/3900 [=>............................] - ETA: 3s - loss: 2.4502 - acc: 0.4892
 430/3900 [==>...........................] - ETA: 3s - loss: 2.4466 - acc: 0.4907
 490/3900 [==>...........................] - ETA: 3s - loss: 2.4440 - acc: 0.4939
 550/3900 [===>..........................] - ETA: 3s - loss: 2.4412 - acc: 0.5018
 610/3900 [===>..........................] - ETA: 2s - loss: 2.4386 - acc: 0.4902
 670/3900 [====>.........................] - ETA: 2s - loss: 2.4389 - acc: 0.4806
 730/3900 [====>.........................] - ETA: 2s - loss: 2.4378 - acc: 0.4740
 790/3900 [=====>........................] - ETA: 2s - loss: 2.4374 - acc: 0.4570
 850/3900 [=====>........................] - ETA: 2s - loss: 2.4347 - acc: 0.4588
 910/3900 [======>.......................] - ETA: 2s - loss: 2.4313 - acc: 0.4604
 970/3900 [======>.......................] - ETA: 2s - loss: 2.4317 - acc: 0.4454
1030/3900 [======>.......................] - ETA: 2s - loss: 2.4305 - acc: 0.4417
1090/3900 [=======>......................] - ETA: 2s - loss: 2.4294 - acc: 0.4422
1150/3900 [=======>......................] - ETA: 2s - loss: 2.4281 - acc: 0.4409
1210/3900 [========>.....................] - ETA: 2s - loss: 2.4262 - acc: 0.4446
1270/3900 [========>.....................] - ETA: 2s - loss: 2.4238 - acc: 0.4496
1330/3900 [=========>....................] - ETA: 2s - loss: 2.4226 - acc: 0.4504
1390/3900 [=========>....................] - ETA: 2s - loss: 2.4216 - acc: 0.4432
1450/3900 [==========>...................] - ETA: 2s - loss: 2.4205 - acc: 0.4407
1510/3900 [==========>...................] - ETA: 2s - loss: 2.4188 - acc: 0.4404
1570/3900 [===========>..................] - ETA: 2s - loss: 2.4169 - acc: 0.4395
1630/3900 [===========>..................] - ETA: 2s - loss: 2.4154 - acc: 0.4436
1690/3900 [============>.................] - ETA: 1s - loss: 2.4139 - acc: 0.4420
1750/3900 [============>.................] - ETA: 1s - loss: 2.4124 - acc: 0.4434
1810/3900 [============>.................] - ETA: 1s - loss: 2.4109 - acc: 0.4436
1870/3900 [=============>................] - ETA: 1s - loss: 2.4094 - acc: 0.4417
1930/3900 [=============>................] - ETA: 1s - loss: 2.4079 - acc: 0.4399
1990/3900 [==============>...............] - ETA: 1s - loss: 2.4053 - acc: 0.4357
2050/3900 [==============>...............] - ETA: 1s - loss: 2.4027 - acc: 0.4380
2110/3900 [===============>..............] - ETA: 1s - loss: 2.4013 - acc: 0.4327
2170/3900 [===============>..............] - ETA: 1s - loss: 2.3994 - acc: 0.4295
2230/3900 [================>.............] - ETA: 1s - loss: 2.3975 - acc: 0.4287
2290/3900 [================>.............] - ETA: 1s - loss: 2.3953 - acc: 0.4297
2350/3900 [=================>............] - ETA: 1s - loss: 2.3936 - acc: 0.4281
2410/3900 [=================>............] - ETA: 1s - loss: 2.3915 - acc: 0.4278
2470/3900 [==================>...........] - ETA: 1s - loss: 2.3893 - acc: 0.4267
2530/3900 [==================>...........] - ETA: 1s - loss: 2.3875 - acc: 0.4257
2590/3900 [==================>...........] - ETA: 1s - loss: 2.3852 - acc: 0.4259
2650/3900 [===================>..........] - ETA: 1s - loss: 2.3830 - acc: 0.4264
2710/3900 [===================>..........] - ETA: 1s - loss: 2.3801 - acc: 0.4280
2770/3900 [====================>.........] - ETA: 1s - loss: 2.3784 - acc: 0.4267
2830/3900 [====================>.........] - ETA: 0s - loss: 2.3755 - acc: 0.4283
2890/3900 [=====================>........] - ETA: 0s - loss: 2.3728 - acc: 0.4311
2950/3900 [=====================>........] - ETA: 0s - loss: 2.3702 - acc: 0.4329
3010/3900 [======================>.......] - ETA: 0s - loss: 2.3677 - acc: 0.4322
3070/3900 [======================>.......] - ETA: 0s - loss: 2.3653 - acc: 0.4332
3130/3900 [=======================>......] - ETA: 0s - loss: 2.3626 - acc: 0.4316
3190/3900 [=======================>......] - ETA: 0s - loss: 2.3596 - acc: 0.4317
3250/3900 [========================>.....] - ETA: 0s - loss: 2.3568 - acc: 0.4320
3310/3900 [========================>.....] - ETA: 0s - loss: 2.3543 - acc: 0.4314
3370/3900 [========================>.....] - ETA: 0s - loss: 2.3507 - acc: 0.4341
3430/3900 [=========================>....] - ETA: 0s - loss: 2.3486 - acc: 0.4306
3490/3900 [=========================>....] - ETA: 0s - loss: 2.3454 - acc: 0.4289
3550/3900 [==========================>...] - ETA: 0s - loss: 2.3425 - acc: 0.4273
3610/3900 [==========================>...] - ETA: 0s - loss: 2.3392 - acc: 0.4258
3670/3900 [===========================>..] - ETA: 0s - loss: 2.3365 - acc: 0.4267
3730/3900 [===========================>..] - ETA: 0s - loss: 2.3338 - acc: 0.4260
3790/3900 [============================>.] - ETA: 0s - loss: 2.3301 - acc: 0.4266
3850/3900 [============================>.] - ETA: 0s - loss: 2.3260 - acc: 0.4268
3900/3900 [==============================] - 4s 907us/step - loss: 2.3237 - acc: 0.4256 - val_loss: 2.1847 - val_acc: 0.2323
Current time ....3.536
Train on 600 samples, validate on 86 samples
Epoch 1/1

 10/600 [..............................] - ETA: 0s - loss: 0.5078 - acc: 1.0000
 70/600 [==>...........................] - ETA: 0s - loss: 0.5029 - acc: 1.0000
130/600 [=====>........................] - ETA: 0s - loss: 0.4807 - acc: 0.9846
190/600 [========>.....................] - ETA: 0s - loss: 0.4750 - acc: 0.9737
250/600 [===========>..................] - ETA: 0s - loss: 0.4601 - acc: 0.9760
310/600 [==============>...............] - ETA: 0s - loss: 0.4542 - acc: 0.9742
370/600 [=================>............] - ETA: 0s - loss: 0.4518 - acc: 0.9730
430/600 [====================>.........] - ETA: 0s - loss: 0.4462 - acc: 0.9721
490/600 [=======================>......] - ETA: 0s - loss: 0.4327 - acc: 0.9735
550/600 [==========================>...] - ETA: 0s - loss: 0.4298 - acc: 0.9691
600/600 [==============================] - 1s 926us/step - loss: 0.4226 - acc: 0.9683 - val_loss: 0.4429 - val_acc: 0.9186
Current time ....0.556
Train on 1200 samples, validate on 68 samples
Epoch 1/1

  10/1200 [..............................] - ETA: 1s - loss: 0.7598 - acc: 0.8000
  70/1200 [>.............................] - ETA: 1s - loss: 0.8279 - acc: 0.7286
 130/1200 [==>...........................] - ETA: 0s - loss: 0.8538 - acc: 0.7000
 190/1200 [===>..........................] - ETA: 0s - loss: 0.8935 - acc: 0.6632
 250/1200 [=====>........................] - ETA: 0s - loss: 0.8959 - acc: 0.6640
 310/1200 [======>.......................] - ETA: 0s - loss: 0.8990 - acc: 0.6516
 370/1200 [========>.....................] - ETA: 0s - loss: 0.9029 - acc: 0.6622
 430/1200 [=========>....................] - ETA: 0s - loss: 0.8939 - acc: 0.6767
 490/1200 [===========>..................] - ETA: 0s - loss: 0.8773 - acc: 0.6918
 550/1200 [============>.................] - ETA: 0s - loss: 0.8835 - acc: 0.6945
 610/1200 [==============>...............] - ETA: 0s - loss: 0.8736 - acc: 0.7033
 670/1200 [===============>..............] - ETA: 0s - loss: 0.8768 - acc: 0.7015
 730/1200 [=================>............] - ETA: 0s - loss: 0.8652 - acc: 0.7151
 790/1200 [==================>...........] - ETA: 0s - loss: 0.8572 - acc: 0.7215
 850/1200 [====================>.........] - ETA: 0s - loss: 0.8572 - acc: 0.7176
 910/1200 [=====================>........] - ETA: 0s - loss: 0.8503 - acc: 0.7209
 970/1200 [=======================>......] - ETA: 0s - loss: 0.8392 - acc: 0.7237
1030/1200 [========================>.....] - ETA: 0s - loss: 0.8321 - acc: 0.7252
1090/1200 [==========================>...] - ETA: 0s - loss: 0.8217 - acc: 0.7321
1150/1200 [===========================>..] - ETA: 0s - loss: 0.8194 - acc: 0.7304
1200/1200 [==============================] - 1s 904us/step - loss: 0.8148 - acc: 0.7317 - val_loss: 1.1132 - val_acc: 0.4559
Current time ....1.085
Train on 3900 samples, validate on 99 samples
Epoch 1/1

  10/3900 [..............................] - ETA: 3s - loss: 2.1157 - acc: 0.6000
  70/3900 [..............................] - ETA: 3s - loss: 2.1296 - acc: 0.3429
 130/3900 [>.............................] - ETA: 3s - loss: 2.1342 - acc: 0.3615
 190/3900 [>.............................] - ETA: 3s - loss: 2.1375 - acc: 0.3737
 250/3900 [>.............................] - ETA: 3s - loss: 2.1340 - acc: 0.3600
 310/3900 [=>............................] - ETA: 3s - loss: 2.1257 - acc: 0.3516
 370/3900 [=>............................] - ETA: 3s - loss: 2.1205 - acc: 0.3676
 430/3900 [==>...........................] - ETA: 3s - loss: 2.1111 - acc: 0.3837
 490/3900 [==>...........................] - ETA: 3s - loss: 2.1057 - acc: 0.3857
 550/3900 [===>..........................] - ETA: 2s - loss: 2.1014 - acc: 0.3691
 610/3900 [===>..........................] - ETA: 2s - loss: 2.0944 - acc: 0.3770
 670/3900 [====>.........................] - ETA: 2s - loss: 2.0911 - acc: 0.3687
 730/3900 [====>.........................] - ETA: 2s - loss: 2.0825 - acc: 0.3671
 790/3900 [=====>........................] - ETA: 2s - loss: 2.0789 - acc: 0.3582
 850/3900 [=====>........................] - ETA: 2s - loss: 2.0726 - acc: 0.3541
 910/3900 [======>.......................] - ETA: 2s - loss: 2.0716 - acc: 0.3516
 970/3900 [======>.......................] - ETA: 2s - loss: 2.0689 - acc: 0.3536
1030/3900 [======>.......................] - ETA: 2s - loss: 2.0662 - acc: 0.3524
1090/3900 [=======>......................] - ETA: 2s - loss: 2.0630 - acc: 0.3541
1150/3900 [=======>......................] - ETA: 2s - loss: 2.0573 - acc: 0.3617
1210/3900 [========>.....................] - ETA: 2s - loss: 2.0526 - acc: 0.3669
1270/3900 [========>.....................] - ETA: 2s - loss: 2.0502 - acc: 0.3614
1330/3900 [=========>....................] - ETA: 2s - loss: 2.0469 - acc: 0.3586
1390/3900 [=========>....................] - ETA: 2s - loss: 2.0419 - acc: 0.3561
1450/3900 [==========>...................] - ETA: 2s - loss: 2.0380 - acc: 0.3566
1510/3900 [==========>...................] - ETA: 2s - loss: 2.0347 - acc: 0.3589
1570/3900 [===========>..................] - ETA: 2s - loss: 2.0337 - acc: 0.3554
1630/3900 [===========>..................] - ETA: 2s - loss: 2.0329 - acc: 0.3485
1690/3900 [============>.................] - ETA: 1s - loss: 2.0311 - acc: 0.3497
1750/3900 [============>.................] - ETA: 1s - loss: 2.0263 - acc: 0.3577
1810/3900 [============>.................] - ETA: 1s - loss: 2.0241 - acc: 0.3613
1870/3900 [=============>................] - ETA: 1s - loss: 2.0193 - acc: 0.3631
1930/3900 [=============>................] - ETA: 1s - loss: 2.0164 - acc: 0.3627
1990/3900 [==============>...............] - ETA: 1s - loss: 2.0131 - acc: 0.3628
2050/3900 [==============>...............] - ETA: 1s - loss: 2.0111 - acc: 0.3644
2110/3900 [===============>..............] - ETA: 1s - loss: 2.0097 - acc: 0.3626
2170/3900 [===============>..............] - ETA: 1s - loss: 2.0075 - acc: 0.3636
2230/3900 [================>.............] - ETA: 1s - loss: 2.0048 - acc: 0.3664
2290/3900 [================>.............] - ETA: 1s - loss: 2.0029 - acc: 0.3664
2350/3900 [=================>............] - ETA: 1s - loss: 1.9997 - acc: 0.3668
2410/3900 [=================>............] - ETA: 1s - loss: 1.9970 - acc: 0.3676
2470/3900 [==================>...........] - ETA: 1s - loss: 1.9950 - acc: 0.3704
2530/3900 [==================>...........] - ETA: 1s - loss: 1.9942 - acc: 0.3711
2590/3900 [==================>...........] - ETA: 1s - loss: 1.9927 - acc: 0.3703
2650/3900 [===================>..........] - ETA: 1s - loss: 1.9902 - acc: 0.3709
2710/3900 [===================>..........] - ETA: 1s - loss: 1.9878 - acc: 0.3731
2770/3900 [====================>.........] - ETA: 1s - loss: 1.9872 - acc: 0.3718
2830/3900 [====================>.........] - ETA: 0s - loss: 1.9849 - acc: 0.3739
2890/3900 [=====================>........] - ETA: 0s - loss: 1.9831 - acc: 0.3772
2950/3900 [=====================>........] - ETA: 0s - loss: 1.9812 - acc: 0.3780
3010/3900 [======================>.......] - ETA: 0s - loss: 1.9798 - acc: 0.3794
3070/3900 [======================>.......] - ETA: 0s - loss: 1.9764 - acc: 0.3818
3130/3900 [=======================>......] - ETA: 0s - loss: 1.9731 - acc: 0.3847
3190/3900 [=======================>......] - ETA: 0s - loss: 1.9720 - acc: 0.3846
3250/3900 [========================>.....] - ETA: 0s - loss: 1.9696 - acc: 0.3855
3310/3900 [========================>.....] - ETA: 0s - loss: 1.9670 - acc: 0.3873
3370/3900 [========================>.....] - ETA: 0s - loss: 1.9652 - acc: 0.3864
3430/3900 [=========================>....] - ETA: 0s - loss: 1.9629 - acc: 0.3863
3490/3900 [=========================>....] - ETA: 0s - loss: 1.9595 - acc: 0.3868
3550/3900 [==========================>...] - ETA: 0s - loss: 1.9579 - acc: 0.3870
3610/3900 [==========================>...] - ETA: 0s - loss: 1.9563 - acc: 0.3867
3670/3900 [===========================>..] - ETA: 0s - loss: 1.9543 - acc: 0.3872
3730/3900 [===========================>..] - ETA: 0s - loss: 1.9519 - acc: 0.3890
3790/3900 [============================>.] - ETA: 0s - loss: 1.9499 - acc: 0.3887
3850/3900 [============================>.] - ETA: 0s - loss: 1.9477 - acc: 0.3894
3900/3900 [==============================] - 4s 906us/step - loss: 1.9461 - acc: 0.3900 - val_loss: 1.8902 - val_acc: 0.4040
Current time ....3.532
Train on 600 samples, validate on 86 samples
Epoch 1/1

 10/600 [..............................] - ETA: 0s - loss: 0.3084 - acc: 1.0000
 70/600 [==>...........................] - ETA: 0s - loss: 0.3431 - acc: 0.9714
120/600 [=====>........................] - ETA: 0s - loss: 0.3316 - acc: 0.9833
180/600 [========>.....................] - ETA: 0s - loss: 0.3264 - acc: 0.9889
240/600 [===========>..................] - ETA: 0s - loss: 0.3234 - acc: 0.9875
300/600 [==============>...............] - ETA: 0s - loss: 0.3136 - acc: 0.9833
360/600 [=================>............] - ETA: 0s - loss: 0.3005 - acc: 0.9833
420/600 [====================>.........] - ETA: 0s - loss: 0.2944 - acc: 0.9857
480/600 [=======================>......] - ETA: 0s - loss: 0.2899 - acc: 0.9833
540/600 [==========================>...] - ETA: 0s - loss: 0.2853 - acc: 0.9815
600/600 [==============================] - 1s 945us/step - loss: 0.2758 - acc: 0.9800 - val_loss: 0.3908 - val_acc: 0.9186
Current time ....0.567
Train on 1200 samples, validate on 68 samples
Epoch 1/1

  10/1200 [..............................] - ETA: 1s - loss: 0.2737 - acc: 1.0000
  70/1200 [>.............................] - ETA: 1s - loss: 0.6424 - acc: 0.8000
 130/1200 [==>...........................] - ETA: 0s - loss: 0.6667 - acc: 0.7923
 190/1200 [===>..........................] - ETA: 0s - loss: 0.6708 - acc: 0.7789
 250/1200 [=====>........................] - ETA: 0s - loss: 0.6679 - acc: 0.7920
 310/1200 [======>.......................] - ETA: 0s - loss: 0.6793 - acc: 0.7903
 370/1200 [========>.....................] - ETA: 0s - loss: 0.6892 - acc: 0.7784
 430/1200 [=========>....................] - ETA: 0s - loss: 0.6753 - acc: 0.7977
 490/1200 [===========>..................] - ETA: 0s - loss: 0.6758 - acc: 0.7878
 550/1200 [============>.................] - ETA: 0s - loss: 0.6602 - acc: 0.7927
 610/1200 [==============>...............] - ETA: 0s - loss: 0.6563 - acc: 0.7918
 670/1200 [===============>..............] - ETA: 0s - loss: 0.6436 - acc: 0.8015
 730/1200 [=================>............] - ETA: 0s - loss: 0.6332 - acc: 0.8041
 790/1200 [==================>...........] - ETA: 0s - loss: 0.6318 - acc: 0.8038
 850/1200 [====================>.........] - ETA: 0s - loss: 0.6280 - acc: 0.8059
 910/1200 [=====================>........] - ETA: 0s - loss: 0.6220 - acc: 0.8132
 970/1200 [=======================>......] - ETA: 0s - loss: 0.6215 - acc: 0.8175
1030/1200 [========================>.....] - ETA: 0s - loss: 0.6200 - acc: 0.8146
1090/1200 [==========================>...] - ETA: 0s - loss: 0.6133 - acc: 0.8183
1150/1200 [===========================>..] - ETA: 0s - loss: 0.6100 - acc: 0.8165
1200/1200 [==============================] - 1s 920us/step - loss: 0.6094 - acc: 0.8150 - val_loss: 0.8289 - val_acc: 0.6324
Current time ....1.104
Train on 3900 samples, validate on 99 samples
Epoch 1/1

  10/3900 [..............................] - ETA: 3s - loss: 1.8015 - acc: 0.4000
  70/3900 [..............................] - ETA: 3s - loss: 1.7470 - acc: 0.4857
 130/3900 [>.............................] - ETA: 3s - loss: 1.7810 - acc: 0.4462
 190/3900 [>.............................] - ETA: 3s - loss: 1.7828 - acc: 0.4789
 250/3900 [>.............................] - ETA: 3s - loss: 1.7705 - acc: 0.4680
 310/3900 [=>............................] - ETA: 3s - loss: 1.7808 - acc: 0.4613
 370/3900 [=>............................] - ETA: 3s - loss: 1.7766 - acc: 0.4703
 430/3900 [==>...........................] - ETA: 3s - loss: 1.7836 - acc: 0.4512
 490/3900 [==>...........................] - ETA: 3s - loss: 1.7901 - acc: 0.4429
 550/3900 [===>..........................] - ETA: 3s - loss: 1.7858 - acc: 0.4273
 610/3900 [===>..........................] - ETA: 2s - loss: 1.7829 - acc: 0.4311
 670/3900 [====>.........................] - ETA: 2s - loss: 1.7722 - acc: 0.4343
 730/3900 [====>.........................] - ETA: 2s - loss: 1.7745 - acc: 0.4274
 790/3900 [=====>........................] - ETA: 2s - loss: 1.7767 - acc: 0.4228
 850/3900 [=====>........................] - ETA: 2s - loss: 1.7796 - acc: 0.4200
 910/3900 [======>.......................] - ETA: 2s - loss: 1.7791 - acc: 0.4187
 970/3900 [======>.......................] - ETA: 2s - loss: 1.7779 - acc: 0.4186
1030/3900 [======>.......................] - ETA: 2s - loss: 1.7758 - acc: 0.4175
1090/3900 [=======>......................] - ETA: 2s - loss: 1.7790 - acc: 0.4073
1150/3900 [=======>......................] - ETA: 2s - loss: 1.7805 - acc: 0.4078
1210/3900 [========>.....................] - ETA: 2s - loss: 1.7813 - acc: 0.4107
1270/3900 [========>.....................] - ETA: 2s - loss: 1.7819 - acc: 0.4110
1330/3900 [=========>....................] - ETA: 2s - loss: 1.7811 - acc: 0.4135
1390/3900 [=========>....................] - ETA: 2s - loss: 1.7772 - acc: 0.4165
1450/3900 [==========>...................] - ETA: 2s - loss: 1.7770 - acc: 0.4172
1510/3900 [==========>...................] - ETA: 2s - loss: 1.7788 - acc: 0.4146
1570/3900 [===========>..................] - ETA: 2s - loss: 1.7764 - acc: 0.4172
1630/3900 [===========>..................] - ETA: 2s - loss: 1.7753 - acc: 0.4233
1690/3900 [============>.................] - ETA: 1s - loss: 1.7731 - acc: 0.4254
1750/3900 [============>.................] - ETA: 1s - loss: 1.7729 - acc: 0.4246
1810/3900 [============>.................] - ETA: 1s - loss: 1.7727 - acc: 0.4232
1870/3900 [=============>................] - ETA: 1s - loss: 1.7697 - acc: 0.4246
1930/3900 [=============>................] - ETA: 1s - loss: 1.7703 - acc: 0.4244
1990/3900 [==============>...............] - ETA: 1s - loss: 1.7702 - acc: 0.4226
2050/3900 [==============>...............] - ETA: 1s - loss: 1.7671 - acc: 0.4249
2110/3900 [===============>..............] - ETA: 1s - loss: 1.7655 - acc: 0.4256
2170/3900 [===============>..............] - ETA: 1s - loss: 1.7680 - acc: 0.4207
2230/3900 [================>.............] - ETA: 1s - loss: 1.7661 - acc: 0.4211
2290/3900 [================>.............] - ETA: 1s - loss: 1.7658 - acc: 0.4227
2350/3900 [=================>............] - ETA: 1s - loss: 1.7643 - acc: 0.4243
2410/3900 [=================>............] - ETA: 1s - loss: 1.7630 - acc: 0.4228
2470/3900 [==================>...........] - ETA: 1s - loss: 1.7603 - acc: 0.4263
2530/3900 [==================>...........] - ETA: 1s - loss: 1.7593 - acc: 0.4269
2590/3900 [==================>...........] - ETA: 1s - loss: 1.7561 - acc: 0.4282
2650/3900 [===================>..........] - ETA: 1s - loss: 1.7547 - acc: 0.4309
2710/3900 [===================>..........] - ETA: 1s - loss: 1.7537 - acc: 0.4310
2770/3900 [====================>.........] - ETA: 1s - loss: 1.7495 - acc: 0.4329
2830/3900 [====================>.........] - ETA: 0s - loss: 1.7499 - acc: 0.4311
2890/3900 [=====================>........] - ETA: 0s - loss: 1.7510 - acc: 0.4336
2950/3900 [=====================>........] - ETA: 0s - loss: 1.7506 - acc: 0.4346
3010/3900 [======================>.......] - ETA: 0s - loss: 1.7504 - acc: 0.4339
3070/3900 [======================>.......] - ETA: 0s - loss: 1.7485 - acc: 0.4345
3130/3900 [=======================>......] - ETA: 0s - loss: 1.7480 - acc: 0.4351
3190/3900 [=======================>......] - ETA: 0s - loss: 1.7449 - acc: 0.4389
3250/3900 [========================>.....] - ETA: 0s - loss: 1.7430 - acc: 0.4403
3310/3900 [========================>.....] - ETA: 0s - loss: 1.7420 - acc: 0.4414
3370/3900 [========================>.....] - ETA: 0s - loss: 1.7393 - acc: 0.4427
3430/3900 [=========================>....] - ETA: 0s - loss: 1.7384 - acc: 0.4414
3490/3900 [=========================>....] - ETA: 0s - loss: 1.7375 - acc: 0.4410
3550/3900 [==========================>...] - ETA: 0s - loss: 1.7360 - acc: 0.4414
3610/3900 [==========================>...] - ETA: 0s - loss: 1.7356 - acc: 0.4427
3670/3900 [===========================>..] - ETA: 0s - loss: 1.7332 - acc: 0.4455
3730/3900 [===========================>..] - ETA: 0s - loss: 1.7329 - acc: 0.4448
3790/3900 [============================>.] - ETA: 0s - loss: 1.7302 - acc: 0.4462
3850/3900 [============================>.] - ETA: 0s - loss: 1.7287 - acc: 0.4481
3900/3900 [==============================] - 4s 907us/step - loss: 1.7277 - acc: 0.4464 - val_loss: 1.8836 - val_acc: 0.1919
Current time ....3.539
Train on 600 samples, validate on 86 samples
Epoch 1/1

 10/600 [..............................] - ETA: 0s - loss: 0.2319 - acc: 1.0000
 70/600 [==>...........................] - ETA: 0s - loss: 0.2124 - acc: 1.0000
130/600 [=====>........................] - ETA: 0s - loss: 0.1960 - acc: 0.9923
190/600 [========>.....................] - ETA: 0s - loss: 0.1935 - acc: 0.9842
250/600 [===========>..................] - ETA: 0s - loss: 0.2039 - acc: 0.9800
310/600 [==============>...............] - ETA: 0s - loss: 0.1986 - acc: 0.9806
370/600 [=================>............] - ETA: 0s - loss: 0.1896 - acc: 0.9838
430/600 [====================>.........] - ETA: 0s - loss: 0.1809 - acc: 0.9837
490/600 [=======================>......] - ETA: 0s - loss: 0.1758 - acc: 0.9857
550/600 [==========================>...] - ETA: 0s - loss: 0.1788 - acc: 0.9818
600/600 [==============================] - 1s 926us/step - loss: 0.1770 - acc: 0.9833 - val_loss: 0.3732 - val_acc: 0.9070
Current time ....0.556
Train on 1200 samples, validate on 68 samples
Epoch 1/1

  10/1200 [..............................] - ETA: 1s - loss: 0.5658 - acc: 0.9000
  70/1200 [>.............................] - ETA: 1s - loss: 0.4643 - acc: 0.8714
 130/1200 [==>...........................] - ETA: 0s - loss: 0.4575 - acc: 0.8692
 190/1200 [===>..........................] - ETA: 0s - loss: 0.4484 - acc: 0.8632
 250/1200 [=====>........................] - ETA: 0s - loss: 0.4402 - acc: 0.8680
 310/1200 [======>.......................] - ETA: 0s - loss: 0.4491 - acc: 0.8613
 370/1200 [========>.....................] - ETA: 0s - loss: 0.4514 - acc: 0.8730
 430/1200 [=========>....................] - ETA: 0s - loss: 0.4425 - acc: 0.8721
 490/1200 [===========>..................] - ETA: 0s - loss: 0.4392 - acc: 0.8816
 550/1200 [============>.................] - ETA: 0s - loss: 0.4451 - acc: 0.8818
 610/1200 [==============>...............] - ETA: 0s - loss: 0.4379 - acc: 0.8836
 670/1200 [===============>..............] - ETA: 0s - loss: 0.4379 - acc: 0.8836
 730/1200 [=================>............] - ETA: 0s - loss: 0.4338 - acc: 0.8808
 790/1200 [==================>...........] - ETA: 0s - loss: 0.4378 - acc: 0.8772
 850/1200 [====================>.........] - ETA: 0s - loss: 0.4328 - acc: 0.8800
 910/1200 [=====================>........] - ETA: 0s - loss: 0.4340 - acc: 0.8835
 970/1200 [=======================>......] - ETA: 0s - loss: 0.4347 - acc: 0.8845
1030/1200 [========================>.....] - ETA: 0s - loss: 0.4371 - acc: 0.8854
1090/1200 [==========================>...] - ETA: 0s - loss: 0.4353 - acc: 0.8862
1150/1200 [===========================>..] - ETA: 0s - loss: 0.4281 - acc: 0.8896
1200/1200 [==============================] - 1s 908us/step - loss: 0.4275 - acc: 0.8875 - val_loss: 0.7831 - val_acc: 0.6618
Current time ....1.091
Train on 3900 samples, validate on 99 samples
Epoch 1/1

  10/3900 [..............................] - ETA: 3s - loss: 1.6048 - acc: 0.5000
  70/3900 [..............................] - ETA: 3s - loss: 1.6054 - acc: 0.5000
 130/3900 [>.............................] - ETA: 3s - loss: 1.6240 - acc: 0.4769
 190/3900 [>.............................] - ETA: 3s - loss: 1.6273 - acc: 0.4684
 250/3900 [>.............................] - ETA: 3s - loss: 1.6376 - acc: 0.4720
 310/3900 [=>............................] - ETA: 3s - loss: 1.6422 - acc: 0.4677
 370/3900 [=>............................] - ETA: 3s - loss: 1.6288 - acc: 0.4838
 430/3900 [==>...........................] - ETA: 3s - loss: 1.6221 - acc: 0.4907
 490/3900 [==>...........................] - ETA: 3s - loss: 1.6223 - acc: 0.4898
 550/3900 [===>..........................] - ETA: 3s - loss: 1.6295 - acc: 0.4836
 610/3900 [===>..........................] - ETA: 2s - loss: 1.6192 - acc: 0.4885
 670/3900 [====>.........................] - ETA: 2s - loss: 1.6184 - acc: 0.4910
 730/3900 [====>.........................] - ETA: 2s - loss: 1.6171 - acc: 0.4781
 790/3900 [=====>........................] - ETA: 2s - loss: 1.6109 - acc: 0.4848
 850/3900 [=====>........................] - ETA: 2s - loss: 1.6119 - acc: 0.4906
 910/3900 [======>.......................] - ETA: 2s - loss: 1.6080 - acc: 0.4967
 970/3900 [======>.......................] - ETA: 2s - loss: 1.6069 - acc: 0.4938
1030/3900 [======>.......................] - ETA: 2s - loss: 1.6049 - acc: 0.4942
1090/3900 [=======>......................] - ETA: 2s - loss: 1.6083 - acc: 0.4936
1150/3900 [=======>......................] - ETA: 2s - loss: 1.6068 - acc: 0.4957
1210/3900 [========>.....................] - ETA: 2s - loss: 1.6043 - acc: 0.4934
1270/3900 [========>.....................] - ETA: 2s - loss: 1.6025 - acc: 0.4953
1330/3900 [=========>....................] - ETA: 2s - loss: 1.6053 - acc: 0.4925
1390/3900 [=========>....................] - ETA: 2s - loss: 1.6048 - acc: 0.4957
1450/3900 [==========>...................] - ETA: 2s - loss: 1.6030 - acc: 0.4986
1510/3900 [==========>...................] - ETA: 2s - loss: 1.5981 - acc: 0.5020
1570/3900 [===========>..................] - ETA: 2s - loss: 1.5934 - acc: 0.5032
1630/3900 [===========>..................] - ETA: 2s - loss: 1.5934 - acc: 0.5049
1690/3900 [============>.................] - ETA: 1s - loss: 1.5894 - acc: 0.5053
1750/3900 [============>.................] - ETA: 1s - loss: 1.5884 - acc: 0.5051
1810/3900 [============>.................] - ETA: 1s - loss: 1.5897 - acc: 0.5033
1870/3900 [=============>................] - ETA: 1s - loss: 1.5856 - acc: 0.5070
1930/3900 [=============>................] - ETA: 1s - loss: 1.5843 - acc: 0.5067
1990/3900 [==============>...............] - ETA: 1s - loss: 1.5811 - acc: 0.5085
2050/3900 [==============>...............] - ETA: 1s - loss: 1.5768 - acc: 0.5102
2110/3900 [===============>..............] - ETA: 1s - loss: 1.5737 - acc: 0.5104
2170/3900 [===============>..............] - ETA: 1s - loss: 1.5720 - acc: 0.5115
2230/3900 [================>.............] - ETA: 1s - loss: 1.5715 - acc: 0.5126
2290/3900 [================>.............] - ETA: 1s - loss: 1.5713 - acc: 0.5109
2350/3900 [=================>............] - ETA: 1s - loss: 1.5710 - acc: 0.5111
2410/3900 [=================>............] - ETA: 1s - loss: 1.5687 - acc: 0.5112
2470/3900 [==================>...........] - ETA: 1s - loss: 1.5662 - acc: 0.5138
2530/3900 [==================>...........] - ETA: 1s - loss: 1.5651 - acc: 0.5138
2590/3900 [==================>...........] - ETA: 1s - loss: 1.5641 - acc: 0.5143
2650/3900 [===================>..........] - ETA: 1s - loss: 1.5607 - acc: 0.5170
2710/3900 [===================>..........] - ETA: 1s - loss: 1.5594 - acc: 0.5162
2770/3900 [====================>.........] - ETA: 1s - loss: 1.5571 - acc: 0.5170
2830/3900 [====================>.........] - ETA: 0s - loss: 1.5547 - acc: 0.5184
2890/3900 [=====================>........] - ETA: 0s - loss: 1.5507 - acc: 0.5211
2950/3900 [=====================>........] - ETA: 0s - loss: 1.5498 - acc: 0.5210
3010/3900 [======================>.......] - ETA: 0s - loss: 1.5462 - acc: 0.5223
3070/3900 [======================>.......] - ETA: 0s - loss: 1.5442 - acc: 0.5218
3130/3900 [=======================>......] - ETA: 0s - loss: 1.5442 - acc: 0.5208
3190/3900 [=======================>......] - ETA: 0s - loss: 1.5419 - acc: 0.5226
3250/3900 [========================>.....] - ETA: 0s - loss: 1.5401 - acc: 0.5234
3310/3900 [========================>.....] - ETA: 0s - loss: 1.5363 - acc: 0.5260
3370/3900 [========================>.....] - ETA: 0s - loss: 1.5355 - acc: 0.5273
3430/3900 [=========================>....] - ETA: 0s - loss: 1.5337 - acc: 0.5274
3490/3900 [=========================>....] - ETA: 0s - loss: 1.5326 - acc: 0.5287
3550/3900 [==========================>...] - ETA: 0s - loss: 1.5287 - acc: 0.5304
3610/3900 [==========================>...] - ETA: 0s - loss: 1.5273 - acc: 0.5313
3670/3900 [===========================>..] - ETA: 0s - loss: 1.5244 - acc: 0.5324
3730/3900 [===========================>..] - ETA: 0s - loss: 1.5237 - acc: 0.5335
3790/3900 [============================>.] - ETA: 0s - loss: 1.5230 - acc: 0.5317
3850/3900 [============================>.] - ETA: 0s - loss: 1.5200 - acc: 0.5330
3900/3900 [==============================] - 4s 905us/step - loss: 1.5183 - acc: 0.5338 - val_loss: 1.7091 - val_acc: 0.4141
Current time ....3.529
Train on 600 samples, validate on 86 samples
Epoch 1/1

 10/600 [..............................] - ETA: 0s - loss: 0.1088 - acc: 1.0000
 70/600 [==>...........................] - ETA: 0s - loss: 0.1258 - acc: 1.0000
130/600 [=====>........................] - ETA: 0s - loss: 0.1407 - acc: 0.9846
190/600 [========>.....................] - ETA: 0s - loss: 0.1363 - acc: 0.9895
250/600 [===========>..................] - ETA: 0s - loss: 0.1370 - acc: 0.9920
310/600 [==============>...............] - ETA: 0s - loss: 0.1330 - acc: 0.9903
370/600 [=================>............] - ETA: 0s - loss: 0.1281 - acc: 0.9892
430/600 [====================>.........] - ETA: 0s - loss: 0.1253 - acc: 0.9884
490/600 [=======================>......] - ETA: 0s - loss: 0.1212 - acc: 0.9878
550/600 [==========================>...] - ETA: 0s - loss: 0.1203 - acc: 0.9873
600/600 [==============================] - 1s 927us/step - loss: 0.1160 - acc: 0.9883 - val_loss: 0.3847 - val_acc: 0.9186
Current time ....0.557
Train on 1200 samples, validate on 68 samples
Epoch 1/1

  10/1200 [..............................] - ETA: 1s - loss: 0.2045 - acc: 0.9000
  70/1200 [>.............................] - ETA: 1s - loss: 0.2496 - acc: 0.9571
 130/1200 [==>...........................] - ETA: 0s - loss: 0.3059 - acc: 0.9308
 190/1200 [===>..........................] - ETA: 0s - loss: 0.3007 - acc: 0.9211
 250/1200 [=====>........................] - ETA: 0s - loss: 0.2948 - acc: 0.9160
 310/1200 [======>.......................] - ETA: 0s - loss: 0.3255 - acc: 0.8968
 370/1200 [========>.....................] - ETA: 0s - loss: 0.3357 - acc: 0.9027
 430/1200 [=========>....................] - ETA: 0s - loss: 0.3260 - acc: 0.9047
 490/1200 [===========>..................] - ETA: 0s - loss: 0.3224 - acc: 0.9122
 550/1200 [============>.................] - ETA: 0s - loss: 0.3245 - acc: 0.9127
 610/1200 [==============>...............] - ETA: 0s - loss: 0.3273 - acc: 0.9131
 670/1200 [===============>..............] - ETA: 0s - loss: 0.3194 - acc: 0.9149
 730/1200 [=================>............] - ETA: 0s - loss: 0.3229 - acc: 0.9123
 790/1200 [==================>...........] - ETA: 0s - loss: 0.3161 - acc: 0.9165
 850/1200 [====================>.........] - ETA: 0s - loss: 0.3150 - acc: 0.9165
 910/1200 [=====================>........] - ETA: 0s - loss: 0.3182 - acc: 0.9143
 970/1200 [=======================>......] - ETA: 0s - loss: 0.3153 - acc: 0.9155
1030/1200 [========================>.....] - ETA: 0s - loss: 0.3146 - acc: 0.9155
1090/1200 [==========================>...] - ETA: 0s - loss: 0.3153 - acc: 0.9174
1150/1200 [===========================>..] - ETA: 0s - loss: 0.3167 - acc: 0.9157
1200/1200 [==============================] - 1s 909us/step - loss: 0.3153 - acc: 0.9167 - val_loss: 0.7272 - val_acc: 0.6618
Current time ....1.091
Train on 3900 samples, validate on 99 samples
Epoch 1/1

  10/3900 [..............................] - ETA: 3s - loss: 1.6843 - acc: 0.5000
  70/3900 [..............................] - ETA: 3s - loss: 1.4304 - acc: 0.5714
 130/3900 [>.............................] - ETA: 3s - loss: 1.4260 - acc: 0.5923
 190/3900 [>.............................] - ETA: 3s - loss: 1.3986 - acc: 0.5737
 250/3900 [>.............................] - ETA: 3s - loss: 1.3727 - acc: 0.5840
 310/3900 [=>............................] - ETA: 3s - loss: 1.3619 - acc: 0.5935
 370/3900 [=>............................] - ETA: 3s - loss: 1.3454 - acc: 0.6054
 430/3900 [==>...........................] - ETA: 3s - loss: 1.3622 - acc: 0.5837
 490/3900 [==>...........................] - ETA: 3s - loss: 1.3671 - acc: 0.5837
 550/3900 [===>..........................] - ETA: 3s - loss: 1.3631 - acc: 0.5836
 610/3900 [===>..........................] - ETA: 2s - loss: 1.3533 - acc: 0.5984
 670/3900 [====>.........................] - ETA: 2s - loss: 1.3559 - acc: 0.5910
 730/3900 [====>.........................] - ETA: 2s - loss: 1.3581 - acc: 0.5890
 790/3900 [=====>........................] - ETA: 2s - loss: 1.3611 - acc: 0.5848
 850/3900 [=====>........................] - ETA: 2s - loss: 1.3671 - acc: 0.5824
 910/3900 [======>.......................] - ETA: 2s - loss: 1.3621 - acc: 0.5835
 970/3900 [======>.......................] - ETA: 2s - loss: 1.3693 - acc: 0.5773
1030/3900 [======>.......................] - ETA: 2s - loss: 1.3647 - acc: 0.5748
1090/3900 [=======>......................] - ETA: 2s - loss: 1.3586 - acc: 0.5798
1150/3900 [=======>......................] - ETA: 2s - loss: 1.3534 - acc: 0.5835
1210/3900 [========>.....................] - ETA: 2s - loss: 1.3575 - acc: 0.5818
1270/3900 [========>.....................] - ETA: 2s - loss: 1.3566 - acc: 0.5803
1330/3900 [=========>....................] - ETA: 2s - loss: 1.3545 - acc: 0.5782
1390/3900 [=========>....................] - ETA: 2s - loss: 1.3525 - acc: 0.5799
1450/3900 [==========>...................] - ETA: 2s - loss: 1.3519 - acc: 0.5807
1510/3900 [==========>...................] - ETA: 2s - loss: 1.3527 - acc: 0.5815
1570/3900 [===========>..................] - ETA: 2s - loss: 1.3570 - acc: 0.5771
1630/3900 [===========>..................] - ETA: 2s - loss: 1.3541 - acc: 0.5785
1690/3900 [============>.................] - ETA: 1s - loss: 1.3570 - acc: 0.5751
1750/3900 [============>.................] - ETA: 1s - loss: 1.3554 - acc: 0.5749
1810/3900 [============>.................] - ETA: 1s - loss: 1.3543 - acc: 0.5751
1870/3900 [=============>................] - ETA: 1s - loss: 1.3539 - acc: 0.5770
1930/3900 [=============>................] - ETA: 1s - loss: 1.3520 - acc: 0.5793
1990/3900 [==============>...............] - ETA: 1s - loss: 1.3505 - acc: 0.5774
2050/3900 [==============>...............] - ETA: 1s - loss: 1.3457 - acc: 0.5795
2110/3900 [===============>..............] - ETA: 1s - loss: 1.3416 - acc: 0.5801
2170/3900 [===============>..............] - ETA: 1s - loss: 1.3364 - acc: 0.5829
2230/3900 [================>.............] - ETA: 1s - loss: 1.3296 - acc: 0.5857
2290/3900 [================>.............] - ETA: 1s - loss: 1.3305 - acc: 0.5856
2350/3900 [=================>............] - ETA: 1s - loss: 1.3272 - acc: 0.5868
2410/3900 [=================>............] - ETA: 1s - loss: 1.3258 - acc: 0.5876
2470/3900 [==================>...........] - ETA: 1s - loss: 1.3230 - acc: 0.5891
2530/3900 [==================>...........] - ETA: 1s - loss: 1.3221 - acc: 0.5889
2590/3900 [==================>...........] - ETA: 1s - loss: 1.3187 - acc: 0.5903
2650/3900 [===================>..........] - ETA: 1s - loss: 1.3181 - acc: 0.5917
2710/3900 [===================>..........] - ETA: 1s - loss: 1.3141 - acc: 0.5930
2770/3900 [====================>.........] - ETA: 1s - loss: 1.3118 - acc: 0.5946
2830/3900 [====================>.........] - ETA: 0s - loss: 1.3114 - acc: 0.5951
2890/3900 [=====================>........] - ETA: 0s - loss: 1.3084 - acc: 0.5955
2950/3900 [=====================>........] - ETA: 0s - loss: 1.3065 - acc: 0.5969
3010/3900 [======================>.......] - ETA: 0s - loss: 1.3064 - acc: 0.5960
3070/3900 [======================>.......] - ETA: 0s - loss: 1.3028 - acc: 0.5974
3130/3900 [=======================>......] - ETA: 0s - loss: 1.3002 - acc: 0.5984
3190/3900 [=======================>......] - ETA: 0s - loss: 1.3013 - acc: 0.5981
3250/3900 [========================>.....] - ETA: 0s - loss: 1.3002 - acc: 0.5982
3310/3900 [========================>.....] - ETA: 0s - loss: 1.2997 - acc: 0.5979
3370/3900 [========================>.....] - ETA: 0s - loss: 1.2985 - acc: 0.5976
3430/3900 [=========================>....] - ETA: 0s - loss: 1.2964 - acc: 0.5980
3490/3900 [=========================>....] - ETA: 0s - loss: 1.2945 - acc: 0.5989
3550/3900 [==========================>...] - ETA: 0s - loss: 1.2935 - acc: 0.5980
3610/3900 [==========================>...] - ETA: 0s - loss: 1.2924 - acc: 0.5989
3670/3900 [===========================>..] - ETA: 0s - loss: 1.2919 - acc: 0.5986
3730/3900 [===========================>..] - ETA: 0s - loss: 1.2900 - acc: 0.6008
3790/3900 [============================>.] - ETA: 0s - loss: 1.2850 - acc: 0.6040
3850/3900 [============================>.] - ETA: 0s - loss: 1.2818 - acc: 0.6062
3900/3900 [==============================] - 4s 899us/step - loss: 1.2810 - acc: 0.6062 - val_loss: 1.7211 - val_acc: 0.3737
Current time ....3.508
Train on 600 samples, validate on 86 samples
Epoch 1/1

 10/600 [..............................] - ETA: 0s - loss: 0.0435 - acc: 1.0000
 70/600 [==>...........................] - ETA: 0s - loss: 0.0803 - acc: 1.0000
130/600 [=====>........................] - ETA: 0s - loss: 0.0677 - acc: 1.0000
190/600 [========>.....................] - ETA: 0s - loss: 0.0795 - acc: 0.9895
250/600 [===========>..................] - ETA: 0s - loss: 0.0746 - acc: 0.9880
310/600 [==============>...............] - ETA: 0s - loss: 0.0767 - acc: 0.9903
370/600 [=================>............] - ETA: 0s - loss: 0.0788 - acc: 0.9892
430/600 [====================>.........] - ETA: 0s - loss: 0.0820 - acc: 0.9860
490/600 [=======================>......] - ETA: 0s - loss: 0.0836 - acc: 0.9857
550/600 [==========================>...] - ETA: 0s - loss: 0.0814 - acc: 0.9873
600/600 [==============================] - 1s 928us/step - loss: 0.0817 - acc: 0.9883 - val_loss: 0.3914 - val_acc: 0.9070
Current time ....0.557
Train on 1200 samples, validate on 68 samples
Epoch 1/1

  10/1200 [..............................] - ETA: 1s - loss: 0.0465 - acc: 1.0000
  70/1200 [>.............................] - ETA: 1s - loss: 0.2287 - acc: 0.9714
 130/1200 [==>...........................] - ETA: 0s - loss: 0.3105 - acc: 0.9231
 190/1200 [===>..........................] - ETA: 0s - loss: 0.3016 - acc: 0.9263
 250/1200 [=====>........................] - ETA: 0s - loss: 0.3055 - acc: 0.9160
 310/1200 [======>.......................] - ETA: 0s - loss: 0.3130 - acc: 0.9097
 370/1200 [========>.....................] - ETA: 0s - loss: 0.2958 - acc: 0.9216
 430/1200 [=========>....................] - ETA: 0s - loss: 0.2895 - acc: 0.9233
 490/1200 [===========>..................] - ETA: 0s - loss: 0.2837 - acc: 0.9286
 550/1200 [============>.................] - ETA: 0s - loss: 0.2811 - acc: 0.9327
 610/1200 [==============>...............] - ETA: 0s - loss: 0.2734 - acc: 0.9361
 670/1200 [===============>..............] - ETA: 0s - loss: 0.2763 - acc: 0.9328
 730/1200 [=================>............] - ETA: 0s - loss: 0.2721 - acc: 0.9370
 790/1200 [==================>...........] - ETA: 0s - loss: 0.2705 - acc: 0.9342
 850/1200 [====================>.........] - ETA: 0s - loss: 0.2679 - acc: 0.9353
 910/1200 [=====================>........] - ETA: 0s - loss: 0.2608 - acc: 0.9374
 970/1200 [=======================>......] - ETA: 0s - loss: 0.2550 - acc: 0.9412
1030/1200 [========================>.....] - ETA: 0s - loss: 0.2514 - acc: 0.9447
1090/1200 [==========================>...] - ETA: 0s - loss: 0.2504 - acc: 0.9431
1150/1200 [===========================>..] - ETA: 0s - loss: 0.2462 - acc: 0.9452
1200/1200 [==============================] - 1s 907us/step - loss: 0.2432 - acc: 0.9458 - val_loss: 0.7109 - val_acc: 0.6912
Current time ....1.089
Train on 3900 samples, validate on 99 samples
Epoch 1/1

  10/3900 [..............................] - ETA: 3s - loss: 1.2630 - acc: 0.5000
  70/3900 [..............................] - ETA: 3s - loss: 1.1756 - acc: 0.6429
 130/3900 [>.............................] - ETA: 3s - loss: 1.1702 - acc: 0.6308
 190/3900 [>.............................] - ETA: 3s - loss: 1.1350 - acc: 0.6684
 250/3900 [>.............................] - ETA: 3s - loss: 1.1222 - acc: 0.6640
 310/3900 [=>............................] - ETA: 3s - loss: 1.1392 - acc: 0.6516
 370/3900 [=>............................] - ETA: 3s - loss: 1.1301 - acc: 0.6649
 430/3900 [==>...........................] - ETA: 3s - loss: 1.1380 - acc: 0.6628
 490/3900 [==>...........................] - ETA: 3s - loss: 1.1209 - acc: 0.6673
 550/3900 [===>..........................] - ETA: 3s - loss: 1.1197 - acc: 0.6655
 610/3900 [===>..........................] - ETA: 2s - loss: 1.1037 - acc: 0.6803
 670/3900 [====>.........................] - ETA: 2s - loss: 1.1018 - acc: 0.6746
 730/3900 [====>.........................] - ETA: 2s - loss: 1.1119 - acc: 0.6699
 790/3900 [=====>........................] - ETA: 2s - loss: 1.1126 - acc: 0.6696
 850/3900 [=====>........................] - ETA: 2s - loss: 1.1037 - acc: 0.6729
 910/3900 [======>.......................] - ETA: 2s - loss: 1.0900 - acc: 0.6857
 970/3900 [======>.......................] - ETA: 2s - loss: 1.0906 - acc: 0.6814
1030/3900 [======>.......................] - ETA: 2s - loss: 1.0860 - acc: 0.6825
1090/3900 [=======>......................] - ETA: 2s - loss: 1.0778 - acc: 0.6844
1150/3900 [=======>......................] - ETA: 2s - loss: 1.0784 - acc: 0.6817
1210/3900 [========>.....................] - ETA: 2s - loss: 1.0814 - acc: 0.6785
1270/3900 [========>.....................] - ETA: 2s - loss: 1.0784 - acc: 0.6764
1330/3900 [=========>....................] - ETA: 2s - loss: 1.0826 - acc: 0.6722
1390/3900 [=========>....................] - ETA: 2s - loss: 1.0836 - acc: 0.6691
1450/3900 [==========>...................] - ETA: 2s - loss: 1.0835 - acc: 0.6697
1510/3900 [==========>...................] - ETA: 2s - loss: 1.0888 - acc: 0.6702
1570/3900 [===========>..................] - ETA: 2s - loss: 1.0865 - acc: 0.6694
1630/3900 [===========>..................] - ETA: 2s - loss: 1.0800 - acc: 0.6699
1690/3900 [============>.................] - ETA: 1s - loss: 1.0779 - acc: 0.6716
1750/3900 [============>.................] - ETA: 1s - loss: 1.0749 - acc: 0.6726
1810/3900 [============>.................] - ETA: 1s - loss: 1.0755 - acc: 0.6729
1870/3900 [=============>................] - ETA: 1s - loss: 1.0781 - acc: 0.6717
1930/3900 [=============>................] - ETA: 1s - loss: 1.0818 - acc: 0.6684
1990/3900 [==============>...............] - ETA: 1s - loss: 1.0774 - acc: 0.6709
2050/3900 [==============>...............] - ETA: 1s - loss: 1.0763 - acc: 0.6712
2110/3900 [===============>..............] - ETA: 1s - loss: 1.0743 - acc: 0.6730
2170/3900 [===============>..............] - ETA: 1s - loss: 1.0757 - acc: 0.6733
2230/3900 [================>.............] - ETA: 1s - loss: 1.0772 - acc: 0.6717
2290/3900 [================>.............] - ETA: 1s - loss: 1.0790 - acc: 0.6707
2350/3900 [=================>............] - ETA: 1s - loss: 1.0761 - acc: 0.6711
2410/3900 [=================>............] - ETA: 1s - loss: 1.0752 - acc: 0.6697
2470/3900 [==================>...........] - ETA: 1s - loss: 1.0787 - acc: 0.6688
2530/3900 [==================>...........] - ETA: 1s - loss: 1.0762 - acc: 0.6696
2590/3900 [==================>...........] - ETA: 1s - loss: 1.0741 - acc: 0.6710
2650/3900 [===================>..........] - ETA: 1s - loss: 1.0733 - acc: 0.6698
2710/3900 [===================>..........] - ETA: 1s - loss: 1.0735 - acc: 0.6686
2770/3900 [====================>.........] - ETA: 1s - loss: 1.0705 - acc: 0.6690
2830/3900 [====================>.........] - ETA: 0s - loss: 1.0724 - acc: 0.6675
2890/3900 [=====================>........] - ETA: 0s - loss: 1.0714 - acc: 0.6678
2950/3900 [=====================>........] - ETA: 0s - loss: 1.0696 - acc: 0.6671
3010/3900 [======================>.......] - ETA: 0s - loss: 1.0674 - acc: 0.6681
3070/3900 [======================>.......] - ETA: 0s - loss: 1.0686 - acc: 0.6664
3130/3900 [=======================>......] - ETA: 0s - loss: 1.0703 - acc: 0.6652
3190/3900 [=======================>......] - ETA: 0s - loss: 1.0696 - acc: 0.6661
3250/3900 [========================>.....] - ETA: 0s - loss: 1.0686 - acc: 0.6662
3310/3900 [========================>.....] - ETA: 0s - loss: 1.0676 - acc: 0.6671
3370/3900 [========================>.....] - ETA: 0s - loss: 1.0664 - acc: 0.6677
3430/3900 [=========================>....] - ETA: 0s - loss: 1.0669 - acc: 0.6676
3490/3900 [=========================>....] - ETA: 0s - loss: 1.0662 - acc: 0.6670
3550/3900 [==========================>...] - ETA: 0s - loss: 1.0650 - acc: 0.6676
3610/3900 [==========================>...] - ETA: 0s - loss: 1.0659 - acc: 0.6679
3670/3900 [===========================>..] - ETA: 0s - loss: 1.0642 - acc: 0.6681
3730/3900 [===========================>..] - ETA: 0s - loss: 1.0614 - acc: 0.6692
3790/3900 [============================>.] - ETA: 0s - loss: 1.0599 - acc: 0.6697
3850/3900 [============================>.] - ETA: 0s - loss: 1.0588 - acc: 0.6709
3900/3900 [==============================] - 4s 902us/step - loss: 1.0562 - acc: 0.6718 - val_loss: 1.6516 - val_acc: 0.4242
Current time ....3.518
Train on 600 samples, validate on 86 samples
Epoch 1/1

 10/600 [..............................] - ETA: 0s - loss: 0.0255 - acc: 1.0000
 70/600 [==>...........................] - ETA: 0s - loss: 0.0634 - acc: 1.0000
130/600 [=====>........................] - ETA: 0s - loss: 0.0605 - acc: 1.0000
190/600 [========>.....................] - ETA: 0s - loss: 0.0584 - acc: 1.0000
250/600 [===========>..................] - ETA: 0s - loss: 0.0586 - acc: 1.0000
310/600 [==============>...............] - ETA: 0s - loss: 0.0586 - acc: 0.9968
370/600 [=================>............] - ETA: 0s - loss: 0.0608 - acc: 0.9946
430/600 [====================>.........] - ETA: 0s - loss: 0.0645 - acc: 0.9907
490/600 [=======================>......] - ETA: 0s - loss: 0.0629 - acc: 0.9918
550/600 [==========================>...] - ETA: 0s - loss: 0.0635 - acc: 0.9927
600/600 [==============================] - 1s 920us/step - loss: 0.0620 - acc: 0.9933 - val_loss: 0.4420 - val_acc: 0.9186
Current time ....0.552
Train on 1200 samples, validate on 68 samples
Epoch 1/1

  10/1200 [..............................] - ETA: 1s - loss: 0.2375 - acc: 1.0000
  70/1200 [>.............................] - ETA: 1s - loss: 0.1653 - acc: 0.9714
 130/1200 [==>...........................] - ETA: 0s - loss: 0.1895 - acc: 0.9462
 190/1200 [===>..........................] - ETA: 0s - loss: 0.1676 - acc: 0.9579
 250/1200 [=====>........................] - ETA: 0s - loss: 0.1639 - acc: 0.9600
 310/1200 [======>.......................] - ETA: 0s - loss: 0.1604 - acc: 0.9645
 370/1200 [========>.....................] - ETA: 0s - loss: 0.1663 - acc: 0.9649
 430/1200 [=========>....................] - ETA: 0s - loss: 0.1619 - acc: 0.9674
 490/1200 [===========>..................] - ETA: 0s - loss: 0.1622 - acc: 0.9694
 550/1200 [============>.................] - ETA: 0s - loss: 0.1602 - acc: 0.9709
 610/1200 [==============>...............] - ETA: 0s - loss: 0.1608 - acc: 0.9705
 670/1200 [===============>..............] - ETA: 0s - loss: 0.1626 - acc: 0.9716
 730/1200 [=================>............] - ETA: 0s - loss: 0.1588 - acc: 0.9740
 790/1200 [==================>...........] - ETA: 0s - loss: 0.1576 - acc: 0.9747
 850/1200 [====================>.........] - ETA: 0s - loss: 0.1603 - acc: 0.9729
 910/1200 [=====================>........] - ETA: 0s - loss: 0.1645 - acc: 0.9725
 970/1200 [=======================>......] - ETA: 0s - loss: 0.1674 - acc: 0.9680
1030/1200 [========================>.....] - ETA: 0s - loss: 0.1683 - acc: 0.9680
1090/1200 [==========================>...] - ETA: 0s - loss: 0.1687 - acc: 0.9679
1150/1200 [===========================>..] - ETA: 0s - loss: 0.1666 - acc: 0.9687
1200/1200 [==============================] - 1s 902us/step - loss: 0.1664 - acc: 0.9692 - val_loss: 1.0010 - val_acc: 0.6618
Current time ....1.083
Train on 3900 samples, validate on 99 samples
Epoch 1/1

  10/3900 [..............................] - ETA: 3s - loss: 1.2657 - acc: 0.4000
  70/3900 [..............................] - ETA: 3s - loss: 1.0386 - acc: 0.6143
 130/3900 [>.............................] - ETA: 3s - loss: 1.0414 - acc: 0.6231
 190/3900 [>.............................] - ETA: 3s - loss: 1.0320 - acc: 0.6474
 250/3900 [>.............................] - ETA: 3s - loss: 1.0274 - acc: 0.6560
 310/3900 [=>............................] - ETA: 3s - loss: 1.0104 - acc: 0.6516
 370/3900 [=>............................] - ETA: 3s - loss: 0.9834 - acc: 0.6649
 430/3900 [==>...........................] - ETA: 3s - loss: 0.9860 - acc: 0.6651
 490/3900 [==>...........................] - ETA: 3s - loss: 0.9894 - acc: 0.6714
 550/3900 [===>..........................] - ETA: 3s - loss: 0.9985 - acc: 0.6673
 610/3900 [===>..........................] - ETA: 2s - loss: 0.9837 - acc: 0.6787
 670/3900 [====>.........................] - ETA: 2s - loss: 0.9872 - acc: 0.6851
 730/3900 [====>.........................] - ETA: 2s - loss: 0.9751 - acc: 0.6890
 790/3900 [=====>........................] - ETA: 2s - loss: 0.9566 - acc: 0.7000
 850/3900 [=====>........................] - ETA: 2s - loss: 0.9555 - acc: 0.6953
 910/3900 [======>.......................] - ETA: 2s - loss: 0.9632 - acc: 0.6923
 970/3900 [======>.......................] - ETA: 2s - loss: 0.9626 - acc: 0.6918
1030/3900 [======>.......................] - ETA: 2s - loss: 0.9578 - acc: 0.6932
1090/3900 [=======>......................] - ETA: 2s - loss: 0.9591 - acc: 0.6917
1150/3900 [=======>......................] - ETA: 2s - loss: 0.9581 - acc: 0.6913
1210/3900 [========>.....................] - ETA: 2s - loss: 0.9545 - acc: 0.6934
1270/3900 [========>.....................] - ETA: 2s - loss: 0.9529 - acc: 0.6953
1330/3900 [=========>....................] - ETA: 2s - loss: 0.9471 - acc: 0.6977
1390/3900 [=========>....................] - ETA: 2s - loss: 0.9483 - acc: 0.6964
1450/3900 [==========>...................] - ETA: 2s - loss: 0.9420 - acc: 0.7007
1510/3900 [==========>...................] - ETA: 2s - loss: 0.9378 - acc: 0.7007
1570/3900 [===========>..................] - ETA: 2s - loss: 0.9352 - acc: 0.7025
1630/3900 [===========>..................] - ETA: 2s - loss: 0.9297 - acc: 0.7043
1690/3900 [============>.................] - ETA: 1s - loss: 0.9250 - acc: 0.7047
1750/3900 [============>.................] - ETA: 1s - loss: 0.9194 - acc: 0.7063
1810/3900 [============>.................] - ETA: 1s - loss: 0.9116 - acc: 0.7105
1870/3900 [=============>................] - ETA: 1s - loss: 0.9099 - acc: 0.7096
1930/3900 [=============>................] - ETA: 1s - loss: 0.9057 - acc: 0.7109
1990/3900 [==============>...............] - ETA: 1s - loss: 0.8973 - acc: 0.7151
2050/3900 [==============>...............] - ETA: 1s - loss: 0.8989 - acc: 0.7137
2110/3900 [===============>..............] - ETA: 1s - loss: 0.8970 - acc: 0.7161
2170/3900 [===============>..............] - ETA: 1s - loss: 0.8976 - acc: 0.7166
2230/3900 [================>.............] - ETA: 1s - loss: 0.8922 - acc: 0.7188
2290/3900 [================>.............] - ETA: 1s - loss: 0.8890 - acc: 0.7188
2350/3900 [=================>............] - ETA: 1s - loss: 0.8899 - acc: 0.7196
2410/3900 [=================>............] - ETA: 1s - loss: 0.8889 - acc: 0.7195
2470/3900 [==================>...........] - ETA: 1s - loss: 0.8866 - acc: 0.7198
2530/3900 [==================>...........] - ETA: 1s - loss: 0.8835 - acc: 0.7217
2590/3900 [==================>...........] - ETA: 1s - loss: 0.8780 - acc: 0.7236
2650/3900 [===================>..........] - ETA: 1s - loss: 0.8781 - acc: 0.7245
2710/3900 [===================>..........] - ETA: 1s - loss: 0.8757 - acc: 0.7258
2770/3900 [====================>.........] - ETA: 1s - loss: 0.8752 - acc: 0.7264
2830/3900 [====================>.........] - ETA: 0s - loss: 0.8752 - acc: 0.7258
2890/3900 [=====================>........] - ETA: 0s - loss: 0.8735 - acc: 0.7266
2950/3900 [=====================>........] - ETA: 0s - loss: 0.8728 - acc: 0.7278
3010/3900 [======================>.......] - ETA: 0s - loss: 0.8721 - acc: 0.7279
3070/3900 [======================>.......] - ETA: 0s - loss: 0.8712 - acc: 0.7274
3130/3900 [=======================>......] - ETA: 0s - loss: 0.8713 - acc: 0.7281
3190/3900 [=======================>......] - ETA: 0s - loss: 0.8754 - acc: 0.7257
3250/3900 [========================>.....] - ETA: 0s - loss: 0.8734 - acc: 0.7258
3310/3900 [========================>.....] - ETA: 0s - loss: 0.8737 - acc: 0.7263
3370/3900 [========================>.....] - ETA: 0s - loss: 0.8706 - acc: 0.7276
3430/3900 [=========================>....] - ETA: 0s - loss: 0.8700 - acc: 0.7274
3490/3900 [=========================>....] - ETA: 0s - loss: 0.8681 - acc: 0.7278
3550/3900 [==========================>...] - ETA: 0s - loss: 0.8662 - acc: 0.7276
3610/3900 [==========================>...] - ETA: 0s - loss: 0.8657 - acc: 0.7291
3670/3900 [===========================>..] - ETA: 0s - loss: 0.8653 - acc: 0.7292
3730/3900 [===========================>..] - ETA: 0s - loss: 0.8626 - acc: 0.7308
3790/3900 [============================>.] - ETA: 0s - loss: 0.8589 - acc: 0.7319
3850/3900 [============================>.] - ETA: 0s - loss: 0.8570 - acc: 0.7330
3900/3900 [==============================] - 4s 904us/step - loss: 0.8592 - acc: 0.7313 - val_loss: 1.5337 - val_acc: 0.4545
Current time ....3.527
Train on 600 samples, validate on 86 samples
Epoch 1/1

 10/600 [..............................] - ETA: 0s - loss: 0.0592 - acc: 1.0000
 70/600 [==>...........................] - ETA: 0s - loss: 0.0556 - acc: 1.0000
130/600 [=====>........................] - ETA: 0s - loss: 0.0663 - acc: 0.9923
190/600 [========>.....................] - ETA: 0s - loss: 0.0541 - acc: 0.9947
250/600 [===========>..................] - ETA: 0s - loss: 0.0518 - acc: 0.9960
310/600 [==============>...............] - ETA: 0s - loss: 0.0514 - acc: 0.9935
370/600 [=================>............] - ETA: 0s - loss: 0.0483 - acc: 0.9946
430/600 [====================>.........] - ETA: 0s - loss: 0.0447 - acc: 0.9953
490/600 [=======================>......] - ETA: 0s - loss: 0.0446 - acc: 0.9939
550/600 [==========================>...] - ETA: 0s - loss: 0.0459 - acc: 0.9945
600/600 [==============================] - 1s 929us/step - loss: 0.0457 - acc: 0.9950 - val_loss: 0.4487 - val_acc: 0.9186
Current time ....0.558
Train on 1200 samples, validate on 68 samples
Epoch 1/1

  10/1200 [..............................] - ETA: 1s - loss: 0.1250 - acc: 1.0000
  70/1200 [>.............................] - ETA: 0s - loss: 0.1072 - acc: 0.9714
 130/1200 [==>...........................] - ETA: 0s - loss: 0.1257 - acc: 0.9769
 190/1200 [===>..........................] - ETA: 0s - loss: 0.1149 - acc: 0.9842
 250/1200 [=====>........................] - ETA: 0s - loss: 0.1106 - acc: 0.9880
 310/1200 [======>.......................] - ETA: 0s - loss: 0.1171 - acc: 0.9839
 370/1200 [========>.....................] - ETA: 0s - loss: 0.1150 - acc: 0.9838
 430/1200 [=========>....................] - ETA: 0s - loss: 0.1174 - acc: 0.9814
 490/1200 [===========>..................] - ETA: 0s - loss: 0.1179 - acc: 0.9796
 550/1200 [============>.................] - ETA: 0s - loss: 0.1237 - acc: 0.9764
 610/1200 [==============>...............] - ETA: 0s - loss: 0.1222 - acc: 0.9754
 670/1200 [===============>..............] - ETA: 0s - loss: 0.1237 - acc: 0.9761
 730/1200 [=================>............] - ETA: 0s - loss: 0.1293 - acc: 0.9699
 790/1200 [==================>...........] - ETA: 0s - loss: 0.1268 - acc: 0.9709
 850/1200 [====================>.........] - ETA: 0s - loss: 0.1259 - acc: 0.9718
 910/1200 [=====================>........] - ETA: 0s - loss: 0.1265 - acc: 0.9714
 970/1200 [=======================>......] - ETA: 0s - loss: 0.1269 - acc: 0.9722
1030/1200 [========================>.....] - ETA: 0s - loss: 0.1248 - acc: 0.9738
1090/1200 [==========================>...] - ETA: 0s - loss: 0.1211 - acc: 0.9752
1150/1200 [===========================>..] - ETA: 0s - loss: 0.1178 - acc: 0.9765
1200/1200 [==============================] - 1s 909us/step - loss: 0.1189 - acc: 0.9758 - val_loss: 0.8328 - val_acc: 0.7353
Current time ....1.091
Train on 3900 samples, validate on 99 samples
Epoch 1/1

  10/3900 [..............................] - ETA: 3s - loss: 0.7697 - acc: 0.7000
  70/3900 [..............................] - ETA: 3s - loss: 0.7370 - acc: 0.7714
 130/3900 [>.............................] - ETA: 3s - loss: 0.7494 - acc: 0.7615
 190/3900 [>.............................] - ETA: 3s - loss: 0.7358 - acc: 0.7789
 250/3900 [>.............................] - ETA: 3s - loss: 0.7553 - acc: 0.7760
 310/3900 [=>............................] - ETA: 3s - loss: 0.7830 - acc: 0.7484
 370/3900 [=>............................] - ETA: 3s - loss: 0.7721 - acc: 0.7514
 430/3900 [==>...........................] - ETA: 3s - loss: 0.7663 - acc: 0.7628
 490/3900 [==>...........................] - ETA: 3s - loss: 0.7514 - acc: 0.7673
 550/3900 [===>..........................] - ETA: 3s - loss: 0.7510 - acc: 0.7618
 610/3900 [===>..........................] - ETA: 2s - loss: 0.7469 - acc: 0.7656
 670/3900 [====>.........................] - ETA: 2s - loss: 0.7526 - acc: 0.7627
 730/3900 [====>.........................] - ETA: 2s - loss: 0.7680 - acc: 0.7548
 790/3900 [=====>........................] - ETA: 2s - loss: 0.7749 - acc: 0.7570
 850/3900 [=====>........................] - ETA: 2s - loss: 0.7704 - acc: 0.7600
 910/3900 [======>.......................] - ETA: 2s - loss: 0.7588 - acc: 0.7648
 970/3900 [======>.......................] - ETA: 2s - loss: 0.7583 - acc: 0.7660
1030/3900 [======>.......................] - ETA: 2s - loss: 0.7593 - acc: 0.7631
1090/3900 [=======>......................] - ETA: 2s - loss: 0.7535 - acc: 0.7661
1150/3900 [=======>......................] - ETA: 2s - loss: 0.7487 - acc: 0.7652
1210/3900 [========>.....................] - ETA: 2s - loss: 0.7437 - acc: 0.7678
1270/3900 [========>.....................] - ETA: 2s - loss: 0.7471 - acc: 0.7685
1330/3900 [=========>....................] - ETA: 2s - loss: 0.7507 - acc: 0.7662
1390/3900 [=========>....................] - ETA: 2s - loss: 0.7467 - acc: 0.7676
1450/3900 [==========>...................] - ETA: 2s - loss: 0.7491 - acc: 0.7683
1510/3900 [==========>...................] - ETA: 2s - loss: 0.7452 - acc: 0.7702
1570/3900 [===========>..................] - ETA: 2s - loss: 0.7509 - acc: 0.7675
1630/3900 [===========>..................] - ETA: 2s - loss: 0.7495 - acc: 0.7675
1690/3900 [============>.................] - ETA: 1s - loss: 0.7456 - acc: 0.7686
1750/3900 [============>.................] - ETA: 1s - loss: 0.7430 - acc: 0.7703
1810/3900 [============>.................] - ETA: 1s - loss: 0.7337 - acc: 0.7740
1870/3900 [=============>................] - ETA: 1s - loss: 0.7342 - acc: 0.7722
1930/3900 [=============>................] - ETA: 1s - loss: 0.7325 - acc: 0.7736
1990/3900 [==============>...............] - ETA: 1s - loss: 0.7306 - acc: 0.7734
2050/3900 [==============>...............] - ETA: 1s - loss: 0.7269 - acc: 0.7746
2110/3900 [===============>..............] - ETA: 1s - loss: 0.7304 - acc: 0.7725
2170/3900 [===============>..............] - ETA: 1s - loss: 0.7319 - acc: 0.7719
2230/3900 [================>.............] - ETA: 1s - loss: 0.7294 - acc: 0.7717
2290/3900 [================>.............] - ETA: 1s - loss: 0.7228 - acc: 0.7751
2350/3900 [=================>............] - ETA: 1s - loss: 0.7204 - acc: 0.7762
2410/3900 [=================>............] - ETA: 1s - loss: 0.7151 - acc: 0.7784
2470/3900 [==================>...........] - ETA: 1s - loss: 0.7161 - acc: 0.7769
2530/3900 [==================>...........] - ETA: 1s - loss: 0.7163 - acc: 0.7755
2590/3900 [==================>...........] - ETA: 1s - loss: 0.7155 - acc: 0.7757
2650/3900 [===================>..........] - ETA: 1s - loss: 0.7129 - acc: 0.7774
2710/3900 [===================>..........] - ETA: 1s - loss: 0.7134 - acc: 0.7779
2770/3900 [====================>.........] - ETA: 1s - loss: 0.7132 - acc: 0.7773
2830/3900 [====================>.........] - ETA: 0s - loss: 0.7116 - acc: 0.7777
2890/3900 [=====================>........] - ETA: 0s - loss: 0.7116 - acc: 0.7772
2950/3900 [=====================>........] - ETA: 0s - loss: 0.7101 - acc: 0.7773
3010/3900 [======================>.......] - ETA: 0s - loss: 0.7084 - acc: 0.7781
3070/3900 [======================>.......] - ETA: 0s - loss: 0.7075 - acc: 0.7785
3130/3900 [=======================>......] - ETA: 0s - loss: 0.7099 - acc: 0.7764
3190/3900 [=======================>......] - ETA: 0s - loss: 0.7090 - acc: 0.7755
3250/3900 [========================>.....] - ETA: 0s - loss: 0.7083 - acc: 0.7751
3310/3900 [========================>.....] - ETA: 0s - loss: 0.7065 - acc: 0.7752
3370/3900 [========================>.....] - ETA: 0s - loss: 0.7036 - acc: 0.7757
3430/3900 [=========================>....] - ETA: 0s - loss: 0.7072 - acc: 0.7738
3490/3900 [=========================>....] - ETA: 0s - loss: 0.7075 - acc: 0.7734
3550/3900 [==========================>...] - ETA: 0s - loss: 0.7070 - acc: 0.7721
3610/3900 [==========================>...] - ETA: 0s - loss: 0.7056 - acc: 0.7726
3670/3900 [===========================>..] - ETA: 0s - loss: 0.7049 - acc: 0.7728
3730/3900 [===========================>..] - ETA: 0s - loss: 0.7050 - acc: 0.7718
3790/3900 [============================>.] - ETA: 0s - loss: 0.7032 - acc: 0.7723
3850/3900 [============================>.] - ETA: 0s - loss: 0.7038 - acc: 0.7725
3900/3900 [==============================] - 4s 904us/step - loss: 0.7011 - acc: 0.7744 - val_loss: 1.7187 - val_acc: 0.4040
Current time ....3.528
Train on 600 samples, validate on 86 samples
Epoch 1/1

 10/600 [..............................] - ETA: 0s - loss: 0.0155 - acc: 1.0000
 70/600 [==>...........................] - ETA: 0s - loss: 0.0447 - acc: 0.9857
130/600 [=====>........................] - ETA: 0s - loss: 0.0377 - acc: 0.9923
190/600 [========>.....................] - ETA: 0s - loss: 0.0389 - acc: 0.9947
250/600 [===========>..................] - ETA: 0s - loss: 0.0378 - acc: 0.9960
310/600 [==============>...............] - ETA: 0s - loss: 0.0372 - acc: 0.9968
370/600 [=================>............] - ETA: 0s - loss: 0.0360 - acc: 0.9973
430/600 [====================>.........] - ETA: 0s - loss: 0.0352 - acc: 0.9977
490/600 [=======================>......] - ETA: 0s - loss: 0.0368 - acc: 0.9980
550/600 [==========================>...] - ETA: 0s - loss: 0.0371 - acc: 0.9964
600/600 [==============================] - 1s 927us/step - loss: 0.0366 - acc: 0.9967 - val_loss: 0.4848 - val_acc: 0.9186
Current time ....0.556
Train on 1200 samples, validate on 68 samples
Epoch 1/1

  10/1200 [..............................] - ETA: 1s - loss: 0.1376 - acc: 0.9000
  70/1200 [>.............................] - ETA: 0s - loss: 0.0837 - acc: 0.9714
 130/1200 [==>...........................] - ETA: 0s - loss: 0.0807 - acc: 0.9846
 190/1200 [===>..........................] - ETA: 0s - loss: 0.0820 - acc: 0.9895
 250/1200 [=====>........................] - ETA: 0s - loss: 0.0738 - acc: 0.9920
 310/1200 [======>.......................] - ETA: 0s - loss: 0.0797 - acc: 0.9935
 370/1200 [========>.....................] - ETA: 0s - loss: 0.0811 - acc: 0.9946
 430/1200 [=========>....................] - ETA: 0s - loss: 0.0855 - acc: 0.9930
 490/1200 [===========>..................] - ETA: 0s - loss: 0.0888 - acc: 0.9918
 550/1200 [============>.................] - ETA: 0s - loss: 0.0858 - acc: 0.9927
 610/1200 [==============>...............] - ETA: 0s - loss: 0.0844 - acc: 0.9934
 670/1200 [===============>..............] - ETA: 0s - loss: 0.0859 - acc: 0.9925
 730/1200 [=================>............] - ETA: 0s - loss: 0.0831 - acc: 0.9932
 790/1200 [==================>...........] - ETA: 0s - loss: 0.0826 - acc: 0.9937
 850/1200 [====================>.........] - ETA: 0s - loss: 0.0819 - acc: 0.9941
 910/1200 [=====================>........] - ETA: 0s - loss: 0.0816 - acc: 0.9934
 970/1200 [=======================>......] - ETA: 0s - loss: 0.0807 - acc: 0.9938
1030/1200 [========================>.....] - ETA: 0s - loss: 0.0802 - acc: 0.9942
1090/1200 [==========================>...] - ETA: 0s - loss: 0.0798 - acc: 0.9945
1150/1200 [===========================>..] - ETA: 0s - loss: 0.0804 - acc: 0.9948
1200/1200 [==============================] - 1s 905us/step - loss: 0.0810 - acc: 0.9950 - val_loss: 0.8508 - val_acc: 0.6912
Current time ....1.086

32/99 [========>.....................] - ETA: 0s
99/99 [==============================] - 0s 98us/step
In EVALUATE loss:  [1.718691151551526, 0.40404040434143762]

32/86 [==========>...................] - ETA: 0s
86/86 [==============================] - 0s 82us/step
In EVALUATE loss:  [0.48475150174872822, 0.91860465393509971]

32/68 [=============>................] - ETA: 0s
68/68 [==============================] - 0s 98us/step
In EVALUATE loss:  [0.85075699581819419, 0.69117647058823528]
Task 1 : Primary site - Macro F1 score 0.215962260518
Task 1 : Primary site - Micro F1 score 0.40404040404
Task 2 : Tumor laterality - Macro F1 score 0.918593644354
Task 2 : Tumor laterality - Micro F1 score 0.918604651163
Task 3 : Histological grade - Macro F1 score 0.522432701894
Task 3 : Histological grade - Micro F1 score 0.691176470588
Average loss:  1.01806654971
