Importing candle utils for keras
Configuration file:  /gpfs/mira-home/apeck/Modified_Benchmarks/Pilot3/P3B1/p3b1_default_model.txt
{'activation': 'relu',
 'batch_size': 10,
 'data_url': 'ftp://ftp.mcs.anl.gov/pub/candle/public/benchmarks/P3B1/',
 'drop': 0.0,
 'epochs': 10,
 'feature_names': 'Primary site:Tumor laterality:Histological grade',
 'ind_nnet_spec': [[2400, 2400, 1200, 1200],
                   [2400, 2400, 1200, 1200],
                   [2400, 2400, 1200, 1200]],
 'initialization': 'glorot_uniform',
 'learning_rate': 0.01,
 'loss': 'categorical_crossentropy',
 'metrics': 'accuracy',
 'model_name': 'p3b1',
 'n_fold': 1,
 'optimizer': 'sgd',
 'out_activation': 'softmax',
 'output_dir': '.',
 'scaling': 'none',
 'shared_nnet_spec': [1200,
                      2400,
                      3600,
                      3600,
                      3600,
                      3600,
                      3600,
                      3600,
                      3600,
                      2400],
 'shuffle': True,
 'timeout': 1800,
 'train_data': 'P3B1_data.tar.gz'}
Params:
{'activation': 'relu',
 'batch_size': 10,
 'case': 'CenterZ',
 'data_url': 'ftp://ftp.mcs.anl.gov/pub/candle/public/benchmarks/P3B1/',
 'datatype': <class 'numpy.float32'>,
 'drop': 0.0,
 'epochs': 10,
 'experiment_id': 'EXP000',
 'feature_names': 'Primary site:Tumor laterality:Histological grade',
 'fig': False,
 'gpus': [],
 'ind_nnet_spec': [[2400, 2400, 1200, 1200],
                   [2400, 2400, 1200, 1200],
                   [2400, 2400, 1200, 1200]],
 'initialization': 'glorot_uniform',
 'learning_rate': 0.01,
 'logfile': None,
 'loss': 'categorical_crossentropy',
 'metrics': 'accuracy',
 'model_name': 'p3b1',
 'n_fold': 1,
 'optimizer': 'sgd',
 'out_activation': 'softmax',
 'output_dir': '/gpfs/mira-home/apeck/CANDLE_testing/avery_modified_results/p3_1',
 'output_files': 'result0_0.csv;result1_0.csv;result2_0.csv',
 'rng_seed': 7102,
 'run_id': 'RUN000',
 'scaling': 'none',
 'shared_nnet_spec': [1200,
                      2400,
                      3600,
                      3600,
                      3600,
                      3600,
                      3600,
                      3600,
                      3600,
                      2400],
 'shuffle': False,
 'timeout': 1800,
 'train_bool': True,
 'train_data': 'P3B1_data.tar.gz',
 'train_features': 'data/task0_0_train_feature.csv;data/task1_0_train_feature.csv;data/task2_0_train_feature.csv',
 'train_truths': 'data/task0_0_train_label.csv;data/task1_0_train_label.csv;data/task2_0_train_label.csv',
 'valid_features': 'data/task0_0_test_feature.csv;data/task1_0_test_feature.csv;data/task2_0_test_feature.csv',
 'valid_truths': 'data/task0_0_test_label.csv;data/task1_0_test_label.csv;data/task2_0_test_label.csv',
 'verbose': None}
Feature names:
Primary site
Tumor laterality
Histological grade
Model:  0
_________________________________________________________________
Layer (type)                 Output Shape              Param #   
=================================================================
input (InputLayer)           (None, 400)               0         
_________________________________________________________________
indiv_layer_0_0 (Dense)      (None, 2400)              962400    
_________________________________________________________________
indiv_layer_0_1 (Dense)      (None, 2400)              5762400   
_________________________________________________________________
indiv_layer_0_2 (Dense)      (None, 1200)              2881200   
_________________________________________________________________
indiv_layer_0_3 (Dense)      (None, 1200)              1441200   
_________________________________________________________________
out_0 (Dense)                (None, 13)                15613     
=================================================================
Total params: 11,062,813
Trainable params: 11,062,813
Non-trainable params: 0
_________________________________________________________________
Model:  1
_________________________________________________________________
Layer (type)                 Output Shape              Param #   
=================================================================
input (InputLayer)           (None, 400)               0         
_________________________________________________________________
indiv_layer_1_0 (Dense)      (None, 2400)              962400    
_________________________________________________________________
indiv_layer_1_1 (Dense)      (None, 2400)              5762400   
_________________________________________________________________
indiv_layer_1_2 (Dense)      (None, 1200)              2881200   
_________________________________________________________________
indiv_layer_1_3 (Dense)      (None, 1200)              1441200   
_________________________________________________________________
out_1 (Dense)                (None, 2)                 2402      
=================================================================
Total params: 11,049,602
Trainable params: 11,049,602
Non-trainable params: 0
_________________________________________________________________
Model:  2
_________________________________________________________________
Layer (type)                 Output Shape              Param #   
=================================================================
input (InputLayer)           (None, 400)               0         
_________________________________________________________________
indiv_layer_2_0 (Dense)      (None, 2400)              962400    
_________________________________________________________________
indiv_layer_2_1 (Dense)      (None, 2400)              5762400   
_________________________________________________________________
indiv_layer_2_2 (Dense)      (None, 1200)              2881200   
_________________________________________________________________
indiv_layer_2_3 (Dense)      (None, 1200)              1441200   
_________________________________________________________________
out_2 (Dense)                (None, 4)                 4804      
=================================================================
Total params: 11,052,004
Trainable params: 11,052,004
Non-trainable params: 0
_________________________________________________________________
Train on 3900 samples, validate on 99 samples
Epoch 1/1

  10/3900 [..............................] - ETA: 14:11 - loss: 2.5647 - acc: 0.0000e+00
  50/3900 [..............................] - ETA: 2:52 - loss: 2.5664 - acc: 0.0000e+00 
 100/3900 [..............................] - ETA: 1:27 - loss: 2.5652 - acc: 0.0400    
 150/3900 [>.............................] - ETA: 58s - loss: 2.5655 - acc: 0.0467 
 200/3900 [>.............................] - ETA: 44s - loss: 2.5654 - acc: 0.0550
 250/3900 [>.............................] - ETA: 36s - loss: 2.5652 - acc: 0.0600
 300/3900 [=>............................] - ETA: 30s - loss: 2.5652 - acc: 0.0700
 350/3900 [=>............................] - ETA: 26s - loss: 2.5651 - acc: 0.0743
 410/3900 [==>...........................] - ETA: 22s - loss: 2.5650 - acc: 0.0780
 470/3900 [==>...........................] - ETA: 19s - loss: 2.5643 - acc: 0.0851
 530/3900 [===>..........................] - ETA: 17s - loss: 2.5637 - acc: 0.1075
 590/3900 [===>..........................] - ETA: 15s - loss: 2.5637 - acc: 0.1051
 650/3900 [====>.........................] - ETA: 14s - loss: 2.5637 - acc: 0.1031
 710/3900 [====>.........................] - ETA: 13s - loss: 2.5636 - acc: 0.1014
 770/3900 [====>.........................] - ETA: 12s - loss: 2.5634 - acc: 0.1052
 830/3900 [=====>........................] - ETA: 11s - loss: 2.5632 - acc: 0.1084
 890/3900 [=====>........................] - ETA: 10s - loss: 2.5631 - acc: 0.1090
 950/3900 [======>.......................] - ETA: 9s - loss: 2.5630 - acc: 0.1084 
1010/3900 [======>.......................] - ETA: 9s - loss: 2.5628 - acc: 0.1119
1070/3900 [=======>......................] - ETA: 8s - loss: 2.5626 - acc: 0.1168
1130/3900 [=======>......................] - ETA: 8s - loss: 2.5624 - acc: 0.1159
1190/3900 [========>.....................] - ETA: 7s - loss: 2.5621 - acc: 0.1160
1250/3900 [========>.....................] - ETA: 7s - loss: 2.5619 - acc: 0.1184
1310/3900 [=========>....................] - ETA: 6s - loss: 2.5616 - acc: 0.1206
1370/3900 [=========>....................] - ETA: 6s - loss: 2.5614 - acc: 0.1197
1430/3900 [==========>...................] - ETA: 6s - loss: 2.5614 - acc: 0.1175
1490/3900 [==========>...................] - ETA: 5s - loss: 2.5611 - acc: 0.1195
1550/3900 [==========>...................] - ETA: 5s - loss: 2.5608 - acc: 0.1187
1610/3900 [===========>..................] - ETA: 5s - loss: 2.5606 - acc: 0.1193
1670/3900 [===========>..................] - ETA: 5s - loss: 2.5604 - acc: 0.1186
1730/3900 [============>.................] - ETA: 4s - loss: 2.5602 - acc: 0.1173
1790/3900 [============>.................] - ETA: 4s - loss: 2.5600 - acc: 0.1184
1850/3900 [=============>................] - ETA: 4s - loss: 2.5597 - acc: 0.1205
1910/3900 [=============>................] - ETA: 4s - loss: 2.5594 - acc: 0.1204
1970/3900 [==============>...............] - ETA: 3s - loss: 2.5592 - acc: 0.1203
2030/3900 [==============>...............] - ETA: 3s - loss: 2.5590 - acc: 0.1232
2090/3900 [===============>..............] - ETA: 3s - loss: 2.5590 - acc: 0.1230
2150/3900 [===============>..............] - ETA: 3s - loss: 2.5587 - acc: 0.1256
2210/3900 [================>.............] - ETA: 3s - loss: 2.5585 - acc: 0.1253
2270/3900 [================>.............] - ETA: 3s - loss: 2.5583 - acc: 0.1291
2330/3900 [================>.............] - ETA: 2s - loss: 2.5581 - acc: 0.1313
2390/3900 [=================>............] - ETA: 2s - loss: 2.5579 - acc: 0.1368
2450/3900 [=================>............] - ETA: 2s - loss: 2.5576 - acc: 0.1408
2510/3900 [==================>...........] - ETA: 2s - loss: 2.5575 - acc: 0.1410
2570/3900 [==================>...........] - ETA: 2s - loss: 2.5574 - acc: 0.1451
2630/3900 [===================>..........] - ETA: 2s - loss: 2.5572 - acc: 0.1464
2690/3900 [===================>..........] - ETA: 2s - loss: 2.5570 - acc: 0.1506
2750/3900 [====================>.........] - ETA: 1s - loss: 2.5568 - acc: 0.1556
2810/3900 [====================>.........] - ETA: 1s - loss: 2.5565 - acc: 0.1594
2870/3900 [=====================>........] - ETA: 1s - loss: 2.5564 - acc: 0.1613
2930/3900 [=====================>........] - ETA: 1s - loss: 2.5561 - acc: 0.1652
2990/3900 [======================>.......] - ETA: 1s - loss: 2.5559 - acc: 0.1672
3050/3900 [======================>.......] - ETA: 1s - loss: 2.5558 - acc: 0.1689
3110/3900 [======================>.......] - ETA: 1s - loss: 2.5556 - acc: 0.1704
3170/3900 [=======================>......] - ETA: 1s - loss: 2.5553 - acc: 0.1732
3230/3900 [=======================>......] - ETA: 1s - loss: 2.5552 - acc: 0.1749
3290/3900 [========================>.....] - ETA: 0s - loss: 2.5550 - acc: 0.1775
3350/3900 [========================>.....] - ETA: 0s - loss: 2.5548 - acc: 0.1821
3410/3900 [=========================>....] - ETA: 0s - loss: 2.5546 - acc: 0.1848
3470/3900 [=========================>....] - ETA: 0s - loss: 2.5544 - acc: 0.1888
3530/3900 [==========================>...] - ETA: 0s - loss: 2.5542 - acc: 0.1901
3590/3900 [==========================>...] - ETA: 0s - loss: 2.5540 - acc: 0.1925
3650/3900 [===========================>..] - ETA: 0s - loss: 2.5539 - acc: 0.1942
3710/3900 [===========================>..] - ETA: 0s - loss: 2.5536 - acc: 0.1954
3770/3900 [============================>.] - ETA: 0s - loss: 2.5534 - acc: 0.1976
3830/3900 [============================>.] - ETA: 0s - loss: 2.5532 - acc: 0.2008
3890/3900 [============================>.] - ETA: 0s - loss: 2.5530 - acc: 0.2023
3900/3900 [==============================] - 6s 1ms/step - loss: 2.5530 - acc: 0.2023 - val_loss: 2.5438 - val_acc: 0.2222
Current time ....5.812
Train on 600 samples, validate on 86 samples
Epoch 1/1

 10/600 [..............................] - ETA: 17s - loss: 0.6741 - acc: 0.7000
 70/600 [==>...........................] - ETA: 2s - loss: 0.6904 - acc: 0.5714 
130/600 [=====>........................] - ETA: 1s - loss: 0.6843 - acc: 0.5846
190/600 [========>.....................] - ETA: 0s - loss: 0.6732 - acc: 0.6158
250/600 [===========>..................] - ETA: 0s - loss: 0.6739 - acc: 0.5920
310/600 [==============>...............] - ETA: 0s - loss: 0.6696 - acc: 0.6419
370/600 [=================>............] - ETA: 0s - loss: 0.6635 - acc: 0.6784
430/600 [====================>.........] - ETA: 0s - loss: 0.6591 - acc: 0.6767
490/600 [=======================>......] - ETA: 0s - loss: 0.6579 - acc: 0.6612
550/600 [==========================>...] - ETA: 0s - loss: 0.6547 - acc: 0.6691
600/600 [==============================] - 1s 1ms/step - loss: 0.6512 - acc: 0.6933 - val_loss: 0.6218 - val_acc: 0.7907
Current time ....0.859
Train on 1200 samples, validate on 68 samples
Epoch 1/1

  10/1200 [..............................] - ETA: 33s - loss: 1.3914 - acc: 0.2000
  70/1200 [>.............................] - ETA: 5s - loss: 1.3834 - acc: 0.3000 
  90/1200 [=>............................] - ETA: 4s - loss: 1.3824 - acc: 0.2889
 100/1200 [=>............................] - ETA: 5s - loss: 1.3808 - acc: 0.2900
 160/1200 [===>..........................] - ETA: 3s - loss: 1.3707 - acc: 0.3500
 220/1200 [====>.........................] - ETA: 2s - loss: 1.3651 - acc: 0.3364
 280/1200 [======>.......................] - ETA: 2s - loss: 1.3625 - acc: 0.3429
 340/1200 [=======>......................] - ETA: 1s - loss: 1.3556 - acc: 0.3618
 400/1200 [=========>....................] - ETA: 1s - loss: 1.3508 - acc: 0.3725
 460/1200 [==========>...................] - ETA: 1s - loss: 1.3440 - acc: 0.3891
 520/1200 [============>.................] - ETA: 1s - loss: 1.3388 - acc: 0.3865
 580/1200 [=============>................] - ETA: 0s - loss: 1.3355 - acc: 0.3931
 640/1200 [===============>..............] - ETA: 0s - loss: 1.3295 - acc: 0.4125
 700/1200 [================>.............] - ETA: 0s - loss: 1.3230 - acc: 0.4243
 760/1200 [==================>...........] - ETA: 0s - loss: 1.3146 - acc: 0.4382
 820/1200 [===================>..........] - ETA: 0s - loss: 1.3095 - acc: 0.4488
 880/1200 [=====================>........] - ETA: 0s - loss: 1.3043 - acc: 0.4455
 940/1200 [======================>.......] - ETA: 0s - loss: 1.2991 - acc: 0.4511
1000/1200 [========================>.....] - ETA: 0s - loss: 1.2945 - acc: 0.4560
1060/1200 [=========================>....] - ETA: 0s - loss: 1.2897 - acc: 0.4632
1120/1200 [===========================>..] - ETA: 0s - loss: 1.2874 - acc: 0.4625
1180/1200 [============================>.] - ETA: 0s - loss: 1.2831 - acc: 0.4678
1200/1200 [==============================] - 1s 1ms/step - loss: 1.2809 - acc: 0.4700 - val_loss: 1.2429 - val_acc: 0.3529
Current time ....1.483
Train on 3900 samples, validate on 99 samples
Epoch 1/1

  10/3900 [..............................] - ETA: 3s - loss: 2.5472 - acc: 0.1000
  70/3900 [..............................] - ETA: 3s - loss: 2.5373 - acc: 0.2714
 130/3900 [>.............................] - ETA: 3s - loss: 2.5356 - acc: 0.2923
 190/3900 [>.............................] - ETA: 3s - loss: 2.5369 - acc: 0.2632
 250/3900 [>.............................] - ETA: 3s - loss: 2.5363 - acc: 0.2920
 310/3900 [=>............................] - ETA: 3s - loss: 2.5357 - acc: 0.3194
 370/3900 [=>............................] - ETA: 3s - loss: 2.5356 - acc: 0.3189
 430/3900 [==>...........................] - ETA: 3s - loss: 2.5354 - acc: 0.3116
 490/3900 [==>...........................] - ETA: 3s - loss: 2.5353 - acc: 0.3041
 550/3900 [===>..........................] - ETA: 3s - loss: 2.5349 - acc: 0.3091
 610/3900 [===>..........................] - ETA: 2s - loss: 2.5342 - acc: 0.3082
 670/3900 [====>.........................] - ETA: 2s - loss: 2.5336 - acc: 0.3134
 730/3900 [====>.........................] - ETA: 2s - loss: 2.5331 - acc: 0.3123
 790/3900 [=====>........................] - ETA: 2s - loss: 2.5330 - acc: 0.3038
 850/3900 [=====>........................] - ETA: 2s - loss: 2.5329 - acc: 0.2988
 910/3900 [======>.......................] - ETA: 2s - loss: 2.5324 - acc: 0.3044
 970/3900 [======>.......................] - ETA: 2s - loss: 2.5316 - acc: 0.3082
1030/3900 [======>.......................] - ETA: 2s - loss: 2.5316 - acc: 0.3039
1090/3900 [=======>......................] - ETA: 2s - loss: 2.5313 - acc: 0.3055
1150/3900 [=======>......................] - ETA: 2s - loss: 2.5316 - acc: 0.2983
1210/3900 [========>.....................] - ETA: 2s - loss: 2.5311 - acc: 0.2975
1270/3900 [========>.....................] - ETA: 2s - loss: 2.5311 - acc: 0.2921
1330/3900 [=========>....................] - ETA: 2s - loss: 2.5309 - acc: 0.2947
1390/3900 [=========>....................] - ETA: 2s - loss: 2.5305 - acc: 0.2957
1450/3900 [==========>...................] - ETA: 2s - loss: 2.5301 - acc: 0.2972
1510/3900 [==========>...................] - ETA: 2s - loss: 2.5297 - acc: 0.2960
1570/3900 [===========>..................] - ETA: 2s - loss: 2.5296 - acc: 0.2936
1630/3900 [===========>..................] - ETA: 2s - loss: 2.5293 - acc: 0.2926
1690/3900 [============>.................] - ETA: 1s - loss: 2.5289 - acc: 0.2947
1750/3900 [============>.................] - ETA: 1s - loss: 2.5286 - acc: 0.2977
1810/3900 [============>.................] - ETA: 1s - loss: 2.5282 - acc: 0.2961
1870/3900 [=============>................] - ETA: 1s - loss: 2.5279 - acc: 0.2973
1930/3900 [=============>................] - ETA: 1s - loss: 2.5276 - acc: 0.2984
1990/3900 [==============>...............] - ETA: 1s - loss: 2.5272 - acc: 0.3000
2050/3900 [==============>...............] - ETA: 1s - loss: 2.5268 - acc: 0.2995
2110/3900 [===============>..............] - ETA: 1s - loss: 2.5265 - acc: 0.2991
2170/3900 [===============>..............] - ETA: 1s - loss: 2.5259 - acc: 0.3005
2230/3900 [================>.............] - ETA: 1s - loss: 2.5257 - acc: 0.2982
2290/3900 [================>.............] - ETA: 1s - loss: 2.5254 - acc: 0.2961
2350/3900 [=================>............] - ETA: 1s - loss: 2.5250 - acc: 0.2983
2410/3900 [=================>............] - ETA: 1s - loss: 2.5247 - acc: 0.2992
2470/3900 [==================>...........] - ETA: 1s - loss: 2.5244 - acc: 0.3008
2530/3900 [==================>...........] - ETA: 1s - loss: 2.5239 - acc: 0.3051
2590/3900 [==================>...........] - ETA: 1s - loss: 2.5236 - acc: 0.3042
2650/3900 [===================>..........] - ETA: 1s - loss: 2.5231 - acc: 0.3087
2710/3900 [===================>..........] - ETA: 1s - loss: 2.5229 - acc: 0.3092
2770/3900 [====================>.........] - ETA: 1s - loss: 2.5224 - acc: 0.3119
2830/3900 [====================>.........] - ETA: 0s - loss: 2.5218 - acc: 0.3148
2890/3900 [=====================>........] - ETA: 0s - loss: 2.5213 - acc: 0.3176
2950/3900 [=====================>........] - ETA: 0s - loss: 2.5209 - acc: 0.3186
3010/3900 [======================>.......] - ETA: 0s - loss: 2.5205 - acc: 0.3203
3070/3900 [======================>.......] - ETA: 0s - loss: 2.5202 - acc: 0.3205
3130/3900 [=======================>......] - ETA: 0s - loss: 2.5197 - acc: 0.3236
3190/3900 [=======================>......] - ETA: 0s - loss: 2.5192 - acc: 0.3257
3250/3900 [========================>.....] - ETA: 0s - loss: 2.5188 - acc: 0.3271
3310/3900 [========================>.....] - ETA: 0s - loss: 2.5183 - acc: 0.3329
3370/3900 [========================>.....] - ETA: 0s - loss: 2.5180 - acc: 0.3335
3430/3900 [=========================>....] - ETA: 0s - loss: 2.5173 - acc: 0.3373
3490/3900 [=========================>....] - ETA: 0s - loss: 2.5167 - acc: 0.3407
3550/3900 [==========================>...] - ETA: 0s - loss: 2.5163 - acc: 0.3428
3600/3900 [==========================>...] - ETA: 0s - loss: 2.5158 - acc: 0.3444
3660/3900 [===========================>..] - ETA: 0s - loss: 2.5152 - acc: 0.3489
3720/3900 [===========================>..] - ETA: 0s - loss: 2.5146 - acc: 0.3524
3780/3900 [============================>.] - ETA: 0s - loss: 2.5140 - acc: 0.3556
3840/3900 [============================>.] - ETA: 0s - loss: 2.5135 - acc: 0.3581
3900/3900 [==============================] - 4s 910us/step - loss: 2.5129 - acc: 0.3603 - val_loss: 2.5016 - val_acc: 0.3030
Current time ....3.551
Train on 600 samples, validate on 86 samples
Epoch 1/1

 10/600 [..............................] - ETA: 0s - loss: 0.5895 - acc: 0.8000
 70/600 [==>...........................] - ETA: 0s - loss: 0.5867 - acc: 0.8714
130/600 [=====>........................] - ETA: 0s - loss: 0.5848 - acc: 0.9154
190/600 [========>.....................] - ETA: 0s - loss: 0.5771 - acc: 0.9316
250/600 [===========>..................] - ETA: 0s - loss: 0.5730 - acc: 0.9360
310/600 [==============>...............] - ETA: 0s - loss: 0.5679 - acc: 0.9290
370/600 [=================>............] - ETA: 0s - loss: 0.5600 - acc: 0.9324
430/600 [====================>.........] - ETA: 0s - loss: 0.5537 - acc: 0.9302
490/600 [=======================>......] - ETA: 0s - loss: 0.5465 - acc: 0.9388
550/600 [==========================>...] - ETA: 0s - loss: 0.5382 - acc: 0.9418
600/600 [==============================] - 1s 925us/step - loss: 0.5355 - acc: 0.9417 - val_loss: 0.5128 - val_acc: 0.9186
Current time ....0.556
Train on 1200 samples, validate on 68 samples
Epoch 1/1

  10/1200 [..............................] - ETA: 1s - loss: 1.1886 - acc: 0.6000
  70/1200 [>.............................] - ETA: 0s - loss: 1.1185 - acc: 0.6571
 130/1200 [==>...........................] - ETA: 0s - loss: 1.1203 - acc: 0.6615
 190/1200 [===>..........................] - ETA: 0s - loss: 1.1263 - acc: 0.6474
 250/1200 [=====>........................] - ETA: 0s - loss: 1.1076 - acc: 0.6680
 310/1200 [======>.......................] - ETA: 0s - loss: 1.1150 - acc: 0.6452
 370/1200 [========>.....................] - ETA: 0s - loss: 1.1138 - acc: 0.6378
 430/1200 [=========>....................] - ETA: 0s - loss: 1.1126 - acc: 0.6302
 490/1200 [===========>..................] - ETA: 0s - loss: 1.0992 - acc: 0.6367
 550/1200 [============>.................] - ETA: 0s - loss: 1.0952 - acc: 0.6309
 610/1200 [==============>...............] - ETA: 0s - loss: 1.0921 - acc: 0.6246
 670/1200 [===============>..............] - ETA: 0s - loss: 1.0920 - acc: 0.6179
 730/1200 [=================>............] - ETA: 0s - loss: 1.0862 - acc: 0.6205
 790/1200 [==================>...........] - ETA: 0s - loss: 1.0783 - acc: 0.6215
 850/1200 [====================>.........] - ETA: 0s - loss: 1.0718 - acc: 0.6271
 910/1200 [=====================>........] - ETA: 0s - loss: 1.0671 - acc: 0.6253
 970/1200 [=======================>......] - ETA: 0s - loss: 1.0536 - acc: 0.6340
1030/1200 [========================>.....] - ETA: 0s - loss: 1.0484 - acc: 0.6359
1090/1200 [==========================>...] - ETA: 0s - loss: 1.0441 - acc: 0.6367
1150/1200 [===========================>..] - ETA: 0s - loss: 1.0392 - acc: 0.6400
1200/1200 [==============================] - 1s 901us/step - loss: 1.0360 - acc: 0.6425 - val_loss: 1.0896 - val_acc: 0.4559
Current time ....1.082
Train on 3900 samples, validate on 99 samples
Epoch 1/1

  10/3900 [..............................] - ETA: 3s - loss: 2.4961 - acc: 0.2000
  70/3900 [..............................] - ETA: 3s - loss: 2.4791 - acc: 0.5000
 130/3900 [>.............................] - ETA: 3s - loss: 2.4835 - acc: 0.4077
 190/3900 [>.............................] - ETA: 3s - loss: 2.4808 - acc: 0.3842
 250/3900 [>.............................] - ETA: 3s - loss: 2.4788 - acc: 0.3960
 310/3900 [=>............................] - ETA: 3s - loss: 2.4753 - acc: 0.3968
 370/3900 [=>............................] - ETA: 3s - loss: 2.4747 - acc: 0.4162
 430/3900 [==>...........................] - ETA: 3s - loss: 2.4738 - acc: 0.4349
 490/3900 [==>...........................] - ETA: 3s - loss: 2.4725 - acc: 0.4510
 550/3900 [===>..........................] - ETA: 3s - loss: 2.4707 - acc: 0.4564
 610/3900 [===>..........................] - ETA: 2s - loss: 2.4691 - acc: 0.4705
 670/3900 [====>.........................] - ETA: 2s - loss: 2.4687 - acc: 0.4701
 730/3900 [====>.........................] - ETA: 2s - loss: 2.4675 - acc: 0.4685
 790/3900 [=====>........................] - ETA: 2s - loss: 2.4658 - acc: 0.4734
 850/3900 [=====>........................] - ETA: 2s - loss: 2.4646 - acc: 0.4741
 910/3900 [======>.......................] - ETA: 2s - loss: 2.4636 - acc: 0.4747
 970/3900 [======>.......................] - ETA: 2s - loss: 2.4616 - acc: 0.4804
1030/3900 [======>.......................] - ETA: 2s - loss: 2.4596 - acc: 0.4816
1090/3900 [=======>......................] - ETA: 2s - loss: 2.4589 - acc: 0.4716
1150/3900 [=======>......................] - ETA: 2s - loss: 2.4583 - acc: 0.4661
1210/3900 [========>.....................] - ETA: 2s - loss: 2.4574 - acc: 0.4661
1270/3900 [========>.....................] - ETA: 2s - loss: 2.4563 - acc: 0.4646
1330/3900 [=========>....................] - ETA: 2s - loss: 2.4550 - acc: 0.4669
1390/3900 [=========>....................] - ETA: 2s - loss: 2.4536 - acc: 0.4712
1450/3900 [==========>...................] - ETA: 2s - loss: 2.4523 - acc: 0.4717
1510/3900 [==========>...................] - ETA: 2s - loss: 2.4507 - acc: 0.4742
1570/3900 [===========>..................] - ETA: 2s - loss: 2.4490 - acc: 0.4752
1630/3900 [===========>..................] - ETA: 2s - loss: 2.4481 - acc: 0.4767
1690/3900 [============>.................] - ETA: 1s - loss: 2.4467 - acc: 0.4751
1750/3900 [============>.................] - ETA: 1s - loss: 2.4456 - acc: 0.4754
1810/3900 [============>.................] - ETA: 1s - loss: 2.4446 - acc: 0.4740
1870/3900 [=============>................] - ETA: 1s - loss: 2.4433 - acc: 0.4706
1930/3900 [=============>................] - ETA: 1s - loss: 2.4420 - acc: 0.4679
1990/3900 [==============>...............] - ETA: 1s - loss: 2.4407 - acc: 0.4678
2050/3900 [==============>...............] - ETA: 1s - loss: 2.4391 - acc: 0.4668
2110/3900 [===============>..............] - ETA: 1s - loss: 2.4376 - acc: 0.4673
2170/3900 [===============>..............] - ETA: 1s - loss: 2.4363 - acc: 0.4654
2230/3900 [================>.............] - ETA: 1s - loss: 2.4349 - acc: 0.4646
2290/3900 [================>.............] - ETA: 1s - loss: 2.4339 - acc: 0.4616
2350/3900 [=================>............] - ETA: 1s - loss: 2.4321 - acc: 0.4643
2410/3900 [=================>............] - ETA: 1s - loss: 2.4305 - acc: 0.4635
2470/3900 [==================>...........] - ETA: 1s - loss: 2.4288 - acc: 0.4656
2530/3900 [==================>...........] - ETA: 1s - loss: 2.4274 - acc: 0.4640
2590/3900 [==================>...........] - ETA: 1s - loss: 2.4256 - acc: 0.4629
2650/3900 [===================>..........] - ETA: 1s - loss: 2.4237 - acc: 0.4642
2710/3900 [===================>..........] - ETA: 1s - loss: 2.4222 - acc: 0.4642
2770/3900 [====================>.........] - ETA: 1s - loss: 2.4210 - acc: 0.4621
2830/3900 [====================>.........] - ETA: 0s - loss: 2.4191 - acc: 0.4633
2890/3900 [=====================>........] - ETA: 0s - loss: 2.4172 - acc: 0.4651
2950/3900 [=====================>........] - ETA: 0s - loss: 2.4157 - acc: 0.4641
3010/3900 [======================>.......] - ETA: 0s - loss: 2.4136 - acc: 0.4625
3070/3900 [======================>.......] - ETA: 0s - loss: 2.4111 - acc: 0.4622
3130/3900 [=======================>......] - ETA: 0s - loss: 2.4097 - acc: 0.4604
3190/3900 [=======================>......] - ETA: 0s - loss: 2.4077 - acc: 0.4583
3250/3900 [========================>.....] - ETA: 0s - loss: 2.4053 - acc: 0.4585
3310/3900 [========================>.....] - ETA: 0s - loss: 2.4031 - acc: 0.4586
3370/3900 [========================>.....] - ETA: 0s - loss: 2.4012 - acc: 0.4593
3430/3900 [=========================>....] - ETA: 0s - loss: 2.3988 - acc: 0.4592
3490/3900 [=========================>....] - ETA: 0s - loss: 2.3962 - acc: 0.4607
3550/3900 [==========================>...] - ETA: 0s - loss: 2.3944 - acc: 0.4577
3610/3900 [==========================>...] - ETA: 0s - loss: 2.3922 - acc: 0.4582
3670/3900 [===========================>..] - ETA: 0s - loss: 2.3902 - acc: 0.4586
3730/3900 [===========================>..] - ETA: 0s - loss: 2.3885 - acc: 0.4579
3790/3900 [============================>.] - ETA: 0s - loss: 2.3868 - acc: 0.4578
3850/3900 [============================>.] - ETA: 0s - loss: 2.3845 - acc: 0.4566
3900/3900 [==============================] - 4s 903us/step - loss: 2.3826 - acc: 0.4564 - val_loss: 2.2854 - val_acc: 0.2828
Current time ....3.523
Train on 600 samples, validate on 86 samples
Epoch 1/1

 10/600 [..............................] - ETA: 0s - loss: 0.4339 - acc: 1.0000
 70/600 [==>...........................] - ETA: 0s - loss: 0.4568 - acc: 0.9857
130/600 [=====>........................] - ETA: 0s - loss: 0.4268 - acc: 0.9769
190/600 [========>.....................] - ETA: 0s - loss: 0.4200 - acc: 0.9789
250/600 [===========>..................] - ETA: 0s - loss: 0.4129 - acc: 0.9720
310/600 [==============>...............] - ETA: 0s - loss: 0.4017 - acc: 0.9742
370/600 [=================>............] - ETA: 0s - loss: 0.3990 - acc: 0.9784
430/600 [====================>.........] - ETA: 0s - loss: 0.3904 - acc: 0.9814
490/600 [=======================>......] - ETA: 0s - loss: 0.3887 - acc: 0.9816
550/600 [==========================>...] - ETA: 0s - loss: 0.3830 - acc: 0.9836
600/600 [==============================] - 1s 923us/step - loss: 0.3773 - acc: 0.9833 - val_loss: 0.4109 - val_acc: 0.9186
Current time ....0.554
Train on 1200 samples, validate on 68 samples
Epoch 1/1

  10/1200 [..............................] - ETA: 1s - loss: 0.9644 - acc: 0.5000
  70/1200 [>.............................] - ETA: 1s - loss: 0.9362 - acc: 0.6714
 130/1200 [==>...........................] - ETA: 0s - loss: 0.9300 - acc: 0.6615
 190/1200 [===>..........................] - ETA: 0s - loss: 0.9371 - acc: 0.6474
 250/1200 [=====>........................] - ETA: 0s - loss: 0.9140 - acc: 0.6840
 310/1200 [======>.......................] - ETA: 0s - loss: 0.9174 - acc: 0.6806
 370/1200 [========>.....................] - ETA: 0s - loss: 0.9047 - acc: 0.6892
 430/1200 [=========>....................] - ETA: 0s - loss: 0.8916 - acc: 0.6977
 490/1200 [===========>..................] - ETA: 0s - loss: 0.8774 - acc: 0.7041
 550/1200 [============>.................] - ETA: 0s - loss: 0.8727 - acc: 0.7055
 610/1200 [==============>...............] - ETA: 0s - loss: 0.8586 - acc: 0.7197
 670/1200 [===============>..............] - ETA: 0s - loss: 0.8442 - acc: 0.7239
 730/1200 [=================>............] - ETA: 0s - loss: 0.8341 - acc: 0.7233
 790/1200 [==================>...........] - ETA: 0s - loss: 0.8237 - acc: 0.7203
 850/1200 [====================>.........] - ETA: 0s - loss: 0.8233 - acc: 0.7212
 910/1200 [=====================>........] - ETA: 0s - loss: 0.8190 - acc: 0.7242
 970/1200 [=======================>......] - ETA: 0s - loss: 0.8127 - acc: 0.7258
1030/1200 [========================>.....] - ETA: 0s - loss: 0.8094 - acc: 0.7320
1090/1200 [==========================>...] - ETA: 0s - loss: 0.8052 - acc: 0.7321
1150/1200 [===========================>..] - ETA: 0s - loss: 0.8040 - acc: 0.7313
1200/1200 [==============================] - 1s 900us/step - loss: 0.8010 - acc: 0.7308 - val_loss: 1.0106 - val_acc: 0.5147
Current time ....1.080
Train on 3900 samples, validate on 99 samples
Epoch 1/1

  10/3900 [..............................] - ETA: 3s - loss: 2.2974 - acc: 0.5000
  70/3900 [..............................] - ETA: 3s - loss: 2.2076 - acc: 0.5714
 130/3900 [>.............................] - ETA: 3s - loss: 2.2168 - acc: 0.5385
 190/3900 [>.............................] - ETA: 3s - loss: 2.2102 - acc: 0.4895
 250/3900 [>.............................] - ETA: 3s - loss: 2.2151 - acc: 0.4960
 310/3900 [=>............................] - ETA: 3s - loss: 2.2051 - acc: 0.4774
 370/3900 [=>............................] - ETA: 3s - loss: 2.2070 - acc: 0.4703
 430/3900 [==>...........................] - ETA: 3s - loss: 2.2042 - acc: 0.4605
 490/3900 [==>...........................] - ETA: 3s - loss: 2.1979 - acc: 0.4592
 550/3900 [===>..........................] - ETA: 3s - loss: 2.1955 - acc: 0.4582
 610/3900 [===>..........................] - ETA: 2s - loss: 2.1883 - acc: 0.4525
 670/3900 [====>.........................] - ETA: 2s - loss: 2.1885 - acc: 0.4478
 730/3900 [====>.........................] - ETA: 2s - loss: 2.1842 - acc: 0.4479
 790/3900 [=====>........................] - ETA: 2s - loss: 2.1812 - acc: 0.4481
 850/3900 [=====>........................] - ETA: 2s - loss: 2.1784 - acc: 0.4471
 910/3900 [======>.......................] - ETA: 2s - loss: 2.1757 - acc: 0.4440
 970/3900 [======>.......................] - ETA: 2s - loss: 2.1716 - acc: 0.4485
1030/3900 [======>.......................] - ETA: 2s - loss: 2.1680 - acc: 0.4544
1090/3900 [=======>......................] - ETA: 2s - loss: 2.1666 - acc: 0.4532
1150/3900 [=======>......................] - ETA: 2s - loss: 2.1610 - acc: 0.4565
1210/3900 [========>.....................] - ETA: 2s - loss: 2.1574 - acc: 0.4562
1270/3900 [========>.....................] - ETA: 2s - loss: 2.1539 - acc: 0.4535
1330/3900 [=========>....................] - ETA: 2s - loss: 2.1512 - acc: 0.4534
1390/3900 [=========>....................] - ETA: 2s - loss: 2.1486 - acc: 0.4532
1450/3900 [==========>...................] - ETA: 2s - loss: 2.1436 - acc: 0.4503
1510/3900 [==========>...................] - ETA: 2s - loss: 2.1399 - acc: 0.4503
1570/3900 [===========>..................] - ETA: 2s - loss: 2.1384 - acc: 0.4446
1630/3900 [===========>..................] - ETA: 2s - loss: 2.1336 - acc: 0.4411
1690/3900 [============>.................] - ETA: 2s - loss: 2.1308 - acc: 0.4414
1750/3900 [============>.................] - ETA: 1s - loss: 2.1253 - acc: 0.4406
1810/3900 [============>.................] - ETA: 1s - loss: 2.1217 - acc: 0.4376
1870/3900 [=============>................] - ETA: 1s - loss: 2.1192 - acc: 0.4342
1930/3900 [=============>................] - ETA: 1s - loss: 2.1145 - acc: 0.4337
1990/3900 [==============>...............] - ETA: 1s - loss: 2.1107 - acc: 0.4362
2050/3900 [==============>...............] - ETA: 1s - loss: 2.1071 - acc: 0.4376
2110/3900 [===============>..............] - ETA: 1s - loss: 2.1043 - acc: 0.4379
2170/3900 [===============>..............] - ETA: 1s - loss: 2.1011 - acc: 0.4378
2230/3900 [================>.............] - ETA: 1s - loss: 2.0972 - acc: 0.4390
2290/3900 [================>.............] - ETA: 1s - loss: 2.0944 - acc: 0.4376
2350/3900 [=================>............] - ETA: 1s - loss: 2.0900 - acc: 0.4370
2410/3900 [=================>............] - ETA: 1s - loss: 2.0863 - acc: 0.4402
2470/3900 [==================>...........] - ETA: 1s - loss: 2.0844 - acc: 0.4417
2530/3900 [==================>...........] - ETA: 1s - loss: 2.0793 - acc: 0.4451
2590/3900 [==================>...........] - ETA: 1s - loss: 2.0761 - acc: 0.4425
2650/3900 [===================>..........] - ETA: 1s - loss: 2.0737 - acc: 0.4408
2710/3900 [===================>..........] - ETA: 1s - loss: 2.0705 - acc: 0.4391
2770/3900 [====================>.........] - ETA: 1s - loss: 2.0671 - acc: 0.4383
2830/3900 [====================>.........] - ETA: 0s - loss: 2.0644 - acc: 0.4367
2890/3900 [=====================>........] - ETA: 0s - loss: 2.0622 - acc: 0.4339
2950/3900 [=====================>........] - ETA: 0s - loss: 2.0583 - acc: 0.4346
3010/3900 [======================>.......] - ETA: 0s - loss: 2.0555 - acc: 0.4336
3070/3900 [======================>.......] - ETA: 0s - loss: 2.0526 - acc: 0.4332
3130/3900 [=======================>......] - ETA: 0s - loss: 2.0496 - acc: 0.4316
3190/3900 [=======================>......] - ETA: 0s - loss: 2.0465 - acc: 0.4301
3250/3900 [========================>.....] - ETA: 0s - loss: 2.0445 - acc: 0.4280
3310/3900 [========================>.....] - ETA: 0s - loss: 2.0429 - acc: 0.4257
3370/3900 [========================>.....] - ETA: 0s - loss: 2.0400 - acc: 0.4252
3430/3900 [=========================>....] - ETA: 0s - loss: 2.0374 - acc: 0.4245
3490/3900 [=========================>....] - ETA: 0s - loss: 2.0343 - acc: 0.4246
3550/3900 [==========================>...] - ETA: 0s - loss: 2.0322 - acc: 0.4237
3610/3900 [==========================>...] - ETA: 0s - loss: 2.0298 - acc: 0.4238
3670/3900 [===========================>..] - ETA: 0s - loss: 2.0268 - acc: 0.4243
3730/3900 [===========================>..] - ETA: 0s - loss: 2.0239 - acc: 0.4244
3790/3900 [============================>.] - ETA: 0s - loss: 2.0205 - acc: 0.4259
3850/3900 [============================>.] - ETA: 0s - loss: 2.0177 - acc: 0.4252
3900/3900 [==============================] - 4s 910us/step - loss: 2.0160 - acc: 0.4254 - val_loss: 1.9593 - val_acc: 0.2929
Current time ....3.548
Train on 600 samples, validate on 86 samples
Epoch 1/1

 10/600 [..............................] - ETA: 0s - loss: 0.3207 - acc: 0.9000
 70/600 [==>...........................] - ETA: 0s - loss: 0.2956 - acc: 0.9714
130/600 [=====>........................] - ETA: 0s - loss: 0.2836 - acc: 0.9692
190/600 [========>.....................] - ETA: 0s - loss: 0.2634 - acc: 0.9789
250/600 [===========>..................] - ETA: 0s - loss: 0.2573 - acc: 0.9840
310/600 [==============>...............] - ETA: 0s - loss: 0.2497 - acc: 0.9871
370/600 [=================>............] - ETA: 0s - loss: 0.2481 - acc: 0.9865
430/600 [====================>.........] - ETA: 0s - loss: 0.2435 - acc: 0.9884
490/600 [=======================>......] - ETA: 0s - loss: 0.2382 - acc: 0.9857
550/600 [==========================>...] - ETA: 0s - loss: 0.2369 - acc: 0.9855
600/600 [==============================] - 1s 926us/step - loss: 0.2349 - acc: 0.9833 - val_loss: 0.3545 - val_acc: 0.9186
Current time ....0.556
Train on 1200 samples, validate on 68 samples
Epoch 1/1

  10/1200 [..............................] - ETA: 1s - loss: 0.6274 - acc: 1.0000
  70/1200 [>.............................] - ETA: 1s - loss: 0.6854 - acc: 0.8571
 130/1200 [==>...........................] - ETA: 0s - loss: 0.6401 - acc: 0.8462
 190/1200 [===>..........................] - ETA: 0s - loss: 0.6796 - acc: 0.8000
 250/1200 [=====>........................] - ETA: 0s - loss: 0.6533 - acc: 0.8200
 310/1200 [======>.......................] - ETA: 0s - loss: 0.6451 - acc: 0.8226
 370/1200 [========>.....................] - ETA: 0s - loss: 0.6313 - acc: 0.8189
 430/1200 [=========>....................] - ETA: 0s - loss: 0.6324 - acc: 0.8209
 490/1200 [===========>..................] - ETA: 0s - loss: 0.6350 - acc: 0.8102
 550/1200 [============>.................] - ETA: 0s - loss: 0.6327 - acc: 0.8145
 610/1200 [==============>...............] - ETA: 0s - loss: 0.6308 - acc: 0.8131
 670/1200 [===============>..............] - ETA: 0s - loss: 0.6256 - acc: 0.8179
 730/1200 [=================>............] - ETA: 0s - loss: 0.6160 - acc: 0.8205
 790/1200 [==================>...........] - ETA: 0s - loss: 0.6172 - acc: 0.8139
 850/1200 [====================>.........] - ETA: 0s - loss: 0.6157 - acc: 0.8106
 910/1200 [=====================>........] - ETA: 0s - loss: 0.6106 - acc: 0.8121
 970/1200 [=======================>......] - ETA: 0s - loss: 0.6008 - acc: 0.8144
1030/1200 [========================>.....] - ETA: 0s - loss: 0.5985 - acc: 0.8165
1090/1200 [==========================>...] - ETA: 0s - loss: 0.5900 - acc: 0.8229
1150/1200 [===========================>..] - ETA: 0s - loss: 0.5873 - acc: 0.8235
1200/1200 [==============================] - 1s 900us/step - loss: 0.5902 - acc: 0.8225 - val_loss: 0.8294 - val_acc: 0.5882
Current time ....1.081
Train on 3900 samples, validate on 99 samples
Epoch 1/1

  10/3900 [..............................] - ETA: 4s - loss: 1.8636 - acc: 0.4000
  70/3900 [..............................] - ETA: 3s - loss: 1.8508 - acc: 0.4571
 130/3900 [>.............................] - ETA: 3s - loss: 1.8604 - acc: 0.4154
 190/3900 [>.............................] - ETA: 3s - loss: 1.8555 - acc: 0.3789
 250/3900 [>.............................] - ETA: 3s - loss: 1.8339 - acc: 0.3960
 310/3900 [=>............................] - ETA: 3s - loss: 1.8411 - acc: 0.3806
 370/3900 [=>............................] - ETA: 3s - loss: 1.8291 - acc: 0.3811
 430/3900 [==>...........................] - ETA: 3s - loss: 1.8363 - acc: 0.3860
 490/3900 [==>...........................] - ETA: 3s - loss: 1.8429 - acc: 0.3735
 550/3900 [===>..........................] - ETA: 3s - loss: 1.8425 - acc: 0.3764
 610/3900 [===>..........................] - ETA: 2s - loss: 1.8423 - acc: 0.3787
 670/3900 [====>.........................] - ETA: 2s - loss: 1.8478 - acc: 0.3716
 730/3900 [====>.........................] - ETA: 2s - loss: 1.8419 - acc: 0.3712
 790/3900 [=====>........................] - ETA: 2s - loss: 1.8395 - acc: 0.3823
 850/3900 [=====>........................] - ETA: 2s - loss: 1.8391 - acc: 0.3918
 910/3900 [======>.......................] - ETA: 2s - loss: 1.8390 - acc: 0.4000
 970/3900 [======>.......................] - ETA: 2s - loss: 1.8383 - acc: 0.4062
1030/3900 [======>.......................] - ETA: 2s - loss: 1.8404 - acc: 0.4019
1090/3900 [=======>......................] - ETA: 2s - loss: 1.8378 - acc: 0.4055
1150/3900 [=======>......................] - ETA: 2s - loss: 1.8368 - acc: 0.4087
1210/3900 [========>.....................] - ETA: 2s - loss: 1.8327 - acc: 0.4132
1270/3900 [========>.....................] - ETA: 2s - loss: 1.8322 - acc: 0.4150
1330/3900 [=========>....................] - ETA: 2s - loss: 1.8287 - acc: 0.4120
1390/3900 [=========>....................] - ETA: 2s - loss: 1.8288 - acc: 0.4086
1450/3900 [==========>...................] - ETA: 2s - loss: 1.8302 - acc: 0.4041
1510/3900 [==========>...................] - ETA: 2s - loss: 1.8245 - acc: 0.4086
1570/3900 [===========>..................] - ETA: 2s - loss: 1.8207 - acc: 0.4070
1630/3900 [===========>..................] - ETA: 2s - loss: 1.8203 - acc: 0.4055
1690/3900 [============>.................] - ETA: 1s - loss: 1.8191 - acc: 0.4071
1750/3900 [============>.................] - ETA: 1s - loss: 1.8166 - acc: 0.4109
1810/3900 [============>.................] - ETA: 1s - loss: 1.8158 - acc: 0.4116
1870/3900 [=============>................] - ETA: 1s - loss: 1.8151 - acc: 0.4139
1930/3900 [=============>................] - ETA: 1s - loss: 1.8140 - acc: 0.4161
1990/3900 [==============>...............] - ETA: 1s - loss: 1.8116 - acc: 0.4176
2050/3900 [==============>...............] - ETA: 1s - loss: 1.8103 - acc: 0.4234
2110/3900 [===============>..............] - ETA: 1s - loss: 1.8097 - acc: 0.4246
2170/3900 [===============>..............] - ETA: 1s - loss: 1.8092 - acc: 0.4295
2230/3900 [================>.............] - ETA: 1s - loss: 1.8067 - acc: 0.4327
2290/3900 [================>.............] - ETA: 1s - loss: 1.8046 - acc: 0.4306
2350/3900 [=================>............] - ETA: 1s - loss: 1.8024 - acc: 0.4319
2410/3900 [=================>............] - ETA: 1s - loss: 1.7994 - acc: 0.4315
2470/3900 [==================>...........] - ETA: 1s - loss: 1.7992 - acc: 0.4291
2530/3900 [==================>...........] - ETA: 1s - loss: 1.7980 - acc: 0.4281
2590/3900 [==================>...........] - ETA: 1s - loss: 1.7954 - acc: 0.4301
2650/3900 [===================>..........] - ETA: 1s - loss: 1.7936 - acc: 0.4313
2710/3900 [===================>..........] - ETA: 1s - loss: 1.7915 - acc: 0.4339
2770/3900 [====================>.........] - ETA: 1s - loss: 1.7898 - acc: 0.4336
2830/3900 [====================>.........] - ETA: 0s - loss: 1.7871 - acc: 0.4385
2890/3900 [=====================>........] - ETA: 0s - loss: 1.7849 - acc: 0.4408
2950/3900 [=====================>........] - ETA: 0s - loss: 1.7810 - acc: 0.4441
3010/3900 [======================>.......] - ETA: 0s - loss: 1.7781 - acc: 0.4439
3070/3900 [======================>.......] - ETA: 0s - loss: 1.7753 - acc: 0.4456
3130/3900 [=======================>......] - ETA: 0s - loss: 1.7743 - acc: 0.4447
3190/3900 [=======================>......] - ETA: 0s - loss: 1.7731 - acc: 0.4451
3250/3900 [========================>.....] - ETA: 0s - loss: 1.7726 - acc: 0.4434
3310/3900 [========================>.....] - ETA: 0s - loss: 1.7712 - acc: 0.4438
3370/3900 [========================>.....] - ETA: 0s - loss: 1.7701 - acc: 0.4430
3430/3900 [=========================>....] - ETA: 0s - loss: 1.7672 - acc: 0.4443
3490/3900 [=========================>....] - ETA: 0s - loss: 1.7651 - acc: 0.4447
3550/3900 [==========================>...] - ETA: 0s - loss: 1.7650 - acc: 0.4437
3610/3900 [==========================>...] - ETA: 0s - loss: 1.7628 - acc: 0.4465
3670/3900 [===========================>..] - ETA: 0s - loss: 1.7602 - acc: 0.4485
3730/3900 [===========================>..] - ETA: 0s - loss: 1.7600 - acc: 0.4480
3790/3900 [============================>.] - ETA: 0s - loss: 1.7575 - acc: 0.4488
3850/3900 [============================>.] - ETA: 0s - loss: 1.7554 - acc: 0.4506
3900/3900 [==============================] - 4s 910us/step - loss: 1.7548 - acc: 0.4508 - val_loss: 1.7767 - val_acc: 0.5152
Current time ....3.550
Train on 600 samples, validate on 86 samples
Epoch 1/1

 10/600 [..............................] - ETA: 0s - loss: 0.1605 - acc: 1.0000
 70/600 [==>...........................] - ETA: 0s - loss: 0.1838 - acc: 1.0000
130/600 [=====>........................] - ETA: 0s - loss: 0.1692 - acc: 0.9923
190/600 [========>.....................] - ETA: 0s - loss: 0.1686 - acc: 0.9947
250/600 [===========>..................] - ETA: 0s - loss: 0.1613 - acc: 0.9920
310/600 [==============>...............] - ETA: 0s - loss: 0.1592 - acc: 0.9935
370/600 [=================>............] - ETA: 0s - loss: 0.1559 - acc: 0.9946
430/600 [====================>.........] - ETA: 0s - loss: 0.1527 - acc: 0.9930
490/600 [=======================>......] - ETA: 0s - loss: 0.1481 - acc: 0.9939
550/600 [==========================>...] - ETA: 0s - loss: 0.1478 - acc: 0.9909
600/600 [==============================] - 1s 923us/step - loss: 0.1496 - acc: 0.9883 - val_loss: 0.3940 - val_acc: 0.9302
Current time ....0.554
Train on 1200 samples, validate on 68 samples
Epoch 1/1

  10/1200 [..............................] - ETA: 1s - loss: 0.3581 - acc: 1.0000
  70/1200 [>.............................] - ETA: 0s - loss: 0.4840 - acc: 0.8429
 130/1200 [==>...........................] - ETA: 0s - loss: 0.4748 - acc: 0.8615
 190/1200 [===>..........................] - ETA: 0s - loss: 0.4880 - acc: 0.8526
 250/1200 [=====>........................] - ETA: 0s - loss: 0.5062 - acc: 0.8280
 310/1200 [======>.......................] - ETA: 0s - loss: 0.5037 - acc: 0.8290
 370/1200 [========>.....................] - ETA: 0s - loss: 0.4975 - acc: 0.8378
 430/1200 [=========>....................] - ETA: 0s - loss: 0.4900 - acc: 0.8419
 490/1200 [===========>..................] - ETA: 0s - loss: 0.4744 - acc: 0.8531
 550/1200 [============>.................] - ETA: 0s - loss: 0.4687 - acc: 0.8564
 610/1200 [==============>...............] - ETA: 0s - loss: 0.4683 - acc: 0.8557
 670/1200 [===============>..............] - ETA: 0s - loss: 0.4737 - acc: 0.8507
 730/1200 [=================>............] - ETA: 0s - loss: 0.4739 - acc: 0.8507
 790/1200 [==================>...........] - ETA: 0s - loss: 0.4692 - acc: 0.8519
 850/1200 [====================>.........] - ETA: 0s - loss: 0.4591 - acc: 0.8588
 910/1200 [=====================>........] - ETA: 0s - loss: 0.4571 - acc: 0.8593
 970/1200 [=======================>......] - ETA: 0s - loss: 0.4510 - acc: 0.8629
1030/1200 [========================>.....] - ETA: 0s - loss: 0.4436 - acc: 0.8660
1090/1200 [==========================>...] - ETA: 0s - loss: 0.4359 - acc: 0.8725
1150/1200 [===========================>..] - ETA: 0s - loss: 0.4385 - acc: 0.8696
1200/1200 [==============================] - 1s 903us/step - loss: 0.4336 - acc: 0.8717 - val_loss: 0.9360 - val_acc: 0.6324
Current time ....1.083
Train on 3900 samples, validate on 99 samples
Epoch 1/1

  10/3900 [..............................] - ETA: 3s - loss: 1.4423 - acc: 0.4000
  70/3900 [..............................] - ETA: 3s - loss: 1.5853 - acc: 0.5000
 130/3900 [>.............................] - ETA: 3s - loss: 1.5966 - acc: 0.5231
 190/3900 [>.............................] - ETA: 3s - loss: 1.6137 - acc: 0.5053
 250/3900 [>.............................] - ETA: 3s - loss: 1.6217 - acc: 0.4840
 310/3900 [=>............................] - ETA: 3s - loss: 1.6255 - acc: 0.4645
 370/3900 [=>............................] - ETA: 3s - loss: 1.6426 - acc: 0.4324
 430/3900 [==>...........................] - ETA: 3s - loss: 1.6413 - acc: 0.4326
 490/3900 [==>...........................] - ETA: 3s - loss: 1.6446 - acc: 0.4306
 550/3900 [===>..........................] - ETA: 3s - loss: 1.6359 - acc: 0.4455
 610/3900 [===>..........................] - ETA: 2s - loss: 1.6334 - acc: 0.4541
 670/3900 [====>.........................] - ETA: 2s - loss: 1.6333 - acc: 0.4597
 730/3900 [====>.........................] - ETA: 2s - loss: 1.6342 - acc: 0.4644
 790/3900 [=====>........................] - ETA: 2s - loss: 1.6299 - acc: 0.4684
 850/3900 [=====>........................] - ETA: 2s - loss: 1.6280 - acc: 0.4729
 910/3900 [======>.......................] - ETA: 2s - loss: 1.6352 - acc: 0.4626
 970/3900 [======>.......................] - ETA: 2s - loss: 1.6312 - acc: 0.4639
1030/3900 [======>.......................] - ETA: 2s - loss: 1.6316 - acc: 0.4612
1090/3900 [=======>......................] - ETA: 2s - loss: 1.6315 - acc: 0.4569
1150/3900 [=======>......................] - ETA: 2s - loss: 1.6318 - acc: 0.4548
1210/3900 [========>.....................] - ETA: 2s - loss: 1.6278 - acc: 0.4612
1270/3900 [========>.....................] - ETA: 2s - loss: 1.6227 - acc: 0.4638
1330/3900 [=========>....................] - ETA: 2s - loss: 1.6221 - acc: 0.4669
1390/3900 [=========>....................] - ETA: 2s - loss: 1.6201 - acc: 0.4698
1450/3900 [==========>...................] - ETA: 2s - loss: 1.6184 - acc: 0.4745
1510/3900 [==========>...................] - ETA: 2s - loss: 1.6161 - acc: 0.4795
1570/3900 [===========>..................] - ETA: 2s - loss: 1.6154 - acc: 0.4803
1630/3900 [===========>..................] - ETA: 2s - loss: 1.6151 - acc: 0.4834
1690/3900 [============>.................] - ETA: 1s - loss: 1.6147 - acc: 0.4840
1750/3900 [============>.................] - ETA: 1s - loss: 1.6159 - acc: 0.4851
1810/3900 [============>.................] - ETA: 1s - loss: 1.6146 - acc: 0.4878
1870/3900 [=============>................] - ETA: 1s - loss: 1.6100 - acc: 0.4904
1930/3900 [=============>................] - ETA: 1s - loss: 1.6063 - acc: 0.4948
1990/3900 [==============>...............] - ETA: 1s - loss: 1.6062 - acc: 0.4975
2050/3900 [==============>...............] - ETA: 1s - loss: 1.6070 - acc: 0.4956
2110/3900 [===============>..............] - ETA: 1s - loss: 1.6042 - acc: 0.4976
2170/3900 [===============>..............] - ETA: 1s - loss: 1.6044 - acc: 0.4945
2230/3900 [================>.............] - ETA: 1s - loss: 1.6028 - acc: 0.4946
2290/3900 [================>.............] - ETA: 1s - loss: 1.6016 - acc: 0.4961
2350/3900 [=================>............] - ETA: 1s - loss: 1.5995 - acc: 0.4966
2410/3900 [=================>............] - ETA: 1s - loss: 1.5981 - acc: 0.4963
2470/3900 [==================>...........] - ETA: 1s - loss: 1.5919 - acc: 0.4996
2530/3900 [==================>...........] - ETA: 1s - loss: 1.5888 - acc: 0.5020
2590/3900 [==================>...........] - ETA: 1s - loss: 1.5868 - acc: 0.5023
2650/3900 [===================>..........] - ETA: 1s - loss: 1.5866 - acc: 0.4996
2710/3900 [===================>..........] - ETA: 1s - loss: 1.5858 - acc: 0.5000
2770/3900 [====================>.........] - ETA: 1s - loss: 1.5828 - acc: 0.5040
2830/3900 [====================>.........] - ETA: 0s - loss: 1.5835 - acc: 0.5025
2890/3900 [=====================>........] - ETA: 0s - loss: 1.5810 - acc: 0.5024
2950/3900 [=====================>........] - ETA: 0s - loss: 1.5785 - acc: 0.5044
3010/3900 [======================>.......] - ETA: 0s - loss: 1.5783 - acc: 0.5050
3070/3900 [======================>.......] - ETA: 0s - loss: 1.5756 - acc: 0.5072
3130/3900 [=======================>......] - ETA: 0s - loss: 1.5735 - acc: 0.5096
3190/3900 [=======================>......] - ETA: 0s - loss: 1.5696 - acc: 0.5129
3250/3900 [========================>.....] - ETA: 0s - loss: 1.5692 - acc: 0.5120
3310/3900 [========================>.....] - ETA: 0s - loss: 1.5657 - acc: 0.5136
3370/3900 [========================>.....] - ETA: 0s - loss: 1.5619 - acc: 0.5166
3430/3900 [=========================>....] - ETA: 0s - loss: 1.5612 - acc: 0.5163
3490/3900 [=========================>....] - ETA: 0s - loss: 1.5577 - acc: 0.5178
3550/3900 [==========================>...] - ETA: 0s - loss: 1.5557 - acc: 0.5186
3610/3900 [==========================>...] - ETA: 0s - loss: 1.5568 - acc: 0.5169
3670/3900 [===========================>..] - ETA: 0s - loss: 1.5562 - acc: 0.5166
3730/3900 [===========================>..] - ETA: 0s - loss: 1.5556 - acc: 0.5177
3790/3900 [============================>.] - ETA: 0s - loss: 1.5529 - acc: 0.5190
3850/3900 [============================>.] - ETA: 0s - loss: 1.5536 - acc: 0.5187
3900/3900 [==============================] - 4s 906us/step - loss: 1.5532 - acc: 0.5185 - val_loss: 1.7443 - val_acc: 0.4040
Current time ....3.535
Train on 600 samples, validate on 86 samples
Epoch 1/1

 10/600 [..............................] - ETA: 0s - loss: 0.1776 - acc: 1.0000
 70/600 [==>...........................] - ETA: 0s - loss: 0.1692 - acc: 0.9857
130/600 [=====>........................] - ETA: 0s - loss: 0.1332 - acc: 0.9923
190/600 [========>.....................] - ETA: 0s - loss: 0.1252 - acc: 0.9947
250/600 [===========>..................] - ETA: 0s - loss: 0.1236 - acc: 0.9920
310/600 [==============>...............] - ETA: 0s - loss: 0.1247 - acc: 0.9871
370/600 [=================>............] - ETA: 0s - loss: 0.1157 - acc: 0.9892
430/600 [====================>.........] - ETA: 0s - loss: 0.1126 - acc: 0.9884
490/600 [=======================>......] - ETA: 0s - loss: 0.1067 - acc: 0.9898
550/600 [==========================>...] - ETA: 0s - loss: 0.1020 - acc: 0.9909
600/600 [==============================] - 1s 931us/step - loss: 0.1027 - acc: 0.9883 - val_loss: 0.3729 - val_acc: 0.9302
Current time ....0.559
Train on 1200 samples, validate on 68 samples
Epoch 1/1

  10/1200 [..............................] - ETA: 1s - loss: 0.5102 - acc: 0.8000
  70/1200 [>.............................] - ETA: 1s - loss: 0.3232 - acc: 0.8857
 130/1200 [==>...........................] - ETA: 0s - loss: 0.3443 - acc: 0.8769
 190/1200 [===>..........................] - ETA: 0s - loss: 0.3537 - acc: 0.8895
 250/1200 [=====>........................] - ETA: 0s - loss: 0.3487 - acc: 0.8920
 310/1200 [======>.......................] - ETA: 0s - loss: 0.3468 - acc: 0.8968
 370/1200 [========>.....................] - ETA: 0s - loss: 0.3429 - acc: 0.8946
 430/1200 [=========>....................] - ETA: 0s - loss: 0.3493 - acc: 0.9000
 490/1200 [===========>..................] - ETA: 0s - loss: 0.3387 - acc: 0.9041
 550/1200 [============>.................] - ETA: 0s - loss: 0.3452 - acc: 0.9036
 610/1200 [==============>...............] - ETA: 0s - loss: 0.3375 - acc: 0.9049
 670/1200 [===============>..............] - ETA: 0s - loss: 0.3420 - acc: 0.9000
 730/1200 [=================>............] - ETA: 0s - loss: 0.3437 - acc: 0.9014
 790/1200 [==================>...........] - ETA: 0s - loss: 0.3356 - acc: 0.9051
 850/1200 [====================>.........] - ETA: 0s - loss: 0.3306 - acc: 0.9094
 910/1200 [=====================>........] - ETA: 0s - loss: 0.3287 - acc: 0.9110
 970/1200 [=======================>......] - ETA: 0s - loss: 0.3255 - acc: 0.9124
1030/1200 [========================>.....] - ETA: 0s - loss: 0.3233 - acc: 0.9126
1090/1200 [==========================>...] - ETA: 0s - loss: 0.3193 - acc: 0.9165
1150/1200 [===========================>..] - ETA: 0s - loss: 0.3180 - acc: 0.9174
1200/1200 [==============================] - 1s 905us/step - loss: 0.3181 - acc: 0.9158 - val_loss: 0.7376 - val_acc: 0.7206
Current time ....1.086
Train on 3900 samples, validate on 99 samples
Epoch 1/1

  10/3900 [..............................] - ETA: 3s - loss: 1.3195 - acc: 0.5000
  70/3900 [..............................] - ETA: 3s - loss: 1.3797 - acc: 0.6000
 130/3900 [>.............................] - ETA: 3s - loss: 1.4003 - acc: 0.6154
 190/3900 [>.............................] - ETA: 3s - loss: 1.4161 - acc: 0.5895
 250/3900 [>.............................] - ETA: 3s - loss: 1.4038 - acc: 0.5880
 310/3900 [=>............................] - ETA: 3s - loss: 1.3899 - acc: 0.5774
 370/3900 [=>............................] - ETA: 3s - loss: 1.3687 - acc: 0.5811
 430/3900 [==>...........................] - ETA: 3s - loss: 1.3712 - acc: 0.5698
 490/3900 [==>...........................] - ETA: 3s - loss: 1.3762 - acc: 0.5694
 550/3900 [===>..........................] - ETA: 3s - loss: 1.3855 - acc: 0.5673
 610/3900 [===>..........................] - ETA: 2s - loss: 1.3918 - acc: 0.5656
 670/3900 [====>.........................] - ETA: 2s - loss: 1.3895 - acc: 0.5746
 730/3900 [====>.........................] - ETA: 2s - loss: 1.3950 - acc: 0.5699
 790/3900 [=====>........................] - ETA: 2s - loss: 1.3952 - acc: 0.5696
 850/3900 [=====>........................] - ETA: 2s - loss: 1.4078 - acc: 0.5612
 910/3900 [======>.......................] - ETA: 2s - loss: 1.4045 - acc: 0.5659
 970/3900 [======>.......................] - ETA: 2s - loss: 1.4085 - acc: 0.5598
1030/3900 [======>.......................] - ETA: 2s - loss: 1.4005 - acc: 0.5621
1090/3900 [=======>......................] - ETA: 2s - loss: 1.4010 - acc: 0.5642
1150/3900 [=======>......................] - ETA: 2s - loss: 1.4010 - acc: 0.5652
1210/3900 [========>.....................] - ETA: 2s - loss: 1.4012 - acc: 0.5636
1270/3900 [========>.....................] - ETA: 2s - loss: 1.4007 - acc: 0.5614
1330/3900 [=========>....................] - ETA: 2s - loss: 1.4055 - acc: 0.5579
1390/3900 [=========>....................] - ETA: 2s - loss: 1.4050 - acc: 0.5576
1450/3900 [==========>...................] - ETA: 2s - loss: 1.4073 - acc: 0.5593
1510/3900 [==========>...................] - ETA: 2s - loss: 1.4074 - acc: 0.5589
1570/3900 [===========>..................] - ETA: 2s - loss: 1.4038 - acc: 0.5605
1630/3900 [===========>..................] - ETA: 2s - loss: 1.3999 - acc: 0.5632
1690/3900 [============>.................] - ETA: 1s - loss: 1.4019 - acc: 0.5598
1750/3900 [============>.................] - ETA: 1s - loss: 1.3998 - acc: 0.5646
1810/3900 [============>.................] - ETA: 1s - loss: 1.3960 - acc: 0.5663
1870/3900 [=============>................] - ETA: 1s - loss: 1.3986 - acc: 0.5647
1930/3900 [=============>................] - ETA: 1s - loss: 1.3940 - acc: 0.5648
1990/3900 [==============>...............] - ETA: 1s - loss: 1.3888 - acc: 0.5668
2050/3900 [==============>...............] - ETA: 1s - loss: 1.3882 - acc: 0.5668
2110/3900 [===============>..............] - ETA: 1s - loss: 1.3817 - acc: 0.5701
2170/3900 [===============>..............] - ETA: 1s - loss: 1.3818 - acc: 0.5677
2230/3900 [================>.............] - ETA: 1s - loss: 1.3818 - acc: 0.5677
2290/3900 [================>.............] - ETA: 1s - loss: 1.3794 - acc: 0.5681
2350/3900 [=================>............] - ETA: 1s - loss: 1.3762 - acc: 0.5711
2410/3900 [=================>............] - ETA: 1s - loss: 1.3774 - acc: 0.5689
2470/3900 [==================>...........] - ETA: 1s - loss: 1.3760 - acc: 0.5688
2530/3900 [==================>...........] - ETA: 1s - loss: 1.3707 - acc: 0.5711
2590/3900 [==================>...........] - ETA: 1s - loss: 1.3691 - acc: 0.5726
2650/3900 [===================>..........] - ETA: 1s - loss: 1.3628 - acc: 0.5751
2710/3900 [===================>..........] - ETA: 1s - loss: 1.3624 - acc: 0.5753
2770/3900 [====================>.........] - ETA: 1s - loss: 1.3584 - acc: 0.5776
2830/3900 [====================>.........] - ETA: 0s - loss: 1.3555 - acc: 0.5799
2890/3900 [=====================>........] - ETA: 0s - loss: 1.3525 - acc: 0.5820
2950/3900 [=====================>........] - ETA: 0s - loss: 1.3515 - acc: 0.5824
3010/3900 [======================>.......] - ETA: 0s - loss: 1.3469 - acc: 0.5847
3070/3900 [======================>.......] - ETA: 0s - loss: 1.3457 - acc: 0.5837
3130/3900 [=======================>......] - ETA: 0s - loss: 1.3446 - acc: 0.5827
3190/3900 [=======================>......] - ETA: 0s - loss: 1.3441 - acc: 0.5831
3250/3900 [========================>.....] - ETA: 0s - loss: 1.3416 - acc: 0.5840
3310/3900 [========================>.....] - ETA: 0s - loss: 1.3373 - acc: 0.5855
3370/3900 [========================>.....] - ETA: 0s - loss: 1.3369 - acc: 0.5861
3430/3900 [=========================>....] - ETA: 0s - loss: 1.3356 - acc: 0.5872
3490/3900 [=========================>....] - ETA: 0s - loss: 1.3366 - acc: 0.5862
3550/3900 [==========================>...] - ETA: 0s - loss: 1.3324 - acc: 0.5887
3610/3900 [==========================>...] - ETA: 0s - loss: 1.3301 - acc: 0.5895
3670/3900 [===========================>..] - ETA: 0s - loss: 1.3274 - acc: 0.5916
3730/3900 [===========================>..] - ETA: 0s - loss: 1.3277 - acc: 0.5909
3790/3900 [============================>.] - ETA: 0s - loss: 1.3279 - acc: 0.5905
3850/3900 [============================>.] - ETA: 0s - loss: 1.3238 - acc: 0.5922
3900/3900 [==============================] - 4s 910us/step - loss: 1.3227 - acc: 0.5923 - val_loss: 1.7384 - val_acc: 0.3636
Current time ....3.548
Train on 600 samples, validate on 86 samples
Epoch 1/1

 10/600 [..............................] - ETA: 0s - loss: 0.0752 - acc: 1.0000
 70/600 [==>...........................] - ETA: 0s - loss: 0.0837 - acc: 0.9857
130/600 [=====>........................] - ETA: 0s - loss: 0.0886 - acc: 0.9923
190/600 [========>.....................] - ETA: 0s - loss: 0.0891 - acc: 0.9947
250/600 [===========>..................] - ETA: 0s - loss: 0.0881 - acc: 0.9920
310/600 [==============>...............] - ETA: 0s - loss: 0.0838 - acc: 0.9935
370/600 [=================>............] - ETA: 0s - loss: 0.0799 - acc: 0.9946
430/600 [====================>.........] - ETA: 0s - loss: 0.0768 - acc: 0.9953
490/600 [=======================>......] - ETA: 0s - loss: 0.0729 - acc: 0.9959
550/600 [==========================>...] - ETA: 0s - loss: 0.0720 - acc: 0.9964
600/600 [==============================] - 1s 923us/step - loss: 0.0719 - acc: 0.9950 - val_loss: 0.4196 - val_acc: 0.9186
Current time ....0.554
Train on 1200 samples, validate on 68 samples
Epoch 1/1

  10/1200 [..............................] - ETA: 1s - loss: 0.2164 - acc: 1.0000
  70/1200 [>.............................] - ETA: 1s - loss: 0.2262 - acc: 0.9714
 130/1200 [==>...........................] - ETA: 0s - loss: 0.2607 - acc: 0.9462
 190/1200 [===>..........................] - ETA: 0s - loss: 0.2675 - acc: 0.9526
 250/1200 [=====>........................] - ETA: 0s - loss: 0.2675 - acc: 0.9520
 310/1200 [======>.......................] - ETA: 0s - loss: 0.2618 - acc: 0.9484
 370/1200 [========>.....................] - ETA: 0s - loss: 0.2524 - acc: 0.9459
 430/1200 [=========>....................] - ETA: 0s - loss: 0.2392 - acc: 0.9535
 490/1200 [===========>..................] - ETA: 0s - loss: 0.2384 - acc: 0.9510
 550/1200 [============>.................] - ETA: 0s - loss: 0.2365 - acc: 0.9527
 610/1200 [==============>...............] - ETA: 0s - loss: 0.2334 - acc: 0.9541
 670/1200 [===============>..............] - ETA: 0s - loss: 0.2296 - acc: 0.9567
 730/1200 [=================>............] - ETA: 0s - loss: 0.2317 - acc: 0.9548
 790/1200 [==================>...........] - ETA: 0s - loss: 0.2343 - acc: 0.9532
 850/1200 [====================>.........] - ETA: 0s - loss: 0.2295 - acc: 0.9529
 910/1200 [=====================>........] - ETA: 0s - loss: 0.2248 - acc: 0.9538
 970/1200 [=======================>......] - ETA: 0s - loss: 0.2264 - acc: 0.9495
1030/1200 [========================>.....] - ETA: 0s - loss: 0.2228 - acc: 0.9524
1090/1200 [==========================>...] - ETA: 0s - loss: 0.2242 - acc: 0.9495
1150/1200 [===========================>..] - ETA: 0s - loss: 0.2235 - acc: 0.9504
1200/1200 [==============================] - 1s 911us/step - loss: 0.2275 - acc: 0.9475 - val_loss: 1.2946 - val_acc: 0.6324
Current time ....1.094
Train on 3900 samples, validate on 99 samples
Epoch 1/1

  10/3900 [..............................] - ETA: 3s - loss: 1.0644 - acc: 0.8000
  70/3900 [..............................] - ETA: 3s - loss: 1.1196 - acc: 0.6143
 130/3900 [>.............................] - ETA: 3s - loss: 1.1711 - acc: 0.5923
 190/3900 [>.............................] - ETA: 3s - loss: 1.1730 - acc: 0.6263
 250/3900 [>.............................] - ETA: 3s - loss: 1.1335 - acc: 0.6400
 310/3900 [=>............................] - ETA: 3s - loss: 1.1781 - acc: 0.6323
 370/3900 [=>............................] - ETA: 3s - loss: 1.1555 - acc: 0.6486
 430/3900 [==>...........................] - ETA: 3s - loss: 1.1620 - acc: 0.6395
 490/3900 [==>...........................] - ETA: 3s - loss: 1.1736 - acc: 0.6306
 540/3900 [===>..........................] - ETA: 3s - loss: 1.1674 - acc: 0.6333
 600/3900 [===>..........................] - ETA: 3s - loss: 1.1807 - acc: 0.6267
 660/3900 [====>.........................] - ETA: 2s - loss: 1.1794 - acc: 0.6258
 720/3900 [====>.........................] - ETA: 2s - loss: 1.1787 - acc: 0.6236
 780/3900 [=====>........................] - ETA: 2s - loss: 1.1792 - acc: 0.6244
 840/3900 [=====>........................] - ETA: 2s - loss: 1.1586 - acc: 0.6357
 900/3900 [=====>........................] - ETA: 2s - loss: 1.1629 - acc: 0.6322
 960/3900 [======>.......................] - ETA: 2s - loss: 1.1598 - acc: 0.6365
1020/3900 [======>.......................] - ETA: 2s - loss: 1.1634 - acc: 0.6333
1080/3900 [=======>......................] - ETA: 2s - loss: 1.1611 - acc: 0.6343
1140/3900 [=======>......................] - ETA: 2s - loss: 1.1504 - acc: 0.6386
1200/3900 [========>.....................] - ETA: 2s - loss: 1.1482 - acc: 0.6383
1260/3900 [========>.....................] - ETA: 2s - loss: 1.1452 - acc: 0.6397
1320/3900 [=========>....................] - ETA: 2s - loss: 1.1406 - acc: 0.6386
1380/3900 [=========>....................] - ETA: 2s - loss: 1.1347 - acc: 0.6399
1440/3900 [==========>...................] - ETA: 2s - loss: 1.1313 - acc: 0.6424
1500/3900 [==========>...................] - ETA: 2s - loss: 1.1291 - acc: 0.6453
1560/3900 [===========>..................] - ETA: 2s - loss: 1.1341 - acc: 0.6423
1620/3900 [===========>..................] - ETA: 2s - loss: 1.1360 - acc: 0.6407
1680/3900 [===========>..................] - ETA: 2s - loss: 1.1413 - acc: 0.6393
1740/3900 [============>.................] - ETA: 1s - loss: 1.1448 - acc: 0.6374
1800/3900 [============>.................] - ETA: 1s - loss: 1.1366 - acc: 0.6400
1860/3900 [=============>................] - ETA: 1s - loss: 1.1345 - acc: 0.6414
1920/3900 [=============>................] - ETA: 1s - loss: 1.1307 - acc: 0.6432
1980/3900 [==============>...............] - ETA: 1s - loss: 1.1281 - acc: 0.6444
2040/3900 [==============>...............] - ETA: 1s - loss: 1.1313 - acc: 0.6441
2100/3900 [===============>..............] - ETA: 1s - loss: 1.1302 - acc: 0.6448
2160/3900 [===============>..............] - ETA: 1s - loss: 1.1269 - acc: 0.6486
2220/3900 [================>.............] - ETA: 1s - loss: 1.1269 - acc: 0.6477
2280/3900 [================>.............] - ETA: 1s - loss: 1.1259 - acc: 0.6500
2340/3900 [=================>............] - ETA: 1s - loss: 1.1274 - acc: 0.6487
2400/3900 [=================>............] - ETA: 1s - loss: 1.1238 - acc: 0.6483
2460/3900 [=================>............] - ETA: 1s - loss: 1.1203 - acc: 0.6496
2520/3900 [==================>...........] - ETA: 1s - loss: 1.1220 - acc: 0.6496
2580/3900 [==================>...........] - ETA: 1s - loss: 1.1245 - acc: 0.6473
2640/3900 [===================>..........] - ETA: 1s - loss: 1.1241 - acc: 0.6451
2700/3900 [===================>..........] - ETA: 1s - loss: 1.1267 - acc: 0.6448
2760/3900 [====================>.........] - ETA: 1s - loss: 1.1277 - acc: 0.6442
2820/3900 [====================>.........] - ETA: 0s - loss: 1.1259 - acc: 0.6447
2880/3900 [=====================>........] - ETA: 0s - loss: 1.1221 - acc: 0.6455
2940/3900 [=====================>........] - ETA: 0s - loss: 1.1199 - acc: 0.6480
3000/3900 [======================>.......] - ETA: 0s - loss: 1.1200 - acc: 0.6477
3060/3900 [======================>.......] - ETA: 0s - loss: 1.1167 - acc: 0.6487
3120/3900 [=======================>......] - ETA: 0s - loss: 1.1161 - acc: 0.6481
3180/3900 [=======================>......] - ETA: 0s - loss: 1.1132 - acc: 0.6491
3240/3900 [=======================>......] - ETA: 0s - loss: 1.1148 - acc: 0.6497
3300/3900 [========================>.....] - ETA: 0s - loss: 1.1118 - acc: 0.6512
3360/3900 [========================>.....] - ETA: 0s - loss: 1.1081 - acc: 0.6527
3420/3900 [=========================>....] - ETA: 0s - loss: 1.1077 - acc: 0.6529
3480/3900 [=========================>....] - ETA: 0s - loss: 1.1050 - acc: 0.6537
3540/3900 [==========================>...] - ETA: 0s - loss: 1.1035 - acc: 0.6537
3600/3900 [==========================>...] - ETA: 0s - loss: 1.1022 - acc: 0.6542
3660/3900 [===========================>..] - ETA: 0s - loss: 1.0985 - acc: 0.6546
3720/3900 [===========================>..] - ETA: 0s - loss: 1.0942 - acc: 0.6565
3780/3900 [============================>.] - ETA: 0s - loss: 1.0953 - acc: 0.6550
3840/3900 [============================>.] - ETA: 0s - loss: 1.0923 - acc: 0.6563
3900/3900 [==============================] - 4s 914us/step - loss: 1.0911 - acc: 0.6559 - val_loss: 1.7515 - val_acc: 0.3333
Current time ....3.564
Train on 600 samples, validate on 86 samples
Epoch 1/1

 10/600 [..............................] - ETA: 0s - loss: 0.0435 - acc: 1.0000
 70/600 [==>...........................] - ETA: 0s - loss: 0.0511 - acc: 1.0000
130/600 [=====>........................] - ETA: 0s - loss: 0.0482 - acc: 1.0000
190/600 [========>.....................] - ETA: 0s - loss: 0.0513 - acc: 1.0000
250/600 [===========>..................] - ETA: 0s - loss: 0.0500 - acc: 1.0000
310/600 [==============>...............] - ETA: 0s - loss: 0.0526 - acc: 0.9968
370/600 [=================>............] - ETA: 0s - loss: 0.0505 - acc: 0.9973
430/600 [====================>.........] - ETA: 0s - loss: 0.0553 - acc: 0.9953
490/600 [=======================>......] - ETA: 0s - loss: 0.0557 - acc: 0.9939
550/600 [==========================>...] - ETA: 0s - loss: 0.0554 - acc: 0.9945
600/600 [==============================] - 1s 934us/step - loss: 0.0542 - acc: 0.9950 - val_loss: 0.4376 - val_acc: 0.9186
Current time ....0.561
Train on 1200 samples, validate on 68 samples
Epoch 1/1

  10/1200 [..............................] - ETA: 1s - loss: 0.3486 - acc: 0.9000
  70/1200 [>.............................] - ETA: 1s - loss: 0.2303 - acc: 0.9429
 130/1200 [==>...........................] - ETA: 0s - loss: 0.2021 - acc: 0.9615
 190/1200 [===>..........................] - ETA: 0s - loss: 0.1955 - acc: 0.9579
 250/1200 [=====>........................] - ETA: 0s - loss: 0.2006 - acc: 0.9600
 310/1200 [======>.......................] - ETA: 0s - loss: 0.1982 - acc: 0.9581
 370/1200 [========>.....................] - ETA: 0s - loss: 0.1899 - acc: 0.9649
 430/1200 [=========>....................] - ETA: 0s - loss: 0.1912 - acc: 0.9605
 490/1200 [===========>..................] - ETA: 0s - loss: 0.1838 - acc: 0.9653
 550/1200 [============>.................] - ETA: 0s - loss: 0.1870 - acc: 0.9655
 610/1200 [==============>...............] - ETA: 0s - loss: 0.1814 - acc: 0.9672
 670/1200 [===============>..............] - ETA: 0s - loss: 0.1750 - acc: 0.9701
 730/1200 [=================>............] - ETA: 0s - loss: 0.1685 - acc: 0.9712
 790/1200 [==================>...........] - ETA: 0s - loss: 0.1618 - acc: 0.9734
 850/1200 [====================>.........] - ETA: 0s - loss: 0.1601 - acc: 0.9741
 910/1200 [=====================>........] - ETA: 0s - loss: 0.1635 - acc: 0.9703
 970/1200 [=======================>......] - ETA: 0s - loss: 0.1612 - acc: 0.9711
1030/1200 [========================>.....] - ETA: 0s - loss: 0.1619 - acc: 0.9699
1090/1200 [==========================>...] - ETA: 0s - loss: 0.1609 - acc: 0.9688
1150/1200 [===========================>..] - ETA: 0s - loss: 0.1596 - acc: 0.9687
1200/1200 [==============================] - 1s 904us/step - loss: 0.1633 - acc: 0.9658 - val_loss: 0.9979 - val_acc: 0.6471
Current time ....1.086
Train on 3900 samples, validate on 99 samples
Epoch 1/1

  10/3900 [..............................] - ETA: 3s - loss: 1.2062 - acc: 0.5000
  70/3900 [..............................] - ETA: 3s - loss: 0.9305 - acc: 0.7571
 130/3900 [>.............................] - ETA: 3s - loss: 0.9390 - acc: 0.7231
 190/3900 [>.............................] - ETA: 3s - loss: 0.9667 - acc: 0.7000
 250/3900 [>.............................] - ETA: 3s - loss: 0.9235 - acc: 0.7200
 310/3900 [=>............................] - ETA: 3s - loss: 0.9196 - acc: 0.7161
 370/3900 [=>............................] - ETA: 3s - loss: 0.9226 - acc: 0.7054
 430/3900 [==>...........................] - ETA: 3s - loss: 0.9396 - acc: 0.6953
 490/3900 [==>...........................] - ETA: 3s - loss: 0.9363 - acc: 0.7041
 550/3900 [===>..........................] - ETA: 3s - loss: 0.9525 - acc: 0.6964
 610/3900 [===>..........................] - ETA: 2s - loss: 0.9448 - acc: 0.7016
 670/3900 [====>.........................] - ETA: 2s - loss: 0.9543 - acc: 0.7015
 730/3900 [====>.........................] - ETA: 2s - loss: 0.9592 - acc: 0.6959
 790/3900 [=====>........................] - ETA: 2s - loss: 0.9492 - acc: 0.7025
 850/3900 [=====>........................] - ETA: 2s - loss: 0.9450 - acc: 0.7024
 910/3900 [======>.......................] - ETA: 2s - loss: 0.9386 - acc: 0.7044
 970/3900 [======>.......................] - ETA: 2s - loss: 0.9324 - acc: 0.7062
1030/3900 [======>.......................] - ETA: 2s - loss: 0.9220 - acc: 0.7107
1090/3900 [=======>......................] - ETA: 2s - loss: 0.9176 - acc: 0.7119
1150/3900 [=======>......................] - ETA: 2s - loss: 0.9228 - acc: 0.7078
1210/3900 [========>.....................] - ETA: 2s - loss: 0.9201 - acc: 0.7058
1270/3900 [========>.....................] - ETA: 2s - loss: 0.9180 - acc: 0.7055
1330/3900 [=========>....................] - ETA: 2s - loss: 0.9137 - acc: 0.7060
1390/3900 [=========>....................] - ETA: 2s - loss: 0.9115 - acc: 0.7050
1450/3900 [==========>...................] - ETA: 2s - loss: 0.9092 - acc: 0.7048
1510/3900 [==========>...................] - ETA: 2s - loss: 0.9106 - acc: 0.7026
1570/3900 [===========>..................] - ETA: 2s - loss: 0.9125 - acc: 0.7025
1630/3900 [===========>..................] - ETA: 2s - loss: 0.9087 - acc: 0.7055
1690/3900 [============>.................] - ETA: 2s - loss: 0.9117 - acc: 0.7047
1750/3900 [============>.................] - ETA: 1s - loss: 0.9161 - acc: 0.7023
1810/3900 [============>.................] - ETA: 1s - loss: 0.9160 - acc: 0.7028
1870/3900 [=============>................] - ETA: 1s - loss: 0.9196 - acc: 0.6995
1930/3900 [=============>................] - ETA: 1s - loss: 0.9156 - acc: 0.6990
1990/3900 [==============>...............] - ETA: 1s - loss: 0.9156 - acc: 0.6990
2050/3900 [==============>...............] - ETA: 1s - loss: 0.9122 - acc: 0.6995
2110/3900 [===============>..............] - ETA: 1s - loss: 0.9101 - acc: 0.7014
2170/3900 [===============>..............] - ETA: 1s - loss: 0.9085 - acc: 0.7028
2230/3900 [================>.............] - ETA: 1s - loss: 0.9045 - acc: 0.7040
2290/3900 [================>.............] - ETA: 1s - loss: 0.9050 - acc: 0.7039
2350/3900 [=================>............] - ETA: 1s - loss: 0.9042 - acc: 0.7051
2410/3900 [=================>............] - ETA: 1s - loss: 0.9063 - acc: 0.7029
2470/3900 [==================>...........] - ETA: 1s - loss: 0.9032 - acc: 0.7061
2530/3900 [==================>...........] - ETA: 1s - loss: 0.9025 - acc: 0.7067
2590/3900 [==================>...........] - ETA: 1s - loss: 0.9035 - acc: 0.7066
2650/3900 [===================>..........] - ETA: 1s - loss: 0.9058 - acc: 0.7053
2710/3900 [===================>..........] - ETA: 1s - loss: 0.9050 - acc: 0.7052
2770/3900 [====================>.........] - ETA: 1s - loss: 0.9057 - acc: 0.7029
2830/3900 [====================>.........] - ETA: 0s - loss: 0.9062 - acc: 0.7025
2890/3900 [=====================>........] - ETA: 0s - loss: 0.9089 - acc: 0.7014
2950/3900 [=====================>........] - ETA: 0s - loss: 0.9074 - acc: 0.7020
3010/3900 [======================>.......] - ETA: 0s - loss: 0.9042 - acc: 0.7047
3070/3900 [======================>.......] - ETA: 0s - loss: 0.9025 - acc: 0.7055
3130/3900 [=======================>......] - ETA: 0s - loss: 0.9057 - acc: 0.7042
3190/3900 [=======================>......] - ETA: 0s - loss: 0.9031 - acc: 0.7063
3250/3900 [========================>.....] - ETA: 0s - loss: 0.9021 - acc: 0.7065
3310/3900 [========================>.....] - ETA: 0s - loss: 0.9020 - acc: 0.7066
3370/3900 [========================>.....] - ETA: 0s - loss: 0.9000 - acc: 0.7071
3430/3900 [=========================>....] - ETA: 0s - loss: 0.8993 - acc: 0.7067
3490/3900 [=========================>....] - ETA: 0s - loss: 0.8972 - acc: 0.7083
3550/3900 [==========================>...] - ETA: 0s - loss: 0.8964 - acc: 0.7085
3610/3900 [==========================>...] - ETA: 0s - loss: 0.8955 - acc: 0.7089
3670/3900 [===========================>..] - ETA: 0s - loss: 0.8938 - acc: 0.7095
3730/3900 [===========================>..] - ETA: 0s - loss: 0.8929 - acc: 0.7107
3790/3900 [============================>.] - ETA: 0s - loss: 0.8918 - acc: 0.7108
3850/3900 [============================>.] - ETA: 0s - loss: 0.8900 - acc: 0.7114
3900/3900 [==============================] - 4s 911us/step - loss: 0.8889 - acc: 0.7118 - val_loss: 1.6823 - val_acc: 0.4343
Current time ....3.552
Train on 600 samples, validate on 86 samples
Epoch 1/1

 10/600 [..............................] - ETA: 0s - loss: 0.0435 - acc: 1.0000
 70/600 [==>...........................] - ETA: 0s - loss: 0.0626 - acc: 0.9714
130/600 [=====>........................] - ETA: 0s - loss: 0.0499 - acc: 0.9846
190/600 [========>.....................] - ETA: 0s - loss: 0.0450 - acc: 0.9895
250/600 [===========>..................] - ETA: 0s - loss: 0.0454 - acc: 0.9920
310/600 [==============>...............] - ETA: 0s - loss: 0.0494 - acc: 0.9935
370/600 [=================>............] - ETA: 0s - loss: 0.0467 - acc: 0.9946
430/600 [====================>.........] - ETA: 0s - loss: 0.0450 - acc: 0.9953
490/600 [=======================>......] - ETA: 0s - loss: 0.0447 - acc: 0.9959
550/600 [==========================>...] - ETA: 0s - loss: 0.0439 - acc: 0.9964
600/600 [==============================] - 1s 920us/step - loss: 0.0427 - acc: 0.9967 - val_loss: 0.4530 - val_acc: 0.9186
Current time ....0.552
Train on 1200 samples, validate on 68 samples
Epoch 1/1

  10/1200 [..............................] - ETA: 1s - loss: 0.0765 - acc: 1.0000
  70/1200 [>.............................] - ETA: 1s - loss: 0.1108 - acc: 0.9857
 130/1200 [==>...........................] - ETA: 0s - loss: 0.1689 - acc: 0.9615
 190/1200 [===>..........................] - ETA: 0s - loss: 0.1653 - acc: 0.9632
 250/1200 [=====>........................] - ETA: 0s - loss: 0.1501 - acc: 0.9720
 310/1200 [======>.......................] - ETA: 0s - loss: 0.1332 - acc: 0.9774
 370/1200 [========>.....................] - ETA: 0s - loss: 0.1256 - acc: 0.9811
 430/1200 [=========>....................] - ETA: 0s - loss: 0.1218 - acc: 0.9837
 490/1200 [===========>..................] - ETA: 0s - loss: 0.1188 - acc: 0.9857
 550/1200 [============>.................] - ETA: 0s - loss: 0.1169 - acc: 0.9855
 610/1200 [==============>...............] - ETA: 0s - loss: 0.1148 - acc: 0.9852
 670/1200 [===============>..............] - ETA: 0s - loss: 0.1100 - acc: 0.9866
 730/1200 [=================>............] - ETA: 0s - loss: 0.1099 - acc: 0.9877
 790/1200 [==================>...........] - ETA: 0s - loss: 0.1114 - acc: 0.9861
 850/1200 [====================>.........] - ETA: 0s - loss: 0.1137 - acc: 0.9847
 910/1200 [=====================>........] - ETA: 0s - loss: 0.1169 - acc: 0.9835
 970/1200 [=======================>......] - ETA: 0s - loss: 0.1187 - acc: 0.9825
1030/1200 [========================>.....] - ETA: 0s - loss: 0.1171 - acc: 0.9825
1090/1200 [==========================>...] - ETA: 0s - loss: 0.1178 - acc: 0.9807
1150/1200 [===========================>..] - ETA: 0s - loss: 0.1188 - acc: 0.9791
1200/1200 [==============================] - 1s 897us/step - loss: 0.1191 - acc: 0.9792 - val_loss: 0.7781 - val_acc: 0.7647
Current time ....1.077
Train on 3900 samples, validate on 99 samples
Epoch 1/1

  10/3900 [..............................] - ETA: 3s - loss: 0.7418 - acc: 0.9000
  70/3900 [..............................] - ETA: 3s - loss: 0.8604 - acc: 0.6714
 130/3900 [>.............................] - ETA: 3s - loss: 0.7793 - acc: 0.7231
 190/3900 [>.............................] - ETA: 3s - loss: 0.7816 - acc: 0.7263
 250/3900 [>.............................] - ETA: 3s - loss: 0.7496 - acc: 0.7400
 310/3900 [=>............................] - ETA: 3s - loss: 0.7577 - acc: 0.7419
 370/3900 [=>............................] - ETA: 3s - loss: 0.7406 - acc: 0.7486
 430/3900 [==>...........................] - ETA: 3s - loss: 0.7652 - acc: 0.7349
 490/3900 [==>...........................] - ETA: 3s - loss: 0.7805 - acc: 0.7306
 550/3900 [===>..........................] - ETA: 3s - loss: 0.7743 - acc: 0.7345
 610/3900 [===>..........................] - ETA: 2s - loss: 0.7776 - acc: 0.7311
 670/3900 [====>.........................] - ETA: 2s - loss: 0.7825 - acc: 0.7284
 730/3900 [====>.........................] - ETA: 2s - loss: 0.7890 - acc: 0.7260
 790/3900 [=====>........................] - ETA: 2s - loss: 0.7814 - acc: 0.7291
 850/3900 [=====>........................] - ETA: 2s - loss: 0.7876 - acc: 0.7259
 910/3900 [======>.......................] - ETA: 2s - loss: 0.7827 - acc: 0.7286
 970/3900 [======>.......................] - ETA: 2s - loss: 0.7825 - acc: 0.7278
1030/3900 [======>.......................] - ETA: 2s - loss: 0.7923 - acc: 0.7214
1090/3900 [=======>......................] - ETA: 2s - loss: 0.7900 - acc: 0.7211
1150/3900 [=======>......................] - ETA: 2s - loss: 0.7881 - acc: 0.7270
1210/3900 [========>.....................] - ETA: 2s - loss: 0.7872 - acc: 0.7314
1270/3900 [========>.....................] - ETA: 2s - loss: 0.7904 - acc: 0.7291
1330/3900 [=========>....................] - ETA: 2s - loss: 0.7848 - acc: 0.7331
1390/3900 [=========>....................] - ETA: 2s - loss: 0.7776 - acc: 0.7367
1450/3900 [==========>...................] - ETA: 2s - loss: 0.7795 - acc: 0.7338
1510/3900 [==========>...................] - ETA: 2s - loss: 0.7798 - acc: 0.7351
1570/3900 [===========>..................] - ETA: 2s - loss: 0.7764 - acc: 0.7369
1630/3900 [===========>..................] - ETA: 2s - loss: 0.7745 - acc: 0.7374
1690/3900 [============>.................] - ETA: 1s - loss: 0.7680 - acc: 0.7408
1750/3900 [============>.................] - ETA: 1s - loss: 0.7695 - acc: 0.7394
1810/3900 [============>.................] - ETA: 1s - loss: 0.7649 - acc: 0.7420
1870/3900 [=============>................] - ETA: 1s - loss: 0.7661 - acc: 0.7385
1930/3900 [=============>................] - ETA: 1s - loss: 0.7647 - acc: 0.7404
1990/3900 [==============>...............] - ETA: 1s - loss: 0.7639 - acc: 0.7417
2050/3900 [==============>...............] - ETA: 1s - loss: 0.7618 - acc: 0.7429
2110/3900 [===============>..............] - ETA: 1s - loss: 0.7596 - acc: 0.7417
2170/3900 [===============>..............] - ETA: 1s - loss: 0.7571 - acc: 0.7438
2230/3900 [================>.............] - ETA: 1s - loss: 0.7631 - acc: 0.7408
2290/3900 [================>.............] - ETA: 1s - loss: 0.7634 - acc: 0.7402
2350/3900 [=================>............] - ETA: 1s - loss: 0.7576 - acc: 0.7430
2410/3900 [=================>............] - ETA: 1s - loss: 0.7579 - acc: 0.7427
2470/3900 [==================>...........] - ETA: 1s - loss: 0.7563 - acc: 0.7433
2530/3900 [==================>...........] - ETA: 1s - loss: 0.7529 - acc: 0.7455
2590/3900 [==================>...........] - ETA: 1s - loss: 0.7565 - acc: 0.7436
2650/3900 [===================>..........] - ETA: 1s - loss: 0.7543 - acc: 0.7445
2710/3900 [===================>..........] - ETA: 1s - loss: 0.7563 - acc: 0.7432
2770/3900 [====================>.........] - ETA: 1s - loss: 0.7555 - acc: 0.7433
2830/3900 [====================>.........] - ETA: 0s - loss: 0.7520 - acc: 0.7442
2890/3900 [=====================>........] - ETA: 0s - loss: 0.7510 - acc: 0.7436
2950/3900 [=====================>........] - ETA: 0s - loss: 0.7506 - acc: 0.7437
3010/3900 [======================>.......] - ETA: 0s - loss: 0.7481 - acc: 0.7458
3070/3900 [======================>.......] - ETA: 0s - loss: 0.7438 - acc: 0.7479
3130/3900 [=======================>......] - ETA: 0s - loss: 0.7443 - acc: 0.7476
3190/3900 [=======================>......] - ETA: 0s - loss: 0.7435 - acc: 0.7473
3250/3900 [========================>.....] - ETA: 0s - loss: 0.7410 - acc: 0.7489
3310/3900 [========================>.....] - ETA: 0s - loss: 0.7406 - acc: 0.7483
3370/3900 [========================>.....] - ETA: 0s - loss: 0.7389 - acc: 0.7490
3430/3900 [=========================>....] - ETA: 0s - loss: 0.7389 - acc: 0.7496
3490/3900 [=========================>....] - ETA: 0s - loss: 0.7381 - acc: 0.7499
3550/3900 [==========================>...] - ETA: 0s - loss: 0.7359 - acc: 0.7501
3610/3900 [==========================>...] - ETA: 0s - loss: 0.7330 - acc: 0.7524
3670/3900 [===========================>..] - ETA: 0s - loss: 0.7334 - acc: 0.7526
3730/3900 [===========================>..] - ETA: 0s - loss: 0.7304 - acc: 0.7534
3790/3900 [============================>.] - ETA: 0s - loss: 0.7301 - acc: 0.7536
3850/3900 [============================>.] - ETA: 0s - loss: 0.7281 - acc: 0.7545
3900/3900 [==============================] - 4s 906us/step - loss: 0.7258 - acc: 0.7556 - val_loss: 1.6549 - val_acc: 0.3939
Current time ....3.535
Train on 600 samples, validate on 86 samples
Epoch 1/1

 10/600 [..............................] - ETA: 0s - loss: 0.0365 - acc: 1.0000
 70/600 [==>...........................] - ETA: 0s - loss: 0.0344 - acc: 1.0000
130/600 [=====>........................] - ETA: 0s - loss: 0.0421 - acc: 0.9923
190/600 [========>.....................] - ETA: 0s - loss: 0.0485 - acc: 0.9895
250/600 [===========>..................] - ETA: 0s - loss: 0.0443 - acc: 0.9920
310/600 [==============>...............] - ETA: 0s - loss: 0.0412 - acc: 0.9935
370/600 [=================>............] - ETA: 0s - loss: 0.0386 - acc: 0.9946
430/600 [====================>.........] - ETA: 0s - loss: 0.0367 - acc: 0.9953
490/600 [=======================>......] - ETA: 0s - loss: 0.0369 - acc: 0.9959
550/600 [==========================>...] - ETA: 0s - loss: 0.0354 - acc: 0.9964
600/600 [==============================] - 1s 925us/step - loss: 0.0347 - acc: 0.9967 - val_loss: 0.4762 - val_acc: 0.9186
Current time ....0.556
Train on 1200 samples, validate on 68 samples
Epoch 1/1

  10/1200 [..............................] - ETA: 1s - loss: 0.1000 - acc: 1.0000
  70/1200 [>.............................] - ETA: 1s - loss: 0.0733 - acc: 1.0000
 130/1200 [==>...........................] - ETA: 0s - loss: 0.0727 - acc: 1.0000
 190/1200 [===>..........................] - ETA: 0s - loss: 0.0716 - acc: 1.0000
 250/1200 [=====>........................] - ETA: 0s - loss: 0.0727 - acc: 1.0000
 310/1200 [======>.......................] - ETA: 0s - loss: 0.0775 - acc: 1.0000
 370/1200 [========>.....................] - ETA: 0s - loss: 0.0760 - acc: 0.9973
 430/1200 [=========>....................] - ETA: 0s - loss: 0.0734 - acc: 0.9977
 490/1200 [===========>..................] - ETA: 0s - loss: 0.0754 - acc: 0.9980
 550/1200 [============>.................] - ETA: 0s - loss: 0.0786 - acc: 0.9964
 610/1200 [==============>...............] - ETA: 0s - loss: 0.0803 - acc: 0.9967
 670/1200 [===============>..............] - ETA: 0s - loss: 0.0808 - acc: 0.9970
 730/1200 [=================>............] - ETA: 0s - loss: 0.0809 - acc: 0.9959
 790/1200 [==================>...........] - ETA: 0s - loss: 0.0805 - acc: 0.9962
 850/1200 [====================>.........] - ETA: 0s - loss: 0.0793 - acc: 0.9965
 910/1200 [=====================>........] - ETA: 0s - loss: 0.0792 - acc: 0.9967
 970/1200 [=======================>......] - ETA: 0s - loss: 0.0815 - acc: 0.9959
1030/1200 [========================>.....] - ETA: 0s - loss: 0.0809 - acc: 0.9961
1090/1200 [==========================>...] - ETA: 0s - loss: 0.0798 - acc: 0.9954
1150/1200 [===========================>..] - ETA: 0s - loss: 0.0796 - acc: 0.9948
1200/1200 [==============================] - 1s 907us/step - loss: 0.0805 - acc: 0.9933 - val_loss: 0.8115 - val_acc: 0.7059
Current time ....1.088

32/99 [========>.....................] - ETA: 0s
99/99 [==============================] - 0s 93us/step
In EVALUATE loss:  [1.6548835821826049, 0.39393939424042751]

32/86 [==========>...................] - ETA: 0s
86/86 [==============================] - 0s 81us/step
In EVALUATE loss:  [0.47618142324824664, 0.91860465393509971]

32/68 [=============>................] - ETA: 0s
68/68 [==============================] - 0s 99us/step
In EVALUATE loss:  [0.81145676444558534, 0.70588235294117652]
Task 1 : Primary site - Macro F1 score 0.225192544907
Task 1 : Primary site - Micro F1 score 0.393939393939
Task 2 : Tumor laterality - Macro F1 score 0.918593644354
Task 2 : Tumor laterality - Micro F1 score 0.918604651163
Task 3 : Histological grade - Macro F1 score 0.523834498834
Task 3 : Histological grade - Micro F1 score 0.705882352941
Average loss:  0.980840589959
