Importing candle utils for keras
Configuration file:  /gpfs/mira-home/apeck/Modified_Benchmarks/Pilot3/P3B1/p3b1_default_model.txt
{'activation': 'relu',
 'batch_size': 10,
 'data_url': 'ftp://ftp.mcs.anl.gov/pub/candle/public/benchmarks/P3B1/',
 'drop': 0.0,
 'epochs': 10,
 'feature_names': 'Primary site:Tumor laterality:Histological grade',
 'ind_nnet_spec': [[2400, 2400, 1200, 1200],
                   [2400, 2400, 1200, 1200],
                   [2400, 2400, 1200, 1200]],
 'initialization': 'glorot_uniform',
 'learning_rate': 0.01,
 'loss': 'categorical_crossentropy',
 'metrics': 'accuracy',
 'model_name': 'p3b1',
 'n_fold': 1,
 'optimizer': 'sgd',
 'out_activation': 'softmax',
 'output_dir': '.',
 'scaling': 'none',
 'shared_nnet_spec': [1200,
                      2400,
                      3600,
                      3600,
                      3600,
                      3600,
                      3600,
                      3600,
                      3600,
                      2400],
 'shuffle': True,
 'timeout': 1800,
 'train_data': 'P3B1_data.tar.gz'}
Params:
{'activation': 'relu',
 'batch_size': 10,
 'case': 'CenterZ',
 'data_url': 'ftp://ftp.mcs.anl.gov/pub/candle/public/benchmarks/P3B1/',
 'datatype': <class 'numpy.float32'>,
 'drop': 0.0,
 'epochs': 10,
 'experiment_id': 'EXP000',
 'feature_names': 'Primary site:Tumor laterality:Histological grade',
 'fig': False,
 'gpus': [],
 'ind_nnet_spec': [[2400, 2400, 1200, 1200],
                   [2400, 2400, 1200, 1200],
                   [2400, 2400, 1200, 1200]],
 'initialization': 'glorot_uniform',
 'learning_rate': 0.01,
 'logfile': None,
 'loss': 'categorical_crossentropy',
 'metrics': 'accuracy',
 'model_name': 'p3b1',
 'n_fold': 1,
 'optimizer': 'sgd',
 'out_activation': 'softmax',
 'output_dir': '/gpfs/mira-home/apeck/CANDLE_testing/avery_modified_results/p3_1',
 'output_files': 'result0_0.csv;result1_0.csv;result2_0.csv',
 'rng_seed': 7102,
 'run_id': 'RUN000',
 'scaling': 'none',
 'shared_nnet_spec': [1200,
                      2400,
                      3600,
                      3600,
                      3600,
                      3600,
                      3600,
                      3600,
                      3600,
                      2400],
 'shuffle': False,
 'timeout': 1800,
 'train_bool': True,
 'train_data': 'P3B1_data.tar.gz',
 'train_features': 'data/task0_0_train_feature.csv;data/task1_0_train_feature.csv;data/task2_0_train_feature.csv',
 'train_truths': 'data/task0_0_train_label.csv;data/task1_0_train_label.csv;data/task2_0_train_label.csv',
 'valid_features': 'data/task0_0_test_feature.csv;data/task1_0_test_feature.csv;data/task2_0_test_feature.csv',
 'valid_truths': 'data/task0_0_test_label.csv;data/task1_0_test_label.csv;data/task2_0_test_label.csv',
 'verbose': None}
Feature names:
Primary site
Tumor laterality
Histological grade
Model:  0
_________________________________________________________________
Layer (type)                 Output Shape              Param #   
=================================================================
input (InputLayer)           (None, 400)               0         
_________________________________________________________________
indiv_layer_0_0 (Dense)      (None, 2400)              962400    
_________________________________________________________________
indiv_layer_0_1 (Dense)      (None, 2400)              5762400   
_________________________________________________________________
indiv_layer_0_2 (Dense)      (None, 1200)              2881200   
_________________________________________________________________
indiv_layer_0_3 (Dense)      (None, 1200)              1441200   
_________________________________________________________________
out_0 (Dense)                (None, 13)                15613     
=================================================================
Total params: 11,062,813
Trainable params: 11,062,813
Non-trainable params: 0
_________________________________________________________________
Model:  1
_________________________________________________________________
Layer (type)                 Output Shape              Param #   
=================================================================
input (InputLayer)           (None, 400)               0         
_________________________________________________________________
indiv_layer_1_0 (Dense)      (None, 2400)              962400    
_________________________________________________________________
indiv_layer_1_1 (Dense)      (None, 2400)              5762400   
_________________________________________________________________
indiv_layer_1_2 (Dense)      (None, 1200)              2881200   
_________________________________________________________________
indiv_layer_1_3 (Dense)      (None, 1200)              1441200   
_________________________________________________________________
out_1 (Dense)                (None, 2)                 2402      
=================================================================
Total params: 11,049,602
Trainable params: 11,049,602
Non-trainable params: 0
_________________________________________________________________
Model:  2
_________________________________________________________________
Layer (type)                 Output Shape              Param #   
=================================================================
input (InputLayer)           (None, 400)               0         
_________________________________________________________________
indiv_layer_2_0 (Dense)      (None, 2400)              962400    
_________________________________________________________________
indiv_layer_2_1 (Dense)      (None, 2400)              5762400   
_________________________________________________________________
indiv_layer_2_2 (Dense)      (None, 1200)              2881200   
_________________________________________________________________
indiv_layer_2_3 (Dense)      (None, 1200)              1441200   
_________________________________________________________________
out_2 (Dense)                (None, 4)                 4804      
=================================================================
Total params: 11,052,004
Trainable params: 11,052,004
Non-trainable params: 0
_________________________________________________________________
Train on 3900 samples, validate on 99 samples
Epoch 1/1

  10/3900 [..............................] - ETA: 11:46 - loss: 2.5660 - acc: 0.1000
  60/3900 [..............................] - ETA: 1:59 - loss: 2.5656 - acc: 0.0500 
 110/3900 [..............................] - ETA: 1:06 - loss: 2.5655 - acc: 0.0636
 160/3900 [>.............................] - ETA: 46s - loss: 2.5646 - acc: 0.0750 
 210/3900 [>.............................] - ETA: 35s - loss: 2.5647 - acc: 0.0714
 260/3900 [=>............................] - ETA: 29s - loss: 2.5644 - acc: 0.0654
 310/3900 [=>............................] - ETA: 24s - loss: 2.5636 - acc: 0.0774
 360/3900 [=>............................] - ETA: 21s - loss: 2.5639 - acc: 0.0750
 420/3900 [==>...........................] - ETA: 18s - loss: 2.5639 - acc: 0.0667
 480/3900 [==>...........................] - ETA: 16s - loss: 2.5634 - acc: 0.0729
 540/3900 [===>..........................] - ETA: 14s - loss: 2.5636 - acc: 0.0722
 600/3900 [===>..........................] - ETA: 13s - loss: 2.5636 - acc: 0.0733
 660/3900 [====>.........................] - ETA: 12s - loss: 2.5635 - acc: 0.0727
 720/3900 [====>.........................] - ETA: 11s - loss: 2.5634 - acc: 0.0778
 780/3900 [=====>........................] - ETA: 10s - loss: 2.5631 - acc: 0.0923
 840/3900 [=====>........................] - ETA: 9s - loss: 2.5631 - acc: 0.0940 
 900/3900 [=====>........................] - ETA: 9s - loss: 2.5629 - acc: 0.1033
 960/3900 [======>.......................] - ETA: 8s - loss: 2.5627 - acc: 0.1083
1020/3900 [======>.......................] - ETA: 7s - loss: 2.5625 - acc: 0.1059
1080/3900 [=======>......................] - ETA: 7s - loss: 2.5622 - acc: 0.1074
1140/3900 [=======>......................] - ETA: 7s - loss: 2.5618 - acc: 0.1096
1200/3900 [========>.....................] - ETA: 6s - loss: 2.5614 - acc: 0.1083
1260/3900 [========>.....................] - ETA: 6s - loss: 2.5611 - acc: 0.1079
1320/3900 [=========>....................] - ETA: 6s - loss: 2.5608 - acc: 0.1091
1380/3900 [=========>....................] - ETA: 5s - loss: 2.5608 - acc: 0.1094
1440/3900 [==========>...................] - ETA: 5s - loss: 2.5606 - acc: 0.1097
1500/3900 [==========>...................] - ETA: 5s - loss: 2.5605 - acc: 0.1073
1560/3900 [===========>..................] - ETA: 4s - loss: 2.5604 - acc: 0.1071
1620/3900 [===========>..................] - ETA: 4s - loss: 2.5603 - acc: 0.1062
1680/3900 [===========>..................] - ETA: 4s - loss: 2.5600 - acc: 0.1083
1740/3900 [============>.................] - ETA: 4s - loss: 2.5597 - acc: 0.1109
1800/3900 [============>.................] - ETA: 4s - loss: 2.5594 - acc: 0.1128
1860/3900 [=============>................] - ETA: 3s - loss: 2.5591 - acc: 0.1167
1920/3900 [=============>................] - ETA: 3s - loss: 2.5588 - acc: 0.1161
1980/3900 [==============>...............] - ETA: 3s - loss: 2.5587 - acc: 0.1192
2040/3900 [==============>...............] - ETA: 3s - loss: 2.5585 - acc: 0.1221
2100/3900 [===============>..............] - ETA: 3s - loss: 2.5583 - acc: 0.1267
2160/3900 [===============>..............] - ETA: 3s - loss: 2.5581 - acc: 0.1282
2220/3900 [================>.............] - ETA: 2s - loss: 2.5578 - acc: 0.1306
2280/3900 [================>.............] - ETA: 2s - loss: 2.5577 - acc: 0.1316
2340/3900 [=================>............] - ETA: 2s - loss: 2.5574 - acc: 0.1325
2400/3900 [=================>............] - ETA: 2s - loss: 2.5572 - acc: 0.1338
2460/3900 [=================>............] - ETA: 2s - loss: 2.5570 - acc: 0.1370
2520/3900 [==================>...........] - ETA: 2s - loss: 2.5567 - acc: 0.1405
2580/3900 [==================>...........] - ETA: 2s - loss: 2.5564 - acc: 0.1426
2640/3900 [===================>..........] - ETA: 2s - loss: 2.5562 - acc: 0.1462
2700/3900 [===================>..........] - ETA: 1s - loss: 2.5561 - acc: 0.1463
2760/3900 [====================>.........] - ETA: 1s - loss: 2.5560 - acc: 0.1475
2820/3900 [====================>.........] - ETA: 1s - loss: 2.5559 - acc: 0.1489
2880/3900 [=====================>........] - ETA: 1s - loss: 2.5557 - acc: 0.1503
2940/3900 [=====================>........] - ETA: 1s - loss: 2.5554 - acc: 0.1544
3000/3900 [======================>.......] - ETA: 1s - loss: 2.5552 - acc: 0.1583
3060/3900 [======================>.......] - ETA: 1s - loss: 2.5550 - acc: 0.1611
3120/3900 [=======================>......] - ETA: 1s - loss: 2.5548 - acc: 0.1641
3180/3900 [=======================>......] - ETA: 1s - loss: 2.5545 - acc: 0.1682
3240/3900 [=======================>......] - ETA: 0s - loss: 2.5544 - acc: 0.1704
3300/3900 [========================>.....] - ETA: 0s - loss: 2.5541 - acc: 0.1752
3360/3900 [========================>.....] - ETA: 0s - loss: 2.5539 - acc: 0.1780
3420/3900 [=========================>....] - ETA: 0s - loss: 2.5537 - acc: 0.1822
3480/3900 [=========================>....] - ETA: 0s - loss: 2.5535 - acc: 0.1836
3540/3900 [==========================>...] - ETA: 0s - loss: 2.5533 - acc: 0.1862
3600/3900 [==========================>...] - ETA: 0s - loss: 2.5530 - acc: 0.1900
3660/3900 [===========================>..] - ETA: 0s - loss: 2.5528 - acc: 0.1902
3720/3900 [===========================>..] - ETA: 0s - loss: 2.5525 - acc: 0.1917
3780/3900 [============================>.] - ETA: 0s - loss: 2.5522 - acc: 0.1926
3840/3900 [============================>.] - ETA: 0s - loss: 2.5520 - acc: 0.1930
3900/3900 [==============================] - 5s 1ms/step - loss: 2.5518 - acc: 0.1946 - val_loss: 2.5408 - val_acc: 0.2929
Current time ....5.438
Train on 600 samples, validate on 86 samples
Epoch 1/1

 10/600 [..............................] - ETA: 19s - loss: 0.7081 - acc: 0.3000
 70/600 [==>...........................] - ETA: 2s - loss: 0.6836 - acc: 0.5571 
130/600 [=====>........................] - ETA: 1s - loss: 0.6827 - acc: 0.5462
190/600 [========>.....................] - ETA: 1s - loss: 0.6774 - acc: 0.6368
250/600 [===========>..................] - ETA: 0s - loss: 0.6730 - acc: 0.6440
310/600 [==============>...............] - ETA: 0s - loss: 0.6694 - acc: 0.6516
370/600 [=================>............] - ETA: 0s - loss: 0.6652 - acc: 0.6568
430/600 [====================>.........] - ETA: 0s - loss: 0.6609 - acc: 0.6698
490/600 [=======================>......] - ETA: 0s - loss: 0.6579 - acc: 0.6837
550/600 [==========================>...] - ETA: 0s - loss: 0.6529 - acc: 0.7055
600/600 [==============================] - 1s 1ms/step - loss: 0.6479 - acc: 0.7233 - val_loss: 0.6254 - val_acc: 0.7674
Current time ....0.890
Train on 1200 samples, validate on 68 samples
Epoch 1/1

  10/1200 [..............................] - ETA: 31s - loss: 1.3880 - acc: 0.2000
  70/1200 [>.............................] - ETA: 5s - loss: 1.3910 - acc: 0.2143 
 130/1200 [==>...........................] - ETA: 3s - loss: 1.3823 - acc: 0.2462
 190/1200 [===>..........................] - ETA: 2s - loss: 1.3699 - acc: 0.3000
 250/1200 [=====>........................] - ETA: 1s - loss: 1.3650 - acc: 0.3160
 310/1200 [======>.......................] - ETA: 1s - loss: 1.3623 - acc: 0.3194
 370/1200 [========>.....................] - ETA: 1s - loss: 1.3573 - acc: 0.3351
 430/1200 [=========>....................] - ETA: 1s - loss: 1.3503 - acc: 0.3628
 490/1200 [===========>..................] - ETA: 1s - loss: 1.3474 - acc: 0.3694
 550/1200 [============>.................] - ETA: 0s - loss: 1.3401 - acc: 0.3909
 610/1200 [==============>...............] - ETA: 0s - loss: 1.3367 - acc: 0.3934
 660/1200 [===============>..............] - ETA: 0s - loss: 1.3322 - acc: 0.4091
 720/1200 [=================>............] - ETA: 0s - loss: 1.3270 - acc: 0.4208
 780/1200 [==================>...........] - ETA: 0s - loss: 1.3199 - acc: 0.4346
 840/1200 [====================>.........] - ETA: 0s - loss: 1.3158 - acc: 0.4333
 900/1200 [=====================>........] - ETA: 0s - loss: 1.3083 - acc: 0.4500
 960/1200 [=======================>......] - ETA: 0s - loss: 1.3059 - acc: 0.4521
1020/1200 [========================>.....] - ETA: 0s - loss: 1.3003 - acc: 0.4618
1080/1200 [==========================>...] - ETA: 0s - loss: 1.2954 - acc: 0.4685
1140/1200 [===========================>..] - ETA: 0s - loss: 1.2917 - acc: 0.4711
1200/1200 [==============================] - 1s 1ms/step - loss: 1.2876 - acc: 0.4767 - val_loss: 1.2303 - val_acc: 0.3088
Current time ....1.360
Train on 3900 samples, validate on 99 samples
Epoch 1/1

  10/3900 [..............................] - ETA: 3s - loss: 2.5303 - acc: 0.3000
  70/3900 [..............................] - ETA: 3s - loss: 2.5361 - acc: 0.3286
 130/3900 [>.............................] - ETA: 3s - loss: 2.5345 - acc: 0.3769
 190/3900 [>.............................] - ETA: 3s - loss: 2.5329 - acc: 0.4105
 250/3900 [>.............................] - ETA: 3s - loss: 2.5331 - acc: 0.4040
 310/3900 [=>............................] - ETA: 3s - loss: 2.5327 - acc: 0.4161
 370/3900 [=>............................] - ETA: 3s - loss: 2.5320 - acc: 0.4162
 430/3900 [==>...........................] - ETA: 3s - loss: 2.5307 - acc: 0.4302
 490/3900 [==>...........................] - ETA: 3s - loss: 2.5301 - acc: 0.4224
 550/3900 [===>..........................] - ETA: 3s - loss: 2.5299 - acc: 0.4091
 610/3900 [===>..........................] - ETA: 2s - loss: 2.5301 - acc: 0.3951
 670/3900 [====>.........................] - ETA: 2s - loss: 2.5299 - acc: 0.3910
 730/3900 [====>.........................] - ETA: 2s - loss: 2.5300 - acc: 0.3849
 790/3900 [=====>........................] - ETA: 2s - loss: 2.5295 - acc: 0.3835
 850/3900 [=====>........................] - ETA: 2s - loss: 2.5296 - acc: 0.3741
 910/3900 [======>.......................] - ETA: 2s - loss: 2.5294 - acc: 0.3725
 970/3900 [======>.......................] - ETA: 2s - loss: 2.5294 - acc: 0.3660
1030/3900 [======>.......................] - ETA: 2s - loss: 2.5291 - acc: 0.3670
1090/3900 [=======>......................] - ETA: 2s - loss: 2.5289 - acc: 0.3633
1150/3900 [=======>......................] - ETA: 2s - loss: 2.5285 - acc: 0.3670
1210/3900 [========>.....................] - ETA: 2s - loss: 2.5280 - acc: 0.3645
1270/3900 [========>.....................] - ETA: 2s - loss: 2.5275 - acc: 0.3622
1330/3900 [=========>....................] - ETA: 2s - loss: 2.5271 - acc: 0.3586
1390/3900 [=========>....................] - ETA: 2s - loss: 2.5267 - acc: 0.3561
1450/3900 [==========>...................] - ETA: 2s - loss: 2.5263 - acc: 0.3503
1510/3900 [==========>...................] - ETA: 2s - loss: 2.5263 - acc: 0.3430
1570/3900 [===========>..................] - ETA: 2s - loss: 2.5258 - acc: 0.3439
1630/3900 [===========>..................] - ETA: 2s - loss: 2.5255 - acc: 0.3436
1690/3900 [============>.................] - ETA: 1s - loss: 2.5249 - acc: 0.3456
1750/3900 [============>.................] - ETA: 1s - loss: 2.5247 - acc: 0.3446
1810/3900 [============>.................] - ETA: 1s - loss: 2.5243 - acc: 0.3420
1870/3900 [=============>................] - ETA: 1s - loss: 2.5239 - acc: 0.3433
1930/3900 [=============>................] - ETA: 1s - loss: 2.5235 - acc: 0.3440
1990/3900 [==============>...............] - ETA: 1s - loss: 2.5230 - acc: 0.3497
2050/3900 [==============>...............] - ETA: 1s - loss: 2.5225 - acc: 0.3522
2110/3900 [===============>..............] - ETA: 1s - loss: 2.5222 - acc: 0.3536
2170/3900 [===============>..............] - ETA: 1s - loss: 2.5218 - acc: 0.3535
2230/3900 [================>.............] - ETA: 1s - loss: 2.5213 - acc: 0.3552
2290/3900 [================>.............] - ETA: 1s - loss: 2.5209 - acc: 0.3546
2350/3900 [=================>............] - ETA: 1s - loss: 2.5204 - acc: 0.3545
2410/3900 [=================>............] - ETA: 1s - loss: 2.5199 - acc: 0.3556
2470/3900 [==================>...........] - ETA: 1s - loss: 2.5194 - acc: 0.3547
2530/3900 [==================>...........] - ETA: 1s - loss: 2.5189 - acc: 0.3565
2590/3900 [==================>...........] - ETA: 1s - loss: 2.5185 - acc: 0.3564
2650/3900 [===================>..........] - ETA: 1s - loss: 2.5179 - acc: 0.3589
2710/3900 [===================>..........] - ETA: 1s - loss: 2.5171 - acc: 0.3620
2770/3900 [====================>.........] - ETA: 1s - loss: 2.5165 - acc: 0.3625
2830/3900 [====================>.........] - ETA: 0s - loss: 2.5158 - acc: 0.3615
2890/3900 [=====================>........] - ETA: 0s - loss: 2.5152 - acc: 0.3606
2950/3900 [=====================>........] - ETA: 0s - loss: 2.5146 - acc: 0.3614
3010/3900 [======================>.......] - ETA: 0s - loss: 2.5141 - acc: 0.3605
3070/3900 [======================>.......] - ETA: 0s - loss: 2.5132 - acc: 0.3638
3130/3900 [=======================>......] - ETA: 0s - loss: 2.5128 - acc: 0.3636
3190/3900 [=======================>......] - ETA: 0s - loss: 2.5124 - acc: 0.3611
3250/3900 [========================>.....] - ETA: 0s - loss: 2.5117 - acc: 0.3606
3310/3900 [========================>.....] - ETA: 0s - loss: 2.5112 - acc: 0.3586
3370/3900 [========================>.....] - ETA: 0s - loss: 2.5106 - acc: 0.3596
3430/3900 [=========================>....] - ETA: 0s - loss: 2.5100 - acc: 0.3606
3490/3900 [=========================>....] - ETA: 0s - loss: 2.5094 - acc: 0.3613
3550/3900 [==========================>...] - ETA: 0s - loss: 2.5088 - acc: 0.3625
3610/3900 [==========================>...] - ETA: 0s - loss: 2.5080 - acc: 0.3634
3670/3900 [===========================>..] - ETA: 0s - loss: 2.5073 - acc: 0.3649
3730/3900 [===========================>..] - ETA: 0s - loss: 2.5068 - acc: 0.3668
3790/3900 [============================>.] - ETA: 0s - loss: 2.5064 - acc: 0.3681
3850/3900 [============================>.] - ETA: 0s - loss: 2.5058 - acc: 0.3699
3900/3900 [==============================] - 4s 901us/step - loss: 2.5054 - acc: 0.3697 - val_loss: 2.4942 - val_acc: 0.2828
Current time ....3.513
Train on 600 samples, validate on 86 samples
Epoch 1/1

 10/600 [..............................] - ETA: 0s - loss: 0.5914 - acc: 0.9000
 70/600 [==>...........................] - ETA: 0s - loss: 0.5839 - acc: 0.9286
130/600 [=====>........................] - ETA: 0s - loss: 0.5870 - acc: 0.8846
190/600 [========>.....................] - ETA: 0s - loss: 0.5881 - acc: 0.8895
250/600 [===========>..................] - ETA: 0s - loss: 0.5784 - acc: 0.9120
310/600 [==============>...............] - ETA: 0s - loss: 0.5654 - acc: 0.9194
370/600 [=================>............] - ETA: 0s - loss: 0.5592 - acc: 0.9297
430/600 [====================>.........] - ETA: 0s - loss: 0.5516 - acc: 0.9279
490/600 [=======================>......] - ETA: 0s - loss: 0.5481 - acc: 0.9286
550/600 [==========================>...] - ETA: 0s - loss: 0.5405 - acc: 0.9309
600/600 [==============================] - 1s 943us/step - loss: 0.5351 - acc: 0.9333 - val_loss: 0.5281 - val_acc: 0.8953
Current time ....0.566
Train on 1200 samples, validate on 68 samples
Epoch 1/1

  10/1200 [..............................] - ETA: 1s - loss: 1.0930 - acc: 0.7000
  70/1200 [>.............................] - ETA: 1s - loss: 1.1306 - acc: 0.6857
 130/1200 [==>...........................] - ETA: 0s - loss: 1.1338 - acc: 0.6615
 190/1200 [===>..........................] - ETA: 0s - loss: 1.1245 - acc: 0.6684
 250/1200 [=====>........................] - ETA: 0s - loss: 1.1272 - acc: 0.6520
 310/1200 [======>.......................] - ETA: 0s - loss: 1.1240 - acc: 0.6419
 370/1200 [========>.....................] - ETA: 0s - loss: 1.1087 - acc: 0.6405
 430/1200 [=========>....................] - ETA: 0s - loss: 1.1002 - acc: 0.6395
 490/1200 [===========>..................] - ETA: 0s - loss: 1.0951 - acc: 0.6469
 550/1200 [============>.................] - ETA: 0s - loss: 1.0869 - acc: 0.6418
 610/1200 [==============>...............] - ETA: 0s - loss: 1.0852 - acc: 0.6311
 670/1200 [===============>..............] - ETA: 0s - loss: 1.0787 - acc: 0.6328
 730/1200 [=================>............] - ETA: 0s - loss: 1.0761 - acc: 0.6288
 790/1200 [==================>...........] - ETA: 0s - loss: 1.0734 - acc: 0.6278
 850/1200 [====================>.........] - ETA: 0s - loss: 1.0701 - acc: 0.6235
 910/1200 [=====================>........] - ETA: 0s - loss: 1.0628 - acc: 0.6275
 970/1200 [=======================>......] - ETA: 0s - loss: 1.0540 - acc: 0.6351
1030/1200 [========================>.....] - ETA: 0s - loss: 1.0521 - acc: 0.6369
1090/1200 [==========================>...] - ETA: 0s - loss: 1.0446 - acc: 0.6358
1150/1200 [===========================>..] - ETA: 0s - loss: 1.0436 - acc: 0.6313
1200/1200 [==============================] - 1s 901us/step - loss: 1.0403 - acc: 0.6317 - val_loss: 1.0581 - val_acc: 0.4559
Current time ....1.082
Train on 3900 samples, validate on 99 samples
Epoch 1/1

  10/3900 [..............................] - ETA: 4s - loss: 2.4721 - acc: 0.4000
  70/3900 [..............................] - ETA: 3s - loss: 2.4584 - acc: 0.5714
 130/3900 [>.............................] - ETA: 3s - loss: 2.4599 - acc: 0.5077
 190/3900 [>.............................] - ETA: 3s - loss: 2.4596 - acc: 0.4947
 240/3900 [>.............................] - ETA: 3s - loss: 2.4577 - acc: 0.5042
 300/3900 [=>............................] - ETA: 3s - loss: 2.4550 - acc: 0.4800
 360/3900 [=>............................] - ETA: 3s - loss: 2.4518 - acc: 0.4806
 420/3900 [==>...........................] - ETA: 3s - loss: 2.4507 - acc: 0.4738
 480/3900 [==>...........................] - ETA: 3s - loss: 2.4492 - acc: 0.4583
 540/3900 [===>..........................] - ETA: 3s - loss: 2.4497 - acc: 0.4426
 600/3900 [===>..........................] - ETA: 3s - loss: 2.4484 - acc: 0.4283
 660/3900 [====>.........................] - ETA: 2s - loss: 2.4479 - acc: 0.4242
 720/3900 [====>.........................] - ETA: 2s - loss: 2.4462 - acc: 0.4208
 780/3900 [=====>........................] - ETA: 2s - loss: 2.4451 - acc: 0.4141
 840/3900 [=====>........................] - ETA: 2s - loss: 2.4442 - acc: 0.4143
 900/3900 [=====>........................] - ETA: 2s - loss: 2.4420 - acc: 0.4144
 960/3900 [======>.......................] - ETA: 2s - loss: 2.4406 - acc: 0.4146
1020/3900 [======>.......................] - ETA: 2s - loss: 2.4396 - acc: 0.4108
1080/3900 [=======>......................] - ETA: 2s - loss: 2.4383 - acc: 0.4074
1140/3900 [=======>......................] - ETA: 2s - loss: 2.4363 - acc: 0.4132
1200/3900 [========>.....................] - ETA: 2s - loss: 2.4347 - acc: 0.4175
1260/3900 [========>.....................] - ETA: 2s - loss: 2.4331 - acc: 0.4222
1320/3900 [=========>....................] - ETA: 2s - loss: 2.4321 - acc: 0.4273
1380/3900 [=========>....................] - ETA: 2s - loss: 2.4308 - acc: 0.4254
1440/3900 [==========>...................] - ETA: 2s - loss: 2.4299 - acc: 0.4292
1500/3900 [==========>...................] - ETA: 2s - loss: 2.4286 - acc: 0.4313
1560/3900 [===========>..................] - ETA: 2s - loss: 2.4267 - acc: 0.4333
1620/3900 [===========>..................] - ETA: 2s - loss: 2.4248 - acc: 0.4346
1680/3900 [===========>..................] - ETA: 2s - loss: 2.4236 - acc: 0.4327
1740/3900 [============>.................] - ETA: 1s - loss: 2.4222 - acc: 0.4310
1800/3900 [============>.................] - ETA: 1s - loss: 2.4208 - acc: 0.4344
1860/3900 [=============>................] - ETA: 1s - loss: 2.4195 - acc: 0.4355
1920/3900 [=============>................] - ETA: 1s - loss: 2.4180 - acc: 0.4370
1980/3900 [==============>...............] - ETA: 1s - loss: 2.4158 - acc: 0.4409
2040/3900 [==============>...............] - ETA: 1s - loss: 2.4137 - acc: 0.4431
2100/3900 [===============>..............] - ETA: 1s - loss: 2.4117 - acc: 0.4438
2160/3900 [===============>..............] - ETA: 1s - loss: 2.4094 - acc: 0.4444
2220/3900 [================>.............] - ETA: 1s - loss: 2.4068 - acc: 0.4455
2280/3900 [================>.............] - ETA: 1s - loss: 2.4047 - acc: 0.4452
2340/3900 [=================>............] - ETA: 1s - loss: 2.4032 - acc: 0.4415
2400/3900 [=================>............] - ETA: 1s - loss: 2.4017 - acc: 0.4383
2460/3900 [=================>............] - ETA: 1s - loss: 2.4000 - acc: 0.4378
2520/3900 [==================>...........] - ETA: 1s - loss: 2.3978 - acc: 0.4373
2580/3900 [==================>...........] - ETA: 1s - loss: 2.3957 - acc: 0.4368
2640/3900 [===================>..........] - ETA: 1s - loss: 2.3938 - acc: 0.4375
2700/3900 [===================>..........] - ETA: 1s - loss: 2.3916 - acc: 0.4374
2760/3900 [====================>.........] - ETA: 1s - loss: 2.3894 - acc: 0.4362
2820/3900 [====================>.........] - ETA: 0s - loss: 2.3866 - acc: 0.4355
2880/3900 [=====================>........] - ETA: 0s - loss: 2.3839 - acc: 0.4347
2940/3900 [=====================>........] - ETA: 0s - loss: 2.3819 - acc: 0.4323
3000/3900 [======================>.......] - ETA: 0s - loss: 2.3792 - acc: 0.4327
3060/3900 [======================>.......] - ETA: 0s - loss: 2.3770 - acc: 0.4291
3120/3900 [=======================>......] - ETA: 0s - loss: 2.3740 - acc: 0.4324
3180/3900 [=======================>......] - ETA: 0s - loss: 2.3714 - acc: 0.4333
3240/3900 [=======================>......] - ETA: 0s - loss: 2.3691 - acc: 0.4327
3300/3900 [========================>.....] - ETA: 0s - loss: 2.3665 - acc: 0.4327
3360/3900 [========================>.....] - ETA: 0s - loss: 2.3639 - acc: 0.4315
3420/3900 [=========================>....] - ETA: 0s - loss: 2.3618 - acc: 0.4292
3480/3900 [=========================>....] - ETA: 0s - loss: 2.3596 - acc: 0.4287
3540/3900 [==========================>...] - ETA: 0s - loss: 2.3569 - acc: 0.4280
3600/3900 [==========================>...] - ETA: 0s - loss: 2.3542 - acc: 0.4286
3660/3900 [===========================>..] - ETA: 0s - loss: 2.3511 - acc: 0.4301
3720/3900 [===========================>..] - ETA: 0s - loss: 2.3485 - acc: 0.4304
3780/3900 [============================>.] - ETA: 0s - loss: 2.3458 - acc: 0.4288
3840/3900 [============================>.] - ETA: 0s - loss: 2.3431 - acc: 0.4286
3900/3900 [==============================] - 4s 904us/step - loss: 2.3399 - acc: 0.4285 - val_loss: 2.2215 - val_acc: 0.2828
Current time ....3.526
Train on 600 samples, validate on 86 samples
Epoch 1/1

 10/600 [..............................] - ETA: 0s - loss: 0.4316 - acc: 1.0000
 70/600 [==>...........................] - ETA: 0s - loss: 0.4511 - acc: 0.9714
130/600 [=====>........................] - ETA: 0s - loss: 0.4555 - acc: 0.9538
190/600 [========>.....................] - ETA: 0s - loss: 0.4418 - acc: 0.9526
250/600 [===========>..................] - ETA: 0s - loss: 0.4360 - acc: 0.9560
310/600 [==============>...............] - ETA: 0s - loss: 0.4223 - acc: 0.9645
370/600 [=================>............] - ETA: 0s - loss: 0.4097 - acc: 0.9649
430/600 [====================>.........] - ETA: 0s - loss: 0.4055 - acc: 0.9651
490/600 [=======================>......] - ETA: 0s - loss: 0.3990 - acc: 0.9694
550/600 [==========================>...] - ETA: 0s - loss: 0.3917 - acc: 0.9691
600/600 [==============================] - 1s 926us/step - loss: 0.3875 - acc: 0.9700 - val_loss: 0.4349 - val_acc: 0.8953
Current time ....0.556
Train on 1200 samples, validate on 68 samples
Epoch 1/1

  10/1200 [..............................] - ETA: 1s - loss: 0.6563 - acc: 0.8000
  70/1200 [>.............................] - ETA: 0s - loss: 0.8716 - acc: 0.6714
 130/1200 [==>...........................] - ETA: 0s - loss: 0.8477 - acc: 0.7077
 190/1200 [===>..........................] - ETA: 0s - loss: 0.8530 - acc: 0.7000
 250/1200 [=====>........................] - ETA: 0s - loss: 0.8697 - acc: 0.6920
 310/1200 [======>.......................] - ETA: 0s - loss: 0.8587 - acc: 0.7097
 370/1200 [========>.....................] - ETA: 0s - loss: 0.8573 - acc: 0.7243
 430/1200 [=========>....................] - ETA: 0s - loss: 0.8442 - acc: 0.7326
 490/1200 [===========>..................] - ETA: 0s - loss: 0.8436 - acc: 0.7306
 550/1200 [============>.................] - ETA: 0s - loss: 0.8335 - acc: 0.7382
 610/1200 [==============>...............] - ETA: 0s - loss: 0.8390 - acc: 0.7295
 670/1200 [===============>..............] - ETA: 0s - loss: 0.8284 - acc: 0.7358
 730/1200 [=================>............] - ETA: 0s - loss: 0.8332 - acc: 0.7247
 790/1200 [==================>...........] - ETA: 0s - loss: 0.8260 - acc: 0.7291
 850/1200 [====================>.........] - ETA: 0s - loss: 0.8227 - acc: 0.7224
 910/1200 [=====================>........] - ETA: 0s - loss: 0.8160 - acc: 0.7275
 970/1200 [=======================>......] - ETA: 0s - loss: 0.8100 - acc: 0.7278
1030/1200 [========================>.....] - ETA: 0s - loss: 0.8083 - acc: 0.7252
1090/1200 [==========================>...] - ETA: 0s - loss: 0.8042 - acc: 0.7266
1150/1200 [===========================>..] - ETA: 0s - loss: 0.7990 - acc: 0.7261
1200/1200 [==============================] - 1s 907us/step - loss: 0.7917 - acc: 0.7300 - val_loss: 0.9664 - val_acc: 0.5735
Current time ....1.089
Train on 3900 samples, validate on 99 samples
Epoch 1/1

  10/3900 [..............................] - ETA: 3s - loss: 2.1140 - acc: 0.2000
  70/3900 [..............................] - ETA: 3s - loss: 2.1253 - acc: 0.3857
 130/3900 [>.............................] - ETA: 3s - loss: 2.1259 - acc: 0.4308
 190/3900 [>.............................] - ETA: 3s - loss: 2.1287 - acc: 0.3684
 250/3900 [>.............................] - ETA: 3s - loss: 2.1212 - acc: 0.3880
 310/3900 [=>............................] - ETA: 3s - loss: 2.1255 - acc: 0.3613
 370/3900 [=>............................] - ETA: 3s - loss: 2.1235 - acc: 0.3486
 430/3900 [==>...........................] - ETA: 3s - loss: 2.1238 - acc: 0.3605
 490/3900 [==>...........................] - ETA: 3s - loss: 2.1217 - acc: 0.3673
 550/3900 [===>..........................] - ETA: 2s - loss: 2.1149 - acc: 0.3764
 610/3900 [===>..........................] - ETA: 2s - loss: 2.1065 - acc: 0.3738
 670/3900 [====>.........................] - ETA: 2s - loss: 2.0989 - acc: 0.3701
 730/3900 [====>.........................] - ETA: 2s - loss: 2.0935 - acc: 0.3644
 790/3900 [=====>........................] - ETA: 2s - loss: 2.0936 - acc: 0.3519
 850/3900 [=====>........................] - ETA: 2s - loss: 2.0907 - acc: 0.3529
 910/3900 [======>.......................] - ETA: 2s - loss: 2.0871 - acc: 0.3516
 970/3900 [======>.......................] - ETA: 2s - loss: 2.0839 - acc: 0.3557
1030/3900 [======>.......................] - ETA: 2s - loss: 2.0814 - acc: 0.3515
1090/3900 [=======>......................] - ETA: 2s - loss: 2.0792 - acc: 0.3532
1150/3900 [=======>......................] - ETA: 2s - loss: 2.0747 - acc: 0.3522
1210/3900 [========>.....................] - ETA: 2s - loss: 2.0718 - acc: 0.3554
1270/3900 [========>.....................] - ETA: 2s - loss: 2.0687 - acc: 0.3496
1330/3900 [=========>....................] - ETA: 2s - loss: 2.0683 - acc: 0.3444
1390/3900 [=========>....................] - ETA: 2s - loss: 2.0671 - acc: 0.3417
1450/3900 [==========>...................] - ETA: 2s - loss: 2.0629 - acc: 0.3407
1510/3900 [==========>...................] - ETA: 2s - loss: 2.0617 - acc: 0.3338
1570/3900 [===========>..................] - ETA: 2s - loss: 2.0586 - acc: 0.3331
1630/3900 [===========>..................] - ETA: 2s - loss: 2.0543 - acc: 0.3325
1690/3900 [============>.................] - ETA: 1s - loss: 2.0508 - acc: 0.3325
1750/3900 [============>.................] - ETA: 1s - loss: 2.0485 - acc: 0.3291
1810/3900 [============>.................] - ETA: 1s - loss: 2.0455 - acc: 0.3282
1870/3900 [=============>................] - ETA: 1s - loss: 2.0431 - acc: 0.3267
1930/3900 [=============>................] - ETA: 1s - loss: 2.0399 - acc: 0.3238
1990/3900 [==============>...............] - ETA: 1s - loss: 2.0367 - acc: 0.3266
2050/3900 [==============>...............] - ETA: 1s - loss: 2.0329 - acc: 0.3278
2110/3900 [===============>..............] - ETA: 1s - loss: 2.0295 - acc: 0.3256
2170/3900 [===============>..............] - ETA: 1s - loss: 2.0283 - acc: 0.3240
2230/3900 [================>.............] - ETA: 1s - loss: 2.0258 - acc: 0.3220
2290/3900 [================>.............] - ETA: 1s - loss: 2.0228 - acc: 0.3218
2350/3900 [=================>............] - ETA: 1s - loss: 2.0223 - acc: 0.3200
2400/3900 [=================>............] - ETA: 1s - loss: 2.0213 - acc: 0.3217
2460/3900 [=================>............] - ETA: 1s - loss: 2.0181 - acc: 0.3244
2520/3900 [==================>...........] - ETA: 1s - loss: 2.0145 - acc: 0.3270
2580/3900 [==================>...........] - ETA: 1s - loss: 2.0124 - acc: 0.3283
2640/3900 [===================>..........] - ETA: 1s - loss: 2.0102 - acc: 0.3322
2700/3900 [===================>..........] - ETA: 1s - loss: 2.0079 - acc: 0.3337
2760/3900 [====================>.........] - ETA: 1s - loss: 2.0048 - acc: 0.3370
2820/3900 [====================>.........] - ETA: 0s - loss: 2.0039 - acc: 0.3376
2880/3900 [=====================>........] - ETA: 0s - loss: 2.0029 - acc: 0.3378
2940/3900 [=====================>........] - ETA: 0s - loss: 2.0002 - acc: 0.3405
3000/3900 [======================>.......] - ETA: 0s - loss: 1.9978 - acc: 0.3423
3060/3900 [======================>.......] - ETA: 0s - loss: 1.9949 - acc: 0.3458
3120/3900 [=======================>......] - ETA: 0s - loss: 1.9920 - acc: 0.3471
3180/3900 [=======================>......] - ETA: 0s - loss: 1.9882 - acc: 0.3497
3240/3900 [=======================>......] - ETA: 0s - loss: 1.9854 - acc: 0.3506
3300/3900 [========================>.....] - ETA: 0s - loss: 1.9826 - acc: 0.3539
3360/3900 [========================>.....] - ETA: 0s - loss: 1.9812 - acc: 0.3551
3420/3900 [=========================>....] - ETA: 0s - loss: 1.9800 - acc: 0.3564
3480/3900 [=========================>....] - ETA: 0s - loss: 1.9786 - acc: 0.3560
3540/3900 [==========================>...] - ETA: 0s - loss: 1.9761 - acc: 0.3585
3600/3900 [==========================>...] - ETA: 0s - loss: 1.9747 - acc: 0.3583
3660/3900 [===========================>..] - ETA: 0s - loss: 1.9734 - acc: 0.3593
3720/3900 [===========================>..] - ETA: 0s - loss: 1.9701 - acc: 0.3616
3780/3900 [============================>.] - ETA: 0s - loss: 1.9680 - acc: 0.3627
3840/3900 [============================>.] - ETA: 0s - loss: 1.9659 - acc: 0.3635
3900/3900 [==============================] - 4s 899us/step - loss: 1.9640 - acc: 0.3638 - val_loss: 1.9390 - val_acc: 0.2828
Current time ....3.507
Train on 600 samples, validate on 86 samples
Epoch 1/1

 10/600 [..............................] - ETA: 0s - loss: 0.2153 - acc: 1.0000
 70/600 [==>...........................] - ETA: 0s - loss: 0.3073 - acc: 0.9857
130/600 [=====>........................] - ETA: 0s - loss: 0.2751 - acc: 0.9846
190/600 [========>.....................] - ETA: 0s - loss: 0.2776 - acc: 0.9842
250/600 [===========>..................] - ETA: 0s - loss: 0.2663 - acc: 0.9880
310/600 [==============>...............] - ETA: 0s - loss: 0.2632 - acc: 0.9871
370/600 [=================>............] - ETA: 0s - loss: 0.2560 - acc: 0.9865
430/600 [====================>.........] - ETA: 0s - loss: 0.2493 - acc: 0.9860
490/600 [=======================>......] - ETA: 0s - loss: 0.2478 - acc: 0.9816
550/600 [==========================>...] - ETA: 0s - loss: 0.2455 - acc: 0.9818
600/600 [==============================] - 1s 931us/step - loss: 0.2489 - acc: 0.9783 - val_loss: 0.3807 - val_acc: 0.8953
Current time ....0.559
Train on 1200 samples, validate on 68 samples
Epoch 1/1

  10/1200 [..............................] - ETA: 1s - loss: 0.6450 - acc: 0.7000
  70/1200 [>.............................] - ETA: 1s - loss: 0.6948 - acc: 0.7857
 130/1200 [==>...........................] - ETA: 0s - loss: 0.6663 - acc: 0.8154
 190/1200 [===>..........................] - ETA: 0s - loss: 0.6575 - acc: 0.8158
 250/1200 [=====>........................] - ETA: 0s - loss: 0.6622 - acc: 0.8120
 310/1200 [======>.......................] - ETA: 0s - loss: 0.6598 - acc: 0.8097
 370/1200 [========>.....................] - ETA: 0s - loss: 0.6361 - acc: 0.8162
 430/1200 [=========>....................] - ETA: 0s - loss: 0.6258 - acc: 0.8186
 490/1200 [===========>..................] - ETA: 0s - loss: 0.6229 - acc: 0.8122
 550/1200 [============>.................] - ETA: 0s - loss: 0.6217 - acc: 0.8127
 610/1200 [==============>...............] - ETA: 0s - loss: 0.6206 - acc: 0.8098
 670/1200 [===============>..............] - ETA: 0s - loss: 0.6151 - acc: 0.8104
 730/1200 [=================>............] - ETA: 0s - loss: 0.6181 - acc: 0.8027
 790/1200 [==================>...........] - ETA: 0s - loss: 0.6159 - acc: 0.8025
 850/1200 [====================>.........] - ETA: 0s - loss: 0.6128 - acc: 0.8047
 910/1200 [=====================>........] - ETA: 0s - loss: 0.6106 - acc: 0.8011
 970/1200 [=======================>......] - ETA: 0s - loss: 0.6027 - acc: 0.8072
1030/1200 [========================>.....] - ETA: 0s - loss: 0.5999 - acc: 0.8058
1090/1200 [==========================>...] - ETA: 0s - loss: 0.5966 - acc: 0.8055
1150/1200 [===========================>..] - ETA: 0s - loss: 0.5927 - acc: 0.8087
1200/1200 [==============================] - 1s 898us/step - loss: 0.5891 - acc: 0.8100 - val_loss: 0.9062 - val_acc: 0.6176
Current time ....1.078
Train on 3900 samples, validate on 99 samples
Epoch 1/1

  10/3900 [..............................] - ETA: 3s - loss: 1.8734 - acc: 0.3000
  70/3900 [..............................] - ETA: 3s - loss: 1.8306 - acc: 0.4429
 130/3900 [>.............................] - ETA: 3s - loss: 1.8028 - acc: 0.4923
 190/3900 [>.............................] - ETA: 3s - loss: 1.8217 - acc: 0.4368
 250/3900 [>.............................] - ETA: 3s - loss: 1.8214 - acc: 0.4520
 310/3900 [=>............................] - ETA: 3s - loss: 1.8151 - acc: 0.4677
 370/3900 [=>............................] - ETA: 3s - loss: 1.8115 - acc: 0.4703
 430/3900 [==>...........................] - ETA: 3s - loss: 1.8171 - acc: 0.4674
 490/3900 [==>...........................] - ETA: 3s - loss: 1.8142 - acc: 0.4653
 550/3900 [===>..........................] - ETA: 2s - loss: 1.8120 - acc: 0.4655
 610/3900 [===>..........................] - ETA: 2s - loss: 1.8143 - acc: 0.4607
 670/3900 [====>.........................] - ETA: 2s - loss: 1.8097 - acc: 0.4731
 730/3900 [====>.........................] - ETA: 2s - loss: 1.8068 - acc: 0.4767
 790/3900 [=====>........................] - ETA: 2s - loss: 1.8054 - acc: 0.4797
 850/3900 [=====>........................] - ETA: 2s - loss: 1.8049 - acc: 0.4800
 910/3900 [======>.......................] - ETA: 2s - loss: 1.8073 - acc: 0.4769
 970/3900 [======>.......................] - ETA: 2s - loss: 1.8048 - acc: 0.4784
1030/3900 [======>.......................] - ETA: 2s - loss: 1.8044 - acc: 0.4738
1090/3900 [=======>......................] - ETA: 2s - loss: 1.8034 - acc: 0.4679
1150/3900 [=======>......................] - ETA: 2s - loss: 1.8063 - acc: 0.4652
1210/3900 [========>.....................] - ETA: 2s - loss: 1.8038 - acc: 0.4645
1270/3900 [========>.....................] - ETA: 2s - loss: 1.8067 - acc: 0.4575
1320/3900 [=========>....................] - ETA: 2s - loss: 1.8039 - acc: 0.4576
1380/3900 [=========>....................] - ETA: 2s - loss: 1.8020 - acc: 0.4601
1440/3900 [==========>...................] - ETA: 2s - loss: 1.7990 - acc: 0.4597
1500/3900 [==========>...................] - ETA: 2s - loss: 1.7977 - acc: 0.4533
1560/3900 [===========>..................] - ETA: 2s - loss: 1.7954 - acc: 0.4538
1620/3900 [===========>..................] - ETA: 2s - loss: 1.7917 - acc: 0.4568
1680/3900 [===========>..................] - ETA: 1s - loss: 1.7917 - acc: 0.4548
1740/3900 [============>.................] - ETA: 1s - loss: 1.7907 - acc: 0.4557
1800/3900 [============>.................] - ETA: 1s - loss: 1.7888 - acc: 0.4556
1860/3900 [=============>................] - ETA: 1s - loss: 1.7878 - acc: 0.4548
1920/3900 [=============>................] - ETA: 1s - loss: 1.7835 - acc: 0.4563
1980/3900 [==============>...............] - ETA: 1s - loss: 1.7823 - acc: 0.4540
2040/3900 [==============>...............] - ETA: 1s - loss: 1.7783 - acc: 0.4569
2100/3900 [===============>..............] - ETA: 1s - loss: 1.7781 - acc: 0.4548
2160/3900 [===============>..............] - ETA: 1s - loss: 1.7755 - acc: 0.4560
2220/3900 [================>.............] - ETA: 1s - loss: 1.7745 - acc: 0.4536
2280/3900 [================>.............] - ETA: 1s - loss: 1.7724 - acc: 0.4548
2340/3900 [=================>............] - ETA: 1s - loss: 1.7719 - acc: 0.4547
2400/3900 [=================>............] - ETA: 1s - loss: 1.7704 - acc: 0.4571
2460/3900 [=================>............] - ETA: 1s - loss: 1.7691 - acc: 0.4581
2520/3900 [==================>...........] - ETA: 1s - loss: 1.7671 - acc: 0.4583
2580/3900 [==================>...........] - ETA: 1s - loss: 1.7660 - acc: 0.4597
2640/3900 [===================>..........] - ETA: 1s - loss: 1.7652 - acc: 0.4598
2700/3900 [===================>..........] - ETA: 1s - loss: 1.7632 - acc: 0.4581
2760/3900 [====================>.........] - ETA: 1s - loss: 1.7600 - acc: 0.4569
2820/3900 [====================>.........] - ETA: 0s - loss: 1.7580 - acc: 0.4567
2880/3900 [=====================>........] - ETA: 0s - loss: 1.7554 - acc: 0.4590
2940/3900 [=====================>........] - ETA: 0s - loss: 1.7546 - acc: 0.4585
3000/3900 [======================>.......] - ETA: 0s - loss: 1.7559 - acc: 0.4547
3060/3900 [======================>.......] - ETA: 0s - loss: 1.7539 - acc: 0.4549
3120/3900 [=======================>......] - ETA: 0s - loss: 1.7534 - acc: 0.4538
3180/3900 [=======================>......] - ETA: 0s - loss: 1.7509 - acc: 0.4544
3240/3900 [=======================>......] - ETA: 0s - loss: 1.7494 - acc: 0.4559
3300/3900 [========================>.....] - ETA: 0s - loss: 1.7480 - acc: 0.4588
3360/3900 [========================>.....] - ETA: 0s - loss: 1.7466 - acc: 0.4610
3420/3900 [=========================>....] - ETA: 0s - loss: 1.7458 - acc: 0.4611
3480/3900 [=========================>....] - ETA: 0s - loss: 1.7452 - acc: 0.4603
3540/3900 [==========================>...] - ETA: 0s - loss: 1.7436 - acc: 0.4605
3600/3900 [==========================>...] - ETA: 0s - loss: 1.7424 - acc: 0.4622
3660/3900 [===========================>..] - ETA: 0s - loss: 1.7429 - acc: 0.4617
3720/3900 [===========================>..] - ETA: 0s - loss: 1.7425 - acc: 0.4613
3780/3900 [============================>.] - ETA: 0s - loss: 1.7413 - acc: 0.4611
3840/3900 [============================>.] - ETA: 0s - loss: 1.7388 - acc: 0.4628
3900/3900 [==============================] - 4s 907us/step - loss: 1.7375 - acc: 0.4628 - val_loss: 1.8750 - val_acc: 0.2727
Current time ....3.539
Train on 600 samples, validate on 86 samples
Epoch 1/1

 10/600 [..............................] - ETA: 0s - loss: 0.1315 - acc: 1.0000
 70/600 [==>...........................] - ETA: 0s - loss: 0.1668 - acc: 0.9714
130/600 [=====>........................] - ETA: 0s - loss: 0.2087 - acc: 0.9615
190/600 [========>.....................] - ETA: 0s - loss: 0.1903 - acc: 0.9632
250/600 [===========>..................] - ETA: 0s - loss: 0.1925 - acc: 0.9680
310/600 [==============>...............] - ETA: 0s - loss: 0.1875 - acc: 0.9742
370/600 [=================>............] - ETA: 0s - loss: 0.1824 - acc: 0.9784
430/600 [====================>.........] - ETA: 0s - loss: 0.1820 - acc: 0.9791
490/600 [=======================>......] - ETA: 0s - loss: 0.1766 - acc: 0.9796
550/600 [==========================>...] - ETA: 0s - loss: 0.1722 - acc: 0.9800
600/600 [==============================] - 1s 923us/step - loss: 0.1645 - acc: 0.9817 - val_loss: 0.3779 - val_acc: 0.9186
Current time ....0.554
Train on 1200 samples, validate on 68 samples
Epoch 1/1

  10/1200 [..............................] - ETA: 1s - loss: 0.4985 - acc: 0.9000
  70/1200 [>.............................] - ETA: 1s - loss: 0.4300 - acc: 0.9143
 130/1200 [==>...........................] - ETA: 0s - loss: 0.4580 - acc: 0.8692
 190/1200 [===>..........................] - ETA: 0s - loss: 0.4731 - acc: 0.8737
 250/1200 [=====>........................] - ETA: 0s - loss: 0.4967 - acc: 0.8520
 310/1200 [======>.......................] - ETA: 0s - loss: 0.4800 - acc: 0.8581
 370/1200 [========>.....................] - ETA: 0s - loss: 0.4763 - acc: 0.8595
 430/1200 [=========>....................] - ETA: 0s - loss: 0.4595 - acc: 0.8698
 490/1200 [===========>..................] - ETA: 0s - loss: 0.4626 - acc: 0.8694
 550/1200 [============>.................] - ETA: 0s - loss: 0.4556 - acc: 0.8745
 610/1200 [==============>...............] - ETA: 0s - loss: 0.4541 - acc: 0.8672
 670/1200 [===============>..............] - ETA: 0s - loss: 0.4550 - acc: 0.8642
 730/1200 [=================>............] - ETA: 0s - loss: 0.4605 - acc: 0.8603
 790/1200 [==================>...........] - ETA: 0s - loss: 0.4592 - acc: 0.8595
 850/1200 [====================>.........] - ETA: 0s - loss: 0.4525 - acc: 0.8647
 910/1200 [=====================>........] - ETA: 0s - loss: 0.4467 - acc: 0.8692
 970/1200 [=======================>......] - ETA: 0s - loss: 0.4397 - acc: 0.8732
1030/1200 [========================>.....] - ETA: 0s - loss: 0.4368 - acc: 0.8748
1090/1200 [==========================>...] - ETA: 0s - loss: 0.4346 - acc: 0.8752
1150/1200 [===========================>..] - ETA: 0s - loss: 0.4308 - acc: 0.8783
1200/1200 [==============================] - 1s 911us/step - loss: 0.4281 - acc: 0.8783 - val_loss: 0.7299 - val_acc: 0.7353
Current time ....1.093
Train on 3900 samples, validate on 99 samples
Epoch 1/1

  10/3900 [..............................] - ETA: 3s - loss: 1.6029 - acc: 0.4000
  70/3900 [..............................] - ETA: 3s - loss: 1.5432 - acc: 0.4714
 130/3900 [>.............................] - ETA: 3s - loss: 1.6024 - acc: 0.4692
 190/3900 [>.............................] - ETA: 3s - loss: 1.6101 - acc: 0.4895
 250/3900 [>.............................] - ETA: 3s - loss: 1.6130 - acc: 0.5240
 310/3900 [=>............................] - ETA: 3s - loss: 1.5981 - acc: 0.5226
 370/3900 [=>............................] - ETA: 3s - loss: 1.6007 - acc: 0.5081
 430/3900 [==>...........................] - ETA: 3s - loss: 1.6117 - acc: 0.5000
 490/3900 [==>...........................] - ETA: 3s - loss: 1.6092 - acc: 0.4898
 550/3900 [===>..........................] - ETA: 3s - loss: 1.6123 - acc: 0.4745
 610/3900 [===>..........................] - ETA: 2s - loss: 1.6181 - acc: 0.4754
 670/3900 [====>.........................] - ETA: 2s - loss: 1.6249 - acc: 0.4746
 730/3900 [====>.........................] - ETA: 2s - loss: 1.6176 - acc: 0.4877
 790/3900 [=====>........................] - ETA: 2s - loss: 1.6134 - acc: 0.4987
 850/3900 [=====>........................] - ETA: 2s - loss: 1.6161 - acc: 0.4965
 910/3900 [======>.......................] - ETA: 2s - loss: 1.6153 - acc: 0.4956
 970/3900 [======>.......................] - ETA: 2s - loss: 1.6139 - acc: 0.5000
1030/3900 [======>.......................] - ETA: 2s - loss: 1.6115 - acc: 0.5019
1090/3900 [=======>......................] - ETA: 2s - loss: 1.6107 - acc: 0.5046
1150/3900 [=======>......................] - ETA: 2s - loss: 1.6091 - acc: 0.5043
1210/3900 [========>.....................] - ETA: 2s - loss: 1.6063 - acc: 0.5050
1270/3900 [========>.....................] - ETA: 2s - loss: 1.6017 - acc: 0.5047
1330/3900 [=========>....................] - ETA: 2s - loss: 1.5976 - acc: 0.5038
1390/3900 [=========>....................] - ETA: 2s - loss: 1.5998 - acc: 0.5022
1450/3900 [==========>...................] - ETA: 2s - loss: 1.6013 - acc: 0.5028
1510/3900 [==========>...................] - ETA: 2s - loss: 1.5983 - acc: 0.5079
1570/3900 [===========>..................] - ETA: 2s - loss: 1.5994 - acc: 0.5083
1630/3900 [===========>..................] - ETA: 2s - loss: 1.6005 - acc: 0.5067
1690/3900 [============>.................] - ETA: 1s - loss: 1.5978 - acc: 0.5095
1750/3900 [============>.................] - ETA: 1s - loss: 1.5915 - acc: 0.5126
1810/3900 [============>.................] - ETA: 1s - loss: 1.5918 - acc: 0.5105
1870/3900 [=============>................] - ETA: 1s - loss: 1.5879 - acc: 0.5128
1930/3900 [=============>................] - ETA: 1s - loss: 1.5833 - acc: 0.5130
1990/3900 [==============>...............] - ETA: 1s - loss: 1.5805 - acc: 0.5131
2050/3900 [==============>...............] - ETA: 1s - loss: 1.5804 - acc: 0.5141
2110/3900 [===============>..............] - ETA: 1s - loss: 1.5806 - acc: 0.5137
2170/3900 [===============>..............] - ETA: 1s - loss: 1.5808 - acc: 0.5138
2230/3900 [================>.............] - ETA: 1s - loss: 1.5792 - acc: 0.5143
2290/3900 [================>.............] - ETA: 1s - loss: 1.5782 - acc: 0.5157
2350/3900 [=================>............] - ETA: 1s - loss: 1.5755 - acc: 0.5153
2410/3900 [=================>............] - ETA: 1s - loss: 1.5702 - acc: 0.5166
2470/3900 [==================>...........] - ETA: 1s - loss: 1.5672 - acc: 0.5174
2530/3900 [==================>...........] - ETA: 1s - loss: 1.5651 - acc: 0.5190
2590/3900 [==================>...........] - ETA: 1s - loss: 1.5659 - acc: 0.5185
2650/3900 [===================>..........] - ETA: 1s - loss: 1.5641 - acc: 0.5215
2710/3900 [===================>..........] - ETA: 1s - loss: 1.5641 - acc: 0.5196
2770/3900 [====================>.........] - ETA: 1s - loss: 1.5598 - acc: 0.5245
2830/3900 [====================>.........] - ETA: 0s - loss: 1.5591 - acc: 0.5233
2890/3900 [=====================>........] - ETA: 0s - loss: 1.5597 - acc: 0.5204
2950/3900 [=====================>........] - ETA: 0s - loss: 1.5602 - acc: 0.5197
3010/3900 [======================>.......] - ETA: 0s - loss: 1.5589 - acc: 0.5193
3070/3900 [======================>.......] - ETA: 0s - loss: 1.5588 - acc: 0.5202
3130/3900 [=======================>......] - ETA: 0s - loss: 1.5557 - acc: 0.5214
3190/3900 [=======================>......] - ETA: 0s - loss: 1.5529 - acc: 0.5229
3250/3900 [========================>.....] - ETA: 0s - loss: 1.5490 - acc: 0.5243
3310/3900 [========================>.....] - ETA: 0s - loss: 1.5463 - acc: 0.5260
3370/3900 [========================>.....] - ETA: 0s - loss: 1.5448 - acc: 0.5261
3430/3900 [=========================>....] - ETA: 0s - loss: 1.5436 - acc: 0.5262
3490/3900 [=========================>....] - ETA: 0s - loss: 1.5416 - acc: 0.5266
3550/3900 [==========================>...] - ETA: 0s - loss: 1.5408 - acc: 0.5270
3610/3900 [==========================>...] - ETA: 0s - loss: 1.5400 - acc: 0.5266
3670/3900 [===========================>..] - ETA: 0s - loss: 1.5390 - acc: 0.5262
3730/3900 [===========================>..] - ETA: 0s - loss: 1.5356 - acc: 0.5284
3790/3900 [============================>.] - ETA: 0s - loss: 1.5344 - acc: 0.5280
3850/3900 [============================>.] - ETA: 0s - loss: 1.5329 - acc: 0.5286
3900/3900 [==============================] - 4s 901us/step - loss: 1.5310 - acc: 0.5292 - val_loss: 1.7732 - val_acc: 0.3434
Current time ....3.514
Train on 600 samples, validate on 86 samples
Epoch 1/1

 10/600 [..............................] - ETA: 0s - loss: 0.1645 - acc: 1.0000
 70/600 [==>...........................] - ETA: 0s - loss: 0.1045 - acc: 1.0000
130/600 [=====>........................] - ETA: 0s - loss: 0.1217 - acc: 0.9923
190/600 [========>.....................] - ETA: 0s - loss: 0.1176 - acc: 0.9895
250/600 [===========>..................] - ETA: 0s - loss: 0.1142 - acc: 0.9920
310/600 [==============>...............] - ETA: 0s - loss: 0.1258 - acc: 0.9871
370/600 [=================>............] - ETA: 0s - loss: 0.1227 - acc: 0.9865
430/600 [====================>.........] - ETA: 0s - loss: 0.1154 - acc: 0.9884
490/600 [=======================>......] - ETA: 0s - loss: 0.1139 - acc: 0.9878
550/600 [==========================>...] - ETA: 0s - loss: 0.1116 - acc: 0.9873
600/600 [==============================] - 1s 919us/step - loss: 0.1102 - acc: 0.9867 - val_loss: 0.4455 - val_acc: 0.8953
Current time ....0.552
Train on 1200 samples, validate on 68 samples
Epoch 1/1

  10/1200 [..............................] - ETA: 1s - loss: 0.4170 - acc: 0.8000
  70/1200 [>.............................] - ETA: 0s - loss: 0.3743 - acc: 0.9000
 130/1200 [==>...........................] - ETA: 0s - loss: 0.3553 - acc: 0.9077
 190/1200 [===>..........................] - ETA: 0s - loss: 0.3480 - acc: 0.9000
 250/1200 [=====>........................] - ETA: 0s - loss: 0.3451 - acc: 0.9080
 310/1200 [======>.......................] - ETA: 0s - loss: 0.3354 - acc: 0.9097
 370/1200 [========>.....................] - ETA: 0s - loss: 0.3369 - acc: 0.9054
 430/1200 [=========>....................] - ETA: 0s - loss: 0.3349 - acc: 0.9023
 490/1200 [===========>..................] - ETA: 0s - loss: 0.3346 - acc: 0.9000
 550/1200 [============>.................] - ETA: 0s - loss: 0.3304 - acc: 0.9018
 610/1200 [==============>...............] - ETA: 0s - loss: 0.3244 - acc: 0.9049
 670/1200 [===============>..............] - ETA: 0s - loss: 0.3200 - acc: 0.9075
 730/1200 [=================>............] - ETA: 0s - loss: 0.3188 - acc: 0.9082
 790/1200 [==================>...........] - ETA: 0s - loss: 0.3148 - acc: 0.9139
 850/1200 [====================>.........] - ETA: 0s - loss: 0.3106 - acc: 0.9188
 910/1200 [=====================>........] - ETA: 0s - loss: 0.3152 - acc: 0.9154
 970/1200 [=======================>......] - ETA: 0s - loss: 0.3159 - acc: 0.9175
1030/1200 [========================>.....] - ETA: 0s - loss: 0.3181 - acc: 0.9126
1090/1200 [==========================>...] - ETA: 0s - loss: 0.3190 - acc: 0.9101
1150/1200 [===========================>..] - ETA: 0s - loss: 0.3239 - acc: 0.9061
1200/1200 [==============================] - 1s 906us/step - loss: 0.3195 - acc: 0.9083 - val_loss: 0.9605 - val_acc: 0.6618
Current time ....1.088
Train on 3900 samples, validate on 99 samples
Epoch 1/1

  10/3900 [..............................] - ETA: 3s - loss: 1.1528 - acc: 0.6000
  70/3900 [..............................] - ETA: 3s - loss: 1.4938 - acc: 0.4571
 130/3900 [>.............................] - ETA: 3s - loss: 1.4590 - acc: 0.5000
 190/3900 [>.............................] - ETA: 3s - loss: 1.4312 - acc: 0.5316
 250/3900 [>.............................] - ETA: 3s - loss: 1.4185 - acc: 0.5560
 310/3900 [=>............................] - ETA: 3s - loss: 1.4225 - acc: 0.5516
 370/3900 [=>............................] - ETA: 3s - loss: 1.3967 - acc: 0.5568
 430/3900 [==>...........................] - ETA: 3s - loss: 1.3952 - acc: 0.5628
 490/3900 [==>...........................] - ETA: 3s - loss: 1.3995 - acc: 0.5735
 550/3900 [===>..........................] - ETA: 3s - loss: 1.3947 - acc: 0.5764
 610/3900 [===>..........................] - ETA: 2s - loss: 1.3995 - acc: 0.5705
 670/3900 [====>.........................] - ETA: 2s - loss: 1.3994 - acc: 0.5657
 730/3900 [====>.........................] - ETA: 2s - loss: 1.3975 - acc: 0.5658
 790/3900 [=====>........................] - ETA: 2s - loss: 1.3974 - acc: 0.5671
 850/3900 [=====>........................] - ETA: 2s - loss: 1.3965 - acc: 0.5694
 910/3900 [======>.......................] - ETA: 2s - loss: 1.3960 - acc: 0.5725
 970/3900 [======>.......................] - ETA: 2s - loss: 1.3971 - acc: 0.5691
1030/3900 [======>.......................] - ETA: 2s - loss: 1.3952 - acc: 0.5709
1090/3900 [=======>......................] - ETA: 2s - loss: 1.3922 - acc: 0.5697
1150/3900 [=======>......................] - ETA: 2s - loss: 1.3837 - acc: 0.5765
1210/3900 [========>.....................] - ETA: 2s - loss: 1.3805 - acc: 0.5777
1270/3900 [========>.....................] - ETA: 2s - loss: 1.3764 - acc: 0.5787
1330/3900 [=========>....................] - ETA: 2s - loss: 1.3757 - acc: 0.5774
1390/3900 [=========>....................] - ETA: 2s - loss: 1.3723 - acc: 0.5827
1450/3900 [==========>...................] - ETA: 2s - loss: 1.3716 - acc: 0.5848
1510/3900 [==========>...................] - ETA: 2s - loss: 1.3647 - acc: 0.5868
1570/3900 [===========>..................] - ETA: 2s - loss: 1.3636 - acc: 0.5841
1630/3900 [===========>..................] - ETA: 2s - loss: 1.3585 - acc: 0.5883
1690/3900 [============>.................] - ETA: 1s - loss: 1.3606 - acc: 0.5858
1750/3900 [============>.................] - ETA: 1s - loss: 1.3616 - acc: 0.5823
1810/3900 [============>.................] - ETA: 1s - loss: 1.3609 - acc: 0.5823
1870/3900 [=============>................] - ETA: 1s - loss: 1.3645 - acc: 0.5786
1930/3900 [=============>................] - ETA: 1s - loss: 1.3639 - acc: 0.5782
1990/3900 [==============>...............] - ETA: 1s - loss: 1.3608 - acc: 0.5799
2050/3900 [==============>...............] - ETA: 1s - loss: 1.3590 - acc: 0.5780
2110/3900 [===============>..............] - ETA: 1s - loss: 1.3547 - acc: 0.5791
2170/3900 [===============>..............] - ETA: 1s - loss: 1.3520 - acc: 0.5816
2230/3900 [================>.............] - ETA: 1s - loss: 1.3485 - acc: 0.5834
2290/3900 [================>.............] - ETA: 1s - loss: 1.3455 - acc: 0.5856
2350/3900 [=================>............] - ETA: 1s - loss: 1.3426 - acc: 0.5868
2410/3900 [=================>............] - ETA: 1s - loss: 1.3400 - acc: 0.5880
2470/3900 [==================>...........] - ETA: 1s - loss: 1.3359 - acc: 0.5907
2530/3900 [==================>...........] - ETA: 1s - loss: 1.3334 - acc: 0.5917
2590/3900 [==================>...........] - ETA: 1s - loss: 1.3294 - acc: 0.5934
2650/3900 [===================>..........] - ETA: 1s - loss: 1.3272 - acc: 0.5932
2710/3900 [===================>..........] - ETA: 1s - loss: 1.3247 - acc: 0.5952
2770/3900 [====================>.........] - ETA: 1s - loss: 1.3207 - acc: 0.5968
2830/3900 [====================>.........] - ETA: 0s - loss: 1.3159 - acc: 0.6007
2890/3900 [=====================>........] - ETA: 0s - loss: 1.3114 - acc: 0.6038
2950/3900 [=====================>........] - ETA: 0s - loss: 1.3082 - acc: 0.6044
3010/3900 [======================>.......] - ETA: 0s - loss: 1.3089 - acc: 0.6037
3070/3900 [======================>.......] - ETA: 0s - loss: 1.3051 - acc: 0.6042
3130/3900 [=======================>......] - ETA: 0s - loss: 1.3041 - acc: 0.6042
3190/3900 [=======================>......] - ETA: 0s - loss: 1.3028 - acc: 0.6038
3250/3900 [========================>.....] - ETA: 0s - loss: 1.3018 - acc: 0.6040
3310/3900 [========================>.....] - ETA: 0s - loss: 1.2970 - acc: 0.6060
3370/3900 [========================>.....] - ETA: 0s - loss: 1.2971 - acc: 0.6050
3430/3900 [=========================>....] - ETA: 0s - loss: 1.2960 - acc: 0.6058
3490/3900 [=========================>....] - ETA: 0s - loss: 1.2928 - acc: 0.6066
3550/3900 [==========================>...] - ETA: 0s - loss: 1.2922 - acc: 0.6059
3610/3900 [==========================>...] - ETA: 0s - loss: 1.2918 - acc: 0.6061
3670/3900 [===========================>..] - ETA: 0s - loss: 1.2925 - acc: 0.6038
3730/3900 [===========================>..] - ETA: 0s - loss: 1.2919 - acc: 0.6032
3790/3900 [============================>.] - ETA: 0s - loss: 1.2923 - acc: 0.6026
3850/3900 [============================>.] - ETA: 0s - loss: 1.2908 - acc: 0.6018
3900/3900 [==============================] - 4s 898us/step - loss: 1.2886 - acc: 0.6026 - val_loss: 1.6493 - val_acc: 0.4242
Current time ....3.502
Train on 600 samples, validate on 86 samples
Epoch 1/1

 10/600 [..............................] - ETA: 0s - loss: 0.1189 - acc: 1.0000
 70/600 [==>...........................] - ETA: 0s - loss: 0.1183 - acc: 0.9857
130/600 [=====>........................] - ETA: 0s - loss: 0.0971 - acc: 0.9923
190/600 [========>.....................] - ETA: 0s - loss: 0.0877 - acc: 0.9947
250/600 [===========>..................] - ETA: 0s - loss: 0.0777 - acc: 0.9960
310/600 [==============>...............] - ETA: 0s - loss: 0.0769 - acc: 0.9968
370/600 [=================>............] - ETA: 0s - loss: 0.0785 - acc: 0.9946
430/600 [====================>.........] - ETA: 0s - loss: 0.0850 - acc: 0.9930
490/600 [=======================>......] - ETA: 0s - loss: 0.0884 - acc: 0.9898
550/600 [==========================>...] - ETA: 0s - loss: 0.0869 - acc: 0.9891
600/600 [==============================] - 1s 926us/step - loss: 0.0834 - acc: 0.9900 - val_loss: 0.4233 - val_acc: 0.9302
Current time ....0.556
Train on 1200 samples, validate on 68 samples
Epoch 1/1

  10/1200 [..............................] - ETA: 1s - loss: 0.3779 - acc: 0.9000
  70/1200 [>.............................] - ETA: 0s - loss: 0.2872 - acc: 0.9000
 130/1200 [==>...........................] - ETA: 0s - loss: 0.2719 - acc: 0.9231
 190/1200 [===>..........................] - ETA: 0s - loss: 0.2567 - acc: 0.9316
 250/1200 [=====>........................] - ETA: 0s - loss: 0.2513 - acc: 0.9360
 310/1200 [======>.......................] - ETA: 0s - loss: 0.2404 - acc: 0.9355
 370/1200 [========>.....................] - ETA: 0s - loss: 0.2445 - acc: 0.9297
 430/1200 [=========>....................] - ETA: 0s - loss: 0.2414 - acc: 0.9302
 490/1200 [===========>..................] - ETA: 0s - loss: 0.2441 - acc: 0.9347
 550/1200 [============>.................] - ETA: 0s - loss: 0.2414 - acc: 0.9345
 610/1200 [==============>...............] - ETA: 0s - loss: 0.2359 - acc: 0.9393
 670/1200 [===============>..............] - ETA: 0s - loss: 0.2352 - acc: 0.9388
 730/1200 [=================>............] - ETA: 0s - loss: 0.2337 - acc: 0.9397
 790/1200 [==================>...........] - ETA: 0s - loss: 0.2332 - acc: 0.9405
 850/1200 [====================>.........] - ETA: 0s - loss: 0.2345 - acc: 0.9412
 910/1200 [=====================>........] - ETA: 0s - loss: 0.2302 - acc: 0.9440
 970/1200 [=======================>......] - ETA: 0s - loss: 0.2315 - acc: 0.9443
1030/1200 [========================>.....] - ETA: 0s - loss: 0.2295 - acc: 0.9456
1090/1200 [==========================>...] - ETA: 0s - loss: 0.2286 - acc: 0.9450
1150/1200 [===========================>..] - ETA: 0s - loss: 0.2291 - acc: 0.9443
1200/1200 [==============================] - 1s 902us/step - loss: 0.2278 - acc: 0.9450 - val_loss: 0.9064 - val_acc: 0.7059
Current time ....1.083
Train on 3900 samples, validate on 99 samples
Epoch 1/1

  10/3900 [..............................] - ETA: 3s - loss: 1.0621 - acc: 0.6000
  70/3900 [..............................] - ETA: 3s - loss: 1.1218 - acc: 0.6286
 130/3900 [>.............................] - ETA: 3s - loss: 1.1404 - acc: 0.5923
 190/3900 [>.............................] - ETA: 3s - loss: 1.1671 - acc: 0.5895
 250/3900 [>.............................] - ETA: 3s - loss: 1.1492 - acc: 0.6160
 310/3900 [=>............................] - ETA: 3s - loss: 1.1475 - acc: 0.6290
 370/3900 [=>............................] - ETA: 3s - loss: 1.1244 - acc: 0.6514
 430/3900 [==>...........................] - ETA: 3s - loss: 1.1119 - acc: 0.6605
 490/3900 [==>...........................] - ETA: 3s - loss: 1.0951 - acc: 0.6714
 540/3900 [===>..........................] - ETA: 3s - loss: 1.0963 - acc: 0.6722
 600/3900 [===>..........................] - ETA: 2s - loss: 1.1114 - acc: 0.6633
 660/3900 [====>.........................] - ETA: 2s - loss: 1.1129 - acc: 0.6591
 720/3900 [====>.........................] - ETA: 2s - loss: 1.1062 - acc: 0.6625
 780/3900 [=====>........................] - ETA: 2s - loss: 1.1038 - acc: 0.6603
 840/3900 [=====>........................] - ETA: 2s - loss: 1.1080 - acc: 0.6595
 900/3900 [=====>........................] - ETA: 2s - loss: 1.1032 - acc: 0.6656
 960/3900 [======>.......................] - ETA: 2s - loss: 1.1044 - acc: 0.6656
1020/3900 [======>.......................] - ETA: 2s - loss: 1.1003 - acc: 0.6676
1080/3900 [=======>......................] - ETA: 2s - loss: 1.0984 - acc: 0.6657
1140/3900 [=======>......................] - ETA: 2s - loss: 1.1025 - acc: 0.6588
1200/3900 [========>.....................] - ETA: 2s - loss: 1.1076 - acc: 0.6567
1260/3900 [========>.....................] - ETA: 2s - loss: 1.1061 - acc: 0.6571
1320/3900 [=========>....................] - ETA: 2s - loss: 1.1048 - acc: 0.6598
1380/3900 [=========>....................] - ETA: 2s - loss: 1.0973 - acc: 0.6630
1440/3900 [==========>...................] - ETA: 2s - loss: 1.0951 - acc: 0.6646
1500/3900 [==========>...................] - ETA: 2s - loss: 1.0887 - acc: 0.6680
1560/3900 [===========>..................] - ETA: 2s - loss: 1.0843 - acc: 0.6692
1620/3900 [===========>..................] - ETA: 2s - loss: 1.0842 - acc: 0.6679
1680/3900 [===========>..................] - ETA: 1s - loss: 1.0859 - acc: 0.6661
1740/3900 [============>.................] - ETA: 1s - loss: 1.0832 - acc: 0.6678
1800/3900 [============>.................] - ETA: 1s - loss: 1.0832 - acc: 0.6667
1860/3900 [=============>................] - ETA: 1s - loss: 1.0786 - acc: 0.6694
1920/3900 [=============>................] - ETA: 1s - loss: 1.0797 - acc: 0.6677
1980/3900 [==============>...............] - ETA: 1s - loss: 1.0755 - acc: 0.6702
2040/3900 [==============>...............] - ETA: 1s - loss: 1.0743 - acc: 0.6706
2100/3900 [===============>..............] - ETA: 1s - loss: 1.0731 - acc: 0.6719
2160/3900 [===============>..............] - ETA: 1s - loss: 1.0719 - acc: 0.6736
2220/3900 [================>.............] - ETA: 1s - loss: 1.0718 - acc: 0.6721
2280/3900 [================>.............] - ETA: 1s - loss: 1.0742 - acc: 0.6702
2340/3900 [=================>............] - ETA: 1s - loss: 1.0744 - acc: 0.6697
2400/3900 [=================>............] - ETA: 1s - loss: 1.0717 - acc: 0.6700
2460/3900 [=================>............] - ETA: 1s - loss: 1.0729 - acc: 0.6695
2520/3900 [==================>...........] - ETA: 1s - loss: 1.0749 - acc: 0.6679
2580/3900 [==================>...........] - ETA: 1s - loss: 1.0784 - acc: 0.6663
2640/3900 [===================>..........] - ETA: 1s - loss: 1.0777 - acc: 0.6667
2700/3900 [===================>..........] - ETA: 1s - loss: 1.0763 - acc: 0.6670
2760/3900 [====================>.........] - ETA: 1s - loss: 1.0769 - acc: 0.6659
2820/3900 [====================>.........] - ETA: 0s - loss: 1.0776 - acc: 0.6649
2880/3900 [=====================>........] - ETA: 0s - loss: 1.0786 - acc: 0.6642
2940/3900 [=====================>........] - ETA: 0s - loss: 1.0763 - acc: 0.6650
3000/3900 [======================>.......] - ETA: 0s - loss: 1.0761 - acc: 0.6647
3060/3900 [======================>.......] - ETA: 0s - loss: 1.0778 - acc: 0.6644
3120/3900 [=======================>......] - ETA: 0s - loss: 1.0763 - acc: 0.6651
3180/3900 [=======================>......] - ETA: 0s - loss: 1.0730 - acc: 0.6670
3240/3900 [=======================>......] - ETA: 0s - loss: 1.0733 - acc: 0.6667
3300/3900 [========================>.....] - ETA: 0s - loss: 1.0718 - acc: 0.6670
3360/3900 [========================>.....] - ETA: 0s - loss: 1.0733 - acc: 0.6652
3420/3900 [=========================>....] - ETA: 0s - loss: 1.0694 - acc: 0.6673
3480/3900 [=========================>....] - ETA: 0s - loss: 1.0671 - acc: 0.6693
3540/3900 [==========================>...] - ETA: 0s - loss: 1.0650 - acc: 0.6689
3600/3900 [==========================>...] - ETA: 0s - loss: 1.0660 - acc: 0.6681
3660/3900 [===========================>..] - ETA: 0s - loss: 1.0637 - acc: 0.6689
3720/3900 [===========================>..] - ETA: 0s - loss: 1.0586 - acc: 0.6707
3780/3900 [============================>.] - ETA: 0s - loss: 1.0545 - acc: 0.6722
3840/3900 [============================>.] - ETA: 0s - loss: 1.0529 - acc: 0.6719
3900/3900 [==============================] - 4s 905us/step - loss: 1.0528 - acc: 0.6726 - val_loss: 1.6630 - val_acc: 0.3535
Current time ....3.529
Train on 600 samples, validate on 86 samples
Epoch 1/1

 10/600 [..............................] - ETA: 0s - loss: 0.0351 - acc: 1.0000
 70/600 [==>...........................] - ETA: 0s - loss: 0.0537 - acc: 0.9857
130/600 [=====>........................] - ETA: 0s - loss: 0.0484 - acc: 0.9923
190/600 [========>.....................] - ETA: 0s - loss: 0.0541 - acc: 0.9895
250/600 [===========>..................] - ETA: 0s - loss: 0.0550 - acc: 0.9920
310/600 [==============>...............] - ETA: 0s - loss: 0.0589 - acc: 0.9903
370/600 [=================>............] - ETA: 0s - loss: 0.0571 - acc: 0.9919
430/600 [====================>.........] - ETA: 0s - loss: 0.0602 - acc: 0.9907
490/600 [=======================>......] - ETA: 0s - loss: 0.0623 - acc: 0.9898
550/600 [==========================>...] - ETA: 0s - loss: 0.0599 - acc: 0.9909
600/600 [==============================] - 1s 920us/step - loss: 0.0610 - acc: 0.9917 - val_loss: 0.4355 - val_acc: 0.9302
Current time ....0.552
Train on 1200 samples, validate on 68 samples
Epoch 1/1

  10/1200 [..............................] - ETA: 1s - loss: 0.1848 - acc: 0.9000
  70/1200 [>.............................] - ETA: 0s - loss: 0.1697 - acc: 0.9714
 130/1200 [==>...........................] - ETA: 0s - loss: 0.1596 - acc: 0.9692
 190/1200 [===>..........................] - ETA: 0s - loss: 0.1592 - acc: 0.9737
 250/1200 [=====>........................] - ETA: 0s - loss: 0.1655 - acc: 0.9760
 310/1200 [======>.......................] - ETA: 0s - loss: 0.1540 - acc: 0.9806
 370/1200 [========>.....................] - ETA: 0s - loss: 0.1589 - acc: 0.9730
 430/1200 [=========>....................] - ETA: 0s - loss: 0.1513 - acc: 0.9767
 490/1200 [===========>..................] - ETA: 0s - loss: 0.1529 - acc: 0.9755
 540/1200 [============>.................] - ETA: 0s - loss: 0.1510 - acc: 0.9778
 600/1200 [==============>...............] - ETA: 0s - loss: 0.1558 - acc: 0.9733
 660/1200 [===============>..............] - ETA: 0s - loss: 0.1595 - acc: 0.9712
 720/1200 [=================>............] - ETA: 0s - loss: 0.1580 - acc: 0.9736
 780/1200 [==================>...........] - ETA: 0s - loss: 0.1601 - acc: 0.9731
 840/1200 [====================>.........] - ETA: 0s - loss: 0.1602 - acc: 0.9726
 900/1200 [=====================>........] - ETA: 0s - loss: 0.1597 - acc: 0.9722
 960/1200 [=======================>......] - ETA: 0s - loss: 0.1585 - acc: 0.9719
1020/1200 [========================>.....] - ETA: 0s - loss: 0.1596 - acc: 0.9716
1080/1200 [==========================>...] - ETA: 0s - loss: 0.1597 - acc: 0.9731
1140/1200 [===========================>..] - ETA: 0s - loss: 0.1601 - acc: 0.9728
1200/1200 [==============================] - 1s 907us/step - loss: 0.1602 - acc: 0.9717 - val_loss: 0.6973 - val_acc: 0.7500
Current time ....1.089
Train on 3900 samples, validate on 99 samples
Epoch 1/1

  10/3900 [..............................] - ETA: 3s - loss: 0.8805 - acc: 0.7000
  70/3900 [..............................] - ETA: 3s - loss: 0.8437 - acc: 0.7286
 130/3900 [>.............................] - ETA: 3s - loss: 0.8855 - acc: 0.7000
 190/3900 [>.............................] - ETA: 3s - loss: 0.8935 - acc: 0.7053
 250/3900 [>.............................] - ETA: 3s - loss: 0.9274 - acc: 0.6960
 310/3900 [=>............................] - ETA: 3s - loss: 0.9101 - acc: 0.7065
 370/3900 [=>............................] - ETA: 3s - loss: 0.9147 - acc: 0.7000
 430/3900 [==>...........................] - ETA: 3s - loss: 0.8994 - acc: 0.7116
 490/3900 [==>...........................] - ETA: 3s - loss: 0.9084 - acc: 0.7020
 550/3900 [===>..........................] - ETA: 3s - loss: 0.9088 - acc: 0.7036
 610/3900 [===>..........................] - ETA: 2s - loss: 0.9129 - acc: 0.7000
 670/3900 [====>.........................] - ETA: 2s - loss: 0.9135 - acc: 0.6970
 730/3900 [====>.........................] - ETA: 2s - loss: 0.9083 - acc: 0.7014
 790/3900 [=====>........................] - ETA: 2s - loss: 0.9110 - acc: 0.7038
 850/3900 [=====>........................] - ETA: 2s - loss: 0.9044 - acc: 0.7047
 910/3900 [======>.......................] - ETA: 2s - loss: 0.9000 - acc: 0.7077
 970/3900 [======>.......................] - ETA: 2s - loss: 0.8967 - acc: 0.7072
1030/3900 [======>.......................] - ETA: 2s - loss: 0.9007 - acc: 0.7058
1090/3900 [=======>......................] - ETA: 2s - loss: 0.8959 - acc: 0.7092
1150/3900 [=======>......................] - ETA: 2s - loss: 0.8977 - acc: 0.7070
1210/3900 [========>.....................] - ETA: 2s - loss: 0.8963 - acc: 0.7083
1270/3900 [========>.....................] - ETA: 2s - loss: 0.8899 - acc: 0.7110
1330/3900 [=========>....................] - ETA: 2s - loss: 0.8879 - acc: 0.7135
1390/3900 [=========>....................] - ETA: 2s - loss: 0.8919 - acc: 0.7101
1450/3900 [==========>...................] - ETA: 2s - loss: 0.8917 - acc: 0.7110
1510/3900 [==========>...................] - ETA: 2s - loss: 0.8890 - acc: 0.7113
1570/3900 [===========>..................] - ETA: 2s - loss: 0.8900 - acc: 0.7121
1630/3900 [===========>..................] - ETA: 2s - loss: 0.8895 - acc: 0.7104
1690/3900 [============>.................] - ETA: 1s - loss: 0.8826 - acc: 0.7130
1750/3900 [============>.................] - ETA: 1s - loss: 0.8858 - acc: 0.7097
1810/3900 [============>.................] - ETA: 1s - loss: 0.8859 - acc: 0.7099
1870/3900 [=============>................] - ETA: 1s - loss: 0.8828 - acc: 0.7128
1930/3900 [=============>................] - ETA: 1s - loss: 0.8855 - acc: 0.7093
1990/3900 [==============>...............] - ETA: 1s - loss: 0.8824 - acc: 0.7111
2050/3900 [==============>...............] - ETA: 1s - loss: 0.8812 - acc: 0.7122
2110/3900 [===============>..............] - ETA: 1s - loss: 0.8850 - acc: 0.7114
2170/3900 [===============>..............] - ETA: 1s - loss: 0.8813 - acc: 0.7147
2230/3900 [================>.............] - ETA: 1s - loss: 0.8799 - acc: 0.7143
2290/3900 [================>.............] - ETA: 1s - loss: 0.8805 - acc: 0.7144
2350/3900 [=================>............] - ETA: 1s - loss: 0.8771 - acc: 0.7140
2410/3900 [=================>............] - ETA: 1s - loss: 0.8714 - acc: 0.7166
2470/3900 [==================>...........] - ETA: 1s - loss: 0.8718 - acc: 0.7182
2530/3900 [==================>...........] - ETA: 1s - loss: 0.8731 - acc: 0.7174
2590/3900 [==================>...........] - ETA: 1s - loss: 0.8721 - acc: 0.7181
2650/3900 [===================>..........] - ETA: 1s - loss: 0.8704 - acc: 0.7181
2710/3900 [===================>..........] - ETA: 1s - loss: 0.8672 - acc: 0.7199
2770/3900 [====================>.........] - ETA: 1s - loss: 0.8667 - acc: 0.7195
2830/3900 [====================>.........] - ETA: 0s - loss: 0.8639 - acc: 0.7187
2890/3900 [=====================>........] - ETA: 0s - loss: 0.8646 - acc: 0.7187
2950/3900 [=====================>........] - ETA: 0s - loss: 0.8679 - acc: 0.7173
3010/3900 [======================>.......] - ETA: 0s - loss: 0.8662 - acc: 0.7179
3070/3900 [======================>.......] - ETA: 0s - loss: 0.8682 - acc: 0.7186
3130/3900 [=======================>......] - ETA: 0s - loss: 0.8683 - acc: 0.7185
3190/3900 [=======================>......] - ETA: 0s - loss: 0.8662 - acc: 0.7204
3240/3900 [=======================>......] - ETA: 0s - loss: 0.8665 - acc: 0.7191
3300/3900 [========================>.....] - ETA: 0s - loss: 0.8665 - acc: 0.7185
3360/3900 [========================>.....] - ETA: 0s - loss: 0.8637 - acc: 0.7185
3420/3900 [=========================>....] - ETA: 0s - loss: 0.8617 - acc: 0.7190
3480/3900 [=========================>....] - ETA: 0s - loss: 0.8591 - acc: 0.7198
3540/3900 [==========================>...] - ETA: 0s - loss: 0.8577 - acc: 0.7198
3600/3900 [==========================>...] - ETA: 0s - loss: 0.8571 - acc: 0.7206
3660/3900 [===========================>..] - ETA: 0s - loss: 0.8557 - acc: 0.7205
3720/3900 [===========================>..] - ETA: 0s - loss: 0.8546 - acc: 0.7212
3780/3900 [============================>.] - ETA: 0s - loss: 0.8535 - acc: 0.7212
3840/3900 [============================>.] - ETA: 0s - loss: 0.8510 - acc: 0.7224
3900/3900 [==============================] - 4s 901us/step - loss: 0.8489 - acc: 0.7233 - val_loss: 1.5631 - val_acc: 0.4747
Current time ....3.513
Train on 600 samples, validate on 86 samples
Epoch 1/1

 10/600 [..............................] - ETA: 0s - loss: 0.0459 - acc: 1.0000
 70/600 [==>...........................] - ETA: 0s - loss: 0.0480 - acc: 1.0000
130/600 [=====>........................] - ETA: 0s - loss: 0.0503 - acc: 0.9923
180/600 [========>.....................] - ETA: 0s - loss: 0.0579 - acc: 0.9833
240/600 [===========>..................] - ETA: 0s - loss: 0.0534 - acc: 0.9875
300/600 [==============>...............] - ETA: 0s - loss: 0.0516 - acc: 0.9900
360/600 [=================>............] - ETA: 0s - loss: 0.0507 - acc: 0.9917
420/600 [====================>.........] - ETA: 0s - loss: 0.0513 - acc: 0.9929
480/600 [=======================>......] - ETA: 0s - loss: 0.0476 - acc: 0.9937
540/600 [==========================>...] - ETA: 0s - loss: 0.0459 - acc: 0.9944
600/600 [==============================] - 1s 934us/step - loss: 0.0457 - acc: 0.9950 - val_loss: 0.4661 - val_acc: 0.9302
Current time ....0.561
Train on 1200 samples, validate on 68 samples
Epoch 1/1

  10/1200 [..............................] - ETA: 1s - loss: 0.0267 - acc: 1.0000
  70/1200 [>.............................] - ETA: 0s - loss: 0.0973 - acc: 1.0000
 130/1200 [==>...........................] - ETA: 0s - loss: 0.1105 - acc: 0.9769
 190/1200 [===>..........................] - ETA: 0s - loss: 0.1229 - acc: 0.9684
 250/1200 [=====>........................] - ETA: 0s - loss: 0.1249 - acc: 0.9720
 310/1200 [======>.......................] - ETA: 0s - loss: 0.1215 - acc: 0.9774
 370/1200 [========>.....................] - ETA: 0s - loss: 0.1257 - acc: 0.9784
 430/1200 [=========>....................] - ETA: 0s - loss: 0.1237 - acc: 0.9791
 490/1200 [===========>..................] - ETA: 0s - loss: 0.1211 - acc: 0.9796
 550/1200 [============>.................] - ETA: 0s - loss: 0.1164 - acc: 0.9818
 610/1200 [==============>...............] - ETA: 0s - loss: 0.1137 - acc: 0.9820
 670/1200 [===============>..............] - ETA: 0s - loss: 0.1145 - acc: 0.9821
 730/1200 [=================>............] - ETA: 0s - loss: 0.1108 - acc: 0.9836
 790/1200 [==================>...........] - ETA: 0s - loss: 0.1131 - acc: 0.9848
 850/1200 [====================>.........] - ETA: 0s - loss: 0.1140 - acc: 0.9847
 910/1200 [=====================>........] - ETA: 0s - loss: 0.1136 - acc: 0.9857
 970/1200 [=======================>......] - ETA: 0s - loss: 0.1158 - acc: 0.9825
1030/1200 [========================>.....] - ETA: 0s - loss: 0.1158 - acc: 0.9825
1090/1200 [==========================>...] - ETA: 0s - loss: 0.1159 - acc: 0.9817
1150/1200 [===========================>..] - ETA: 0s - loss: 0.1139 - acc: 0.9826
1200/1200 [==============================] - 1s 899us/step - loss: 0.1130 - acc: 0.9825 - val_loss: 0.7811 - val_acc: 0.7794
Current time ....1.079
Train on 3900 samples, validate on 99 samples
Epoch 1/1

  10/3900 [..............................] - ETA: 3s - loss: 0.4769 - acc: 0.8000
  70/3900 [..............................] - ETA: 3s - loss: 0.6878 - acc: 0.7714
 130/3900 [>.............................] - ETA: 3s - loss: 0.6654 - acc: 0.7692
 190/3900 [>.............................] - ETA: 3s - loss: 0.6596 - acc: 0.7789
 250/3900 [>.............................] - ETA: 3s - loss: 0.6823 - acc: 0.7720
 310/3900 [=>............................] - ETA: 3s - loss: 0.6929 - acc: 0.7710
 370/3900 [=>............................] - ETA: 3s - loss: 0.7188 - acc: 0.7595
 430/3900 [==>...........................] - ETA: 3s - loss: 0.7321 - acc: 0.7512
 490/3900 [==>...........................] - ETA: 3s - loss: 0.7198 - acc: 0.7551
 550/3900 [===>..........................] - ETA: 2s - loss: 0.7197 - acc: 0.7564
 610/3900 [===>..........................] - ETA: 2s - loss: 0.7168 - acc: 0.7607
 670/3900 [====>.........................] - ETA: 2s - loss: 0.7260 - acc: 0.7597
 730/3900 [====>.........................] - ETA: 2s - loss: 0.7350 - acc: 0.7548
 790/3900 [=====>........................] - ETA: 2s - loss: 0.7403 - acc: 0.7506
 850/3900 [=====>........................] - ETA: 2s - loss: 0.7393 - acc: 0.7494
 910/3900 [======>.......................] - ETA: 2s - loss: 0.7422 - acc: 0.7505
 970/3900 [======>.......................] - ETA: 2s - loss: 0.7410 - acc: 0.7464
1030/3900 [======>.......................] - ETA: 2s - loss: 0.7434 - acc: 0.7466
1090/3900 [=======>......................] - ETA: 2s - loss: 0.7378 - acc: 0.7495
1150/3900 [=======>......................] - ETA: 2s - loss: 0.7364 - acc: 0.7487
1210/3900 [========>.....................] - ETA: 2s - loss: 0.7342 - acc: 0.7479
1270/3900 [========>.....................] - ETA: 2s - loss: 0.7331 - acc: 0.7488
1330/3900 [=========>....................] - ETA: 2s - loss: 0.7349 - acc: 0.7474
1390/3900 [=========>....................] - ETA: 2s - loss: 0.7339 - acc: 0.7468
1450/3900 [==========>...................] - ETA: 2s - loss: 0.7312 - acc: 0.7469
1510/3900 [==========>...................] - ETA: 2s - loss: 0.7250 - acc: 0.7503
1570/3900 [===========>..................] - ETA: 2s - loss: 0.7287 - acc: 0.7497
1630/3900 [===========>..................] - ETA: 2s - loss: 0.7338 - acc: 0.7472
1690/3900 [============>.................] - ETA: 1s - loss: 0.7398 - acc: 0.7444
1750/3900 [============>.................] - ETA: 1s - loss: 0.7356 - acc: 0.7469
1810/3900 [============>.................] - ETA: 1s - loss: 0.7348 - acc: 0.7481
1870/3900 [=============>................] - ETA: 1s - loss: 0.7332 - acc: 0.7481
1930/3900 [=============>................] - ETA: 1s - loss: 0.7317 - acc: 0.7472
1990/3900 [==============>...............] - ETA: 1s - loss: 0.7284 - acc: 0.7487
2050/3900 [==============>...............] - ETA: 1s - loss: 0.7273 - acc: 0.7498
2110/3900 [===============>..............] - ETA: 1s - loss: 0.7239 - acc: 0.7526
2170/3900 [===============>..............] - ETA: 1s - loss: 0.7284 - acc: 0.7507
2230/3900 [================>.............] - ETA: 1s - loss: 0.7244 - acc: 0.7520
2290/3900 [================>.............] - ETA: 1s - loss: 0.7239 - acc: 0.7533
2350/3900 [=================>............] - ETA: 1s - loss: 0.7225 - acc: 0.7545
2410/3900 [=================>............] - ETA: 1s - loss: 0.7186 - acc: 0.7573
2470/3900 [==================>...........] - ETA: 1s - loss: 0.7168 - acc: 0.7575
2530/3900 [==================>...........] - ETA: 1s - loss: 0.7151 - acc: 0.7581
2590/3900 [==================>...........] - ETA: 1s - loss: 0.7148 - acc: 0.7587
2650/3900 [===================>..........] - ETA: 1s - loss: 0.7172 - acc: 0.7581
2710/3900 [===================>..........] - ETA: 1s - loss: 0.7170 - acc: 0.7590
2760/3900 [====================>.........] - ETA: 1s - loss: 0.7171 - acc: 0.7576
2820/3900 [====================>.........] - ETA: 0s - loss: 0.7185 - acc: 0.7578
2880/3900 [=====================>........] - ETA: 0s - loss: 0.7155 - acc: 0.7597
2940/3900 [=====================>........] - ETA: 0s - loss: 0.7124 - acc: 0.7612
3000/3900 [======================>.......] - ETA: 0s - loss: 0.7147 - acc: 0.7600
3060/3900 [======================>.......] - ETA: 0s - loss: 0.7166 - acc: 0.7592
3120/3900 [=======================>......] - ETA: 0s - loss: 0.7174 - acc: 0.7593
3180/3900 [=======================>......] - ETA: 0s - loss: 0.7150 - acc: 0.7604
3240/3900 [=======================>......] - ETA: 0s - loss: 0.7118 - acc: 0.7627
3300/3900 [========================>.....] - ETA: 0s - loss: 0.7097 - acc: 0.7639
3360/3900 [========================>.....] - ETA: 0s - loss: 0.7067 - acc: 0.7649
3420/3900 [=========================>....] - ETA: 0s - loss: 0.7065 - acc: 0.7649
3480/3900 [=========================>....] - ETA: 0s - loss: 0.7055 - acc: 0.7658
3540/3900 [==========================>...] - ETA: 0s - loss: 0.7040 - acc: 0.7655
3600/3900 [==========================>...] - ETA: 0s - loss: 0.7022 - acc: 0.7667
3660/3900 [===========================>..] - ETA: 0s - loss: 0.7000 - acc: 0.7675
3720/3900 [===========================>..] - ETA: 0s - loss: 0.6976 - acc: 0.7688
3780/3900 [============================>.] - ETA: 0s - loss: 0.6979 - acc: 0.7683
3840/3900 [============================>.] - ETA: 0s - loss: 0.6961 - acc: 0.7693
3900/3900 [==============================] - 4s 906us/step - loss: 0.6960 - acc: 0.7697 - val_loss: 1.6485 - val_acc: 0.4848
Current time ....3.535
Train on 600 samples, validate on 86 samples
Epoch 1/1

 10/600 [..............................] - ETA: 0s - loss: 0.0664 - acc: 1.0000
 70/600 [==>...........................] - ETA: 0s - loss: 0.0545 - acc: 1.0000
130/600 [=====>........................] - ETA: 0s - loss: 0.0426 - acc: 1.0000
190/600 [========>.....................] - ETA: 0s - loss: 0.0405 - acc: 1.0000
250/600 [===========>..................] - ETA: 0s - loss: 0.0380 - acc: 1.0000
310/600 [==============>...............] - ETA: 0s - loss: 0.0366 - acc: 1.0000
370/600 [=================>............] - ETA: 0s - loss: 0.0353 - acc: 1.0000
420/600 [====================>.........] - ETA: 0s - loss: 0.0356 - acc: 0.9976
480/600 [=======================>......] - ETA: 0s - loss: 0.0365 - acc: 0.9979
540/600 [==========================>...] - ETA: 0s - loss: 0.0358 - acc: 0.9981
600/600 [==============================] - 1s 936us/step - loss: 0.0354 - acc: 0.9983 - val_loss: 0.5002 - val_acc: 0.9186
Current time ....0.562
Train on 1200 samples, validate on 68 samples
Epoch 1/1

  10/1200 [..............................] - ETA: 1s - loss: 0.1579 - acc: 0.9000
  70/1200 [>.............................] - ETA: 1s - loss: 0.0959 - acc: 0.9857
 130/1200 [==>...........................] - ETA: 0s - loss: 0.0996 - acc: 0.9923
 190/1200 [===>..........................] - ETA: 0s - loss: 0.0945 - acc: 0.9947
 250/1200 [=====>........................] - ETA: 0s - loss: 0.0942 - acc: 0.9920
 310/1200 [======>.......................] - ETA: 0s - loss: 0.0881 - acc: 0.9935
 370/1200 [========>.....................] - ETA: 0s - loss: 0.0861 - acc: 0.9946
 430/1200 [=========>....................] - ETA: 0s - loss: 0.0887 - acc: 0.9953
 490/1200 [===========>..................] - ETA: 0s - loss: 0.0860 - acc: 0.9939
 550/1200 [============>.................] - ETA: 0s - loss: 0.0859 - acc: 0.9945
 610/1200 [==============>...............] - ETA: 0s - loss: 0.0881 - acc: 0.9934
 670/1200 [===============>..............] - ETA: 0s - loss: 0.0879 - acc: 0.9940
 730/1200 [=================>............] - ETA: 0s - loss: 0.0881 - acc: 0.9932
 790/1200 [==================>...........] - ETA: 0s - loss: 0.0867 - acc: 0.9924
 850/1200 [====================>.........] - ETA: 0s - loss: 0.0864 - acc: 0.9918
 910/1200 [=====================>........] - ETA: 0s - loss: 0.0840 - acc: 0.9923
 970/1200 [=======================>......] - ETA: 0s - loss: 0.0837 - acc: 0.9918
1030/1200 [========================>.....] - ETA: 0s - loss: 0.0827 - acc: 0.9922
1090/1200 [==========================>...] - ETA: 0s - loss: 0.0824 - acc: 0.9917
1150/1200 [===========================>..] - ETA: 0s - loss: 0.0832 - acc: 0.9913
1200/1200 [==============================] - 1s 907us/step - loss: 0.0832 - acc: 0.9908 - val_loss: 0.8389 - val_acc: 0.7794
Current time ....1.088

32/99 [========>.....................] - ETA: 0s
99/99 [==============================] - 0s 101us/step
In EVALUATE loss:  [1.6485445932908491, 0.48484848545055198]

32/86 [==========>...................] - ETA: 0s
86/86 [==============================] - 0s 91us/step
In EVALUATE loss:  [0.50016637596973157, 0.91860466502433602]

32/68 [=============>................] - ETA: 0s
68/68 [==============================] - 0s 105us/step
In EVALUATE loss:  [0.83892645204768457, 0.77941176470588236]
Task 1 : Primary site - Macro F1 score 0.261661412203
Task 1 : Primary site - Micro F1 score 0.484848484848
Task 2 : Tumor laterality - Macro F1 score 0.918505482605
Task 2 : Tumor laterality - Micro F1 score 0.918604651163
Task 3 : Histological grade - Macro F1 score 0.591785714286
Task 3 : Histological grade - Micro F1 score 0.779411764706
Average loss:  0.995879140436
