Importing candle utils for keras
Configuration file:  /gpfs/mira-home/apeck/Modified_Benchmarks/Pilot3/P3B1/p3b1_default_model.txt
{'activation': 'relu',
 'batch_size': 10,
 'data_url': 'ftp://ftp.mcs.anl.gov/pub/candle/public/benchmarks/P3B1/',
 'drop': 0.0,
 'epochs': 10,
 'feature_names': 'Primary site:Tumor laterality:Histological grade',
 'ind_nnet_spec': [[2400, 2400, 1200, 1200],
                   [2400, 2400, 1200, 1200],
                   [2400, 2400, 1200, 1200]],
 'initialization': 'glorot_uniform',
 'learning_rate': 0.01,
 'loss': 'categorical_crossentropy',
 'metrics': 'accuracy',
 'model_name': 'p3b1',
 'n_fold': 1,
 'optimizer': 'sgd',
 'out_activation': 'softmax',
 'output_dir': '.',
 'scaling': 'none',
 'shared_nnet_spec': [1200,
                      2400,
                      3600,
                      3600,
                      3600,
                      3600,
                      3600,
                      3600,
                      3600,
                      2400],
 'shuffle': True,
 'timeout': 1800,
 'train_data': 'P3B1_data.tar.gz'}
Params:
{'activation': 'relu',
 'batch_size': 10,
 'case': 'CenterZ',
 'data_url': 'ftp://ftp.mcs.anl.gov/pub/candle/public/benchmarks/P3B1/',
 'datatype': <class 'numpy.float32'>,
 'drop': 0.0,
 'epochs': 10,
 'experiment_id': 'EXP000',
 'feature_names': 'Primary site:Tumor laterality:Histological grade',
 'fig': False,
 'gpus': [],
 'ind_nnet_spec': [[2400, 2400, 1200, 1200],
                   [2400, 2400, 1200, 1200],
                   [2400, 2400, 1200, 1200]],
 'initialization': 'glorot_uniform',
 'learning_rate': 0.01,
 'logfile': None,
 'loss': 'categorical_crossentropy',
 'metrics': 'accuracy',
 'model_name': 'p3b1',
 'n_fold': 1,
 'optimizer': 'sgd',
 'out_activation': 'softmax',
 'output_dir': '/gpfs/mira-home/apeck/CANDLE_testing/avery_modified_results/p3_1',
 'output_files': 'result0_0.csv;result1_0.csv;result2_0.csv',
 'rng_seed': 7102,
 'run_id': 'RUN000',
 'scaling': 'none',
 'shared_nnet_spec': [1200,
                      2400,
                      3600,
                      3600,
                      3600,
                      3600,
                      3600,
                      3600,
                      3600,
                      2400],
 'shuffle': False,
 'timeout': 1800,
 'train_bool': True,
 'train_data': 'P3B1_data.tar.gz',
 'train_features': 'data/task0_0_train_feature.csv;data/task1_0_train_feature.csv;data/task2_0_train_feature.csv',
 'train_truths': 'data/task0_0_train_label.csv;data/task1_0_train_label.csv;data/task2_0_train_label.csv',
 'valid_features': 'data/task0_0_test_feature.csv;data/task1_0_test_feature.csv;data/task2_0_test_feature.csv',
 'valid_truths': 'data/task0_0_test_label.csv;data/task1_0_test_label.csv;data/task2_0_test_label.csv',
 'verbose': None}
Feature names:
Primary site
Tumor laterality
Histological grade
Model:  0
_________________________________________________________________
Layer (type)                 Output Shape              Param #   
=================================================================
input (InputLayer)           (None, 400)               0         
_________________________________________________________________
indiv_layer_0_0 (Dense)      (None, 2400)              962400    
_________________________________________________________________
indiv_layer_0_1 (Dense)      (None, 2400)              5762400   
_________________________________________________________________
indiv_layer_0_2 (Dense)      (None, 1200)              2881200   
_________________________________________________________________
indiv_layer_0_3 (Dense)      (None, 1200)              1441200   
_________________________________________________________________
out_0 (Dense)                (None, 13)                15613     
=================================================================
Total params: 11,062,813
Trainable params: 11,062,813
Non-trainable params: 0
_________________________________________________________________
Model:  1
_________________________________________________________________
Layer (type)                 Output Shape              Param #   
=================================================================
input (InputLayer)           (None, 400)               0         
_________________________________________________________________
indiv_layer_1_0 (Dense)      (None, 2400)              962400    
_________________________________________________________________
indiv_layer_1_1 (Dense)      (None, 2400)              5762400   
_________________________________________________________________
indiv_layer_1_2 (Dense)      (None, 1200)              2881200   
_________________________________________________________________
indiv_layer_1_3 (Dense)      (None, 1200)              1441200   
_________________________________________________________________
out_1 (Dense)                (None, 2)                 2402      
=================================================================
Total params: 11,049,602
Trainable params: 11,049,602
Non-trainable params: 0
_________________________________________________________________
Model:  2
_________________________________________________________________
Layer (type)                 Output Shape              Param #   
=================================================================
input (InputLayer)           (None, 400)               0         
_________________________________________________________________
indiv_layer_2_0 (Dense)      (None, 2400)              962400    
_________________________________________________________________
indiv_layer_2_1 (Dense)      (None, 2400)              5762400   
_________________________________________________________________
indiv_layer_2_2 (Dense)      (None, 1200)              2881200   
_________________________________________________________________
indiv_layer_2_3 (Dense)      (None, 1200)              1441200   
_________________________________________________________________
out_2 (Dense)                (None, 4)                 4804      
=================================================================
Total params: 11,052,004
Trainable params: 11,052,004
Non-trainable params: 0
_________________________________________________________________
Train on 3900 samples, validate on 99 samples
Epoch 1/1

  10/3900 [..............................] - ETA: 13:34 - loss: 2.5665 - acc: 0.0000e+00
  60/3900 [..............................] - ETA: 2:17 - loss: 2.5644 - acc: 0.1000     
 110/3900 [..............................] - ETA: 1:16 - loss: 2.5642 - acc: 0.1091
 160/3900 [>.............................] - ETA: 53s - loss: 2.5638 - acc: 0.1125 
 210/3900 [>.............................] - ETA: 40s - loss: 2.5637 - acc: 0.0952
 260/3900 [=>............................] - ETA: 33s - loss: 2.5639 - acc: 0.1000
 310/3900 [=>............................] - ETA: 28s - loss: 2.5635 - acc: 0.1129
 360/3900 [=>............................] - ETA: 24s - loss: 2.5632 - acc: 0.1111
 410/3900 [==>...........................] - ETA: 21s - loss: 2.5633 - acc: 0.1146
 470/3900 [==>...........................] - ETA: 18s - loss: 2.5633 - acc: 0.1085
 530/3900 [===>..........................] - ETA: 16s - loss: 2.5625 - acc: 0.1094
 590/3900 [===>..........................] - ETA: 15s - loss: 2.5620 - acc: 0.1220
 650/3900 [====>.........................] - ETA: 13s - loss: 2.5622 - acc: 0.1262
 710/3900 [====>.........................] - ETA: 12s - loss: 2.5625 - acc: 0.1225
 770/3900 [====>.........................] - ETA: 11s - loss: 2.5624 - acc: 0.1221
 830/3900 [=====>........................] - ETA: 10s - loss: 2.5618 - acc: 0.1265
 890/3900 [=====>........................] - ETA: 10s - loss: 2.5613 - acc: 0.1315
 950/3900 [======>.......................] - ETA: 9s - loss: 2.5614 - acc: 0.1295 
1010/3900 [======>.......................] - ETA: 8s - loss: 2.5614 - acc: 0.1248
1070/3900 [=======>......................] - ETA: 8s - loss: 2.5615 - acc: 0.1215
1130/3900 [=======>......................] - ETA: 7s - loss: 2.5615 - acc: 0.1221
1190/3900 [========>.....................] - ETA: 7s - loss: 2.5611 - acc: 0.1244
1250/3900 [========>.....................] - ETA: 7s - loss: 2.5608 - acc: 0.1288
1310/3900 [=========>....................] - ETA: 6s - loss: 2.5605 - acc: 0.1359
1370/3900 [=========>....................] - ETA: 6s - loss: 2.5604 - acc: 0.1350
1430/3900 [==========>...................] - ETA: 6s - loss: 2.5602 - acc: 0.1371
1490/3900 [==========>...................] - ETA: 5s - loss: 2.5600 - acc: 0.1342
1550/3900 [==========>...................] - ETA: 5s - loss: 2.5598 - acc: 0.1368
1610/3900 [===========>..................] - ETA: 5s - loss: 2.5595 - acc: 0.1366
1670/3900 [===========>..................] - ETA: 4s - loss: 2.5591 - acc: 0.1371
1730/3900 [============>.................] - ETA: 4s - loss: 2.5589 - acc: 0.1399
1790/3900 [============>.................] - ETA: 4s - loss: 2.5589 - acc: 0.1413
1850/3900 [=============>................] - ETA: 4s - loss: 2.5586 - acc: 0.1449
1910/3900 [=============>................] - ETA: 4s - loss: 2.5583 - acc: 0.1476
1970/3900 [==============>...............] - ETA: 3s - loss: 2.5582 - acc: 0.1467
2030/3900 [==============>...............] - ETA: 3s - loss: 2.5581 - acc: 0.1488
2090/3900 [===============>..............] - ETA: 3s - loss: 2.5578 - acc: 0.1498
2150/3900 [===============>..............] - ETA: 3s - loss: 2.5577 - acc: 0.1512
2210/3900 [================>.............] - ETA: 3s - loss: 2.5575 - acc: 0.1525
2270/3900 [================>.............] - ETA: 3s - loss: 2.5574 - acc: 0.1511
2330/3900 [================>.............] - ETA: 2s - loss: 2.5571 - acc: 0.1545
2390/3900 [=================>............] - ETA: 2s - loss: 2.5568 - acc: 0.1561
2450/3900 [=================>............] - ETA: 2s - loss: 2.5565 - acc: 0.1588
2510/3900 [==================>...........] - ETA: 2s - loss: 2.5563 - acc: 0.1590
2570/3900 [==================>...........] - ETA: 2s - loss: 2.5562 - acc: 0.1584
2630/3900 [===================>..........] - ETA: 2s - loss: 2.5559 - acc: 0.1620
2690/3900 [===================>..........] - ETA: 2s - loss: 2.5557 - acc: 0.1636
2750/3900 [====================>.........] - ETA: 1s - loss: 2.5555 - acc: 0.1636
2810/3900 [====================>.........] - ETA: 1s - loss: 2.5552 - acc: 0.1648
2870/3900 [=====================>........] - ETA: 1s - loss: 2.5550 - acc: 0.1686
2930/3900 [=====================>........] - ETA: 1s - loss: 2.5547 - acc: 0.1737
2990/3900 [======================>.......] - ETA: 1s - loss: 2.5545 - acc: 0.1766
3050/3900 [======================>.......] - ETA: 1s - loss: 2.5543 - acc: 0.1780
3110/3900 [======================>.......] - ETA: 1s - loss: 2.5540 - acc: 0.1801
3170/3900 [=======================>......] - ETA: 1s - loss: 2.5538 - acc: 0.1792
3230/3900 [=======================>......] - ETA: 1s - loss: 2.5537 - acc: 0.1811
3290/3900 [========================>.....] - ETA: 0s - loss: 2.5535 - acc: 0.1827
3350/3900 [========================>.....] - ETA: 0s - loss: 2.5532 - acc: 0.1899
3410/3900 [=========================>....] - ETA: 0s - loss: 2.5530 - acc: 0.1927
3470/3900 [=========================>....] - ETA: 0s - loss: 2.5527 - acc: 0.1980
3530/3900 [==========================>...] - ETA: 0s - loss: 2.5524 - acc: 0.2000
3590/3900 [==========================>...] - ETA: 0s - loss: 2.5522 - acc: 0.2017
3650/3900 [===========================>..] - ETA: 0s - loss: 2.5520 - acc: 0.2027
3710/3900 [===========================>..] - ETA: 0s - loss: 2.5518 - acc: 0.2043
3770/3900 [============================>.] - ETA: 0s - loss: 2.5516 - acc: 0.2080
3830/3900 [============================>.] - ETA: 0s - loss: 2.5513 - acc: 0.2091
3890/3900 [============================>.] - ETA: 0s - loss: 2.5511 - acc: 0.2103
3900/3900 [==============================] - 6s 1ms/step - loss: 2.5511 - acc: 0.2115 - val_loss: 2.5420 - val_acc: 0.2525
Current time ....5.739
Train on 600 samples, validate on 86 samples
Epoch 1/1

 10/600 [..............................] - ETA: 21s - loss: 0.6984 - acc: 0.4000
 70/600 [==>...........................] - ETA: 3s - loss: 0.6967 - acc: 0.4857 
130/600 [=====>........................] - ETA: 1s - loss: 0.6908 - acc: 0.4923
190/600 [========>.....................] - ETA: 1s - loss: 0.6894 - acc: 0.5421
250/600 [===========>..................] - ETA: 0s - loss: 0.6849 - acc: 0.5840
310/600 [==============>...............] - ETA: 0s - loss: 0.6800 - acc: 0.6065
370/600 [=================>............] - ETA: 0s - loss: 0.6739 - acc: 0.6378
430/600 [====================>.........] - ETA: 0s - loss: 0.6701 - acc: 0.6442
490/600 [=======================>......] - ETA: 0s - loss: 0.6667 - acc: 0.6531
550/600 [==========================>...] - ETA: 0s - loss: 0.6635 - acc: 0.6545
600/600 [==============================] - 1s 2ms/step - loss: 0.6588 - acc: 0.6733 - val_loss: 0.6271 - val_acc: 0.8140
Current time ....0.930
Train on 1200 samples, validate on 68 samples
Epoch 1/1

  10/1200 [..............................] - ETA: 32s - loss: 1.3808 - acc: 0.5000
  70/1200 [>.............................] - ETA: 5s - loss: 1.3794 - acc: 0.3143 
 130/1200 [==>...........................] - ETA: 3s - loss: 1.3686 - acc: 0.3231
 190/1200 [===>..........................] - ETA: 2s - loss: 1.3690 - acc: 0.3158
 250/1200 [=====>........................] - ETA: 1s - loss: 1.3639 - acc: 0.3360
 310/1200 [======>.......................] - ETA: 1s - loss: 1.3586 - acc: 0.3645
 370/1200 [========>.....................] - ETA: 1s - loss: 1.3519 - acc: 0.3919
 430/1200 [=========>....................] - ETA: 1s - loss: 1.3418 - acc: 0.4000
 490/1200 [===========>..................] - ETA: 1s - loss: 1.3359 - acc: 0.4000
 550/1200 [============>.................] - ETA: 0s - loss: 1.3333 - acc: 0.4091
 610/1200 [==============>...............] - ETA: 0s - loss: 1.3272 - acc: 0.4279
 670/1200 [===============>..............] - ETA: 0s - loss: 1.3209 - acc: 0.4418
 730/1200 [=================>............] - ETA: 0s - loss: 1.3129 - acc: 0.4671
 790/1200 [==================>...........] - ETA: 0s - loss: 1.3113 - acc: 0.4633
 850/1200 [====================>.........] - ETA: 0s - loss: 1.3067 - acc: 0.4635
 910/1200 [=====================>........] - ETA: 0s - loss: 1.3021 - acc: 0.4648
 970/1200 [=======================>......] - ETA: 0s - loss: 1.2981 - acc: 0.4691
1030/1200 [========================>.....] - ETA: 0s - loss: 1.2943 - acc: 0.4689
1090/1200 [==========================>...] - ETA: 0s - loss: 1.2896 - acc: 0.4697
1150/1200 [===========================>..] - ETA: 0s - loss: 1.2854 - acc: 0.4687
1200/1200 [==============================] - 1s 1ms/step - loss: 1.2814 - acc: 0.4708 - val_loss: 1.2105 - val_acc: 0.3971
Current time ....1.358
Train on 3900 samples, validate on 99 samples
Epoch 1/1

  10/3900 [..............................] - ETA: 3s - loss: 2.5273 - acc: 0.4000
  70/3900 [..............................] - ETA: 3s - loss: 2.5288 - acc: 0.4000
 130/3900 [>.............................] - ETA: 3s - loss: 2.5281 - acc: 0.3615
 190/3900 [>.............................] - ETA: 3s - loss: 2.5302 - acc: 0.3211
 250/3900 [>.............................] - ETA: 3s - loss: 2.5305 - acc: 0.3000
 310/3900 [=>............................] - ETA: 3s - loss: 2.5299 - acc: 0.3065
 370/3900 [=>............................] - ETA: 3s - loss: 2.5307 - acc: 0.2757
 430/3900 [==>...........................] - ETA: 3s - loss: 2.5301 - acc: 0.2791
 490/3900 [==>...........................] - ETA: 3s - loss: 2.5300 - acc: 0.2735
 550/3900 [===>..........................] - ETA: 3s - loss: 2.5299 - acc: 0.2709
 610/3900 [===>..........................] - ETA: 3s - loss: 2.5300 - acc: 0.2754
 670/3900 [====>.........................] - ETA: 2s - loss: 2.5300 - acc: 0.2776
 730/3900 [====>.........................] - ETA: 2s - loss: 2.5297 - acc: 0.2822
 790/3900 [=====>........................] - ETA: 2s - loss: 2.5291 - acc: 0.2937
 850/3900 [=====>........................] - ETA: 2s - loss: 2.5282 - acc: 0.3094
 910/3900 [======>.......................] - ETA: 2s - loss: 2.5277 - acc: 0.3187
 970/3900 [======>.......................] - ETA: 2s - loss: 2.5272 - acc: 0.3237
1030/3900 [======>.......................] - ETA: 2s - loss: 2.5271 - acc: 0.3155
1090/3900 [=======>......................] - ETA: 2s - loss: 2.5269 - acc: 0.3119
1150/3900 [=======>......................] - ETA: 2s - loss: 2.5261 - acc: 0.3235
1210/3900 [========>.....................] - ETA: 2s - loss: 2.5255 - acc: 0.3298
1270/3900 [========>.....................] - ETA: 2s - loss: 2.5253 - acc: 0.3244
1330/3900 [=========>....................] - ETA: 2s - loss: 2.5247 - acc: 0.3241
1390/3900 [=========>....................] - ETA: 2s - loss: 2.5241 - acc: 0.3216
1450/3900 [==========>...................] - ETA: 2s - loss: 2.5236 - acc: 0.3193
1510/3900 [==========>...................] - ETA: 2s - loss: 2.5232 - acc: 0.3159
1570/3900 [===========>..................] - ETA: 2s - loss: 2.5229 - acc: 0.3146
1630/3900 [===========>..................] - ETA: 2s - loss: 2.5223 - acc: 0.3178
1690/3900 [============>.................] - ETA: 2s - loss: 2.5220 - acc: 0.3195
1750/3900 [============>.................] - ETA: 1s - loss: 2.5219 - acc: 0.3189
1810/3900 [============>.................] - ETA: 1s - loss: 2.5213 - acc: 0.3215
1870/3900 [=============>................] - ETA: 1s - loss: 2.5209 - acc: 0.3209
1930/3900 [=============>................] - ETA: 1s - loss: 2.5206 - acc: 0.3187
1990/3900 [==============>...............] - ETA: 1s - loss: 2.5199 - acc: 0.3201
2050/3900 [==============>...............] - ETA: 1s - loss: 2.5192 - acc: 0.3220
2110/3900 [===============>..............] - ETA: 1s - loss: 2.5190 - acc: 0.3209
2170/3900 [===============>..............] - ETA: 1s - loss: 2.5185 - acc: 0.3194
2230/3900 [================>.............] - ETA: 1s - loss: 2.5184 - acc: 0.3193
2290/3900 [================>.............] - ETA: 1s - loss: 2.5179 - acc: 0.3231
2350/3900 [=================>............] - ETA: 1s - loss: 2.5173 - acc: 0.3251
2410/3900 [=================>............] - ETA: 1s - loss: 2.5168 - acc: 0.3266
2470/3900 [==================>...........] - ETA: 1s - loss: 2.5164 - acc: 0.3287
2530/3900 [==================>...........] - ETA: 1s - loss: 2.5162 - acc: 0.3285
2590/3900 [==================>...........] - ETA: 1s - loss: 2.5157 - acc: 0.3301
2650/3900 [===================>..........] - ETA: 1s - loss: 2.5151 - acc: 0.3302
2710/3900 [===================>..........] - ETA: 1s - loss: 2.5146 - acc: 0.3306
2770/3900 [====================>.........] - ETA: 1s - loss: 2.5140 - acc: 0.3336
2830/3900 [====================>.........] - ETA: 0s - loss: 2.5136 - acc: 0.3339
2890/3900 [=====================>........] - ETA: 0s - loss: 2.5131 - acc: 0.3346
2950/3900 [=====================>........] - ETA: 0s - loss: 2.5125 - acc: 0.3373
3010/3900 [======================>.......] - ETA: 0s - loss: 2.5117 - acc: 0.3422
3070/3900 [======================>.......] - ETA: 0s - loss: 2.5111 - acc: 0.3450
3130/3900 [=======================>......] - ETA: 0s - loss: 2.5105 - acc: 0.3460
3190/3900 [=======================>......] - ETA: 0s - loss: 2.5100 - acc: 0.3467
3250/3900 [========================>.....] - ETA: 0s - loss: 2.5095 - acc: 0.3458
3310/3900 [========================>.....] - ETA: 0s - loss: 2.5089 - acc: 0.3456
3370/3900 [========================>.....] - ETA: 0s - loss: 2.5083 - acc: 0.3466
3430/3900 [=========================>....] - ETA: 0s - loss: 2.5075 - acc: 0.3464
3490/3900 [=========================>....] - ETA: 0s - loss: 2.5069 - acc: 0.3458
3550/3900 [==========================>...] - ETA: 0s - loss: 2.5063 - acc: 0.3465
3610/3900 [==========================>...] - ETA: 0s - loss: 2.5057 - acc: 0.3468
3670/3900 [===========================>..] - ETA: 0s - loss: 2.5050 - acc: 0.3485
3730/3900 [===========================>..] - ETA: 0s - loss: 2.5045 - acc: 0.3491
3790/3900 [============================>.] - ETA: 0s - loss: 2.5039 - acc: 0.3509
3850/3900 [============================>.] - ETA: 0s - loss: 2.5032 - acc: 0.3527
3900/3900 [==============================] - 4s 909us/step - loss: 2.5025 - acc: 0.3533 - val_loss: 2.4909 - val_acc: 0.2424
Current time ....3.545
Train on 600 samples, validate on 86 samples
Epoch 1/1

 10/600 [..............................] - ETA: 0s - loss: 0.5923 - acc: 1.0000
 70/600 [==>...........................] - ETA: 0s - loss: 0.5849 - acc: 0.8429
130/600 [=====>........................] - ETA: 0s - loss: 0.5808 - acc: 0.8385
190/600 [========>.....................] - ETA: 0s - loss: 0.5768 - acc: 0.8579
250/600 [===========>..................] - ETA: 0s - loss: 0.5726 - acc: 0.8760
310/600 [==============>...............] - ETA: 0s - loss: 0.5728 - acc: 0.8677
370/600 [=================>............] - ETA: 0s - loss: 0.5691 - acc: 0.8865
430/600 [====================>.........] - ETA: 0s - loss: 0.5606 - acc: 0.8977
490/600 [=======================>......] - ETA: 0s - loss: 0.5555 - acc: 0.8980
550/600 [==========================>...] - ETA: 0s - loss: 0.5471 - acc: 0.9073
600/600 [==============================] - 1s 937us/step - loss: 0.5380 - acc: 0.9100 - val_loss: 0.5312 - val_acc: 0.8953
Current time ....0.562
Train on 1200 samples, validate on 68 samples
Epoch 1/1

  10/1200 [..............................] - ETA: 1s - loss: 1.0752 - acc: 0.6000
  70/1200 [>.............................] - ETA: 1s - loss: 1.1322 - acc: 0.6429
 130/1200 [==>...........................] - ETA: 1s - loss: 1.1388 - acc: 0.6231
 190/1200 [===>..........................] - ETA: 0s - loss: 1.1239 - acc: 0.6158
 250/1200 [=====>........................] - ETA: 0s - loss: 1.1113 - acc: 0.6200
 310/1200 [======>.......................] - ETA: 0s - loss: 1.1152 - acc: 0.6000
 370/1200 [========>.....................] - ETA: 0s - loss: 1.1143 - acc: 0.6081
 430/1200 [=========>....................] - ETA: 0s - loss: 1.1087 - acc: 0.6070
 490/1200 [===========>..................] - ETA: 0s - loss: 1.0973 - acc: 0.6224
 550/1200 [============>.................] - ETA: 0s - loss: 1.0944 - acc: 0.6255
 610/1200 [==============>...............] - ETA: 0s - loss: 1.0863 - acc: 0.6279
 670/1200 [===============>..............] - ETA: 0s - loss: 1.0814 - acc: 0.6239
 730/1200 [=================>............] - ETA: 0s - loss: 1.0715 - acc: 0.6233
 790/1200 [==================>...........] - ETA: 0s - loss: 1.0594 - acc: 0.6266
 850/1200 [====================>.........] - ETA: 0s - loss: 1.0585 - acc: 0.6200
 910/1200 [=====================>........] - ETA: 0s - loss: 1.0564 - acc: 0.6220
 970/1200 [=======================>......] - ETA: 0s - loss: 1.0564 - acc: 0.6186
1030/1200 [========================>.....] - ETA: 0s - loss: 1.0478 - acc: 0.6233
1090/1200 [==========================>...] - ETA: 0s - loss: 1.0426 - acc: 0.6229
1150/1200 [===========================>..] - ETA: 0s - loss: 1.0346 - acc: 0.6235
1200/1200 [==============================] - 1s 916us/step - loss: 1.0249 - acc: 0.6292 - val_loss: 1.0845 - val_acc: 0.4412
Current time ....1.100
Train on 3900 samples, validate on 99 samples
Epoch 1/1

  10/3900 [..............................] - ETA: 3s - loss: 2.4476 - acc: 0.5000
  70/3900 [..............................] - ETA: 3s - loss: 2.4465 - acc: 0.5143
 120/3900 [..............................] - ETA: 3s - loss: 2.4446 - acc: 0.5083
 180/3900 [>.............................] - ETA: 3s - loss: 2.4436 - acc: 0.4778
 240/3900 [>.............................] - ETA: 3s - loss: 2.4422 - acc: 0.4875
 300/3900 [=>............................] - ETA: 3s - loss: 2.4432 - acc: 0.4700
 360/3900 [=>............................] - ETA: 3s - loss: 2.4431 - acc: 0.4722
 420/3900 [==>...........................] - ETA: 3s - loss: 2.4444 - acc: 0.4476
 480/3900 [==>...........................] - ETA: 3s - loss: 2.4439 - acc: 0.4396
 540/3900 [===>..........................] - ETA: 3s - loss: 2.4413 - acc: 0.4481
 600/3900 [===>..........................] - ETA: 3s - loss: 2.4421 - acc: 0.4367
 660/3900 [====>.........................] - ETA: 2s - loss: 2.4410 - acc: 0.4379
 720/3900 [====>.........................] - ETA: 2s - loss: 2.4396 - acc: 0.4444
 780/3900 [=====>........................] - ETA: 2s - loss: 2.4373 - acc: 0.4513
 840/3900 [=====>........................] - ETA: 2s - loss: 2.4361 - acc: 0.4512
 900/3900 [=====>........................] - ETA: 2s - loss: 2.4347 - acc: 0.4511
 960/3900 [======>.......................] - ETA: 2s - loss: 2.4331 - acc: 0.4438
1020/3900 [======>.......................] - ETA: 2s - loss: 2.4318 - acc: 0.4373
1080/3900 [=======>......................] - ETA: 2s - loss: 2.4301 - acc: 0.4361
1140/3900 [=======>......................] - ETA: 2s - loss: 2.4280 - acc: 0.4316
1200/3900 [========>.....................] - ETA: 2s - loss: 2.4268 - acc: 0.4283
1260/3900 [========>.....................] - ETA: 2s - loss: 2.4256 - acc: 0.4246
1320/3900 [=========>....................] - ETA: 2s - loss: 2.4246 - acc: 0.4152
1380/3900 [=========>....................] - ETA: 2s - loss: 2.4223 - acc: 0.4167
1440/3900 [==========>...................] - ETA: 2s - loss: 2.4207 - acc: 0.4167
1500/3900 [==========>...................] - ETA: 2s - loss: 2.4193 - acc: 0.4093
1560/3900 [===========>..................] - ETA: 2s - loss: 2.4180 - acc: 0.4038
1620/3900 [===========>..................] - ETA: 2s - loss: 2.4164 - acc: 0.4012
1680/3900 [===========>..................] - ETA: 2s - loss: 2.4147 - acc: 0.3958
1740/3900 [============>.................] - ETA: 1s - loss: 2.4134 - acc: 0.3920
1800/3900 [============>.................] - ETA: 1s - loss: 2.4119 - acc: 0.3900
1860/3900 [=============>................] - ETA: 1s - loss: 2.4100 - acc: 0.3914
1920/3900 [=============>................] - ETA: 1s - loss: 2.4080 - acc: 0.3901
1980/3900 [==============>...............] - ETA: 1s - loss: 2.4058 - acc: 0.3889
2040/3900 [==============>...............] - ETA: 1s - loss: 2.4041 - acc: 0.3887
2100/3900 [===============>..............] - ETA: 1s - loss: 2.4025 - acc: 0.3881
2160/3900 [===============>..............] - ETA: 1s - loss: 2.4002 - acc: 0.3889
2220/3900 [================>.............] - ETA: 1s - loss: 2.3984 - acc: 0.3874
2280/3900 [================>.............] - ETA: 1s - loss: 2.3962 - acc: 0.3877
2340/3900 [=================>............] - ETA: 1s - loss: 2.3949 - acc: 0.3842
2400/3900 [=================>............] - ETA: 1s - loss: 2.3928 - acc: 0.3867
2460/3900 [=================>............] - ETA: 1s - loss: 2.3906 - acc: 0.3874
2520/3900 [==================>...........] - ETA: 1s - loss: 2.3884 - acc: 0.3889
2580/3900 [==================>...........] - ETA: 1s - loss: 2.3859 - acc: 0.3919
2640/3900 [===================>..........] - ETA: 1s - loss: 2.3844 - acc: 0.3917
2700/3900 [===================>..........] - ETA: 1s - loss: 2.3820 - acc: 0.3948
2760/3900 [====================>.........] - ETA: 1s - loss: 2.3793 - acc: 0.3982
2820/3900 [====================>.........] - ETA: 0s - loss: 2.3770 - acc: 0.3979
2880/3900 [=====================>........] - ETA: 0s - loss: 2.3745 - acc: 0.3986
2940/3900 [=====================>........] - ETA: 0s - loss: 2.3719 - acc: 0.4003
3000/3900 [======================>.......] - ETA: 0s - loss: 2.3692 - acc: 0.4010
3060/3900 [======================>.......] - ETA: 0s - loss: 2.3663 - acc: 0.4033
3120/3900 [=======================>......] - ETA: 0s - loss: 2.3640 - acc: 0.4035
3180/3900 [=======================>......] - ETA: 0s - loss: 2.3614 - acc: 0.4041
3240/3900 [=======================>......] - ETA: 0s - loss: 2.3591 - acc: 0.4025
3300/3900 [========================>.....] - ETA: 0s - loss: 2.3566 - acc: 0.4015
3360/3900 [========================>.....] - ETA: 0s - loss: 2.3542 - acc: 0.4009
3420/3900 [=========================>....] - ETA: 0s - loss: 2.3520 - acc: 0.4003
3480/3900 [=========================>....] - ETA: 0s - loss: 2.3494 - acc: 0.3994
3540/3900 [==========================>...] - ETA: 0s - loss: 2.3463 - acc: 0.4006
3600/3900 [==========================>...] - ETA: 0s - loss: 2.3438 - acc: 0.4025
3660/3900 [===========================>..] - ETA: 0s - loss: 2.3410 - acc: 0.4027
3720/3900 [===========================>..] - ETA: 0s - loss: 2.3385 - acc: 0.4022
3780/3900 [============================>.] - ETA: 0s - loss: 2.3353 - acc: 0.4037
3840/3900 [============================>.] - ETA: 0s - loss: 2.3324 - acc: 0.4031
3900/3900 [==============================] - 4s 908us/step - loss: 2.3302 - acc: 0.4018 - val_loss: 2.2114 - val_acc: 0.2727
Current time ....3.540
Train on 600 samples, validate on 86 samples
Epoch 1/1

 10/600 [..............................] - ETA: 0s - loss: 0.4414 - acc: 1.0000
 70/600 [==>...........................] - ETA: 0s - loss: 0.4513 - acc: 0.9857
130/600 [=====>........................] - ETA: 0s - loss: 0.4516 - acc: 0.9769
190/600 [========>.....................] - ETA: 0s - loss: 0.4272 - acc: 0.9842
250/600 [===========>..................] - ETA: 0s - loss: 0.4290 - acc: 0.9840
310/600 [==============>...............] - ETA: 0s - loss: 0.4226 - acc: 0.9806
370/600 [=================>............] - ETA: 0s - loss: 0.4088 - acc: 0.9784
430/600 [====================>.........] - ETA: 0s - loss: 0.4070 - acc: 0.9721
490/600 [=======================>......] - ETA: 0s - loss: 0.3940 - acc: 0.9755
550/600 [==========================>...] - ETA: 0s - loss: 0.3872 - acc: 0.9709
600/600 [==============================] - 1s 921us/step - loss: 0.3829 - acc: 0.9717 - val_loss: 0.4284 - val_acc: 0.9186
Current time ....0.553
Train on 1200 samples, validate on 68 samples
Epoch 1/1

  10/1200 [..............................] - ETA: 1s - loss: 0.9137 - acc: 0.8000
  70/1200 [>.............................] - ETA: 0s - loss: 0.9393 - acc: 0.6286
 130/1200 [==>...........................] - ETA: 0s - loss: 0.9155 - acc: 0.6615
 190/1200 [===>..........................] - ETA: 0s - loss: 0.8634 - acc: 0.7053
 240/1200 [=====>........................] - ETA: 0s - loss: 0.8596 - acc: 0.7000
 300/1200 [======>.......................] - ETA: 0s - loss: 0.8551 - acc: 0.6933
 360/1200 [========>.....................] - ETA: 0s - loss: 0.8675 - acc: 0.6750
 420/1200 [=========>....................] - ETA: 0s - loss: 0.8619 - acc: 0.6786
 480/1200 [===========>..................] - ETA: 0s - loss: 0.8565 - acc: 0.6833
 540/1200 [============>.................] - ETA: 0s - loss: 0.8495 - acc: 0.6907
 600/1200 [==============>...............] - ETA: 0s - loss: 0.8312 - acc: 0.7000
 660/1200 [===============>..............] - ETA: 0s - loss: 0.8329 - acc: 0.6985
 720/1200 [=================>............] - ETA: 0s - loss: 0.8223 - acc: 0.7042
 780/1200 [==================>...........] - ETA: 0s - loss: 0.8184 - acc: 0.7038
 840/1200 [====================>.........] - ETA: 0s - loss: 0.8135 - acc: 0.7024
 900/1200 [=====================>........] - ETA: 0s - loss: 0.8114 - acc: 0.7011
 960/1200 [=======================>......] - ETA: 0s - loss: 0.8021 - acc: 0.7083
1020/1200 [========================>.....] - ETA: 0s - loss: 0.7993 - acc: 0.7118
1080/1200 [==========================>...] - ETA: 0s - loss: 0.7917 - acc: 0.7167
1140/1200 [===========================>..] - ETA: 0s - loss: 0.7877 - acc: 0.7202
1200/1200 [==============================] - 1s 913us/step - loss: 0.7835 - acc: 0.7217 - val_loss: 1.1062 - val_acc: 0.5588
Current time ....1.096
Train on 3900 samples, validate on 99 samples
Epoch 1/1

  10/3900 [..............................] - ETA: 3s - loss: 2.0174 - acc: 0.4000
  70/3900 [..............................] - ETA: 3s - loss: 2.1472 - acc: 0.4000
 130/3900 [>.............................] - ETA: 3s - loss: 2.1355 - acc: 0.4308
 190/3900 [>.............................] - ETA: 3s - loss: 2.1104 - acc: 0.4684
 250/3900 [>.............................] - ETA: 3s - loss: 2.1160 - acc: 0.4800
 310/3900 [=>............................] - ETA: 3s - loss: 2.1116 - acc: 0.4677
 370/3900 [=>............................] - ETA: 3s - loss: 2.1061 - acc: 0.4541
 430/3900 [==>...........................] - ETA: 3s - loss: 2.1058 - acc: 0.4465
 490/3900 [==>...........................] - ETA: 3s - loss: 2.1010 - acc: 0.4490
 550/3900 [===>..........................] - ETA: 3s - loss: 2.0983 - acc: 0.4491
 610/3900 [===>..........................] - ETA: 2s - loss: 2.0943 - acc: 0.4541
 670/3900 [====>.........................] - ETA: 2s - loss: 2.0958 - acc: 0.4433
 730/3900 [====>.........................] - ETA: 2s - loss: 2.0923 - acc: 0.4438
 790/3900 [=====>........................] - ETA: 2s - loss: 2.0896 - acc: 0.4380
 850/3900 [=====>........................] - ETA: 2s - loss: 2.0847 - acc: 0.4365
 910/3900 [======>.......................] - ETA: 2s - loss: 2.0829 - acc: 0.4319
 970/3900 [======>.......................] - ETA: 2s - loss: 2.0766 - acc: 0.4299
1030/3900 [======>.......................] - ETA: 2s - loss: 2.0736 - acc: 0.4223
1090/3900 [=======>......................] - ETA: 2s - loss: 2.0717 - acc: 0.4128
1150/3900 [=======>......................] - ETA: 2s - loss: 2.0671 - acc: 0.4061
1210/3900 [========>.....................] - ETA: 2s - loss: 2.0626 - acc: 0.4008
1270/3900 [========>.....................] - ETA: 2s - loss: 2.0592 - acc: 0.4000
1330/3900 [=========>....................] - ETA: 2s - loss: 2.0560 - acc: 0.3970
1390/3900 [=========>....................] - ETA: 2s - loss: 2.0537 - acc: 0.3971
1450/3900 [==========>...................] - ETA: 2s - loss: 2.0509 - acc: 0.3931
1510/3900 [==========>...................] - ETA: 2s - loss: 2.0490 - acc: 0.3921
1570/3900 [===========>..................] - ETA: 2s - loss: 2.0457 - acc: 0.3911
1620/3900 [===========>..................] - ETA: 2s - loss: 2.0438 - acc: 0.3932
1680/3900 [===========>..................] - ETA: 1s - loss: 2.0413 - acc: 0.3940
1740/3900 [============>.................] - ETA: 1s - loss: 2.0366 - acc: 0.3977
1800/3900 [============>.................] - ETA: 1s - loss: 2.0333 - acc: 0.3994
1860/3900 [=============>................] - ETA: 1s - loss: 2.0300 - acc: 0.3989
1920/3900 [=============>................] - ETA: 1s - loss: 2.0286 - acc: 0.3974
1980/3900 [==============>...............] - ETA: 1s - loss: 2.0252 - acc: 0.3965
2040/3900 [==============>...............] - ETA: 1s - loss: 2.0237 - acc: 0.3936
2100/3900 [===============>..............] - ETA: 1s - loss: 2.0211 - acc: 0.3933
2160/3900 [===============>..............] - ETA: 1s - loss: 2.0189 - acc: 0.3903
2220/3900 [================>.............] - ETA: 1s - loss: 2.0160 - acc: 0.3937
2280/3900 [================>.............] - ETA: 1s - loss: 2.0139 - acc: 0.3952
2340/3900 [=================>............] - ETA: 1s - loss: 2.0105 - acc: 0.3966
2400/3900 [=================>............] - ETA: 1s - loss: 2.0078 - acc: 0.3975
2460/3900 [=================>............] - ETA: 1s - loss: 2.0054 - acc: 0.3988
2520/3900 [==================>...........] - ETA: 1s - loss: 2.0042 - acc: 0.3980
2580/3900 [==================>...........] - ETA: 1s - loss: 2.0026 - acc: 0.3973
2640/3900 [===================>..........] - ETA: 1s - loss: 1.9994 - acc: 0.3989
2700/3900 [===================>..........] - ETA: 1s - loss: 1.9971 - acc: 0.3989
2760/3900 [====================>.........] - ETA: 1s - loss: 1.9951 - acc: 0.4018
2820/3900 [====================>.........] - ETA: 0s - loss: 1.9929 - acc: 0.4007
2880/3900 [=====================>........] - ETA: 0s - loss: 1.9908 - acc: 0.4017
2940/3900 [=====================>........] - ETA: 0s - loss: 1.9876 - acc: 0.4037
3000/3900 [======================>.......] - ETA: 0s - loss: 1.9865 - acc: 0.4037
3060/3900 [======================>.......] - ETA: 0s - loss: 1.9860 - acc: 0.4026
3120/3900 [=======================>......] - ETA: 0s - loss: 1.9838 - acc: 0.4032
3180/3900 [=======================>......] - ETA: 0s - loss: 1.9804 - acc: 0.4038
3240/3900 [=======================>......] - ETA: 0s - loss: 1.9788 - acc: 0.4019
3300/3900 [========================>.....] - ETA: 0s - loss: 1.9768 - acc: 0.4033
3360/3900 [========================>.....] - ETA: 0s - loss: 1.9745 - acc: 0.4048
3420/3900 [=========================>....] - ETA: 0s - loss: 1.9728 - acc: 0.4035
3480/3900 [=========================>....] - ETA: 0s - loss: 1.9705 - acc: 0.4046
3540/3900 [==========================>...] - ETA: 0s - loss: 1.9685 - acc: 0.4054
3600/3900 [==========================>...] - ETA: 0s - loss: 1.9679 - acc: 0.4050
3660/3900 [===========================>..] - ETA: 0s - loss: 1.9660 - acc: 0.4052
3720/3900 [===========================>..] - ETA: 0s - loss: 1.9639 - acc: 0.4073
3780/3900 [============================>.] - ETA: 0s - loss: 1.9613 - acc: 0.4079
3840/3900 [============================>.] - ETA: 0s - loss: 1.9593 - acc: 0.4063
3900/3900 [==============================] - 4s 902us/step - loss: 1.9583 - acc: 0.4054 - val_loss: 1.9748 - val_acc: 0.1515
Current time ....3.519
Train on 600 samples, validate on 86 samples
Epoch 1/1

 10/600 [..............................] - ETA: 0s - loss: 0.2489 - acc: 0.9000
 70/600 [==>...........................] - ETA: 0s - loss: 0.3275 - acc: 0.9286
130/600 [=====>........................] - ETA: 0s - loss: 0.3100 - acc: 0.9538
190/600 [========>.....................] - ETA: 0s - loss: 0.2904 - acc: 0.9684
250/600 [===========>..................] - ETA: 0s - loss: 0.2663 - acc: 0.9760
310/600 [==============>...............] - ETA: 0s - loss: 0.2572 - acc: 0.9742
370/600 [=================>............] - ETA: 0s - loss: 0.2518 - acc: 0.9730
430/600 [====================>.........] - ETA: 0s - loss: 0.2476 - acc: 0.9721
490/600 [=======================>......] - ETA: 0s - loss: 0.2429 - acc: 0.9755
550/600 [==========================>...] - ETA: 0s - loss: 0.2403 - acc: 0.9745
600/600 [==============================] - 1s 930us/step - loss: 0.2379 - acc: 0.9767 - val_loss: 0.3943 - val_acc: 0.9186
Current time ....0.558
Train on 1200 samples, validate on 68 samples
Epoch 1/1

  10/1200 [..............................] - ETA: 1s - loss: 0.5156 - acc: 0.9000
  70/1200 [>.............................] - ETA: 1s - loss: 0.5449 - acc: 0.9143
 130/1200 [==>...........................] - ETA: 0s - loss: 0.6106 - acc: 0.8615
 190/1200 [===>..........................] - ETA: 0s - loss: 0.6045 - acc: 0.8474
 250/1200 [=====>........................] - ETA: 0s - loss: 0.6094 - acc: 0.8480
 310/1200 [======>.......................] - ETA: 0s - loss: 0.6066 - acc: 0.8387
 370/1200 [========>.....................] - ETA: 0s - loss: 0.6200 - acc: 0.8216
 430/1200 [=========>....................] - ETA: 0s - loss: 0.6173 - acc: 0.8140
 490/1200 [===========>..................] - ETA: 0s - loss: 0.6317 - acc: 0.8000
 550/1200 [============>.................] - ETA: 0s - loss: 0.6325 - acc: 0.8000
 610/1200 [==============>...............] - ETA: 0s - loss: 0.6262 - acc: 0.8000
 670/1200 [===============>..............] - ETA: 0s - loss: 0.6235 - acc: 0.8030
 730/1200 [=================>............] - ETA: 0s - loss: 0.6149 - acc: 0.8014
 790/1200 [==================>...........] - ETA: 0s - loss: 0.6022 - acc: 0.8051
 850/1200 [====================>.........] - ETA: 0s - loss: 0.5953 - acc: 0.8141
 910/1200 [=====================>........] - ETA: 0s - loss: 0.5885 - acc: 0.8165
 970/1200 [=======================>......] - ETA: 0s - loss: 0.5875 - acc: 0.8165
1030/1200 [========================>.....] - ETA: 0s - loss: 0.5885 - acc: 0.8117
1090/1200 [==========================>...] - ETA: 0s - loss: 0.5860 - acc: 0.8110
1150/1200 [===========================>..] - ETA: 0s - loss: 0.5842 - acc: 0.8130
1200/1200 [==============================] - 1s 908us/step - loss: 0.5844 - acc: 0.8083 - val_loss: 0.8714 - val_acc: 0.6471
Current time ....1.090
Train on 3900 samples, validate on 99 samples
Epoch 1/1

  10/3900 [..............................] - ETA: 3s - loss: 1.9542 - acc: 0.2000
  70/3900 [..............................] - ETA: 3s - loss: 1.8632 - acc: 0.3714
 130/3900 [>.............................] - ETA: 3s - loss: 1.8455 - acc: 0.3692
 190/3900 [>.............................] - ETA: 3s - loss: 1.8338 - acc: 0.4053
 250/3900 [>.............................] - ETA: 3s - loss: 1.8382 - acc: 0.4280
 310/3900 [=>............................] - ETA: 3s - loss: 1.8271 - acc: 0.4516
 370/3900 [=>............................] - ETA: 3s - loss: 1.8308 - acc: 0.4730
 430/3900 [==>...........................] - ETA: 3s - loss: 1.8275 - acc: 0.4860
 490/3900 [==>...........................] - ETA: 3s - loss: 1.8253 - acc: 0.4796
 550/3900 [===>..........................] - ETA: 2s - loss: 1.8204 - acc: 0.4909
 610/3900 [===>..........................] - ETA: 2s - loss: 1.8142 - acc: 0.4984
 670/3900 [====>.........................] - ETA: 2s - loss: 1.8096 - acc: 0.4970
 730/3900 [====>.........................] - ETA: 2s - loss: 1.8085 - acc: 0.4918
 790/3900 [=====>........................] - ETA: 2s - loss: 1.7971 - acc: 0.5038
 850/3900 [=====>........................] - ETA: 2s - loss: 1.7934 - acc: 0.5000
 910/3900 [======>.......................] - ETA: 2s - loss: 1.7949 - acc: 0.4934
 970/3900 [======>.......................] - ETA: 2s - loss: 1.7917 - acc: 0.4938
1030/3900 [======>.......................] - ETA: 2s - loss: 1.7923 - acc: 0.4893
1090/3900 [=======>......................] - ETA: 2s - loss: 1.7919 - acc: 0.4853
1150/3900 [=======>......................] - ETA: 2s - loss: 1.7965 - acc: 0.4730
1210/3900 [========>.....................] - ETA: 2s - loss: 1.7942 - acc: 0.4752
1270/3900 [========>.....................] - ETA: 2s - loss: 1.7942 - acc: 0.4740
1330/3900 [=========>....................] - ETA: 2s - loss: 1.7927 - acc: 0.4722
1390/3900 [=========>....................] - ETA: 2s - loss: 1.7937 - acc: 0.4712
1450/3900 [==========>...................] - ETA: 2s - loss: 1.7901 - acc: 0.4745
1510/3900 [==========>...................] - ETA: 2s - loss: 1.7898 - acc: 0.4722
1570/3900 [===========>..................] - ETA: 2s - loss: 1.7869 - acc: 0.4739
1630/3900 [===========>..................] - ETA: 2s - loss: 1.7864 - acc: 0.4730
1690/3900 [============>.................] - ETA: 1s - loss: 1.7831 - acc: 0.4728
1750/3900 [============>.................] - ETA: 1s - loss: 1.7804 - acc: 0.4714
1810/3900 [============>.................] - ETA: 1s - loss: 1.7815 - acc: 0.4707
1870/3900 [=============>................] - ETA: 1s - loss: 1.7800 - acc: 0.4679
1930/3900 [=============>................] - ETA: 1s - loss: 1.7784 - acc: 0.4663
1990/3900 [==============>...............] - ETA: 1s - loss: 1.7747 - acc: 0.4678
2050/3900 [==============>...............] - ETA: 1s - loss: 1.7758 - acc: 0.4649
2110/3900 [===============>..............] - ETA: 1s - loss: 1.7744 - acc: 0.4635
2170/3900 [===============>..............] - ETA: 1s - loss: 1.7728 - acc: 0.4622
2230/3900 [================>.............] - ETA: 1s - loss: 1.7728 - acc: 0.4601
2290/3900 [================>.............] - ETA: 1s - loss: 1.7710 - acc: 0.4603
2350/3900 [=================>............] - ETA: 1s - loss: 1.7696 - acc: 0.4609
2410/3900 [=================>............] - ETA: 1s - loss: 1.7672 - acc: 0.4622
2470/3900 [==================>...........] - ETA: 1s - loss: 1.7660 - acc: 0.4615
2530/3900 [==================>...........] - ETA: 1s - loss: 1.7661 - acc: 0.4597
2590/3900 [==================>...........] - ETA: 1s - loss: 1.7657 - acc: 0.4587
2650/3900 [===================>..........] - ETA: 1s - loss: 1.7645 - acc: 0.4577
2710/3900 [===================>..........] - ETA: 1s - loss: 1.7618 - acc: 0.4590
2770/3900 [====================>.........] - ETA: 1s - loss: 1.7597 - acc: 0.4578
2830/3900 [====================>.........] - ETA: 0s - loss: 1.7572 - acc: 0.4569
2890/3900 [=====================>........] - ETA: 0s - loss: 1.7552 - acc: 0.4571
2950/3900 [=====================>........] - ETA: 0s - loss: 1.7545 - acc: 0.4576
3010/3900 [======================>.......] - ETA: 0s - loss: 1.7532 - acc: 0.4565
3070/3900 [======================>.......] - ETA: 0s - loss: 1.7517 - acc: 0.4560
3130/3900 [=======================>......] - ETA: 0s - loss: 1.7493 - acc: 0.4581
3190/3900 [=======================>......] - ETA: 0s - loss: 1.7490 - acc: 0.4558
3250/3900 [========================>.....] - ETA: 0s - loss: 1.7459 - acc: 0.4582
3310/3900 [========================>.....] - ETA: 0s - loss: 1.7439 - acc: 0.4598
3370/3900 [========================>.....] - ETA: 0s - loss: 1.7431 - acc: 0.4596
3430/3900 [=========================>....] - ETA: 0s - loss: 1.7420 - acc: 0.4598
3490/3900 [=========================>....] - ETA: 0s - loss: 1.7420 - acc: 0.4582
3550/3900 [==========================>...] - ETA: 0s - loss: 1.7417 - acc: 0.4583
3610/3900 [==========================>...] - ETA: 0s - loss: 1.7399 - acc: 0.4590
3670/3900 [===========================>..] - ETA: 0s - loss: 1.7392 - acc: 0.4580
3730/3900 [===========================>..] - ETA: 0s - loss: 1.7397 - acc: 0.4571
3790/3900 [============================>.] - ETA: 0s - loss: 1.7396 - acc: 0.4567
3850/3900 [============================>.] - ETA: 0s - loss: 1.7368 - acc: 0.4574
3900/3900 [==============================] - 4s 906us/step - loss: 1.7348 - acc: 0.4592 - val_loss: 1.7928 - val_acc: 0.4646
Current time ....3.534
Train on 600 samples, validate on 86 samples
Epoch 1/1

 10/600 [..............................] - ETA: 0s - loss: 0.1758 - acc: 1.0000
 70/600 [==>...........................] - ETA: 0s - loss: 0.1751 - acc: 1.0000
130/600 [=====>........................] - ETA: 0s - loss: 0.1776 - acc: 0.9923
190/600 [========>.....................] - ETA: 0s - loss: 0.1722 - acc: 0.9895
250/600 [===========>..................] - ETA: 0s - loss: 0.1703 - acc: 0.9920
310/600 [==============>...............] - ETA: 0s - loss: 0.1670 - acc: 0.9935
370/600 [=================>............] - ETA: 0s - loss: 0.1572 - acc: 0.9919
430/600 [====================>.........] - ETA: 0s - loss: 0.1610 - acc: 0.9884
490/600 [=======================>......] - ETA: 0s - loss: 0.1563 - acc: 0.9857
550/600 [==========================>...] - ETA: 0s - loss: 0.1571 - acc: 0.9836
600/600 [==============================] - 1s 932us/step - loss: 0.1531 - acc: 0.9850 - val_loss: 0.3738 - val_acc: 0.9186
Current time ....0.559
Train on 1200 samples, validate on 68 samples
Epoch 1/1

  10/1200 [..............................] - ETA: 1s - loss: 0.6128 - acc: 0.8000
  70/1200 [>.............................] - ETA: 0s - loss: 0.5766 - acc: 0.8143
 130/1200 [==>...........................] - ETA: 0s - loss: 0.4741 - acc: 0.8769
 190/1200 [===>..........................] - ETA: 0s - loss: 0.4696 - acc: 0.8789
 250/1200 [=====>........................] - ETA: 0s - loss: 0.4477 - acc: 0.9000
 310/1200 [======>.......................] - ETA: 0s - loss: 0.4244 - acc: 0.9161
 370/1200 [========>.....................] - ETA: 0s - loss: 0.4267 - acc: 0.9081
 430/1200 [=========>....................] - ETA: 0s - loss: 0.4240 - acc: 0.9116
 490/1200 [===========>..................] - ETA: 0s - loss: 0.4207 - acc: 0.9041
 550/1200 [============>.................] - ETA: 0s - loss: 0.4369 - acc: 0.8927
 610/1200 [==============>...............] - ETA: 0s - loss: 0.4407 - acc: 0.8820
 670/1200 [===============>..............] - ETA: 0s - loss: 0.4469 - acc: 0.8791
 730/1200 [=================>............] - ETA: 0s - loss: 0.4434 - acc: 0.8781
 790/1200 [==================>...........] - ETA: 0s - loss: 0.4455 - acc: 0.8772
 850/1200 [====================>.........] - ETA: 0s - loss: 0.4429 - acc: 0.8788
 910/1200 [=====================>........] - ETA: 0s - loss: 0.4356 - acc: 0.8824
 970/1200 [=======================>......] - ETA: 0s - loss: 0.4341 - acc: 0.8804
1030/1200 [========================>.....] - ETA: 0s - loss: 0.4356 - acc: 0.8767
1090/1200 [==========================>...] - ETA: 0s - loss: 0.4314 - acc: 0.8807
1150/1200 [===========================>..] - ETA: 0s - loss: 0.4248 - acc: 0.8843
1200/1200 [==============================] - 1s 901us/step - loss: 0.4210 - acc: 0.8842 - val_loss: 0.7721 - val_acc: 0.7500
Current time ....1.081
Train on 3900 samples, validate on 99 samples
Epoch 1/1

  10/3900 [..............................] - ETA: 3s - loss: 1.6315 - acc: 0.4000
  70/3900 [..............................] - ETA: 3s - loss: 1.6036 - acc: 0.5143
 130/3900 [>.............................] - ETA: 3s - loss: 1.6054 - acc: 0.4846
 190/3900 [>.............................] - ETA: 3s - loss: 1.5709 - acc: 0.4842
 250/3900 [>.............................] - ETA: 3s - loss: 1.5961 - acc: 0.4600
 310/3900 [=>............................] - ETA: 3s - loss: 1.6016 - acc: 0.4452
 370/3900 [=>............................] - ETA: 3s - loss: 1.6130 - acc: 0.4378
 430/3900 [==>...........................] - ETA: 3s - loss: 1.6064 - acc: 0.4442
 490/3900 [==>...........................] - ETA: 3s - loss: 1.6031 - acc: 0.4633
 550/3900 [===>..........................] - ETA: 2s - loss: 1.6067 - acc: 0.4636
 610/3900 [===>..........................] - ETA: 2s - loss: 1.6055 - acc: 0.4705
 670/3900 [====>.........................] - ETA: 2s - loss: 1.6026 - acc: 0.4746
 730/3900 [====>.........................] - ETA: 2s - loss: 1.5962 - acc: 0.4849
 790/3900 [=====>........................] - ETA: 2s - loss: 1.6021 - acc: 0.4835
 850/3900 [=====>........................] - ETA: 2s - loss: 1.5985 - acc: 0.4859
 910/3900 [======>.......................] - ETA: 2s - loss: 1.6009 - acc: 0.4791
 970/3900 [======>.......................] - ETA: 2s - loss: 1.6019 - acc: 0.4794
1030/3900 [======>.......................] - ETA: 2s - loss: 1.5939 - acc: 0.4874
1090/3900 [=======>......................] - ETA: 2s - loss: 1.5945 - acc: 0.4890
1150/3900 [=======>......................] - ETA: 2s - loss: 1.5947 - acc: 0.4896
1210/3900 [========>.....................] - ETA: 2s - loss: 1.5940 - acc: 0.4810
1270/3900 [========>.....................] - ETA: 2s - loss: 1.5941 - acc: 0.4795
1330/3900 [=========>....................] - ETA: 2s - loss: 1.5950 - acc: 0.4789
1390/3900 [=========>....................] - ETA: 2s - loss: 1.5920 - acc: 0.4827
1450/3900 [==========>...................] - ETA: 2s - loss: 1.5887 - acc: 0.4890
1510/3900 [==========>...................] - ETA: 2s - loss: 1.5885 - acc: 0.4887
1570/3900 [===========>..................] - ETA: 2s - loss: 1.5920 - acc: 0.4834
1630/3900 [===========>..................] - ETA: 2s - loss: 1.5905 - acc: 0.4847
1690/3900 [============>.................] - ETA: 1s - loss: 1.5894 - acc: 0.4882
1750/3900 [============>.................] - ETA: 1s - loss: 1.5861 - acc: 0.4920
1810/3900 [============>.................] - ETA: 1s - loss: 1.5808 - acc: 0.4961
1870/3900 [=============>................] - ETA: 1s - loss: 1.5809 - acc: 0.4957
1930/3900 [=============>................] - ETA: 1s - loss: 1.5795 - acc: 0.4979
1990/3900 [==============>...............] - ETA: 1s - loss: 1.5783 - acc: 0.4995
2050/3900 [==============>...............] - ETA: 1s - loss: 1.5750 - acc: 0.5039
2110/3900 [===============>..............] - ETA: 1s - loss: 1.5732 - acc: 0.5033
2170/3900 [===============>..............] - ETA: 1s - loss: 1.5722 - acc: 0.5037
2230/3900 [================>.............] - ETA: 1s - loss: 1.5685 - acc: 0.5067
2290/3900 [================>.............] - ETA: 1s - loss: 1.5673 - acc: 0.5074
2350/3900 [=================>............] - ETA: 1s - loss: 1.5649 - acc: 0.5098
2410/3900 [=================>............] - ETA: 1s - loss: 1.5646 - acc: 0.5104
2470/3900 [==================>...........] - ETA: 1s - loss: 1.5643 - acc: 0.5109
2530/3900 [==================>...........] - ETA: 1s - loss: 1.5618 - acc: 0.5123
2590/3900 [==================>...........] - ETA: 1s - loss: 1.5627 - acc: 0.5112
2650/3900 [===================>..........] - ETA: 1s - loss: 1.5632 - acc: 0.5102
2710/3900 [===================>..........] - ETA: 1s - loss: 1.5594 - acc: 0.5133
2770/3900 [====================>.........] - ETA: 1s - loss: 1.5572 - acc: 0.5152
2830/3900 [====================>.........] - ETA: 0s - loss: 1.5557 - acc: 0.5166
2890/3900 [=====================>........] - ETA: 0s - loss: 1.5519 - acc: 0.5194
2950/3900 [=====================>........] - ETA: 0s - loss: 1.5494 - acc: 0.5210
3010/3900 [======================>.......] - ETA: 0s - loss: 1.5470 - acc: 0.5229
3070/3900 [======================>.......] - ETA: 0s - loss: 1.5456 - acc: 0.5228
3130/3900 [=======================>......] - ETA: 0s - loss: 1.5454 - acc: 0.5211
3190/3900 [=======================>......] - ETA: 0s - loss: 1.5434 - acc: 0.5223
3250/3900 [========================>.....] - ETA: 0s - loss: 1.5405 - acc: 0.5243
3310/3900 [========================>.....] - ETA: 0s - loss: 1.5389 - acc: 0.5245
3370/3900 [========================>.....] - ETA: 0s - loss: 1.5375 - acc: 0.5252
3430/3900 [=========================>....] - ETA: 0s - loss: 1.5358 - acc: 0.5259
3490/3900 [=========================>....] - ETA: 0s - loss: 1.5332 - acc: 0.5269
3550/3900 [==========================>...] - ETA: 0s - loss: 1.5315 - acc: 0.5285
3610/3900 [==========================>...] - ETA: 0s - loss: 1.5275 - acc: 0.5307
3670/3900 [===========================>..] - ETA: 0s - loss: 1.5273 - acc: 0.5294
3730/3900 [===========================>..] - ETA: 0s - loss: 1.5278 - acc: 0.5282
3790/3900 [============================>.] - ETA: 0s - loss: 1.5248 - acc: 0.5285
3850/3900 [============================>.] - ETA: 0s - loss: 1.5236 - acc: 0.5286
3900/3900 [==============================] - 4s 901us/step - loss: 1.5206 - acc: 0.5300 - val_loss: 1.6475 - val_acc: 0.4040
Current time ....3.515
Train on 600 samples, validate on 86 samples
Epoch 1/1

 10/600 [..............................] - ETA: 0s - loss: 0.0901 - acc: 1.0000
 70/600 [==>...........................] - ETA: 0s - loss: 0.0977 - acc: 1.0000
130/600 [=====>........................] - ETA: 0s - loss: 0.1119 - acc: 0.9846
190/600 [========>.....................] - ETA: 0s - loss: 0.1109 - acc: 0.9842
250/600 [===========>..................] - ETA: 0s - loss: 0.1086 - acc: 0.9880
310/600 [==============>...............] - ETA: 0s - loss: 0.1081 - acc: 0.9871
370/600 [=================>............] - ETA: 0s - loss: 0.1122 - acc: 0.9865
430/600 [====================>.........] - ETA: 0s - loss: 0.1120 - acc: 0.9860
490/600 [=======================>......] - ETA: 0s - loss: 0.1103 - acc: 0.9857
550/600 [==========================>...] - ETA: 0s - loss: 0.1072 - acc: 0.9873
600/600 [==============================] - 1s 933us/step - loss: 0.1038 - acc: 0.9883 - val_loss: 0.3874 - val_acc: 0.9186
Current time ....0.560
Train on 1200 samples, validate on 68 samples
Epoch 1/1

  10/1200 [..............................] - ETA: 1s - loss: 0.1445 - acc: 1.0000
  70/1200 [>.............................] - ETA: 1s - loss: 0.2442 - acc: 0.9571
 130/1200 [==>...........................] - ETA: 0s - loss: 0.2794 - acc: 0.9615
 190/1200 [===>..........................] - ETA: 0s - loss: 0.3111 - acc: 0.9579
 250/1200 [=====>........................] - ETA: 0s - loss: 0.2933 - acc: 0.9600
 310/1200 [======>.......................] - ETA: 0s - loss: 0.3105 - acc: 0.9484
 370/1200 [========>.....................] - ETA: 0s - loss: 0.3173 - acc: 0.9378
 430/1200 [=========>....................] - ETA: 0s - loss: 0.3204 - acc: 0.9349
 490/1200 [===========>..................] - ETA: 0s - loss: 0.3184 - acc: 0.9347
 550/1200 [============>.................] - ETA: 0s - loss: 0.3248 - acc: 0.9309
 610/1200 [==============>...............] - ETA: 0s - loss: 0.3187 - acc: 0.9262
 670/1200 [===============>..............] - ETA: 0s - loss: 0.3253 - acc: 0.9239
 730/1200 [=================>............] - ETA: 0s - loss: 0.3326 - acc: 0.9178
 790/1200 [==================>...........] - ETA: 0s - loss: 0.3303 - acc: 0.9165
 850/1200 [====================>.........] - ETA: 0s - loss: 0.3276 - acc: 0.9176
 910/1200 [=====================>........] - ETA: 0s - loss: 0.3285 - acc: 0.9165
 970/1200 [=======================>......] - ETA: 0s - loss: 0.3263 - acc: 0.9155
1030/1200 [========================>.....] - ETA: 0s - loss: 0.3186 - acc: 0.9184
1090/1200 [==========================>...] - ETA: 0s - loss: 0.3189 - acc: 0.9183
1150/1200 [===========================>..] - ETA: 0s - loss: 0.3144 - acc: 0.9226
1200/1200 [==============================] - 1s 901us/step - loss: 0.3110 - acc: 0.9242 - val_loss: 0.7232 - val_acc: 0.7500
Current time ....1.081
Train on 3900 samples, validate on 99 samples
Epoch 1/1

  10/3900 [..............................] - ETA: 3s - loss: 1.4245 - acc: 0.5000
  70/3900 [..............................] - ETA: 3s - loss: 1.2857 - acc: 0.6286
 130/3900 [>.............................] - ETA: 3s - loss: 1.3213 - acc: 0.6154
 190/3900 [>.............................] - ETA: 3s - loss: 1.3558 - acc: 0.5895
 250/3900 [>.............................] - ETA: 3s - loss: 1.3760 - acc: 0.5520
 310/3900 [=>............................] - ETA: 3s - loss: 1.3682 - acc: 0.5581
 370/3900 [=>............................] - ETA: 3s - loss: 1.3744 - acc: 0.5676
 430/3900 [==>...........................] - ETA: 3s - loss: 1.3579 - acc: 0.5628
 490/3900 [==>...........................] - ETA: 3s - loss: 1.3485 - acc: 0.5735
 550/3900 [===>..........................] - ETA: 3s - loss: 1.3491 - acc: 0.5764
 610/3900 [===>..........................] - ETA: 2s - loss: 1.3492 - acc: 0.5820
 670/3900 [====>.........................] - ETA: 2s - loss: 1.3441 - acc: 0.5910
 730/3900 [====>.........................] - ETA: 2s - loss: 1.3476 - acc: 0.5904
 790/3900 [=====>........................] - ETA: 2s - loss: 1.3411 - acc: 0.5937
 850/3900 [=====>........................] - ETA: 2s - loss: 1.3428 - acc: 0.5918
 910/3900 [======>.......................] - ETA: 2s - loss: 1.3337 - acc: 0.5978
 970/3900 [======>.......................] - ETA: 2s - loss: 1.3405 - acc: 0.5959
1030/3900 [======>.......................] - ETA: 2s - loss: 1.3435 - acc: 0.5883
1090/3900 [=======>......................] - ETA: 2s - loss: 1.3412 - acc: 0.5890
1150/3900 [=======>......................] - ETA: 2s - loss: 1.3465 - acc: 0.5870
1210/3900 [========>.....................] - ETA: 2s - loss: 1.3462 - acc: 0.5884
1270/3900 [========>.....................] - ETA: 2s - loss: 1.3439 - acc: 0.5890
1330/3900 [=========>....................] - ETA: 2s - loss: 1.3400 - acc: 0.5925
1390/3900 [=========>....................] - ETA: 2s - loss: 1.3377 - acc: 0.5928
1450/3900 [==========>...................] - ETA: 2s - loss: 1.3380 - acc: 0.5917
1510/3900 [==========>...................] - ETA: 2s - loss: 1.3344 - acc: 0.5934
1570/3900 [===========>..................] - ETA: 2s - loss: 1.3237 - acc: 0.5994
1630/3900 [===========>..................] - ETA: 2s - loss: 1.3217 - acc: 0.6031
1690/3900 [============>.................] - ETA: 1s - loss: 1.3225 - acc: 0.6024
1750/3900 [============>.................] - ETA: 1s - loss: 1.3168 - acc: 0.6063
1810/3900 [============>.................] - ETA: 1s - loss: 1.3145 - acc: 0.6094
1870/3900 [=============>................] - ETA: 1s - loss: 1.3158 - acc: 0.6096
1930/3900 [=============>................] - ETA: 1s - loss: 1.3127 - acc: 0.6093
1990/3900 [==============>...............] - ETA: 1s - loss: 1.3127 - acc: 0.6101
2050/3900 [==============>...............] - ETA: 1s - loss: 1.3123 - acc: 0.6102
2110/3900 [===============>..............] - ETA: 1s - loss: 1.3098 - acc: 0.6109
2170/3900 [===============>..............] - ETA: 1s - loss: 1.3076 - acc: 0.6124
2230/3900 [================>.............] - ETA: 1s - loss: 1.3096 - acc: 0.6126
2290/3900 [================>.............] - ETA: 1s - loss: 1.3100 - acc: 0.6114
2350/3900 [=================>............] - ETA: 1s - loss: 1.3120 - acc: 0.6102
2410/3900 [=================>............] - ETA: 1s - loss: 1.3104 - acc: 0.6095
2470/3900 [==================>...........] - ETA: 1s - loss: 1.3084 - acc: 0.6093
2530/3900 [==================>...........] - ETA: 1s - loss: 1.3066 - acc: 0.6091
2590/3900 [==================>...........] - ETA: 1s - loss: 1.3080 - acc: 0.6097
2650/3900 [===================>..........] - ETA: 1s - loss: 1.3054 - acc: 0.6091
2710/3900 [===================>..........] - ETA: 1s - loss: 1.3024 - acc: 0.6107
2770/3900 [====================>.........] - ETA: 1s - loss: 1.2963 - acc: 0.6126
2830/3900 [====================>.........] - ETA: 0s - loss: 1.2908 - acc: 0.6145
2890/3900 [=====================>........] - ETA: 0s - loss: 1.2920 - acc: 0.6125
2950/3900 [=====================>........] - ETA: 0s - loss: 1.2871 - acc: 0.6146
3010/3900 [======================>.......] - ETA: 0s - loss: 1.2855 - acc: 0.6120
3070/3900 [======================>.......] - ETA: 0s - loss: 1.2831 - acc: 0.6117
3130/3900 [=======================>......] - ETA: 0s - loss: 1.2844 - acc: 0.6112
3190/3900 [=======================>......] - ETA: 0s - loss: 1.2825 - acc: 0.6125
3250/3900 [========================>.....] - ETA: 0s - loss: 1.2821 - acc: 0.6129
3310/3900 [========================>.....] - ETA: 0s - loss: 1.2816 - acc: 0.6139
3370/3900 [========================>.....] - ETA: 0s - loss: 1.2795 - acc: 0.6154
3430/3900 [=========================>....] - ETA: 0s - loss: 1.2787 - acc: 0.6163
3490/3900 [=========================>....] - ETA: 0s - loss: 1.2769 - acc: 0.6169
3550/3900 [==========================>...] - ETA: 0s - loss: 1.2749 - acc: 0.6175
3610/3900 [==========================>...] - ETA: 0s - loss: 1.2740 - acc: 0.6175
3670/3900 [===========================>..] - ETA: 0s - loss: 1.2720 - acc: 0.6180
3730/3900 [===========================>..] - ETA: 0s - loss: 1.2700 - acc: 0.6190
3790/3900 [============================>.] - ETA: 0s - loss: 1.2689 - acc: 0.6190
3850/3900 [============================>.] - ETA: 0s - loss: 1.2676 - acc: 0.6190
3900/3900 [==============================] - 4s 901us/step - loss: 1.2687 - acc: 0.6177 - val_loss: 1.6129 - val_acc: 0.4343
Current time ....3.516
Train on 600 samples, validate on 86 samples
Epoch 1/1

 10/600 [..............................] - ETA: 0s - loss: 0.1402 - acc: 1.0000
 70/600 [==>...........................] - ETA: 0s - loss: 0.0912 - acc: 1.0000
130/600 [=====>........................] - ETA: 0s - loss: 0.0786 - acc: 0.9923
190/600 [========>.....................] - ETA: 0s - loss: 0.0745 - acc: 0.9947
250/600 [===========>..................] - ETA: 0s - loss: 0.0703 - acc: 0.9920
310/600 [==============>...............] - ETA: 0s - loss: 0.0687 - acc: 0.9935
370/600 [=================>............] - ETA: 0s - loss: 0.0699 - acc: 0.9946
430/600 [====================>.........] - ETA: 0s - loss: 0.0696 - acc: 0.9930
490/600 [=======================>......] - ETA: 0s - loss: 0.0705 - acc: 0.9939
550/600 [==========================>...] - ETA: 0s - loss: 0.0718 - acc: 0.9927
600/600 [==============================] - 1s 920us/step - loss: 0.0763 - acc: 0.9883 - val_loss: 0.3885 - val_acc: 0.9186
Current time ....0.552
Train on 1200 samples, validate on 68 samples
Epoch 1/1

  10/1200 [..............................] - ETA: 1s - loss: 0.0885 - acc: 1.0000
  70/1200 [>.............................] - ETA: 1s - loss: 0.1986 - acc: 0.9429
 130/1200 [==>...........................] - ETA: 0s - loss: 0.2125 - acc: 0.9615
 190/1200 [===>..........................] - ETA: 0s - loss: 0.2061 - acc: 0.9684
 250/1200 [=====>........................] - ETA: 0s - loss: 0.2140 - acc: 0.9640
 310/1200 [======>.......................] - ETA: 0s - loss: 0.2298 - acc: 0.9548
 370/1200 [========>.....................] - ETA: 0s - loss: 0.2226 - acc: 0.9595
 430/1200 [=========>....................] - ETA: 0s - loss: 0.2275 - acc: 0.9581
 490/1200 [===========>..................] - ETA: 0s - loss: 0.2218 - acc: 0.9633
 550/1200 [============>.................] - ETA: 0s - loss: 0.2261 - acc: 0.9600
 610/1200 [==============>...............] - ETA: 0s - loss: 0.2266 - acc: 0.9607
 670/1200 [===============>..............] - ETA: 0s - loss: 0.2236 - acc: 0.9627
 730/1200 [=================>............] - ETA: 0s - loss: 0.2173 - acc: 0.9630
 790/1200 [==================>...........] - ETA: 0s - loss: 0.2184 - acc: 0.9582
 850/1200 [====================>.........] - ETA: 0s - loss: 0.2168 - acc: 0.9588
 910/1200 [=====================>........] - ETA: 0s - loss: 0.2156 - acc: 0.9582
 970/1200 [=======================>......] - ETA: 0s - loss: 0.2163 - acc: 0.9588
1030/1200 [========================>.....] - ETA: 0s - loss: 0.2166 - acc: 0.9583
1090/1200 [==========================>...] - ETA: 0s - loss: 0.2189 - acc: 0.9560
1150/1200 [===========================>..] - ETA: 0s - loss: 0.2165 - acc: 0.9583
1200/1200 [==============================] - 1s 900us/step - loss: 0.2184 - acc: 0.9567 - val_loss: 0.6950 - val_acc: 0.6912
Current time ....1.080
Train on 3900 samples, validate on 99 samples
Epoch 1/1

  10/3900 [..............................] - ETA: 3s - loss: 1.1234 - acc: 0.7000
  70/3900 [..............................] - ETA: 3s - loss: 1.0671 - acc: 0.7000
 130/3900 [>.............................] - ETA: 3s - loss: 1.0923 - acc: 0.6923
 190/3900 [>.............................] - ETA: 3s - loss: 1.0741 - acc: 0.6895
 250/3900 [>.............................] - ETA: 3s - loss: 1.1052 - acc: 0.6640
 310/3900 [=>............................] - ETA: 3s - loss: 1.0954 - acc: 0.6839
 370/3900 [=>............................] - ETA: 3s - loss: 1.0806 - acc: 0.6838
 430/3900 [==>...........................] - ETA: 3s - loss: 1.0855 - acc: 0.6791
 490/3900 [==>...........................] - ETA: 3s - loss: 1.0728 - acc: 0.6837
 550/3900 [===>..........................] - ETA: 2s - loss: 1.0763 - acc: 0.6727
 610/3900 [===>..........................] - ETA: 2s - loss: 1.0924 - acc: 0.6689
 670/3900 [====>.........................] - ETA: 2s - loss: 1.1079 - acc: 0.6672
 730/3900 [====>.........................] - ETA: 2s - loss: 1.1044 - acc: 0.6685
 790/3900 [=====>........................] - ETA: 2s - loss: 1.1094 - acc: 0.6658
 850/3900 [=====>........................] - ETA: 2s - loss: 1.1065 - acc: 0.6682
 910/3900 [======>.......................] - ETA: 2s - loss: 1.1072 - acc: 0.6725
 970/3900 [======>.......................] - ETA: 2s - loss: 1.1044 - acc: 0.6711
1030/3900 [======>.......................] - ETA: 2s - loss: 1.1029 - acc: 0.6728
1090/3900 [=======>......................] - ETA: 2s - loss: 1.1070 - acc: 0.6679
1150/3900 [=======>......................] - ETA: 2s - loss: 1.1060 - acc: 0.6661
1210/3900 [========>.....................] - ETA: 2s - loss: 1.1084 - acc: 0.6661
1270/3900 [========>.....................] - ETA: 2s - loss: 1.1058 - acc: 0.6661
1330/3900 [=========>....................] - ETA: 2s - loss: 1.0935 - acc: 0.6714
1390/3900 [=========>....................] - ETA: 2s - loss: 1.0864 - acc: 0.6748
1450/3900 [==========>...................] - ETA: 2s - loss: 1.0825 - acc: 0.6772
1510/3900 [==========>...................] - ETA: 2s - loss: 1.0833 - acc: 0.6755
1570/3900 [===========>..................] - ETA: 2s - loss: 1.0867 - acc: 0.6771
1630/3900 [===========>..................] - ETA: 2s - loss: 1.0869 - acc: 0.6748
1690/3900 [============>.................] - ETA: 1s - loss: 1.0837 - acc: 0.6757
1750/3900 [============>.................] - ETA: 1s - loss: 1.0850 - acc: 0.6737
1810/3900 [============>.................] - ETA: 1s - loss: 1.0773 - acc: 0.6757
1870/3900 [=============>................] - ETA: 1s - loss: 1.0765 - acc: 0.6743
1930/3900 [=============>................] - ETA: 1s - loss: 1.0777 - acc: 0.6705
1990/3900 [==============>...............] - ETA: 1s - loss: 1.0728 - acc: 0.6698
2050/3900 [==============>...............] - ETA: 1s - loss: 1.0721 - acc: 0.6683
2110/3900 [===============>..............] - ETA: 1s - loss: 1.0743 - acc: 0.6678
2170/3900 [===============>..............] - ETA: 1s - loss: 1.0727 - acc: 0.6687
2230/3900 [================>.............] - ETA: 1s - loss: 1.0688 - acc: 0.6700
2290/3900 [================>.............] - ETA: 1s - loss: 1.0676 - acc: 0.6699
2350/3900 [=================>............] - ETA: 1s - loss: 1.0671 - acc: 0.6689
2410/3900 [=================>............] - ETA: 1s - loss: 1.0649 - acc: 0.6689
2470/3900 [==================>...........] - ETA: 1s - loss: 1.0614 - acc: 0.6692
2530/3900 [==================>...........] - ETA: 1s - loss: 1.0618 - acc: 0.6696
2590/3900 [==================>...........] - ETA: 1s - loss: 1.0622 - acc: 0.6687
2650/3900 [===================>..........] - ETA: 1s - loss: 1.0585 - acc: 0.6706
2710/3900 [===================>..........] - ETA: 1s - loss: 1.0597 - acc: 0.6697
2770/3900 [====================>.........] - ETA: 1s - loss: 1.0588 - acc: 0.6690
2830/3900 [====================>.........] - ETA: 0s - loss: 1.0579 - acc: 0.6693
2890/3900 [=====================>........] - ETA: 0s - loss: 1.0523 - acc: 0.6720
2950/3900 [=====================>........] - ETA: 0s - loss: 1.0527 - acc: 0.6712
3010/3900 [======================>.......] - ETA: 0s - loss: 1.0558 - acc: 0.6698
3070/3900 [======================>.......] - ETA: 0s - loss: 1.0522 - acc: 0.6713
3130/3900 [=======================>......] - ETA: 0s - loss: 1.0506 - acc: 0.6722
3190/3900 [=======================>......] - ETA: 0s - loss: 1.0460 - acc: 0.6737
3250/3900 [========================>.....] - ETA: 0s - loss: 1.0443 - acc: 0.6738
3310/3900 [========================>.....] - ETA: 0s - loss: 1.0424 - acc: 0.6746
3370/3900 [========================>.....] - ETA: 0s - loss: 1.0404 - acc: 0.6748
3430/3900 [=========================>....] - ETA: 0s - loss: 1.0385 - acc: 0.6758
3490/3900 [=========================>....] - ETA: 0s - loss: 1.0372 - acc: 0.6765
3550/3900 [==========================>...] - ETA: 0s - loss: 1.0344 - acc: 0.6766
3610/3900 [==========================>...] - ETA: 0s - loss: 1.0311 - acc: 0.6789
3670/3900 [===========================>..] - ETA: 0s - loss: 1.0302 - acc: 0.6793
3730/3900 [===========================>..] - ETA: 0s - loss: 1.0271 - acc: 0.6815
3790/3900 [============================>.] - ETA: 0s - loss: 1.0242 - acc: 0.6821
3850/3900 [============================>.] - ETA: 0s - loss: 1.0207 - acc: 0.6834
3900/3900 [==============================] - 3s 896us/step - loss: 1.0188 - acc: 0.6836 - val_loss: 1.5979 - val_acc: 0.4040
Current time ....3.493
Train on 600 samples, validate on 86 samples
Epoch 1/1

 10/600 [..............................] - ETA: 0s - loss: 0.0111 - acc: 1.0000
 70/600 [==>...........................] - ETA: 0s - loss: 0.0514 - acc: 1.0000
130/600 [=====>........................] - ETA: 0s - loss: 0.0682 - acc: 0.9923
190/600 [========>.....................] - ETA: 0s - loss: 0.0629 - acc: 0.9947
250/600 [===========>..................] - ETA: 0s - loss: 0.0686 - acc: 0.9920
310/600 [==============>...............] - ETA: 0s - loss: 0.0665 - acc: 0.9903
370/600 [=================>............] - ETA: 0s - loss: 0.0629 - acc: 0.9919
430/600 [====================>.........] - ETA: 0s - loss: 0.0619 - acc: 0.9930
490/600 [=======================>......] - ETA: 0s - loss: 0.0586 - acc: 0.9939
550/600 [==========================>...] - ETA: 0s - loss: 0.0559 - acc: 0.9945
600/600 [==============================] - 1s 925us/step - loss: 0.0570 - acc: 0.9950 - val_loss: 0.4487 - val_acc: 0.9186
Current time ....0.555
Train on 1200 samples, validate on 68 samples
Epoch 1/1

  10/1200 [..............................] - ETA: 1s - loss: 0.1548 - acc: 1.0000
  70/1200 [>.............................] - ETA: 0s - loss: 0.1503 - acc: 1.0000
 130/1200 [==>...........................] - ETA: 0s - loss: 0.1237 - acc: 1.0000
 190/1200 [===>..........................] - ETA: 0s - loss: 0.1366 - acc: 0.9947
 250/1200 [=====>........................] - ETA: 0s - loss: 0.1494 - acc: 0.9880
 310/1200 [======>.......................] - ETA: 0s - loss: 0.1488 - acc: 0.9806
 370/1200 [========>.....................] - ETA: 0s - loss: 0.1635 - acc: 0.9730
 430/1200 [=========>....................] - ETA: 0s - loss: 0.1582 - acc: 0.9744
 490/1200 [===========>..................] - ETA: 0s - loss: 0.1567 - acc: 0.9735
 550/1200 [============>.................] - ETA: 0s - loss: 0.1585 - acc: 0.9745
 610/1200 [==============>...............] - ETA: 0s - loss: 0.1578 - acc: 0.9721
 670/1200 [===============>..............] - ETA: 0s - loss: 0.1590 - acc: 0.9716
 730/1200 [=================>............] - ETA: 0s - loss: 0.1592 - acc: 0.9726
 790/1200 [==================>...........] - ETA: 0s - loss: 0.1571 - acc: 0.9722
 850/1200 [====================>.........] - ETA: 0s - loss: 0.1537 - acc: 0.9718
 910/1200 [=====================>........] - ETA: 0s - loss: 0.1516 - acc: 0.9725
 970/1200 [=======================>......] - ETA: 0s - loss: 0.1512 - acc: 0.9722
1030/1200 [========================>.....] - ETA: 0s - loss: 0.1517 - acc: 0.9699
1090/1200 [==========================>...] - ETA: 0s - loss: 0.1605 - acc: 0.9661
1150/1200 [===========================>..] - ETA: 0s - loss: 0.1580 - acc: 0.9678
1200/1200 [==============================] - 1s 896us/step - loss: 0.1597 - acc: 0.9667 - val_loss: 0.7623 - val_acc: 0.6765
Current time ....1.075
Train on 3900 samples, validate on 99 samples
Epoch 1/1

  10/3900 [..............................] - ETA: 3s - loss: 1.3523 - acc: 0.4000
  70/3900 [..............................] - ETA: 3s - loss: 0.8909 - acc: 0.6714
 130/3900 [>.............................] - ETA: 3s - loss: 0.8769 - acc: 0.6923
 190/3900 [>.............................] - ETA: 3s - loss: 0.8859 - acc: 0.7105
 250/3900 [>.............................] - ETA: 3s - loss: 0.8619 - acc: 0.7200
 310/3900 [=>............................] - ETA: 3s - loss: 0.8668 - acc: 0.7226
 370/3900 [=>............................] - ETA: 3s - loss: 0.8784 - acc: 0.7189
 430/3900 [==>...........................] - ETA: 3s - loss: 0.8895 - acc: 0.7140
 490/3900 [==>...........................] - ETA: 3s - loss: 0.9113 - acc: 0.7000
 550/3900 [===>..........................] - ETA: 2s - loss: 0.9117 - acc: 0.7000
 610/3900 [===>..........................] - ETA: 2s - loss: 0.9192 - acc: 0.6934
 670/3900 [====>.........................] - ETA: 2s - loss: 0.9133 - acc: 0.6970
 730/3900 [====>.........................] - ETA: 2s - loss: 0.9189 - acc: 0.6904
 790/3900 [=====>........................] - ETA: 2s - loss: 0.9126 - acc: 0.7000
 850/3900 [=====>........................] - ETA: 2s - loss: 0.9148 - acc: 0.6988
 910/3900 [======>.......................] - ETA: 2s - loss: 0.9021 - acc: 0.7033
 970/3900 [======>.......................] - ETA: 2s - loss: 0.8955 - acc: 0.7052
1030/3900 [======>.......................] - ETA: 2s - loss: 0.8976 - acc: 0.7058
1090/3900 [=======>......................] - ETA: 2s - loss: 0.8960 - acc: 0.7046
1150/3900 [=======>......................] - ETA: 2s - loss: 0.8909 - acc: 0.7078
1210/3900 [========>.....................] - ETA: 2s - loss: 0.8923 - acc: 0.7099
1270/3900 [========>.....................] - ETA: 2s - loss: 0.8887 - acc: 0.7142
1330/3900 [=========>....................] - ETA: 2s - loss: 0.8767 - acc: 0.7203
1390/3900 [=========>....................] - ETA: 2s - loss: 0.8707 - acc: 0.7230
1450/3900 [==========>...................] - ETA: 2s - loss: 0.8676 - acc: 0.7241
1510/3900 [==========>...................] - ETA: 2s - loss: 0.8659 - acc: 0.7225
1570/3900 [===========>..................] - ETA: 2s - loss: 0.8653 - acc: 0.7242
1630/3900 [===========>..................] - ETA: 2s - loss: 0.8634 - acc: 0.7258
1690/3900 [============>.................] - ETA: 1s - loss: 0.8599 - acc: 0.7249
1750/3900 [============>.................] - ETA: 1s - loss: 0.8602 - acc: 0.7251
1810/3900 [============>.................] - ETA: 1s - loss: 0.8578 - acc: 0.7249
1870/3900 [=============>................] - ETA: 1s - loss: 0.8593 - acc: 0.7251
1930/3900 [=============>................] - ETA: 1s - loss: 0.8596 - acc: 0.7249
1990/3900 [==============>...............] - ETA: 1s - loss: 0.8585 - acc: 0.7251
2050/3900 [==============>...............] - ETA: 1s - loss: 0.8552 - acc: 0.7268
2110/3900 [===============>..............] - ETA: 1s - loss: 0.8530 - acc: 0.7275
2170/3900 [===============>..............] - ETA: 1s - loss: 0.8519 - acc: 0.7276
2230/3900 [================>.............] - ETA: 1s - loss: 0.8514 - acc: 0.7274
2290/3900 [================>.............] - ETA: 1s - loss: 0.8500 - acc: 0.7293
2350/3900 [=================>............] - ETA: 1s - loss: 0.8528 - acc: 0.7272
2410/3900 [=================>............] - ETA: 1s - loss: 0.8539 - acc: 0.7257
2470/3900 [==================>...........] - ETA: 1s - loss: 0.8515 - acc: 0.7271
2530/3900 [==================>...........] - ETA: 1s - loss: 0.8526 - acc: 0.7257
2590/3900 [==================>...........] - ETA: 1s - loss: 0.8491 - acc: 0.7278
2650/3900 [===================>..........] - ETA: 1s - loss: 0.8475 - acc: 0.7272
2710/3900 [===================>..........] - ETA: 1s - loss: 0.8467 - acc: 0.7273
2770/3900 [====================>.........] - ETA: 1s - loss: 0.8432 - acc: 0.7289
2830/3900 [====================>.........] - ETA: 0s - loss: 0.8429 - acc: 0.7290
2890/3900 [=====================>........] - ETA: 0s - loss: 0.8413 - acc: 0.7280
2950/3900 [=====================>........] - ETA: 0s - loss: 0.8413 - acc: 0.7292
3010/3900 [======================>.......] - ETA: 0s - loss: 0.8372 - acc: 0.7302
3070/3900 [======================>.......] - ETA: 0s - loss: 0.8358 - acc: 0.7316
3130/3900 [=======================>......] - ETA: 0s - loss: 0.8348 - acc: 0.7310
3190/3900 [=======================>......] - ETA: 0s - loss: 0.8355 - acc: 0.7310
3250/3900 [========================>.....] - ETA: 0s - loss: 0.8332 - acc: 0.7320
3310/3900 [========================>.....] - ETA: 0s - loss: 0.8327 - acc: 0.7305
3370/3900 [========================>.....] - ETA: 0s - loss: 0.8288 - acc: 0.7318
3430/3900 [=========================>....] - ETA: 0s - loss: 0.8279 - acc: 0.7327
3490/3900 [=========================>....] - ETA: 0s - loss: 0.8272 - acc: 0.7330
3550/3900 [==========================>...] - ETA: 0s - loss: 0.8282 - acc: 0.7318
3610/3900 [==========================>...] - ETA: 0s - loss: 0.8279 - acc: 0.7316
3670/3900 [===========================>..] - ETA: 0s - loss: 0.8292 - acc: 0.7311
3730/3900 [===========================>..] - ETA: 0s - loss: 0.8277 - acc: 0.7319
3790/3900 [============================>.] - ETA: 0s - loss: 0.8277 - acc: 0.7322
3850/3900 [============================>.] - ETA: 0s - loss: 0.8254 - acc: 0.7332
3900/3900 [==============================] - 3s 897us/step - loss: 0.8232 - acc: 0.7344 - val_loss: 1.7103 - val_acc: 0.4444
Current time ....3.498
Train on 600 samples, validate on 86 samples
Epoch 1/1

 10/600 [..............................] - ETA: 0s - loss: 0.0657 - acc: 1.0000
 70/600 [==>...........................] - ETA: 0s - loss: 0.0461 - acc: 1.0000
130/600 [=====>........................] - ETA: 0s - loss: 0.0361 - acc: 1.0000
190/600 [========>.....................] - ETA: 0s - loss: 0.0386 - acc: 1.0000
250/600 [===========>..................] - ETA: 0s - loss: 0.0421 - acc: 1.0000
310/600 [==============>...............] - ETA: 0s - loss: 0.0389 - acc: 1.0000
370/600 [=================>............] - ETA: 0s - loss: 0.0437 - acc: 0.9973
430/600 [====================>.........] - ETA: 0s - loss: 0.0432 - acc: 0.9977
490/600 [=======================>......] - ETA: 0s - loss: 0.0418 - acc: 0.9980
550/600 [==========================>...] - ETA: 0s - loss: 0.0433 - acc: 0.9964
600/600 [==============================] - 1s 923us/step - loss: 0.0442 - acc: 0.9967 - val_loss: 0.4495 - val_acc: 0.9186
Current time ....0.554
Train on 1200 samples, validate on 68 samples
Epoch 1/1

  10/1200 [..............................] - ETA: 1s - loss: 0.1735 - acc: 1.0000
  70/1200 [>.............................] - ETA: 1s - loss: 0.1247 - acc: 0.9857
 130/1200 [==>...........................] - ETA: 0s - loss: 0.1497 - acc: 0.9692
 190/1200 [===>..........................] - ETA: 0s - loss: 0.1313 - acc: 0.9789
 250/1200 [=====>........................] - ETA: 0s - loss: 0.1351 - acc: 0.9800
 310/1200 [======>.......................] - ETA: 0s - loss: 0.1232 - acc: 0.9839
 370/1200 [========>.....................] - ETA: 0s - loss: 0.1256 - acc: 0.9811
 430/1200 [=========>....................] - ETA: 0s - loss: 0.1220 - acc: 0.9837
 490/1200 [===========>..................] - ETA: 0s - loss: 0.1177 - acc: 0.9857
 550/1200 [============>.................] - ETA: 0s - loss: 0.1173 - acc: 0.9873
 610/1200 [==============>...............] - ETA: 0s - loss: 0.1200 - acc: 0.9869
 670/1200 [===============>..............] - ETA: 0s - loss: 0.1163 - acc: 0.9866
 730/1200 [=================>............] - ETA: 0s - loss: 0.1138 - acc: 0.9863
 790/1200 [==================>...........] - ETA: 0s - loss: 0.1132 - acc: 0.9873
 850/1200 [====================>.........] - ETA: 0s - loss: 0.1137 - acc: 0.9859
 910/1200 [=====================>........] - ETA: 0s - loss: 0.1127 - acc: 0.9868
 970/1200 [=======================>......] - ETA: 0s - loss: 0.1115 - acc: 0.9866
1030/1200 [========================>.....] - ETA: 0s - loss: 0.1105 - acc: 0.9874
1090/1200 [==========================>...] - ETA: 0s - loss: 0.1113 - acc: 0.9844
1150/1200 [===========================>..] - ETA: 0s - loss: 0.1132 - acc: 0.9826
1200/1200 [==============================] - 1s 898us/step - loss: 0.1138 - acc: 0.9817 - val_loss: 0.8899 - val_acc: 0.6912
Current time ....1.078
Train on 3900 samples, validate on 99 samples
Epoch 1/1

  10/3900 [..............................] - ETA: 3s - loss: 0.2811 - acc: 1.0000
  70/3900 [..............................] - ETA: 3s - loss: 0.7135 - acc: 0.8000
 130/3900 [>.............................] - ETA: 3s - loss: 0.7027 - acc: 0.8000
 190/3900 [>.............................] - ETA: 3s - loss: 0.7088 - acc: 0.7842
 250/3900 [>.............................] - ETA: 3s - loss: 0.7369 - acc: 0.7600
 310/3900 [=>............................] - ETA: 3s - loss: 0.7617 - acc: 0.7516
 370/3900 [=>............................] - ETA: 3s - loss: 0.7607 - acc: 0.7432
 430/3900 [==>...........................] - ETA: 3s - loss: 0.7542 - acc: 0.7488
 490/3900 [==>...........................] - ETA: 3s - loss: 0.7441 - acc: 0.7490
 550/3900 [===>..........................] - ETA: 3s - loss: 0.7491 - acc: 0.7436
 610/3900 [===>..........................] - ETA: 2s - loss: 0.7472 - acc: 0.7426
 670/3900 [====>.........................] - ETA: 2s - loss: 0.7504 - acc: 0.7403
 730/3900 [====>.........................] - ETA: 2s - loss: 0.7498 - acc: 0.7438
 790/3900 [=====>........................] - ETA: 2s - loss: 0.7582 - acc: 0.7380
 850/3900 [=====>........................] - ETA: 2s - loss: 0.7509 - acc: 0.7400
 910/3900 [======>.......................] - ETA: 2s - loss: 0.7524 - acc: 0.7385
 970/3900 [======>.......................] - ETA: 2s - loss: 0.7605 - acc: 0.7309
1030/3900 [======>.......................] - ETA: 2s - loss: 0.7644 - acc: 0.7320
1090/3900 [=======>......................] - ETA: 2s - loss: 0.7580 - acc: 0.7358
1150/3900 [=======>......................] - ETA: 2s - loss: 0.7548 - acc: 0.7383
1210/3900 [========>.....................] - ETA: 2s - loss: 0.7532 - acc: 0.7405
1270/3900 [========>.....................] - ETA: 2s - loss: 0.7486 - acc: 0.7425
1330/3900 [=========>....................] - ETA: 2s - loss: 0.7490 - acc: 0.7459
1390/3900 [=========>....................] - ETA: 2s - loss: 0.7449 - acc: 0.7504
1450/3900 [==========>...................] - ETA: 2s - loss: 0.7422 - acc: 0.7524
1510/3900 [==========>...................] - ETA: 2s - loss: 0.7400 - acc: 0.7556
1570/3900 [===========>..................] - ETA: 2s - loss: 0.7331 - acc: 0.7586
1630/3900 [===========>..................] - ETA: 2s - loss: 0.7310 - acc: 0.7577
1690/3900 [============>.................] - ETA: 1s - loss: 0.7295 - acc: 0.7592
1750/3900 [============>.................] - ETA: 1s - loss: 0.7270 - acc: 0.7623
1810/3900 [============>.................] - ETA: 1s - loss: 0.7224 - acc: 0.7646
1870/3900 [=============>................] - ETA: 1s - loss: 0.7176 - acc: 0.7663
1930/3900 [=============>................] - ETA: 1s - loss: 0.7155 - acc: 0.7679
1990/3900 [==============>...............] - ETA: 1s - loss: 0.7137 - acc: 0.7693
2050/3900 [==============>...............] - ETA: 1s - loss: 0.7126 - acc: 0.7673
2110/3900 [===============>..............] - ETA: 1s - loss: 0.7108 - acc: 0.7682
2170/3900 [===============>..............] - ETA: 1s - loss: 0.7071 - acc: 0.7705
2230/3900 [================>.............] - ETA: 1s - loss: 0.7029 - acc: 0.7726
2290/3900 [================>.............] - ETA: 1s - loss: 0.7014 - acc: 0.7729
2350/3900 [=================>............] - ETA: 1s - loss: 0.7008 - acc: 0.7723
2410/3900 [=================>............] - ETA: 1s - loss: 0.6966 - acc: 0.7747
2470/3900 [==================>...........] - ETA: 1s - loss: 0.6948 - acc: 0.7737
2530/3900 [==================>...........] - ETA: 1s - loss: 0.6966 - acc: 0.7723
2590/3900 [==================>...........] - ETA: 1s - loss: 0.6931 - acc: 0.7741
2650/3900 [===================>..........] - ETA: 1s - loss: 0.6930 - acc: 0.7740
2710/3900 [===================>..........] - ETA: 1s - loss: 0.6918 - acc: 0.7745
2770/3900 [====================>.........] - ETA: 1s - loss: 0.6929 - acc: 0.7726
2830/3900 [====================>.........] - ETA: 0s - loss: 0.6929 - acc: 0.7724
2890/3900 [=====================>........] - ETA: 0s - loss: 0.6926 - acc: 0.7734
2950/3900 [=====================>........] - ETA: 0s - loss: 0.6933 - acc: 0.7732
3010/3900 [======================>.......] - ETA: 0s - loss: 0.6915 - acc: 0.7751
3070/3900 [======================>.......] - ETA: 0s - loss: 0.6872 - acc: 0.7769
3130/3900 [=======================>......] - ETA: 0s - loss: 0.6872 - acc: 0.7754
3190/3900 [=======================>......] - ETA: 0s - loss: 0.6851 - acc: 0.7765
3250/3900 [========================>.....] - ETA: 0s - loss: 0.6821 - acc: 0.7778
3310/3900 [========================>.....] - ETA: 0s - loss: 0.6787 - acc: 0.7795
3370/3900 [========================>.....] - ETA: 0s - loss: 0.6785 - acc: 0.7801
3430/3900 [=========================>....] - ETA: 0s - loss: 0.6789 - acc: 0.7796
3490/3900 [=========================>....] - ETA: 0s - loss: 0.6761 - acc: 0.7799
3550/3900 [==========================>...] - ETA: 0s - loss: 0.6768 - acc: 0.7797
3610/3900 [==========================>...] - ETA: 0s - loss: 0.6766 - acc: 0.7801
3670/3900 [===========================>..] - ETA: 0s - loss: 0.6774 - acc: 0.7796
3730/3900 [===========================>..] - ETA: 0s - loss: 0.6762 - acc: 0.7796
3790/3900 [============================>.] - ETA: 0s - loss: 0.6746 - acc: 0.7799
3850/3900 [============================>.] - ETA: 0s - loss: 0.6760 - acc: 0.7795
3900/3900 [==============================] - 4s 902us/step - loss: 0.6759 - acc: 0.7797 - val_loss: 1.6153 - val_acc: 0.4949
Current time ....3.520
Train on 600 samples, validate on 86 samples
Epoch 1/1

 10/600 [..............................] - ETA: 0s - loss: 0.0256 - acc: 1.0000
 70/600 [==>...........................] - ETA: 0s - loss: 0.0307 - acc: 1.0000
130/600 [=====>........................] - ETA: 0s - loss: 0.0279 - acc: 1.0000
190/600 [========>.....................] - ETA: 0s - loss: 0.0408 - acc: 0.9895
250/600 [===========>..................] - ETA: 0s - loss: 0.0415 - acc: 0.9920
310/600 [==============>...............] - ETA: 0s - loss: 0.0426 - acc: 0.9903
370/600 [=================>............] - ETA: 0s - loss: 0.0424 - acc: 0.9919
430/600 [====================>.........] - ETA: 0s - loss: 0.0407 - acc: 0.9930
490/600 [=======================>......] - ETA: 0s - loss: 0.0395 - acc: 0.9939
550/600 [==========================>...] - ETA: 0s - loss: 0.0381 - acc: 0.9945
600/600 [==============================] - 1s 925us/step - loss: 0.0365 - acc: 0.9950 - val_loss: 0.4709 - val_acc: 0.9186
Current time ....0.555
Train on 1200 samples, validate on 68 samples
Epoch 1/1

  10/1200 [..............................] - ETA: 1s - loss: 0.1287 - acc: 1.0000
  70/1200 [>.............................] - ETA: 1s - loss: 0.0927 - acc: 0.9857
 130/1200 [==>...........................] - ETA: 0s - loss: 0.0957 - acc: 0.9923
 190/1200 [===>..........................] - ETA: 0s - loss: 0.0952 - acc: 0.9842
 250/1200 [=====>........................] - ETA: 0s - loss: 0.0961 - acc: 0.9840
 310/1200 [======>.......................] - ETA: 0s - loss: 0.0944 - acc: 0.9839
 370/1200 [========>.....................] - ETA: 0s - loss: 0.0971 - acc: 0.9838
 430/1200 [=========>....................] - ETA: 0s - loss: 0.0960 - acc: 0.9837
 490/1200 [===========>..................] - ETA: 0s - loss: 0.0924 - acc: 0.9857
 550/1200 [============>.................] - ETA: 0s - loss: 0.0905 - acc: 0.9873
 610/1200 [==============>...............] - ETA: 0s - loss: 0.0924 - acc: 0.9869
 670/1200 [===============>..............] - ETA: 0s - loss: 0.0916 - acc: 0.9881
 730/1200 [=================>............] - ETA: 0s - loss: 0.0902 - acc: 0.9877
 790/1200 [==================>...........] - ETA: 0s - loss: 0.0913 - acc: 0.9861
 850/1200 [====================>.........] - ETA: 0s - loss: 0.0901 - acc: 0.9871
 910/1200 [=====================>........] - ETA: 0s - loss: 0.0889 - acc: 0.9868
 970/1200 [=======================>......] - ETA: 0s - loss: 0.0885 - acc: 0.9876
1030/1200 [========================>.....] - ETA: 0s - loss: 0.0862 - acc: 0.9883
1090/1200 [==========================>...] - ETA: 0s - loss: 0.0848 - acc: 0.9890
1150/1200 [===========================>..] - ETA: 0s - loss: 0.0842 - acc: 0.9896
1200/1200 [==============================] - 1s 899us/step - loss: 0.0837 - acc: 0.9900 - val_loss: 0.9045 - val_acc: 0.7059
Current time ....1.079

32/99 [========>.....................] - ETA: 0s
99/99 [==============================] - 0s 93us/step
In EVALUATE loss:  [1.6152882768650247, 0.49494949555156209]

32/86 [==========>...................] - ETA: 0s
86/86 [==============================] - 0s 80us/step
In EVALUATE loss:  [0.47087854424188302, 0.91860465393509971]

32/68 [=============>................] - ETA: 0s
68/68 [==============================] - 0s 96us/step
In EVALUATE loss:  [0.90452543426962462, 0.70588235294117652]
Task 1 : Primary site - Macro F1 score 0.291503074603
Task 1 : Primary site - Micro F1 score 0.494949494949
Task 2 : Tumor laterality - Macro F1 score 0.918593644354
Task 2 : Tumor laterality - Micro F1 score 0.918604651163
Task 3 : Histological grade - Macro F1 score 0.523615950445
Task 3 : Histological grade - Micro F1 score 0.705882352941
Average loss:  0.996897418459
