Importing candle utils for keras
Configuration file:  /gpfs/mira-home/apeck/Modified_Benchmarks/Pilot3/P3B1/p3b1_default_model.txt
{'activation': 'relu',
 'batch_size': 10,
 'data_url': 'ftp://ftp.mcs.anl.gov/pub/candle/public/benchmarks/P3B1/',
 'drop': 0.0,
 'epochs': 10,
 'feature_names': 'Primary site:Tumor laterality:Histological grade',
 'ind_nnet_spec': [[2400, 2400, 1200, 1200],
                   [2400, 2400, 1200, 1200],
                   [2400, 2400, 1200, 1200]],
 'initialization': 'glorot_uniform',
 'learning_rate': 0.01,
 'loss': 'categorical_crossentropy',
 'metrics': 'accuracy',
 'model_name': 'p3b1',
 'n_fold': 1,
 'optimizer': 'sgd',
 'out_activation': 'softmax',
 'output_dir': '.',
 'scaling': 'none',
 'shared_nnet_spec': [1200,
                      2400,
                      3600,
                      3600,
                      3600,
                      3600,
                      3600,
                      3600,
                      3600,
                      2400],
 'shuffle': True,
 'timeout': 1800,
 'train_data': 'P3B1_data.tar.gz'}
Params:
{'activation': 'relu',
 'batch_size': 10,
 'case': 'CenterZ',
 'data_url': 'ftp://ftp.mcs.anl.gov/pub/candle/public/benchmarks/P3B1/',
 'datatype': <class 'numpy.float32'>,
 'drop': 0.0,
 'epochs': 10,
 'experiment_id': 'EXP000',
 'feature_names': 'Primary site:Tumor laterality:Histological grade',
 'fig': False,
 'gpus': [],
 'ind_nnet_spec': [[2400, 2400, 1200, 1200],
                   [2400, 2400, 1200, 1200],
                   [2400, 2400, 1200, 1200]],
 'initialization': 'glorot_uniform',
 'learning_rate': 0.01,
 'logfile': None,
 'loss': 'categorical_crossentropy',
 'metrics': 'accuracy',
 'model_name': 'p3b1',
 'n_fold': 1,
 'optimizer': 'sgd',
 'out_activation': 'softmax',
 'output_dir': '/gpfs/mira-home/apeck/CANDLE_testing/avery_modified_results/p3_1',
 'output_files': 'result0_0.csv;result1_0.csv;result2_0.csv',
 'rng_seed': 7102,
 'run_id': 'RUN000',
 'scaling': 'none',
 'shared_nnet_spec': [1200,
                      2400,
                      3600,
                      3600,
                      3600,
                      3600,
                      3600,
                      3600,
                      3600,
                      2400],
 'shuffle': False,
 'timeout': 1800,
 'train_bool': True,
 'train_data': 'P3B1_data.tar.gz',
 'train_features': 'data/task0_0_train_feature.csv;data/task1_0_train_feature.csv;data/task2_0_train_feature.csv',
 'train_truths': 'data/task0_0_train_label.csv;data/task1_0_train_label.csv;data/task2_0_train_label.csv',
 'valid_features': 'data/task0_0_test_feature.csv;data/task1_0_test_feature.csv;data/task2_0_test_feature.csv',
 'valid_truths': 'data/task0_0_test_label.csv;data/task1_0_test_label.csv;data/task2_0_test_label.csv',
 'verbose': None}
Feature names:
Primary site
Tumor laterality
Histological grade
Model:  0
_________________________________________________________________
Layer (type)                 Output Shape              Param #   
=================================================================
input (InputLayer)           (None, 400)               0         
_________________________________________________________________
indiv_layer_0_0 (Dense)      (None, 2400)              962400    
_________________________________________________________________
indiv_layer_0_1 (Dense)      (None, 2400)              5762400   
_________________________________________________________________
indiv_layer_0_2 (Dense)      (None, 1200)              2881200   
_________________________________________________________________
indiv_layer_0_3 (Dense)      (None, 1200)              1441200   
_________________________________________________________________
out_0 (Dense)                (None, 13)                15613     
=================================================================
Total params: 11,062,813
Trainable params: 11,062,813
Non-trainable params: 0
_________________________________________________________________
Model:  1
_________________________________________________________________
Layer (type)                 Output Shape              Param #   
=================================================================
input (InputLayer)           (None, 400)               0         
_________________________________________________________________
indiv_layer_1_0 (Dense)      (None, 2400)              962400    
_________________________________________________________________
indiv_layer_1_1 (Dense)      (None, 2400)              5762400   
_________________________________________________________________
indiv_layer_1_2 (Dense)      (None, 1200)              2881200   
_________________________________________________________________
indiv_layer_1_3 (Dense)      (None, 1200)              1441200   
_________________________________________________________________
out_1 (Dense)                (None, 2)                 2402      
=================================================================
Total params: 11,049,602
Trainable params: 11,049,602
Non-trainable params: 0
_________________________________________________________________
Model:  2
_________________________________________________________________
Layer (type)                 Output Shape              Param #   
=================================================================
input (InputLayer)           (None, 400)               0         
_________________________________________________________________
indiv_layer_2_0 (Dense)      (None, 2400)              962400    
_________________________________________________________________
indiv_layer_2_1 (Dense)      (None, 2400)              5762400   
_________________________________________________________________
indiv_layer_2_2 (Dense)      (None, 1200)              2881200   
_________________________________________________________________
indiv_layer_2_3 (Dense)      (None, 1200)              1441200   
_________________________________________________________________
out_2 (Dense)                (None, 4)                 4804      
=================================================================
Total params: 11,052,004
Trainable params: 11,052,004
Non-trainable params: 0
_________________________________________________________________
Train on 3900 samples, validate on 99 samples
Epoch 1/1

  10/3900 [..............................] - ETA: 12:26 - loss: 2.5691 - acc: 0.0000e+00
  50/3900 [..............................] - ETA: 2:31 - loss: 2.5653 - acc: 0.0800     
 100/3900 [..............................] - ETA: 1:17 - loss: 2.5653 - acc: 0.0700
 150/3900 [>.............................] - ETA: 52s - loss: 2.5655 - acc: 0.0600 
 200/3900 [>.............................] - ETA: 39s - loss: 2.5649 - acc: 0.0950
 250/3900 [>.............................] - ETA: 32s - loss: 2.5646 - acc: 0.1080
 300/3900 [=>............................] - ETA: 27s - loss: 2.5647 - acc: 0.0967
 350/3900 [=>............................] - ETA: 23s - loss: 2.5645 - acc: 0.0971
 400/3900 [==>...........................] - ETA: 20s - loss: 2.5642 - acc: 0.1050
 460/3900 [==>...........................] - ETA: 18s - loss: 2.5640 - acc: 0.1109
 520/3900 [===>..........................] - ETA: 16s - loss: 2.5635 - acc: 0.1096
 580/3900 [===>..........................] - ETA: 14s - loss: 2.5630 - acc: 0.1121
 640/3900 [===>..........................] - ETA: 13s - loss: 2.5628 - acc: 0.1109
 700/3900 [====>.........................] - ETA: 12s - loss: 2.5625 - acc: 0.1114
 760/3900 [====>.........................] - ETA: 11s - loss: 2.5622 - acc: 0.1105
 820/3900 [=====>........................] - ETA: 10s - loss: 2.5622 - acc: 0.1049
 880/3900 [=====>........................] - ETA: 9s - loss: 2.5620 - acc: 0.1068 
 940/3900 [======>.......................] - ETA: 9s - loss: 2.5619 - acc: 0.1064
1000/3900 [======>.......................] - ETA: 8s - loss: 2.5618 - acc: 0.1070
1060/3900 [=======>......................] - ETA: 7s - loss: 2.5616 - acc: 0.1057
1120/3900 [=======>......................] - ETA: 7s - loss: 2.5613 - acc: 0.1054
1180/3900 [========>.....................] - ETA: 7s - loss: 2.5612 - acc: 0.1059
1240/3900 [========>.....................] - ETA: 6s - loss: 2.5610 - acc: 0.1089
1300/3900 [=========>....................] - ETA: 6s - loss: 2.5608 - acc: 0.1108
1360/3900 [=========>....................] - ETA: 6s - loss: 2.5604 - acc: 0.1169
1420/3900 [=========>....................] - ETA: 5s - loss: 2.5601 - acc: 0.1197
1480/3900 [==========>...................] - ETA: 5s - loss: 2.5599 - acc: 0.1216
1540/3900 [==========>...................] - ETA: 5s - loss: 2.5596 - acc: 0.1240
1600/3900 [===========>..................] - ETA: 4s - loss: 2.5596 - acc: 0.1225
1660/3900 [===========>..................] - ETA: 4s - loss: 2.5595 - acc: 0.1211
1720/3900 [============>.................] - ETA: 4s - loss: 2.5594 - acc: 0.1238
1780/3900 [============>.................] - ETA: 4s - loss: 2.5592 - acc: 0.1287
1840/3900 [=============>................] - ETA: 4s - loss: 2.5590 - acc: 0.1337
1900/3900 [=============>................] - ETA: 3s - loss: 2.5588 - acc: 0.1368
1960/3900 [==============>...............] - ETA: 3s - loss: 2.5584 - acc: 0.1439
2020/3900 [==============>...............] - ETA: 3s - loss: 2.5582 - acc: 0.1460
2080/3900 [===============>..............] - ETA: 3s - loss: 2.5581 - acc: 0.1462
2140/3900 [===============>..............] - ETA: 3s - loss: 2.5580 - acc: 0.1472
2200/3900 [===============>..............] - ETA: 3s - loss: 2.5577 - acc: 0.1518
2260/3900 [================>.............] - ETA: 2s - loss: 2.5575 - acc: 0.1535
2320/3900 [================>.............] - ETA: 2s - loss: 2.5572 - acc: 0.1547
2380/3900 [=================>............] - ETA: 2s - loss: 2.5570 - acc: 0.1567
2440/3900 [=================>............] - ETA: 2s - loss: 2.5569 - acc: 0.1557
2500/3900 [==================>...........] - ETA: 2s - loss: 2.5567 - acc: 0.1560
2560/3900 [==================>...........] - ETA: 2s - loss: 2.5565 - acc: 0.1559
2620/3900 [===================>..........] - ETA: 2s - loss: 2.5564 - acc: 0.1565
2680/3900 [===================>..........] - ETA: 2s - loss: 2.5561 - acc: 0.1593
2740/3900 [====================>.........] - ETA: 1s - loss: 2.5559 - acc: 0.1609
2800/3900 [====================>.........] - ETA: 1s - loss: 2.5557 - acc: 0.1611
2860/3900 [=====================>........] - ETA: 1s - loss: 2.5554 - acc: 0.1664
2920/3900 [=====================>........] - ETA: 1s - loss: 2.5553 - acc: 0.1692
2980/3900 [=====================>........] - ETA: 1s - loss: 2.5551 - acc: 0.1721
3040/3900 [======================>.......] - ETA: 1s - loss: 2.5549 - acc: 0.1763
3100/3900 [======================>.......] - ETA: 1s - loss: 2.5547 - acc: 0.1800
3160/3900 [=======================>......] - ETA: 1s - loss: 2.5544 - acc: 0.1848
3220/3900 [=======================>......] - ETA: 1s - loss: 2.5542 - acc: 0.1879
3280/3900 [========================>.....] - ETA: 0s - loss: 2.5540 - acc: 0.1915
3340/3900 [========================>.....] - ETA: 0s - loss: 2.5538 - acc: 0.1943
3400/3900 [=========================>....] - ETA: 0s - loss: 2.5535 - acc: 0.1979
3460/3900 [=========================>....] - ETA: 0s - loss: 2.5533 - acc: 0.2020
3520/3900 [==========================>...] - ETA: 0s - loss: 2.5530 - acc: 0.2060
3580/3900 [==========================>...] - ETA: 0s - loss: 2.5528 - acc: 0.2081
3640/3900 [===========================>..] - ETA: 0s - loss: 2.5527 - acc: 0.2082
3700/3900 [===========================>..] - ETA: 0s - loss: 2.5524 - acc: 0.2132
3760/3900 [===========================>..] - ETA: 0s - loss: 2.5522 - acc: 0.2168
3820/3900 [============================>.] - ETA: 0s - loss: 2.5520 - acc: 0.2194
3880/3900 [============================>.] - ETA: 0s - loss: 2.5518 - acc: 0.2237
3900/3900 [==============================] - 6s 1ms/step - loss: 2.5517 - acc: 0.2254 - val_loss: 2.5432 - val_acc: 0.3636
Current time ....5.579
Train on 600 samples, validate on 86 samples
Epoch 1/1

 10/600 [..............................] - ETA: 17s - loss: 0.7103 - acc: 0.3000
 70/600 [==>...........................] - ETA: 2s - loss: 0.6984 - acc: 0.5143 
130/600 [=====>........................] - ETA: 1s - loss: 0.6900 - acc: 0.5846
190/600 [========>.....................] - ETA: 1s - loss: 0.6864 - acc: 0.6105
250/600 [===========>..................] - ETA: 0s - loss: 0.6810 - acc: 0.6560
310/600 [==============>...............] - ETA: 0s - loss: 0.6779 - acc: 0.6742
370/600 [=================>............] - ETA: 0s - loss: 0.6734 - acc: 0.6946
430/600 [====================>.........] - ETA: 0s - loss: 0.6713 - acc: 0.6953
490/600 [=======================>......] - ETA: 0s - loss: 0.6654 - acc: 0.7020
550/600 [==========================>...] - ETA: 0s - loss: 0.6604 - acc: 0.7091
600/600 [==============================] - 1s 1ms/step - loss: 0.6587 - acc: 0.7200 - val_loss: 0.6248 - val_acc: 0.8256
Current time ....0.859
Train on 1200 samples, validate on 68 samples
Epoch 1/1

  10/1200 [..............................] - ETA: 29s - loss: 1.3673 - acc: 0.5000
  70/1200 [>.............................] - ETA: 4s - loss: 1.3681 - acc: 0.2857 
 130/1200 [==>...........................] - ETA: 2s - loss: 1.3604 - acc: 0.3154
 190/1200 [===>..........................] - ETA: 2s - loss: 1.3517 - acc: 0.3000
 250/1200 [=====>........................] - ETA: 1s - loss: 1.3510 - acc: 0.2800
 310/1200 [======>.......................] - ETA: 1s - loss: 1.3449 - acc: 0.3097
 370/1200 [========>.....................] - ETA: 1s - loss: 1.3440 - acc: 0.3189
 430/1200 [=========>....................] - ETA: 1s - loss: 1.3417 - acc: 0.3302
 490/1200 [===========>..................] - ETA: 0s - loss: 1.3378 - acc: 0.3551
 550/1200 [============>.................] - ETA: 0s - loss: 1.3363 - acc: 0.3636
 610/1200 [==============>...............] - ETA: 0s - loss: 1.3312 - acc: 0.3934
 670/1200 [===============>..............] - ETA: 0s - loss: 1.3263 - acc: 0.4090
 730/1200 [=================>............] - ETA: 0s - loss: 1.3227 - acc: 0.4164
 790/1200 [==================>...........] - ETA: 0s - loss: 1.3198 - acc: 0.4228
 850/1200 [====================>.........] - ETA: 0s - loss: 1.3152 - acc: 0.4282
 910/1200 [=====================>........] - ETA: 0s - loss: 1.3094 - acc: 0.4473
 970/1200 [=======================>......] - ETA: 0s - loss: 1.3047 - acc: 0.4495
1030/1200 [========================>.....] - ETA: 0s - loss: 1.2984 - acc: 0.4602
1090/1200 [==========================>...] - ETA: 0s - loss: 1.2918 - acc: 0.4642
1150/1200 [===========================>..] - ETA: 0s - loss: 1.2881 - acc: 0.4722
1200/1200 [==============================] - 1s 1ms/step - loss: 1.2838 - acc: 0.4792 - val_loss: 1.2478 - val_acc: 0.2647
Current time ....1.333
Train on 3900 samples, validate on 99 samples
Epoch 1/1

  10/3900 [..............................] - ETA: 3s - loss: 2.5352 - acc: 0.5000
  70/3900 [..............................] - ETA: 3s - loss: 2.5329 - acc: 0.5143
 130/3900 [>.............................] - ETA: 3s - loss: 2.5320 - acc: 0.4923
 190/3900 [>.............................] - ETA: 3s - loss: 2.5329 - acc: 0.4684
 250/3900 [>.............................] - ETA: 3s - loss: 2.5330 - acc: 0.4720
 310/3900 [=>............................] - ETA: 3s - loss: 2.5330 - acc: 0.4677
 370/3900 [=>............................] - ETA: 3s - loss: 2.5328 - acc: 0.4649
 430/3900 [==>...........................] - ETA: 3s - loss: 2.5327 - acc: 0.4581
 490/3900 [==>...........................] - ETA: 3s - loss: 2.5326 - acc: 0.4571
 550/3900 [===>..........................] - ETA: 3s - loss: 2.5322 - acc: 0.4673
 610/3900 [===>..........................] - ETA: 2s - loss: 2.5317 - acc: 0.4689
 670/3900 [====>.........................] - ETA: 2s - loss: 2.5311 - acc: 0.4672
 730/3900 [====>.........................] - ETA: 2s - loss: 2.5310 - acc: 0.4616
 790/3900 [=====>........................] - ETA: 2s - loss: 2.5308 - acc: 0.4532
 850/3900 [=====>........................] - ETA: 2s - loss: 2.5304 - acc: 0.4565
 910/3900 [======>.......................] - ETA: 2s - loss: 2.5304 - acc: 0.4473
 970/3900 [======>.......................] - ETA: 2s - loss: 2.5298 - acc: 0.4495
1030/3900 [======>.......................] - ETA: 2s - loss: 2.5292 - acc: 0.4485
1090/3900 [=======>......................] - ETA: 2s - loss: 2.5287 - acc: 0.4486
1150/3900 [=======>......................] - ETA: 2s - loss: 2.5285 - acc: 0.4470
1210/3900 [========>.....................] - ETA: 2s - loss: 2.5281 - acc: 0.4504
1270/3900 [========>.....................] - ETA: 2s - loss: 2.5276 - acc: 0.4567
1330/3900 [=========>....................] - ETA: 2s - loss: 2.5271 - acc: 0.4579
1390/3900 [=========>....................] - ETA: 2s - loss: 2.5266 - acc: 0.4561
1450/3900 [==========>...................] - ETA: 2s - loss: 2.5261 - acc: 0.4579
1510/3900 [==========>...................] - ETA: 2s - loss: 2.5260 - acc: 0.4550
1570/3900 [===========>..................] - ETA: 2s - loss: 2.5258 - acc: 0.4529
1630/3900 [===========>..................] - ETA: 2s - loss: 2.5254 - acc: 0.4528
1690/3900 [============>.................] - ETA: 1s - loss: 2.5249 - acc: 0.4574
1750/3900 [============>.................] - ETA: 1s - loss: 2.5243 - acc: 0.4589
1810/3900 [============>.................] - ETA: 1s - loss: 2.5239 - acc: 0.4575
1870/3900 [=============>................] - ETA: 1s - loss: 2.5234 - acc: 0.4561
1930/3900 [=============>................] - ETA: 1s - loss: 2.5230 - acc: 0.4544
1990/3900 [==============>...............] - ETA: 1s - loss: 2.5227 - acc: 0.4518
2050/3900 [==============>...............] - ETA: 1s - loss: 2.5225 - acc: 0.4502
2110/3900 [===============>..............] - ETA: 1s - loss: 2.5221 - acc: 0.4517
2170/3900 [===============>..............] - ETA: 1s - loss: 2.5216 - acc: 0.4544
2230/3900 [================>.............] - ETA: 1s - loss: 2.5209 - acc: 0.4534
2290/3900 [================>.............] - ETA: 1s - loss: 2.5205 - acc: 0.4520
2350/3900 [=================>............] - ETA: 1s - loss: 2.5200 - acc: 0.4506
2410/3900 [=================>............] - ETA: 1s - loss: 2.5195 - acc: 0.4490
2470/3900 [==================>...........] - ETA: 1s - loss: 2.5190 - acc: 0.4457
2530/3900 [==================>...........] - ETA: 1s - loss: 2.5185 - acc: 0.4435
2590/3900 [==================>...........] - ETA: 1s - loss: 2.5182 - acc: 0.4375
2650/3900 [===================>..........] - ETA: 1s - loss: 2.5179 - acc: 0.4340
2710/3900 [===================>..........] - ETA: 1s - loss: 2.5173 - acc: 0.4354
2770/3900 [====================>.........] - ETA: 1s - loss: 2.5169 - acc: 0.4354
2830/3900 [====================>.........] - ETA: 0s - loss: 2.5163 - acc: 0.4364
2890/3900 [=====================>........] - ETA: 0s - loss: 2.5160 - acc: 0.4353
2950/3900 [=====================>........] - ETA: 0s - loss: 2.5154 - acc: 0.4366
3010/3900 [======================>.......] - ETA: 0s - loss: 2.5152 - acc: 0.4362
3070/3900 [======================>.......] - ETA: 0s - loss: 2.5148 - acc: 0.4362
3130/3900 [=======================>......] - ETA: 0s - loss: 2.5144 - acc: 0.4380
3190/3900 [=======================>......] - ETA: 0s - loss: 2.5139 - acc: 0.4382
3250/3900 [========================>.....] - ETA: 0s - loss: 2.5135 - acc: 0.4382
3310/3900 [========================>.....] - ETA: 0s - loss: 2.5131 - acc: 0.4399
3370/3900 [========================>.....] - ETA: 0s - loss: 2.5125 - acc: 0.4424
3430/3900 [=========================>....] - ETA: 0s - loss: 2.5119 - acc: 0.4455
3490/3900 [=========================>....] - ETA: 0s - loss: 2.5115 - acc: 0.4458
3550/3900 [==========================>...] - ETA: 0s - loss: 2.5108 - acc: 0.4476
3610/3900 [==========================>...] - ETA: 0s - loss: 2.5104 - acc: 0.4479
3670/3900 [===========================>..] - ETA: 0s - loss: 2.5099 - acc: 0.4499
3730/3900 [===========================>..] - ETA: 0s - loss: 2.5095 - acc: 0.4485
3790/3900 [============================>.] - ETA: 0s - loss: 2.5089 - acc: 0.4509
3850/3900 [============================>.] - ETA: 0s - loss: 2.5084 - acc: 0.4512
3900/3900 [==============================] - 4s 904us/step - loss: 2.5079 - acc: 0.4528 - val_loss: 2.4972 - val_acc: 0.3232
Current time ....3.527
Train on 600 samples, validate on 86 samples
Epoch 1/1

 10/600 [..............................] - ETA: 0s - loss: 0.5966 - acc: 1.0000
 70/600 [==>...........................] - ETA: 0s - loss: 0.5924 - acc: 0.9000
130/600 [=====>........................] - ETA: 0s - loss: 0.5919 - acc: 0.9000
190/600 [========>.....................] - ETA: 0s - loss: 0.5890 - acc: 0.8789
250/600 [===========>..................] - ETA: 0s - loss: 0.5892 - acc: 0.8880
310/600 [==============>...............] - ETA: 0s - loss: 0.5853 - acc: 0.9097
370/600 [=================>............] - ETA: 0s - loss: 0.5825 - acc: 0.9162
430/600 [====================>.........] - ETA: 0s - loss: 0.5740 - acc: 0.9279
490/600 [=======================>......] - ETA: 0s - loss: 0.5628 - acc: 0.9265
550/600 [==========================>...] - ETA: 0s - loss: 0.5556 - acc: 0.9255
600/600 [==============================] - 1s 939us/step - loss: 0.5524 - acc: 0.9250 - val_loss: 0.5357 - val_acc: 0.8953
Current time ....0.563
Train on 1200 samples, validate on 68 samples
Epoch 1/1

  10/1200 [..............................] - ETA: 1s - loss: 1.1204 - acc: 0.9000
  70/1200 [>.............................] - ETA: 1s - loss: 1.1618 - acc: 0.6429
 130/1200 [==>...........................] - ETA: 0s - loss: 1.1518 - acc: 0.6615
 190/1200 [===>..........................] - ETA: 0s - loss: 1.1333 - acc: 0.6737
 250/1200 [=====>........................] - ETA: 0s - loss: 1.1347 - acc: 0.6360
 310/1200 [======>.......................] - ETA: 0s - loss: 1.1247 - acc: 0.6419
 370/1200 [========>.....................] - ETA: 0s - loss: 1.1246 - acc: 0.6324
 430/1200 [=========>....................] - ETA: 0s - loss: 1.1213 - acc: 0.6372
 490/1200 [===========>..................] - ETA: 0s - loss: 1.1135 - acc: 0.6388
 550/1200 [============>.................] - ETA: 0s - loss: 1.1042 - acc: 0.6364
 610/1200 [==============>...............] - ETA: 0s - loss: 1.0979 - acc: 0.6393
 670/1200 [===============>..............] - ETA: 0s - loss: 1.0906 - acc: 0.6418
 730/1200 [=================>............] - ETA: 0s - loss: 1.0832 - acc: 0.6425
 790/1200 [==================>...........] - ETA: 0s - loss: 1.0726 - acc: 0.6443
 850/1200 [====================>.........] - ETA: 0s - loss: 1.0637 - acc: 0.6506
 910/1200 [=====================>........] - ETA: 0s - loss: 1.0581 - acc: 0.6473
 970/1200 [=======================>......] - ETA: 0s - loss: 1.0554 - acc: 0.6454
1030/1200 [========================>.....] - ETA: 0s - loss: 1.0527 - acc: 0.6437
1090/1200 [==========================>...] - ETA: 0s - loss: 1.0423 - acc: 0.6468
1150/1200 [===========================>..] - ETA: 0s - loss: 1.0376 - acc: 0.6435
1200/1200 [==============================] - 1s 901us/step - loss: 1.0350 - acc: 0.6450 - val_loss: 1.0622 - val_acc: 0.4559
Current time ....1.081
Train on 3900 samples, validate on 99 samples
Epoch 1/1

  10/3900 [..............................] - ETA: 3s - loss: 2.4659 - acc: 0.6000
  70/3900 [..............................] - ETA: 3s - loss: 2.4637 - acc: 0.6714
 130/3900 [>.............................] - ETA: 3s - loss: 2.4646 - acc: 0.6154
 190/3900 [>.............................] - ETA: 3s - loss: 2.4611 - acc: 0.5842
 250/3900 [>.............................] - ETA: 3s - loss: 2.4612 - acc: 0.5560
 310/3900 [=>............................] - ETA: 3s - loss: 2.4590 - acc: 0.5548
 370/3900 [=>............................] - ETA: 3s - loss: 2.4582 - acc: 0.5432
 430/3900 [==>...........................] - ETA: 3s - loss: 2.4595 - acc: 0.5209
 490/3900 [==>...........................] - ETA: 3s - loss: 2.4579 - acc: 0.5306
 550/3900 [===>..........................] - ETA: 3s - loss: 2.4577 - acc: 0.5309
 610/3900 [===>..........................] - ETA: 2s - loss: 2.4553 - acc: 0.5311
 670/3900 [====>.........................] - ETA: 2s - loss: 2.4532 - acc: 0.5313
 730/3900 [====>.........................] - ETA: 2s - loss: 2.4532 - acc: 0.5164
 790/3900 [=====>........................] - ETA: 2s - loss: 2.4525 - acc: 0.5101
 850/3900 [=====>........................] - ETA: 2s - loss: 2.4523 - acc: 0.4976
 910/3900 [======>.......................] - ETA: 2s - loss: 2.4512 - acc: 0.5000
 970/3900 [======>.......................] - ETA: 2s - loss: 2.4495 - acc: 0.5041
1030/3900 [======>.......................] - ETA: 2s - loss: 2.4480 - acc: 0.5029
1090/3900 [=======>......................] - ETA: 2s - loss: 2.4470 - acc: 0.4963
1150/3900 [=======>......................] - ETA: 2s - loss: 2.4459 - acc: 0.4896
1210/3900 [========>.....................] - ETA: 2s - loss: 2.4439 - acc: 0.4884
1270/3900 [========>.....................] - ETA: 2s - loss: 2.4433 - acc: 0.4819
1330/3900 [=========>....................] - ETA: 2s - loss: 2.4422 - acc: 0.4774
1390/3900 [=========>....................] - ETA: 2s - loss: 2.4403 - acc: 0.4748
1450/3900 [==========>...................] - ETA: 2s - loss: 2.4388 - acc: 0.4731
1510/3900 [==========>...................] - ETA: 2s - loss: 2.4379 - acc: 0.4656
1570/3900 [===========>..................] - ETA: 2s - loss: 2.4363 - acc: 0.4605
1630/3900 [===========>..................] - ETA: 2s - loss: 2.4340 - acc: 0.4607
1690/3900 [============>.................] - ETA: 1s - loss: 2.4333 - acc: 0.4521
1750/3900 [============>.................] - ETA: 1s - loss: 2.4319 - acc: 0.4509
1810/3900 [============>.................] - ETA: 1s - loss: 2.4310 - acc: 0.4486
1870/3900 [=============>................] - ETA: 1s - loss: 2.4306 - acc: 0.4433
1930/3900 [=============>................] - ETA: 1s - loss: 2.4294 - acc: 0.4425
1990/3900 [==============>...............] - ETA: 1s - loss: 2.4286 - acc: 0.4392
2050/3900 [==============>...............] - ETA: 1s - loss: 2.4271 - acc: 0.4424
2110/3900 [===============>..............] - ETA: 1s - loss: 2.4250 - acc: 0.4474
2170/3900 [===============>..............] - ETA: 1s - loss: 2.4234 - acc: 0.4525
2230/3900 [================>.............] - ETA: 1s - loss: 2.4221 - acc: 0.4502
2290/3900 [================>.............] - ETA: 1s - loss: 2.4206 - acc: 0.4493
2350/3900 [=================>............] - ETA: 1s - loss: 2.4190 - acc: 0.4485
2410/3900 [=================>............] - ETA: 1s - loss: 2.4172 - acc: 0.4485
2470/3900 [==================>...........] - ETA: 1s - loss: 2.4157 - acc: 0.4466
2530/3900 [==================>...........] - ETA: 1s - loss: 2.4147 - acc: 0.4439
2590/3900 [==================>...........] - ETA: 1s - loss: 2.4126 - acc: 0.4448
2650/3900 [===================>..........] - ETA: 1s - loss: 2.4113 - acc: 0.4442
2710/3900 [===================>..........] - ETA: 1s - loss: 2.4094 - acc: 0.4428
2770/3900 [====================>.........] - ETA: 1s - loss: 2.4076 - acc: 0.4448
2830/3900 [====================>.........] - ETA: 0s - loss: 2.4056 - acc: 0.4463
2890/3900 [=====================>........] - ETA: 0s - loss: 2.4033 - acc: 0.4453
2950/3900 [=====================>........] - ETA: 0s - loss: 2.4016 - acc: 0.4447
3010/3900 [======================>.......] - ETA: 0s - loss: 2.3995 - acc: 0.4449
3070/3900 [======================>.......] - ETA: 0s - loss: 2.3974 - acc: 0.4472
3130/3900 [=======================>......] - ETA: 0s - loss: 2.3953 - acc: 0.4473
3190/3900 [=======================>......] - ETA: 0s - loss: 2.3930 - acc: 0.4467
3250/3900 [========================>.....] - ETA: 0s - loss: 2.3903 - acc: 0.4465
3310/3900 [========================>.....] - ETA: 0s - loss: 2.3882 - acc: 0.4453
3370/3900 [========================>.....] - ETA: 0s - loss: 2.3863 - acc: 0.4460
3430/3900 [=========================>....] - ETA: 0s - loss: 2.3839 - acc: 0.4446
3490/3900 [=========================>....] - ETA: 0s - loss: 2.3816 - acc: 0.4456
3550/3900 [==========================>...] - ETA: 0s - loss: 2.3792 - acc: 0.4459
3610/3900 [==========================>...] - ETA: 0s - loss: 2.3774 - acc: 0.4471
3670/3900 [===========================>..] - ETA: 0s - loss: 2.3756 - acc: 0.4477
3730/3900 [===========================>..] - ETA: 0s - loss: 2.3727 - acc: 0.4469
3790/3900 [============================>.] - ETA: 0s - loss: 2.3701 - acc: 0.4451
3850/3900 [============================>.] - ETA: 0s - loss: 2.3673 - acc: 0.4436
3900/3900 [==============================] - 4s 911us/step - loss: 2.3652 - acc: 0.4413 - val_loss: 2.2804 - val_acc: 0.2222
Current time ....3.554
Train on 600 samples, validate on 86 samples
Epoch 1/1

 10/600 [..............................] - ETA: 0s - loss: 0.4373 - acc: 1.0000
 70/600 [==>...........................] - ETA: 0s - loss: 0.4724 - acc: 0.9429
130/600 [=====>........................] - ETA: 0s - loss: 0.4506 - acc: 0.9615
190/600 [========>.....................] - ETA: 0s - loss: 0.4534 - acc: 0.9474
250/600 [===========>..................] - ETA: 0s - loss: 0.4487 - acc: 0.9600
310/600 [==============>...............] - ETA: 0s - loss: 0.4432 - acc: 0.9613
370/600 [=================>............] - ETA: 0s - loss: 0.4319 - acc: 0.9676
430/600 [====================>.........] - ETA: 0s - loss: 0.4282 - acc: 0.9605
490/600 [=======================>......] - ETA: 0s - loss: 0.4225 - acc: 0.9592
550/600 [==========================>...] - ETA: 0s - loss: 0.4142 - acc: 0.9600
600/600 [==============================] - 1s 915us/step - loss: 0.4063 - acc: 0.9633 - val_loss: 0.4360 - val_acc: 0.8953
Current time ....0.549
Train on 1200 samples, validate on 68 samples
Epoch 1/1

  10/1200 [..............................] - ETA: 1s - loss: 0.9886 - acc: 0.7000
  70/1200 [>.............................] - ETA: 0s - loss: 0.9004 - acc: 0.7714
 130/1200 [==>...........................] - ETA: 0s - loss: 0.9132 - acc: 0.7077
 190/1200 [===>..........................] - ETA: 0s - loss: 0.8801 - acc: 0.7263
 250/1200 [=====>........................] - ETA: 0s - loss: 0.8640 - acc: 0.7360
 310/1200 [======>.......................] - ETA: 0s - loss: 0.8745 - acc: 0.7097
 370/1200 [========>.....................] - ETA: 0s - loss: 0.8724 - acc: 0.7027
 430/1200 [=========>....................] - ETA: 0s - loss: 0.8683 - acc: 0.6977
 490/1200 [===========>..................] - ETA: 0s - loss: 0.8508 - acc: 0.7143
 550/1200 [============>.................] - ETA: 0s - loss: 0.8469 - acc: 0.7109
 610/1200 [==============>...............] - ETA: 0s - loss: 0.8368 - acc: 0.7098
 670/1200 [===============>..............] - ETA: 0s - loss: 0.8391 - acc: 0.7060
 730/1200 [=================>............] - ETA: 0s - loss: 0.8346 - acc: 0.7082
 790/1200 [==================>...........] - ETA: 0s - loss: 0.8296 - acc: 0.7127
 850/1200 [====================>.........] - ETA: 0s - loss: 0.8213 - acc: 0.7141
 910/1200 [=====================>........] - ETA: 0s - loss: 0.8218 - acc: 0.7121
 970/1200 [=======================>......] - ETA: 0s - loss: 0.8194 - acc: 0.7113
1030/1200 [========================>.....] - ETA: 0s - loss: 0.8160 - acc: 0.7078
1090/1200 [==========================>...] - ETA: 0s - loss: 0.8097 - acc: 0.7101
1150/1200 [===========================>..] - ETA: 0s - loss: 0.8026 - acc: 0.7148
1200/1200 [==============================] - 1s 899us/step - loss: 0.8015 - acc: 0.7150 - val_loss: 0.8952 - val_acc: 0.5588
Current time ....1.079
Train on 3900 samples, validate on 99 samples
Epoch 1/1

  10/3900 [..............................] - ETA: 3s - loss: 2.1937 - acc: 0.3000
  70/3900 [..............................] - ETA: 3s - loss: 2.1663 - acc: 0.4571
 130/3900 [>.............................] - ETA: 3s - loss: 2.1770 - acc: 0.4615
 190/3900 [>.............................] - ETA: 3s - loss: 2.1667 - acc: 0.4316
 250/3900 [>.............................] - ETA: 3s - loss: 2.1618 - acc: 0.4400
 310/3900 [=>............................] - ETA: 3s - loss: 2.1543 - acc: 0.4161
 370/3900 [=>............................] - ETA: 3s - loss: 2.1587 - acc: 0.3865
 430/3900 [==>...........................] - ETA: 3s - loss: 2.1575 - acc: 0.3953
 490/3900 [==>...........................] - ETA: 3s - loss: 2.1611 - acc: 0.3796
 550/3900 [===>..........................] - ETA: 3s - loss: 2.1597 - acc: 0.3782
 610/3900 [===>..........................] - ETA: 2s - loss: 2.1579 - acc: 0.3738
 670/3900 [====>.........................] - ETA: 2s - loss: 2.1496 - acc: 0.3896
 730/3900 [====>.........................] - ETA: 2s - loss: 2.1520 - acc: 0.3877
 790/3900 [=====>........................] - ETA: 2s - loss: 2.1458 - acc: 0.4000
 850/3900 [=====>........................] - ETA: 2s - loss: 2.1447 - acc: 0.4000
 910/3900 [======>.......................] - ETA: 2s - loss: 2.1428 - acc: 0.4055
 970/3900 [======>.......................] - ETA: 2s - loss: 2.1398 - acc: 0.4062
1030/3900 [======>.......................] - ETA: 2s - loss: 2.1382 - acc: 0.4010
1090/3900 [=======>......................] - ETA: 2s - loss: 2.1339 - acc: 0.4110
1150/3900 [=======>......................] - ETA: 2s - loss: 2.1325 - acc: 0.4130
1200/3900 [========>.....................] - ETA: 2s - loss: 2.1303 - acc: 0.4150
1260/3900 [========>.....................] - ETA: 2s - loss: 2.1276 - acc: 0.4119
1320/3900 [=========>....................] - ETA: 2s - loss: 2.1215 - acc: 0.4167
1380/3900 [=========>....................] - ETA: 2s - loss: 2.1171 - acc: 0.4159
1440/3900 [==========>...................] - ETA: 2s - loss: 2.1129 - acc: 0.4167
1500/3900 [==========>...................] - ETA: 2s - loss: 2.1111 - acc: 0.4153
1560/3900 [===========>..................] - ETA: 2s - loss: 2.1059 - acc: 0.4173
1620/3900 [===========>..................] - ETA: 2s - loss: 2.1005 - acc: 0.4167
1680/3900 [===========>..................] - ETA: 2s - loss: 2.0964 - acc: 0.4113
1740/3900 [============>.................] - ETA: 1s - loss: 2.0926 - acc: 0.4052
1800/3900 [============>.................] - ETA: 1s - loss: 2.0894 - acc: 0.4033
1860/3900 [=============>................] - ETA: 1s - loss: 2.0850 - acc: 0.4048
1920/3900 [=============>................] - ETA: 1s - loss: 2.0830 - acc: 0.4052
1980/3900 [==============>...............] - ETA: 1s - loss: 2.0808 - acc: 0.4071
2040/3900 [==============>...............] - ETA: 1s - loss: 2.0760 - acc: 0.4074
2100/3900 [===============>..............] - ETA: 1s - loss: 2.0733 - acc: 0.4052
2160/3900 [===============>..............] - ETA: 1s - loss: 2.0704 - acc: 0.4051
2220/3900 [================>.............] - ETA: 1s - loss: 2.0663 - acc: 0.4054
2280/3900 [================>.............] - ETA: 1s - loss: 2.0630 - acc: 0.4075
2340/3900 [=================>............] - ETA: 1s - loss: 2.0608 - acc: 0.4060
2400/3900 [=================>............] - ETA: 1s - loss: 2.0583 - acc: 0.4038
2460/3900 [=================>............] - ETA: 1s - loss: 2.0546 - acc: 0.4069
2520/3900 [==================>...........] - ETA: 1s - loss: 2.0532 - acc: 0.4056
2580/3900 [==================>...........] - ETA: 1s - loss: 2.0487 - acc: 0.4078
2640/3900 [===================>..........] - ETA: 1s - loss: 2.0461 - acc: 0.4061
2700/3900 [===================>..........] - ETA: 1s - loss: 2.0433 - acc: 0.4078
2760/3900 [====================>.........] - ETA: 1s - loss: 2.0392 - acc: 0.4109
2820/3900 [====================>.........] - ETA: 0s - loss: 2.0362 - acc: 0.4106
2880/3900 [=====================>........] - ETA: 0s - loss: 2.0326 - acc: 0.4132
2940/3900 [=====================>........] - ETA: 0s - loss: 2.0295 - acc: 0.4112
3000/3900 [======================>.......] - ETA: 0s - loss: 2.0294 - acc: 0.4063
3060/3900 [======================>.......] - ETA: 0s - loss: 2.0263 - acc: 0.4039
3120/3900 [=======================>......] - ETA: 0s - loss: 2.0241 - acc: 0.4029
3180/3900 [=======================>......] - ETA: 0s - loss: 2.0205 - acc: 0.4044
3240/3900 [=======================>......] - ETA: 0s - loss: 2.0167 - acc: 0.4068
3300/3900 [========================>.....] - ETA: 0s - loss: 2.0140 - acc: 0.4067
3360/3900 [========================>.....] - ETA: 0s - loss: 2.0114 - acc: 0.4074
3420/3900 [=========================>....] - ETA: 0s - loss: 2.0102 - acc: 0.4076
3480/3900 [=========================>....] - ETA: 0s - loss: 2.0084 - acc: 0.4072
3540/3900 [==========================>...] - ETA: 0s - loss: 2.0065 - acc: 0.4088
3600/3900 [==========================>...] - ETA: 0s - loss: 2.0038 - acc: 0.4108
3660/3900 [===========================>..] - ETA: 0s - loss: 2.0012 - acc: 0.4120
3720/3900 [===========================>..] - ETA: 0s - loss: 1.9984 - acc: 0.4129
3780/3900 [============================>.] - ETA: 0s - loss: 1.9963 - acc: 0.4124
3840/3900 [============================>.] - ETA: 0s - loss: 1.9942 - acc: 0.4102
3900/3900 [==============================] - 4s 907us/step - loss: 1.9922 - acc: 0.4090 - val_loss: 1.9718 - val_acc: 0.2424
Current time ....3.537
Train on 600 samples, validate on 86 samples
Epoch 1/1

 10/600 [..............................] - ETA: 0s - loss: 0.2616 - acc: 1.0000
 70/600 [==>...........................] - ETA: 0s - loss: 0.3162 - acc: 1.0000
130/600 [=====>........................] - ETA: 0s - loss: 0.3096 - acc: 0.9923
190/600 [========>.....................] - ETA: 0s - loss: 0.2914 - acc: 0.9947
250/600 [===========>..................] - ETA: 0s - loss: 0.2896 - acc: 0.9960
310/600 [==============>...............] - ETA: 0s - loss: 0.2846 - acc: 0.9968
370/600 [=================>............] - ETA: 0s - loss: 0.2828 - acc: 0.9946
430/600 [====================>.........] - ETA: 0s - loss: 0.2804 - acc: 0.9930
490/600 [=======================>......] - ETA: 0s - loss: 0.2688 - acc: 0.9939
550/600 [==========================>...] - ETA: 0s - loss: 0.2630 - acc: 0.9909
600/600 [==============================] - 1s 920us/step - loss: 0.2634 - acc: 0.9883 - val_loss: 0.3672 - val_acc: 0.9070
Current time ....0.552
Train on 1200 samples, validate on 68 samples
Epoch 1/1

  10/1200 [..............................] - ETA: 1s - loss: 0.7464 - acc: 0.8000
  70/1200 [>.............................] - ETA: 1s - loss: 0.6771 - acc: 0.7429
 130/1200 [==>...........................] - ETA: 0s - loss: 0.6858 - acc: 0.7769
 190/1200 [===>..........................] - ETA: 0s - loss: 0.6691 - acc: 0.7789
 250/1200 [=====>........................] - ETA: 0s - loss: 0.6676 - acc: 0.7600
 310/1200 [======>.......................] - ETA: 0s - loss: 0.6603 - acc: 0.7581
 370/1200 [========>.....................] - ETA: 0s - loss: 0.6622 - acc: 0.7649
 430/1200 [=========>....................] - ETA: 0s - loss: 0.6525 - acc: 0.7744
 490/1200 [===========>..................] - ETA: 0s - loss: 0.6448 - acc: 0.7755
 550/1200 [============>.................] - ETA: 0s - loss: 0.6308 - acc: 0.7800
 610/1200 [==============>...............] - ETA: 0s - loss: 0.6258 - acc: 0.7803
 670/1200 [===============>..............] - ETA: 0s - loss: 0.6121 - acc: 0.7866
 730/1200 [=================>............] - ETA: 0s - loss: 0.6098 - acc: 0.7918
 790/1200 [==================>...........] - ETA: 0s - loss: 0.6039 - acc: 0.8000
 850/1200 [====================>.........] - ETA: 0s - loss: 0.6065 - acc: 0.7976
 910/1200 [=====================>........] - ETA: 0s - loss: 0.6072 - acc: 0.7967
 970/1200 [=======================>......] - ETA: 0s - loss: 0.6031 - acc: 0.7969
1030/1200 [========================>.....] - ETA: 0s - loss: 0.6020 - acc: 0.8000
1090/1200 [==========================>...] - ETA: 0s - loss: 0.6008 - acc: 0.8009
1150/1200 [===========================>..] - ETA: 0s - loss: 0.5959 - acc: 0.8026
1200/1200 [==============================] - 1s 901us/step - loss: 0.5980 - acc: 0.8025 - val_loss: 0.9070 - val_acc: 0.5588
Current time ....1.082
Train on 3900 samples, validate on 99 samples
Epoch 1/1

  10/3900 [..............................] - ETA: 3s - loss: 1.9489 - acc: 0.2000
  70/3900 [..............................] - ETA: 3s - loss: 1.8840 - acc: 0.3714
 130/3900 [>.............................] - ETA: 3s - loss: 1.8456 - acc: 0.4385
 190/3900 [>.............................] - ETA: 3s - loss: 1.8491 - acc: 0.4474
 250/3900 [>.............................] - ETA: 3s - loss: 1.8421 - acc: 0.4240
 310/3900 [=>............................] - ETA: 3s - loss: 1.8408 - acc: 0.4161
 370/3900 [=>............................] - ETA: 3s - loss: 1.8329 - acc: 0.4405
 430/3900 [==>...........................] - ETA: 3s - loss: 1.8167 - acc: 0.4558
 490/3900 [==>...........................] - ETA: 3s - loss: 1.8245 - acc: 0.4429
 550/3900 [===>..........................] - ETA: 3s - loss: 1.8175 - acc: 0.4491
 610/3900 [===>..........................] - ETA: 2s - loss: 1.8203 - acc: 0.4426
 670/3900 [====>.........................] - ETA: 2s - loss: 1.8204 - acc: 0.4448
 730/3900 [====>.........................] - ETA: 2s - loss: 1.8266 - acc: 0.4342
 790/3900 [=====>........................] - ETA: 2s - loss: 1.8232 - acc: 0.4405
 850/3900 [=====>........................] - ETA: 2s - loss: 1.8204 - acc: 0.4424
 910/3900 [======>.......................] - ETA: 2s - loss: 1.8187 - acc: 0.4407
 970/3900 [======>.......................] - ETA: 2s - loss: 1.8174 - acc: 0.4412
1030/3900 [======>.......................] - ETA: 2s - loss: 1.8160 - acc: 0.4359
1090/3900 [=======>......................] - ETA: 2s - loss: 1.8110 - acc: 0.4385
1150/3900 [=======>......................] - ETA: 2s - loss: 1.8064 - acc: 0.4383
1210/3900 [========>.....................] - ETA: 2s - loss: 1.8065 - acc: 0.4331
1270/3900 [========>.....................] - ETA: 2s - loss: 1.7997 - acc: 0.4378
1330/3900 [=========>....................] - ETA: 2s - loss: 1.7983 - acc: 0.4353
1390/3900 [=========>....................] - ETA: 2s - loss: 1.7980 - acc: 0.4309
1450/3900 [==========>...................] - ETA: 2s - loss: 1.7954 - acc: 0.4331
1510/3900 [==========>...................] - ETA: 2s - loss: 1.7906 - acc: 0.4358
1570/3900 [===========>..................] - ETA: 2s - loss: 1.7885 - acc: 0.4369
1630/3900 [===========>..................] - ETA: 2s - loss: 1.7867 - acc: 0.4405
1690/3900 [============>.................] - ETA: 1s - loss: 1.7888 - acc: 0.4414
1750/3900 [============>.................] - ETA: 1s - loss: 1.7897 - acc: 0.4400
1810/3900 [============>.................] - ETA: 1s - loss: 1.7889 - acc: 0.4398
1870/3900 [=============>................] - ETA: 1s - loss: 1.7871 - acc: 0.4406
1930/3900 [=============>................] - ETA: 1s - loss: 1.7866 - acc: 0.4409
1990/3900 [==============>...............] - ETA: 1s - loss: 1.7873 - acc: 0.4387
2050/3900 [==============>...............] - ETA: 1s - loss: 1.7854 - acc: 0.4371
2110/3900 [===============>..............] - ETA: 1s - loss: 1.7831 - acc: 0.4408
2170/3900 [===============>..............] - ETA: 1s - loss: 1.7821 - acc: 0.4401
2230/3900 [================>.............] - ETA: 1s - loss: 1.7828 - acc: 0.4390
2290/3900 [================>.............] - ETA: 1s - loss: 1.7814 - acc: 0.4393
2350/3900 [=================>............] - ETA: 1s - loss: 1.7798 - acc: 0.4383
2410/3900 [=================>............] - ETA: 1s - loss: 1.7801 - acc: 0.4361
2470/3900 [==================>...........] - ETA: 1s - loss: 1.7794 - acc: 0.4381
2530/3900 [==================>...........] - ETA: 1s - loss: 1.7782 - acc: 0.4391
2590/3900 [==================>...........] - ETA: 1s - loss: 1.7752 - acc: 0.4394
2650/3900 [===================>..........] - ETA: 1s - loss: 1.7737 - acc: 0.4400
2710/3900 [===================>..........] - ETA: 1s - loss: 1.7722 - acc: 0.4413
2770/3900 [====================>.........] - ETA: 1s - loss: 1.7695 - acc: 0.4448
2830/3900 [====================>.........] - ETA: 0s - loss: 1.7687 - acc: 0.4438
2890/3900 [=====================>........] - ETA: 0s - loss: 1.7658 - acc: 0.4460
2950/3900 [=====================>........] - ETA: 0s - loss: 1.7646 - acc: 0.4471
3010/3900 [======================>.......] - ETA: 0s - loss: 1.7630 - acc: 0.4492
3070/3900 [======================>.......] - ETA: 0s - loss: 1.7608 - acc: 0.4508
3130/3900 [=======================>......] - ETA: 0s - loss: 1.7596 - acc: 0.4492
3190/3900 [=======================>......] - ETA: 0s - loss: 1.7586 - acc: 0.4489
3250/3900 [========================>.....] - ETA: 0s - loss: 1.7580 - acc: 0.4483
3310/3900 [========================>.....] - ETA: 0s - loss: 1.7564 - acc: 0.4498
3370/3900 [========================>.....] - ETA: 0s - loss: 1.7546 - acc: 0.4493
3430/3900 [=========================>....] - ETA: 0s - loss: 1.7524 - acc: 0.4504
3490/3900 [=========================>....] - ETA: 0s - loss: 1.7505 - acc: 0.4524
3550/3900 [==========================>...] - ETA: 0s - loss: 1.7504 - acc: 0.4518
3610/3900 [==========================>...] - ETA: 0s - loss: 1.7493 - acc: 0.4521
3670/3900 [===========================>..] - ETA: 0s - loss: 1.7475 - acc: 0.4526
3730/3900 [===========================>..] - ETA: 0s - loss: 1.7454 - acc: 0.4547
3790/3900 [============================>.] - ETA: 0s - loss: 1.7445 - acc: 0.4541
3850/3900 [============================>.] - ETA: 0s - loss: 1.7441 - acc: 0.4535
3900/3900 [==============================] - 4s 905us/step - loss: 1.7424 - acc: 0.4531 - val_loss: 1.8294 - val_acc: 0.4242
Current time ....3.530
Train on 600 samples, validate on 86 samples
Epoch 1/1

 10/600 [..............................] - ETA: 0s - loss: 0.1698 - acc: 1.0000
 70/600 [==>...........................] - ETA: 0s - loss: 0.2077 - acc: 0.9714
130/600 [=====>........................] - ETA: 0s - loss: 0.1890 - acc: 0.9769
190/600 [========>.....................] - ETA: 0s - loss: 0.1920 - acc: 0.9842
250/600 [===========>..................] - ETA: 0s - loss: 0.1933 - acc: 0.9880
310/600 [==============>...............] - ETA: 0s - loss: 0.1840 - acc: 0.9871
370/600 [=================>............] - ETA: 0s - loss: 0.1751 - acc: 0.9865
430/600 [====================>.........] - ETA: 0s - loss: 0.1722 - acc: 0.9884
490/600 [=======================>......] - ETA: 0s - loss: 0.1660 - acc: 0.9898
550/600 [==========================>...] - ETA: 0s - loss: 0.1692 - acc: 0.9873
600/600 [==============================] - 1s 920us/step - loss: 0.1699 - acc: 0.9867 - val_loss: 0.4049 - val_acc: 0.9419
Current time ....0.552
Train on 1200 samples, validate on 68 samples
Epoch 1/1

  10/1200 [..............................] - ETA: 1s - loss: 0.5194 - acc: 0.8000
  70/1200 [>.............................] - ETA: 0s - loss: 0.5006 - acc: 0.8714
 130/1200 [==>...........................] - ETA: 0s - loss: 0.5589 - acc: 0.8308
 190/1200 [===>..........................] - ETA: 0s - loss: 0.5473 - acc: 0.8368
 250/1200 [=====>........................] - ETA: 0s - loss: 0.5128 - acc: 0.8520
 310/1200 [======>.......................] - ETA: 0s - loss: 0.5005 - acc: 0.8581
 370/1200 [========>.....................] - ETA: 0s - loss: 0.4935 - acc: 0.8595
 430/1200 [=========>....................] - ETA: 0s - loss: 0.4805 - acc: 0.8744
 490/1200 [===========>..................] - ETA: 0s - loss: 0.4783 - acc: 0.8755
 550/1200 [============>.................] - ETA: 0s - loss: 0.4796 - acc: 0.8673
 610/1200 [==============>...............] - ETA: 0s - loss: 0.4700 - acc: 0.8721
 670/1200 [===============>..............] - ETA: 0s - loss: 0.4684 - acc: 0.8731
 730/1200 [=================>............] - ETA: 0s - loss: 0.4687 - acc: 0.8671
 790/1200 [==================>...........] - ETA: 0s - loss: 0.4635 - acc: 0.8633
 850/1200 [====================>.........] - ETA: 0s - loss: 0.4596 - acc: 0.8694
 910/1200 [=====================>........] - ETA: 0s - loss: 0.4641 - acc: 0.8615
 970/1200 [=======================>......] - ETA: 0s - loss: 0.4584 - acc: 0.8660
1030/1200 [========================>.....] - ETA: 0s - loss: 0.4556 - acc: 0.8680
1090/1200 [==========================>...] - ETA: 0s - loss: 0.4559 - acc: 0.8679
1150/1200 [===========================>..] - ETA: 0s - loss: 0.4500 - acc: 0.8704
1200/1200 [==============================] - 1s 897us/step - loss: 0.4466 - acc: 0.8733 - val_loss: 0.7491 - val_acc: 0.6765
Current time ....1.076
Train on 3900 samples, validate on 99 samples
Epoch 1/1

  10/3900 [..............................] - ETA: 3s - loss: 1.6711 - acc: 0.2000
  70/3900 [..............................] - ETA: 3s - loss: 1.6147 - acc: 0.4286
 130/3900 [>.............................] - ETA: 3s - loss: 1.6127 - acc: 0.4538
 190/3900 [>.............................] - ETA: 3s - loss: 1.6472 - acc: 0.4421
 250/3900 [>.............................] - ETA: 3s - loss: 1.6323 - acc: 0.4600
 310/3900 [=>............................] - ETA: 3s - loss: 1.6352 - acc: 0.4677
 370/3900 [=>............................] - ETA: 3s - loss: 1.6371 - acc: 0.4622
 430/3900 [==>...........................] - ETA: 3s - loss: 1.6376 - acc: 0.4535
 490/3900 [==>...........................] - ETA: 3s - loss: 1.6396 - acc: 0.4469
 550/3900 [===>..........................] - ETA: 3s - loss: 1.6373 - acc: 0.4418
 610/3900 [===>..........................] - ETA: 2s - loss: 1.6420 - acc: 0.4426
 670/3900 [====>.........................] - ETA: 2s - loss: 1.6410 - acc: 0.4478
 730/3900 [====>.........................] - ETA: 2s - loss: 1.6334 - acc: 0.4521
 790/3900 [=====>........................] - ETA: 2s - loss: 1.6295 - acc: 0.4494
 850/3900 [=====>........................] - ETA: 2s - loss: 1.6249 - acc: 0.4576
 910/3900 [======>.......................] - ETA: 2s - loss: 1.6305 - acc: 0.4582
 970/3900 [======>.......................] - ETA: 2s - loss: 1.6312 - acc: 0.4608
1030/3900 [======>.......................] - ETA: 2s - loss: 1.6274 - acc: 0.4641
1090/3900 [=======>......................] - ETA: 2s - loss: 1.6266 - acc: 0.4688
1150/3900 [=======>......................] - ETA: 2s - loss: 1.6213 - acc: 0.4757
1210/3900 [========>.....................] - ETA: 2s - loss: 1.6174 - acc: 0.4793
1270/3900 [========>.....................] - ETA: 2s - loss: 1.6174 - acc: 0.4764
1330/3900 [=========>....................] - ETA: 2s - loss: 1.6172 - acc: 0.4752
1390/3900 [=========>....................] - ETA: 2s - loss: 1.6127 - acc: 0.4741
1450/3900 [==========>...................] - ETA: 2s - loss: 1.6133 - acc: 0.4772
1510/3900 [==========>...................] - ETA: 2s - loss: 1.6123 - acc: 0.4801
1570/3900 [===========>..................] - ETA: 2s - loss: 1.6132 - acc: 0.4796
1630/3900 [===========>..................] - ETA: 2s - loss: 1.6049 - acc: 0.4859
1690/3900 [============>.................] - ETA: 1s - loss: 1.6000 - acc: 0.4876
1750/3900 [============>.................] - ETA: 1s - loss: 1.5967 - acc: 0.4857
1810/3900 [============>.................] - ETA: 1s - loss: 1.5976 - acc: 0.4823
1870/3900 [=============>................] - ETA: 1s - loss: 1.5972 - acc: 0.4829
1930/3900 [=============>................] - ETA: 1s - loss: 1.5963 - acc: 0.4855
1990/3900 [==============>...............] - ETA: 1s - loss: 1.5933 - acc: 0.4859
2050/3900 [==============>...............] - ETA: 1s - loss: 1.5900 - acc: 0.4839
2110/3900 [===============>..............] - ETA: 1s - loss: 1.5861 - acc: 0.4872
2170/3900 [===============>..............] - ETA: 1s - loss: 1.5844 - acc: 0.4894
2230/3900 [================>.............] - ETA: 1s - loss: 1.5868 - acc: 0.4865
2290/3900 [================>.............] - ETA: 1s - loss: 1.5816 - acc: 0.4908
2350/3900 [=================>............] - ETA: 1s - loss: 1.5815 - acc: 0.4911
2410/3900 [=================>............] - ETA: 1s - loss: 1.5774 - acc: 0.4963
2470/3900 [==================>...........] - ETA: 1s - loss: 1.5759 - acc: 0.4951
2530/3900 [==================>...........] - ETA: 1s - loss: 1.5763 - acc: 0.4937
2590/3900 [==================>...........] - ETA: 1s - loss: 1.5718 - acc: 0.4965
2650/3900 [===================>..........] - ETA: 1s - loss: 1.5708 - acc: 0.4955
2710/3900 [===================>..........] - ETA: 1s - loss: 1.5723 - acc: 0.4941
2770/3900 [====================>.........] - ETA: 1s - loss: 1.5678 - acc: 0.4975
2830/3900 [====================>.........] - ETA: 0s - loss: 1.5662 - acc: 0.4972
2890/3900 [=====================>........] - ETA: 0s - loss: 1.5661 - acc: 0.4983
2950/3900 [=====================>........] - ETA: 0s - loss: 1.5625 - acc: 0.5017
3010/3900 [======================>.......] - ETA: 0s - loss: 1.5613 - acc: 0.5037
3070/3900 [======================>.......] - ETA: 0s - loss: 1.5586 - acc: 0.5029
3130/3900 [=======================>......] - ETA: 0s - loss: 1.5579 - acc: 0.5032
3190/3900 [=======================>......] - ETA: 0s - loss: 1.5560 - acc: 0.5031
3250/3900 [========================>.....] - ETA: 0s - loss: 1.5528 - acc: 0.5068
3310/3900 [========================>.....] - ETA: 0s - loss: 1.5527 - acc: 0.5069
3370/3900 [========================>.....] - ETA: 0s - loss: 1.5504 - acc: 0.5080
3430/3900 [=========================>....] - ETA: 0s - loss: 1.5488 - acc: 0.5087
3490/3900 [=========================>....] - ETA: 0s - loss: 1.5448 - acc: 0.5120
3550/3900 [==========================>...] - ETA: 0s - loss: 1.5444 - acc: 0.5127
3610/3900 [==========================>...] - ETA: 0s - loss: 1.5425 - acc: 0.5136
3670/3900 [===========================>..] - ETA: 0s - loss: 1.5423 - acc: 0.5134
3730/3900 [===========================>..] - ETA: 0s - loss: 1.5408 - acc: 0.5126
3790/3900 [============================>.] - ETA: 0s - loss: 1.5392 - acc: 0.5129
3850/3900 [============================>.] - ETA: 0s - loss: 1.5363 - acc: 0.5151
3900/3900 [==============================] - 4s 904us/step - loss: 1.5357 - acc: 0.5146 - val_loss: 1.7289 - val_acc: 0.4141
Current time ....3.526
Train on 600 samples, validate on 86 samples
Epoch 1/1

 10/600 [..............................] - ETA: 0s - loss: 0.1466 - acc: 1.0000
 70/600 [==>...........................] - ETA: 0s - loss: 0.1263 - acc: 1.0000
130/600 [=====>........................] - ETA: 0s - loss: 0.1286 - acc: 1.0000
190/600 [========>.....................] - ETA: 0s - loss: 0.1198 - acc: 1.0000
250/600 [===========>..................] - ETA: 0s - loss: 0.1223 - acc: 0.9920
310/600 [==============>...............] - ETA: 0s - loss: 0.1227 - acc: 0.9935
370/600 [=================>............] - ETA: 0s - loss: 0.1228 - acc: 0.9946
430/600 [====================>.........] - ETA: 0s - loss: 0.1163 - acc: 0.9953
490/600 [=======================>......] - ETA: 0s - loss: 0.1206 - acc: 0.9918
550/600 [==========================>...] - ETA: 0s - loss: 0.1194 - acc: 0.9909
600/600 [==============================] - 1s 917us/step - loss: 0.1166 - acc: 0.9917 - val_loss: 0.3899 - val_acc: 0.9186
Current time ....0.550
Train on 1200 samples, validate on 68 samples
Epoch 1/1

  10/1200 [..............................] - ETA: 1s - loss: 0.3844 - acc: 0.9000
  70/1200 [>.............................] - ETA: 1s - loss: 0.3854 - acc: 0.8714
 130/1200 [==>...........................] - ETA: 0s - loss: 0.3262 - acc: 0.9000
 190/1200 [===>..........................] - ETA: 0s - loss: 0.3632 - acc: 0.8895
 250/1200 [=====>........................] - ETA: 0s - loss: 0.3751 - acc: 0.8920
 310/1200 [======>.......................] - ETA: 0s - loss: 0.3735 - acc: 0.9000
 370/1200 [========>.....................] - ETA: 0s - loss: 0.3713 - acc: 0.9000
 430/1200 [=========>....................] - ETA: 0s - loss: 0.3541 - acc: 0.9116
 490/1200 [===========>..................] - ETA: 0s - loss: 0.3631 - acc: 0.9041
 550/1200 [============>.................] - ETA: 0s - loss: 0.3589 - acc: 0.9036
 610/1200 [==============>...............] - ETA: 0s - loss: 0.3543 - acc: 0.9049
 670/1200 [===============>..............] - ETA: 0s - loss: 0.3561 - acc: 0.9075
 730/1200 [=================>............] - ETA: 0s - loss: 0.3458 - acc: 0.9110
 790/1200 [==================>...........] - ETA: 0s - loss: 0.3403 - acc: 0.9139
 850/1200 [====================>.........] - ETA: 0s - loss: 0.3436 - acc: 0.9118
 910/1200 [=====================>........] - ETA: 0s - loss: 0.3419 - acc: 0.9110
 970/1200 [=======================>......] - ETA: 0s - loss: 0.3380 - acc: 0.9144
1030/1200 [========================>.....] - ETA: 0s - loss: 0.3323 - acc: 0.9155
1090/1200 [==========================>...] - ETA: 0s - loss: 0.3303 - acc: 0.9156
1150/1200 [===========================>..] - ETA: 0s - loss: 0.3258 - acc: 0.9157
1200/1200 [==============================] - 1s 900us/step - loss: 0.3278 - acc: 0.9150 - val_loss: 0.9375 - val_acc: 0.6324
Current time ....1.081
Train on 3900 samples, validate on 99 samples
Epoch 1/1

  10/3900 [..............................] - ETA: 3s - loss: 1.6907 - acc: 0.5000
  70/3900 [..............................] - ETA: 3s - loss: 1.3523 - acc: 0.6429
 130/3900 [>.............................] - ETA: 3s - loss: 1.4154 - acc: 0.5923
 190/3900 [>.............................] - ETA: 3s - loss: 1.4478 - acc: 0.5684
 250/3900 [>.............................] - ETA: 3s - loss: 1.4293 - acc: 0.5800
 310/3900 [=>............................] - ETA: 3s - loss: 1.4215 - acc: 0.5806
 370/3900 [=>............................] - ETA: 3s - loss: 1.4067 - acc: 0.6027
 430/3900 [==>...........................] - ETA: 3s - loss: 1.4110 - acc: 0.5907
 490/3900 [==>...........................] - ETA: 3s - loss: 1.4316 - acc: 0.5735
 550/3900 [===>..........................] - ETA: 3s - loss: 1.4166 - acc: 0.5818
 610/3900 [===>..........................] - ETA: 2s - loss: 1.4261 - acc: 0.5721
 670/3900 [====>.........................] - ETA: 2s - loss: 1.4186 - acc: 0.5746
 730/3900 [====>.........................] - ETA: 2s - loss: 1.4104 - acc: 0.5740
 790/3900 [=====>........................] - ETA: 2s - loss: 1.4107 - acc: 0.5734
 850/3900 [=====>........................] - ETA: 2s - loss: 1.4123 - acc: 0.5671
 910/3900 [======>.......................] - ETA: 2s - loss: 1.4094 - acc: 0.5670
 970/3900 [======>.......................] - ETA: 2s - loss: 1.4053 - acc: 0.5722
1030/3900 [======>.......................] - ETA: 2s - loss: 1.4084 - acc: 0.5689
1090/3900 [=======>......................] - ETA: 2s - loss: 1.4082 - acc: 0.5679
1150/3900 [=======>......................] - ETA: 2s - loss: 1.4078 - acc: 0.5678
1210/3900 [========>.....................] - ETA: 2s - loss: 1.3991 - acc: 0.5727
1270/3900 [========>.....................] - ETA: 2s - loss: 1.3980 - acc: 0.5764
1330/3900 [=========>....................] - ETA: 2s - loss: 1.4015 - acc: 0.5714
1390/3900 [=========>....................] - ETA: 2s - loss: 1.3955 - acc: 0.5748
1450/3900 [==========>...................] - ETA: 2s - loss: 1.3896 - acc: 0.5779
1510/3900 [==========>...................] - ETA: 2s - loss: 1.3849 - acc: 0.5808
1570/3900 [===========>..................] - ETA: 2s - loss: 1.3782 - acc: 0.5854
1630/3900 [===========>..................] - ETA: 2s - loss: 1.3739 - acc: 0.5877
1690/3900 [============>.................] - ETA: 1s - loss: 1.3718 - acc: 0.5876
1750/3900 [============>.................] - ETA: 1s - loss: 1.3664 - acc: 0.5920
1810/3900 [============>.................] - ETA: 1s - loss: 1.3646 - acc: 0.5906
1870/3900 [=============>................] - ETA: 1s - loss: 1.3618 - acc: 0.5909
1930/3900 [=============>................] - ETA: 1s - loss: 1.3570 - acc: 0.5917
1990/3900 [==============>...............] - ETA: 1s - loss: 1.3567 - acc: 0.5910
2050/3900 [==============>...............] - ETA: 1s - loss: 1.3529 - acc: 0.5922
2110/3900 [===============>..............] - ETA: 1s - loss: 1.3531 - acc: 0.5915
2170/3900 [===============>..............] - ETA: 1s - loss: 1.3521 - acc: 0.5889
2230/3900 [================>.............] - ETA: 1s - loss: 1.3481 - acc: 0.5915
2290/3900 [================>.............] - ETA: 1s - loss: 1.3459 - acc: 0.5921
2350/3900 [=================>............] - ETA: 1s - loss: 1.3421 - acc: 0.5940
2410/3900 [=================>............] - ETA: 1s - loss: 1.3395 - acc: 0.5954
2470/3900 [==================>...........] - ETA: 1s - loss: 1.3393 - acc: 0.5955
2530/3900 [==================>...........] - ETA: 1s - loss: 1.3385 - acc: 0.5941
2590/3900 [==================>...........] - ETA: 1s - loss: 1.3350 - acc: 0.5950
2650/3900 [===================>..........] - ETA: 1s - loss: 1.3343 - acc: 0.5940
2710/3900 [===================>..........] - ETA: 1s - loss: 1.3345 - acc: 0.5934
2770/3900 [====================>.........] - ETA: 1s - loss: 1.3328 - acc: 0.5935
2830/3900 [====================>.........] - ETA: 0s - loss: 1.3327 - acc: 0.5940
2890/3900 [=====================>........] - ETA: 0s - loss: 1.3349 - acc: 0.5913
2950/3900 [=====================>........] - ETA: 0s - loss: 1.3334 - acc: 0.5919
3010/3900 [======================>.......] - ETA: 0s - loss: 1.3311 - acc: 0.5930
3070/3900 [======================>.......] - ETA: 0s - loss: 1.3279 - acc: 0.5948
3130/3900 [=======================>......] - ETA: 0s - loss: 1.3241 - acc: 0.5949
3190/3900 [=======================>......] - ETA: 0s - loss: 1.3236 - acc: 0.5944
3250/3900 [========================>.....] - ETA: 0s - loss: 1.3223 - acc: 0.5948
3310/3900 [========================>.....] - ETA: 0s - loss: 1.3224 - acc: 0.5955
3370/3900 [========================>.....] - ETA: 0s - loss: 1.3179 - acc: 0.5967
3430/3900 [=========================>....] - ETA: 0s - loss: 1.3147 - acc: 0.5974
3490/3900 [=========================>....] - ETA: 0s - loss: 1.3105 - acc: 0.5986
3550/3900 [==========================>...] - ETA: 0s - loss: 1.3087 - acc: 0.5986
3610/3900 [==========================>...] - ETA: 0s - loss: 1.3053 - acc: 0.6003
3670/3900 [===========================>..] - ETA: 0s - loss: 1.3018 - acc: 0.6025
3730/3900 [===========================>..] - ETA: 0s - loss: 1.2995 - acc: 0.6043
3790/3900 [============================>.] - ETA: 0s - loss: 1.2997 - acc: 0.6037
3850/3900 [============================>.] - ETA: 0s - loss: 1.2982 - acc: 0.6049
3900/3900 [==============================] - 4s 907us/step - loss: 1.2973 - acc: 0.6056 - val_loss: 1.6823 - val_acc: 0.3838
Current time ....3.537
Train on 600 samples, validate on 86 samples
Epoch 1/1

 10/600 [..............................] - ETA: 0s - loss: 0.2182 - acc: 0.9000
 70/600 [==>...........................] - ETA: 0s - loss: 0.1013 - acc: 0.9714
130/600 [=====>........................] - ETA: 0s - loss: 0.0943 - acc: 0.9846
190/600 [========>.....................] - ETA: 0s - loss: 0.1009 - acc: 0.9895
250/600 [===========>..................] - ETA: 0s - loss: 0.1025 - acc: 0.9880
310/600 [==============>...............] - ETA: 0s - loss: 0.0929 - acc: 0.9903
370/600 [=================>............] - ETA: 0s - loss: 0.0895 - acc: 0.9919
430/600 [====================>.........] - ETA: 0s - loss: 0.0833 - acc: 0.9930
490/600 [=======================>......] - ETA: 0s - loss: 0.0805 - acc: 0.9939
550/600 [==========================>...] - ETA: 0s - loss: 0.0797 - acc: 0.9945
600/600 [==============================] - 1s 927us/step - loss: 0.0797 - acc: 0.9950 - val_loss: 0.4248 - val_acc: 0.9302
Current time ....0.556
Train on 1200 samples, validate on 68 samples
Epoch 1/1

  10/1200 [..............................] - ETA: 1s - loss: 0.0714 - acc: 1.0000
  70/1200 [>.............................] - ETA: 1s - loss: 0.2826 - acc: 0.9000
 130/1200 [==>...........................] - ETA: 0s - loss: 0.2649 - acc: 0.9231
 190/1200 [===>..........................] - ETA: 0s - loss: 0.2591 - acc: 0.9421
 250/1200 [=====>........................] - ETA: 0s - loss: 0.2541 - acc: 0.9480
 310/1200 [======>.......................] - ETA: 0s - loss: 0.2575 - acc: 0.9452
 370/1200 [========>.....................] - ETA: 0s - loss: 0.2466 - acc: 0.9514
 430/1200 [=========>....................] - ETA: 0s - loss: 0.2532 - acc: 0.9488
 490/1200 [===========>..................] - ETA: 0s - loss: 0.2506 - acc: 0.9429
 550/1200 [============>.................] - ETA: 0s - loss: 0.2483 - acc: 0.9455
 610/1200 [==============>...............] - ETA: 0s - loss: 0.2482 - acc: 0.9475
 670/1200 [===============>..............] - ETA: 0s - loss: 0.2526 - acc: 0.9478
 730/1200 [=================>............] - ETA: 0s - loss: 0.2483 - acc: 0.9479
 790/1200 [==================>...........] - ETA: 0s - loss: 0.2454 - acc: 0.9481
 850/1200 [====================>.........] - ETA: 0s - loss: 0.2458 - acc: 0.9471
 910/1200 [=====================>........] - ETA: 0s - loss: 0.2434 - acc: 0.9484
 970/1200 [=======================>......] - ETA: 0s - loss: 0.2420 - acc: 0.9495
1030/1200 [========================>.....] - ETA: 0s - loss: 0.2405 - acc: 0.9485
1090/1200 [==========================>...] - ETA: 0s - loss: 0.2379 - acc: 0.9495
1150/1200 [===========================>..] - ETA: 0s - loss: 0.2346 - acc: 0.9504
1200/1200 [==============================] - 1s 906us/step - loss: 0.2337 - acc: 0.9508 - val_loss: 0.6619 - val_acc: 0.6912
Current time ....1.088
Train on 3900 samples, validate on 99 samples
Epoch 1/1

  10/3900 [..............................] - ETA: 3s - loss: 1.1799 - acc: 0.6000
  70/3900 [..............................] - ETA: 3s - loss: 1.1613 - acc: 0.6714
 130/3900 [>.............................] - ETA: 3s - loss: 1.1364 - acc: 0.6923
 190/3900 [>.............................] - ETA: 3s - loss: 1.1534 - acc: 0.6842
 250/3900 [>.............................] - ETA: 3s - loss: 1.1360 - acc: 0.6800
 310/3900 [=>............................] - ETA: 3s - loss: 1.1453 - acc: 0.6645
 370/3900 [=>............................] - ETA: 3s - loss: 1.1464 - acc: 0.6595
 430/3900 [==>...........................] - ETA: 3s - loss: 1.1315 - acc: 0.6721
 490/3900 [==>...........................] - ETA: 3s - loss: 1.1400 - acc: 0.6653
 550/3900 [===>..........................] - ETA: 3s - loss: 1.1391 - acc: 0.6636
 610/3900 [===>..........................] - ETA: 2s - loss: 1.1507 - acc: 0.6574
 670/3900 [====>.........................] - ETA: 2s - loss: 1.1458 - acc: 0.6597
 730/3900 [====>.........................] - ETA: 2s - loss: 1.1420 - acc: 0.6562
 790/3900 [=====>........................] - ETA: 2s - loss: 1.1404 - acc: 0.6557
 850/3900 [=====>........................] - ETA: 2s - loss: 1.1457 - acc: 0.6541
 910/3900 [======>.......................] - ETA: 2s - loss: 1.1421 - acc: 0.6538
 970/3900 [======>.......................] - ETA: 2s - loss: 1.1444 - acc: 0.6505
1030/3900 [======>.......................] - ETA: 2s - loss: 1.1411 - acc: 0.6505
1090/3900 [=======>......................] - ETA: 2s - loss: 1.1329 - acc: 0.6560
1150/3900 [=======>......................] - ETA: 2s - loss: 1.1325 - acc: 0.6583
1210/3900 [========>.....................] - ETA: 2s - loss: 1.1305 - acc: 0.6612
1270/3900 [========>.....................] - ETA: 2s - loss: 1.1233 - acc: 0.6614
1330/3900 [=========>....................] - ETA: 2s - loss: 1.1158 - acc: 0.6632
1390/3900 [=========>....................] - ETA: 2s - loss: 1.1111 - acc: 0.6655
1450/3900 [==========>...................] - ETA: 2s - loss: 1.1127 - acc: 0.6655
1510/3900 [==========>...................] - ETA: 2s - loss: 1.1145 - acc: 0.6642
1570/3900 [===========>..................] - ETA: 2s - loss: 1.1096 - acc: 0.6631
1630/3900 [===========>..................] - ETA: 2s - loss: 1.1098 - acc: 0.6613
1690/3900 [============>.................] - ETA: 2s - loss: 1.1120 - acc: 0.6609
1750/3900 [============>.................] - ETA: 1s - loss: 1.1114 - acc: 0.6606
1810/3900 [============>.................] - ETA: 1s - loss: 1.1063 - acc: 0.6635
1870/3900 [=============>................] - ETA: 1s - loss: 1.1111 - acc: 0.6599
1930/3900 [=============>................] - ETA: 1s - loss: 1.1071 - acc: 0.6622
1990/3900 [==============>...............] - ETA: 1s - loss: 1.1080 - acc: 0.6613
2050/3900 [==============>...............] - ETA: 1s - loss: 1.1047 - acc: 0.6634
2110/3900 [===============>..............] - ETA: 1s - loss: 1.1064 - acc: 0.6611
2170/3900 [===============>..............] - ETA: 1s - loss: 1.1049 - acc: 0.6618
2230/3900 [================>.............] - ETA: 1s - loss: 1.1016 - acc: 0.6628
2290/3900 [================>.............] - ETA: 1s - loss: 1.1008 - acc: 0.6611
2350/3900 [=================>............] - ETA: 1s - loss: 1.0981 - acc: 0.6613
2410/3900 [=================>............] - ETA: 1s - loss: 1.0954 - acc: 0.6631
2470/3900 [==================>...........] - ETA: 1s - loss: 1.0916 - acc: 0.6640
2530/3900 [==================>...........] - ETA: 1s - loss: 1.0909 - acc: 0.6640
2590/3900 [==================>...........] - ETA: 1s - loss: 1.0882 - acc: 0.6649
2650/3900 [===================>..........] - ETA: 1s - loss: 1.0847 - acc: 0.6672
2710/3900 [===================>..........] - ETA: 1s - loss: 1.0830 - acc: 0.6686
2770/3900 [====================>.........] - ETA: 1s - loss: 1.0787 - acc: 0.6726
2830/3900 [====================>.........] - ETA: 0s - loss: 1.0788 - acc: 0.6724
2890/3900 [=====================>........] - ETA: 0s - loss: 1.0781 - acc: 0.6734
2950/3900 [=====================>........] - ETA: 0s - loss: 1.0726 - acc: 0.6746
3010/3900 [======================>.......] - ETA: 0s - loss: 1.0739 - acc: 0.6728
3070/3900 [======================>.......] - ETA: 0s - loss: 1.0736 - acc: 0.6730
3130/3900 [=======================>......] - ETA: 0s - loss: 1.0706 - acc: 0.6732
3190/3900 [=======================>......] - ETA: 0s - loss: 1.0679 - acc: 0.6743
3250/3900 [========================>.....] - ETA: 0s - loss: 1.0676 - acc: 0.6729
3310/3900 [========================>.....] - ETA: 0s - loss: 1.0671 - acc: 0.6725
3370/3900 [========================>.....] - ETA: 0s - loss: 1.0659 - acc: 0.6718
3430/3900 [=========================>....] - ETA: 0s - loss: 1.0664 - acc: 0.6720
3490/3900 [=========================>....] - ETA: 0s - loss: 1.0636 - acc: 0.6722
3550/3900 [==========================>...] - ETA: 0s - loss: 1.0624 - acc: 0.6724
3610/3900 [==========================>...] - ETA: 0s - loss: 1.0636 - acc: 0.6715
3670/3900 [===========================>..] - ETA: 0s - loss: 1.0631 - acc: 0.6711
3730/3900 [===========================>..] - ETA: 0s - loss: 1.0612 - acc: 0.6727
3790/3900 [============================>.] - ETA: 0s - loss: 1.0591 - acc: 0.6734
3850/3900 [============================>.] - ETA: 0s - loss: 1.0573 - acc: 0.6735
3900/3900 [==============================] - 4s 911us/step - loss: 1.0548 - acc: 0.6744 - val_loss: 1.5799 - val_acc: 0.4343
Current time ....3.551
Train on 600 samples, validate on 86 samples
Epoch 1/1

 10/600 [..............................] - ETA: 0s - loss: 0.0503 - acc: 1.0000
 70/600 [==>...........................] - ETA: 0s - loss: 0.0732 - acc: 1.0000
130/600 [=====>........................] - ETA: 0s - loss: 0.0596 - acc: 1.0000
190/600 [========>.....................] - ETA: 0s - loss: 0.0625 - acc: 1.0000
250/600 [===========>..................] - ETA: 0s - loss: 0.0595 - acc: 0.9960
310/600 [==============>...............] - ETA: 0s - loss: 0.0595 - acc: 0.9968
370/600 [=================>............] - ETA: 0s - loss: 0.0563 - acc: 0.9973
430/600 [====================>.........] - ETA: 0s - loss: 0.0560 - acc: 0.9977
490/600 [=======================>......] - ETA: 0s - loss: 0.0602 - acc: 0.9959
550/600 [==========================>...] - ETA: 0s - loss: 0.0596 - acc: 0.9964
600/600 [==============================] - 1s 916us/step - loss: 0.0582 - acc: 0.9967 - val_loss: 0.4654 - val_acc: 0.9302
Current time ....0.550
Train on 1200 samples, validate on 68 samples
Epoch 1/1

  10/1200 [..............................] - ETA: 1s - loss: 0.2110 - acc: 0.9000
  70/1200 [>.............................] - ETA: 0s - loss: 0.1838 - acc: 0.9429
 130/1200 [==>...........................] - ETA: 0s - loss: 0.1665 - acc: 0.9538
 190/1200 [===>..........................] - ETA: 0s - loss: 0.1623 - acc: 0.9526
 250/1200 [=====>........................] - ETA: 0s - loss: 0.1771 - acc: 0.9560
 310/1200 [======>.......................] - ETA: 0s - loss: 0.1725 - acc: 0.9581
 370/1200 [========>.....................] - ETA: 0s - loss: 0.1764 - acc: 0.9595
 430/1200 [=========>....................] - ETA: 0s - loss: 0.1793 - acc: 0.9628
 490/1200 [===========>..................] - ETA: 0s - loss: 0.1730 - acc: 0.9633
 550/1200 [============>.................] - ETA: 0s - loss: 0.1660 - acc: 0.9673
 610/1200 [==============>...............] - ETA: 0s - loss: 0.1660 - acc: 0.9705
 670/1200 [===============>..............] - ETA: 0s - loss: 0.1701 - acc: 0.9716
 730/1200 [=================>............] - ETA: 0s - loss: 0.1680 - acc: 0.9685
 790/1200 [==================>...........] - ETA: 0s - loss: 0.1709 - acc: 0.9671
 850/1200 [====================>.........] - ETA: 0s - loss: 0.1697 - acc: 0.9671
 910/1200 [=====================>........] - ETA: 0s - loss: 0.1686 - acc: 0.9670
 970/1200 [=======================>......] - ETA: 0s - loss: 0.1684 - acc: 0.9680
1030/1200 [========================>.....] - ETA: 0s - loss: 0.1637 - acc: 0.9689
1090/1200 [==========================>...] - ETA: 0s - loss: 0.1610 - acc: 0.9706
1150/1200 [===========================>..] - ETA: 0s - loss: 0.1609 - acc: 0.9696
1200/1200 [==============================] - 1s 897us/step - loss: 0.1607 - acc: 0.9700 - val_loss: 0.7040 - val_acc: 0.7059
Current time ....1.076
Train on 3900 samples, validate on 99 samples
Epoch 1/1

  10/3900 [..............................] - ETA: 3s - loss: 0.6681 - acc: 0.9000
  70/3900 [..............................] - ETA: 3s - loss: 0.9189 - acc: 0.8000
 130/3900 [>.............................] - ETA: 3s - loss: 0.9230 - acc: 0.7538
 190/3900 [>.............................] - ETA: 3s - loss: 0.9078 - acc: 0.7421
 250/3900 [>.............................] - ETA: 3s - loss: 0.9153 - acc: 0.7400
 310/3900 [=>............................] - ETA: 3s - loss: 0.9313 - acc: 0.7226
 370/3900 [=>............................] - ETA: 3s - loss: 0.9237 - acc: 0.7297
 430/3900 [==>...........................] - ETA: 3s - loss: 0.9128 - acc: 0.7302
 490/3900 [==>...........................] - ETA: 3s - loss: 0.9163 - acc: 0.7245
 550/3900 [===>..........................] - ETA: 3s - loss: 0.9243 - acc: 0.7164
 610/3900 [===>..........................] - ETA: 2s - loss: 0.9166 - acc: 0.7164
 670/3900 [====>.........................] - ETA: 2s - loss: 0.9106 - acc: 0.7224
 730/3900 [====>.........................] - ETA: 2s - loss: 0.8901 - acc: 0.7301
 790/3900 [=====>........................] - ETA: 2s - loss: 0.8953 - acc: 0.7266
 850/3900 [=====>........................] - ETA: 2s - loss: 0.8841 - acc: 0.7294
 910/3900 [======>.......................] - ETA: 2s - loss: 0.8888 - acc: 0.7253
 970/3900 [======>.......................] - ETA: 2s - loss: 0.8964 - acc: 0.7216
1030/3900 [======>.......................] - ETA: 2s - loss: 0.8934 - acc: 0.7243
1090/3900 [=======>......................] - ETA: 2s - loss: 0.8891 - acc: 0.7248
1150/3900 [=======>......................] - ETA: 2s - loss: 0.8907 - acc: 0.7235
1210/3900 [========>.....................] - ETA: 2s - loss: 0.8865 - acc: 0.7256
1270/3900 [========>.....................] - ETA: 2s - loss: 0.8830 - acc: 0.7252
1330/3900 [=========>....................] - ETA: 2s - loss: 0.8809 - acc: 0.7278
1390/3900 [=========>....................] - ETA: 2s - loss: 0.8806 - acc: 0.7259
1450/3900 [==========>...................] - ETA: 2s - loss: 0.8805 - acc: 0.7241
1510/3900 [==========>...................] - ETA: 2s - loss: 0.8745 - acc: 0.7252
1570/3900 [===========>..................] - ETA: 2s - loss: 0.8749 - acc: 0.7248
1630/3900 [===========>..................] - ETA: 2s - loss: 0.8762 - acc: 0.7245
1690/3900 [============>.................] - ETA: 1s - loss: 0.8731 - acc: 0.7254
1750/3900 [============>.................] - ETA: 1s - loss: 0.8732 - acc: 0.7263
1810/3900 [============>.................] - ETA: 1s - loss: 0.8741 - acc: 0.7254
1870/3900 [=============>................] - ETA: 1s - loss: 0.8744 - acc: 0.7257
1930/3900 [=============>................] - ETA: 1s - loss: 0.8723 - acc: 0.7264
1990/3900 [==============>...............] - ETA: 1s - loss: 0.8691 - acc: 0.7246
2050/3900 [==============>...............] - ETA: 1s - loss: 0.8693 - acc: 0.7254
2110/3900 [===============>..............] - ETA: 1s - loss: 0.8683 - acc: 0.7246
2170/3900 [===============>..............] - ETA: 1s - loss: 0.8669 - acc: 0.7263
2230/3900 [================>.............] - ETA: 1s - loss: 0.8675 - acc: 0.7256
2290/3900 [================>.............] - ETA: 1s - loss: 0.8702 - acc: 0.7245
2350/3900 [=================>............] - ETA: 1s - loss: 0.8673 - acc: 0.7255
2410/3900 [=================>............] - ETA: 1s - loss: 0.8665 - acc: 0.7257
2470/3900 [==================>...........] - ETA: 1s - loss: 0.8668 - acc: 0.7251
2530/3900 [==================>...........] - ETA: 1s - loss: 0.8676 - acc: 0.7241
2590/3900 [==================>...........] - ETA: 1s - loss: 0.8690 - acc: 0.7236
2650/3900 [===================>..........] - ETA: 1s - loss: 0.8663 - acc: 0.7249
2710/3900 [===================>..........] - ETA: 1s - loss: 0.8659 - acc: 0.7251
2770/3900 [====================>.........] - ETA: 1s - loss: 0.8662 - acc: 0.7238
2830/3900 [====================>.........] - ETA: 0s - loss: 0.8671 - acc: 0.7237
2890/3900 [=====================>........] - ETA: 0s - loss: 0.8647 - acc: 0.7235
2950/3900 [=====================>........] - ETA: 0s - loss: 0.8604 - acc: 0.7261
3010/3900 [======================>.......] - ETA: 0s - loss: 0.8618 - acc: 0.7256
3070/3900 [======================>.......] - ETA: 0s - loss: 0.8612 - acc: 0.7254
3130/3900 [=======================>......] - ETA: 0s - loss: 0.8594 - acc: 0.7259
3190/3900 [=======================>......] - ETA: 0s - loss: 0.8594 - acc: 0.7260
3250/3900 [========================>.....] - ETA: 0s - loss: 0.8585 - acc: 0.7262
3310/3900 [========================>.....] - ETA: 0s - loss: 0.8572 - acc: 0.7272
3370/3900 [========================>.....] - ETA: 0s - loss: 0.8543 - acc: 0.7285
3430/3900 [=========================>....] - ETA: 0s - loss: 0.8541 - acc: 0.7286
3490/3900 [=========================>....] - ETA: 0s - loss: 0.8548 - acc: 0.7272
3550/3900 [==========================>...] - ETA: 0s - loss: 0.8545 - acc: 0.7282
3610/3900 [==========================>...] - ETA: 0s - loss: 0.8554 - acc: 0.7266
3670/3900 [===========================>..] - ETA: 0s - loss: 0.8565 - acc: 0.7251
3730/3900 [===========================>..] - ETA: 0s - loss: 0.8540 - acc: 0.7260
3790/3900 [============================>.] - ETA: 0s - loss: 0.8538 - acc: 0.7256
3850/3900 [============================>.] - ETA: 0s - loss: 0.8525 - acc: 0.7257
3900/3900 [==============================] - 4s 904us/step - loss: 0.8519 - acc: 0.7254 - val_loss: 1.5406 - val_acc: 0.4848
Current time ....3.525
Train on 600 samples, validate on 86 samples
Epoch 1/1

 10/600 [..............................] - ETA: 0s - loss: 0.0147 - acc: 1.0000
 70/600 [==>...........................] - ETA: 0s - loss: 0.0472 - acc: 1.0000
130/600 [=====>........................] - ETA: 0s - loss: 0.0465 - acc: 1.0000
190/600 [========>.....................] - ETA: 0s - loss: 0.0460 - acc: 1.0000
250/600 [===========>..................] - ETA: 0s - loss: 0.0457 - acc: 0.9960
310/600 [==============>...............] - ETA: 0s - loss: 0.0452 - acc: 0.9968
370/600 [=================>............] - ETA: 0s - loss: 0.0457 - acc: 0.9973
430/600 [====================>.........] - ETA: 0s - loss: 0.0430 - acc: 0.9977
490/600 [=======================>......] - ETA: 0s - loss: 0.0426 - acc: 0.9980
550/600 [==========================>...] - ETA: 0s - loss: 0.0450 - acc: 0.9964
600/600 [==============================] - 1s 933us/step - loss: 0.0447 - acc: 0.9967 - val_loss: 0.4661 - val_acc: 0.9186
Current time ....0.560
Train on 1200 samples, validate on 68 samples
Epoch 1/1

  10/1200 [..............................] - ETA: 1s - loss: 0.0986 - acc: 1.0000
  70/1200 [>.............................] - ETA: 1s - loss: 0.1910 - acc: 0.9429
 130/1200 [==>...........................] - ETA: 0s - loss: 0.1533 - acc: 0.9692
 190/1200 [===>..........................] - ETA: 0s - loss: 0.1477 - acc: 0.9737
 250/1200 [=====>........................] - ETA: 0s - loss: 0.1444 - acc: 0.9720
 310/1200 [======>.......................] - ETA: 0s - loss: 0.1397 - acc: 0.9742
 370/1200 [========>.....................] - ETA: 0s - loss: 0.1319 - acc: 0.9757
 430/1200 [=========>....................] - ETA: 0s - loss: 0.1307 - acc: 0.9791
 490/1200 [===========>..................] - ETA: 0s - loss: 0.1325 - acc: 0.9816
 550/1200 [============>.................] - ETA: 0s - loss: 0.1286 - acc: 0.9836
 610/1200 [==============>...............] - ETA: 0s - loss: 0.1299 - acc: 0.9836
 670/1200 [===============>..............] - ETA: 0s - loss: 0.1260 - acc: 0.9836
 730/1200 [=================>............] - ETA: 0s - loss: 0.1219 - acc: 0.9849
 790/1200 [==================>...........] - ETA: 0s - loss: 0.1209 - acc: 0.9861
 850/1200 [====================>.........] - ETA: 0s - loss: 0.1208 - acc: 0.9859
 910/1200 [=====================>........] - ETA: 0s - loss: 0.1233 - acc: 0.9846
 970/1200 [=======================>......] - ETA: 0s - loss: 0.1235 - acc: 0.9835
1030/1200 [========================>.....] - ETA: 0s - loss: 0.1234 - acc: 0.9825
1090/1200 [==========================>...] - ETA: 0s - loss: 0.1224 - acc: 0.9835
1150/1200 [===========================>..] - ETA: 0s - loss: 0.1217 - acc: 0.9835
1200/1200 [==============================] - 1s 905us/step - loss: 0.1224 - acc: 0.9825 - val_loss: 1.3115 - val_acc: 0.6765
Current time ....1.086
Train on 3900 samples, validate on 99 samples
Epoch 1/1

  10/3900 [..............................] - ETA: 3s - loss: 0.7977 - acc: 0.8000
  70/3900 [..............................] - ETA: 3s - loss: 0.6972 - acc: 0.8429
 130/3900 [>.............................] - ETA: 3s - loss: 0.7390 - acc: 0.8000
 190/3900 [>.............................] - ETA: 3s - loss: 0.7382 - acc: 0.7947
 250/3900 [>.............................] - ETA: 3s - loss: 0.7398 - acc: 0.7760
 310/3900 [=>............................] - ETA: 3s - loss: 0.7427 - acc: 0.7581
 370/3900 [=>............................] - ETA: 3s - loss: 0.7355 - acc: 0.7676
 430/3900 [==>...........................] - ETA: 3s - loss: 0.7281 - acc: 0.7767
 490/3900 [==>...........................] - ETA: 3s - loss: 0.7420 - acc: 0.7612
 550/3900 [===>..........................] - ETA: 3s - loss: 0.7456 - acc: 0.7600
 610/3900 [===>..........................] - ETA: 2s - loss: 0.7485 - acc: 0.7557
 670/3900 [====>.........................] - ETA: 2s - loss: 0.7562 - acc: 0.7537
 730/3900 [====>.........................] - ETA: 2s - loss: 0.7508 - acc: 0.7589
 790/3900 [=====>........................] - ETA: 2s - loss: 0.7634 - acc: 0.7544
 850/3900 [=====>........................] - ETA: 2s - loss: 0.7616 - acc: 0.7529
 910/3900 [======>.......................] - ETA: 2s - loss: 0.7496 - acc: 0.7593
 970/3900 [======>.......................] - ETA: 2s - loss: 0.7476 - acc: 0.7598
1030/3900 [======>.......................] - ETA: 2s - loss: 0.7449 - acc: 0.7621
1090/3900 [=======>......................] - ETA: 2s - loss: 0.7366 - acc: 0.7651
1150/3900 [=======>......................] - ETA: 2s - loss: 0.7341 - acc: 0.7635
1210/3900 [========>.....................] - ETA: 2s - loss: 0.7246 - acc: 0.7678
1270/3900 [========>.....................] - ETA: 2s - loss: 0.7295 - acc: 0.7630
1330/3900 [=========>....................] - ETA: 2s - loss: 0.7253 - acc: 0.7647
1390/3900 [=========>....................] - ETA: 2s - loss: 0.7214 - acc: 0.7655
1450/3900 [==========>...................] - ETA: 2s - loss: 0.7246 - acc: 0.7641
1510/3900 [==========>...................] - ETA: 2s - loss: 0.7239 - acc: 0.7662
1570/3900 [===========>..................] - ETA: 2s - loss: 0.7226 - acc: 0.7669
1630/3900 [===========>..................] - ETA: 2s - loss: 0.7220 - acc: 0.7656
1690/3900 [============>.................] - ETA: 1s - loss: 0.7197 - acc: 0.7669
1750/3900 [============>.................] - ETA: 1s - loss: 0.7172 - acc: 0.7686
1810/3900 [============>.................] - ETA: 1s - loss: 0.7222 - acc: 0.7663
1870/3900 [=============>................] - ETA: 1s - loss: 0.7176 - acc: 0.7695
1930/3900 [=============>................] - ETA: 1s - loss: 0.7193 - acc: 0.7705
1990/3900 [==============>...............] - ETA: 1s - loss: 0.7177 - acc: 0.7729
2050/3900 [==============>...............] - ETA: 1s - loss: 0.7187 - acc: 0.7727
2110/3900 [===============>..............] - ETA: 1s - loss: 0.7151 - acc: 0.7749
2170/3900 [===============>..............] - ETA: 1s - loss: 0.7183 - acc: 0.7728
2230/3900 [================>.............] - ETA: 1s - loss: 0.7168 - acc: 0.7744
2290/3900 [================>.............] - ETA: 1s - loss: 0.7156 - acc: 0.7747
2350/3900 [=================>............] - ETA: 1s - loss: 0.7130 - acc: 0.7753
2410/3900 [=================>............] - ETA: 1s - loss: 0.7116 - acc: 0.7755
2470/3900 [==================>...........] - ETA: 1s - loss: 0.7100 - acc: 0.7757
2530/3900 [==================>...........] - ETA: 1s - loss: 0.7086 - acc: 0.7775
2590/3900 [==================>...........] - ETA: 1s - loss: 0.7082 - acc: 0.7780
2650/3900 [===================>..........] - ETA: 1s - loss: 0.7073 - acc: 0.7774
2710/3900 [===================>..........] - ETA: 1s - loss: 0.7048 - acc: 0.7779
2770/3900 [====================>.........] - ETA: 1s - loss: 0.7034 - acc: 0.7791
2830/3900 [====================>.........] - ETA: 0s - loss: 0.7020 - acc: 0.7788
2890/3900 [=====================>........] - ETA: 0s - loss: 0.6982 - acc: 0.7813
2950/3900 [=====================>........] - ETA: 0s - loss: 0.6952 - acc: 0.7820
3010/3900 [======================>.......] - ETA: 0s - loss: 0.6972 - acc: 0.7817
3070/3900 [======================>.......] - ETA: 0s - loss: 0.6967 - acc: 0.7814
3130/3900 [=======================>......] - ETA: 0s - loss: 0.6978 - acc: 0.7812
3190/3900 [=======================>......] - ETA: 0s - loss: 0.6978 - acc: 0.7815
3250/3900 [========================>.....] - ETA: 0s - loss: 0.6991 - acc: 0.7822
3310/3900 [========================>.....] - ETA: 0s - loss: 0.7013 - acc: 0.7825
3370/3900 [========================>.....] - ETA: 0s - loss: 0.6979 - acc: 0.7837
3430/3900 [=========================>....] - ETA: 0s - loss: 0.6986 - acc: 0.7831
3490/3900 [=========================>....] - ETA: 0s - loss: 0.6999 - acc: 0.7822
3550/3900 [==========================>...] - ETA: 0s - loss: 0.6980 - acc: 0.7831
3610/3900 [==========================>...] - ETA: 0s - loss: 0.6959 - acc: 0.7837
3670/3900 [===========================>..] - ETA: 0s - loss: 0.6957 - acc: 0.7837
3730/3900 [===========================>..] - ETA: 0s - loss: 0.6941 - acc: 0.7845
3790/3900 [============================>.] - ETA: 0s - loss: 0.6945 - acc: 0.7839
3850/3900 [============================>.] - ETA: 0s - loss: 0.6919 - acc: 0.7852
3900/3900 [==============================] - 4s 908us/step - loss: 0.6915 - acc: 0.7854 - val_loss: 1.5962 - val_acc: 0.4444
Current time ....3.541
Train on 600 samples, validate on 86 samples
Epoch 1/1

 10/600 [..............................] - ETA: 0s - loss: 0.0702 - acc: 1.0000
 70/600 [==>...........................] - ETA: 0s - loss: 0.0528 - acc: 1.0000
130/600 [=====>........................] - ETA: 0s - loss: 0.0525 - acc: 1.0000
190/600 [========>.....................] - ETA: 0s - loss: 0.0490 - acc: 1.0000
250/600 [===========>..................] - ETA: 0s - loss: 0.0464 - acc: 1.0000
310/600 [==============>...............] - ETA: 0s - loss: 0.0424 - acc: 1.0000
370/600 [=================>............] - ETA: 0s - loss: 0.0400 - acc: 1.0000
430/600 [====================>.........] - ETA: 0s - loss: 0.0393 - acc: 0.9977
490/600 [=======================>......] - ETA: 0s - loss: 0.0391 - acc: 0.9980
550/600 [==========================>...] - ETA: 0s - loss: 0.0392 - acc: 0.9982
600/600 [==============================] - 1s 935us/step - loss: 0.0375 - acc: 0.9983 - val_loss: 0.5107 - val_acc: 0.9302
Current time ....0.561
Train on 1200 samples, validate on 68 samples
Epoch 1/1

  10/1200 [..............................] - ETA: 1s - loss: 0.6843 - acc: 0.8000
  70/1200 [>.............................] - ETA: 0s - loss: 0.2131 - acc: 0.9143
 130/1200 [==>...........................] - ETA: 0s - loss: 0.1685 - acc: 0.9385
 190/1200 [===>..........................] - ETA: 0s - loss: 0.1569 - acc: 0.9474
 250/1200 [=====>........................] - ETA: 0s - loss: 0.1342 - acc: 0.9600
 310/1200 [======>.......................] - ETA: 0s - loss: 0.1312 - acc: 0.9613
 370/1200 [========>.....................] - ETA: 0s - loss: 0.1431 - acc: 0.9568
 430/1200 [=========>....................] - ETA: 0s - loss: 0.1416 - acc: 0.9558
 490/1200 [===========>..................] - ETA: 0s - loss: 0.1358 - acc: 0.9612
 550/1200 [============>.................] - ETA: 0s - loss: 0.1296 - acc: 0.9655
 610/1200 [==============>...............] - ETA: 0s - loss: 0.1270 - acc: 0.9689
 670/1200 [===============>..............] - ETA: 0s - loss: 0.1247 - acc: 0.9701
 730/1200 [=================>............] - ETA: 0s - loss: 0.1224 - acc: 0.9712
 790/1200 [==================>...........] - ETA: 0s - loss: 0.1197 - acc: 0.9722
 850/1200 [====================>.........] - ETA: 0s - loss: 0.1208 - acc: 0.9718
 910/1200 [=====================>........] - ETA: 0s - loss: 0.1179 - acc: 0.9736
 970/1200 [=======================>......] - ETA: 0s - loss: 0.1154 - acc: 0.9742
1030/1200 [========================>.....] - ETA: 0s - loss: 0.1130 - acc: 0.9748
1090/1200 [==========================>...] - ETA: 0s - loss: 0.1119 - acc: 0.9743
1150/1200 [===========================>..] - ETA: 0s - loss: 0.1113 - acc: 0.9730
1200/1200 [==============================] - 1s 907us/step - loss: 0.1107 - acc: 0.9742 - val_loss: 1.1397 - val_acc: 0.6618
Current time ....1.088

32/99 [========>.....................] - ETA: 0s
99/99 [==============================] - 0s 97us/step
In EVALUATE loss:  [1.5962027877268166, 0.44444444474547801]

32/86 [==========>...................] - ETA: 0s
86/86 [==============================] - 0s 79us/step
In EVALUATE loss:  [0.51074732458868688, 0.93023256507030749]

32/68 [=============>................] - ETA: 0s
68/68 [==============================] - 0s 101us/step
In EVALUATE loss:  [1.1397021973834318, 0.66176470588235292]
Task 1 : Primary site - Macro F1 score 0.268076996685
Task 1 : Primary site - Micro F1 score 0.444444444444
Task 2 : Tumor laterality - Macro F1 score 0.93023255814
Task 2 : Tumor laterality - Micro F1 score 0.93023255814
Task 3 : Histological grade - Macro F1 score 0.492224880383
Task 3 : Histological grade - Micro F1 score 0.661764705882
Average loss:  1.08221743657
