Importing candle utils for keras
Configuration file:  /gpfs/mira-home/apeck/Modified_Benchmarks/Pilot3/P3B1/p3b1_default_model.txt
{'activation': 'relu',
 'batch_size': 10,
 'data_url': 'ftp://ftp.mcs.anl.gov/pub/candle/public/benchmarks/P3B1/',
 'drop': 0.0,
 'epochs': 10,
 'feature_names': 'Primary site:Tumor laterality:Histological grade',
 'ind_nnet_spec': [[2400, 2400, 1200, 1200],
                   [2400, 2400, 1200, 1200],
                   [2400, 2400, 1200, 1200]],
 'initialization': 'glorot_uniform',
 'learning_rate': 0.01,
 'loss': 'categorical_crossentropy',
 'metrics': 'accuracy',
 'model_name': 'p3b1',
 'n_fold': 1,
 'optimizer': 'sgd',
 'out_activation': 'softmax',
 'output_dir': '.',
 'scaling': 'none',
 'shared_nnet_spec': [1200,
                      2400,
                      3600,
                      3600,
                      3600,
                      3600,
                      3600,
                      3600,
                      3600,
                      2400],
 'shuffle': True,
 'timeout': 1800,
 'train_data': 'P3B1_data.tar.gz'}
Params:
{'activation': 'relu',
 'batch_size': 10,
 'case': 'CenterZ',
 'data_url': 'ftp://ftp.mcs.anl.gov/pub/candle/public/benchmarks/P3B1/',
 'datatype': <class 'numpy.float32'>,
 'drop': 0.0,
 'epochs': 10,
 'experiment_id': 'EXP000',
 'feature_names': 'Primary site:Tumor laterality:Histological grade',
 'fig': False,
 'gpus': [],
 'ind_nnet_spec': [[2400, 2400, 1200, 1200],
                   [2400, 2400, 1200, 1200],
                   [2400, 2400, 1200, 1200]],
 'initialization': 'glorot_uniform',
 'learning_rate': 0.01,
 'logfile': None,
 'loss': 'categorical_crossentropy',
 'metrics': 'accuracy',
 'model_name': 'p3b1',
 'n_fold': 1,
 'optimizer': 'sgd',
 'out_activation': 'softmax',
 'output_dir': '/gpfs/mira-home/apeck/CANDLE_testing/avery_modified_results/p3_1',
 'output_files': 'result0_0.csv;result1_0.csv;result2_0.csv',
 'rng_seed': 7102,
 'run_id': 'RUN000',
 'scaling': 'none',
 'shared_nnet_spec': [1200,
                      2400,
                      3600,
                      3600,
                      3600,
                      3600,
                      3600,
                      3600,
                      3600,
                      2400],
 'shuffle': False,
 'timeout': 1800,
 'train_bool': True,
 'train_data': 'P3B1_data.tar.gz',
 'train_features': 'data/task0_0_train_feature.csv;data/task1_0_train_feature.csv;data/task2_0_train_feature.csv',
 'train_truths': 'data/task0_0_train_label.csv;data/task1_0_train_label.csv;data/task2_0_train_label.csv',
 'valid_features': 'data/task0_0_test_feature.csv;data/task1_0_test_feature.csv;data/task2_0_test_feature.csv',
 'valid_truths': 'data/task0_0_test_label.csv;data/task1_0_test_label.csv;data/task2_0_test_label.csv',
 'verbose': None}
Feature names:
Primary site
Tumor laterality
Histological grade
Model:  0
_________________________________________________________________
Layer (type)                 Output Shape              Param #   
=================================================================
input (InputLayer)           (None, 400)               0         
_________________________________________________________________
indiv_layer_0_0 (Dense)      (None, 2400)              962400    
_________________________________________________________________
indiv_layer_0_1 (Dense)      (None, 2400)              5762400   
_________________________________________________________________
indiv_layer_0_2 (Dense)      (None, 1200)              2881200   
_________________________________________________________________
indiv_layer_0_3 (Dense)      (None, 1200)              1441200   
_________________________________________________________________
out_0 (Dense)                (None, 13)                15613     
=================================================================
Total params: 11,062,813
Trainable params: 11,062,813
Non-trainable params: 0
_________________________________________________________________
Model:  1
_________________________________________________________________
Layer (type)                 Output Shape              Param #   
=================================================================
input (InputLayer)           (None, 400)               0         
_________________________________________________________________
indiv_layer_1_0 (Dense)      (None, 2400)              962400    
_________________________________________________________________
indiv_layer_1_1 (Dense)      (None, 2400)              5762400   
_________________________________________________________________
indiv_layer_1_2 (Dense)      (None, 1200)              2881200   
_________________________________________________________________
indiv_layer_1_3 (Dense)      (None, 1200)              1441200   
_________________________________________________________________
out_1 (Dense)                (None, 2)                 2402      
=================================================================
Total params: 11,049,602
Trainable params: 11,049,602
Non-trainable params: 0
_________________________________________________________________
Model:  2
_________________________________________________________________
Layer (type)                 Output Shape              Param #   
=================================================================
input (InputLayer)           (None, 400)               0         
_________________________________________________________________
indiv_layer_2_0 (Dense)      (None, 2400)              962400    
_________________________________________________________________
indiv_layer_2_1 (Dense)      (None, 2400)              5762400   
_________________________________________________________________
indiv_layer_2_2 (Dense)      (None, 1200)              2881200   
_________________________________________________________________
indiv_layer_2_3 (Dense)      (None, 1200)              1441200   
_________________________________________________________________
out_2 (Dense)                (None, 4)                 4804      
=================================================================
Total params: 11,052,004
Trainable params: 11,052,004
Non-trainable params: 0
_________________________________________________________________
Train on 3900 samples, validate on 99 samples
Epoch 1/1

  10/3900 [..............................] - ETA: 11:54 - loss: 2.5628 - acc: 0.0000e+00
  60/3900 [..............................] - ETA: 2:01 - loss: 2.5645 - acc: 0.0833     
 110/3900 [..............................] - ETA: 1:07 - loss: 2.5646 - acc: 0.0636
 160/3900 [>.............................] - ETA: 46s - loss: 2.5637 - acc: 0.0688 
 210/3900 [>.............................] - ETA: 36s - loss: 2.5633 - acc: 0.0667
 260/3900 [=>............................] - ETA: 29s - loss: 2.5636 - acc: 0.0769
 310/3900 [=>............................] - ETA: 25s - loss: 2.5638 - acc: 0.0806
 370/3900 [=>............................] - ETA: 21s - loss: 2.5636 - acc: 0.0811
 430/3900 [==>...........................] - ETA: 18s - loss: 2.5633 - acc: 0.0930
 490/3900 [==>...........................] - ETA: 16s - loss: 2.5635 - acc: 0.0918
 550/3900 [===>..........................] - ETA: 14s - loss: 2.5633 - acc: 0.1036
 610/3900 [===>..........................] - ETA: 13s - loss: 2.5630 - acc: 0.1082
 670/3900 [====>.........................] - ETA: 12s - loss: 2.5629 - acc: 0.1104
 730/3900 [====>.........................] - ETA: 11s - loss: 2.5630 - acc: 0.1096
 790/3900 [=====>........................] - ETA: 10s - loss: 2.5627 - acc: 0.1165
 850/3900 [=====>........................] - ETA: 9s - loss: 2.5626 - acc: 0.1224 
 910/3900 [======>.......................] - ETA: 8s - loss: 2.5624 - acc: 0.1253
 970/3900 [======>.......................] - ETA: 8s - loss: 2.5622 - acc: 0.1247
1030/3900 [======>.......................] - ETA: 7s - loss: 2.5620 - acc: 0.1252
1090/3900 [=======>......................] - ETA: 7s - loss: 2.5619 - acc: 0.1248
1150/3900 [=======>......................] - ETA: 7s - loss: 2.5617 - acc: 0.1252
1210/3900 [========>.....................] - ETA: 6s - loss: 2.5616 - acc: 0.1256
1270/3900 [========>.....................] - ETA: 6s - loss: 2.5615 - acc: 0.1283
1330/3900 [=========>....................] - ETA: 5s - loss: 2.5612 - acc: 0.1323
1390/3900 [=========>....................] - ETA: 5s - loss: 2.5610 - acc: 0.1331
1450/3900 [==========>...................] - ETA: 5s - loss: 2.5607 - acc: 0.1317
1510/3900 [==========>...................] - ETA: 5s - loss: 2.5604 - acc: 0.1325
1570/3900 [===========>..................] - ETA: 4s - loss: 2.5602 - acc: 0.1331
1630/3900 [===========>..................] - ETA: 4s - loss: 2.5600 - acc: 0.1307
1690/3900 [============>.................] - ETA: 4s - loss: 2.5597 - acc: 0.1320
1750/3900 [============>.................] - ETA: 4s - loss: 2.5595 - acc: 0.1331
1810/3900 [============>.................] - ETA: 4s - loss: 2.5591 - acc: 0.1337
1870/3900 [=============>................] - ETA: 3s - loss: 2.5588 - acc: 0.1348
1930/3900 [=============>................] - ETA: 3s - loss: 2.5586 - acc: 0.1352
1990/3900 [==============>...............] - ETA: 3s - loss: 2.5584 - acc: 0.1357
2050/3900 [==============>...............] - ETA: 3s - loss: 2.5582 - acc: 0.1346
2110/3900 [===============>..............] - ETA: 3s - loss: 2.5580 - acc: 0.1374
2170/3900 [===============>..............] - ETA: 3s - loss: 2.5577 - acc: 0.1429
2230/3900 [================>.............] - ETA: 2s - loss: 2.5576 - acc: 0.1439
2290/3900 [================>.............] - ETA: 2s - loss: 2.5573 - acc: 0.1476
2350/3900 [=================>............] - ETA: 2s - loss: 2.5570 - acc: 0.1545
2410/3900 [=================>............] - ETA: 2s - loss: 2.5570 - acc: 0.1552
2470/3900 [==================>...........] - ETA: 2s - loss: 2.5567 - acc: 0.1571
2530/3900 [==================>...........] - ETA: 2s - loss: 2.5566 - acc: 0.1589
2590/3900 [==================>...........] - ETA: 2s - loss: 2.5564 - acc: 0.1606
2650/3900 [===================>..........] - ETA: 2s - loss: 2.5562 - acc: 0.1630
2710/3900 [===================>..........] - ETA: 1s - loss: 2.5560 - acc: 0.1653
2770/3900 [====================>.........] - ETA: 1s - loss: 2.5558 - acc: 0.1679
2830/3900 [====================>.........] - ETA: 1s - loss: 2.5556 - acc: 0.1714
2890/3900 [=====================>........] - ETA: 1s - loss: 2.5554 - acc: 0.1730
2950/3900 [=====================>........] - ETA: 1s - loss: 2.5552 - acc: 0.1763
3010/3900 [======================>.......] - ETA: 1s - loss: 2.5550 - acc: 0.1791
3070/3900 [======================>.......] - ETA: 1s - loss: 2.5547 - acc: 0.1844
3130/3900 [=======================>......] - ETA: 1s - loss: 2.5545 - acc: 0.1869
3190/3900 [=======================>......] - ETA: 1s - loss: 2.5543 - acc: 0.1912
3250/3900 [========================>.....] - ETA: 0s - loss: 2.5541 - acc: 0.1951
3310/3900 [========================>.....] - ETA: 0s - loss: 2.5540 - acc: 0.1973
3370/3900 [========================>.....] - ETA: 0s - loss: 2.5537 - acc: 0.2003
3430/3900 [=========================>....] - ETA: 0s - loss: 2.5535 - acc: 0.2038
3490/3900 [=========================>....] - ETA: 0s - loss: 2.5533 - acc: 0.2069
3550/3900 [==========================>...] - ETA: 0s - loss: 2.5531 - acc: 0.2093
3610/3900 [==========================>...] - ETA: 0s - loss: 2.5528 - acc: 0.2130
3670/3900 [===========================>..] - ETA: 0s - loss: 2.5526 - acc: 0.2158
3730/3900 [===========================>..] - ETA: 0s - loss: 2.5523 - acc: 0.2196
3790/3900 [============================>.] - ETA: 0s - loss: 2.5521 - acc: 0.2224
3850/3900 [============================>.] - ETA: 0s - loss: 2.5518 - acc: 0.2275
3900/3900 [==============================] - 5s 1ms/step - loss: 2.5516 - acc: 0.2297 - val_loss: 2.5520 - val_acc: 0.1818
Current time ....5.430
Train on 600 samples, validate on 86 samples
Epoch 1/1

 10/600 [..............................] - ETA: 18s - loss: 0.7025 - acc: 0.1000
 70/600 [==>...........................] - ETA: 2s - loss: 0.6901 - acc: 0.4286 
130/600 [=====>........................] - ETA: 1s - loss: 0.6879 - acc: 0.5077
190/600 [========>.....................] - ETA: 1s - loss: 0.6869 - acc: 0.5474
250/600 [===========>..................] - ETA: 0s - loss: 0.6817 - acc: 0.5760
310/600 [==============>...............] - ETA: 0s - loss: 0.6774 - acc: 0.6032
370/600 [=================>............] - ETA: 0s - loss: 0.6748 - acc: 0.6081
430/600 [====================>.........] - ETA: 0s - loss: 0.6702 - acc: 0.6488
490/600 [=======================>......] - ETA: 0s - loss: 0.6650 - acc: 0.6735
550/600 [==========================>...] - ETA: 0s - loss: 0.6611 - acc: 0.6855
600/600 [==============================] - 1s 1ms/step - loss: 0.6560 - acc: 0.7033 - val_loss: 0.6297 - val_acc: 0.8721
Current time ....0.868
Train on 1200 samples, validate on 68 samples
Epoch 1/1

  10/1200 [..............................] - ETA: 29s - loss: 1.3891 - acc: 0.1000
  70/1200 [>.............................] - ETA: 4s - loss: 1.3844 - acc: 0.2429 
 130/1200 [==>...........................] - ETA: 2s - loss: 1.3780 - acc: 0.3077
 190/1200 [===>..........................] - ETA: 2s - loss: 1.3711 - acc: 0.3421
 250/1200 [=====>........................] - ETA: 1s - loss: 1.3669 - acc: 0.3640
 310/1200 [======>.......................] - ETA: 1s - loss: 1.3615 - acc: 0.3839
 370/1200 [========>.....................] - ETA: 1s - loss: 1.3575 - acc: 0.3865
 430/1200 [=========>....................] - ETA: 1s - loss: 1.3485 - acc: 0.3930
 490/1200 [===========>..................] - ETA: 0s - loss: 1.3398 - acc: 0.3918
 550/1200 [============>.................] - ETA: 0s - loss: 1.3384 - acc: 0.3927
 610/1200 [==============>...............] - ETA: 0s - loss: 1.3312 - acc: 0.4016
 670/1200 [===============>..............] - ETA: 0s - loss: 1.3278 - acc: 0.4060
 730/1200 [=================>............] - ETA: 0s - loss: 1.3223 - acc: 0.4219
 790/1200 [==================>...........] - ETA: 0s - loss: 1.3129 - acc: 0.4380
 850/1200 [====================>.........] - ETA: 0s - loss: 1.3067 - acc: 0.4447
 910/1200 [=====================>........] - ETA: 0s - loss: 1.3063 - acc: 0.4407
 970/1200 [=======================>......] - ETA: 0s - loss: 1.3050 - acc: 0.4443
1030/1200 [========================>.....] - ETA: 0s - loss: 1.2998 - acc: 0.4573
1090/1200 [==========================>...] - ETA: 0s - loss: 1.2946 - acc: 0.4697
1150/1200 [===========================>..] - ETA: 0s - loss: 1.2884 - acc: 0.4748
1200/1200 [==============================] - 1s 1ms/step - loss: 1.2844 - acc: 0.4750 - val_loss: 1.3028 - val_acc: 0.2353
Current time ....1.332
Train on 3900 samples, validate on 99 samples
Epoch 1/1

  10/3900 [..............................] - ETA: 3s - loss: 2.5270 - acc: 0.8000
  70/3900 [..............................] - ETA: 3s - loss: 2.5346 - acc: 0.4714
 130/3900 [>.............................] - ETA: 3s - loss: 2.5338 - acc: 0.4000
 190/3900 [>.............................] - ETA: 3s - loss: 2.5334 - acc: 0.4105
 250/3900 [>.............................] - ETA: 3s - loss: 2.5326 - acc: 0.4160
 310/3900 [=>............................] - ETA: 3s - loss: 2.5319 - acc: 0.4290
 370/3900 [=>............................] - ETA: 3s - loss: 2.5318 - acc: 0.4162
 430/3900 [==>...........................] - ETA: 3s - loss: 2.5316 - acc: 0.4256
 490/3900 [==>...........................] - ETA: 3s - loss: 2.5309 - acc: 0.4327
 550/3900 [===>..........................] - ETA: 2s - loss: 2.5316 - acc: 0.4145
 610/3900 [===>..........................] - ETA: 2s - loss: 2.5316 - acc: 0.4066
 670/3900 [====>.........................] - ETA: 2s - loss: 2.5318 - acc: 0.3985
 730/3900 [====>.........................] - ETA: 2s - loss: 2.5317 - acc: 0.3986
 790/3900 [=====>........................] - ETA: 2s - loss: 2.5311 - acc: 0.3962
 850/3900 [=====>........................] - ETA: 2s - loss: 2.5306 - acc: 0.3965
 910/3900 [======>.......................] - ETA: 2s - loss: 2.5304 - acc: 0.3989
 970/3900 [======>.......................] - ETA: 2s - loss: 2.5301 - acc: 0.3979
1030/3900 [======>.......................] - ETA: 2s - loss: 2.5298 - acc: 0.3961
1090/3900 [=======>......................] - ETA: 2s - loss: 2.5293 - acc: 0.3927
1150/3900 [=======>......................] - ETA: 2s - loss: 2.5292 - acc: 0.3878
1210/3900 [========>.....................] - ETA: 2s - loss: 2.5290 - acc: 0.3901
1270/3900 [========>.....................] - ETA: 2s - loss: 2.5285 - acc: 0.3969
1330/3900 [=========>....................] - ETA: 2s - loss: 2.5284 - acc: 0.3955
1390/3900 [=========>....................] - ETA: 2s - loss: 2.5280 - acc: 0.3986
1450/3900 [==========>...................] - ETA: 2s - loss: 2.5276 - acc: 0.4007
1510/3900 [==========>...................] - ETA: 2s - loss: 2.5272 - acc: 0.4026
1570/3900 [===========>..................] - ETA: 2s - loss: 2.5266 - acc: 0.4096
1630/3900 [===========>..................] - ETA: 2s - loss: 2.5260 - acc: 0.4135
1690/3900 [============>.................] - ETA: 1s - loss: 2.5258 - acc: 0.4101
1750/3900 [============>.................] - ETA: 1s - loss: 2.5252 - acc: 0.4114
1810/3900 [============>.................] - ETA: 1s - loss: 2.5248 - acc: 0.4133
1870/3900 [=============>................] - ETA: 1s - loss: 2.5242 - acc: 0.4144
1930/3900 [=============>................] - ETA: 1s - loss: 2.5236 - acc: 0.4161
1990/3900 [==============>...............] - ETA: 1s - loss: 2.5233 - acc: 0.4116
2050/3900 [==============>...............] - ETA: 1s - loss: 2.5229 - acc: 0.4102
2110/3900 [===============>..............] - ETA: 1s - loss: 2.5227 - acc: 0.4057
2170/3900 [===============>..............] - ETA: 1s - loss: 2.5224 - acc: 0.4037
2230/3900 [================>.............] - ETA: 1s - loss: 2.5219 - acc: 0.4049
2290/3900 [================>.............] - ETA: 1s - loss: 2.5214 - acc: 0.4066
2350/3900 [=================>............] - ETA: 1s - loss: 2.5209 - acc: 0.4051
2410/3900 [=================>............] - ETA: 1s - loss: 2.5207 - acc: 0.4021
2470/3900 [==================>...........] - ETA: 1s - loss: 2.5200 - acc: 0.4053
2530/3900 [==================>...........] - ETA: 1s - loss: 2.5194 - acc: 0.4067
2590/3900 [==================>...........] - ETA: 1s - loss: 2.5189 - acc: 0.4035
2650/3900 [===================>..........] - ETA: 1s - loss: 2.5185 - acc: 0.4045
2710/3900 [===================>..........] - ETA: 1s - loss: 2.5181 - acc: 0.4048
2770/3900 [====================>.........] - ETA: 1s - loss: 2.5176 - acc: 0.4058
2830/3900 [====================>.........] - ETA: 0s - loss: 2.5170 - acc: 0.4049
2890/3900 [=====================>........] - ETA: 0s - loss: 2.5166 - acc: 0.4031
2950/3900 [=====================>........] - ETA: 0s - loss: 2.5161 - acc: 0.4020
3010/3900 [======================>.......] - ETA: 0s - loss: 2.5155 - acc: 0.4020
3070/3900 [======================>.......] - ETA: 0s - loss: 2.5150 - acc: 0.4010
3130/3900 [=======================>......] - ETA: 0s - loss: 2.5146 - acc: 0.3997
3190/3900 [=======================>......] - ETA: 0s - loss: 2.5140 - acc: 0.3987
3250/3900 [========================>.....] - ETA: 0s - loss: 2.5133 - acc: 0.3994
3310/3900 [========================>.....] - ETA: 0s - loss: 2.5127 - acc: 0.3982
3370/3900 [========================>.....] - ETA: 0s - loss: 2.5121 - acc: 0.3994
3430/3900 [=========================>....] - ETA: 0s - loss: 2.5113 - acc: 0.4006
3490/3900 [=========================>....] - ETA: 0s - loss: 2.5107 - acc: 0.4014
3550/3900 [==========================>...] - ETA: 0s - loss: 2.5101 - acc: 0.4014
3610/3900 [==========================>...] - ETA: 0s - loss: 2.5095 - acc: 0.4000
3670/3900 [===========================>..] - ETA: 0s - loss: 2.5090 - acc: 0.3989
3730/3900 [===========================>..] - ETA: 0s - loss: 2.5084 - acc: 0.3973
3790/3900 [============================>.] - ETA: 0s - loss: 2.5076 - acc: 0.3966
3850/3900 [============================>.] - ETA: 0s - loss: 2.5070 - acc: 0.3943
3900/3900 [==============================] - 4s 900us/step - loss: 2.5064 - acc: 0.3954 - val_loss: 2.4919 - val_acc: 0.1919
Current time ....3.510
Train on 600 samples, validate on 86 samples
Epoch 1/1

 10/600 [..............................] - ETA: 0s - loss: 0.5678 - acc: 1.0000
 70/600 [==>...........................] - ETA: 0s - loss: 0.5892 - acc: 0.9429
130/600 [=====>........................] - ETA: 0s - loss: 0.5881 - acc: 0.9000
190/600 [========>.....................] - ETA: 0s - loss: 0.5795 - acc: 0.9263
250/600 [===========>..................] - ETA: 0s - loss: 0.5790 - acc: 0.9240
310/600 [==============>...............] - ETA: 0s - loss: 0.5746 - acc: 0.9129
370/600 [=================>............] - ETA: 0s - loss: 0.5672 - acc: 0.9270
430/600 [====================>.........] - ETA: 0s - loss: 0.5629 - acc: 0.9279
490/600 [=======================>......] - ETA: 0s - loss: 0.5574 - acc: 0.9286
550/600 [==========================>...] - ETA: 0s - loss: 0.5535 - acc: 0.9255
600/600 [==============================] - 1s 931us/step - loss: 0.5480 - acc: 0.9283 - val_loss: 0.5349 - val_acc: 0.9070
Current time ....0.559
Train on 1200 samples, validate on 68 samples
Epoch 1/1

  10/1200 [..............................] - ETA: 1s - loss: 1.2113 - acc: 0.6000
  70/1200 [>.............................] - ETA: 1s - loss: 1.1708 - acc: 0.5571
 130/1200 [==>...........................] - ETA: 0s - loss: 1.1549 - acc: 0.5846
 190/1200 [===>..........................] - ETA: 0s - loss: 1.1448 - acc: 0.6053
 250/1200 [=====>........................] - ETA: 0s - loss: 1.1321 - acc: 0.6120
 310/1200 [======>.......................] - ETA: 0s - loss: 1.1329 - acc: 0.5839
 370/1200 [========>.....................] - ETA: 0s - loss: 1.1306 - acc: 0.5892
 430/1200 [=========>....................] - ETA: 0s - loss: 1.1342 - acc: 0.5977
 490/1200 [===========>..................] - ETA: 0s - loss: 1.1265 - acc: 0.6102
 550/1200 [============>.................] - ETA: 0s - loss: 1.1153 - acc: 0.6145
 610/1200 [==============>...............] - ETA: 0s - loss: 1.1115 - acc: 0.6082
 670/1200 [===============>..............] - ETA: 0s - loss: 1.1095 - acc: 0.6090
 730/1200 [=================>............] - ETA: 0s - loss: 1.0996 - acc: 0.6164
 790/1200 [==================>...........] - ETA: 0s - loss: 1.0958 - acc: 0.6165
 850/1200 [====================>.........] - ETA: 0s - loss: 1.0898 - acc: 0.6165
 910/1200 [=====================>........] - ETA: 0s - loss: 1.0824 - acc: 0.6264
 970/1200 [=======================>......] - ETA: 0s - loss: 1.0714 - acc: 0.6351
1030/1200 [========================>.....] - ETA: 0s - loss: 1.0618 - acc: 0.6388
1090/1200 [==========================>...] - ETA: 0s - loss: 1.0508 - acc: 0.6431
1150/1200 [===========================>..] - ETA: 0s - loss: 1.0425 - acc: 0.6461
1200/1200 [==============================] - 1s 901us/step - loss: 1.0403 - acc: 0.6467 - val_loss: 1.0989 - val_acc: 0.4412
Current time ....1.082
Train on 3900 samples, validate on 99 samples
Epoch 1/1

  10/3900 [..............................] - ETA: 3s - loss: 2.4599 - acc: 0.4000
  70/3900 [..............................] - ETA: 3s - loss: 2.4586 - acc: 0.4714
 130/3900 [>.............................] - ETA: 3s - loss: 2.4550 - acc: 0.4846
 190/3900 [>.............................] - ETA: 3s - loss: 2.4555 - acc: 0.4526
 250/3900 [>.............................] - ETA: 3s - loss: 2.4581 - acc: 0.4040
 310/3900 [=>............................] - ETA: 3s - loss: 2.4575 - acc: 0.4129
 370/3900 [=>............................] - ETA: 3s - loss: 2.4573 - acc: 0.4297
 430/3900 [==>...........................] - ETA: 3s - loss: 2.4546 - acc: 0.4395
 490/3900 [==>...........................] - ETA: 3s - loss: 2.4537 - acc: 0.4347
 550/3900 [===>..........................] - ETA: 2s - loss: 2.4519 - acc: 0.4345
 610/3900 [===>..........................] - ETA: 2s - loss: 2.4502 - acc: 0.4328
 660/3900 [====>.........................] - ETA: 2s - loss: 2.4485 - acc: 0.4318
 720/3900 [====>.........................] - ETA: 2s - loss: 2.4477 - acc: 0.4250
 780/3900 [=====>........................] - ETA: 2s - loss: 2.4454 - acc: 0.4308
 840/3900 [=====>........................] - ETA: 2s - loss: 2.4444 - acc: 0.4250
 900/3900 [=====>........................] - ETA: 2s - loss: 2.4438 - acc: 0.4189
 960/3900 [======>.......................] - ETA: 2s - loss: 2.4418 - acc: 0.4208
1020/3900 [======>.......................] - ETA: 2s - loss: 2.4409 - acc: 0.4137
1080/3900 [=======>......................] - ETA: 2s - loss: 2.4404 - acc: 0.4065
1140/3900 [=======>......................] - ETA: 2s - loss: 2.4395 - acc: 0.4018
1200/3900 [========>.....................] - ETA: 2s - loss: 2.4381 - acc: 0.4017
1260/3900 [========>.....................] - ETA: 2s - loss: 2.4367 - acc: 0.3976
1320/3900 [=========>....................] - ETA: 2s - loss: 2.4357 - acc: 0.3932
1380/3900 [=========>....................] - ETA: 2s - loss: 2.4338 - acc: 0.3928
1440/3900 [==========>...................] - ETA: 2s - loss: 2.4323 - acc: 0.3896
1500/3900 [==========>...................] - ETA: 2s - loss: 2.4309 - acc: 0.3873
1560/3900 [===========>..................] - ETA: 2s - loss: 2.4292 - acc: 0.3942
1620/3900 [===========>..................] - ETA: 2s - loss: 2.4274 - acc: 0.3932
1680/3900 [===========>..................] - ETA: 1s - loss: 2.4257 - acc: 0.3958
1740/3900 [============>.................] - ETA: 1s - loss: 2.4230 - acc: 0.3943
1800/3900 [============>.................] - ETA: 1s - loss: 2.4215 - acc: 0.3944
1860/3900 [=============>................] - ETA: 1s - loss: 2.4194 - acc: 0.3973
1920/3900 [=============>................] - ETA: 1s - loss: 2.4165 - acc: 0.3990
1980/3900 [==============>...............] - ETA: 1s - loss: 2.4146 - acc: 0.3970
2040/3900 [==============>...............] - ETA: 1s - loss: 2.4128 - acc: 0.3975
2100/3900 [===============>..............] - ETA: 1s - loss: 2.4106 - acc: 0.3967
2160/3900 [===============>..............] - ETA: 1s - loss: 2.4085 - acc: 0.3972
2220/3900 [================>.............] - ETA: 1s - loss: 2.4073 - acc: 0.3937
2280/3900 [================>.............] - ETA: 1s - loss: 2.4060 - acc: 0.3917
2340/3900 [=================>............] - ETA: 1s - loss: 2.4037 - acc: 0.3923
2400/3900 [=================>............] - ETA: 1s - loss: 2.4020 - acc: 0.3917
2460/3900 [=================>............] - ETA: 1s - loss: 2.3998 - acc: 0.3915
2520/3900 [==================>...........] - ETA: 1s - loss: 2.3979 - acc: 0.3909
2580/3900 [==================>...........] - ETA: 1s - loss: 2.3963 - acc: 0.3895
2640/3900 [===================>..........] - ETA: 1s - loss: 2.3944 - acc: 0.3890
2700/3900 [===================>..........] - ETA: 1s - loss: 2.3917 - acc: 0.3907
2760/3900 [====================>.........] - ETA: 1s - loss: 2.3892 - acc: 0.3917
2820/3900 [====================>.........] - ETA: 0s - loss: 2.3872 - acc: 0.3922
2880/3900 [=====================>........] - ETA: 0s - loss: 2.3852 - acc: 0.3941
2940/3900 [=====================>........] - ETA: 0s - loss: 2.3829 - acc: 0.3956
3000/3900 [======================>.......] - ETA: 0s - loss: 2.3803 - acc: 0.3963
3060/3900 [======================>.......] - ETA: 0s - loss: 2.3766 - acc: 0.3980
3120/3900 [=======================>......] - ETA: 0s - loss: 2.3749 - acc: 0.3952
3180/3900 [=======================>......] - ETA: 0s - loss: 2.3720 - acc: 0.3943
3240/3900 [=======================>......] - ETA: 0s - loss: 2.3699 - acc: 0.3914
3300/3900 [========================>.....] - ETA: 0s - loss: 2.3676 - acc: 0.3909
3360/3900 [========================>.....] - ETA: 0s - loss: 2.3648 - acc: 0.3902
3420/3900 [=========================>....] - ETA: 0s - loss: 2.3627 - acc: 0.3877
3480/3900 [=========================>....] - ETA: 0s - loss: 2.3604 - acc: 0.3868
3540/3900 [==========================>...] - ETA: 0s - loss: 2.3579 - acc: 0.3856
3600/3900 [==========================>...] - ETA: 0s - loss: 2.3557 - acc: 0.3853
3660/3900 [===========================>..] - ETA: 0s - loss: 2.3535 - acc: 0.3833
3720/3900 [===========================>..] - ETA: 0s - loss: 2.3513 - acc: 0.3831
3780/3900 [============================>.] - ETA: 0s - loss: 2.3482 - acc: 0.3831
3840/3900 [============================>.] - ETA: 0s - loss: 2.3454 - acc: 0.3818
3900/3900 [==============================] - 4s 901us/step - loss: 2.3429 - acc: 0.3810 - val_loss: 2.2108 - val_acc: 0.3434
Current time ....3.513
Train on 600 samples, validate on 86 samples
Epoch 1/1

 10/600 [..............................] - ETA: 0s - loss: 0.5597 - acc: 1.0000
 70/600 [==>...........................] - ETA: 0s - loss: 0.4640 - acc: 0.9857
130/600 [=====>........................] - ETA: 0s - loss: 0.4596 - acc: 0.9846
190/600 [========>.....................] - ETA: 0s - loss: 0.4584 - acc: 0.9632
250/600 [===========>..................] - ETA: 0s - loss: 0.4561 - acc: 0.9600
310/600 [==============>...............] - ETA: 0s - loss: 0.4401 - acc: 0.9645
370/600 [=================>............] - ETA: 0s - loss: 0.4360 - acc: 0.9676
430/600 [====================>.........] - ETA: 0s - loss: 0.4218 - acc: 0.9698
490/600 [=======================>......] - ETA: 0s - loss: 0.4150 - acc: 0.9694
550/600 [==========================>...] - ETA: 0s - loss: 0.4062 - acc: 0.9727
600/600 [==============================] - 1s 928us/step - loss: 0.4006 - acc: 0.9733 - val_loss: 0.4250 - val_acc: 0.9186
Current time ....0.557
Train on 1200 samples, validate on 68 samples
Epoch 1/1

  10/1200 [..............................] - ETA: 1s - loss: 0.8209 - acc: 0.9000
  70/1200 [>.............................] - ETA: 1s - loss: 0.9283 - acc: 0.7000
 130/1200 [==>...........................] - ETA: 0s - loss: 0.8912 - acc: 0.7077
 190/1200 [===>..........................] - ETA: 0s - loss: 0.8578 - acc: 0.7158
 250/1200 [=====>........................] - ETA: 0s - loss: 0.8461 - acc: 0.7200
 310/1200 [======>.......................] - ETA: 0s - loss: 0.8498 - acc: 0.7226
 370/1200 [========>.....................] - ETA: 0s - loss: 0.8329 - acc: 0.7324
 430/1200 [=========>....................] - ETA: 0s - loss: 0.8291 - acc: 0.7186
 490/1200 [===========>..................] - ETA: 0s - loss: 0.8403 - acc: 0.7082
 550/1200 [============>.................] - ETA: 0s - loss: 0.8382 - acc: 0.7145
 610/1200 [==============>...............] - ETA: 0s - loss: 0.8237 - acc: 0.7213
 670/1200 [===============>..............] - ETA: 0s - loss: 0.8203 - acc: 0.7179
 730/1200 [=================>............] - ETA: 0s - loss: 0.8189 - acc: 0.7192
 790/1200 [==================>...........] - ETA: 0s - loss: 0.8173 - acc: 0.7241
 850/1200 [====================>.........] - ETA: 0s - loss: 0.8096 - acc: 0.7294
 910/1200 [=====================>........] - ETA: 0s - loss: 0.8101 - acc: 0.7264
 970/1200 [=======================>......] - ETA: 0s - loss: 0.8114 - acc: 0.7216
1030/1200 [========================>.....] - ETA: 0s - loss: 0.8074 - acc: 0.7282
1090/1200 [==========================>...] - ETA: 0s - loss: 0.8062 - acc: 0.7284
1150/1200 [===========================>..] - ETA: 0s - loss: 0.8012 - acc: 0.7287
1200/1200 [==============================] - 1s 900us/step - loss: 0.7953 - acc: 0.7308 - val_loss: 1.0177 - val_acc: 0.5441
Current time ....1.081
Train on 3900 samples, validate on 99 samples
Epoch 1/1

  10/3900 [..............................] - ETA: 3s - loss: 2.2847 - acc: 0.3000
  70/3900 [..............................] - ETA: 3s - loss: 2.1842 - acc: 0.3714
 130/3900 [>.............................] - ETA: 3s - loss: 2.1631 - acc: 0.3769
 190/3900 [>.............................] - ETA: 3s - loss: 2.1451 - acc: 0.3842
 250/3900 [>.............................] - ETA: 3s - loss: 2.1438 - acc: 0.3880
 310/3900 [=>............................] - ETA: 3s - loss: 2.1442 - acc: 0.3742
 370/3900 [=>............................] - ETA: 3s - loss: 2.1359 - acc: 0.3622
 430/3900 [==>...........................] - ETA: 3s - loss: 2.1340 - acc: 0.3465
 490/3900 [==>...........................] - ETA: 3s - loss: 2.1332 - acc: 0.3367
 550/3900 [===>..........................] - ETA: 3s - loss: 2.1333 - acc: 0.3345
 610/3900 [===>..........................] - ETA: 2s - loss: 2.1353 - acc: 0.3246
 670/3900 [====>.........................] - ETA: 2s - loss: 2.1324 - acc: 0.3239
 730/3900 [====>.........................] - ETA: 2s - loss: 2.1299 - acc: 0.3329
 790/3900 [=====>........................] - ETA: 2s - loss: 2.1246 - acc: 0.3329
 850/3900 [=====>........................] - ETA: 2s - loss: 2.1185 - acc: 0.3306
 910/3900 [======>.......................] - ETA: 2s - loss: 2.1125 - acc: 0.3451
 970/3900 [======>.......................] - ETA: 2s - loss: 2.1091 - acc: 0.3454
1030/3900 [======>.......................] - ETA: 2s - loss: 2.1035 - acc: 0.3398
1090/3900 [=======>......................] - ETA: 2s - loss: 2.0995 - acc: 0.3523
1150/3900 [=======>......................] - ETA: 2s - loss: 2.0936 - acc: 0.3583
1210/3900 [========>.....................] - ETA: 2s - loss: 2.0898 - acc: 0.3645
1270/3900 [========>.....................] - ETA: 2s - loss: 2.0857 - acc: 0.3669
1320/3900 [=========>....................] - ETA: 2s - loss: 2.0824 - acc: 0.3674
1380/3900 [=========>....................] - ETA: 2s - loss: 2.0811 - acc: 0.3681
1440/3900 [==========>...................] - ETA: 2s - loss: 2.0775 - acc: 0.3715
1500/3900 [==========>...................] - ETA: 2s - loss: 2.0750 - acc: 0.3753
1560/3900 [===========>..................] - ETA: 2s - loss: 2.0721 - acc: 0.3750
1620/3900 [===========>..................] - ETA: 2s - loss: 2.0711 - acc: 0.3765
1680/3900 [===========>..................] - ETA: 2s - loss: 2.0686 - acc: 0.3804
1740/3900 [============>.................] - ETA: 1s - loss: 2.0649 - acc: 0.3839
1800/3900 [============>.................] - ETA: 1s - loss: 2.0616 - acc: 0.3861
1860/3900 [=============>................] - ETA: 1s - loss: 2.0598 - acc: 0.3892
1920/3900 [=============>................] - ETA: 1s - loss: 2.0564 - acc: 0.3906
1980/3900 [==============>...............] - ETA: 1s - loss: 2.0517 - acc: 0.3899
2040/3900 [==============>...............] - ETA: 1s - loss: 2.0490 - acc: 0.3868
2100/3900 [===============>..............] - ETA: 1s - loss: 2.0474 - acc: 0.3833
2160/3900 [===============>..............] - ETA: 1s - loss: 2.0437 - acc: 0.3847
2220/3900 [================>.............] - ETA: 1s - loss: 2.0420 - acc: 0.3856
2280/3900 [================>.............] - ETA: 1s - loss: 2.0382 - acc: 0.3890
2330/3900 [================>.............] - ETA: 1s - loss: 2.0359 - acc: 0.3888
2390/3900 [=================>............] - ETA: 1s - loss: 2.0329 - acc: 0.3870
2450/3900 [=================>............] - ETA: 1s - loss: 2.0293 - acc: 0.3890
2510/3900 [==================>...........] - ETA: 1s - loss: 2.0248 - acc: 0.3892
2560/3900 [==================>...........] - ETA: 1s - loss: 2.0239 - acc: 0.3879
2620/3900 [===================>..........] - ETA: 1s - loss: 2.0222 - acc: 0.3866
2680/3900 [===================>..........] - ETA: 1s - loss: 2.0190 - acc: 0.3877
2740/3900 [====================>.........] - ETA: 1s - loss: 2.0172 - acc: 0.3891
2800/3900 [====================>.........] - ETA: 0s - loss: 2.0144 - acc: 0.3911
2860/3900 [=====================>........] - ETA: 0s - loss: 2.0121 - acc: 0.3899
2920/3900 [=====================>........] - ETA: 0s - loss: 2.0098 - acc: 0.3911
2980/3900 [=====================>........] - ETA: 0s - loss: 2.0067 - acc: 0.3936
3040/3900 [======================>.......] - ETA: 0s - loss: 2.0038 - acc: 0.3961
3100/3900 [======================>.......] - ETA: 0s - loss: 2.0010 - acc: 0.3961
3160/3900 [=======================>......] - ETA: 0s - loss: 1.9980 - acc: 0.3959
3220/3900 [=======================>......] - ETA: 0s - loss: 1.9961 - acc: 0.3960
3280/3900 [========================>.....] - ETA: 0s - loss: 1.9936 - acc: 0.3973
3340/3900 [========================>.....] - ETA: 0s - loss: 1.9914 - acc: 0.3973
3400/3900 [=========================>....] - ETA: 0s - loss: 1.9885 - acc: 0.3953
3460/3900 [=========================>....] - ETA: 0s - loss: 1.9871 - acc: 0.3954
3520/3900 [==========================>...] - ETA: 0s - loss: 1.9854 - acc: 0.3946
3580/3900 [==========================>...] - ETA: 0s - loss: 1.9838 - acc: 0.3961
3640/3900 [===========================>..] - ETA: 0s - loss: 1.9823 - acc: 0.3942
3700/3900 [===========================>..] - ETA: 0s - loss: 1.9802 - acc: 0.3930
3760/3900 [===========================>..] - ETA: 0s - loss: 1.9775 - acc: 0.3936
3820/3900 [============================>.] - ETA: 0s - loss: 1.9755 - acc: 0.3937
3880/3900 [============================>.] - ETA: 0s - loss: 1.9737 - acc: 0.3928
3900/3900 [==============================] - 4s 914us/step - loss: 1.9733 - acc: 0.3923 - val_loss: 1.9574 - val_acc: 0.3131
Current time ....3.564
Train on 600 samples, validate on 86 samples
Epoch 1/1

 10/600 [..............................] - ETA: 0s - loss: 0.2461 - acc: 1.0000
 70/600 [==>...........................] - ETA: 0s - loss: 0.3089 - acc: 0.9714
130/600 [=====>........................] - ETA: 0s - loss: 0.3147 - acc: 0.9538
190/600 [========>.....................] - ETA: 0s - loss: 0.3066 - acc: 0.9684
250/600 [===========>..................] - ETA: 0s - loss: 0.2972 - acc: 0.9760
310/600 [==============>...............] - ETA: 0s - loss: 0.2944 - acc: 0.9742
370/600 [=================>............] - ETA: 0s - loss: 0.2866 - acc: 0.9757
430/600 [====================>.........] - ETA: 0s - loss: 0.2762 - acc: 0.9791
490/600 [=======================>......] - ETA: 0s - loss: 0.2660 - acc: 0.9816
550/600 [==========================>...] - ETA: 0s - loss: 0.2582 - acc: 0.9836
600/600 [==============================] - 1s 924us/step - loss: 0.2554 - acc: 0.9850 - val_loss: 0.3876 - val_acc: 0.9302
Current time ....0.555
Train on 1200 samples, validate on 68 samples
Epoch 1/1

  10/1200 [..............................] - ETA: 1s - loss: 0.4451 - acc: 1.0000
  70/1200 [>.............................] - ETA: 1s - loss: 0.6277 - acc: 0.8000
 130/1200 [==>...........................] - ETA: 0s - loss: 0.6291 - acc: 0.7923
 190/1200 [===>..........................] - ETA: 0s - loss: 0.6644 - acc: 0.7789
 250/1200 [=====>........................] - ETA: 0s - loss: 0.6624 - acc: 0.7800
 310/1200 [======>.......................] - ETA: 0s - loss: 0.6578 - acc: 0.7774
 370/1200 [========>.....................] - ETA: 0s - loss: 0.6421 - acc: 0.7946
 430/1200 [=========>....................] - ETA: 0s - loss: 0.6297 - acc: 0.8093
 490/1200 [===========>..................] - ETA: 0s - loss: 0.6157 - acc: 0.8143
 550/1200 [============>.................] - ETA: 0s - loss: 0.6205 - acc: 0.8073
 610/1200 [==============>...............] - ETA: 0s - loss: 0.6212 - acc: 0.8082
 670/1200 [===============>..............] - ETA: 0s - loss: 0.6223 - acc: 0.8000
 730/1200 [=================>............] - ETA: 0s - loss: 0.6170 - acc: 0.8027
 790/1200 [==================>...........] - ETA: 0s - loss: 0.6160 - acc: 0.8000
 850/1200 [====================>.........] - ETA: 0s - loss: 0.6148 - acc: 0.8012
 910/1200 [=====================>........] - ETA: 0s - loss: 0.6103 - acc: 0.8022
 970/1200 [=======================>......] - ETA: 0s - loss: 0.6044 - acc: 0.8062
1030/1200 [========================>.....] - ETA: 0s - loss: 0.6040 - acc: 0.8029
1090/1200 [==========================>...] - ETA: 0s - loss: 0.5986 - acc: 0.8083
1150/1200 [===========================>..] - ETA: 0s - loss: 0.5999 - acc: 0.8078
1200/1200 [==============================] - 1s 908us/step - loss: 0.6004 - acc: 0.8033 - val_loss: 0.8486 - val_acc: 0.6176
Current time ....1.090
Train on 3900 samples, validate on 99 samples
Epoch 1/1

  10/3900 [..............................] - ETA: 3s - loss: 1.8549 - acc: 0.2000
  70/3900 [..............................] - ETA: 3s - loss: 1.8361 - acc: 0.3571
 130/3900 [>.............................] - ETA: 3s - loss: 1.8474 - acc: 0.3615
 190/3900 [>.............................] - ETA: 3s - loss: 1.8532 - acc: 0.3474
 250/3900 [>.............................] - ETA: 3s - loss: 1.8559 - acc: 0.3600
 310/3900 [=>............................] - ETA: 3s - loss: 1.8631 - acc: 0.3548
 370/3900 [=>............................] - ETA: 3s - loss: 1.8726 - acc: 0.3486
 430/3900 [==>...........................] - ETA: 3s - loss: 1.8656 - acc: 0.3651
 490/3900 [==>...........................] - ETA: 3s - loss: 1.8678 - acc: 0.3755
 550/3900 [===>..........................] - ETA: 3s - loss: 1.8688 - acc: 0.3782
 610/3900 [===>..........................] - ETA: 3s - loss: 1.8637 - acc: 0.3836
 670/3900 [====>.........................] - ETA: 2s - loss: 1.8574 - acc: 0.3925
 730/3900 [====>.........................] - ETA: 2s - loss: 1.8512 - acc: 0.4055
 790/3900 [=====>........................] - ETA: 2s - loss: 1.8478 - acc: 0.4139
 850/3900 [=====>........................] - ETA: 2s - loss: 1.8425 - acc: 0.4188
 910/3900 [======>.......................] - ETA: 2s - loss: 1.8323 - acc: 0.4275
 970/3900 [======>.......................] - ETA: 2s - loss: 1.8292 - acc: 0.4278
1030/3900 [======>.......................] - ETA: 2s - loss: 1.8285 - acc: 0.4262
1090/3900 [=======>......................] - ETA: 2s - loss: 1.8291 - acc: 0.4174
1150/3900 [=======>......................] - ETA: 2s - loss: 1.8293 - acc: 0.4139
1210/3900 [========>.....................] - ETA: 2s - loss: 1.8300 - acc: 0.4116
1270/3900 [========>.....................] - ETA: 2s - loss: 1.8282 - acc: 0.4118
1330/3900 [=========>....................] - ETA: 2s - loss: 1.8278 - acc: 0.4083
1390/3900 [=========>....................] - ETA: 2s - loss: 1.8279 - acc: 0.4079
1450/3900 [==========>...................] - ETA: 2s - loss: 1.8281 - acc: 0.4055
1510/3900 [==========>...................] - ETA: 2s - loss: 1.8247 - acc: 0.4046
1570/3900 [===========>..................] - ETA: 2s - loss: 1.8245 - acc: 0.4019
1630/3900 [===========>..................] - ETA: 2s - loss: 1.8258 - acc: 0.3994
1690/3900 [============>.................] - ETA: 2s - loss: 1.8235 - acc: 0.4006
1750/3900 [============>.................] - ETA: 1s - loss: 1.8220 - acc: 0.4034
1810/3900 [============>.................] - ETA: 1s - loss: 1.8183 - acc: 0.4061
1870/3900 [=============>................] - ETA: 1s - loss: 1.8165 - acc: 0.4075
1930/3900 [=============>................] - ETA: 1s - loss: 1.8140 - acc: 0.4104
1990/3900 [==============>...............] - ETA: 1s - loss: 1.8126 - acc: 0.4116
2050/3900 [==============>...............] - ETA: 1s - loss: 1.8108 - acc: 0.4093
2110/3900 [===============>..............] - ETA: 1s - loss: 1.8096 - acc: 0.4100
2170/3900 [===============>..............] - ETA: 1s - loss: 1.8079 - acc: 0.4129
2230/3900 [================>.............] - ETA: 1s - loss: 1.8069 - acc: 0.4121
2290/3900 [================>.............] - ETA: 1s - loss: 1.8041 - acc: 0.4105
2350/3900 [=================>............] - ETA: 1s - loss: 1.8015 - acc: 0.4136
2410/3900 [=================>............] - ETA: 1s - loss: 1.8006 - acc: 0.4158
2470/3900 [==================>...........] - ETA: 1s - loss: 1.8000 - acc: 0.4154
2530/3900 [==================>...........] - ETA: 1s - loss: 1.7988 - acc: 0.4146
2590/3900 [==================>...........] - ETA: 1s - loss: 1.7961 - acc: 0.4162
2650/3900 [===================>..........] - ETA: 1s - loss: 1.7956 - acc: 0.4147
2710/3900 [===================>..........] - ETA: 1s - loss: 1.7952 - acc: 0.4144
2770/3900 [====================>.........] - ETA: 1s - loss: 1.7933 - acc: 0.4166
2830/3900 [====================>.........] - ETA: 0s - loss: 1.7898 - acc: 0.4216
2890/3900 [=====================>........] - ETA: 0s - loss: 1.7880 - acc: 0.4232
2950/3900 [=====================>........] - ETA: 0s - loss: 1.7856 - acc: 0.4251
3010/3900 [======================>.......] - ETA: 0s - loss: 1.7833 - acc: 0.4266
3070/3900 [======================>.......] - ETA: 0s - loss: 1.7830 - acc: 0.4257
3130/3900 [=======================>......] - ETA: 0s - loss: 1.7812 - acc: 0.4259
3190/3900 [=======================>......] - ETA: 0s - loss: 1.7808 - acc: 0.4235
3250/3900 [========================>.....] - ETA: 0s - loss: 1.7800 - acc: 0.4212
3310/3900 [========================>.....] - ETA: 0s - loss: 1.7783 - acc: 0.4224
3370/3900 [========================>.....] - ETA: 0s - loss: 1.7736 - acc: 0.4267
3430/3900 [=========================>....] - ETA: 0s - loss: 1.7716 - acc: 0.4280
3490/3900 [=========================>....] - ETA: 0s - loss: 1.7699 - acc: 0.4287
3550/3900 [==========================>...] - ETA: 0s - loss: 1.7683 - acc: 0.4282
3610/3900 [==========================>...] - ETA: 0s - loss: 1.7665 - acc: 0.4274
3670/3900 [===========================>..] - ETA: 0s - loss: 1.7650 - acc: 0.4270
3730/3900 [===========================>..] - ETA: 0s - loss: 1.7629 - acc: 0.4273
3790/3900 [============================>.] - ETA: 0s - loss: 1.7621 - acc: 0.4264
3850/3900 [============================>.] - ETA: 0s - loss: 1.7603 - acc: 0.4273
3900/3900 [==============================] - 4s 910us/step - loss: 1.7591 - acc: 0.4269 - val_loss: 1.8254 - val_acc: 0.3232
Current time ....3.548
Train on 600 samples, validate on 86 samples
Epoch 1/1

 10/600 [..............................] - ETA: 0s - loss: 0.2629 - acc: 1.0000
 70/600 [==>...........................] - ETA: 0s - loss: 0.2113 - acc: 0.9857
130/600 [=====>........................] - ETA: 0s - loss: 0.2045 - acc: 0.9846
190/600 [========>.....................] - ETA: 0s - loss: 0.1920 - acc: 0.9842
250/600 [===========>..................] - ETA: 0s - loss: 0.1848 - acc: 0.9880
310/600 [==============>...............] - ETA: 0s - loss: 0.1869 - acc: 0.9839
370/600 [=================>............] - ETA: 0s - loss: 0.1831 - acc: 0.9865
430/600 [====================>.........] - ETA: 0s - loss: 0.1720 - acc: 0.9884
490/600 [=======================>......] - ETA: 0s - loss: 0.1671 - acc: 0.9878
550/600 [==========================>...] - ETA: 0s - loss: 0.1696 - acc: 0.9855
600/600 [==============================] - 1s 928us/step - loss: 0.1653 - acc: 0.9867 - val_loss: 0.3419 - val_acc: 0.9302
Current time ....0.557
Train on 1200 samples, validate on 68 samples
Epoch 1/1

  10/1200 [..............................] - ETA: 1s - loss: 0.4800 - acc: 1.0000
  70/1200 [>.............................] - ETA: 1s - loss: 0.5507 - acc: 0.8571
 130/1200 [==>...........................] - ETA: 0s - loss: 0.4898 - acc: 0.8615
 190/1200 [===>..........................] - ETA: 0s - loss: 0.4908 - acc: 0.8684
 250/1200 [=====>........................] - ETA: 0s - loss: 0.4755 - acc: 0.8720
 310/1200 [======>.......................] - ETA: 0s - loss: 0.4786 - acc: 0.8742
 370/1200 [========>.....................] - ETA: 0s - loss: 0.4743 - acc: 0.8784
 430/1200 [=========>....................] - ETA: 0s - loss: 0.4646 - acc: 0.8744
 490/1200 [===========>..................] - ETA: 0s - loss: 0.4529 - acc: 0.8796
 550/1200 [============>.................] - ETA: 0s - loss: 0.4481 - acc: 0.8800
 610/1200 [==============>...............] - ETA: 0s - loss: 0.4380 - acc: 0.8852
 670/1200 [===============>..............] - ETA: 0s - loss: 0.4343 - acc: 0.8896
 730/1200 [=================>............] - ETA: 0s - loss: 0.4392 - acc: 0.8836
 790/1200 [==================>...........] - ETA: 0s - loss: 0.4459 - acc: 0.8797
 850/1200 [====================>.........] - ETA: 0s - loss: 0.4398 - acc: 0.8812
 910/1200 [=====================>........] - ETA: 0s - loss: 0.4407 - acc: 0.8791
 970/1200 [=======================>......] - ETA: 0s - loss: 0.4459 - acc: 0.8742
1030/1200 [========================>.....] - ETA: 0s - loss: 0.4452 - acc: 0.8748
1090/1200 [==========================>...] - ETA: 0s - loss: 0.4411 - acc: 0.8789
1150/1200 [===========================>..] - ETA: 0s - loss: 0.4383 - acc: 0.8783
1200/1200 [==============================] - 1s 909us/step - loss: 0.4354 - acc: 0.8783 - val_loss: 0.7838 - val_acc: 0.6912
Current time ....1.091
Train on 3900 samples, validate on 99 samples
Epoch 1/1

  10/3900 [..............................] - ETA: 3s - loss: 1.9291 - acc: 0.3000
  70/3900 [..............................] - ETA: 3s - loss: 1.7671 - acc: 0.3857
 130/3900 [>.............................] - ETA: 3s - loss: 1.7162 - acc: 0.4615
 190/3900 [>.............................] - ETA: 3s - loss: 1.6791 - acc: 0.4789
 250/3900 [>.............................] - ETA: 3s - loss: 1.6778 - acc: 0.4600
 300/3900 [=>............................] - ETA: 3s - loss: 1.6485 - acc: 0.4867
 360/3900 [=>............................] - ETA: 3s - loss: 1.6462 - acc: 0.4917
 420/3900 [==>...........................] - ETA: 3s - loss: 1.6456 - acc: 0.4762
 480/3900 [==>...........................] - ETA: 3s - loss: 1.6624 - acc: 0.4667
 540/3900 [===>..........................] - ETA: 3s - loss: 1.6565 - acc: 0.4704
 600/3900 [===>..........................] - ETA: 3s - loss: 1.6547 - acc: 0.4700
 660/3900 [====>.........................] - ETA: 2s - loss: 1.6566 - acc: 0.4712
 720/3900 [====>.........................] - ETA: 2s - loss: 1.6605 - acc: 0.4722
 780/3900 [=====>........................] - ETA: 2s - loss: 1.6543 - acc: 0.4756
 840/3900 [=====>........................] - ETA: 2s - loss: 1.6506 - acc: 0.4774
 900/3900 [=====>........................] - ETA: 2s - loss: 1.6391 - acc: 0.4789
 960/3900 [======>.......................] - ETA: 2s - loss: 1.6446 - acc: 0.4698
1020/3900 [======>.......................] - ETA: 2s - loss: 1.6457 - acc: 0.4676
1080/3900 [=======>......................] - ETA: 2s - loss: 1.6516 - acc: 0.4657
1140/3900 [=======>......................] - ETA: 2s - loss: 1.6576 - acc: 0.4588
1200/3900 [========>.....................] - ETA: 2s - loss: 1.6556 - acc: 0.4625
1260/3900 [========>.....................] - ETA: 2s - loss: 1.6561 - acc: 0.4611
1320/3900 [=========>....................] - ETA: 2s - loss: 1.6558 - acc: 0.4659
1380/3900 [=========>....................] - ETA: 2s - loss: 1.6529 - acc: 0.4681
1440/3900 [==========>...................] - ETA: 2s - loss: 1.6522 - acc: 0.4674
1500/3900 [==========>...................] - ETA: 2s - loss: 1.6512 - acc: 0.4700
1560/3900 [===========>..................] - ETA: 2s - loss: 1.6458 - acc: 0.4750
1620/3900 [===========>..................] - ETA: 2s - loss: 1.6463 - acc: 0.4747
1680/3900 [===========>..................] - ETA: 2s - loss: 1.6447 - acc: 0.4756
1740/3900 [============>.................] - ETA: 1s - loss: 1.6415 - acc: 0.4782
1800/3900 [============>.................] - ETA: 1s - loss: 1.6385 - acc: 0.4800
1860/3900 [=============>................] - ETA: 1s - loss: 1.6388 - acc: 0.4780
1920/3900 [=============>................] - ETA: 1s - loss: 1.6345 - acc: 0.4807
1980/3900 [==============>...............] - ETA: 1s - loss: 1.6316 - acc: 0.4808
2040/3900 [==============>...............] - ETA: 1s - loss: 1.6290 - acc: 0.4833
2100/3900 [===============>..............] - ETA: 1s - loss: 1.6268 - acc: 0.4824
2160/3900 [===============>..............] - ETA: 1s - loss: 1.6215 - acc: 0.4866
2220/3900 [================>.............] - ETA: 1s - loss: 1.6208 - acc: 0.4838
2280/3900 [================>.............] - ETA: 1s - loss: 1.6223 - acc: 0.4820
2340/3900 [=================>............] - ETA: 1s - loss: 1.6199 - acc: 0.4829
2400/3900 [=================>............] - ETA: 1s - loss: 1.6185 - acc: 0.4838
2460/3900 [=================>............] - ETA: 1s - loss: 1.6177 - acc: 0.4841
2520/3900 [==================>...........] - ETA: 1s - loss: 1.6165 - acc: 0.4857
2580/3900 [==================>...........] - ETA: 1s - loss: 1.6151 - acc: 0.4868
2640/3900 [===================>..........] - ETA: 1s - loss: 1.6122 - acc: 0.4864
2690/3900 [===================>..........] - ETA: 1s - loss: 1.6118 - acc: 0.4862
2750/3900 [====================>.........] - ETA: 1s - loss: 1.6082 - acc: 0.4887
2810/3900 [====================>.........] - ETA: 0s - loss: 1.6047 - acc: 0.4922
2870/3900 [=====================>........] - ETA: 0s - loss: 1.6036 - acc: 0.4937
2930/3900 [=====================>........] - ETA: 0s - loss: 1.6011 - acc: 0.4935
2990/3900 [======================>.......] - ETA: 0s - loss: 1.6015 - acc: 0.4923
3050/3900 [======================>.......] - ETA: 0s - loss: 1.6000 - acc: 0.4928
3110/3900 [======================>.......] - ETA: 0s - loss: 1.5955 - acc: 0.4968
3170/3900 [=======================>......] - ETA: 0s - loss: 1.5949 - acc: 0.4978
3230/3900 [=======================>......] - ETA: 0s - loss: 1.5945 - acc: 0.4972
3290/3900 [========================>.....] - ETA: 0s - loss: 1.5939 - acc: 0.4970
3350/3900 [========================>.....] - ETA: 0s - loss: 1.5929 - acc: 0.4985
3410/3900 [=========================>....] - ETA: 0s - loss: 1.5921 - acc: 0.4977
3470/3900 [=========================>....] - ETA: 0s - loss: 1.5900 - acc: 0.4988
3530/3900 [==========================>...] - ETA: 0s - loss: 1.5875 - acc: 0.5006
3590/3900 [==========================>...] - ETA: 0s - loss: 1.5844 - acc: 0.5025
3650/3900 [===========================>..] - ETA: 0s - loss: 1.5815 - acc: 0.5030
3710/3900 [===========================>..] - ETA: 0s - loss: 1.5808 - acc: 0.5030
3770/3900 [============================>.] - ETA: 0s - loss: 1.5790 - acc: 0.5029
3830/3900 [============================>.] - ETA: 0s - loss: 1.5770 - acc: 0.5031
3890/3900 [============================>.] - ETA: 0s - loss: 1.5756 - acc: 0.5044
3900/3900 [==============================] - 4s 908us/step - loss: 1.5744 - acc: 0.5051 - val_loss: 1.7883 - val_acc: 0.3535
Current time ....3.542
Train on 600 samples, validate on 86 samples
Epoch 1/1

 10/600 [..............................] - ETA: 0s - loss: 0.1826 - acc: 1.0000
 70/600 [==>...........................] - ETA: 0s - loss: 0.1453 - acc: 0.9571
130/600 [=====>........................] - ETA: 0s - loss: 0.1368 - acc: 0.9692
190/600 [========>.....................] - ETA: 0s - loss: 0.1306 - acc: 0.9737
240/600 [===========>..................] - ETA: 0s - loss: 0.1239 - acc: 0.9792
300/600 [==============>...............] - ETA: 0s - loss: 0.1292 - acc: 0.9767
360/600 [=================>............] - ETA: 0s - loss: 0.1206 - acc: 0.9806
420/600 [====================>.........] - ETA: 0s - loss: 0.1165 - acc: 0.9833
480/600 [=======================>......] - ETA: 0s - loss: 0.1133 - acc: 0.9854
540/600 [==========================>...] - ETA: 0s - loss: 0.1128 - acc: 0.9852
600/600 [==============================] - 1s 944us/step - loss: 0.1113 - acc: 0.9850 - val_loss: 0.3898 - val_acc: 0.9186
Current time ....0.567
Train on 1200 samples, validate on 68 samples
Epoch 1/1

  10/1200 [..............................] - ETA: 1s - loss: 0.3439 - acc: 0.9000
  70/1200 [>.............................] - ETA: 0s - loss: 0.3005 - acc: 0.9429
 130/1200 [==>...........................] - ETA: 0s - loss: 0.3197 - acc: 0.9462
 190/1200 [===>..........................] - ETA: 0s - loss: 0.3394 - acc: 0.9105
 250/1200 [=====>........................] - ETA: 0s - loss: 0.3307 - acc: 0.9280
 310/1200 [======>.......................] - ETA: 0s - loss: 0.3294 - acc: 0.9258
 370/1200 [========>.....................] - ETA: 0s - loss: 0.3417 - acc: 0.9162
 430/1200 [=========>....................] - ETA: 0s - loss: 0.3476 - acc: 0.9116
 490/1200 [===========>..................] - ETA: 0s - loss: 0.3480 - acc: 0.9082
 550/1200 [============>.................] - ETA: 0s - loss: 0.3436 - acc: 0.9073
 610/1200 [==============>...............] - ETA: 0s - loss: 0.3389 - acc: 0.9082
 670/1200 [===============>..............] - ETA: 0s - loss: 0.3445 - acc: 0.9045
 730/1200 [=================>............] - ETA: 0s - loss: 0.3440 - acc: 0.9041
 790/1200 [==================>...........] - ETA: 0s - loss: 0.3361 - acc: 0.9089
 850/1200 [====================>.........] - ETA: 0s - loss: 0.3326 - acc: 0.9071
 910/1200 [=====================>........] - ETA: 0s - loss: 0.3283 - acc: 0.9066
 970/1200 [=======================>......] - ETA: 0s - loss: 0.3282 - acc: 0.9062
1030/1200 [========================>.....] - ETA: 0s - loss: 0.3311 - acc: 0.9039
1090/1200 [==========================>...] - ETA: 0s - loss: 0.3240 - acc: 0.9073
1150/1200 [===========================>..] - ETA: 0s - loss: 0.3232 - acc: 0.9078
1200/1200 [==============================] - 1s 901us/step - loss: 0.3242 - acc: 0.9092 - val_loss: 1.0133 - val_acc: 0.6176
Current time ....1.081
Train on 3900 samples, validate on 99 samples
Epoch 1/1

  10/3900 [..............................] - ETA: 3s - loss: 1.5484 - acc: 0.7000
  70/3900 [..............................] - ETA: 3s - loss: 1.4168 - acc: 0.6143
 130/3900 [>.............................] - ETA: 3s - loss: 1.4308 - acc: 0.6000
 190/3900 [>.............................] - ETA: 3s - loss: 1.4417 - acc: 0.5737
 250/3900 [>.............................] - ETA: 3s - loss: 1.4630 - acc: 0.5560
 310/3900 [=>............................] - ETA: 3s - loss: 1.4703 - acc: 0.5645
 370/3900 [=>............................] - ETA: 3s - loss: 1.4664 - acc: 0.5568
 430/3900 [==>...........................] - ETA: 3s - loss: 1.4627 - acc: 0.5465
 490/3900 [==>...........................] - ETA: 3s - loss: 1.4573 - acc: 0.5490
 550/3900 [===>..........................] - ETA: 3s - loss: 1.4416 - acc: 0.5564
 610/3900 [===>..........................] - ETA: 2s - loss: 1.4346 - acc: 0.5590
 660/3900 [====>.........................] - ETA: 2s - loss: 1.4416 - acc: 0.5621
 720/3900 [====>.........................] - ETA: 2s - loss: 1.4406 - acc: 0.5583
 780/3900 [=====>........................] - ETA: 2s - loss: 1.4346 - acc: 0.5615
 840/3900 [=====>........................] - ETA: 2s - loss: 1.4327 - acc: 0.5619
 900/3900 [=====>........................] - ETA: 2s - loss: 1.4264 - acc: 0.5633
 960/3900 [======>.......................] - ETA: 2s - loss: 1.4304 - acc: 0.5625
1020/3900 [======>.......................] - ETA: 2s - loss: 1.4266 - acc: 0.5657
1080/3900 [=======>......................] - ETA: 2s - loss: 1.4269 - acc: 0.5648
1140/3900 [=======>......................] - ETA: 2s - loss: 1.4318 - acc: 0.5632
1200/3900 [========>.....................] - ETA: 2s - loss: 1.4293 - acc: 0.5658
1260/3900 [========>.....................] - ETA: 2s - loss: 1.4292 - acc: 0.5619
1320/3900 [=========>....................] - ETA: 2s - loss: 1.4283 - acc: 0.5667
1380/3900 [=========>....................] - ETA: 2s - loss: 1.4245 - acc: 0.5688
1440/3900 [==========>...................] - ETA: 2s - loss: 1.4227 - acc: 0.5688
1500/3900 [==========>...................] - ETA: 2s - loss: 1.4221 - acc: 0.5687
1560/3900 [===========>..................] - ETA: 2s - loss: 1.4223 - acc: 0.5647
1620/3900 [===========>..................] - ETA: 2s - loss: 1.4217 - acc: 0.5636
1680/3900 [===========>..................] - ETA: 2s - loss: 1.4192 - acc: 0.5673
1740/3900 [============>.................] - ETA: 1s - loss: 1.4186 - acc: 0.5655
1800/3900 [============>.................] - ETA: 1s - loss: 1.4140 - acc: 0.5667
1860/3900 [=============>................] - ETA: 1s - loss: 1.4138 - acc: 0.5656
1920/3900 [=============>................] - ETA: 1s - loss: 1.4111 - acc: 0.5651
1980/3900 [==============>...............] - ETA: 1s - loss: 1.4063 - acc: 0.5692
2040/3900 [==============>...............] - ETA: 1s - loss: 1.4026 - acc: 0.5691
2100/3900 [===============>..............] - ETA: 1s - loss: 1.3969 - acc: 0.5733
2160/3900 [===============>..............] - ETA: 1s - loss: 1.3977 - acc: 0.5718
2220/3900 [================>.............] - ETA: 1s - loss: 1.3956 - acc: 0.5739
2280/3900 [================>.............] - ETA: 1s - loss: 1.3936 - acc: 0.5724
2340/3900 [=================>............] - ETA: 1s - loss: 1.3955 - acc: 0.5697
2400/3900 [=================>............] - ETA: 1s - loss: 1.3978 - acc: 0.5700
2460/3900 [=================>............] - ETA: 1s - loss: 1.3999 - acc: 0.5683
2520/3900 [==================>...........] - ETA: 1s - loss: 1.3972 - acc: 0.5706
2580/3900 [==================>...........] - ETA: 1s - loss: 1.3989 - acc: 0.5698
2640/3900 [===================>..........] - ETA: 1s - loss: 1.3991 - acc: 0.5705
2700/3900 [===================>..........] - ETA: 1s - loss: 1.3966 - acc: 0.5733
2760/3900 [====================>.........] - ETA: 1s - loss: 1.3930 - acc: 0.5761
2820/3900 [====================>.........] - ETA: 0s - loss: 1.3880 - acc: 0.5791
2880/3900 [=====================>........] - ETA: 0s - loss: 1.3866 - acc: 0.5799
2940/3900 [=====================>........] - ETA: 0s - loss: 1.3835 - acc: 0.5820
3000/3900 [======================>.......] - ETA: 0s - loss: 1.3806 - acc: 0.5840
3060/3900 [======================>.......] - ETA: 0s - loss: 1.3760 - acc: 0.5873
3120/3900 [=======================>......] - ETA: 0s - loss: 1.3754 - acc: 0.5865
3180/3900 [=======================>......] - ETA: 0s - loss: 1.3727 - acc: 0.5877
3240/3900 [=======================>......] - ETA: 0s - loss: 1.3722 - acc: 0.5870
3300/3900 [========================>.....] - ETA: 0s - loss: 1.3710 - acc: 0.5864
3360/3900 [========================>.....] - ETA: 0s - loss: 1.3686 - acc: 0.5884
3420/3900 [=========================>....] - ETA: 0s - loss: 1.3662 - acc: 0.5889
3480/3900 [=========================>....] - ETA: 0s - loss: 1.3643 - acc: 0.5902
3540/3900 [==========================>...] - ETA: 0s - loss: 1.3598 - acc: 0.5938
3600/3900 [==========================>...] - ETA: 0s - loss: 1.3573 - acc: 0.5961
3660/3900 [===========================>..] - ETA: 0s - loss: 1.3552 - acc: 0.5964
3720/3900 [===========================>..] - ETA: 0s - loss: 1.3556 - acc: 0.5949
3780/3900 [============================>.] - ETA: 0s - loss: 1.3555 - acc: 0.5944
3840/3900 [============================>.] - ETA: 0s - loss: 1.3556 - acc: 0.5930
3900/3900 [==============================] - 4s 908us/step - loss: 1.3563 - acc: 0.5923 - val_loss: 1.7952 - val_acc: 0.2727
Current time ....3.543
Train on 600 samples, validate on 86 samples
Epoch 1/1

 10/600 [..............................] - ETA: 0s - loss: 0.0731 - acc: 1.0000
 70/600 [==>...........................] - ETA: 0s - loss: 0.0763 - acc: 0.9857
130/600 [=====>........................] - ETA: 0s - loss: 0.0945 - acc: 0.9769
190/600 [========>.....................] - ETA: 0s - loss: 0.1013 - acc: 0.9842
250/600 [===========>..................] - ETA: 0s - loss: 0.0925 - acc: 0.9880
310/600 [==============>...............] - ETA: 0s - loss: 0.0887 - acc: 0.9871
370/600 [=================>............] - ETA: 0s - loss: 0.0829 - acc: 0.9892
430/600 [====================>.........] - ETA: 0s - loss: 0.0835 - acc: 0.9884
490/600 [=======================>......] - ETA: 0s - loss: 0.0802 - acc: 0.9898
550/600 [==========================>...] - ETA: 0s - loss: 0.0809 - acc: 0.9891
600/600 [==============================] - 1s 929us/step - loss: 0.0790 - acc: 0.9883 - val_loss: 0.3941 - val_acc: 0.9186
Current time ....0.558
Train on 1200 samples, validate on 68 samples
Epoch 1/1

  10/1200 [..............................] - ETA: 1s - loss: 0.2292 - acc: 0.9000
  70/1200 [>.............................] - ETA: 1s - loss: 0.2243 - acc: 0.9429
 130/1200 [==>...........................] - ETA: 0s - loss: 0.2313 - acc: 0.9462
 190/1200 [===>..........................] - ETA: 0s - loss: 0.2488 - acc: 0.9368
 250/1200 [=====>........................] - ETA: 0s - loss: 0.2546 - acc: 0.9320
 310/1200 [======>.......................] - ETA: 0s - loss: 0.2526 - acc: 0.9355
 370/1200 [========>.....................] - ETA: 0s - loss: 0.2418 - acc: 0.9432
 430/1200 [=========>....................] - ETA: 0s - loss: 0.2334 - acc: 0.9512
 490/1200 [===========>..................] - ETA: 0s - loss: 0.2332 - acc: 0.9551
 550/1200 [============>.................] - ETA: 0s - loss: 0.2409 - acc: 0.9455
 610/1200 [==============>...............] - ETA: 0s - loss: 0.2534 - acc: 0.9377
 670/1200 [===============>..............] - ETA: 0s - loss: 0.2428 - acc: 0.9418
 730/1200 [=================>............] - ETA: 0s - loss: 0.2406 - acc: 0.9425
 790/1200 [==================>...........] - ETA: 0s - loss: 0.2422 - acc: 0.9405
 850/1200 [====================>.........] - ETA: 0s - loss: 0.2395 - acc: 0.9412
 910/1200 [=====================>........] - ETA: 0s - loss: 0.2380 - acc: 0.9418
 970/1200 [=======================>......] - ETA: 0s - loss: 0.2379 - acc: 0.9423
1030/1200 [========================>.....] - ETA: 0s - loss: 0.2338 - acc: 0.9447
1090/1200 [==========================>...] - ETA: 0s - loss: 0.2302 - acc: 0.9468
1150/1200 [===========================>..] - ETA: 0s - loss: 0.2297 - acc: 0.9470
1200/1200 [==============================] - 1s 917us/step - loss: 0.2313 - acc: 0.9458 - val_loss: 0.8639 - val_acc: 0.6912
Current time ....1.101
Train on 3900 samples, validate on 99 samples
Epoch 1/1

  10/3900 [..............................] - ETA: 4s - loss: 0.9930 - acc: 0.7000
  70/3900 [..............................] - ETA: 3s - loss: 1.2249 - acc: 0.7143
 130/3900 [>.............................] - ETA: 3s - loss: 1.2494 - acc: 0.6692
 190/3900 [>.............................] - ETA: 3s - loss: 1.2146 - acc: 0.6842
 250/3900 [>.............................] - ETA: 3s - loss: 1.1897 - acc: 0.6800
 310/3900 [=>............................] - ETA: 3s - loss: 1.1817 - acc: 0.6871
 370/3900 [=>............................] - ETA: 3s - loss: 1.1847 - acc: 0.6838
 430/3900 [==>...........................] - ETA: 3s - loss: 1.1920 - acc: 0.6721
 490/3900 [==>...........................] - ETA: 3s - loss: 1.1931 - acc: 0.6735
 550/3900 [===>..........................] - ETA: 3s - loss: 1.2158 - acc: 0.6545
 610/3900 [===>..........................] - ETA: 2s - loss: 1.1994 - acc: 0.6574
 670/3900 [====>.........................] - ETA: 2s - loss: 1.2085 - acc: 0.6493
 730/3900 [====>.........................] - ETA: 2s - loss: 1.2055 - acc: 0.6425
 790/3900 [=====>........................] - ETA: 2s - loss: 1.1954 - acc: 0.6456
 850/3900 [=====>........................] - ETA: 2s - loss: 1.1945 - acc: 0.6471
 910/3900 [======>.......................] - ETA: 2s - loss: 1.1944 - acc: 0.6429
 970/3900 [======>.......................] - ETA: 2s - loss: 1.1925 - acc: 0.6402
1030/3900 [======>.......................] - ETA: 2s - loss: 1.1809 - acc: 0.6447
1090/3900 [=======>......................] - ETA: 2s - loss: 1.1767 - acc: 0.6459
1150/3900 [=======>......................] - ETA: 2s - loss: 1.1850 - acc: 0.6417
1210/3900 [========>.....................] - ETA: 2s - loss: 1.1808 - acc: 0.6438
1270/3900 [========>.....................] - ETA: 2s - loss: 1.1823 - acc: 0.6433
1330/3900 [=========>....................] - ETA: 2s - loss: 1.1750 - acc: 0.6474
1390/3900 [=========>....................] - ETA: 2s - loss: 1.1701 - acc: 0.6489
1450/3900 [==========>...................] - ETA: 2s - loss: 1.1680 - acc: 0.6503
1510/3900 [==========>...................] - ETA: 2s - loss: 1.1641 - acc: 0.6510
1570/3900 [===========>..................] - ETA: 2s - loss: 1.1661 - acc: 0.6497
1630/3900 [===========>..................] - ETA: 2s - loss: 1.1664 - acc: 0.6497
1690/3900 [============>.................] - ETA: 1s - loss: 1.1633 - acc: 0.6509
1750/3900 [============>.................] - ETA: 1s - loss: 1.1622 - acc: 0.6526
1810/3900 [============>.................] - ETA: 1s - loss: 1.1647 - acc: 0.6519
1870/3900 [=============>................] - ETA: 1s - loss: 1.1609 - acc: 0.6551
1930/3900 [=============>................] - ETA: 1s - loss: 1.1608 - acc: 0.6528
1990/3900 [==============>...............] - ETA: 1s - loss: 1.1634 - acc: 0.6523
2050/3900 [==============>...............] - ETA: 1s - loss: 1.1622 - acc: 0.6517
2110/3900 [===============>..............] - ETA: 1s - loss: 1.1594 - acc: 0.6517
2170/3900 [===============>..............] - ETA: 1s - loss: 1.1587 - acc: 0.6521
2230/3900 [================>.............] - ETA: 1s - loss: 1.1541 - acc: 0.6543
2290/3900 [================>.............] - ETA: 1s - loss: 1.1540 - acc: 0.6533
2350/3900 [=================>............] - ETA: 1s - loss: 1.1513 - acc: 0.6540
2410/3900 [=================>............] - ETA: 1s - loss: 1.1510 - acc: 0.6527
2470/3900 [==================>...........] - ETA: 1s - loss: 1.1490 - acc: 0.6547
2530/3900 [==================>...........] - ETA: 1s - loss: 1.1463 - acc: 0.6553
2590/3900 [==================>...........] - ETA: 1s - loss: 1.1459 - acc: 0.6552
2650/3900 [===================>..........] - ETA: 1s - loss: 1.1466 - acc: 0.6555
2710/3900 [===================>..........] - ETA: 1s - loss: 1.1445 - acc: 0.6557
2770/3900 [====================>.........] - ETA: 1s - loss: 1.1449 - acc: 0.6560
2830/3900 [====================>.........] - ETA: 0s - loss: 1.1442 - acc: 0.6569
2890/3900 [=====================>........] - ETA: 0s - loss: 1.1418 - acc: 0.6574
2940/3900 [=====================>........] - ETA: 0s - loss: 1.1415 - acc: 0.6571
3000/3900 [======================>.......] - ETA: 0s - loss: 1.1381 - acc: 0.6587
3060/3900 [======================>.......] - ETA: 0s - loss: 1.1360 - acc: 0.6598
3120/3900 [=======================>......] - ETA: 0s - loss: 1.1354 - acc: 0.6593
3180/3900 [=======================>......] - ETA: 0s - loss: 1.1337 - acc: 0.6601
3240/3900 [=======================>......] - ETA: 0s - loss: 1.1336 - acc: 0.6599
3300/3900 [========================>.....] - ETA: 0s - loss: 1.1322 - acc: 0.6603
3360/3900 [========================>.....] - ETA: 0s - loss: 1.1328 - acc: 0.6586
3420/3900 [=========================>....] - ETA: 0s - loss: 1.1309 - acc: 0.6582
3480/3900 [=========================>....] - ETA: 0s - loss: 1.1326 - acc: 0.6566
3540/3900 [==========================>...] - ETA: 0s - loss: 1.1301 - acc: 0.6579
3600/3900 [==========================>...] - ETA: 0s - loss: 1.1292 - acc: 0.6578
3660/3900 [===========================>..] - ETA: 0s - loss: 1.1280 - acc: 0.6582
3720/3900 [===========================>..] - ETA: 0s - loss: 1.1266 - acc: 0.6589
3780/3900 [============================>.] - ETA: 0s - loss: 1.1248 - acc: 0.6601
3840/3900 [============================>.] - ETA: 0s - loss: 1.1237 - acc: 0.6599
3900/3900 [==============================] - 4s 906us/step - loss: 1.1215 - acc: 0.6600 - val_loss: 1.5281 - val_acc: 0.4545
Current time ....3.533
Train on 600 samples, validate on 86 samples
Epoch 1/1

 10/600 [..............................] - ETA: 0s - loss: 0.1293 - acc: 0.9000
 70/600 [==>...........................] - ETA: 0s - loss: 0.0613 - acc: 0.9857
130/600 [=====>........................] - ETA: 0s - loss: 0.0549 - acc: 0.9923
190/600 [========>.....................] - ETA: 0s - loss: 0.0672 - acc: 0.9895
250/600 [===========>..................] - ETA: 0s - loss: 0.0632 - acc: 0.9920
310/600 [==============>...............] - ETA: 0s - loss: 0.0594 - acc: 0.9935
370/600 [=================>............] - ETA: 0s - loss: 0.0564 - acc: 0.9946
430/600 [====================>.........] - ETA: 0s - loss: 0.0554 - acc: 0.9953
490/600 [=======================>......] - ETA: 0s - loss: 0.0563 - acc: 0.9939
550/600 [==========================>...] - ETA: 0s - loss: 0.0575 - acc: 0.9945
600/600 [==============================] - 1s 923us/step - loss: 0.0582 - acc: 0.9950 - val_loss: 0.4166 - val_acc: 0.9186
Current time ....0.554
Train on 1200 samples, validate on 68 samples
Epoch 1/1

  10/1200 [..............................] - ETA: 1s - loss: 0.1794 - acc: 0.9000
  70/1200 [>.............................] - ETA: 1s - loss: 0.1730 - acc: 0.9857
 130/1200 [==>...........................] - ETA: 0s - loss: 0.1778 - acc: 0.9769
 190/1200 [===>..........................] - ETA: 0s - loss: 0.1667 - acc: 0.9737
 250/1200 [=====>........................] - ETA: 0s - loss: 0.1641 - acc: 0.9680
 310/1200 [======>.......................] - ETA: 0s - loss: 0.1641 - acc: 0.9710
 370/1200 [========>.....................] - ETA: 0s - loss: 0.1592 - acc: 0.9757
 430/1200 [=========>....................] - ETA: 0s - loss: 0.1632 - acc: 0.9744
 490/1200 [===========>..................] - ETA: 0s - loss: 0.1567 - acc: 0.9776
 550/1200 [============>.................] - ETA: 0s - loss: 0.1581 - acc: 0.9764
 610/1200 [==============>...............] - ETA: 0s - loss: 0.1607 - acc: 0.9770
 670/1200 [===============>..............] - ETA: 0s - loss: 0.1682 - acc: 0.9731
 730/1200 [=================>............] - ETA: 0s - loss: 0.1659 - acc: 0.9753
 790/1200 [==================>...........] - ETA: 0s - loss: 0.1648 - acc: 0.9759
 850/1200 [====================>.........] - ETA: 0s - loss: 0.1649 - acc: 0.9741
 910/1200 [=====================>........] - ETA: 0s - loss: 0.1669 - acc: 0.9725
 970/1200 [=======================>......] - ETA: 0s - loss: 0.1622 - acc: 0.9742
1030/1200 [========================>.....] - ETA: 0s - loss: 0.1645 - acc: 0.9718
1090/1200 [==========================>...] - ETA: 0s - loss: 0.1648 - acc: 0.9697
1150/1200 [===========================>..] - ETA: 0s - loss: 0.1634 - acc: 0.9704
1200/1200 [==============================] - 1s 902us/step - loss: 0.1605 - acc: 0.9717 - val_loss: 0.9076 - val_acc: 0.6912
Current time ....1.082
Train on 3900 samples, validate on 99 samples
Epoch 1/1

  10/3900 [..............................] - ETA: 3s - loss: 0.7114 - acc: 0.9000
  70/3900 [..............................] - ETA: 3s - loss: 0.9913 - acc: 0.7286
 130/3900 [>.............................] - ETA: 3s - loss: 0.9391 - acc: 0.7000
 190/3900 [>.............................] - ETA: 3s - loss: 0.9269 - acc: 0.7368
 250/3900 [>.............................] - ETA: 3s - loss: 0.9512 - acc: 0.7360
 310/3900 [=>............................] - ETA: 3s - loss: 0.9297 - acc: 0.7323
 370/3900 [=>............................] - ETA: 3s - loss: 0.9356 - acc: 0.7270
 430/3900 [==>...........................] - ETA: 3s - loss: 0.9562 - acc: 0.7140
 490/3900 [==>...........................] - ETA: 3s - loss: 0.9531 - acc: 0.7102
 550/3900 [===>..........................] - ETA: 3s - loss: 0.9610 - acc: 0.7055
 610/3900 [===>..........................] - ETA: 2s - loss: 0.9617 - acc: 0.7082
 660/3900 [====>.........................] - ETA: 2s - loss: 0.9673 - acc: 0.7076
 720/3900 [====>.........................] - ETA: 2s - loss: 0.9764 - acc: 0.7042
 780/3900 [=====>........................] - ETA: 2s - loss: 0.9793 - acc: 0.7026
 840/3900 [=====>........................] - ETA: 2s - loss: 0.9690 - acc: 0.7048
 900/3900 [=====>........................] - ETA: 2s - loss: 0.9684 - acc: 0.7033
 960/3900 [======>.......................] - ETA: 2s - loss: 0.9684 - acc: 0.7042
1020/3900 [======>.......................] - ETA: 2s - loss: 0.9686 - acc: 0.7069
1080/3900 [=======>......................] - ETA: 2s - loss: 0.9698 - acc: 0.7000
1140/3900 [=======>......................] - ETA: 2s - loss: 0.9636 - acc: 0.7053
1200/3900 [========>.....................] - ETA: 2s - loss: 0.9698 - acc: 0.7017
1260/3900 [========>.....................] - ETA: 2s - loss: 0.9628 - acc: 0.7024
1320/3900 [=========>....................] - ETA: 2s - loss: 0.9578 - acc: 0.7061
1380/3900 [=========>....................] - ETA: 2s - loss: 0.9539 - acc: 0.7065
1440/3900 [==========>...................] - ETA: 2s - loss: 0.9572 - acc: 0.7049
1500/3900 [==========>...................] - ETA: 2s - loss: 0.9536 - acc: 0.7047
1560/3900 [===========>..................] - ETA: 2s - loss: 0.9534 - acc: 0.7045
1610/3900 [===========>..................] - ETA: 2s - loss: 0.9489 - acc: 0.7037
1670/3900 [===========>..................] - ETA: 2s - loss: 0.9437 - acc: 0.7054
1730/3900 [============>.................] - ETA: 1s - loss: 0.9360 - acc: 0.7075
1790/3900 [============>.................] - ETA: 1s - loss: 0.9367 - acc: 0.7084
1850/3900 [=============>................] - ETA: 1s - loss: 0.9354 - acc: 0.7092
1910/3900 [=============>................] - ETA: 1s - loss: 0.9285 - acc: 0.7120
1970/3900 [==============>...............] - ETA: 1s - loss: 0.9288 - acc: 0.7122
2030/3900 [==============>...............] - ETA: 1s - loss: 0.9284 - acc: 0.7113
2090/3900 [===============>..............] - ETA: 1s - loss: 0.9260 - acc: 0.7124
2150/3900 [===============>..............] - ETA: 1s - loss: 0.9235 - acc: 0.7126
2210/3900 [================>.............] - ETA: 1s - loss: 0.9212 - acc: 0.7140
2270/3900 [================>.............] - ETA: 1s - loss: 0.9223 - acc: 0.7123
2330/3900 [================>.............] - ETA: 1s - loss: 0.9214 - acc: 0.7124
2390/3900 [=================>............] - ETA: 1s - loss: 0.9227 - acc: 0.7121
2450/3900 [=================>............] - ETA: 1s - loss: 0.9231 - acc: 0.7110
2500/3900 [==================>...........] - ETA: 1s - loss: 0.9248 - acc: 0.7096
2560/3900 [==================>...........] - ETA: 1s - loss: 0.9246 - acc: 0.7094
2620/3900 [===================>..........] - ETA: 1s - loss: 0.9246 - acc: 0.7092
2680/3900 [===================>..........] - ETA: 1s - loss: 0.9257 - acc: 0.7090
2740/3900 [====================>.........] - ETA: 1s - loss: 0.9239 - acc: 0.7095
2800/3900 [====================>.........] - ETA: 1s - loss: 0.9200 - acc: 0.7111
2860/3900 [=====================>........] - ETA: 0s - loss: 0.9221 - acc: 0.7101
2910/3900 [=====================>........] - ETA: 0s - loss: 0.9231 - acc: 0.7096
2970/3900 [=====================>........] - ETA: 0s - loss: 0.9197 - acc: 0.7111
3030/3900 [======================>.......] - ETA: 0s - loss: 0.9185 - acc: 0.7116
3090/3900 [======================>.......] - ETA: 0s - loss: 0.9201 - acc: 0.7107
3150/3900 [=======================>......] - ETA: 0s - loss: 0.9160 - acc: 0.7130
3210/3900 [=======================>......] - ETA: 0s - loss: 0.9157 - acc: 0.7131
3270/3900 [========================>.....] - ETA: 0s - loss: 0.9144 - acc: 0.7150
3330/3900 [========================>.....] - ETA: 0s - loss: 0.9138 - acc: 0.7147
3390/3900 [=========================>....] - ETA: 0s - loss: 0.9144 - acc: 0.7142
3450/3900 [=========================>....] - ETA: 0s - loss: 0.9117 - acc: 0.7154
3510/3900 [==========================>...] - ETA: 0s - loss: 0.9134 - acc: 0.7137
3570/3900 [==========================>...] - ETA: 0s - loss: 0.9114 - acc: 0.7137
3630/3900 [==========================>...] - ETA: 0s - loss: 0.9126 - acc: 0.7138
3690/3900 [===========================>..] - ETA: 0s - loss: 0.9106 - acc: 0.7152
3750/3900 [===========================>..] - ETA: 0s - loss: 0.9106 - acc: 0.7149
3810/3900 [============================>.] - ETA: 0s - loss: 0.9097 - acc: 0.7147
3870/3900 [============================>.] - ETA: 0s - loss: 0.9064 - acc: 0.7163
3900/3900 [==============================] - 4s 915us/step - loss: 0.9057 - acc: 0.7156 - val_loss: 1.6103 - val_acc: 0.4141
Current time ....3.570
Train on 600 samples, validate on 86 samples
Epoch 1/1

 10/600 [..............................] - ETA: 0s - loss: 0.0125 - acc: 1.0000
 70/600 [==>...........................] - ETA: 0s - loss: 0.0566 - acc: 0.9857
130/600 [=====>........................] - ETA: 0s - loss: 0.0490 - acc: 0.9923
190/600 [========>.....................] - ETA: 0s - loss: 0.0449 - acc: 0.9947
250/600 [===========>..................] - ETA: 0s - loss: 0.0435 - acc: 0.9960
310/600 [==============>...............] - ETA: 0s - loss: 0.0452 - acc: 0.9935
370/600 [=================>............] - ETA: 0s - loss: 0.0445 - acc: 0.9946
430/600 [====================>.........] - ETA: 0s - loss: 0.0454 - acc: 0.9953
490/600 [=======================>......] - ETA: 0s - loss: 0.0442 - acc: 0.9959
550/600 [==========================>...] - ETA: 0s - loss: 0.0459 - acc: 0.9945
600/600 [==============================] - 1s 935us/step - loss: 0.0456 - acc: 0.9950 - val_loss: 0.4459 - val_acc: 0.9186
Current time ....0.561
Train on 1200 samples, validate on 68 samples
Epoch 1/1

  10/1200 [..............................] - ETA: 1s - loss: 0.0367 - acc: 1.0000
  70/1200 [>.............................] - ETA: 0s - loss: 0.0731 - acc: 1.0000
 130/1200 [==>...........................] - ETA: 0s - loss: 0.0935 - acc: 0.9923
 190/1200 [===>..........................] - ETA: 0s - loss: 0.1086 - acc: 0.9947
 250/1200 [=====>........................] - ETA: 0s - loss: 0.1097 - acc: 0.9920
 310/1200 [======>.......................] - ETA: 0s - loss: 0.1112 - acc: 0.9935
 370/1200 [========>.....................] - ETA: 0s - loss: 0.1160 - acc: 0.9892
 430/1200 [=========>....................] - ETA: 0s - loss: 0.1225 - acc: 0.9860
 490/1200 [===========>..................] - ETA: 0s - loss: 0.1140 - acc: 0.9878
 550/1200 [============>.................] - ETA: 0s - loss: 0.1118 - acc: 0.9873
 610/1200 [==============>...............] - ETA: 0s - loss: 0.1139 - acc: 0.9836
 670/1200 [===============>..............] - ETA: 0s - loss: 0.1125 - acc: 0.9836
 730/1200 [=================>............] - ETA: 0s - loss: 0.1127 - acc: 0.9836
 780/1200 [==================>...........] - ETA: 0s - loss: 0.1154 - acc: 0.9821
 840/1200 [====================>.........] - ETA: 0s - loss: 0.1156 - acc: 0.9833
 900/1200 [=====================>........] - ETA: 0s - loss: 0.1155 - acc: 0.9844
 960/1200 [=======================>......] - ETA: 0s - loss: 0.1162 - acc: 0.9833
1020/1200 [========================>.....] - ETA: 0s - loss: 0.1172 - acc: 0.9824
1080/1200 [==========================>...] - ETA: 0s - loss: 0.1163 - acc: 0.9824
1140/1200 [===========================>..] - ETA: 0s - loss: 0.1222 - acc: 0.9789
1200/1200 [==============================] - 1s 912us/step - loss: 0.1257 - acc: 0.9750 - val_loss: 1.0934 - val_acc: 0.6324
Current time ....1.094
Train on 3900 samples, validate on 99 samples
Epoch 1/1

  10/3900 [..............................] - ETA: 3s - loss: 0.7948 - acc: 0.7000
  70/3900 [..............................] - ETA: 3s - loss: 0.7446 - acc: 0.7286
 130/3900 [>.............................] - ETA: 3s - loss: 0.7556 - acc: 0.7154
 190/3900 [>.............................] - ETA: 3s - loss: 0.7388 - acc: 0.7368
 250/3900 [>.............................] - ETA: 3s - loss: 0.7511 - acc: 0.7240
 310/3900 [=>............................] - ETA: 3s - loss: 0.7421 - acc: 0.7323
 370/3900 [=>............................] - ETA: 3s - loss: 0.7782 - acc: 0.7189
 430/3900 [==>...........................] - ETA: 3s - loss: 0.7728 - acc: 0.7209
 490/3900 [==>...........................] - ETA: 3s - loss: 0.7702 - acc: 0.7245
 550/3900 [===>..........................] - ETA: 3s - loss: 0.7621 - acc: 0.7345
 610/3900 [===>..........................] - ETA: 2s - loss: 0.7603 - acc: 0.7377
 670/3900 [====>.........................] - ETA: 2s - loss: 0.7529 - acc: 0.7433
 730/3900 [====>.........................] - ETA: 2s - loss: 0.7618 - acc: 0.7397
 790/3900 [=====>........................] - ETA: 2s - loss: 0.7591 - acc: 0.7418
 850/3900 [=====>........................] - ETA: 2s - loss: 0.7639 - acc: 0.7435
 910/3900 [======>.......................] - ETA: 2s - loss: 0.7558 - acc: 0.7516
 970/3900 [======>.......................] - ETA: 2s - loss: 0.7560 - acc: 0.7536
1030/3900 [======>.......................] - ETA: 2s - loss: 0.7633 - acc: 0.7505
1090/3900 [=======>......................] - ETA: 2s - loss: 0.7741 - acc: 0.7450
1150/3900 [=======>......................] - ETA: 2s - loss: 0.7754 - acc: 0.7409
1210/3900 [========>.....................] - ETA: 2s - loss: 0.7724 - acc: 0.7413
1270/3900 [========>.....................] - ETA: 2s - loss: 0.7699 - acc: 0.7449
1330/3900 [=========>....................] - ETA: 2s - loss: 0.7656 - acc: 0.7474
1390/3900 [=========>....................] - ETA: 2s - loss: 0.7619 - acc: 0.7468
1450/3900 [==========>...................] - ETA: 2s - loss: 0.7659 - acc: 0.7441
1510/3900 [==========>...................] - ETA: 2s - loss: 0.7661 - acc: 0.7437
1570/3900 [===========>..................] - ETA: 2s - loss: 0.7624 - acc: 0.7452
1630/3900 [===========>..................] - ETA: 2s - loss: 0.7665 - acc: 0.7442
1690/3900 [============>.................] - ETA: 1s - loss: 0.7691 - acc: 0.7426
1750/3900 [============>.................] - ETA: 1s - loss: 0.7725 - acc: 0.7394
1810/3900 [============>.................] - ETA: 1s - loss: 0.7682 - acc: 0.7431
1870/3900 [=============>................] - ETA: 1s - loss: 0.7628 - acc: 0.7455
1930/3900 [=============>................] - ETA: 1s - loss: 0.7577 - acc: 0.7461
1990/3900 [==============>...............] - ETA: 1s - loss: 0.7586 - acc: 0.7477
2050/3900 [==============>...............] - ETA: 1s - loss: 0.7584 - acc: 0.7478
2110/3900 [===============>..............] - ETA: 1s - loss: 0.7573 - acc: 0.7483
2170/3900 [===============>..............] - ETA: 1s - loss: 0.7561 - acc: 0.7493
2230/3900 [================>.............] - ETA: 1s - loss: 0.7603 - acc: 0.7484
2290/3900 [================>.............] - ETA: 1s - loss: 0.7594 - acc: 0.7498
2350/3900 [=================>............] - ETA: 1s - loss: 0.7592 - acc: 0.7498
2410/3900 [=================>............] - ETA: 1s - loss: 0.7593 - acc: 0.7494
2470/3900 [==================>...........] - ETA: 1s - loss: 0.7608 - acc: 0.7482
2530/3900 [==================>...........] - ETA: 1s - loss: 0.7592 - acc: 0.7502
2590/3900 [==================>...........] - ETA: 1s - loss: 0.7585 - acc: 0.7494
2650/3900 [===================>..........] - ETA: 1s - loss: 0.7542 - acc: 0.7509
2710/3900 [===================>..........] - ETA: 1s - loss: 0.7528 - acc: 0.7528
2770/3900 [====================>.........] - ETA: 1s - loss: 0.7503 - acc: 0.7531
2830/3900 [====================>.........] - ETA: 0s - loss: 0.7497 - acc: 0.7527
2890/3900 [=====================>........] - ETA: 0s - loss: 0.7461 - acc: 0.7547
2950/3900 [=====================>........] - ETA: 0s - loss: 0.7466 - acc: 0.7542
3010/3900 [======================>.......] - ETA: 0s - loss: 0.7478 - acc: 0.7545
3070/3900 [======================>.......] - ETA: 0s - loss: 0.7474 - acc: 0.7547
3130/3900 [=======================>......] - ETA: 0s - loss: 0.7483 - acc: 0.7543
3190/3900 [=======================>......] - ETA: 0s - loss: 0.7478 - acc: 0.7542
3250/3900 [========================>.....] - ETA: 0s - loss: 0.7480 - acc: 0.7532
3310/3900 [========================>.....] - ETA: 0s - loss: 0.7486 - acc: 0.7523
3370/3900 [========================>.....] - ETA: 0s - loss: 0.7472 - acc: 0.7531
3430/3900 [=========================>....] - ETA: 0s - loss: 0.7480 - acc: 0.7519
3490/3900 [=========================>....] - ETA: 0s - loss: 0.7474 - acc: 0.7527
3550/3900 [==========================>...] - ETA: 0s - loss: 0.7452 - acc: 0.7535
3610/3900 [==========================>...] - ETA: 0s - loss: 0.7466 - acc: 0.7524
3670/3900 [===========================>..] - ETA: 0s - loss: 0.7471 - acc: 0.7515
3730/3900 [===========================>..] - ETA: 0s - loss: 0.7445 - acc: 0.7534
3790/3900 [============================>.] - ETA: 0s - loss: 0.7411 - acc: 0.7546
3850/3900 [============================>.] - ETA: 0s - loss: 0.7389 - acc: 0.7553
3900/3900 [==============================] - 4s 907us/step - loss: 0.7374 - acc: 0.7556 - val_loss: 1.4884 - val_acc: 0.4949
Current time ....3.539
Train on 600 samples, validate on 86 samples
Epoch 1/1

 10/600 [..............................] - ETA: 0s - loss: 0.0138 - acc: 1.0000
 70/600 [==>...........................] - ETA: 0s - loss: 0.0244 - acc: 1.0000
130/600 [=====>........................] - ETA: 0s - loss: 0.0275 - acc: 1.0000
190/600 [========>.....................] - ETA: 0s - loss: 0.0280 - acc: 1.0000
250/600 [===========>..................] - ETA: 0s - loss: 0.0276 - acc: 1.0000
310/600 [==============>...............] - ETA: 0s - loss: 0.0352 - acc: 0.9968
370/600 [=================>............] - ETA: 0s - loss: 0.0366 - acc: 0.9946
430/600 [====================>.........] - ETA: 0s - loss: 0.0356 - acc: 0.9953
490/600 [=======================>......] - ETA: 0s - loss: 0.0375 - acc: 0.9959
550/600 [==========================>...] - ETA: 0s - loss: 0.0377 - acc: 0.9945
600/600 [==============================] - 1s 930us/step - loss: 0.0364 - acc: 0.9950 - val_loss: 0.4427 - val_acc: 0.9186
Current time ....0.559
Train on 1200 samples, validate on 68 samples
Epoch 1/1

  10/1200 [..............................] - ETA: 1s - loss: 0.0419 - acc: 1.0000
  70/1200 [>.............................] - ETA: 1s - loss: 0.0608 - acc: 1.0000
 130/1200 [==>...........................] - ETA: 0s - loss: 0.0969 - acc: 0.9846
 190/1200 [===>..........................] - ETA: 0s - loss: 0.0985 - acc: 0.9842
 250/1200 [=====>........................] - ETA: 0s - loss: 0.1038 - acc: 0.9840
 310/1200 [======>.......................] - ETA: 0s - loss: 0.1062 - acc: 0.9806
 370/1200 [========>.....................] - ETA: 0s - loss: 0.0988 - acc: 0.9838
 430/1200 [=========>....................] - ETA: 0s - loss: 0.0995 - acc: 0.9860
 490/1200 [===========>..................] - ETA: 0s - loss: 0.1003 - acc: 0.9878
 550/1200 [============>.................] - ETA: 0s - loss: 0.0970 - acc: 0.9891
 610/1200 [==============>...............] - ETA: 0s - loss: 0.1022 - acc: 0.9852
 670/1200 [===============>..............] - ETA: 0s - loss: 0.0985 - acc: 0.9866
 730/1200 [=================>............] - ETA: 0s - loss: 0.0971 - acc: 0.9863
 790/1200 [==================>...........] - ETA: 0s - loss: 0.0950 - acc: 0.9873
 850/1200 [====================>.........] - ETA: 0s - loss: 0.0934 - acc: 0.9882
 910/1200 [=====================>........] - ETA: 0s - loss: 0.0935 - acc: 0.9879
 970/1200 [=======================>......] - ETA: 0s - loss: 0.0929 - acc: 0.9887
1030/1200 [========================>.....] - ETA: 0s - loss: 0.0921 - acc: 0.9893
1090/1200 [==========================>...] - ETA: 0s - loss: 0.0907 - acc: 0.9899
1150/1200 [===========================>..] - ETA: 0s - loss: 0.0901 - acc: 0.9896
1200/1200 [==============================] - 1s 914us/step - loss: 0.0886 - acc: 0.9900 - val_loss: 0.9951 - val_acc: 0.6765
Current time ....1.097

32/99 [========>.....................] - ETA: 0s
99/99 [==============================] - 0s 94us/step
In EVALUATE loss:  [1.4884334513635347, 0.49494949555156209]

32/86 [==========>...................] - ETA: 0s
86/86 [==============================] - 0s 80us/step
In EVALUATE loss:  [0.44265378699746244, 0.91860465393509971]

32/68 [=============>................] - ETA: 0s
68/68 [==============================] - 0s 97us/step
In EVALUATE loss:  [0.99508246253518495, 0.67647058823529416]
Task 1 : Primary site - Macro F1 score 0.296172558092
Task 1 : Primary site - Micro F1 score 0.494949494949
Task 2 : Tumor laterality - Macro F1 score 0.918593644354
Task 2 : Tumor laterality - Micro F1 score 0.918604651163
Task 3 : Histological grade - Macro F1 score 0.513489906832
Task 3 : Histological grade - Micro F1 score 0.676470588235
Average loss:  0.975389900299
