Importing candle utils for keras
Configuration file:  /gpfs/mira-home/apeck/Modified_Benchmarks/Pilot3/P3B1/p3b1_default_model.txt
{'activation': 'relu',
 'batch_size': 10,
 'data_url': 'ftp://ftp.mcs.anl.gov/pub/candle/public/benchmarks/P3B1/',
 'drop': 0.0,
 'epochs': 10,
 'feature_names': 'Primary site:Tumor laterality:Histological grade',
 'ind_nnet_spec': [[2400, 2400, 1200, 1200],
                   [2400, 2400, 1200, 1200],
                   [2400, 2400, 1200, 1200]],
 'initialization': 'glorot_uniform',
 'learning_rate': 0.01,
 'loss': 'categorical_crossentropy',
 'metrics': 'accuracy',
 'model_name': 'p3b1',
 'n_fold': 1,
 'optimizer': 'sgd',
 'out_activation': 'softmax',
 'output_dir': '.',
 'scaling': 'none',
 'shared_nnet_spec': [1200,
                      2400,
                      3600,
                      3600,
                      3600,
                      3600,
                      3600,
                      3600,
                      3600,
                      2400],
 'shuffle': True,
 'timeout': 1800,
 'train_data': 'P3B1_data.tar.gz'}
Params:
{'activation': 'relu',
 'batch_size': 10,
 'case': 'CenterZ',
 'data_url': 'ftp://ftp.mcs.anl.gov/pub/candle/public/benchmarks/P3B1/',
 'datatype': <class 'numpy.float32'>,
 'drop': 0.0,
 'epochs': 10,
 'experiment_id': 'EXP000',
 'feature_names': 'Primary site:Tumor laterality:Histological grade',
 'fig': False,
 'gpus': [],
 'ind_nnet_spec': [[2400, 2400, 1200, 1200],
                   [2400, 2400, 1200, 1200],
                   [2400, 2400, 1200, 1200]],
 'initialization': 'glorot_uniform',
 'learning_rate': 0.01,
 'logfile': None,
 'loss': 'categorical_crossentropy',
 'metrics': 'accuracy',
 'model_name': 'p3b1',
 'n_fold': 1,
 'optimizer': 'sgd',
 'out_activation': 'softmax',
 'output_dir': '/gpfs/mira-home/apeck/CANDLE_testing/avery_modified_results/p3_1',
 'output_files': 'result0_0.csv;result1_0.csv;result2_0.csv',
 'rng_seed': 7102,
 'run_id': 'RUN000',
 'scaling': 'none',
 'shared_nnet_spec': [1200,
                      2400,
                      3600,
                      3600,
                      3600,
                      3600,
                      3600,
                      3600,
                      3600,
                      2400],
 'shuffle': False,
 'timeout': 1800,
 'train_bool': True,
 'train_data': 'P3B1_data.tar.gz',
 'train_features': 'data/task0_0_train_feature.csv;data/task1_0_train_feature.csv;data/task2_0_train_feature.csv',
 'train_truths': 'data/task0_0_train_label.csv;data/task1_0_train_label.csv;data/task2_0_train_label.csv',
 'valid_features': 'data/task0_0_test_feature.csv;data/task1_0_test_feature.csv;data/task2_0_test_feature.csv',
 'valid_truths': 'data/task0_0_test_label.csv;data/task1_0_test_label.csv;data/task2_0_test_label.csv',
 'verbose': None}
Feature names:
Primary site
Tumor laterality
Histological grade
Model:  0
_________________________________________________________________
Layer (type)                 Output Shape              Param #   
=================================================================
input (InputLayer)           (None, 400)               0         
_________________________________________________________________
indiv_layer_0_0 (Dense)      (None, 2400)              962400    
_________________________________________________________________
indiv_layer_0_1 (Dense)      (None, 2400)              5762400   
_________________________________________________________________
indiv_layer_0_2 (Dense)      (None, 1200)              2881200   
_________________________________________________________________
indiv_layer_0_3 (Dense)      (None, 1200)              1441200   
_________________________________________________________________
out_0 (Dense)                (None, 13)                15613     
=================================================================
Total params: 11,062,813
Trainable params: 11,062,813
Non-trainable params: 0
_________________________________________________________________
Model:  1
_________________________________________________________________
Layer (type)                 Output Shape              Param #   
=================================================================
input (InputLayer)           (None, 400)               0         
_________________________________________________________________
indiv_layer_1_0 (Dense)      (None, 2400)              962400    
_________________________________________________________________
indiv_layer_1_1 (Dense)      (None, 2400)              5762400   
_________________________________________________________________
indiv_layer_1_2 (Dense)      (None, 1200)              2881200   
_________________________________________________________________
indiv_layer_1_3 (Dense)      (None, 1200)              1441200   
_________________________________________________________________
out_1 (Dense)                (None, 2)                 2402      
=================================================================
Total params: 11,049,602
Trainable params: 11,049,602
Non-trainable params: 0
_________________________________________________________________
Model:  2
_________________________________________________________________
Layer (type)                 Output Shape              Param #   
=================================================================
input (InputLayer)           (None, 400)               0         
_________________________________________________________________
indiv_layer_2_0 (Dense)      (None, 2400)              962400    
_________________________________________________________________
indiv_layer_2_1 (Dense)      (None, 2400)              5762400   
_________________________________________________________________
indiv_layer_2_2 (Dense)      (None, 1200)              2881200   
_________________________________________________________________
indiv_layer_2_3 (Dense)      (None, 1200)              1441200   
_________________________________________________________________
out_2 (Dense)                (None, 4)                 4804      
=================================================================
Total params: 11,052,004
Trainable params: 11,052,004
Non-trainable params: 0
_________________________________________________________________
Train on 3900 samples, validate on 99 samples
Epoch 1/1

  10/3900 [..............................] - ETA: 11:33 - loss: 2.5659 - acc: 0.0000e+00
  60/3900 [..............................] - ETA: 1:57 - loss: 2.5642 - acc: 0.0833     
 110/3900 [..............................] - ETA: 1:05 - loss: 2.5638 - acc: 0.0909
 160/3900 [>.............................] - ETA: 45s - loss: 2.5638 - acc: 0.1250 
 210/3900 [>.............................] - ETA: 35s - loss: 2.5634 - acc: 0.1190
 260/3900 [=>............................] - ETA: 28s - loss: 2.5639 - acc: 0.1115
 320/3900 [=>............................] - ETA: 23s - loss: 2.5640 - acc: 0.1125
 380/3900 [=>............................] - ETA: 20s - loss: 2.5640 - acc: 0.1184
 440/3900 [==>...........................] - ETA: 17s - loss: 2.5634 - acc: 0.1182
 500/3900 [==>...........................] - ETA: 15s - loss: 2.5634 - acc: 0.1080
 560/3900 [===>..........................] - ETA: 13s - loss: 2.5630 - acc: 0.1071
 620/3900 [===>..........................] - ETA: 12s - loss: 2.5624 - acc: 0.1113
 680/3900 [====>.........................] - ETA: 11s - loss: 2.5622 - acc: 0.1103
 740/3900 [====>.........................] - ETA: 10s - loss: 2.5619 - acc: 0.1162
 800/3900 [=====>........................] - ETA: 9s - loss: 2.5621 - acc: 0.1125 
 860/3900 [=====>........................] - ETA: 9s - loss: 2.5620 - acc: 0.1093
 920/3900 [======>.......................] - ETA: 8s - loss: 2.5616 - acc: 0.1109
 980/3900 [======>.......................] - ETA: 8s - loss: 2.5614 - acc: 0.1102
1040/3900 [=======>......................] - ETA: 7s - loss: 2.5612 - acc: 0.1125
1100/3900 [=======>......................] - ETA: 7s - loss: 2.5609 - acc: 0.1182
1160/3900 [=======>......................] - ETA: 6s - loss: 2.5607 - acc: 0.1164
1220/3900 [========>.....................] - ETA: 6s - loss: 2.5606 - acc: 0.1189
1280/3900 [========>.....................] - ETA: 6s - loss: 2.5606 - acc: 0.1195
1340/3900 [=========>....................] - ETA: 5s - loss: 2.5603 - acc: 0.1209
1400/3900 [=========>....................] - ETA: 5s - loss: 2.5601 - acc: 0.1200
1460/3900 [==========>...................] - ETA: 5s - loss: 2.5600 - acc: 0.1178
1520/3900 [==========>...................] - ETA: 5s - loss: 2.5597 - acc: 0.1171
1580/3900 [===========>..................] - ETA: 4s - loss: 2.5594 - acc: 0.1165
1640/3900 [===========>..................] - ETA: 4s - loss: 2.5590 - acc: 0.1195
1700/3900 [============>.................] - ETA: 4s - loss: 2.5588 - acc: 0.1200
1760/3900 [============>.................] - ETA: 4s - loss: 2.5587 - acc: 0.1193
1820/3900 [=============>................] - ETA: 3s - loss: 2.5586 - acc: 0.1192
1880/3900 [=============>................] - ETA: 3s - loss: 2.5584 - acc: 0.1213
1940/3900 [=============>................] - ETA: 3s - loss: 2.5583 - acc: 0.1227
2000/3900 [==============>...............] - ETA: 3s - loss: 2.5581 - acc: 0.1220
2060/3900 [==============>...............] - ETA: 3s - loss: 2.5579 - acc: 0.1238
2120/3900 [===============>..............] - ETA: 3s - loss: 2.5576 - acc: 0.1241
2180/3900 [===============>..............] - ETA: 2s - loss: 2.5575 - acc: 0.1252
2240/3900 [================>.............] - ETA: 2s - loss: 2.5573 - acc: 0.1263
2300/3900 [================>.............] - ETA: 2s - loss: 2.5571 - acc: 0.1283
2360/3900 [=================>............] - ETA: 2s - loss: 2.5569 - acc: 0.1322
2420/3900 [=================>............] - ETA: 2s - loss: 2.5566 - acc: 0.1368
2480/3900 [==================>...........] - ETA: 2s - loss: 2.5563 - acc: 0.1419
2540/3900 [==================>...........] - ETA: 2s - loss: 2.5562 - acc: 0.1469
2600/3900 [===================>..........] - ETA: 2s - loss: 2.5559 - acc: 0.1512
2660/3900 [===================>..........] - ETA: 1s - loss: 2.5557 - acc: 0.1553
2720/3900 [===================>..........] - ETA: 1s - loss: 2.5554 - acc: 0.1607
2780/3900 [====================>.........] - ETA: 1s - loss: 2.5551 - acc: 0.1655
2840/3900 [====================>.........] - ETA: 1s - loss: 2.5549 - acc: 0.1673
2900/3900 [=====================>........] - ETA: 1s - loss: 2.5547 - acc: 0.1679
2960/3900 [=====================>........] - ETA: 1s - loss: 2.5544 - acc: 0.1706
3020/3900 [======================>.......] - ETA: 1s - loss: 2.5542 - acc: 0.1732
3080/3900 [======================>.......] - ETA: 1s - loss: 2.5540 - acc: 0.1734
3140/3900 [=======================>......] - ETA: 1s - loss: 2.5537 - acc: 0.1758
3200/3900 [=======================>......] - ETA: 1s - loss: 2.5535 - acc: 0.1784
3260/3900 [========================>.....] - ETA: 0s - loss: 2.5533 - acc: 0.1822
3320/3900 [========================>.....] - ETA: 0s - loss: 2.5530 - acc: 0.1855
3380/3900 [=========================>....] - ETA: 0s - loss: 2.5527 - acc: 0.1867
3440/3900 [=========================>....] - ETA: 0s - loss: 2.5523 - acc: 0.1890
3500/3900 [=========================>....] - ETA: 0s - loss: 2.5522 - acc: 0.1903
3560/3900 [==========================>...] - ETA: 0s - loss: 2.5519 - acc: 0.1930
3620/3900 [==========================>...] - ETA: 0s - loss: 2.5517 - acc: 0.1953
3680/3900 [===========================>..] - ETA: 0s - loss: 2.5514 - acc: 0.2008
3740/3900 [===========================>..] - ETA: 0s - loss: 2.5512 - acc: 0.2035
3800/3900 [============================>.] - ETA: 0s - loss: 2.5510 - acc: 0.2071
3860/3900 [============================>.] - ETA: 0s - loss: 2.5507 - acc: 0.2109
3900/3900 [==============================] - 5s 1ms/step - loss: 2.5505 - acc: 0.2126 - val_loss: 2.5487 - val_acc: 0.1919
Current time ....5.349
Train on 600 samples, validate on 86 samples
Epoch 1/1

 10/600 [..............................] - ETA: 19s - loss: 0.6852 - acc: 0.4000
 70/600 [==>...........................] - ETA: 2s - loss: 0.6988 - acc: 0.4000 
130/600 [=====>........................] - ETA: 1s - loss: 0.6891 - acc: 0.4846
190/600 [========>.....................] - ETA: 1s - loss: 0.6901 - acc: 0.5263
250/600 [===========>..................] - ETA: 0s - loss: 0.6860 - acc: 0.5400
310/600 [==============>...............] - ETA: 0s - loss: 0.6799 - acc: 0.5645
370/600 [=================>............] - ETA: 0s - loss: 0.6780 - acc: 0.5811
430/600 [====================>.........] - ETA: 0s - loss: 0.6735 - acc: 0.6093
490/600 [=======================>......] - ETA: 0s - loss: 0.6662 - acc: 0.6347
550/600 [==========================>...] - ETA: 0s - loss: 0.6632 - acc: 0.6473
600/600 [==============================] - 1s 1ms/step - loss: 0.6599 - acc: 0.6533 - val_loss: 0.6300 - val_acc: 0.7326
Current time ....0.875
Train on 1200 samples, validate on 68 samples
Epoch 1/1

  10/1200 [..............................] - ETA: 29s - loss: 1.3926 - acc: 0.3000
  70/1200 [>.............................] - ETA: 4s - loss: 1.3834 - acc: 0.3857 
 130/1200 [==>...........................] - ETA: 2s - loss: 1.3770 - acc: 0.4077
 190/1200 [===>..........................] - ETA: 2s - loss: 1.3745 - acc: 0.3947
 250/1200 [=====>........................] - ETA: 1s - loss: 1.3672 - acc: 0.3920
 310/1200 [======>.......................] - ETA: 1s - loss: 1.3623 - acc: 0.3968
 370/1200 [========>.....................] - ETA: 1s - loss: 1.3587 - acc: 0.3865
 430/1200 [=========>....................] - ETA: 1s - loss: 1.3550 - acc: 0.3814
 490/1200 [===========>..................] - ETA: 0s - loss: 1.3528 - acc: 0.3857
 550/1200 [============>.................] - ETA: 0s - loss: 1.3510 - acc: 0.3836
 610/1200 [==============>...............] - ETA: 0s - loss: 1.3439 - acc: 0.4131
 670/1200 [===============>..............] - ETA: 0s - loss: 1.3421 - acc: 0.4179
 730/1200 [=================>............] - ETA: 0s - loss: 1.3353 - acc: 0.4315
 790/1200 [==================>...........] - ETA: 0s - loss: 1.3296 - acc: 0.4316
 850/1200 [====================>.........] - ETA: 0s - loss: 1.3249 - acc: 0.4329
 910/1200 [=====================>........] - ETA: 0s - loss: 1.3198 - acc: 0.4418
 970/1200 [=======================>......] - ETA: 0s - loss: 1.3159 - acc: 0.4464
1030/1200 [========================>.....] - ETA: 0s - loss: 1.3099 - acc: 0.4515
1090/1200 [==========================>...] - ETA: 0s - loss: 1.3057 - acc: 0.4578
1150/1200 [===========================>..] - ETA: 0s - loss: 1.3001 - acc: 0.4670
1200/1200 [==============================] - 1s 1ms/step - loss: 1.2961 - acc: 0.4733 - val_loss: 1.3130 - val_acc: 0.1765
Current time ....1.316
Train on 3900 samples, validate on 99 samples
Epoch 1/1

  10/3900 [..............................] - ETA: 3s - loss: 2.5320 - acc: 0.4000
  70/3900 [..............................] - ETA: 3s - loss: 2.5328 - acc: 0.4571
 130/3900 [>.............................] - ETA: 3s - loss: 2.5308 - acc: 0.5231
 190/3900 [>.............................] - ETA: 3s - loss: 2.5301 - acc: 0.5211
 250/3900 [>.............................] - ETA: 3s - loss: 2.5302 - acc: 0.5000
 310/3900 [=>............................] - ETA: 3s - loss: 2.5301 - acc: 0.4742
 370/3900 [=>............................] - ETA: 3s - loss: 2.5302 - acc: 0.4622
 430/3900 [==>...........................] - ETA: 3s - loss: 2.5292 - acc: 0.4698
 490/3900 [==>...........................] - ETA: 3s - loss: 2.5291 - acc: 0.4571
 550/3900 [===>..........................] - ETA: 2s - loss: 2.5283 - acc: 0.4582
 610/3900 [===>..........................] - ETA: 2s - loss: 2.5276 - acc: 0.4639
 670/3900 [====>.........................] - ETA: 2s - loss: 2.5269 - acc: 0.4642
 730/3900 [====>.........................] - ETA: 2s - loss: 2.5268 - acc: 0.4479
 790/3900 [=====>........................] - ETA: 2s - loss: 2.5265 - acc: 0.4468
 850/3900 [=====>........................] - ETA: 2s - loss: 2.5262 - acc: 0.4412
 910/3900 [======>.......................] - ETA: 2s - loss: 2.5255 - acc: 0.4374
 970/3900 [======>.......................] - ETA: 2s - loss: 2.5255 - acc: 0.4320
1030/3900 [======>.......................] - ETA: 2s - loss: 2.5250 - acc: 0.4282
1090/3900 [=======>......................] - ETA: 2s - loss: 2.5248 - acc: 0.4220
1150/3900 [=======>......................] - ETA: 2s - loss: 2.5246 - acc: 0.4157
1210/3900 [========>.....................] - ETA: 2s - loss: 2.5235 - acc: 0.4182
1270/3900 [========>.....................] - ETA: 2s - loss: 2.5231 - acc: 0.4134
1330/3900 [=========>....................] - ETA: 2s - loss: 2.5229 - acc: 0.4083
1390/3900 [=========>....................] - ETA: 2s - loss: 2.5224 - acc: 0.4065
1450/3900 [==========>...................] - ETA: 2s - loss: 2.5216 - acc: 0.4097
1510/3900 [==========>...................] - ETA: 2s - loss: 2.5214 - acc: 0.4079
1570/3900 [===========>..................] - ETA: 2s - loss: 2.5210 - acc: 0.4076
1630/3900 [===========>..................] - ETA: 2s - loss: 2.5206 - acc: 0.4098
1690/3900 [============>.................] - ETA: 1s - loss: 2.5197 - acc: 0.4172
1750/3900 [============>.................] - ETA: 1s - loss: 2.5195 - acc: 0.4149
1810/3900 [============>.................] - ETA: 1s - loss: 2.5192 - acc: 0.4144
1870/3900 [=============>................] - ETA: 1s - loss: 2.5190 - acc: 0.4139
1930/3900 [=============>................] - ETA: 1s - loss: 2.5187 - acc: 0.4135
1990/3900 [==============>...............] - ETA: 1s - loss: 2.5183 - acc: 0.4136
2050/3900 [==============>...............] - ETA: 1s - loss: 2.5176 - acc: 0.4185
2110/3900 [===============>..............] - ETA: 1s - loss: 2.5173 - acc: 0.4194
2170/3900 [===============>..............] - ETA: 1s - loss: 2.5170 - acc: 0.4194
2230/3900 [================>.............] - ETA: 1s - loss: 2.5167 - acc: 0.4202
2290/3900 [================>.............] - ETA: 1s - loss: 2.5162 - acc: 0.4218
2350/3900 [=================>............] - ETA: 1s - loss: 2.5156 - acc: 0.4281
2410/3900 [=================>............] - ETA: 1s - loss: 2.5149 - acc: 0.4303
2470/3900 [==================>...........] - ETA: 1s - loss: 2.5143 - acc: 0.4300
2530/3900 [==================>...........] - ETA: 1s - loss: 2.5139 - acc: 0.4308
2590/3900 [==================>...........] - ETA: 1s - loss: 2.5133 - acc: 0.4336
2650/3900 [===================>..........] - ETA: 1s - loss: 2.5129 - acc: 0.4321
2710/3900 [===================>..........] - ETA: 1s - loss: 2.5124 - acc: 0.4343
2770/3900 [====================>.........] - ETA: 1s - loss: 2.5118 - acc: 0.4372
2830/3900 [====================>.........] - ETA: 0s - loss: 2.5113 - acc: 0.4378
2890/3900 [=====================>........] - ETA: 0s - loss: 2.5107 - acc: 0.4398
2950/3900 [=====================>........] - ETA: 0s - loss: 2.5101 - acc: 0.4393
3010/3900 [======================>.......] - ETA: 0s - loss: 2.5095 - acc: 0.4419
3070/3900 [======================>.......] - ETA: 0s - loss: 2.5088 - acc: 0.4446
3130/3900 [=======================>......] - ETA: 0s - loss: 2.5083 - acc: 0.4444
3190/3900 [=======================>......] - ETA: 0s - loss: 2.5077 - acc: 0.4439
3250/3900 [========================>.....] - ETA: 0s - loss: 2.5070 - acc: 0.4443
3310/3900 [========================>.....] - ETA: 0s - loss: 2.5064 - acc: 0.4447
3370/3900 [========================>.....] - ETA: 0s - loss: 2.5057 - acc: 0.4478
3430/3900 [=========================>....] - ETA: 0s - loss: 2.5050 - acc: 0.4475
3490/3900 [=========================>....] - ETA: 0s - loss: 2.5043 - acc: 0.4493
3550/3900 [==========================>...] - ETA: 0s - loss: 2.5037 - acc: 0.4496
3610/3900 [==========================>...] - ETA: 0s - loss: 2.5031 - acc: 0.4499
3670/3900 [===========================>..] - ETA: 0s - loss: 2.5025 - acc: 0.4480
3730/3900 [===========================>..] - ETA: 0s - loss: 2.5018 - acc: 0.4472
3790/3900 [============================>.] - ETA: 0s - loss: 2.5011 - acc: 0.4462
3850/3900 [============================>.] - ETA: 0s - loss: 2.5005 - acc: 0.4462
3900/3900 [==============================] - 3s 892us/step - loss: 2.4999 - acc: 0.4462 - val_loss: 2.4805 - val_acc: 0.3232
Current time ....3.480
Train on 600 samples, validate on 86 samples
Epoch 1/1

 10/600 [..............................] - ETA: 0s - loss: 0.6041 - acc: 0.9000
 70/600 [==>...........................] - ETA: 0s - loss: 0.5873 - acc: 0.9143
130/600 [=====>........................] - ETA: 0s - loss: 0.5980 - acc: 0.8846
190/600 [========>.....................] - ETA: 0s - loss: 0.5957 - acc: 0.8947
250/600 [===========>..................] - ETA: 0s - loss: 0.5934 - acc: 0.9080
310/600 [==============>...............] - ETA: 0s - loss: 0.5833 - acc: 0.9161
370/600 [=================>............] - ETA: 0s - loss: 0.5764 - acc: 0.9243
430/600 [====================>.........] - ETA: 0s - loss: 0.5707 - acc: 0.9279
490/600 [=======================>......] - ETA: 0s - loss: 0.5662 - acc: 0.9224
550/600 [==========================>...] - ETA: 0s - loss: 0.5557 - acc: 0.9218
600/600 [==============================] - 1s 912us/step - loss: 0.5509 - acc: 0.9183 - val_loss: 0.5322 - val_acc: 0.9070
Current time ....0.547
Train on 1200 samples, validate on 68 samples
Epoch 1/1

  10/1200 [..............................] - ETA: 1s - loss: 1.0890 - acc: 0.5000
  70/1200 [>.............................] - ETA: 0s - loss: 1.1620 - acc: 0.5571
 130/1200 [==>...........................] - ETA: 0s - loss: 1.1688 - acc: 0.5692
 190/1200 [===>..........................] - ETA: 0s - loss: 1.1637 - acc: 0.5789
 250/1200 [=====>........................] - ETA: 0s - loss: 1.1594 - acc: 0.5880
 310/1200 [======>.......................] - ETA: 0s - loss: 1.1551 - acc: 0.6032
 370/1200 [========>.....................] - ETA: 0s - loss: 1.1375 - acc: 0.6162
 430/1200 [=========>....................] - ETA: 0s - loss: 1.1359 - acc: 0.6116
 490/1200 [===========>..................] - ETA: 0s - loss: 1.1320 - acc: 0.6102
 550/1200 [============>.................] - ETA: 0s - loss: 1.1284 - acc: 0.6036
 610/1200 [==============>...............] - ETA: 0s - loss: 1.1271 - acc: 0.6000
 670/1200 [===============>..............] - ETA: 0s - loss: 1.1285 - acc: 0.5985
 730/1200 [=================>............] - ETA: 0s - loss: 1.1253 - acc: 0.5986
 790/1200 [==================>...........] - ETA: 0s - loss: 1.1156 - acc: 0.6063
 850/1200 [====================>.........] - ETA: 0s - loss: 1.1112 - acc: 0.6047
 910/1200 [=====================>........] - ETA: 0s - loss: 1.1030 - acc: 0.6099
 970/1200 [=======================>......] - ETA: 0s - loss: 1.1014 - acc: 0.6124
1030/1200 [========================>.....] - ETA: 0s - loss: 1.0956 - acc: 0.6146
1090/1200 [==========================>...] - ETA: 0s - loss: 1.0809 - acc: 0.6229
1150/1200 [===========================>..] - ETA: 0s - loss: 1.0739 - acc: 0.6261
1200/1200 [==============================] - 1s 904us/step - loss: 1.0710 - acc: 0.6225 - val_loss: 1.1105 - val_acc: 0.4559
Current time ....1.085
Train on 3900 samples, validate on 99 samples
Epoch 1/1

  10/3900 [..............................] - ETA: 3s - loss: 2.4270 - acc: 0.6000
  70/3900 [..............................] - ETA: 3s - loss: 2.4373 - acc: 0.6429
 130/3900 [>.............................] - ETA: 3s - loss: 2.4360 - acc: 0.5923
 190/3900 [>.............................] - ETA: 3s - loss: 2.4355 - acc: 0.5684
 250/3900 [>.............................] - ETA: 3s - loss: 2.4354 - acc: 0.5240
 310/3900 [=>............................] - ETA: 3s - loss: 2.4345 - acc: 0.4935
 370/3900 [=>............................] - ETA: 3s - loss: 2.4337 - acc: 0.4865
 430/3900 [==>...........................] - ETA: 3s - loss: 2.4335 - acc: 0.4605
 490/3900 [==>...........................] - ETA: 3s - loss: 2.4312 - acc: 0.4592
 550/3900 [===>..........................] - ETA: 3s - loss: 2.4293 - acc: 0.4473
 610/3900 [===>..........................] - ETA: 2s - loss: 2.4278 - acc: 0.4393
 670/3900 [====>.........................] - ETA: 2s - loss: 2.4271 - acc: 0.4254
 730/3900 [====>.........................] - ETA: 2s - loss: 2.4271 - acc: 0.4123
 790/3900 [=====>........................] - ETA: 2s - loss: 2.4260 - acc: 0.4013
 850/3900 [=====>........................] - ETA: 2s - loss: 2.4245 - acc: 0.3965
 910/3900 [======>.......................] - ETA: 2s - loss: 2.4235 - acc: 0.3901
 970/3900 [======>.......................] - ETA: 2s - loss: 2.4213 - acc: 0.3876
1030/3900 [======>.......................] - ETA: 2s - loss: 2.4198 - acc: 0.3874
1090/3900 [=======>......................] - ETA: 2s - loss: 2.4178 - acc: 0.3872
1150/3900 [=======>......................] - ETA: 2s - loss: 2.4172 - acc: 0.3861
1210/3900 [========>.....................] - ETA: 2s - loss: 2.4149 - acc: 0.3917
1270/3900 [========>.....................] - ETA: 2s - loss: 2.4137 - acc: 0.3913
1330/3900 [=========>....................] - ETA: 2s - loss: 2.4138 - acc: 0.3940
1390/3900 [=========>....................] - ETA: 2s - loss: 2.4125 - acc: 0.4007
1450/3900 [==========>...................] - ETA: 2s - loss: 2.4108 - acc: 0.3972
1510/3900 [==========>...................] - ETA: 2s - loss: 2.4099 - acc: 0.3974
1570/3900 [===========>..................] - ETA: 2s - loss: 2.4084 - acc: 0.3981
1630/3900 [===========>..................] - ETA: 2s - loss: 2.4068 - acc: 0.3963
1690/3900 [============>.................] - ETA: 1s - loss: 2.4056 - acc: 0.3935
1750/3900 [============>.................] - ETA: 1s - loss: 2.4034 - acc: 0.3971
1810/3900 [============>.................] - ETA: 1s - loss: 2.4024 - acc: 0.3945
1870/3900 [=============>................] - ETA: 1s - loss: 2.4000 - acc: 0.3973
1930/3900 [=============>................] - ETA: 1s - loss: 2.3986 - acc: 0.3964
1990/3900 [==============>...............] - ETA: 1s - loss: 2.3964 - acc: 0.3955
2050/3900 [==============>...............] - ETA: 1s - loss: 2.3942 - acc: 0.3951
2110/3900 [===============>..............] - ETA: 1s - loss: 2.3921 - acc: 0.3953
2170/3900 [===============>..............] - ETA: 1s - loss: 2.3902 - acc: 0.3931
2230/3900 [================>.............] - ETA: 1s - loss: 2.3886 - acc: 0.3933
2290/3900 [================>.............] - ETA: 1s - loss: 2.3872 - acc: 0.3921
2350/3900 [=================>............] - ETA: 1s - loss: 2.3853 - acc: 0.3945
2410/3900 [=================>............] - ETA: 1s - loss: 2.3828 - acc: 0.3942
2470/3900 [==================>...........] - ETA: 1s - loss: 2.3803 - acc: 0.3964
2530/3900 [==================>...........] - ETA: 1s - loss: 2.3780 - acc: 0.3988
2590/3900 [==================>...........] - ETA: 1s - loss: 2.3761 - acc: 0.3981
2650/3900 [===================>..........] - ETA: 1s - loss: 2.3741 - acc: 0.3966
2710/3900 [===================>..........] - ETA: 1s - loss: 2.3719 - acc: 0.3967
2770/3900 [====================>.........] - ETA: 1s - loss: 2.3697 - acc: 0.3935
2830/3900 [====================>.........] - ETA: 0s - loss: 2.3669 - acc: 0.3933
2890/3900 [=====================>........] - ETA: 0s - loss: 2.3651 - acc: 0.3938
2950/3900 [=====================>........] - ETA: 0s - loss: 2.3628 - acc: 0.3949
3010/3900 [======================>.......] - ETA: 0s - loss: 2.3601 - acc: 0.3947
3070/3900 [======================>.......] - ETA: 0s - loss: 2.3566 - acc: 0.3961
3130/3900 [=======================>......] - ETA: 0s - loss: 2.3536 - acc: 0.3978
3190/3900 [=======================>......] - ETA: 0s - loss: 2.3512 - acc: 0.3978
3250/3900 [========================>.....] - ETA: 0s - loss: 2.3492 - acc: 0.3975
3310/3900 [========================>.....] - ETA: 0s - loss: 2.3462 - acc: 0.4003
3370/3900 [========================>.....] - ETA: 0s - loss: 2.3430 - acc: 0.4018
3430/3900 [=========================>....] - ETA: 0s - loss: 2.3402 - acc: 0.4012
3490/3900 [=========================>....] - ETA: 0s - loss: 2.3370 - acc: 0.4029
3550/3900 [==========================>...] - ETA: 0s - loss: 2.3341 - acc: 0.4023
3610/3900 [==========================>...] - ETA: 0s - loss: 2.3312 - acc: 0.4017
3670/3900 [===========================>..] - ETA: 0s - loss: 2.3286 - acc: 0.4011
3730/3900 [===========================>..] - ETA: 0s - loss: 2.3252 - acc: 0.4003
3790/3900 [============================>.] - ETA: 0s - loss: 2.3226 - acc: 0.3984
3850/3900 [============================>.] - ETA: 0s - loss: 2.3192 - acc: 0.3990
3900/3900 [==============================] - 4s 899us/step - loss: 2.3166 - acc: 0.3995 - val_loss: 2.2015 - val_acc: 0.1717
Current time ....3.508
Train on 600 samples, validate on 86 samples
Epoch 1/1

 10/600 [..............................] - ETA: 0s - loss: 0.5096 - acc: 1.0000
 70/600 [==>...........................] - ETA: 0s - loss: 0.4630 - acc: 0.9714
130/600 [=====>........................] - ETA: 0s - loss: 0.4629 - acc: 0.9615
190/600 [========>.....................] - ETA: 0s - loss: 0.4553 - acc: 0.9526
250/600 [===========>..................] - ETA: 0s - loss: 0.4529 - acc: 0.9600
310/600 [==============>...............] - ETA: 0s - loss: 0.4446 - acc: 0.9645
370/600 [=================>............] - ETA: 0s - loss: 0.4294 - acc: 0.9649
430/600 [====================>.........] - ETA: 0s - loss: 0.4185 - acc: 0.9674
490/600 [=======================>......] - ETA: 0s - loss: 0.4132 - acc: 0.9694
550/600 [==========================>...] - ETA: 0s - loss: 0.4032 - acc: 0.9709
600/600 [==============================] - 1s 932us/step - loss: 0.3989 - acc: 0.9700 - val_loss: 0.4356 - val_acc: 0.8953
Current time ....0.559
Train on 1200 samples, validate on 68 samples
Epoch 1/1

  10/1200 [..............................] - ETA: 1s - loss: 0.9729 - acc: 0.7000
  70/1200 [>.............................] - ETA: 1s - loss: 1.0170 - acc: 0.5571
 130/1200 [==>...........................] - ETA: 0s - loss: 0.9571 - acc: 0.5923
 190/1200 [===>..........................] - ETA: 0s - loss: 0.9379 - acc: 0.6368
 250/1200 [=====>........................] - ETA: 0s - loss: 0.9472 - acc: 0.6320
 310/1200 [======>.......................] - ETA: 0s - loss: 0.9374 - acc: 0.6452
 370/1200 [========>.....................] - ETA: 0s - loss: 0.9246 - acc: 0.6514
 430/1200 [=========>....................] - ETA: 0s - loss: 0.9117 - acc: 0.6581
 490/1200 [===========>..................] - ETA: 0s - loss: 0.8932 - acc: 0.6633
 550/1200 [============>.................] - ETA: 0s - loss: 0.8926 - acc: 0.6655
 610/1200 [==============>...............] - ETA: 0s - loss: 0.8828 - acc: 0.6738
 670/1200 [===============>..............] - ETA: 0s - loss: 0.8795 - acc: 0.6731
 720/1200 [=================>............] - ETA: 0s - loss: 0.8705 - acc: 0.6778
 780/1200 [==================>...........] - ETA: 0s - loss: 0.8699 - acc: 0.6769
 840/1200 [====================>.........] - ETA: 0s - loss: 0.8663 - acc: 0.6798
 900/1200 [=====================>........] - ETA: 0s - loss: 0.8641 - acc: 0.6811
 960/1200 [=======================>......] - ETA: 0s - loss: 0.8670 - acc: 0.6781
1020/1200 [========================>.....] - ETA: 0s - loss: 0.8591 - acc: 0.6843
1080/1200 [==========================>...] - ETA: 0s - loss: 0.8488 - acc: 0.6880
1140/1200 [===========================>..] - ETA: 0s - loss: 0.8473 - acc: 0.6886
1200/1200 [==============================] - 1s 906us/step - loss: 0.8434 - acc: 0.6900 - val_loss: 0.9539 - val_acc: 0.6029
Current time ....1.087
Train on 3900 samples, validate on 99 samples
Epoch 1/1

  10/3900 [..............................] - ETA: 3s - loss: 2.0354 - acc: 0.6000
  70/3900 [..............................] - ETA: 3s - loss: 2.0633 - acc: 0.4286
 130/3900 [>.............................] - ETA: 3s - loss: 2.0728 - acc: 0.4231
 190/3900 [>.............................] - ETA: 3s - loss: 2.0840 - acc: 0.3947
 250/3900 [>.............................] - ETA: 3s - loss: 2.0794 - acc: 0.3920
 310/3900 [=>............................] - ETA: 3s - loss: 2.0755 - acc: 0.3645
 370/3900 [=>............................] - ETA: 3s - loss: 2.0807 - acc: 0.3486
 430/3900 [==>...........................] - ETA: 3s - loss: 2.0797 - acc: 0.3419
 490/3900 [==>...........................] - ETA: 3s - loss: 2.0793 - acc: 0.3286
 550/3900 [===>..........................] - ETA: 2s - loss: 2.0768 - acc: 0.3382
 610/3900 [===>..........................] - ETA: 2s - loss: 2.0782 - acc: 0.3443
 670/3900 [====>.........................] - ETA: 2s - loss: 2.0773 - acc: 0.3478
 730/3900 [====>.........................] - ETA: 2s - loss: 2.0673 - acc: 0.3534
 790/3900 [=====>........................] - ETA: 2s - loss: 2.0620 - acc: 0.3633
 850/3900 [=====>........................] - ETA: 2s - loss: 2.0619 - acc: 0.3659
 910/3900 [======>.......................] - ETA: 2s - loss: 2.0609 - acc: 0.3582
 970/3900 [======>.......................] - ETA: 2s - loss: 2.0586 - acc: 0.3577
1030/3900 [======>.......................] - ETA: 2s - loss: 2.0562 - acc: 0.3592
1090/3900 [=======>......................] - ETA: 2s - loss: 2.0522 - acc: 0.3587
1150/3900 [=======>......................] - ETA: 2s - loss: 2.0499 - acc: 0.3539
1210/3900 [========>.....................] - ETA: 2s - loss: 2.0468 - acc: 0.3529
1270/3900 [========>.....................] - ETA: 2s - loss: 2.0454 - acc: 0.3551
1330/3900 [=========>....................] - ETA: 2s - loss: 2.0421 - acc: 0.3564
1390/3900 [=========>....................] - ETA: 2s - loss: 2.0406 - acc: 0.3554
1450/3900 [==========>...................] - ETA: 2s - loss: 2.0364 - acc: 0.3517
1510/3900 [==========>...................] - ETA: 2s - loss: 2.0330 - acc: 0.3517
1570/3900 [===========>..................] - ETA: 2s - loss: 2.0304 - acc: 0.3497
1630/3900 [===========>..................] - ETA: 2s - loss: 2.0284 - acc: 0.3509
1690/3900 [============>.................] - ETA: 1s - loss: 2.0239 - acc: 0.3538
1750/3900 [============>.................] - ETA: 1s - loss: 2.0223 - acc: 0.3589
1810/3900 [============>.................] - ETA: 1s - loss: 2.0205 - acc: 0.3597
1870/3900 [=============>................] - ETA: 1s - loss: 2.0192 - acc: 0.3594
1930/3900 [=============>................] - ETA: 1s - loss: 2.0193 - acc: 0.3585
1990/3900 [==============>...............] - ETA: 1s - loss: 2.0179 - acc: 0.3568
2050/3900 [==============>...............] - ETA: 1s - loss: 2.0158 - acc: 0.3595
2110/3900 [===============>..............] - ETA: 1s - loss: 2.0144 - acc: 0.3611
2170/3900 [===============>..............] - ETA: 1s - loss: 2.0117 - acc: 0.3664
2230/3900 [================>.............] - ETA: 1s - loss: 2.0084 - acc: 0.3704
2290/3900 [================>.............] - ETA: 1s - loss: 2.0069 - acc: 0.3694
2350/3900 [=================>............] - ETA: 1s - loss: 2.0030 - acc: 0.3715
2410/3900 [=================>............] - ETA: 1s - loss: 1.9998 - acc: 0.3734
2470/3900 [==================>...........] - ETA: 1s - loss: 1.9977 - acc: 0.3741
2530/3900 [==================>...........] - ETA: 1s - loss: 1.9949 - acc: 0.3755
2590/3900 [==================>...........] - ETA: 1s - loss: 1.9921 - acc: 0.3772
2650/3900 [===================>..........] - ETA: 1s - loss: 1.9904 - acc: 0.3770
2710/3900 [===================>..........] - ETA: 1s - loss: 1.9874 - acc: 0.3786
2770/3900 [====================>.........] - ETA: 1s - loss: 1.9844 - acc: 0.3805
2830/3900 [====================>.........] - ETA: 0s - loss: 1.9823 - acc: 0.3784
2890/3900 [=====================>........] - ETA: 0s - loss: 1.9803 - acc: 0.3796
2950/3900 [=====================>........] - ETA: 0s - loss: 1.9780 - acc: 0.3786
3010/3900 [======================>.......] - ETA: 0s - loss: 1.9750 - acc: 0.3787
3070/3900 [======================>.......] - ETA: 0s - loss: 1.9723 - acc: 0.3827
3130/3900 [=======================>......] - ETA: 0s - loss: 1.9684 - acc: 0.3866
3190/3900 [=======================>......] - ETA: 0s - loss: 1.9666 - acc: 0.3853
3250/3900 [========================>.....] - ETA: 0s - loss: 1.9642 - acc: 0.3865
3310/3900 [========================>.....] - ETA: 0s - loss: 1.9615 - acc: 0.3897
3370/3900 [========================>.....] - ETA: 0s - loss: 1.9599 - acc: 0.3908
3430/3900 [=========================>....] - ETA: 0s - loss: 1.9581 - acc: 0.3910
3490/3900 [=========================>....] - ETA: 0s - loss: 1.9547 - acc: 0.3928
3550/3900 [==========================>...] - ETA: 0s - loss: 1.9521 - acc: 0.3944
3610/3900 [==========================>...] - ETA: 0s - loss: 1.9497 - acc: 0.3950
3670/3900 [===========================>..] - ETA: 0s - loss: 1.9481 - acc: 0.3959
3730/3900 [===========================>..] - ETA: 0s - loss: 1.9452 - acc: 0.3957
3790/3900 [============================>.] - ETA: 0s - loss: 1.9430 - acc: 0.3968
3850/3900 [============================>.] - ETA: 0s - loss: 1.9413 - acc: 0.3971
3900/3900 [==============================] - 4s 901us/step - loss: 1.9404 - acc: 0.3979 - val_loss: 1.9168 - val_acc: 0.2828
Current time ....3.516
Train on 600 samples, validate on 86 samples
Epoch 1/1

 10/600 [..............................] - ETA: 0s - loss: 0.3265 - acc: 1.0000
 70/600 [==>...........................] - ETA: 0s - loss: 0.3168 - acc: 0.9714
130/600 [=====>........................] - ETA: 0s - loss: 0.3404 - acc: 0.9615
190/600 [========>.....................] - ETA: 0s - loss: 0.3151 - acc: 0.9632
250/600 [===========>..................] - ETA: 0s - loss: 0.3028 - acc: 0.9720
310/600 [==============>...............] - ETA: 0s - loss: 0.2931 - acc: 0.9710
370/600 [=================>............] - ETA: 0s - loss: 0.2791 - acc: 0.9757
430/600 [====================>.........] - ETA: 0s - loss: 0.2773 - acc: 0.9767
490/600 [=======================>......] - ETA: 0s - loss: 0.2698 - acc: 0.9776
550/600 [==========================>...] - ETA: 0s - loss: 0.2623 - acc: 0.9800
600/600 [==============================] - 1s 921us/step - loss: 0.2558 - acc: 0.9817 - val_loss: 0.3882 - val_acc: 0.8953
Current time ....0.553
Train on 1200 samples, validate on 68 samples
Epoch 1/1

  10/1200 [..............................] - ETA: 1s - loss: 0.8753 - acc: 0.7000
  70/1200 [>.............................] - ETA: 1s - loss: 0.7734 - acc: 0.7571
 130/1200 [==>...........................] - ETA: 0s - loss: 0.7278 - acc: 0.7615
 190/1200 [===>..........................] - ETA: 0s - loss: 0.7118 - acc: 0.7842
 250/1200 [=====>........................] - ETA: 0s - loss: 0.7140 - acc: 0.7760
 310/1200 [======>.......................] - ETA: 0s - loss: 0.7054 - acc: 0.7677
 370/1200 [========>.....................] - ETA: 0s - loss: 0.7137 - acc: 0.7730
 430/1200 [=========>....................] - ETA: 0s - loss: 0.6958 - acc: 0.7860
 490/1200 [===========>..................] - ETA: 0s - loss: 0.6936 - acc: 0.7837
 550/1200 [============>.................] - ETA: 0s - loss: 0.6910 - acc: 0.7782
 600/1200 [==============>...............] - ETA: 0s - loss: 0.6882 - acc: 0.7833
 660/1200 [===============>..............] - ETA: 0s - loss: 0.6809 - acc: 0.7879
 720/1200 [=================>............] - ETA: 0s - loss: 0.6803 - acc: 0.7875
 780/1200 [==================>...........] - ETA: 0s - loss: 0.6722 - acc: 0.7872
 840/1200 [====================>.........] - ETA: 0s - loss: 0.6587 - acc: 0.7952
 900/1200 [=====================>........] - ETA: 0s - loss: 0.6572 - acc: 0.7922
 960/1200 [=======================>......] - ETA: 0s - loss: 0.6510 - acc: 0.7958
1020/1200 [========================>.....] - ETA: 0s - loss: 0.6538 - acc: 0.7902
1080/1200 [==========================>...] - ETA: 0s - loss: 0.6467 - acc: 0.7917
1140/1200 [===========================>..] - ETA: 0s - loss: 0.6408 - acc: 0.7939
1200/1200 [==============================] - 1s 909us/step - loss: 0.6375 - acc: 0.7958 - val_loss: 0.9728 - val_acc: 0.5882
Current time ....1.091
Train on 3900 samples, validate on 99 samples
Epoch 1/1

  10/3900 [..............................] - ETA: 3s - loss: 1.7909 - acc: 0.5000
  70/3900 [..............................] - ETA: 3s - loss: 1.8091 - acc: 0.3857
 130/3900 [>.............................] - ETA: 3s - loss: 1.7985 - acc: 0.4000
 190/3900 [>.............................] - ETA: 3s - loss: 1.8023 - acc: 0.3895
 250/3900 [>.............................] - ETA: 3s - loss: 1.8001 - acc: 0.3840
 310/3900 [=>............................] - ETA: 3s - loss: 1.7924 - acc: 0.3968
 370/3900 [=>............................] - ETA: 3s - loss: 1.7913 - acc: 0.3946
 430/3900 [==>...........................] - ETA: 3s - loss: 1.7912 - acc: 0.3930
 490/3900 [==>...........................] - ETA: 3s - loss: 1.7931 - acc: 0.3980
 550/3900 [===>..........................] - ETA: 2s - loss: 1.7978 - acc: 0.3909
 610/3900 [===>..........................] - ETA: 2s - loss: 1.8007 - acc: 0.3836
 670/3900 [====>.........................] - ETA: 2s - loss: 1.7981 - acc: 0.3896
 730/3900 [====>.........................] - ETA: 2s - loss: 1.7976 - acc: 0.3959
 790/3900 [=====>........................] - ETA: 2s - loss: 1.7956 - acc: 0.3962
 850/3900 [=====>........................] - ETA: 2s - loss: 1.7961 - acc: 0.3976
 910/3900 [======>.......................] - ETA: 2s - loss: 1.8015 - acc: 0.3956
 970/3900 [======>.......................] - ETA: 2s - loss: 1.8030 - acc: 0.3979
1030/3900 [======>.......................] - ETA: 2s - loss: 1.8013 - acc: 0.4019
1090/3900 [=======>......................] - ETA: 2s - loss: 1.7974 - acc: 0.4083
1150/3900 [=======>......................] - ETA: 2s - loss: 1.7932 - acc: 0.4113
1210/3900 [========>.....................] - ETA: 2s - loss: 1.7869 - acc: 0.4132
1270/3900 [========>.....................] - ETA: 2s - loss: 1.7861 - acc: 0.4102
1330/3900 [=========>....................] - ETA: 2s - loss: 1.7824 - acc: 0.4113
1390/3900 [=========>....................] - ETA: 2s - loss: 1.7825 - acc: 0.4086
1450/3900 [==========>...................] - ETA: 2s - loss: 1.7804 - acc: 0.4138
1510/3900 [==========>...................] - ETA: 2s - loss: 1.7812 - acc: 0.4146
1570/3900 [===========>..................] - ETA: 2s - loss: 1.7787 - acc: 0.4134
1630/3900 [===========>..................] - ETA: 2s - loss: 1.7774 - acc: 0.4153
1690/3900 [============>.................] - ETA: 1s - loss: 1.7708 - acc: 0.4201
1750/3900 [============>.................] - ETA: 1s - loss: 1.7699 - acc: 0.4189
1810/3900 [============>.................] - ETA: 1s - loss: 1.7647 - acc: 0.4221
1870/3900 [=============>................] - ETA: 1s - loss: 1.7647 - acc: 0.4219
1930/3900 [=============>................] - ETA: 1s - loss: 1.7599 - acc: 0.4228
1990/3900 [==============>...............] - ETA: 1s - loss: 1.7601 - acc: 0.4211
2050/3900 [==============>...............] - ETA: 1s - loss: 1.7610 - acc: 0.4210
2110/3900 [===============>..............] - ETA: 1s - loss: 1.7595 - acc: 0.4232
2170/3900 [===============>..............] - ETA: 1s - loss: 1.7584 - acc: 0.4230
2230/3900 [================>.............] - ETA: 1s - loss: 1.7541 - acc: 0.4283
2290/3900 [================>.............] - ETA: 1s - loss: 1.7546 - acc: 0.4284
2350/3900 [=================>............] - ETA: 1s - loss: 1.7525 - acc: 0.4311
2410/3900 [=================>............] - ETA: 1s - loss: 1.7497 - acc: 0.4315
2470/3900 [==================>...........] - ETA: 1s - loss: 1.7482 - acc: 0.4328
2530/3900 [==================>...........] - ETA: 1s - loss: 1.7472 - acc: 0.4356
2590/3900 [==================>...........] - ETA: 1s - loss: 1.7453 - acc: 0.4375
2650/3900 [===================>..........] - ETA: 1s - loss: 1.7443 - acc: 0.4381
2710/3900 [===================>..........] - ETA: 1s - loss: 1.7425 - acc: 0.4406
2770/3900 [====================>.........] - ETA: 1s - loss: 1.7418 - acc: 0.4397
2830/3900 [====================>.........] - ETA: 0s - loss: 1.7409 - acc: 0.4389
2890/3900 [=====================>........] - ETA: 0s - loss: 1.7388 - acc: 0.4394
2950/3900 [=====================>........] - ETA: 0s - loss: 1.7385 - acc: 0.4397
3010/3900 [======================>.......] - ETA: 0s - loss: 1.7380 - acc: 0.4399
3070/3900 [======================>.......] - ETA: 0s - loss: 1.7362 - acc: 0.4414
3130/3900 [=======================>......] - ETA: 0s - loss: 1.7366 - acc: 0.4399
3190/3900 [=======================>......] - ETA: 0s - loss: 1.7357 - acc: 0.4401
3250/3900 [========================>.....] - ETA: 0s - loss: 1.7356 - acc: 0.4403
3310/3900 [========================>.....] - ETA: 0s - loss: 1.7342 - acc: 0.4411
3370/3900 [========================>.....] - ETA: 0s - loss: 1.7312 - acc: 0.4433
3430/3900 [=========================>....] - ETA: 0s - loss: 1.7301 - acc: 0.4443
3490/3900 [=========================>....] - ETA: 0s - loss: 1.7268 - acc: 0.4464
3550/3900 [==========================>...] - ETA: 0s - loss: 1.7253 - acc: 0.4465
3610/3900 [==========================>...] - ETA: 0s - loss: 1.7220 - acc: 0.4488
3670/3900 [===========================>..] - ETA: 0s - loss: 1.7200 - acc: 0.4485
3730/3900 [===========================>..] - ETA: 0s - loss: 1.7203 - acc: 0.4475
3790/3900 [============================>.] - ETA: 0s - loss: 1.7186 - acc: 0.4475
3850/3900 [============================>.] - ETA: 0s - loss: 1.7169 - acc: 0.4483
3900/3900 [==============================] - 4s 904us/step - loss: 1.7154 - acc: 0.4492 - val_loss: 1.8659 - val_acc: 0.3131
Current time ....3.525
Train on 600 samples, validate on 86 samples
Epoch 1/1

 10/600 [..............................] - ETA: 0s - loss: 0.2188 - acc: 1.0000
 70/600 [==>...........................] - ETA: 0s - loss: 0.2092 - acc: 0.9857
130/600 [=====>........................] - ETA: 0s - loss: 0.2110 - acc: 0.9769
190/600 [========>.....................] - ETA: 0s - loss: 0.1859 - acc: 0.9789
250/600 [===========>..................] - ETA: 0s - loss: 0.1881 - acc: 0.9840
310/600 [==============>...............] - ETA: 0s - loss: 0.1820 - acc: 0.9871
370/600 [=================>............] - ETA: 0s - loss: 0.1772 - acc: 0.9865
430/600 [====================>.........] - ETA: 0s - loss: 0.1744 - acc: 0.9837
490/600 [=======================>......] - ETA: 0s - loss: 0.1654 - acc: 0.9857
550/600 [==========================>...] - ETA: 0s - loss: 0.1680 - acc: 0.9836
600/600 [==============================] - 1s 924us/step - loss: 0.1641 - acc: 0.9850 - val_loss: 0.3611 - val_acc: 0.9070
Current time ....0.555
Train on 1200 samples, validate on 68 samples
Epoch 1/1

  10/1200 [..............................] - ETA: 1s - loss: 0.3788 - acc: 1.0000
  70/1200 [>.............................] - ETA: 1s - loss: 0.4731 - acc: 0.9429
 130/1200 [==>...........................] - ETA: 0s - loss: 0.5675 - acc: 0.8769
 190/1200 [===>..........................] - ETA: 0s - loss: 0.5348 - acc: 0.8947
 250/1200 [=====>........................] - ETA: 0s - loss: 0.5224 - acc: 0.8840
 310/1200 [======>.......................] - ETA: 0s - loss: 0.5246 - acc: 0.8742
 370/1200 [========>.....................] - ETA: 0s - loss: 0.5171 - acc: 0.8757
 430/1200 [=========>....................] - ETA: 0s - loss: 0.5119 - acc: 0.8721
 490/1200 [===========>..................] - ETA: 0s - loss: 0.5071 - acc: 0.8755
 550/1200 [============>.................] - ETA: 0s - loss: 0.5082 - acc: 0.8709
 610/1200 [==============>...............] - ETA: 0s - loss: 0.5053 - acc: 0.8705
 670/1200 [===============>..............] - ETA: 0s - loss: 0.5013 - acc: 0.8716
 730/1200 [=================>............] - ETA: 0s - loss: 0.4953 - acc: 0.8685
 790/1200 [==================>...........] - ETA: 0s - loss: 0.4895 - acc: 0.8722
 850/1200 [====================>.........] - ETA: 0s - loss: 0.4870 - acc: 0.8729
 910/1200 [=====================>........] - ETA: 0s - loss: 0.4832 - acc: 0.8714
 970/1200 [=======================>......] - ETA: 0s - loss: 0.4785 - acc: 0.8722
1030/1200 [========================>.....] - ETA: 0s - loss: 0.4758 - acc: 0.8670
1090/1200 [==========================>...] - ETA: 0s - loss: 0.4761 - acc: 0.8633
1150/1200 [===========================>..] - ETA: 0s - loss: 0.4740 - acc: 0.8635
1200/1200 [==============================] - 1s 906us/step - loss: 0.4732 - acc: 0.8633 - val_loss: 0.8779 - val_acc: 0.6765
Current time ....1.088
Train on 3900 samples, validate on 99 samples
Epoch 1/1

  10/3900 [..............................] - ETA: 3s - loss: 1.6594 - acc: 0.6000
  70/3900 [..............................] - ETA: 3s - loss: 1.5739 - acc: 0.5857
 130/3900 [>.............................] - ETA: 3s - loss: 1.6025 - acc: 0.5154
 190/3900 [>.............................] - ETA: 3s - loss: 1.5950 - acc: 0.4842
 250/3900 [>.............................] - ETA: 3s - loss: 1.5987 - acc: 0.4880
 310/3900 [=>............................] - ETA: 3s - loss: 1.5854 - acc: 0.4935
 370/3900 [=>............................] - ETA: 3s - loss: 1.5870 - acc: 0.4973
 430/3900 [==>...........................] - ETA: 3s - loss: 1.5776 - acc: 0.5070
 490/3900 [==>...........................] - ETA: 3s - loss: 1.5887 - acc: 0.5020
 550/3900 [===>..........................] - ETA: 3s - loss: 1.5901 - acc: 0.4964
 610/3900 [===>..........................] - ETA: 2s - loss: 1.5841 - acc: 0.4967
 670/3900 [====>.........................] - ETA: 2s - loss: 1.5832 - acc: 0.5000
 730/3900 [====>.........................] - ETA: 2s - loss: 1.5787 - acc: 0.5000
 790/3900 [=====>........................] - ETA: 2s - loss: 1.5809 - acc: 0.4937
 850/3900 [=====>........................] - ETA: 2s - loss: 1.5783 - acc: 0.4953
 910/3900 [======>.......................] - ETA: 2s - loss: 1.5823 - acc: 0.5000
 970/3900 [======>.......................] - ETA: 2s - loss: 1.5838 - acc: 0.4938
1030/3900 [======>.......................] - ETA: 2s - loss: 1.5805 - acc: 0.5010
1090/3900 [=======>......................] - ETA: 2s - loss: 1.5738 - acc: 0.5064
1150/3900 [=======>......................] - ETA: 2s - loss: 1.5712 - acc: 0.5052
1210/3900 [========>.....................] - ETA: 2s - loss: 1.5695 - acc: 0.5041
1270/3900 [========>.....................] - ETA: 2s - loss: 1.5646 - acc: 0.5047
1330/3900 [=========>....................] - ETA: 2s - loss: 1.5649 - acc: 0.5068
1390/3900 [=========>....................] - ETA: 2s - loss: 1.5642 - acc: 0.5065
1450/3900 [==========>...................] - ETA: 2s - loss: 1.5645 - acc: 0.5055
1510/3900 [==========>...................] - ETA: 2s - loss: 1.5612 - acc: 0.5113
1570/3900 [===========>..................] - ETA: 2s - loss: 1.5604 - acc: 0.5115
1630/3900 [===========>..................] - ETA: 2s - loss: 1.5600 - acc: 0.5123
1690/3900 [============>.................] - ETA: 1s - loss: 1.5575 - acc: 0.5118
1750/3900 [============>.................] - ETA: 1s - loss: 1.5553 - acc: 0.5120
1810/3900 [============>.................] - ETA: 1s - loss: 1.5568 - acc: 0.5099
1870/3900 [=============>................] - ETA: 1s - loss: 1.5541 - acc: 0.5123
1930/3900 [=============>................] - ETA: 1s - loss: 1.5549 - acc: 0.5109
1990/3900 [==============>...............] - ETA: 1s - loss: 1.5534 - acc: 0.5106
2050/3900 [==============>...............] - ETA: 1s - loss: 1.5535 - acc: 0.5088
2110/3900 [===============>..............] - ETA: 1s - loss: 1.5522 - acc: 0.5104
2170/3900 [===============>..............] - ETA: 1s - loss: 1.5502 - acc: 0.5134
2230/3900 [================>.............] - ETA: 1s - loss: 1.5460 - acc: 0.5179
2290/3900 [================>.............] - ETA: 1s - loss: 1.5421 - acc: 0.5188
2350/3900 [=================>............] - ETA: 1s - loss: 1.5394 - acc: 0.5200
2410/3900 [=================>............] - ETA: 1s - loss: 1.5363 - acc: 0.5237
2470/3900 [==================>...........] - ETA: 1s - loss: 1.5361 - acc: 0.5243
2530/3900 [==================>...........] - ETA: 1s - loss: 1.5326 - acc: 0.5289
2590/3900 [==================>...........] - ETA: 1s - loss: 1.5330 - acc: 0.5293
2650/3900 [===================>..........] - ETA: 1s - loss: 1.5315 - acc: 0.5302
2710/3900 [===================>..........] - ETA: 1s - loss: 1.5305 - acc: 0.5295
2770/3900 [====================>.........] - ETA: 1s - loss: 1.5276 - acc: 0.5296
2830/3900 [====================>.........] - ETA: 0s - loss: 1.5258 - acc: 0.5283
2890/3900 [=====================>........] - ETA: 0s - loss: 1.5247 - acc: 0.5273
2950/3900 [=====================>........] - ETA: 0s - loss: 1.5228 - acc: 0.5271
3010/3900 [======================>.......] - ETA: 0s - loss: 1.5205 - acc: 0.5289
3060/3900 [======================>.......] - ETA: 0s - loss: 1.5192 - acc: 0.5288
3120/3900 [=======================>......] - ETA: 0s - loss: 1.5176 - acc: 0.5282
3180/3900 [=======================>......] - ETA: 0s - loss: 1.5149 - acc: 0.5289
3240/3900 [=======================>......] - ETA: 0s - loss: 1.5164 - acc: 0.5272
3300/3900 [========================>.....] - ETA: 0s - loss: 1.5173 - acc: 0.5261
3360/3900 [========================>.....] - ETA: 0s - loss: 1.5139 - acc: 0.5298
3420/3900 [=========================>....] - ETA: 0s - loss: 1.5114 - acc: 0.5313
3480/3900 [=========================>....] - ETA: 0s - loss: 1.5096 - acc: 0.5322
3540/3900 [==========================>...] - ETA: 0s - loss: 1.5079 - acc: 0.5328
3600/3900 [==========================>...] - ETA: 0s - loss: 1.5061 - acc: 0.5328
3660/3900 [===========================>..] - ETA: 0s - loss: 1.5045 - acc: 0.5336
3720/3900 [===========================>..] - ETA: 0s - loss: 1.5017 - acc: 0.5344
3780/3900 [============================>.] - ETA: 0s - loss: 1.5009 - acc: 0.5341
3840/3900 [============================>.] - ETA: 0s - loss: 1.4996 - acc: 0.5352
3900/3900 [==============================] - 4s 901us/step - loss: 1.4977 - acc: 0.5354 - val_loss: 1.6640 - val_acc: 0.4646
Current time ....3.514
Train on 600 samples, validate on 86 samples
Epoch 1/1

 10/600 [..............................] - ETA: 0s - loss: 0.1088 - acc: 1.0000
 70/600 [==>...........................] - ETA: 0s - loss: 0.1272 - acc: 0.9857
130/600 [=====>........................] - ETA: 0s - loss: 0.1182 - acc: 0.9923
190/600 [========>.....................] - ETA: 0s - loss: 0.1208 - acc: 0.9895
250/600 [===========>..................] - ETA: 0s - loss: 0.1206 - acc: 0.9920
310/600 [==============>...............] - ETA: 0s - loss: 0.1167 - acc: 0.9903
370/600 [=================>............] - ETA: 0s - loss: 0.1211 - acc: 0.9892
430/600 [====================>.........] - ETA: 0s - loss: 0.1191 - acc: 0.9907
490/600 [=======================>......] - ETA: 0s - loss: 0.1127 - acc: 0.9918
550/600 [==========================>...] - ETA: 0s - loss: 0.1111 - acc: 0.9909
600/600 [==============================] - 1s 919us/step - loss: 0.1097 - acc: 0.9917 - val_loss: 0.3636 - val_acc: 0.9070
Current time ....0.552
Train on 1200 samples, validate on 68 samples
Epoch 1/1

  10/1200 [..............................] - ETA: 1s - loss: 0.3430 - acc: 0.9000
  70/1200 [>.............................] - ETA: 1s - loss: 0.3597 - acc: 0.9429
 130/1200 [==>...........................] - ETA: 0s - loss: 0.3457 - acc: 0.9385
 190/1200 [===>..........................] - ETA: 0s - loss: 0.3422 - acc: 0.9474
 250/1200 [=====>........................] - ETA: 0s - loss: 0.3462 - acc: 0.9440
 310/1200 [======>.......................] - ETA: 0s - loss: 0.3406 - acc: 0.9452
 370/1200 [========>.....................] - ETA: 0s - loss: 0.3490 - acc: 0.9351
 430/1200 [=========>....................] - ETA: 0s - loss: 0.3516 - acc: 0.9326
 490/1200 [===========>..................] - ETA: 0s - loss: 0.3494 - acc: 0.9265
 550/1200 [============>.................] - ETA: 0s - loss: 0.3537 - acc: 0.9218
 610/1200 [==============>...............] - ETA: 0s - loss: 0.3545 - acc: 0.9230
 670/1200 [===============>..............] - ETA: 0s - loss: 0.3556 - acc: 0.9224
 730/1200 [=================>............] - ETA: 0s - loss: 0.3504 - acc: 0.9219
 790/1200 [==================>...........] - ETA: 0s - loss: 0.3472 - acc: 0.9253
 850/1200 [====================>.........] - ETA: 0s - loss: 0.3428 - acc: 0.9247
 910/1200 [=====================>........] - ETA: 0s - loss: 0.3394 - acc: 0.9253
 970/1200 [=======================>......] - ETA: 0s - loss: 0.3408 - acc: 0.9227
1030/1200 [========================>.....] - ETA: 0s - loss: 0.3361 - acc: 0.9214
1090/1200 [==========================>...] - ETA: 0s - loss: 0.3377 - acc: 0.9202
1150/1200 [===========================>..] - ETA: 0s - loss: 0.3443 - acc: 0.9174
1200/1200 [==============================] - 1s 902us/step - loss: 0.3435 - acc: 0.9167 - val_loss: 0.7583 - val_acc: 0.6471
Current time ....1.082
Train on 3900 samples, validate on 99 samples
Epoch 1/1

  10/3900 [..............................] - ETA: 3s - loss: 1.2612 - acc: 0.6000
  70/3900 [..............................] - ETA: 3s - loss: 1.2635 - acc: 0.6857
 130/3900 [>.............................] - ETA: 3s - loss: 1.2882 - acc: 0.6615
 190/3900 [>.............................] - ETA: 3s - loss: 1.3061 - acc: 0.6368
 250/3900 [>.............................] - ETA: 3s - loss: 1.3273 - acc: 0.6080
 310/3900 [=>............................] - ETA: 3s - loss: 1.3486 - acc: 0.5839
 370/3900 [=>............................] - ETA: 3s - loss: 1.3557 - acc: 0.5649
 430/3900 [==>...........................] - ETA: 3s - loss: 1.3579 - acc: 0.5674
 490/3900 [==>...........................] - ETA: 3s - loss: 1.3562 - acc: 0.5673
 550/3900 [===>..........................] - ETA: 3s - loss: 1.3604 - acc: 0.5691
 610/3900 [===>..........................] - ETA: 2s - loss: 1.3693 - acc: 0.5672
 670/3900 [====>.........................] - ETA: 2s - loss: 1.3685 - acc: 0.5701
 730/3900 [====>.........................] - ETA: 2s - loss: 1.3646 - acc: 0.5699
 790/3900 [=====>........................] - ETA: 2s - loss: 1.3625 - acc: 0.5671
 850/3900 [=====>........................] - ETA: 2s - loss: 1.3612 - acc: 0.5635
 910/3900 [======>.......................] - ETA: 2s - loss: 1.3589 - acc: 0.5648
 970/3900 [======>.......................] - ETA: 2s - loss: 1.3634 - acc: 0.5629
1030/3900 [======>.......................] - ETA: 2s - loss: 1.3634 - acc: 0.5612
1090/3900 [=======>......................] - ETA: 2s - loss: 1.3558 - acc: 0.5642
1150/3900 [=======>......................] - ETA: 2s - loss: 1.3421 - acc: 0.5722
1210/3900 [========>.....................] - ETA: 2s - loss: 1.3398 - acc: 0.5736
1270/3900 [========>.....................] - ETA: 2s - loss: 1.3381 - acc: 0.5732
1330/3900 [=========>....................] - ETA: 2s - loss: 1.3371 - acc: 0.5729
1390/3900 [=========>....................] - ETA: 2s - loss: 1.3344 - acc: 0.5791
1450/3900 [==========>...................] - ETA: 2s - loss: 1.3313 - acc: 0.5807
1510/3900 [==========>...................] - ETA: 2s - loss: 1.3356 - acc: 0.5775
1570/3900 [===========>..................] - ETA: 2s - loss: 1.3341 - acc: 0.5815
1630/3900 [===========>..................] - ETA: 2s - loss: 1.3316 - acc: 0.5828
1690/3900 [============>.................] - ETA: 1s - loss: 1.3241 - acc: 0.5852
1750/3900 [============>.................] - ETA: 1s - loss: 1.3202 - acc: 0.5880
1810/3900 [============>.................] - ETA: 1s - loss: 1.3203 - acc: 0.5906
1870/3900 [=============>................] - ETA: 1s - loss: 1.3159 - acc: 0.5925
1930/3900 [=============>................] - ETA: 1s - loss: 1.3169 - acc: 0.5907
1990/3900 [==============>...............] - ETA: 1s - loss: 1.3184 - acc: 0.5899
2050/3900 [==============>...............] - ETA: 1s - loss: 1.3180 - acc: 0.5907
2110/3900 [===============>..............] - ETA: 1s - loss: 1.3142 - acc: 0.5919
2170/3900 [===============>..............] - ETA: 1s - loss: 1.3094 - acc: 0.5931
2230/3900 [================>.............] - ETA: 1s - loss: 1.3048 - acc: 0.5937
2290/3900 [================>.............] - ETA: 1s - loss: 1.3024 - acc: 0.5952
2350/3900 [=================>............] - ETA: 1s - loss: 1.3031 - acc: 0.5928
2400/3900 [=================>............] - ETA: 1s - loss: 1.3022 - acc: 0.5925
2460/3900 [=================>............] - ETA: 1s - loss: 1.3019 - acc: 0.5927
2520/3900 [==================>...........] - ETA: 1s - loss: 1.3015 - acc: 0.5944
2580/3900 [==================>...........] - ETA: 1s - loss: 1.2989 - acc: 0.5946
2640/3900 [===================>..........] - ETA: 1s - loss: 1.2970 - acc: 0.5939
2700/3900 [===================>..........] - ETA: 1s - loss: 1.2949 - acc: 0.5941
2760/3900 [====================>.........] - ETA: 1s - loss: 1.2951 - acc: 0.5935
2820/3900 [====================>.........] - ETA: 0s - loss: 1.2967 - acc: 0.5922
2880/3900 [=====================>........] - ETA: 0s - loss: 1.2955 - acc: 0.5927
2940/3900 [=====================>........] - ETA: 0s - loss: 1.2943 - acc: 0.5932
3000/3900 [======================>.......] - ETA: 0s - loss: 1.2897 - acc: 0.5963
3060/3900 [======================>.......] - ETA: 0s - loss: 1.2879 - acc: 0.5967
3120/3900 [=======================>......] - ETA: 0s - loss: 1.2856 - acc: 0.5978
3180/3900 [=======================>......] - ETA: 0s - loss: 1.2826 - acc: 0.5981
3240/3900 [=======================>......] - ETA: 0s - loss: 1.2782 - acc: 0.6003
3300/3900 [========================>.....] - ETA: 0s - loss: 1.2774 - acc: 0.5997
3360/3900 [========================>.....] - ETA: 0s - loss: 1.2774 - acc: 0.6000
3420/3900 [=========================>....] - ETA: 0s - loss: 1.2759 - acc: 0.6006
3480/3900 [=========================>....] - ETA: 0s - loss: 1.2741 - acc: 0.6014
3540/3900 [==========================>...] - ETA: 0s - loss: 1.2715 - acc: 0.6020
3600/3900 [==========================>...] - ETA: 0s - loss: 1.2679 - acc: 0.6025
3660/3900 [===========================>..] - ETA: 0s - loss: 1.2651 - acc: 0.6030
3720/3900 [===========================>..] - ETA: 0s - loss: 1.2612 - acc: 0.6040
3780/3900 [============================>.] - ETA: 0s - loss: 1.2592 - acc: 0.6050
3840/3900 [============================>.] - ETA: 0s - loss: 1.2558 - acc: 0.6065
3900/3900 [==============================] - 4s 900us/step - loss: 1.2567 - acc: 0.6059 - val_loss: 1.8228 - val_acc: 0.3030
Current time ....3.510
Train on 600 samples, validate on 86 samples
Epoch 1/1

 10/600 [..............................] - ETA: 0s - loss: 0.0417 - acc: 1.0000
 70/600 [==>...........................] - ETA: 0s - loss: 0.0822 - acc: 1.0000
130/600 [=====>........................] - ETA: 0s - loss: 0.0869 - acc: 0.9846
190/600 [========>.....................] - ETA: 0s - loss: 0.0886 - acc: 0.9842
250/600 [===========>..................] - ETA: 0s - loss: 0.0858 - acc: 0.9880
310/600 [==============>...............] - ETA: 0s - loss: 0.0840 - acc: 0.9903
370/600 [=================>............] - ETA: 0s - loss: 0.0782 - acc: 0.9919
430/600 [====================>.........] - ETA: 0s - loss: 0.0769 - acc: 0.9907
490/600 [=======================>......] - ETA: 0s - loss: 0.0770 - acc: 0.9898
550/600 [==========================>...] - ETA: 0s - loss: 0.0763 - acc: 0.9909
600/600 [==============================] - 1s 937us/step - loss: 0.0770 - acc: 0.9917 - val_loss: 0.4172 - val_acc: 0.9070
Current time ....0.562
Train on 1200 samples, validate on 68 samples
Epoch 1/1

  10/1200 [..............................] - ETA: 1s - loss: 0.1988 - acc: 1.0000
  70/1200 [>.............................] - ETA: 1s - loss: 0.2687 - acc: 0.9571
 130/1200 [==>...........................] - ETA: 0s - loss: 0.3126 - acc: 0.9154
 190/1200 [===>..........................] - ETA: 0s - loss: 0.2908 - acc: 0.9158
 250/1200 [=====>........................] - ETA: 0s - loss: 0.2898 - acc: 0.9200
 310/1200 [======>.......................] - ETA: 0s - loss: 0.2845 - acc: 0.9258
 370/1200 [========>.....................] - ETA: 0s - loss: 0.2831 - acc: 0.9243
 430/1200 [=========>....................] - ETA: 0s - loss: 0.2791 - acc: 0.9279
 490/1200 [===========>..................] - ETA: 0s - loss: 0.2779 - acc: 0.9265
 550/1200 [============>.................] - ETA: 0s - loss: 0.2850 - acc: 0.9255
 610/1200 [==============>...............] - ETA: 0s - loss: 0.2793 - acc: 0.9262
 670/1200 [===============>..............] - ETA: 0s - loss: 0.2728 - acc: 0.9313
 730/1200 [=================>............] - ETA: 0s - loss: 0.2720 - acc: 0.9288
 790/1200 [==================>...........] - ETA: 0s - loss: 0.2708 - acc: 0.9316
 850/1200 [====================>.........] - ETA: 0s - loss: 0.2633 - acc: 0.9329
 910/1200 [=====================>........] - ETA: 0s - loss: 0.2580 - acc: 0.9341
 970/1200 [=======================>......] - ETA: 0s - loss: 0.2659 - acc: 0.9320
1030/1200 [========================>.....] - ETA: 0s - loss: 0.2651 - acc: 0.9311
1090/1200 [==========================>...] - ETA: 0s - loss: 0.2642 - acc: 0.9321
1150/1200 [===========================>..] - ETA: 0s - loss: 0.2630 - acc: 0.9330
1200/1200 [==============================] - 1s 901us/step - loss: 0.2618 - acc: 0.9358 - val_loss: 0.8197 - val_acc: 0.6618
Current time ....1.082
Train on 3900 samples, validate on 99 samples
Epoch 1/1

  10/3900 [..............................] - ETA: 3s - loss: 1.0740 - acc: 0.6000
  70/3900 [..............................] - ETA: 3s - loss: 1.1212 - acc: 0.6714
 130/3900 [>.............................] - ETA: 3s - loss: 1.1538 - acc: 0.6308
 190/3900 [>.............................] - ETA: 3s - loss: 1.1493 - acc: 0.6421
 250/3900 [>.............................] - ETA: 3s - loss: 1.1378 - acc: 0.6400
 310/3900 [=>............................] - ETA: 3s - loss: 1.1467 - acc: 0.6452
 370/3900 [=>............................] - ETA: 3s - loss: 1.1458 - acc: 0.6486
 430/3900 [==>...........................] - ETA: 3s - loss: 1.1240 - acc: 0.6558
 490/3900 [==>...........................] - ETA: 3s - loss: 1.1245 - acc: 0.6510
 550/3900 [===>..........................] - ETA: 2s - loss: 1.1137 - acc: 0.6564
 610/3900 [===>..........................] - ETA: 2s - loss: 1.1118 - acc: 0.6492
 670/3900 [====>.........................] - ETA: 2s - loss: 1.1143 - acc: 0.6448
 730/3900 [====>.........................] - ETA: 2s - loss: 1.1079 - acc: 0.6452
 790/3900 [=====>........................] - ETA: 2s - loss: 1.1144 - acc: 0.6443
 850/3900 [=====>........................] - ETA: 2s - loss: 1.1144 - acc: 0.6424
 910/3900 [======>.......................] - ETA: 2s - loss: 1.1139 - acc: 0.6495
 970/3900 [======>.......................] - ETA: 2s - loss: 1.1011 - acc: 0.6557
1030/3900 [======>.......................] - ETA: 2s - loss: 1.0996 - acc: 0.6563
1090/3900 [=======>......................] - ETA: 2s - loss: 1.0964 - acc: 0.6578
1150/3900 [=======>......................] - ETA: 2s - loss: 1.0892 - acc: 0.6609
1210/3900 [========>.....................] - ETA: 2s - loss: 1.0932 - acc: 0.6587
1270/3900 [========>.....................] - ETA: 2s - loss: 1.0859 - acc: 0.6614
1330/3900 [=========>....................] - ETA: 2s - loss: 1.0878 - acc: 0.6564
1390/3900 [=========>....................] - ETA: 2s - loss: 1.0915 - acc: 0.6525
1450/3900 [==========>...................] - ETA: 2s - loss: 1.0945 - acc: 0.6503
1510/3900 [==========>...................] - ETA: 2s - loss: 1.0940 - acc: 0.6477
1570/3900 [===========>..................] - ETA: 2s - loss: 1.0836 - acc: 0.6535
1630/3900 [===========>..................] - ETA: 2s - loss: 1.0868 - acc: 0.6503
1690/3900 [============>.................] - ETA: 1s - loss: 1.0830 - acc: 0.6521
1750/3900 [============>.................] - ETA: 1s - loss: 1.0806 - acc: 0.6543
1810/3900 [============>.................] - ETA: 1s - loss: 1.0811 - acc: 0.6536
1870/3900 [=============>................] - ETA: 1s - loss: 1.0840 - acc: 0.6529
1930/3900 [=============>................] - ETA: 1s - loss: 1.0846 - acc: 0.6539
1990/3900 [==============>...............] - ETA: 1s - loss: 1.0780 - acc: 0.6563
2050/3900 [==============>...............] - ETA: 1s - loss: 1.0757 - acc: 0.6566
2110/3900 [===============>..............] - ETA: 1s - loss: 1.0753 - acc: 0.6550
2170/3900 [===============>..............] - ETA: 1s - loss: 1.0821 - acc: 0.6525
2230/3900 [================>.............] - ETA: 1s - loss: 1.0828 - acc: 0.6525
2290/3900 [================>.............] - ETA: 1s - loss: 1.0800 - acc: 0.6546
2350/3900 [=================>............] - ETA: 1s - loss: 1.0792 - acc: 0.6553
2410/3900 [=================>............] - ETA: 1s - loss: 1.0782 - acc: 0.6552
2470/3900 [==================>...........] - ETA: 1s - loss: 1.0726 - acc: 0.6575
2530/3900 [==================>...........] - ETA: 1s - loss: 1.0712 - acc: 0.6577
2590/3900 [==================>...........] - ETA: 1s - loss: 1.0679 - acc: 0.6579
2650/3900 [===================>..........] - ETA: 1s - loss: 1.0657 - acc: 0.6589
2710/3900 [===================>..........] - ETA: 1s - loss: 1.0638 - acc: 0.6616
2770/3900 [====================>.........] - ETA: 1s - loss: 1.0627 - acc: 0.6621
2830/3900 [====================>.........] - ETA: 0s - loss: 1.0625 - acc: 0.6625
2890/3900 [=====================>........] - ETA: 0s - loss: 1.0621 - acc: 0.6630
2950/3900 [=====================>........] - ETA: 0s - loss: 1.0611 - acc: 0.6631
3010/3900 [======================>.......] - ETA: 0s - loss: 1.0587 - acc: 0.6628
3070/3900 [======================>.......] - ETA: 0s - loss: 1.0574 - acc: 0.6648
3130/3900 [=======================>......] - ETA: 0s - loss: 1.0559 - acc: 0.6655
3190/3900 [=======================>......] - ETA: 0s - loss: 1.0560 - acc: 0.6658
3250/3900 [========================>.....] - ETA: 0s - loss: 1.0531 - acc: 0.6649
3310/3900 [========================>.....] - ETA: 0s - loss: 1.0497 - acc: 0.6668
3370/3900 [========================>.....] - ETA: 0s - loss: 1.0492 - acc: 0.6671
3430/3900 [=========================>....] - ETA: 0s - loss: 1.0464 - acc: 0.6682
3490/3900 [=========================>....] - ETA: 0s - loss: 1.0433 - acc: 0.6702
3550/3900 [==========================>...] - ETA: 0s - loss: 1.0437 - acc: 0.6707
3610/3900 [==========================>...] - ETA: 0s - loss: 1.0441 - acc: 0.6701
3670/3900 [===========================>..] - ETA: 0s - loss: 1.0433 - acc: 0.6698
3730/3900 [===========================>..] - ETA: 0s - loss: 1.0441 - acc: 0.6697
3790/3900 [============================>.] - ETA: 0s - loss: 1.0433 - acc: 0.6694
3850/3900 [============================>.] - ETA: 0s - loss: 1.0402 - acc: 0.6709
3900/3900 [==============================] - 4s 901us/step - loss: 1.0392 - acc: 0.6715 - val_loss: 1.6265 - val_acc: 0.4545
Current time ....3.514
Train on 600 samples, validate on 86 samples
Epoch 1/1

 10/600 [..............................] - ETA: 0s - loss: 0.0454 - acc: 1.0000
 70/600 [==>...........................] - ETA: 0s - loss: 0.0490 - acc: 1.0000
130/600 [=====>........................] - ETA: 0s - loss: 0.0604 - acc: 0.9846
190/600 [========>.....................] - ETA: 0s - loss: 0.0634 - acc: 0.9895
250/600 [===========>..................] - ETA: 0s - loss: 0.0632 - acc: 0.9880
310/600 [==============>...............] - ETA: 0s - loss: 0.0617 - acc: 0.9903
370/600 [=================>............] - ETA: 0s - loss: 0.0578 - acc: 0.9919
430/600 [====================>.........] - ETA: 0s - loss: 0.0601 - acc: 0.9907
490/600 [=======================>......] - ETA: 0s - loss: 0.0595 - acc: 0.9918
550/600 [==========================>...] - ETA: 0s - loss: 0.0570 - acc: 0.9927
600/600 [==============================] - 1s 929us/step - loss: 0.0579 - acc: 0.9933 - val_loss: 0.4455 - val_acc: 0.9186
Current time ....0.558
Train on 1200 samples, validate on 68 samples
Epoch 1/1

  10/1200 [..............................] - ETA: 1s - loss: 0.1958 - acc: 1.0000
  70/1200 [>.............................] - ETA: 0s - loss: 0.1918 - acc: 0.9714
 130/1200 [==>...........................] - ETA: 0s - loss: 0.1803 - acc: 0.9615
 190/1200 [===>..........................] - ETA: 0s - loss: 0.1888 - acc: 0.9684
 250/1200 [=====>........................] - ETA: 0s - loss: 0.1859 - acc: 0.9680
 310/1200 [======>.......................] - ETA: 0s - loss: 0.1751 - acc: 0.9710
 370/1200 [========>.....................] - ETA: 0s - loss: 0.1744 - acc: 0.9730
 430/1200 [=========>....................] - ETA: 0s - loss: 0.1801 - acc: 0.9698
 490/1200 [===========>..................] - ETA: 0s - loss: 0.1732 - acc: 0.9714
 550/1200 [============>.................] - ETA: 0s - loss: 0.1788 - acc: 0.9636
 610/1200 [==============>...............] - ETA: 0s - loss: 0.1819 - acc: 0.9639
 670/1200 [===============>..............] - ETA: 0s - loss: 0.1812 - acc: 0.9627
 730/1200 [=================>............] - ETA: 0s - loss: 0.1852 - acc: 0.9616
 790/1200 [==================>...........] - ETA: 0s - loss: 0.1860 - acc: 0.9608
 850/1200 [====================>.........] - ETA: 0s - loss: 0.1849 - acc: 0.9612
 910/1200 [=====================>........] - ETA: 0s - loss: 0.1845 - acc: 0.9604
 970/1200 [=======================>......] - ETA: 0s - loss: 0.1848 - acc: 0.9577
1030/1200 [========================>.....] - ETA: 0s - loss: 0.1866 - acc: 0.9573
1090/1200 [==========================>...] - ETA: 0s - loss: 0.1871 - acc: 0.9569
1150/1200 [===========================>..] - ETA: 0s - loss: 0.1857 - acc: 0.9574
1200/1200 [==============================] - 1s 901us/step - loss: 0.1823 - acc: 0.9592 - val_loss: 0.8312 - val_acc: 0.6765
Current time ....1.082
Train on 3900 samples, validate on 99 samples
Epoch 1/1

  10/3900 [..............................] - ETA: 3s - loss: 0.4678 - acc: 0.9000
  70/3900 [..............................] - ETA: 3s - loss: 0.9386 - acc: 0.6571
 130/3900 [>.............................] - ETA: 3s - loss: 0.8742 - acc: 0.6923
 190/3900 [>.............................] - ETA: 3s - loss: 0.9425 - acc: 0.6789
 250/3900 [>.............................] - ETA: 3s - loss: 0.9426 - acc: 0.6840
 310/3900 [=>............................] - ETA: 3s - loss: 0.9778 - acc: 0.6677
 370/3900 [=>............................] - ETA: 3s - loss: 0.9523 - acc: 0.6784
 430/3900 [==>...........................] - ETA: 3s - loss: 0.9531 - acc: 0.6791
 490/3900 [==>...........................] - ETA: 3s - loss: 0.9531 - acc: 0.6755
 550/3900 [===>..........................] - ETA: 2s - loss: 0.9487 - acc: 0.6782
 610/3900 [===>..........................] - ETA: 2s - loss: 0.9743 - acc: 0.6656
 670/3900 [====>.........................] - ETA: 2s - loss: 0.9614 - acc: 0.6716
 730/3900 [====>.........................] - ETA: 2s - loss: 0.9496 - acc: 0.6781
 790/3900 [=====>........................] - ETA: 2s - loss: 0.9377 - acc: 0.6873
 850/3900 [=====>........................] - ETA: 2s - loss: 0.9253 - acc: 0.6965
 910/3900 [======>.......................] - ETA: 2s - loss: 0.9248 - acc: 0.6967
 970/3900 [======>.......................] - ETA: 2s - loss: 0.9256 - acc: 0.7010
1030/3900 [======>.......................] - ETA: 2s - loss: 0.9260 - acc: 0.7000
1090/3900 [=======>......................] - ETA: 2s - loss: 0.9282 - acc: 0.6972
1150/3900 [=======>......................] - ETA: 2s - loss: 0.9222 - acc: 0.7017
1210/3900 [========>.....................] - ETA: 2s - loss: 0.9158 - acc: 0.7033
1270/3900 [========>.....................] - ETA: 2s - loss: 0.9188 - acc: 0.7016
1330/3900 [=========>....................] - ETA: 2s - loss: 0.9173 - acc: 0.7023
1390/3900 [=========>....................] - ETA: 2s - loss: 0.9170 - acc: 0.7007
1450/3900 [==========>...................] - ETA: 2s - loss: 0.9176 - acc: 0.7007
1510/3900 [==========>...................] - ETA: 2s - loss: 0.9216 - acc: 0.6987
1570/3900 [===========>..................] - ETA: 2s - loss: 0.9155 - acc: 0.7025
1630/3900 [===========>..................] - ETA: 2s - loss: 0.9126 - acc: 0.7055
1690/3900 [============>.................] - ETA: 1s - loss: 0.9175 - acc: 0.7036
1750/3900 [============>.................] - ETA: 1s - loss: 0.9174 - acc: 0.7011
1810/3900 [============>.................] - ETA: 1s - loss: 0.9095 - acc: 0.7055
1870/3900 [=============>................] - ETA: 1s - loss: 0.9074 - acc: 0.7059
1930/3900 [=============>................] - ETA: 1s - loss: 0.9044 - acc: 0.7073
1990/3900 [==============>...............] - ETA: 1s - loss: 0.9036 - acc: 0.7065
2050/3900 [==============>...............] - ETA: 1s - loss: 0.9031 - acc: 0.7078
2110/3900 [===============>..............] - ETA: 1s - loss: 0.8995 - acc: 0.7090
2170/3900 [===============>..............] - ETA: 1s - loss: 0.9016 - acc: 0.7069
2230/3900 [================>.............] - ETA: 1s - loss: 0.9011 - acc: 0.7067
2290/3900 [================>.............] - ETA: 1s - loss: 0.8998 - acc: 0.7066
2350/3900 [=================>............] - ETA: 1s - loss: 0.8998 - acc: 0.7077
2410/3900 [=================>............] - ETA: 1s - loss: 0.9011 - acc: 0.7058
2470/3900 [==================>...........] - ETA: 1s - loss: 0.9013 - acc: 0.7061
2530/3900 [==================>...........] - ETA: 1s - loss: 0.8990 - acc: 0.7075
2590/3900 [==================>...........] - ETA: 1s - loss: 0.8945 - acc: 0.7093
2650/3900 [===================>..........] - ETA: 1s - loss: 0.8910 - acc: 0.7106
2710/3900 [===================>..........] - ETA: 1s - loss: 0.8888 - acc: 0.7111
2770/3900 [====================>.........] - ETA: 1s - loss: 0.8856 - acc: 0.7130
2830/3900 [====================>.........] - ETA: 0s - loss: 0.8845 - acc: 0.7124
2890/3900 [=====================>........] - ETA: 0s - loss: 0.8789 - acc: 0.7142
2950/3900 [=====================>........] - ETA: 0s - loss: 0.8781 - acc: 0.7142
3010/3900 [======================>.......] - ETA: 0s - loss: 0.8755 - acc: 0.7153
3070/3900 [======================>.......] - ETA: 0s - loss: 0.8744 - acc: 0.7163
3130/3900 [=======================>......] - ETA: 0s - loss: 0.8717 - acc: 0.7173
3190/3900 [=======================>......] - ETA: 0s - loss: 0.8710 - acc: 0.7172
3250/3900 [========================>.....] - ETA: 0s - loss: 0.8703 - acc: 0.7178
3310/3900 [========================>.....] - ETA: 0s - loss: 0.8697 - acc: 0.7181
3370/3900 [========================>.....] - ETA: 0s - loss: 0.8696 - acc: 0.7172
3430/3900 [=========================>....] - ETA: 0s - loss: 0.8678 - acc: 0.7192
3490/3900 [=========================>....] - ETA: 0s - loss: 0.8673 - acc: 0.7195
3540/3900 [==========================>...] - ETA: 0s - loss: 0.8664 - acc: 0.7195
3600/3900 [==========================>...] - ETA: 0s - loss: 0.8666 - acc: 0.7192
3660/3900 [===========================>..] - ETA: 0s - loss: 0.8632 - acc: 0.7202
3720/3900 [===========================>..] - ETA: 0s - loss: 0.8616 - acc: 0.7196
3780/3900 [============================>.] - ETA: 0s - loss: 0.8608 - acc: 0.7190
3840/3900 [============================>.] - ETA: 0s - loss: 0.8612 - acc: 0.7180
3900/3900 [==============================] - 4s 905us/step - loss: 0.8579 - acc: 0.7185 - val_loss: 1.5682 - val_acc: 0.4545
Current time ....3.531
Train on 600 samples, validate on 86 samples
Epoch 1/1

 10/600 [..............................] - ETA: 0s - loss: 0.0451 - acc: 1.0000
 70/600 [==>...........................] - ETA: 0s - loss: 0.0669 - acc: 0.9857
130/600 [=====>........................] - ETA: 0s - loss: 0.0502 - acc: 0.9923
190/600 [========>.....................] - ETA: 0s - loss: 0.0482 - acc: 0.9947
250/600 [===========>..................] - ETA: 0s - loss: 0.0519 - acc: 0.9960
310/600 [==============>...............] - ETA: 0s - loss: 0.0503 - acc: 0.9968
370/600 [=================>............] - ETA: 0s - loss: 0.0488 - acc: 0.9946
430/600 [====================>.........] - ETA: 0s - loss: 0.0485 - acc: 0.9953
490/600 [=======================>......] - ETA: 0s - loss: 0.0469 - acc: 0.9959
550/600 [==========================>...] - ETA: 0s - loss: 0.0446 - acc: 0.9964
600/600 [==============================] - 1s 921us/step - loss: 0.0447 - acc: 0.9967 - val_loss: 0.4536 - val_acc: 0.9186
Current time ....0.553
Train on 1200 samples, validate on 68 samples
Epoch 1/1

  10/1200 [..............................] - ETA: 1s - loss: 0.0860 - acc: 1.0000
  70/1200 [>.............................] - ETA: 1s - loss: 0.1291 - acc: 0.9857
 130/1200 [==>...........................] - ETA: 0s - loss: 0.1272 - acc: 0.9846
 190/1200 [===>..........................] - ETA: 0s - loss: 0.1404 - acc: 0.9842
 250/1200 [=====>........................] - ETA: 0s - loss: 0.1298 - acc: 0.9880
 310/1200 [======>.......................] - ETA: 0s - loss: 0.1329 - acc: 0.9839
 370/1200 [========>.....................] - ETA: 0s - loss: 0.1351 - acc: 0.9838
 430/1200 [=========>....................] - ETA: 0s - loss: 0.1458 - acc: 0.9744
 490/1200 [===========>..................] - ETA: 0s - loss: 0.1460 - acc: 0.9755
 550/1200 [============>.................] - ETA: 0s - loss: 0.1431 - acc: 0.9745
 600/1200 [==============>...............] - ETA: 0s - loss: 0.1412 - acc: 0.9750
 660/1200 [===============>..............] - ETA: 0s - loss: 0.1372 - acc: 0.9758
 720/1200 [=================>............] - ETA: 0s - loss: 0.1358 - acc: 0.9764
 780/1200 [==================>...........] - ETA: 0s - loss: 0.1389 - acc: 0.9744
 840/1200 [====================>.........] - ETA: 0s - loss: 0.1357 - acc: 0.9762
 900/1200 [=====================>........] - ETA: 0s - loss: 0.1343 - acc: 0.9756
 960/1200 [=======================>......] - ETA: 0s - loss: 0.1330 - acc: 0.9760
1020/1200 [========================>.....] - ETA: 0s - loss: 0.1338 - acc: 0.9775
1080/1200 [==========================>...] - ETA: 0s - loss: 0.1400 - acc: 0.9741
1140/1200 [===========================>..] - ETA: 0s - loss: 0.1393 - acc: 0.9746
1200/1200 [==============================] - 1s 906us/step - loss: 0.1375 - acc: 0.9758 - val_loss: 0.7719 - val_acc: 0.7206
Current time ....1.088
Train on 3900 samples, validate on 99 samples
Epoch 1/1

  10/3900 [..............................] - ETA: 3s - loss: 1.0007 - acc: 0.7000
  70/3900 [..............................] - ETA: 3s - loss: 0.8718 - acc: 0.6714
 130/3900 [>.............................] - ETA: 3s - loss: 0.8336 - acc: 0.6923
 190/3900 [>.............................] - ETA: 3s - loss: 0.8091 - acc: 0.7000
 250/3900 [>.............................] - ETA: 3s - loss: 0.8001 - acc: 0.7120
 310/3900 [=>............................] - ETA: 3s - loss: 0.7877 - acc: 0.7161
 370/3900 [=>............................] - ETA: 3s - loss: 0.8105 - acc: 0.7135
 430/3900 [==>...........................] - ETA: 3s - loss: 0.7836 - acc: 0.7256
 490/3900 [==>...........................] - ETA: 3s - loss: 0.7709 - acc: 0.7327
 550/3900 [===>..........................] - ETA: 2s - loss: 0.7757 - acc: 0.7327
 610/3900 [===>..........................] - ETA: 2s - loss: 0.7776 - acc: 0.7344
 670/3900 [====>.........................] - ETA: 2s - loss: 0.7865 - acc: 0.7343
 730/3900 [====>.........................] - ETA: 2s - loss: 0.7726 - acc: 0.7411
 790/3900 [=====>........................] - ETA: 2s - loss: 0.7645 - acc: 0.7443
 850/3900 [=====>........................] - ETA: 2s - loss: 0.7602 - acc: 0.7459
 910/3900 [======>.......................] - ETA: 2s - loss: 0.7605 - acc: 0.7440
 970/3900 [======>.......................] - ETA: 2s - loss: 0.7503 - acc: 0.7474
1030/3900 [======>.......................] - ETA: 2s - loss: 0.7537 - acc: 0.7485
1090/3900 [=======>......................] - ETA: 2s - loss: 0.7529 - acc: 0.7495
1150/3900 [=======>......................] - ETA: 2s - loss: 0.7467 - acc: 0.7530
1210/3900 [========>.....................] - ETA: 2s - loss: 0.7511 - acc: 0.7504
1270/3900 [========>.....................] - ETA: 2s - loss: 0.7503 - acc: 0.7512
1330/3900 [=========>....................] - ETA: 2s - loss: 0.7485 - acc: 0.7511
1390/3900 [=========>....................] - ETA: 2s - loss: 0.7407 - acc: 0.7561
1450/3900 [==========>...................] - ETA: 2s - loss: 0.7393 - acc: 0.7559
1510/3900 [==========>...................] - ETA: 2s - loss: 0.7385 - acc: 0.7563
1570/3900 [===========>..................] - ETA: 2s - loss: 0.7362 - acc: 0.7567
1630/3900 [===========>..................] - ETA: 2s - loss: 0.7367 - acc: 0.7540
1690/3900 [============>.................] - ETA: 1s - loss: 0.7316 - acc: 0.7562
1750/3900 [============>.................] - ETA: 1s - loss: 0.7353 - acc: 0.7531
1810/3900 [============>.................] - ETA: 1s - loss: 0.7305 - acc: 0.7558
1870/3900 [=============>................] - ETA: 1s - loss: 0.7318 - acc: 0.7545
1930/3900 [=============>................] - ETA: 1s - loss: 0.7297 - acc: 0.7544
1990/3900 [==============>...............] - ETA: 1s - loss: 0.7266 - acc: 0.7563
2050/3900 [==============>...............] - ETA: 1s - loss: 0.7247 - acc: 0.7561
2110/3900 [===============>..............] - ETA: 1s - loss: 0.7211 - acc: 0.7564
2170/3900 [===============>..............] - ETA: 1s - loss: 0.7212 - acc: 0.7571
2230/3900 [================>.............] - ETA: 1s - loss: 0.7199 - acc: 0.7570
2290/3900 [================>.............] - ETA: 1s - loss: 0.7203 - acc: 0.7576
2350/3900 [=================>............] - ETA: 1s - loss: 0.7195 - acc: 0.7579
2410/3900 [=================>............] - ETA: 1s - loss: 0.7174 - acc: 0.7585
2470/3900 [==================>...........] - ETA: 1s - loss: 0.7153 - acc: 0.7603
2530/3900 [==================>...........] - ETA: 1s - loss: 0.7144 - acc: 0.7613
2590/3900 [==================>...........] - ETA: 1s - loss: 0.7115 - acc: 0.7637
2650/3900 [===================>..........] - ETA: 1s - loss: 0.7086 - acc: 0.7638
2710/3900 [===================>..........] - ETA: 1s - loss: 0.7084 - acc: 0.7635
2770/3900 [====================>.........] - ETA: 1s - loss: 0.7109 - acc: 0.7635
2830/3900 [====================>.........] - ETA: 0s - loss: 0.7107 - acc: 0.7636
2890/3900 [=====================>........] - ETA: 0s - loss: 0.7088 - acc: 0.7647
2950/3900 [=====================>........] - ETA: 0s - loss: 0.7062 - acc: 0.7658
3010/3900 [======================>.......] - ETA: 0s - loss: 0.7057 - acc: 0.7671
3070/3900 [======================>.......] - ETA: 0s - loss: 0.7047 - acc: 0.7674
3130/3900 [=======================>......] - ETA: 0s - loss: 0.7040 - acc: 0.7677
3190/3900 [=======================>......] - ETA: 0s - loss: 0.7044 - acc: 0.7671
3250/3900 [========================>.....] - ETA: 0s - loss: 0.7025 - acc: 0.7680
3310/3900 [========================>.....] - ETA: 0s - loss: 0.7015 - acc: 0.7686
3370/3900 [========================>.....] - ETA: 0s - loss: 0.6992 - acc: 0.7694
3430/3900 [=========================>....] - ETA: 0s - loss: 0.6998 - acc: 0.7691
3490/3900 [=========================>....] - ETA: 0s - loss: 0.7034 - acc: 0.7679
3550/3900 [==========================>...] - ETA: 0s - loss: 0.7037 - acc: 0.7682
3610/3900 [==========================>...] - ETA: 0s - loss: 0.7031 - acc: 0.7687
3670/3900 [===========================>..] - ETA: 0s - loss: 0.7028 - acc: 0.7684
3730/3900 [===========================>..] - ETA: 0s - loss: 0.7035 - acc: 0.7684
3790/3900 [============================>.] - ETA: 0s - loss: 0.7031 - acc: 0.7689
3850/3900 [============================>.] - ETA: 0s - loss: 0.7043 - acc: 0.7683
3900/3900 [==============================] - 4s 904us/step - loss: 0.7031 - acc: 0.7692 - val_loss: 1.7369 - val_acc: 0.4242
Current time ....3.526
Train on 600 samples, validate on 86 samples
Epoch 1/1

 10/600 [..............................] - ETA: 0s - loss: 0.0286 - acc: 1.0000
 70/600 [==>...........................] - ETA: 0s - loss: 0.0566 - acc: 1.0000
130/600 [=====>........................] - ETA: 0s - loss: 0.0454 - acc: 1.0000
190/600 [========>.....................] - ETA: 0s - loss: 0.0423 - acc: 1.0000
250/600 [===========>..................] - ETA: 0s - loss: 0.0392 - acc: 1.0000
310/600 [==============>...............] - ETA: 0s - loss: 0.0377 - acc: 1.0000
370/600 [=================>............] - ETA: 0s - loss: 0.0374 - acc: 1.0000
430/600 [====================>.........] - ETA: 0s - loss: 0.0363 - acc: 1.0000
490/600 [=======================>......] - ETA: 0s - loss: 0.0352 - acc: 1.0000
550/600 [==========================>...] - ETA: 0s - loss: 0.0371 - acc: 0.9982
600/600 [==============================] - 1s 922us/step - loss: 0.0366 - acc: 0.9983 - val_loss: 0.4565 - val_acc: 0.9186
Current time ....0.553
Train on 1200 samples, validate on 68 samples
Epoch 1/1

  10/1200 [..............................] - ETA: 1s - loss: 0.0901 - acc: 1.0000
  70/1200 [>.............................] - ETA: 1s - loss: 0.0990 - acc: 0.9857
 130/1200 [==>...........................] - ETA: 0s - loss: 0.0830 - acc: 0.9923
 190/1200 [===>..........................] - ETA: 0s - loss: 0.0998 - acc: 0.9789
 250/1200 [=====>........................] - ETA: 0s - loss: 0.1023 - acc: 0.9840
 310/1200 [======>.......................] - ETA: 0s - loss: 0.1017 - acc: 0.9839
 370/1200 [========>.....................] - ETA: 0s - loss: 0.1077 - acc: 0.9838
 430/1200 [=========>....................] - ETA: 0s - loss: 0.1138 - acc: 0.9767
 490/1200 [===========>..................] - ETA: 0s - loss: 0.1117 - acc: 0.9776
 550/1200 [============>.................] - ETA: 0s - loss: 0.1075 - acc: 0.9800
 610/1200 [==============>...............] - ETA: 0s - loss: 0.1045 - acc: 0.9820
 670/1200 [===============>..............] - ETA: 0s - loss: 0.1009 - acc: 0.9836
 730/1200 [=================>............] - ETA: 0s - loss: 0.1050 - acc: 0.9836
 790/1200 [==================>...........] - ETA: 0s - loss: 0.1037 - acc: 0.9848
 850/1200 [====================>.........] - ETA: 0s - loss: 0.1012 - acc: 0.9859
 910/1200 [=====================>........] - ETA: 0s - loss: 0.1018 - acc: 0.9857
 970/1200 [=======================>......] - ETA: 0s - loss: 0.1021 - acc: 0.9845
1030/1200 [========================>.....] - ETA: 0s - loss: 0.1013 - acc: 0.9845
1090/1200 [==========================>...] - ETA: 0s - loss: 0.0986 - acc: 0.9853
1150/1200 [===========================>..] - ETA: 0s - loss: 0.0976 - acc: 0.9861
1200/1200 [==============================] - 1s 904us/step - loss: 0.0972 - acc: 0.9867 - val_loss: 0.7884 - val_acc: 0.7500
Current time ....1.085

32/99 [========>.....................] - ETA: 0s
99/99 [==============================] - 0s 88us/step
In EVALUATE loss:  [1.7369136148028903, 0.42424242454345779]

32/86 [==========>...................] - ETA: 0s
86/86 [==============================] - 0s 77us/step
In EVALUATE loss:  [0.45645963591198591, 0.91860465393509971]

32/68 [=============>................] - ETA: 0s
68/68 [==============================] - 0s 97us/step
In EVALUATE loss:  [0.78838021614972287, 0.75]
Task 1 : Primary site - Macro F1 score 0.232235488969
Task 1 : Primary site - Micro F1 score 0.424242424242
Task 2 : Tumor laterality - Macro F1 score 0.918593644354
Task 2 : Tumor laterality - Micro F1 score 0.918604651163
Task 3 : Histological grade - Macro F1 score 0.561912225705
Task 3 : Histological grade - Micro F1 score 0.75
Average loss:  0.993917822288
