Importing candle utils for keras
Configuration file:  /gpfs/mira-home/apeck/Modified_Benchmarks/Pilot1/P1B1/p1b1_default_model.txt
{'activation': 'relu',
 'alpha_dropout': False,
 'base_lr': None,
 'batch_normalization': False,
 'batch_size': 100,
 'dense': [2000, 600],
 'drop': 0,
 'epochs': 100,
 'epsilon_std': 1.0,
 'feature_subsample': 0,
 'file_test': 'P1B1.dev.test.csv',
 'file_train': 'P1B1.dev.train.csv',
 'initialization': 'glorot_uniform',
 'latent_dim': 2,
 'learning_rate': None,
 'loss': 'mse',
 'model': 'ae',
 'model_name': 'p1b1',
 'noise_factor': 0,
 'optimizer': 'adam',
 'rng_seed': 2017,
 'save_path': 'save',
 'scaling': 'minmax',
 'solr_root': '',
 'timeout': 3600,
 'url_p1b1': 'http://ftp.mcs.anl.gov/pub/candle/public/benchmarks/P1B1/',
 'validation_split': 0.1}
Params:
{'activation': 'relu',
 'alpha_dropout': False,
 'base_lr': None,
 'batch_normalization': False,
 'batch_size': 100,
 'cp': False,
 'datatype': <class 'numpy.float32'>,
 'dense': [2000, 600],
 'drop': 0,
 'epochs': 100,
 'epsilon_std': 1.0,
 'experiment_id': 'EXP000',
 'feature_subsample': 0,
 'file_test': 'P1B1.dev.test.csv',
 'file_train': 'P1B1.dev.train.csv',
 'gpus': [],
 'initialization': 'glorot_uniform',
 'latent_dim': 2,
 'learning_rate': None,
 'logfile': None,
 'loss': 'mse',
 'model': 'ae',
 'model_name': 'p1b1',
 'noise_factor': 0,
 'optimizer': 'adam',
 'output_dir': '/gpfs/mira-home/apeck/CANDLE_testing/avery_modified_results/Output/EXP000/RUN000',
 'reduce_lr': False,
 'residual': False,
 'rng_seed': 2017,
 'run_id': 'RUN000',
 'save_path': 'save',
 'scaling': 'minmax',
 'shuffle': False,
 'solr_root': '',
 'tb': False,
 'timeout': 3600,
 'train_bool': True,
 'tsne': False,
 'url_p1b1': 'http://ftp.mcs.anl.gov/pub/candle/public/benchmarks/P1B1/',
 'use_landmark_genes': False,
 'validation_split': 0.1,
 'verbose': None,
 'warmup_lr': False}
_________________________________________________________________
Layer (type)                 Output Shape              Param #   
=================================================================
input_1 (InputLayer)         (None, 60483)             0         
_________________________________________________________________
dense_1 (Dense)              (None, 2000)              120968000 
_________________________________________________________________
dense_2 (Dense)              (None, 600)               1200600   
_________________________________________________________________
dense_3 (Dense)              (None, 2)                 1202      
_________________________________________________________________
model_2 (Model)              (None, 60483)             122230283 
=================================================================
Total params: 244,400,085
Trainable params: 244,400,085
Non-trainable params: 0
_________________________________________________________________
_________________________________________________________________
Layer (type)                 Output Shape              Param #   
=================================================================
input_3 (InputLayer)         (None, 2)                 0         
_________________________________________________________________
dense_4 (Dense)              (None, 600)               1800      
_________________________________________________________________
dense_5 (Dense)              (None, 2000)              1202000   
_________________________________________________________________
dense_6 (Dense)              (None, 60483)             121026483 
=================================================================
Total params: 122,230,283
Trainable params: 122,230,283
Non-trainable params: 0
_________________________________________________________________
Train on 2700 samples, validate on 300 samples
Epoch 1/100
 - 20s - loss: 0.1326 - xent: 0.6902 - corr: 76.0126 - val_loss: 0.1302 - val_xent: 0.6836 - val_corr: 0.7154
Current time ....19.774
Epoch 2/100
 - 15s - loss: 0.0912 - xent: 0.6012 - corr: 0.7776 - val_loss: 0.0484 - val_xent: 0.4910 - val_corr: 0.7308
Current time ....35.242
Epoch 3/100
 - 15s - loss: 0.0399 - xent: 0.4672 - corr: 0.7787 - val_loss: 0.0477 - val_xent: 0.4895 - val_corr: 0.7369
Current time ....50.701
Epoch 4/100
 - 15s - loss: 0.0385 - xent: 0.4605 - corr: 0.7851 - val_loss: 0.0469 - val_xent: 0.4837 - val_corr: 0.7407
Current time ....65.805
Epoch 5/100
 - 15s - loss: 0.0383 - xent: 0.4591 - corr: 0.7864 - val_loss: 0.0467 - val_xent: 0.4825 - val_corr: 0.7412
Current time ....80.832
Epoch 6/100
 - 15s - loss: 0.0383 - xent: 0.4588 - corr: 0.7865 - val_loss: 0.0466 - val_xent: 0.4821 - val_corr: 0.7417
Current time ....96.137
Epoch 7/100
 - 15s - loss: 0.0382 - xent: 0.4587 - corr: 0.7866 - val_loss: 0.0467 - val_xent: 0.4821 - val_corr: 0.7411
Current time ....111.207
Epoch 8/100
 - 15s - loss: 0.0383 - xent: 0.4586 - corr: 0.7866 - val_loss: 0.0467 - val_xent: 0.4819 - val_corr: 0.7416
Current time ....126.376
Epoch 9/100
 - 15s - loss: 0.0382 - xent: 0.4585 - corr: 0.7866 - val_loss: 0.0467 - val_xent: 0.4819 - val_corr: 0.7415
Current time ....141.346
Epoch 10/100
 - 15s - loss: 0.0383 - xent: 0.4584 - corr: 0.7865 - val_loss: 0.0467 - val_xent: 0.4819 - val_corr: 0.7414
Current time ....156.593
Epoch 11/100
 - 15s - loss: 0.0383 - xent: 0.4584 - corr: 0.7865 - val_loss: 0.0466 - val_xent: 0.4816 - val_corr: 0.7421
Current time ....171.891
Epoch 12/100
 - 15s - loss: 0.0382 - xent: 0.4583 - corr: 0.7866 - val_loss: 0.0467 - val_xent: 0.4817 - val_corr: 0.7416
Current time ....187.316
Epoch 13/100
 - 15s - loss: 0.0383 - xent: 0.4583 - corr: 0.7865 - val_loss: 0.0467 - val_xent: 0.4818 - val_corr: 0.7413
Current time ....202.403
Epoch 14/100
 - 15s - loss: 0.0383 - xent: 0.4583 - corr: 0.7865 - val_loss: 0.0466 - val_xent: 0.4816 - val_corr: 0.7424
Current time ....217.725
Epoch 15/100
 - 15s - loss: 0.0383 - xent: 0.4582 - corr: 0.7866 - val_loss: 0.0467 - val_xent: 0.4816 - val_corr: 0.7416
Current time ....232.875
Epoch 16/100
 - 15s - loss: 0.0382 - xent: 0.4582 - corr: 0.7866 - val_loss: 0.0468 - val_xent: 0.4819 - val_corr: 0.7410
Current time ....247.949
Epoch 17/100
 - 15s - loss: 0.0383 - xent: 0.4582 - corr: 0.7864 - val_loss: 0.0466 - val_xent: 0.4816 - val_corr: 0.7418
Current time ....263.074
Epoch 18/100
 - 15s - loss: 0.0383 - xent: 0.4582 - corr: 0.7866 - val_loss: 0.0467 - val_xent: 0.4817 - val_corr: 0.7414
Current time ....278.294
Epoch 19/100
 - 15s - loss: 0.0383 - xent: 0.4582 - corr: 0.7865 - val_loss: 0.0467 - val_xent: 0.4817 - val_corr: 0.7413
Current time ....293.186
Epoch 20/100
 - 15s - loss: 0.0383 - xent: 0.4582 - corr: 0.7865 - val_loss: 0.0467 - val_xent: 0.4816 - val_corr: 0.7416
Current time ....308.285
Epoch 21/100
 - 15s - loss: 0.0383 - xent: 0.4581 - corr: 0.7865 - val_loss: 0.0467 - val_xent: 0.4817 - val_corr: 0.7417
Current time ....323.442
Epoch 22/100
 - 15s - loss: 0.0383 - xent: 0.4582 - corr: 0.7865 - val_loss: 0.0467 - val_xent: 0.4817 - val_corr: 0.7418
Current time ....338.623
Epoch 23/100
 - 15s - loss: 0.0383 - xent: 0.4581 - corr: 0.7865 - val_loss: 0.0467 - val_xent: 0.4816 - val_corr: 0.7416
Current time ....353.810
Epoch 24/100
 - 15s - loss: 0.0383 - xent: 0.4581 - corr: 0.7865 - val_loss: 0.0467 - val_xent: 0.4816 - val_corr: 0.7416
Current time ....369.229
Epoch 25/100
 - 15s - loss: 0.0383 - xent: 0.4581 - corr: 0.7865 - val_loss: 0.0468 - val_xent: 0.4820 - val_corr: 0.7408
Current time ....384.385
Epoch 26/100
 - 15s - loss: 0.0383 - xent: 0.4581 - corr: 0.7865 - val_loss: 0.0467 - val_xent: 0.4817 - val_corr: 0.7415
Current time ....399.735
Epoch 27/100
 - 15s - loss: 0.0383 - xent: 0.4581 - corr: 0.7866 - val_loss: 0.0468 - val_xent: 0.4820 - val_corr: 0.7408
Current time ....414.971
Epoch 28/100
 - 15s - loss: 0.0383 - xent: 0.4581 - corr: 0.7866 - val_loss: 0.0468 - val_xent: 0.4819 - val_corr: 0.7408
Current time ....430.038
Epoch 29/100
 - 15s - loss: 0.0383 - xent: 0.4581 - corr: 0.7865 - val_loss: 0.0467 - val_xent: 0.4816 - val_corr: 0.7417
Current time ....445.328
Epoch 30/100
 - 15s - loss: 0.0383 - xent: 0.4581 - corr: 0.7865 - val_loss: 0.0467 - val_xent: 0.4818 - val_corr: 0.7414
Current time ....460.549
Epoch 31/100
 - 15s - loss: 0.0382 - xent: 0.4581 - corr: 0.7866 - val_loss: 0.0466 - val_xent: 0.4815 - val_corr: 0.7418
Current time ....475.607
Epoch 32/100
 - 15s - loss: 0.0382 - xent: 0.4581 - corr: 0.7866 - val_loss: 0.0468 - val_xent: 0.4819 - val_corr: 0.7411
Current time ....490.574
Epoch 33/100
 - 15s - loss: 0.0382 - xent: 0.4581 - corr: 0.7866 - val_loss: 0.0467 - val_xent: 0.4817 - val_corr: 0.7417
Current time ....505.480
Epoch 34/100
 - 15s - loss: 0.0382 - xent: 0.4581 - corr: 0.7866 - val_loss: 0.0467 - val_xent: 0.4816 - val_corr: 0.7417
Current time ....520.649
Epoch 35/100
 - 15s - loss: 0.0383 - xent: 0.4581 - corr: 0.7865 - val_loss: 0.0467 - val_xent: 0.4818 - val_corr: 0.7415
Current time ....535.717
Epoch 36/100
 - 15s - loss: 0.0383 - xent: 0.4581 - corr: 0.7866 - val_loss: 0.0468 - val_xent: 0.4818 - val_corr: 0.7409
Current time ....550.757
Epoch 37/100
 - 15s - loss: 0.0383 - xent: 0.4581 - corr: 0.7866 - val_loss: 0.0467 - val_xent: 0.4815 - val_corr: 0.7416
Current time ....565.758
Epoch 38/100
 - 15s - loss: 0.0382 - xent: 0.4581 - corr: 0.7866 - val_loss: 0.0466 - val_xent: 0.4815 - val_corr: 0.7419
Current time ....580.852
Epoch 39/100
 - 15s - loss: 0.0382 - xent: 0.4581 - corr: 0.7866 - val_loss: 0.0467 - val_xent: 0.4818 - val_corr: 0.7416
Current time ....596.194
Epoch 40/100
 - 15s - loss: 0.0383 - xent: 0.4581 - corr: 0.7864 - val_loss: 0.0467 - val_xent: 0.4815 - val_corr: 0.7414
Current time ....611.276
Epoch 41/100
 - 15s - loss: 0.0382 - xent: 0.4581 - corr: 0.7866 - val_loss: 0.0467 - val_xent: 0.4815 - val_corr: 0.7417
Current time ....626.353
Epoch 42/100
 - 15s - loss: 0.0382 - xent: 0.4581 - corr: 0.7866 - val_loss: 0.0467 - val_xent: 0.4815 - val_corr: 0.7416
Current time ....641.625
Epoch 43/100
 - 15s - loss: 0.0382 - xent: 0.4580 - corr: 0.7866 - val_loss: 0.0467 - val_xent: 0.4817 - val_corr: 0.7413
Current time ....656.746
Epoch 44/100
 - 15s - loss: 0.0382 - xent: 0.4580 - corr: 0.7866 - val_loss: 0.0467 - val_xent: 0.4817 - val_corr: 0.7414
Current time ....671.823
Epoch 45/100
 - 15s - loss: 0.0383 - xent: 0.4581 - corr: 0.7865 - val_loss: 0.0467 - val_xent: 0.4816 - val_corr: 0.7415
Current time ....686.901
Epoch 46/100
 - 15s - loss: 0.0382 - xent: 0.4580 - corr: 0.7866 - val_loss: 0.0467 - val_xent: 0.4814 - val_corr: 0.7417
Current time ....702.121
Epoch 47/100
 - 15s - loss: 0.0382 - xent: 0.4581 - corr: 0.7866 - val_loss: 0.0467 - val_xent: 0.4819 - val_corr: 0.7415
Current time ....717.402
Epoch 48/100
 - 15s - loss: 0.0382 - xent: 0.4580 - corr: 0.7866 - val_loss: 0.0466 - val_xent: 0.4813 - val_corr: 0.7420
Current time ....732.663
Epoch 49/100
 - 15s - loss: 0.0382 - xent: 0.4580 - corr: 0.7866 - val_loss: 0.0466 - val_xent: 0.4813 - val_corr: 0.7422
Current time ....747.891
Epoch 50/100
 - 15s - loss: 0.0383 - xent: 0.4580 - corr: 0.7866 - val_loss: 0.0466 - val_xent: 0.4814 - val_corr: 0.7420
Current time ....763.041
Epoch 51/100
 - 15s - loss: 0.0382 - xent: 0.4580 - corr: 0.7866 - val_loss: 0.0466 - val_xent: 0.4814 - val_corr: 0.7422
Current time ....778.342
Epoch 52/100
 - 15s - loss: 0.0382 - xent: 0.4580 - corr: 0.7866 - val_loss: 0.0466 - val_xent: 0.4814 - val_corr: 0.7419
Current time ....793.521
Epoch 53/100
 - 15s - loss: 0.0382 - xent: 0.4580 - corr: 0.7866 - val_loss: 0.0467 - val_xent: 0.4816 - val_corr: 0.7416
Current time ....808.611
Epoch 54/100
 - 15s - loss: 0.0382 - xent: 0.4580 - corr: 0.7866 - val_loss: 0.0467 - val_xent: 0.4816 - val_corr: 0.7415
Current time ....823.820
Epoch 55/100
 - 15s - loss: 0.0383 - xent: 0.4580 - corr: 0.7865 - val_loss: 0.0467 - val_xent: 0.4814 - val_corr: 0.7416
Current time ....839.263
Epoch 56/100
 - 15s - loss: 0.0383 - xent: 0.4581 - corr: 0.7865 - val_loss: 0.0466 - val_xent: 0.4815 - val_corr: 0.7419
Current time ....854.291
Epoch 57/100
 - 15s - loss: 0.0382 - xent: 0.4580 - corr: 0.7866 - val_loss: 0.0466 - val_xent: 0.4816 - val_corr: 0.7420
Current time ....869.407
Epoch 58/100
 - 15s - loss: 0.0382 - xent: 0.4580 - corr: 0.7867 - val_loss: 0.0467 - val_xent: 0.4817 - val_corr: 0.7416
Current time ....884.573
Epoch 59/100
 - 15s - loss: 0.0382 - xent: 0.4580 - corr: 0.7867 - val_loss: 0.0466 - val_xent: 0.4815 - val_corr: 0.7418
Current time ....899.607
Epoch 60/100
 - 16s - loss: 0.0382 - xent: 0.4580 - corr: 0.7867 - val_loss: 0.0467 - val_xent: 0.4815 - val_corr: 0.7416
Current time ....915.247
Epoch 61/100
 - 15s - loss: 0.0382 - xent: 0.4580 - corr: 0.7866 - val_loss: 0.0467 - val_xent: 0.4818 - val_corr: 0.7415
Current time ....930.263
Epoch 62/100
 - 15s - loss: 0.0382 - xent: 0.4580 - corr: 0.7866 - val_loss: 0.0467 - val_xent: 0.4817 - val_corr: 0.7415
Current time ....945.307
Epoch 63/100
 - 15s - loss: 0.0382 - xent: 0.4580 - corr: 0.7866 - val_loss: 0.0467 - val_xent: 0.4816 - val_corr: 0.7417
Current time ....960.168
Epoch 64/100
 - 15s - loss: 0.0382 - xent: 0.4580 - corr: 0.7866 - val_loss: 0.0467 - val_xent: 0.4816 - val_corr: 0.7411
Current time ....975.474
Epoch 65/100
 - 15s - loss: 0.0382 - xent: 0.4580 - corr: 0.7866 - val_loss: 0.0467 - val_xent: 0.4815 - val_corr: 0.7414
Current time ....990.462
Epoch 66/100
 - 15s - loss: 0.0382 - xent: 0.4580 - corr: 0.7867 - val_loss: 0.0467 - val_xent: 0.4817 - val_corr: 0.7413
Current time ....1005.851
Epoch 67/100
 - 15s - loss: 0.0382 - xent: 0.4580 - corr: 0.7866 - val_loss: 0.0467 - val_xent: 0.4819 - val_corr: 0.7414
Current time ....1020.865
Epoch 68/100
 - 15s - loss: 0.0382 - xent: 0.4580 - corr: 0.7866 - val_loss: 0.0467 - val_xent: 0.4816 - val_corr: 0.7413
Current time ....1036.069
Epoch 69/100
 - 15s - loss: 0.0382 - xent: 0.4580 - corr: 0.7867 - val_loss: 0.0466 - val_xent: 0.4815 - val_corr: 0.7420
Current time ....1051.343
Epoch 70/100
 - 15s - loss: 0.0382 - xent: 0.4580 - corr: 0.7866 - val_loss: 0.0466 - val_xent: 0.4815 - val_corr: 0.7420
Current time ....1066.257
Epoch 71/100
 - 15s - loss: 0.0382 - xent: 0.4580 - corr: 0.7867 - val_loss: 0.0466 - val_xent: 0.4814 - val_corr: 0.7420
Current time ....1081.368
Epoch 72/100
 - 15s - loss: 0.0382 - xent: 0.4580 - corr: 0.7866 - val_loss: 0.0467 - val_xent: 0.4816 - val_corr: 0.7415
Current time ....1096.559
Epoch 73/100
 - 15s - loss: 0.0382 - xent: 0.4580 - corr: 0.7867 - val_loss: 0.0466 - val_xent: 0.4814 - val_corr: 0.7422
Current time ....1111.706
Epoch 74/100
 - 15s - loss: 0.0382 - xent: 0.4580 - corr: 0.7867 - val_loss: 0.0466 - val_xent: 0.4815 - val_corr: 0.7418
Current time ....1126.840
Epoch 75/100
 - 15s - loss: 0.0382 - xent: 0.4580 - corr: 0.7867 - val_loss: 0.0466 - val_xent: 0.4815 - val_corr: 0.7418
Current time ....1142.234
Epoch 76/100
 - 15s - loss: 0.0382 - xent: 0.4580 - corr: 0.7867 - val_loss: 0.0467 - val_xent: 0.4816 - val_corr: 0.7416
Current time ....1157.511
Epoch 77/100
 - 15s - loss: 0.0382 - xent: 0.4580 - corr: 0.7867 - val_loss: 0.0466 - val_xent: 0.4816 - val_corr: 0.7421
Current time ....1172.859
Epoch 78/100
 - 15s - loss: 0.0382 - xent: 0.4580 - corr: 0.7867 - val_loss: 0.0467 - val_xent: 0.4819 - val_corr: 0.7414
Current time ....1188.146
Epoch 79/100
 - 15s - loss: 0.0382 - xent: 0.4580 - corr: 0.7867 - val_loss: 0.0466 - val_xent: 0.4816 - val_corr: 0.7420
Current time ....1203.355
Epoch 80/100
 - 15s - loss: 0.0382 - xent: 0.4580 - corr: 0.7867 - val_loss: 0.0466 - val_xent: 0.4815 - val_corr: 0.7420
Current time ....1218.566
Epoch 81/100
 - 15s - loss: 0.0382 - xent: 0.4580 - corr: 0.7867 - val_loss: 0.0466 - val_xent: 0.4814 - val_corr: 0.7419
Current time ....1233.625
Epoch 82/100
 - 15s - loss: 0.0382 - xent: 0.4580 - corr: 0.7867 - val_loss: 0.0467 - val_xent: 0.4816 - val_corr: 0.7411
Current time ....1248.704
Epoch 83/100
 - 15s - loss: 0.0382 - xent: 0.4580 - corr: 0.7867 - val_loss: 0.0467 - val_xent: 0.4818 - val_corr: 0.7414
Current time ....1263.828
Epoch 84/100
 - 15s - loss: 0.0382 - xent: 0.4579 - corr: 0.7867 - val_loss: 0.0466 - val_xent: 0.4813 - val_corr: 0.7417
Current time ....1278.922
Epoch 85/100
 - 15s - loss: 0.0382 - xent: 0.4580 - corr: 0.7867 - val_loss: 0.0467 - val_xent: 0.4818 - val_corr: 0.7415
Current time ....1293.966
Epoch 86/100
 - 15s - loss: 0.0382 - xent: 0.4579 - corr: 0.7868 - val_loss: 0.0466 - val_xent: 0.4814 - val_corr: 0.7419
Current time ....1308.983
Epoch 87/100
 - 15s - loss: 0.0382 - xent: 0.4579 - corr: 0.7867 - val_loss: 0.0467 - val_xent: 0.4819 - val_corr: 0.7417
Current time ....1324.102
Epoch 88/100
 - 15s - loss: 0.0382 - xent: 0.4579 - corr: 0.7867 - val_loss: 0.0466 - val_xent: 0.4814 - val_corr: 0.7419
Current time ....1339.015
Epoch 89/100
 - 15s - loss: 0.0382 - xent: 0.4580 - corr: 0.7867 - val_loss: 0.0468 - val_xent: 0.4819 - val_corr: 0.7413
Current time ....1354.155
Epoch 90/100
 - 15s - loss: 0.0382 - xent: 0.4580 - corr: 0.7867 - val_loss: 0.0467 - val_xent: 0.4818 - val_corr: 0.7414
Current time ....1369.363
Epoch 91/100
 - 15s - loss: 0.0382 - xent: 0.4579 - corr: 0.7867 - val_loss: 0.0467 - val_xent: 0.4814 - val_corr: 0.7417
Current time ....1384.573
Epoch 92/100
 - 16s - loss: 0.0382 - xent: 0.4579 - corr: 0.7867 - val_loss: 0.0466 - val_xent: 0.4813 - val_corr: 0.7421
Current time ....1400.122
Epoch 93/100
 - 15s - loss: 0.0382 - xent: 0.4579 - corr: 0.7867 - val_loss: 0.0467 - val_xent: 0.4818 - val_corr: 0.7416
Current time ....1415.221
Epoch 94/100
 - 15s - loss: 0.0382 - xent: 0.4579 - corr: 0.7867 - val_loss: 0.0467 - val_xent: 0.4817 - val_corr: 0.7415
Current time ....1430.609
Epoch 95/100
 - 15s - loss: 0.0382 - xent: 0.4579 - corr: 0.7867 - val_loss: 0.0466 - val_xent: 0.4813 - val_corr: 0.7420
Current time ....1445.768
Epoch 96/100
 - 15s - loss: 0.0382 - xent: 0.4579 - corr: 0.7867 - val_loss: 0.0468 - val_xent: 0.4820 - val_corr: 0.7413
Current time ....1460.969
Epoch 97/100
 - 15s - loss: 0.0382 - xent: 0.4579 - corr: 0.7867 - val_loss: 0.0466 - val_xent: 0.4815 - val_corr: 0.7420
Current time ....1476.291
Epoch 98/100
 - 15s - loss: 0.0382 - xent: 0.4579 - corr: 0.7867 - val_loss: 0.0466 - val_xent: 0.4814 - val_corr: 0.7418
Current time ....1491.653
Epoch 99/100
 - 15s - loss: 0.0382 - xent: 0.4579 - corr: 0.7867 - val_loss: 0.0466 - val_xent: 0.4815 - val_corr: 0.7418
Current time ....1507.026
Epoch 100/100
 - 15s - loss: 0.0382 - xent: 0.4579 - corr: 0.7867 - val_loss: 0.0466 - val_xent: 0.4812 - val_corr: 0.7420
Current time ....1522.422
