Importing candle utils for keras
Configuration file:  /gpfs/mira-home/apeck/Modified_Benchmarks/Pilot1/P1B1/p1b1_default_model.txt
{'activation': 'relu',
 'alpha_dropout': False,
 'base_lr': None,
 'batch_normalization': False,
 'batch_size': 100,
 'dense': [2000, 600],
 'drop': 0,
 'epochs': 100,
 'epsilon_std': 1.0,
 'feature_subsample': 0,
 'file_test': 'P1B1.dev.test.csv',
 'file_train': 'P1B1.dev.train.csv',
 'initialization': 'glorot_uniform',
 'latent_dim': 2,
 'learning_rate': None,
 'loss': 'mse',
 'model': 'ae',
 'model_name': 'p1b1',
 'noise_factor': 0,
 'optimizer': 'adam',
 'rng_seed': 2017,
 'save_path': 'save',
 'scaling': 'minmax',
 'solr_root': '',
 'timeout': 3600,
 'url_p1b1': 'http://ftp.mcs.anl.gov/pub/candle/public/benchmarks/P1B1/',
 'validation_split': 0.1}
Params:
{'activation': 'relu',
 'alpha_dropout': False,
 'base_lr': None,
 'batch_normalization': False,
 'batch_size': 100,
 'cp': False,
 'datatype': <class 'numpy.float32'>,
 'dense': [2000, 600],
 'drop': 0,
 'epochs': 100,
 'epsilon_std': 1.0,
 'experiment_id': 'EXP000',
 'feature_subsample': 0,
 'file_test': 'P1B1.dev.test.csv',
 'file_train': 'P1B1.dev.train.csv',
 'gpus': [],
 'initialization': 'glorot_uniform',
 'latent_dim': 2,
 'learning_rate': None,
 'logfile': None,
 'loss': 'mse',
 'model': 'ae',
 'model_name': 'p1b1',
 'noise_factor': 0,
 'optimizer': 'adam',
 'output_dir': '/gpfs/mira-home/apeck/CANDLE_testing/avery_modified_results/local_p1/Output/EXP000/RUN000',
 'reduce_lr': False,
 'residual': False,
 'rng_seed': 2017,
 'run_id': 'RUN000',
 'save_path': 'save',
 'scaling': 'minmax',
 'shuffle': False,
 'solr_root': '',
 'tb': False,
 'timeout': 3600,
 'train_bool': True,
 'tsne': False,
 'url_p1b1': 'http://ftp.mcs.anl.gov/pub/candle/public/benchmarks/P1B1/',
 'use_landmark_genes': False,
 'validation_split': 0.1,
 'verbose': None,
 'warmup_lr': False}
_________________________________________________________________
Layer (type)                 Output Shape              Param #   
=================================================================
input_1 (InputLayer)         (None, 60483)             0         
_________________________________________________________________
dense_1 (Dense)              (None, 2000)              120968000 
_________________________________________________________________
dense_2 (Dense)              (None, 600)               1200600   
_________________________________________________________________
dense_3 (Dense)              (None, 2)                 1202      
_________________________________________________________________
model_2 (Model)              (None, 60483)             122230283 
=================================================================
Total params: 244,400,085
Trainable params: 244,400,085
Non-trainable params: 0
_________________________________________________________________
_________________________________________________________________
Layer (type)                 Output Shape              Param #   
=================================================================
input_3 (InputLayer)         (None, 2)                 0         
_________________________________________________________________
dense_4 (Dense)              (None, 600)               1800      
_________________________________________________________________
dense_5 (Dense)              (None, 2000)              1202000   
_________________________________________________________________
dense_6 (Dense)              (None, 60483)             121026483 
=================================================================
Total params: 122,230,283
Trainable params: 122,230,283
Non-trainable params: 0
_________________________________________________________________
Train on 2700 samples, validate on 300 samples
Epoch 1/100
 - 17s - loss: 0.1326 - xent: 0.6902 - corr: 12.8193 - val_loss: 0.1302 - val_xent: 0.6836 - val_corr: 0.7155
Current time ....16.600
Epoch 2/100
 - 14s - loss: 0.0912 - xent: 0.6012 - corr: 0.7777 - val_loss: 0.0484 - val_xent: 0.4910 - val_corr: 0.7308
Current time ....30.956
Epoch 3/100
 - 14s - loss: 0.0399 - xent: 0.4672 - corr: 0.7787 - val_loss: 0.0477 - val_xent: 0.4895 - val_corr: 0.7369
Current time ....44.805
Epoch 4/100
 - 14s - loss: 0.0385 - xent: 0.4605 - corr: 0.7851 - val_loss: 0.0469 - val_xent: 0.4837 - val_corr: 0.7407
Current time ....58.648
Epoch 5/100
 - 14s - loss: 0.0383 - xent: 0.4591 - corr: 0.7864 - val_loss: 0.0467 - val_xent: 0.4825 - val_corr: 0.7412
Current time ....72.452
Epoch 6/100
 - 14s - loss: 0.0383 - xent: 0.4588 - corr: 0.7865 - val_loss: 0.0466 - val_xent: 0.4821 - val_corr: 0.7417
Current time ....86.131
Epoch 7/100
 - 14s - loss: 0.0382 - xent: 0.4587 - corr: 0.7866 - val_loss: 0.0467 - val_xent: 0.4821 - val_corr: 0.7411
Current time ....99.774
Epoch 8/100
 - 14s - loss: 0.0383 - xent: 0.4586 - corr: 0.7866 - val_loss: 0.0467 - val_xent: 0.4819 - val_corr: 0.7416
Current time ....113.535
Epoch 9/100
 - 14s - loss: 0.0382 - xent: 0.4585 - corr: 0.7866 - val_loss: 0.0467 - val_xent: 0.4819 - val_corr: 0.7415
Current time ....127.233
Epoch 10/100
 - 14s - loss: 0.0383 - xent: 0.4584 - corr: 0.7865 - val_loss: 0.0467 - val_xent: 0.4819 - val_corr: 0.7414
Current time ....140.939
Epoch 11/100
 - 14s - loss: 0.0383 - xent: 0.4584 - corr: 0.7865 - val_loss: 0.0466 - val_xent: 0.4816 - val_corr: 0.7421
Current time ....154.625
Epoch 12/100
 - 14s - loss: 0.0382 - xent: 0.4583 - corr: 0.7866 - val_loss: 0.0467 - val_xent: 0.4817 - val_corr: 0.7416
Current time ....168.410
Epoch 13/100
 - 14s - loss: 0.0383 - xent: 0.4583 - corr: 0.7865 - val_loss: 0.0467 - val_xent: 0.4818 - val_corr: 0.7413
Current time ....182.076
Epoch 14/100
 - 14s - loss: 0.0383 - xent: 0.4583 - corr: 0.7865 - val_loss: 0.0466 - val_xent: 0.4816 - val_corr: 0.7424
Current time ....195.817
Epoch 15/100
 - 14s - loss: 0.0383 - xent: 0.4582 - corr: 0.7866 - val_loss: 0.0467 - val_xent: 0.4816 - val_corr: 0.7416
Current time ....209.487
Epoch 16/100
 - 14s - loss: 0.0382 - xent: 0.4582 - corr: 0.7866 - val_loss: 0.0468 - val_xent: 0.4819 - val_corr: 0.7410
Current time ....223.288
Epoch 17/100
 - 14s - loss: 0.0383 - xent: 0.4582 - corr: 0.7864 - val_loss: 0.0466 - val_xent: 0.4816 - val_corr: 0.7418
Current time ....237.108
Epoch 18/100
 - 14s - loss: 0.0383 - xent: 0.4582 - corr: 0.7866 - val_loss: 0.0467 - val_xent: 0.4817 - val_corr: 0.7414
Current time ....250.884
Epoch 19/100
 - 14s - loss: 0.0383 - xent: 0.4582 - corr: 0.7865 - val_loss: 0.0467 - val_xent: 0.4817 - val_corr: 0.7413
Current time ....264.735
Epoch 20/100
 - 14s - loss: 0.0383 - xent: 0.4582 - corr: 0.7865 - val_loss: 0.0467 - val_xent: 0.4816 - val_corr: 0.7416
Current time ....278.405
Epoch 21/100
 - 14s - loss: 0.0383 - xent: 0.4581 - corr: 0.7865 - val_loss: 0.0467 - val_xent: 0.4817 - val_corr: 0.7417
Current time ....292.109
Epoch 22/100
 - 14s - loss: 0.0383 - xent: 0.4582 - corr: 0.7865 - val_loss: 0.0467 - val_xent: 0.4817 - val_corr: 0.7418
Current time ....305.880
Epoch 23/100
 - 14s - loss: 0.0383 - xent: 0.4581 - corr: 0.7865 - val_loss: 0.0467 - val_xent: 0.4816 - val_corr: 0.7416
Current time ....319.620
Epoch 24/100
 - 14s - loss: 0.0383 - xent: 0.4581 - corr: 0.7865 - val_loss: 0.0467 - val_xent: 0.4816 - val_corr: 0.7416
Current time ....333.235
Epoch 25/100
 - 14s - loss: 0.0383 - xent: 0.4581 - corr: 0.7865 - val_loss: 0.0468 - val_xent: 0.4820 - val_corr: 0.7408
Current time ....347.039
Epoch 26/100
 - 14s - loss: 0.0383 - xent: 0.4581 - corr: 0.7865 - val_loss: 0.0467 - val_xent: 0.4817 - val_corr: 0.7415
Current time ....360.776
Epoch 27/100
 - 14s - loss: 0.0383 - xent: 0.4581 - corr: 0.7866 - val_loss: 0.0468 - val_xent: 0.4820 - val_corr: 0.7408
Current time ....374.513
Epoch 28/100
 - 14s - loss: 0.0383 - xent: 0.4581 - corr: 0.7866 - val_loss: 0.0468 - val_xent: 0.4819 - val_corr: 0.7408
Current time ....388.207
Epoch 29/100
 - 14s - loss: 0.0383 - xent: 0.4581 - corr: 0.7865 - val_loss: 0.0467 - val_xent: 0.4816 - val_corr: 0.7417
Current time ....401.988
Epoch 30/100
 - 14s - loss: 0.0383 - xent: 0.4581 - corr: 0.7865 - val_loss: 0.0467 - val_xent: 0.4818 - val_corr: 0.7414
Current time ....415.777
Epoch 31/100
 - 14s - loss: 0.0382 - xent: 0.4581 - corr: 0.7866 - val_loss: 0.0466 - val_xent: 0.4815 - val_corr: 0.7418
Current time ....429.513
Epoch 32/100
 - 14s - loss: 0.0382 - xent: 0.4581 - corr: 0.7866 - val_loss: 0.0468 - val_xent: 0.4819 - val_corr: 0.7411
Current time ....443.243
Epoch 33/100
 - 14s - loss: 0.0382 - xent: 0.4581 - corr: 0.7866 - val_loss: 0.0467 - val_xent: 0.4817 - val_corr: 0.7417
Current time ....456.940
Epoch 34/100
 - 14s - loss: 0.0382 - xent: 0.4581 - corr: 0.7866 - val_loss: 0.0467 - val_xent: 0.4816 - val_corr: 0.7417
Current time ....470.700
Epoch 35/100
 - 14s - loss: 0.0383 - xent: 0.4581 - corr: 0.7865 - val_loss: 0.0467 - val_xent: 0.4818 - val_corr: 0.7415
Current time ....484.516
Epoch 36/100
 - 14s - loss: 0.0383 - xent: 0.4581 - corr: 0.7866 - val_loss: 0.0468 - val_xent: 0.4818 - val_corr: 0.7409
Current time ....498.301
Epoch 37/100
 - 14s - loss: 0.0383 - xent: 0.4581 - corr: 0.7866 - val_loss: 0.0467 - val_xent: 0.4815 - val_corr: 0.7416
Current time ....512.050
Epoch 38/100
 - 14s - loss: 0.0382 - xent: 0.4581 - corr: 0.7866 - val_loss: 0.0466 - val_xent: 0.4815 - val_corr: 0.7419
Current time ....525.844
Epoch 39/100
 - 14s - loss: 0.0382 - xent: 0.4581 - corr: 0.7866 - val_loss: 0.0467 - val_xent: 0.4818 - val_corr: 0.7416
Current time ....539.581
Epoch 40/100
 - 14s - loss: 0.0383 - xent: 0.4581 - corr: 0.7864 - val_loss: 0.0467 - val_xent: 0.4815 - val_corr: 0.7414
Current time ....553.291
Epoch 41/100
 - 14s - loss: 0.0382 - xent: 0.4581 - corr: 0.7866 - val_loss: 0.0467 - val_xent: 0.4815 - val_corr: 0.7417
Current time ....566.941
Epoch 42/100
 - 14s - loss: 0.0382 - xent: 0.4581 - corr: 0.7866 - val_loss: 0.0467 - val_xent: 0.4815 - val_corr: 0.7416
Current time ....580.773
Epoch 43/100
 - 14s - loss: 0.0382 - xent: 0.4580 - corr: 0.7866 - val_loss: 0.0467 - val_xent: 0.4817 - val_corr: 0.7413
Current time ....594.571
Epoch 44/100
 - 14s - loss: 0.0382 - xent: 0.4580 - corr: 0.7866 - val_loss: 0.0467 - val_xent: 0.4817 - val_corr: 0.7414
Current time ....608.232
Epoch 45/100
 - 14s - loss: 0.0383 - xent: 0.4581 - corr: 0.7865 - val_loss: 0.0467 - val_xent: 0.4816 - val_corr: 0.7415
Current time ....621.986
Epoch 46/100
 - 14s - loss: 0.0382 - xent: 0.4580 - corr: 0.7866 - val_loss: 0.0467 - val_xent: 0.4814 - val_corr: 0.7417
Current time ....635.704
Epoch 47/100
 - 14s - loss: 0.0382 - xent: 0.4581 - corr: 0.7866 - val_loss: 0.0467 - val_xent: 0.4819 - val_corr: 0.7415
Current time ....649.474
Epoch 48/100
 - 14s - loss: 0.0382 - xent: 0.4580 - corr: 0.7866 - val_loss: 0.0466 - val_xent: 0.4813 - val_corr: 0.7420
Current time ....663.204
Epoch 49/100
 - 14s - loss: 0.0382 - xent: 0.4580 - corr: 0.7866 - val_loss: 0.0466 - val_xent: 0.4813 - val_corr: 0.7422
Current time ....676.869
Epoch 50/100
 - 14s - loss: 0.0383 - xent: 0.4580 - corr: 0.7866 - val_loss: 0.0466 - val_xent: 0.4814 - val_corr: 0.7420
Current time ....690.599
Epoch 51/100
 - 14s - loss: 0.0382 - xent: 0.4580 - corr: 0.7866 - val_loss: 0.0466 - val_xent: 0.4814 - val_corr: 0.7422
Current time ....704.338
Epoch 52/100
 - 14s - loss: 0.0382 - xent: 0.4580 - corr: 0.7866 - val_loss: 0.0466 - val_xent: 0.4814 - val_corr: 0.7419
Current time ....718.043
Epoch 53/100
 - 14s - loss: 0.0382 - xent: 0.4580 - corr: 0.7866 - val_loss: 0.0467 - val_xent: 0.4816 - val_corr: 0.7416
Current time ....731.770
Epoch 54/100
 - 14s - loss: 0.0382 - xent: 0.4580 - corr: 0.7866 - val_loss: 0.0467 - val_xent: 0.4816 - val_corr: 0.7415
Current time ....745.475
Epoch 55/100
 - 14s - loss: 0.0383 - xent: 0.4580 - corr: 0.7865 - val_loss: 0.0467 - val_xent: 0.4814 - val_corr: 0.7416
Current time ....759.330
Epoch 56/100
 - 14s - loss: 0.0383 - xent: 0.4581 - corr: 0.7865 - val_loss: 0.0466 - val_xent: 0.4815 - val_corr: 0.7419
Current time ....773.168
Epoch 57/100
 - 14s - loss: 0.0382 - xent: 0.4580 - corr: 0.7866 - val_loss: 0.0466 - val_xent: 0.4816 - val_corr: 0.7420
Current time ....786.983
Epoch 58/100
 - 14s - loss: 0.0382 - xent: 0.4580 - corr: 0.7867 - val_loss: 0.0467 - val_xent: 0.4817 - val_corr: 0.7416
Current time ....800.766
Epoch 59/100
 - 14s - loss: 0.0382 - xent: 0.4580 - corr: 0.7867 - val_loss: 0.0466 - val_xent: 0.4815 - val_corr: 0.7418
Current time ....814.500
Epoch 60/100
 - 14s - loss: 0.0382 - xent: 0.4580 - corr: 0.7867 - val_loss: 0.0467 - val_xent: 0.4815 - val_corr: 0.7416
Current time ....828.272
Epoch 61/100
 - 14s - loss: 0.0382 - xent: 0.4580 - corr: 0.7866 - val_loss: 0.0467 - val_xent: 0.4818 - val_corr: 0.7415
Current time ....841.905
Epoch 62/100
 - 14s - loss: 0.0382 - xent: 0.4580 - corr: 0.7866 - val_loss: 0.0467 - val_xent: 0.4817 - val_corr: 0.7415
Current time ....855.550
Epoch 63/100
 - 14s - loss: 0.0382 - xent: 0.4580 - corr: 0.7866 - val_loss: 0.0467 - val_xent: 0.4816 - val_corr: 0.7417
Current time ....869.166
Epoch 64/100
 - 14s - loss: 0.0382 - xent: 0.4580 - corr: 0.7866 - val_loss: 0.0467 - val_xent: 0.4816 - val_corr: 0.7411
Current time ....882.896
Epoch 65/100
 - 14s - loss: 0.0382 - xent: 0.4580 - corr: 0.7866 - val_loss: 0.0467 - val_xent: 0.4815 - val_corr: 0.7414
Current time ....896.662
Epoch 66/100
 - 14s - loss: 0.0382 - xent: 0.4580 - corr: 0.7867 - val_loss: 0.0467 - val_xent: 0.4817 - val_corr: 0.7413
Current time ....910.500
Epoch 67/100
 - 14s - loss: 0.0382 - xent: 0.4580 - corr: 0.7866 - val_loss: 0.0467 - val_xent: 0.4819 - val_corr: 0.7414
Current time ....924.297
Epoch 68/100
 - 14s - loss: 0.0382 - xent: 0.4580 - corr: 0.7866 - val_loss: 0.0467 - val_xent: 0.4816 - val_corr: 0.7413
Current time ....938.030
Epoch 69/100
 - 14s - loss: 0.0382 - xent: 0.4580 - corr: 0.7867 - val_loss: 0.0466 - val_xent: 0.4815 - val_corr: 0.7420
Current time ....951.804
Epoch 70/100
 - 14s - loss: 0.0382 - xent: 0.4580 - corr: 0.7866 - val_loss: 0.0466 - val_xent: 0.4815 - val_corr: 0.7420
Current time ....965.552
Epoch 71/100
 - 14s - loss: 0.0382 - xent: 0.4580 - corr: 0.7867 - val_loss: 0.0466 - val_xent: 0.4814 - val_corr: 0.7420
Current time ....979.279
Epoch 72/100
 - 14s - loss: 0.0382 - xent: 0.4580 - corr: 0.7866 - val_loss: 0.0467 - val_xent: 0.4816 - val_corr: 0.7415
Current time ....993.044
Epoch 73/100
 - 14s - loss: 0.0382 - xent: 0.4580 - corr: 0.7867 - val_loss: 0.0466 - val_xent: 0.4814 - val_corr: 0.7422
Current time ....1006.857
Epoch 74/100
 - 14s - loss: 0.0382 - xent: 0.4580 - corr: 0.7867 - val_loss: 0.0466 - val_xent: 0.4815 - val_corr: 0.7418
Current time ....1020.661
Epoch 75/100
 - 14s - loss: 0.0382 - xent: 0.4580 - corr: 0.7867 - val_loss: 0.0466 - val_xent: 0.4815 - val_corr: 0.7418
Current time ....1034.516
Epoch 76/100
 - 14s - loss: 0.0382 - xent: 0.4580 - corr: 0.7867 - val_loss: 0.0467 - val_xent: 0.4816 - val_corr: 0.7416
Current time ....1048.216
Epoch 77/100
 - 14s - loss: 0.0382 - xent: 0.4580 - corr: 0.7867 - val_loss: 0.0466 - val_xent: 0.4816 - val_corr: 0.7421
Current time ....1062.034
Epoch 78/100
 - 14s - loss: 0.0382 - xent: 0.4580 - corr: 0.7867 - val_loss: 0.0467 - val_xent: 0.4819 - val_corr: 0.7414
Current time ....1075.844
Epoch 79/100
 - 14s - loss: 0.0382 - xent: 0.4580 - corr: 0.7867 - val_loss: 0.0466 - val_xent: 0.4816 - val_corr: 0.7420
Current time ....1089.682
Epoch 80/100
 - 14s - loss: 0.0382 - xent: 0.4580 - corr: 0.7867 - val_loss: 0.0466 - val_xent: 0.4815 - val_corr: 0.7420
Current time ....1103.495
Epoch 81/100
 - 14s - loss: 0.0382 - xent: 0.4580 - corr: 0.7867 - val_loss: 0.0466 - val_xent: 0.4814 - val_corr: 0.7419
Current time ....1117.290
Epoch 82/100
 - 14s - loss: 0.0382 - xent: 0.4580 - corr: 0.7867 - val_loss: 0.0467 - val_xent: 0.4816 - val_corr: 0.7411
Current time ....1131.227
Epoch 83/100
 - 14s - loss: 0.0382 - xent: 0.4580 - corr: 0.7867 - val_loss: 0.0467 - val_xent: 0.4818 - val_corr: 0.7414
Current time ....1145.015
Epoch 84/100
 - 14s - loss: 0.0382 - xent: 0.4579 - corr: 0.7867 - val_loss: 0.0466 - val_xent: 0.4813 - val_corr: 0.7416
Current time ....1158.768
Epoch 85/100
 - 14s - loss: 0.0382 - xent: 0.4580 - corr: 0.7867 - val_loss: 0.0467 - val_xent: 0.4818 - val_corr: 0.7415
Current time ....1172.417
Epoch 86/100
 - 14s - loss: 0.0382 - xent: 0.4579 - corr: 0.7868 - val_loss: 0.0466 - val_xent: 0.4814 - val_corr: 0.7419
Current time ....1186.237
Epoch 87/100
 - 14s - loss: 0.0382 - xent: 0.4579 - corr: 0.7867 - val_loss: 0.0467 - val_xent: 0.4819 - val_corr: 0.7417
Current time ....1200.023
Epoch 88/100
 - 14s - loss: 0.0382 - xent: 0.4579 - corr: 0.7867 - val_loss: 0.0466 - val_xent: 0.4814 - val_corr: 0.7419
Current time ....1213.801
Epoch 89/100
 - 14s - loss: 0.0382 - xent: 0.4580 - corr: 0.7867 - val_loss: 0.0468 - val_xent: 0.4819 - val_corr: 0.7413
Current time ....1227.565
Epoch 90/100
 - 14s - loss: 0.0382 - xent: 0.4580 - corr: 0.7867 - val_loss: 0.0467 - val_xent: 0.4818 - val_corr: 0.7414
Current time ....1241.367
Epoch 91/100
 - 14s - loss: 0.0382 - xent: 0.4579 - corr: 0.7867 - val_loss: 0.0467 - val_xent: 0.4814 - val_corr: 0.7417
Current time ....1255.137
Epoch 92/100
 - 14s - loss: 0.0382 - xent: 0.4579 - corr: 0.7867 - val_loss: 0.0466 - val_xent: 0.4813 - val_corr: 0.7421
Current time ....1268.888
Epoch 93/100
 - 14s - loss: 0.0382 - xent: 0.4579 - corr: 0.7867 - val_loss: 0.0467 - val_xent: 0.4818 - val_corr: 0.7416
Current time ....1282.679
Epoch 94/100
 - 14s - loss: 0.0382 - xent: 0.4579 - corr: 0.7867 - val_loss: 0.0467 - val_xent: 0.4817 - val_corr: 0.7415
Current time ....1296.427
Epoch 95/100
 - 14s - loss: 0.0382 - xent: 0.4579 - corr: 0.7867 - val_loss: 0.0466 - val_xent: 0.4813 - val_corr: 0.7420
Current time ....1310.268
Epoch 96/100
 - 14s - loss: 0.0382 - xent: 0.4579 - corr: 0.7867 - val_loss: 0.0468 - val_xent: 0.4820 - val_corr: 0.7413
Current time ....1324.026
Epoch 97/100
 - 14s - loss: 0.0382 - xent: 0.4579 - corr: 0.7867 - val_loss: 0.0466 - val_xent: 0.4815 - val_corr: 0.7420
Current time ....1337.835
Epoch 98/100
 - 14s - loss: 0.0382 - xent: 0.4579 - corr: 0.7867 - val_loss: 0.0466 - val_xent: 0.4814 - val_corr: 0.7418
Current time ....1351.519
Epoch 99/100
 - 14s - loss: 0.0382 - xent: 0.4579 - corr: 0.7867 - val_loss: 0.0466 - val_xent: 0.4815 - val_corr: 0.7418
Current time ....1365.286
Epoch 100/100
 - 14s - loss: 0.0382 - xent: 0.4579 - corr: 0.7867 - val_loss: 0.0466 - val_xent: 0.4812 - val_corr: 0.7420
Current time ....1379.088
