Importing candle utils for keras
Configuration file:  /gpfs/mira-home/apeck/Modified_Benchmarks/Pilot3/P3B1/p3b1_default_model.txt
{'activation': 'relu',
 'batch_size': 10,
 'data_url': 'ftp://ftp.mcs.anl.gov/pub/candle/public/benchmarks/P3B1/',
 'drop': 0.0,
 'epochs': 10,
 'feature_names': 'Primary site:Tumor laterality:Histological grade',
 'ind_nnet_spec': [[2400, 2400, 1200, 1200],
                   [2400, 2400, 1200, 1200],
                   [2400, 2400, 1200, 1200]],
 'initialization': 'glorot_uniform',
 'learning_rate': 0.01,
 'loss': 'categorical_crossentropy',
 'metrics': 'accuracy',
 'model_name': 'p3b1',
 'n_fold': 1,
 'optimizer': 'sgd',
 'out_activation': 'softmax',
 'output_dir': '.',
 'scaling': 'none',
 'shared_nnet_spec': [1200,
                      2400,
                      3600,
                      3600,
                      3600,
                      3600,
                      3600,
                      3600,
                      3600,
                      2400],
 'shuffle': True,
 'timeout': 1800,
 'train_data': 'P3B1_data.tar.gz'}
Params:
{'activation': 'relu',
 'batch_size': 10,
 'case': 'CenterZ',
 'data_url': 'ftp://ftp.mcs.anl.gov/pub/candle/public/benchmarks/P3B1/',
 'datatype': <class 'numpy.float32'>,
 'drop': 0.0,
 'epochs': 10,
 'experiment_id': 'EXP000',
 'feature_names': 'Primary site:Tumor laterality:Histological grade',
 'fig': False,
 'gpus': [],
 'ind_nnet_spec': [[2400, 2400, 1200, 1200],
                   [2400, 2400, 1200, 1200],
                   [2400, 2400, 1200, 1200]],
 'initialization': 'glorot_uniform',
 'learning_rate': 0.01,
 'logfile': None,
 'loss': 'categorical_crossentropy',
 'metrics': 'accuracy',
 'model_name': 'p3b1',
 'n_fold': 1,
 'optimizer': 'sgd',
 'out_activation': 'softmax',
 'output_dir': '/gpfs/mira-home/apeck/CANDLE_testing/avery_modified_results/local_p3',
 'output_files': 'result0_0.csv;result1_0.csv;result2_0.csv',
 'rng_seed': 7102,
 'run_id': 'RUN000',
 'scaling': 'none',
 'shared_nnet_spec': [1200,
                      2400,
                      3600,
                      3600,
                      3600,
                      3600,
                      3600,
                      3600,
                      3600,
                      2400],
 'shuffle': False,
 'timeout': 1800,
 'train_bool': True,
 'train_data': 'P3B1_data.tar.gz',
 'train_features': 'data/task0_0_train_feature.csv;data/task1_0_train_feature.csv;data/task2_0_train_feature.csv',
 'train_truths': 'data/task0_0_train_label.csv;data/task1_0_train_label.csv;data/task2_0_train_label.csv',
 'valid_features': 'data/task0_0_test_feature.csv;data/task1_0_test_feature.csv;data/task2_0_test_feature.csv',
 'valid_truths': 'data/task0_0_test_label.csv;data/task1_0_test_label.csv;data/task2_0_test_label.csv',
 'verbose': None}
Feature names:
Primary site
Tumor laterality
Histological grade
Model:  0
_________________________________________________________________
Layer (type)                 Output Shape              Param #   
=================================================================
input (InputLayer)           (None, 400)               0         
_________________________________________________________________
indiv_layer_0_0 (Dense)      (None, 2400)              962400    
_________________________________________________________________
indiv_layer_0_1 (Dense)      (None, 2400)              5762400   
_________________________________________________________________
indiv_layer_0_2 (Dense)      (None, 1200)              2881200   
_________________________________________________________________
indiv_layer_0_3 (Dense)      (None, 1200)              1441200   
_________________________________________________________________
out_0 (Dense)                (None, 13)                15613     
=================================================================
Total params: 11,062,813
Trainable params: 11,062,813
Non-trainable params: 0
_________________________________________________________________
Model:  1
_________________________________________________________________
Layer (type)                 Output Shape              Param #   
=================================================================
input (InputLayer)           (None, 400)               0         
_________________________________________________________________
indiv_layer_1_0 (Dense)      (None, 2400)              962400    
_________________________________________________________________
indiv_layer_1_1 (Dense)      (None, 2400)              5762400   
_________________________________________________________________
indiv_layer_1_2 (Dense)      (None, 1200)              2881200   
_________________________________________________________________
indiv_layer_1_3 (Dense)      (None, 1200)              1441200   
_________________________________________________________________
out_1 (Dense)                (None, 2)                 2402      
=================================================================
Total params: 11,049,602
Trainable params: 11,049,602
Non-trainable params: 0
_________________________________________________________________
Model:  2
_________________________________________________________________
Layer (type)                 Output Shape              Param #   
=================================================================
input (InputLayer)           (None, 400)               0         
_________________________________________________________________
indiv_layer_2_0 (Dense)      (None, 2400)              962400    
_________________________________________________________________
indiv_layer_2_1 (Dense)      (None, 2400)              5762400   
_________________________________________________________________
indiv_layer_2_2 (Dense)      (None, 1200)              2881200   
_________________________________________________________________
indiv_layer_2_3 (Dense)      (None, 1200)              1441200   
_________________________________________________________________
out_2 (Dense)                (None, 4)                 4804      
=================================================================
Total params: 11,052,004
Trainable params: 11,052,004
Non-trainable params: 0
_________________________________________________________________
Train on 3900 samples, validate on 99 samples
Epoch 1/1

  10/3900 [..............................] - ETA: 9:35 - loss: 2.5624 - acc: 0.0000e+00
  60/3900 [..............................] - ETA: 1:38 - loss: 2.5655 - acc: 0.0167    
 100/3900 [..............................] - ETA: 1:00 - loss: 2.5652 - acc: 0.0500
 140/3900 [>.............................] - ETA: 44s - loss: 2.5641 - acc: 0.0714 
 190/3900 [>.............................] - ETA: 33s - loss: 2.5631 - acc: 0.0842
 240/3900 [>.............................] - ETA: 26s - loss: 2.5627 - acc: 0.1000
 290/3900 [=>............................] - ETA: 22s - loss: 2.5627 - acc: 0.1172
 340/3900 [=>............................] - ETA: 19s - loss: 2.5629 - acc: 0.1206
 390/3900 [==>...........................] - ETA: 17s - loss: 2.5624 - acc: 0.1308
 440/3900 [==>...........................] - ETA: 15s - loss: 2.5620 - acc: 0.1341
 490/3900 [==>...........................] - ETA: 14s - loss: 2.5616 - acc: 0.1408
 540/3900 [===>..........................] - ETA: 12s - loss: 2.5615 - acc: 0.1370
 590/3900 [===>..........................] - ETA: 11s - loss: 2.5617 - acc: 0.1373
 640/3900 [===>..........................] - ETA: 11s - loss: 2.5616 - acc: 0.1375
 690/3900 [====>.........................] - ETA: 10s - loss: 2.5616 - acc: 0.1348
 750/3900 [====>.........................] - ETA: 9s - loss: 2.5613 - acc: 0.1360 
 810/3900 [=====>........................] - ETA: 8s - loss: 2.5610 - acc: 0.1370
 870/3900 [=====>........................] - ETA: 8s - loss: 2.5610 - acc: 0.1437
 930/3900 [======>.......................] - ETA: 7s - loss: 2.5606 - acc: 0.1548
 990/3900 [======>.......................] - ETA: 7s - loss: 2.5602 - acc: 0.1626
1050/3900 [=======>......................] - ETA: 7s - loss: 2.5603 - acc: 0.1629
1110/3900 [=======>......................] - ETA: 6s - loss: 2.5601 - acc: 0.1613
1170/3900 [========>.....................] - ETA: 6s - loss: 2.5602 - acc: 0.1598
1230/3900 [========>.....................] - ETA: 5s - loss: 2.5601 - acc: 0.1593
1290/3900 [========>.....................] - ETA: 5s - loss: 2.5599 - acc: 0.1581
1350/3900 [=========>....................] - ETA: 5s - loss: 2.5596 - acc: 0.1630
1410/3900 [=========>....................] - ETA: 5s - loss: 2.5594 - acc: 0.1667
1470/3900 [==========>...................] - ETA: 4s - loss: 2.5592 - acc: 0.1646
1530/3900 [==========>...................] - ETA: 4s - loss: 2.5591 - acc: 0.1641
1580/3900 [===========>..................] - ETA: 4s - loss: 2.5590 - acc: 0.1639
1630/3900 [===========>..................] - ETA: 4s - loss: 2.5588 - acc: 0.1644
1690/3900 [============>.................] - ETA: 4s - loss: 2.5585 - acc: 0.1686
1750/3900 [============>.................] - ETA: 4s - loss: 2.5581 - acc: 0.1714
1810/3900 [============>.................] - ETA: 3s - loss: 2.5578 - acc: 0.1729
1870/3900 [=============>................] - ETA: 3s - loss: 2.5574 - acc: 0.1738
1930/3900 [=============>................] - ETA: 3s - loss: 2.5573 - acc: 0.1715
1990/3900 [==============>...............] - ETA: 3s - loss: 2.5571 - acc: 0.1749
2050/3900 [==============>...............] - ETA: 3s - loss: 2.5569 - acc: 0.1776
2110/3900 [===============>..............] - ETA: 3s - loss: 2.5567 - acc: 0.1791
2170/3900 [===============>..............] - ETA: 2s - loss: 2.5563 - acc: 0.1829
2230/3900 [================>.............] - ETA: 2s - loss: 2.5560 - acc: 0.1852
2290/3900 [================>.............] - ETA: 2s - loss: 2.5558 - acc: 0.1865
2350/3900 [=================>............] - ETA: 2s - loss: 2.5556 - acc: 0.1881
2410/3900 [=================>............] - ETA: 2s - loss: 2.5553 - acc: 0.1888
2460/3900 [=================>............] - ETA: 2s - loss: 2.5551 - acc: 0.1894
2520/3900 [==================>...........] - ETA: 2s - loss: 2.5548 - acc: 0.1913
2580/3900 [==================>...........] - ETA: 2s - loss: 2.5546 - acc: 0.1938
2640/3900 [===================>..........] - ETA: 1s - loss: 2.5543 - acc: 0.1962
2700/3900 [===================>..........] - ETA: 1s - loss: 2.5540 - acc: 0.1996
2760/3900 [====================>.........] - ETA: 1s - loss: 2.5538 - acc: 0.2011
2820/3900 [====================>.........] - ETA: 1s - loss: 2.5536 - acc: 0.2021
2880/3900 [=====================>........] - ETA: 1s - loss: 2.5532 - acc: 0.2063
2930/3900 [=====================>........] - ETA: 1s - loss: 2.5531 - acc: 0.2075
2990/3900 [======================>.......] - ETA: 1s - loss: 2.5527 - acc: 0.2084
3040/3900 [======================>.......] - ETA: 1s - loss: 2.5526 - acc: 0.2095
3100/3900 [======================>.......] - ETA: 1s - loss: 2.5523 - acc: 0.2129
3160/3900 [=======================>......] - ETA: 1s - loss: 2.5520 - acc: 0.2130
3220/3900 [=======================>......] - ETA: 0s - loss: 2.5517 - acc: 0.2171
3280/3900 [========================>.....] - ETA: 0s - loss: 2.5514 - acc: 0.2195
3340/3900 [========================>.....] - ETA: 0s - loss: 2.5511 - acc: 0.2225
3400/3900 [=========================>....] - ETA: 0s - loss: 2.5508 - acc: 0.2247
3460/3900 [=========================>....] - ETA: 0s - loss: 2.5505 - acc: 0.2289
3520/3900 [==========================>...] - ETA: 0s - loss: 2.5501 - acc: 0.2330
3580/3900 [==========================>...] - ETA: 0s - loss: 2.5499 - acc: 0.2355
3640/3900 [===========================>..] - ETA: 0s - loss: 2.5496 - acc: 0.2360
3700/3900 [===========================>..] - ETA: 0s - loss: 2.5493 - acc: 0.2397
3760/3900 [===========================>..] - ETA: 0s - loss: 2.5491 - acc: 0.2431
3820/3900 [============================>.] - ETA: 0s - loss: 2.5488 - acc: 0.2461
3880/3900 [============================>.] - ETA: 0s - loss: 2.5486 - acc: 0.2472
3900/3900 [==============================] - 5s 1ms/step - loss: 2.5484 - acc: 0.2487 - val_loss: 2.5336 - val_acc: 0.4343
Current time ....5.380
Train on 600 samples, validate on 86 samples
Epoch 1/1

 10/600 [..............................] - ETA: 17s - loss: 0.6982 - acc: 0.3000
 70/600 [==>...........................] - ETA: 2s - loss: 0.6859 - acc: 0.5571 
130/600 [=====>........................] - ETA: 1s - loss: 0.6873 - acc: 0.6000
190/600 [========>.....................] - ETA: 1s - loss: 0.6827 - acc: 0.6526
250/600 [===========>..................] - ETA: 0s - loss: 0.6808 - acc: 0.6560
310/600 [==============>...............] - ETA: 0s - loss: 0.6757 - acc: 0.6903
370/600 [=================>............] - ETA: 0s - loss: 0.6701 - acc: 0.6838
430/600 [====================>.........] - ETA: 0s - loss: 0.6663 - acc: 0.6767
490/600 [=======================>......] - ETA: 0s - loss: 0.6622 - acc: 0.7041
550/600 [==========================>...] - ETA: 0s - loss: 0.6566 - acc: 0.7218
600/600 [==============================] - 1s 1ms/step - loss: 0.6522 - acc: 0.7367 - val_loss: 0.6183 - val_acc: 0.8605
Current time ....0.892
Train on 1200 samples, validate on 68 samples
Epoch 1/1

  10/1200 [..............................] - ETA: 34s - loss: 1.4320 - acc: 0.1000
  70/1200 [>.............................] - ETA: 5s - loss: 1.3811 - acc: 0.2571 
 130/1200 [==>...........................] - ETA: 3s - loss: 1.3799 - acc: 0.3154
 190/1200 [===>..........................] - ETA: 2s - loss: 1.3719 - acc: 0.3579
 250/1200 [=====>........................] - ETA: 1s - loss: 1.3665 - acc: 0.4040
 310/1200 [======>.......................] - ETA: 1s - loss: 1.3578 - acc: 0.4323
 370/1200 [========>.....................] - ETA: 1s - loss: 1.3534 - acc: 0.4351
 430/1200 [=========>....................] - ETA: 1s - loss: 1.3492 - acc: 0.4488
 490/1200 [===========>..................] - ETA: 1s - loss: 1.3437 - acc: 0.4633
 550/1200 [============>.................] - ETA: 0s - loss: 1.3384 - acc: 0.4655
 610/1200 [==============>...............] - ETA: 0s - loss: 1.3330 - acc: 0.4689
 670/1200 [===============>..............] - ETA: 0s - loss: 1.3277 - acc: 0.4731
 730/1200 [=================>............] - ETA: 0s - loss: 1.3212 - acc: 0.4712
 790/1200 [==================>...........] - ETA: 0s - loss: 1.3174 - acc: 0.4658
 850/1200 [====================>.........] - ETA: 0s - loss: 1.3144 - acc: 0.4659
 910/1200 [=====================>........] - ETA: 0s - loss: 1.3071 - acc: 0.4791
 970/1200 [=======================>......] - ETA: 0s - loss: 1.3010 - acc: 0.4784
1030/1200 [========================>.....] - ETA: 0s - loss: 1.2920 - acc: 0.4854
1090/1200 [==========================>...] - ETA: 0s - loss: 1.2874 - acc: 0.4798
1150/1200 [===========================>..] - ETA: 0s - loss: 1.2805 - acc: 0.4852
1200/1200 [==============================] - 1s 1ms/step - loss: 1.2749 - acc: 0.4883 - val_loss: 1.2552 - val_acc: 0.2206
Current time ....1.455
Train on 3900 samples, validate on 99 samples
Epoch 1/1

  10/3900 [..............................] - ETA: 3s - loss: 2.5363 - acc: 0.2000
  70/3900 [..............................] - ETA: 3s - loss: 2.5279 - acc: 0.3000
 130/3900 [>.............................] - ETA: 3s - loss: 2.5275 - acc: 0.3231
 190/3900 [>.............................] - ETA: 3s - loss: 2.5271 - acc: 0.3053
 250/3900 [>.............................] - ETA: 3s - loss: 2.5273 - acc: 0.3240
 310/3900 [=>............................] - ETA: 3s - loss: 2.5265 - acc: 0.3484
 370/3900 [=>............................] - ETA: 3s - loss: 2.5256 - acc: 0.3541
 430/3900 [==>...........................] - ETA: 3s - loss: 2.5250 - acc: 0.3628
 490/3900 [==>...........................] - ETA: 3s - loss: 2.5248 - acc: 0.3735
 550/3900 [===>..........................] - ETA: 3s - loss: 2.5249 - acc: 0.3655
 610/3900 [===>..........................] - ETA: 3s - loss: 2.5245 - acc: 0.3672
 670/3900 [====>.........................] - ETA: 3s - loss: 2.5245 - acc: 0.3657
 730/3900 [====>.........................] - ETA: 3s - loss: 2.5239 - acc: 0.3712
 790/3900 [=====>........................] - ETA: 3s - loss: 2.5237 - acc: 0.3709
 850/3900 [=====>........................] - ETA: 2s - loss: 2.5233 - acc: 0.3765
 910/3900 [======>.......................] - ETA: 2s - loss: 2.5227 - acc: 0.3813
 970/3900 [======>.......................] - ETA: 2s - loss: 2.5224 - acc: 0.3773
1030/3900 [======>.......................] - ETA: 2s - loss: 2.5214 - acc: 0.3835
1090/3900 [=======>......................] - ETA: 2s - loss: 2.5209 - acc: 0.3826
1150/3900 [=======>......................] - ETA: 2s - loss: 2.5204 - acc: 0.3852
1210/3900 [========>.....................] - ETA: 2s - loss: 2.5193 - acc: 0.3860
1270/3900 [========>.....................] - ETA: 2s - loss: 2.5183 - acc: 0.3843
1330/3900 [=========>....................] - ETA: 2s - loss: 2.5180 - acc: 0.3759
1390/3900 [=========>....................] - ETA: 2s - loss: 2.5173 - acc: 0.3676
1450/3900 [==========>...................] - ETA: 2s - loss: 2.5165 - acc: 0.3641
1510/3900 [==========>...................] - ETA: 2s - loss: 2.5157 - acc: 0.3636
1570/3900 [===========>..................] - ETA: 2s - loss: 2.5150 - acc: 0.3624
1630/3900 [===========>..................] - ETA: 2s - loss: 2.5146 - acc: 0.3607
1690/3900 [============>.................] - ETA: 2s - loss: 2.5140 - acc: 0.3574
1750/3900 [============>.................] - ETA: 2s - loss: 2.5135 - acc: 0.3543
1810/3900 [============>.................] - ETA: 2s - loss: 2.5128 - acc: 0.3547
1870/3900 [=============>................] - ETA: 1s - loss: 2.5120 - acc: 0.3551
1930/3900 [=============>................] - ETA: 1s - loss: 2.5118 - acc: 0.3518
1990/3900 [==============>...............] - ETA: 1s - loss: 2.5113 - acc: 0.3513
2050/3900 [==============>...............] - ETA: 1s - loss: 2.5108 - acc: 0.3537
2110/3900 [===============>..............] - ETA: 1s - loss: 2.5103 - acc: 0.3545
2170/3900 [===============>..............] - ETA: 1s - loss: 2.5098 - acc: 0.3558
2230/3900 [================>.............] - ETA: 1s - loss: 2.5089 - acc: 0.3583
2290/3900 [================>.............] - ETA: 1s - loss: 2.5084 - acc: 0.3590
2350/3900 [=================>............] - ETA: 1s - loss: 2.5078 - acc: 0.3609
2410/3900 [=================>............] - ETA: 1s - loss: 2.5072 - acc: 0.3602
2470/3900 [==================>...........] - ETA: 1s - loss: 2.5067 - acc: 0.3599
2530/3900 [==================>...........] - ETA: 1s - loss: 2.5060 - acc: 0.3617
2590/3900 [==================>...........] - ETA: 1s - loss: 2.5053 - acc: 0.3641
2650/3900 [===================>..........] - ETA: 1s - loss: 2.5048 - acc: 0.3642
2710/3900 [===================>..........] - ETA: 1s - loss: 2.5042 - acc: 0.3646
2770/3900 [====================>.........] - ETA: 1s - loss: 2.5034 - acc: 0.3679
2830/3900 [====================>.........] - ETA: 1s - loss: 2.5029 - acc: 0.3693
2890/3900 [=====================>........] - ETA: 0s - loss: 2.5023 - acc: 0.3702
2950/3900 [=====================>........] - ETA: 0s - loss: 2.5016 - acc: 0.3722
3010/3900 [======================>.......] - ETA: 0s - loss: 2.5012 - acc: 0.3714
3070/3900 [======================>.......] - ETA: 0s - loss: 2.5005 - acc: 0.3720
3130/3900 [=======================>......] - ETA: 0s - loss: 2.4998 - acc: 0.3751
3190/3900 [=======================>......] - ETA: 0s - loss: 2.4990 - acc: 0.3762
3250/3900 [========================>.....] - ETA: 0s - loss: 2.4984 - acc: 0.3775
3310/3900 [========================>.....] - ETA: 0s - loss: 2.4977 - acc: 0.3789
3370/3900 [========================>.....] - ETA: 0s - loss: 2.4968 - acc: 0.3822
3430/3900 [=========================>....] - ETA: 0s - loss: 2.4960 - acc: 0.3834
3490/3900 [=========================>....] - ETA: 0s - loss: 2.4952 - acc: 0.3860
3550/3900 [==========================>...] - ETA: 0s - loss: 2.4945 - acc: 0.3856
3610/3900 [==========================>...] - ETA: 0s - loss: 2.4938 - acc: 0.3870
3670/3900 [===========================>..] - ETA: 0s - loss: 2.4930 - acc: 0.3880
3730/3900 [===========================>..] - ETA: 0s - loss: 2.4920 - acc: 0.3898
3790/3900 [============================>.] - ETA: 0s - loss: 2.4910 - acc: 0.3923
3850/3900 [============================>.] - ETA: 0s - loss: 2.4901 - acc: 0.3938
3900/3900 [==============================] - 4s 972us/step - loss: 2.4893 - acc: 0.3951 - val_loss: 2.4515 - val_acc: 0.4242
Current time ....3.791
Train on 600 samples, validate on 86 samples
Epoch 1/1

 10/600 [..............................] - ETA: 0s - loss: 0.5855 - acc: 1.0000
 70/600 [==>...........................] - ETA: 0s - loss: 0.5470 - acc: 0.9571
130/600 [=====>........................] - ETA: 0s - loss: 0.5760 - acc: 0.9615
190/600 [========>.....................] - ETA: 0s - loss: 0.5723 - acc: 0.9632
250/600 [===========>..................] - ETA: 0s - loss: 0.5703 - acc: 0.9560
310/600 [==============>...............] - ETA: 0s - loss: 0.5634 - acc: 0.9452
370/600 [=================>............] - ETA: 0s - loss: 0.5552 - acc: 0.9432
430/600 [====================>.........] - ETA: 0s - loss: 0.5478 - acc: 0.9395
490/600 [=======================>......] - ETA: 0s - loss: 0.5425 - acc: 0.9408
550/600 [==========================>...] - ETA: 0s - loss: 0.5361 - acc: 0.9436
600/600 [==============================] - 1s 997us/step - loss: 0.5334 - acc: 0.9433 - val_loss: 0.5185 - val_acc: 0.8721
Current time ....0.599
Train on 1200 samples, validate on 68 samples
Epoch 1/1

  10/1200 [..............................] - ETA: 1s - loss: 1.1595 - acc: 0.6000
  70/1200 [>.............................] - ETA: 1s - loss: 1.1564 - acc: 0.6000
 130/1200 [==>...........................] - ETA: 1s - loss: 1.1267 - acc: 0.6462
 190/1200 [===>..........................] - ETA: 0s - loss: 1.1297 - acc: 0.6158
 250/1200 [=====>........................] - ETA: 0s - loss: 1.1339 - acc: 0.6040
 310/1200 [======>.......................] - ETA: 0s - loss: 1.1201 - acc: 0.6258
 370/1200 [========>.....................] - ETA: 0s - loss: 1.1159 - acc: 0.6351
 430/1200 [=========>....................] - ETA: 0s - loss: 1.1058 - acc: 0.6395
 490/1200 [===========>..................] - ETA: 0s - loss: 1.1021 - acc: 0.6347
 550/1200 [============>.................] - ETA: 0s - loss: 1.0964 - acc: 0.6364
 610/1200 [==============>...............] - ETA: 0s - loss: 1.0829 - acc: 0.6525
 670/1200 [===============>..............] - ETA: 0s - loss: 1.0769 - acc: 0.6418
 730/1200 [=================>............] - ETA: 0s - loss: 1.0631 - acc: 0.6466
 790/1200 [==================>...........] - ETA: 0s - loss: 1.0572 - acc: 0.6443
 850/1200 [====================>.........] - ETA: 0s - loss: 1.0541 - acc: 0.6447
 910/1200 [=====================>........] - ETA: 0s - loss: 1.0528 - acc: 0.6341
 970/1200 [=======================>......] - ETA: 0s - loss: 1.0460 - acc: 0.6340
1030/1200 [========================>.....] - ETA: 0s - loss: 1.0372 - acc: 0.6369
1090/1200 [==========================>...] - ETA: 0s - loss: 1.0328 - acc: 0.6312
1150/1200 [===========================>..] - ETA: 0s - loss: 1.0251 - acc: 0.6365
1200/1200 [==============================] - 1s 967us/step - loss: 1.0204 - acc: 0.6358 - val_loss: 1.1218 - val_acc: 0.3824
Current time ....1.160
Train on 3900 samples, validate on 99 samples
Epoch 1/1

  10/3900 [..............................] - ETA: 4s - loss: 2.4349 - acc: 0.3000
  70/3900 [..............................] - ETA: 3s - loss: 2.4225 - acc: 0.5286
 130/3900 [>.............................] - ETA: 3s - loss: 2.4213 - acc: 0.5231
 190/3900 [>.............................] - ETA: 3s - loss: 2.4224 - acc: 0.5263
 250/3900 [>.............................] - ETA: 3s - loss: 2.4232 - acc: 0.5200
 310/3900 [=>............................] - ETA: 3s - loss: 2.4204 - acc: 0.5290
 370/3900 [=>............................] - ETA: 3s - loss: 2.4202 - acc: 0.5027
 430/3900 [==>...........................] - ETA: 3s - loss: 2.4167 - acc: 0.4977
 490/3900 [==>...........................] - ETA: 3s - loss: 2.4140 - acc: 0.4980
 550/3900 [===>..........................] - ETA: 3s - loss: 2.4126 - acc: 0.4945
 610/3900 [===>..........................] - ETA: 3s - loss: 2.4116 - acc: 0.4836
 670/3900 [====>.........................] - ETA: 3s - loss: 2.4118 - acc: 0.4687
 730/3900 [====>.........................] - ETA: 3s - loss: 2.4087 - acc: 0.4726
 790/3900 [=====>........................] - ETA: 3s - loss: 2.4070 - acc: 0.4671
 850/3900 [=====>........................] - ETA: 2s - loss: 2.4055 - acc: 0.4624
 910/3900 [======>.......................] - ETA: 2s - loss: 2.4051 - acc: 0.4560
 970/3900 [======>.......................] - ETA: 2s - loss: 2.4027 - acc: 0.4557
1030/3900 [======>.......................] - ETA: 2s - loss: 2.3999 - acc: 0.4534
1090/3900 [=======>......................] - ETA: 2s - loss: 2.3976 - acc: 0.4477
1150/3900 [=======>......................] - ETA: 2s - loss: 2.3956 - acc: 0.4452
1210/3900 [========>.....................] - ETA: 2s - loss: 2.3929 - acc: 0.4388
1270/3900 [========>.....................] - ETA: 2s - loss: 2.3900 - acc: 0.4283
1320/3900 [=========>....................] - ETA: 2s - loss: 2.3882 - acc: 0.4242
1380/3900 [=========>....................] - ETA: 2s - loss: 2.3860 - acc: 0.4188
1440/3900 [==========>...................] - ETA: 2s - loss: 2.3839 - acc: 0.4132
1500/3900 [==========>...................] - ETA: 2s - loss: 2.3818 - acc: 0.4113
1560/3900 [===========>..................] - ETA: 2s - loss: 2.3793 - acc: 0.4090
1620/3900 [===========>..................] - ETA: 2s - loss: 2.3763 - acc: 0.4037
1680/3900 [===========>..................] - ETA: 2s - loss: 2.3746 - acc: 0.4000
1740/3900 [============>.................] - ETA: 2s - loss: 2.3736 - acc: 0.3937
1800/3900 [============>.................] - ETA: 2s - loss: 2.3714 - acc: 0.3933
1860/3900 [=============>................] - ETA: 1s - loss: 2.3683 - acc: 0.3962
1920/3900 [=============>................] - ETA: 1s - loss: 2.3653 - acc: 0.3948
1970/3900 [==============>...............] - ETA: 1s - loss: 2.3640 - acc: 0.3919
2030/3900 [==============>...............] - ETA: 1s - loss: 2.3612 - acc: 0.3906
2090/3900 [===============>..............] - ETA: 1s - loss: 2.3576 - acc: 0.3928
2150/3900 [===============>..............] - ETA: 1s - loss: 2.3545 - acc: 0.3926
2210/3900 [================>.............] - ETA: 1s - loss: 2.3522 - acc: 0.3905
2270/3900 [================>.............] - ETA: 1s - loss: 2.3496 - acc: 0.3877
2330/3900 [================>.............] - ETA: 1s - loss: 2.3468 - acc: 0.3867
2390/3900 [=================>............] - ETA: 1s - loss: 2.3445 - acc: 0.3816
2450/3900 [=================>............] - ETA: 1s - loss: 2.3415 - acc: 0.3816
2510/3900 [==================>...........] - ETA: 1s - loss: 2.3388 - acc: 0.3789
2570/3900 [==================>...........] - ETA: 1s - loss: 2.3356 - acc: 0.3794
2630/3900 [===================>..........] - ETA: 1s - loss: 2.3327 - acc: 0.3825
2690/3900 [===================>..........] - ETA: 1s - loss: 2.3300 - acc: 0.3874
2750/3900 [====================>.........] - ETA: 1s - loss: 2.3272 - acc: 0.3862
2810/3900 [====================>.........] - ETA: 1s - loss: 2.3249 - acc: 0.3851
2870/3900 [=====================>........] - ETA: 0s - loss: 2.3216 - acc: 0.3840
2930/3900 [=====================>........] - ETA: 0s - loss: 2.3186 - acc: 0.3840
2990/3900 [======================>.......] - ETA: 0s - loss: 2.3156 - acc: 0.3833
3050/3900 [======================>.......] - ETA: 0s - loss: 2.3127 - acc: 0.3813
3110/3900 [======================>.......] - ETA: 0s - loss: 2.3094 - acc: 0.3804
3170/3900 [=======================>......] - ETA: 0s - loss: 2.3067 - acc: 0.3801
3230/3900 [=======================>......] - ETA: 0s - loss: 2.3037 - acc: 0.3796
3290/3900 [========================>.....] - ETA: 0s - loss: 2.3011 - acc: 0.3778
3350/3900 [========================>.....] - ETA: 0s - loss: 2.2980 - acc: 0.3779
3410/3900 [=========================>....] - ETA: 0s - loss: 2.2946 - acc: 0.3777
3470/3900 [=========================>....] - ETA: 0s - loss: 2.2913 - acc: 0.3772
3530/3900 [==========================>...] - ETA: 0s - loss: 2.2878 - acc: 0.3768
3590/3900 [==========================>...] - ETA: 0s - loss: 2.2842 - acc: 0.3760
3650/3900 [===========================>..] - ETA: 0s - loss: 2.2806 - acc: 0.3756
3710/3900 [===========================>..] - ETA: 0s - loss: 2.2763 - acc: 0.3757
3770/3900 [============================>.] - ETA: 0s - loss: 2.2738 - acc: 0.3719
3830/3900 [============================>.] - ETA: 0s - loss: 2.2708 - acc: 0.3718
3890/3900 [============================>.] - ETA: 0s - loss: 2.2680 - acc: 0.3720
3900/3900 [==============================] - 4s 974us/step - loss: 2.2675 - acc: 0.3715 - val_loss: 2.1162 - val_acc: 0.3131
Current time ....3.799
Train on 600 samples, validate on 86 samples
Epoch 1/1

 10/600 [..............................] - ETA: 0s - loss: 0.4007 - acc: 1.0000
 70/600 [==>...........................] - ETA: 0s - loss: 0.4561 - acc: 0.9714
130/600 [=====>........................] - ETA: 0s - loss: 0.4384 - acc: 0.9769
190/600 [========>.....................] - ETA: 0s - loss: 0.4336 - acc: 0.9684
250/600 [===========>..................] - ETA: 0s - loss: 0.4295 - acc: 0.9720
310/600 [==============>...............] - ETA: 0s - loss: 0.4181 - acc: 0.9710
370/600 [=================>............] - ETA: 0s - loss: 0.4088 - acc: 0.9703
430/600 [====================>.........] - ETA: 0s - loss: 0.3988 - acc: 0.9698
490/600 [=======================>......] - ETA: 0s - loss: 0.3918 - acc: 0.9735
550/600 [==========================>...] - ETA: 0s - loss: 0.3854 - acc: 0.9709
600/600 [==============================] - 1s 994us/step - loss: 0.3811 - acc: 0.9717 - val_loss: 0.4117 - val_acc: 0.9419
Current time ....0.597
Train on 1200 samples, validate on 68 samples
Epoch 1/1

  10/1200 [..............................] - ETA: 1s - loss: 0.8191 - acc: 0.8000
  70/1200 [>.............................] - ETA: 1s - loss: 0.7793 - acc: 0.7571
 130/1200 [==>...........................] - ETA: 1s - loss: 0.8154 - acc: 0.7231
 180/1200 [===>..........................] - ETA: 0s - loss: 0.8314 - acc: 0.7000
 240/1200 [=====>........................] - ETA: 0s - loss: 0.8396 - acc: 0.6875
 300/1200 [======>.......................] - ETA: 0s - loss: 0.8466 - acc: 0.6967
 360/1200 [========>.....................] - ETA: 0s - loss: 0.8509 - acc: 0.6944
 420/1200 [=========>....................] - ETA: 0s - loss: 0.8375 - acc: 0.7071
 480/1200 [===========>..................] - ETA: 0s - loss: 0.8538 - acc: 0.6917
 540/1200 [============>.................] - ETA: 0s - loss: 0.8448 - acc: 0.6981
 600/1200 [==============>...............] - ETA: 0s - loss: 0.8368 - acc: 0.7017
 660/1200 [===============>..............] - ETA: 0s - loss: 0.8289 - acc: 0.7030
 710/1200 [================>.............] - ETA: 0s - loss: 0.8199 - acc: 0.7000
 770/1200 [==================>...........] - ETA: 0s - loss: 0.8086 - acc: 0.7065
 830/1200 [===================>..........] - ETA: 0s - loss: 0.8042 - acc: 0.7072
 890/1200 [=====================>........] - ETA: 0s - loss: 0.8061 - acc: 0.7034
 950/1200 [======================>.......] - ETA: 0s - loss: 0.8067 - acc: 0.7011
1010/1200 [========================>.....] - ETA: 0s - loss: 0.8031 - acc: 0.7030
1070/1200 [=========================>....] - ETA: 0s - loss: 0.7966 - acc: 0.7065
1130/1200 [===========================>..] - ETA: 0s - loss: 0.7902 - acc: 0.7071
1190/1200 [============================>.] - ETA: 0s - loss: 0.7879 - acc: 0.7109
1200/1200 [==============================] - 1s 969us/step - loss: 0.7867 - acc: 0.7117 - val_loss: 0.8925 - val_acc: 0.6029
Current time ....1.163
Train on 3900 samples, validate on 99 samples
Epoch 1/1

  10/3900 [..............................] - ETA: 3s - loss: 2.1249 - acc: 0.1000
  70/3900 [..............................] - ETA: 3s - loss: 2.0531 - acc: 0.3143
 130/3900 [>.............................] - ETA: 3s - loss: 2.0606 - acc: 0.3615
 190/3900 [>.............................] - ETA: 3s - loss: 2.0348 - acc: 0.4211
 250/3900 [>.............................] - ETA: 3s - loss: 2.0463 - acc: 0.3800
 310/3900 [=>............................] - ETA: 3s - loss: 2.0477 - acc: 0.3774
 370/3900 [=>............................] - ETA: 3s - loss: 2.0435 - acc: 0.3676
 430/3900 [==>...........................] - ETA: 3s - loss: 2.0368 - acc: 0.3651
 490/3900 [==>...........................] - ETA: 3s - loss: 2.0292 - acc: 0.3531
 550/3900 [===>..........................] - ETA: 3s - loss: 2.0209 - acc: 0.3509
 610/3900 [===>..........................] - ETA: 3s - loss: 2.0120 - acc: 0.3525
 670/3900 [====>.........................] - ETA: 3s - loss: 2.0133 - acc: 0.3373
 730/3900 [====>.........................] - ETA: 3s - loss: 2.0139 - acc: 0.3260
 790/3900 [=====>........................] - ETA: 3s - loss: 2.0139 - acc: 0.3203
 850/3900 [=====>........................] - ETA: 2s - loss: 2.0128 - acc: 0.3118
 910/3900 [======>.......................] - ETA: 2s - loss: 2.0107 - acc: 0.3055
 970/3900 [======>.......................] - ETA: 2s - loss: 2.0065 - acc: 0.3144
1030/3900 [======>.......................] - ETA: 2s - loss: 2.0037 - acc: 0.3155
1090/3900 [=======>......................] - ETA: 2s - loss: 1.9998 - acc: 0.3202
1150/3900 [=======>......................] - ETA: 2s - loss: 1.9966 - acc: 0.3243
1210/3900 [========>.....................] - ETA: 2s - loss: 1.9968 - acc: 0.3240
1270/3900 [========>.....................] - ETA: 2s - loss: 1.9949 - acc: 0.3291
1330/3900 [=========>....................] - ETA: 2s - loss: 1.9917 - acc: 0.3353
1380/3900 [=========>....................] - ETA: 2s - loss: 1.9897 - acc: 0.3391
1440/3900 [==========>...................] - ETA: 2s - loss: 1.9871 - acc: 0.3382
1500/3900 [==========>...................] - ETA: 2s - loss: 1.9839 - acc: 0.3413
1560/3900 [===========>..................] - ETA: 2s - loss: 1.9824 - acc: 0.3429
1620/3900 [===========>..................] - ETA: 2s - loss: 1.9795 - acc: 0.3494
1680/3900 [===========>..................] - ETA: 2s - loss: 1.9771 - acc: 0.3512
1740/3900 [============>.................] - ETA: 2s - loss: 1.9752 - acc: 0.3592
1800/3900 [============>.................] - ETA: 2s - loss: 1.9722 - acc: 0.3672
1860/3900 [=============>................] - ETA: 1s - loss: 1.9688 - acc: 0.3694
1920/3900 [=============>................] - ETA: 1s - loss: 1.9675 - acc: 0.3693
1980/3900 [==============>...............] - ETA: 1s - loss: 1.9645 - acc: 0.3727
2040/3900 [==============>...............] - ETA: 1s - loss: 1.9609 - acc: 0.3775
2100/3900 [===============>..............] - ETA: 1s - loss: 1.9598 - acc: 0.3790
2160/3900 [===============>..............] - ETA: 1s - loss: 1.9599 - acc: 0.3819
2220/3900 [================>.............] - ETA: 1s - loss: 1.9571 - acc: 0.3851
2280/3900 [================>.............] - ETA: 1s - loss: 1.9567 - acc: 0.3842
2340/3900 [=================>............] - ETA: 1s - loss: 1.9544 - acc: 0.3876
2400/3900 [=================>............] - ETA: 1s - loss: 1.9540 - acc: 0.3863
2460/3900 [=================>............] - ETA: 1s - loss: 1.9525 - acc: 0.3870
2520/3900 [==================>...........] - ETA: 1s - loss: 1.9524 - acc: 0.3869
2580/3900 [==================>...........] - ETA: 1s - loss: 1.9493 - acc: 0.3884
2640/3900 [===================>..........] - ETA: 1s - loss: 1.9457 - acc: 0.3890
2700/3900 [===================>..........] - ETA: 1s - loss: 1.9444 - acc: 0.3867
2760/3900 [====================>.........] - ETA: 1s - loss: 1.9429 - acc: 0.3877
2820/3900 [====================>.........] - ETA: 1s - loss: 1.9406 - acc: 0.3872
2880/3900 [=====================>........] - ETA: 0s - loss: 1.9401 - acc: 0.3851
2940/3900 [=====================>........] - ETA: 0s - loss: 1.9384 - acc: 0.3867
3000/3900 [======================>.......] - ETA: 0s - loss: 1.9359 - acc: 0.3910
3060/3900 [======================>.......] - ETA: 0s - loss: 1.9335 - acc: 0.3938
3120/3900 [=======================>......] - ETA: 0s - loss: 1.9319 - acc: 0.3929
3180/3900 [=======================>......] - ETA: 0s - loss: 1.9302 - acc: 0.3950
3240/3900 [=======================>......] - ETA: 0s - loss: 1.9271 - acc: 0.3963
3300/3900 [========================>.....] - ETA: 0s - loss: 1.9264 - acc: 0.3933
3360/3900 [========================>.....] - ETA: 0s - loss: 1.9244 - acc: 0.3932
3420/3900 [=========================>....] - ETA: 0s - loss: 1.9220 - acc: 0.3950
3480/3900 [=========================>....] - ETA: 0s - loss: 1.9206 - acc: 0.3957
3540/3900 [==========================>...] - ETA: 0s - loss: 1.9182 - acc: 0.3977
3590/3900 [==========================>...] - ETA: 0s - loss: 1.9161 - acc: 0.3986
3650/3900 [===========================>..] - ETA: 0s - loss: 1.9139 - acc: 0.4008
3710/3900 [===========================>..] - ETA: 0s - loss: 1.9127 - acc: 0.4013
3770/3900 [============================>.] - ETA: 0s - loss: 1.9110 - acc: 0.4013
3830/3900 [============================>.] - ETA: 0s - loss: 1.9095 - acc: 0.4000
3890/3900 [============================>.] - ETA: 0s - loss: 1.9080 - acc: 0.4000
3900/3900 [==============================] - 4s 971us/step - loss: 1.9077 - acc: 0.3995 - val_loss: 1.8915 - val_acc: 0.3333
Current time ....3.787
Train on 600 samples, validate on 86 samples
Epoch 1/1

 10/600 [..............................] - ETA: 0s - loss: 0.3043 - acc: 1.0000
 70/600 [==>...........................] - ETA: 0s - loss: 0.2579 - acc: 1.0000
130/600 [=====>........................] - ETA: 0s - loss: 0.2740 - acc: 0.9923
190/600 [========>.....................] - ETA: 0s - loss: 0.2741 - acc: 0.9842
250/600 [===========>..................] - ETA: 0s - loss: 0.2804 - acc: 0.9800
310/600 [==============>...............] - ETA: 0s - loss: 0.2680 - acc: 0.9806
370/600 [=================>............] - ETA: 0s - loss: 0.2616 - acc: 0.9811
430/600 [====================>.........] - ETA: 0s - loss: 0.2604 - acc: 0.9837
490/600 [=======================>......] - ETA: 0s - loss: 0.2526 - acc: 0.9857
550/600 [==========================>...] - ETA: 0s - loss: 0.2459 - acc: 0.9873
600/600 [==============================] - 1s 1ms/step - loss: 0.2435 - acc: 0.9867 - val_loss: 0.3713 - val_acc: 0.9302
Current time ....0.602
Train on 1200 samples, validate on 68 samples
Epoch 1/1

  10/1200 [..............................] - ETA: 1s - loss: 0.6568 - acc: 0.7000
  70/1200 [>.............................] - ETA: 1s - loss: 0.6654 - acc: 0.7571
 130/1200 [==>...........................] - ETA: 1s - loss: 0.6389 - acc: 0.8077
 190/1200 [===>..........................] - ETA: 0s - loss: 0.6186 - acc: 0.8211
 250/1200 [=====>........................] - ETA: 0s - loss: 0.6120 - acc: 0.8280
 310/1200 [======>.......................] - ETA: 0s - loss: 0.6122 - acc: 0.8226
 370/1200 [========>.....................] - ETA: 0s - loss: 0.6171 - acc: 0.8108
 430/1200 [=========>....................] - ETA: 0s - loss: 0.6161 - acc: 0.8116
 490/1200 [===========>..................] - ETA: 0s - loss: 0.6091 - acc: 0.8122
 550/1200 [============>.................] - ETA: 0s - loss: 0.6216 - acc: 0.8036
 610/1200 [==============>...............] - ETA: 0s - loss: 0.6192 - acc: 0.8033
 670/1200 [===============>..............] - ETA: 0s - loss: 0.6169 - acc: 0.8060
 730/1200 [=================>............] - ETA: 0s - loss: 0.6182 - acc: 0.8014
 790/1200 [==================>...........] - ETA: 0s - loss: 0.6089 - acc: 0.8101
 850/1200 [====================>.........] - ETA: 0s - loss: 0.6041 - acc: 0.8129
 900/1200 [=====================>........] - ETA: 0s - loss: 0.6043 - acc: 0.8144
 960/1200 [=======================>......] - ETA: 0s - loss: 0.6045 - acc: 0.8094
1020/1200 [========================>.....] - ETA: 0s - loss: 0.5965 - acc: 0.8127
1080/1200 [==========================>...] - ETA: 0s - loss: 0.5914 - acc: 0.8130
1140/1200 [===========================>..] - ETA: 0s - loss: 0.5889 - acc: 0.8123
1200/1200 [==============================] - 1s 973us/step - loss: 0.5812 - acc: 0.8175 - val_loss: 0.8890 - val_acc: 0.6471
Current time ....1.167
Train on 3900 samples, validate on 99 samples
Epoch 1/1

  10/3900 [..............................] - ETA: 3s - loss: 1.6954 - acc: 0.3000
  70/3900 [..............................] - ETA: 3s - loss: 1.7668 - acc: 0.2714
 130/3900 [>.............................] - ETA: 3s - loss: 1.7928 - acc: 0.3231
 190/3900 [>.............................] - ETA: 3s - loss: 1.7734 - acc: 0.3632
 250/3900 [>.............................] - ETA: 3s - loss: 1.7611 - acc: 0.4000
 310/3900 [=>............................] - ETA: 3s - loss: 1.7702 - acc: 0.4000
 370/3900 [=>............................] - ETA: 3s - loss: 1.7731 - acc: 0.3973
 430/3900 [==>...........................] - ETA: 3s - loss: 1.7828 - acc: 0.3953
 490/3900 [==>...........................] - ETA: 3s - loss: 1.7796 - acc: 0.4061
 550/3900 [===>..........................] - ETA: 3s - loss: 1.7853 - acc: 0.4055
 610/3900 [===>..........................] - ETA: 3s - loss: 1.7803 - acc: 0.4033
 670/3900 [====>.........................] - ETA: 3s - loss: 1.7768 - acc: 0.4090
 730/3900 [====>.........................] - ETA: 3s - loss: 1.7807 - acc: 0.4041
 790/3900 [=====>........................] - ETA: 3s - loss: 1.7826 - acc: 0.4038
 850/3900 [=====>........................] - ETA: 2s - loss: 1.7809 - acc: 0.4094
 910/3900 [======>.......................] - ETA: 2s - loss: 1.7825 - acc: 0.4077
 960/3900 [======>.......................] - ETA: 2s - loss: 1.7892 - acc: 0.4031
1020/3900 [======>.......................] - ETA: 2s - loss: 1.7837 - acc: 0.4088
1080/3900 [=======>......................] - ETA: 2s - loss: 1.7832 - acc: 0.4130
1140/3900 [=======>......................] - ETA: 2s - loss: 1.7829 - acc: 0.4140
1200/3900 [========>.....................] - ETA: 2s - loss: 1.7798 - acc: 0.4133
1260/3900 [========>.....................] - ETA: 2s - loss: 1.7807 - acc: 0.4119
1320/3900 [=========>....................] - ETA: 2s - loss: 1.7827 - acc: 0.4091
1370/3900 [=========>....................] - ETA: 2s - loss: 1.7801 - acc: 0.4139
1430/3900 [==========>...................] - ETA: 2s - loss: 1.7761 - acc: 0.4182
1490/3900 [==========>...................] - ETA: 2s - loss: 1.7751 - acc: 0.4195
1550/3900 [==========>...................] - ETA: 2s - loss: 1.7724 - acc: 0.4206
1610/3900 [===========>..................] - ETA: 2s - loss: 1.7718 - acc: 0.4217
1670/3900 [===========>..................] - ETA: 2s - loss: 1.7711 - acc: 0.4210
1730/3900 [============>.................] - ETA: 2s - loss: 1.7701 - acc: 0.4220
1790/3900 [============>.................] - ETA: 2s - loss: 1.7684 - acc: 0.4257
1850/3900 [=============>................] - ETA: 1s - loss: 1.7633 - acc: 0.4319
1910/3900 [=============>................] - ETA: 1s - loss: 1.7610 - acc: 0.4325
1970/3900 [==============>...............] - ETA: 1s - loss: 1.7604 - acc: 0.4305
2030/3900 [==============>...............] - ETA: 1s - loss: 1.7572 - acc: 0.4355
2090/3900 [===============>..............] - ETA: 1s - loss: 1.7537 - acc: 0.4368
2150/3900 [===============>..............] - ETA: 1s - loss: 1.7553 - acc: 0.4349
2210/3900 [================>.............] - ETA: 1s - loss: 1.7519 - acc: 0.4348
2270/3900 [================>.............] - ETA: 1s - loss: 1.7531 - acc: 0.4330
2330/3900 [================>.............] - ETA: 1s - loss: 1.7530 - acc: 0.4339
2390/3900 [=================>............] - ETA: 1s - loss: 1.7510 - acc: 0.4360
2450/3900 [=================>............] - ETA: 1s - loss: 1.7498 - acc: 0.4363
2510/3900 [==================>...........] - ETA: 1s - loss: 1.7466 - acc: 0.4382
2570/3900 [==================>...........] - ETA: 1s - loss: 1.7447 - acc: 0.4397
2630/3900 [===================>..........] - ETA: 1s - loss: 1.7440 - acc: 0.4403
2690/3900 [===================>..........] - ETA: 1s - loss: 1.7435 - acc: 0.4424
2750/3900 [====================>.........] - ETA: 1s - loss: 1.7412 - acc: 0.4436
2810/3900 [====================>.........] - ETA: 1s - loss: 1.7390 - acc: 0.4463
2870/3900 [=====================>........] - ETA: 0s - loss: 1.7398 - acc: 0.4436
2930/3900 [=====================>........] - ETA: 0s - loss: 1.7369 - acc: 0.4437
2990/3900 [======================>.......] - ETA: 0s - loss: 1.7350 - acc: 0.4455
3050/3900 [======================>.......] - ETA: 0s - loss: 1.7343 - acc: 0.4475
3110/3900 [======================>.......] - ETA: 0s - loss: 1.7337 - acc: 0.4482
3160/3900 [=======================>......] - ETA: 0s - loss: 1.7303 - acc: 0.4525
3210/3900 [=======================>......] - ETA: 0s - loss: 1.7281 - acc: 0.4530
3270/3900 [========================>.....] - ETA: 0s - loss: 1.7267 - acc: 0.4526
3330/3900 [========================>.....] - ETA: 0s - loss: 1.7247 - acc: 0.4535
3390/3900 [=========================>....] - ETA: 0s - loss: 1.7244 - acc: 0.4516
3450/3900 [=========================>....] - ETA: 0s - loss: 1.7225 - acc: 0.4530
3510/3900 [==========================>...] - ETA: 0s - loss: 1.7208 - acc: 0.4527
3570/3900 [==========================>...] - ETA: 0s - loss: 1.7193 - acc: 0.4521
3630/3900 [==========================>...] - ETA: 0s - loss: 1.7177 - acc: 0.4526
3690/3900 [===========================>..] - ETA: 0s - loss: 1.7157 - acc: 0.4537
3750/3900 [===========================>..] - ETA: 0s - loss: 1.7154 - acc: 0.4525
3810/3900 [============================>.] - ETA: 0s - loss: 1.7142 - acc: 0.4538
3870/3900 [============================>.] - ETA: 0s - loss: 1.7135 - acc: 0.4537
3900/3900 [==============================] - 4s 971us/step - loss: 1.7123 - acc: 0.4544 - val_loss: 1.7285 - val_acc: 0.5051
Current time ....3.789
Train on 600 samples, validate on 86 samples
Epoch 1/1

 10/600 [..............................] - ETA: 0s - loss: 0.1997 - acc: 1.0000
 70/600 [==>...........................] - ETA: 0s - loss: 0.1591 - acc: 1.0000
130/600 [=====>........................] - ETA: 0s - loss: 0.1701 - acc: 1.0000
190/600 [========>.....................] - ETA: 0s - loss: 0.1763 - acc: 0.9947
250/600 [===========>..................] - ETA: 0s - loss: 0.1754 - acc: 0.9960
310/600 [==============>...............] - ETA: 0s - loss: 0.1636 - acc: 0.9935
370/600 [=================>............] - ETA: 0s - loss: 0.1659 - acc: 0.9892
430/600 [====================>.........] - ETA: 0s - loss: 0.1621 - acc: 0.9907
490/600 [=======================>......] - ETA: 0s - loss: 0.1629 - acc: 0.9878
550/600 [==========================>...] - ETA: 0s - loss: 0.1572 - acc: 0.9891
600/600 [==============================] - 1s 995us/step - loss: 0.1558 - acc: 0.9883 - val_loss: 0.3622 - val_acc: 0.9302
Current time ....0.597
Train on 1200 samples, validate on 68 samples
Epoch 1/1

  10/1200 [..............................] - ETA: 1s - loss: 0.6570 - acc: 0.8000
  70/1200 [>.............................] - ETA: 1s - loss: 0.5174 - acc: 0.8714
 130/1200 [==>...........................] - ETA: 1s - loss: 0.5299 - acc: 0.8462
 190/1200 [===>..........................] - ETA: 0s - loss: 0.5379 - acc: 0.8421
 250/1200 [=====>........................] - ETA: 0s - loss: 0.5115 - acc: 0.8560
 310/1200 [======>.......................] - ETA: 0s - loss: 0.4831 - acc: 0.8613
 370/1200 [========>.....................] - ETA: 0s - loss: 0.4756 - acc: 0.8676
 430/1200 [=========>....................] - ETA: 0s - loss: 0.4658 - acc: 0.8698
 490/1200 [===========>..................] - ETA: 0s - loss: 0.4537 - acc: 0.8694
 550/1200 [============>.................] - ETA: 0s - loss: 0.4519 - acc: 0.8655
 610/1200 [==============>...............] - ETA: 0s - loss: 0.4598 - acc: 0.8607
 670/1200 [===============>..............] - ETA: 0s - loss: 0.4500 - acc: 0.8642
 730/1200 [=================>............] - ETA: 0s - loss: 0.4470 - acc: 0.8671
 790/1200 [==================>...........] - ETA: 0s - loss: 0.4414 - acc: 0.8722
 850/1200 [====================>.........] - ETA: 0s - loss: 0.4371 - acc: 0.8741
 910/1200 [=====================>........] - ETA: 0s - loss: 0.4396 - acc: 0.8736
 970/1200 [=======================>......] - ETA: 0s - loss: 0.4343 - acc: 0.8763
1030/1200 [========================>.....] - ETA: 0s - loss: 0.4313 - acc: 0.8777
1090/1200 [==========================>...] - ETA: 0s - loss: 0.4239 - acc: 0.8789
1150/1200 [===========================>..] - ETA: 0s - loss: 0.4230 - acc: 0.8800
1200/1200 [==============================] - 1s 966us/step - loss: 0.4194 - acc: 0.8825 - val_loss: 0.9766 - val_acc: 0.6471
Current time ....1.160
Train on 3900 samples, validate on 99 samples
Epoch 1/1

  10/3900 [..............................] - ETA: 3s - loss: 1.6387 - acc: 0.4000
  70/3900 [..............................] - ETA: 3s - loss: 1.6492 - acc: 0.4429
 130/3900 [>.............................] - ETA: 3s - loss: 1.6337 - acc: 0.4462
 190/3900 [>.............................] - ETA: 3s - loss: 1.6216 - acc: 0.4368
 250/3900 [>.............................] - ETA: 3s - loss: 1.6167 - acc: 0.4760
 310/3900 [=>............................] - ETA: 3s - loss: 1.6110 - acc: 0.4774
 370/3900 [=>............................] - ETA: 3s - loss: 1.6049 - acc: 0.4676
 430/3900 [==>...........................] - ETA: 3s - loss: 1.5997 - acc: 0.4674
 490/3900 [==>...........................] - ETA: 3s - loss: 1.5916 - acc: 0.4837
 550/3900 [===>..........................] - ETA: 3s - loss: 1.5945 - acc: 0.4745
 610/3900 [===>..........................] - ETA: 3s - loss: 1.6054 - acc: 0.4770
 670/3900 [====>.........................] - ETA: 3s - loss: 1.6054 - acc: 0.4821
 720/3900 [====>.........................] - ETA: 3s - loss: 1.6018 - acc: 0.4847
 780/3900 [=====>........................] - ETA: 3s - loss: 1.6002 - acc: 0.4885
 840/3900 [=====>........................] - ETA: 2s - loss: 1.5955 - acc: 0.4929
 900/3900 [=====>........................] - ETA: 2s - loss: 1.5940 - acc: 0.4944
 960/3900 [======>.......................] - ETA: 2s - loss: 1.5958 - acc: 0.4948
1020/3900 [======>.......................] - ETA: 2s - loss: 1.5952 - acc: 0.5010
1080/3900 [=======>......................] - ETA: 2s - loss: 1.5974 - acc: 0.5028
1140/3900 [=======>......................] - ETA: 2s - loss: 1.5915 - acc: 0.5000
1200/3900 [========>.....................] - ETA: 2s - loss: 1.5890 - acc: 0.4992
1260/3900 [========>.....................] - ETA: 2s - loss: 1.5855 - acc: 0.4976
1310/3900 [=========>....................] - ETA: 2s - loss: 1.5823 - acc: 0.4992
1370/3900 [=========>....................] - ETA: 2s - loss: 1.5836 - acc: 0.4956
1430/3900 [==========>...................] - ETA: 2s - loss: 1.5830 - acc: 0.4937
1490/3900 [==========>...................] - ETA: 2s - loss: 1.5831 - acc: 0.4926
1550/3900 [==========>...................] - ETA: 2s - loss: 1.5833 - acc: 0.4942
1610/3900 [===========>..................] - ETA: 2s - loss: 1.5826 - acc: 0.4957
1670/3900 [===========>..................] - ETA: 2s - loss: 1.5792 - acc: 0.4946
1730/3900 [============>.................] - ETA: 2s - loss: 1.5762 - acc: 0.4948
1790/3900 [============>.................] - ETA: 2s - loss: 1.5770 - acc: 0.4927
1850/3900 [=============>................] - ETA: 1s - loss: 1.5777 - acc: 0.4919
1910/3900 [=============>................] - ETA: 1s - loss: 1.5773 - acc: 0.4963
1970/3900 [==============>...............] - ETA: 1s - loss: 1.5744 - acc: 0.5010
2030/3900 [==============>...............] - ETA: 1s - loss: 1.5738 - acc: 0.5025
2090/3900 [===============>..............] - ETA: 1s - loss: 1.5719 - acc: 0.5024
2150/3900 [===============>..............] - ETA: 1s - loss: 1.5694 - acc: 0.5019
2210/3900 [================>.............] - ETA: 1s - loss: 1.5705 - acc: 0.4986
2270/3900 [================>.............] - ETA: 1s - loss: 1.5655 - acc: 0.5022
2330/3900 [================>.............] - ETA: 1s - loss: 1.5608 - acc: 0.5021
2390/3900 [=================>............] - ETA: 1s - loss: 1.5609 - acc: 0.4996
2450/3900 [=================>............] - ETA: 1s - loss: 1.5603 - acc: 0.5004
2510/3900 [==================>...........] - ETA: 1s - loss: 1.5586 - acc: 0.4996
2570/3900 [==================>...........] - ETA: 1s - loss: 1.5534 - acc: 0.5019
2630/3900 [===================>..........] - ETA: 1s - loss: 1.5515 - acc: 0.5027
2690/3900 [===================>..........] - ETA: 1s - loss: 1.5495 - acc: 0.5045
2750/3900 [====================>.........] - ETA: 1s - loss: 1.5498 - acc: 0.5036
2810/3900 [====================>.........] - ETA: 1s - loss: 1.5472 - acc: 0.5057
2870/3900 [=====================>........] - ETA: 0s - loss: 1.5466 - acc: 0.5059
2930/3900 [=====================>........] - ETA: 0s - loss: 1.5448 - acc: 0.5065
2990/3900 [======================>.......] - ETA: 0s - loss: 1.5420 - acc: 0.5084
3050/3900 [======================>.......] - ETA: 0s - loss: 1.5397 - acc: 0.5102
3110/3900 [======================>.......] - ETA: 0s - loss: 1.5379 - acc: 0.5125
3170/3900 [=======================>......] - ETA: 0s - loss: 1.5368 - acc: 0.5132
3230/3900 [=======================>......] - ETA: 0s - loss: 1.5360 - acc: 0.5130
3290/3900 [========================>.....] - ETA: 0s - loss: 1.5333 - acc: 0.5137
3350/3900 [========================>.....] - ETA: 0s - loss: 1.5323 - acc: 0.5137
3410/3900 [=========================>....] - ETA: 0s - loss: 1.5284 - acc: 0.5152
3470/3900 [=========================>....] - ETA: 0s - loss: 1.5277 - acc: 0.5164
3530/3900 [==========================>...] - ETA: 0s - loss: 1.5271 - acc: 0.5161
3590/3900 [==========================>...] - ETA: 0s - loss: 1.5249 - acc: 0.5170
3650/3900 [===========================>..] - ETA: 0s - loss: 1.5224 - acc: 0.5175
3710/3900 [===========================>..] - ETA: 0s - loss: 1.5213 - acc: 0.5178
3770/3900 [============================>.] - ETA: 0s - loss: 1.5193 - acc: 0.5199
3830/3900 [============================>.] - ETA: 0s - loss: 1.5181 - acc: 0.5198
3890/3900 [============================>.] - ETA: 0s - loss: 1.5183 - acc: 0.5195
3900/3900 [==============================] - 4s 971us/step - loss: 1.5177 - acc: 0.5200 - val_loss: 1.7357 - val_acc: 0.4141
Current time ....3.788
Train on 600 samples, validate on 86 samples
Epoch 1/1

 10/600 [..............................] - ETA: 0s - loss: 0.1133 - acc: 0.9000
 70/600 [==>...........................] - ETA: 0s - loss: 0.1273 - acc: 0.9714
130/600 [=====>........................] - ETA: 0s - loss: 0.1113 - acc: 0.9769
190/600 [========>.....................] - ETA: 0s - loss: 0.1125 - acc: 0.9842
250/600 [===========>..................] - ETA: 0s - loss: 0.1142 - acc: 0.9840
310/600 [==============>...............] - ETA: 0s - loss: 0.1153 - acc: 0.9871
370/600 [=================>............] - ETA: 0s - loss: 0.1138 - acc: 0.9892
430/600 [====================>.........] - ETA: 0s - loss: 0.1109 - acc: 0.9907
490/600 [=======================>......] - ETA: 0s - loss: 0.1080 - acc: 0.9918
550/600 [==========================>...] - ETA: 0s - loss: 0.1113 - acc: 0.9891
600/600 [==============================] - 1s 994us/step - loss: 0.1084 - acc: 0.9883 - val_loss: 0.3902 - val_acc: 0.9302
Current time ....0.597
Train on 1200 samples, validate on 68 samples
Epoch 1/1

  10/1200 [..............................] - ETA: 1s - loss: 0.1630 - acc: 1.0000
  70/1200 [>.............................] - ETA: 1s - loss: 0.3393 - acc: 0.9429
 130/1200 [==>...........................] - ETA: 1s - loss: 0.3092 - acc: 0.9385
 190/1200 [===>..........................] - ETA: 0s - loss: 0.3073 - acc: 0.9421
 250/1200 [=====>........................] - ETA: 0s - loss: 0.3248 - acc: 0.9440
 310/1200 [======>.......................] - ETA: 0s - loss: 0.3347 - acc: 0.9355
 370/1200 [========>.....................] - ETA: 0s - loss: 0.3246 - acc: 0.9432
 430/1200 [=========>....................] - ETA: 0s - loss: 0.3239 - acc: 0.9395
 490/1200 [===========>..................] - ETA: 0s - loss: 0.3185 - acc: 0.9367
 550/1200 [============>.................] - ETA: 0s - loss: 0.3192 - acc: 0.9364
 610/1200 [==============>...............] - ETA: 0s - loss: 0.3232 - acc: 0.9328
 670/1200 [===============>..............] - ETA: 0s - loss: 0.3182 - acc: 0.9343
 730/1200 [=================>............] - ETA: 0s - loss: 0.3132 - acc: 0.9342
 790/1200 [==================>...........] - ETA: 0s - loss: 0.3121 - acc: 0.9329
 850/1200 [====================>.........] - ETA: 0s - loss: 0.3047 - acc: 0.9365
 910/1200 [=====================>........] - ETA: 0s - loss: 0.3040 - acc: 0.9374
 960/1200 [=======================>......] - ETA: 0s - loss: 0.3074 - acc: 0.9333
1010/1200 [========================>.....] - ETA: 0s - loss: 0.3035 - acc: 0.9337
1070/1200 [=========================>....] - ETA: 0s - loss: 0.3021 - acc: 0.9327
1130/1200 [===========================>..] - ETA: 0s - loss: 0.3055 - acc: 0.9292
1190/1200 [============================>.] - ETA: 0s - loss: 0.3045 - acc: 0.9294
1200/1200 [==============================] - 1s 980us/step - loss: 0.3054 - acc: 0.9283 - val_loss: 0.6523 - val_acc: 0.7500
Current time ....1.176
Train on 3900 samples, validate on 99 samples
Epoch 1/1

  10/3900 [..............................] - ETA: 3s - loss: 1.3909 - acc: 0.5000
  70/3900 [..............................] - ETA: 3s - loss: 1.4657 - acc: 0.5714
 130/3900 [>.............................] - ETA: 3s - loss: 1.4650 - acc: 0.5462
 190/3900 [>.............................] - ETA: 3s - loss: 1.4426 - acc: 0.5632
 250/3900 [>.............................] - ETA: 3s - loss: 1.4277 - acc: 0.5800
 310/3900 [=>............................] - ETA: 3s - loss: 1.4195 - acc: 0.5774
 370/3900 [=>............................] - ETA: 3s - loss: 1.4239 - acc: 0.5703
 430/3900 [==>...........................] - ETA: 3s - loss: 1.4061 - acc: 0.5721
 490/3900 [==>...........................] - ETA: 3s - loss: 1.4009 - acc: 0.5755
 550/3900 [===>..........................] - ETA: 3s - loss: 1.4074 - acc: 0.5691
 610/3900 [===>..........................] - ETA: 3s - loss: 1.3985 - acc: 0.5705
 670/3900 [====>.........................] - ETA: 3s - loss: 1.3940 - acc: 0.5716
 730/3900 [====>.........................] - ETA: 3s - loss: 1.3985 - acc: 0.5671
 790/3900 [=====>........................] - ETA: 2s - loss: 1.4015 - acc: 0.5646
 840/3900 [=====>........................] - ETA: 2s - loss: 1.4030 - acc: 0.5571
 900/3900 [=====>........................] - ETA: 2s - loss: 1.4093 - acc: 0.5500
 960/3900 [======>.......................] - ETA: 2s - loss: 1.4016 - acc: 0.5521
1020/3900 [======>.......................] - ETA: 2s - loss: 1.3922 - acc: 0.5559
1080/3900 [=======>......................] - ETA: 2s - loss: 1.3892 - acc: 0.5611
1140/3900 [=======>......................] - ETA: 2s - loss: 1.3886 - acc: 0.5623
1200/3900 [========>.....................] - ETA: 2s - loss: 1.3917 - acc: 0.5583
1250/3900 [========>.....................] - ETA: 2s - loss: 1.3876 - acc: 0.5624
1310/3900 [=========>....................] - ETA: 2s - loss: 1.3923 - acc: 0.5618
1370/3900 [=========>....................] - ETA: 2s - loss: 1.3897 - acc: 0.5628
1430/3900 [==========>...................] - ETA: 2s - loss: 1.3901 - acc: 0.5636
1490/3900 [==========>...................] - ETA: 2s - loss: 1.3841 - acc: 0.5678
1550/3900 [==========>...................] - ETA: 2s - loss: 1.3859 - acc: 0.5658
1610/3900 [===========>..................] - ETA: 2s - loss: 1.3751 - acc: 0.5727
1670/3900 [===========>..................] - ETA: 2s - loss: 1.3742 - acc: 0.5707
1730/3900 [============>.................] - ETA: 2s - loss: 1.3671 - acc: 0.5723
1790/3900 [============>.................] - ETA: 2s - loss: 1.3654 - acc: 0.5754
1850/3900 [=============>................] - ETA: 1s - loss: 1.3595 - acc: 0.5778
1910/3900 [=============>................] - ETA: 1s - loss: 1.3569 - acc: 0.5796
1970/3900 [==============>...............] - ETA: 1s - loss: 1.3538 - acc: 0.5807
2030/3900 [==============>...............] - ETA: 1s - loss: 1.3553 - acc: 0.5793
2080/3900 [===============>..............] - ETA: 1s - loss: 1.3529 - acc: 0.5793
2140/3900 [===============>..............] - ETA: 1s - loss: 1.3485 - acc: 0.5827
2200/3900 [===============>..............] - ETA: 1s - loss: 1.3486 - acc: 0.5805
2260/3900 [================>.............] - ETA: 1s - loss: 1.3424 - acc: 0.5832
2320/3900 [================>.............] - ETA: 1s - loss: 1.3404 - acc: 0.5836
2380/3900 [=================>............] - ETA: 1s - loss: 1.3362 - acc: 0.5861
2440/3900 [=================>............] - ETA: 1s - loss: 1.3315 - acc: 0.5873
2500/3900 [==================>...........] - ETA: 1s - loss: 1.3297 - acc: 0.5880
2560/3900 [==================>...........] - ETA: 1s - loss: 1.3280 - acc: 0.5891
2620/3900 [===================>..........] - ETA: 1s - loss: 1.3273 - acc: 0.5885
2680/3900 [===================>..........] - ETA: 1s - loss: 1.3269 - acc: 0.5903
2740/3900 [====================>.........] - ETA: 1s - loss: 1.3259 - acc: 0.5909
2800/3900 [====================>.........] - ETA: 1s - loss: 1.3253 - acc: 0.5911
2860/3900 [=====================>........] - ETA: 1s - loss: 1.3240 - acc: 0.5920
2920/3900 [=====================>........] - ETA: 0s - loss: 1.3203 - acc: 0.5932
2980/3900 [=====================>........] - ETA: 0s - loss: 1.3205 - acc: 0.5919
3040/3900 [======================>.......] - ETA: 0s - loss: 1.3188 - acc: 0.5931
3100/3900 [======================>.......] - ETA: 0s - loss: 1.3195 - acc: 0.5929
3160/3900 [=======================>......] - ETA: 0s - loss: 1.3161 - acc: 0.5946
3220/3900 [=======================>......] - ETA: 0s - loss: 1.3138 - acc: 0.5947
3280/3900 [========================>.....] - ETA: 0s - loss: 1.3114 - acc: 0.5970
3340/3900 [========================>.....] - ETA: 0s - loss: 1.3115 - acc: 0.5958
3400/3900 [=========================>....] - ETA: 0s - loss: 1.3077 - acc: 0.5979
3460/3900 [=========================>....] - ETA: 0s - loss: 1.3033 - acc: 0.5988
3520/3900 [==========================>...] - ETA: 0s - loss: 1.3006 - acc: 0.5991
3580/3900 [==========================>...] - ETA: 0s - loss: 1.3001 - acc: 0.5992
3640/3900 [===========================>..] - ETA: 0s - loss: 1.2985 - acc: 0.5997
3700/3900 [===========================>..] - ETA: 0s - loss: 1.2964 - acc: 0.6011
3760/3900 [===========================>..] - ETA: 0s - loss: 1.2946 - acc: 0.6021
3810/3900 [============================>.] - ETA: 0s - loss: 1.2938 - acc: 0.6026
3870/3900 [============================>.] - ETA: 0s - loss: 1.2902 - acc: 0.6041
3900/3900 [==============================] - 4s 978us/step - loss: 1.2887 - acc: 0.6049 - val_loss: 1.6354 - val_acc: 0.4444
Current time ....3.816
Train on 600 samples, validate on 86 samples
Epoch 1/1

 10/600 [..............................] - ETA: 0s - loss: 0.0806 - acc: 1.0000
 70/600 [==>...........................] - ETA: 0s - loss: 0.0688 - acc: 0.9857
130/600 [=====>........................] - ETA: 0s - loss: 0.0777 - acc: 0.9846
190/600 [========>.....................] - ETA: 0s - loss: 0.0763 - acc: 0.9895
250/600 [===========>..................] - ETA: 0s - loss: 0.0736 - acc: 0.9920
310/600 [==============>...............] - ETA: 0s - loss: 0.0755 - acc: 0.9903
370/600 [=================>............] - ETA: 0s - loss: 0.0776 - acc: 0.9865
430/600 [====================>.........] - ETA: 0s - loss: 0.0787 - acc: 0.9860
490/600 [=======================>......] - ETA: 0s - loss: 0.0790 - acc: 0.9878
550/600 [==========================>...] - ETA: 0s - loss: 0.0759 - acc: 0.9891
600/600 [==============================] - 1s 992us/step - loss: 0.0765 - acc: 0.9900 - val_loss: 0.3975 - val_acc: 0.9302
Current time ....0.595
Train on 1200 samples, validate on 68 samples
Epoch 1/1

  10/1200 [..............................] - ETA: 1s - loss: 0.1493 - acc: 1.0000
  70/1200 [>.............................] - ETA: 1s - loss: 0.2261 - acc: 0.9429
 120/1200 [==>...........................] - ETA: 1s - loss: 0.1888 - acc: 0.9667
 180/1200 [===>..........................] - ETA: 0s - loss: 0.2146 - acc: 0.9611
 240/1200 [=====>........................] - ETA: 0s - loss: 0.2096 - acc: 0.9625
 300/1200 [======>.......................] - ETA: 0s - loss: 0.2156 - acc: 0.9633
 360/1200 [========>.....................] - ETA: 0s - loss: 0.2090 - acc: 0.9667
 420/1200 [=========>....................] - ETA: 0s - loss: 0.2160 - acc: 0.9595
 480/1200 [===========>..................] - ETA: 0s - loss: 0.2160 - acc: 0.9604
 540/1200 [============>.................] - ETA: 0s - loss: 0.2172 - acc: 0.9593
 600/1200 [==============>...............] - ETA: 0s - loss: 0.2215 - acc: 0.9550
 660/1200 [===============>..............] - ETA: 0s - loss: 0.2214 - acc: 0.9576
 720/1200 [=================>............] - ETA: 0s - loss: 0.2244 - acc: 0.9569
 780/1200 [==================>...........] - ETA: 0s - loss: 0.2276 - acc: 0.9526
 840/1200 [====================>.........] - ETA: 0s - loss: 0.2305 - acc: 0.9524
 900/1200 [=====================>........] - ETA: 0s - loss: 0.2263 - acc: 0.9544
 960/1200 [=======================>......] - ETA: 0s - loss: 0.2238 - acc: 0.9562
1020/1200 [========================>.....] - ETA: 0s - loss: 0.2186 - acc: 0.9588
1080/1200 [==========================>...] - ETA: 0s - loss: 0.2230 - acc: 0.9546
1140/1200 [===========================>..] - ETA: 0s - loss: 0.2246 - acc: 0.9518
1200/1200 [==============================] - 1s 967us/step - loss: 0.2212 - acc: 0.9533 - val_loss: 0.7567 - val_acc: 0.6765
Current time ....1.161
Train on 3900 samples, validate on 99 samples
Epoch 1/1

  10/3900 [..............................] - ETA: 3s - loss: 1.1170 - acc: 0.8000
  70/3900 [..............................] - ETA: 3s - loss: 1.2274 - acc: 0.6857
 130/3900 [>.............................] - ETA: 3s - loss: 1.2066 - acc: 0.6462
 190/3900 [>.............................] - ETA: 3s - loss: 1.2236 - acc: 0.6158
 250/3900 [>.............................] - ETA: 3s - loss: 1.2438 - acc: 0.6160
 310/3900 [=>............................] - ETA: 3s - loss: 1.2304 - acc: 0.6194
 370/3900 [=>............................] - ETA: 3s - loss: 1.2445 - acc: 0.6054
 430/3900 [==>...........................] - ETA: 3s - loss: 1.2316 - acc: 0.6186
 490/3900 [==>...........................] - ETA: 3s - loss: 1.2143 - acc: 0.6245
 550/3900 [===>..........................] - ETA: 3s - loss: 1.1912 - acc: 0.6364
 610/3900 [===>..........................] - ETA: 3s - loss: 1.1937 - acc: 0.6344
 660/3900 [====>.........................] - ETA: 3s - loss: 1.1933 - acc: 0.6409
 720/3900 [====>.........................] - ETA: 3s - loss: 1.1873 - acc: 0.6444
 780/3900 [=====>........................] - ETA: 3s - loss: 1.1787 - acc: 0.6474
 840/3900 [=====>........................] - ETA: 2s - loss: 1.1753 - acc: 0.6500
 900/3900 [=====>........................] - ETA: 2s - loss: 1.1656 - acc: 0.6500
 960/3900 [======>.......................] - ETA: 2s - loss: 1.1574 - acc: 0.6552
1020/3900 [======>.......................] - ETA: 2s - loss: 1.1494 - acc: 0.6618
1080/3900 [=======>......................] - ETA: 2s - loss: 1.1488 - acc: 0.6602
1140/3900 [=======>......................] - ETA: 2s - loss: 1.1515 - acc: 0.6570
1200/3900 [========>.....................] - ETA: 2s - loss: 1.1527 - acc: 0.6533
1260/3900 [========>.....................] - ETA: 2s - loss: 1.1561 - acc: 0.6500
1320/3900 [=========>....................] - ETA: 2s - loss: 1.1481 - acc: 0.6553
1380/3900 [=========>....................] - ETA: 2s - loss: 1.1393 - acc: 0.6565
1440/3900 [==========>...................] - ETA: 2s - loss: 1.1366 - acc: 0.6556
1500/3900 [==========>...................] - ETA: 2s - loss: 1.1364 - acc: 0.6567
1560/3900 [===========>..................] - ETA: 2s - loss: 1.1305 - acc: 0.6590
1620/3900 [===========>..................] - ETA: 2s - loss: 1.1280 - acc: 0.6593
1680/3900 [===========>..................] - ETA: 2s - loss: 1.1277 - acc: 0.6577
1740/3900 [============>.................] - ETA: 2s - loss: 1.1221 - acc: 0.6603
1800/3900 [============>.................] - ETA: 2s - loss: 1.1173 - acc: 0.6639
1860/3900 [=============>................] - ETA: 1s - loss: 1.1175 - acc: 0.6629
1920/3900 [=============>................] - ETA: 1s - loss: 1.1123 - acc: 0.6651
1980/3900 [==============>...............] - ETA: 1s - loss: 1.1093 - acc: 0.6672
2040/3900 [==============>...............] - ETA: 1s - loss: 1.1065 - acc: 0.6676
2100/3900 [===============>..............] - ETA: 1s - loss: 1.1093 - acc: 0.6657
2160/3900 [===============>..............] - ETA: 1s - loss: 1.1065 - acc: 0.6676
2220/3900 [================>.............] - ETA: 1s - loss: 1.1047 - acc: 0.6667
2280/3900 [================>.............] - ETA: 1s - loss: 1.1047 - acc: 0.6662
2340/3900 [=================>............] - ETA: 1s - loss: 1.1000 - acc: 0.6675
2400/3900 [=================>............] - ETA: 1s - loss: 1.0960 - acc: 0.6679
2460/3900 [=================>............] - ETA: 1s - loss: 1.0946 - acc: 0.6683
2520/3900 [==================>...........] - ETA: 1s - loss: 1.0915 - acc: 0.6690
2580/3900 [==================>...........] - ETA: 1s - loss: 1.0921 - acc: 0.6678
2640/3900 [===================>..........] - ETA: 1s - loss: 1.0873 - acc: 0.6701
2700/3900 [===================>..........] - ETA: 1s - loss: 1.0839 - acc: 0.6726
2760/3900 [====================>.........] - ETA: 1s - loss: 1.0829 - acc: 0.6717
2820/3900 [====================>.........] - ETA: 1s - loss: 1.0829 - acc: 0.6709
2880/3900 [=====================>........] - ETA: 0s - loss: 1.0805 - acc: 0.6701
2940/3900 [=====================>........] - ETA: 0s - loss: 1.0767 - acc: 0.6721
3000/3900 [======================>.......] - ETA: 0s - loss: 1.0735 - acc: 0.6740
3060/3900 [======================>.......] - ETA: 0s - loss: 1.0743 - acc: 0.6729
3120/3900 [=======================>......] - ETA: 0s - loss: 1.0742 - acc: 0.6728
3180/3900 [=======================>......] - ETA: 0s - loss: 1.0687 - acc: 0.6752
3240/3900 [=======================>......] - ETA: 0s - loss: 1.0714 - acc: 0.6731
3300/3900 [========================>.....] - ETA: 0s - loss: 1.0701 - acc: 0.6727
3360/3900 [========================>.....] - ETA: 0s - loss: 1.0678 - acc: 0.6723
3420/3900 [=========================>....] - ETA: 0s - loss: 1.0659 - acc: 0.6734
3480/3900 [=========================>....] - ETA: 0s - loss: 1.0652 - acc: 0.6733
3540/3900 [==========================>...] - ETA: 0s - loss: 1.0611 - acc: 0.6749
3600/3900 [==========================>...] - ETA: 0s - loss: 1.0615 - acc: 0.6736
3660/3900 [===========================>..] - ETA: 0s - loss: 1.0594 - acc: 0.6738
3720/3900 [===========================>..] - ETA: 0s - loss: 1.0580 - acc: 0.6737
3780/3900 [============================>.] - ETA: 0s - loss: 1.0565 - acc: 0.6741
3840/3900 [============================>.] - ETA: 0s - loss: 1.0549 - acc: 0.6742
3900/3900 [==============================] - 4s 971us/step - loss: 1.0526 - acc: 0.6751 - val_loss: 1.6439 - val_acc: 0.4141
Current time ....3.789
Train on 600 samples, validate on 86 samples
Epoch 1/1

 10/600 [..............................] - ETA: 0s - loss: 0.0785 - acc: 1.0000
 70/600 [==>...........................] - ETA: 0s - loss: 0.0476 - acc: 1.0000
130/600 [=====>........................] - ETA: 0s - loss: 0.0531 - acc: 1.0000
190/600 [========>.....................] - ETA: 0s - loss: 0.0542 - acc: 1.0000
250/600 [===========>..................] - ETA: 0s - loss: 0.0537 - acc: 1.0000
310/600 [==============>...............] - ETA: 0s - loss: 0.0542 - acc: 0.9968
370/600 [=================>............] - ETA: 0s - loss: 0.0590 - acc: 0.9946
430/600 [====================>.........] - ETA: 0s - loss: 0.0598 - acc: 0.9953
490/600 [=======================>......] - ETA: 0s - loss: 0.0620 - acc: 0.9939
550/600 [==========================>...] - ETA: 0s - loss: 0.0593 - acc: 0.9945
600/600 [==============================] - 1s 993us/step - loss: 0.0575 - acc: 0.9950 - val_loss: 0.4610 - val_acc: 0.9302
Current time ....0.596
Train on 1200 samples, validate on 68 samples
Epoch 1/1

  10/1200 [..............................] - ETA: 1s - loss: 0.0273 - acc: 1.0000
  70/1200 [>.............................] - ETA: 1s - loss: 0.1520 - acc: 0.9857
 130/1200 [==>...........................] - ETA: 1s - loss: 0.1719 - acc: 0.9692
 190/1200 [===>..........................] - ETA: 0s - loss: 0.1670 - acc: 0.9632
 250/1200 [=====>........................] - ETA: 0s - loss: 0.1674 - acc: 0.9640
 310/1200 [======>.......................] - ETA: 0s - loss: 0.1938 - acc: 0.9548
 370/1200 [========>.....................] - ETA: 0s - loss: 0.1917 - acc: 0.9595
 420/1200 [=========>....................] - ETA: 0s - loss: 0.1912 - acc: 0.9571
 480/1200 [===========>..................] - ETA: 0s - loss: 0.1885 - acc: 0.9583
 540/1200 [============>.................] - ETA: 0s - loss: 0.1990 - acc: 0.9556
 600/1200 [==============>...............] - ETA: 0s - loss: 0.1930 - acc: 0.9583
 650/1200 [===============>..............] - ETA: 0s - loss: 0.1932 - acc: 0.9600
 710/1200 [================>.............] - ETA: 0s - loss: 0.1944 - acc: 0.9592
 770/1200 [==================>...........] - ETA: 0s - loss: 0.1905 - acc: 0.9623
 830/1200 [===================>..........] - ETA: 0s - loss: 0.1898 - acc: 0.9627
 890/1200 [=====================>........] - ETA: 0s - loss: 0.1851 - acc: 0.9652
 950/1200 [======================>.......] - ETA: 0s - loss: 0.1841 - acc: 0.9663
1010/1200 [========================>.....] - ETA: 0s - loss: 0.1878 - acc: 0.9634
1070/1200 [=========================>....] - ETA: 0s - loss: 0.1863 - acc: 0.9617
1130/1200 [===========================>..] - ETA: 0s - loss: 0.1821 - acc: 0.9628
1190/1200 [============================>.] - ETA: 0s - loss: 0.1801 - acc: 0.9613
1200/1200 [==============================] - 1s 969us/step - loss: 0.1798 - acc: 0.9617 - val_loss: 0.6955 - val_acc: 0.7500
Current time ....1.163
Train on 3900 samples, validate on 99 samples
Epoch 1/1

  10/3900 [..............................] - ETA: 3s - loss: 0.7124 - acc: 0.8000
  70/3900 [..............................] - ETA: 3s - loss: 0.9839 - acc: 0.6143
 130/3900 [>.............................] - ETA: 3s - loss: 0.9750 - acc: 0.6462
 190/3900 [>.............................] - ETA: 3s - loss: 0.9634 - acc: 0.6737
 240/3900 [>.............................] - ETA: 3s - loss: 0.9303 - acc: 0.7042
 300/3900 [=>............................] - ETA: 3s - loss: 0.9362 - acc: 0.7033
 360/3900 [=>............................] - ETA: 3s - loss: 0.9347 - acc: 0.7000
 420/3900 [==>...........................] - ETA: 3s - loss: 0.9222 - acc: 0.7048
 480/3900 [==>...........................] - ETA: 3s - loss: 0.9263 - acc: 0.7042
 540/3900 [===>..........................] - ETA: 3s - loss: 0.9327 - acc: 0.7037
 600/3900 [===>..........................] - ETA: 3s - loss: 0.9290 - acc: 0.7117
 660/3900 [====>.........................] - ETA: 3s - loss: 0.9126 - acc: 0.7136
 720/3900 [====>.........................] - ETA: 3s - loss: 0.9133 - acc: 0.7097
 780/3900 [=====>........................] - ETA: 3s - loss: 0.9212 - acc: 0.7051
 840/3900 [=====>........................] - ETA: 2s - loss: 0.9144 - acc: 0.7048
 900/3900 [=====>........................] - ETA: 2s - loss: 0.9313 - acc: 0.6978
 960/3900 [======>.......................] - ETA: 2s - loss: 0.9255 - acc: 0.7021
1020/3900 [======>.......................] - ETA: 2s - loss: 0.9178 - acc: 0.7078
1080/3900 [=======>......................] - ETA: 2s - loss: 0.9207 - acc: 0.7056
1140/3900 [=======>......................] - ETA: 2s - loss: 0.9089 - acc: 0.7114
1200/3900 [========>.....................] - ETA: 2s - loss: 0.9044 - acc: 0.7133
1260/3900 [========>.....................] - ETA: 2s - loss: 0.9046 - acc: 0.7135
1320/3900 [=========>....................] - ETA: 2s - loss: 0.9004 - acc: 0.7167
1380/3900 [=========>....................] - ETA: 2s - loss: 0.8977 - acc: 0.7217
1440/3900 [==========>...................] - ETA: 2s - loss: 0.8925 - acc: 0.7236
1490/3900 [==========>...................] - ETA: 2s - loss: 0.8896 - acc: 0.7242
1550/3900 [==========>...................] - ETA: 2s - loss: 0.8888 - acc: 0.7252
1600/3900 [===========>..................] - ETA: 2s - loss: 0.8929 - acc: 0.7231
1660/3900 [===========>..................] - ETA: 2s - loss: 0.8885 - acc: 0.7241
1710/3900 [============>.................] - ETA: 2s - loss: 0.8844 - acc: 0.7269
1770/3900 [============>.................] - ETA: 2s - loss: 0.8852 - acc: 0.7243
1830/3900 [=============>................] - ETA: 2s - loss: 0.8828 - acc: 0.7257
1890/3900 [=============>................] - ETA: 1s - loss: 0.8814 - acc: 0.7254
1950/3900 [==============>...............] - ETA: 1s - loss: 0.8826 - acc: 0.7246
2010/3900 [==============>...............] - ETA: 1s - loss: 0.8814 - acc: 0.7244
2070/3900 [==============>...............] - ETA: 1s - loss: 0.8741 - acc: 0.7275
2130/3900 [===============>..............] - ETA: 1s - loss: 0.8723 - acc: 0.7286
2190/3900 [===============>..............] - ETA: 1s - loss: 0.8751 - acc: 0.7274
2250/3900 [================>.............] - ETA: 1s - loss: 0.8725 - acc: 0.7280
2310/3900 [================>.............] - ETA: 1s - loss: 0.8701 - acc: 0.7290
2370/3900 [=================>............] - ETA: 1s - loss: 0.8723 - acc: 0.7270
2430/3900 [=================>............] - ETA: 1s - loss: 0.8737 - acc: 0.7263
2480/3900 [==================>...........] - ETA: 1s - loss: 0.8743 - acc: 0.7266
2540/3900 [==================>...........] - ETA: 1s - loss: 0.8738 - acc: 0.7256
2600/3900 [===================>..........] - ETA: 1s - loss: 0.8730 - acc: 0.7254
2650/3900 [===================>..........] - ETA: 1s - loss: 0.8709 - acc: 0.7249
2710/3900 [===================>..........] - ETA: 1s - loss: 0.8711 - acc: 0.7244
2770/3900 [====================>.........] - ETA: 1s - loss: 0.8719 - acc: 0.7231
2830/3900 [====================>.........] - ETA: 1s - loss: 0.8691 - acc: 0.7247
2890/3900 [=====================>........] - ETA: 0s - loss: 0.8675 - acc: 0.7249
2950/3900 [=====================>........] - ETA: 0s - loss: 0.8728 - acc: 0.7227
3010/3900 [======================>.......] - ETA: 0s - loss: 0.8695 - acc: 0.7236
3070/3900 [======================>.......] - ETA: 0s - loss: 0.8701 - acc: 0.7238
3130/3900 [=======================>......] - ETA: 0s - loss: 0.8677 - acc: 0.7246
3190/3900 [=======================>......] - ETA: 0s - loss: 0.8669 - acc: 0.7260
3250/3900 [========================>.....] - ETA: 0s - loss: 0.8638 - acc: 0.7262
3310/3900 [========================>.....] - ETA: 0s - loss: 0.8624 - acc: 0.7266
3370/3900 [========================>.....] - ETA: 0s - loss: 0.8588 - acc: 0.7285
3430/3900 [=========================>....] - ETA: 0s - loss: 0.8580 - acc: 0.7292
3490/3900 [=========================>....] - ETA: 0s - loss: 0.8590 - acc: 0.7281
3550/3900 [==========================>...] - ETA: 0s - loss: 0.8591 - acc: 0.7282
3610/3900 [==========================>...] - ETA: 0s - loss: 0.8592 - acc: 0.7269
3670/3900 [===========================>..] - ETA: 0s - loss: 0.8559 - acc: 0.7283
3730/3900 [===========================>..] - ETA: 0s - loss: 0.8542 - acc: 0.7290
3790/3900 [============================>.] - ETA: 0s - loss: 0.8528 - acc: 0.7296
3850/3900 [============================>.] - ETA: 0s - loss: 0.8523 - acc: 0.7294
3900/3900 [==============================] - 4s 973us/step - loss: 0.8511 - acc: 0.7290 - val_loss: 1.6057 - val_acc: 0.4444
Current time ....3.796
Train on 600 samples, validate on 86 samples
Epoch 1/1

 10/600 [..............................] - ETA: 0s - loss: 0.0528 - acc: 1.0000
 70/600 [==>...........................] - ETA: 0s - loss: 0.0516 - acc: 1.0000
130/600 [=====>........................] - ETA: 0s - loss: 0.0677 - acc: 0.9846
190/600 [========>.....................] - ETA: 0s - loss: 0.0586 - acc: 0.9895
250/600 [===========>..................] - ETA: 0s - loss: 0.0565 - acc: 0.9920
310/600 [==============>...............] - ETA: 0s - loss: 0.0519 - acc: 0.9935
370/600 [=================>............] - ETA: 0s - loss: 0.0492 - acc: 0.9946
430/600 [====================>.........] - ETA: 0s - loss: 0.0511 - acc: 0.9930
490/600 [=======================>......] - ETA: 0s - loss: 0.0503 - acc: 0.9939
550/600 [==========================>...] - ETA: 0s - loss: 0.0480 - acc: 0.9945
600/600 [==============================] - 1s 992us/step - loss: 0.0457 - acc: 0.9950 - val_loss: 0.4499 - val_acc: 0.9302
Current time ....0.596
Train on 1200 samples, validate on 68 samples
Epoch 1/1

  10/1200 [..............................] - ETA: 1s - loss: 0.1115 - acc: 1.0000
  70/1200 [>.............................] - ETA: 1s - loss: 0.1832 - acc: 0.9571
 120/1200 [==>...........................] - ETA: 1s - loss: 0.1436 - acc: 0.9750
 180/1200 [===>..........................] - ETA: 0s - loss: 0.1270 - acc: 0.9833
 240/1200 [=====>........................] - ETA: 0s - loss: 0.1173 - acc: 0.9875
 300/1200 [======>.......................] - ETA: 0s - loss: 0.1177 - acc: 0.9900
 360/1200 [========>.....................] - ETA: 0s - loss: 0.1114 - acc: 0.9917
 420/1200 [=========>....................] - ETA: 0s - loss: 0.1083 - acc: 0.9929
 480/1200 [===========>..................] - ETA: 0s - loss: 0.1157 - acc: 0.9833
 540/1200 [============>.................] - ETA: 0s - loss: 0.1160 - acc: 0.9833
 600/1200 [==============>...............] - ETA: 0s - loss: 0.1157 - acc: 0.9833
 660/1200 [===============>..............] - ETA: 0s - loss: 0.1190 - acc: 0.9833
 720/1200 [=================>............] - ETA: 0s - loss: 0.1179 - acc: 0.9833
 780/1200 [==================>...........] - ETA: 0s - loss: 0.1199 - acc: 0.9833
 840/1200 [====================>.........] - ETA: 0s - loss: 0.1217 - acc: 0.9821
 900/1200 [=====================>........] - ETA: 0s - loss: 0.1200 - acc: 0.9811
 960/1200 [=======================>......] - ETA: 0s - loss: 0.1206 - acc: 0.9792
1020/1200 [========================>.....] - ETA: 0s - loss: 0.1196 - acc: 0.9794
1080/1200 [==========================>...] - ETA: 0s - loss: 0.1176 - acc: 0.9796
1140/1200 [===========================>..] - ETA: 0s - loss: 0.1176 - acc: 0.9807
1200/1200 [==============================] - 1s 967us/step - loss: 0.1176 - acc: 0.9800 - val_loss: 0.6898 - val_acc: 0.7353
Current time ....1.161
Train on 3900 samples, validate on 99 samples
Epoch 1/1

  10/3900 [..............................] - ETA: 3s - loss: 0.3719 - acc: 1.0000
  70/3900 [..............................] - ETA: 3s - loss: 0.6291 - acc: 0.8143
 130/3900 [>.............................] - ETA: 3s - loss: 0.6539 - acc: 0.8154
 190/3900 [>.............................] - ETA: 3s - loss: 0.7053 - acc: 0.7684
 250/3900 [>.............................] - ETA: 3s - loss: 0.7018 - acc: 0.7640
 310/3900 [=>............................] - ETA: 3s - loss: 0.7113 - acc: 0.7548
 370/3900 [=>............................] - ETA: 3s - loss: 0.7034 - acc: 0.7568
 430/3900 [==>...........................] - ETA: 3s - loss: 0.7153 - acc: 0.7512
 490/3900 [==>...........................] - ETA: 3s - loss: 0.7108 - acc: 0.7531
 550/3900 [===>..........................] - ETA: 3s - loss: 0.7210 - acc: 0.7473
 610/3900 [===>..........................] - ETA: 3s - loss: 0.7494 - acc: 0.7393
 670/3900 [====>.........................] - ETA: 3s - loss: 0.7302 - acc: 0.7507
 730/3900 [====>.........................] - ETA: 3s - loss: 0.7466 - acc: 0.7438
 790/3900 [=====>........................] - ETA: 2s - loss: 0.7365 - acc: 0.7506
 850/3900 [=====>........................] - ETA: 2s - loss: 0.7383 - acc: 0.7506
 910/3900 [======>.......................] - ETA: 2s - loss: 0.7328 - acc: 0.7527
 970/3900 [======>.......................] - ETA: 2s - loss: 0.7367 - acc: 0.7526
1030/3900 [======>.......................] - ETA: 2s - loss: 0.7355 - acc: 0.7515
1090/3900 [=======>......................] - ETA: 2s - loss: 0.7390 - acc: 0.7505
1150/3900 [=======>......................] - ETA: 2s - loss: 0.7350 - acc: 0.7539
1200/3900 [========>.....................] - ETA: 2s - loss: 0.7391 - acc: 0.7517
1260/3900 [========>.....................] - ETA: 2s - loss: 0.7462 - acc: 0.7468
1320/3900 [=========>....................] - ETA: 2s - loss: 0.7426 - acc: 0.7470
1380/3900 [=========>....................] - ETA: 2s - loss: 0.7366 - acc: 0.7514
1440/3900 [==========>...................] - ETA: 2s - loss: 0.7350 - acc: 0.7521
1500/3900 [==========>...................] - ETA: 2s - loss: 0.7372 - acc: 0.7513
1560/3900 [===========>..................] - ETA: 2s - loss: 0.7396 - acc: 0.7519
1620/3900 [===========>..................] - ETA: 2s - loss: 0.7381 - acc: 0.7531
1680/3900 [===========>..................] - ETA: 2s - loss: 0.7361 - acc: 0.7524
1740/3900 [============>.................] - ETA: 2s - loss: 0.7316 - acc: 0.7540
1800/3900 [============>.................] - ETA: 2s - loss: 0.7306 - acc: 0.7550
1860/3900 [=============>................] - ETA: 1s - loss: 0.7302 - acc: 0.7565
1920/3900 [=============>................] - ETA: 1s - loss: 0.7245 - acc: 0.7578
1980/3900 [==============>...............] - ETA: 1s - loss: 0.7212 - acc: 0.7586
2040/3900 [==============>...............] - ETA: 1s - loss: 0.7198 - acc: 0.7603
2100/3900 [===============>..............] - ETA: 1s - loss: 0.7175 - acc: 0.7619
2160/3900 [===============>..............] - ETA: 1s - loss: 0.7144 - acc: 0.7639
2220/3900 [================>.............] - ETA: 1s - loss: 0.7140 - acc: 0.7640
2280/3900 [================>.............] - ETA: 1s - loss: 0.7148 - acc: 0.7627
2340/3900 [=================>............] - ETA: 1s - loss: 0.7175 - acc: 0.7603
2400/3900 [=================>............] - ETA: 1s - loss: 0.7173 - acc: 0.7608
2460/3900 [=================>............] - ETA: 1s - loss: 0.7168 - acc: 0.7622
2520/3900 [==================>...........] - ETA: 1s - loss: 0.7151 - acc: 0.7631
2580/3900 [==================>...........] - ETA: 1s - loss: 0.7141 - acc: 0.7643
2640/3900 [===================>..........] - ETA: 1s - loss: 0.7160 - acc: 0.7636
2700/3900 [===================>..........] - ETA: 1s - loss: 0.7164 - acc: 0.7637
2760/3900 [====================>.........] - ETA: 1s - loss: 0.7147 - acc: 0.7645
2820/3900 [====================>.........] - ETA: 1s - loss: 0.7133 - acc: 0.7656
2880/3900 [=====================>........] - ETA: 0s - loss: 0.7145 - acc: 0.7642
2940/3900 [=====================>........] - ETA: 0s - loss: 0.7118 - acc: 0.7653
3000/3900 [======================>.......] - ETA: 0s - loss: 0.7106 - acc: 0.7667
3060/3900 [======================>.......] - ETA: 0s - loss: 0.7072 - acc: 0.7680
3120/3900 [=======================>......] - ETA: 0s - loss: 0.7070 - acc: 0.7673
3180/3900 [=======================>......] - ETA: 0s - loss: 0.7068 - acc: 0.7679
3240/3900 [=======================>......] - ETA: 0s - loss: 0.7067 - acc: 0.7679
3300/3900 [========================>.....] - ETA: 0s - loss: 0.7083 - acc: 0.7676
3360/3900 [========================>.....] - ETA: 0s - loss: 0.7059 - acc: 0.7685
3420/3900 [=========================>....] - ETA: 0s - loss: 0.7038 - acc: 0.7696
3480/3900 [=========================>....] - ETA: 0s - loss: 0.7002 - acc: 0.7716
3540/3900 [==========================>...] - ETA: 0s - loss: 0.6998 - acc: 0.7709
3600/3900 [==========================>...] - ETA: 0s - loss: 0.7005 - acc: 0.7706
3660/3900 [===========================>..] - ETA: 0s - loss: 0.6982 - acc: 0.7719
3720/3900 [===========================>..] - ETA: 0s - loss: 0.6972 - acc: 0.7728
3780/3900 [============================>.] - ETA: 0s - loss: 0.6949 - acc: 0.7741
3840/3900 [============================>.] - ETA: 0s - loss: 0.6949 - acc: 0.7740
3900/3900 [==============================] - 4s 970us/step - loss: 0.6933 - acc: 0.7749 - val_loss: 1.7609 - val_acc: 0.3939
Current time ....3.782
Train on 600 samples, validate on 86 samples
Epoch 1/1

 10/600 [..............................] - ETA: 0s - loss: 0.0154 - acc: 1.0000
 60/600 [==>...........................] - ETA: 0s - loss: 0.0447 - acc: 1.0000
120/600 [=====>........................] - ETA: 0s - loss: 0.0419 - acc: 1.0000
180/600 [========>.....................] - ETA: 0s - loss: 0.0399 - acc: 1.0000
240/600 [===========>..................] - ETA: 0s - loss: 0.0404 - acc: 0.9958
300/600 [==============>...............] - ETA: 0s - loss: 0.0419 - acc: 0.9933
360/600 [=================>............] - ETA: 0s - loss: 0.0401 - acc: 0.9944
420/600 [====================>.........] - ETA: 0s - loss: 0.0384 - acc: 0.9952
480/600 [=======================>......] - ETA: 0s - loss: 0.0361 - acc: 0.9958
540/600 [==========================>...] - ETA: 0s - loss: 0.0383 - acc: 0.9944
600/600 [==============================] - 1s 1ms/step - loss: 0.0369 - acc: 0.9950 - val_loss: 0.4905 - val_acc: 0.9302
Current time ....0.601
Train on 1200 samples, validate on 68 samples
Epoch 1/1

  10/1200 [..............................] - ETA: 1s - loss: 0.0642 - acc: 1.0000
  70/1200 [>.............................] - ETA: 1s - loss: 0.0852 - acc: 0.9857
 130/1200 [==>...........................] - ETA: 1s - loss: 0.0833 - acc: 0.9923
 190/1200 [===>..........................] - ETA: 0s - loss: 0.0871 - acc: 0.9895
 250/1200 [=====>........................] - ETA: 0s - loss: 0.0851 - acc: 0.9920
 310/1200 [======>.......................] - ETA: 0s - loss: 0.0845 - acc: 0.9935
 370/1200 [========>.....................] - ETA: 0s - loss: 0.0815 - acc: 0.9946
 430/1200 [=========>....................] - ETA: 0s - loss: 0.0806 - acc: 0.9930
 490/1200 [===========>..................] - ETA: 0s - loss: 0.0854 - acc: 0.9939
 550/1200 [============>.................] - ETA: 0s - loss: 0.0858 - acc: 0.9927
 610/1200 [==============>...............] - ETA: 0s - loss: 0.0889 - acc: 0.9902
 670/1200 [===============>..............] - ETA: 0s - loss: 0.0862 - acc: 0.9910
 730/1200 [=================>............] - ETA: 0s - loss: 0.0869 - acc: 0.9904
 790/1200 [==================>...........] - ETA: 0s - loss: 0.0854 - acc: 0.9911
 850/1200 [====================>.........] - ETA: 0s - loss: 0.0861 - acc: 0.9918
 910/1200 [=====================>........] - ETA: 0s - loss: 0.0848 - acc: 0.9923
 970/1200 [=======================>......] - ETA: 0s - loss: 0.0860 - acc: 0.9928
1030/1200 [========================>.....] - ETA: 0s - loss: 0.0846 - acc: 0.9932
1090/1200 [==========================>...] - ETA: 0s - loss: 0.0840 - acc: 0.9936
1150/1200 [===========================>..] - ETA: 0s - loss: 0.0823 - acc: 0.9939
1200/1200 [==============================] - 1s 967us/step - loss: 0.0814 - acc: 0.9942 - val_loss: 0.9680 - val_acc: 0.6765
Current time ....1.161

32/99 [========>.....................] - ETA: 0s
99/99 [==============================] - 0s 100us/step
In EVALUATE loss:  [1.7608777970978708, 0.39393939424042751]

32/86 [==========>...................] - ETA: 0s
86/86 [==============================] - 0s 90us/step
In EVALUATE loss:  [0.49051285898962688, 0.93023256091184392]

32/68 [=============>................] - ETA: 0s
68/68 [==============================] - 0s 111us/step
In EVALUATE loss:  [0.96798999870524682, 0.67647058823529416]
Task 1 : Primary site - Macro F1 score 0.246474679167
Task 1 : Primary site - Micro F1 score 0.393939393939
Task 2 : Tumor laterality - Macro F1 score 0.930194805195
Task 2 : Tumor laterality - Micro F1 score 0.93023255814
Task 3 : Histological grade - Macro F1 score 0.511426319937
Task 3 : Histological grade - Micro F1 score 0.676470588235
Average loss:  1.07312688493
