Importing candle utils for keras
Configuration file:  /gpfs/mira-home/apeck/Modified_Benchmarks/Pilot2/P2B1/p2b1_default_model.txt
{'activation': 'relu',
 'backend': 'tensorflow',
 'base_memo': 'p2b1',
 'batch_size': 64,
 'cool': False,
 'data_set': '3k_Ordered',
 'drop_prob': 0.5,
 'epochs': 2,
 'l2_reg': 0.01,
 'learning_rate': 0.01,
 'loss': 'custom',
 'molecular_nbrs': 200,
 'molecular_nonlinearity': 'elu',
 'molecular_num_hidden': [256, 128, 64, 32, 16, 8],
 'noise_factor': 0.0,
 'num_hidden': [512, 32],
 'optimizer': 'adam',
 'sampling_density': 0.15,
 'save_path': '.'}
Params:
{'activation': 'relu',
 'backend': 'tensorflow',
 'base_memo': 'p2b1',
 'batch_size': 64,
 'case': 'Full',
 'config_file': '/gpfs/mira-home/apeck/Modified_Benchmarks/Pilot2/P2B1/p2b1_default_model.txt',
 'conv_bool': True,
 'cool': False,
 'data_set': '3k_Ordered',
 'datatype': <class 'numpy.float32'>,
 'drop_prob': 0.5,
 'epochs': 2,
 'eval_bool': False,
 'experiment_id': 'EXP000',
 'fig_bool': False,
 'full_conv_bool': False,
 'gpus': [],
 'home_dir': '.',
 'l2_reg': 0.01,
 'learning_rate': 0.01,
 'logfile': None,
 'loss': 'custom',
 'molecular_nbrs': 200,
 'molecular_nonlinearity': 'elu',
 'molecular_num_hidden': [256, 128, 64, 32, 16, 8],
 'nbr_type': 'relative',
 'noise_factor': 0.0,
 'num_hidden': [512, 32],
 'optimizer': 'adam',
 'output_dir': '/gpfs/mira-home/apeck/CANDLE_testing/avery_modified_results/run2/Output/EXP000/RUN000',
 'rng_seed': 7102,
 'run_id': 'RUN000',
 'sampling_density': 0.15,
 'save_path': '.',
 'seed': False,
 'set_sel': '3k_Disordered',
 'shuffle': False,
 'timeout': -1,
 'train_bool': True,
 'type_bool': True,
 'verbose': None,
 'weight_path': None}

Training parameters:
	activation: relu
	backend: tensorflow
	base_memo: p2b1
	batch_size: 64
	case: Full
	config_file: /gpfs/mira-home/apeck/Modified_Benchmarks/Pilot2/P2B1/p2b1_default_model.txt
	conv_bool: True
	cool: False
	data_set: 3k_Ordered
	datatype: <class 'numpy.float32'>
	drop_prob: 0.5
	epochs: 2
	eval_bool: False
	experiment_id: EXP000
	fig_bool: False
	full_conv_bool: False
	gpus: []
	home_dir: .
	l2_reg: 0.01
	learning_rate: 0.01
	logfile: None
	loss: custom
	molecular_nbrs: 200
	molecular_nonlinearity: elu
	molecular_num_hidden: [256, 128, 64, 32, 16, 8]
	nbr_type: relative
	noise_factor: 0.0
	num_hidden: [512, 32]
	optimizer: adam
	output_dir: /gpfs/mira-home/apeck/CANDLE_testing/avery_modified_results/run2/Output/EXP000/RUN000
	rng_seed: 7102
	run_id: RUN000
	sampling_density: 0.15
	save_path: .
	seed: False
	set_sel: 3k_Disordered
	shuffle: False
	timeout: -1
	train_bool: True
	type_bool: True
	verbose: None
	weight_path: None
Image data format:  channels_last
Reading Data...
Reading Data Files... 3k_Disordered->3k_run10_10us.35fs-DPPC.10-DOPC.70-CHOL.20.dir

Data chunk shape:  (100, 3040, 12, 20)

State AE input/output dimension:  24320

Molecular AE input/output dimension:  48240

Data Format:
[Frames (2900), Molecules (3040), Beads (12), ['rel_x', 'rel_y', 'rel_z', 'CHOL', 'DPPC', 'DIPC', 'Head', 'Tail', 'BL1', 'BL2', 'BL3', 'BL4', 'BL5', 'BL6', 'BL7', 'BL8', 'BL9', 'BL10', 'BL11', 'BL12'] (20)]

Define the model and compile

Model Summary: 

_________________________________________________________________
Layer (type)                 Output Shape              Param #   
=================================================================
input_1 (InputLayer)         (None, 1, 48240, 1)       0         
_________________________________________________________________
conv2d_1 (Conv2D)            (None, 1, 2412, 256)      102400    
_________________________________________________________________
batch_normalization_1 (Batch (None, 1, 2412, 256)      1024      
_________________________________________________________________
dropout_1 (Dropout)          (None, 1, 2412, 256)      0         
_________________________________________________________________
conv2d_2 (Conv2D)            (None, 1, 201, 128)       4718592   
_________________________________________________________________
batch_normalization_2 (Batch (None, 1, 201, 128)       512       
_________________________________________________________________
dropout_2 (Dropout)          (None, 1, 201, 128)       0         
_________________________________________________________________
flatten_1 (Flatten)          (None, 25728)             0         
_________________________________________________________________
dense_1 (Dense)              (None, 64)                1646592   
_________________________________________________________________
batch_normalization_3 (Batch (None, 64)                256       
_________________________________________________________________
dropout_3 (Dropout)          (None, 64)                0         
_________________________________________________________________
dense_2 (Dense)              (None, 32)                2048      
_________________________________________________________________
batch_normalization_4 (Batch (None, 32)                128       
_________________________________________________________________
dropout_4 (Dropout)          (None, 32)                0         
_________________________________________________________________
dense_3 (Dense)              (None, 16)                512       
_________________________________________________________________
batch_normalization_5 (Batch (None, 16)                64        
_________________________________________________________________
dropout_5 (Dropout)          (None, 16)                0         
_________________________________________________________________
dense_4 (Dense)              (None, 8)                 128       
_________________________________________________________________
batch_normalization_6 (Batch (None, 8)                 32        
_________________________________________________________________
dense_5 (Dense)              (None, 16)                128       
_________________________________________________________________
batch_normalization_7 (Batch (None, 16)                64        
_________________________________________________________________
dropout_6 (Dropout)          (None, 16)                0         
_________________________________________________________________
dense_6 (Dense)              (None, 32)                512       
_________________________________________________________________
batch_normalization_8 (Batch (None, 32)                128       
_________________________________________________________________
dropout_7 (Dropout)          (None, 32)                0         
_________________________________________________________________
dense_7 (Dense)              (None, 64)                2048      
_________________________________________________________________
batch_normalization_9 (Batch (None, 64)                256       
_________________________________________________________________
dropout_8 (Dropout)          (None, 64)                0         
_________________________________________________________________
dense_8 (Dense)              (None, 128)               8192      
_________________________________________________________________
batch_normalization_10 (Batc (None, 128)               512       
_________________________________________________________________
dropout_9 (Dropout)          (None, 128)               0         
_________________________________________________________________
dense_9 (Dense)              (None, 256)               32768     
_________________________________________________________________
batch_normalization_11 (Batc (None, 256)               1024      
_________________________________________________________________
dropout_10 (Dropout)         (None, 256)               0         
_________________________________________________________________
dense_10 (Dense)             (None, 48240)             12349440  
=================================================================
Total params: 18,867,360
Trainable params: 18,865,360
Non-trainable params: 2,000
_________________________________________________________________
Saved model to disk

Training epoch: 1

/gpfs/mira-home/apeck/Modified_Benchmarks/common/../Data/Pilot2/3k_run10_10us.35fs-DPPC.10-DOPC.70-CHOL.20.dir/3k_run10_10us.35fs-DPPC.10-DOPC.70-CHOL.20_chunk_08_outof_29.npz 

Datagen on the following frames [27, 29, 30, 3, 91, 23, 77, 46, 26, 73, 58, 0, 13, 51, 97]
Epoch 1/1

  64/3040 [..............................] - ETA: 5:38 - loss: 9.4218 - mean_squared_error: 0.0451 - mean_absolute_error: 0.1294
 128/3040 [>.............................] - ETA: 2:58 - loss: 7.7838 - mean_squared_error: 0.0415 - mean_absolute_error: 0.1169
 192/3040 [>.............................] - ETA: 2:08 - loss: 6.8981 - mean_squared_error: 0.0398 - mean_absolute_error: 0.1108
 256/3040 [=>............................] - ETA: 1:44 - loss: 6.6402 - mean_squared_error: 0.0396 - mean_absolute_error: 0.1105
 320/3040 [==>...........................] - ETA: 1:25 - loss: 6.3291 - mean_squared_error: 0.0392 - mean_absolute_error: 0.1091
 384/3040 [==>...........................] - ETA: 1:13 - loss: 5.7925 - mean_squared_error: 0.0382 - mean_absolute_error: 0.1046
 448/3040 [===>..........................] - ETA: 1:04 - loss: 5.2884 - mean_squared_error: 0.0373 - mean_absolute_error: 0.1001
 512/3040 [====>.........................] - ETA: 57s - loss: 4.9700 - mean_squared_error: 0.0368 - mean_absolute_error: 0.0981 
 576/3040 [====>.........................] - ETA: 52s - loss: 4.7353 - mean_squared_error: 0.0365 - mean_absolute_error: 0.0970
 640/3040 [=====>........................] - ETA: 48s - loss: 4.4757 - mean_squared_error: 0.0361 - mean_absolute_error: 0.0950
 704/3040 [=====>........................] - ETA: 44s - loss: 4.2071 - mean_squared_error: 0.0357 - mean_absolute_error: 0.0927
 768/3040 [======>.......................] - ETA: 41s - loss: 3.9810 - mean_squared_error: 0.0353 - mean_absolute_error: 0.0908
 832/3040 [=======>......................] - ETA: 39s - loss: 3.7957 - mean_squared_error: 0.0350 - mean_absolute_error: 0.0894
 896/3040 [=======>......................] - ETA: 36s - loss: 3.6208 - mean_squared_error: 0.0348 - mean_absolute_error: 0.0878
 960/3040 [========>.....................] - ETA: 34s - loss: 3.4501 - mean_squared_error: 0.0345 - mean_absolute_error: 0.0863
1024/3040 [=========>....................] - ETA: 32s - loss: 3.2963 - mean_squared_error: 0.0342 - mean_absolute_error: 0.0849
1088/3040 [=========>....................] - ETA: 30s - loss: 3.1622 - mean_squared_error: 0.0340 - mean_absolute_error: 0.0836
1152/3040 [==========>...................] - ETA: 28s - loss: 3.0382 - mean_squared_error: 0.0339 - mean_absolute_error: 0.0825
1216/3040 [===========>..................] - ETA: 26s - loss: 2.9187 - mean_squared_error: 0.0337 - mean_absolute_error: 0.0813
1280/3040 [===========>..................] - ETA: 25s - loss: 2.8063 - mean_squared_error: 0.0335 - mean_absolute_error: 0.0801
1344/3040 [============>.................] - ETA: 24s - loss: 2.7033 - mean_squared_error: 0.0333 - mean_absolute_error: 0.0790
1408/3040 [============>.................] - ETA: 22s - loss: 2.6087 - mean_squared_error: 0.0332 - mean_absolute_error: 0.0780
1472/3040 [=============>................] - ETA: 21s - loss: 2.5205 - mean_squared_error: 0.0330 - mean_absolute_error: 0.0770
1536/3040 [==============>...............] - ETA: 20s - loss: 2.4371 - mean_squared_error: 0.0329 - mean_absolute_error: 0.0761
1600/3040 [==============>...............] - ETA: 19s - loss: 2.3575 - mean_squared_error: 0.0327 - mean_absolute_error: 0.0752
1664/3040 [===============>..............] - ETA: 18s - loss: 2.2818 - mean_squared_error: 0.0326 - mean_absolute_error: 0.0742
1728/3040 [================>.............] - ETA: 16s - loss: 2.2112 - mean_squared_error: 0.0325 - mean_absolute_error: 0.0734
1792/3040 [================>.............] - ETA: 15s - loss: 2.1457 - mean_squared_error: 0.0324 - mean_absolute_error: 0.0726
1856/3040 [=================>............] - ETA: 14s - loss: 2.0835 - mean_squared_error: 0.0323 - mean_absolute_error: 0.0719
1920/3040 [=================>............] - ETA: 13s - loss: 2.0235 - mean_squared_error: 0.0322 - mean_absolute_error: 0.0711
1984/3040 [==================>...........] - ETA: 12s - loss: 1.9663 - mean_squared_error: 0.0321 - mean_absolute_error: 0.0704
2048/3040 [===================>..........] - ETA: 12s - loss: 1.9126 - mean_squared_error: 0.0320 - mean_absolute_error: 0.0697
2112/3040 [===================>..........] - ETA: 11s - loss: 1.8618 - mean_squared_error: 0.0319 - mean_absolute_error: 0.0691
2176/3040 [====================>.........] - ETA: 10s - loss: 1.8131 - mean_squared_error: 0.0319 - mean_absolute_error: 0.0684
2240/3040 [=====================>........] - ETA: 9s - loss: 1.7666 - mean_squared_error: 0.0318 - mean_absolute_error: 0.0678 
2304/3040 [=====================>........] - ETA: 8s - loss: 1.7225 - mean_squared_error: 0.0317 - mean_absolute_error: 0.0672
2368/3040 [======================>.......] - ETA: 7s - loss: 1.6805 - mean_squared_error: 0.0317 - mean_absolute_error: 0.0666
2432/3040 [=======================>......] - ETA: 7s - loss: 1.6403 - mean_squared_error: 0.0316 - mean_absolute_error: 0.0661
2496/3040 [=======================>......] - ETA: 6s - loss: 1.6017 - mean_squared_error: 0.0316 - mean_absolute_error: 0.0655
2560/3040 [========================>.....] - ETA: 5s - loss: 1.5649 - mean_squared_error: 0.0315 - mean_absolute_error: 0.0650
2624/3040 [========================>.....] - ETA: 4s - loss: 1.5298 - mean_squared_error: 0.0315 - mean_absolute_error: 0.0645
2688/3040 [=========================>....] - ETA: 3s - loss: 1.4961 - mean_squared_error: 0.0314 - mean_absolute_error: 0.0640
2752/3040 [==========================>...] - ETA: 3s - loss: 1.4639 - mean_squared_error: 0.0314 - mean_absolute_error: 0.0635
2816/3040 [==========================>...] - ETA: 2s - loss: 1.4328 - mean_squared_error: 0.0313 - mean_absolute_error: 0.0631
2880/3040 [===========================>..] - ETA: 1s - loss: 1.4030 - mean_squared_error: 0.0313 - mean_absolute_error: 0.0626
2944/3040 [============================>.] - ETA: 1s - loss: 1.3745 - mean_squared_error: 0.0312 - mean_absolute_error: 0.0622
3008/3040 [============================>.] - ETA: 0s - loss: 1.3471 - mean_squared_error: 0.0312 - mean_absolute_error: 0.0617
3040/3040 [==============================] - 34s 11ms/step - loss: 1.3338 - mean_squared_error: 0.0312 - mean_absolute_error: 0.0615
Epoch 1/1

  64/3040 [..............................] - ETA: 23s - loss: 0.0751 - mean_squared_error: 0.0291 - mean_absolute_error: 0.0415
 128/3040 [>.............................] - ETA: 24s - loss: 0.0748 - mean_squared_error: 0.0291 - mean_absolute_error: 0.0414
 192/3040 [>.............................] - ETA: 25s - loss: 0.0737 - mean_squared_error: 0.0291 - mean_absolute_error: 0.0413
 256/3040 [=>............................] - ETA: 24s - loss: 0.0719 - mean_squared_error: 0.0291 - mean_absolute_error: 0.0412
 320/3040 [==>...........................] - ETA: 23s - loss: 0.0702 - mean_squared_error: 0.0291 - mean_absolute_error: 0.0411
 384/3040 [==>...........................] - ETA: 22s - loss: 0.0688 - mean_squared_error: 0.0291 - mean_absolute_error: 0.0410
 448/3040 [===>..........................] - ETA: 21s - loss: 0.0676 - mean_squared_error: 0.0291 - mean_absolute_error: 0.0409
 512/3040 [====>.........................] - ETA: 21s - loss: 0.0664 - mean_squared_error: 0.0290 - mean_absolute_error: 0.0408
 576/3040 [====>.........................] - ETA: 20s - loss: 0.0652 - mean_squared_error: 0.0290 - mean_absolute_error: 0.0407
 640/3040 [=====>........................] - ETA: 20s - loss: 0.0640 - mean_squared_error: 0.0290 - mean_absolute_error: 0.0406
 704/3040 [=====>........................] - ETA: 20s - loss: 0.0629 - mean_squared_error: 0.0290 - mean_absolute_error: 0.0405
 768/3040 [======>.......................] - ETA: 19s - loss: 0.0619 - mean_squared_error: 0.0290 - mean_absolute_error: 0.0404
 832/3040 [=======>......................] - ETA: 18s - loss: 0.0609 - mean_squared_error: 0.0290 - mean_absolute_error: 0.0403
 896/3040 [=======>......................] - ETA: 18s - loss: 0.0599 - mean_squared_error: 0.0290 - mean_absolute_error: 0.0402
 960/3040 [========>.....................] - ETA: 17s - loss: 0.0591 - mean_squared_error: 0.0289 - mean_absolute_error: 0.0401
1024/3040 [=========>....................] - ETA: 17s - loss: 0.0582 - mean_squared_error: 0.0289 - mean_absolute_error: 0.0401
1088/3040 [=========>....................] - ETA: 16s - loss: 0.0574 - mean_squared_error: 0.0289 - mean_absolute_error: 0.0400
1152/3040 [==========>...................] - ETA: 16s - loss: 0.0566 - mean_squared_error: 0.0289 - mean_absolute_error: 0.0399
1216/3040 [===========>..................] - ETA: 15s - loss: 0.0559 - mean_squared_error: 0.0289 - mean_absolute_error: 0.0399
1280/3040 [===========>..................] - ETA: 15s - loss: 0.0552 - mean_squared_error: 0.0288 - mean_absolute_error: 0.0398
1344/3040 [============>.................] - ETA: 14s - loss: 0.0545 - mean_squared_error: 0.0288 - mean_absolute_error: 0.0397
1408/3040 [============>.................] - ETA: 14s - loss: 0.0538 - mean_squared_error: 0.0288 - mean_absolute_error: 0.0397
1472/3040 [=============>................] - ETA: 13s - loss: 0.0532 - mean_squared_error: 0.0287 - mean_absolute_error: 0.0396
1536/3040 [==============>...............] - ETA: 13s - loss: 0.0525 - mean_squared_error: 0.0287 - mean_absolute_error: 0.0396
1600/3040 [==============>...............] - ETA: 12s - loss: 0.0519 - mean_squared_error: 0.0287 - mean_absolute_error: 0.0395
1664/3040 [===============>..............] - ETA: 12s - loss: 0.0513 - mean_squared_error: 0.0286 - mean_absolute_error: 0.0394
1728/3040 [================>.............] - ETA: 11s - loss: 0.0507 - mean_squared_error: 0.0286 - mean_absolute_error: 0.0394
1792/3040 [================>.............] - ETA: 10s - loss: 0.0502 - mean_squared_error: 0.0286 - mean_absolute_error: 0.0393
1856/3040 [=================>............] - ETA: 10s - loss: 0.0496 - mean_squared_error: 0.0285 - mean_absolute_error: 0.0393
1920/3040 [=================>............] - ETA: 10s - loss: 0.0491 - mean_squared_error: 0.0285 - mean_absolute_error: 0.0392
1984/3040 [==================>...........] - ETA: 9s - loss: 0.0486 - mean_squared_error: 0.0284 - mean_absolute_error: 0.0392 
2048/3040 [===================>..........] - ETA: 8s - loss: 0.0481 - mean_squared_error: 0.0284 - mean_absolute_error: 0.0391
2112/3040 [===================>..........] - ETA: 8s - loss: 0.0476 - mean_squared_error: 0.0283 - mean_absolute_error: 0.0391
2176/3040 [====================>.........] - ETA: 7s - loss: 0.0471 - mean_squared_error: 0.0283 - mean_absolute_error: 0.0390
2240/3040 [=====================>........] - ETA: 7s - loss: 0.0467 - mean_squared_error: 0.0283 - mean_absolute_error: 0.0390
2304/3040 [=====================>........] - ETA: 6s - loss: 0.0462 - mean_squared_error: 0.0282 - mean_absolute_error: 0.0390
2368/3040 [======================>.......] - ETA: 5s - loss: 0.0458 - mean_squared_error: 0.0282 - mean_absolute_error: 0.0389
2432/3040 [=======================>......] - ETA: 5s - loss: 0.0454 - mean_squared_error: 0.0281 - mean_absolute_error: 0.0389
2496/3040 [=======================>......] - ETA: 4s - loss: 0.0450 - mean_squared_error: 0.0281 - mean_absolute_error: 0.0388
2560/3040 [========================>.....] - ETA: 4s - loss: 0.0446 - mean_squared_error: 0.0280 - mean_absolute_error: 0.0388
2624/3040 [========================>.....] - ETA: 3s - loss: 0.0442 - mean_squared_error: 0.0279 - mean_absolute_error: 0.0387
2688/3040 [=========================>....] - ETA: 3s - loss: 0.0439 - mean_squared_error: 0.0279 - mean_absolute_error: 0.0387
2752/3040 [==========================>...] - ETA: 2s - loss: 0.0435 - mean_squared_error: 0.0278 - mean_absolute_error: 0.0387
2816/3040 [==========================>...] - ETA: 1s - loss: 0.0432 - mean_squared_error: 0.0277 - mean_absolute_error: 0.0386
2880/3040 [===========================>..] - ETA: 1s - loss: 0.0428 - mean_squared_error: 0.0277 - mean_absolute_error: 0.0386
2944/3040 [============================>.] - ETA: 0s - loss: 0.0425 - mean_squared_error: 0.0276 - mean_absolute_error: 0.0385
3008/3040 [============================>.] - ETA: 0s - loss: 0.0422 - mean_squared_error: 0.0276 - mean_absolute_error: 0.0385
3040/3040 [==============================] - 26s 9ms/step - loss: 0.0421 - mean_squared_error: 0.0275 - mean_absolute_error: 0.0385
Epoch 1/1

  64/3040 [..............................] - ETA: 24s - loss: 0.0272 - mean_squared_error: 0.0237 - mean_absolute_error: 0.0358
 128/3040 [>.............................] - ETA: 23s - loss: 0.0274 - mean_squared_error: 0.0239 - mean_absolute_error: 0.0362
 192/3040 [>.............................] - ETA: 28s - loss: 0.0274 - mean_squared_error: 0.0239 - mean_absolute_error: 0.0362
 256/3040 [=>............................] - ETA: 26s - loss: 0.0273 - mean_squared_error: 0.0239 - mean_absolute_error: 0.0362
 320/3040 [==>...........................] - ETA: 25s - loss: 0.0273 - mean_squared_error: 0.0238 - mean_absolute_error: 0.0362
 384/3040 [==>...........................] - ETA: 24s - loss: 0.0273 - mean_squared_error: 0.0237 - mean_absolute_error: 0.0362
 448/3040 [===>..........................] - ETA: 23s - loss: 0.0271 - mean_squared_error: 0.0235 - mean_absolute_error: 0.0360
 512/3040 [====>.........................] - ETA: 24s - loss: 0.0270 - mean_squared_error: 0.0235 - mean_absolute_error: 0.0360
 576/3040 [====>.........................] - ETA: 23s - loss: 0.0270 - mean_squared_error: 0.0234 - mean_absolute_error: 0.0360
 640/3040 [=====>........................] - ETA: 22s - loss: 0.0269 - mean_squared_error: 0.0233 - mean_absolute_error: 0.0360
 704/3040 [=====>........................] - ETA: 21s - loss: 0.0268 - mean_squared_error: 0.0232 - mean_absolute_error: 0.0360
 768/3040 [======>.......................] - ETA: 20s - loss: 0.0267 - mean_squared_error: 0.0231 - mean_absolute_error: 0.0359
 832/3040 [=======>......................] - ETA: 19s - loss: 0.0267 - mean_squared_error: 0.0230 - mean_absolute_error: 0.0358
 896/3040 [=======>......................] - ETA: 19s - loss: 0.0266 - mean_squared_error: 0.0229 - mean_absolute_error: 0.0358
 960/3040 [========>.....................] - ETA: 18s - loss: 0.0266 - mean_squared_error: 0.0228 - mean_absolute_error: 0.0358
1024/3040 [=========>....................] - ETA: 17s - loss: 0.0265 - mean_squared_error: 0.0227 - mean_absolute_error: 0.0358
1088/3040 [=========>....................] - ETA: 17s - loss: 0.0264 - mean_squared_error: 0.0226 - mean_absolute_error: 0.0357
1152/3040 [==========>...................] - ETA: 16s - loss: 0.0264 - mean_squared_error: 0.0225 - mean_absolute_error: 0.0357
1216/3040 [===========>..................] - ETA: 15s - loss: 0.0263 - mean_squared_error: 0.0224 - mean_absolute_error: 0.0357
1280/3040 [===========>..................] - ETA: 15s - loss: 0.0262 - mean_squared_error: 0.0224 - mean_absolute_error: 0.0357
1344/3040 [============>.................] - ETA: 14s - loss: 0.0262 - mean_squared_error: 0.0223 - mean_absolute_error: 0.0356
1408/3040 [============>.................] - ETA: 14s - loss: 0.0261 - mean_squared_error: 0.0222 - mean_absolute_error: 0.0356
1472/3040 [=============>................] - ETA: 13s - loss: 0.0261 - mean_squared_error: 0.0221 - mean_absolute_error: 0.0356
1536/3040 [==============>...............] - ETA: 13s - loss: 0.0260 - mean_squared_error: 0.0220 - mean_absolute_error: 0.0355
1600/3040 [==============>...............] - ETA: 12s - loss: 0.0259 - mean_squared_error: 0.0219 - mean_absolute_error: 0.0355
1664/3040 [===============>..............] - ETA: 11s - loss: 0.0259 - mean_squared_error: 0.0218 - mean_absolute_error: 0.0355
1728/3040 [================>.............] - ETA: 11s - loss: 0.0258 - mean_squared_error: 0.0217 - mean_absolute_error: 0.0354
1792/3040 [================>.............] - ETA: 10s - loss: 0.0258 - mean_squared_error: 0.0216 - mean_absolute_error: 0.0354
1856/3040 [=================>............] - ETA: 10s - loss: 0.0257 - mean_squared_error: 0.0216 - mean_absolute_error: 0.0354
1920/3040 [=================>............] - ETA: 9s - loss: 0.0257 - mean_squared_error: 0.0215 - mean_absolute_error: 0.0354 
1984/3040 [==================>...........] - ETA: 9s - loss: 0.0256 - mean_squared_error: 0.0214 - mean_absolute_error: 0.0353
2048/3040 [===================>..........] - ETA: 8s - loss: 0.0256 - mean_squared_error: 0.0213 - mean_absolute_error: 0.0353
2112/3040 [===================>..........] - ETA: 7s - loss: 0.0255 - mean_squared_error: 0.0212 - mean_absolute_error: 0.0353
2176/3040 [====================>.........] - ETA: 7s - loss: 0.0255 - mean_squared_error: 0.0211 - mean_absolute_error: 0.0353
2240/3040 [=====================>........] - ETA: 6s - loss: 0.0254 - mean_squared_error: 0.0211 - mean_absolute_error: 0.0353
2304/3040 [=====================>........] - ETA: 6s - loss: 0.0254 - mean_squared_error: 0.0210 - mean_absolute_error: 0.0352
2368/3040 [======================>.......] - ETA: 5s - loss: 0.0253 - mean_squared_error: 0.0209 - mean_absolute_error: 0.0352
2432/3040 [=======================>......] - ETA: 5s - loss: 0.0253 - mean_squared_error: 0.0208 - mean_absolute_error: 0.0352
2496/3040 [=======================>......] - ETA: 4s - loss: 0.0252 - mean_squared_error: 0.0208 - mean_absolute_error: 0.0352
2560/3040 [========================>.....] - ETA: 4s - loss: 0.0252 - mean_squared_error: 0.0207 - mean_absolute_error: 0.0351
2624/3040 [========================>.....] - ETA: 3s - loss: 0.0251 - mean_squared_error: 0.0206 - mean_absolute_error: 0.0351
2688/3040 [=========================>....] - ETA: 3s - loss: 0.0251 - mean_squared_error: 0.0205 - mean_absolute_error: 0.0351
2752/3040 [==========================>...] - ETA: 2s - loss: 0.0251 - mean_squared_error: 0.0205 - mean_absolute_error: 0.0351
2816/3040 [==========================>...] - ETA: 1s - loss: 0.0250 - mean_squared_error: 0.0204 - mean_absolute_error: 0.0351
2880/3040 [===========================>..] - ETA: 1s - loss: 0.0250 - mean_squared_error: 0.0203 - mean_absolute_error: 0.0351
2944/3040 [============================>.] - ETA: 0s - loss: 0.0249 - mean_squared_error: 0.0203 - mean_absolute_error: 0.0351
3008/3040 [============================>.] - ETA: 0s - loss: 0.0249 - mean_squared_error: 0.0202 - mean_absolute_error: 0.0350
3040/3040 [==============================] - 26s 9ms/step - loss: 0.0249 - mean_squared_error: 0.0201 - mean_absolute_error: 0.0350
Epoch 1/1

  64/3040 [..............................] - ETA: 27s - loss: 0.0232 - mean_squared_error: 0.0169 - mean_absolute_error: 0.0346
 128/3040 [>.............................] - ETA: 25s - loss: 0.0232 - mean_squared_error: 0.0169 - mean_absolute_error: 0.0346
 192/3040 [>.............................] - ETA: 24s - loss: 0.0230 - mean_squared_error: 0.0167 - mean_absolute_error: 0.0343
 256/3040 [=>............................] - ETA: 27s - loss: 0.0230 - mean_squared_error: 0.0168 - mean_absolute_error: 0.0345
 320/3040 [==>...........................] - ETA: 26s - loss: 0.0230 - mean_squared_error: 0.0168 - mean_absolute_error: 0.0345
 384/3040 [==>...........................] - ETA: 25s - loss: 0.0230 - mean_squared_error: 0.0167 - mean_absolute_error: 0.0345
 448/3040 [===>..........................] - ETA: 24s - loss: 0.0230 - mean_squared_error: 0.0167 - mean_absolute_error: 0.0345
 512/3040 [====>.........................] - ETA: 23s - loss: 0.0230 - mean_squared_error: 0.0166 - mean_absolute_error: 0.0345
 576/3040 [====>.........................] - ETA: 22s - loss: 0.0230 - mean_squared_error: 0.0166 - mean_absolute_error: 0.0345
 640/3040 [=====>........................] - ETA: 22s - loss: 0.0229 - mean_squared_error: 0.0166 - mean_absolute_error: 0.0346
 704/3040 [=====>........................] - ETA: 21s - loss: 0.0229 - mean_squared_error: 0.0166 - mean_absolute_error: 0.0346
 768/3040 [======>.......................] - ETA: 20s - loss: 0.0229 - mean_squared_error: 0.0165 - mean_absolute_error: 0.0346
 832/3040 [=======>......................] - ETA: 19s - loss: 0.0229 - mean_squared_error: 0.0165 - mean_absolute_error: 0.0346
 896/3040 [=======>......................] - ETA: 18s - loss: 0.0229 - mean_squared_error: 0.0165 - mean_absolute_error: 0.0346
 960/3040 [========>.....................] - ETA: 18s - loss: 0.0229 - mean_squared_error: 0.0165 - mean_absolute_error: 0.0346
1024/3040 [=========>....................] - ETA: 17s - loss: 0.0229 - mean_squared_error: 0.0164 - mean_absolute_error: 0.0346
1088/3040 [=========>....................] - ETA: 17s - loss: 0.0228 - mean_squared_error: 0.0164 - mean_absolute_error: 0.0347
1152/3040 [==========>...................] - ETA: 17s - loss: 0.0228 - mean_squared_error: 0.0164 - mean_absolute_error: 0.0347
1216/3040 [===========>..................] - ETA: 16s - loss: 0.0228 - mean_squared_error: 0.0164 - mean_absolute_error: 0.0347
1280/3040 [===========>..................] - ETA: 15s - loss: 0.0228 - mean_squared_error: 0.0163 - mean_absolute_error: 0.0347
1344/3040 [============>.................] - ETA: 15s - loss: 0.0228 - mean_squared_error: 0.0163 - mean_absolute_error: 0.0347
1408/3040 [============>.................] - ETA: 14s - loss: 0.0228 - mean_squared_error: 0.0162 - mean_absolute_error: 0.0348
1472/3040 [=============>................] - ETA: 13s - loss: 0.0227 - mean_squared_error: 0.0162 - mean_absolute_error: 0.0348
1536/3040 [==============>...............] - ETA: 13s - loss: 0.0227 - mean_squared_error: 0.0162 - mean_absolute_error: 0.0348
1600/3040 [==============>...............] - ETA: 12s - loss: 0.0227 - mean_squared_error: 0.0161 - mean_absolute_error: 0.0348
1664/3040 [===============>..............] - ETA: 12s - loss: 0.0226 - mean_squared_error: 0.0161 - mean_absolute_error: 0.0348
1728/3040 [================>.............] - ETA: 11s - loss: 0.0226 - mean_squared_error: 0.0161 - mean_absolute_error: 0.0348
1792/3040 [================>.............] - ETA: 10s - loss: 0.0226 - mean_squared_error: 0.0160 - mean_absolute_error: 0.0349
1856/3040 [=================>............] - ETA: 10s - loss: 0.0226 - mean_squared_error: 0.0160 - mean_absolute_error: 0.0349
1920/3040 [=================>............] - ETA: 9s - loss: 0.0226 - mean_squared_error: 0.0160 - mean_absolute_error: 0.0349 
1984/3040 [==================>...........] - ETA: 9s - loss: 0.0225 - mean_squared_error: 0.0160 - mean_absolute_error: 0.0350
2048/3040 [===================>..........] - ETA: 8s - loss: 0.0225 - mean_squared_error: 0.0159 - mean_absolute_error: 0.0350
2112/3040 [===================>..........] - ETA: 8s - loss: 0.0225 - mean_squared_error: 0.0159 - mean_absolute_error: 0.0350
2176/3040 [====================>.........] - ETA: 7s - loss: 0.0225 - mean_squared_error: 0.0159 - mean_absolute_error: 0.0351
2240/3040 [=====================>........] - ETA: 6s - loss: 0.0225 - mean_squared_error: 0.0159 - mean_absolute_error: 0.0351
2304/3040 [=====================>........] - ETA: 6s - loss: 0.0225 - mean_squared_error: 0.0158 - mean_absolute_error: 0.0351
2368/3040 [======================>.......] - ETA: 5s - loss: 0.0225 - mean_squared_error: 0.0158 - mean_absolute_error: 0.0352
2432/3040 [=======================>......] - ETA: 5s - loss: 0.0224 - mean_squared_error: 0.0158 - mean_absolute_error: 0.0353
2496/3040 [=======================>......] - ETA: 4s - loss: 0.0224 - mean_squared_error: 0.0158 - mean_absolute_error: 0.0353
2560/3040 [========================>.....] - ETA: 4s - loss: 0.0224 - mean_squared_error: 0.0158 - mean_absolute_error: 0.0353
2624/3040 [========================>.....] - ETA: 3s - loss: 0.0224 - mean_squared_error: 0.0157 - mean_absolute_error: 0.0354
2688/3040 [=========================>....] - ETA: 3s - loss: 0.0224 - mean_squared_error: 0.0157 - mean_absolute_error: 0.0354
2752/3040 [==========================>...] - ETA: 2s - loss: 0.0224 - mean_squared_error: 0.0157 - mean_absolute_error: 0.0355
2816/3040 [==========================>...] - ETA: 1s - loss: 0.0224 - mean_squared_error: 0.0157 - mean_absolute_error: 0.0356
2880/3040 [===========================>..] - ETA: 1s - loss: 0.0224 - mean_squared_error: 0.0157 - mean_absolute_error: 0.0356
2944/3040 [============================>.] - ETA: 0s - loss: 0.0224 - mean_squared_error: 0.0156 - mean_absolute_error: 0.0357
3008/3040 [============================>.] - ETA: 0s - loss: 0.0224 - mean_squared_error: 0.0156 - mean_absolute_error: 0.0357
3040/3040 [==============================] - 26s 9ms/step - loss: 0.0224 - mean_squared_error: 0.0156 - mean_absolute_error: 0.0358
Epoch 1/1

  64/3040 [..............................] - ETA: 23s - loss: 0.0233 - mean_squared_error: 0.0148 - mean_absolute_error: 0.0401
 128/3040 [>.............................] - ETA: 23s - loss: 0.0231 - mean_squared_error: 0.0148 - mean_absolute_error: 0.0399
 192/3040 [>.............................] - ETA: 23s - loss: 0.0229 - mean_squared_error: 0.0151 - mean_absolute_error: 0.0397
 256/3040 [=>............................] - ETA: 22s - loss: 0.0230 - mean_squared_error: 0.0151 - mean_absolute_error: 0.0394
 320/3040 [==>...........................] - ETA: 22s - loss: 0.0229 - mean_squared_error: 0.0149 - mean_absolute_error: 0.0393
 384/3040 [==>...........................] - ETA: 21s - loss: 0.0228 - mean_squared_error: 0.0149 - mean_absolute_error: 0.0396
 448/3040 [===>..........................] - ETA: 21s - loss: 0.0229 - mean_squared_error: 0.0150 - mean_absolute_error: 0.0400
 512/3040 [====>.........................] - ETA: 20s - loss: 0.0229 - mean_squared_error: 0.0150 - mean_absolute_error: 0.0404
 576/3040 [====>.........................] - ETA: 20s - loss: 0.0228 - mean_squared_error: 0.0150 - mean_absolute_error: 0.0407
 640/3040 [=====>........................] - ETA: 19s - loss: 0.0228 - mean_squared_error: 0.0149 - mean_absolute_error: 0.0407
 704/3040 [=====>........................] - ETA: 19s - loss: 0.0228 - mean_squared_error: 0.0149 - mean_absolute_error: 0.0408
 768/3040 [======>.......................] - ETA: 18s - loss: 0.0228 - mean_squared_error: 0.0149 - mean_absolute_error: 0.0410
 832/3040 [=======>......................] - ETA: 18s - loss: 0.0228 - mean_squared_error: 0.0149 - mean_absolute_error: 0.0414
 896/3040 [=======>......................] - ETA: 17s - loss: 0.0228 - mean_squared_error: 0.0149 - mean_absolute_error: 0.0417
 960/3040 [========>.....................] - ETA: 17s - loss: 0.0228 - mean_squared_error: 0.0149 - mean_absolute_error: 0.0418
1024/3040 [=========>....................] - ETA: 17s - loss: 0.0228 - mean_squared_error: 0.0149 - mean_absolute_error: 0.0420
1088/3040 [=========>....................] - ETA: 16s - loss: 0.0229 - mean_squared_error: 0.0150 - mean_absolute_error: 0.0421
1152/3040 [==========>...................] - ETA: 16s - loss: 0.0229 - mean_squared_error: 0.0150 - mean_absolute_error: 0.0424
1216/3040 [===========>..................] - ETA: 15s - loss: 0.0229 - mean_squared_error: 0.0150 - mean_absolute_error: 0.0428
1280/3040 [===========>..................] - ETA: 14s - loss: 0.0230 - mean_squared_error: 0.0150 - mean_absolute_error: 0.0431
1344/3040 [============>.................] - ETA: 14s - loss: 0.0230 - mean_squared_error: 0.0150 - mean_absolute_error: 0.0435
1408/3040 [============>.................] - ETA: 14s - loss: 0.0230 - mean_squared_error: 0.0150 - mean_absolute_error: 0.0437
1472/3040 [=============>................] - ETA: 13s - loss: 0.0230 - mean_squared_error: 0.0150 - mean_absolute_error: 0.0439
1536/3040 [==============>...............] - ETA: 13s - loss: 0.0231 - mean_squared_error: 0.0150 - mean_absolute_error: 0.0441
1600/3040 [==============>...............] - ETA: 12s - loss: 0.0231 - mean_squared_error: 0.0151 - mean_absolute_error: 0.0443
1664/3040 [===============>..............] - ETA: 11s - loss: 0.0232 - mean_squared_error: 0.0151 - mean_absolute_error: 0.0445
1728/3040 [================>.............] - ETA: 11s - loss: 0.0232 - mean_squared_error: 0.0151 - mean_absolute_error: 0.0449
1792/3040 [================>.............] - ETA: 10s - loss: 0.0233 - mean_squared_error: 0.0151 - mean_absolute_error: 0.0455
1856/3040 [=================>............] - ETA: 10s - loss: 0.0233 - mean_squared_error: 0.0151 - mean_absolute_error: 0.0460
1920/3040 [=================>............] - ETA: 9s - loss: 0.0234 - mean_squared_error: 0.0152 - mean_absolute_error: 0.0466 
1984/3040 [==================>...........] - ETA: 9s - loss: 0.0235 - mean_squared_error: 0.0152 - mean_absolute_error: 0.0472
2048/3040 [===================>..........] - ETA: 8s - loss: 0.0236 - mean_squared_error: 0.0153 - mean_absolute_error: 0.0478
2112/3040 [===================>..........] - ETA: 8s - loss: 0.0237 - mean_squared_error: 0.0153 - mean_absolute_error: 0.0484
2176/3040 [====================>.........] - ETA: 7s - loss: 0.0237 - mean_squared_error: 0.0153 - mean_absolute_error: 0.0489
2240/3040 [=====================>........] - ETA: 6s - loss: 0.0238 - mean_squared_error: 0.0154 - mean_absolute_error: 0.0494
2304/3040 [=====================>........] - ETA: 6s - loss: 0.0239 - mean_squared_error: 0.0154 - mean_absolute_error: 0.0499
2368/3040 [======================>.......] - ETA: 5s - loss: 0.0240 - mean_squared_error: 0.0155 - mean_absolute_error: 0.0505
2432/3040 [=======================>......] - ETA: 5s - loss: 0.0241 - mean_squared_error: 0.0155 - mean_absolute_error: 0.0510
2496/3040 [=======================>......] - ETA: 4s - loss: 0.0242 - mean_squared_error: 0.0156 - mean_absolute_error: 0.0517
2560/3040 [========================>.....] - ETA: 4s - loss: 0.0243 - mean_squared_error: 0.0156 - mean_absolute_error: 0.0525
2624/3040 [========================>.....] - ETA: 3s - loss: 0.0245 - mean_squared_error: 0.0157 - mean_absolute_error: 0.0535
2688/3040 [=========================>....] - ETA: 3s - loss: 0.0247 - mean_squared_error: 0.0158 - mean_absolute_error: 0.0546
2752/3040 [==========================>...] - ETA: 2s - loss: 0.0249 - mean_squared_error: 0.0159 - mean_absolute_error: 0.0555
2816/3040 [==========================>...] - ETA: 1s - loss: 0.0251 - mean_squared_error: 0.0160 - mean_absolute_error: 0.0564
2880/3040 [===========================>..] - ETA: 1s - loss: 0.0253 - mean_squared_error: 0.0161 - mean_absolute_error: 0.0572
2944/3040 [============================>.] - ETA: 0s - loss: 0.0254 - mean_squared_error: 0.0162 - mean_absolute_error: 0.0579
3008/3040 [============================>.] - ETA: 0s - loss: 0.0255 - mean_squared_error: 0.0162 - mean_absolute_error: 0.0586
3040/3040 [==============================] - 26s 9ms/step - loss: 0.0256 - mean_squared_error: 0.0163 - mean_absolute_error: 0.0590
Epoch 1/1

  64/3040 [..............................] - ETA: 24s - loss: 0.0335 - mean_squared_error: 0.0197 - mean_absolute_error: 0.0920
 128/3040 [>.............................] - ETA: 23s - loss: 0.0333 - mean_squared_error: 0.0195 - mean_absolute_error: 0.0928
 192/3040 [>.............................] - ETA: 22s - loss: 0.0335 - mean_squared_error: 0.0201 - mean_absolute_error: 0.0951
 256/3040 [=>............................] - ETA: 22s - loss: 0.0340 - mean_squared_error: 0.0204 - mean_absolute_error: 0.0968
 320/3040 [==>...........................] - ETA: 21s - loss: 0.0341 - mean_squared_error: 0.0203 - mean_absolute_error: 0.0971
 384/3040 [==>...........................] - ETA: 21s - loss: 0.0340 - mean_squared_error: 0.0203 - mean_absolute_error: 0.0967
 448/3040 [===>..........................] - ETA: 20s - loss: 0.0335 - mean_squared_error: 0.0200 - mean_absolute_error: 0.0949
 512/3040 [====>.........................] - ETA: 20s - loss: 0.0330 - mean_squared_error: 0.0197 - mean_absolute_error: 0.0921
 576/3040 [====>.........................] - ETA: 21s - loss: 0.0323 - mean_squared_error: 0.0192 - mean_absolute_error: 0.0889
 640/3040 [=====>........................] - ETA: 21s - loss: 0.0317 - mean_squared_error: 0.0189 - mean_absolute_error: 0.0859
 704/3040 [=====>........................] - ETA: 20s - loss: 0.0313 - mean_squared_error: 0.0187 - mean_absolute_error: 0.0832
 768/3040 [======>.......................] - ETA: 19s - loss: 0.0308 - mean_squared_error: 0.0184 - mean_absolute_error: 0.0812
 832/3040 [=======>......................] - ETA: 18s - loss: 0.0306 - mean_squared_error: 0.0183 - mean_absolute_error: 0.0802
 896/3040 [=======>......................] - ETA: 19s - loss: 0.0304 - mean_squared_error: 0.0182 - mean_absolute_error: 0.0798
 960/3040 [========>.....................] - ETA: 19s - loss: 0.0304 - mean_squared_error: 0.0182 - mean_absolute_error: 0.0800
1024/3040 [=========>....................] - ETA: 18s - loss: 0.0304 - mean_squared_error: 0.0183 - mean_absolute_error: 0.0804
1088/3040 [=========>....................] - ETA: 17s - loss: 0.0304 - mean_squared_error: 0.0183 - mean_absolute_error: 0.0807
1152/3040 [==========>...................] - ETA: 17s - loss: 0.0304 - mean_squared_error: 0.0183 - mean_absolute_error: 0.0808
1216/3040 [===========>..................] - ETA: 16s - loss: 0.0303 - mean_squared_error: 0.0182 - mean_absolute_error: 0.0805
1280/3040 [===========>..................] - ETA: 16s - loss: 0.0302 - mean_squared_error: 0.0181 - mean_absolute_error: 0.0799
1344/3040 [============>.................] - ETA: 15s - loss: 0.0300 - mean_squared_error: 0.0180 - mean_absolute_error: 0.0790
1408/3040 [============>.................] - ETA: 14s - loss: 0.0298 - mean_squared_error: 0.0179 - mean_absolute_error: 0.0780
1472/3040 [=============>................] - ETA: 14s - loss: 0.0296 - mean_squared_error: 0.0178 - mean_absolute_error: 0.0771
1536/3040 [==============>...............] - ETA: 13s - loss: 0.0294 - mean_squared_error: 0.0178 - mean_absolute_error: 0.0764
1600/3040 [==============>...............] - ETA: 12s - loss: 0.0294 - mean_squared_error: 0.0177 - mean_absolute_error: 0.0762
1664/3040 [===============>..............] - ETA: 12s - loss: 0.0293 - mean_squared_error: 0.0177 - mean_absolute_error: 0.0764
1728/3040 [================>.............] - ETA: 11s - loss: 0.0294 - mean_squared_error: 0.0178 - mean_absolute_error: 0.0769
1792/3040 [================>.............] - ETA: 11s - loss: 0.0295 - mean_squared_error: 0.0178 - mean_absolute_error: 0.0775
1856/3040 [=================>............] - ETA: 10s - loss: 0.0296 - mean_squared_error: 0.0179 - mean_absolute_error: 0.0781
1920/3040 [=================>............] - ETA: 10s - loss: 0.0296 - mean_squared_error: 0.0179 - mean_absolute_error: 0.0785
1984/3040 [==================>...........] - ETA: 9s - loss: 0.0297 - mean_squared_error: 0.0180 - mean_absolute_error: 0.0789 
2048/3040 [===================>..........] - ETA: 9s - loss: 0.0297 - mean_squared_error: 0.0180 - mean_absolute_error: 0.0790
2112/3040 [===================>..........] - ETA: 8s - loss: 0.0297 - mean_squared_error: 0.0180 - mean_absolute_error: 0.0789
2176/3040 [====================>.........] - ETA: 7s - loss: 0.0296 - mean_squared_error: 0.0179 - mean_absolute_error: 0.0788
2240/3040 [=====================>........] - ETA: 7s - loss: 0.0296 - mean_squared_error: 0.0179 - mean_absolute_error: 0.0785
2304/3040 [=====================>........] - ETA: 6s - loss: 0.0295 - mean_squared_error: 0.0179 - mean_absolute_error: 0.0782
2368/3040 [======================>.......] - ETA: 6s - loss: 0.0294 - mean_squared_error: 0.0178 - mean_absolute_error: 0.0779
2432/3040 [=======================>......] - ETA: 5s - loss: 0.0294 - mean_squared_error: 0.0178 - mean_absolute_error: 0.0778
2496/3040 [=======================>......] - ETA: 5s - loss: 0.0294 - mean_squared_error: 0.0178 - mean_absolute_error: 0.0778
2560/3040 [========================>.....] - ETA: 4s - loss: 0.0294 - mean_squared_error: 0.0178 - mean_absolute_error: 0.0779
2624/3040 [========================>.....] - ETA: 3s - loss: 0.0294 - mean_squared_error: 0.0178 - mean_absolute_error: 0.0781
2688/3040 [=========================>....] - ETA: 3s - loss: 0.0294 - mean_squared_error: 0.0178 - mean_absolute_error: 0.0783
2752/3040 [==========================>...] - ETA: 2s - loss: 0.0294 - mean_squared_error: 0.0178 - mean_absolute_error: 0.0785
2816/3040 [==========================>...] - ETA: 2s - loss: 0.0294 - mean_squared_error: 0.0178 - mean_absolute_error: 0.0786
2880/3040 [===========================>..] - ETA: 1s - loss: 0.0294 - mean_squared_error: 0.0178 - mean_absolute_error: 0.0786
2944/3040 [============================>.] - ETA: 0s - loss: 0.0294 - mean_squared_error: 0.0179 - mean_absolute_error: 0.0787
3008/3040 [============================>.] - ETA: 0s - loss: 0.0294 - mean_squared_error: 0.0179 - mean_absolute_error: 0.0789
3040/3040 [==============================] - 27s 9ms/step - loss: 0.0294 - mean_squared_error: 0.0179 - mean_absolute_error: 0.0790
Epoch 1/1

  64/3040 [..............................] - ETA: 23s - loss: 0.0332 - mean_squared_error: 0.0199 - mean_absolute_error: 0.0943
 128/3040 [>.............................] - ETA: 35s - loss: 0.0330 - mean_squared_error: 0.0199 - mean_absolute_error: 0.0943
 192/3040 [>.............................] - ETA: 35s - loss: 0.0325 - mean_squared_error: 0.0195 - mean_absolute_error: 0.0929
 256/3040 [=>............................] - ETA: 31s - loss: 0.0320 - mean_squared_error: 0.0192 - mean_absolute_error: 0.0906
 320/3040 [==>...........................] - ETA: 29s - loss: 0.0314 - mean_squared_error: 0.0189 - mean_absolute_error: 0.0879
 384/3040 [==>...........................] - ETA: 27s - loss: 0.0309 - mean_squared_error: 0.0186 - mean_absolute_error: 0.0851
 448/3040 [===>..........................] - ETA: 26s - loss: 0.0303 - mean_squared_error: 0.0183 - mean_absolute_error: 0.0827
 512/3040 [====>.........................] - ETA: 26s - loss: 0.0300 - mean_squared_error: 0.0181 - mean_absolute_error: 0.0810
 576/3040 [====>.........................] - ETA: 25s - loss: 0.0297 - mean_squared_error: 0.0180 - mean_absolute_error: 0.0800
 640/3040 [=====>........................] - ETA: 24s - loss: 0.0297 - mean_squared_error: 0.0179 - mean_absolute_error: 0.0799
 704/3040 [=====>........................] - ETA: 22s - loss: 0.0297 - mean_squared_error: 0.0180 - mean_absolute_error: 0.0804
 768/3040 [======>.......................] - ETA: 21s - loss: 0.0299 - mean_squared_error: 0.0181 - mean_absolute_error: 0.0813
 832/3040 [=======>......................] - ETA: 21s - loss: 0.0302 - mean_squared_error: 0.0182 - mean_absolute_error: 0.0826
 896/3040 [=======>......................] - ETA: 21s - loss: 0.0305 - mean_squared_error: 0.0185 - mean_absolute_error: 0.0842
 960/3040 [========>.....................] - ETA: 20s - loss: 0.0309 - mean_squared_error: 0.0187 - mean_absolute_error: 0.0856
1024/3040 [=========>....................] - ETA: 19s - loss: 0.0311 - mean_squared_error: 0.0188 - mean_absolute_error: 0.0867
1088/3040 [=========>....................] - ETA: 18s - loss: 0.0313 - mean_squared_error: 0.0189 - mean_absolute_error: 0.0874
1152/3040 [==========>...................] - ETA: 17s - loss: 0.0313 - mean_squared_error: 0.0189 - mean_absolute_error: 0.0874
1216/3040 [===========>..................] - ETA: 17s - loss: 0.0312 - mean_squared_error: 0.0188 - mean_absolute_error: 0.0868
1280/3040 [===========>..................] - ETA: 17s - loss: 0.0310 - mean_squared_error: 0.0187 - mean_absolute_error: 0.0857
1344/3040 [============>.................] - ETA: 16s - loss: 0.0307 - mean_squared_error: 0.0186 - mean_absolute_error: 0.0841
1408/3040 [============>.................] - ETA: 15s - loss: 0.0305 - mean_squared_error: 0.0184 - mean_absolute_error: 0.0825
1472/3040 [=============>................] - ETA: 14s - loss: 0.0302 - mean_squared_error: 0.0183 - mean_absolute_error: 0.0812
1536/3040 [==============>...............] - ETA: 14s - loss: 0.0301 - mean_squared_error: 0.0182 - mean_absolute_error: 0.0804
1600/3040 [==============>...............] - ETA: 13s - loss: 0.0300 - mean_squared_error: 0.0182 - mean_absolute_error: 0.0801
1664/3040 [===============>..............] - ETA: 13s - loss: 0.0300 - mean_squared_error: 0.0182 - mean_absolute_error: 0.0805
1728/3040 [================>.............] - ETA: 12s - loss: 0.0302 - mean_squared_error: 0.0183 - mean_absolute_error: 0.0815
1792/3040 [================>.............] - ETA: 12s - loss: 0.0306 - mean_squared_error: 0.0185 - mean_absolute_error: 0.0829
1856/3040 [=================>............] - ETA: 11s - loss: 0.0310 - mean_squared_error: 0.0188 - mean_absolute_error: 0.0843
1920/3040 [=================>............] - ETA: 10s - loss: 0.0313 - mean_squared_error: 0.0189 - mean_absolute_error: 0.0854
1984/3040 [==================>...........] - ETA: 10s - loss: 0.0314 - mean_squared_error: 0.0190 - mean_absolute_error: 0.0859
2048/3040 [===================>..........] - ETA: 9s - loss: 0.0314 - mean_squared_error: 0.0190 - mean_absolute_error: 0.0859 
2112/3040 [===================>..........] - ETA: 8s - loss: 0.0313 - mean_squared_error: 0.0189 - mean_absolute_error: 0.0852
2176/3040 [====================>.........] - ETA: 8s - loss: 0.0311 - mean_squared_error: 0.0188 - mean_absolute_error: 0.0841
2240/3040 [=====================>........] - ETA: 7s - loss: 0.0309 - mean_squared_error: 0.0187 - mean_absolute_error: 0.0828
2304/3040 [=====================>........] - ETA: 6s - loss: 0.0307 - mean_squared_error: 0.0186 - mean_absolute_error: 0.0816
2368/3040 [======================>.......] - ETA: 6s - loss: 0.0306 - mean_squared_error: 0.0185 - mean_absolute_error: 0.0808
2432/3040 [=======================>......] - ETA: 5s - loss: 0.0305 - mean_squared_error: 0.0185 - mean_absolute_error: 0.0804
2496/3040 [=======================>......] - ETA: 5s - loss: 0.0304 - mean_squared_error: 0.0184 - mean_absolute_error: 0.0802
2560/3040 [========================>.....] - ETA: 4s - loss: 0.0304 - mean_squared_error: 0.0184 - mean_absolute_error: 0.0803
2624/3040 [========================>.....] - ETA: 3s - loss: 0.0304 - mean_squared_error: 0.0184 - mean_absolute_error: 0.0804
2688/3040 [=========================>....] - ETA: 3s - loss: 0.0304 - mean_squared_error: 0.0184 - mean_absolute_error: 0.0805
2752/3040 [==========================>...] - ETA: 2s - loss: 0.0304 - mean_squared_error: 0.0184 - mean_absolute_error: 0.0804
2816/3040 [==========================>...] - ETA: 2s - loss: 0.0303 - mean_squared_error: 0.0184 - mean_absolute_error: 0.0803
2880/3040 [===========================>..] - ETA: 1s - loss: 0.0302 - mean_squared_error: 0.0183 - mean_absolute_error: 0.0799
2944/3040 [============================>.] - ETA: 0s - loss: 0.0301 - mean_squared_error: 0.0183 - mean_absolute_error: 0.0795
3008/3040 [============================>.] - ETA: 0s - loss: 0.0300 - mean_squared_error: 0.0182 - mean_absolute_error: 0.0791
3040/3040 [==============================] - 28s 9ms/step - loss: 0.0300 - mean_squared_error: 0.0182 - mean_absolute_error: 0.0789
Epoch 1/1

  64/3040 [..............................] - ETA: 23s - loss: 0.0270 - mean_squared_error: 0.0166 - mean_absolute_error: 0.0666
 128/3040 [>.............................] - ETA: 23s - loss: 0.0272 - mean_squared_error: 0.0167 - mean_absolute_error: 0.0696
 192/3040 [>.............................] - ETA: 22s - loss: 0.0276 - mean_squared_error: 0.0170 - mean_absolute_error: 0.0723
 256/3040 [=>............................] - ETA: 22s - loss: 0.0279 - mean_squared_error: 0.0172 - mean_absolute_error: 0.0742
 320/3040 [==>...........................] - ETA: 26s - loss: 0.0282 - mean_squared_error: 0.0174 - mean_absolute_error: 0.0759
 384/3040 [==>...........................] - ETA: 27s - loss: 0.0284 - mean_squared_error: 0.0175 - mean_absolute_error: 0.0772
 448/3040 [===>..........................] - ETA: 26s - loss: 0.0286 - mean_squared_error: 0.0176 - mean_absolute_error: 0.0785
 512/3040 [====>.........................] - ETA: 24s - loss: 0.0289 - mean_squared_error: 0.0178 - mean_absolute_error: 0.0799
 576/3040 [====>.........................] - ETA: 23s - loss: 0.0293 - mean_squared_error: 0.0180 - mean_absolute_error: 0.0815
 640/3040 [=====>........................] - ETA: 22s - loss: 0.0297 - mean_squared_error: 0.0182 - mean_absolute_error: 0.0832
 704/3040 [=====>........................] - ETA: 21s - loss: 0.0301 - mean_squared_error: 0.0184 - mean_absolute_error: 0.0846
 768/3040 [======>.......................] - ETA: 21s - loss: 0.0304 - mean_squared_error: 0.0185 - mean_absolute_error: 0.0858
 832/3040 [=======>......................] - ETA: 21s - loss: 0.0306 - mean_squared_error: 0.0186 - mean_absolute_error: 0.0866
 896/3040 [=======>......................] - ETA: 20s - loss: 0.0307 - mean_squared_error: 0.0187 - mean_absolute_error: 0.0871
 960/3040 [========>.....................] - ETA: 20s - loss: 0.0307 - mean_squared_error: 0.0187 - mean_absolute_error: 0.0871
1024/3040 [=========>....................] - ETA: 19s - loss: 0.0307 - mean_squared_error: 0.0187 - mean_absolute_error: 0.0869
1088/3040 [=========>....................] - ETA: 19s - loss: 0.0306 - mean_squared_error: 0.0186 - mean_absolute_error: 0.0864
1152/3040 [==========>...................] - ETA: 19s - loss: 0.0305 - mean_squared_error: 0.0186 - mean_absolute_error: 0.0858
1216/3040 [===========>..................] - ETA: 18s - loss: 0.0303 - mean_squared_error: 0.0185 - mean_absolute_error: 0.0852
1280/3040 [===========>..................] - ETA: 17s - loss: 0.0302 - mean_squared_error: 0.0184 - mean_absolute_error: 0.0845
1344/3040 [============>.................] - ETA: 16s - loss: 0.0301 - mean_squared_error: 0.0184 - mean_absolute_error: 0.0839
1408/3040 [============>.................] - ETA: 15s - loss: 0.0300 - mean_squared_error: 0.0183 - mean_absolute_error: 0.0836
1472/3040 [=============>................] - ETA: 15s - loss: 0.0300 - mean_squared_error: 0.0183 - mean_absolute_error: 0.0837
1536/3040 [==============>...............] - ETA: 15s - loss: 0.0301 - mean_squared_error: 0.0184 - mean_absolute_error: 0.0840
1600/3040 [==============>...............] - ETA: 14s - loss: 0.0302 - mean_squared_error: 0.0185 - mean_absolute_error: 0.0847
1664/3040 [===============>..............] - ETA: 13s - loss: 0.0305 - mean_squared_error: 0.0186 - mean_absolute_error: 0.0857
1728/3040 [================>.............] - ETA: 13s - loss: 0.0307 - mean_squared_error: 0.0187 - mean_absolute_error: 0.0866
1792/3040 [================>.............] - ETA: 12s - loss: 0.0309 - mean_squared_error: 0.0188 - mean_absolute_error: 0.0873
1856/3040 [=================>............] - ETA: 11s - loss: 0.0310 - mean_squared_error: 0.0189 - mean_absolute_error: 0.0877
1920/3040 [=================>............] - ETA: 10s - loss: 0.0310 - mean_squared_error: 0.0188 - mean_absolute_error: 0.0876
1984/3040 [==================>...........] - ETA: 10s - loss: 0.0309 - mean_squared_error: 0.0188 - mean_absolute_error: 0.0870
2048/3040 [===================>..........] - ETA: 9s - loss: 0.0307 - mean_squared_error: 0.0187 - mean_absolute_error: 0.0861 
2112/3040 [===================>..........] - ETA: 9s - loss: 0.0306 - mean_squared_error: 0.0186 - mean_absolute_error: 0.0849
2176/3040 [====================>.........] - ETA: 8s - loss: 0.0304 - mean_squared_error: 0.0185 - mean_absolute_error: 0.0838
2240/3040 [=====================>........] - ETA: 7s - loss: 0.0302 - mean_squared_error: 0.0184 - mean_absolute_error: 0.0828
2304/3040 [=====================>........] - ETA: 7s - loss: 0.0301 - mean_squared_error: 0.0183 - mean_absolute_error: 0.0822
2368/3040 [======================>.......] - ETA: 6s - loss: 0.0300 - mean_squared_error: 0.0183 - mean_absolute_error: 0.0819
2432/3040 [=======================>......] - ETA: 5s - loss: 0.0300 - mean_squared_error: 0.0183 - mean_absolute_error: 0.0818
2496/3040 [=======================>......] - ETA: 5s - loss: 0.0300 - mean_squared_error: 0.0183 - mean_absolute_error: 0.0819
2560/3040 [========================>.....] - ETA: 4s - loss: 0.0300 - mean_squared_error: 0.0183 - mean_absolute_error: 0.0822
2624/3040 [========================>.....] - ETA: 3s - loss: 0.0301 - mean_squared_error: 0.0184 - mean_absolute_error: 0.0824
2688/3040 [=========================>....] - ETA: 3s - loss: 0.0301 - mean_squared_error: 0.0184 - mean_absolute_error: 0.0825
2752/3040 [==========================>...] - ETA: 2s - loss: 0.0301 - mean_squared_error: 0.0184 - mean_absolute_error: 0.0826
2816/3040 [==========================>...] - ETA: 2s - loss: 0.0301 - mean_squared_error: 0.0184 - mean_absolute_error: 0.0825
2880/3040 [===========================>..] - ETA: 1s - loss: 0.0300 - mean_squared_error: 0.0183 - mean_absolute_error: 0.0823
2944/3040 [============================>.] - ETA: 0s - loss: 0.0300 - mean_squared_error: 0.0183 - mean_absolute_error: 0.0820
3008/3040 [============================>.] - ETA: 0s - loss: 0.0299 - mean_squared_error: 0.0183 - mean_absolute_error: 0.0818
3040/3040 [==============================] - 29s 9ms/step - loss: 0.0299 - mean_squared_error: 0.0183 - mean_absolute_error: 0.0817
Epoch 1/1

  64/3040 [..............................] - ETA: 23s - loss: 0.0299 - mean_squared_error: 0.0182 - mean_absolute_error: 0.0813
 128/3040 [>.............................] - ETA: 23s - loss: 0.0303 - mean_squared_error: 0.0183 - mean_absolute_error: 0.0839
 192/3040 [>.............................] - ETA: 32s - loss: 0.0309 - mean_squared_error: 0.0187 - mean_absolute_error: 0.0867
 256/3040 [=>............................] - ETA: 32s - loss: 0.0315 - mean_squared_error: 0.0191 - mean_absolute_error: 0.0889
 320/3040 [==>...........................] - ETA: 29s - loss: 0.0319 - mean_squared_error: 0.0192 - mean_absolute_error: 0.0905
 384/3040 [==>...........................] - ETA: 27s - loss: 0.0322 - mean_squared_error: 0.0194 - mean_absolute_error: 0.0916
 448/3040 [===>..........................] - ETA: 26s - loss: 0.0322 - mean_squared_error: 0.0194 - mean_absolute_error: 0.0917
 512/3040 [====>.........................] - ETA: 28s - loss: 0.0320 - mean_squared_error: 0.0194 - mean_absolute_error: 0.0912
 576/3040 [====>.........................] - ETA: 28s - loss: 0.0318 - mean_squared_error: 0.0192 - mean_absolute_error: 0.0901
 640/3040 [=====>........................] - ETA: 26s - loss: 0.0315 - mean_squared_error: 0.0190 - mean_absolute_error: 0.0889
 704/3040 [=====>........................] - ETA: 25s - loss: 0.0312 - mean_squared_error: 0.0189 - mean_absolute_error: 0.0875
 768/3040 [======>.......................] - ETA: 23s - loss: 0.0309 - mean_squared_error: 0.0187 - mean_absolute_error: 0.0862
 832/3040 [=======>......................] - ETA: 24s - loss: 0.0306 - mean_squared_error: 0.0186 - mean_absolute_error: 0.0852
 896/3040 [=======>......................] - ETA: 23s - loss: 0.0305 - mean_squared_error: 0.0185 - mean_absolute_error: 0.0846
 960/3040 [========>.....................] - ETA: 22s - loss: 0.0304 - mean_squared_error: 0.0185 - mean_absolute_error: 0.0845
1024/3040 [=========>....................] - ETA: 21s - loss: 0.0305 - mean_squared_error: 0.0186 - mean_absolute_error: 0.0848
1088/3040 [=========>....................] - ETA: 20s - loss: 0.0306 - mean_squared_error: 0.0186 - mean_absolute_error: 0.0856
1152/3040 [==========>...................] - ETA: 19s - loss: 0.0308 - mean_squared_error: 0.0187 - mean_absolute_error: 0.0864
1216/3040 [===========>..................] - ETA: 18s - loss: 0.0310 - mean_squared_error: 0.0189 - mean_absolute_error: 0.0874
1280/3040 [===========>..................] - ETA: 18s - loss: 0.0313 - mean_squared_error: 0.0190 - mean_absolute_error: 0.0883
1344/3040 [============>.................] - ETA: 18s - loss: 0.0315 - mean_squared_error: 0.0191 - mean_absolute_error: 0.0892
1408/3040 [============>.................] - ETA: 17s - loss: 0.0317 - mean_squared_error: 0.0192 - mean_absolute_error: 0.0897
1472/3040 [=============>................] - ETA: 16s - loss: 0.0317 - mean_squared_error: 0.0192 - mean_absolute_error: 0.0898
1536/3040 [==============>...............] - ETA: 15s - loss: 0.0316 - mean_squared_error: 0.0191 - mean_absolute_error: 0.0892
1600/3040 [==============>...............] - ETA: 14s - loss: 0.0313 - mean_squared_error: 0.0190 - mean_absolute_error: 0.0880
1664/3040 [===============>..............] - ETA: 13s - loss: 0.0311 - mean_squared_error: 0.0189 - mean_absolute_error: 0.0866
1728/3040 [================>.............] - ETA: 13s - loss: 0.0309 - mean_squared_error: 0.0188 - mean_absolute_error: 0.0852
1792/3040 [================>.............] - ETA: 13s - loss: 0.0306 - mean_squared_error: 0.0187 - mean_absolute_error: 0.0839
1856/3040 [=================>............] - ETA: 12s - loss: 0.0305 - mean_squared_error: 0.0186 - mean_absolute_error: 0.0829
1920/3040 [=================>............] - ETA: 11s - loss: 0.0303 - mean_squared_error: 0.0185 - mean_absolute_error: 0.0824
1984/3040 [==================>...........] - ETA: 10s - loss: 0.0303 - mean_squared_error: 0.0185 - mean_absolute_error: 0.0823
2048/3040 [===================>..........] - ETA: 10s - loss: 0.0303 - mean_squared_error: 0.0185 - mean_absolute_error: 0.0826
2112/3040 [===================>..........] - ETA: 9s - loss: 0.0304 - mean_squared_error: 0.0186 - mean_absolute_error: 0.0832 
2176/3040 [====================>.........] - ETA: 8s - loss: 0.0306 - mean_squared_error: 0.0187 - mean_absolute_error: 0.0839
2240/3040 [=====================>........] - ETA: 7s - loss: 0.0307 - mean_squared_error: 0.0188 - mean_absolute_error: 0.0845
2304/3040 [=====================>........] - ETA: 7s - loss: 0.0308 - mean_squared_error: 0.0188 - mean_absolute_error: 0.0850
2368/3040 [======================>.......] - ETA: 6s - loss: 0.0309 - mean_squared_error: 0.0188 - mean_absolute_error: 0.0851
2432/3040 [=======================>......] - ETA: 6s - loss: 0.0309 - mean_squared_error: 0.0188 - mean_absolute_error: 0.0851
2496/3040 [=======================>......] - ETA: 5s - loss: 0.0308 - mean_squared_error: 0.0188 - mean_absolute_error: 0.0849
2560/3040 [========================>.....] - ETA: 4s - loss: 0.0307 - mean_squared_error: 0.0187 - mean_absolute_error: 0.0846
2624/3040 [========================>.....] - ETA: 4s - loss: 0.0306 - mean_squared_error: 0.0187 - mean_absolute_error: 0.0842
2688/3040 [=========================>....] - ETA: 3s - loss: 0.0306 - mean_squared_error: 0.0186 - mean_absolute_error: 0.0839
2752/3040 [==========================>...] - ETA: 2s - loss: 0.0305 - mean_squared_error: 0.0186 - mean_absolute_error: 0.0836
2816/3040 [==========================>...] - ETA: 2s - loss: 0.0305 - mean_squared_error: 0.0186 - mean_absolute_error: 0.0836
2880/3040 [===========================>..] - ETA: 1s - loss: 0.0305 - mean_squared_error: 0.0186 - mean_absolute_error: 0.0838
2944/3040 [============================>.] - ETA: 0s - loss: 0.0305 - mean_squared_error: 0.0186 - mean_absolute_error: 0.0841
3008/3040 [============================>.] - ETA: 0s - loss: 0.0306 - mean_squared_error: 0.0187 - mean_absolute_error: 0.0844
3040/3040 [==============================] - 29s 10ms/step - loss: 0.0306 - mean_squared_error: 0.0187 - mean_absolute_error: 0.0845
Epoch 1/1

  64/3040 [..............................] - ETA: 23s - loss: 0.0313 - mean_squared_error: 0.0189 - mean_absolute_error: 0.0866
 128/3040 [>.............................] - ETA: 36s - loss: 0.0301 - mean_squared_error: 0.0181 - mean_absolute_error: 0.0818
 192/3040 [>.............................] - ETA: 36s - loss: 0.0291 - mean_squared_error: 0.0178 - mean_absolute_error: 0.0781
 256/3040 [=>............................] - ETA: 32s - loss: 0.0286 - mean_squared_error: 0.0176 - mean_absolute_error: 0.0755
 320/3040 [==>...........................] - ETA: 29s - loss: 0.0284 - mean_squared_error: 0.0174 - mean_absolute_error: 0.0739
 384/3040 [==>...........................] - ETA: 27s - loss: 0.0282 - mean_squared_error: 0.0173 - mean_absolute_error: 0.0735
 448/3040 [===>..........................] - ETA: 26s - loss: 0.0282 - mean_squared_error: 0.0174 - mean_absolute_error: 0.0738
 512/3040 [====>.........................] - ETA: 26s - loss: 0.0284 - mean_squared_error: 0.0174 - mean_absolute_error: 0.0749
 576/3040 [====>.........................] - ETA: 24s - loss: 0.0287 - mean_squared_error: 0.0176 - mean_absolute_error: 0.0764
 640/3040 [=====>........................] - ETA: 23s - loss: 0.0290 - mean_squared_error: 0.0178 - mean_absolute_error: 0.0782
 704/3040 [=====>........................] - ETA: 22s - loss: 0.0294 - mean_squared_error: 0.0180 - mean_absolute_error: 0.0797
 768/3040 [======>.......................] - ETA: 22s - loss: 0.0296 - mean_squared_error: 0.0181 - mean_absolute_error: 0.0808
 832/3040 [=======>......................] - ETA: 22s - loss: 0.0297 - mean_squared_error: 0.0181 - mean_absolute_error: 0.0814
 896/3040 [=======>......................] - ETA: 21s - loss: 0.0298 - mean_squared_error: 0.0182 - mean_absolute_error: 0.0818
 960/3040 [========>.....................] - ETA: 20s - loss: 0.0298 - mean_squared_error: 0.0182 - mean_absolute_error: 0.0818
1024/3040 [=========>....................] - ETA: 19s - loss: 0.0297 - mean_squared_error: 0.0182 - mean_absolute_error: 0.0817
1088/3040 [=========>....................] - ETA: 18s - loss: 0.0297 - mean_squared_error: 0.0182 - mean_absolute_error: 0.0817
1152/3040 [==========>...................] - ETA: 18s - loss: 0.0297 - mean_squared_error: 0.0182 - mean_absolute_error: 0.0819
1216/3040 [===========>..................] - ETA: 17s - loss: 0.0298 - mean_squared_error: 0.0182 - mean_absolute_error: 0.0821
1280/3040 [===========>..................] - ETA: 17s - loss: 0.0299 - mean_squared_error: 0.0183 - mean_absolute_error: 0.0825
1344/3040 [============>.................] - ETA: 16s - loss: 0.0300 - mean_squared_error: 0.0183 - mean_absolute_error: 0.0828
1408/3040 [============>.................] - ETA: 15s - loss: 0.0300 - mean_squared_error: 0.0184 - mean_absolute_error: 0.0831
1472/3040 [=============>................] - ETA: 15s - loss: 0.0301 - mean_squared_error: 0.0184 - mean_absolute_error: 0.0834
1536/3040 [==============>...............] - ETA: 14s - loss: 0.0301 - mean_squared_error: 0.0184 - mean_absolute_error: 0.0835
1600/3040 [==============>...............] - ETA: 14s - loss: 0.0301 - mean_squared_error: 0.0184 - mean_absolute_error: 0.0835
1664/3040 [===============>..............] - ETA: 13s - loss: 0.0301 - mean_squared_error: 0.0184 - mean_absolute_error: 0.0834
1728/3040 [================>.............] - ETA: 12s - loss: 0.0300 - mean_squared_error: 0.0184 - mean_absolute_error: 0.0833
1792/3040 [================>.............] - ETA: 12s - loss: 0.0300 - mean_squared_error: 0.0184 - mean_absolute_error: 0.0831
1856/3040 [=================>............] - ETA: 11s - loss: 0.0299 - mean_squared_error: 0.0183 - mean_absolute_error: 0.0828
1920/3040 [=================>............] - ETA: 10s - loss: 0.0299 - mean_squared_error: 0.0183 - mean_absolute_error: 0.0827
1984/3040 [==================>...........] - ETA: 10s - loss: 0.0299 - mean_squared_error: 0.0183 - mean_absolute_error: 0.0825
2048/3040 [===================>..........] - ETA: 9s - loss: 0.0299 - mean_squared_error: 0.0183 - mean_absolute_error: 0.0824 
2112/3040 [===================>..........] - ETA: 9s - loss: 0.0298 - mean_squared_error: 0.0183 - mean_absolute_error: 0.0823
2176/3040 [====================>.........] - ETA: 8s - loss: 0.0298 - mean_squared_error: 0.0183 - mean_absolute_error: 0.0824
2240/3040 [=====================>........] - ETA: 7s - loss: 0.0299 - mean_squared_error: 0.0183 - mean_absolute_error: 0.0825
2304/3040 [=====================>........] - ETA: 7s - loss: 0.0299 - mean_squared_error: 0.0183 - mean_absolute_error: 0.0827
2368/3040 [======================>.......] - ETA: 6s - loss: 0.0300 - mean_squared_error: 0.0183 - mean_absolute_error: 0.0831
2432/3040 [=======================>......] - ETA: 5s - loss: 0.0301 - mean_squared_error: 0.0184 - mean_absolute_error: 0.0836
2496/3040 [=======================>......] - ETA: 5s - loss: 0.0303 - mean_squared_error: 0.0185 - mean_absolute_error: 0.0841
2560/3040 [========================>.....] - ETA: 4s - loss: 0.0304 - mean_squared_error: 0.0186 - mean_absolute_error: 0.0846
2624/3040 [========================>.....] - ETA: 4s - loss: 0.0305 - mean_squared_error: 0.0186 - mean_absolute_error: 0.0849
2688/3040 [=========================>....] - ETA: 3s - loss: 0.0305 - mean_squared_error: 0.0186 - mean_absolute_error: 0.0851
2752/3040 [==========================>...] - ETA: 2s - loss: 0.0305 - mean_squared_error: 0.0186 - mean_absolute_error: 0.0851
2816/3040 [==========================>...] - ETA: 2s - loss: 0.0305 - mean_squared_error: 0.0186 - mean_absolute_error: 0.0851
2880/3040 [===========================>..] - ETA: 1s - loss: 0.0305 - mean_squared_error: 0.0186 - mean_absolute_error: 0.0850
2944/3040 [============================>.] - ETA: 0s - loss: 0.0305 - mean_squared_error: 0.0186 - mean_absolute_error: 0.0849
3008/3040 [============================>.] - ETA: 0s - loss: 0.0305 - mean_squared_error: 0.0186 - mean_absolute_error: 0.0849
3040/3040 [==============================] - 29s 9ms/step - loss: 0.0305 - mean_squared_error: 0.0186 - mean_absolute_error: 0.0849
Epoch 1/1

  64/3040 [..............................] - ETA: 23s - loss: 0.0318 - mean_squared_error: 0.0198 - mean_absolute_error: 0.0878
 128/3040 [>.............................] - ETA: 35s - loss: 0.0318 - mean_squared_error: 0.0191 - mean_absolute_error: 0.0880
 192/3040 [>.............................] - ETA: 32s - loss: 0.0320 - mean_squared_error: 0.0192 - mean_absolute_error: 0.0888
 256/3040 [=>............................] - ETA: 29s - loss: 0.0321 - mean_squared_error: 0.0194 - mean_absolute_error: 0.0893
 320/3040 [==>...........................] - ETA: 27s - loss: 0.0319 - mean_squared_error: 0.0192 - mean_absolute_error: 0.0888
 384/3040 [==>...........................] - ETA: 25s - loss: 0.0317 - mean_squared_error: 0.0191 - mean_absolute_error: 0.0878
 448/3040 [===>..........................] - ETA: 24s - loss: 0.0313 - mean_squared_error: 0.0189 - mean_absolute_error: 0.0861
 512/3040 [====>.........................] - ETA: 24s - loss: 0.0309 - mean_squared_error: 0.0187 - mean_absolute_error: 0.0842
 576/3040 [====>.........................] - ETA: 23s - loss: 0.0305 - mean_squared_error: 0.0185 - mean_absolute_error: 0.0824
 640/3040 [=====>........................] - ETA: 22s - loss: 0.0301 - mean_squared_error: 0.0183 - mean_absolute_error: 0.0810
 704/3040 [=====>........................] - ETA: 21s - loss: 0.0299 - mean_squared_error: 0.0182 - mean_absolute_error: 0.0802
 768/3040 [======>.......................] - ETA: 20s - loss: 0.0298 - mean_squared_error: 0.0182 - mean_absolute_error: 0.0799
 832/3040 [=======>......................] - ETA: 20s - loss: 0.0298 - mean_squared_error: 0.0182 - mean_absolute_error: 0.0802
 896/3040 [=======>......................] - ETA: 19s - loss: 0.0299 - mean_squared_error: 0.0183 - mean_absolute_error: 0.0808
 960/3040 [========>.....................] - ETA: 18s - loss: 0.0301 - mean_squared_error: 0.0184 - mean_absolute_error: 0.0816
1024/3040 [=========>....................] - ETA: 18s - loss: 0.0302 - mean_squared_error: 0.0184 - mean_absolute_error: 0.0822
1088/3040 [=========>....................] - ETA: 17s - loss: 0.0302 - mean_squared_error: 0.0184 - mean_absolute_error: 0.0822
1152/3040 [==========>...................] - ETA: 16s - loss: 0.0301 - mean_squared_error: 0.0184 - mean_absolute_error: 0.0820
1216/3040 [===========>..................] - ETA: 16s - loss: 0.0300 - mean_squared_error: 0.0183 - mean_absolute_error: 0.0815
1280/3040 [===========>..................] - ETA: 15s - loss: 0.0299 - mean_squared_error: 0.0183 - mean_absolute_error: 0.0811
1344/3040 [============>.................] - ETA: 15s - loss: 0.0298 - mean_squared_error: 0.0182 - mean_absolute_error: 0.0808
1408/3040 [============>.................] - ETA: 14s - loss: 0.0297 - mean_squared_error: 0.0182 - mean_absolute_error: 0.0806
1472/3040 [=============>................] - ETA: 13s - loss: 0.0297 - mean_squared_error: 0.0182 - mean_absolute_error: 0.0808
1536/3040 [==============>...............] - ETA: 13s - loss: 0.0298 - mean_squared_error: 0.0183 - mean_absolute_error: 0.0813
1600/3040 [==============>...............] - ETA: 12s - loss: 0.0300 - mean_squared_error: 0.0184 - mean_absolute_error: 0.0820
1664/3040 [===============>..............] - ETA: 12s - loss: 0.0302 - mean_squared_error: 0.0185 - mean_absolute_error: 0.0828
1728/3040 [================>.............] - ETA: 11s - loss: 0.0304 - mean_squared_error: 0.0186 - mean_absolute_error: 0.0837
1792/3040 [================>.............] - ETA: 11s - loss: 0.0306 - mean_squared_error: 0.0187 - mean_absolute_error: 0.0844
1856/3040 [=================>............] - ETA: 10s - loss: 0.0307 - mean_squared_error: 0.0187 - mean_absolute_error: 0.0848
1920/3040 [=================>............] - ETA: 9s - loss: 0.0308 - mean_squared_error: 0.0188 - mean_absolute_error: 0.0851 
1984/3040 [==================>...........] - ETA: 9s - loss: 0.0308 - mean_squared_error: 0.0188 - mean_absolute_error: 0.0852
2048/3040 [===================>..........] - ETA: 8s - loss: 0.0307 - mean_squared_error: 0.0188 - mean_absolute_error: 0.0850
2112/3040 [===================>..........] - ETA: 8s - loss: 0.0307 - mean_squared_error: 0.0187 - mean_absolute_error: 0.0847
2176/3040 [====================>.........] - ETA: 7s - loss: 0.0306 - mean_squared_error: 0.0187 - mean_absolute_error: 0.0843
2240/3040 [=====================>........] - ETA: 7s - loss: 0.0305 - mean_squared_error: 0.0186 - mean_absolute_error: 0.0839
2304/3040 [=====================>........] - ETA: 6s - loss: 0.0304 - mean_squared_error: 0.0186 - mean_absolute_error: 0.0836
2368/3040 [======================>.......] - ETA: 6s - loss: 0.0304 - mean_squared_error: 0.0186 - mean_absolute_error: 0.0834
2432/3040 [=======================>......] - ETA: 5s - loss: 0.0303 - mean_squared_error: 0.0185 - mean_absolute_error: 0.0832
2496/3040 [=======================>......] - ETA: 4s - loss: 0.0303 - mean_squared_error: 0.0186 - mean_absolute_error: 0.0833
2560/3040 [========================>.....] - ETA: 4s - loss: 0.0303 - mean_squared_error: 0.0186 - mean_absolute_error: 0.0833
2624/3040 [========================>.....] - ETA: 3s - loss: 0.0303 - mean_squared_error: 0.0186 - mean_absolute_error: 0.0835
2688/3040 [=========================>....] - ETA: 3s - loss: 0.0304 - mean_squared_error: 0.0186 - mean_absolute_error: 0.0836
2752/3040 [==========================>...] - ETA: 2s - loss: 0.0304 - mean_squared_error: 0.0186 - mean_absolute_error: 0.0838
2816/3040 [==========================>...] - ETA: 2s - loss: 0.0305 - mean_squared_error: 0.0186 - mean_absolute_error: 0.0840
2880/3040 [===========================>..] - ETA: 1s - loss: 0.0305 - mean_squared_error: 0.0186 - mean_absolute_error: 0.0841
2944/3040 [============================>.] - ETA: 0s - loss: 0.0305 - mean_squared_error: 0.0186 - mean_absolute_error: 0.0843
3008/3040 [============================>.] - ETA: 0s - loss: 0.0305 - mean_squared_error: 0.0187 - mean_absolute_error: 0.0844
3040/3040 [==============================] - 27s 9ms/step - loss: 0.0305 - mean_squared_error: 0.0187 - mean_absolute_error: 0.0845
Epoch 1/1

  64/3040 [..............................] - ETA: 23s - loss: 0.0333 - mean_squared_error: 0.0198 - mean_absolute_error: 0.0931
 128/3040 [>.............................] - ETA: 23s - loss: 0.0329 - mean_squared_error: 0.0197 - mean_absolute_error: 0.0936
 192/3040 [>.............................] - ETA: 22s - loss: 0.0335 - mean_squared_error: 0.0200 - mean_absolute_error: 0.0950
 256/3040 [=>............................] - ETA: 23s - loss: 0.0336 - mean_squared_error: 0.0200 - mean_absolute_error: 0.0956
 320/3040 [==>...........................] - ETA: 23s - loss: 0.0336 - mean_squared_error: 0.0201 - mean_absolute_error: 0.0955
 384/3040 [==>...........................] - ETA: 22s - loss: 0.0332 - mean_squared_error: 0.0199 - mean_absolute_error: 0.0943
 448/3040 [===>..........................] - ETA: 21s - loss: 0.0327 - mean_squared_error: 0.0196 - mean_absolute_error: 0.0922
 512/3040 [====>.........................] - ETA: 20s - loss: 0.0321 - mean_squared_error: 0.0194 - mean_absolute_error: 0.0897
 576/3040 [====>.........................] - ETA: 20s - loss: 0.0315 - mean_squared_error: 0.0191 - mean_absolute_error: 0.0870
 640/3040 [=====>........................] - ETA: 20s - loss: 0.0310 - mean_squared_error: 0.0189 - mean_absolute_error: 0.0847
 704/3040 [=====>........................] - ETA: 19s - loss: 0.0306 - mean_squared_error: 0.0187 - mean_absolute_error: 0.0830
 768/3040 [======>.......................] - ETA: 19s - loss: 0.0304 - mean_squared_error: 0.0185 - mean_absolute_error: 0.0819
 832/3040 [=======>......................] - ETA: 18s - loss: 0.0302 - mean_squared_error: 0.0185 - mean_absolute_error: 0.0814
 896/3040 [=======>......................] - ETA: 17s - loss: 0.0301 - mean_squared_error: 0.0185 - mean_absolute_error: 0.0812
 960/3040 [========>.....................] - ETA: 17s - loss: 0.0301 - mean_squared_error: 0.0184 - mean_absolute_error: 0.0813
1024/3040 [=========>....................] - ETA: 17s - loss: 0.0301 - mean_squared_error: 0.0184 - mean_absolute_error: 0.0814
1088/3040 [=========>....................] - ETA: 16s - loss: 0.0301 - mean_squared_error: 0.0185 - mean_absolute_error: 0.0815
1152/3040 [==========>...................] - ETA: 16s - loss: 0.0301 - mean_squared_error: 0.0185 - mean_absolute_error: 0.0816
1216/3040 [===========>..................] - ETA: 15s - loss: 0.0301 - mean_squared_error: 0.0184 - mean_absolute_error: 0.0816
1280/3040 [===========>..................] - ETA: 14s - loss: 0.0300 - mean_squared_error: 0.0184 - mean_absolute_error: 0.0816
1344/3040 [============>.................] - ETA: 14s - loss: 0.0300 - mean_squared_error: 0.0184 - mean_absolute_error: 0.0816
1408/3040 [============>.................] - ETA: 14s - loss: 0.0301 - mean_squared_error: 0.0184 - mean_absolute_error: 0.0818
1472/3040 [=============>................] - ETA: 13s - loss: 0.0302 - mean_squared_error: 0.0185 - mean_absolute_error: 0.0823
1536/3040 [==============>...............] - ETA: 13s - loss: 0.0304 - mean_squared_error: 0.0186 - mean_absolute_error: 0.0831
1600/3040 [==============>...............] - ETA: 12s - loss: 0.0306 - mean_squared_error: 0.0188 - mean_absolute_error: 0.0842
1664/3040 [===============>..............] - ETA: 12s - loss: 0.0310 - mean_squared_error: 0.0189 - mean_absolute_error: 0.0854
1728/3040 [================>.............] - ETA: 11s - loss: 0.0314 - mean_squared_error: 0.0191 - mean_absolute_error: 0.0866
1792/3040 [================>.............] - ETA: 11s - loss: 0.0317 - mean_squared_error: 0.0193 - mean_absolute_error: 0.0876
1856/3040 [=================>............] - ETA: 10s - loss: 0.0319 - mean_squared_error: 0.0194 - mean_absolute_error: 0.0882
1920/3040 [=================>............] - ETA: 10s - loss: 0.0319 - mean_squared_error: 0.0194 - mean_absolute_error: 0.0882
1984/3040 [==================>...........] - ETA: 9s - loss: 0.0318 - mean_squared_error: 0.0193 - mean_absolute_error: 0.0877 
2048/3040 [===================>..........] - ETA: 8s - loss: 0.0316 - mean_squared_error: 0.0192 - mean_absolute_error: 0.0868
2112/3040 [===================>..........] - ETA: 8s - loss: 0.0314 - mean_squared_error: 0.0191 - mean_absolute_error: 0.0857
2176/3040 [====================>.........] - ETA: 7s - loss: 0.0312 - mean_squared_error: 0.0190 - mean_absolute_error: 0.0846
2240/3040 [=====================>........] - ETA: 7s - loss: 0.0311 - mean_squared_error: 0.0190 - mean_absolute_error: 0.0836
2304/3040 [=====================>........] - ETA: 6s - loss: 0.0309 - mean_squared_error: 0.0189 - mean_absolute_error: 0.0828
2368/3040 [======================>.......] - ETA: 5s - loss: 0.0308 - mean_squared_error: 0.0188 - mean_absolute_error: 0.0823
2432/3040 [=======================>......] - ETA: 5s - loss: 0.0307 - mean_squared_error: 0.0188 - mean_absolute_error: 0.0822
2496/3040 [=======================>......] - ETA: 4s - loss: 0.0308 - mean_squared_error: 0.0188 - mean_absolute_error: 0.0824
2560/3040 [========================>.....] - ETA: 4s - loss: 0.0308 - mean_squared_error: 0.0189 - mean_absolute_error: 0.0828
2624/3040 [========================>.....] - ETA: 3s - loss: 0.0309 - mean_squared_error: 0.0189 - mean_absolute_error: 0.0832
2688/3040 [=========================>....] - ETA: 3s - loss: 0.0310 - mean_squared_error: 0.0189 - mean_absolute_error: 0.0835
2752/3040 [==========================>...] - ETA: 2s - loss: 0.0310 - mean_squared_error: 0.0190 - mean_absolute_error: 0.0838
2816/3040 [==========================>...] - ETA: 1s - loss: 0.0311 - mean_squared_error: 0.0190 - mean_absolute_error: 0.0839
2880/3040 [===========================>..] - ETA: 1s - loss: 0.0311 - mean_squared_error: 0.0190 - mean_absolute_error: 0.0840
2944/3040 [============================>.] - ETA: 0s - loss: 0.0310 - mean_squared_error: 0.0190 - mean_absolute_error: 0.0839
3008/3040 [============================>.] - ETA: 0s - loss: 0.0310 - mean_squared_error: 0.0189 - mean_absolute_error: 0.0837
3040/3040 [==============================] - 26s 9ms/step - loss: 0.0310 - mean_squared_error: 0.0189 - mean_absolute_error: 0.0836
Epoch 1/1

  64/3040 [..............................] - ETA: 48s - loss: 0.0277 - mean_squared_error: 0.0170 - mean_absolute_error: 0.0665
 128/3040 [>.............................] - ETA: 37s - loss: 0.0271 - mean_squared_error: 0.0169 - mean_absolute_error: 0.0661
 192/3040 [>.............................] - ETA: 32s - loss: 0.0271 - mean_squared_error: 0.0171 - mean_absolute_error: 0.0668
 256/3040 [=>............................] - ETA: 29s - loss: 0.0274 - mean_squared_error: 0.0171 - mean_absolute_error: 0.0685
 320/3040 [==>...........................] - ETA: 27s - loss: 0.0279 - mean_squared_error: 0.0173 - mean_absolute_error: 0.0712
 384/3040 [==>...........................] - ETA: 26s - loss: 0.0287 - mean_squared_error: 0.0178 - mean_absolute_error: 0.0746
 448/3040 [===>..........................] - ETA: 25s - loss: 0.0295 - mean_squared_error: 0.0182 - mean_absolute_error: 0.0778
 512/3040 [====>.........................] - ETA: 24s - loss: 0.0302 - mean_squared_error: 0.0185 - mean_absolute_error: 0.0805
 576/3040 [====>.........................] - ETA: 23s - loss: 0.0306 - mean_squared_error: 0.0187 - mean_absolute_error: 0.0822
 640/3040 [=====>........................] - ETA: 22s - loss: 0.0308 - mean_squared_error: 0.0188 - mean_absolute_error: 0.0830
 704/3040 [=====>........................] - ETA: 21s - loss: 0.0307 - mean_squared_error: 0.0188 - mean_absolute_error: 0.0830
 768/3040 [======>.......................] - ETA: 21s - loss: 0.0307 - mean_squared_error: 0.0187 - mean_absolute_error: 0.0827
 832/3040 [=======>......................] - ETA: 20s - loss: 0.0305 - mean_squared_error: 0.0187 - mean_absolute_error: 0.0824
 896/3040 [=======>......................] - ETA: 19s - loss: 0.0305 - mean_squared_error: 0.0187 - mean_absolute_error: 0.0822
 960/3040 [========>.....................] - ETA: 18s - loss: 0.0305 - mean_squared_error: 0.0187 - mean_absolute_error: 0.0824
1024/3040 [=========>....................] - ETA: 18s - loss: 0.0306 - mean_squared_error: 0.0188 - mean_absolute_error: 0.0830
1088/3040 [=========>....................] - ETA: 17s - loss: 0.0308 - mean_squared_error: 0.0188 - mean_absolute_error: 0.0836
1152/3040 [==========>...................] - ETA: 17s - loss: 0.0309 - mean_squared_error: 0.0189 - mean_absolute_error: 0.0842
1216/3040 [===========>..................] - ETA: 16s - loss: 0.0310 - mean_squared_error: 0.0189 - mean_absolute_error: 0.0845
1280/3040 [===========>..................] - ETA: 15s - loss: 0.0310 - mean_squared_error: 0.0189 - mean_absolute_error: 0.0847
1344/3040 [============>.................] - ETA: 15s - loss: 0.0310 - mean_squared_error: 0.0189 - mean_absolute_error: 0.0848
1408/3040 [============>.................] - ETA: 14s - loss: 0.0310 - mean_squared_error: 0.0189 - mean_absolute_error: 0.0849
1472/3040 [=============>................] - ETA: 13s - loss: 0.0310 - mean_squared_error: 0.0189 - mean_absolute_error: 0.0849
1536/3040 [==============>...............] - ETA: 13s - loss: 0.0310 - mean_squared_error: 0.0189 - mean_absolute_error: 0.0851
1600/3040 [==============>...............] - ETA: 13s - loss: 0.0310 - mean_squared_error: 0.0189 - mean_absolute_error: 0.0852
1664/3040 [===============>..............] - ETA: 12s - loss: 0.0310 - mean_squared_error: 0.0189 - mean_absolute_error: 0.0853
1728/3040 [================>.............] - ETA: 11s - loss: 0.0310 - mean_squared_error: 0.0189 - mean_absolute_error: 0.0854
1792/3040 [================>.............] - ETA: 11s - loss: 0.0310 - mean_squared_error: 0.0190 - mean_absolute_error: 0.0855
1856/3040 [=================>............] - ETA: 10s - loss: 0.0310 - mean_squared_error: 0.0190 - mean_absolute_error: 0.0855
1920/3040 [=================>............] - ETA: 10s - loss: 0.0310 - mean_squared_error: 0.0190 - mean_absolute_error: 0.0854
1984/3040 [==================>...........] - ETA: 9s - loss: 0.0309 - mean_squared_error: 0.0189 - mean_absolute_error: 0.0852 
2048/3040 [===================>..........] - ETA: 8s - loss: 0.0309 - mean_squared_error: 0.0189 - mean_absolute_error: 0.0849