Importing candle utils for keras
Configuration file:  /gpfs/mira-home/apeck/Modified_Benchmarks/Pilot2/P2B1/p2b1_default_model.txt
{'activation': 'relu',
 'backend': 'tensorflow',
 'base_memo': 'p2b1',
 'batch_size': 64,
 'cool': False,
 'data_set': '3k_Ordered',
 'drop_prob': 0.5,
 'epochs': 2,
 'l2_reg': 0.01,
 'learning_rate': 0.01,
 'loss': 'custom',
 'molecular_nbrs': 200,
 'molecular_nonlinearity': 'elu',
 'molecular_num_hidden': [256, 128, 64, 32, 16, 8],
 'noise_factor': 0.0,
 'num_hidden': [512, 32],
 'optimizer': 'adam',
 'sampling_density': 0.15,
 'save_path': '.'}
