Importing candle utils for keras
Configuration file:  /gpfs/mira-home/apeck/Modified_Benchmarks/Pilot1/P1B1/p1b1_default_model.txt
{'activation': 'relu',
 'alpha_dropout': False,
 'base_lr': None,
 'batch_normalization': False,
 'batch_size': 100,
 'dense': [2000, 600],
 'drop': 0,
 'epochs': 100,
 'epsilon_std': 1.0,
 'feature_subsample': 0,
 'file_test': 'P1B1.dev.test.csv',
 'file_train': 'P1B1.dev.train.csv',
 'initialization': 'glorot_uniform',
 'latent_dim': 2,
 'learning_rate': None,
 'loss': 'mse',
 'model': 'ae',
 'model_name': 'p1b1',
 'noise_factor': 0,
 'optimizer': 'adam',
 'rng_seed': 2017,
 'save_path': 'save',
 'scaling': 'minmax',
 'solr_root': '',
 'timeout': 3600,
 'url_p1b1': 'http://ftp.mcs.anl.gov/pub/candle/public/benchmarks/P1B1/',
 'validation_split': 0.1}
Params:
{'activation': 'relu',
 'alpha_dropout': False,
 'base_lr': None,
 'batch_normalization': False,
 'batch_size': 100,
 'cp': False,
 'datatype': <class 'numpy.float32'>,
 'dense': [2000, 600],
 'drop': 0,
 'epochs': 100,
 'epsilon_std': 1.0,
 'experiment_id': 'EXP000',
 'feature_subsample': 0,
 'file_test': 'P1B1.dev.test.csv',
 'file_train': 'P1B1.dev.train.csv',
 'gpus': [],
 'initialization': 'glorot_uniform',
 'latent_dim': 2,
 'learning_rate': None,
 'logfile': None,
 'loss': 'mse',
 'model': 'ae',
 'model_name': 'p1b1',
 'noise_factor': 0,
 'optimizer': 'adam',
 'output_dir': '/gpfs/mira-home/apeck/CANDLE_testing/avery_modified_results/run4/Output/EXP000/RUN000',
 'reduce_lr': False,
 'residual': False,
 'rng_seed': 2017,
 'run_id': 'RUN000',
 'save_path': 'save',
 'scaling': 'minmax',
 'shuffle': False,
 'solr_root': '',
 'tb': False,
 'timeout': 3600,
 'train_bool': True,
 'tsne': False,
 'url_p1b1': 'http://ftp.mcs.anl.gov/pub/candle/public/benchmarks/P1B1/',
 'use_landmark_genes': False,
 'validation_split': 0.1,
 'verbose': None,
 'warmup_lr': False}
_________________________________________________________________
Layer (type)                 Output Shape              Param #   
=================================================================
input_1 (InputLayer)         (None, 60483)             0         
_________________________________________________________________
dense_1 (Dense)              (None, 2000)              120968000 
_________________________________________________________________
dense_2 (Dense)              (None, 600)               1200600   
_________________________________________________________________
dense_3 (Dense)              (None, 2)                 1202      
_________________________________________________________________
model_2 (Model)              (None, 60483)             122230283 
=================================================================
Total params: 244,400,085
Trainable params: 244,400,085
Non-trainable params: 0
_________________________________________________________________
_________________________________________________________________
Layer (type)                 Output Shape              Param #   
=================================================================
input_3 (InputLayer)         (None, 2)                 0         
_________________________________________________________________
dense_4 (Dense)              (None, 600)               1800      
_________________________________________________________________
dense_5 (Dense)              (None, 2000)              1202000   
_________________________________________________________________
dense_6 (Dense)              (None, 60483)             121026483 
=================================================================
Total params: 122,230,283
Trainable params: 122,230,283
Non-trainable params: 0
_________________________________________________________________
Train on 2700 samples, validate on 300 samples
Epoch 1/100
 - 17s - loss: 0.1326 - xent: 0.6902 - corr: 98.2773 - val_loss: 0.1302 - val_xent: 0.6836 - val_corr: 0.7160
Current time ....16.748
Epoch 2/100
 - 15s - loss: 0.0912 - xent: 0.6012 - corr: 0.7776 - val_loss: 0.0484 - val_xent: 0.4910 - val_corr: 0.7308
Current time ....31.822
Epoch 3/100
 - 15s - loss: 0.0399 - xent: 0.4672 - corr: 0.7787 - val_loss: 0.0477 - val_xent: 0.4895 - val_corr: 0.7369
Current time ....46.921
Epoch 4/100
 - 15s - loss: 0.0385 - xent: 0.4605 - corr: 0.7851 - val_loss: 0.0469 - val_xent: 0.4837 - val_corr: 0.7407
Current time ....62.100
Epoch 5/100
 - 15s - loss: 0.0383 - xent: 0.4591 - corr: 0.7864 - val_loss: 0.0467 - val_xent: 0.4825 - val_corr: 0.7412
Current time ....77.177
Epoch 6/100
 - 15s - loss: 0.0383 - xent: 0.4588 - corr: 0.7865 - val_loss: 0.0466 - val_xent: 0.4821 - val_corr: 0.7417
Current time ....92.322
Epoch 7/100
 - 15s - loss: 0.0382 - xent: 0.4587 - corr: 0.7866 - val_loss: 0.0467 - val_xent: 0.4821 - val_corr: 0.7411
Current time ....107.395
Epoch 8/100
 - 15s - loss: 0.0383 - xent: 0.4586 - corr: 0.7866 - val_loss: 0.0467 - val_xent: 0.4819 - val_corr: 0.7416
Current time ....122.471
Epoch 9/100
 - 15s - loss: 0.0382 - xent: 0.4585 - corr: 0.7866 - val_loss: 0.0467 - val_xent: 0.4819 - val_corr: 0.7415
Current time ....137.525
Epoch 10/100
 - 15s - loss: 0.0383 - xent: 0.4584 - corr: 0.7865 - val_loss: 0.0467 - val_xent: 0.4819 - val_corr: 0.7414
Current time ....152.723
Epoch 11/100
 - 15s - loss: 0.0383 - xent: 0.4584 - corr: 0.7865 - val_loss: 0.0466 - val_xent: 0.4816 - val_corr: 0.7421
Current time ....167.862
Epoch 12/100
 - 15s - loss: 0.0382 - xent: 0.4583 - corr: 0.7866 - val_loss: 0.0467 - val_xent: 0.4817 - val_corr: 0.7416
Current time ....183.027
Epoch 13/100
 - 15s - loss: 0.0383 - xent: 0.4583 - corr: 0.7865 - val_loss: 0.0467 - val_xent: 0.4818 - val_corr: 0.7413
Current time ....198.093
Epoch 14/100
 - 15s - loss: 0.0383 - xent: 0.4583 - corr: 0.7865 - val_loss: 0.0466 - val_xent: 0.4816 - val_corr: 0.7424
Current time ....213.381
Epoch 15/100
 - 15s - loss: 0.0383 - xent: 0.4582 - corr: 0.7866 - val_loss: 0.0467 - val_xent: 0.4816 - val_corr: 0.7416
Current time ....228.454
Epoch 16/100
 - 15s - loss: 0.0382 - xent: 0.4582 - corr: 0.7866 - val_loss: 0.0468 - val_xent: 0.4819 - val_corr: 0.7410
Current time ....243.573
Epoch 17/100
 - 15s - loss: 0.0383 - xent: 0.4582 - corr: 0.7864 - val_loss: 0.0466 - val_xent: 0.4816 - val_corr: 0.7418
Current time ....258.715
Epoch 18/100
 - 15s - loss: 0.0383 - xent: 0.4582 - corr: 0.7866 - val_loss: 0.0467 - val_xent: 0.4817 - val_corr: 0.7414
Current time ....273.906
Epoch 19/100
 - 15s - loss: 0.0383 - xent: 0.4582 - corr: 0.7865 - val_loss: 0.0467 - val_xent: 0.4817 - val_corr: 0.7413
Current time ....288.976
Epoch 20/100
 - 15s - loss: 0.0383 - xent: 0.4582 - corr: 0.7865 - val_loss: 0.0467 - val_xent: 0.4816 - val_corr: 0.7416
Current time ....303.937
Epoch 21/100
 - 15s - loss: 0.0383 - xent: 0.4581 - corr: 0.7865 - val_loss: 0.0467 - val_xent: 0.4817 - val_corr: 0.7417
Current time ....318.993
Epoch 22/100
 - 15s - loss: 0.0383 - xent: 0.4582 - corr: 0.7865 - val_loss: 0.0467 - val_xent: 0.4817 - val_corr: 0.7418
Current time ....334.109
Epoch 23/100
 - 15s - loss: 0.0383 - xent: 0.4581 - corr: 0.7865 - val_loss: 0.0467 - val_xent: 0.4816 - val_corr: 0.7416
Current time ....349.171
Epoch 24/100
 - 15s - loss: 0.0383 - xent: 0.4581 - corr: 0.7865 - val_loss: 0.0467 - val_xent: 0.4816 - val_corr: 0.7416
Current time ....364.181
Epoch 25/100
 - 15s - loss: 0.0383 - xent: 0.4581 - corr: 0.7865 - val_loss: 0.0468 - val_xent: 0.4820 - val_corr: 0.7408
Current time ....379.508
Epoch 26/100
 - 15s - loss: 0.0383 - xent: 0.4581 - corr: 0.7865 - val_loss: 0.0467 - val_xent: 0.4817 - val_corr: 0.7415
Current time ....394.762
Epoch 27/100
 - 15s - loss: 0.0383 - xent: 0.4581 - corr: 0.7866 - val_loss: 0.0468 - val_xent: 0.4820 - val_corr: 0.7408
Current time ....409.769
Epoch 28/100
 - 15s - loss: 0.0383 - xent: 0.4581 - corr: 0.7866 - val_loss: 0.0468 - val_xent: 0.4819 - val_corr: 0.7408
Current time ....424.961
Epoch 29/100
 - 15s - loss: 0.0383 - xent: 0.4581 - corr: 0.7865 - val_loss: 0.0467 - val_xent: 0.4816 - val_corr: 0.7417
Current time ....440.206
Epoch 30/100
 - 15s - loss: 0.0383 - xent: 0.4581 - corr: 0.7865 - val_loss: 0.0467 - val_xent: 0.4818 - val_corr: 0.7414
Current time ....455.399
Epoch 31/100
 - 15s - loss: 0.0382 - xent: 0.4581 - corr: 0.7866 - val_loss: 0.0466 - val_xent: 0.4815 - val_corr: 0.7418
Current time ....470.459
Epoch 32/100
 - 15s - loss: 0.0382 - xent: 0.4581 - corr: 0.7866 - val_loss: 0.0468 - val_xent: 0.4819 - val_corr: 0.7412
Current time ....485.711
Epoch 33/100
 - 15s - loss: 0.0382 - xent: 0.4581 - corr: 0.7866 - val_loss: 0.0467 - val_xent: 0.4817 - val_corr: 0.7417
Current time ....500.812
Epoch 34/100
 - 15s - loss: 0.0382 - xent: 0.4581 - corr: 0.7866 - val_loss: 0.0467 - val_xent: 0.4816 - val_corr: 0.7417
Current time ....515.841
Epoch 35/100
 - 15s - loss: 0.0383 - xent: 0.4581 - corr: 0.7865 - val_loss: 0.0467 - val_xent: 0.4818 - val_corr: 0.7415
Current time ....530.994
Epoch 36/100
 - 15s - loss: 0.0383 - xent: 0.4581 - corr: 0.7866 - val_loss: 0.0468 - val_xent: 0.4818 - val_corr: 0.7409
Current time ....546.068
Epoch 37/100
 - 15s - loss: 0.0383 - xent: 0.4581 - corr: 0.7866 - val_loss: 0.0467 - val_xent: 0.4815 - val_corr: 0.7416
Current time ....561.449
Epoch 38/100
 - 15s - loss: 0.0382 - xent: 0.4581 - corr: 0.7866 - val_loss: 0.0466 - val_xent: 0.4815 - val_corr: 0.7419
Current time ....576.570
Epoch 39/100
 - 15s - loss: 0.0382 - xent: 0.4581 - corr: 0.7866 - val_loss: 0.0467 - val_xent: 0.4818 - val_corr: 0.7416
Current time ....591.619
Epoch 40/100
 - 15s - loss: 0.0383 - xent: 0.4581 - corr: 0.7864 - val_loss: 0.0467 - val_xent: 0.4815 - val_corr: 0.7414
Current time ....606.901
Epoch 41/100
 - 15s - loss: 0.0382 - xent: 0.4581 - corr: 0.7866 - val_loss: 0.0467 - val_xent: 0.4815 - val_corr: 0.7417
Current time ....622.085
Epoch 42/100
 - 15s - loss: 0.0382 - xent: 0.4581 - corr: 0.7866 - val_loss: 0.0467 - val_xent: 0.4815 - val_corr: 0.7416
Current time ....637.155
Epoch 43/100
 - 15s - loss: 0.0382 - xent: 0.4580 - corr: 0.7866 - val_loss: 0.0467 - val_xent: 0.4817 - val_corr: 0.7413
Current time ....652.245
Epoch 44/100
 - 15s - loss: 0.0382 - xent: 0.4580 - corr: 0.7866 - val_loss: 0.0467 - val_xent: 0.4817 - val_corr: 0.7414
Current time ....667.224
Epoch 45/100
 - 15s - loss: 0.0383 - xent: 0.4581 - corr: 0.7865 - val_loss: 0.0467 - val_xent: 0.4816 - val_corr: 0.7415
Current time ....682.228
Epoch 46/100
 - 15s - loss: 0.0382 - xent: 0.4580 - corr: 0.7866 - val_loss: 0.0467 - val_xent: 0.4814 - val_corr: 0.7417
Current time ....697.436
Epoch 47/100
 - 15s - loss: 0.0382 - xent: 0.4581 - corr: 0.7866 - val_loss: 0.0467 - val_xent: 0.4819 - val_corr: 0.7415
Current time ....712.407
Epoch 48/100
 - 15s - loss: 0.0382 - xent: 0.4580 - corr: 0.7866 - val_loss: 0.0466 - val_xent: 0.4813 - val_corr: 0.7420
Current time ....727.600
Epoch 49/100
 - 15s - loss: 0.0382 - xent: 0.4580 - corr: 0.7866 - val_loss: 0.0466 - val_xent: 0.4813 - val_corr: 0.7422
Current time ....742.642
Epoch 50/100
 - 15s - loss: 0.0383 - xent: 0.4580 - corr: 0.7866 - val_loss: 0.0466 - val_xent: 0.4814 - val_corr: 0.7420
Current time ....757.916
Epoch 51/100
 - 15s - loss: 0.0382 - xent: 0.4580 - corr: 0.7866 - val_loss: 0.0466 - val_xent: 0.4814 - val_corr: 0.7422
Current time ....773.114
Epoch 52/100
 - 15s - loss: 0.0382 - xent: 0.4580 - corr: 0.7866 - val_loss: 0.0466 - val_xent: 0.4814 - val_corr: 0.7419
Current time ....788.377
Epoch 53/100
 - 15s - loss: 0.0382 - xent: 0.4580 - corr: 0.7866 - val_loss: 0.0467 - val_xent: 0.4816 - val_corr: 0.7416
Current time ....803.315
Epoch 54/100
 - 15s - loss: 0.0382 - xent: 0.4580 - corr: 0.7866 - val_loss: 0.0467 - val_xent: 0.4816 - val_corr: 0.7415
Current time ....818.507
Epoch 55/100
 - 15s - loss: 0.0383 - xent: 0.4580 - corr: 0.7865 - val_loss: 0.0467 - val_xent: 0.4814 - val_corr: 0.7416
Current time ....833.783
Epoch 56/100
 - 15s - loss: 0.0383 - xent: 0.4581 - corr: 0.7865 - val_loss: 0.0466 - val_xent: 0.4815 - val_corr: 0.7419
Current time ....849.032
Epoch 57/100
 - 15s - loss: 0.0382 - xent: 0.4580 - corr: 0.7866 - val_loss: 0.0466 - val_xent: 0.4816 - val_corr: 0.7420
Current time ....864.396
Epoch 58/100
 - 15s - loss: 0.0382 - xent: 0.4580 - corr: 0.7867 - val_loss: 0.0467 - val_xent: 0.4817 - val_corr: 0.7416
Current time ....879.541
Epoch 59/100
 - 15s - loss: 0.0382 - xent: 0.4580 - corr: 0.7867 - val_loss: 0.0466 - val_xent: 0.4815 - val_corr: 0.7418
Current time ....894.866
Epoch 60/100
 - 15s - loss: 0.0382 - xent: 0.4580 - corr: 0.7867 - val_loss: 0.0467 - val_xent: 0.4815 - val_corr: 0.7416
Current time ....909.964
Epoch 61/100
 - 15s - loss: 0.0382 - xent: 0.4580 - corr: 0.7866 - val_loss: 0.0467 - val_xent: 0.4818 - val_corr: 0.7415
Current time ....925.055
Epoch 62/100
 - 15s - loss: 0.0382 - xent: 0.4580 - corr: 0.7866 - val_loss: 0.0467 - val_xent: 0.4817 - val_corr: 0.7415
Current time ....940.039
Epoch 63/100
 - 15s - loss: 0.0382 - xent: 0.4580 - corr: 0.7866 - val_loss: 0.0467 - val_xent: 0.4816 - val_corr: 0.7417
Current time ....955.183
Epoch 64/100
 - 15s - loss: 0.0382 - xent: 0.4580 - corr: 0.7866 - val_loss: 0.0467 - val_xent: 0.4816 - val_corr: 0.7411
Current time ....970.503
Epoch 65/100
 - 15s - loss: 0.0382 - xent: 0.4580 - corr: 0.7866 - val_loss: 0.0467 - val_xent: 0.4815 - val_corr: 0.7414
Current time ....985.688
Epoch 66/100
 - 15s - loss: 0.0382 - xent: 0.4580 - corr: 0.7867 - val_loss: 0.0467 - val_xent: 0.4817 - val_corr: 0.7413
Current time ....1000.834
Epoch 67/100
 - 15s - loss: 0.0382 - xent: 0.4580 - corr: 0.7866 - val_loss: 0.0467 - val_xent: 0.4819 - val_corr: 0.7414
Current time ....1016.000
Epoch 68/100
 - 15s - loss: 0.0382 - xent: 0.4580 - corr: 0.7866 - val_loss: 0.0467 - val_xent: 0.4816 - val_corr: 0.7413
Current time ....1031.173
Epoch 69/100
 - 16s - loss: 0.0382 - xent: 0.4580 - corr: 0.7867 - val_loss: 0.0466 - val_xent: 0.4815 - val_corr: 0.7420
Current time ....1046.674
Epoch 70/100
 - 16s - loss: 0.0382 - xent: 0.4580 - corr: 0.7866 - val_loss: 0.0466 - val_xent: 0.4815 - val_corr: 0.7420
Current time ....1062.255
Epoch 71/100
 - 15s - loss: 0.0382 - xent: 0.4580 - corr: 0.7867 - val_loss: 0.0466 - val_xent: 0.4814 - val_corr: 0.7420
Current time ....1077.499
Epoch 72/100
 - 15s - loss: 0.0382 - xent: 0.4580 - corr: 0.7866 - val_loss: 0.0467 - val_xent: 0.4816 - val_corr: 0.7415
Current time ....1092.802
Epoch 73/100
 - 15s - loss: 0.0382 - xent: 0.4580 - corr: 0.7867 - val_loss: 0.0466 - val_xent: 0.4814 - val_corr: 0.7422
Current time ....1107.958
Epoch 74/100
 - 15s - loss: 0.0382 - xent: 0.4580 - corr: 0.7867 - val_loss: 0.0466 - val_xent: 0.4815 - val_corr: 0.7418
Current time ....1122.920
Epoch 75/100
 - 15s - loss: 0.0382 - xent: 0.4580 - corr: 0.7867 - val_loss: 0.0466 - val_xent: 0.4815 - val_corr: 0.7418
Current time ....1138.002
Epoch 76/100
 - 15s - loss: 0.0382 - xent: 0.4580 - corr: 0.7867 - val_loss: 0.0467 - val_xent: 0.4816 - val_corr: 0.7416
Current time ....1153.297
Epoch 77/100
 - 15s - loss: 0.0382 - xent: 0.4580 - corr: 0.7867 - val_loss: 0.0466 - val_xent: 0.4816 - val_corr: 0.7421
Current time ....1168.333
Epoch 78/100
 - 15s - loss: 0.0382 - xent: 0.4580 - corr: 0.7867 - val_loss: 0.0467 - val_xent: 0.4819 - val_corr: 0.7414
Current time ....1183.508
Epoch 79/100
 - 15s - loss: 0.0382 - xent: 0.4580 - corr: 0.7867 - val_loss: 0.0466 - val_xent: 0.4816 - val_corr: 0.7420
Current time ....1198.688
Epoch 80/100
 - 15s - loss: 0.0382 - xent: 0.4580 - corr: 0.7867 - val_loss: 0.0466 - val_xent: 0.4815 - val_corr: 0.7420
Current time ....1213.683
Epoch 81/100
 - 15s - loss: 0.0382 - xent: 0.4580 - corr: 0.7867 - val_loss: 0.0466 - val_xent: 0.4814 - val_corr: 0.7419
Current time ....1228.919
Epoch 82/100
 - 15s - loss: 0.0382 - xent: 0.4580 - corr: 0.7867 - val_loss: 0.0467 - val_xent: 0.4816 - val_corr: 0.7411
Current time ....1244.080
Epoch 83/100
 - 15s - loss: 0.0382 - xent: 0.4580 - corr: 0.7867 - val_loss: 0.0467 - val_xent: 0.4818 - val_corr: 0.7414
Current time ....1259.310
Epoch 84/100
 - 15s - loss: 0.0382 - xent: 0.4579 - corr: 0.7867 - val_loss: 0.0466 - val_xent: 0.4813 - val_corr: 0.7417
Current time ....1274.576
Epoch 85/100
 - 15s - loss: 0.0382 - xent: 0.4580 - corr: 0.7867 - val_loss: 0.0467 - val_xent: 0.4818 - val_corr: 0.7415
Current time ....1289.766
Epoch 86/100
 - 15s - loss: 0.0382 - xent: 0.4579 - corr: 0.7868 - val_loss: 0.0466 - val_xent: 0.4814 - val_corr: 0.7419
Current time ....1304.932
Epoch 87/100
 - 15s - loss: 0.0382 - xent: 0.4579 - corr: 0.7867 - val_loss: 0.0467 - val_xent: 0.4819 - val_corr: 0.7417
Current time ....1320.004
Epoch 88/100
 - 15s - loss: 0.0382 - xent: 0.4579 - corr: 0.7867 - val_loss: 0.0466 - val_xent: 0.4814 - val_corr: 0.7419
Current time ....1335.117
Epoch 89/100
 - 15s - loss: 0.0382 - xent: 0.4580 - corr: 0.7867 - val_loss: 0.0468 - val_xent: 0.4819 - val_corr: 0.7413
Current time ....1350.240
Epoch 90/100
 - 15s - loss: 0.0382 - xent: 0.4580 - corr: 0.7867 - val_loss: 0.0467 - val_xent: 0.4818 - val_corr: 0.7414
Current time ....1365.438
Epoch 91/100
 - 15s - loss: 0.0382 - xent: 0.4579 - corr: 0.7867 - val_loss: 0.0467 - val_xent: 0.4814 - val_corr: 0.7417
Current time ....1380.495
Epoch 92/100
 - 15s - loss: 0.0382 - xent: 0.4579 - corr: 0.7867 - val_loss: 0.0466 - val_xent: 0.4813 - val_corr: 0.7421
Current time ....1395.646
Epoch 93/100
 - 15s - loss: 0.0382 - xent: 0.4579 - corr: 0.7867 - val_loss: 0.0467 - val_xent: 0.4818 - val_corr: 0.7416
Current time ....1410.743
Epoch 94/100
 - 15s - loss: 0.0382 - xent: 0.4579 - corr: 0.7867 - val_loss: 0.0467 - val_xent: 0.4817 - val_corr: 0.7415
Current time ....1425.769
Epoch 95/100
 - 15s - loss: 0.0382 - xent: 0.4579 - corr: 0.7867 - val_loss: 0.0466 - val_xent: 0.4813 - val_corr: 0.7420
Current time ....1441.150
Epoch 96/100
 - 15s - loss: 0.0382 - xent: 0.4579 - corr: 0.7867 - val_loss: 0.0468 - val_xent: 0.4820 - val_corr: 0.7413
Current time ....1456.229
Epoch 97/100
 - 15s - loss: 0.0382 - xent: 0.4579 - corr: 0.7867 - val_loss: 0.0466 - val_xent: 0.4815 - val_corr: 0.7420
Current time ....1471.510
Epoch 98/100
 - 15s - loss: 0.0382 - xent: 0.4579 - corr: 0.7867 - val_loss: 0.0466 - val_xent: 0.4814 - val_corr: 0.7418
Current time ....1486.761
Epoch 99/100
 - 15s - loss: 0.0382 - xent: 0.4579 - corr: 0.7867 - val_loss: 0.0466 - val_xent: 0.4815 - val_corr: 0.7418
Current time ....1501.914
Epoch 100/100
 - 15s - loss: 0.0382 - xent: 0.4579 - corr: 0.7867 - val_loss: 0.0466 - val_xent: 0.4812 - val_corr: 0.7420
Current time ....1517.187
