Importing candle utils for keras
Configuration file:  /gpfs/mira-home/apeck/Modified_Benchmarks/Pilot1/P1B1/p1b1_default_model.txt
{'activation': 'relu',
 'alpha_dropout': False,
 'base_lr': None,
 'batch_normalization': False,
 'batch_size': 100,
 'dense': [2000, 600],
 'drop': 0,
 'epochs': 100,
 'epsilon_std': 1.0,
 'feature_subsample': 0,
 'file_test': 'P1B1.dev.test.csv',
 'file_train': 'P1B1.dev.train.csv',
 'initialization': 'glorot_uniform',
 'latent_dim': 2,
 'learning_rate': None,
 'loss': 'mse',
 'model': 'ae',
 'model_name': 'p1b1',
 'noise_factor': 0,
 'optimizer': 'adam',
 'rng_seed': 2017,
 'save_path': 'save',
 'scaling': 'minmax',
 'solr_root': '',
 'timeout': 3600,
 'url_p1b1': 'http://ftp.mcs.anl.gov/pub/candle/public/benchmarks/P1B1/',
 'validation_split': 0.1}
Params:
{'activation': 'relu',
 'alpha_dropout': False,
 'base_lr': None,
 'batch_normalization': False,
 'batch_size': 100,
 'cp': False,
 'datatype': <class 'numpy.float32'>,
 'dense': [2000, 600],
 'drop': 0,
 'epochs': 100,
 'epsilon_std': 1.0,
 'experiment_id': 'EXP000',
 'feature_subsample': 0,
 'file_test': 'P1B1.dev.test.csv',
 'file_train': 'P1B1.dev.train.csv',
 'gpus': [],
 'initialization': 'glorot_uniform',
 'latent_dim': 2,
 'learning_rate': None,
 'logfile': None,
 'loss': 'mse',
 'model': 'ae',
 'model_name': 'p1b1',
 'noise_factor': 0,
 'optimizer': 'adam',
 'output_dir': '/gpfs/mira-home/apeck/CANDLE_testing/avery_modified_results/Output/EXP000/RUN000',
 'reduce_lr': False,
 'residual': False,
 'rng_seed': 2017,
 'run_id': 'RUN000',
 'save_path': 'save',
 'scaling': 'minmax',
 'shuffle': False,
 'solr_root': '',
 'tb': False,
 'timeout': 3600,
 'train_bool': True,
 'tsne': False,
 'url_p1b1': 'http://ftp.mcs.anl.gov/pub/candle/public/benchmarks/P1B1/',
 'use_landmark_genes': False,
 'validation_split': 0.1,
 'verbose': None,
 'warmup_lr': False}
_________________________________________________________________
Layer (type)                 Output Shape              Param #   
=================================================================
input_1 (InputLayer)         (None, 60483)             0         
_________________________________________________________________
dense_1 (Dense)              (None, 2000)              120968000 
_________________________________________________________________
dense_2 (Dense)              (None, 600)               1200600   
_________________________________________________________________
dense_3 (Dense)              (None, 2)                 1202      
_________________________________________________________________
model_2 (Model)              (None, 60483)             122230283 
=================================================================
Total params: 244,400,085
Trainable params: 244,400,085
Non-trainable params: 0
_________________________________________________________________
_________________________________________________________________
Layer (type)                 Output Shape              Param #   
=================================================================
input_3 (InputLayer)         (None, 2)                 0         
_________________________________________________________________
dense_4 (Dense)              (None, 600)               1800      
_________________________________________________________________
dense_5 (Dense)              (None, 2000)              1202000   
_________________________________________________________________
dense_6 (Dense)              (None, 60483)             121026483 
=================================================================
Total params: 122,230,283
Trainable params: 122,230,283
Non-trainable params: 0
_________________________________________________________________
Train on 2700 samples, validate on 300 samples
Epoch 1/100
 - 26s - loss: 0.1326 - xent: 0.6902 - corr: 89.1178 - val_loss: 0.1302 - val_xent: 0.6836 - val_corr: 0.7155
Current time ....25.703
Epoch 2/100
 - 15s - loss: 0.0912 - xent: 0.6012 - corr: 0.7776 - val_loss: 0.0484 - val_xent: 0.4910 - val_corr: 0.7308
Current time ....40.869
Epoch 3/100
 - 15s - loss: 0.0399 - xent: 0.4672 - corr: 0.7787 - val_loss: 0.0477 - val_xent: 0.4895 - val_corr: 0.7369
Current time ....56.206
Epoch 4/100
 - 15s - loss: 0.0385 - xent: 0.4605 - corr: 0.7851 - val_loss: 0.0469 - val_xent: 0.4837 - val_corr: 0.7407
Current time ....71.375
Epoch 5/100
 - 15s - loss: 0.0383 - xent: 0.4591 - corr: 0.7864 - val_loss: 0.0467 - val_xent: 0.4825 - val_corr: 0.7412
Current time ....86.293
Epoch 6/100
 - 15s - loss: 0.0383 - xent: 0.4588 - corr: 0.7865 - val_loss: 0.0466 - val_xent: 0.4821 - val_corr: 0.7417
Current time ....101.211
Epoch 7/100
 - 15s - loss: 0.0382 - xent: 0.4587 - corr: 0.7866 - val_loss: 0.0467 - val_xent: 0.4821 - val_corr: 0.7411
Current time ....116.002
Epoch 8/100
 - 15s - loss: 0.0383 - xent: 0.4586 - corr: 0.7866 - val_loss: 0.0467 - val_xent: 0.4819 - val_corr: 0.7416
Current time ....131.133
Epoch 9/100
 - 15s - loss: 0.0382 - xent: 0.4585 - corr: 0.7866 - val_loss: 0.0467 - val_xent: 0.4819 - val_corr: 0.7415
Current time ....146.107
Epoch 10/100
 - 15s - loss: 0.0383 - xent: 0.4584 - corr: 0.7865 - val_loss: 0.0467 - val_xent: 0.4819 - val_corr: 0.7414
Current time ....161.304
Epoch 11/100
 - 15s - loss: 0.0383 - xent: 0.4584 - corr: 0.7865 - val_loss: 0.0466 - val_xent: 0.4816 - val_corr: 0.7421
Current time ....176.505
Epoch 12/100
 - 15s - loss: 0.0382 - xent: 0.4583 - corr: 0.7866 - val_loss: 0.0467 - val_xent: 0.4817 - val_corr: 0.7416
Current time ....191.538
Epoch 13/100
 - 15s - loss: 0.0383 - xent: 0.4583 - corr: 0.7865 - val_loss: 0.0467 - val_xent: 0.4818 - val_corr: 0.7413
Current time ....206.564
Epoch 14/100
 - 15s - loss: 0.0383 - xent: 0.4583 - corr: 0.7865 - val_loss: 0.0466 - val_xent: 0.4816 - val_corr: 0.7424
Current time ....221.910
Epoch 15/100
 - 15s - loss: 0.0383 - xent: 0.4582 - corr: 0.7866 - val_loss: 0.0467 - val_xent: 0.4816 - val_corr: 0.7416
Current time ....237.068
Epoch 16/100
 - 15s - loss: 0.0382 - xent: 0.4582 - corr: 0.7866 - val_loss: 0.0468 - val_xent: 0.4819 - val_corr: 0.7410
Current time ....252.305
Epoch 17/100
 - 15s - loss: 0.0383 - xent: 0.4582 - corr: 0.7864 - val_loss: 0.0466 - val_xent: 0.4816 - val_corr: 0.7418
Current time ....267.446
Epoch 18/100
 - 15s - loss: 0.0383 - xent: 0.4582 - corr: 0.7866 - val_loss: 0.0467 - val_xent: 0.4817 - val_corr: 0.7414
Current time ....282.703
Epoch 19/100
 - 15s - loss: 0.0383 - xent: 0.4582 - corr: 0.7865 - val_loss: 0.0467 - val_xent: 0.4817 - val_corr: 0.7413
Current time ....298.003
Epoch 20/100
 - 15s - loss: 0.0383 - xent: 0.4582 - corr: 0.7865 - val_loss: 0.0467 - val_xent: 0.4816 - val_corr: 0.7416
Current time ....313.217
Epoch 21/100
 - 15s - loss: 0.0383 - xent: 0.4581 - corr: 0.7865 - val_loss: 0.0467 - val_xent: 0.4817 - val_corr: 0.7417
Current time ....328.312
Epoch 22/100
 - 15s - loss: 0.0383 - xent: 0.4582 - corr: 0.7865 - val_loss: 0.0467 - val_xent: 0.4817 - val_corr: 0.7418
Current time ....343.465
Epoch 23/100
 - 15s - loss: 0.0383 - xent: 0.4581 - corr: 0.7865 - val_loss: 0.0467 - val_xent: 0.4816 - val_corr: 0.7416
Current time ....358.694
Epoch 24/100
 - 15s - loss: 0.0383 - xent: 0.4581 - corr: 0.7865 - val_loss: 0.0467 - val_xent: 0.4816 - val_corr: 0.7416
Current time ....373.708
Epoch 25/100
 - 15s - loss: 0.0383 - xent: 0.4581 - corr: 0.7865 - val_loss: 0.0468 - val_xent: 0.4820 - val_corr: 0.7408
Current time ....388.768
Epoch 26/100
 - 15s - loss: 0.0383 - xent: 0.4581 - corr: 0.7865 - val_loss: 0.0467 - val_xent: 0.4817 - val_corr: 0.7415
Current time ....403.694
Epoch 27/100
 - 15s - loss: 0.0383 - xent: 0.4581 - corr: 0.7866 - val_loss: 0.0468 - val_xent: 0.4820 - val_corr: 0.7408
Current time ....418.646
Epoch 28/100
 - 15s - loss: 0.0383 - xent: 0.4581 - corr: 0.7866 - val_loss: 0.0468 - val_xent: 0.4819 - val_corr: 0.7408
Current time ....433.625
Epoch 29/100
 - 15s - loss: 0.0383 - xent: 0.4581 - corr: 0.7865 - val_loss: 0.0467 - val_xent: 0.4816 - val_corr: 0.7417
Current time ....448.697
Epoch 30/100
 - 15s - loss: 0.0383 - xent: 0.4581 - corr: 0.7865 - val_loss: 0.0467 - val_xent: 0.4818 - val_corr: 0.7414
Current time ....463.636
Epoch 31/100
 - 15s - loss: 0.0382 - xent: 0.4581 - corr: 0.7866 - val_loss: 0.0466 - val_xent: 0.4815 - val_corr: 0.7418
Current time ....478.375
Epoch 32/100
 - 15s - loss: 0.0382 - xent: 0.4581 - corr: 0.7866 - val_loss: 0.0468 - val_xent: 0.4819 - val_corr: 0.7411
Current time ....493.067
Epoch 33/100
 - 15s - loss: 0.0382 - xent: 0.4581 - corr: 0.7866 - val_loss: 0.0467 - val_xent: 0.4817 - val_corr: 0.7417
Current time ....508.366
Epoch 34/100
 - 15s - loss: 0.0382 - xent: 0.4581 - corr: 0.7866 - val_loss: 0.0467 - val_xent: 0.4816 - val_corr: 0.7417
Current time ....523.574
Epoch 35/100
 - 15s - loss: 0.0383 - xent: 0.4581 - corr: 0.7865 - val_loss: 0.0467 - val_xent: 0.4818 - val_corr: 0.7415
Current time ....538.588
Epoch 36/100
 - 15s - loss: 0.0383 - xent: 0.4581 - corr: 0.7866 - val_loss: 0.0468 - val_xent: 0.4818 - val_corr: 0.7409
Current time ....553.666
Epoch 37/100
 - 15s - loss: 0.0383 - xent: 0.4581 - corr: 0.7866 - val_loss: 0.0467 - val_xent: 0.4815 - val_corr: 0.7416
Current time ....568.873
Epoch 38/100
 - 15s - loss: 0.0382 - xent: 0.4581 - corr: 0.7866 - val_loss: 0.0466 - val_xent: 0.4815 - val_corr: 0.7419
Current time ....584.075
Epoch 39/100
 - 15s - loss: 0.0382 - xent: 0.4581 - corr: 0.7866 - val_loss: 0.0467 - val_xent: 0.4818 - val_corr: 0.7416
Current time ....599.267
Epoch 40/100
 - 15s - loss: 0.0383 - xent: 0.4581 - corr: 0.7864 - val_loss: 0.0467 - val_xent: 0.4815 - val_corr: 0.7414
Current time ....614.481
Epoch 41/100
 - 15s - loss: 0.0382 - xent: 0.4581 - corr: 0.7866 - val_loss: 0.0467 - val_xent: 0.4815 - val_corr: 0.7417
Current time ....629.624
Epoch 42/100
 - 15s - loss: 0.0382 - xent: 0.4581 - corr: 0.7866 - val_loss: 0.0467 - val_xent: 0.4815 - val_corr: 0.7416
Current time ....644.278
Epoch 43/100
 - 15s - loss: 0.0382 - xent: 0.4580 - corr: 0.7866 - val_loss: 0.0467 - val_xent: 0.4817 - val_corr: 0.7413
Current time ....659.380
Epoch 44/100
 - 15s - loss: 0.0382 - xent: 0.4580 - corr: 0.7866 - val_loss: 0.0467 - val_xent: 0.4817 - val_corr: 0.7414
Current time ....674.466
Epoch 45/100
 - 15s - loss: 0.0383 - xent: 0.4581 - corr: 0.7865 - val_loss: 0.0467 - val_xent: 0.4816 - val_corr: 0.7415
Current time ....689.521
Epoch 46/100
 - 15s - loss: 0.0382 - xent: 0.4580 - corr: 0.7866 - val_loss: 0.0467 - val_xent: 0.4814 - val_corr: 0.7417
Current time ....704.677
Epoch 47/100
 - 15s - loss: 0.0382 - xent: 0.4581 - corr: 0.7866 - val_loss: 0.0467 - val_xent: 0.4819 - val_corr: 0.7415
Current time ....719.583
Epoch 48/100
 - 15s - loss: 0.0382 - xent: 0.4580 - corr: 0.7866 - val_loss: 0.0466 - val_xent: 0.4813 - val_corr: 0.7420
Current time ....734.808
Epoch 49/100
 - 15s - loss: 0.0382 - xent: 0.4580 - corr: 0.7866 - val_loss: 0.0466 - val_xent: 0.4813 - val_corr: 0.7422
Current time ....749.999
Epoch 50/100
 - 15s - loss: 0.0383 - xent: 0.4580 - corr: 0.7866 - val_loss: 0.0466 - val_xent: 0.4814 - val_corr: 0.7420
Current time ....765.173
Epoch 51/100
 - 15s - loss: 0.0382 - xent: 0.4580 - corr: 0.7866 - val_loss: 0.0466 - val_xent: 0.4814 - val_corr: 0.7422
Current time ....780.288
Epoch 52/100
 - 15s - loss: 0.0382 - xent: 0.4580 - corr: 0.7866 - val_loss: 0.0466 - val_xent: 0.4814 - val_corr: 0.7419
Current time ....795.524
Epoch 53/100
 - 15s - loss: 0.0382 - xent: 0.4580 - corr: 0.7866 - val_loss: 0.0467 - val_xent: 0.4816 - val_corr: 0.7416
Current time ....810.427
Epoch 54/100
 - 15s - loss: 0.0382 - xent: 0.4580 - corr: 0.7866 - val_loss: 0.0467 - val_xent: 0.4816 - val_corr: 0.7415
Current time ....825.669
Epoch 55/100
 - 15s - loss: 0.0383 - xent: 0.4580 - corr: 0.7865 - val_loss: 0.0467 - val_xent: 0.4814 - val_corr: 0.7416
Current time ....840.922
Epoch 56/100
 - 15s - loss: 0.0383 - xent: 0.4581 - corr: 0.7865 - val_loss: 0.0466 - val_xent: 0.4815 - val_corr: 0.7419
Current time ....856.008
Epoch 57/100
 - 15s - loss: 0.0382 - xent: 0.4580 - corr: 0.7866 - val_loss: 0.0466 - val_xent: 0.4816 - val_corr: 0.7420
Current time ....871.285
Epoch 58/100
 - 15s - loss: 0.0382 - xent: 0.4580 - corr: 0.7867 - val_loss: 0.0467 - val_xent: 0.4817 - val_corr: 0.7416
Current time ....886.353
Epoch 59/100
 - 15s - loss: 0.0382 - xent: 0.4580 - corr: 0.7867 - val_loss: 0.0466 - val_xent: 0.4815 - val_corr: 0.7418
Current time ....901.480
Epoch 60/100
 - 15s - loss: 0.0382 - xent: 0.4580 - corr: 0.7867 - val_loss: 0.0467 - val_xent: 0.4815 - val_corr: 0.7416
Current time ....916.938
Epoch 61/100
 - 15s - loss: 0.0382 - xent: 0.4580 - corr: 0.7866 - val_loss: 0.0467 - val_xent: 0.4818 - val_corr: 0.7415
Current time ....932.126
Epoch 62/100
 - 16s - loss: 0.0382 - xent: 0.4580 - corr: 0.7866 - val_loss: 0.0467 - val_xent: 0.4817 - val_corr: 0.7415
Current time ....947.660
Epoch 63/100
 - 15s - loss: 0.0382 - xent: 0.4580 - corr: 0.7866 - val_loss: 0.0467 - val_xent: 0.4816 - val_corr: 0.7417
Current time ....962.768
Epoch 64/100
 - 15s - loss: 0.0382 - xent: 0.4580 - corr: 0.7866 - val_loss: 0.0467 - val_xent: 0.4816 - val_corr: 0.7411
Current time ....977.864
Epoch 65/100
 - 15s - loss: 0.0382 - xent: 0.4580 - corr: 0.7866 - val_loss: 0.0467 - val_xent: 0.4815 - val_corr: 0.7414
Current time ....993.183
Epoch 66/100
 - 15s - loss: 0.0382 - xent: 0.4580 - corr: 0.7867 - val_loss: 0.0467 - val_xent: 0.4817 - val_corr: 0.7413
Current time ....1008.182
Epoch 67/100
 - 15s - loss: 0.0382 - xent: 0.4580 - corr: 0.7866 - val_loss: 0.0467 - val_xent: 0.4819 - val_corr: 0.7414
Current time ....1023.263
Epoch 68/100
 - 15s - loss: 0.0382 - xent: 0.4580 - corr: 0.7866 - val_loss: 0.0467 - val_xent: 0.4816 - val_corr: 0.7413
Current time ....1038.617
Epoch 69/100
 - 15s - loss: 0.0382 - xent: 0.4580 - corr: 0.7867 - val_loss: 0.0466 - val_xent: 0.4815 - val_corr: 0.7420
Current time ....1053.483
Epoch 70/100
 - 15s - loss: 0.0382 - xent: 0.4580 - corr: 0.7866 - val_loss: 0.0466 - val_xent: 0.4815 - val_corr: 0.7420
Current time ....1068.492
Epoch 71/100
 - 15s - loss: 0.0382 - xent: 0.4580 - corr: 0.7867 - val_loss: 0.0466 - val_xent: 0.4814 - val_corr: 0.7420
Current time ....1083.321
Epoch 72/100
 - 15s - loss: 0.0382 - xent: 0.4580 - corr: 0.7866 - val_loss: 0.0467 - val_xent: 0.4816 - val_corr: 0.7415
Current time ....1098.388
Epoch 73/100
 - 15s - loss: 0.0382 - xent: 0.4580 - corr: 0.7867 - val_loss: 0.0466 - val_xent: 0.4814 - val_corr: 0.7422
Current time ....1113.278
Epoch 74/100
 - 15s - loss: 0.0382 - xent: 0.4580 - corr: 0.7867 - val_loss: 0.0466 - val_xent: 0.4815 - val_corr: 0.7418
Current time ....1127.991
Epoch 75/100
 - 15s - loss: 0.0382 - xent: 0.4580 - corr: 0.7867 - val_loss: 0.0466 - val_xent: 0.4815 - val_corr: 0.7418
Current time ....1143.025
Epoch 76/100
 - 15s - loss: 0.0382 - xent: 0.4580 - corr: 0.7867 - val_loss: 0.0467 - val_xent: 0.4816 - val_corr: 0.7416
Current time ....1158.301
Epoch 77/100
 - 15s - loss: 0.0382 - xent: 0.4580 - corr: 0.7867 - val_loss: 0.0466 - val_xent: 0.4816 - val_corr: 0.7421
Current time ....1173.397
Epoch 78/100
 - 15s - loss: 0.0382 - xent: 0.4580 - corr: 0.7867 - val_loss: 0.0467 - val_xent: 0.4819 - val_corr: 0.7414
Current time ....1188.572
Epoch 79/100
 - 15s - loss: 0.0382 - xent: 0.4580 - corr: 0.7867 - val_loss: 0.0466 - val_xent: 0.4816 - val_corr: 0.7420
Current time ....1203.627
Epoch 80/100
 - 15s - loss: 0.0382 - xent: 0.4580 - corr: 0.7867 - val_loss: 0.0466 - val_xent: 0.4815 - val_corr: 0.7420
Current time ....1218.660
Epoch 81/100
 - 15s - loss: 0.0382 - xent: 0.4580 - corr: 0.7867 - val_loss: 0.0466 - val_xent: 0.4814 - val_corr: 0.7419
Current time ....1233.786
Epoch 82/100
 - 15s - loss: 0.0382 - xent: 0.4580 - corr: 0.7867 - val_loss: 0.0467 - val_xent: 0.4816 - val_corr: 0.7411
Current time ....1248.729
Epoch 83/100
 - 15s - loss: 0.0382 - xent: 0.4580 - corr: 0.7867 - val_loss: 0.0467 - val_xent: 0.4818 - val_corr: 0.7414
Current time ....1264.005
Epoch 84/100
 - 15s - loss: 0.0382 - xent: 0.4579 - corr: 0.7867 - val_loss: 0.0466 - val_xent: 0.4813 - val_corr: 0.7417
Current time ....1279.219
Epoch 85/100
 - 15s - loss: 0.0382 - xent: 0.4580 - corr: 0.7867 - val_loss: 0.0467 - val_xent: 0.4818 - val_corr: 0.7415
Current time ....1294.184
Epoch 86/100
 - 15s - loss: 0.0382 - xent: 0.4579 - corr: 0.7868 - val_loss: 0.0466 - val_xent: 0.4814 - val_corr: 0.7419
Current time ....1309.129
Epoch 87/100
 - 15s - loss: 0.0382 - xent: 0.4579 - corr: 0.7867 - val_loss: 0.0467 - val_xent: 0.4819 - val_corr: 0.7417
Current time ....1324.211
Epoch 88/100
 - 15s - loss: 0.0382 - xent: 0.4579 - corr: 0.7867 - val_loss: 0.0466 - val_xent: 0.4814 - val_corr: 0.7419
Current time ....1339.230
Epoch 89/100
 - 15s - loss: 0.0382 - xent: 0.4580 - corr: 0.7867 - val_loss: 0.0468 - val_xent: 0.4819 - val_corr: 0.7413
Current time ....1354.119
Epoch 90/100
 - 15s - loss: 0.0382 - xent: 0.4580 - corr: 0.7867 - val_loss: 0.0467 - val_xent: 0.4818 - val_corr: 0.7414
Current time ....1369.398
Epoch 91/100
 - 15s - loss: 0.0382 - xent: 0.4579 - corr: 0.7867 - val_loss: 0.0467 - val_xent: 0.4814 - val_corr: 0.7417
Current time ....1384.688
Epoch 92/100
 - 15s - loss: 0.0382 - xent: 0.4579 - corr: 0.7867 - val_loss: 0.0466 - val_xent: 0.4813 - val_corr: 0.7421
Current time ....1399.832
Epoch 93/100
 - 15s - loss: 0.0382 - xent: 0.4579 - corr: 0.7867 - val_loss: 0.0467 - val_xent: 0.4818 - val_corr: 0.7416
Current time ....1414.726
Epoch 94/100
 - 15s - loss: 0.0382 - xent: 0.4579 - corr: 0.7867 - val_loss: 0.0467 - val_xent: 0.4817 - val_corr: 0.7415
Current time ....1429.953
Epoch 95/100
 - 15s - loss: 0.0382 - xent: 0.4579 - corr: 0.7867 - val_loss: 0.0466 - val_xent: 0.4813 - val_corr: 0.7420
Current time ....1444.955
Epoch 96/100
 - 15s - loss: 0.0382 - xent: 0.4579 - corr: 0.7867 - val_loss: 0.0468 - val_xent: 0.4820 - val_corr: 0.7413
Current time ....1459.901
Epoch 97/100
 - 15s - loss: 0.0382 - xent: 0.4579 - corr: 0.7867 - val_loss: 0.0466 - val_xent: 0.4815 - val_corr: 0.7420
Current time ....1474.998
Epoch 98/100
 - 15s - loss: 0.0382 - xent: 0.4579 - corr: 0.7867 - val_loss: 0.0466 - val_xent: 0.4814 - val_corr: 0.7418
Current time ....1489.869
Epoch 99/100
 - 15s - loss: 0.0382 - xent: 0.4579 - corr: 0.7867 - val_loss: 0.0466 - val_xent: 0.4815 - val_corr: 0.7418
Current time ....1504.853
Epoch 100/100
 - 15s - loss: 0.0382 - xent: 0.4579 - corr: 0.7867 - val_loss: 0.0466 - val_xent: 0.4812 - val_corr: 0.7420
Current time ....1519.713
