Importing candle utils for keras
Configuration file:  /gpfs/mira-home/apeck/Modified_Benchmarks/Pilot3/P3B1/p3b1_default_model.txt
{'activation': 'relu',
 'batch_size': 10,
 'data_url': 'ftp://ftp.mcs.anl.gov/pub/candle/public/benchmarks/P3B1/',
 'drop': 0.0,
 'epochs': 10,
 'feature_names': 'Primary site:Tumor laterality:Histological grade',
 'ind_nnet_spec': [[2400, 2400, 1200, 1200],
                   [2400, 2400, 1200, 1200],
                   [2400, 2400, 1200, 1200]],
 'initialization': 'glorot_uniform',
 'learning_rate': 0.01,
 'loss': 'categorical_crossentropy',
 'metrics': 'accuracy',
 'model_name': 'p3b1',
 'n_fold': 1,
 'optimizer': 'sgd',
 'out_activation': 'softmax',
 'output_dir': '.',
 'scaling': 'none',
 'shared_nnet_spec': [1200,
                      2400,
                      3600,
                      3600,
                      3600,
                      3600,
                      3600,
                      3600,
                      3600,
                      2400],
 'shuffle': True,
 'timeout': 1800,
 'train_data': 'P3B1_data.tar.gz'}
Params:
{'activation': 'relu',
 'batch_size': 10,
 'case': 'CenterZ',
 'data_url': 'ftp://ftp.mcs.anl.gov/pub/candle/public/benchmarks/P3B1/',
 'datatype': <class 'numpy.float32'>,
 'drop': 0.0,
 'epochs': 10,
 'experiment_id': 'EXP000',
 'feature_names': 'Primary site:Tumor laterality:Histological grade',
 'fig': False,
 'gpus': [],
 'ind_nnet_spec': [[2400, 2400, 1200, 1200],
                   [2400, 2400, 1200, 1200],
                   [2400, 2400, 1200, 1200]],
 'initialization': 'glorot_uniform',
 'learning_rate': 0.01,
 'logfile': None,
 'loss': 'categorical_crossentropy',
 'metrics': 'accuracy',
 'model_name': 'p3b1',
 'n_fold': 1,
 'optimizer': 'sgd',
 'out_activation': 'softmax',
 'output_dir': '/gpfs/mira-home/apeck/CANDLE_testing/avery_modified_results/local_p3',
 'output_files': 'result0_0.csv;result1_0.csv;result2_0.csv',
 'rng_seed': 7102,
 'run_id': 'RUN000',
 'scaling': 'none',
 'shared_nnet_spec': [1200,
                      2400,
                      3600,
                      3600,
                      3600,
                      3600,
                      3600,
                      3600,
                      3600,
                      2400],
 'shuffle': False,
 'timeout': 1800,
 'train_bool': True,
 'train_data': 'P3B1_data.tar.gz',
 'train_features': 'data/task0_0_train_feature.csv;data/task1_0_train_feature.csv;data/task2_0_train_feature.csv',
 'train_truths': 'data/task0_0_train_label.csv;data/task1_0_train_label.csv;data/task2_0_train_label.csv',
 'valid_features': 'data/task0_0_test_feature.csv;data/task1_0_test_feature.csv;data/task2_0_test_feature.csv',
 'valid_truths': 'data/task0_0_test_label.csv;data/task1_0_test_label.csv;data/task2_0_test_label.csv',
 'verbose': None}
Feature names:
Primary site
Tumor laterality
Histological grade
Model:  0
_________________________________________________________________
Layer (type)                 Output Shape              Param #   
=================================================================
input (InputLayer)           (None, 400)               0         
_________________________________________________________________
indiv_layer_0_0 (Dense)      (None, 2400)              962400    
_________________________________________________________________
indiv_layer_0_1 (Dense)      (None, 2400)              5762400   
_________________________________________________________________
indiv_layer_0_2 (Dense)      (None, 1200)              2881200   
_________________________________________________________________
indiv_layer_0_3 (Dense)      (None, 1200)              1441200   
_________________________________________________________________
out_0 (Dense)                (None, 13)                15613     
=================================================================
Total params: 11,062,813
Trainable params: 11,062,813
Non-trainable params: 0
_________________________________________________________________
Model:  1
_________________________________________________________________
Layer (type)                 Output Shape              Param #   
=================================================================
input (InputLayer)           (None, 400)               0         
_________________________________________________________________
indiv_layer_1_0 (Dense)      (None, 2400)              962400    
_________________________________________________________________
indiv_layer_1_1 (Dense)      (None, 2400)              5762400   
_________________________________________________________________
indiv_layer_1_2 (Dense)      (None, 1200)              2881200   
_________________________________________________________________
indiv_layer_1_3 (Dense)      (None, 1200)              1441200   
_________________________________________________________________
out_1 (Dense)                (None, 2)                 2402      
=================================================================
Total params: 11,049,602
Trainable params: 11,049,602
Non-trainable params: 0
_________________________________________________________________
Model:  2
_________________________________________________________________
Layer (type)                 Output Shape              Param #   
=================================================================
input (InputLayer)           (None, 400)               0         
_________________________________________________________________
indiv_layer_2_0 (Dense)      (None, 2400)              962400    
_________________________________________________________________
indiv_layer_2_1 (Dense)      (None, 2400)              5762400   
_________________________________________________________________
indiv_layer_2_2 (Dense)      (None, 1200)              2881200   
_________________________________________________________________
indiv_layer_2_3 (Dense)      (None, 1200)              1441200   
_________________________________________________________________
out_2 (Dense)                (None, 4)                 4804      
=================================================================
Total params: 11,052,004
Trainable params: 11,052,004
Non-trainable params: 0
_________________________________________________________________
Train on 3900 samples, validate on 99 samples
Epoch 1/1

  10/3900 [..............................] - ETA: 9:29 - loss: 2.5608 - acc: 0.2000
  60/3900 [..............................] - ETA: 1:37 - loss: 2.5632 - acc: 0.1167
 110/3900 [..............................] - ETA: 54s - loss: 2.5640 - acc: 0.1000 
 160/3900 [>.............................] - ETA: 38s - loss: 2.5640 - acc: 0.1063
 210/3900 [>.............................] - ETA: 29s - loss: 2.5640 - acc: 0.1000
 260/3900 [=>............................] - ETA: 24s - loss: 2.5641 - acc: 0.0846
 310/3900 [=>............................] - ETA: 20s - loss: 2.5634 - acc: 0.0903
 360/3900 [=>............................] - ETA: 18s - loss: 2.5635 - acc: 0.0944
 410/3900 [==>...........................] - ETA: 16s - loss: 2.5635 - acc: 0.0951
 460/3900 [==>...........................] - ETA: 14s - loss: 2.5631 - acc: 0.1065
 520/3900 [===>..........................] - ETA: 13s - loss: 2.5632 - acc: 0.1058
 580/3900 [===>..........................] - ETA: 11s - loss: 2.5632 - acc: 0.1000
 640/3900 [===>..........................] - ETA: 10s - loss: 2.5630 - acc: 0.1000
 700/3900 [====>.........................] - ETA: 9s - loss: 2.5631 - acc: 0.1014 
 760/3900 [====>.........................] - ETA: 9s - loss: 2.5627 - acc: 0.1066
 810/3900 [=====>........................] - ETA: 8s - loss: 2.5627 - acc: 0.1049
 870/3900 [=====>........................] - ETA: 8s - loss: 2.5624 - acc: 0.1092
 930/3900 [======>.......................] - ETA: 7s - loss: 2.5622 - acc: 0.1129
 990/3900 [======>.......................] - ETA: 7s - loss: 2.5619 - acc: 0.1182
1050/3900 [=======>......................] - ETA: 6s - loss: 2.5616 - acc: 0.1238
1110/3900 [=======>......................] - ETA: 6s - loss: 2.5614 - acc: 0.1252
1170/3900 [========>.....................] - ETA: 6s - loss: 2.5612 - acc: 0.1291
1230/3900 [========>.....................] - ETA: 5s - loss: 2.5611 - acc: 0.1285
1290/3900 [========>.....................] - ETA: 5s - loss: 2.5611 - acc: 0.1279
1350/3900 [=========>....................] - ETA: 5s - loss: 2.5608 - acc: 0.1281
1410/3900 [=========>....................] - ETA: 5s - loss: 2.5605 - acc: 0.1298
1470/3900 [==========>...................] - ETA: 4s - loss: 2.5604 - acc: 0.1286
1530/3900 [==========>...................] - ETA: 4s - loss: 2.5601 - acc: 0.1301
1590/3900 [===========>..................] - ETA: 4s - loss: 2.5600 - acc: 0.1283
1650/3900 [===========>..................] - ETA: 4s - loss: 2.5597 - acc: 0.1339
1710/3900 [============>.................] - ETA: 3s - loss: 2.5596 - acc: 0.1339
1770/3900 [============>.................] - ETA: 3s - loss: 2.5594 - acc: 0.1345
1830/3900 [=============>................] - ETA: 3s - loss: 2.5593 - acc: 0.1383
1890/3900 [=============>................] - ETA: 3s - loss: 2.5591 - acc: 0.1418
1950/3900 [==============>...............] - ETA: 3s - loss: 2.5588 - acc: 0.1462
2010/3900 [==============>...............] - ETA: 3s - loss: 2.5585 - acc: 0.1488
2070/3900 [==============>...............] - ETA: 3s - loss: 2.5583 - acc: 0.1527
2130/3900 [===============>..............] - ETA: 2s - loss: 2.5581 - acc: 0.1568
2190/3900 [===============>..............] - ETA: 2s - loss: 2.5578 - acc: 0.1598
2250/3900 [================>.............] - ETA: 2s - loss: 2.5576 - acc: 0.1631
2310/3900 [================>.............] - ETA: 2s - loss: 2.5575 - acc: 0.1654
2370/3900 [=================>............] - ETA: 2s - loss: 2.5571 - acc: 0.1679
2430/3900 [=================>............] - ETA: 2s - loss: 2.5569 - acc: 0.1675
2490/3900 [==================>...........] - ETA: 2s - loss: 2.5568 - acc: 0.1679
2550/3900 [==================>...........] - ETA: 2s - loss: 2.5567 - acc: 0.1690
2610/3900 [===================>..........] - ETA: 1s - loss: 2.5565 - acc: 0.1709
2670/3900 [===================>..........] - ETA: 1s - loss: 2.5564 - acc: 0.1704
2730/3900 [====================>.........] - ETA: 1s - loss: 2.5561 - acc: 0.1747
2790/3900 [====================>.........] - ETA: 1s - loss: 2.5558 - acc: 0.1803
2850/3900 [====================>.........] - ETA: 1s - loss: 2.5556 - acc: 0.1814
2910/3900 [=====================>........] - ETA: 1s - loss: 2.5554 - acc: 0.1835
2970/3900 [=====================>........] - ETA: 1s - loss: 2.5553 - acc: 0.1845
3030/3900 [======================>.......] - ETA: 1s - loss: 2.5551 - acc: 0.1871
3090/3900 [======================>.......] - ETA: 1s - loss: 2.5549 - acc: 0.1909
3150/3900 [=======================>......] - ETA: 1s - loss: 2.5547 - acc: 0.1943
3210/3900 [=======================>......] - ETA: 0s - loss: 2.5544 - acc: 0.1963
3270/3900 [========================>.....] - ETA: 0s - loss: 2.5542 - acc: 0.1976
3330/3900 [========================>.....] - ETA: 0s - loss: 2.5540 - acc: 0.1994
3390/3900 [=========================>....] - ETA: 0s - loss: 2.5538 - acc: 0.2027
3450/3900 [=========================>....] - ETA: 0s - loss: 2.5536 - acc: 0.2038
3510/3900 [==========================>...] - ETA: 0s - loss: 2.5533 - acc: 0.2054
3570/3900 [==========================>...] - ETA: 0s - loss: 2.5531 - acc: 0.2098
3630/3900 [==========================>...] - ETA: 0s - loss: 2.5529 - acc: 0.2116
3690/3900 [===========================>..] - ETA: 0s - loss: 2.5527 - acc: 0.2157
3750/3900 [===========================>..] - ETA: 0s - loss: 2.5526 - acc: 0.2165
3810/3900 [============================>.] - ETA: 0s - loss: 2.5523 - acc: 0.2207
3870/3900 [============================>.] - ETA: 0s - loss: 2.5521 - acc: 0.2230
3900/3900 [==============================] - 5s 1ms/step - loss: 2.5519 - acc: 0.2251 - val_loss: 2.5385 - val_acc: 0.3131
Current time ....5.132
Train on 600 samples, validate on 86 samples
Epoch 1/1

 10/600 [..............................] - ETA: 16s - loss: 0.6966 - acc: 0.7000
 70/600 [==>...........................] - ETA: 2s - loss: 0.6803 - acc: 0.6286 
130/600 [=====>........................] - ETA: 1s - loss: 0.6778 - acc: 0.6538
190/600 [========>.....................] - ETA: 0s - loss: 0.6740 - acc: 0.6947
250/600 [===========>..................] - ETA: 0s - loss: 0.6717 - acc: 0.7120
310/600 [==============>...............] - ETA: 0s - loss: 0.6699 - acc: 0.7097
370/600 [=================>............] - ETA: 0s - loss: 0.6632 - acc: 0.7243
430/600 [====================>.........] - ETA: 0s - loss: 0.6605 - acc: 0.7442
490/600 [=======================>......] - ETA: 0s - loss: 0.6582 - acc: 0.7469
550/600 [==========================>...] - ETA: 0s - loss: 0.6549 - acc: 0.7582
600/600 [==============================] - 1s 1ms/step - loss: 0.6526 - acc: 0.7617 - val_loss: 0.6111 - val_acc: 0.8488
Current time ....0.852
Train on 1200 samples, validate on 68 samples
Epoch 1/1

  10/1200 [..............................] - ETA: 35s - loss: 1.4275 - acc: 0.4000
  70/1200 [>.............................] - ETA: 5s - loss: 1.3812 - acc: 0.3714 
 130/1200 [==>...........................] - ETA: 3s - loss: 1.3700 - acc: 0.3308
 190/1200 [===>..........................] - ETA: 2s - loss: 1.3740 - acc: 0.3158
 250/1200 [=====>........................] - ETA: 2s - loss: 1.3672 - acc: 0.3320
 310/1200 [======>.......................] - ETA: 1s - loss: 1.3605 - acc: 0.3323
 370/1200 [========>.....................] - ETA: 1s - loss: 1.3537 - acc: 0.3297
 430/1200 [=========>....................] - ETA: 1s - loss: 1.3549 - acc: 0.3256
 490/1200 [===========>..................] - ETA: 1s - loss: 1.3463 - acc: 0.3429
 550/1200 [============>.................] - ETA: 0s - loss: 1.3413 - acc: 0.3564
 610/1200 [==============>...............] - ETA: 0s - loss: 1.3389 - acc: 0.3639
 670/1200 [===============>..............] - ETA: 0s - loss: 1.3328 - acc: 0.3687
 730/1200 [=================>............] - ETA: 0s - loss: 1.3299 - acc: 0.3767
 790/1200 [==================>...........] - ETA: 0s - loss: 1.3263 - acc: 0.3899
 850/1200 [====================>.........] - ETA: 0s - loss: 1.3234 - acc: 0.4059
 910/1200 [=====================>........] - ETA: 0s - loss: 1.3202 - acc: 0.4143
 970/1200 [=======================>......] - ETA: 0s - loss: 1.3153 - acc: 0.4216
1030/1200 [========================>.....] - ETA: 0s - loss: 1.3125 - acc: 0.4272
1090/1200 [==========================>...] - ETA: 0s - loss: 1.3079 - acc: 0.4312
1150/1200 [===========================>..] - ETA: 0s - loss: 1.2999 - acc: 0.4400
1200/1200 [==============================] - 1s 1ms/step - loss: 1.2973 - acc: 0.4425 - val_loss: 1.2743 - val_acc: 0.2647
Current time ....1.422
Train on 3900 samples, validate on 99 samples
Epoch 1/1

  10/3900 [..............................] - ETA: 3s - loss: 2.5480 - acc: 0.1000
  70/3900 [..............................] - ETA: 3s - loss: 2.5371 - acc: 0.3286
 130/3900 [>.............................] - ETA: 3s - loss: 2.5343 - acc: 0.3308
 190/3900 [>.............................] - ETA: 3s - loss: 2.5334 - acc: 0.3368
 250/3900 [>.............................] - ETA: 3s - loss: 2.5340 - acc: 0.3200
 310/3900 [=>............................] - ETA: 3s - loss: 2.5338 - acc: 0.3323
 370/3900 [=>............................] - ETA: 3s - loss: 2.5336 - acc: 0.3243
 430/3900 [==>...........................] - ETA: 3s - loss: 2.5336 - acc: 0.3163
 490/3900 [==>...........................] - ETA: 3s - loss: 2.5331 - acc: 0.3286
 550/3900 [===>..........................] - ETA: 3s - loss: 2.5325 - acc: 0.3218
 610/3900 [===>..........................] - ETA: 3s - loss: 2.5318 - acc: 0.3295
 670/3900 [====>.........................] - ETA: 2s - loss: 2.5314 - acc: 0.3373
 730/3900 [====>.........................] - ETA: 2s - loss: 2.5311 - acc: 0.3438
 790/3900 [=====>........................] - ETA: 2s - loss: 2.5306 - acc: 0.3494
 850/3900 [=====>........................] - ETA: 2s - loss: 2.5301 - acc: 0.3576
 910/3900 [======>.......................] - ETA: 2s - loss: 2.5295 - acc: 0.3626
 970/3900 [======>.......................] - ETA: 2s - loss: 2.5291 - acc: 0.3639
1030/3900 [======>.......................] - ETA: 2s - loss: 2.5289 - acc: 0.3602
1090/3900 [=======>......................] - ETA: 2s - loss: 2.5286 - acc: 0.3606
1150/3900 [=======>......................] - ETA: 2s - loss: 2.5279 - acc: 0.3670
1210/3900 [========>.....................] - ETA: 2s - loss: 2.5273 - acc: 0.3711
1270/3900 [========>.....................] - ETA: 2s - loss: 2.5275 - acc: 0.3685
1330/3900 [=========>....................] - ETA: 2s - loss: 2.5273 - acc: 0.3639
1390/3900 [=========>....................] - ETA: 2s - loss: 2.5273 - acc: 0.3612
1450/3900 [==========>...................] - ETA: 2s - loss: 2.5268 - acc: 0.3655
1510/3900 [==========>...................] - ETA: 2s - loss: 2.5265 - acc: 0.3682
1570/3900 [===========>..................] - ETA: 2s - loss: 2.5261 - acc: 0.3694
1630/3900 [===========>..................] - ETA: 2s - loss: 2.5258 - acc: 0.3699
1690/3900 [============>.................] - ETA: 2s - loss: 2.5254 - acc: 0.3728
1750/3900 [============>.................] - ETA: 1s - loss: 2.5251 - acc: 0.3720
1810/3900 [============>.................] - ETA: 1s - loss: 2.5248 - acc: 0.3713
1870/3900 [=============>................] - ETA: 1s - loss: 2.5245 - acc: 0.3701
1930/3900 [=============>................] - ETA: 1s - loss: 2.5241 - acc: 0.3731
1990/3900 [==============>...............] - ETA: 1s - loss: 2.5237 - acc: 0.3744
2050/3900 [==============>...............] - ETA: 1s - loss: 2.5234 - acc: 0.3707
2110/3900 [===============>..............] - ETA: 1s - loss: 2.5229 - acc: 0.3744
2170/3900 [===============>..............] - ETA: 1s - loss: 2.5222 - acc: 0.3765
2230/3900 [================>.............] - ETA: 1s - loss: 2.5219 - acc: 0.3762
2290/3900 [================>.............] - ETA: 1s - loss: 2.5216 - acc: 0.3729
2350/3900 [=================>............] - ETA: 1s - loss: 2.5212 - acc: 0.3753
2410/3900 [=================>............] - ETA: 1s - loss: 2.5208 - acc: 0.3739
2470/3900 [==================>...........] - ETA: 1s - loss: 2.5206 - acc: 0.3733
2530/3900 [==================>...........] - ETA: 1s - loss: 2.5202 - acc: 0.3735
2590/3900 [==================>...........] - ETA: 1s - loss: 2.5198 - acc: 0.3737
2650/3900 [===================>..........] - ETA: 1s - loss: 2.5192 - acc: 0.3751
2710/3900 [===================>..........] - ETA: 1s - loss: 2.5189 - acc: 0.3731
2770/3900 [====================>.........] - ETA: 1s - loss: 2.5184 - acc: 0.3726
2830/3900 [====================>.........] - ETA: 0s - loss: 2.5179 - acc: 0.3721
2890/3900 [=====================>........] - ETA: 0s - loss: 2.5175 - acc: 0.3723
2950/3900 [=====================>........] - ETA: 0s - loss: 2.5170 - acc: 0.3722
3010/3900 [======================>.......] - ETA: 0s - loss: 2.5164 - acc: 0.3728
3070/3900 [======================>.......] - ETA: 0s - loss: 2.5159 - acc: 0.3713
3130/3900 [=======================>......] - ETA: 0s - loss: 2.5156 - acc: 0.3690
3190/3900 [=======================>......] - ETA: 0s - loss: 2.5152 - acc: 0.3671
3250/3900 [========================>.....] - ETA: 0s - loss: 2.5148 - acc: 0.3668
3310/3900 [========================>.....] - ETA: 0s - loss: 2.5143 - acc: 0.3674
3370/3900 [========================>.....] - ETA: 0s - loss: 2.5135 - acc: 0.3706
3430/3900 [=========================>....] - ETA: 0s - loss: 2.5131 - acc: 0.3717
3490/3900 [=========================>....] - ETA: 0s - loss: 2.5125 - acc: 0.3751
3550/3900 [==========================>...] - ETA: 0s - loss: 2.5121 - acc: 0.3752
3610/3900 [==========================>...] - ETA: 0s - loss: 2.5117 - acc: 0.3770
3670/3900 [===========================>..] - ETA: 0s - loss: 2.5111 - acc: 0.3790
3730/3900 [===========================>..] - ETA: 0s - loss: 2.5107 - acc: 0.3815
3790/3900 [============================>.] - ETA: 0s - loss: 2.5100 - acc: 0.3834
3850/3900 [============================>.] - ETA: 0s - loss: 2.5094 - acc: 0.3865
3900/3900 [==============================] - 4s 916us/step - loss: 2.5088 - acc: 0.3877 - val_loss: 2.4971 - val_acc: 0.3030
Current time ....3.574
Train on 600 samples, validate on 86 samples
Epoch 1/1

 10/600 [..............................] - ETA: 0s - loss: 0.6349 - acc: 1.0000
 70/600 [==>...........................] - ETA: 0s - loss: 0.6020 - acc: 0.8857
130/600 [=====>........................] - ETA: 0s - loss: 0.5918 - acc: 0.8692
190/600 [========>.....................] - ETA: 0s - loss: 0.5878 - acc: 0.8789
250/600 [===========>..................] - ETA: 0s - loss: 0.5738 - acc: 0.9000
310/600 [==============>...............] - ETA: 0s - loss: 0.5680 - acc: 0.9032
370/600 [=================>............] - ETA: 0s - loss: 0.5609 - acc: 0.9162
430/600 [====================>.........] - ETA: 0s - loss: 0.5563 - acc: 0.9233
490/600 [=======================>......] - ETA: 0s - loss: 0.5506 - acc: 0.9286
550/600 [==========================>...] - ETA: 0s - loss: 0.5397 - acc: 0.9345
600/600 [==============================] - 1s 940us/step - loss: 0.5328 - acc: 0.9333 - val_loss: 0.5069 - val_acc: 0.8721
Current time ....0.564
Train on 1200 samples, validate on 68 samples
Epoch 1/1

  10/1200 [..............................] - ETA: 1s - loss: 1.0660 - acc: 0.8000
  70/1200 [>.............................] - ETA: 1s - loss: 1.1788 - acc: 0.6429
 130/1200 [==>...........................] - ETA: 0s - loss: 1.1717 - acc: 0.6308
 190/1200 [===>..........................] - ETA: 0s - loss: 1.1667 - acc: 0.6105
 250/1200 [=====>........................] - ETA: 0s - loss: 1.1696 - acc: 0.5960
 310/1200 [======>.......................] - ETA: 0s - loss: 1.1595 - acc: 0.6065
 370/1200 [========>.....................] - ETA: 0s - loss: 1.1559 - acc: 0.5919
 430/1200 [=========>....................] - ETA: 0s - loss: 1.1483 - acc: 0.5977
 490/1200 [===========>..................] - ETA: 0s - loss: 1.1375 - acc: 0.5980
 550/1200 [============>.................] - ETA: 0s - loss: 1.1322 - acc: 0.5982
 610/1200 [==============>...............] - ETA: 0s - loss: 1.1270 - acc: 0.6000
 670/1200 [===============>..............] - ETA: 0s - loss: 1.1189 - acc: 0.6060
 730/1200 [=================>............] - ETA: 0s - loss: 1.1120 - acc: 0.6096
 790/1200 [==================>...........] - ETA: 0s - loss: 1.1058 - acc: 0.6038
 850/1200 [====================>.........] - ETA: 0s - loss: 1.1058 - acc: 0.6012
 910/1200 [=====================>........] - ETA: 0s - loss: 1.1008 - acc: 0.6044
 970/1200 [=======================>......] - ETA: 0s - loss: 1.0959 - acc: 0.6000
1030/1200 [========================>.....] - ETA: 0s - loss: 1.0895 - acc: 0.6039
1090/1200 [==========================>...] - ETA: 0s - loss: 1.0800 - acc: 0.6083
1150/1200 [===========================>..] - ETA: 0s - loss: 1.0741 - acc: 0.6087
1200/1200 [==============================] - 1s 926us/step - loss: 1.0684 - acc: 0.6075 - val_loss: 1.2641 - val_acc: 0.3529
Current time ....1.111
Train on 3900 samples, validate on 99 samples
Epoch 1/1

  10/3900 [..............................] - ETA: 3s - loss: 2.4357 - acc: 0.7000
  70/3900 [..............................] - ETA: 3s - loss: 2.4746 - acc: 0.4857
 130/3900 [>.............................] - ETA: 3s - loss: 2.4669 - acc: 0.5000
 190/3900 [>.............................] - ETA: 3s - loss: 2.4651 - acc: 0.4895
 250/3900 [>.............................] - ETA: 3s - loss: 2.4638 - acc: 0.4840
 310/3900 [=>............................] - ETA: 3s - loss: 2.4644 - acc: 0.4968
 370/3900 [=>............................] - ETA: 3s - loss: 2.4639 - acc: 0.4973
 430/3900 [==>...........................] - ETA: 3s - loss: 2.4630 - acc: 0.4907
 490/3900 [==>...........................] - ETA: 3s - loss: 2.4617 - acc: 0.4837
 550/3900 [===>..........................] - ETA: 3s - loss: 2.4604 - acc: 0.4873
 610/3900 [===>..........................] - ETA: 2s - loss: 2.4587 - acc: 0.4836
 670/3900 [====>.........................] - ETA: 2s - loss: 2.4586 - acc: 0.4761
 730/3900 [====>.........................] - ETA: 2s - loss: 2.4581 - acc: 0.4753
 790/3900 [=====>........................] - ETA: 2s - loss: 2.4563 - acc: 0.4848
 850/3900 [=====>........................] - ETA: 2s - loss: 2.4548 - acc: 0.4871
 910/3900 [======>.......................] - ETA: 2s - loss: 2.4535 - acc: 0.4835
 970/3900 [======>.......................] - ETA: 2s - loss: 2.4520 - acc: 0.4907
1030/3900 [======>.......................] - ETA: 2s - loss: 2.4509 - acc: 0.4854
1090/3900 [=======>......................] - ETA: 2s - loss: 2.4500 - acc: 0.4835
1150/3900 [=======>......................] - ETA: 2s - loss: 2.4486 - acc: 0.4861
1210/3900 [========>.....................] - ETA: 2s - loss: 2.4479 - acc: 0.4843
1270/3900 [========>.....................] - ETA: 2s - loss: 2.4467 - acc: 0.4819
1330/3900 [=========>....................] - ETA: 2s - loss: 2.4460 - acc: 0.4729
1390/3900 [=========>....................] - ETA: 2s - loss: 2.4442 - acc: 0.4755
1450/3900 [==========>...................] - ETA: 2s - loss: 2.4430 - acc: 0.4807
1510/3900 [==========>...................] - ETA: 2s - loss: 2.4412 - acc: 0.4841
1570/3900 [===========>..................] - ETA: 2s - loss: 2.4396 - acc: 0.4809
1630/3900 [===========>..................] - ETA: 2s - loss: 2.4385 - acc: 0.4791
1690/3900 [============>.................] - ETA: 2s - loss: 2.4373 - acc: 0.4775
1750/3900 [============>.................] - ETA: 1s - loss: 2.4359 - acc: 0.4766
1810/3900 [============>.................] - ETA: 1s - loss: 2.4346 - acc: 0.4746
1870/3900 [=============>................] - ETA: 1s - loss: 2.4328 - acc: 0.4738
1930/3900 [=============>................] - ETA: 1s - loss: 2.4311 - acc: 0.4720
1990/3900 [==============>...............] - ETA: 1s - loss: 2.4295 - acc: 0.4698
2050/3900 [==============>...............] - ETA: 1s - loss: 2.4277 - acc: 0.4702
2110/3900 [===============>..............] - ETA: 1s - loss: 2.4260 - acc: 0.4706
2170/3900 [===============>..............] - ETA: 1s - loss: 2.4244 - acc: 0.4728
2230/3900 [================>.............] - ETA: 1s - loss: 2.4228 - acc: 0.4709
2290/3900 [================>.............] - ETA: 1s - loss: 2.4208 - acc: 0.4703
2350/3900 [=================>............] - ETA: 1s - loss: 2.4191 - acc: 0.4672
2410/3900 [=================>............] - ETA: 1s - loss: 2.4172 - acc: 0.4651
2470/3900 [==================>...........] - ETA: 1s - loss: 2.4155 - acc: 0.4636
2530/3900 [==================>...........] - ETA: 1s - loss: 2.4134 - acc: 0.4601
2590/3900 [==================>...........] - ETA: 1s - loss: 2.4118 - acc: 0.4560
2650/3900 [===================>..........] - ETA: 1s - loss: 2.4103 - acc: 0.4509
2710/3900 [===================>..........] - ETA: 1s - loss: 2.4084 - acc: 0.4472
2770/3900 [====================>.........] - ETA: 1s - loss: 2.4064 - acc: 0.4448
2830/3900 [====================>.........] - ETA: 0s - loss: 2.4049 - acc: 0.4413
2890/3900 [=====================>........] - ETA: 0s - loss: 2.4027 - acc: 0.4405
2950/3900 [=====================>........] - ETA: 0s - loss: 2.3999 - acc: 0.4400
3010/3900 [======================>.......] - ETA: 0s - loss: 2.3979 - acc: 0.4369
3070/3900 [======================>.......] - ETA: 0s - loss: 2.3956 - acc: 0.4349
3130/3900 [=======================>......] - ETA: 0s - loss: 2.3935 - acc: 0.4323
3190/3900 [=======================>......] - ETA: 0s - loss: 2.3921 - acc: 0.4310
3250/3900 [========================>.....] - ETA: 0s - loss: 2.3899 - acc: 0.4277
3310/3900 [========================>.....] - ETA: 0s - loss: 2.3874 - acc: 0.4278
3370/3900 [========================>.....] - ETA: 0s - loss: 2.3857 - acc: 0.4276
3430/3900 [=========================>....] - ETA: 0s - loss: 2.3834 - acc: 0.4268
3490/3900 [=========================>....] - ETA: 0s - loss: 2.3809 - acc: 0.4252
3550/3900 [==========================>...] - ETA: 0s - loss: 2.3782 - acc: 0.4234
3610/3900 [==========================>...] - ETA: 0s - loss: 2.3756 - acc: 0.4208
3670/3900 [===========================>..] - ETA: 0s - loss: 2.3734 - acc: 0.4183
3730/3900 [===========================>..] - ETA: 0s - loss: 2.3708 - acc: 0.4161
3790/3900 [============================>.] - ETA: 0s - loss: 2.3688 - acc: 0.4140
3850/3900 [============================>.] - ETA: 0s - loss: 2.3666 - acc: 0.4125
3900/3900 [==============================] - 4s 916us/step - loss: 2.3641 - acc: 0.4121 - val_loss: 2.2589 - val_acc: 0.3131
Current time ....3.572
Train on 600 samples, validate on 86 samples
Epoch 1/1

 10/600 [..............................] - ETA: 0s - loss: 0.5209 - acc: 0.8000
 70/600 [==>...........................] - ETA: 0s - loss: 0.4552 - acc: 0.9429
130/600 [=====>........................] - ETA: 0s - loss: 0.4455 - acc: 0.9615
190/600 [========>.....................] - ETA: 0s - loss: 0.4363 - acc: 0.9526
250/600 [===========>..................] - ETA: 0s - loss: 0.4213 - acc: 0.9480
310/600 [==============>...............] - ETA: 0s - loss: 0.4185 - acc: 0.9581
370/600 [=================>............] - ETA: 0s - loss: 0.4078 - acc: 0.9568
430/600 [====================>.........] - ETA: 0s - loss: 0.4015 - acc: 0.9581
490/600 [=======================>......] - ETA: 0s - loss: 0.3952 - acc: 0.9592
550/600 [==========================>...] - ETA: 0s - loss: 0.3869 - acc: 0.9618
600/600 [==============================] - 1s 944us/step - loss: 0.3789 - acc: 0.9650 - val_loss: 0.4117 - val_acc: 0.9302
Current time ....0.567
Train on 1200 samples, validate on 68 samples
Epoch 1/1

  10/1200 [..............................] - ETA: 1s - loss: 0.9057 - acc: 0.8000
  70/1200 [>.............................] - ETA: 1s - loss: 0.8835 - acc: 0.7143
 130/1200 [==>...........................] - ETA: 0s - loss: 0.9222 - acc: 0.6615
 190/1200 [===>..........................] - ETA: 0s - loss: 0.8899 - acc: 0.6842
 250/1200 [=====>........................] - ETA: 0s - loss: 0.8952 - acc: 0.6760
 310/1200 [======>.......................] - ETA: 0s - loss: 0.8646 - acc: 0.7097
 370/1200 [========>.....................] - ETA: 0s - loss: 0.8711 - acc: 0.6973
 430/1200 [=========>....................] - ETA: 0s - loss: 0.8610 - acc: 0.7023
 490/1200 [===========>..................] - ETA: 0s - loss: 0.8571 - acc: 0.6959
 550/1200 [============>.................] - ETA: 0s - loss: 0.8490 - acc: 0.7018
 610/1200 [==============>...............] - ETA: 0s - loss: 0.8562 - acc: 0.6951
 670/1200 [===============>..............] - ETA: 0s - loss: 0.8552 - acc: 0.6985
 730/1200 [=================>............] - ETA: 0s - loss: 0.8453 - acc: 0.7027
 790/1200 [==================>...........] - ETA: 0s - loss: 0.8493 - acc: 0.6911
 850/1200 [====================>.........] - ETA: 0s - loss: 0.8475 - acc: 0.6941
 910/1200 [=====================>........] - ETA: 0s - loss: 0.8425 - acc: 0.6978
 970/1200 [=======================>......] - ETA: 0s - loss: 0.8396 - acc: 0.6969
1030/1200 [========================>.....] - ETA: 0s - loss: 0.8363 - acc: 0.6932
1090/1200 [==========================>...] - ETA: 0s - loss: 0.8399 - acc: 0.6917
1150/1200 [===========================>..] - ETA: 0s - loss: 0.8335 - acc: 0.6974
1200/1200 [==============================] - 1s 931us/step - loss: 0.8294 - acc: 0.6958 - val_loss: 0.9902 - val_acc: 0.5441
Current time ....1.117
Train on 3900 samples, validate on 99 samples
Epoch 1/1

  10/3900 [..............................] - ETA: 3s - loss: 2.1916 - acc: 0.3000
  70/3900 [..............................] - ETA: 3s - loss: 2.1820 - acc: 0.3571
 130/3900 [>.............................] - ETA: 3s - loss: 2.1642 - acc: 0.4000
 190/3900 [>.............................] - ETA: 3s - loss: 2.1642 - acc: 0.3737
 250/3900 [>.............................] - ETA: 3s - loss: 2.1704 - acc: 0.3760
 310/3900 [=>............................] - ETA: 3s - loss: 2.1639 - acc: 0.3710
 370/3900 [=>............................] - ETA: 3s - loss: 2.1626 - acc: 0.3622
 430/3900 [==>...........................] - ETA: 3s - loss: 2.1561 - acc: 0.3651
 490/3900 [==>...........................] - ETA: 3s - loss: 2.1573 - acc: 0.3531
 550/3900 [===>..........................] - ETA: 3s - loss: 2.1555 - acc: 0.3400
 610/3900 [===>..........................] - ETA: 3s - loss: 2.1574 - acc: 0.3279
 670/3900 [====>.........................] - ETA: 2s - loss: 2.1560 - acc: 0.3194
 730/3900 [====>.........................] - ETA: 2s - loss: 2.1531 - acc: 0.3260
 790/3900 [=====>........................] - ETA: 2s - loss: 2.1513 - acc: 0.3215
 850/3900 [=====>........................] - ETA: 2s - loss: 2.1499 - acc: 0.3247
 910/3900 [======>.......................] - ETA: 2s - loss: 2.1476 - acc: 0.3308
 970/3900 [======>.......................] - ETA: 2s - loss: 2.1396 - acc: 0.3392
1030/3900 [======>.......................] - ETA: 2s - loss: 2.1379 - acc: 0.3398
1090/3900 [=======>......................] - ETA: 2s - loss: 2.1323 - acc: 0.3450
1150/3900 [=======>......................] - ETA: 2s - loss: 2.1287 - acc: 0.3461
1210/3900 [========>.....................] - ETA: 2s - loss: 2.1217 - acc: 0.3479
1270/3900 [========>.....................] - ETA: 2s - loss: 2.1186 - acc: 0.3425
1330/3900 [=========>....................] - ETA: 2s - loss: 2.1170 - acc: 0.3436
1390/3900 [=========>....................] - ETA: 2s - loss: 2.1145 - acc: 0.3403
1450/3900 [==========>...................] - ETA: 2s - loss: 2.1114 - acc: 0.3428
1510/3900 [==========>...................] - ETA: 2s - loss: 2.1090 - acc: 0.3404
1570/3900 [===========>..................] - ETA: 2s - loss: 2.1043 - acc: 0.3401
1630/3900 [===========>..................] - ETA: 2s - loss: 2.1005 - acc: 0.3417
1690/3900 [============>.................] - ETA: 2s - loss: 2.0969 - acc: 0.3479
1750/3900 [============>.................] - ETA: 1s - loss: 2.0911 - acc: 0.3486
1810/3900 [============>.................] - ETA: 1s - loss: 2.0870 - acc: 0.3530
1870/3900 [=============>................] - ETA: 1s - loss: 2.0808 - acc: 0.3561
1930/3900 [=============>................] - ETA: 1s - loss: 2.0789 - acc: 0.3539
1990/3900 [==============>...............] - ETA: 1s - loss: 2.0752 - acc: 0.3553
2050/3900 [==============>...............] - ETA: 1s - loss: 2.0730 - acc: 0.3580
2110/3900 [===============>..............] - ETA: 1s - loss: 2.0686 - acc: 0.3640
2170/3900 [===============>..............] - ETA: 1s - loss: 2.0662 - acc: 0.3654
2230/3900 [================>.............] - ETA: 1s - loss: 2.0644 - acc: 0.3646
2290/3900 [================>.............] - ETA: 1s - loss: 2.0622 - acc: 0.3642
2350/3900 [=================>............] - ETA: 1s - loss: 2.0587 - acc: 0.3677
2410/3900 [=================>............] - ETA: 1s - loss: 2.0564 - acc: 0.3710
2470/3900 [==================>...........] - ETA: 1s - loss: 2.0536 - acc: 0.3709
2530/3900 [==================>...........] - ETA: 1s - loss: 2.0502 - acc: 0.3719
2590/3900 [==================>...........] - ETA: 1s - loss: 2.0469 - acc: 0.3695
2650/3900 [===================>..........] - ETA: 1s - loss: 2.0445 - acc: 0.3694
2710/3900 [===================>..........] - ETA: 1s - loss: 2.0406 - acc: 0.3716
2770/3900 [====================>.........] - ETA: 1s - loss: 2.0382 - acc: 0.3726
2830/3900 [====================>.........] - ETA: 0s - loss: 2.0362 - acc: 0.3728
2890/3900 [=====================>........] - ETA: 0s - loss: 2.0322 - acc: 0.3768
2950/3900 [=====================>........] - ETA: 0s - loss: 2.0305 - acc: 0.3769
3010/3900 [======================>.......] - ETA: 0s - loss: 2.0277 - acc: 0.3794
3070/3900 [======================>.......] - ETA: 0s - loss: 2.0259 - acc: 0.3782
3130/3900 [=======================>......] - ETA: 0s - loss: 2.0229 - acc: 0.3808
3190/3900 [=======================>......] - ETA: 0s - loss: 2.0200 - acc: 0.3843
3250/3900 [========================>.....] - ETA: 0s - loss: 2.0168 - acc: 0.3858
3310/3900 [========================>.....] - ETA: 0s - loss: 2.0149 - acc: 0.3867
3370/3900 [========================>.....] - ETA: 0s - loss: 2.0124 - acc: 0.3884
3430/3900 [=========================>....] - ETA: 0s - loss: 2.0085 - acc: 0.3901
3490/3900 [=========================>....] - ETA: 0s - loss: 2.0068 - acc: 0.3897
3550/3900 [==========================>...] - ETA: 0s - loss: 2.0055 - acc: 0.3879
3610/3900 [==========================>...] - ETA: 0s - loss: 2.0031 - acc: 0.3881
3670/3900 [===========================>..] - ETA: 0s - loss: 2.0017 - acc: 0.3858
3730/3900 [===========================>..] - ETA: 0s - loss: 1.9990 - acc: 0.3879
3790/3900 [============================>.] - ETA: 0s - loss: 1.9982 - acc: 0.3863
3850/3900 [============================>.] - ETA: 0s - loss: 1.9958 - acc: 0.3878
3900/3900 [==============================] - 4s 921us/step - loss: 1.9947 - acc: 0.3869 - val_loss: 1.9113 - val_acc: 0.3838
Current time ....3.593
Train on 600 samples, validate on 86 samples
Epoch 1/1

 10/600 [..............................] - ETA: 0s - loss: 0.3407 - acc: 1.0000
 70/600 [==>...........................] - ETA: 0s - loss: 0.3334 - acc: 0.9857
130/600 [=====>........................] - ETA: 0s - loss: 0.3100 - acc: 0.9923
190/600 [========>.....................] - ETA: 0s - loss: 0.2897 - acc: 0.9947
250/600 [===========>..................] - ETA: 0s - loss: 0.2677 - acc: 0.9960
310/600 [==============>...............] - ETA: 0s - loss: 0.2740 - acc: 0.9871
370/600 [=================>............] - ETA: 0s - loss: 0.2664 - acc: 0.9838
430/600 [====================>.........] - ETA: 0s - loss: 0.2660 - acc: 0.9814
490/600 [=======================>......] - ETA: 0s - loss: 0.2539 - acc: 0.9837
550/600 [==========================>...] - ETA: 0s - loss: 0.2453 - acc: 0.9855
600/600 [==============================] - 1s 939us/step - loss: 0.2445 - acc: 0.9867 - val_loss: 0.3663 - val_acc: 0.9186
Current time ....0.564
Train on 1200 samples, validate on 68 samples
Epoch 1/1

  10/1200 [..............................] - ETA: 1s - loss: 0.6011 - acc: 1.0000
  70/1200 [>.............................] - ETA: 1s - loss: 0.7388 - acc: 0.7857
 130/1200 [==>...........................] - ETA: 0s - loss: 0.7101 - acc: 0.8000
 190/1200 [===>..........................] - ETA: 0s - loss: 0.7198 - acc: 0.8000
 250/1200 [=====>........................] - ETA: 0s - loss: 0.7032 - acc: 0.8000
 310/1200 [======>.......................] - ETA: 0s - loss: 0.6783 - acc: 0.8032
 370/1200 [========>.....................] - ETA: 0s - loss: 0.6757 - acc: 0.8000
 430/1200 [=========>....................] - ETA: 0s - loss: 0.6669 - acc: 0.7884
 490/1200 [===========>..................] - ETA: 0s - loss: 0.6766 - acc: 0.7857
 550/1200 [============>.................] - ETA: 0s - loss: 0.6698 - acc: 0.7873
 610/1200 [==============>...............] - ETA: 0s - loss: 0.6700 - acc: 0.7836
 670/1200 [===============>..............] - ETA: 0s - loss: 0.6676 - acc: 0.7881
 730/1200 [=================>............] - ETA: 0s - loss: 0.6625 - acc: 0.7918
 790/1200 [==================>...........] - ETA: 0s - loss: 0.6658 - acc: 0.7861
 850/1200 [====================>.........] - ETA: 0s - loss: 0.6576 - acc: 0.7906
 910/1200 [=====================>........] - ETA: 0s - loss: 0.6505 - acc: 0.7934
 970/1200 [=======================>......] - ETA: 0s - loss: 0.6487 - acc: 0.7938
1030/1200 [========================>.....] - ETA: 0s - loss: 0.6420 - acc: 0.7942
1090/1200 [==========================>...] - ETA: 0s - loss: 0.6396 - acc: 0.7945
1150/1200 [===========================>..] - ETA: 0s - loss: 0.6312 - acc: 0.7957
1200/1200 [==============================] - 1s 922us/step - loss: 0.6241 - acc: 0.7983 - val_loss: 1.0115 - val_acc: 0.5882
Current time ....1.107
Train on 3900 samples, validate on 99 samples
Epoch 1/1

  10/3900 [..............................] - ETA: 3s - loss: 1.8259 - acc: 0.3000
  70/3900 [..............................] - ETA: 3s - loss: 1.9067 - acc: 0.3000
 130/3900 [>.............................] - ETA: 3s - loss: 1.8671 - acc: 0.3846
 190/3900 [>.............................] - ETA: 3s - loss: 1.8454 - acc: 0.4000
 250/3900 [>.............................] - ETA: 3s - loss: 1.8420 - acc: 0.4320
 310/3900 [=>............................] - ETA: 3s - loss: 1.8476 - acc: 0.4323
 370/3900 [=>............................] - ETA: 3s - loss: 1.8482 - acc: 0.4216
 430/3900 [==>...........................] - ETA: 3s - loss: 1.8446 - acc: 0.4116
 490/3900 [==>...........................] - ETA: 3s - loss: 1.8412 - acc: 0.4306
 550/3900 [===>..........................] - ETA: 3s - loss: 1.8464 - acc: 0.4327
 610/3900 [===>..........................] - ETA: 2s - loss: 1.8424 - acc: 0.4393
 670/3900 [====>.........................] - ETA: 2s - loss: 1.8408 - acc: 0.4478
 730/3900 [====>.........................] - ETA: 2s - loss: 1.8385 - acc: 0.4521
 790/3900 [=====>........................] - ETA: 2s - loss: 1.8359 - acc: 0.4468
 850/3900 [=====>........................] - ETA: 2s - loss: 1.8352 - acc: 0.4412
 910/3900 [======>.......................] - ETA: 2s - loss: 1.8375 - acc: 0.4374
 970/3900 [======>.......................] - ETA: 2s - loss: 1.8341 - acc: 0.4402
1030/3900 [======>.......................] - ETA: 2s - loss: 1.8314 - acc: 0.4369
1090/3900 [=======>......................] - ETA: 2s - loss: 1.8294 - acc: 0.4349
1150/3900 [=======>......................] - ETA: 2s - loss: 1.8281 - acc: 0.4313
1210/3900 [========>.....................] - ETA: 2s - loss: 1.8243 - acc: 0.4306
1270/3900 [========>.....................] - ETA: 2s - loss: 1.8228 - acc: 0.4299
1330/3900 [=========>....................] - ETA: 2s - loss: 1.8204 - acc: 0.4233
1390/3900 [=========>....................] - ETA: 2s - loss: 1.8193 - acc: 0.4252
1450/3900 [==========>...................] - ETA: 2s - loss: 1.8159 - acc: 0.4234
1510/3900 [==========>...................] - ETA: 2s - loss: 1.8114 - acc: 0.4245
1570/3900 [===========>..................] - ETA: 2s - loss: 1.8100 - acc: 0.4255
1630/3900 [===========>..................] - ETA: 2s - loss: 1.8097 - acc: 0.4209
1690/3900 [============>.................] - ETA: 2s - loss: 1.8093 - acc: 0.4237
1750/3900 [============>.................] - ETA: 1s - loss: 1.8090 - acc: 0.4229
1810/3900 [============>.................] - ETA: 1s - loss: 1.8085 - acc: 0.4227
1870/3900 [=============>................] - ETA: 1s - loss: 1.8078 - acc: 0.4241
1930/3900 [=============>................] - ETA: 1s - loss: 1.8062 - acc: 0.4254
1990/3900 [==============>...............] - ETA: 1s - loss: 1.8023 - acc: 0.4266
2050/3900 [==============>...............] - ETA: 1s - loss: 1.8014 - acc: 0.4288
2110/3900 [===============>..............] - ETA: 1s - loss: 1.8006 - acc: 0.4275
2170/3900 [===============>..............] - ETA: 1s - loss: 1.7969 - acc: 0.4309
2230/3900 [================>.............] - ETA: 1s - loss: 1.7947 - acc: 0.4314
2290/3900 [================>.............] - ETA: 1s - loss: 1.7932 - acc: 0.4319
2350/3900 [=================>............] - ETA: 1s - loss: 1.7920 - acc: 0.4340
2410/3900 [=================>............] - ETA: 1s - loss: 1.7895 - acc: 0.4353
2470/3900 [==================>...........] - ETA: 1s - loss: 1.7893 - acc: 0.4320
2530/3900 [==================>...........] - ETA: 1s - loss: 1.7870 - acc: 0.4340
2590/3900 [==================>...........] - ETA: 1s - loss: 1.7842 - acc: 0.4317
2650/3900 [===================>..........] - ETA: 1s - loss: 1.7827 - acc: 0.4317
2710/3900 [===================>..........] - ETA: 1s - loss: 1.7803 - acc: 0.4328
2770/3900 [====================>.........] - ETA: 1s - loss: 1.7776 - acc: 0.4354
2830/3900 [====================>.........] - ETA: 0s - loss: 1.7753 - acc: 0.4350
2890/3900 [=====================>........] - ETA: 0s - loss: 1.7752 - acc: 0.4343
2950/3900 [=====================>........] - ETA: 0s - loss: 1.7737 - acc: 0.4322
3010/3900 [======================>.......] - ETA: 0s - loss: 1.7735 - acc: 0.4309
3070/3900 [======================>.......] - ETA: 0s - loss: 1.7712 - acc: 0.4326
3130/3900 [=======================>......] - ETA: 0s - loss: 1.7694 - acc: 0.4329
3190/3900 [=======================>......] - ETA: 0s - loss: 1.7683 - acc: 0.4317
3250/3900 [========================>.....] - ETA: 0s - loss: 1.7664 - acc: 0.4329
3310/3900 [========================>.....] - ETA: 0s - loss: 1.7653 - acc: 0.4320
3370/3900 [========================>.....] - ETA: 0s - loss: 1.7640 - acc: 0.4318
3430/3900 [=========================>....] - ETA: 0s - loss: 1.7619 - acc: 0.4341
3490/3900 [=========================>....] - ETA: 0s - loss: 1.7599 - acc: 0.4355
3550/3900 [==========================>...] - ETA: 0s - loss: 1.7575 - acc: 0.4369
3610/3900 [==========================>...] - ETA: 0s - loss: 1.7557 - acc: 0.4382
3670/3900 [===========================>..] - ETA: 0s - loss: 1.7530 - acc: 0.4401
3730/3900 [===========================>..] - ETA: 0s - loss: 1.7518 - acc: 0.4413
3790/3900 [============================>.] - ETA: 0s - loss: 1.7509 - acc: 0.4417
3850/3900 [============================>.] - ETA: 0s - loss: 1.7485 - acc: 0.4442
3900/3900 [==============================] - 4s 921us/step - loss: 1.7472 - acc: 0.4441 - val_loss: 1.8373 - val_acc: 0.3838
Current time ....3.592
Train on 600 samples, validate on 86 samples
Epoch 1/1

 10/600 [..............................] - ETA: 0s - loss: 0.2803 - acc: 0.9000
 70/600 [==>...........................] - ETA: 0s - loss: 0.1923 - acc: 0.9714
130/600 [=====>........................] - ETA: 0s - loss: 0.1810 - acc: 0.9846
190/600 [========>.....................] - ETA: 0s - loss: 0.1895 - acc: 0.9789
250/600 [===========>..................] - ETA: 0s - loss: 0.1870 - acc: 0.9800
310/600 [==============>...............] - ETA: 0s - loss: 0.1814 - acc: 0.9839
370/600 [=================>............] - ETA: 0s - loss: 0.1746 - acc: 0.9838
430/600 [====================>.........] - ETA: 0s - loss: 0.1712 - acc: 0.9837
490/600 [=======================>......] - ETA: 0s - loss: 0.1651 - acc: 0.9857
550/600 [==========================>...] - ETA: 0s - loss: 0.1584 - acc: 0.9855
600/600 [==============================] - 1s 947us/step - loss: 0.1558 - acc: 0.9867 - val_loss: 0.3682 - val_acc: 0.9186
Current time ....0.568
Train on 1200 samples, validate on 68 samples
Epoch 1/1

  10/1200 [..............................] - ETA: 1s - loss: 0.4301 - acc: 0.9000
  70/1200 [>.............................] - ETA: 1s - loss: 0.5882 - acc: 0.8000
 130/1200 [==>...........................] - ETA: 0s - loss: 0.5966 - acc: 0.8231
 190/1200 [===>..........................] - ETA: 0s - loss: 0.5578 - acc: 0.8421
 250/1200 [=====>........................] - ETA: 0s - loss: 0.5483 - acc: 0.8480
 310/1200 [======>.......................] - ETA: 0s - loss: 0.5194 - acc: 0.8581
 370/1200 [========>.....................] - ETA: 0s - loss: 0.5151 - acc: 0.8514
 430/1200 [=========>....................] - ETA: 0s - loss: 0.5078 - acc: 0.8512
 490/1200 [===========>..................] - ETA: 0s - loss: 0.5020 - acc: 0.8633
 550/1200 [============>.................] - ETA: 0s - loss: 0.4924 - acc: 0.8655
 610/1200 [==============>...............] - ETA: 0s - loss: 0.4891 - acc: 0.8639
 670/1200 [===============>..............] - ETA: 0s - loss: 0.4775 - acc: 0.8701
 730/1200 [=================>............] - ETA: 0s - loss: 0.4746 - acc: 0.8712
 790/1200 [==================>...........] - ETA: 0s - loss: 0.4654 - acc: 0.8734
 850/1200 [====================>.........] - ETA: 0s - loss: 0.4640 - acc: 0.8729
 910/1200 [=====================>........] - ETA: 0s - loss: 0.4585 - acc: 0.8769
 970/1200 [=======================>......] - ETA: 0s - loss: 0.4606 - acc: 0.8753
1030/1200 [========================>.....] - ETA: 0s - loss: 0.4637 - acc: 0.8738
1090/1200 [==========================>...] - ETA: 0s - loss: 0.4606 - acc: 0.8725
1150/1200 [===========================>..] - ETA: 0s - loss: 0.4631 - acc: 0.8687
1200/1200 [==============================] - 1s 926us/step - loss: 0.4632 - acc: 0.8675 - val_loss: 0.9171 - val_acc: 0.6029
Current time ....1.111
Train on 3900 samples, validate on 99 samples
Epoch 1/1

  10/3900 [..............................] - ETA: 3s - loss: 1.6022 - acc: 0.5000
  70/3900 [..............................] - ETA: 3s - loss: 1.6530 - acc: 0.5714
 130/3900 [>.............................] - ETA: 3s - loss: 1.6407 - acc: 0.5538
 190/3900 [>.............................] - ETA: 3s - loss: 1.6392 - acc: 0.5158
 250/3900 [>.............................] - ETA: 3s - loss: 1.6054 - acc: 0.5240
 310/3900 [=>............................] - ETA: 3s - loss: 1.6058 - acc: 0.5161
 370/3900 [=>............................] - ETA: 3s - loss: 1.6099 - acc: 0.4973
 430/3900 [==>...........................] - ETA: 3s - loss: 1.6112 - acc: 0.4907
 490/3900 [==>...........................] - ETA: 3s - loss: 1.6230 - acc: 0.4837
 550/3900 [===>..........................] - ETA: 3s - loss: 1.6288 - acc: 0.4818
 610/3900 [===>..........................] - ETA: 2s - loss: 1.6326 - acc: 0.4705
 670/3900 [====>.........................] - ETA: 2s - loss: 1.6319 - acc: 0.4806
 730/3900 [====>.........................] - ETA: 2s - loss: 1.6303 - acc: 0.4863
 790/3900 [=====>........................] - ETA: 2s - loss: 1.6346 - acc: 0.4835
 850/3900 [=====>........................] - ETA: 2s - loss: 1.6265 - acc: 0.4918
 910/3900 [======>.......................] - ETA: 2s - loss: 1.6242 - acc: 0.4912
 970/3900 [======>.......................] - ETA: 2s - loss: 1.6263 - acc: 0.4907
1030/3900 [======>.......................] - ETA: 2s - loss: 1.6284 - acc: 0.4903
1090/3900 [=======>......................] - ETA: 2s - loss: 1.6239 - acc: 0.4991
1150/3900 [=======>......................] - ETA: 2s - loss: 1.6190 - acc: 0.5035
1210/3900 [========>.....................] - ETA: 2s - loss: 1.6185 - acc: 0.5050
1270/3900 [========>.....................] - ETA: 2s - loss: 1.6203 - acc: 0.5047
1330/3900 [=========>....................] - ETA: 2s - loss: 1.6189 - acc: 0.5023
1390/3900 [=========>....................] - ETA: 2s - loss: 1.6160 - acc: 0.5036
1450/3900 [==========>...................] - ETA: 2s - loss: 1.6155 - acc: 0.5048
1510/3900 [==========>...................] - ETA: 2s - loss: 1.6159 - acc: 0.5026
1570/3900 [===========>..................] - ETA: 2s - loss: 1.6136 - acc: 0.5025
1630/3900 [===========>..................] - ETA: 2s - loss: 1.6099 - acc: 0.5043
1690/3900 [============>.................] - ETA: 2s - loss: 1.6055 - acc: 0.5053
1750/3900 [============>.................] - ETA: 1s - loss: 1.6052 - acc: 0.5023
1810/3900 [============>.................] - ETA: 1s - loss: 1.6059 - acc: 0.5000
1870/3900 [=============>................] - ETA: 1s - loss: 1.6045 - acc: 0.4979
1930/3900 [=============>................] - ETA: 1s - loss: 1.6048 - acc: 0.4995
1990/3900 [==============>...............] - ETA: 1s - loss: 1.6014 - acc: 0.5035
2050/3900 [==============>...............] - ETA: 1s - loss: 1.5997 - acc: 0.5024
2110/3900 [===============>..............] - ETA: 1s - loss: 1.5984 - acc: 0.5033
2170/3900 [===============>..............] - ETA: 1s - loss: 1.5926 - acc: 0.5088
2230/3900 [================>.............] - ETA: 1s - loss: 1.5898 - acc: 0.5108
2290/3900 [================>.............] - ETA: 1s - loss: 1.5856 - acc: 0.5118
2350/3900 [=================>............] - ETA: 1s - loss: 1.5859 - acc: 0.5115
2410/3900 [=================>............] - ETA: 1s - loss: 1.5837 - acc: 0.5129
2470/3900 [==================>...........] - ETA: 1s - loss: 1.5830 - acc: 0.5126
2530/3900 [==================>...........] - ETA: 1s - loss: 1.5832 - acc: 0.5126
2590/3900 [==================>...........] - ETA: 1s - loss: 1.5810 - acc: 0.5124
2650/3900 [===================>..........] - ETA: 1s - loss: 1.5790 - acc: 0.5136
2710/3900 [===================>..........] - ETA: 1s - loss: 1.5762 - acc: 0.5148
2770/3900 [====================>.........] - ETA: 1s - loss: 1.5721 - acc: 0.5159
2830/3900 [====================>.........] - ETA: 0s - loss: 1.5697 - acc: 0.5148
2890/3900 [=====================>........] - ETA: 0s - loss: 1.5671 - acc: 0.5163
2950/3900 [=====================>........] - ETA: 0s - loss: 1.5658 - acc: 0.5149
3010/3900 [======================>.......] - ETA: 0s - loss: 1.5642 - acc: 0.5156
3070/3900 [======================>.......] - ETA: 0s - loss: 1.5640 - acc: 0.5143
3130/3900 [=======================>......] - ETA: 0s - loss: 1.5628 - acc: 0.5153
3190/3900 [=======================>......] - ETA: 0s - loss: 1.5608 - acc: 0.5157
3250/3900 [========================>.....] - ETA: 0s - loss: 1.5583 - acc: 0.5163
3310/3900 [========================>.....] - ETA: 0s - loss: 1.5557 - acc: 0.5181
3370/3900 [========================>.....] - ETA: 0s - loss: 1.5541 - acc: 0.5190
3430/3900 [=========================>....] - ETA: 0s - loss: 1.5534 - acc: 0.5190
3490/3900 [=========================>....] - ETA: 0s - loss: 1.5528 - acc: 0.5198
3550/3900 [==========================>...] - ETA: 0s - loss: 1.5507 - acc: 0.5203
3610/3900 [==========================>...] - ETA: 0s - loss: 1.5464 - acc: 0.5230
3670/3900 [===========================>..] - ETA: 0s - loss: 1.5457 - acc: 0.5229
3730/3900 [===========================>..] - ETA: 0s - loss: 1.5438 - acc: 0.5233
3790/3900 [============================>.] - ETA: 0s - loss: 1.5415 - acc: 0.5248
3850/3900 [============================>.] - ETA: 0s - loss: 1.5395 - acc: 0.5262
3900/3900 [==============================] - 4s 920us/step - loss: 1.5381 - acc: 0.5269 - val_loss: 1.7391 - val_acc: 0.3939
Current time ....3.587
Train on 600 samples, validate on 86 samples
Epoch 1/1

 10/600 [..............................] - ETA: 0s - loss: 0.1328 - acc: 1.0000
 70/600 [==>...........................] - ETA: 0s - loss: 0.1260 - acc: 0.9857
130/600 [=====>........................] - ETA: 0s - loss: 0.1389 - acc: 0.9769
190/600 [========>.....................] - ETA: 0s - loss: 0.1188 - acc: 0.9842
250/600 [===========>..................] - ETA: 0s - loss: 0.1152 - acc: 0.9800
310/600 [==============>...............] - ETA: 0s - loss: 0.1141 - acc: 0.9806
370/600 [=================>............] - ETA: 0s - loss: 0.1155 - acc: 0.9811
430/600 [====================>.........] - ETA: 0s - loss: 0.1123 - acc: 0.9837
490/600 [=======================>......] - ETA: 0s - loss: 0.1131 - acc: 0.9816
550/600 [==========================>...] - ETA: 0s - loss: 0.1105 - acc: 0.9836
600/600 [==============================] - 1s 936us/step - loss: 0.1071 - acc: 0.9850 - val_loss: 0.3752 - val_acc: 0.9186
Current time ....0.562
Train on 1200 samples, validate on 68 samples
Epoch 1/1

  10/1200 [..............................] - ETA: 1s - loss: 0.5193 - acc: 0.7000
  70/1200 [>.............................] - ETA: 1s - loss: 0.3999 - acc: 0.8857
 130/1200 [==>...........................] - ETA: 0s - loss: 0.3658 - acc: 0.9154
 190/1200 [===>..........................] - ETA: 0s - loss: 0.3658 - acc: 0.9053
 250/1200 [=====>........................] - ETA: 0s - loss: 0.3691 - acc: 0.9080
 310/1200 [======>.......................] - ETA: 0s - loss: 0.3561 - acc: 0.9097
 370/1200 [========>.....................] - ETA: 0s - loss: 0.3490 - acc: 0.9135
 430/1200 [=========>....................] - ETA: 0s - loss: 0.3566 - acc: 0.9047
 490/1200 [===========>..................] - ETA: 0s - loss: 0.3567 - acc: 0.9020
 550/1200 [============>.................] - ETA: 0s - loss: 0.3472 - acc: 0.9073
 610/1200 [==============>...............] - ETA: 0s - loss: 0.3463 - acc: 0.9066
 670/1200 [===============>..............] - ETA: 0s - loss: 0.3453 - acc: 0.9090
 730/1200 [=================>............] - ETA: 0s - loss: 0.3452 - acc: 0.9110
 790/1200 [==================>...........] - ETA: 0s - loss: 0.3383 - acc: 0.9152
 850/1200 [====================>.........] - ETA: 0s - loss: 0.3342 - acc: 0.9188
 910/1200 [=====================>........] - ETA: 0s - loss: 0.3323 - acc: 0.9209
 970/1200 [=======================>......] - ETA: 0s - loss: 0.3327 - acc: 0.9206
1030/1200 [========================>.....] - ETA: 0s - loss: 0.3309 - acc: 0.9204
1090/1200 [==========================>...] - ETA: 0s - loss: 0.3301 - acc: 0.9202
1150/1200 [===========================>..] - ETA: 0s - loss: 0.3274 - acc: 0.9226
1200/1200 [==============================] - 1s 933us/step - loss: 0.3242 - acc: 0.9233 - val_loss: 0.8203 - val_acc: 0.7059
Current time ....1.120
Train on 3900 samples, validate on 99 samples
Epoch 1/1

  10/3900 [..............................] - ETA: 3s - loss: 1.2721 - acc: 0.6000
  70/3900 [..............................] - ETA: 3s - loss: 1.2865 - acc: 0.6571
 130/3900 [>.............................] - ETA: 3s - loss: 1.3862 - acc: 0.5615
 190/3900 [>.............................] - ETA: 3s - loss: 1.4300 - acc: 0.5368
 250/3900 [>.............................] - ETA: 3s - loss: 1.4125 - acc: 0.5640
 310/3900 [=>............................] - ETA: 3s - loss: 1.4099 - acc: 0.5774
 370/3900 [=>............................] - ETA: 3s - loss: 1.3998 - acc: 0.5811
 430/3900 [==>...........................] - ETA: 3s - loss: 1.3929 - acc: 0.5837
 490/3900 [==>...........................] - ETA: 3s - loss: 1.3921 - acc: 0.5918
 550/3900 [===>..........................] - ETA: 3s - loss: 1.3934 - acc: 0.5818
 610/3900 [===>..........................] - ETA: 3s - loss: 1.3890 - acc: 0.5869
 670/3900 [====>.........................] - ETA: 2s - loss: 1.3786 - acc: 0.5925
 730/3900 [====>.........................] - ETA: 2s - loss: 1.3870 - acc: 0.5849
 790/3900 [=====>........................] - ETA: 2s - loss: 1.3833 - acc: 0.5861
 850/3900 [=====>........................] - ETA: 2s - loss: 1.3888 - acc: 0.5812
 910/3900 [======>.......................] - ETA: 2s - loss: 1.3902 - acc: 0.5780
 970/3900 [======>.......................] - ETA: 2s - loss: 1.3931 - acc: 0.5732
1030/3900 [======>.......................] - ETA: 2s - loss: 1.3876 - acc: 0.5825
1090/3900 [=======>......................] - ETA: 2s - loss: 1.3807 - acc: 0.5872
1150/3900 [=======>......................] - ETA: 2s - loss: 1.3760 - acc: 0.5922
1210/3900 [========>.....................] - ETA: 2s - loss: 1.3776 - acc: 0.5934
1270/3900 [========>.....................] - ETA: 2s - loss: 1.3776 - acc: 0.5898
1330/3900 [=========>....................] - ETA: 2s - loss: 1.3730 - acc: 0.5925
1390/3900 [=========>....................] - ETA: 2s - loss: 1.3698 - acc: 0.5914
1450/3900 [==========>...................] - ETA: 2s - loss: 1.3710 - acc: 0.5869
1510/3900 [==========>...................] - ETA: 2s - loss: 1.3643 - acc: 0.5914
1570/3900 [===========>..................] - ETA: 2s - loss: 1.3627 - acc: 0.5911
1630/3900 [===========>..................] - ETA: 2s - loss: 1.3631 - acc: 0.5914
1690/3900 [============>.................] - ETA: 2s - loss: 1.3656 - acc: 0.5899
1750/3900 [============>.................] - ETA: 1s - loss: 1.3649 - acc: 0.5891
1810/3900 [============>.................] - ETA: 1s - loss: 1.3626 - acc: 0.5901
1870/3900 [=============>................] - ETA: 1s - loss: 1.3587 - acc: 0.5909
1930/3900 [=============>................] - ETA: 1s - loss: 1.3580 - acc: 0.5891
1990/3900 [==============>...............] - ETA: 1s - loss: 1.3515 - acc: 0.5955
2050/3900 [==============>...............] - ETA: 1s - loss: 1.3494 - acc: 0.5971
2110/3900 [===============>..............] - ETA: 1s - loss: 1.3503 - acc: 0.5976
2170/3900 [===============>..............] - ETA: 1s - loss: 1.3472 - acc: 0.5982
2230/3900 [================>.............] - ETA: 1s - loss: 1.3448 - acc: 0.5996
2290/3900 [================>.............] - ETA: 1s - loss: 1.3440 - acc: 0.5991
2350/3900 [=================>............] - ETA: 1s - loss: 1.3403 - acc: 0.6017
2410/3900 [=================>............] - ETA: 1s - loss: 1.3396 - acc: 0.6008
2470/3900 [==================>...........] - ETA: 1s - loss: 1.3396 - acc: 0.6004
2530/3900 [==================>...........] - ETA: 1s - loss: 1.3372 - acc: 0.6012
2590/3900 [==================>...........] - ETA: 1s - loss: 1.3350 - acc: 0.6015
2650/3900 [===================>..........] - ETA: 1s - loss: 1.3311 - acc: 0.6023
2710/3900 [===================>..........] - ETA: 1s - loss: 1.3276 - acc: 0.6044
2770/3900 [====================>.........] - ETA: 1s - loss: 1.3248 - acc: 0.6051
2830/3900 [====================>.........] - ETA: 0s - loss: 1.3232 - acc: 0.6060
2890/3900 [=====================>........] - ETA: 0s - loss: 1.3174 - acc: 0.6087
2950/3900 [=====================>........] - ETA: 0s - loss: 1.3169 - acc: 0.6078
3010/3900 [======================>.......] - ETA: 0s - loss: 1.3189 - acc: 0.6047
3070/3900 [======================>.......] - ETA: 0s - loss: 1.3169 - acc: 0.6046
3130/3900 [=======================>......] - ETA: 0s - loss: 1.3170 - acc: 0.6045
3190/3900 [=======================>......] - ETA: 0s - loss: 1.3155 - acc: 0.6038
3250/3900 [========================>.....] - ETA: 0s - loss: 1.3149 - acc: 0.6022
3310/3900 [========================>.....] - ETA: 0s - loss: 1.3108 - acc: 0.6036
3370/3900 [========================>.....] - ETA: 0s - loss: 1.3107 - acc: 0.6033
3430/3900 [=========================>....] - ETA: 0s - loss: 1.3077 - acc: 0.6035
3490/3900 [=========================>....] - ETA: 0s - loss: 1.3026 - acc: 0.6049
3550/3900 [==========================>...] - ETA: 0s - loss: 1.3037 - acc: 0.6037
3610/3900 [==========================>...] - ETA: 0s - loss: 1.3010 - acc: 0.6047
3670/3900 [===========================>..] - ETA: 0s - loss: 1.2972 - acc: 0.6065
3730/3900 [===========================>..] - ETA: 0s - loss: 1.2993 - acc: 0.6035
3790/3900 [============================>.] - ETA: 0s - loss: 1.2964 - acc: 0.6055
3850/3900 [============================>.] - ETA: 0s - loss: 1.2950 - acc: 0.6057
3900/3900 [==============================] - 4s 916us/step - loss: 1.2930 - acc: 0.6064 - val_loss: 1.6197 - val_acc: 0.4040
Current time ....3.575
Train on 600 samples, validate on 86 samples
Epoch 1/1

 10/600 [..............................] - ETA: 0s - loss: 0.1179 - acc: 1.0000
 70/600 [==>...........................] - ETA: 0s - loss: 0.1231 - acc: 0.9714
130/600 [=====>........................] - ETA: 0s - loss: 0.1092 - acc: 0.9846
190/600 [========>.....................] - ETA: 0s - loss: 0.0942 - acc: 0.9842
250/600 [===========>..................] - ETA: 0s - loss: 0.0862 - acc: 0.9880
310/600 [==============>...............] - ETA: 0s - loss: 0.0819 - acc: 0.9903
370/600 [=================>............] - ETA: 0s - loss: 0.0789 - acc: 0.9919
430/600 [====================>.........] - ETA: 0s - loss: 0.0818 - acc: 0.9930
490/600 [=======================>......] - ETA: 0s - loss: 0.0791 - acc: 0.9939
550/600 [==========================>...] - ETA: 0s - loss: 0.0767 - acc: 0.9945
600/600 [==============================] - 1s 941us/step - loss: 0.0735 - acc: 0.9950 - val_loss: 0.4139 - val_acc: 0.9186
Current time ....0.565
Train on 1200 samples, validate on 68 samples
Epoch 1/1

  10/1200 [..............................] - ETA: 1s - loss: 0.1824 - acc: 1.0000
  70/1200 [>.............................] - ETA: 1s - loss: 0.2628 - acc: 0.9714
 130/1200 [==>...........................] - ETA: 0s - loss: 0.2547 - acc: 0.9615
 190/1200 [===>..........................] - ETA: 0s - loss: 0.2390 - acc: 0.9579
 250/1200 [=====>........................] - ETA: 0s - loss: 0.2392 - acc: 0.9560
 310/1200 [======>.......................] - ETA: 0s - loss: 0.2442 - acc: 0.9548
 370/1200 [========>.....................] - ETA: 0s - loss: 0.2298 - acc: 0.9568
 430/1200 [=========>....................] - ETA: 0s - loss: 0.2278 - acc: 0.9558
 490/1200 [===========>..................] - ETA: 0s - loss: 0.2228 - acc: 0.9551
 550/1200 [============>.................] - ETA: 0s - loss: 0.2267 - acc: 0.9491
 610/1200 [==============>...............] - ETA: 0s - loss: 0.2378 - acc: 0.9410
 670/1200 [===============>..............] - ETA: 0s - loss: 0.2379 - acc: 0.9418
 730/1200 [=================>............] - ETA: 0s - loss: 0.2457 - acc: 0.9397
 790/1200 [==================>...........] - ETA: 0s - loss: 0.2497 - acc: 0.9380
 850/1200 [====================>.........] - ETA: 0s - loss: 0.2516 - acc: 0.9376
 910/1200 [=====================>........] - ETA: 0s - loss: 0.2507 - acc: 0.9363
 970/1200 [=======================>......] - ETA: 0s - loss: 0.2486 - acc: 0.9371
1030/1200 [========================>.....] - ETA: 0s - loss: 0.2456 - acc: 0.9369
1090/1200 [==========================>...] - ETA: 0s - loss: 0.2438 - acc: 0.9394
1150/1200 [===========================>..] - ETA: 0s - loss: 0.2438 - acc: 0.9383
1200/1200 [==============================] - 1s 926us/step - loss: 0.2436 - acc: 0.9392 - val_loss: 0.8552 - val_acc: 0.6618
Current time ....1.112
Train on 3900 samples, validate on 99 samples
Epoch 1/1

  10/3900 [..............................] - ETA: 3s - loss: 1.1791 - acc: 0.8000
  70/3900 [..............................] - ETA: 3s - loss: 1.1321 - acc: 0.6857
 130/3900 [>.............................] - ETA: 3s - loss: 1.1124 - acc: 0.7154
 190/3900 [>.............................] - ETA: 3s - loss: 1.1197 - acc: 0.6789
 250/3900 [>.............................] - ETA: 3s - loss: 1.0856 - acc: 0.7040
 310/3900 [=>............................] - ETA: 3s - loss: 1.0795 - acc: 0.7032
 370/3900 [=>............................] - ETA: 3s - loss: 1.0820 - acc: 0.6919
 430/3900 [==>...........................] - ETA: 3s - loss: 1.0889 - acc: 0.6837
 490/3900 [==>...........................] - ETA: 3s - loss: 1.1119 - acc: 0.6735
 550/3900 [===>..........................] - ETA: 3s - loss: 1.1074 - acc: 0.6782
 610/3900 [===>..........................] - ETA: 2s - loss: 1.0984 - acc: 0.6869
 670/3900 [====>.........................] - ETA: 2s - loss: 1.1016 - acc: 0.6836
 730/3900 [====>.........................] - ETA: 2s - loss: 1.1109 - acc: 0.6767
 790/3900 [=====>........................] - ETA: 2s - loss: 1.1133 - acc: 0.6734
 850/3900 [=====>........................] - ETA: 2s - loss: 1.1225 - acc: 0.6635
 910/3900 [======>.......................] - ETA: 2s - loss: 1.1217 - acc: 0.6637
 970/3900 [======>.......................] - ETA: 2s - loss: 1.1236 - acc: 0.6608
1030/3900 [======>.......................] - ETA: 2s - loss: 1.1311 - acc: 0.6553
1090/3900 [=======>......................] - ETA: 2s - loss: 1.1242 - acc: 0.6606
1150/3900 [=======>......................] - ETA: 2s - loss: 1.1281 - acc: 0.6600
1210/3900 [========>.....................] - ETA: 2s - loss: 1.1321 - acc: 0.6562
1270/3900 [========>.....................] - ETA: 2s - loss: 1.1295 - acc: 0.6591
1330/3900 [=========>....................] - ETA: 2s - loss: 1.1254 - acc: 0.6647
1390/3900 [=========>....................] - ETA: 2s - loss: 1.1252 - acc: 0.6662
1450/3900 [==========>...................] - ETA: 2s - loss: 1.1261 - acc: 0.6662
1510/3900 [==========>...................] - ETA: 2s - loss: 1.1180 - acc: 0.6702
1570/3900 [===========>..................] - ETA: 2s - loss: 1.1117 - acc: 0.6720
1630/3900 [===========>..................] - ETA: 2s - loss: 1.1147 - acc: 0.6706
1690/3900 [============>.................] - ETA: 2s - loss: 1.1107 - acc: 0.6710
1750/3900 [============>.................] - ETA: 1s - loss: 1.1073 - acc: 0.6709
1810/3900 [============>.................] - ETA: 1s - loss: 1.1027 - acc: 0.6718
1870/3900 [=============>................] - ETA: 1s - loss: 1.1023 - acc: 0.6722
1930/3900 [=============>................] - ETA: 1s - loss: 1.1024 - acc: 0.6736
1990/3900 [==============>...............] - ETA: 1s - loss: 1.1038 - acc: 0.6719
2050/3900 [==============>...............] - ETA: 1s - loss: 1.1067 - acc: 0.6678
2110/3900 [===============>..............] - ETA: 1s - loss: 1.1043 - acc: 0.6682
2170/3900 [===============>..............] - ETA: 1s - loss: 1.1029 - acc: 0.6682
2230/3900 [================>.............] - ETA: 1s - loss: 1.1017 - acc: 0.6668
2290/3900 [================>.............] - ETA: 1s - loss: 1.0972 - acc: 0.6690
2350/3900 [=================>............] - ETA: 1s - loss: 1.0976 - acc: 0.6685
2410/3900 [=================>............] - ETA: 1s - loss: 1.0966 - acc: 0.6680
2470/3900 [==================>...........] - ETA: 1s - loss: 1.0955 - acc: 0.6688
2530/3900 [==================>...........] - ETA: 1s - loss: 1.0978 - acc: 0.6664
2590/3900 [==================>...........] - ETA: 1s - loss: 1.0964 - acc: 0.6672
2650/3900 [===================>..........] - ETA: 1s - loss: 1.0897 - acc: 0.6706
2710/3900 [===================>..........] - ETA: 1s - loss: 1.0886 - acc: 0.6705
2770/3900 [====================>.........] - ETA: 1s - loss: 1.0830 - acc: 0.6736
2830/3900 [====================>.........] - ETA: 0s - loss: 1.0818 - acc: 0.6746
2890/3900 [=====================>........] - ETA: 0s - loss: 1.0824 - acc: 0.6720
2950/3900 [=====================>........] - ETA: 0s - loss: 1.0826 - acc: 0.6708
3010/3900 [======================>.......] - ETA: 0s - loss: 1.0781 - acc: 0.6721
3070/3900 [======================>.......] - ETA: 0s - loss: 1.0771 - acc: 0.6726
3130/3900 [=======================>......] - ETA: 0s - loss: 1.0732 - acc: 0.6732
3190/3900 [=======================>......] - ETA: 0s - loss: 1.0723 - acc: 0.6715
3250/3900 [========================>.....] - ETA: 0s - loss: 1.0724 - acc: 0.6698
3310/3900 [========================>.....] - ETA: 0s - loss: 1.0715 - acc: 0.6695
3370/3900 [========================>.....] - ETA: 0s - loss: 1.0705 - acc: 0.6691
3430/3900 [=========================>....] - ETA: 0s - loss: 1.0705 - acc: 0.6685
3490/3900 [=========================>....] - ETA: 0s - loss: 1.0679 - acc: 0.6688
3550/3900 [==========================>...] - ETA: 0s - loss: 1.0687 - acc: 0.6682
3610/3900 [==========================>...] - ETA: 0s - loss: 1.0675 - acc: 0.6693
3670/3900 [===========================>..] - ETA: 0s - loss: 1.0676 - acc: 0.6689
3730/3900 [===========================>..] - ETA: 0s - loss: 1.0695 - acc: 0.6676
3790/3900 [============================>.] - ETA: 0s - loss: 1.0691 - acc: 0.6662
3850/3900 [============================>.] - ETA: 0s - loss: 1.0683 - acc: 0.6670
3900/3900 [==============================] - 4s 921us/step - loss: 1.0672 - acc: 0.6672 - val_loss: 1.5427 - val_acc: 0.4141
Current time ....3.591
Train on 600 samples, validate on 86 samples
Epoch 1/1

 10/600 [..............................] - ETA: 0s - loss: 0.0800 - acc: 1.0000
 70/600 [==>...........................] - ETA: 0s - loss: 0.0477 - acc: 1.0000
130/600 [=====>........................] - ETA: 0s - loss: 0.0522 - acc: 1.0000
190/600 [========>.....................] - ETA: 0s - loss: 0.0478 - acc: 1.0000
250/600 [===========>..................] - ETA: 0s - loss: 0.0457 - acc: 1.0000
310/600 [==============>...............] - ETA: 0s - loss: 0.0505 - acc: 0.9968
370/600 [=================>............] - ETA: 0s - loss: 0.0553 - acc: 0.9946
430/600 [====================>.........] - ETA: 0s - loss: 0.0547 - acc: 0.9953
490/600 [=======================>......] - ETA: 0s - loss: 0.0549 - acc: 0.9959
550/600 [==========================>...] - ETA: 0s - loss: 0.0575 - acc: 0.9945
600/600 [==============================] - 1s 940us/step - loss: 0.0556 - acc: 0.9950 - val_loss: 0.4224 - val_acc: 0.9186
Current time ....0.564
Train on 1200 samples, validate on 68 samples
Epoch 1/1

  10/1200 [..............................] - ETA: 1s - loss: 0.1268 - acc: 1.0000
  70/1200 [>.............................] - ETA: 1s - loss: 0.1571 - acc: 0.9714
 130/1200 [==>...........................] - ETA: 0s - loss: 0.1568 - acc: 0.9846
 190/1200 [===>..........................] - ETA: 0s - loss: 0.1587 - acc: 0.9789
 250/1200 [=====>........................] - ETA: 0s - loss: 0.1587 - acc: 0.9800
 310/1200 [======>.......................] - ETA: 0s - loss: 0.1651 - acc: 0.9710
 370/1200 [========>.....................] - ETA: 0s - loss: 0.1594 - acc: 0.9757
 430/1200 [=========>....................] - ETA: 0s - loss: 0.1616 - acc: 0.9744
 490/1200 [===========>..................] - ETA: 0s - loss: 0.1614 - acc: 0.9735
 550/1200 [============>.................] - ETA: 0s - loss: 0.1643 - acc: 0.9727
 610/1200 [==============>...............] - ETA: 0s - loss: 0.1636 - acc: 0.9738
 670/1200 [===============>..............] - ETA: 0s - loss: 0.1690 - acc: 0.9716
 730/1200 [=================>............] - ETA: 0s - loss: 0.1652 - acc: 0.9712
 790/1200 [==================>...........] - ETA: 0s - loss: 0.1633 - acc: 0.9709
 850/1200 [====================>.........] - ETA: 0s - loss: 0.1623 - acc: 0.9718
 910/1200 [=====================>........] - ETA: 0s - loss: 0.1641 - acc: 0.9725
 970/1200 [=======================>......] - ETA: 0s - loss: 0.1642 - acc: 0.9722
1030/1200 [========================>.....] - ETA: 0s - loss: 0.1629 - acc: 0.9728
1090/1200 [==========================>...] - ETA: 0s - loss: 0.1661 - acc: 0.9706
1150/1200 [===========================>..] - ETA: 0s - loss: 0.1641 - acc: 0.9713
1200/1200 [==============================] - 1s 923us/step - loss: 0.1639 - acc: 0.9717 - val_loss: 0.7261 - val_acc: 0.7206
Current time ....1.108
Train on 3900 samples, validate on 99 samples
Epoch 1/1

  10/3900 [..............................] - ETA: 3s - loss: 0.7066 - acc: 0.8000
  70/3900 [..............................] - ETA: 3s - loss: 0.8797 - acc: 0.6857
 130/3900 [>.............................] - ETA: 3s - loss: 0.8886 - acc: 0.7000
 190/3900 [>.............................] - ETA: 3s - loss: 0.9123 - acc: 0.6895
 250/3900 [>.............................] - ETA: 3s - loss: 0.9658 - acc: 0.6640
 310/3900 [=>............................] - ETA: 3s - loss: 0.9589 - acc: 0.6742
 370/3900 [=>............................] - ETA: 3s - loss: 0.9477 - acc: 0.6919
 430/3900 [==>...........................] - ETA: 3s - loss: 0.9527 - acc: 0.6953
 490/3900 [==>...........................] - ETA: 3s - loss: 0.9699 - acc: 0.6837
 550/3900 [===>..........................] - ETA: 3s - loss: 0.9597 - acc: 0.6927
 610/3900 [===>..........................] - ETA: 3s - loss: 0.9663 - acc: 0.6852
 670/3900 [====>.........................] - ETA: 2s - loss: 0.9524 - acc: 0.6940
 730/3900 [====>.........................] - ETA: 2s - loss: 0.9582 - acc: 0.6890
 790/3900 [=====>........................] - ETA: 2s - loss: 0.9497 - acc: 0.6924
 850/3900 [=====>........................] - ETA: 2s - loss: 0.9506 - acc: 0.6906
 910/3900 [======>.......................] - ETA: 2s - loss: 0.9517 - acc: 0.6912
 970/3900 [======>.......................] - ETA: 2s - loss: 0.9551 - acc: 0.6856
1030/3900 [======>.......................] - ETA: 2s - loss: 0.9520 - acc: 0.6883
1090/3900 [=======>......................] - ETA: 2s - loss: 0.9496 - acc: 0.6899
1150/3900 [=======>......................] - ETA: 2s - loss: 0.9472 - acc: 0.6913
1210/3900 [========>.....................] - ETA: 2s - loss: 0.9441 - acc: 0.6950
1270/3900 [========>.....................] - ETA: 2s - loss: 0.9399 - acc: 0.6961
1330/3900 [=========>....................] - ETA: 2s - loss: 0.9313 - acc: 0.6992
1390/3900 [=========>....................] - ETA: 2s - loss: 0.9361 - acc: 0.6950
1450/3900 [==========>...................] - ETA: 2s - loss: 0.9312 - acc: 0.6952
1510/3900 [==========>...................] - ETA: 2s - loss: 0.9361 - acc: 0.6914
1570/3900 [===========>..................] - ETA: 2s - loss: 0.9335 - acc: 0.6917
1630/3900 [===========>..................] - ETA: 2s - loss: 0.9315 - acc: 0.6926
1690/3900 [============>.................] - ETA: 2s - loss: 0.9280 - acc: 0.6941
1750/3900 [============>.................] - ETA: 1s - loss: 0.9318 - acc: 0.6949
1810/3900 [============>.................] - ETA: 1s - loss: 0.9353 - acc: 0.6928
1870/3900 [=============>................] - ETA: 1s - loss: 0.9320 - acc: 0.6957
1930/3900 [=============>................] - ETA: 1s - loss: 0.9294 - acc: 0.6974
1990/3900 [==============>...............] - ETA: 1s - loss: 0.9199 - acc: 0.7015
2050/3900 [==============>...............] - ETA: 1s - loss: 0.9199 - acc: 0.7020
2110/3900 [===============>..............] - ETA: 1s - loss: 0.9228 - acc: 0.7019
2170/3900 [===============>..............] - ETA: 1s - loss: 0.9180 - acc: 0.7041
2230/3900 [================>.............] - ETA: 1s - loss: 0.9134 - acc: 0.7054
2290/3900 [================>.............] - ETA: 1s - loss: 0.9111 - acc: 0.7057
2350/3900 [=================>............] - ETA: 1s - loss: 0.9064 - acc: 0.7085
2410/3900 [=================>............] - ETA: 1s - loss: 0.9047 - acc: 0.7087
2470/3900 [==================>...........] - ETA: 1s - loss: 0.9015 - acc: 0.7093
2530/3900 [==================>...........] - ETA: 1s - loss: 0.8996 - acc: 0.7099
2590/3900 [==================>...........] - ETA: 1s - loss: 0.8994 - acc: 0.7089
2650/3900 [===================>..........] - ETA: 1s - loss: 0.8984 - acc: 0.7091
2710/3900 [===================>..........] - ETA: 1s - loss: 0.8944 - acc: 0.7107
2770/3900 [====================>.........] - ETA: 1s - loss: 0.8914 - acc: 0.7119
2830/3900 [====================>.........] - ETA: 0s - loss: 0.8920 - acc: 0.7113
2890/3900 [=====================>........] - ETA: 0s - loss: 0.8886 - acc: 0.7138
2950/3900 [=====================>........] - ETA: 0s - loss: 0.8901 - acc: 0.7132
3010/3900 [======================>.......] - ETA: 0s - loss: 0.8885 - acc: 0.7143
3070/3900 [======================>.......] - ETA: 0s - loss: 0.8874 - acc: 0.7140
3130/3900 [=======================>......] - ETA: 0s - loss: 0.8870 - acc: 0.7150
3190/3900 [=======================>......] - ETA: 0s - loss: 0.8838 - acc: 0.7166
3250/3900 [========================>.....] - ETA: 0s - loss: 0.8835 - acc: 0.7172
3310/3900 [========================>.....] - ETA: 0s - loss: 0.8824 - acc: 0.7184
3370/3900 [========================>.....] - ETA: 0s - loss: 0.8804 - acc: 0.7178
3430/3900 [=========================>....] - ETA: 0s - loss: 0.8789 - acc: 0.7190
3490/3900 [=========================>....] - ETA: 0s - loss: 0.8794 - acc: 0.7181
3550/3900 [==========================>...] - ETA: 0s - loss: 0.8777 - acc: 0.7180
3610/3900 [==========================>...] - ETA: 0s - loss: 0.8791 - acc: 0.7172
3670/3900 [===========================>..] - ETA: 0s - loss: 0.8771 - acc: 0.7183
3730/3900 [===========================>..] - ETA: 0s - loss: 0.8776 - acc: 0.7182
3790/3900 [============================>.] - ETA: 0s - loss: 0.8762 - acc: 0.7193
3850/3900 [============================>.] - ETA: 0s - loss: 0.8757 - acc: 0.7197
3900/3900 [==============================] - 4s 920us/step - loss: 0.8716 - acc: 0.7218 - val_loss: 1.5357 - val_acc: 0.4747
Current time ....3.587
Train on 600 samples, validate on 86 samples
Epoch 1/1

 10/600 [..............................] - ETA: 0s - loss: 0.0603 - acc: 1.0000
 70/600 [==>...........................] - ETA: 0s - loss: 0.0630 - acc: 0.9857
130/600 [=====>........................] - ETA: 0s - loss: 0.0561 - acc: 0.9923
190/600 [========>.....................] - ETA: 0s - loss: 0.0513 - acc: 0.9947
250/600 [===========>..................] - ETA: 0s - loss: 0.0516 - acc: 0.9920
310/600 [==============>...............] - ETA: 0s - loss: 0.0534 - acc: 0.9903
370/600 [=================>............] - ETA: 0s - loss: 0.0502 - acc: 0.9919
430/600 [====================>.........] - ETA: 0s - loss: 0.0474 - acc: 0.9930
490/600 [=======================>......] - ETA: 0s - loss: 0.0450 - acc: 0.9939
550/600 [==========================>...] - ETA: 0s - loss: 0.0455 - acc: 0.9945
600/600 [==============================] - 1s 937us/step - loss: 0.0442 - acc: 0.9950 - val_loss: 0.4495 - val_acc: 0.9186
Current time ....0.562
Train on 1200 samples, validate on 68 samples
Epoch 1/1

  10/1200 [..............................] - ETA: 1s - loss: 0.0791 - acc: 1.0000
  70/1200 [>.............................] - ETA: 1s - loss: 0.1437 - acc: 0.9571
 130/1200 [==>...........................] - ETA: 0s - loss: 0.1393 - acc: 0.9692
 190/1200 [===>..........................] - ETA: 0s - loss: 0.1402 - acc: 0.9789
 250/1200 [=====>........................] - ETA: 0s - loss: 0.1371 - acc: 0.9800
 310/1200 [======>.......................] - ETA: 0s - loss: 0.1323 - acc: 0.9806
 370/1200 [========>.....................] - ETA: 0s - loss: 0.1327 - acc: 0.9784
 430/1200 [=========>....................] - ETA: 0s - loss: 0.1303 - acc: 0.9791
 490/1200 [===========>..................] - ETA: 0s - loss: 0.1285 - acc: 0.9796
 550/1200 [============>.................] - ETA: 0s - loss: 0.1311 - acc: 0.9800
 610/1200 [==============>...............] - ETA: 0s - loss: 0.1304 - acc: 0.9787
 670/1200 [===============>..............] - ETA: 0s - loss: 0.1275 - acc: 0.9791
 730/1200 [=================>............] - ETA: 0s - loss: 0.1258 - acc: 0.9808
 790/1200 [==================>...........] - ETA: 0s - loss: 0.1251 - acc: 0.9810
 850/1200 [====================>.........] - ETA: 0s - loss: 0.1256 - acc: 0.9800
 910/1200 [=====================>........] - ETA: 0s - loss: 0.1247 - acc: 0.9813
 970/1200 [=======================>......] - ETA: 0s - loss: 0.1221 - acc: 0.9825
1030/1200 [========================>.....] - ETA: 0s - loss: 0.1226 - acc: 0.9825
1090/1200 [==========================>...] - ETA: 0s - loss: 0.1206 - acc: 0.9835
1150/1200 [===========================>..] - ETA: 0s - loss: 0.1190 - acc: 0.9843
1200/1200 [==============================] - 1s 925us/step - loss: 0.1198 - acc: 0.9842 - val_loss: 0.7678 - val_acc: 0.6912
Current time ....1.110
Train on 3900 samples, validate on 99 samples
Epoch 1/1

  10/3900 [..............................] - ETA: 3s - loss: 0.7031 - acc: 0.9000
  70/3900 [..............................] - ETA: 3s - loss: 0.8139 - acc: 0.7000
 130/3900 [>.............................] - ETA: 3s - loss: 0.8542 - acc: 0.6846
 190/3900 [>.............................] - ETA: 3s - loss: 0.8557 - acc: 0.6684
 250/3900 [>.............................] - ETA: 3s - loss: 0.8421 - acc: 0.6960
 310/3900 [=>............................] - ETA: 3s - loss: 0.8026 - acc: 0.7258
 370/3900 [=>............................] - ETA: 3s - loss: 0.8088 - acc: 0.7324
 430/3900 [==>...........................] - ETA: 3s - loss: 0.7963 - acc: 0.7349
 490/3900 [==>...........................] - ETA: 3s - loss: 0.7945 - acc: 0.7388
 550/3900 [===>..........................] - ETA: 3s - loss: 0.7948 - acc: 0.7436
 610/3900 [===>..........................] - ETA: 2s - loss: 0.7858 - acc: 0.7443
 670/3900 [====>.........................] - ETA: 2s - loss: 0.7850 - acc: 0.7448
 730/3900 [====>.........................] - ETA: 2s - loss: 0.7843 - acc: 0.7479
 790/3900 [=====>........................] - ETA: 2s - loss: 0.7794 - acc: 0.7468
 850/3900 [=====>........................] - ETA: 2s - loss: 0.7806 - acc: 0.7459
 910/3900 [======>.......................] - ETA: 2s - loss: 0.7696 - acc: 0.7538
 970/3900 [======>.......................] - ETA: 2s - loss: 0.7699 - acc: 0.7557
1030/3900 [======>.......................] - ETA: 2s - loss: 0.7650 - acc: 0.7612
1090/3900 [=======>......................] - ETA: 2s - loss: 0.7628 - acc: 0.7633
1150/3900 [=======>......................] - ETA: 2s - loss: 0.7604 - acc: 0.7643
1210/3900 [========>.....................] - ETA: 2s - loss: 0.7591 - acc: 0.7620
1270/3900 [========>.....................] - ETA: 2s - loss: 0.7529 - acc: 0.7638
1330/3900 [=========>....................] - ETA: 2s - loss: 0.7455 - acc: 0.7669
1390/3900 [=========>....................] - ETA: 2s - loss: 0.7458 - acc: 0.7676
1450/3900 [==========>...................] - ETA: 2s - loss: 0.7431 - acc: 0.7676
1510/3900 [==========>...................] - ETA: 2s - loss: 0.7430 - acc: 0.7682
1570/3900 [===========>..................] - ETA: 2s - loss: 0.7422 - acc: 0.7662
1630/3900 [===========>..................] - ETA: 2s - loss: 0.7406 - acc: 0.7669
1690/3900 [============>.................] - ETA: 2s - loss: 0.7395 - acc: 0.7669
1750/3900 [============>.................] - ETA: 1s - loss: 0.7344 - acc: 0.7703
1810/3900 [============>.................] - ETA: 1s - loss: 0.7317 - acc: 0.7691
1870/3900 [=============>................] - ETA: 1s - loss: 0.7340 - acc: 0.7690
1930/3900 [=============>................] - ETA: 1s - loss: 0.7341 - acc: 0.7689
1990/3900 [==============>...............] - ETA: 1s - loss: 0.7387 - acc: 0.7673
2050/3900 [==============>...............] - ETA: 1s - loss: 0.7430 - acc: 0.7649
2110/3900 [===============>..............] - ETA: 1s - loss: 0.7386 - acc: 0.7668
2170/3900 [===============>..............] - ETA: 1s - loss: 0.7356 - acc: 0.7687
2230/3900 [================>.............] - ETA: 1s - loss: 0.7370 - acc: 0.7668
2290/3900 [================>.............] - ETA: 1s - loss: 0.7363 - acc: 0.7664
2350/3900 [=================>............] - ETA: 1s - loss: 0.7344 - acc: 0.7672
2410/3900 [=================>............] - ETA: 1s - loss: 0.7327 - acc: 0.7676
2470/3900 [==================>...........] - ETA: 1s - loss: 0.7322 - acc: 0.7668
2530/3900 [==================>...........] - ETA: 1s - loss: 0.7318 - acc: 0.7676
2590/3900 [==================>...........] - ETA: 1s - loss: 0.7285 - acc: 0.7691
2650/3900 [===================>..........] - ETA: 1s - loss: 0.7283 - acc: 0.7687
2710/3900 [===================>..........] - ETA: 1s - loss: 0.7285 - acc: 0.7679
2770/3900 [====================>.........] - ETA: 1s - loss: 0.7270 - acc: 0.7682
2830/3900 [====================>.........] - ETA: 0s - loss: 0.7281 - acc: 0.7675
2890/3900 [=====================>........] - ETA: 0s - loss: 0.7282 - acc: 0.7668
2950/3900 [=====================>........] - ETA: 0s - loss: 0.7266 - acc: 0.7671
3010/3900 [======================>.......] - ETA: 0s - loss: 0.7236 - acc: 0.7684
3070/3900 [======================>.......] - ETA: 0s - loss: 0.7245 - acc: 0.7668
3130/3900 [=======================>......] - ETA: 0s - loss: 0.7252 - acc: 0.7661
3190/3900 [=======================>......] - ETA: 0s - loss: 0.7222 - acc: 0.7683
3250/3900 [========================>.....] - ETA: 0s - loss: 0.7213 - acc: 0.7683
3310/3900 [========================>.....] - ETA: 0s - loss: 0.7212 - acc: 0.7671
3370/3900 [========================>.....] - ETA: 0s - loss: 0.7193 - acc: 0.7677
3430/3900 [=========================>....] - ETA: 0s - loss: 0.7167 - acc: 0.7682
3490/3900 [=========================>....] - ETA: 0s - loss: 0.7187 - acc: 0.7682
3550/3900 [==========================>...] - ETA: 0s - loss: 0.7177 - acc: 0.7673
3610/3900 [==========================>...] - ETA: 0s - loss: 0.7155 - acc: 0.7684
3670/3900 [===========================>..] - ETA: 0s - loss: 0.7157 - acc: 0.7687
3730/3900 [===========================>..] - ETA: 0s - loss: 0.7152 - acc: 0.7689
3790/3900 [============================>.] - ETA: 0s - loss: 0.7134 - acc: 0.7702
3850/3900 [============================>.] - ETA: 0s - loss: 0.7122 - acc: 0.7709
3900/3900 [==============================] - 4s 916us/step - loss: 0.7104 - acc: 0.7718 - val_loss: 1.6487 - val_acc: 0.4343
Current time ....3.575
Train on 600 samples, validate on 86 samples
Epoch 1/1

 10/600 [..............................] - ETA: 0s - loss: 0.0121 - acc: 1.0000
 70/600 [==>...........................] - ETA: 0s - loss: 0.0473 - acc: 0.9857
130/600 [=====>........................] - ETA: 0s - loss: 0.0438 - acc: 0.9923
190/600 [========>.....................] - ETA: 0s - loss: 0.0408 - acc: 0.9947
250/600 [===========>..................] - ETA: 0s - loss: 0.0383 - acc: 0.9960
310/600 [==============>...............] - ETA: 0s - loss: 0.0374 - acc: 0.9968
370/600 [=================>............] - ETA: 0s - loss: 0.0396 - acc: 0.9973
430/600 [====================>.........] - ETA: 0s - loss: 0.0387 - acc: 0.9977
490/600 [=======================>......] - ETA: 0s - loss: 0.0389 - acc: 0.9959
550/600 [==========================>...] - ETA: 0s - loss: 0.0374 - acc: 0.9964
600/600 [==============================] - 1s 948us/step - loss: 0.0354 - acc: 0.9967 - val_loss: 0.4514 - val_acc: 0.9186
Current time ....0.569
Train on 1200 samples, validate on 68 samples
Epoch 1/1

  10/1200 [..............................] - ETA: 1s - loss: 0.0894 - acc: 1.0000
  70/1200 [>.............................] - ETA: 1s - loss: 0.0897 - acc: 0.9714
 130/1200 [==>...........................] - ETA: 0s - loss: 0.0809 - acc: 0.9846
 190/1200 [===>..........................] - ETA: 0s - loss: 0.0819 - acc: 0.9895
 250/1200 [=====>........................] - ETA: 0s - loss: 0.0816 - acc: 0.9920
 310/1200 [======>.......................] - ETA: 0s - loss: 0.0802 - acc: 0.9935
 370/1200 [========>.....................] - ETA: 0s - loss: 0.0820 - acc: 0.9919
 430/1200 [=========>....................] - ETA: 0s - loss: 0.0784 - acc: 0.9930
 490/1200 [===========>..................] - ETA: 0s - loss: 0.0765 - acc: 0.9939
 550/1200 [============>.................] - ETA: 0s - loss: 0.0758 - acc: 0.9945
 610/1200 [==============>...............] - ETA: 0s - loss: 0.0802 - acc: 0.9934
 670/1200 [===============>..............] - ETA: 0s - loss: 0.0789 - acc: 0.9940
 730/1200 [=================>............] - ETA: 0s - loss: 0.0766 - acc: 0.9945
 790/1200 [==================>...........] - ETA: 0s - loss: 0.0766 - acc: 0.9949
 850/1200 [====================>.........] - ETA: 0s - loss: 0.0827 - acc: 0.9906
 910/1200 [=====================>........] - ETA: 0s - loss: 0.0819 - acc: 0.9912
 970/1200 [=======================>......] - ETA: 0s - loss: 0.0813 - acc: 0.9907
1030/1200 [========================>.....] - ETA: 0s - loss: 0.0845 - acc: 0.9903
1090/1200 [==========================>...] - ETA: 0s - loss: 0.0846 - acc: 0.9899
1150/1200 [===========================>..] - ETA: 0s - loss: 0.0843 - acc: 0.9904
1200/1200 [==============================] - 1s 921us/step - loss: 0.0847 - acc: 0.9900 - val_loss: 1.0116 - val_acc: 0.6765
Current time ....1.106

32/99 [========>.....................] - ETA: 0s
99/99 [==============================] - 0s 95us/step
In EVALUATE loss:  [1.6486627489629417, 0.43434343494550148]

32/86 [==========>...................] - ETA: 0s
86/86 [==============================] - 0s 99us/step
In EVALUATE loss:  [0.4513795174831568, 0.91860465393509971]

32/68 [=============>................] - ETA: 0s
68/68 [==============================] - 0s 100us/step
In EVALUATE loss:  [1.0116250694674604, 0.67647058823529416]
Task 1 : Primary site - Macro F1 score 0.234204954171
Task 1 : Primary site - Micro F1 score 0.434343434343
Task 2 : Tumor laterality - Macro F1 score 0.918593644354
Task 2 : Tumor laterality - Micro F1 score 0.918604651163
Task 3 : Histological grade - Macro F1 score 0.489744019674
Task 3 : Histological grade - Micro F1 score 0.676470588235
Average loss:  1.0372224453
