Importing candle utils for keras
Configuration file:  /gpfs/mira-home/apeck/Modified_Benchmarks/Pilot3/P3B1/p3b1_default_model.txt
{'activation': 'relu',
 'batch_size': 10,
 'data_url': 'ftp://ftp.mcs.anl.gov/pub/candle/public/benchmarks/P3B1/',
 'drop': 0.0,
 'epochs': 10,
 'feature_names': 'Primary site:Tumor laterality:Histological grade',
 'ind_nnet_spec': [[2400, 2400, 1200, 1200],
                   [2400, 2400, 1200, 1200],
                   [2400, 2400, 1200, 1200]],
 'initialization': 'glorot_uniform',
 'learning_rate': 0.01,
 'loss': 'categorical_crossentropy',
 'metrics': 'accuracy',
 'model_name': 'p3b1',
 'n_fold': 1,
 'optimizer': 'sgd',
 'out_activation': 'softmax',
 'output_dir': '.',
 'scaling': 'none',
 'shared_nnet_spec': [1200,
                      2400,
                      3600,
                      3600,
                      3600,
                      3600,
                      3600,
                      3600,
                      3600,
                      2400],
 'shuffle': True,
 'timeout': 1800,
 'train_data': 'P3B1_data.tar.gz'}
Params:
{'activation': 'relu',
 'batch_size': 10,
 'case': 'CenterZ',
 'data_url': 'ftp://ftp.mcs.anl.gov/pub/candle/public/benchmarks/P3B1/',
 'datatype': <class 'numpy.float32'>,
 'drop': 0.0,
 'epochs': 10,
 'experiment_id': 'EXP000',
 'feature_names': 'Primary site:Tumor laterality:Histological grade',
 'fig': False,
 'gpus': [],
 'ind_nnet_spec': [[2400, 2400, 1200, 1200],
                   [2400, 2400, 1200, 1200],
                   [2400, 2400, 1200, 1200]],
 'initialization': 'glorot_uniform',
 'learning_rate': 0.01,
 'logfile': None,
 'loss': 'categorical_crossentropy',
 'metrics': 'accuracy',
 'model_name': 'p3b1',
 'n_fold': 1,
 'optimizer': 'sgd',
 'out_activation': 'softmax',
 'output_dir': '/gpfs/mira-home/apeck/CANDLE_testing/avery_modified_results/local_p3',
 'output_files': 'result0_0.csv;result1_0.csv;result2_0.csv',
 'rng_seed': 7102,
 'run_id': 'RUN000',
 'scaling': 'none',
 'shared_nnet_spec': [1200,
                      2400,
                      3600,
                      3600,
                      3600,
                      3600,
                      3600,
                      3600,
                      3600,
                      2400],
 'shuffle': False,
 'timeout': 1800,
 'train_bool': True,
 'train_data': 'P3B1_data.tar.gz',
 'train_features': 'data/task0_0_train_feature.csv;data/task1_0_train_feature.csv;data/task2_0_train_feature.csv',
 'train_truths': 'data/task0_0_train_label.csv;data/task1_0_train_label.csv;data/task2_0_train_label.csv',
 'valid_features': 'data/task0_0_test_feature.csv;data/task1_0_test_feature.csv;data/task2_0_test_feature.csv',
 'valid_truths': 'data/task0_0_test_label.csv;data/task1_0_test_label.csv;data/task2_0_test_label.csv',
 'verbose': None}
Feature names:
Primary site
Tumor laterality
Histological grade
Model:  0
_________________________________________________________________
Layer (type)                 Output Shape              Param #   
=================================================================
input (InputLayer)           (None, 400)               0         
_________________________________________________________________
indiv_layer_0_0 (Dense)      (None, 2400)              962400    
_________________________________________________________________
indiv_layer_0_1 (Dense)      (None, 2400)              5762400   
_________________________________________________________________
indiv_layer_0_2 (Dense)      (None, 1200)              2881200   
_________________________________________________________________
indiv_layer_0_3 (Dense)      (None, 1200)              1441200   
_________________________________________________________________
out_0 (Dense)                (None, 13)                15613     
=================================================================
Total params: 11,062,813
Trainable params: 11,062,813
Non-trainable params: 0
_________________________________________________________________
Model:  1
_________________________________________________________________
Layer (type)                 Output Shape              Param #   
=================================================================
input (InputLayer)           (None, 400)               0         
_________________________________________________________________
indiv_layer_1_0 (Dense)      (None, 2400)              962400    
_________________________________________________________________
indiv_layer_1_1 (Dense)      (None, 2400)              5762400   
_________________________________________________________________
indiv_layer_1_2 (Dense)      (None, 1200)              2881200   
_________________________________________________________________
indiv_layer_1_3 (Dense)      (None, 1200)              1441200   
_________________________________________________________________
out_1 (Dense)                (None, 2)                 2402      
=================================================================
Total params: 11,049,602
Trainable params: 11,049,602
Non-trainable params: 0
_________________________________________________________________
Model:  2
_________________________________________________________________
Layer (type)                 Output Shape              Param #   
=================================================================
input (InputLayer)           (None, 400)               0         
_________________________________________________________________
indiv_layer_2_0 (Dense)      (None, 2400)              962400    
_________________________________________________________________
indiv_layer_2_1 (Dense)      (None, 2400)              5762400   
_________________________________________________________________
indiv_layer_2_2 (Dense)      (None, 1200)              2881200   
_________________________________________________________________
indiv_layer_2_3 (Dense)      (None, 1200)              1441200   
_________________________________________________________________
out_2 (Dense)                (None, 4)                 4804      
=================================================================
Total params: 11,052,004
Trainable params: 11,052,004
Non-trainable params: 0
_________________________________________________________________
Train on 3900 samples, validate on 99 samples
Epoch 1/1

  10/3900 [..............................] - ETA: 9:59 - loss: 2.5667 - acc: 0.1000
  60/3900 [..............................] - ETA: 1:42 - loss: 2.5644 - acc: 0.1167
 110/3900 [..............................] - ETA: 57s - loss: 2.5643 - acc: 0.1182 
 160/3900 [>.............................] - ETA: 40s - loss: 2.5644 - acc: 0.1063
 210/3900 [>.............................] - ETA: 31s - loss: 2.5644 - acc: 0.1048
 260/3900 [=>............................] - ETA: 25s - loss: 2.5639 - acc: 0.1154
 310/3900 [=>............................] - ETA: 21s - loss: 2.5636 - acc: 0.1290
 360/3900 [=>............................] - ETA: 19s - loss: 2.5634 - acc: 0.1333
 410/3900 [==>...........................] - ETA: 16s - loss: 2.5631 - acc: 0.1293
 460/3900 [==>...........................] - ETA: 15s - loss: 2.5633 - acc: 0.1239
 510/3900 [==>...........................] - ETA: 13s - loss: 2.5633 - acc: 0.1235
 560/3900 [===>..........................] - ETA: 12s - loss: 2.5633 - acc: 0.1196
 620/3900 [===>..........................] - ETA: 11s - loss: 2.5632 - acc: 0.1242
 680/3900 [====>.........................] - ETA: 10s - loss: 2.5629 - acc: 0.1279
 740/3900 [====>.........................] - ETA: 9s - loss: 2.5626 - acc: 0.1284 
 800/3900 [=====>........................] - ETA: 9s - loss: 2.5624 - acc: 0.1263
 860/3900 [=====>........................] - ETA: 8s - loss: 2.5622 - acc: 0.1314
 920/3900 [======>.......................] - ETA: 8s - loss: 2.5620 - acc: 0.1315
 980/3900 [======>.......................] - ETA: 7s - loss: 2.5617 - acc: 0.1367
1040/3900 [=======>......................] - ETA: 7s - loss: 2.5617 - acc: 0.1385
1100/3900 [=======>......................] - ETA: 6s - loss: 2.5613 - acc: 0.1455
1160/3900 [=======>......................] - ETA: 6s - loss: 2.5610 - acc: 0.1517
1220/3900 [========>.....................] - ETA: 6s - loss: 2.5608 - acc: 0.1541
1280/3900 [========>.....................] - ETA: 5s - loss: 2.5606 - acc: 0.1531
1340/3900 [=========>....................] - ETA: 5s - loss: 2.5604 - acc: 0.1552
1400/3900 [=========>....................] - ETA: 5s - loss: 2.5601 - acc: 0.1593
1460/3900 [==========>...................] - ETA: 4s - loss: 2.5599 - acc: 0.1603
1520/3900 [==========>...................] - ETA: 4s - loss: 2.5596 - acc: 0.1651
1580/3900 [===========>..................] - ETA: 4s - loss: 2.5594 - acc: 0.1658
1640/3900 [===========>..................] - ETA: 4s - loss: 2.5593 - acc: 0.1671
1700/3900 [============>.................] - ETA: 4s - loss: 2.5589 - acc: 0.1688
1760/3900 [============>.................] - ETA: 3s - loss: 2.5588 - acc: 0.1688
1820/3900 [=============>................] - ETA: 3s - loss: 2.5585 - acc: 0.1714
1880/3900 [=============>................] - ETA: 3s - loss: 2.5583 - acc: 0.1739
1940/3900 [=============>................] - ETA: 3s - loss: 2.5580 - acc: 0.1773
2000/3900 [==============>...............] - ETA: 3s - loss: 2.5578 - acc: 0.1795
2060/3900 [==============>...............] - ETA: 3s - loss: 2.5575 - acc: 0.1791
2120/3900 [===============>..............] - ETA: 3s - loss: 2.5573 - acc: 0.1792
2180/3900 [===============>..............] - ETA: 2s - loss: 2.5572 - acc: 0.1821
2240/3900 [================>.............] - ETA: 2s - loss: 2.5570 - acc: 0.1813
2300/3900 [================>.............] - ETA: 2s - loss: 2.5567 - acc: 0.1857
2360/3900 [=================>............] - ETA: 2s - loss: 2.5563 - acc: 0.1907
2420/3900 [=================>............] - ETA: 2s - loss: 2.5561 - acc: 0.1893
2480/3900 [==================>...........] - ETA: 2s - loss: 2.5559 - acc: 0.1907
2540/3900 [==================>...........] - ETA: 2s - loss: 2.5557 - acc: 0.1909
2600/3900 [===================>..........] - ETA: 2s - loss: 2.5555 - acc: 0.1923
2660/3900 [===================>..........] - ETA: 1s - loss: 2.5553 - acc: 0.1936
2720/3900 [===================>..........] - ETA: 1s - loss: 2.5550 - acc: 0.1952
2780/3900 [====================>.........] - ETA: 1s - loss: 2.5548 - acc: 0.1960
2840/3900 [====================>.........] - ETA: 1s - loss: 2.5546 - acc: 0.1982
2900/3900 [=====================>........] - ETA: 1s - loss: 2.5544 - acc: 0.2003
2960/3900 [=====================>........] - ETA: 1s - loss: 2.5541 - acc: 0.2041
3020/3900 [======================>.......] - ETA: 1s - loss: 2.5539 - acc: 0.2060
3080/3900 [======================>.......] - ETA: 1s - loss: 2.5538 - acc: 0.2075
3140/3900 [=======================>......] - ETA: 1s - loss: 2.5536 - acc: 0.2089
3200/3900 [=======================>......] - ETA: 1s - loss: 2.5534 - acc: 0.2122
3260/3900 [========================>.....] - ETA: 0s - loss: 2.5532 - acc: 0.2160
3320/3900 [========================>.....] - ETA: 0s - loss: 2.5529 - acc: 0.2205
3380/3900 [=========================>....] - ETA: 0s - loss: 2.5526 - acc: 0.2231
3440/3900 [=========================>....] - ETA: 0s - loss: 2.5524 - acc: 0.2256
3500/3900 [=========================>....] - ETA: 0s - loss: 2.5521 - acc: 0.2266
3560/3900 [==========================>...] - ETA: 0s - loss: 2.5519 - acc: 0.2272
3620/3900 [==========================>...] - ETA: 0s - loss: 2.5517 - acc: 0.2290
3680/3900 [===========================>..] - ETA: 0s - loss: 2.5515 - acc: 0.2315
3740/3900 [===========================>..] - ETA: 0s - loss: 2.5511 - acc: 0.2342
3800/3900 [============================>.] - ETA: 0s - loss: 2.5509 - acc: 0.2366
3860/3900 [============================>.] - ETA: 0s - loss: 2.5506 - acc: 0.2391
3900/3900 [==============================] - 5s 1ms/step - loss: 2.5505 - acc: 0.2395 - val_loss: 2.5368 - val_acc: 0.3737
Current time ....5.255
Train on 600 samples, validate on 86 samples
Epoch 1/1

 10/600 [..............................] - ETA: 18s - loss: 0.7153 - acc: 0.4000
 70/600 [==>...........................] - ETA: 2s - loss: 0.7000 - acc: 0.4857 
130/600 [=====>........................] - ETA: 1s - loss: 0.6969 - acc: 0.4923
190/600 [========>.....................] - ETA: 1s - loss: 0.6938 - acc: 0.4947
250/600 [===========>..................] - ETA: 0s - loss: 0.6905 - acc: 0.5200
310/600 [==============>...............] - ETA: 0s - loss: 0.6896 - acc: 0.5355
370/600 [=================>............] - ETA: 0s - loss: 0.6870 - acc: 0.5622
430/600 [====================>.........] - ETA: 0s - loss: 0.6823 - acc: 0.6023
490/600 [=======================>......] - ETA: 0s - loss: 0.6767 - acc: 0.6367
550/600 [==========================>...] - ETA: 0s - loss: 0.6741 - acc: 0.6655
600/600 [==============================] - 1s 1ms/step - loss: 0.6706 - acc: 0.6850 - val_loss: 0.6457 - val_acc: 0.8372
Current time ....0.872
Train on 1200 samples, validate on 68 samples
Epoch 1/1

  10/1200 [..............................] - ETA: 34s - loss: 1.4131 - acc: 0.2000
  70/1200 [>.............................] - ETA: 5s - loss: 1.3822 - acc: 0.3143 
 130/1200 [==>...........................] - ETA: 3s - loss: 1.3825 - acc: 0.3077
 190/1200 [===>..........................] - ETA: 2s - loss: 1.3780 - acc: 0.3053
 250/1200 [=====>........................] - ETA: 1s - loss: 1.3768 - acc: 0.3240
 310/1200 [======>.......................] - ETA: 1s - loss: 1.3720 - acc: 0.3548
 370/1200 [========>.....................] - ETA: 1s - loss: 1.3659 - acc: 0.3703
 430/1200 [=========>....................] - ETA: 1s - loss: 1.3622 - acc: 0.3605
 490/1200 [===========>..................] - ETA: 1s - loss: 1.3570 - acc: 0.3592
 550/1200 [============>.................] - ETA: 0s - loss: 1.3529 - acc: 0.3673
 610/1200 [==============>...............] - ETA: 0s - loss: 1.3466 - acc: 0.3770
 670/1200 [===============>..............] - ETA: 0s - loss: 1.3439 - acc: 0.3791
 730/1200 [=================>............] - ETA: 0s - loss: 1.3377 - acc: 0.3986
 790/1200 [==================>...........] - ETA: 0s - loss: 1.3336 - acc: 0.4139
 850/1200 [====================>.........] - ETA: 0s - loss: 1.3284 - acc: 0.4224
 910/1200 [=====================>........] - ETA: 0s - loss: 1.3213 - acc: 0.4319
 970/1200 [=======================>......] - ETA: 0s - loss: 1.3190 - acc: 0.4351
1030/1200 [========================>.....] - ETA: 0s - loss: 1.3135 - acc: 0.4437
1090/1200 [==========================>...] - ETA: 0s - loss: 1.3094 - acc: 0.4523
1150/1200 [===========================>..] - ETA: 0s - loss: 1.3054 - acc: 0.4591
1200/1200 [==============================] - 1s 1ms/step - loss: 1.2988 - acc: 0.4650 - val_loss: 1.3256 - val_acc: 0.2794
Current time ....1.404
Train on 3900 samples, validate on 99 samples
Epoch 1/1

  10/3900 [..............................] - ETA: 3s - loss: 2.5314 - acc: 0.5000
  70/3900 [..............................] - ETA: 3s - loss: 2.5316 - acc: 0.4286
 130/3900 [>.............................] - ETA: 3s - loss: 2.5310 - acc: 0.4231
 190/3900 [>.............................] - ETA: 3s - loss: 2.5319 - acc: 0.3947
 250/3900 [>.............................] - ETA: 3s - loss: 2.5306 - acc: 0.4240
 310/3900 [=>............................] - ETA: 3s - loss: 2.5305 - acc: 0.4226
 370/3900 [=>............................] - ETA: 3s - loss: 2.5289 - acc: 0.4351
 430/3900 [==>...........................] - ETA: 3s - loss: 2.5293 - acc: 0.4163
 490/3900 [==>...........................] - ETA: 3s - loss: 2.5288 - acc: 0.4163
 550/3900 [===>..........................] - ETA: 3s - loss: 2.5283 - acc: 0.4145
 610/3900 [===>..........................] - ETA: 3s - loss: 2.5280 - acc: 0.4115
 670/3900 [====>.........................] - ETA: 2s - loss: 2.5276 - acc: 0.4060
 730/3900 [====>.........................] - ETA: 2s - loss: 2.5278 - acc: 0.3932
 790/3900 [=====>........................] - ETA: 2s - loss: 2.5272 - acc: 0.3873
 840/3900 [=====>........................] - ETA: 2s - loss: 2.5269 - acc: 0.3845
 900/3900 [=====>........................] - ETA: 2s - loss: 2.5264 - acc: 0.3867
 960/3900 [======>.......................] - ETA: 2s - loss: 2.5261 - acc: 0.3833
1020/3900 [======>.......................] - ETA: 2s - loss: 2.5262 - acc: 0.3794
1080/3900 [=======>......................] - ETA: 2s - loss: 2.5258 - acc: 0.3796
1140/3900 [=======>......................] - ETA: 2s - loss: 2.5254 - acc: 0.3772
1200/3900 [========>.....................] - ETA: 2s - loss: 2.5253 - acc: 0.3717
1260/3900 [========>.....................] - ETA: 2s - loss: 2.5250 - acc: 0.3635
1320/3900 [=========>....................] - ETA: 2s - loss: 2.5247 - acc: 0.3591
1380/3900 [=========>....................] - ETA: 2s - loss: 2.5241 - acc: 0.3587
1440/3900 [==========>...................] - ETA: 2s - loss: 2.5235 - acc: 0.3542
1500/3900 [==========>...................] - ETA: 2s - loss: 2.5231 - acc: 0.3480
1560/3900 [===========>..................] - ETA: 2s - loss: 2.5228 - acc: 0.3442
1620/3900 [===========>..................] - ETA: 2s - loss: 2.5226 - acc: 0.3395
1680/3900 [===========>..................] - ETA: 2s - loss: 2.5224 - acc: 0.3381
1740/3900 [============>.................] - ETA: 2s - loss: 2.5220 - acc: 0.3414
1800/3900 [============>.................] - ETA: 1s - loss: 2.5216 - acc: 0.3433
1860/3900 [=============>................] - ETA: 1s - loss: 2.5212 - acc: 0.3435
1920/3900 [=============>................] - ETA: 1s - loss: 2.5207 - acc: 0.3453
1980/3900 [==============>...............] - ETA: 1s - loss: 2.5203 - acc: 0.3460
2040/3900 [==============>...............] - ETA: 1s - loss: 2.5197 - acc: 0.3485
2100/3900 [===============>..............] - ETA: 1s - loss: 2.5194 - acc: 0.3500
2160/3900 [===============>..............] - ETA: 1s - loss: 2.5190 - acc: 0.3528
2220/3900 [================>.............] - ETA: 1s - loss: 2.5186 - acc: 0.3559
2280/3900 [================>.............] - ETA: 1s - loss: 2.5180 - acc: 0.3588
2340/3900 [=================>............] - ETA: 1s - loss: 2.5177 - acc: 0.3577
2400/3900 [=================>............] - ETA: 1s - loss: 2.5172 - acc: 0.3592
2460/3900 [=================>............] - ETA: 1s - loss: 2.5168 - acc: 0.3610
2520/3900 [==================>...........] - ETA: 1s - loss: 2.5166 - acc: 0.3595
2580/3900 [==================>...........] - ETA: 1s - loss: 2.5159 - acc: 0.3612
2640/3900 [===================>..........] - ETA: 1s - loss: 2.5155 - acc: 0.3625
2700/3900 [===================>..........] - ETA: 1s - loss: 2.5150 - acc: 0.3644
2760/3900 [====================>.........] - ETA: 1s - loss: 2.5144 - acc: 0.3649
2820/3900 [====================>.........] - ETA: 0s - loss: 2.5141 - acc: 0.3649
2880/3900 [=====================>........] - ETA: 0s - loss: 2.5135 - acc: 0.3667
2940/3900 [=====================>........] - ETA: 0s - loss: 2.5130 - acc: 0.3687
3000/3900 [======================>.......] - ETA: 0s - loss: 2.5125 - acc: 0.3707
3060/3900 [======================>.......] - ETA: 0s - loss: 2.5120 - acc: 0.3732
3120/3900 [=======================>......] - ETA: 0s - loss: 2.5113 - acc: 0.3750
3180/3900 [=======================>......] - ETA: 0s - loss: 2.5107 - acc: 0.3758
3240/3900 [=======================>......] - ETA: 0s - loss: 2.5101 - acc: 0.3765
3300/3900 [========================>.....] - ETA: 0s - loss: 2.5096 - acc: 0.3788
3360/3900 [========================>.....] - ETA: 0s - loss: 2.5088 - acc: 0.3810
3420/3900 [=========================>....] - ETA: 0s - loss: 2.5083 - acc: 0.3804
3480/3900 [=========================>....] - ETA: 0s - loss: 2.5076 - acc: 0.3805
3540/3900 [==========================>...] - ETA: 0s - loss: 2.5069 - acc: 0.3814
3600/3900 [==========================>...] - ETA: 0s - loss: 2.5063 - acc: 0.3831
3660/3900 [===========================>..] - ETA: 0s - loss: 2.5057 - acc: 0.3828
3720/3900 [===========================>..] - ETA: 0s - loss: 2.5050 - acc: 0.3847
3780/3900 [============================>.] - ETA: 0s - loss: 2.5044 - acc: 0.3847
3840/3900 [============================>.] - ETA: 0s - loss: 2.5038 - acc: 0.3857
3900/3900 [==============================] - 4s 929us/step - loss: 2.5030 - acc: 0.3862 - val_loss: 2.4827 - val_acc: 0.3030
Current time ....3.625
Train on 600 samples, validate on 86 samples
Epoch 1/1

 10/600 [..............................] - ETA: 0s - loss: 0.5891 - acc: 0.9000
 70/600 [==>...........................] - ETA: 0s - loss: 0.6198 - acc: 0.8857
130/600 [=====>........................] - ETA: 0s - loss: 0.6132 - acc: 0.8308
190/600 [========>.....................] - ETA: 0s - loss: 0.6106 - acc: 0.8684
250/600 [===========>..................] - ETA: 0s - loss: 0.6052 - acc: 0.8920
310/600 [==============>...............] - ETA: 0s - loss: 0.5959 - acc: 0.8935
370/600 [=================>............] - ETA: 0s - loss: 0.5890 - acc: 0.8946
430/600 [====================>.........] - ETA: 0s - loss: 0.5867 - acc: 0.8605
490/600 [=======================>......] - ETA: 0s - loss: 0.5810 - acc: 0.8735
550/600 [==========================>...] - ETA: 0s - loss: 0.5777 - acc: 0.8691
600/600 [==============================] - 1s 954us/step - loss: 0.5731 - acc: 0.8750 - val_loss: 0.5619 - val_acc: 0.9070
Current time ....0.572
Train on 1200 samples, validate on 68 samples
Epoch 1/1

  10/1200 [..............................] - ETA: 1s - loss: 1.1931 - acc: 0.5000
  70/1200 [>.............................] - ETA: 1s - loss: 1.1358 - acc: 0.5857
 130/1200 [==>...........................] - ETA: 0s - loss: 1.1607 - acc: 0.5615
 190/1200 [===>..........................] - ETA: 0s - loss: 1.1610 - acc: 0.5789
 250/1200 [=====>........................] - ETA: 0s - loss: 1.1504 - acc: 0.6000
 310/1200 [======>.......................] - ETA: 0s - loss: 1.1343 - acc: 0.6000
 370/1200 [========>.....................] - ETA: 0s - loss: 1.1398 - acc: 0.6054
 430/1200 [=========>....................] - ETA: 0s - loss: 1.1326 - acc: 0.6116
 490/1200 [===========>..................] - ETA: 0s - loss: 1.1272 - acc: 0.6204
 550/1200 [============>.................] - ETA: 0s - loss: 1.1251 - acc: 0.6236
 610/1200 [==============>...............] - ETA: 0s - loss: 1.1218 - acc: 0.6213
 670/1200 [===============>..............] - ETA: 0s - loss: 1.1192 - acc: 0.6149
 730/1200 [=================>............] - ETA: 0s - loss: 1.1157 - acc: 0.6123
 790/1200 [==================>...........] - ETA: 0s - loss: 1.1095 - acc: 0.6203
 850/1200 [====================>.........] - ETA: 0s - loss: 1.1064 - acc: 0.6188
 910/1200 [=====================>........] - ETA: 0s - loss: 1.1041 - acc: 0.6198
 970/1200 [=======================>......] - ETA: 0s - loss: 1.0976 - acc: 0.6196
1030/1200 [========================>.....] - ETA: 0s - loss: 1.0887 - acc: 0.6204
1090/1200 [==========================>...] - ETA: 0s - loss: 1.0857 - acc: 0.6239
1150/1200 [===========================>..] - ETA: 0s - loss: 1.0796 - acc: 0.6252
1200/1200 [==============================] - 1s 933us/step - loss: 1.0740 - acc: 0.6283 - val_loss: 1.1471 - val_acc: 0.3824
Current time ....1.119
Train on 3900 samples, validate on 99 samples
Epoch 1/1

  10/3900 [..............................] - ETA: 4s - loss: 2.4631 - acc: 0.6000
  70/3900 [..............................] - ETA: 3s - loss: 2.4512 - acc: 0.4429
 130/3900 [>.............................] - ETA: 3s - loss: 2.4507 - acc: 0.4462
 190/3900 [>.............................] - ETA: 3s - loss: 2.4500 - acc: 0.4211
 250/3900 [>.............................] - ETA: 3s - loss: 2.4482 - acc: 0.4160
 310/3900 [=>............................] - ETA: 3s - loss: 2.4501 - acc: 0.3968
 370/3900 [=>............................] - ETA: 3s - loss: 2.4472 - acc: 0.4000
 430/3900 [==>...........................] - ETA: 3s - loss: 2.4466 - acc: 0.3930
 490/3900 [==>...........................] - ETA: 3s - loss: 2.4463 - acc: 0.3898
 550/3900 [===>..........................] - ETA: 3s - loss: 2.4462 - acc: 0.3909
 600/3900 [===>..........................] - ETA: 3s - loss: 2.4453 - acc: 0.3967
 660/3900 [====>.........................] - ETA: 3s - loss: 2.4434 - acc: 0.4000
 720/3900 [====>.........................] - ETA: 2s - loss: 2.4420 - acc: 0.3986
 780/3900 [=====>........................] - ETA: 2s - loss: 2.4409 - acc: 0.3974
 840/3900 [=====>........................] - ETA: 2s - loss: 2.4406 - acc: 0.3905
 900/3900 [=====>........................] - ETA: 2s - loss: 2.4396 - acc: 0.3867
 960/3900 [======>.......................] - ETA: 2s - loss: 2.4380 - acc: 0.3927
1020/3900 [======>.......................] - ETA: 2s - loss: 2.4372 - acc: 0.3931
1080/3900 [=======>......................] - ETA: 2s - loss: 2.4356 - acc: 0.3954
1140/3900 [=======>......................] - ETA: 2s - loss: 2.4345 - acc: 0.3947
1200/3900 [========>.....................] - ETA: 2s - loss: 2.4321 - acc: 0.3983
1260/3900 [========>.....................] - ETA: 2s - loss: 2.4296 - acc: 0.4008
1320/3900 [=========>....................] - ETA: 2s - loss: 2.4279 - acc: 0.4000
1380/3900 [=========>....................] - ETA: 2s - loss: 2.4258 - acc: 0.4014
1440/3900 [==========>...................] - ETA: 2s - loss: 2.4236 - acc: 0.4007
1500/3900 [==========>...................] - ETA: 2s - loss: 2.4225 - acc: 0.4007
1560/3900 [===========>..................] - ETA: 2s - loss: 2.4213 - acc: 0.4019
1620/3900 [===========>..................] - ETA: 2s - loss: 2.4199 - acc: 0.4025
1680/3900 [===========>..................] - ETA: 2s - loss: 2.4179 - acc: 0.4065
1740/3900 [============>.................] - ETA: 1s - loss: 2.4161 - acc: 0.4063
1800/3900 [============>.................] - ETA: 1s - loss: 2.4142 - acc: 0.4056
1860/3900 [=============>................] - ETA: 1s - loss: 2.4120 - acc: 0.4038
1920/3900 [=============>................] - ETA: 1s - loss: 2.4105 - acc: 0.4031
1980/3900 [==============>...............] - ETA: 1s - loss: 2.4086 - acc: 0.4030
2040/3900 [==============>...............] - ETA: 1s - loss: 2.4072 - acc: 0.4025
2100/3900 [===============>..............] - ETA: 1s - loss: 2.4060 - acc: 0.4014
2160/3900 [===============>..............] - ETA: 1s - loss: 2.4042 - acc: 0.4009
2220/3900 [================>.............] - ETA: 1s - loss: 2.4024 - acc: 0.3991
2280/3900 [================>.............] - ETA: 1s - loss: 2.4018 - acc: 0.3956
2340/3900 [=================>............] - ETA: 1s - loss: 2.4000 - acc: 0.3949
2400/3900 [=================>............] - ETA: 1s - loss: 2.3980 - acc: 0.3950
2460/3900 [=================>............] - ETA: 1s - loss: 2.3966 - acc: 0.3943
2520/3900 [==================>...........] - ETA: 1s - loss: 2.3947 - acc: 0.3964
2580/3900 [==================>...........] - ETA: 1s - loss: 2.3923 - acc: 0.3988
2640/3900 [===================>..........] - ETA: 1s - loss: 2.3904 - acc: 0.3996
2700/3900 [===================>..........] - ETA: 1s - loss: 2.3885 - acc: 0.4011
2760/3900 [====================>.........] - ETA: 1s - loss: 2.3868 - acc: 0.4029
2820/3900 [====================>.........] - ETA: 0s - loss: 2.3846 - acc: 0.4060
2880/3900 [=====================>........] - ETA: 0s - loss: 2.3827 - acc: 0.4087
2940/3900 [=====================>........] - ETA: 0s - loss: 2.3804 - acc: 0.4092
3000/3900 [======================>.......] - ETA: 0s - loss: 2.3781 - acc: 0.4107
3060/3900 [======================>.......] - ETA: 0s - loss: 2.3755 - acc: 0.4150
3120/3900 [=======================>......] - ETA: 0s - loss: 2.3727 - acc: 0.4160
3180/3900 [=======================>......] - ETA: 0s - loss: 2.3702 - acc: 0.4157
3240/3900 [=======================>......] - ETA: 0s - loss: 2.3678 - acc: 0.4154
3300/3900 [========================>.....] - ETA: 0s - loss: 2.3655 - acc: 0.4142
3360/3900 [========================>.....] - ETA: 0s - loss: 2.3626 - acc: 0.4143
3420/3900 [=========================>....] - ETA: 0s - loss: 2.3602 - acc: 0.4149
3480/3900 [=========================>....] - ETA: 0s - loss: 2.3575 - acc: 0.4158
3540/3900 [==========================>...] - ETA: 0s - loss: 2.3552 - acc: 0.4161
3600/3900 [==========================>...] - ETA: 0s - loss: 2.3519 - acc: 0.4158
3660/3900 [===========================>..] - ETA: 0s - loss: 2.3489 - acc: 0.4148
3720/3900 [===========================>..] - ETA: 0s - loss: 2.3461 - acc: 0.4140
3780/3900 [============================>.] - ETA: 0s - loss: 2.3431 - acc: 0.4138
3840/3900 [============================>.] - ETA: 0s - loss: 2.3405 - acc: 0.4146
3900/3900 [==============================] - 4s 932us/step - loss: 2.3374 - acc: 0.4136 - val_loss: 2.2068 - val_acc: 0.4040
Current time ....3.636
Train on 600 samples, validate on 86 samples
Epoch 1/1

 10/600 [..............................] - ETA: 0s - loss: 0.5104 - acc: 1.0000
 70/600 [==>...........................] - ETA: 0s - loss: 0.4831 - acc: 0.9857
130/600 [=====>........................] - ETA: 0s - loss: 0.4815 - acc: 0.9692
190/600 [========>.....................] - ETA: 0s - loss: 0.4820 - acc: 0.9579
250/600 [===========>..................] - ETA: 0s - loss: 0.4745 - acc: 0.9640
310/600 [==============>...............] - ETA: 0s - loss: 0.4746 - acc: 0.9645
370/600 [=================>............] - ETA: 0s - loss: 0.4613 - acc: 0.9595
430/600 [====================>.........] - ETA: 0s - loss: 0.4540 - acc: 0.9581
490/600 [=======================>......] - ETA: 0s - loss: 0.4490 - acc: 0.9571
550/600 [==========================>...] - ETA: 0s - loss: 0.4465 - acc: 0.9618
600/600 [==============================] - 1s 953us/step - loss: 0.4359 - acc: 0.9650 - val_loss: 0.4505 - val_acc: 0.9302
Current time ....0.572
Train on 1200 samples, validate on 68 samples
Epoch 1/1

  10/1200 [..............................] - ETA: 1s - loss: 1.0794 - acc: 0.6000
  70/1200 [>.............................] - ETA: 1s - loss: 0.9836 - acc: 0.6571
 130/1200 [==>...........................] - ETA: 0s - loss: 0.9452 - acc: 0.6538
 190/1200 [===>..........................] - ETA: 0s - loss: 0.9102 - acc: 0.7000
 250/1200 [=====>........................] - ETA: 0s - loss: 0.8913 - acc: 0.7120
 310/1200 [======>.......................] - ETA: 0s - loss: 0.8859 - acc: 0.7097
 370/1200 [========>.....................] - ETA: 0s - loss: 0.8994 - acc: 0.6892
 430/1200 [=========>....................] - ETA: 0s - loss: 0.8811 - acc: 0.7140
 490/1200 [===========>..................] - ETA: 0s - loss: 0.8880 - acc: 0.6980
 550/1200 [============>.................] - ETA: 0s - loss: 0.8816 - acc: 0.7018
 610/1200 [==============>...............] - ETA: 0s - loss: 0.8721 - acc: 0.7131
 670/1200 [===============>..............] - ETA: 0s - loss: 0.8666 - acc: 0.7179
 730/1200 [=================>............] - ETA: 0s - loss: 0.8629 - acc: 0.7192
 790/1200 [==================>...........] - ETA: 0s - loss: 0.8639 - acc: 0.7076
 850/1200 [====================>.........] - ETA: 0s - loss: 0.8593 - acc: 0.7071
 910/1200 [=====================>........] - ETA: 0s - loss: 0.8579 - acc: 0.7033
 970/1200 [=======================>......] - ETA: 0s - loss: 0.8493 - acc: 0.7113
1030/1200 [========================>.....] - ETA: 0s - loss: 0.8421 - acc: 0.7117
1090/1200 [==========================>...] - ETA: 0s - loss: 0.8389 - acc: 0.7119
1150/1200 [===========================>..] - ETA: 0s - loss: 0.8334 - acc: 0.7157
1200/1200 [==============================] - 1s 934us/step - loss: 0.8317 - acc: 0.7167 - val_loss: 0.8642 - val_acc: 0.6029
Current time ....1.121
Train on 3900 samples, validate on 99 samples
Epoch 1/1

  10/3900 [..............................] - ETA: 3s - loss: 2.1162 - acc: 0.6000
  70/3900 [..............................] - ETA: 3s - loss: 2.1149 - acc: 0.6143
 130/3900 [>.............................] - ETA: 3s - loss: 2.1322 - acc: 0.5846
 190/3900 [>.............................] - ETA: 3s - loss: 2.1100 - acc: 0.5842
 250/3900 [>.............................] - ETA: 3s - loss: 2.1147 - acc: 0.5080
 310/3900 [=>............................] - ETA: 3s - loss: 2.1204 - acc: 0.4710
 370/3900 [=>............................] - ETA: 3s - loss: 2.1165 - acc: 0.4432
 430/3900 [==>...........................] - ETA: 3s - loss: 2.1173 - acc: 0.4442
 490/3900 [==>...........................] - ETA: 3s - loss: 2.1162 - acc: 0.4510
 550/3900 [===>..........................] - ETA: 3s - loss: 2.1162 - acc: 0.4436
 610/3900 [===>..........................] - ETA: 3s - loss: 2.1118 - acc: 0.4459
 670/3900 [====>.........................] - ETA: 2s - loss: 2.1106 - acc: 0.4328
 730/3900 [====>.........................] - ETA: 2s - loss: 2.1100 - acc: 0.4192
 790/3900 [=====>........................] - ETA: 2s - loss: 2.1077 - acc: 0.4089
 850/3900 [=====>........................] - ETA: 2s - loss: 2.1034 - acc: 0.4094
 910/3900 [======>.......................] - ETA: 2s - loss: 2.0993 - acc: 0.4033
 970/3900 [======>.......................] - ETA: 2s - loss: 2.0943 - acc: 0.4031
1030/3900 [======>.......................] - ETA: 2s - loss: 2.0910 - acc: 0.4019
1090/3900 [=======>......................] - ETA: 2s - loss: 2.0887 - acc: 0.3954
1150/3900 [=======>......................] - ETA: 2s - loss: 2.0879 - acc: 0.3913
1210/3900 [========>.....................] - ETA: 2s - loss: 2.0858 - acc: 0.3884
1270/3900 [========>.....................] - ETA: 2s - loss: 2.0795 - acc: 0.3961
1330/3900 [=========>....................] - ETA: 2s - loss: 2.0759 - acc: 0.3955
1390/3900 [=========>....................] - ETA: 2s - loss: 2.0729 - acc: 0.3928
1450/3900 [==========>...................] - ETA: 2s - loss: 2.0685 - acc: 0.3952
1510/3900 [==========>...................] - ETA: 2s - loss: 2.0648 - acc: 0.3947
1570/3900 [===========>..................] - ETA: 2s - loss: 2.0604 - acc: 0.3981
1630/3900 [===========>..................] - ETA: 2s - loss: 2.0590 - acc: 0.3969
1690/3900 [============>.................] - ETA: 2s - loss: 2.0536 - acc: 0.4024
1750/3900 [============>.................] - ETA: 1s - loss: 2.0501 - acc: 0.4017
1810/3900 [============>.................] - ETA: 1s - loss: 2.0483 - acc: 0.3994
1870/3900 [=============>................] - ETA: 1s - loss: 2.0452 - acc: 0.3984
1930/3900 [=============>................] - ETA: 1s - loss: 2.0440 - acc: 0.3953
1990/3900 [==============>...............] - ETA: 1s - loss: 2.0403 - acc: 0.3965
2050/3900 [==============>...............] - ETA: 1s - loss: 2.0356 - acc: 0.3961
2110/3900 [===============>..............] - ETA: 1s - loss: 2.0319 - acc: 0.3948
2170/3900 [===============>..............] - ETA: 1s - loss: 2.0283 - acc: 0.3968
2230/3900 [================>.............] - ETA: 1s - loss: 2.0266 - acc: 0.3969
2290/3900 [================>.............] - ETA: 1s - loss: 2.0219 - acc: 0.4013
2350/3900 [=================>............] - ETA: 1s - loss: 2.0196 - acc: 0.4013
2410/3900 [=================>............] - ETA: 1s - loss: 2.0160 - acc: 0.4037
2470/3900 [==================>...........] - ETA: 1s - loss: 2.0129 - acc: 0.4032
2530/3900 [==================>...........] - ETA: 1s - loss: 2.0106 - acc: 0.4032
2590/3900 [==================>...........] - ETA: 1s - loss: 2.0089 - acc: 0.4023
2650/3900 [===================>..........] - ETA: 1s - loss: 2.0061 - acc: 0.4019
2710/3900 [===================>..........] - ETA: 1s - loss: 2.0040 - acc: 0.4041
2770/3900 [====================>.........] - ETA: 1s - loss: 2.0019 - acc: 0.4065
2830/3900 [====================>.........] - ETA: 0s - loss: 2.0002 - acc: 0.4071
2890/3900 [=====================>........] - ETA: 0s - loss: 1.9975 - acc: 0.4080
2950/3900 [=====================>........] - ETA: 0s - loss: 1.9951 - acc: 0.4058
3010/3900 [======================>.......] - ETA: 0s - loss: 1.9926 - acc: 0.4063
3070/3900 [======================>.......] - ETA: 0s - loss: 1.9903 - acc: 0.4072
3130/3900 [=======================>......] - ETA: 0s - loss: 1.9873 - acc: 0.4093
3190/3900 [=======================>......] - ETA: 0s - loss: 1.9854 - acc: 0.4097
3250/3900 [========================>.....] - ETA: 0s - loss: 1.9814 - acc: 0.4123
3310/3900 [========================>.....] - ETA: 0s - loss: 1.9790 - acc: 0.4124
3370/3900 [========================>.....] - ETA: 0s - loss: 1.9765 - acc: 0.4101
3430/3900 [=========================>....] - ETA: 0s - loss: 1.9727 - acc: 0.4122
3490/3900 [=========================>....] - ETA: 0s - loss: 1.9711 - acc: 0.4112
3550/3900 [==========================>...] - ETA: 0s - loss: 1.9695 - acc: 0.4090
3610/3900 [==========================>...] - ETA: 0s - loss: 1.9684 - acc: 0.4097
3670/3900 [===========================>..] - ETA: 0s - loss: 1.9654 - acc: 0.4104
3730/3900 [===========================>..] - ETA: 0s - loss: 1.9642 - acc: 0.4083
3790/3900 [============================>.] - ETA: 0s - loss: 1.9620 - acc: 0.4082
3850/3900 [============================>.] - ETA: 0s - loss: 1.9597 - acc: 0.4088
3900/3900 [==============================] - 4s 929us/step - loss: 1.9580 - acc: 0.4082 - val_loss: 1.9356 - val_acc: 0.2626
Current time ....3.622
Train on 600 samples, validate on 86 samples
Epoch 1/1

 10/600 [..............................] - ETA: 0s - loss: 0.2993 - acc: 1.0000
 70/600 [==>...........................] - ETA: 0s - loss: 0.3012 - acc: 1.0000
130/600 [=====>........................] - ETA: 0s - loss: 0.3279 - acc: 0.9923
190/600 [========>.....................] - ETA: 0s - loss: 0.3207 - acc: 0.9947
250/600 [===========>..................] - ETA: 0s - loss: 0.3111 - acc: 0.9960
310/600 [==============>...............] - ETA: 0s - loss: 0.3021 - acc: 0.9968
370/600 [=================>............] - ETA: 0s - loss: 0.2964 - acc: 0.9919
430/600 [====================>.........] - ETA: 0s - loss: 0.3013 - acc: 0.9791
490/600 [=======================>......] - ETA: 0s - loss: 0.2959 - acc: 0.9796
550/600 [==========================>...] - ETA: 0s - loss: 0.2884 - acc: 0.9800
600/600 [==============================] - 1s 950us/step - loss: 0.2826 - acc: 0.9817 - val_loss: 0.3625 - val_acc: 0.9302
Current time ....0.570
Train on 1200 samples, validate on 68 samples
Epoch 1/1

  10/1200 [..............................] - ETA: 1s - loss: 0.7431 - acc: 0.8000
  70/1200 [>.............................] - ETA: 1s - loss: 0.6976 - acc: 0.8143
 130/1200 [==>...........................] - ETA: 0s - loss: 0.6846 - acc: 0.8231
 190/1200 [===>..........................] - ETA: 0s - loss: 0.6550 - acc: 0.8105
 250/1200 [=====>........................] - ETA: 0s - loss: 0.6632 - acc: 0.8120
 310/1200 [======>.......................] - ETA: 0s - loss: 0.6530 - acc: 0.8097
 370/1200 [========>.....................] - ETA: 0s - loss: 0.6645 - acc: 0.7946
 430/1200 [=========>....................] - ETA: 0s - loss: 0.6683 - acc: 0.7930
 490/1200 [===========>..................] - ETA: 0s - loss: 0.6826 - acc: 0.7878
 550/1200 [============>.................] - ETA: 0s - loss: 0.6803 - acc: 0.7909
 610/1200 [==============>...............] - ETA: 0s - loss: 0.6749 - acc: 0.7885
 670/1200 [===============>..............] - ETA: 0s - loss: 0.6712 - acc: 0.7910
 730/1200 [=================>............] - ETA: 0s - loss: 0.6657 - acc: 0.7959
 790/1200 [==================>...........] - ETA: 0s - loss: 0.6637 - acc: 0.7937
 850/1200 [====================>.........] - ETA: 0s - loss: 0.6510 - acc: 0.8000
 910/1200 [=====================>........] - ETA: 0s - loss: 0.6451 - acc: 0.7989
 970/1200 [=======================>......] - ETA: 0s - loss: 0.6405 - acc: 0.8010
1030/1200 [========================>.....] - ETA: 0s - loss: 0.6382 - acc: 0.8029
1090/1200 [==========================>...] - ETA: 0s - loss: 0.6270 - acc: 0.8064
1150/1200 [===========================>..] - ETA: 0s - loss: 0.6241 - acc: 0.8061
1200/1200 [==============================] - 1s 925us/step - loss: 0.6195 - acc: 0.8042 - val_loss: 0.9294 - val_acc: 0.5147
Current time ....1.110
Train on 3900 samples, validate on 99 samples
Epoch 1/1

  10/3900 [..............................] - ETA: 3s - loss: 1.9723 - acc: 0.4000
  70/3900 [..............................] - ETA: 3s - loss: 1.7868 - acc: 0.5143
 130/3900 [>.............................] - ETA: 3s - loss: 1.7976 - acc: 0.5231
 190/3900 [>.............................] - ETA: 3s - loss: 1.7999 - acc: 0.5105
 250/3900 [>.............................] - ETA: 3s - loss: 1.7976 - acc: 0.5040
 310/3900 [=>............................] - ETA: 3s - loss: 1.8050 - acc: 0.4710
 370/3900 [=>............................] - ETA: 3s - loss: 1.7988 - acc: 0.4595
 430/3900 [==>...........................] - ETA: 3s - loss: 1.8030 - acc: 0.4512
 490/3900 [==>...........................] - ETA: 3s - loss: 1.7947 - acc: 0.4531
 550/3900 [===>..........................] - ETA: 3s - loss: 1.7958 - acc: 0.4455
 610/3900 [===>..........................] - ETA: 3s - loss: 1.7886 - acc: 0.4443
 670/3900 [====>.........................] - ETA: 2s - loss: 1.7939 - acc: 0.4373
 730/3900 [====>.........................] - ETA: 2s - loss: 1.7971 - acc: 0.4356
 790/3900 [=====>........................] - ETA: 2s - loss: 1.8005 - acc: 0.4291
 850/3900 [=====>........................] - ETA: 2s - loss: 1.7996 - acc: 0.4294
 910/3900 [======>.......................] - ETA: 2s - loss: 1.7955 - acc: 0.4286
 970/3900 [======>.......................] - ETA: 2s - loss: 1.7994 - acc: 0.4247
1030/3900 [======>.......................] - ETA: 2s - loss: 1.7936 - acc: 0.4291
1090/3900 [=======>......................] - ETA: 2s - loss: 1.7926 - acc: 0.4294
1150/3900 [=======>......................] - ETA: 2s - loss: 1.7906 - acc: 0.4296
1210/3900 [========>.....................] - ETA: 2s - loss: 1.7866 - acc: 0.4355
1270/3900 [========>.....................] - ETA: 2s - loss: 1.7883 - acc: 0.4394
1330/3900 [=========>....................] - ETA: 2s - loss: 1.7923 - acc: 0.4376
1390/3900 [=========>....................] - ETA: 2s - loss: 1.7943 - acc: 0.4360
1450/3900 [==========>...................] - ETA: 2s - loss: 1.7882 - acc: 0.4441
1510/3900 [==========>...................] - ETA: 2s - loss: 1.7865 - acc: 0.4470
1570/3900 [===========>..................] - ETA: 2s - loss: 1.7852 - acc: 0.4484
1630/3900 [===========>..................] - ETA: 2s - loss: 1.7839 - acc: 0.4503
1690/3900 [============>.................] - ETA: 2s - loss: 1.7833 - acc: 0.4533
1750/3900 [============>.................] - ETA: 1s - loss: 1.7834 - acc: 0.4509
1810/3900 [============>.................] - ETA: 1s - loss: 1.7798 - acc: 0.4525
1870/3900 [=============>................] - ETA: 1s - loss: 1.7780 - acc: 0.4476
1920/3900 [=============>................] - ETA: 1s - loss: 1.7785 - acc: 0.4464
1980/3900 [==============>...............] - ETA: 1s - loss: 1.7769 - acc: 0.4460
2040/3900 [==============>...............] - ETA: 1s - loss: 1.7744 - acc: 0.4461
2100/3900 [===============>..............] - ETA: 1s - loss: 1.7745 - acc: 0.4467
2160/3900 [===============>..............] - ETA: 1s - loss: 1.7727 - acc: 0.4477
2220/3900 [================>.............] - ETA: 1s - loss: 1.7700 - acc: 0.4495
2280/3900 [================>.............] - ETA: 1s - loss: 1.7669 - acc: 0.4535
2340/3900 [=================>............] - ETA: 1s - loss: 1.7636 - acc: 0.4581
2400/3900 [=================>............] - ETA: 1s - loss: 1.7631 - acc: 0.4558
2460/3900 [=================>............] - ETA: 1s - loss: 1.7619 - acc: 0.4545
2520/3900 [==================>...........] - ETA: 1s - loss: 1.7596 - acc: 0.4552
2580/3900 [==================>...........] - ETA: 1s - loss: 1.7589 - acc: 0.4547
2640/3900 [===================>..........] - ETA: 1s - loss: 1.7570 - acc: 0.4542
2700/3900 [===================>..........] - ETA: 1s - loss: 1.7556 - acc: 0.4541
2760/3900 [====================>.........] - ETA: 1s - loss: 1.7548 - acc: 0.4536
2820/3900 [====================>.........] - ETA: 0s - loss: 1.7522 - acc: 0.4528
2870/3900 [=====================>........] - ETA: 0s - loss: 1.7500 - acc: 0.4519
2930/3900 [=====================>........] - ETA: 0s - loss: 1.7477 - acc: 0.4522
2990/3900 [======================>.......] - ETA: 0s - loss: 1.7464 - acc: 0.4522
3050/3900 [======================>.......] - ETA: 0s - loss: 1.7456 - acc: 0.4511
3110/3900 [======================>.......] - ETA: 0s - loss: 1.7441 - acc: 0.4511
3170/3900 [=======================>......] - ETA: 0s - loss: 1.7414 - acc: 0.4517
3230/3900 [=======================>......] - ETA: 0s - loss: 1.7390 - acc: 0.4529
3290/3900 [========================>.....] - ETA: 0s - loss: 1.7372 - acc: 0.4541
3350/3900 [========================>.....] - ETA: 0s - loss: 1.7357 - acc: 0.4555
3410/3900 [=========================>....] - ETA: 0s - loss: 1.7341 - acc: 0.4551
3470/3900 [=========================>....] - ETA: 0s - loss: 1.7324 - acc: 0.4542
3530/3900 [==========================>...] - ETA: 0s - loss: 1.7298 - acc: 0.4550
3590/3900 [==========================>...] - ETA: 0s - loss: 1.7286 - acc: 0.4563
3650/3900 [===========================>..] - ETA: 0s - loss: 1.7265 - acc: 0.4564
3710/3900 [===========================>..] - ETA: 0s - loss: 1.7252 - acc: 0.4563
3770/3900 [============================>.] - ETA: 0s - loss: 1.7234 - acc: 0.4568
3820/3900 [============================>.] - ETA: 0s - loss: 1.7227 - acc: 0.4563
3880/3900 [============================>.] - ETA: 0s - loss: 1.7212 - acc: 0.4562
3900/3900 [==============================] - 4s 931us/step - loss: 1.7204 - acc: 0.4567 - val_loss: 1.8581 - val_acc: 0.2929
Current time ....3.631
Train on 600 samples, validate on 86 samples
Epoch 1/1

 10/600 [..............................] - ETA: 0s - loss: 0.1754 - acc: 1.0000
 70/600 [==>...........................] - ETA: 0s - loss: 0.1748 - acc: 1.0000
130/600 [=====>........................] - ETA: 0s - loss: 0.1785 - acc: 0.9846
190/600 [========>.....................] - ETA: 0s - loss: 0.1768 - acc: 0.9895
250/600 [===========>..................] - ETA: 0s - loss: 0.1777 - acc: 0.9920
310/600 [==============>...............] - ETA: 0s - loss: 0.1821 - acc: 0.9903
370/600 [=================>............] - ETA: 0s - loss: 0.1821 - acc: 0.9919
430/600 [====================>.........] - ETA: 0s - loss: 0.1808 - acc: 0.9930
490/600 [=======================>......] - ETA: 0s - loss: 0.1828 - acc: 0.9898
550/600 [==========================>...] - ETA: 0s - loss: 0.1750 - acc: 0.9909
600/600 [==============================] - 1s 954us/step - loss: 0.1761 - acc: 0.9867 - val_loss: 0.3491 - val_acc: 0.9186
Current time ....0.573
Train on 1200 samples, validate on 68 samples
Epoch 1/1

  10/1200 [..............................] - ETA: 1s - loss: 0.3603 - acc: 1.0000
  70/1200 [>.............................] - ETA: 1s - loss: 0.5068 - acc: 0.8714
 130/1200 [==>...........................] - ETA: 0s - loss: 0.4853 - acc: 0.8923
 190/1200 [===>..........................] - ETA: 0s - loss: 0.5022 - acc: 0.8632
 250/1200 [=====>........................] - ETA: 0s - loss: 0.4964 - acc: 0.8720
 310/1200 [======>.......................] - ETA: 0s - loss: 0.5082 - acc: 0.8581
 370/1200 [========>.....................] - ETA: 0s - loss: 0.5121 - acc: 0.8541
 430/1200 [=========>....................] - ETA: 0s - loss: 0.5024 - acc: 0.8558
 490/1200 [===========>..................] - ETA: 0s - loss: 0.4918 - acc: 0.8653
 550/1200 [============>.................] - ETA: 0s - loss: 0.4810 - acc: 0.8709
 610/1200 [==============>...............] - ETA: 0s - loss: 0.4848 - acc: 0.8705
 670/1200 [===============>..............] - ETA: 0s - loss: 0.4780 - acc: 0.8746
 730/1200 [=================>............] - ETA: 0s - loss: 0.4804 - acc: 0.8699
 790/1200 [==================>...........] - ETA: 0s - loss: 0.4726 - acc: 0.8734
 850/1200 [====================>.........] - ETA: 0s - loss: 0.4706 - acc: 0.8765
 910/1200 [=====================>........] - ETA: 0s - loss: 0.4676 - acc: 0.8791
 970/1200 [=======================>......] - ETA: 0s - loss: 0.4607 - acc: 0.8814
1030/1200 [========================>.....] - ETA: 0s - loss: 0.4570 - acc: 0.8816
1090/1200 [==========================>...] - ETA: 0s - loss: 0.4541 - acc: 0.8798
1150/1200 [===========================>..] - ETA: 0s - loss: 0.4520 - acc: 0.8800
1200/1200 [==============================] - 1s 933us/step - loss: 0.4501 - acc: 0.8817 - val_loss: 0.7085 - val_acc: 0.6471
Current time ....1.121
Train on 3900 samples, validate on 99 samples
Epoch 1/1

  10/3900 [..............................] - ETA: 3s - loss: 1.7030 - acc: 0.6000
  70/3900 [..............................] - ETA: 3s - loss: 1.6326 - acc: 0.5429
 130/3900 [>.............................] - ETA: 3s - loss: 1.6133 - acc: 0.5154
 190/3900 [>.............................] - ETA: 3s - loss: 1.6374 - acc: 0.4684
 250/3900 [>.............................] - ETA: 3s - loss: 1.6516 - acc: 0.4680
 310/3900 [=>............................] - ETA: 3s - loss: 1.6361 - acc: 0.4968
 370/3900 [=>............................] - ETA: 3s - loss: 1.6321 - acc: 0.5081
 430/3900 [==>...........................] - ETA: 3s - loss: 1.6256 - acc: 0.5023
 490/3900 [==>...........................] - ETA: 3s - loss: 1.6113 - acc: 0.5082
 550/3900 [===>..........................] - ETA: 3s - loss: 1.6005 - acc: 0.5073
 610/3900 [===>..........................] - ETA: 3s - loss: 1.5975 - acc: 0.5049
 670/3900 [====>.........................] - ETA: 2s - loss: 1.5910 - acc: 0.5104
 730/3900 [====>.........................] - ETA: 2s - loss: 1.5927 - acc: 0.5068
 790/3900 [=====>........................] - ETA: 2s - loss: 1.6020 - acc: 0.4899
 850/3900 [=====>........................] - ETA: 2s - loss: 1.5963 - acc: 0.4976
 910/3900 [======>.......................] - ETA: 2s - loss: 1.5922 - acc: 0.4978
 970/3900 [======>.......................] - ETA: 2s - loss: 1.5893 - acc: 0.4990
1030/3900 [======>.......................] - ETA: 2s - loss: 1.5881 - acc: 0.5000
1090/3900 [=======>......................] - ETA: 2s - loss: 1.5866 - acc: 0.4991
1150/3900 [=======>......................] - ETA: 2s - loss: 1.5865 - acc: 0.5043
1210/3900 [========>.....................] - ETA: 2s - loss: 1.5794 - acc: 0.5058
1270/3900 [========>.....................] - ETA: 2s - loss: 1.5780 - acc: 0.5087
1330/3900 [=========>....................] - ETA: 2s - loss: 1.5771 - acc: 0.5150
1390/3900 [=========>....................] - ETA: 2s - loss: 1.5758 - acc: 0.5144
1450/3900 [==========>...................] - ETA: 2s - loss: 1.5776 - acc: 0.5138
1510/3900 [==========>...................] - ETA: 2s - loss: 1.5758 - acc: 0.5166
1570/3900 [===========>..................] - ETA: 2s - loss: 1.5770 - acc: 0.5178
1630/3900 [===========>..................] - ETA: 2s - loss: 1.5717 - acc: 0.5215
1690/3900 [============>.................] - ETA: 2s - loss: 1.5683 - acc: 0.5243
1750/3900 [============>.................] - ETA: 1s - loss: 1.5668 - acc: 0.5246
1810/3900 [============>.................] - ETA: 1s - loss: 1.5649 - acc: 0.5232
1870/3900 [=============>................] - ETA: 1s - loss: 1.5635 - acc: 0.5257
1930/3900 [=============>................] - ETA: 1s - loss: 1.5640 - acc: 0.5244
1990/3900 [==============>...............] - ETA: 1s - loss: 1.5614 - acc: 0.5246
2050/3900 [==============>...............] - ETA: 1s - loss: 1.5628 - acc: 0.5229
2110/3900 [===============>..............] - ETA: 1s - loss: 1.5623 - acc: 0.5218
2170/3900 [===============>..............] - ETA: 1s - loss: 1.5620 - acc: 0.5221
2230/3900 [================>.............] - ETA: 1s - loss: 1.5633 - acc: 0.5211
2290/3900 [================>.............] - ETA: 1s - loss: 1.5589 - acc: 0.5245
2350/3900 [=================>............] - ETA: 1s - loss: 1.5595 - acc: 0.5243
2410/3900 [=================>............] - ETA: 1s - loss: 1.5591 - acc: 0.5228
2470/3900 [==================>...........] - ETA: 1s - loss: 1.5582 - acc: 0.5215
2530/3900 [==================>...........] - ETA: 1s - loss: 1.5568 - acc: 0.5186
2590/3900 [==================>...........] - ETA: 1s - loss: 1.5560 - acc: 0.5185
2650/3900 [===================>..........] - ETA: 1s - loss: 1.5526 - acc: 0.5185
2710/3900 [===================>..........] - ETA: 1s - loss: 1.5507 - acc: 0.5185
2770/3900 [====================>.........] - ETA: 1s - loss: 1.5495 - acc: 0.5202
2830/3900 [====================>.........] - ETA: 0s - loss: 1.5469 - acc: 0.5201
2890/3900 [=====================>........] - ETA: 0s - loss: 1.5408 - acc: 0.5246
2950/3900 [=====================>........] - ETA: 0s - loss: 1.5420 - acc: 0.5241
3010/3900 [======================>.......] - ETA: 0s - loss: 1.5387 - acc: 0.5266
3070/3900 [======================>.......] - ETA: 0s - loss: 1.5363 - acc: 0.5277
3130/3900 [=======================>......] - ETA: 0s - loss: 1.5342 - acc: 0.5284
3190/3900 [=======================>......] - ETA: 0s - loss: 1.5311 - acc: 0.5282
3250/3900 [========================>.....] - ETA: 0s - loss: 1.5286 - acc: 0.5292
3310/3900 [========================>.....] - ETA: 0s - loss: 1.5264 - acc: 0.5302
3370/3900 [========================>.....] - ETA: 0s - loss: 1.5254 - acc: 0.5312
3420/3900 [=========================>....] - ETA: 0s - loss: 1.5217 - acc: 0.5336
3480/3900 [=========================>....] - ETA: 0s - loss: 1.5205 - acc: 0.5345
3540/3900 [==========================>...] - ETA: 0s - loss: 1.5193 - acc: 0.5347
3600/3900 [==========================>...] - ETA: 0s - loss: 1.5186 - acc: 0.5336
3660/3900 [===========================>..] - ETA: 0s - loss: 1.5185 - acc: 0.5350
3720/3900 [===========================>..] - ETA: 0s - loss: 1.5159 - acc: 0.5363
3780/3900 [============================>.] - ETA: 0s - loss: 1.5128 - acc: 0.5392
3840/3900 [============================>.] - ETA: 0s - loss: 1.5124 - acc: 0.5388
3900/3900 [==============================] - 4s 932us/step - loss: 1.5102 - acc: 0.5397 - val_loss: 1.7230 - val_acc: 0.3737
Current time ....3.636
Train on 600 samples, validate on 86 samples
Epoch 1/1

 10/600 [..............................] - ETA: 0s - loss: 0.1185 - acc: 1.0000
 70/600 [==>...........................] - ETA: 0s - loss: 0.0827 - acc: 1.0000
130/600 [=====>........................] - ETA: 0s - loss: 0.1240 - acc: 0.9923
190/600 [========>.....................] - ETA: 0s - loss: 0.1208 - acc: 0.9947
250/600 [===========>..................] - ETA: 0s - loss: 0.1146 - acc: 0.9960
310/600 [==============>...............] - ETA: 0s - loss: 0.1190 - acc: 0.9903
370/600 [=================>............] - ETA: 0s - loss: 0.1201 - acc: 0.9892
430/600 [====================>.........] - ETA: 0s - loss: 0.1205 - acc: 0.9884
490/600 [=======================>......] - ETA: 0s - loss: 0.1153 - acc: 0.9898
550/600 [==========================>...] - ETA: 0s - loss: 0.1147 - acc: 0.9909
600/600 [==============================] - 1s 950us/step - loss: 0.1147 - acc: 0.9917 - val_loss: 0.3584 - val_acc: 0.9302
Current time ....0.570
Train on 1200 samples, validate on 68 samples
Epoch 1/1

  10/1200 [..............................] - ETA: 1s - loss: 0.4153 - acc: 0.8000
  70/1200 [>.............................] - ETA: 1s - loss: 0.3528 - acc: 0.9286
 130/1200 [==>...........................] - ETA: 0s - loss: 0.3469 - acc: 0.9385
 190/1200 [===>..........................] - ETA: 0s - loss: 0.3456 - acc: 0.9316
 250/1200 [=====>........................] - ETA: 0s - loss: 0.3623 - acc: 0.9200
 310/1200 [======>.......................] - ETA: 0s - loss: 0.3638 - acc: 0.9226
 370/1200 [========>.....................] - ETA: 0s - loss: 0.3621 - acc: 0.9189
 430/1200 [=========>....................] - ETA: 0s - loss: 0.3549 - acc: 0.9209
 480/1200 [===========>..................] - ETA: 0s - loss: 0.3542 - acc: 0.9187
 540/1200 [============>.................] - ETA: 0s - loss: 0.3460 - acc: 0.9185
 600/1200 [==============>...............] - ETA: 0s - loss: 0.3429 - acc: 0.9217
 660/1200 [===============>..............] - ETA: 0s - loss: 0.3441 - acc: 0.9197
 720/1200 [=================>............] - ETA: 0s - loss: 0.3395 - acc: 0.9181
 780/1200 [==================>...........] - ETA: 0s - loss: 0.3394 - acc: 0.9205
 840/1200 [====================>.........] - ETA: 0s - loss: 0.3421 - acc: 0.9190
 900/1200 [=====================>........] - ETA: 0s - loss: 0.3377 - acc: 0.9211
 960/1200 [=======================>......] - ETA: 0s - loss: 0.3318 - acc: 0.9250
1020/1200 [========================>.....] - ETA: 0s - loss: 0.3325 - acc: 0.9216
1080/1200 [==========================>...] - ETA: 0s - loss: 0.3314 - acc: 0.9231
1140/1200 [===========================>..] - ETA: 0s - loss: 0.3296 - acc: 0.9228
1200/1200 [==============================] - 1s 934us/step - loss: 0.3256 - acc: 0.9242 - val_loss: 0.6801 - val_acc: 0.6618
Current time ....1.121
Train on 3900 samples, validate on 99 samples
Epoch 1/1

  10/3900 [..............................] - ETA: 3s - loss: 1.6041 - acc: 0.4000
  70/3900 [..............................] - ETA: 3s - loss: 1.3944 - acc: 0.5429
 130/3900 [>.............................] - ETA: 3s - loss: 1.4171 - acc: 0.5077
 190/3900 [>.............................] - ETA: 3s - loss: 1.4068 - acc: 0.5053
 250/3900 [>.............................] - ETA: 3s - loss: 1.3679 - acc: 0.5400
 310/3900 [=>............................] - ETA: 3s - loss: 1.3749 - acc: 0.5484
 370/3900 [=>............................] - ETA: 3s - loss: 1.3689 - acc: 0.5514
 430/3900 [==>...........................] - ETA: 3s - loss: 1.3643 - acc: 0.5558
 490/3900 [==>...........................] - ETA: 3s - loss: 1.3617 - acc: 0.5510
 550/3900 [===>..........................] - ETA: 3s - loss: 1.3609 - acc: 0.5564
 610/3900 [===>..........................] - ETA: 3s - loss: 1.3593 - acc: 0.5672
 670/3900 [====>.........................] - ETA: 2s - loss: 1.3450 - acc: 0.5791
 730/3900 [====>.........................] - ETA: 2s - loss: 1.3532 - acc: 0.5753
 790/3900 [=====>........................] - ETA: 2s - loss: 1.3551 - acc: 0.5785
 850/3900 [=====>........................] - ETA: 2s - loss: 1.3465 - acc: 0.5824
 910/3900 [======>.......................] - ETA: 2s - loss: 1.3502 - acc: 0.5824
 970/3900 [======>.......................] - ETA: 2s - loss: 1.3518 - acc: 0.5835
1030/3900 [======>.......................] - ETA: 2s - loss: 1.3541 - acc: 0.5816
1090/3900 [=======>......................] - ETA: 2s - loss: 1.3547 - acc: 0.5771
1150/3900 [=======>......................] - ETA: 2s - loss: 1.3451 - acc: 0.5852
1210/3900 [========>.....................] - ETA: 2s - loss: 1.3457 - acc: 0.5868
1270/3900 [========>.....................] - ETA: 2s - loss: 1.3474 - acc: 0.5858
1330/3900 [=========>....................] - ETA: 2s - loss: 1.3473 - acc: 0.5857
1390/3900 [=========>....................] - ETA: 2s - loss: 1.3420 - acc: 0.5878
1440/3900 [==========>...................] - ETA: 2s - loss: 1.3348 - acc: 0.5889
1500/3900 [==========>...................] - ETA: 2s - loss: 1.3332 - acc: 0.5900
1560/3900 [===========>..................] - ETA: 2s - loss: 1.3327 - acc: 0.5897
1620/3900 [===========>..................] - ETA: 2s - loss: 1.3314 - acc: 0.5889
1680/3900 [===========>..................] - ETA: 2s - loss: 1.3328 - acc: 0.5887
1740/3900 [============>.................] - ETA: 2s - loss: 1.3319 - acc: 0.5902
1800/3900 [============>.................] - ETA: 1s - loss: 1.3324 - acc: 0.5917
1860/3900 [=============>................] - ETA: 1s - loss: 1.3314 - acc: 0.5914
1920/3900 [=============>................] - ETA: 1s - loss: 1.3277 - acc: 0.5932
1980/3900 [==============>...............] - ETA: 1s - loss: 1.3244 - acc: 0.5995
2040/3900 [==============>...............] - ETA: 1s - loss: 1.3233 - acc: 0.6005
2100/3900 [===============>..............] - ETA: 1s - loss: 1.3212 - acc: 0.6019
2160/3900 [===============>..............] - ETA: 1s - loss: 1.3226 - acc: 0.6005
2220/3900 [================>.............] - ETA: 1s - loss: 1.3180 - acc: 0.6041
2280/3900 [================>.............] - ETA: 1s - loss: 1.3127 - acc: 0.6061
2340/3900 [=================>............] - ETA: 1s - loss: 1.3124 - acc: 0.6051
2400/3900 [=================>............] - ETA: 1s - loss: 1.3061 - acc: 0.6092
2460/3900 [=================>............] - ETA: 1s - loss: 1.3055 - acc: 0.6077
2520/3900 [==================>...........] - ETA: 1s - loss: 1.3036 - acc: 0.6071
2580/3900 [==================>...........] - ETA: 1s - loss: 1.3026 - acc: 0.6070
2640/3900 [===================>..........] - ETA: 1s - loss: 1.3003 - acc: 0.6091
2700/3900 [===================>..........] - ETA: 1s - loss: 1.2997 - acc: 0.6100
2760/3900 [====================>.........] - ETA: 1s - loss: 1.2984 - acc: 0.6116
2820/3900 [====================>.........] - ETA: 0s - loss: 1.2973 - acc: 0.6124
2880/3900 [=====================>........] - ETA: 0s - loss: 1.2962 - acc: 0.6111
2940/3900 [=====================>........] - ETA: 0s - loss: 1.2954 - acc: 0.6119
3000/3900 [======================>.......] - ETA: 0s - loss: 1.2937 - acc: 0.6140
3060/3900 [======================>.......] - ETA: 0s - loss: 1.2907 - acc: 0.6150
3120/3900 [=======================>......] - ETA: 0s - loss: 1.2882 - acc: 0.6154
3180/3900 [=======================>......] - ETA: 0s - loss: 1.2856 - acc: 0.6160
3240/3900 [=======================>......] - ETA: 0s - loss: 1.2833 - acc: 0.6164
3300/3900 [========================>.....] - ETA: 0s - loss: 1.2832 - acc: 0.6152
3360/3900 [========================>.....] - ETA: 0s - loss: 1.2812 - acc: 0.6152
3420/3900 [=========================>....] - ETA: 0s - loss: 1.2812 - acc: 0.6149
3480/3900 [=========================>....] - ETA: 0s - loss: 1.2806 - acc: 0.6149
3540/3900 [==========================>...] - ETA: 0s - loss: 1.2791 - acc: 0.6153
3600/3900 [==========================>...] - ETA: 0s - loss: 1.2775 - acc: 0.6156
3660/3900 [===========================>..] - ETA: 0s - loss: 1.2775 - acc: 0.6153
3720/3900 [===========================>..] - ETA: 0s - loss: 1.2783 - acc: 0.6148
3780/3900 [============================>.] - ETA: 0s - loss: 1.2761 - acc: 0.6148
3840/3900 [============================>.] - ETA: 0s - loss: 1.2742 - acc: 0.6159
3900/3900 [==============================] - 4s 930us/step - loss: 1.2702 - acc: 0.6179 - val_loss: 1.6465 - val_acc: 0.4646
Current time ....3.626
Train on 600 samples, validate on 86 samples
Epoch 1/1

 10/600 [..............................] - ETA: 0s - loss: 0.1536 - acc: 1.0000
 70/600 [==>...........................] - ETA: 0s - loss: 0.0969 - acc: 1.0000
130/600 [=====>........................] - ETA: 0s - loss: 0.1086 - acc: 0.9923
190/600 [========>.....................] - ETA: 0s - loss: 0.1009 - acc: 0.9895
250/600 [===========>..................] - ETA: 0s - loss: 0.0955 - acc: 0.9920
310/600 [==============>...............] - ETA: 0s - loss: 0.0901 - acc: 0.9903
370/600 [=================>............] - ETA: 0s - loss: 0.0874 - acc: 0.9919
430/600 [====================>.........] - ETA: 0s - loss: 0.0831 - acc: 0.9930
490/600 [=======================>......] - ETA: 0s - loss: 0.0808 - acc: 0.9939
550/600 [==========================>...] - ETA: 0s - loss: 0.0773 - acc: 0.9945
600/600 [==============================] - 1s 964us/step - loss: 0.0822 - acc: 0.9900 - val_loss: 0.3544 - val_acc: 0.9302
Current time ....0.579
Train on 1200 samples, validate on 68 samples
Epoch 1/1

  10/1200 [..............................] - ETA: 1s - loss: 0.1001 - acc: 1.0000
  70/1200 [>.............................] - ETA: 1s - loss: 0.2488 - acc: 0.9571
 130/1200 [==>...........................] - ETA: 0s - loss: 0.2690 - acc: 0.9538
 190/1200 [===>..........................] - ETA: 0s - loss: 0.2351 - acc: 0.9684
 250/1200 [=====>........................] - ETA: 0s - loss: 0.2305 - acc: 0.9720
 310/1200 [======>.......................] - ETA: 0s - loss: 0.2308 - acc: 0.9645
 370/1200 [========>.....................] - ETA: 0s - loss: 0.2387 - acc: 0.9622
 430/1200 [=========>....................] - ETA: 0s - loss: 0.2262 - acc: 0.9628
 490/1200 [===========>..................] - ETA: 0s - loss: 0.2220 - acc: 0.9612
 550/1200 [============>.................] - ETA: 0s - loss: 0.2301 - acc: 0.9600
 610/1200 [==============>...............] - ETA: 0s - loss: 0.2338 - acc: 0.9590
 670/1200 [===============>..............] - ETA: 0s - loss: 0.2386 - acc: 0.9597
 730/1200 [=================>............] - ETA: 0s - loss: 0.2421 - acc: 0.9575
 790/1200 [==================>...........] - ETA: 0s - loss: 0.2368 - acc: 0.9595
 850/1200 [====================>.........] - ETA: 0s - loss: 0.2362 - acc: 0.9588
 910/1200 [=====================>........] - ETA: 0s - loss: 0.2326 - acc: 0.9593
 970/1200 [=======================>......] - ETA: 0s - loss: 0.2300 - acc: 0.9608
1030/1200 [========================>.....] - ETA: 0s - loss: 0.2276 - acc: 0.9612
1090/1200 [==========================>...] - ETA: 0s - loss: 0.2268 - acc: 0.9606
1150/1200 [===========================>..] - ETA: 0s - loss: 0.2276 - acc: 0.9583
1200/1200 [==============================] - 1s 926us/step - loss: 0.2252 - acc: 0.9583 - val_loss: 0.7325 - val_acc: 0.6912
Current time ....1.112
Train on 3900 samples, validate on 99 samples
Epoch 1/1

  10/3900 [..............................] - ETA: 3s - loss: 1.3779 - acc: 0.4000
  70/3900 [..............................] - ETA: 3s - loss: 1.2425 - acc: 0.6143
 130/3900 [>.............................] - ETA: 3s - loss: 1.2290 - acc: 0.6000
 190/3900 [>.............................] - ETA: 3s - loss: 1.1907 - acc: 0.6211
 250/3900 [>.............................] - ETA: 3s - loss: 1.1821 - acc: 0.6160
 310/3900 [=>............................] - ETA: 3s - loss: 1.1625 - acc: 0.6290
 370/3900 [=>............................] - ETA: 3s - loss: 1.1470 - acc: 0.6405
 430/3900 [==>...........................] - ETA: 3s - loss: 1.1363 - acc: 0.6442
 490/3900 [==>...........................] - ETA: 3s - loss: 1.1244 - acc: 0.6490
 550/3900 [===>..........................] - ETA: 3s - loss: 1.1181 - acc: 0.6527
 610/3900 [===>..........................] - ETA: 3s - loss: 1.1235 - acc: 0.6525
 670/3900 [====>.........................] - ETA: 2s - loss: 1.1177 - acc: 0.6582
 730/3900 [====>.........................] - ETA: 2s - loss: 1.1147 - acc: 0.6589
 790/3900 [=====>........................] - ETA: 2s - loss: 1.1160 - acc: 0.6595
 850/3900 [=====>........................] - ETA: 2s - loss: 1.1218 - acc: 0.6576
 910/3900 [======>.......................] - ETA: 2s - loss: 1.1228 - acc: 0.6549
 970/3900 [======>.......................] - ETA: 2s - loss: 1.1197 - acc: 0.6567
1030/3900 [======>.......................] - ETA: 2s - loss: 1.1162 - acc: 0.6592
1090/3900 [=======>......................] - ETA: 2s - loss: 1.1149 - acc: 0.6569
1150/3900 [=======>......................] - ETA: 2s - loss: 1.1118 - acc: 0.6583
1210/3900 [========>.....................] - ETA: 2s - loss: 1.1157 - acc: 0.6570
1270/3900 [========>.....................] - ETA: 2s - loss: 1.1195 - acc: 0.6583
1330/3900 [=========>....................] - ETA: 2s - loss: 1.1143 - acc: 0.6632
1390/3900 [=========>....................] - ETA: 2s - loss: 1.1144 - acc: 0.6604
1450/3900 [==========>...................] - ETA: 2s - loss: 1.1122 - acc: 0.6628
1510/3900 [==========>...................] - ETA: 2s - loss: 1.1112 - acc: 0.6656
1570/3900 [===========>..................] - ETA: 2s - loss: 1.1146 - acc: 0.6643
1630/3900 [===========>..................] - ETA: 2s - loss: 1.1151 - acc: 0.6638
1690/3900 [============>.................] - ETA: 2s - loss: 1.1145 - acc: 0.6621
1750/3900 [============>.................] - ETA: 1s - loss: 1.1126 - acc: 0.6623
1810/3900 [============>.................] - ETA: 1s - loss: 1.1157 - acc: 0.6597
1870/3900 [=============>................] - ETA: 1s - loss: 1.1125 - acc: 0.6620
1930/3900 [=============>................] - ETA: 1s - loss: 1.1069 - acc: 0.6637
1990/3900 [==============>...............] - ETA: 1s - loss: 1.1036 - acc: 0.6643
2050/3900 [==============>...............] - ETA: 1s - loss: 1.1054 - acc: 0.6654
2110/3900 [===============>..............] - ETA: 1s - loss: 1.1024 - acc: 0.6664
2170/3900 [===============>..............] - ETA: 1s - loss: 1.1013 - acc: 0.6664
2230/3900 [================>.............] - ETA: 1s - loss: 1.0975 - acc: 0.6664
2290/3900 [================>.............] - ETA: 1s - loss: 1.0934 - acc: 0.6686
2350/3900 [=================>............] - ETA: 1s - loss: 1.0896 - acc: 0.6706
2410/3900 [=================>............] - ETA: 1s - loss: 1.0836 - acc: 0.6734
2470/3900 [==================>...........] - ETA: 1s - loss: 1.0788 - acc: 0.6761
2530/3900 [==================>...........] - ETA: 1s - loss: 1.0797 - acc: 0.6751
2590/3900 [==================>...........] - ETA: 1s - loss: 1.0777 - acc: 0.6749
2650/3900 [===================>..........] - ETA: 1s - loss: 1.0788 - acc: 0.6755
2710/3900 [===================>..........] - ETA: 1s - loss: 1.0769 - acc: 0.6768
2770/3900 [====================>.........] - ETA: 1s - loss: 1.0734 - acc: 0.6769
2830/3900 [====================>.........] - ETA: 0s - loss: 1.0704 - acc: 0.6774
2890/3900 [=====================>........] - ETA: 0s - loss: 1.0675 - acc: 0.6782
2950/3900 [=====================>........] - ETA: 0s - loss: 1.0648 - acc: 0.6790
3010/3900 [======================>.......] - ETA: 0s - loss: 1.0612 - acc: 0.6804
3070/3900 [======================>.......] - ETA: 0s - loss: 1.0587 - acc: 0.6801
3130/3900 [=======================>......] - ETA: 0s - loss: 1.0597 - acc: 0.6802
3190/3900 [=======================>......] - ETA: 0s - loss: 1.0578 - acc: 0.6815
3250/3900 [========================>.....] - ETA: 0s - loss: 1.0595 - acc: 0.6803
3310/3900 [========================>.....] - ETA: 0s - loss: 1.0575 - acc: 0.6804
3370/3900 [========================>.....] - ETA: 0s - loss: 1.0540 - acc: 0.6816
3430/3900 [=========================>....] - ETA: 0s - loss: 1.0525 - acc: 0.6813
3490/3900 [=========================>....] - ETA: 0s - loss: 1.0499 - acc: 0.6828
3550/3900 [==========================>...] - ETA: 0s - loss: 1.0472 - acc: 0.6831
3610/3900 [==========================>...] - ETA: 0s - loss: 1.0438 - acc: 0.6850
3670/3900 [===========================>..] - ETA: 0s - loss: 1.0425 - acc: 0.6847
3730/3900 [===========================>..] - ETA: 0s - loss: 1.0427 - acc: 0.6839
3790/3900 [============================>.] - ETA: 0s - loss: 1.0417 - acc: 0.6839
3850/3900 [============================>.] - ETA: 0s - loss: 1.0406 - acc: 0.6844
3900/3900 [==============================] - 4s 926us/step - loss: 1.0380 - acc: 0.6856 - val_loss: 1.5856 - val_acc: 0.4545
Current time ....3.611
Train on 600 samples, validate on 86 samples
Epoch 1/1

 10/600 [..............................] - ETA: 0s - loss: 0.1309 - acc: 1.0000
 70/600 [==>...........................] - ETA: 0s - loss: 0.0600 - acc: 1.0000
130/600 [=====>........................] - ETA: 0s - loss: 0.0639 - acc: 1.0000
190/600 [========>.....................] - ETA: 0s - loss: 0.0656 - acc: 1.0000
250/600 [===========>..................] - ETA: 0s - loss: 0.0602 - acc: 1.0000
310/600 [==============>...............] - ETA: 0s - loss: 0.0654 - acc: 0.9968
370/600 [=================>............] - ETA: 0s - loss: 0.0636 - acc: 0.9973
430/600 [====================>.........] - ETA: 0s - loss: 0.0614 - acc: 0.9977
490/600 [=======================>......] - ETA: 0s - loss: 0.0604 - acc: 0.9980
550/600 [==========================>...] - ETA: 0s - loss: 0.0600 - acc: 0.9982
600/600 [==============================] - 1s 949us/step - loss: 0.0598 - acc: 0.9950 - val_loss: 0.3821 - val_acc: 0.9302
Current time ....0.570
Train on 1200 samples, validate on 68 samples
Epoch 1/1

  10/1200 [..............................] - ETA: 1s - loss: 0.2648 - acc: 0.8000
  70/1200 [>.............................] - ETA: 1s - loss: 0.1966 - acc: 0.9571
 130/1200 [==>...........................] - ETA: 0s - loss: 0.1798 - acc: 0.9769
 190/1200 [===>..........................] - ETA: 0s - loss: 0.1783 - acc: 0.9579
 250/1200 [=====>........................] - ETA: 0s - loss: 0.1671 - acc: 0.9680
 310/1200 [======>.......................] - ETA: 0s - loss: 0.1672 - acc: 0.9710
 370/1200 [========>.....................] - ETA: 0s - loss: 0.1689 - acc: 0.9649
 430/1200 [=========>....................] - ETA: 0s - loss: 0.1652 - acc: 0.9698
 490/1200 [===========>..................] - ETA: 0s - loss: 0.1656 - acc: 0.9694
 550/1200 [============>.................] - ETA: 0s - loss: 0.1643 - acc: 0.9709
 610/1200 [==============>...............] - ETA: 0s - loss: 0.1616 - acc: 0.9721
 670/1200 [===============>..............] - ETA: 0s - loss: 0.1598 - acc: 0.9746
 730/1200 [=================>............] - ETA: 0s - loss: 0.1574 - acc: 0.9753
 790/1200 [==================>...........] - ETA: 0s - loss: 0.1543 - acc: 0.9747
 850/1200 [====================>.........] - ETA: 0s - loss: 0.1574 - acc: 0.9729
 910/1200 [=====================>........] - ETA: 0s - loss: 0.1593 - acc: 0.9736
 970/1200 [=======================>......] - ETA: 0s - loss: 0.1620 - acc: 0.9722
1030/1200 [========================>.....] - ETA: 0s - loss: 0.1615 - acc: 0.9709
1090/1200 [==========================>...] - ETA: 0s - loss: 0.1623 - acc: 0.9706
1150/1200 [===========================>..] - ETA: 0s - loss: 0.1595 - acc: 0.9713
1200/1200 [==============================] - 1s 930us/step - loss: 0.1577 - acc: 0.9725 - val_loss: 0.7506 - val_acc: 0.7059
Current time ....1.116
Train on 3900 samples, validate on 99 samples
Epoch 1/1

  10/3900 [..............................] - ETA: 3s - loss: 0.7686 - acc: 0.8000
  70/3900 [..............................] - ETA: 3s - loss: 0.9833 - acc: 0.7429
 130/3900 [>.............................] - ETA: 3s - loss: 0.8715 - acc: 0.7692
 190/3900 [>.............................] - ETA: 3s - loss: 0.8701 - acc: 0.7474
 250/3900 [>.............................] - ETA: 3s - loss: 0.8925 - acc: 0.7320
 310/3900 [=>............................] - ETA: 3s - loss: 0.8798 - acc: 0.7323
 370/3900 [=>............................] - ETA: 3s - loss: 0.8991 - acc: 0.7270
 430/3900 [==>...........................] - ETA: 3s - loss: 0.9119 - acc: 0.7140
 490/3900 [==>...........................] - ETA: 3s - loss: 0.8921 - acc: 0.7204
 550/3900 [===>..........................] - ETA: 3s - loss: 0.9032 - acc: 0.7200
 610/3900 [===>..........................] - ETA: 3s - loss: 0.9181 - acc: 0.7131
 670/3900 [====>.........................] - ETA: 2s - loss: 0.9168 - acc: 0.7104
 730/3900 [====>.........................] - ETA: 2s - loss: 0.8915 - acc: 0.7219
 790/3900 [=====>........................] - ETA: 2s - loss: 0.8970 - acc: 0.7215
 850/3900 [=====>........................] - ETA: 2s - loss: 0.8920 - acc: 0.7224
 910/3900 [======>.......................] - ETA: 2s - loss: 0.8933 - acc: 0.7220
 970/3900 [======>.......................] - ETA: 2s - loss: 0.8885 - acc: 0.7247
1030/3900 [======>.......................] - ETA: 2s - loss: 0.8814 - acc: 0.7272
1090/3900 [=======>......................] - ETA: 2s - loss: 0.8791 - acc: 0.7284
1150/3900 [=======>......................] - ETA: 2s - loss: 0.8777 - acc: 0.7252
1210/3900 [========>.....................] - ETA: 2s - loss: 0.8763 - acc: 0.7231
1270/3900 [========>.....................] - ETA: 2s - loss: 0.8776 - acc: 0.7236
1330/3900 [=========>....................] - ETA: 2s - loss: 0.8842 - acc: 0.7218
1390/3900 [=========>....................] - ETA: 2s - loss: 0.8880 - acc: 0.7209
1450/3900 [==========>...................] - ETA: 2s - loss: 0.8850 - acc: 0.7234
1510/3900 [==========>...................] - ETA: 2s - loss: 0.8836 - acc: 0.7238
1570/3900 [===========>..................] - ETA: 2s - loss: 0.8814 - acc: 0.7223
1630/3900 [===========>..................] - ETA: 2s - loss: 0.8776 - acc: 0.7252
1690/3900 [============>.................] - ETA: 2s - loss: 0.8688 - acc: 0.7290
1750/3900 [============>.................] - ETA: 1s - loss: 0.8702 - acc: 0.7291
1810/3900 [============>.................] - ETA: 1s - loss: 0.8725 - acc: 0.7287
1870/3900 [=============>................] - ETA: 1s - loss: 0.8674 - acc: 0.7321
1930/3900 [=============>................] - ETA: 1s - loss: 0.8715 - acc: 0.7301
1990/3900 [==============>...............] - ETA: 1s - loss: 0.8716 - acc: 0.7296
2050/3900 [==============>...............] - ETA: 1s - loss: 0.8691 - acc: 0.7288
2110/3900 [===============>..............] - ETA: 1s - loss: 0.8694 - acc: 0.7280
2170/3900 [===============>..............] - ETA: 1s - loss: 0.8685 - acc: 0.7300
2230/3900 [================>.............] - ETA: 1s - loss: 0.8677 - acc: 0.7305
2290/3900 [================>.............] - ETA: 1s - loss: 0.8655 - acc: 0.7301
2350/3900 [=================>............] - ETA: 1s - loss: 0.8658 - acc: 0.7285
2410/3900 [=================>............] - ETA: 1s - loss: 0.8595 - acc: 0.7307
2470/3900 [==================>...........] - ETA: 1s - loss: 0.8622 - acc: 0.7291
2530/3900 [==================>...........] - ETA: 1s - loss: 0.8613 - acc: 0.7277
2590/3900 [==================>...........] - ETA: 1s - loss: 0.8641 - acc: 0.7278
2650/3900 [===================>..........] - ETA: 1s - loss: 0.8627 - acc: 0.7264
2710/3900 [===================>..........] - ETA: 1s - loss: 0.8587 - acc: 0.7288
2770/3900 [====================>.........] - ETA: 1s - loss: 0.8594 - acc: 0.7274
2830/3900 [====================>.........] - ETA: 0s - loss: 0.8554 - acc: 0.7293
2890/3900 [=====================>........] - ETA: 0s - loss: 0.8547 - acc: 0.7291
2950/3900 [=====================>........] - ETA: 0s - loss: 0.8519 - acc: 0.7295
3010/3900 [======================>.......] - ETA: 0s - loss: 0.8488 - acc: 0.7302
3070/3900 [======================>.......] - ETA: 0s - loss: 0.8500 - acc: 0.7290
3130/3900 [=======================>......] - ETA: 0s - loss: 0.8490 - acc: 0.7297
3190/3900 [=======================>......] - ETA: 0s - loss: 0.8472 - acc: 0.7301
3250/3900 [========================>.....] - ETA: 0s - loss: 0.8491 - acc: 0.7295
3310/3900 [========================>.....] - ETA: 0s - loss: 0.8478 - acc: 0.7296
3370/3900 [========================>.....] - ETA: 0s - loss: 0.8461 - acc: 0.7306
3430/3900 [=========================>....] - ETA: 0s - loss: 0.8451 - acc: 0.7312
3490/3900 [=========================>....] - ETA: 0s - loss: 0.8471 - acc: 0.7301
3550/3900 [==========================>...] - ETA: 0s - loss: 0.8438 - acc: 0.7315
3610/3900 [==========================>...] - ETA: 0s - loss: 0.8438 - acc: 0.7319
3670/3900 [===========================>..] - ETA: 0s - loss: 0.8399 - acc: 0.7338
3730/3900 [===========================>..] - ETA: 0s - loss: 0.8360 - acc: 0.7357
3790/3900 [============================>.] - ETA: 0s - loss: 0.8334 - acc: 0.7375
3850/3900 [============================>.] - ETA: 0s - loss: 0.8307 - acc: 0.7379
3900/3900 [==============================] - 4s 924us/step - loss: 0.8323 - acc: 0.7362 - val_loss: 1.5547 - val_acc: 0.4444
Current time ....3.603
Train on 600 samples, validate on 86 samples
Epoch 1/1

 10/600 [..............................] - ETA: 0s - loss: 0.0513 - acc: 1.0000
 70/600 [==>...........................] - ETA: 0s - loss: 0.0348 - acc: 1.0000
130/600 [=====>........................] - ETA: 0s - loss: 0.0374 - acc: 1.0000
190/600 [========>.....................] - ETA: 0s - loss: 0.0427 - acc: 1.0000
250/600 [===========>..................] - ETA: 0s - loss: 0.0467 - acc: 0.9960
310/600 [==============>...............] - ETA: 0s - loss: 0.0480 - acc: 0.9968
370/600 [=================>............] - ETA: 0s - loss: 0.0464 - acc: 0.9973
430/600 [====================>.........] - ETA: 0s - loss: 0.0491 - acc: 0.9953
490/600 [=======================>......] - ETA: 0s - loss: 0.0457 - acc: 0.9959
550/600 [==========================>...] - ETA: 0s - loss: 0.0469 - acc: 0.9945
600/600 [==============================] - 1s 949us/step - loss: 0.0454 - acc: 0.9950 - val_loss: 0.4334 - val_acc: 0.9186
Current time ....0.570
Train on 1200 samples, validate on 68 samples
Epoch 1/1

  10/1200 [..............................] - ETA: 1s - loss: 0.1094 - acc: 1.0000
  70/1200 [>.............................] - ETA: 1s - loss: 0.0785 - acc: 1.0000
 130/1200 [==>...........................] - ETA: 0s - loss: 0.1190 - acc: 1.0000
 190/1200 [===>..........................] - ETA: 0s - loss: 0.1206 - acc: 1.0000
 250/1200 [=====>........................] - ETA: 0s - loss: 0.1295 - acc: 0.9920
 310/1200 [======>.......................] - ETA: 0s - loss: 0.1224 - acc: 0.9935
 370/1200 [========>.....................] - ETA: 0s - loss: 0.1148 - acc: 0.9946
 430/1200 [=========>....................] - ETA: 0s - loss: 0.1161 - acc: 0.9953
 490/1200 [===========>..................] - ETA: 0s - loss: 0.1218 - acc: 0.9898
 550/1200 [============>.................] - ETA: 0s - loss: 0.1179 - acc: 0.9909
 610/1200 [==============>...............] - ETA: 0s - loss: 0.1176 - acc: 0.9918
 670/1200 [===============>..............] - ETA: 0s - loss: 0.1146 - acc: 0.9925
 730/1200 [=================>............] - ETA: 0s - loss: 0.1143 - acc: 0.9918
 790/1200 [==================>...........] - ETA: 0s - loss: 0.1119 - acc: 0.9924
 850/1200 [====================>.........] - ETA: 0s - loss: 0.1096 - acc: 0.9929
 910/1200 [=====================>........] - ETA: 0s - loss: 0.1115 - acc: 0.9912
 970/1200 [=======================>......] - ETA: 0s - loss: 0.1128 - acc: 0.9897
1030/1200 [========================>.....] - ETA: 0s - loss: 0.1125 - acc: 0.9893
1090/1200 [==========================>...] - ETA: 0s - loss: 0.1109 - acc: 0.9890
1150/1200 [===========================>..] - ETA: 0s - loss: 0.1125 - acc: 0.9878
1200/1200 [==============================] - 1s 929us/step - loss: 0.1116 - acc: 0.9883 - val_loss: 0.7371 - val_acc: 0.7059
Current time ....1.116
Train on 3900 samples, validate on 99 samples
Epoch 1/1

  10/3900 [..............................] - ETA: 3s - loss: 0.7998 - acc: 0.8000
  70/3900 [..............................] - ETA: 3s - loss: 0.7758 - acc: 0.7714
 130/3900 [>.............................] - ETA: 3s - loss: 0.7789 - acc: 0.7615
 190/3900 [>.............................] - ETA: 3s - loss: 0.7568 - acc: 0.7632
 250/3900 [>.............................] - ETA: 3s - loss: 0.7429 - acc: 0.7760
 310/3900 [=>............................] - ETA: 3s - loss: 0.7429 - acc: 0.7710
 370/3900 [=>............................] - ETA: 3s - loss: 0.7190 - acc: 0.7838
 430/3900 [==>...........................] - ETA: 3s - loss: 0.7113 - acc: 0.7837
 490/3900 [==>...........................] - ETA: 3s - loss: 0.7143 - acc: 0.7837
 550/3900 [===>..........................] - ETA: 3s - loss: 0.7329 - acc: 0.7709
 610/3900 [===>..........................] - ETA: 3s - loss: 0.7141 - acc: 0.7770
 670/3900 [====>.........................] - ETA: 2s - loss: 0.7077 - acc: 0.7761
 730/3900 [====>.........................] - ETA: 2s - loss: 0.7184 - acc: 0.7671
 790/3900 [=====>........................] - ETA: 2s - loss: 0.7162 - acc: 0.7658
 850/3900 [=====>........................] - ETA: 2s - loss: 0.7113 - acc: 0.7694
 910/3900 [======>.......................] - ETA: 2s - loss: 0.7173 - acc: 0.7648
 970/3900 [======>.......................] - ETA: 2s - loss: 0.7172 - acc: 0.7670
1030/3900 [======>.......................] - ETA: 2s - loss: 0.7192 - acc: 0.7670
1090/3900 [=======>......................] - ETA: 2s - loss: 0.7067 - acc: 0.7716
1150/3900 [=======>......................] - ETA: 2s - loss: 0.6971 - acc: 0.7774
1210/3900 [========>.....................] - ETA: 2s - loss: 0.6916 - acc: 0.7835
1270/3900 [========>.....................] - ETA: 2s - loss: 0.6943 - acc: 0.7803
1330/3900 [=========>....................] - ETA: 2s - loss: 0.6964 - acc: 0.7782
1390/3900 [=========>....................] - ETA: 2s - loss: 0.6942 - acc: 0.7791
1450/3900 [==========>...................] - ETA: 2s - loss: 0.6936 - acc: 0.7800
1510/3900 [==========>...................] - ETA: 2s - loss: 0.6926 - acc: 0.7821
1570/3900 [===========>..................] - ETA: 2s - loss: 0.6943 - acc: 0.7809
1630/3900 [===========>..................] - ETA: 2s - loss: 0.6897 - acc: 0.7828
1690/3900 [============>.................] - ETA: 2s - loss: 0.6868 - acc: 0.7834
1750/3900 [============>.................] - ETA: 1s - loss: 0.6894 - acc: 0.7817
1810/3900 [============>.................] - ETA: 1s - loss: 0.6862 - acc: 0.7829
1870/3900 [=============>................] - ETA: 1s - loss: 0.6869 - acc: 0.7834
1930/3900 [=============>................] - ETA: 1s - loss: 0.6913 - acc: 0.7803
1990/3900 [==============>...............] - ETA: 1s - loss: 0.6930 - acc: 0.7809
2050/3900 [==============>...............] - ETA: 1s - loss: 0.6887 - acc: 0.7820
2110/3900 [===============>..............] - ETA: 1s - loss: 0.6844 - acc: 0.7839
2170/3900 [===============>..............] - ETA: 1s - loss: 0.6880 - acc: 0.7820
2230/3900 [================>.............] - ETA: 1s - loss: 0.6913 - acc: 0.7803
2290/3900 [================>.............] - ETA: 1s - loss: 0.6926 - acc: 0.7803
2350/3900 [=================>............] - ETA: 1s - loss: 0.6915 - acc: 0.7804
2410/3900 [=================>............] - ETA: 1s - loss: 0.6883 - acc: 0.7813
2470/3900 [==================>...........] - ETA: 1s - loss: 0.6864 - acc: 0.7814
2530/3900 [==================>...........] - ETA: 1s - loss: 0.6843 - acc: 0.7830
2590/3900 [==================>...........] - ETA: 1s - loss: 0.6850 - acc: 0.7822
2650/3900 [===================>..........] - ETA: 1s - loss: 0.6886 - acc: 0.7789
2710/3900 [===================>..........] - ETA: 1s - loss: 0.6882 - acc: 0.7782
2770/3900 [====================>.........] - ETA: 1s - loss: 0.6869 - acc: 0.7791
2830/3900 [====================>.........] - ETA: 0s - loss: 0.6890 - acc: 0.7777
2890/3900 [=====================>........] - ETA: 0s - loss: 0.6891 - acc: 0.7779
2950/3900 [=====================>........] - ETA: 0s - loss: 0.6903 - acc: 0.7780
3010/3900 [======================>.......] - ETA: 0s - loss: 0.6881 - acc: 0.7784
3070/3900 [======================>.......] - ETA: 0s - loss: 0.6875 - acc: 0.7782
3130/3900 [=======================>......] - ETA: 0s - loss: 0.6869 - acc: 0.7783
3190/3900 [=======================>......] - ETA: 0s - loss: 0.6842 - acc: 0.7793
3250/3900 [========================>.....] - ETA: 0s - loss: 0.6813 - acc: 0.7800
3310/3900 [========================>.....] - ETA: 0s - loss: 0.6816 - acc: 0.7795
3370/3900 [========================>.....] - ETA: 0s - loss: 0.6773 - acc: 0.7822
3430/3900 [=========================>....] - ETA: 0s - loss: 0.6758 - acc: 0.7837
3490/3900 [=========================>....] - ETA: 0s - loss: 0.6733 - acc: 0.7848
3550/3900 [==========================>...] - ETA: 0s - loss: 0.6707 - acc: 0.7856
3610/3900 [==========================>...] - ETA: 0s - loss: 0.6724 - acc: 0.7850
3670/3900 [===========================>..] - ETA: 0s - loss: 0.6729 - acc: 0.7845
3730/3900 [===========================>..] - ETA: 0s - loss: 0.6739 - acc: 0.7839
3790/3900 [============================>.] - ETA: 0s - loss: 0.6731 - acc: 0.7839
3850/3900 [============================>.] - ETA: 0s - loss: 0.6716 - acc: 0.7842
3900/3900 [==============================] - 4s 920us/step - loss: 0.6726 - acc: 0.7833 - val_loss: 1.5350 - val_acc: 0.4949
Current time ....3.589
Train on 600 samples, validate on 86 samples
Epoch 1/1

 10/600 [..............................] - ETA: 0s - loss: 0.0825 - acc: 1.0000
 70/600 [==>...........................] - ETA: 0s - loss: 0.0271 - acc: 1.0000
130/600 [=====>........................] - ETA: 0s - loss: 0.0272 - acc: 1.0000
190/600 [========>.....................] - ETA: 0s - loss: 0.0313 - acc: 1.0000
250/600 [===========>..................] - ETA: 0s - loss: 0.0358 - acc: 1.0000
310/600 [==============>...............] - ETA: 0s - loss: 0.0379 - acc: 1.0000
370/600 [=================>............] - ETA: 0s - loss: 0.0424 - acc: 0.9919
430/600 [====================>.........] - ETA: 0s - loss: 0.0398 - acc: 0.9930
490/600 [=======================>......] - ETA: 0s - loss: 0.0396 - acc: 0.9939
550/600 [==========================>...] - ETA: 0s - loss: 0.0382 - acc: 0.9945
600/600 [==============================] - 1s 955us/step - loss: 0.0371 - acc: 0.9950 - val_loss: 0.4466 - val_acc: 0.9302
Current time ....0.573
Train on 1200 samples, validate on 68 samples
Epoch 1/1

  10/1200 [..............................] - ETA: 1s - loss: 0.1389 - acc: 1.0000
  70/1200 [>.............................] - ETA: 1s - loss: 0.1029 - acc: 1.0000
 130/1200 [==>...........................] - ETA: 0s - loss: 0.0837 - acc: 1.0000
 190/1200 [===>..........................] - ETA: 0s - loss: 0.0885 - acc: 1.0000
 250/1200 [=====>........................] - ETA: 0s - loss: 0.0876 - acc: 1.0000
 310/1200 [======>.......................] - ETA: 0s - loss: 0.0855 - acc: 0.9968
 370/1200 [========>.....................] - ETA: 0s - loss: 0.0918 - acc: 0.9946
 430/1200 [=========>....................] - ETA: 0s - loss: 0.0901 - acc: 0.9953
 490/1200 [===========>..................] - ETA: 0s - loss: 0.0894 - acc: 0.9959
 550/1200 [============>.................] - ETA: 0s - loss: 0.0870 - acc: 0.9945
 610/1200 [==============>...............] - ETA: 0s - loss: 0.0853 - acc: 0.9951
 670/1200 [===============>..............] - ETA: 0s - loss: 0.0833 - acc: 0.9955
 730/1200 [=================>............] - ETA: 0s - loss: 0.0813 - acc: 0.9959
 790/1200 [==================>...........] - ETA: 0s - loss: 0.0805 - acc: 0.9949
 850/1200 [====================>.........] - ETA: 0s - loss: 0.0828 - acc: 0.9941
 910/1200 [=====================>........] - ETA: 0s - loss: 0.0819 - acc: 0.9945
 970/1200 [=======================>......] - ETA: 0s - loss: 0.0798 - acc: 0.9948
1030/1200 [========================>.....] - ETA: 0s - loss: 0.0788 - acc: 0.9951
1090/1200 [==========================>...] - ETA: 0s - loss: 0.0799 - acc: 0.9954
1150/1200 [===========================>..] - ETA: 0s - loss: 0.0809 - acc: 0.9948
1200/1200 [==============================] - 1s 923us/step - loss: 0.0815 - acc: 0.9942 - val_loss: 1.1382 - val_acc: 0.6765
Current time ....1.107

32/99 [========>.....................] - ETA: 0s
99/99 [==============================] - 0s 97us/step
In EVALUATE loss:  [1.5349659895656085, 0.49494949555156209]

32/86 [==========>...................] - ETA: 0s
86/86 [==============================] - 0s 82us/step
In EVALUATE loss:  [0.44658382548842318, 0.93023256507030749]

32/68 [=============>................] - ETA: 0s
68/68 [==============================] - 0s 105us/step
In EVALUATE loss:  [1.138188965180341, 0.67647058823529416]
Task 1 : Primary site - Macro F1 score 0.285922574158
Task 1 : Primary site - Micro F1 score 0.494949494949
Task 2 : Tumor laterality - Macro F1 score 0.93023255814
Task 2 : Tumor laterality - Micro F1 score 0.93023255814
Task 3 : Histological grade - Macro F1 score 0.518728984039
Task 3 : Histological grade - Micro F1 score 0.676470588235
Average loss:  1.03991292674
