Importing candle utils for keras
Configuration file:  /gpfs/mira-home/apeck/Modified_Benchmarks/Pilot3/P3B1/p3b1_default_model.txt
{'activation': 'relu',
 'batch_size': 10,
 'data_url': 'ftp://ftp.mcs.anl.gov/pub/candle/public/benchmarks/P3B1/',
 'drop': 0.0,
 'epochs': 10,
 'feature_names': 'Primary site:Tumor laterality:Histological grade',
 'ind_nnet_spec': [[2400, 2400, 1200, 1200],
                   [2400, 2400, 1200, 1200],
                   [2400, 2400, 1200, 1200]],
 'initialization': 'glorot_uniform',
 'learning_rate': 0.01,
 'loss': 'categorical_crossentropy',
 'metrics': 'accuracy',
 'model_name': 'p3b1',
 'n_fold': 1,
 'optimizer': 'sgd',
 'out_activation': 'softmax',
 'output_dir': '.',
 'scaling': 'none',
 'shared_nnet_spec': [1200,
                      2400,
                      3600,
                      3600,
                      3600,
                      3600,
                      3600,
                      3600,
                      3600,
                      2400],
 'shuffle': True,
 'timeout': 1800,
 'train_data': 'P3B1_data.tar.gz'}
Params:
{'activation': 'relu',
 'batch_size': 10,
 'case': 'CenterZ',
 'data_url': 'ftp://ftp.mcs.anl.gov/pub/candle/public/benchmarks/P3B1/',
 'datatype': <class 'numpy.float32'>,
 'drop': 0.0,
 'epochs': 10,
 'experiment_id': 'EXP000',
 'feature_names': 'Primary site:Tumor laterality:Histological grade',
 'fig': False,
 'gpus': [],
 'ind_nnet_spec': [[2400, 2400, 1200, 1200],
                   [2400, 2400, 1200, 1200],
                   [2400, 2400, 1200, 1200]],
 'initialization': 'glorot_uniform',
 'learning_rate': 0.01,
 'logfile': None,
 'loss': 'categorical_crossentropy',
 'metrics': 'accuracy',
 'model_name': 'p3b1',
 'n_fold': 1,
 'optimizer': 'sgd',
 'out_activation': 'softmax',
 'output_dir': '/gpfs/mira-home/apeck/CANDLE_testing/avery_modified_results/p3_1',
 'output_files': 'result0_0.csv;result1_0.csv;result2_0.csv',
 'rng_seed': 7102,
 'run_id': 'RUN000',
 'scaling': 'none',
 'shared_nnet_spec': [1200,
                      2400,
                      3600,
                      3600,
                      3600,
                      3600,
                      3600,
                      3600,
                      3600,
                      2400],
 'shuffle': False,
 'timeout': 1800,
 'train_bool': True,
 'train_data': 'P3B1_data.tar.gz',
 'train_features': 'data/task0_0_train_feature.csv;data/task1_0_train_feature.csv;data/task2_0_train_feature.csv',
 'train_truths': 'data/task0_0_train_label.csv;data/task1_0_train_label.csv;data/task2_0_train_label.csv',
 'valid_features': 'data/task0_0_test_feature.csv;data/task1_0_test_feature.csv;data/task2_0_test_feature.csv',
 'valid_truths': 'data/task0_0_test_label.csv;data/task1_0_test_label.csv;data/task2_0_test_label.csv',
 'verbose': None}
Feature names:
Primary site
Tumor laterality
Histological grade
Model:  0
_________________________________________________________________
Layer (type)                 Output Shape              Param #   
=================================================================
input (InputLayer)           (None, 400)               0         
_________________________________________________________________
indiv_layer_0_0 (Dense)      (None, 2400)              962400    
_________________________________________________________________
indiv_layer_0_1 (Dense)      (None, 2400)              5762400   
_________________________________________________________________
indiv_layer_0_2 (Dense)      (None, 1200)              2881200   
_________________________________________________________________
indiv_layer_0_3 (Dense)      (None, 1200)              1441200   
_________________________________________________________________
out_0 (Dense)                (None, 13)                15613     
=================================================================
Total params: 11,062,813
Trainable params: 11,062,813
Non-trainable params: 0
_________________________________________________________________
Model:  1
_________________________________________________________________
Layer (type)                 Output Shape              Param #   
=================================================================
input (InputLayer)           (None, 400)               0         
_________________________________________________________________
indiv_layer_1_0 (Dense)      (None, 2400)              962400    
_________________________________________________________________
indiv_layer_1_1 (Dense)      (None, 2400)              5762400   
_________________________________________________________________
indiv_layer_1_2 (Dense)      (None, 1200)              2881200   
_________________________________________________________________
indiv_layer_1_3 (Dense)      (None, 1200)              1441200   
_________________________________________________________________
out_1 (Dense)                (None, 2)                 2402      
=================================================================
Total params: 11,049,602
Trainable params: 11,049,602
Non-trainable params: 0
_________________________________________________________________
Model:  2
_________________________________________________________________
Layer (type)                 Output Shape              Param #   
=================================================================
input (InputLayer)           (None, 400)               0         
_________________________________________________________________
indiv_layer_2_0 (Dense)      (None, 2400)              962400    
_________________________________________________________________
indiv_layer_2_1 (Dense)      (None, 2400)              5762400   
_________________________________________________________________
indiv_layer_2_2 (Dense)      (None, 1200)              2881200   
_________________________________________________________________
indiv_layer_2_3 (Dense)      (None, 1200)              1441200   
_________________________________________________________________
out_2 (Dense)                (None, 4)                 4804      
=================================================================
Total params: 11,052,004
Trainable params: 11,052,004
Non-trainable params: 0
_________________________________________________________________
Train on 3900 samples, validate on 99 samples
Epoch 1/1

  10/3900 [..............................] - ETA: 11:29 - loss: 2.5697 - acc: 0.0000e+00
  60/3900 [..............................] - ETA: 1:57 - loss: 2.5675 - acc: 0.0500     
 110/3900 [..............................] - ETA: 1:05 - loss: 2.5668 - acc: 0.0727
 160/3900 [>.............................] - ETA: 45s - loss: 2.5666 - acc: 0.0750 
 210/3900 [>.............................] - ETA: 35s - loss: 2.5659 - acc: 0.0810
 260/3900 [=>............................] - ETA: 28s - loss: 2.5649 - acc: 0.1000
 310/3900 [=>............................] - ETA: 24s - loss: 2.5644 - acc: 0.1032
 360/3900 [=>............................] - ETA: 21s - loss: 2.5643 - acc: 0.0944
 410/3900 [==>...........................] - ETA: 18s - loss: 2.5638 - acc: 0.1000
 470/3900 [==>...........................] - ETA: 16s - loss: 2.5631 - acc: 0.1043
 530/3900 [===>..........................] - ETA: 14s - loss: 2.5632 - acc: 0.1075
 590/3900 [===>..........................] - ETA: 13s - loss: 2.5632 - acc: 0.1017
 650/3900 [====>.........................] - ETA: 12s - loss: 2.5631 - acc: 0.1031
 710/3900 [====>.........................] - ETA: 11s - loss: 2.5630 - acc: 0.1085
 770/3900 [====>.........................] - ETA: 10s - loss: 2.5628 - acc: 0.1078
 830/3900 [=====>........................] - ETA: 9s - loss: 2.5627 - acc: 0.1084 
 890/3900 [=====>........................] - ETA: 9s - loss: 2.5626 - acc: 0.1034
 950/3900 [======>.......................] - ETA: 8s - loss: 2.5624 - acc: 0.1053
1010/3900 [======>.......................] - ETA: 7s - loss: 2.5626 - acc: 0.1010
1070/3900 [=======>......................] - ETA: 7s - loss: 2.5623 - acc: 0.1000
1130/3900 [=======>......................] - ETA: 7s - loss: 2.5620 - acc: 0.1035
1190/3900 [========>.....................] - ETA: 6s - loss: 2.5618 - acc: 0.1042
1250/3900 [========>.....................] - ETA: 6s - loss: 2.5611 - acc: 0.1096
1310/3900 [=========>....................] - ETA: 6s - loss: 2.5609 - acc: 0.1076
1370/3900 [=========>....................] - ETA: 5s - loss: 2.5608 - acc: 0.1066
1430/3900 [==========>...................] - ETA: 5s - loss: 2.5608 - acc: 0.1049
1490/3900 [==========>...................] - ETA: 5s - loss: 2.5605 - acc: 0.1054
1550/3900 [==========>...................] - ETA: 4s - loss: 2.5604 - acc: 0.1032
1610/3900 [===========>..................] - ETA: 4s - loss: 2.5603 - acc: 0.1043
1670/3900 [===========>..................] - ETA: 4s - loss: 2.5599 - acc: 0.1048
1730/3900 [============>.................] - ETA: 4s - loss: 2.5598 - acc: 0.1058
1790/3900 [============>.................] - ETA: 4s - loss: 2.5597 - acc: 0.1067
1850/3900 [=============>................] - ETA: 3s - loss: 2.5596 - acc: 0.1059
1910/3900 [=============>................] - ETA: 3s - loss: 2.5594 - acc: 0.1079
1970/3900 [==============>...............] - ETA: 3s - loss: 2.5592 - acc: 0.1096
2030/3900 [==============>...............] - ETA: 3s - loss: 2.5591 - acc: 0.1118
2090/3900 [===============>..............] - ETA: 3s - loss: 2.5589 - acc: 0.1144
2150/3900 [===============>..............] - ETA: 3s - loss: 2.5587 - acc: 0.1181
2210/3900 [================>.............] - ETA: 2s - loss: 2.5585 - acc: 0.1222
2270/3900 [================>.............] - ETA: 2s - loss: 2.5582 - acc: 0.1286
2330/3900 [================>.............] - ETA: 2s - loss: 2.5580 - acc: 0.1318
2390/3900 [=================>............] - ETA: 2s - loss: 2.5578 - acc: 0.1335
2450/3900 [=================>............] - ETA: 2s - loss: 2.5577 - acc: 0.1355
2510/3900 [==================>...........] - ETA: 2s - loss: 2.5575 - acc: 0.1414
2570/3900 [==================>...........] - ETA: 2s - loss: 2.5572 - acc: 0.1447
2630/3900 [===================>..........] - ETA: 2s - loss: 2.5571 - acc: 0.1456
2690/3900 [===================>..........] - ETA: 1s - loss: 2.5569 - acc: 0.1472
2750/3900 [====================>.........] - ETA: 1s - loss: 2.5567 - acc: 0.1513
2810/3900 [====================>.........] - ETA: 1s - loss: 2.5565 - acc: 0.1523
2870/3900 [=====================>........] - ETA: 1s - loss: 2.5562 - acc: 0.1533
2930/3900 [=====================>........] - ETA: 1s - loss: 2.5560 - acc: 0.1556
2990/3900 [======================>.......] - ETA: 1s - loss: 2.5559 - acc: 0.1572
3050/3900 [======================>.......] - ETA: 1s - loss: 2.5556 - acc: 0.1597
3110/3900 [======================>.......] - ETA: 1s - loss: 2.5555 - acc: 0.1614
3170/3900 [=======================>......] - ETA: 1s - loss: 2.5553 - acc: 0.1634
3230/3900 [=======================>......] - ETA: 0s - loss: 2.5551 - acc: 0.1641
3290/3900 [========================>.....] - ETA: 0s - loss: 2.5549 - acc: 0.1684
3350/3900 [========================>.....] - ETA: 0s - loss: 2.5547 - acc: 0.1713
3410/3900 [=========================>....] - ETA: 0s - loss: 2.5545 - acc: 0.1733
3470/3900 [=========================>....] - ETA: 0s - loss: 2.5543 - acc: 0.1761
3530/3900 [==========================>...] - ETA: 0s - loss: 2.5541 - acc: 0.1776
3590/3900 [==========================>...] - ETA: 0s - loss: 2.5539 - acc: 0.1802
3650/3900 [===========================>..] - ETA: 0s - loss: 2.5537 - acc: 0.1849
3710/3900 [===========================>..] - ETA: 0s - loss: 2.5535 - acc: 0.1914
3770/3900 [============================>.] - ETA: 0s - loss: 2.5532 - acc: 0.1966
3830/3900 [============================>.] - ETA: 0s - loss: 2.5530 - acc: 0.2003
3890/3900 [============================>.] - ETA: 0s - loss: 2.5528 - acc: 0.2046
3900/3900 [==============================] - 5s 1ms/step - loss: 2.5528 - acc: 0.2054 - val_loss: 2.5434 - val_acc: 0.4444
Current time ....5.409
Train on 600 samples, validate on 86 samples
Epoch 1/1

 10/600 [..............................] - ETA: 19s - loss: 0.6814 - acc: 0.5000
 70/600 [==>...........................] - ETA: 2s - loss: 0.6923 - acc: 0.4857 
130/600 [=====>........................] - ETA: 1s - loss: 0.6897 - acc: 0.5154
190/600 [========>.....................] - ETA: 1s - loss: 0.6863 - acc: 0.5474
250/600 [===========>..................] - ETA: 0s - loss: 0.6830 - acc: 0.5560
310/600 [==============>...............] - ETA: 0s - loss: 0.6781 - acc: 0.6065
370/600 [=================>............] - ETA: 0s - loss: 0.6728 - acc: 0.6432
430/600 [====================>.........] - ETA: 0s - loss: 0.6694 - acc: 0.6558
490/600 [=======================>......] - ETA: 0s - loss: 0.6652 - acc: 0.6878
550/600 [==========================>...] - ETA: 0s - loss: 0.6607 - acc: 0.7036
600/600 [==============================] - 1s 1ms/step - loss: 0.6561 - acc: 0.7050 - val_loss: 0.6253 - val_acc: 0.8837
Current time ....0.884
Train on 1200 samples, validate on 68 samples
Epoch 1/1

  10/1200 [..............................] - ETA: 29s - loss: 1.3590 - acc: 0.5000
  70/1200 [>.............................] - ETA: 4s - loss: 1.3924 - acc: 0.2857 
 130/1200 [==>...........................] - ETA: 2s - loss: 1.3828 - acc: 0.3077
 190/1200 [===>..........................] - ETA: 2s - loss: 1.3761 - acc: 0.3263
 250/1200 [=====>........................] - ETA: 1s - loss: 1.3721 - acc: 0.3440
 310/1200 [======>.......................] - ETA: 1s - loss: 1.3656 - acc: 0.3710
 370/1200 [========>.....................] - ETA: 1s - loss: 1.3624 - acc: 0.3838
 430/1200 [=========>....................] - ETA: 1s - loss: 1.3587 - acc: 0.3953
 490/1200 [===========>..................] - ETA: 0s - loss: 1.3480 - acc: 0.4102
 550/1200 [============>.................] - ETA: 0s - loss: 1.3462 - acc: 0.4018
 610/1200 [==============>...............] - ETA: 0s - loss: 1.3423 - acc: 0.4016
 670/1200 [===============>..............] - ETA: 0s - loss: 1.3389 - acc: 0.4090
 730/1200 [=================>............] - ETA: 0s - loss: 1.3318 - acc: 0.4205
 790/1200 [==================>...........] - ETA: 0s - loss: 1.3284 - acc: 0.4253
 850/1200 [====================>.........] - ETA: 0s - loss: 1.3249 - acc: 0.4365
 910/1200 [=====================>........] - ETA: 0s - loss: 1.3186 - acc: 0.4451
 970/1200 [=======================>......] - ETA: 0s - loss: 1.3104 - acc: 0.4546
1030/1200 [========================>.....] - ETA: 0s - loss: 1.3070 - acc: 0.4563
1090/1200 [==========================>...] - ETA: 0s - loss: 1.3023 - acc: 0.4615
1150/1200 [===========================>..] - ETA: 0s - loss: 1.2977 - acc: 0.4687
1200/1200 [==============================] - 1s 1ms/step - loss: 1.2944 - acc: 0.4692 - val_loss: 1.2282 - val_acc: 0.3676
Current time ....1.333
Train on 3900 samples, validate on 99 samples
Epoch 1/1

  10/3900 [..............................] - ETA: 3s - loss: 2.5291 - acc: 0.6000
  70/3900 [..............................] - ETA: 3s - loss: 2.5344 - acc: 0.5143
 130/3900 [>.............................] - ETA: 3s - loss: 2.5352 - acc: 0.4615
 190/3900 [>.............................] - ETA: 3s - loss: 2.5353 - acc: 0.4842
 250/3900 [>.............................] - ETA: 3s - loss: 2.5347 - acc: 0.4880
 310/3900 [=>............................] - ETA: 3s - loss: 2.5347 - acc: 0.4806
 370/3900 [=>............................] - ETA: 3s - loss: 2.5342 - acc: 0.4676
 430/3900 [==>...........................] - ETA: 3s - loss: 2.5331 - acc: 0.4674
 490/3900 [==>...........................] - ETA: 3s - loss: 2.5336 - acc: 0.4510
 550/3900 [===>..........................] - ETA: 3s - loss: 2.5335 - acc: 0.4400
 610/3900 [===>..........................] - ETA: 2s - loss: 2.5336 - acc: 0.4279
 670/3900 [====>.........................] - ETA: 2s - loss: 2.5336 - acc: 0.4284
 730/3900 [====>.........................] - ETA: 2s - loss: 2.5334 - acc: 0.4178
 790/3900 [=====>........................] - ETA: 2s - loss: 2.5326 - acc: 0.4203
 850/3900 [=====>........................] - ETA: 2s - loss: 2.5324 - acc: 0.4059
 910/3900 [======>.......................] - ETA: 2s - loss: 2.5321 - acc: 0.4022
 970/3900 [======>.......................] - ETA: 2s - loss: 2.5322 - acc: 0.3918
1030/3900 [======>.......................] - ETA: 2s - loss: 2.5316 - acc: 0.3922
1090/3900 [=======>......................] - ETA: 2s - loss: 2.5316 - acc: 0.3826
1150/3900 [=======>......................] - ETA: 2s - loss: 2.5314 - acc: 0.3843
1200/3900 [========>.....................] - ETA: 2s - loss: 2.5310 - acc: 0.3867
1260/3900 [========>.....................] - ETA: 2s - loss: 2.5306 - acc: 0.3913
1320/3900 [=========>....................] - ETA: 2s - loss: 2.5302 - acc: 0.3947
1380/3900 [=========>....................] - ETA: 2s - loss: 2.5298 - acc: 0.3928
1440/3900 [==========>...................] - ETA: 2s - loss: 2.5293 - acc: 0.3972
1500/3900 [==========>...................] - ETA: 2s - loss: 2.5292 - acc: 0.3920
1560/3900 [===========>..................] - ETA: 2s - loss: 2.5287 - acc: 0.3955
1620/3900 [===========>..................] - ETA: 2s - loss: 2.5285 - acc: 0.3944
1680/3900 [===========>..................] - ETA: 2s - loss: 2.5280 - acc: 0.3952
1740/3900 [============>.................] - ETA: 1s - loss: 2.5275 - acc: 0.3977
1800/3900 [============>.................] - ETA: 1s - loss: 2.5271 - acc: 0.4033
1860/3900 [=============>................] - ETA: 1s - loss: 2.5269 - acc: 0.4011
1920/3900 [=============>................] - ETA: 1s - loss: 2.5266 - acc: 0.4016
1980/3900 [==============>...............] - ETA: 1s - loss: 2.5262 - acc: 0.4051
2040/3900 [==============>...............] - ETA: 1s - loss: 2.5257 - acc: 0.4098
2100/3900 [===============>..............] - ETA: 1s - loss: 2.5253 - acc: 0.4100
2160/3900 [===============>..............] - ETA: 1s - loss: 2.5249 - acc: 0.4116
2220/3900 [================>.............] - ETA: 1s - loss: 2.5245 - acc: 0.4108
2280/3900 [================>.............] - ETA: 1s - loss: 2.5242 - acc: 0.4127
2340/3900 [=================>............] - ETA: 1s - loss: 2.5237 - acc: 0.4162
2400/3900 [=================>............] - ETA: 1s - loss: 2.5234 - acc: 0.4200
2460/3900 [=================>............] - ETA: 1s - loss: 2.5230 - acc: 0.4236
2520/3900 [==================>...........] - ETA: 1s - loss: 2.5228 - acc: 0.4230
2580/3900 [==================>...........] - ETA: 1s - loss: 2.5224 - acc: 0.4256
2640/3900 [===================>..........] - ETA: 1s - loss: 2.5221 - acc: 0.4261
2700/3900 [===================>..........] - ETA: 1s - loss: 2.5216 - acc: 0.4281
2760/3900 [====================>.........] - ETA: 1s - loss: 2.5210 - acc: 0.4319
2820/3900 [====================>.........] - ETA: 0s - loss: 2.5206 - acc: 0.4309
2880/3900 [=====================>........] - ETA: 0s - loss: 2.5201 - acc: 0.4333
2940/3900 [=====================>........] - ETA: 0s - loss: 2.5198 - acc: 0.4333
3000/3900 [======================>.......] - ETA: 0s - loss: 2.5195 - acc: 0.4323
3060/3900 [======================>.......] - ETA: 0s - loss: 2.5190 - acc: 0.4314
3120/3900 [=======================>......] - ETA: 0s - loss: 2.5185 - acc: 0.4330
3180/3900 [=======================>......] - ETA: 0s - loss: 2.5180 - acc: 0.4346
3240/3900 [=======================>......] - ETA: 0s - loss: 2.5174 - acc: 0.4352
3300/3900 [========================>.....] - ETA: 0s - loss: 2.5170 - acc: 0.4348
3360/3900 [========================>.....] - ETA: 0s - loss: 2.5166 - acc: 0.4351
3410/3900 [=========================>....] - ETA: 0s - loss: 2.5163 - acc: 0.4364
3470/3900 [=========================>....] - ETA: 0s - loss: 2.5156 - acc: 0.4383
3530/3900 [==========================>...] - ETA: 0s - loss: 2.5150 - acc: 0.4408
3590/3900 [==========================>...] - ETA: 0s - loss: 2.5146 - acc: 0.4407
3650/3900 [===========================>..] - ETA: 0s - loss: 2.5140 - acc: 0.4433
3710/3900 [===========================>..] - ETA: 0s - loss: 2.5135 - acc: 0.4450
3770/3900 [============================>.] - ETA: 0s - loss: 2.5129 - acc: 0.4438
3830/3900 [============================>.] - ETA: 0s - loss: 2.5125 - acc: 0.4426
3890/3900 [============================>.] - ETA: 0s - loss: 2.5119 - acc: 0.4440
3900/3900 [==============================] - 4s 907us/step - loss: 2.5118 - acc: 0.4436 - val_loss: 2.4947 - val_acc: 0.4949
Current time ....3.537
Train on 600 samples, validate on 86 samples
Epoch 1/1

 10/600 [..............................] - ETA: 0s - loss: 0.6022 - acc: 1.0000
 70/600 [==>...........................] - ETA: 0s - loss: 0.5678 - acc: 0.9857
130/600 [=====>........................] - ETA: 0s - loss: 0.5678 - acc: 0.9462
190/600 [========>.....................] - ETA: 0s - loss: 0.5755 - acc: 0.9368
250/600 [===========>..................] - ETA: 0s - loss: 0.5669 - acc: 0.9280
310/600 [==============>...............] - ETA: 0s - loss: 0.5686 - acc: 0.9226
370/600 [=================>............] - ETA: 0s - loss: 0.5616 - acc: 0.9189
430/600 [====================>.........] - ETA: 0s - loss: 0.5546 - acc: 0.9256
490/600 [=======================>......] - ETA: 0s - loss: 0.5476 - acc: 0.9265
550/600 [==========================>...] - ETA: 0s - loss: 0.5411 - acc: 0.9255
600/600 [==============================] - 1s 932us/step - loss: 0.5340 - acc: 0.9300 - val_loss: 0.5282 - val_acc: 0.8953
Current time ....0.560
Train on 1200 samples, validate on 68 samples
Epoch 1/1

  10/1200 [..............................] - ETA: 1s - loss: 1.1320 - acc: 0.7000
  70/1200 [>.............................] - ETA: 1s - loss: 1.1296 - acc: 0.6714
 130/1200 [==>...........................] - ETA: 0s - loss: 1.1343 - acc: 0.6231
 190/1200 [===>..........................] - ETA: 0s - loss: 1.1511 - acc: 0.6263
 250/1200 [=====>........................] - ETA: 0s - loss: 1.1593 - acc: 0.6200
 310/1200 [======>.......................] - ETA: 0s - loss: 1.1585 - acc: 0.6097
 370/1200 [========>.....................] - ETA: 0s - loss: 1.1570 - acc: 0.5919
 430/1200 [=========>....................] - ETA: 0s - loss: 1.1471 - acc: 0.5977
 490/1200 [===========>..................] - ETA: 0s - loss: 1.1387 - acc: 0.6000
 550/1200 [============>.................] - ETA: 0s - loss: 1.1343 - acc: 0.5964
 610/1200 [==============>...............] - ETA: 0s - loss: 1.1285 - acc: 0.6000
 670/1200 [===============>..............] - ETA: 0s - loss: 1.1214 - acc: 0.6030
 730/1200 [=================>............] - ETA: 0s - loss: 1.1210 - acc: 0.5932
 790/1200 [==================>...........] - ETA: 0s - loss: 1.1113 - acc: 0.5987
 850/1200 [====================>.........] - ETA: 0s - loss: 1.1040 - acc: 0.5976
 910/1200 [=====================>........] - ETA: 0s - loss: 1.0940 - acc: 0.6022
 970/1200 [=======================>......] - ETA: 0s - loss: 1.0856 - acc: 0.6082
1030/1200 [========================>.....] - ETA: 0s - loss: 1.0768 - acc: 0.6126
1090/1200 [==========================>...] - ETA: 0s - loss: 1.0738 - acc: 0.6092
1150/1200 [===========================>..] - ETA: 0s - loss: 1.0662 - acc: 0.6183
1200/1200 [==============================] - 1s 903us/step - loss: 1.0591 - acc: 0.6192 - val_loss: 1.1973 - val_acc: 0.3529
Current time ....1.084
Train on 3900 samples, validate on 99 samples
Epoch 1/1

  10/3900 [..............................] - ETA: 3s - loss: 2.4696 - acc: 0.6000
  70/3900 [..............................] - ETA: 3s - loss: 2.4800 - acc: 0.5286
 130/3900 [>.............................] - ETA: 3s - loss: 2.4784 - acc: 0.5154
 190/3900 [>.............................] - ETA: 3s - loss: 2.4770 - acc: 0.5158
 250/3900 [>.............................] - ETA: 3s - loss: 2.4739 - acc: 0.5520
 310/3900 [=>............................] - ETA: 3s - loss: 2.4726 - acc: 0.5484
 370/3900 [=>............................] - ETA: 3s - loss: 2.4688 - acc: 0.5757
 430/3900 [==>...........................] - ETA: 3s - loss: 2.4676 - acc: 0.5581
 490/3900 [==>...........................] - ETA: 3s - loss: 2.4663 - acc: 0.5490
 550/3900 [===>..........................] - ETA: 2s - loss: 2.4658 - acc: 0.5364
 610/3900 [===>..........................] - ETA: 2s - loss: 2.4643 - acc: 0.5410
 670/3900 [====>.........................] - ETA: 2s - loss: 2.4633 - acc: 0.5403
 730/3900 [====>.........................] - ETA: 2s - loss: 2.4616 - acc: 0.5411
 790/3900 [=====>........................] - ETA: 2s - loss: 2.4602 - acc: 0.5367
 850/3900 [=====>........................] - ETA: 2s - loss: 2.4591 - acc: 0.5271
 910/3900 [======>.......................] - ETA: 2s - loss: 2.4586 - acc: 0.5154
 970/3900 [======>.......................] - ETA: 2s - loss: 2.4572 - acc: 0.5124
1030/3900 [======>.......................] - ETA: 2s - loss: 2.4560 - acc: 0.5000
1090/3900 [=======>......................] - ETA: 2s - loss: 2.4554 - acc: 0.4917
1150/3900 [=======>......................] - ETA: 2s - loss: 2.4543 - acc: 0.4939
1210/3900 [========>.....................] - ETA: 2s - loss: 2.4529 - acc: 0.4934
1270/3900 [========>.....................] - ETA: 2s - loss: 2.4514 - acc: 0.4898
1330/3900 [=========>....................] - ETA: 2s - loss: 2.4504 - acc: 0.4842
1390/3900 [=========>....................] - ETA: 2s - loss: 2.4493 - acc: 0.4799
1450/3900 [==========>...................] - ETA: 2s - loss: 2.4484 - acc: 0.4676
1510/3900 [==========>...................] - ETA: 2s - loss: 2.4475 - acc: 0.4636
1570/3900 [===========>..................] - ETA: 2s - loss: 2.4463 - acc: 0.4605
1630/3900 [===========>..................] - ETA: 2s - loss: 2.4458 - acc: 0.4583
1690/3900 [============>.................] - ETA: 1s - loss: 2.4444 - acc: 0.4550
1750/3900 [============>.................] - ETA: 1s - loss: 2.4429 - acc: 0.4543
1810/3900 [============>.................] - ETA: 1s - loss: 2.4415 - acc: 0.4530
1870/3900 [=============>................] - ETA: 1s - loss: 2.4405 - acc: 0.4481
1920/3900 [=============>................] - ETA: 1s - loss: 2.4394 - acc: 0.4458
1980/3900 [==============>...............] - ETA: 1s - loss: 2.4381 - acc: 0.4419
2040/3900 [==============>...............] - ETA: 1s - loss: 2.4369 - acc: 0.4358
2100/3900 [===============>..............] - ETA: 1s - loss: 2.4363 - acc: 0.4300
2160/3900 [===============>..............] - ETA: 1s - loss: 2.4349 - acc: 0.4269
2220/3900 [================>.............] - ETA: 1s - loss: 2.4335 - acc: 0.4252
2280/3900 [================>.............] - ETA: 1s - loss: 2.4322 - acc: 0.4241
2340/3900 [=================>............] - ETA: 1s - loss: 2.4308 - acc: 0.4209
2400/3900 [=================>............] - ETA: 1s - loss: 2.4295 - acc: 0.4208
2460/3900 [=================>............] - ETA: 1s - loss: 2.4279 - acc: 0.4199
2520/3900 [==================>...........] - ETA: 1s - loss: 2.4264 - acc: 0.4183
2580/3900 [==================>...........] - ETA: 1s - loss: 2.4248 - acc: 0.4205
2640/3900 [===================>..........] - ETA: 1s - loss: 2.4230 - acc: 0.4212
2700/3900 [===================>..........] - ETA: 1s - loss: 2.4217 - acc: 0.4215
2760/3900 [====================>.........] - ETA: 1s - loss: 2.4203 - acc: 0.4207
2820/3900 [====================>.........] - ETA: 0s - loss: 2.4185 - acc: 0.4234
2880/3900 [=====================>........] - ETA: 0s - loss: 2.4162 - acc: 0.4274
2930/3900 [=====================>........] - ETA: 0s - loss: 2.4148 - acc: 0.4294
2990/3900 [======================>.......] - ETA: 0s - loss: 2.4128 - acc: 0.4318
3050/3900 [======================>.......] - ETA: 0s - loss: 2.4109 - acc: 0.4302
3110/3900 [======================>.......] - ETA: 0s - loss: 2.4092 - acc: 0.4312
3170/3900 [=======================>......] - ETA: 0s - loss: 2.4069 - acc: 0.4322
3230/3900 [=======================>......] - ETA: 0s - loss: 2.4047 - acc: 0.4325
3290/3900 [========================>.....] - ETA: 0s - loss: 2.4024 - acc: 0.4331
3350/3900 [========================>.....] - ETA: 0s - loss: 2.4003 - acc: 0.4334
3410/3900 [=========================>....] - ETA: 0s - loss: 2.3982 - acc: 0.4349
3470/3900 [=========================>....] - ETA: 0s - loss: 2.3963 - acc: 0.4354
3530/3900 [==========================>...] - ETA: 0s - loss: 2.3940 - acc: 0.4348
3590/3900 [==========================>...] - ETA: 0s - loss: 2.3917 - acc: 0.4323
3650/3900 [===========================>..] - ETA: 0s - loss: 2.3893 - acc: 0.4301
3710/3900 [===========================>..] - ETA: 0s - loss: 2.3879 - acc: 0.4264
3770/3900 [============================>.] - ETA: 0s - loss: 2.3855 - acc: 0.4260
3830/3900 [============================>.] - ETA: 0s - loss: 2.3832 - acc: 0.4230
3890/3900 [============================>.] - ETA: 0s - loss: 2.3810 - acc: 0.4203
3900/3900 [==============================] - 4s 911us/step - loss: 2.3808 - acc: 0.4195 - val_loss: 2.2790 - val_acc: 0.3535
Current time ....3.554
Train on 600 samples, validate on 86 samples
Epoch 1/1

 10/600 [..............................] - ETA: 0s - loss: 0.3670 - acc: 1.0000
 70/600 [==>...........................] - ETA: 0s - loss: 0.4334 - acc: 0.9714
130/600 [=====>........................] - ETA: 0s - loss: 0.4267 - acc: 0.9538
190/600 [========>.....................] - ETA: 0s - loss: 0.4304 - acc: 0.9368
250/600 [===========>..................] - ETA: 0s - loss: 0.4333 - acc: 0.9440
310/600 [==============>...............] - ETA: 0s - loss: 0.4215 - acc: 0.9548
370/600 [=================>............] - ETA: 0s - loss: 0.4150 - acc: 0.9541
430/600 [====================>.........] - ETA: 0s - loss: 0.4051 - acc: 0.9535
490/600 [=======================>......] - ETA: 0s - loss: 0.3950 - acc: 0.9571
550/600 [==========================>...] - ETA: 0s - loss: 0.3863 - acc: 0.9618
600/600 [==============================] - 1s 945us/step - loss: 0.3806 - acc: 0.9617 - val_loss: 0.4079 - val_acc: 0.8953
Current time ....0.567
Train on 1200 samples, validate on 68 samples
Epoch 1/1

  10/1200 [..............................] - ETA: 1s - loss: 0.9192 - acc: 0.6000
  70/1200 [>.............................] - ETA: 1s - loss: 0.9248 - acc: 0.6286
 130/1200 [==>...........................] - ETA: 0s - loss: 0.8965 - acc: 0.6615
 190/1200 [===>..........................] - ETA: 0s - loss: 0.9064 - acc: 0.6789
 250/1200 [=====>........................] - ETA: 0s - loss: 0.8913 - acc: 0.6920
 310/1200 [======>.......................] - ETA: 0s - loss: 0.8866 - acc: 0.6839
 370/1200 [========>.....................] - ETA: 0s - loss: 0.8900 - acc: 0.6757
 430/1200 [=========>....................] - ETA: 0s - loss: 0.8885 - acc: 0.6791
 490/1200 [===========>..................] - ETA: 0s - loss: 0.8782 - acc: 0.6898
 550/1200 [============>.................] - ETA: 0s - loss: 0.8717 - acc: 0.6873
 610/1200 [==============>...............] - ETA: 0s - loss: 0.8726 - acc: 0.6803
 670/1200 [===============>..............] - ETA: 0s - loss: 0.8690 - acc: 0.6836
 730/1200 [=================>............] - ETA: 0s - loss: 0.8721 - acc: 0.6849
 790/1200 [==================>...........] - ETA: 0s - loss: 0.8677 - acc: 0.6873
 850/1200 [====================>.........] - ETA: 0s - loss: 0.8671 - acc: 0.6894
 910/1200 [=====================>........] - ETA: 0s - loss: 0.8626 - acc: 0.6956
 970/1200 [=======================>......] - ETA: 0s - loss: 0.8604 - acc: 0.6969
1030/1200 [========================>.....] - ETA: 0s - loss: 0.8530 - acc: 0.7010
1090/1200 [==========================>...] - ETA: 0s - loss: 0.8451 - acc: 0.7037
1150/1200 [===========================>..] - ETA: 0s - loss: 0.8328 - acc: 0.7139
1200/1200 [==============================] - 1s 906us/step - loss: 0.8243 - acc: 0.7158 - val_loss: 1.1357 - val_acc: 0.5441
Current time ....1.088
Train on 3900 samples, validate on 99 samples
Epoch 1/1

  10/3900 [..............................] - ETA: 3s - loss: 2.2335 - acc: 0.4000
  70/3900 [..............................] - ETA: 3s - loss: 2.2092 - acc: 0.4143
 130/3900 [>.............................] - ETA: 3s - loss: 2.2133 - acc: 0.3923
 190/3900 [>.............................] - ETA: 3s - loss: 2.2061 - acc: 0.3895
 250/3900 [>.............................] - ETA: 3s - loss: 2.2083 - acc: 0.3920
 310/3900 [=>............................] - ETA: 3s - loss: 2.2073 - acc: 0.3935
 370/3900 [=>............................] - ETA: 3s - loss: 2.2035 - acc: 0.3622
 430/3900 [==>...........................] - ETA: 3s - loss: 2.2044 - acc: 0.3581
 490/3900 [==>...........................] - ETA: 3s - loss: 2.2009 - acc: 0.3653
 550/3900 [===>..........................] - ETA: 3s - loss: 2.1990 - acc: 0.3691
 610/3900 [===>..........................] - ETA: 3s - loss: 2.1962 - acc: 0.3803
 670/3900 [====>.........................] - ETA: 2s - loss: 2.1900 - acc: 0.3821
 730/3900 [====>.........................] - ETA: 2s - loss: 2.1862 - acc: 0.3740
 790/3900 [=====>........................] - ETA: 2s - loss: 2.1841 - acc: 0.3684
 850/3900 [=====>........................] - ETA: 2s - loss: 2.1777 - acc: 0.3706
 910/3900 [======>.......................] - ETA: 2s - loss: 2.1758 - acc: 0.3692
 970/3900 [======>.......................] - ETA: 2s - loss: 2.1712 - acc: 0.3691
1030/3900 [======>.......................] - ETA: 2s - loss: 2.1668 - acc: 0.3728
1090/3900 [=======>......................] - ETA: 2s - loss: 2.1636 - acc: 0.3734
1150/3900 [=======>......................] - ETA: 2s - loss: 2.1588 - acc: 0.3843
1210/3900 [========>.....................] - ETA: 2s - loss: 2.1544 - acc: 0.3893
1270/3900 [========>.....................] - ETA: 2s - loss: 2.1520 - acc: 0.3961
1330/3900 [=========>....................] - ETA: 2s - loss: 2.1480 - acc: 0.3955
1390/3900 [=========>....................] - ETA: 2s - loss: 2.1434 - acc: 0.3993
1450/3900 [==========>...................] - ETA: 2s - loss: 2.1396 - acc: 0.4062
1510/3900 [==========>...................] - ETA: 2s - loss: 2.1372 - acc: 0.4079
1570/3900 [===========>..................] - ETA: 2s - loss: 2.1325 - acc: 0.4140
1630/3900 [===========>..................] - ETA: 2s - loss: 2.1286 - acc: 0.4190
1690/3900 [============>.................] - ETA: 2s - loss: 2.1244 - acc: 0.4213
1750/3900 [============>.................] - ETA: 1s - loss: 2.1219 - acc: 0.4194
1810/3900 [============>.................] - ETA: 1s - loss: 2.1199 - acc: 0.4182
1870/3900 [=============>................] - ETA: 1s - loss: 2.1174 - acc: 0.4203
1930/3900 [=============>................] - ETA: 1s - loss: 2.1151 - acc: 0.4218
1990/3900 [==============>...............] - ETA: 1s - loss: 2.1115 - acc: 0.4226
2050/3900 [==============>...............] - ETA: 1s - loss: 2.1083 - acc: 0.4220
2100/3900 [===============>..............] - ETA: 1s - loss: 2.1051 - acc: 0.4219
2160/3900 [===============>..............] - ETA: 1s - loss: 2.1011 - acc: 0.4236
2220/3900 [================>.............] - ETA: 1s - loss: 2.0992 - acc: 0.4212
2280/3900 [================>.............] - ETA: 1s - loss: 2.0963 - acc: 0.4197
2340/3900 [=================>............] - ETA: 1s - loss: 2.0927 - acc: 0.4192
2400/3900 [=================>............] - ETA: 1s - loss: 2.0897 - acc: 0.4192
2460/3900 [=================>............] - ETA: 1s - loss: 2.0870 - acc: 0.4179
2520/3900 [==================>...........] - ETA: 1s - loss: 2.0834 - acc: 0.4194
2580/3900 [==================>...........] - ETA: 1s - loss: 2.0796 - acc: 0.4217
2640/3900 [===================>..........] - ETA: 1s - loss: 2.0756 - acc: 0.4220
2700/3900 [===================>..........] - ETA: 1s - loss: 2.0723 - acc: 0.4219
2760/3900 [====================>.........] - ETA: 1s - loss: 2.0695 - acc: 0.4203
2820/3900 [====================>.........] - ETA: 0s - loss: 2.0665 - acc: 0.4191
2880/3900 [=====================>........] - ETA: 0s - loss: 2.0632 - acc: 0.4191
2940/3900 [=====================>........] - ETA: 0s - loss: 2.0610 - acc: 0.4207
3000/3900 [======================>.......] - ETA: 0s - loss: 2.0572 - acc: 0.4223
3060/3900 [======================>.......] - ETA: 0s - loss: 2.0543 - acc: 0.4216
3120/3900 [=======================>......] - ETA: 0s - loss: 2.0510 - acc: 0.4234
3180/3900 [=======================>......] - ETA: 0s - loss: 2.0489 - acc: 0.4233
3240/3900 [=======================>......] - ETA: 0s - loss: 2.0460 - acc: 0.4250
3300/3900 [========================>.....] - ETA: 0s - loss: 2.0432 - acc: 0.4236
3360/3900 [========================>.....] - ETA: 0s - loss: 2.0415 - acc: 0.4211
3420/3900 [=========================>....] - ETA: 0s - loss: 2.0382 - acc: 0.4216
3480/3900 [=========================>....] - ETA: 0s - loss: 2.0347 - acc: 0.4239
3540/3900 [==========================>...] - ETA: 0s - loss: 2.0320 - acc: 0.4223
3600/3900 [==========================>...] - ETA: 0s - loss: 2.0280 - acc: 0.4217
3660/3900 [===========================>..] - ETA: 0s - loss: 2.0250 - acc: 0.4210
3720/3900 [===========================>..] - ETA: 0s - loss: 2.0219 - acc: 0.4204
3780/3900 [============================>.] - ETA: 0s - loss: 2.0197 - acc: 0.4190
3840/3900 [============================>.] - ETA: 0s - loss: 2.0184 - acc: 0.4190
3900/3900 [==============================] - 4s 914us/step - loss: 2.0156 - acc: 0.4187 - val_loss: 1.9273 - val_acc: 0.4040
Current time ....3.567
Train on 600 samples, validate on 86 samples
Epoch 1/1

 10/600 [..............................] - ETA: 0s - loss: 0.2565 - acc: 1.0000
 70/600 [==>...........................] - ETA: 0s - loss: 0.3022 - acc: 0.9857
130/600 [=====>........................] - ETA: 0s - loss: 0.2878 - acc: 0.9846
190/600 [========>.....................] - ETA: 0s - loss: 0.2702 - acc: 0.9842
250/600 [===========>..................] - ETA: 0s - loss: 0.2672 - acc: 0.9880
310/600 [==============>...............] - ETA: 0s - loss: 0.2676 - acc: 0.9871
370/600 [=================>............] - ETA: 0s - loss: 0.2699 - acc: 0.9757
430/600 [====================>.........] - ETA: 0s - loss: 0.2647 - acc: 0.9767
490/600 [=======================>......] - ETA: 0s - loss: 0.2549 - acc: 0.9776
550/600 [==========================>...] - ETA: 0s - loss: 0.2477 - acc: 0.9782
600/600 [==============================] - 1s 929us/step - loss: 0.2403 - acc: 0.9800 - val_loss: 0.3655 - val_acc: 0.9186
Current time ....0.558
Train on 1200 samples, validate on 68 samples
Epoch 1/1

  10/1200 [..............................] - ETA: 1s - loss: 0.6898 - acc: 0.9000
  70/1200 [>.............................] - ETA: 1s - loss: 0.7044 - acc: 0.7429
 130/1200 [==>...........................] - ETA: 0s - loss: 0.7178 - acc: 0.7385
 190/1200 [===>..........................] - ETA: 0s - loss: 0.7081 - acc: 0.7421
 250/1200 [=====>........................] - ETA: 0s - loss: 0.7155 - acc: 0.7480
 310/1200 [======>.......................] - ETA: 0s - loss: 0.6975 - acc: 0.7613
 370/1200 [========>.....................] - ETA: 0s - loss: 0.6872 - acc: 0.7676
 430/1200 [=========>....................] - ETA: 0s - loss: 0.6662 - acc: 0.7837
 490/1200 [===========>..................] - ETA: 0s - loss: 0.6557 - acc: 0.7816
 550/1200 [============>.................] - ETA: 0s - loss: 0.6583 - acc: 0.7818
 610/1200 [==============>...............] - ETA: 0s - loss: 0.6642 - acc: 0.7787
 670/1200 [===============>..............] - ETA: 0s - loss: 0.6577 - acc: 0.7836
 730/1200 [=================>............] - ETA: 0s - loss: 0.6501 - acc: 0.7849
 790/1200 [==================>...........] - ETA: 0s - loss: 0.6507 - acc: 0.7785
 850/1200 [====================>.........] - ETA: 0s - loss: 0.6459 - acc: 0.7847
 910/1200 [=====================>........] - ETA: 0s - loss: 0.6454 - acc: 0.7857
 970/1200 [=======================>......] - ETA: 0s - loss: 0.6392 - acc: 0.7845
1020/1200 [========================>.....] - ETA: 0s - loss: 0.6352 - acc: 0.7863
1080/1200 [==========================>...] - ETA: 0s - loss: 0.6283 - acc: 0.7935
1140/1200 [===========================>..] - ETA: 0s - loss: 0.6233 - acc: 0.7947
1200/1200 [==============================] - 1s 912us/step - loss: 0.6213 - acc: 0.7900 - val_loss: 0.8560 - val_acc: 0.6176
Current time ....1.095
Train on 3900 samples, validate on 99 samples
Epoch 1/1

  10/3900 [..............................] - ETA: 3s - loss: 1.7122 - acc: 0.7000
  70/3900 [..............................] - ETA: 3s - loss: 1.8093 - acc: 0.4857
 130/3900 [>.............................] - ETA: 3s - loss: 1.8379 - acc: 0.3923
 190/3900 [>.............................] - ETA: 3s - loss: 1.8463 - acc: 0.4158
 250/3900 [>.............................] - ETA: 3s - loss: 1.8589 - acc: 0.3920
 310/3900 [=>............................] - ETA: 3s - loss: 1.8487 - acc: 0.3806
 370/3900 [=>............................] - ETA: 3s - loss: 1.8464 - acc: 0.3892
 430/3900 [==>...........................] - ETA: 3s - loss: 1.8478 - acc: 0.3907
 490/3900 [==>...........................] - ETA: 3s - loss: 1.8470 - acc: 0.4000
 550/3900 [===>..........................] - ETA: 3s - loss: 1.8441 - acc: 0.4127
 610/3900 [===>..........................] - ETA: 2s - loss: 1.8364 - acc: 0.4131
 670/3900 [====>.........................] - ETA: 2s - loss: 1.8295 - acc: 0.4194
 730/3900 [====>.........................] - ETA: 2s - loss: 1.8339 - acc: 0.4247
 790/3900 [=====>........................] - ETA: 2s - loss: 1.8280 - acc: 0.4291
 850/3900 [=====>........................] - ETA: 2s - loss: 1.8359 - acc: 0.4282
 910/3900 [======>.......................] - ETA: 2s - loss: 1.8293 - acc: 0.4275
 970/3900 [======>.......................] - ETA: 2s - loss: 1.8282 - acc: 0.4227
1030/3900 [======>.......................] - ETA: 2s - loss: 1.8244 - acc: 0.4311
1090/3900 [=======>......................] - ETA: 2s - loss: 1.8237 - acc: 0.4257
1150/3900 [=======>......................] - ETA: 2s - loss: 1.8259 - acc: 0.4217
1210/3900 [========>.....................] - ETA: 2s - loss: 1.8277 - acc: 0.4174
1270/3900 [========>.....................] - ETA: 2s - loss: 1.8246 - acc: 0.4157
1330/3900 [=========>....................] - ETA: 2s - loss: 1.8235 - acc: 0.4143
1390/3900 [=========>....................] - ETA: 2s - loss: 1.8228 - acc: 0.4144
1450/3900 [==========>...................] - ETA: 2s - loss: 1.8228 - acc: 0.4124
1500/3900 [==========>...................] - ETA: 2s - loss: 1.8245 - acc: 0.4080
1560/3900 [===========>..................] - ETA: 2s - loss: 1.8208 - acc: 0.4109
1620/3900 [===========>..................] - ETA: 2s - loss: 1.8173 - acc: 0.4105
1680/3900 [===========>..................] - ETA: 2s - loss: 1.8160 - acc: 0.4095
1740/3900 [============>.................] - ETA: 1s - loss: 1.8141 - acc: 0.4080
1800/3900 [============>.................] - ETA: 1s - loss: 1.8115 - acc: 0.4089
1860/3900 [=============>................] - ETA: 1s - loss: 1.8091 - acc: 0.4086
1920/3900 [=============>................] - ETA: 1s - loss: 1.8068 - acc: 0.4115
1980/3900 [==============>...............] - ETA: 1s - loss: 1.8056 - acc: 0.4146
2040/3900 [==============>...............] - ETA: 1s - loss: 1.8020 - acc: 0.4162
2100/3900 [===============>..............] - ETA: 1s - loss: 1.7988 - acc: 0.4162
2160/3900 [===============>..............] - ETA: 1s - loss: 1.7986 - acc: 0.4167
2220/3900 [================>.............] - ETA: 1s - loss: 1.7976 - acc: 0.4194
2280/3900 [================>.............] - ETA: 1s - loss: 1.7961 - acc: 0.4215
2340/3900 [=================>............] - ETA: 1s - loss: 1.7948 - acc: 0.4235
2400/3900 [=================>............] - ETA: 1s - loss: 1.7930 - acc: 0.4233
2460/3900 [=================>............] - ETA: 1s - loss: 1.7916 - acc: 0.4248
2520/3900 [==================>...........] - ETA: 1s - loss: 1.7891 - acc: 0.4266
2580/3900 [==================>...........] - ETA: 1s - loss: 1.7867 - acc: 0.4287
2640/3900 [===================>..........] - ETA: 1s - loss: 1.7843 - acc: 0.4311
2700/3900 [===================>..........] - ETA: 1s - loss: 1.7813 - acc: 0.4330
2760/3900 [====================>.........] - ETA: 1s - loss: 1.7786 - acc: 0.4333
2820/3900 [====================>.........] - ETA: 0s - loss: 1.7757 - acc: 0.4340
2880/3900 [=====================>........] - ETA: 0s - loss: 1.7756 - acc: 0.4347
2940/3900 [=====================>........] - ETA: 0s - loss: 1.7750 - acc: 0.4344
3000/3900 [======================>.......] - ETA: 0s - loss: 1.7733 - acc: 0.4330
3060/3900 [======================>.......] - ETA: 0s - loss: 1.7723 - acc: 0.4324
3120/3900 [=======================>......] - ETA: 0s - loss: 1.7729 - acc: 0.4314
3180/3900 [=======================>......] - ETA: 0s - loss: 1.7702 - acc: 0.4318
3240/3900 [=======================>......] - ETA: 0s - loss: 1.7681 - acc: 0.4324
3300/3900 [========================>.....] - ETA: 0s - loss: 1.7690 - acc: 0.4303
3360/3900 [========================>.....] - ETA: 0s - loss: 1.7683 - acc: 0.4304
3420/3900 [=========================>....] - ETA: 0s - loss: 1.7666 - acc: 0.4322
3480/3900 [=========================>....] - ETA: 0s - loss: 1.7659 - acc: 0.4319
3540/3900 [==========================>...] - ETA: 0s - loss: 1.7626 - acc: 0.4339
3600/3900 [==========================>...] - ETA: 0s - loss: 1.7607 - acc: 0.4358
3660/3900 [===========================>..] - ETA: 0s - loss: 1.7593 - acc: 0.4366
3720/3900 [===========================>..] - ETA: 0s - loss: 1.7566 - acc: 0.4392
3780/3900 [============================>.] - ETA: 0s - loss: 1.7547 - acc: 0.4413
3840/3900 [============================>.] - ETA: 0s - loss: 1.7528 - acc: 0.4438
3900/3900 [==============================] - 4s 909us/step - loss: 1.7525 - acc: 0.4444 - val_loss: 1.8139 - val_acc: 0.3636
Current time ....3.547
Train on 600 samples, validate on 86 samples
Epoch 1/1

 10/600 [..............................] - ETA: 0s - loss: 0.2258 - acc: 1.0000
 70/600 [==>...........................] - ETA: 0s - loss: 0.2060 - acc: 1.0000
130/600 [=====>........................] - ETA: 0s - loss: 0.2016 - acc: 0.9846
190/600 [========>.....................] - ETA: 0s - loss: 0.1923 - acc: 0.9895
250/600 [===========>..................] - ETA: 0s - loss: 0.1775 - acc: 0.9880
310/600 [==============>...............] - ETA: 0s - loss: 0.1741 - acc: 0.9903
370/600 [=================>............] - ETA: 0s - loss: 0.1707 - acc: 0.9892
430/600 [====================>.........] - ETA: 0s - loss: 0.1646 - acc: 0.9884
490/600 [=======================>......] - ETA: 0s - loss: 0.1620 - acc: 0.9837
550/600 [==========================>...] - ETA: 0s - loss: 0.1588 - acc: 0.9836
600/600 [==============================] - 1s 925us/step - loss: 0.1547 - acc: 0.9850 - val_loss: 0.3576 - val_acc: 0.9186
Current time ....0.555
Train on 1200 samples, validate on 68 samples
Epoch 1/1

  10/1200 [..............................] - ETA: 1s - loss: 0.6235 - acc: 0.8000
  70/1200 [>.............................] - ETA: 0s - loss: 0.5042 - acc: 0.8857
 130/1200 [==>...........................] - ETA: 0s - loss: 0.5343 - acc: 0.8462
 190/1200 [===>..........................] - ETA: 0s - loss: 0.5248 - acc: 0.8368
 250/1200 [=====>........................] - ETA: 0s - loss: 0.5388 - acc: 0.8320
 310/1200 [======>.......................] - ETA: 0s - loss: 0.5342 - acc: 0.8258
 370/1200 [========>.....................] - ETA: 0s - loss: 0.5314 - acc: 0.8378
 430/1200 [=========>....................] - ETA: 0s - loss: 0.5232 - acc: 0.8372
 490/1200 [===========>..................] - ETA: 0s - loss: 0.5293 - acc: 0.8245
 550/1200 [============>.................] - ETA: 0s - loss: 0.5255 - acc: 0.8200
 610/1200 [==============>...............] - ETA: 0s - loss: 0.5131 - acc: 0.8262
 670/1200 [===============>..............] - ETA: 0s - loss: 0.5019 - acc: 0.8343
 730/1200 [=================>............] - ETA: 0s - loss: 0.4963 - acc: 0.8425
 790/1200 [==================>...........] - ETA: 0s - loss: 0.4909 - acc: 0.8494
 850/1200 [====================>.........] - ETA: 0s - loss: 0.4806 - acc: 0.8529
 910/1200 [=====================>........] - ETA: 0s - loss: 0.4771 - acc: 0.8560
 970/1200 [=======================>......] - ETA: 0s - loss: 0.4697 - acc: 0.8619
1030/1200 [========================>.....] - ETA: 0s - loss: 0.4687 - acc: 0.8602
1090/1200 [==========================>...] - ETA: 0s - loss: 0.4594 - acc: 0.8651
1150/1200 [===========================>..] - ETA: 0s - loss: 0.4608 - acc: 0.8652
1200/1200 [==============================] - 1s 897us/step - loss: 0.4565 - acc: 0.8675 - val_loss: 0.7561 - val_acc: 0.6324
Current time ....1.077
Train on 3900 samples, validate on 99 samples
Epoch 1/1

  10/3900 [..............................] - ETA: 4s - loss: 1.5875 - acc: 0.4000
  70/3900 [..............................] - ETA: 3s - loss: 1.5640 - acc: 0.4857
 130/3900 [>.............................] - ETA: 3s - loss: 1.6357 - acc: 0.4615
 190/3900 [>.............................] - ETA: 3s - loss: 1.6511 - acc: 0.4421
 240/3900 [>.............................] - ETA: 3s - loss: 1.6597 - acc: 0.4583
 300/3900 [=>............................] - ETA: 3s - loss: 1.6499 - acc: 0.4633
 360/3900 [=>............................] - ETA: 3s - loss: 1.6296 - acc: 0.4944
 420/3900 [==>...........................] - ETA: 3s - loss: 1.6281 - acc: 0.4929
 480/3900 [==>...........................] - ETA: 3s - loss: 1.6223 - acc: 0.4979
 540/3900 [===>..........................] - ETA: 3s - loss: 1.6250 - acc: 0.4926
 600/3900 [===>..........................] - ETA: 3s - loss: 1.6315 - acc: 0.4950
 660/3900 [====>.........................] - ETA: 2s - loss: 1.6246 - acc: 0.4985
 720/3900 [====>.........................] - ETA: 2s - loss: 1.6214 - acc: 0.4986
 780/3900 [=====>........................] - ETA: 2s - loss: 1.6169 - acc: 0.5000
 840/3900 [=====>........................] - ETA: 2s - loss: 1.6201 - acc: 0.4964
 900/3900 [=====>........................] - ETA: 2s - loss: 1.6223 - acc: 0.4944
 960/3900 [======>.......................] - ETA: 2s - loss: 1.6184 - acc: 0.5000
1020/3900 [======>.......................] - ETA: 2s - loss: 1.6175 - acc: 0.5000
1080/3900 [=======>......................] - ETA: 2s - loss: 1.6193 - acc: 0.4963
1140/3900 [=======>......................] - ETA: 2s - loss: 1.6173 - acc: 0.4965
1200/3900 [========>.....................] - ETA: 2s - loss: 1.6119 - acc: 0.4983
1260/3900 [========>.....................] - ETA: 2s - loss: 1.6111 - acc: 0.5008
1320/3900 [=========>....................] - ETA: 2s - loss: 1.6111 - acc: 0.5038
1380/3900 [=========>....................] - ETA: 2s - loss: 1.6076 - acc: 0.5058
1440/3900 [==========>...................] - ETA: 2s - loss: 1.6093 - acc: 0.5056
1500/3900 [==========>...................] - ETA: 2s - loss: 1.6048 - acc: 0.5080
1560/3900 [===========>..................] - ETA: 2s - loss: 1.6043 - acc: 0.5077
1620/3900 [===========>..................] - ETA: 2s - loss: 1.6038 - acc: 0.5056
1680/3900 [===========>..................] - ETA: 2s - loss: 1.6039 - acc: 0.5060
1740/3900 [============>.................] - ETA: 1s - loss: 1.6061 - acc: 0.5057
1800/3900 [============>.................] - ETA: 1s - loss: 1.6052 - acc: 0.5056
1860/3900 [=============>................] - ETA: 1s - loss: 1.6032 - acc: 0.5070
1920/3900 [=============>................] - ETA: 1s - loss: 1.6033 - acc: 0.5063
1980/3900 [==============>...............] - ETA: 1s - loss: 1.5986 - acc: 0.5096
2040/3900 [==============>...............] - ETA: 1s - loss: 1.5949 - acc: 0.5132
2100/3900 [===============>..............] - ETA: 1s - loss: 1.5954 - acc: 0.5138
2160/3900 [===============>..............] - ETA: 1s - loss: 1.5932 - acc: 0.5148
2220/3900 [================>.............] - ETA: 1s - loss: 1.5874 - acc: 0.5185
2280/3900 [================>.............] - ETA: 1s - loss: 1.5874 - acc: 0.5189
2340/3900 [=================>............] - ETA: 1s - loss: 1.5860 - acc: 0.5205
2400/3900 [=================>............] - ETA: 1s - loss: 1.5818 - acc: 0.5221
2460/3900 [=================>............] - ETA: 1s - loss: 1.5807 - acc: 0.5220
2520/3900 [==================>...........] - ETA: 1s - loss: 1.5764 - acc: 0.5238
2580/3900 [==================>...........] - ETA: 1s - loss: 1.5755 - acc: 0.5217
2640/3900 [===================>..........] - ETA: 1s - loss: 1.5758 - acc: 0.5201
2700/3900 [===================>..........] - ETA: 1s - loss: 1.5743 - acc: 0.5207
2760/3900 [====================>.........] - ETA: 1s - loss: 1.5734 - acc: 0.5225
2820/3900 [====================>.........] - ETA: 0s - loss: 1.5713 - acc: 0.5216
2880/3900 [=====================>........] - ETA: 0s - loss: 1.5700 - acc: 0.5226
2940/3900 [=====================>........] - ETA: 0s - loss: 1.5685 - acc: 0.5224
3000/3900 [======================>.......] - ETA: 0s - loss: 1.5685 - acc: 0.5230
3060/3900 [======================>.......] - ETA: 0s - loss: 1.5670 - acc: 0.5225
3120/3900 [=======================>......] - ETA: 0s - loss: 1.5655 - acc: 0.5234
3180/3900 [=======================>......] - ETA: 0s - loss: 1.5637 - acc: 0.5252
3240/3900 [=======================>......] - ETA: 0s - loss: 1.5623 - acc: 0.5247
3290/3900 [========================>.....] - ETA: 0s - loss: 1.5609 - acc: 0.5240
3350/3900 [========================>.....] - ETA: 0s - loss: 1.5590 - acc: 0.5254
3410/3900 [=========================>....] - ETA: 0s - loss: 1.5578 - acc: 0.5252
3470/3900 [=========================>....] - ETA: 0s - loss: 1.5556 - acc: 0.5262
3530/3900 [==========================>...] - ETA: 0s - loss: 1.5531 - acc: 0.5269
3590/3900 [==========================>...] - ETA: 0s - loss: 1.5537 - acc: 0.5262
3650/3900 [===========================>..] - ETA: 0s - loss: 1.5525 - acc: 0.5274
3710/3900 [===========================>..] - ETA: 0s - loss: 1.5504 - acc: 0.5283
3770/3900 [============================>.] - ETA: 0s - loss: 1.5489 - acc: 0.5284
3830/3900 [============================>.] - ETA: 0s - loss: 1.5463 - acc: 0.5298
3890/3900 [============================>.] - ETA: 0s - loss: 1.5450 - acc: 0.5301
3900/3900 [==============================] - 4s 913us/step - loss: 1.5452 - acc: 0.5300 - val_loss: 1.6015 - val_acc: 0.4949
Current time ....3.562
Train on 600 samples, validate on 86 samples
Epoch 1/1

 10/600 [..............................] - ETA: 0s - loss: 0.0551 - acc: 1.0000
 70/600 [==>...........................] - ETA: 0s - loss: 0.1018 - acc: 1.0000
130/600 [=====>........................] - ETA: 0s - loss: 0.0918 - acc: 1.0000
190/600 [========>.....................] - ETA: 0s - loss: 0.1155 - acc: 0.9947
250/600 [===========>..................] - ETA: 0s - loss: 0.1171 - acc: 0.9920
310/600 [==============>...............] - ETA: 0s - loss: 0.1195 - acc: 0.9903
370/600 [=================>............] - ETA: 0s - loss: 0.1155 - acc: 0.9892
430/600 [====================>.........] - ETA: 0s - loss: 0.1158 - acc: 0.9884
490/600 [=======================>......] - ETA: 0s - loss: 0.1125 - acc: 0.9857
550/600 [==========================>...] - ETA: 0s - loss: 0.1094 - acc: 0.9873
600/600 [==============================] - 1s 924us/step - loss: 0.1060 - acc: 0.9883 - val_loss: 0.3740 - val_acc: 0.9186
Current time ....0.555
Train on 1200 samples, validate on 68 samples
Epoch 1/1

  10/1200 [..............................] - ETA: 1s - loss: 0.3490 - acc: 1.0000
  70/1200 [>.............................] - ETA: 1s - loss: 0.2891 - acc: 0.9286
 130/1200 [==>...........................] - ETA: 0s - loss: 0.3208 - acc: 0.9308
 190/1200 [===>..........................] - ETA: 0s - loss: 0.3159 - acc: 0.9263
 250/1200 [=====>........................] - ETA: 0s - loss: 0.3137 - acc: 0.9360
 310/1200 [======>.......................] - ETA: 0s - loss: 0.3364 - acc: 0.9226
 370/1200 [========>.....................] - ETA: 0s - loss: 0.3407 - acc: 0.9054
 430/1200 [=========>....................] - ETA: 0s - loss: 0.3350 - acc: 0.9070
 490/1200 [===========>..................] - ETA: 0s - loss: 0.3276 - acc: 0.9122
 550/1200 [============>.................] - ETA: 0s - loss: 0.3376 - acc: 0.9091
 610/1200 [==============>...............] - ETA: 0s - loss: 0.3440 - acc: 0.9098
 670/1200 [===============>..............] - ETA: 0s - loss: 0.3407 - acc: 0.9104
 730/1200 [=================>............] - ETA: 0s - loss: 0.3395 - acc: 0.9082
 790/1200 [==================>...........] - ETA: 0s - loss: 0.3406 - acc: 0.9076
 850/1200 [====================>.........] - ETA: 0s - loss: 0.3346 - acc: 0.9106
 910/1200 [=====================>........] - ETA: 0s - loss: 0.3322 - acc: 0.9121
 970/1200 [=======================>......] - ETA: 0s - loss: 0.3315 - acc: 0.9113
1030/1200 [========================>.....] - ETA: 0s - loss: 0.3303 - acc: 0.9126
1090/1200 [==========================>...] - ETA: 0s - loss: 0.3321 - acc: 0.9119
1150/1200 [===========================>..] - ETA: 0s - loss: 0.3311 - acc: 0.9130
1200/1200 [==============================] - 1s 902us/step - loss: 0.3285 - acc: 0.9133 - val_loss: 0.7409 - val_acc: 0.7206
Current time ....1.082
Train on 3900 samples, validate on 99 samples
Epoch 1/1

  10/3900 [..............................] - ETA: 3s - loss: 1.4777 - acc: 0.5000
  70/3900 [..............................] - ETA: 3s - loss: 1.3866 - acc: 0.5714
 130/3900 [>.............................] - ETA: 3s - loss: 1.4438 - acc: 0.5923
 190/3900 [>.............................] - ETA: 3s - loss: 1.4393 - acc: 0.6000
 250/3900 [>.............................] - ETA: 3s - loss: 1.4098 - acc: 0.6120
 310/3900 [=>............................] - ETA: 3s - loss: 1.4177 - acc: 0.5935
 370/3900 [=>............................] - ETA: 3s - loss: 1.4093 - acc: 0.5973
 430/3900 [==>...........................] - ETA: 3s - loss: 1.3957 - acc: 0.5953
 490/3900 [==>...........................] - ETA: 3s - loss: 1.4096 - acc: 0.5898
 550/3900 [===>..........................] - ETA: 3s - loss: 1.4199 - acc: 0.5836
 610/3900 [===>..........................] - ETA: 2s - loss: 1.4193 - acc: 0.5770
 670/3900 [====>.........................] - ETA: 2s - loss: 1.4203 - acc: 0.5791
 730/3900 [====>.........................] - ETA: 2s - loss: 1.4176 - acc: 0.5808
 790/3900 [=====>........................] - ETA: 2s - loss: 1.4154 - acc: 0.5835
 850/3900 [=====>........................] - ETA: 2s - loss: 1.4234 - acc: 0.5788
 910/3900 [======>.......................] - ETA: 2s - loss: 1.4202 - acc: 0.5747
 970/3900 [======>.......................] - ETA: 2s - loss: 1.4107 - acc: 0.5784
1030/3900 [======>.......................] - ETA: 2s - loss: 1.4051 - acc: 0.5786
1090/3900 [=======>......................] - ETA: 2s - loss: 1.4042 - acc: 0.5817
1150/3900 [=======>......................] - ETA: 2s - loss: 1.3975 - acc: 0.5843
1210/3900 [========>.....................] - ETA: 2s - loss: 1.3909 - acc: 0.5901
1270/3900 [========>.....................] - ETA: 2s - loss: 1.3933 - acc: 0.5858
1330/3900 [=========>....................] - ETA: 2s - loss: 1.3899 - acc: 0.5887
1390/3900 [=========>....................] - ETA: 2s - loss: 1.3873 - acc: 0.5878
1450/3900 [==========>...................] - ETA: 2s - loss: 1.3929 - acc: 0.5828
1510/3900 [==========>...................] - ETA: 2s - loss: 1.3901 - acc: 0.5861
1570/3900 [===========>..................] - ETA: 2s - loss: 1.3845 - acc: 0.5892
1630/3900 [===========>..................] - ETA: 2s - loss: 1.3832 - acc: 0.5896
1690/3900 [============>.................] - ETA: 2s - loss: 1.3798 - acc: 0.5905
1750/3900 [============>.................] - ETA: 1s - loss: 1.3790 - acc: 0.5903
1810/3900 [============>.................] - ETA: 1s - loss: 1.3747 - acc: 0.5928
1870/3900 [=============>................] - ETA: 1s - loss: 1.3707 - acc: 0.5920
1930/3900 [=============>................] - ETA: 1s - loss: 1.3702 - acc: 0.5907
1990/3900 [==============>...............] - ETA: 1s - loss: 1.3662 - acc: 0.5925
2050/3900 [==============>...............] - ETA: 1s - loss: 1.3714 - acc: 0.5898
2110/3900 [===============>..............] - ETA: 1s - loss: 1.3684 - acc: 0.5891
2170/3900 [===============>..............] - ETA: 1s - loss: 1.3641 - acc: 0.5912
2230/3900 [================>.............] - ETA: 1s - loss: 1.3623 - acc: 0.5897
2290/3900 [================>.............] - ETA: 1s - loss: 1.3559 - acc: 0.5926
2350/3900 [=================>............] - ETA: 1s - loss: 1.3528 - acc: 0.5932
2410/3900 [=================>............] - ETA: 1s - loss: 1.3501 - acc: 0.5950
2470/3900 [==================>...........] - ETA: 1s - loss: 1.3488 - acc: 0.5943
2530/3900 [==================>...........] - ETA: 1s - loss: 1.3448 - acc: 0.5957
2590/3900 [==================>...........] - ETA: 1s - loss: 1.3429 - acc: 0.5961
2650/3900 [===================>..........] - ETA: 1s - loss: 1.3403 - acc: 0.5970
2710/3900 [===================>..........] - ETA: 1s - loss: 1.3421 - acc: 0.5952
2770/3900 [====================>.........] - ETA: 1s - loss: 1.3407 - acc: 0.5957
2830/3900 [====================>.........] - ETA: 0s - loss: 1.3415 - acc: 0.5936
2890/3900 [=====================>........] - ETA: 0s - loss: 1.3417 - acc: 0.5931
2950/3900 [=====================>........] - ETA: 0s - loss: 1.3405 - acc: 0.5919
3010/3900 [======================>.......] - ETA: 0s - loss: 1.3380 - acc: 0.5927
3070/3900 [======================>.......] - ETA: 0s - loss: 1.3400 - acc: 0.5906
3130/3900 [=======================>......] - ETA: 0s - loss: 1.3364 - acc: 0.5914
3190/3900 [=======================>......] - ETA: 0s - loss: 1.3340 - acc: 0.5931
3250/3900 [========================>.....] - ETA: 0s - loss: 1.3299 - acc: 0.5938
3310/3900 [========================>.....] - ETA: 0s - loss: 1.3270 - acc: 0.5952
3370/3900 [========================>.....] - ETA: 0s - loss: 1.3250 - acc: 0.5958
3430/3900 [=========================>....] - ETA: 0s - loss: 1.3221 - acc: 0.5962
3490/3900 [=========================>....] - ETA: 0s - loss: 1.3205 - acc: 0.5977
3550/3900 [==========================>...] - ETA: 0s - loss: 1.3177 - acc: 0.5992
3610/3900 [==========================>...] - ETA: 0s - loss: 1.3163 - acc: 0.5992
3670/3900 [===========================>..] - ETA: 0s - loss: 1.3165 - acc: 0.5981
3730/3900 [===========================>..] - ETA: 0s - loss: 1.3149 - acc: 0.5987
3790/3900 [============================>.] - ETA: 0s - loss: 1.3150 - acc: 0.5984
3850/3900 [============================>.] - ETA: 0s - loss: 1.3135 - acc: 0.5987
3900/3900 [==============================] - 4s 909us/step - loss: 1.3108 - acc: 0.6005 - val_loss: 1.6365 - val_acc: 0.4141
Current time ....3.545
Train on 600 samples, validate on 86 samples
Epoch 1/1

 10/600 [..............................] - ETA: 0s - loss: 0.0822 - acc: 1.0000
 70/600 [==>...........................] - ETA: 0s - loss: 0.0692 - acc: 1.0000
130/600 [=====>........................] - ETA: 0s - loss: 0.0741 - acc: 1.0000
190/600 [========>.....................] - ETA: 0s - loss: 0.0863 - acc: 0.9947
250/600 [===========>..................] - ETA: 0s - loss: 0.0841 - acc: 0.9920
310/600 [==============>...............] - ETA: 0s - loss: 0.0805 - acc: 0.9903
370/600 [=================>............] - ETA: 0s - loss: 0.0789 - acc: 0.9892
430/600 [====================>.........] - ETA: 0s - loss: 0.0752 - acc: 0.9907
490/600 [=======================>......] - ETA: 0s - loss: 0.0748 - acc: 0.9918
550/600 [==========================>...] - ETA: 0s - loss: 0.0723 - acc: 0.9927
600/600 [==============================] - 1s 920us/step - loss: 0.0752 - acc: 0.9933 - val_loss: 0.3719 - val_acc: 0.9186
Current time ....0.552
Train on 1200 samples, validate on 68 samples
Epoch 1/1

  10/1200 [..............................] - ETA: 1s - loss: 0.2251 - acc: 1.0000
  70/1200 [>.............................] - ETA: 1s - loss: 0.2429 - acc: 0.9714
 130/1200 [==>...........................] - ETA: 0s - loss: 0.2816 - acc: 0.9538
 190/1200 [===>..........................] - ETA: 0s - loss: 0.2754 - acc: 0.9474
 250/1200 [=====>........................] - ETA: 0s - loss: 0.2673 - acc: 0.9480
 310/1200 [======>.......................] - ETA: 0s - loss: 0.2636 - acc: 0.9484
 370/1200 [========>.....................] - ETA: 0s - loss: 0.2683 - acc: 0.9486
 430/1200 [=========>....................] - ETA: 0s - loss: 0.2659 - acc: 0.9442
 490/1200 [===========>..................] - ETA: 0s - loss: 0.2596 - acc: 0.9429
 550/1200 [============>.................] - ETA: 0s - loss: 0.2512 - acc: 0.9455
 610/1200 [==============>...............] - ETA: 0s - loss: 0.2539 - acc: 0.9459
 670/1200 [===============>..............] - ETA: 0s - loss: 0.2515 - acc: 0.9463
 730/1200 [=================>............] - ETA: 0s - loss: 0.2479 - acc: 0.9479
 790/1200 [==================>...........] - ETA: 0s - loss: 0.2480 - acc: 0.9443
 850/1200 [====================>.........] - ETA: 0s - loss: 0.2444 - acc: 0.9459
 910/1200 [=====================>........] - ETA: 0s - loss: 0.2455 - acc: 0.9484
 970/1200 [=======================>......] - ETA: 0s - loss: 0.2478 - acc: 0.9464
1030/1200 [========================>.....] - ETA: 0s - loss: 0.2445 - acc: 0.9476
1090/1200 [==========================>...] - ETA: 0s - loss: 0.2426 - acc: 0.9468
1150/1200 [===========================>..] - ETA: 0s - loss: 0.2432 - acc: 0.9461
1200/1200 [==============================] - 1s 909us/step - loss: 0.2419 - acc: 0.9467 - val_loss: 0.6864 - val_acc: 0.6912
Current time ....1.091
Train on 3900 samples, validate on 99 samples
Epoch 1/1

  10/3900 [..............................] - ETA: 3s - loss: 1.0248 - acc: 0.7000
  70/3900 [..............................] - ETA: 3s - loss: 1.2332 - acc: 0.5429
 130/3900 [>.............................] - ETA: 3s - loss: 1.1877 - acc: 0.5846
 190/3900 [>.............................] - ETA: 3s - loss: 1.2074 - acc: 0.5579
 250/3900 [>.............................] - ETA: 3s - loss: 1.1751 - acc: 0.5960
 310/3900 [=>............................] - ETA: 3s - loss: 1.1731 - acc: 0.6032
 370/3900 [=>............................] - ETA: 3s - loss: 1.1604 - acc: 0.6108
 430/3900 [==>...........................] - ETA: 3s - loss: 1.1678 - acc: 0.6093
 490/3900 [==>...........................] - ETA: 3s - loss: 1.1715 - acc: 0.6082
 550/3900 [===>..........................] - ETA: 3s - loss: 1.1677 - acc: 0.6109
 610/3900 [===>..........................] - ETA: 3s - loss: 1.1703 - acc: 0.6098
 670/3900 [====>.........................] - ETA: 2s - loss: 1.1701 - acc: 0.6090
 730/3900 [====>.........................] - ETA: 2s - loss: 1.1611 - acc: 0.6137
 790/3900 [=====>........................] - ETA: 2s - loss: 1.1597 - acc: 0.6190
 850/3900 [=====>........................] - ETA: 2s - loss: 1.1592 - acc: 0.6235
 910/3900 [======>.......................] - ETA: 2s - loss: 1.1579 - acc: 0.6286
 970/3900 [======>.......................] - ETA: 2s - loss: 1.1534 - acc: 0.6361
1030/3900 [======>.......................] - ETA: 2s - loss: 1.1587 - acc: 0.6320
1090/3900 [=======>......................] - ETA: 2s - loss: 1.1567 - acc: 0.6349
1150/3900 [=======>......................] - ETA: 2s - loss: 1.1536 - acc: 0.6357
1210/3900 [========>.....................] - ETA: 2s - loss: 1.1554 - acc: 0.6339
1270/3900 [========>.....................] - ETA: 2s - loss: 1.1555 - acc: 0.6339
1330/3900 [=========>....................] - ETA: 2s - loss: 1.1521 - acc: 0.6353
1390/3900 [=========>....................] - ETA: 2s - loss: 1.1495 - acc: 0.6367
1450/3900 [==========>...................] - ETA: 2s - loss: 1.1506 - acc: 0.6366
1510/3900 [==========>...................] - ETA: 2s - loss: 1.1527 - acc: 0.6344
1570/3900 [===========>..................] - ETA: 2s - loss: 1.1529 - acc: 0.6344
1630/3900 [===========>..................] - ETA: 2s - loss: 1.1506 - acc: 0.6350
1690/3900 [============>.................] - ETA: 1s - loss: 1.1519 - acc: 0.6349
1750/3900 [============>.................] - ETA: 1s - loss: 1.1507 - acc: 0.6337
1810/3900 [============>.................] - ETA: 1s - loss: 1.1425 - acc: 0.6359
1870/3900 [=============>................] - ETA: 1s - loss: 1.1385 - acc: 0.6364
1930/3900 [=============>................] - ETA: 1s - loss: 1.1367 - acc: 0.6383
1990/3900 [==============>...............] - ETA: 1s - loss: 1.1341 - acc: 0.6402
2050/3900 [==============>...............] - ETA: 1s - loss: 1.1352 - acc: 0.6395
2110/3900 [===============>..............] - ETA: 1s - loss: 1.1314 - acc: 0.6417
2170/3900 [===============>..............] - ETA: 1s - loss: 1.1336 - acc: 0.6401
2230/3900 [================>.............] - ETA: 1s - loss: 1.1322 - acc: 0.6404
2290/3900 [================>.............] - ETA: 1s - loss: 1.1310 - acc: 0.6410
2350/3900 [=================>............] - ETA: 1s - loss: 1.1263 - acc: 0.6438
2410/3900 [=================>............] - ETA: 1s - loss: 1.1263 - acc: 0.6427
2470/3900 [==================>...........] - ETA: 1s - loss: 1.1230 - acc: 0.6433
2530/3900 [==================>...........] - ETA: 1s - loss: 1.1195 - acc: 0.6462
2590/3900 [==================>...........] - ETA: 1s - loss: 1.1206 - acc: 0.6456
2650/3900 [===================>..........] - ETA: 1s - loss: 1.1196 - acc: 0.6457
2710/3900 [===================>..........] - ETA: 1s - loss: 1.1185 - acc: 0.6480
2770/3900 [====================>.........] - ETA: 1s - loss: 1.1137 - acc: 0.6505
2830/3900 [====================>.........] - ETA: 0s - loss: 1.1115 - acc: 0.6523
2890/3900 [=====================>........] - ETA: 0s - loss: 1.1110 - acc: 0.6519
2950/3900 [=====================>........] - ETA: 0s - loss: 1.1087 - acc: 0.6532
3010/3900 [======================>.......] - ETA: 0s - loss: 1.1059 - acc: 0.6551
3070/3900 [======================>.......] - ETA: 0s - loss: 1.1039 - acc: 0.6567
3130/3900 [=======================>......] - ETA: 0s - loss: 1.1037 - acc: 0.6562
3190/3900 [=======================>......] - ETA: 0s - loss: 1.1005 - acc: 0.6583
3250/3900 [========================>.....] - ETA: 0s - loss: 1.0994 - acc: 0.6594
3310/3900 [========================>.....] - ETA: 0s - loss: 1.0958 - acc: 0.6610
3370/3900 [========================>.....] - ETA: 0s - loss: 1.0921 - acc: 0.6629
3430/3900 [=========================>....] - ETA: 0s - loss: 1.0920 - acc: 0.6621
3490/3900 [=========================>....] - ETA: 0s - loss: 1.0908 - acc: 0.6625
3550/3900 [==========================>...] - ETA: 0s - loss: 1.0877 - acc: 0.6637
3610/3900 [==========================>...] - ETA: 0s - loss: 1.0851 - acc: 0.6657
3670/3900 [===========================>..] - ETA: 0s - loss: 1.0821 - acc: 0.6670
3730/3900 [===========================>..] - ETA: 0s - loss: 1.0835 - acc: 0.6660
3790/3900 [============================>.] - ETA: 0s - loss: 1.0815 - acc: 0.6662
3850/3900 [============================>.] - ETA: 0s - loss: 1.0806 - acc: 0.6665
3900/3900 [==============================] - 4s 909us/step - loss: 1.0785 - acc: 0.6679 - val_loss: 1.6837 - val_acc: 0.3636
Current time ....3.544
Train on 600 samples, validate on 86 samples
Epoch 1/1

 10/600 [..............................] - ETA: 0s - loss: 0.0793 - acc: 1.0000
 70/600 [==>...........................] - ETA: 0s - loss: 0.0524 - acc: 1.0000
130/600 [=====>........................] - ETA: 0s - loss: 0.0514 - acc: 1.0000
190/600 [========>.....................] - ETA: 0s - loss: 0.0541 - acc: 0.9947
250/600 [===========>..................] - ETA: 0s - loss: 0.0554 - acc: 0.9960
310/600 [==============>...............] - ETA: 0s - loss: 0.0597 - acc: 0.9935
370/600 [=================>............] - ETA: 0s - loss: 0.0580 - acc: 0.9946
430/600 [====================>.........] - ETA: 0s - loss: 0.0550 - acc: 0.9953
490/600 [=======================>......] - ETA: 0s - loss: 0.0556 - acc: 0.9939
550/600 [==========================>...] - ETA: 0s - loss: 0.0542 - acc: 0.9945
600/600 [==============================] - 1s 940us/step - loss: 0.0553 - acc: 0.9933 - val_loss: 0.3822 - val_acc: 0.9186
Current time ....0.565
Train on 1200 samples, validate on 68 samples
Epoch 1/1

  10/1200 [..............................] - ETA: 1s - loss: 0.1264 - acc: 1.0000
  70/1200 [>.............................] - ETA: 1s - loss: 0.1593 - acc: 0.9857
 130/1200 [==>...........................] - ETA: 0s - loss: 0.1663 - acc: 0.9846
 190/1200 [===>..........................] - ETA: 0s - loss: 0.1680 - acc: 0.9842
 250/1200 [=====>........................] - ETA: 0s - loss: 0.1732 - acc: 0.9760
 310/1200 [======>.......................] - ETA: 0s - loss: 0.1629 - acc: 0.9806
 370/1200 [========>.....................] - ETA: 0s - loss: 0.1653 - acc: 0.9811
 430/1200 [=========>....................] - ETA: 0s - loss: 0.1736 - acc: 0.9744
 490/1200 [===========>..................] - ETA: 0s - loss: 0.1793 - acc: 0.9714
 550/1200 [============>.................] - ETA: 0s - loss: 0.1765 - acc: 0.9691
 610/1200 [==============>...............] - ETA: 0s - loss: 0.1763 - acc: 0.9705
 670/1200 [===============>..............] - ETA: 0s - loss: 0.1766 - acc: 0.9716
 730/1200 [=================>............] - ETA: 0s - loss: 0.1806 - acc: 0.9712
 790/1200 [==================>...........] - ETA: 0s - loss: 0.1779 - acc: 0.9722
 850/1200 [====================>.........] - ETA: 0s - loss: 0.1770 - acc: 0.9729
 910/1200 [=====================>........] - ETA: 0s - loss: 0.1801 - acc: 0.9703
 970/1200 [=======================>......] - ETA: 0s - loss: 0.1797 - acc: 0.9701
1030/1200 [========================>.....] - ETA: 0s - loss: 0.1817 - acc: 0.9680
1090/1200 [==========================>...] - ETA: 0s - loss: 0.1833 - acc: 0.9661
1150/1200 [===========================>..] - ETA: 0s - loss: 0.1864 - acc: 0.9626
1200/1200 [==============================] - 1s 909us/step - loss: 0.1839 - acc: 0.9625 - val_loss: 0.7943 - val_acc: 0.6471
Current time ....1.091
Train on 3900 samples, validate on 99 samples
Epoch 1/1

  10/3900 [..............................] - ETA: 3s - loss: 1.2899 - acc: 0.5000
  70/3900 [..............................] - ETA: 3s - loss: 0.9293 - acc: 0.6571
 130/3900 [>.............................] - ETA: 3s - loss: 0.9560 - acc: 0.6692
 190/3900 [>.............................] - ETA: 3s - loss: 0.9547 - acc: 0.6789
 250/3900 [>.............................] - ETA: 3s - loss: 0.9775 - acc: 0.6840
 310/3900 [=>............................] - ETA: 3s - loss: 0.9995 - acc: 0.6613
 370/3900 [=>............................] - ETA: 3s - loss: 1.0210 - acc: 0.6568
 430/3900 [==>...........................] - ETA: 3s - loss: 1.0136 - acc: 0.6581
 490/3900 [==>...........................] - ETA: 3s - loss: 1.0244 - acc: 0.6469
 550/3900 [===>..........................] - ETA: 3s - loss: 1.0059 - acc: 0.6636
 610/3900 [===>..........................] - ETA: 2s - loss: 1.0013 - acc: 0.6705
 670/3900 [====>.........................] - ETA: 2s - loss: 0.9943 - acc: 0.6701
 730/3900 [====>.........................] - ETA: 2s - loss: 0.9950 - acc: 0.6699
 790/3900 [=====>........................] - ETA: 2s - loss: 0.9926 - acc: 0.6684
 850/3900 [=====>........................] - ETA: 2s - loss: 0.9776 - acc: 0.6729
 910/3900 [======>.......................] - ETA: 2s - loss: 0.9650 - acc: 0.6824
 970/3900 [======>.......................] - ETA: 2s - loss: 0.9535 - acc: 0.6887
1030/3900 [======>.......................] - ETA: 2s - loss: 0.9436 - acc: 0.6922
1090/3900 [=======>......................] - ETA: 2s - loss: 0.9392 - acc: 0.6936
1150/3900 [=======>......................] - ETA: 2s - loss: 0.9335 - acc: 0.6957
1210/3900 [========>.....................] - ETA: 2s - loss: 0.9280 - acc: 0.7017
1260/3900 [========>.....................] - ETA: 2s - loss: 0.9270 - acc: 0.7000
1320/3900 [=========>....................] - ETA: 2s - loss: 0.9279 - acc: 0.7000
1380/3900 [=========>....................] - ETA: 2s - loss: 0.9270 - acc: 0.7007
1440/3900 [==========>...................] - ETA: 2s - loss: 0.9232 - acc: 0.7021
1500/3900 [==========>...................] - ETA: 2s - loss: 0.9227 - acc: 0.7027
1560/3900 [===========>..................] - ETA: 2s - loss: 0.9163 - acc: 0.7071
1620/3900 [===========>..................] - ETA: 2s - loss: 0.9132 - acc: 0.7074
1680/3900 [===========>..................] - ETA: 2s - loss: 0.9121 - acc: 0.7060
1740/3900 [============>.................] - ETA: 1s - loss: 0.9100 - acc: 0.7086
1800/3900 [============>.................] - ETA: 1s - loss: 0.9088 - acc: 0.7100
1860/3900 [=============>................] - ETA: 1s - loss: 0.9101 - acc: 0.7081
1920/3900 [=============>................] - ETA: 1s - loss: 0.9083 - acc: 0.7094
1980/3900 [==============>...............] - ETA: 1s - loss: 0.9074 - acc: 0.7086
2040/3900 [==============>...............] - ETA: 1s - loss: 0.9084 - acc: 0.7093
2100/3900 [===============>..............] - ETA: 1s - loss: 0.9077 - acc: 0.7105
2160/3900 [===============>..............] - ETA: 1s - loss: 0.9080 - acc: 0.7106
2220/3900 [================>.............] - ETA: 1s - loss: 0.9065 - acc: 0.7117
2280/3900 [================>.............] - ETA: 1s - loss: 0.9006 - acc: 0.7127
2340/3900 [=================>............] - ETA: 1s - loss: 0.9006 - acc: 0.7132
2400/3900 [=================>............] - ETA: 1s - loss: 0.8990 - acc: 0.7142
2460/3900 [=================>............] - ETA: 1s - loss: 0.8999 - acc: 0.7138
2520/3900 [==================>...........] - ETA: 1s - loss: 0.9011 - acc: 0.7119
2580/3900 [==================>...........] - ETA: 1s - loss: 0.8998 - acc: 0.7128
2640/3900 [===================>..........] - ETA: 1s - loss: 0.8988 - acc: 0.7129
2700/3900 [===================>..........] - ETA: 1s - loss: 0.8996 - acc: 0.7133
2760/3900 [====================>.........] - ETA: 1s - loss: 0.9004 - acc: 0.7130
2810/3900 [====================>.........] - ETA: 0s - loss: 0.9020 - acc: 0.7117
2870/3900 [=====================>........] - ETA: 0s - loss: 0.9019 - acc: 0.7115
2930/3900 [=====================>........] - ETA: 0s - loss: 0.9004 - acc: 0.7133
2990/3900 [======================>.......] - ETA: 0s - loss: 0.9000 - acc: 0.7130
3050/3900 [======================>.......] - ETA: 0s - loss: 0.9011 - acc: 0.7131
3110/3900 [======================>.......] - ETA: 0s - loss: 0.8972 - acc: 0.7145
3170/3900 [=======================>......] - ETA: 0s - loss: 0.8940 - acc: 0.7161
3220/3900 [=======================>......] - ETA: 0s - loss: 0.8912 - acc: 0.7168
3280/3900 [========================>.....] - ETA: 0s - loss: 0.8904 - acc: 0.7165
3340/3900 [========================>.....] - ETA: 0s - loss: 0.8882 - acc: 0.7165
3400/3900 [=========================>....] - ETA: 0s - loss: 0.8881 - acc: 0.7159
3460/3900 [=========================>....] - ETA: 0s - loss: 0.8880 - acc: 0.7162
3520/3900 [==========================>...] - ETA: 0s - loss: 0.8859 - acc: 0.7165
3580/3900 [==========================>...] - ETA: 0s - loss: 0.8849 - acc: 0.7165
3640/3900 [===========================>..] - ETA: 0s - loss: 0.8850 - acc: 0.7173
3700/3900 [===========================>..] - ETA: 0s - loss: 0.8837 - acc: 0.7176
3760/3900 [===========================>..] - ETA: 0s - loss: 0.8802 - acc: 0.7191
3820/3900 [============================>.] - ETA: 0s - loss: 0.8785 - acc: 0.7191
3880/3900 [============================>.] - ETA: 0s - loss: 0.8757 - acc: 0.7196
3900/3900 [==============================] - 4s 914us/step - loss: 0.8745 - acc: 0.7203 - val_loss: 1.5864 - val_acc: 0.4343
Current time ....3.564
Train on 600 samples, validate on 86 samples
Epoch 1/1

 10/600 [..............................] - ETA: 0s - loss: 0.0184 - acc: 1.0000
 70/600 [==>...........................] - ETA: 0s - loss: 0.0419 - acc: 1.0000
130/600 [=====>........................] - ETA: 0s - loss: 0.0385 - acc: 1.0000
190/600 [========>.....................] - ETA: 0s - loss: 0.0423 - acc: 1.0000
250/600 [===========>..................] - ETA: 0s - loss: 0.0437 - acc: 1.0000
310/600 [==============>...............] - ETA: 0s - loss: 0.0459 - acc: 0.9968
370/600 [=================>............] - ETA: 0s - loss: 0.0461 - acc: 0.9973
430/600 [====================>.........] - ETA: 0s - loss: 0.0425 - acc: 0.9977
490/600 [=======================>......] - ETA: 0s - loss: 0.0431 - acc: 0.9980
550/600 [==========================>...] - ETA: 0s - loss: 0.0437 - acc: 0.9964
600/600 [==============================] - 1s 918us/step - loss: 0.0445 - acc: 0.9967 - val_loss: 0.3941 - val_acc: 0.9186
Current time ....0.551
Train on 1200 samples, validate on 68 samples
Epoch 1/1

  10/1200 [..............................] - ETA: 1s - loss: 0.0221 - acc: 1.0000
  70/1200 [>.............................] - ETA: 0s - loss: 0.1413 - acc: 0.9857
 130/1200 [==>...........................] - ETA: 0s - loss: 0.1212 - acc: 0.9846
 190/1200 [===>..........................] - ETA: 0s - loss: 0.1280 - acc: 0.9895
 250/1200 [=====>........................] - ETA: 0s - loss: 0.1265 - acc: 0.9840
 310/1200 [======>.......................] - ETA: 0s - loss: 0.1255 - acc: 0.9871
 370/1200 [========>.....................] - ETA: 0s - loss: 0.1300 - acc: 0.9865
 430/1200 [=========>....................] - ETA: 0s - loss: 0.1277 - acc: 0.9860
 490/1200 [===========>..................] - ETA: 0s - loss: 0.1282 - acc: 0.9857
 550/1200 [============>.................] - ETA: 0s - loss: 0.1264 - acc: 0.9855
 610/1200 [==============>...............] - ETA: 0s - loss: 0.1238 - acc: 0.9869
 670/1200 [===============>..............] - ETA: 0s - loss: 0.1268 - acc: 0.9866
 730/1200 [=================>............] - ETA: 0s - loss: 0.1260 - acc: 0.9877
 790/1200 [==================>...........] - ETA: 0s - loss: 0.1277 - acc: 0.9873
 850/1200 [====================>.........] - ETA: 0s - loss: 0.1308 - acc: 0.9847
 910/1200 [=====================>........] - ETA: 0s - loss: 0.1280 - acc: 0.9857
 970/1200 [=======================>......] - ETA: 0s - loss: 0.1256 - acc: 0.9866
1030/1200 [========================>.....] - ETA: 0s - loss: 0.1247 - acc: 0.9854
1090/1200 [==========================>...] - ETA: 0s - loss: 0.1237 - acc: 0.9862
1150/1200 [===========================>..] - ETA: 0s - loss: 0.1215 - acc: 0.9870
1200/1200 [==============================] - 1s 903us/step - loss: 0.1237 - acc: 0.9842 - val_loss: 0.7669 - val_acc: 0.7353
Current time ....1.084
Train on 3900 samples, validate on 99 samples
Epoch 1/1

  10/3900 [..............................] - ETA: 3s - loss: 0.9318 - acc: 0.7000
  60/3900 [..............................] - ETA: 3s - loss: 0.9291 - acc: 0.6833
 120/3900 [..............................] - ETA: 3s - loss: 0.8866 - acc: 0.6917
 180/3900 [>.............................] - ETA: 3s - loss: 0.8811 - acc: 0.6833
 240/3900 [>.............................] - ETA: 3s - loss: 0.8725 - acc: 0.6958
 300/3900 [=>............................] - ETA: 3s - loss: 0.8510 - acc: 0.7133
 360/3900 [=>............................] - ETA: 3s - loss: 0.8215 - acc: 0.7306
 420/3900 [==>...........................] - ETA: 3s - loss: 0.8324 - acc: 0.7310
 480/3900 [==>...........................] - ETA: 3s - loss: 0.8332 - acc: 0.7313
 540/3900 [===>..........................] - ETA: 3s - loss: 0.8206 - acc: 0.7444
 600/3900 [===>..........................] - ETA: 3s - loss: 0.8086 - acc: 0.7467
 660/3900 [====>.........................] - ETA: 2s - loss: 0.8043 - acc: 0.7439
 720/3900 [====>.........................] - ETA: 2s - loss: 0.7927 - acc: 0.7444
 780/3900 [=====>........................] - ETA: 2s - loss: 0.7937 - acc: 0.7449
 840/3900 [=====>........................] - ETA: 2s - loss: 0.7885 - acc: 0.7476
 900/3900 [=====>........................] - ETA: 2s - loss: 0.7806 - acc: 0.7500
 960/3900 [======>.......................] - ETA: 2s - loss: 0.7781 - acc: 0.7510
1020/3900 [======>.......................] - ETA: 2s - loss: 0.7764 - acc: 0.7480
1080/3900 [=======>......................] - ETA: 2s - loss: 0.7737 - acc: 0.7472
1140/3900 [=======>......................] - ETA: 2s - loss: 0.7691 - acc: 0.7482
1200/3900 [========>.....................] - ETA: 2s - loss: 0.7624 - acc: 0.7500
1260/3900 [========>.....................] - ETA: 2s - loss: 0.7589 - acc: 0.7516
1320/3900 [=========>....................] - ETA: 2s - loss: 0.7595 - acc: 0.7523
1380/3900 [=========>....................] - ETA: 2s - loss: 0.7660 - acc: 0.7493
1440/3900 [==========>...................] - ETA: 2s - loss: 0.7660 - acc: 0.7479
1500/3900 [==========>...................] - ETA: 2s - loss: 0.7615 - acc: 0.7487
1560/3900 [===========>..................] - ETA: 2s - loss: 0.7581 - acc: 0.7519
1620/3900 [===========>..................] - ETA: 2s - loss: 0.7526 - acc: 0.7549
1680/3900 [===========>..................] - ETA: 2s - loss: 0.7520 - acc: 0.7560
1740/3900 [============>.................] - ETA: 1s - loss: 0.7460 - acc: 0.7569
1800/3900 [============>.................] - ETA: 1s - loss: 0.7413 - acc: 0.7594
1860/3900 [=============>................] - ETA: 1s - loss: 0.7451 - acc: 0.7575
1920/3900 [=============>................] - ETA: 1s - loss: 0.7426 - acc: 0.7589
1980/3900 [==============>...............] - ETA: 1s - loss: 0.7417 - acc: 0.7571
2040/3900 [==============>...............] - ETA: 1s - loss: 0.7408 - acc: 0.7569
2100/3900 [===============>..............] - ETA: 1s - loss: 0.7437 - acc: 0.7533
2160/3900 [===============>..............] - ETA: 1s - loss: 0.7426 - acc: 0.7537
2220/3900 [================>.............] - ETA: 1s - loss: 0.7418 - acc: 0.7550
2280/3900 [================>.............] - ETA: 1s - loss: 0.7340 - acc: 0.7575
2340/3900 [=================>............] - ETA: 1s - loss: 0.7379 - acc: 0.7564
2400/3900 [=================>............] - ETA: 1s - loss: 0.7318 - acc: 0.7592
2460/3900 [=================>............] - ETA: 1s - loss: 0.7305 - acc: 0.7581
2520/3900 [==================>...........] - ETA: 1s - loss: 0.7273 - acc: 0.7591
2580/3900 [==================>...........] - ETA: 1s - loss: 0.7252 - acc: 0.7601
2640/3900 [===================>..........] - ETA: 1s - loss: 0.7254 - acc: 0.7602
2700/3900 [===================>..........] - ETA: 1s - loss: 0.7237 - acc: 0.7615
2760/3900 [====================>.........] - ETA: 1s - loss: 0.7212 - acc: 0.7620
2820/3900 [====================>.........] - ETA: 0s - loss: 0.7213 - acc: 0.7624
2880/3900 [=====================>........] - ETA: 0s - loss: 0.7230 - acc: 0.7625
2940/3900 [=====================>........] - ETA: 0s - loss: 0.7213 - acc: 0.7636
3000/3900 [======================>.......] - ETA: 0s - loss: 0.7232 - acc: 0.7613
3060/3900 [======================>.......] - ETA: 0s - loss: 0.7232 - acc: 0.7611
3120/3900 [=======================>......] - ETA: 0s - loss: 0.7221 - acc: 0.7609
3180/3900 [=======================>......] - ETA: 0s - loss: 0.7229 - acc: 0.7613
3240/3900 [=======================>......] - ETA: 0s - loss: 0.7210 - acc: 0.7623
3300/3900 [========================>.....] - ETA: 0s - loss: 0.7195 - acc: 0.7627
3360/3900 [========================>.....] - ETA: 0s - loss: 0.7197 - acc: 0.7625
3420/3900 [=========================>....] - ETA: 0s - loss: 0.7175 - acc: 0.7632
3480/3900 [=========================>....] - ETA: 0s - loss: 0.7149 - acc: 0.7647
3540/3900 [==========================>...] - ETA: 0s - loss: 0.7107 - acc: 0.7669
3600/3900 [==========================>...] - ETA: 0s - loss: 0.7112 - acc: 0.7656
3660/3900 [===========================>..] - ETA: 0s - loss: 0.7101 - acc: 0.7661
3720/3900 [===========================>..] - ETA: 0s - loss: 0.7082 - acc: 0.7672
3780/3900 [============================>.] - ETA: 0s - loss: 0.7079 - acc: 0.7672
3840/3900 [============================>.] - ETA: 0s - loss: 0.7067 - acc: 0.7677
3900/3900 [==============================] - 4s 911us/step - loss: 0.7054 - acc: 0.7690 - val_loss: 1.5910 - val_acc: 0.4747
Current time ....3.554
Train on 600 samples, validate on 86 samples
Epoch 1/1

 10/600 [..............................] - ETA: 0s - loss: 0.0194 - acc: 1.0000
 70/600 [==>...........................] - ETA: 0s - loss: 0.0439 - acc: 0.9857
130/600 [=====>........................] - ETA: 0s - loss: 0.0488 - acc: 0.9846
190/600 [========>.....................] - ETA: 0s - loss: 0.0438 - acc: 0.9895
250/600 [===========>..................] - ETA: 0s - loss: 0.0386 - acc: 0.9920
310/600 [==============>...............] - ETA: 0s - loss: 0.0369 - acc: 0.9935
370/600 [=================>............] - ETA: 0s - loss: 0.0359 - acc: 0.9946
430/600 [====================>.........] - ETA: 0s - loss: 0.0366 - acc: 0.9953
490/600 [=======================>......] - ETA: 0s - loss: 0.0361 - acc: 0.9959
550/600 [==========================>...] - ETA: 0s - loss: 0.0354 - acc: 0.9964
600/600 [==============================] - 1s 930us/step - loss: 0.0345 - acc: 0.9967 - val_loss: 0.4310 - val_acc: 0.9186
Current time ....0.559
Train on 1200 samples, validate on 68 samples
Epoch 1/1

  10/1200 [..............................] - ETA: 1s - loss: 0.0808 - acc: 1.0000
  70/1200 [>.............................] - ETA: 1s - loss: 0.0894 - acc: 0.9857
 130/1200 [==>...........................] - ETA: 0s - loss: 0.0767 - acc: 0.9923
 190/1200 [===>..........................] - ETA: 0s - loss: 0.0797 - acc: 0.9895
 250/1200 [=====>........................] - ETA: 0s - loss: 0.0814 - acc: 0.9920
 310/1200 [======>.......................] - ETA: 0s - loss: 0.0731 - acc: 0.9935
 370/1200 [========>.....................] - ETA: 0s - loss: 0.0847 - acc: 0.9892
 430/1200 [=========>....................] - ETA: 0s - loss: 0.0864 - acc: 0.9907
 490/1200 [===========>..................] - ETA: 0s - loss: 0.0852 - acc: 0.9918
 550/1200 [============>.................] - ETA: 0s - loss: 0.0851 - acc: 0.9909
 610/1200 [==============>...............] - ETA: 0s - loss: 0.0863 - acc: 0.9902
 670/1200 [===============>..............] - ETA: 0s - loss: 0.0840 - acc: 0.9910
 730/1200 [=================>............] - ETA: 0s - loss: 0.0831 - acc: 0.9918
 790/1200 [==================>...........] - ETA: 0s - loss: 0.0845 - acc: 0.9899
 850/1200 [====================>.........] - ETA: 0s - loss: 0.0855 - acc: 0.9906
 910/1200 [=====================>........] - ETA: 0s - loss: 0.0890 - acc: 0.9901
 970/1200 [=======================>......] - ETA: 0s - loss: 0.0879 - acc: 0.9907
1030/1200 [========================>.....] - ETA: 0s - loss: 0.0903 - acc: 0.9874
1090/1200 [==========================>...] - ETA: 0s - loss: 0.0943 - acc: 0.9853
1150/1200 [===========================>..] - ETA: 0s - loss: 0.0933 - acc: 0.9861
1200/1200 [==============================] - 1s 909us/step - loss: 0.0946 - acc: 0.9850 - val_loss: 0.7715 - val_acc: 0.7059
Current time ....1.091

32/99 [========>.....................] - ETA: 0s
99/99 [==============================] - 0s 96us/step
In EVALUATE loss:  [1.5910272628369957, 0.47474747534954187]

32/86 [==========>...................] - ETA: 0s
86/86 [==============================] - 0s 80us/step
In EVALUATE loss:  [0.43097586964451989, 0.91860465393509971]

32/68 [=============>................] - ETA: 0s
68/68 [==============================] - 0s 99us/step
In EVALUATE loss:  [0.77146775757565222, 0.70588235294117652]
Task 1 : Primary site - Macro F1 score 0.265782005189
Task 1 : Primary site - Micro F1 score 0.474747474747
Task 2 : Tumor laterality - Macro F1 score 0.918593644354
Task 2 : Tumor laterality - Micro F1 score 0.918604651163
Task 3 : Histological grade - Macro F1 score 0.521329365079
Task 3 : Histological grade - Micro F1 score 0.705882352941
Average loss:  0.931156963352
