Importing candle utils for keras
Configuration file:  /gpfs/mira-home/apeck/Modified_Benchmarks/Pilot3/P3B1/p3b1_default_model.txt
{'activation': 'relu',
 'batch_size': 10,
 'data_url': 'ftp://ftp.mcs.anl.gov/pub/candle/public/benchmarks/P3B1/',
 'drop': 0.0,
 'epochs': 10,
 'feature_names': 'Primary site:Tumor laterality:Histological grade',
 'ind_nnet_spec': [[2400, 2400, 1200, 1200],
                   [2400, 2400, 1200, 1200],
                   [2400, 2400, 1200, 1200]],
 'initialization': 'glorot_uniform',
 'learning_rate': 0.01,
 'loss': 'categorical_crossentropy',
 'metrics': 'accuracy',
 'model_name': 'p3b1',
 'n_fold': 1,
 'optimizer': 'sgd',
 'out_activation': 'softmax',
 'output_dir': '.',
 'scaling': 'none',
 'shared_nnet_spec': [1200,
                      2400,
                      3600,
                      3600,
                      3600,
                      3600,
                      3600,
                      3600,
                      3600,
                      2400],
 'shuffle': True,
 'timeout': 1800,
 'train_data': 'P3B1_data.tar.gz'}
Params:
{'activation': 'relu',
 'batch_size': 10,
 'case': 'CenterZ',
 'data_url': 'ftp://ftp.mcs.anl.gov/pub/candle/public/benchmarks/P3B1/',
 'datatype': <class 'numpy.float32'>,
 'drop': 0.0,
 'epochs': 10,
 'experiment_id': 'EXP000',
 'feature_names': 'Primary site:Tumor laterality:Histological grade',
 'fig': False,
 'gpus': [],
 'ind_nnet_spec': [[2400, 2400, 1200, 1200],
                   [2400, 2400, 1200, 1200],
                   [2400, 2400, 1200, 1200]],
 'initialization': 'glorot_uniform',
 'learning_rate': 0.01,
 'logfile': None,
 'loss': 'categorical_crossentropy',
 'metrics': 'accuracy',
 'model_name': 'p3b1',
 'n_fold': 1,
 'optimizer': 'sgd',
 'out_activation': 'softmax',
 'output_dir': '/gpfs/mira-home/apeck/CANDLE_testing/avery_modified_results/p3_1',
 'output_files': 'result0_0.csv;result1_0.csv;result2_0.csv',
 'rng_seed': 7102,
 'run_id': 'RUN000',
 'scaling': 'none',
 'shared_nnet_spec': [1200,
                      2400,
                      3600,
                      3600,
                      3600,
                      3600,
                      3600,
                      3600,
                      3600,
                      2400],
 'shuffle': False,
 'timeout': 1800,
 'train_bool': True,
 'train_data': 'P3B1_data.tar.gz',
 'train_features': 'data/task0_0_train_feature.csv;data/task1_0_train_feature.csv;data/task2_0_train_feature.csv',
 'train_truths': 'data/task0_0_train_label.csv;data/task1_0_train_label.csv;data/task2_0_train_label.csv',
 'valid_features': 'data/task0_0_test_feature.csv;data/task1_0_test_feature.csv;data/task2_0_test_feature.csv',
 'valid_truths': 'data/task0_0_test_label.csv;data/task1_0_test_label.csv;data/task2_0_test_label.csv',
 'verbose': None}
Feature names:
Primary site
Tumor laterality
Histological grade
Model:  0
_________________________________________________________________
Layer (type)                 Output Shape              Param #   
=================================================================
input (InputLayer)           (None, 400)               0         
_________________________________________________________________
indiv_layer_0_0 (Dense)      (None, 2400)              962400    
_________________________________________________________________
indiv_layer_0_1 (Dense)      (None, 2400)              5762400   
_________________________________________________________________
indiv_layer_0_2 (Dense)      (None, 1200)              2881200   
_________________________________________________________________
indiv_layer_0_3 (Dense)      (None, 1200)              1441200   
_________________________________________________________________
out_0 (Dense)                (None, 13)                15613     
=================================================================
Total params: 11,062,813
Trainable params: 11,062,813
Non-trainable params: 0
_________________________________________________________________
Model:  1
_________________________________________________________________
Layer (type)                 Output Shape              Param #   
=================================================================
input (InputLayer)           (None, 400)               0         
_________________________________________________________________
indiv_layer_1_0 (Dense)      (None, 2400)              962400    
_________________________________________________________________
indiv_layer_1_1 (Dense)      (None, 2400)              5762400   
_________________________________________________________________
indiv_layer_1_2 (Dense)      (None, 1200)              2881200   
_________________________________________________________________
indiv_layer_1_3 (Dense)      (None, 1200)              1441200   
_________________________________________________________________
out_1 (Dense)                (None, 2)                 2402      
=================================================================
Total params: 11,049,602
Trainable params: 11,049,602
Non-trainable params: 0
_________________________________________________________________
Model:  2
_________________________________________________________________
Layer (type)                 Output Shape              Param #   
=================================================================
input (InputLayer)           (None, 400)               0         
_________________________________________________________________
indiv_layer_2_0 (Dense)      (None, 2400)              962400    
_________________________________________________________________
indiv_layer_2_1 (Dense)      (None, 2400)              5762400   
_________________________________________________________________
indiv_layer_2_2 (Dense)      (None, 1200)              2881200   
_________________________________________________________________
indiv_layer_2_3 (Dense)      (None, 1200)              1441200   
_________________________________________________________________
out_2 (Dense)                (None, 4)                 4804      
=================================================================
Total params: 11,052,004
Trainable params: 11,052,004
Non-trainable params: 0
_________________________________________________________________
Train on 3900 samples, validate on 99 samples
Epoch 1/1

  10/3900 [..............................] - ETA: 15:51 - loss: 2.5671 - acc: 0.2000
  60/3900 [..............................] - ETA: 2:40 - loss: 2.5674 - acc: 0.0833 
 110/3900 [..............................] - ETA: 1:28 - loss: 2.5664 - acc: 0.1000
 160/3900 [>.............................] - ETA: 1:01 - loss: 2.5655 - acc: 0.1125
 210/3900 [>.............................] - ETA: 47s - loss: 2.5647 - acc: 0.1095 
 260/3900 [=>............................] - ETA: 38s - loss: 2.5647 - acc: 0.1115
 310/3900 [=>............................] - ETA: 32s - loss: 2.5642 - acc: 0.1194
 370/3900 [=>............................] - ETA: 27s - loss: 2.5635 - acc: 0.1270
 430/3900 [==>...........................] - ETA: 23s - loss: 2.5632 - acc: 0.1256
 490/3900 [==>...........................] - ETA: 20s - loss: 2.5629 - acc: 0.1224
 550/3900 [===>..........................] - ETA: 18s - loss: 2.5632 - acc: 0.1109
 610/3900 [===>..........................] - ETA: 16s - loss: 2.5633 - acc: 0.1082
 670/3900 [====>.........................] - ETA: 15s - loss: 2.5625 - acc: 0.1149
 730/3900 [====>.........................] - ETA: 13s - loss: 2.5626 - acc: 0.1137
 790/3900 [=====>........................] - ETA: 12s - loss: 2.5624 - acc: 0.1152
 850/3900 [=====>........................] - ETA: 11s - loss: 2.5624 - acc: 0.1165
 910/3900 [======>.......................] - ETA: 10s - loss: 2.5624 - acc: 0.1132
 970/3900 [======>.......................] - ETA: 10s - loss: 2.5621 - acc: 0.1165
1030/3900 [======>.......................] - ETA: 9s - loss: 2.5619 - acc: 0.1175 
1090/3900 [=======>......................] - ETA: 9s - loss: 2.5619 - acc: 0.1193
1150/3900 [=======>......................] - ETA: 8s - loss: 2.5616 - acc: 0.1191
1210/3900 [========>.....................] - ETA: 8s - loss: 2.5613 - acc: 0.1207
1270/3900 [========>.....................] - ETA: 7s - loss: 2.5612 - acc: 0.1220
1330/3900 [=========>....................] - ETA: 7s - loss: 2.5610 - acc: 0.1233
1390/3900 [=========>....................] - ETA: 6s - loss: 2.5605 - acc: 0.1281
1450/3900 [==========>...................] - ETA: 6s - loss: 2.5605 - acc: 0.1269
1510/3900 [==========>...................] - ETA: 6s - loss: 2.5603 - acc: 0.1285
1570/3900 [===========>..................] - ETA: 5s - loss: 2.5599 - acc: 0.1306
1630/3900 [===========>..................] - ETA: 5s - loss: 2.5595 - acc: 0.1344
1690/3900 [============>.................] - ETA: 5s - loss: 2.5595 - acc: 0.1308
1750/3900 [============>.................] - ETA: 5s - loss: 2.5593 - acc: 0.1297
1810/3900 [============>.................] - ETA: 4s - loss: 2.5593 - acc: 0.1293
1870/3900 [=============>................] - ETA: 4s - loss: 2.5593 - acc: 0.1299
1930/3900 [=============>................] - ETA: 4s - loss: 2.5590 - acc: 0.1337
1990/3900 [==============>...............] - ETA: 4s - loss: 2.5587 - acc: 0.1372
2050/3900 [==============>...............] - ETA: 3s - loss: 2.5586 - acc: 0.1385
2110/3900 [===============>..............] - ETA: 3s - loss: 2.5585 - acc: 0.1403
2170/3900 [===============>..............] - ETA: 3s - loss: 2.5584 - acc: 0.1415
2230/3900 [================>.............] - ETA: 3s - loss: 2.5581 - acc: 0.1444
2290/3900 [================>.............] - ETA: 3s - loss: 2.5580 - acc: 0.1454
2350/3900 [=================>............] - ETA: 3s - loss: 2.5577 - acc: 0.1464
2410/3900 [=================>............] - ETA: 2s - loss: 2.5574 - acc: 0.1502
2470/3900 [==================>...........] - ETA: 2s - loss: 2.5572 - acc: 0.1522
2530/3900 [==================>...........] - ETA: 2s - loss: 2.5570 - acc: 0.1534
2590/3900 [==================>...........] - ETA: 2s - loss: 2.5568 - acc: 0.1568
2650/3900 [===================>..........] - ETA: 2s - loss: 2.5566 - acc: 0.1585
2710/3900 [===================>..........] - ETA: 2s - loss: 2.5564 - acc: 0.1590
2770/3900 [====================>.........] - ETA: 2s - loss: 2.5562 - acc: 0.1606
2830/3900 [====================>.........] - ETA: 1s - loss: 2.5561 - acc: 0.1615
2890/3900 [=====================>........] - ETA: 1s - loss: 2.5558 - acc: 0.1633
2950/3900 [=====================>........] - ETA: 1s - loss: 2.5557 - acc: 0.1627
3010/3900 [======================>.......] - ETA: 1s - loss: 2.5554 - acc: 0.1654
3070/3900 [======================>.......] - ETA: 1s - loss: 2.5552 - acc: 0.1671
3130/3900 [=======================>......] - ETA: 1s - loss: 2.5550 - acc: 0.1696
3190/3900 [=======================>......] - ETA: 1s - loss: 2.5549 - acc: 0.1702
3250/3900 [========================>.....] - ETA: 1s - loss: 2.5547 - acc: 0.1738
3310/3900 [========================>.....] - ETA: 0s - loss: 2.5545 - acc: 0.1792
3370/3900 [========================>.....] - ETA: 0s - loss: 2.5542 - acc: 0.1846
3430/3900 [=========================>....] - ETA: 0s - loss: 2.5540 - acc: 0.1880
3490/3900 [=========================>....] - ETA: 0s - loss: 2.5537 - acc: 0.1928
3550/3900 [==========================>...] - ETA: 0s - loss: 2.5536 - acc: 0.1961
3610/3900 [==========================>...] - ETA: 0s - loss: 2.5534 - acc: 0.2014
3670/3900 [===========================>..] - ETA: 0s - loss: 2.5531 - acc: 0.2071
3730/3900 [===========================>..] - ETA: 0s - loss: 2.5528 - acc: 0.2102
3790/3900 [============================>.] - ETA: 0s - loss: 2.5525 - acc: 0.2148
3850/3900 [============================>.] - ETA: 0s - loss: 2.5524 - acc: 0.2166
3900/3900 [==============================] - 6s 2ms/step - loss: 2.5522 - acc: 0.2179 - val_loss: 2.5498 - val_acc: 0.1919
Current time ....6.060
Train on 600 samples, validate on 86 samples
Epoch 1/1

 10/600 [..............................] - ETA: 18s - loss: 0.7141 - acc: 0.5000
 70/600 [==>...........................] - ETA: 2s - loss: 0.6960 - acc: 0.4857 
130/600 [=====>........................] - ETA: 1s - loss: 0.6897 - acc: 0.5231
190/600 [========>.....................] - ETA: 1s - loss: 0.6827 - acc: 0.5105
250/600 [===========>..................] - ETA: 0s - loss: 0.6766 - acc: 0.5840
310/600 [==============>...............] - ETA: 0s - loss: 0.6749 - acc: 0.5935
370/600 [=================>............] - ETA: 0s - loss: 0.6689 - acc: 0.6054
430/600 [====================>.........] - ETA: 0s - loss: 0.6674 - acc: 0.6047
490/600 [=======================>......] - ETA: 0s - loss: 0.6615 - acc: 0.6347
550/600 [==========================>...] - ETA: 0s - loss: 0.6578 - acc: 0.6527
600/600 [==============================] - 1s 1ms/step - loss: 0.6559 - acc: 0.6633 - val_loss: 0.6237 - val_acc: 0.8721
Current time ....0.862
Train on 1200 samples, validate on 68 samples
Epoch 1/1

  10/1200 [..............................] - ETA: 33s - loss: 1.3903 - acc: 0.4000
  70/1200 [>.............................] - ETA: 5s - loss: 1.3882 - acc: 0.3000 
 130/1200 [==>...........................] - ETA: 3s - loss: 1.3774 - acc: 0.3385
 190/1200 [===>..........................] - ETA: 2s - loss: 1.3711 - acc: 0.3421
 250/1200 [=====>........................] - ETA: 1s - loss: 1.3691 - acc: 0.3480
 310/1200 [======>.......................] - ETA: 1s - loss: 1.3636 - acc: 0.3677
 370/1200 [========>.....................] - ETA: 1s - loss: 1.3583 - acc: 0.3784
 430/1200 [=========>....................] - ETA: 1s - loss: 1.3543 - acc: 0.3791
 490/1200 [===========>..................] - ETA: 1s - loss: 1.3481 - acc: 0.3980
 550/1200 [============>.................] - ETA: 0s - loss: 1.3411 - acc: 0.4000
 610/1200 [==============>...............] - ETA: 0s - loss: 1.3401 - acc: 0.3934
 670/1200 [===============>..............] - ETA: 0s - loss: 1.3350 - acc: 0.4015
 730/1200 [=================>............] - ETA: 0s - loss: 1.3290 - acc: 0.4205
 790/1200 [==================>...........] - ETA: 0s - loss: 1.3232 - acc: 0.4291
 850/1200 [====================>.........] - ETA: 0s - loss: 1.3178 - acc: 0.4388
 910/1200 [=====================>........] - ETA: 0s - loss: 1.3157 - acc: 0.4352
 970/1200 [=======================>......] - ETA: 0s - loss: 1.3116 - acc: 0.4454
1030/1200 [========================>.....] - ETA: 0s - loss: 1.3076 - acc: 0.4466
1090/1200 [==========================>...] - ETA: 0s - loss: 1.3003 - acc: 0.4569
1150/1200 [===========================>..] - ETA: 0s - loss: 1.2974 - acc: 0.4583
1200/1200 [==============================] - 1s 1ms/step - loss: 1.2916 - acc: 0.4650 - val_loss: 1.2743 - val_acc: 0.2941
Current time ....1.370
Train on 3900 samples, validate on 99 samples
Epoch 1/1

  10/3900 [..............................] - ETA: 3s - loss: 2.5516 - acc: 0.2000
  70/3900 [..............................] - ETA: 3s - loss: 2.5397 - acc: 0.3571
 130/3900 [>.............................] - ETA: 3s - loss: 2.5385 - acc: 0.3615
 190/3900 [>.............................] - ETA: 3s - loss: 2.5366 - acc: 0.3895
 250/3900 [>.............................] - ETA: 3s - loss: 2.5349 - acc: 0.4360
 310/3900 [=>............................] - ETA: 3s - loss: 2.5352 - acc: 0.4452
 370/3900 [=>............................] - ETA: 3s - loss: 2.5346 - acc: 0.4459
 430/3900 [==>...........................] - ETA: 3s - loss: 2.5330 - acc: 0.4651
 490/3900 [==>...........................] - ETA: 3s - loss: 2.5326 - acc: 0.4673
 550/3900 [===>..........................] - ETA: 2s - loss: 2.5318 - acc: 0.4691
 610/3900 [===>..........................] - ETA: 2s - loss: 2.5315 - acc: 0.4639
 670/3900 [====>.........................] - ETA: 2s - loss: 2.5310 - acc: 0.4672
 730/3900 [====>.........................] - ETA: 2s - loss: 2.5309 - acc: 0.4575
 790/3900 [=====>........................] - ETA: 2s - loss: 2.5309 - acc: 0.4481
 850/3900 [=====>........................] - ETA: 2s - loss: 2.5308 - acc: 0.4435
 910/3900 [======>.......................] - ETA: 2s - loss: 2.5303 - acc: 0.4363
 970/3900 [======>.......................] - ETA: 2s - loss: 2.5302 - acc: 0.4258
1030/3900 [======>.......................] - ETA: 2s - loss: 2.5300 - acc: 0.4184
1090/3900 [=======>......................] - ETA: 2s - loss: 2.5299 - acc: 0.4119
1150/3900 [=======>......................] - ETA: 2s - loss: 2.5296 - acc: 0.4104
1210/3900 [========>.....................] - ETA: 2s - loss: 2.5292 - acc: 0.4083
1270/3900 [========>.....................] - ETA: 2s - loss: 2.5291 - acc: 0.4102
1330/3900 [=========>....................] - ETA: 2s - loss: 2.5288 - acc: 0.4120
1390/3900 [=========>....................] - ETA: 2s - loss: 2.5284 - acc: 0.4173
1450/3900 [==========>...................] - ETA: 2s - loss: 2.5279 - acc: 0.4152
1510/3900 [==========>...................] - ETA: 2s - loss: 2.5276 - acc: 0.4139
1570/3900 [===========>..................] - ETA: 2s - loss: 2.5272 - acc: 0.4108
1630/3900 [===========>..................] - ETA: 2s - loss: 2.5270 - acc: 0.4031
1690/3900 [============>.................] - ETA: 1s - loss: 2.5267 - acc: 0.4012
1750/3900 [============>.................] - ETA: 1s - loss: 2.5263 - acc: 0.3977
1810/3900 [============>.................] - ETA: 1s - loss: 2.5260 - acc: 0.3934
1870/3900 [=============>................] - ETA: 1s - loss: 2.5255 - acc: 0.3941
1930/3900 [=============>................] - ETA: 1s - loss: 2.5252 - acc: 0.3886
1990/3900 [==============>...............] - ETA: 1s - loss: 2.5249 - acc: 0.3849
2050/3900 [==============>...............] - ETA: 1s - loss: 2.5245 - acc: 0.3834
2110/3900 [===============>..............] - ETA: 1s - loss: 2.5240 - acc: 0.3858
2170/3900 [===============>..............] - ETA: 1s - loss: 2.5234 - acc: 0.3903
2230/3900 [================>.............] - ETA: 1s - loss: 2.5230 - acc: 0.3901
2290/3900 [================>.............] - ETA: 1s - loss: 2.5226 - acc: 0.3921
2350/3900 [=================>............] - ETA: 1s - loss: 2.5222 - acc: 0.3898
2410/3900 [=================>............] - ETA: 1s - loss: 2.5215 - acc: 0.3950
2470/3900 [==================>...........] - ETA: 1s - loss: 2.5209 - acc: 0.3943
2530/3900 [==================>...........] - ETA: 1s - loss: 2.5205 - acc: 0.3925
2590/3900 [==================>...........] - ETA: 1s - loss: 2.5202 - acc: 0.3938
2650/3900 [===================>..........] - ETA: 1s - loss: 2.5198 - acc: 0.3932
2710/3900 [===================>..........] - ETA: 1s - loss: 2.5195 - acc: 0.3926
2770/3900 [====================>.........] - ETA: 1s - loss: 2.5190 - acc: 0.3939
2830/3900 [====================>.........] - ETA: 0s - loss: 2.5187 - acc: 0.3922
2890/3900 [=====================>........] - ETA: 0s - loss: 2.5185 - acc: 0.3920
2950/3900 [=====================>........] - ETA: 0s - loss: 2.5182 - acc: 0.3922
3010/3900 [======================>.......] - ETA: 0s - loss: 2.5178 - acc: 0.3937
3070/3900 [======================>.......] - ETA: 0s - loss: 2.5173 - acc: 0.3967
3130/3900 [=======================>......] - ETA: 0s - loss: 2.5168 - acc: 0.3987
3190/3900 [=======================>......] - ETA: 0s - loss: 2.5162 - acc: 0.4009
3250/3900 [========================>.....] - ETA: 0s - loss: 2.5158 - acc: 0.4012
3310/3900 [========================>.....] - ETA: 0s - loss: 2.5152 - acc: 0.4018
3370/3900 [========================>.....] - ETA: 0s - loss: 2.5147 - acc: 0.4030
3430/3900 [=========================>....] - ETA: 0s - loss: 2.5143 - acc: 0.4047
3490/3900 [=========================>....] - ETA: 0s - loss: 2.5138 - acc: 0.4077
3550/3900 [==========================>...] - ETA: 0s - loss: 2.5132 - acc: 0.4107
3610/3900 [==========================>...] - ETA: 0s - loss: 2.5127 - acc: 0.4133
3670/3900 [===========================>..] - ETA: 0s - loss: 2.5121 - acc: 0.4134
3730/3900 [===========================>..] - ETA: 0s - loss: 2.5115 - acc: 0.4158
3790/3900 [============================>.] - ETA: 0s - loss: 2.5109 - acc: 0.4169
3850/3900 [============================>.] - ETA: 0s - loss: 2.5103 - acc: 0.4184
3900/3900 [==============================] - 4s 901us/step - loss: 2.5098 - acc: 0.4197 - val_loss: 2.5013 - val_acc: 0.1919
Current time ....3.514
Train on 600 samples, validate on 86 samples
Epoch 1/1

 10/600 [..............................] - ETA: 0s - loss: 0.6318 - acc: 1.0000
 70/600 [==>...........................] - ETA: 0s - loss: 0.6124 - acc: 0.9143
130/600 [=====>........................] - ETA: 0s - loss: 0.6098 - acc: 0.8846
190/600 [========>.....................] - ETA: 0s - loss: 0.5998 - acc: 0.8895
250/600 [===========>..................] - ETA: 0s - loss: 0.5915 - acc: 0.9000
310/600 [==============>...............] - ETA: 0s - loss: 0.5819 - acc: 0.9129
370/600 [=================>............] - ETA: 0s - loss: 0.5701 - acc: 0.9216
430/600 [====================>.........] - ETA: 0s - loss: 0.5606 - acc: 0.9279
490/600 [=======================>......] - ETA: 0s - loss: 0.5595 - acc: 0.9306
550/600 [==========================>...] - ETA: 0s - loss: 0.5518 - acc: 0.9345
600/600 [==============================] - 1s 924us/step - loss: 0.5467 - acc: 0.9350 - val_loss: 0.5393 - val_acc: 0.8721
Current time ....0.554
Train on 1200 samples, validate on 68 samples
Epoch 1/1

  10/1200 [..............................] - ETA: 1s - loss: 1.1676 - acc: 0.7000
  70/1200 [>.............................] - ETA: 0s - loss: 1.1732 - acc: 0.6571
 130/1200 [==>...........................] - ETA: 0s - loss: 1.1413 - acc: 0.6385
 190/1200 [===>..........................] - ETA: 0s - loss: 1.1428 - acc: 0.6053
 250/1200 [=====>........................] - ETA: 0s - loss: 1.1375 - acc: 0.6000
 310/1200 [======>.......................] - ETA: 0s - loss: 1.1374 - acc: 0.6097
 370/1200 [========>.....................] - ETA: 0s - loss: 1.1309 - acc: 0.6216
 430/1200 [=========>....................] - ETA: 0s - loss: 1.1227 - acc: 0.6233
 490/1200 [===========>..................] - ETA: 0s - loss: 1.1157 - acc: 0.6184
 550/1200 [============>.................] - ETA: 0s - loss: 1.1018 - acc: 0.6309
 610/1200 [==============>...............] - ETA: 0s - loss: 1.1023 - acc: 0.6279
 670/1200 [===============>..............] - ETA: 0s - loss: 1.0940 - acc: 0.6343
 730/1200 [=================>............] - ETA: 0s - loss: 1.0893 - acc: 0.6342
 790/1200 [==================>...........] - ETA: 0s - loss: 1.0798 - acc: 0.6354
 850/1200 [====================>.........] - ETA: 0s - loss: 1.0781 - acc: 0.6388
 910/1200 [=====================>........] - ETA: 0s - loss: 1.0801 - acc: 0.6308
 970/1200 [=======================>......] - ETA: 0s - loss: 1.0712 - acc: 0.6361
1030/1200 [========================>.....] - ETA: 0s - loss: 1.0672 - acc: 0.6359
1090/1200 [==========================>...] - ETA: 0s - loss: 1.0604 - acc: 0.6349
1150/1200 [===========================>..] - ETA: 0s - loss: 1.0572 - acc: 0.6374
1200/1200 [==============================] - 1s 900us/step - loss: 1.0574 - acc: 0.6292 - val_loss: 1.1397 - val_acc: 0.4412
Current time ....1.080
Train on 3900 samples, validate on 99 samples
Epoch 1/1

  10/3900 [..............................] - ETA: 3s - loss: 2.4740 - acc: 0.4000
  70/3900 [..............................] - ETA: 3s - loss: 2.4757 - acc: 0.4143
 130/3900 [>.............................] - ETA: 3s - loss: 2.4755 - acc: 0.4308
 190/3900 [>.............................] - ETA: 3s - loss: 2.4689 - acc: 0.4789
 250/3900 [>.............................] - ETA: 3s - loss: 2.4680 - acc: 0.4640
 310/3900 [=>............................] - ETA: 3s - loss: 2.4663 - acc: 0.5032
 370/3900 [=>............................] - ETA: 3s - loss: 2.4638 - acc: 0.4973
 430/3900 [==>...........................] - ETA: 3s - loss: 2.4625 - acc: 0.5000
 490/3900 [==>...........................] - ETA: 3s - loss: 2.4627 - acc: 0.4959
 550/3900 [===>..........................] - ETA: 3s - loss: 2.4616 - acc: 0.4982
 610/3900 [===>..........................] - ETA: 2s - loss: 2.4618 - acc: 0.4902
 670/3900 [====>.........................] - ETA: 2s - loss: 2.4609 - acc: 0.4851
 730/3900 [====>.........................] - ETA: 2s - loss: 2.4597 - acc: 0.4849
 790/3900 [=====>........................] - ETA: 2s - loss: 2.4583 - acc: 0.4823
 850/3900 [=====>........................] - ETA: 2s - loss: 2.4569 - acc: 0.4800
 910/3900 [======>.......................] - ETA: 2s - loss: 2.4555 - acc: 0.4780
 970/3900 [======>.......................] - ETA: 2s - loss: 2.4546 - acc: 0.4804
1030/3900 [======>.......................] - ETA: 2s - loss: 2.4535 - acc: 0.4806
1090/3900 [=======>......................] - ETA: 2s - loss: 2.4516 - acc: 0.4844
1150/3900 [=======>......................] - ETA: 2s - loss: 2.4503 - acc: 0.4852
1210/3900 [========>.....................] - ETA: 2s - loss: 2.4492 - acc: 0.4818
1270/3900 [========>.....................] - ETA: 2s - loss: 2.4470 - acc: 0.4843
1330/3900 [=========>....................] - ETA: 2s - loss: 2.4464 - acc: 0.4782
1390/3900 [=========>....................] - ETA: 2s - loss: 2.4454 - acc: 0.4748
1450/3900 [==========>...................] - ETA: 2s - loss: 2.4435 - acc: 0.4745
1510/3900 [==========>...................] - ETA: 2s - loss: 2.4416 - acc: 0.4781
1570/3900 [===========>..................] - ETA: 2s - loss: 2.4389 - acc: 0.4834
1630/3900 [===========>..................] - ETA: 2s - loss: 2.4377 - acc: 0.4798
1690/3900 [============>.................] - ETA: 1s - loss: 2.4358 - acc: 0.4799
1750/3900 [============>.................] - ETA: 1s - loss: 2.4346 - acc: 0.4806
1810/3900 [============>.................] - ETA: 1s - loss: 2.4334 - acc: 0.4790
1870/3900 [=============>................] - ETA: 1s - loss: 2.4320 - acc: 0.4791
1930/3900 [=============>................] - ETA: 1s - loss: 2.4308 - acc: 0.4777
1990/3900 [==============>...............] - ETA: 1s - loss: 2.4298 - acc: 0.4729
2050/3900 [==============>...............] - ETA: 1s - loss: 2.4289 - acc: 0.4717
2110/3900 [===============>..............] - ETA: 1s - loss: 2.4278 - acc: 0.4687
2170/3900 [===============>..............] - ETA: 1s - loss: 2.4264 - acc: 0.4668
2230/3900 [================>.............] - ETA: 1s - loss: 2.4245 - acc: 0.4691
2290/3900 [================>.............] - ETA: 1s - loss: 2.4224 - acc: 0.4686
2350/3900 [=================>............] - ETA: 1s - loss: 2.4206 - acc: 0.4668
2410/3900 [=================>............] - ETA: 1s - loss: 2.4187 - acc: 0.4639
2470/3900 [==================>...........] - ETA: 1s - loss: 2.4172 - acc: 0.4628
2530/3900 [==================>...........] - ETA: 1s - loss: 2.4152 - acc: 0.4625
2590/3900 [==================>...........] - ETA: 1s - loss: 2.4136 - acc: 0.4583
2650/3900 [===================>..........] - ETA: 1s - loss: 2.4125 - acc: 0.4532
2710/3900 [===================>..........] - ETA: 1s - loss: 2.4104 - acc: 0.4524
2770/3900 [====================>.........] - ETA: 1s - loss: 2.4085 - acc: 0.4520
2830/3900 [====================>.........] - ETA: 0s - loss: 2.4061 - acc: 0.4537
2890/3900 [=====================>........] - ETA: 0s - loss: 2.4044 - acc: 0.4512
2950/3900 [=====================>........] - ETA: 0s - loss: 2.4031 - acc: 0.4495
3010/3900 [======================>.......] - ETA: 0s - loss: 2.4014 - acc: 0.4495
3070/3900 [======================>.......] - ETA: 0s - loss: 2.3994 - acc: 0.4489
3130/3900 [=======================>......] - ETA: 0s - loss: 2.3975 - acc: 0.4505
3190/3900 [=======================>......] - ETA: 0s - loss: 2.3953 - acc: 0.4498
3250/3900 [========================>.....] - ETA: 0s - loss: 2.3931 - acc: 0.4492
3310/3900 [========================>.....] - ETA: 0s - loss: 2.3913 - acc: 0.4495
3370/3900 [========================>.....] - ETA: 0s - loss: 2.3888 - acc: 0.4499
3430/3900 [=========================>....] - ETA: 0s - loss: 2.3867 - acc: 0.4513
3490/3900 [=========================>....] - ETA: 0s - loss: 2.3844 - acc: 0.4507
3550/3900 [==========================>...] - ETA: 0s - loss: 2.3821 - acc: 0.4501
3610/3900 [==========================>...] - ETA: 0s - loss: 2.3793 - acc: 0.4499
3670/3900 [===========================>..] - ETA: 0s - loss: 2.3771 - acc: 0.4488
3730/3900 [===========================>..] - ETA: 0s - loss: 2.3744 - acc: 0.4512
3790/3900 [============================>.] - ETA: 0s - loss: 2.3718 - acc: 0.4501
3850/3900 [============================>.] - ETA: 0s - loss: 2.3695 - acc: 0.4506
3900/3900 [==============================] - 4s 901us/step - loss: 2.3675 - acc: 0.4500 - val_loss: 2.2451 - val_acc: 0.4646
Current time ....3.512
Train on 600 samples, validate on 86 samples
Epoch 1/1

 10/600 [..............................] - ETA: 0s - loss: 0.4027 - acc: 1.0000
 70/600 [==>...........................] - ETA: 0s - loss: 0.4282 - acc: 0.9857
130/600 [=====>........................] - ETA: 0s - loss: 0.4290 - acc: 0.9769
190/600 [========>.....................] - ETA: 0s - loss: 0.4357 - acc: 0.9737
250/600 [===========>..................] - ETA: 0s - loss: 0.4298 - acc: 0.9760
310/600 [==============>...............] - ETA: 0s - loss: 0.4217 - acc: 0.9742
370/600 [=================>............] - ETA: 0s - loss: 0.4190 - acc: 0.9757
430/600 [====================>.........] - ETA: 0s - loss: 0.4147 - acc: 0.9744
490/600 [=======================>......] - ETA: 0s - loss: 0.4099 - acc: 0.9735
550/600 [==========================>...] - ETA: 0s - loss: 0.4025 - acc: 0.9745
600/600 [==============================] - 1s 929us/step - loss: 0.4001 - acc: 0.9750 - val_loss: 0.4249 - val_acc: 0.9302
Current time ....0.557
Train on 1200 samples, validate on 68 samples
Epoch 1/1

  10/1200 [..............................] - ETA: 1s - loss: 0.7597 - acc: 0.9000
  70/1200 [>.............................] - ETA: 1s - loss: 0.9115 - acc: 0.7286
 130/1200 [==>...........................] - ETA: 0s - loss: 0.9367 - acc: 0.7000
 190/1200 [===>..........................] - ETA: 0s - loss: 0.9434 - acc: 0.7000
 250/1200 [=====>........................] - ETA: 0s - loss: 0.9396 - acc: 0.6960
 310/1200 [======>.......................] - ETA: 0s - loss: 0.9213 - acc: 0.7065
 370/1200 [========>.....................] - ETA: 0s - loss: 0.9107 - acc: 0.7108
 430/1200 [=========>....................] - ETA: 0s - loss: 0.8875 - acc: 0.7186
 490/1200 [===========>..................] - ETA: 0s - loss: 0.8901 - acc: 0.7061
 550/1200 [============>.................] - ETA: 0s - loss: 0.8891 - acc: 0.7036
 610/1200 [==============>...............] - ETA: 0s - loss: 0.8771 - acc: 0.7115
 670/1200 [===============>..............] - ETA: 0s - loss: 0.8719 - acc: 0.7045
 730/1200 [=================>............] - ETA: 0s - loss: 0.8646 - acc: 0.7068
 790/1200 [==================>...........] - ETA: 0s - loss: 0.8620 - acc: 0.7076
 850/1200 [====================>.........] - ETA: 0s - loss: 0.8597 - acc: 0.7071
 910/1200 [=====================>........] - ETA: 0s - loss: 0.8584 - acc: 0.7000
 970/1200 [=======================>......] - ETA: 0s - loss: 0.8506 - acc: 0.7062
1030/1200 [========================>.....] - ETA: 0s - loss: 0.8448 - acc: 0.7068
1090/1200 [==========================>...] - ETA: 0s - loss: 0.8352 - acc: 0.7119
1150/1200 [===========================>..] - ETA: 0s - loss: 0.8274 - acc: 0.7148
1200/1200 [==============================] - 1s 908us/step - loss: 0.8231 - acc: 0.7167 - val_loss: 0.9561 - val_acc: 0.5735
Current time ....1.090
Train on 3900 samples, validate on 99 samples
Epoch 1/1

  10/3900 [..............................] - ETA: 3s - loss: 2.2283 - acc: 0.4000
  70/3900 [..............................] - ETA: 3s - loss: 2.1990 - acc: 0.5571
 130/3900 [>.............................] - ETA: 3s - loss: 2.2035 - acc: 0.4462
 190/3900 [>.............................] - ETA: 3s - loss: 2.1993 - acc: 0.4579
 250/3900 [>.............................] - ETA: 3s - loss: 2.1914 - acc: 0.4440
 310/3900 [=>............................] - ETA: 3s - loss: 2.1855 - acc: 0.4516
 370/3900 [=>............................] - ETA: 3s - loss: 2.1799 - acc: 0.4568
 430/3900 [==>...........................] - ETA: 3s - loss: 2.1775 - acc: 0.4465
 490/3900 [==>...........................] - ETA: 3s - loss: 2.1739 - acc: 0.4490
 550/3900 [===>..........................] - ETA: 3s - loss: 2.1684 - acc: 0.4455
 610/3900 [===>..........................] - ETA: 2s - loss: 2.1625 - acc: 0.4541
 670/3900 [====>.........................] - ETA: 2s - loss: 2.1582 - acc: 0.4522
 730/3900 [====>.........................] - ETA: 2s - loss: 2.1569 - acc: 0.4466
 790/3900 [=====>........................] - ETA: 2s - loss: 2.1543 - acc: 0.4481
 850/3900 [=====>........................] - ETA: 2s - loss: 2.1496 - acc: 0.4447
 910/3900 [======>.......................] - ETA: 2s - loss: 2.1472 - acc: 0.4374
 970/3900 [======>.......................] - ETA: 2s - loss: 2.1428 - acc: 0.4454
1030/3900 [======>.......................] - ETA: 2s - loss: 2.1413 - acc: 0.4466
1090/3900 [=======>......................] - ETA: 2s - loss: 2.1372 - acc: 0.4422
1150/3900 [=======>......................] - ETA: 2s - loss: 2.1336 - acc: 0.4461
1210/3900 [========>.....................] - ETA: 2s - loss: 2.1310 - acc: 0.4421
1270/3900 [========>.....................] - ETA: 2s - loss: 2.1274 - acc: 0.4433
1330/3900 [=========>....................] - ETA: 2s - loss: 2.1236 - acc: 0.4429
1390/3900 [=========>....................] - ETA: 2s - loss: 2.1182 - acc: 0.4468
1450/3900 [==========>...................] - ETA: 2s - loss: 2.1136 - acc: 0.4490
1510/3900 [==========>...................] - ETA: 2s - loss: 2.1103 - acc: 0.4483
1570/3900 [===========>..................] - ETA: 2s - loss: 2.1051 - acc: 0.4529
1630/3900 [===========>..................] - ETA: 2s - loss: 2.1023 - acc: 0.4546
1690/3900 [============>.................] - ETA: 1s - loss: 2.0976 - acc: 0.4580
1750/3900 [============>.................] - ETA: 1s - loss: 2.0944 - acc: 0.4554
1810/3900 [============>.................] - ETA: 1s - loss: 2.0895 - acc: 0.4575
1870/3900 [=============>................] - ETA: 1s - loss: 2.0858 - acc: 0.4572
1930/3900 [=============>................] - ETA: 1s - loss: 2.0844 - acc: 0.4585
1990/3900 [==============>...............] - ETA: 1s - loss: 2.0818 - acc: 0.4598
2050/3900 [==============>...............] - ETA: 1s - loss: 2.0812 - acc: 0.4576
2110/3900 [===============>..............] - ETA: 1s - loss: 2.0781 - acc: 0.4588
2170/3900 [===============>..............] - ETA: 1s - loss: 2.0741 - acc: 0.4613
2230/3900 [================>.............] - ETA: 1s - loss: 2.0715 - acc: 0.4605
2290/3900 [================>.............] - ETA: 1s - loss: 2.0690 - acc: 0.4603
2350/3900 [=================>............] - ETA: 1s - loss: 2.0668 - acc: 0.4604
2410/3900 [=================>............] - ETA: 1s - loss: 2.0633 - acc: 0.4598
2470/3900 [==================>...........] - ETA: 1s - loss: 2.0617 - acc: 0.4579
2530/3900 [==================>...........] - ETA: 1s - loss: 2.0586 - acc: 0.4581
2590/3900 [==================>...........] - ETA: 1s - loss: 2.0568 - acc: 0.4560
2650/3900 [===================>..........] - ETA: 1s - loss: 2.0539 - acc: 0.4562
2710/3900 [===================>..........] - ETA: 1s - loss: 2.0515 - acc: 0.4542
2770/3900 [====================>.........] - ETA: 1s - loss: 2.0477 - acc: 0.4509
2830/3900 [====================>.........] - ETA: 0s - loss: 2.0441 - acc: 0.4509
2890/3900 [=====================>........] - ETA: 0s - loss: 2.0418 - acc: 0.4491
2950/3900 [=====================>........] - ETA: 0s - loss: 2.0379 - acc: 0.4488
3010/3900 [======================>.......] - ETA: 0s - loss: 2.0349 - acc: 0.4485
3070/3900 [======================>.......] - ETA: 0s - loss: 2.0336 - acc: 0.4453
3130/3900 [=======================>......] - ETA: 0s - loss: 2.0308 - acc: 0.4431
3190/3900 [=======================>......] - ETA: 0s - loss: 2.0281 - acc: 0.4436
3250/3900 [========================>.....] - ETA: 0s - loss: 2.0254 - acc: 0.4425
3310/3900 [========================>.....] - ETA: 0s - loss: 2.0238 - acc: 0.4411
3370/3900 [========================>.....] - ETA: 0s - loss: 2.0215 - acc: 0.4389
3430/3900 [=========================>....] - ETA: 0s - loss: 2.0194 - acc: 0.4370
3490/3900 [=========================>....] - ETA: 0s - loss: 2.0164 - acc: 0.4341
3550/3900 [==========================>...] - ETA: 0s - loss: 2.0126 - acc: 0.4344
3610/3900 [==========================>...] - ETA: 0s - loss: 2.0107 - acc: 0.4338
3670/3900 [===========================>..] - ETA: 0s - loss: 2.0082 - acc: 0.4316
3730/3900 [===========================>..] - ETA: 0s - loss: 2.0061 - acc: 0.4314
3790/3900 [============================>.] - ETA: 0s - loss: 2.0046 - acc: 0.4314
3850/3900 [============================>.] - ETA: 0s - loss: 2.0019 - acc: 0.4325
3900/3900 [==============================] - 4s 911us/step - loss: 2.0001 - acc: 0.4338 - val_loss: 1.9842 - val_acc: 0.2222
Current time ....3.552
Train on 600 samples, validate on 86 samples
Epoch 1/1

 10/600 [..............................] - ETA: 0s - loss: 0.3876 - acc: 0.9000
 70/600 [==>...........................] - ETA: 0s - loss: 0.3455 - acc: 0.9714
130/600 [=====>........................] - ETA: 0s - loss: 0.3260 - acc: 0.9769
190/600 [========>.....................] - ETA: 0s - loss: 0.3007 - acc: 0.9842
250/600 [===========>..................] - ETA: 0s - loss: 0.2841 - acc: 0.9880
310/600 [==============>...............] - ETA: 0s - loss: 0.2853 - acc: 0.9839
370/600 [=================>............] - ETA: 0s - loss: 0.2743 - acc: 0.9838
430/600 [====================>.........] - ETA: 0s - loss: 0.2667 - acc: 0.9814
490/600 [=======================>......] - ETA: 0s - loss: 0.2573 - acc: 0.9837
550/600 [==========================>...] - ETA: 0s - loss: 0.2583 - acc: 0.9800
600/600 [==============================] - 1s 926us/step - loss: 0.2524 - acc: 0.9817 - val_loss: 0.3635 - val_acc: 0.9186
Current time ....0.556
Train on 1200 samples, validate on 68 samples
Epoch 1/1

  10/1200 [..............................] - ETA: 1s - loss: 0.8537 - acc: 0.6000
  70/1200 [>.............................] - ETA: 1s - loss: 0.7931 - acc: 0.7571
 130/1200 [==>...........................] - ETA: 0s - loss: 0.7507 - acc: 0.7692
 190/1200 [===>..........................] - ETA: 0s - loss: 0.7357 - acc: 0.7947
 250/1200 [=====>........................] - ETA: 0s - loss: 0.7292 - acc: 0.7760
 310/1200 [======>.......................] - ETA: 0s - loss: 0.7008 - acc: 0.7839
 370/1200 [========>.....................] - ETA: 0s - loss: 0.6874 - acc: 0.7892
 430/1200 [=========>....................] - ETA: 0s - loss: 0.6871 - acc: 0.7837
 490/1200 [===========>..................] - ETA: 0s - loss: 0.6888 - acc: 0.7857
 550/1200 [============>.................] - ETA: 0s - loss: 0.6811 - acc: 0.7909
 610/1200 [==============>...............] - ETA: 0s - loss: 0.6751 - acc: 0.7902
 670/1200 [===============>..............] - ETA: 0s - loss: 0.6686 - acc: 0.7925
 730/1200 [=================>............] - ETA: 0s - loss: 0.6667 - acc: 0.7890
 790/1200 [==================>...........] - ETA: 0s - loss: 0.6626 - acc: 0.7924
 850/1200 [====================>.........] - ETA: 0s - loss: 0.6561 - acc: 0.7929
 910/1200 [=====================>........] - ETA: 0s - loss: 0.6530 - acc: 0.7890
 970/1200 [=======================>......] - ETA: 0s - loss: 0.6450 - acc: 0.7897
1030/1200 [========================>.....] - ETA: 0s - loss: 0.6412 - acc: 0.7922
1090/1200 [==========================>...] - ETA: 0s - loss: 0.6358 - acc: 0.7936
1150/1200 [===========================>..] - ETA: 0s - loss: 0.6302 - acc: 0.7957
1200/1200 [==============================] - 1s 907us/step - loss: 0.6240 - acc: 0.8000 - val_loss: 0.9142 - val_acc: 0.5735
Current time ....1.089
Train on 3900 samples, validate on 99 samples
Epoch 1/1

  10/3900 [..............................] - ETA: 3s - loss: 1.8231 - acc: 0.4000
  70/3900 [..............................] - ETA: 3s - loss: 1.8674 - acc: 0.4000
 130/3900 [>.............................] - ETA: 3s - loss: 1.8247 - acc: 0.4615
 190/3900 [>.............................] - ETA: 3s - loss: 1.8165 - acc: 0.4737
 250/3900 [>.............................] - ETA: 3s - loss: 1.8168 - acc: 0.4640
 310/3900 [=>............................] - ETA: 3s - loss: 1.8161 - acc: 0.4452
 370/3900 [=>............................] - ETA: 3s - loss: 1.8201 - acc: 0.4378
 430/3900 [==>...........................] - ETA: 3s - loss: 1.8172 - acc: 0.4442
 490/3900 [==>...........................] - ETA: 3s - loss: 1.8111 - acc: 0.4510
 550/3900 [===>..........................] - ETA: 3s - loss: 1.8154 - acc: 0.4418
 610/3900 [===>..........................] - ETA: 2s - loss: 1.8179 - acc: 0.4377
 670/3900 [====>.........................] - ETA: 2s - loss: 1.8138 - acc: 0.4343
 730/3900 [====>.........................] - ETA: 2s - loss: 1.8198 - acc: 0.4397
 790/3900 [=====>........................] - ETA: 2s - loss: 1.8199 - acc: 0.4367
 850/3900 [=====>........................] - ETA: 2s - loss: 1.8208 - acc: 0.4459
 910/3900 [======>.......................] - ETA: 2s - loss: 1.8197 - acc: 0.4495
 970/3900 [======>.......................] - ETA: 2s - loss: 1.8191 - acc: 0.4443
1030/3900 [======>.......................] - ETA: 2s - loss: 1.8191 - acc: 0.4427
1090/3900 [=======>......................] - ETA: 2s - loss: 1.8159 - acc: 0.4413
1150/3900 [=======>......................] - ETA: 2s - loss: 1.8197 - acc: 0.4348
1210/3900 [========>.....................] - ETA: 2s - loss: 1.8174 - acc: 0.4364
1270/3900 [========>.....................] - ETA: 2s - loss: 1.8167 - acc: 0.4362
1330/3900 [=========>....................] - ETA: 2s - loss: 1.8183 - acc: 0.4338
1390/3900 [=========>....................] - ETA: 2s - loss: 1.8152 - acc: 0.4331
1450/3900 [==========>...................] - ETA: 2s - loss: 1.8125 - acc: 0.4352
1510/3900 [==========>...................] - ETA: 2s - loss: 1.8108 - acc: 0.4371
1570/3900 [===========>..................] - ETA: 2s - loss: 1.8094 - acc: 0.4401
1630/3900 [===========>..................] - ETA: 2s - loss: 1.8085 - acc: 0.4362
1690/3900 [============>.................] - ETA: 1s - loss: 1.8064 - acc: 0.4349
1750/3900 [============>.................] - ETA: 1s - loss: 1.8043 - acc: 0.4354
1810/3900 [============>.................] - ETA: 1s - loss: 1.8037 - acc: 0.4331
1870/3900 [=============>................] - ETA: 1s - loss: 1.8020 - acc: 0.4358
1930/3900 [=============>................] - ETA: 1s - loss: 1.8012 - acc: 0.4311
1990/3900 [==============>...............] - ETA: 1s - loss: 1.7977 - acc: 0.4312
2050/3900 [==============>...............] - ETA: 1s - loss: 1.7973 - acc: 0.4273
2110/3900 [===============>..............] - ETA: 1s - loss: 1.7966 - acc: 0.4237
2170/3900 [===============>..............] - ETA: 1s - loss: 1.7948 - acc: 0.4244
2230/3900 [================>.............] - ETA: 1s - loss: 1.7929 - acc: 0.4256
2290/3900 [================>.............] - ETA: 1s - loss: 1.7933 - acc: 0.4258
2350/3900 [=================>............] - ETA: 1s - loss: 1.7928 - acc: 0.4281
2410/3900 [=================>............] - ETA: 1s - loss: 1.7911 - acc: 0.4278
2470/3900 [==================>...........] - ETA: 1s - loss: 1.7915 - acc: 0.4263
2530/3900 [==================>...........] - ETA: 1s - loss: 1.7887 - acc: 0.4304
2590/3900 [==================>...........] - ETA: 1s - loss: 1.7857 - acc: 0.4324
2650/3900 [===================>..........] - ETA: 1s - loss: 1.7833 - acc: 0.4321
2710/3900 [===================>..........] - ETA: 1s - loss: 1.7838 - acc: 0.4269
2770/3900 [====================>.........] - ETA: 1s - loss: 1.7817 - acc: 0.4282
2830/3900 [====================>.........] - ETA: 0s - loss: 1.7817 - acc: 0.4276
2890/3900 [=====================>........] - ETA: 0s - loss: 1.7790 - acc: 0.4298
2950/3900 [=====================>........] - ETA: 0s - loss: 1.7768 - acc: 0.4292
3010/3900 [======================>.......] - ETA: 0s - loss: 1.7759 - acc: 0.4279
3070/3900 [======================>.......] - ETA: 0s - loss: 1.7742 - acc: 0.4280
3130/3900 [=======================>......] - ETA: 0s - loss: 1.7704 - acc: 0.4291
3190/3900 [=======================>......] - ETA: 0s - loss: 1.7689 - acc: 0.4295
3250/3900 [========================>.....] - ETA: 0s - loss: 1.7686 - acc: 0.4277
3310/3900 [========================>.....] - ETA: 0s - loss: 1.7668 - acc: 0.4281
3370/3900 [========================>.....] - ETA: 0s - loss: 1.7656 - acc: 0.4279
3430/3900 [=========================>....] - ETA: 0s - loss: 1.7637 - acc: 0.4294
3490/3900 [=========================>....] - ETA: 0s - loss: 1.7631 - acc: 0.4295
3550/3900 [==========================>...] - ETA: 0s - loss: 1.7605 - acc: 0.4304
3610/3900 [==========================>...] - ETA: 0s - loss: 1.7582 - acc: 0.4319
3670/3900 [===========================>..] - ETA: 0s - loss: 1.7573 - acc: 0.4322
3730/3900 [===========================>..] - ETA: 0s - loss: 1.7582 - acc: 0.4322
3790/3900 [============================>.] - ETA: 0s - loss: 1.7575 - acc: 0.4325
3850/3900 [============================>.] - ETA: 0s - loss: 1.7560 - acc: 0.4338
3900/3900 [==============================] - 4s 905us/step - loss: 1.7546 - acc: 0.4349 - val_loss: 1.8165 - val_acc: 0.3838
Current time ....3.531
Train on 600 samples, validate on 86 samples
Epoch 1/1

 10/600 [..............................] - ETA: 0s - loss: 0.2427 - acc: 1.0000
 70/600 [==>...........................] - ETA: 0s - loss: 0.2070 - acc: 0.9857
130/600 [=====>........................] - ETA: 0s - loss: 0.2056 - acc: 0.9846
190/600 [========>.....................] - ETA: 0s - loss: 0.1861 - acc: 0.9842
250/600 [===========>..................] - ETA: 0s - loss: 0.1863 - acc: 0.9880
310/600 [==============>...............] - ETA: 0s - loss: 0.1816 - acc: 0.9903
370/600 [=================>............] - ETA: 0s - loss: 0.1737 - acc: 0.9919
430/600 [====================>.........] - ETA: 0s - loss: 0.1695 - acc: 0.9907
490/600 [=======================>......] - ETA: 0s - loss: 0.1629 - acc: 0.9918
550/600 [==========================>...] - ETA: 0s - loss: 0.1619 - acc: 0.9855
600/600 [==============================] - 1s 932us/step - loss: 0.1576 - acc: 0.9867 - val_loss: 0.3763 - val_acc: 0.9186
Current time ....0.559
Train on 1200 samples, validate on 68 samples
Epoch 1/1

  10/1200 [..............................] - ETA: 1s - loss: 0.2835 - acc: 1.0000
  70/1200 [>.............................] - ETA: 1s - loss: 0.5293 - acc: 0.8571
 130/1200 [==>...........................] - ETA: 0s - loss: 0.5275 - acc: 0.8538
 190/1200 [===>..........................] - ETA: 0s - loss: 0.5251 - acc: 0.8632
 250/1200 [=====>........................] - ETA: 0s - loss: 0.5168 - acc: 0.8680
 310/1200 [======>.......................] - ETA: 0s - loss: 0.5087 - acc: 0.8645
 370/1200 [========>.....................] - ETA: 0s - loss: 0.4947 - acc: 0.8811
 430/1200 [=========>....................] - ETA: 0s - loss: 0.4944 - acc: 0.8814
 490/1200 [===========>..................] - ETA: 0s - loss: 0.5037 - acc: 0.8694
 550/1200 [============>.................] - ETA: 0s - loss: 0.4987 - acc: 0.8618
 610/1200 [==============>...............] - ETA: 0s - loss: 0.4988 - acc: 0.8607
 670/1200 [===============>..............] - ETA: 0s - loss: 0.4889 - acc: 0.8687
 730/1200 [=================>............] - ETA: 0s - loss: 0.4833 - acc: 0.8712
 790/1200 [==================>...........] - ETA: 0s - loss: 0.4761 - acc: 0.8772
 850/1200 [====================>.........] - ETA: 0s - loss: 0.4722 - acc: 0.8776
 910/1200 [=====================>........] - ETA: 0s - loss: 0.4738 - acc: 0.8769
 970/1200 [=======================>......] - ETA: 0s - loss: 0.4675 - acc: 0.8784
1030/1200 [========================>.....] - ETA: 0s - loss: 0.4687 - acc: 0.8728
1090/1200 [==========================>...] - ETA: 0s - loss: 0.4617 - acc: 0.8752
1150/1200 [===========================>..] - ETA: 0s - loss: 0.4558 - acc: 0.8748
1200/1200 [==============================] - 1s 908us/step - loss: 0.4524 - acc: 0.8758 - val_loss: 0.8542 - val_acc: 0.5882
Current time ....1.090
Train on 3900 samples, validate on 99 samples
Epoch 1/1

  10/3900 [..............................] - ETA: 3s - loss: 1.3062 - acc: 0.9000
  70/3900 [..............................] - ETA: 3s - loss: 1.6606 - acc: 0.5143
 130/3900 [>.............................] - ETA: 3s - loss: 1.6592 - acc: 0.4615
 190/3900 [>.............................] - ETA: 3s - loss: 1.6401 - acc: 0.4789
 250/3900 [>.............................] - ETA: 3s - loss: 1.6246 - acc: 0.4720
 310/3900 [=>............................] - ETA: 3s - loss: 1.6286 - acc: 0.4774
 370/3900 [=>............................] - ETA: 3s - loss: 1.6391 - acc: 0.4676
 430/3900 [==>...........................] - ETA: 3s - loss: 1.6356 - acc: 0.4791
 490/3900 [==>...........................] - ETA: 3s - loss: 1.6422 - acc: 0.4673
 550/3900 [===>..........................] - ETA: 2s - loss: 1.6402 - acc: 0.4655
 610/3900 [===>..........................] - ETA: 2s - loss: 1.6483 - acc: 0.4557
 670/3900 [====>.........................] - ETA: 2s - loss: 1.6484 - acc: 0.4507
 730/3900 [====>.........................] - ETA: 2s - loss: 1.6417 - acc: 0.4575
 790/3900 [=====>........................] - ETA: 2s - loss: 1.6451 - acc: 0.4608
 850/3900 [=====>........................] - ETA: 2s - loss: 1.6409 - acc: 0.4588
 910/3900 [======>.......................] - ETA: 2s - loss: 1.6432 - acc: 0.4637
 970/3900 [======>.......................] - ETA: 2s - loss: 1.6458 - acc: 0.4577
1030/3900 [======>.......................] - ETA: 2s - loss: 1.6437 - acc: 0.4592
1090/3900 [=======>......................] - ETA: 2s - loss: 1.6338 - acc: 0.4624
1150/3900 [=======>......................] - ETA: 2s - loss: 1.6322 - acc: 0.4652
1210/3900 [========>.....................] - ETA: 2s - loss: 1.6293 - acc: 0.4686
1270/3900 [========>.....................] - ETA: 2s - loss: 1.6285 - acc: 0.4693
1330/3900 [=========>....................] - ETA: 2s - loss: 1.6250 - acc: 0.4677
1390/3900 [=========>....................] - ETA: 2s - loss: 1.6233 - acc: 0.4669
1450/3900 [==========>...................] - ETA: 2s - loss: 1.6210 - acc: 0.4703
1510/3900 [==========>...................] - ETA: 2s - loss: 1.6241 - acc: 0.4689
1570/3900 [===========>..................] - ETA: 2s - loss: 1.6247 - acc: 0.4662
1630/3900 [===========>..................] - ETA: 2s - loss: 1.6257 - acc: 0.4675
1690/3900 [============>.................] - ETA: 1s - loss: 1.6207 - acc: 0.4716
1750/3900 [============>.................] - ETA: 1s - loss: 1.6159 - acc: 0.4749
1810/3900 [============>.................] - ETA: 1s - loss: 1.6139 - acc: 0.4757
1870/3900 [=============>................] - ETA: 1s - loss: 1.6096 - acc: 0.4797
1930/3900 [=============>................] - ETA: 1s - loss: 1.6098 - acc: 0.4782
1990/3900 [==============>...............] - ETA: 1s - loss: 1.6092 - acc: 0.4809
2050/3900 [==============>...............] - ETA: 1s - loss: 1.6092 - acc: 0.4815
2110/3900 [===============>..............] - ETA: 1s - loss: 1.6063 - acc: 0.4820
2170/3900 [===============>..............] - ETA: 1s - loss: 1.6046 - acc: 0.4862
2230/3900 [================>.............] - ETA: 1s - loss: 1.6054 - acc: 0.4874
2290/3900 [================>.............] - ETA: 1s - loss: 1.6039 - acc: 0.4891
2350/3900 [=================>............] - ETA: 1s - loss: 1.6016 - acc: 0.4919
2410/3900 [=================>............] - ETA: 1s - loss: 1.5984 - acc: 0.4950
2470/3900 [==================>...........] - ETA: 1s - loss: 1.5980 - acc: 0.4980
2530/3900 [==================>...........] - ETA: 1s - loss: 1.5954 - acc: 0.5008
2590/3900 [==================>...........] - ETA: 1s - loss: 1.5949 - acc: 0.5004
2650/3900 [===================>..........] - ETA: 1s - loss: 1.5932 - acc: 0.5011
2710/3900 [===================>..........] - ETA: 1s - loss: 1.5923 - acc: 0.5007
2770/3900 [====================>.........] - ETA: 1s - loss: 1.5945 - acc: 0.5004
2830/3900 [====================>.........] - ETA: 0s - loss: 1.5920 - acc: 0.5018
2890/3900 [=====================>........] - ETA: 0s - loss: 1.5887 - acc: 0.5042
2950/3900 [=====================>........] - ETA: 0s - loss: 1.5885 - acc: 0.5031
3010/3900 [======================>.......] - ETA: 0s - loss: 1.5879 - acc: 0.5037
3070/3900 [======================>.......] - ETA: 0s - loss: 1.5872 - acc: 0.5052
3130/3900 [=======================>......] - ETA: 0s - loss: 1.5851 - acc: 0.5061
3190/3900 [=======================>......] - ETA: 0s - loss: 1.5819 - acc: 0.5085
3250/3900 [========================>.....] - ETA: 0s - loss: 1.5816 - acc: 0.5089
3310/3900 [========================>.....] - ETA: 0s - loss: 1.5802 - acc: 0.5088
3370/3900 [========================>.....] - ETA: 0s - loss: 1.5769 - acc: 0.5107
3430/3900 [=========================>....] - ETA: 0s - loss: 1.5741 - acc: 0.5120
3490/3900 [=========================>....] - ETA: 0s - loss: 1.5717 - acc: 0.5129
3550/3900 [==========================>...] - ETA: 0s - loss: 1.5695 - acc: 0.5138
3610/3900 [==========================>...] - ETA: 0s - loss: 1.5678 - acc: 0.5139
3670/3900 [===========================>..] - ETA: 0s - loss: 1.5652 - acc: 0.5142
3730/3900 [===========================>..] - ETA: 0s - loss: 1.5599 - acc: 0.5172
3790/3900 [============================>.] - ETA: 0s - loss: 1.5576 - acc: 0.5179
3850/3900 [============================>.] - ETA: 0s - loss: 1.5553 - acc: 0.5184
3900/3900 [==============================] - 4s 900us/step - loss: 1.5519 - acc: 0.5185 - val_loss: 1.7467 - val_acc: 0.3939
Current time ....3.510
Train on 600 samples, validate on 86 samples
Epoch 1/1

 10/600 [..............................] - ETA: 0s - loss: 0.1344 - acc: 1.0000
 70/600 [==>...........................] - ETA: 0s - loss: 0.1410 - acc: 0.9857
130/600 [=====>........................] - ETA: 0s - loss: 0.1132 - acc: 0.9923
190/600 [========>.....................] - ETA: 0s - loss: 0.1187 - acc: 0.9895
250/600 [===========>..................] - ETA: 0s - loss: 0.1086 - acc: 0.9920
310/600 [==============>...............] - ETA: 0s - loss: 0.1176 - acc: 0.9903
370/600 [=================>............] - ETA: 0s - loss: 0.1124 - acc: 0.9919
430/600 [====================>.........] - ETA: 0s - loss: 0.1126 - acc: 0.9907
490/600 [=======================>......] - ETA: 0s - loss: 0.1109 - acc: 0.9898
550/600 [==========================>...] - ETA: 0s - loss: 0.1079 - acc: 0.9909
600/600 [==============================] - 1s 927us/step - loss: 0.1062 - acc: 0.9917 - val_loss: 0.3807 - val_acc: 0.9186
Current time ....0.557
Train on 1200 samples, validate on 68 samples
Epoch 1/1

  10/1200 [..............................] - ETA: 1s - loss: 0.4329 - acc: 0.8000
  70/1200 [>.............................] - ETA: 0s - loss: 0.3488 - acc: 0.9571
 130/1200 [==>...........................] - ETA: 0s - loss: 0.4156 - acc: 0.9077
 190/1200 [===>..........................] - ETA: 0s - loss: 0.3874 - acc: 0.9263
 250/1200 [=====>........................] - ETA: 0s - loss: 0.3779 - acc: 0.9160
 310/1200 [======>.......................] - ETA: 0s - loss: 0.3642 - acc: 0.9226
 370/1200 [========>.....................] - ETA: 0s - loss: 0.3576 - acc: 0.9189
 430/1200 [=========>....................] - ETA: 0s - loss: 0.3620 - acc: 0.9070
 490/1200 [===========>..................] - ETA: 0s - loss: 0.3765 - acc: 0.8959
 550/1200 [============>.................] - ETA: 0s - loss: 0.3725 - acc: 0.9000
 610/1200 [==============>...............] - ETA: 0s - loss: 0.3643 - acc: 0.9016
 670/1200 [===============>..............] - ETA: 0s - loss: 0.3579 - acc: 0.9075
 730/1200 [=================>............] - ETA: 0s - loss: 0.3470 - acc: 0.9137
 790/1200 [==================>...........] - ETA: 0s - loss: 0.3459 - acc: 0.9139
 850/1200 [====================>.........] - ETA: 0s - loss: 0.3455 - acc: 0.9118
 910/1200 [=====================>........] - ETA: 0s - loss: 0.3424 - acc: 0.9121
 970/1200 [=======================>......] - ETA: 0s - loss: 0.3373 - acc: 0.9165
1030/1200 [========================>.....] - ETA: 0s - loss: 0.3320 - acc: 0.9214
1090/1200 [==========================>...] - ETA: 0s - loss: 0.3300 - acc: 0.9229
1150/1200 [===========================>..] - ETA: 0s - loss: 0.3256 - acc: 0.9243
1200/1200 [==============================] - 1s 902us/step - loss: 0.3252 - acc: 0.9242 - val_loss: 0.6906 - val_acc: 0.6618
Current time ....1.083
Train on 3900 samples, validate on 99 samples
Epoch 1/1

  10/3900 [..............................] - ETA: 3s - loss: 1.4979 - acc: 0.4000
  70/3900 [..............................] - ETA: 3s - loss: 1.4949 - acc: 0.5429
 130/3900 [>.............................] - ETA: 3s - loss: 1.4824 - acc: 0.5385
 190/3900 [>.............................] - ETA: 3s - loss: 1.4798 - acc: 0.5368
 250/3900 [>.............................] - ETA: 3s - loss: 1.4697 - acc: 0.5440
 310/3900 [=>............................] - ETA: 3s - loss: 1.4427 - acc: 0.5516
 370/3900 [=>............................] - ETA: 3s - loss: 1.4578 - acc: 0.5351
 430/3900 [==>...........................] - ETA: 3s - loss: 1.4488 - acc: 0.5442
 490/3900 [==>...........................] - ETA: 3s - loss: 1.4303 - acc: 0.5490
 550/3900 [===>..........................] - ETA: 3s - loss: 1.4406 - acc: 0.5400
 610/3900 [===>..........................] - ETA: 2s - loss: 1.4450 - acc: 0.5377
 670/3900 [====>.........................] - ETA: 2s - loss: 1.4281 - acc: 0.5478
 730/3900 [====>.........................] - ETA: 2s - loss: 1.4232 - acc: 0.5534
 790/3900 [=====>........................] - ETA: 2s - loss: 1.4126 - acc: 0.5532
 850/3900 [=====>........................] - ETA: 2s - loss: 1.4247 - acc: 0.5435
 910/3900 [======>.......................] - ETA: 2s - loss: 1.4159 - acc: 0.5505
 970/3900 [======>.......................] - ETA: 2s - loss: 1.4155 - acc: 0.5515
1030/3900 [======>.......................] - ETA: 2s - loss: 1.4098 - acc: 0.5563
1090/3900 [=======>......................] - ETA: 2s - loss: 1.4110 - acc: 0.5541
1150/3900 [=======>......................] - ETA: 2s - loss: 1.3976 - acc: 0.5591
1210/3900 [========>.....................] - ETA: 2s - loss: 1.3956 - acc: 0.5603
1270/3900 [========>.....................] - ETA: 2s - loss: 1.3954 - acc: 0.5591
1330/3900 [=========>....................] - ETA: 2s - loss: 1.3902 - acc: 0.5594
1390/3900 [=========>....................] - ETA: 2s - loss: 1.3874 - acc: 0.5619
1450/3900 [==========>...................] - ETA: 2s - loss: 1.3811 - acc: 0.5655
1510/3900 [==========>...................] - ETA: 2s - loss: 1.3784 - acc: 0.5675
1570/3900 [===========>..................] - ETA: 2s - loss: 1.3800 - acc: 0.5675
1630/3900 [===========>..................] - ETA: 2s - loss: 1.3777 - acc: 0.5687
1690/3900 [============>.................] - ETA: 1s - loss: 1.3734 - acc: 0.5716
1750/3900 [============>.................] - ETA: 1s - loss: 1.3721 - acc: 0.5743
1810/3900 [============>.................] - ETA: 1s - loss: 1.3762 - acc: 0.5696
1870/3900 [=============>................] - ETA: 1s - loss: 1.3741 - acc: 0.5711
1930/3900 [=============>................] - ETA: 1s - loss: 1.3712 - acc: 0.5710
1990/3900 [==============>...............] - ETA: 1s - loss: 1.3687 - acc: 0.5724
2050/3900 [==============>...............] - ETA: 1s - loss: 1.3689 - acc: 0.5722
2110/3900 [===============>..............] - ETA: 1s - loss: 1.3698 - acc: 0.5725
2170/3900 [===============>..............] - ETA: 1s - loss: 1.3701 - acc: 0.5733
2230/3900 [================>.............] - ETA: 1s - loss: 1.3673 - acc: 0.5744
2290/3900 [================>.............] - ETA: 1s - loss: 1.3642 - acc: 0.5742
2350/3900 [=================>............] - ETA: 1s - loss: 1.3633 - acc: 0.5753
2410/3900 [=================>............] - ETA: 1s - loss: 1.3640 - acc: 0.5759
2470/3900 [==================>...........] - ETA: 1s - loss: 1.3621 - acc: 0.5781
2530/3900 [==================>...........] - ETA: 1s - loss: 1.3598 - acc: 0.5798
2590/3900 [==================>...........] - ETA: 1s - loss: 1.3577 - acc: 0.5826
2650/3900 [===================>..........] - ETA: 1s - loss: 1.3547 - acc: 0.5834
2710/3900 [===================>..........] - ETA: 1s - loss: 1.3489 - acc: 0.5863
2770/3900 [====================>.........] - ETA: 1s - loss: 1.3484 - acc: 0.5866
2830/3900 [====================>.........] - ETA: 0s - loss: 1.3469 - acc: 0.5869
2890/3900 [=====================>........] - ETA: 0s - loss: 1.3440 - acc: 0.5882
2950/3900 [=====================>........] - ETA: 0s - loss: 1.3412 - acc: 0.5902
3010/3900 [======================>.......] - ETA: 0s - loss: 1.3392 - acc: 0.5924
3070/3900 [======================>.......] - ETA: 0s - loss: 1.3380 - acc: 0.5925
3130/3900 [=======================>......] - ETA: 0s - loss: 1.3339 - acc: 0.5949
3190/3900 [=======================>......] - ETA: 0s - loss: 1.3317 - acc: 0.5953
3250/3900 [========================>.....] - ETA: 0s - loss: 1.3304 - acc: 0.5966
3310/3900 [========================>.....] - ETA: 0s - loss: 1.3283 - acc: 0.5973
3370/3900 [========================>.....] - ETA: 0s - loss: 1.3262 - acc: 0.5979
3430/3900 [=========================>....] - ETA: 0s - loss: 1.3256 - acc: 0.5971
3490/3900 [=========================>....] - ETA: 0s - loss: 1.3232 - acc: 0.5977
3550/3900 [==========================>...] - ETA: 0s - loss: 1.3190 - acc: 0.5992
3610/3900 [==========================>...] - ETA: 0s - loss: 1.3183 - acc: 0.5978
3670/3900 [===========================>..] - ETA: 0s - loss: 1.3210 - acc: 0.5948
3730/3900 [===========================>..] - ETA: 0s - loss: 1.3186 - acc: 0.5957
3790/3900 [============================>.] - ETA: 0s - loss: 1.3162 - acc: 0.5974
3850/3900 [============================>.] - ETA: 0s - loss: 1.3124 - acc: 0.5971
3900/3900 [==============================] - 4s 902us/step - loss: 1.3106 - acc: 0.5990 - val_loss: 1.6653 - val_acc: 0.4141
Current time ....3.517
Train on 600 samples, validate on 86 samples
Epoch 1/1

 10/600 [..............................] - ETA: 0s - loss: 0.0977 - acc: 1.0000
 70/600 [==>...........................] - ETA: 0s - loss: 0.0639 - acc: 1.0000
130/600 [=====>........................] - ETA: 0s - loss: 0.0663 - acc: 1.0000
190/600 [========>.....................] - ETA: 0s - loss: 0.0647 - acc: 1.0000
250/600 [===========>..................] - ETA: 0s - loss: 0.0637 - acc: 1.0000
310/600 [==============>...............] - ETA: 0s - loss: 0.0799 - acc: 0.9903
370/600 [=================>............] - ETA: 0s - loss: 0.0820 - acc: 0.9865
430/600 [====================>.........] - ETA: 0s - loss: 0.0783 - acc: 0.9884
490/600 [=======================>......] - ETA: 0s - loss: 0.0753 - acc: 0.9898
550/600 [==========================>...] - ETA: 0s - loss: 0.0748 - acc: 0.9909
600/600 [==============================] - 1s 930us/step - loss: 0.0744 - acc: 0.9917 - val_loss: 0.3980 - val_acc: 0.9186
Current time ....0.558
Train on 1200 samples, validate on 68 samples
Epoch 1/1

  10/1200 [..............................] - ETA: 1s - loss: 0.2556 - acc: 0.9000
  70/1200 [>.............................] - ETA: 1s - loss: 0.2470 - acc: 0.9429
 130/1200 [==>...........................] - ETA: 0s - loss: 0.2678 - acc: 0.9231
 190/1200 [===>..........................] - ETA: 0s - loss: 0.2633 - acc: 0.9316
 250/1200 [=====>........................] - ETA: 0s - loss: 0.2451 - acc: 0.9400
 310/1200 [======>.......................] - ETA: 0s - loss: 0.2560 - acc: 0.9355
 370/1200 [========>.....................] - ETA: 0s - loss: 0.2615 - acc: 0.9432
 430/1200 [=========>....................] - ETA: 0s - loss: 0.2525 - acc: 0.9488
 490/1200 [===========>..................] - ETA: 0s - loss: 0.2536 - acc: 0.9510
 550/1200 [============>.................] - ETA: 0s - loss: 0.2548 - acc: 0.9491
 610/1200 [==============>...............] - ETA: 0s - loss: 0.2498 - acc: 0.9508
 670/1200 [===============>..............] - ETA: 0s - loss: 0.2471 - acc: 0.9537
 730/1200 [=================>............] - ETA: 0s - loss: 0.2484 - acc: 0.9534
 790/1200 [==================>...........] - ETA: 0s - loss: 0.2483 - acc: 0.9506
 850/1200 [====================>.........] - ETA: 0s - loss: 0.2444 - acc: 0.9506
 910/1200 [=====================>........] - ETA: 0s - loss: 0.2433 - acc: 0.9505
 970/1200 [=======================>......] - ETA: 0s - loss: 0.2381 - acc: 0.9526
1030/1200 [========================>.....] - ETA: 0s - loss: 0.2385 - acc: 0.9515
1090/1200 [==========================>...] - ETA: 0s - loss: 0.2379 - acc: 0.9514
1150/1200 [===========================>..] - ETA: 0s - loss: 0.2374 - acc: 0.9522
1200/1200 [==============================] - 1s 905us/step - loss: 0.2373 - acc: 0.9508 - val_loss: 0.6622 - val_acc: 0.6618
Current time ....1.086
Train on 3900 samples, validate on 99 samples
Epoch 1/1

  10/3900 [..............................] - ETA: 3s - loss: 1.1270 - acc: 0.6000
  70/3900 [..............................] - ETA: 3s - loss: 1.1055 - acc: 0.7000
 130/3900 [>.............................] - ETA: 3s - loss: 1.2265 - acc: 0.6000
 190/3900 [>.............................] - ETA: 3s - loss: 1.1925 - acc: 0.6000
 250/3900 [>.............................] - ETA: 3s - loss: 1.2017 - acc: 0.5960
 310/3900 [=>............................] - ETA: 3s - loss: 1.1824 - acc: 0.6226
 370/3900 [=>............................] - ETA: 3s - loss: 1.1907 - acc: 0.6189
 430/3900 [==>...........................] - ETA: 3s - loss: 1.2015 - acc: 0.6163
 490/3900 [==>...........................] - ETA: 3s - loss: 1.1723 - acc: 0.6245
 550/3900 [===>..........................] - ETA: 3s - loss: 1.1784 - acc: 0.6218
 610/3900 [===>..........................] - ETA: 2s - loss: 1.1764 - acc: 0.6230
 670/3900 [====>.........................] - ETA: 2s - loss: 1.1772 - acc: 0.6269
 730/3900 [====>.........................] - ETA: 2s - loss: 1.1873 - acc: 0.6233
 790/3900 [=====>........................] - ETA: 2s - loss: 1.1835 - acc: 0.6329
 850/3900 [=====>........................] - ETA: 2s - loss: 1.1965 - acc: 0.6212
 910/3900 [======>.......................] - ETA: 2s - loss: 1.1922 - acc: 0.6253
 970/3900 [======>.......................] - ETA: 2s - loss: 1.1853 - acc: 0.6309
1030/3900 [======>.......................] - ETA: 2s - loss: 1.1905 - acc: 0.6301
1090/3900 [=======>......................] - ETA: 2s - loss: 1.1872 - acc: 0.6330
1150/3900 [=======>......................] - ETA: 2s - loss: 1.1821 - acc: 0.6357
1210/3900 [========>.....................] - ETA: 2s - loss: 1.1844 - acc: 0.6322
1270/3900 [========>.....................] - ETA: 2s - loss: 1.1762 - acc: 0.6354
1330/3900 [=========>....................] - ETA: 2s - loss: 1.1721 - acc: 0.6376
1390/3900 [=========>....................] - ETA: 2s - loss: 1.1752 - acc: 0.6345
1450/3900 [==========>...................] - ETA: 2s - loss: 1.1701 - acc: 0.6372
1510/3900 [==========>...................] - ETA: 2s - loss: 1.1588 - acc: 0.6424
1570/3900 [===========>..................] - ETA: 2s - loss: 1.1558 - acc: 0.6420
1630/3900 [===========>..................] - ETA: 2s - loss: 1.1460 - acc: 0.6466
1690/3900 [============>.................] - ETA: 1s - loss: 1.1483 - acc: 0.6444
1750/3900 [============>.................] - ETA: 1s - loss: 1.1500 - acc: 0.6429
1810/3900 [============>.................] - ETA: 1s - loss: 1.1517 - acc: 0.6403
1870/3900 [=============>................] - ETA: 1s - loss: 1.1496 - acc: 0.6422
1930/3900 [=============>................] - ETA: 1s - loss: 1.1417 - acc: 0.6461
1990/3900 [==============>...............] - ETA: 1s - loss: 1.1412 - acc: 0.6452
2050/3900 [==============>...............] - ETA: 1s - loss: 1.1384 - acc: 0.6478
2110/3900 [===============>..............] - ETA: 1s - loss: 1.1348 - acc: 0.6474
2170/3900 [===============>..............] - ETA: 1s - loss: 1.1327 - acc: 0.6484
2230/3900 [================>.............] - ETA: 1s - loss: 1.1282 - acc: 0.6498
2290/3900 [================>.............] - ETA: 1s - loss: 1.1257 - acc: 0.6498
2350/3900 [=================>............] - ETA: 1s - loss: 1.1193 - acc: 0.6523
2410/3900 [=================>............] - ETA: 1s - loss: 1.1133 - acc: 0.6539
2470/3900 [==================>...........] - ETA: 1s - loss: 1.1105 - acc: 0.6551
2530/3900 [==================>...........] - ETA: 1s - loss: 1.1105 - acc: 0.6549
2590/3900 [==================>...........] - ETA: 1s - loss: 1.1098 - acc: 0.6541
2650/3900 [===================>..........] - ETA: 1s - loss: 1.1085 - acc: 0.6543
2710/3900 [===================>..........] - ETA: 1s - loss: 1.1093 - acc: 0.6520
2770/3900 [====================>.........] - ETA: 1s - loss: 1.1062 - acc: 0.6538
2830/3900 [====================>.........] - ETA: 0s - loss: 1.1029 - acc: 0.6558
2890/3900 [=====================>........] - ETA: 0s - loss: 1.1013 - acc: 0.6571
2950/3900 [=====================>........] - ETA: 0s - loss: 1.1010 - acc: 0.6566
3010/3900 [======================>.......] - ETA: 0s - loss: 1.0992 - acc: 0.6561
3070/3900 [======================>.......] - ETA: 0s - loss: 1.0959 - acc: 0.6573
3130/3900 [=======================>......] - ETA: 0s - loss: 1.0954 - acc: 0.6572
3190/3900 [=======================>......] - ETA: 0s - loss: 1.0951 - acc: 0.6567
3250/3900 [========================>.....] - ETA: 0s - loss: 1.0935 - acc: 0.6572
3310/3900 [========================>.....] - ETA: 0s - loss: 1.0905 - acc: 0.6580
3370/3900 [========================>.....] - ETA: 0s - loss: 1.0908 - acc: 0.6573
3430/3900 [=========================>....] - ETA: 0s - loss: 1.0913 - acc: 0.6563
3490/3900 [=========================>....] - ETA: 0s - loss: 1.0901 - acc: 0.6564
3550/3900 [==========================>...] - ETA: 0s - loss: 1.0893 - acc: 0.6561
3610/3900 [==========================>...] - ETA: 0s - loss: 1.0869 - acc: 0.6565
3670/3900 [===========================>..] - ETA: 0s - loss: 1.0832 - acc: 0.6578
3730/3900 [===========================>..] - ETA: 0s - loss: 1.0816 - acc: 0.6582
3790/3900 [============================>.] - ETA: 0s - loss: 1.0799 - acc: 0.6588
3850/3900 [============================>.] - ETA: 0s - loss: 1.0804 - acc: 0.6590
3900/3900 [==============================] - 4s 903us/step - loss: 1.0791 - acc: 0.6592 - val_loss: 1.5415 - val_acc: 0.4444
Current time ....3.522
Train on 600 samples, validate on 86 samples
Epoch 1/1

 10/600 [..............................] - ETA: 0s - loss: 0.0144 - acc: 1.0000
 70/600 [==>...........................] - ETA: 0s - loss: 0.0488 - acc: 1.0000
130/600 [=====>........................] - ETA: 0s - loss: 0.0538 - acc: 1.0000
190/600 [========>.....................] - ETA: 0s - loss: 0.0657 - acc: 1.0000
250/600 [===========>..................] - ETA: 0s - loss: 0.0591 - acc: 1.0000
310/600 [==============>...............] - ETA: 0s - loss: 0.0554 - acc: 1.0000
370/600 [=================>............] - ETA: 0s - loss: 0.0537 - acc: 1.0000
430/600 [====================>.........] - ETA: 0s - loss: 0.0545 - acc: 1.0000
490/600 [=======================>......] - ETA: 0s - loss: 0.0547 - acc: 0.9980
550/600 [==========================>...] - ETA: 0s - loss: 0.0555 - acc: 0.9964
600/600 [==============================] - 1s 929us/step - loss: 0.0534 - acc: 0.9967 - val_loss: 0.4236 - val_acc: 0.9186
Current time ....0.558
Train on 1200 samples, validate on 68 samples
Epoch 1/1

  10/1200 [..............................] - ETA: 1s - loss: 0.2663 - acc: 0.9000
  70/1200 [>.............................] - ETA: 1s - loss: 0.1820 - acc: 0.9571
 130/1200 [==>...........................] - ETA: 0s - loss: 0.1838 - acc: 0.9692
 190/1200 [===>..........................] - ETA: 0s - loss: 0.1767 - acc: 0.9737
 250/1200 [=====>........................] - ETA: 0s - loss: 0.1868 - acc: 0.9680
 310/1200 [======>.......................] - ETA: 0s - loss: 0.1864 - acc: 0.9677
 370/1200 [========>.....................] - ETA: 0s - loss: 0.1894 - acc: 0.9676
 430/1200 [=========>....................] - ETA: 0s - loss: 0.1975 - acc: 0.9674
 490/1200 [===========>..................] - ETA: 0s - loss: 0.1943 - acc: 0.9653
 550/1200 [============>.................] - ETA: 0s - loss: 0.1913 - acc: 0.9655
 610/1200 [==============>...............] - ETA: 0s - loss: 0.1864 - acc: 0.9689
 670/1200 [===============>..............] - ETA: 0s - loss: 0.1850 - acc: 0.9687
 730/1200 [=================>............] - ETA: 0s - loss: 0.1815 - acc: 0.9685
 790/1200 [==================>...........] - ETA: 0s - loss: 0.1848 - acc: 0.9671
 850/1200 [====================>.........] - ETA: 0s - loss: 0.1838 - acc: 0.9682
 910/1200 [=====================>........] - ETA: 0s - loss: 0.1807 - acc: 0.9692
 970/1200 [=======================>......] - ETA: 0s - loss: 0.1773 - acc: 0.9691
1030/1200 [========================>.....] - ETA: 0s - loss: 0.1779 - acc: 0.9660
1090/1200 [==========================>...] - ETA: 0s - loss: 0.1754 - acc: 0.9661
1150/1200 [===========================>..] - ETA: 0s - loss: 0.1761 - acc: 0.9643
1200/1200 [==============================] - 1s 899us/step - loss: 0.1729 - acc: 0.9650 - val_loss: 0.7358 - val_acc: 0.7059
Current time ....1.079
Train on 3900 samples, validate on 99 samples
Epoch 1/1

  10/3900 [..............................] - ETA: 3s - loss: 0.9167 - acc: 0.6000
  70/3900 [..............................] - ETA: 3s - loss: 0.9739 - acc: 0.6571
 130/3900 [>.............................] - ETA: 3s - loss: 0.9404 - acc: 0.6846
 190/3900 [>.............................] - ETA: 3s - loss: 0.9189 - acc: 0.7105
 250/3900 [>.............................] - ETA: 3s - loss: 0.9601 - acc: 0.6960
 310/3900 [=>............................] - ETA: 3s - loss: 0.9445 - acc: 0.7032
 370/3900 [=>............................] - ETA: 3s - loss: 0.9598 - acc: 0.7000
 430/3900 [==>...........................] - ETA: 3s - loss: 0.9381 - acc: 0.7047
 490/3900 [==>...........................] - ETA: 3s - loss: 0.9199 - acc: 0.7102
 550/3900 [===>..........................] - ETA: 3s - loss: 0.9110 - acc: 0.7145
 610/3900 [===>..........................] - ETA: 2s - loss: 0.9070 - acc: 0.7246
 670/3900 [====>.........................] - ETA: 2s - loss: 0.9245 - acc: 0.7209
 730/3900 [====>.........................] - ETA: 2s - loss: 0.9260 - acc: 0.7178
 790/3900 [=====>........................] - ETA: 2s - loss: 0.9455 - acc: 0.7076
 850/3900 [=====>........................] - ETA: 2s - loss: 0.9373 - acc: 0.7094
 910/3900 [======>.......................] - ETA: 2s - loss: 0.9380 - acc: 0.7110
 970/3900 [======>.......................] - ETA: 2s - loss: 0.9407 - acc: 0.7113
1030/3900 [======>.......................] - ETA: 2s - loss: 0.9476 - acc: 0.7058
1090/3900 [=======>......................] - ETA: 2s - loss: 0.9408 - acc: 0.7110
1150/3900 [=======>......................] - ETA: 2s - loss: 0.9435 - acc: 0.7070
1210/3900 [========>.....................] - ETA: 2s - loss: 0.9377 - acc: 0.7107
1270/3900 [========>.....................] - ETA: 2s - loss: 0.9330 - acc: 0.7134
1330/3900 [=========>....................] - ETA: 2s - loss: 0.9275 - acc: 0.7165
1390/3900 [=========>....................] - ETA: 2s - loss: 0.9256 - acc: 0.7165
1450/3900 [==========>...................] - ETA: 2s - loss: 0.9267 - acc: 0.7159
1510/3900 [==========>...................] - ETA: 2s - loss: 0.9244 - acc: 0.7166
1570/3900 [===========>..................] - ETA: 2s - loss: 0.9181 - acc: 0.7185
1630/3900 [===========>..................] - ETA: 2s - loss: 0.9202 - acc: 0.7178
1690/3900 [============>.................] - ETA: 1s - loss: 0.9185 - acc: 0.7195
1750/3900 [============>.................] - ETA: 1s - loss: 0.9135 - acc: 0.7246
1810/3900 [============>.................] - ETA: 1s - loss: 0.9094 - acc: 0.7276
1870/3900 [=============>................] - ETA: 1s - loss: 0.9111 - acc: 0.7251
1930/3900 [=============>................] - ETA: 1s - loss: 0.9092 - acc: 0.7264
1990/3900 [==============>...............] - ETA: 1s - loss: 0.9086 - acc: 0.7286
2050/3900 [==============>...............] - ETA: 1s - loss: 0.9113 - acc: 0.7268
2110/3900 [===============>..............] - ETA: 1s - loss: 0.9107 - acc: 0.7232
2170/3900 [===============>..............] - ETA: 1s - loss: 0.9093 - acc: 0.7235
2230/3900 [================>.............] - ETA: 1s - loss: 0.9085 - acc: 0.7220
2290/3900 [================>.............] - ETA: 1s - loss: 0.9106 - acc: 0.7188
2350/3900 [=================>............] - ETA: 1s - loss: 0.9069 - acc: 0.7200
2410/3900 [=================>............] - ETA: 1s - loss: 0.9078 - acc: 0.7199
2470/3900 [==================>...........] - ETA: 1s - loss: 0.9082 - acc: 0.7198
2530/3900 [==================>...........] - ETA: 1s - loss: 0.9076 - acc: 0.7198
2590/3900 [==================>...........] - ETA: 1s - loss: 0.9069 - acc: 0.7201
2650/3900 [===================>..........] - ETA: 1s - loss: 0.9018 - acc: 0.7219
2710/3900 [===================>..........] - ETA: 1s - loss: 0.9003 - acc: 0.7218
2770/3900 [====================>.........] - ETA: 1s - loss: 0.9005 - acc: 0.7235
2830/3900 [====================>.........] - ETA: 0s - loss: 0.8987 - acc: 0.7233
2890/3900 [=====================>........] - ETA: 0s - loss: 0.8998 - acc: 0.7225
2950/3900 [=====================>........] - ETA: 0s - loss: 0.8973 - acc: 0.7231
3010/3900 [======================>.......] - ETA: 0s - loss: 0.8960 - acc: 0.7233
3070/3900 [======================>.......] - ETA: 0s - loss: 0.8929 - acc: 0.7241
3130/3900 [=======================>......] - ETA: 0s - loss: 0.8908 - acc: 0.7249
3190/3900 [=======================>......] - ETA: 0s - loss: 0.8889 - acc: 0.7251
3250/3900 [========================>.....] - ETA: 0s - loss: 0.8895 - acc: 0.7246
3310/3900 [========================>.....] - ETA: 0s - loss: 0.8882 - acc: 0.7248
3370/3900 [========================>.....] - ETA: 0s - loss: 0.8869 - acc: 0.7258
3430/3900 [=========================>....] - ETA: 0s - loss: 0.8843 - acc: 0.7262
3490/3900 [=========================>....] - ETA: 0s - loss: 0.8830 - acc: 0.7252
3550/3900 [==========================>...] - ETA: 0s - loss: 0.8817 - acc: 0.7256
3610/3900 [==========================>...] - ETA: 0s - loss: 0.8799 - acc: 0.7263
3670/3900 [===========================>..] - ETA: 0s - loss: 0.8780 - acc: 0.7272
3730/3900 [===========================>..] - ETA: 0s - loss: 0.8741 - acc: 0.7287
3790/3900 [============================>.] - ETA: 0s - loss: 0.8741 - acc: 0.7288
3850/3900 [============================>.] - ETA: 0s - loss: 0.8730 - acc: 0.7281
3900/3900 [==============================] - 4s 902us/step - loss: 0.8736 - acc: 0.7277 - val_loss: 1.5659 - val_acc: 0.4343
Current time ....3.518
Train on 600 samples, validate on 86 samples
Epoch 1/1

 10/600 [..............................] - ETA: 0s - loss: 0.0227 - acc: 1.0000
 70/600 [==>...........................] - ETA: 0s - loss: 0.0310 - acc: 1.0000
130/600 [=====>........................] - ETA: 0s - loss: 0.0329 - acc: 1.0000
190/600 [========>.....................] - ETA: 0s - loss: 0.0377 - acc: 1.0000
250/600 [===========>..................] - ETA: 0s - loss: 0.0444 - acc: 0.9960
310/600 [==============>...............] - ETA: 0s - loss: 0.0453 - acc: 0.9968
370/600 [=================>............] - ETA: 0s - loss: 0.0481 - acc: 0.9973
430/600 [====================>.........] - ETA: 0s - loss: 0.0444 - acc: 0.9977
490/600 [=======================>......] - ETA: 0s - loss: 0.0448 - acc: 0.9959
550/600 [==========================>...] - ETA: 0s - loss: 0.0440 - acc: 0.9964
600/600 [==============================] - 1s 936us/step - loss: 0.0423 - acc: 0.9967 - val_loss: 0.4270 - val_acc: 0.9186
Current time ....0.562
Train on 1200 samples, validate on 68 samples
Epoch 1/1

  10/1200 [..............................] - ETA: 1s - loss: 0.1731 - acc: 1.0000
  70/1200 [>.............................] - ETA: 1s - loss: 0.1196 - acc: 0.9714
 130/1200 [==>...........................] - ETA: 0s - loss: 0.1375 - acc: 0.9692
 190/1200 [===>..........................] - ETA: 0s - loss: 0.1359 - acc: 0.9789
 250/1200 [=====>........................] - ETA: 0s - loss: 0.1260 - acc: 0.9840
 310/1200 [======>.......................] - ETA: 0s - loss: 0.1225 - acc: 0.9871
 370/1200 [========>.....................] - ETA: 0s - loss: 0.1236 - acc: 0.9865
 430/1200 [=========>....................] - ETA: 0s - loss: 0.1223 - acc: 0.9884
 490/1200 [===========>..................] - ETA: 0s - loss: 0.1199 - acc: 0.9898
 550/1200 [============>.................] - ETA: 0s - loss: 0.1193 - acc: 0.9891
 610/1200 [==============>...............] - ETA: 0s - loss: 0.1183 - acc: 0.9902
 670/1200 [===============>..............] - ETA: 0s - loss: 0.1248 - acc: 0.9866
 730/1200 [=================>............] - ETA: 0s - loss: 0.1286 - acc: 0.9863
 790/1200 [==================>...........] - ETA: 0s - loss: 0.1311 - acc: 0.9835
 850/1200 [====================>.........] - ETA: 0s - loss: 0.1341 - acc: 0.9824
 910/1200 [=====================>........] - ETA: 0s - loss: 0.1316 - acc: 0.9835
 970/1200 [=======================>......] - ETA: 0s - loss: 0.1299 - acc: 0.9835
1030/1200 [========================>.....] - ETA: 0s - loss: 0.1277 - acc: 0.9835
1090/1200 [==========================>...] - ETA: 0s - loss: 0.1250 - acc: 0.9844
1150/1200 [===========================>..] - ETA: 0s - loss: 0.1230 - acc: 0.9843
1200/1200 [==============================] - 1s 908us/step - loss: 0.1218 - acc: 0.9850 - val_loss: 0.8383 - val_acc: 0.6912
Current time ....1.090
Train on 3900 samples, validate on 99 samples
Epoch 1/1

  10/3900 [..............................] - ETA: 3s - loss: 0.6815 - acc: 0.9000
  70/3900 [..............................] - ETA: 3s - loss: 0.8297 - acc: 0.7143
 130/3900 [>.............................] - ETA: 3s - loss: 0.7986 - acc: 0.7308
 190/3900 [>.............................] - ETA: 3s - loss: 0.8215 - acc: 0.7263
 250/3900 [>.............................] - ETA: 3s - loss: 0.8168 - acc: 0.7480
 310/3900 [=>............................] - ETA: 3s - loss: 0.7994 - acc: 0.7645
 370/3900 [=>............................] - ETA: 3s - loss: 0.7665 - acc: 0.7757
 430/3900 [==>...........................] - ETA: 3s - loss: 0.7749 - acc: 0.7721
 490/3900 [==>...........................] - ETA: 3s - loss: 0.7802 - acc: 0.7673
 550/3900 [===>..........................] - ETA: 3s - loss: 0.7748 - acc: 0.7655
 610/3900 [===>..........................] - ETA: 2s - loss: 0.7659 - acc: 0.7656
 670/3900 [====>.........................] - ETA: 2s - loss: 0.7652 - acc: 0.7642
 730/3900 [====>.........................] - ETA: 2s - loss: 0.7649 - acc: 0.7603
 790/3900 [=====>........................] - ETA: 2s - loss: 0.7606 - acc: 0.7620
 850/3900 [=====>........................] - ETA: 2s - loss: 0.7545 - acc: 0.7671
 910/3900 [======>.......................] - ETA: 2s - loss: 0.7610 - acc: 0.7626
 970/3900 [======>.......................] - ETA: 2s - loss: 0.7598 - acc: 0.7639
1030/3900 [======>.......................] - ETA: 2s - loss: 0.7549 - acc: 0.7670
1090/3900 [=======>......................] - ETA: 2s - loss: 0.7593 - acc: 0.7624
1150/3900 [=======>......................] - ETA: 2s - loss: 0.7554 - acc: 0.7635
1210/3900 [========>.....................] - ETA: 2s - loss: 0.7578 - acc: 0.7620
1270/3900 [========>.....................] - ETA: 2s - loss: 0.7584 - acc: 0.7614
1330/3900 [=========>....................] - ETA: 2s - loss: 0.7602 - acc: 0.7594
1390/3900 [=========>....................] - ETA: 2s - loss: 0.7547 - acc: 0.7633
1450/3900 [==========>...................] - ETA: 2s - loss: 0.7514 - acc: 0.7634
1510/3900 [==========>...................] - ETA: 2s - loss: 0.7561 - acc: 0.7616
1570/3900 [===========>..................] - ETA: 2s - loss: 0.7551 - acc: 0.7618
1630/3900 [===========>..................] - ETA: 2s - loss: 0.7511 - acc: 0.7638
1690/3900 [============>.................] - ETA: 1s - loss: 0.7512 - acc: 0.7621
1750/3900 [============>.................] - ETA: 1s - loss: 0.7477 - acc: 0.7623
1810/3900 [============>.................] - ETA: 1s - loss: 0.7464 - acc: 0.7613
1870/3900 [=============>................] - ETA: 1s - loss: 0.7435 - acc: 0.7626
1930/3900 [=============>................] - ETA: 1s - loss: 0.7381 - acc: 0.7632
1990/3900 [==============>...............] - ETA: 1s - loss: 0.7359 - acc: 0.7628
2050/3900 [==============>...............] - ETA: 1s - loss: 0.7336 - acc: 0.7639
2110/3900 [===============>..............] - ETA: 1s - loss: 0.7307 - acc: 0.7645
2170/3900 [===============>..............] - ETA: 1s - loss: 0.7279 - acc: 0.7659
2230/3900 [================>.............] - ETA: 1s - loss: 0.7250 - acc: 0.7686
2290/3900 [================>.............] - ETA: 1s - loss: 0.7261 - acc: 0.7690
2350/3900 [=================>............] - ETA: 1s - loss: 0.7227 - acc: 0.7694
2410/3900 [=================>............] - ETA: 1s - loss: 0.7234 - acc: 0.7693
2470/3900 [==================>...........] - ETA: 1s - loss: 0.7210 - acc: 0.7709
2530/3900 [==================>...........] - ETA: 1s - loss: 0.7158 - acc: 0.7727
2590/3900 [==================>...........] - ETA: 1s - loss: 0.7162 - acc: 0.7710
2650/3900 [===================>..........] - ETA: 1s - loss: 0.7165 - acc: 0.7702
2710/3900 [===================>..........] - ETA: 1s - loss: 0.7139 - acc: 0.7712
2770/3900 [====================>.........] - ETA: 1s - loss: 0.7153 - acc: 0.7697
2830/3900 [====================>.........] - ETA: 0s - loss: 0.7141 - acc: 0.7689
2890/3900 [=====================>........] - ETA: 0s - loss: 0.7148 - acc: 0.7685
2950/3900 [=====================>........] - ETA: 0s - loss: 0.7167 - acc: 0.7671
3010/3900 [======================>.......] - ETA: 0s - loss: 0.7147 - acc: 0.7678
3070/3900 [======================>.......] - ETA: 0s - loss: 0.7132 - acc: 0.7681
3130/3900 [=======================>......] - ETA: 0s - loss: 0.7135 - acc: 0.7674
3190/3900 [=======================>......] - ETA: 0s - loss: 0.7128 - acc: 0.7677
3250/3900 [========================>.....] - ETA: 0s - loss: 0.7114 - acc: 0.7683
3310/3900 [========================>.....] - ETA: 0s - loss: 0.7137 - acc: 0.7668
3370/3900 [========================>.....] - ETA: 0s - loss: 0.7174 - acc: 0.7641
3430/3900 [=========================>....] - ETA: 0s - loss: 0.7192 - acc: 0.7621
3490/3900 [=========================>....] - ETA: 0s - loss: 0.7176 - acc: 0.7619
3550/3900 [==========================>...] - ETA: 0s - loss: 0.7153 - acc: 0.7631
3610/3900 [==========================>...] - ETA: 0s - loss: 0.7134 - acc: 0.7632
3670/3900 [===========================>..] - ETA: 0s - loss: 0.7122 - acc: 0.7635
3730/3900 [===========================>..] - ETA: 0s - loss: 0.7136 - acc: 0.7635
3790/3900 [============================>.] - ETA: 0s - loss: 0.7139 - acc: 0.7633
3850/3900 [============================>.] - ETA: 0s - loss: 0.7151 - acc: 0.7634
3900/3900 [==============================] - 4s 904us/step - loss: 0.7142 - acc: 0.7633 - val_loss: 1.5478 - val_acc: 0.4444
Current time ....3.524
Train on 600 samples, validate on 86 samples
Epoch 1/1

 10/600 [..............................] - ETA: 0s - loss: 0.0487 - acc: 1.0000
 70/600 [==>...........................] - ETA: 0s - loss: 0.0333 - acc: 1.0000
130/600 [=====>........................] - ETA: 0s - loss: 0.0358 - acc: 1.0000
190/600 [========>.....................] - ETA: 0s - loss: 0.0368 - acc: 1.0000
250/600 [===========>..................] - ETA: 0s - loss: 0.0347 - acc: 1.0000
310/600 [==============>...............] - ETA: 0s - loss: 0.0330 - acc: 1.0000
370/600 [=================>............] - ETA: 0s - loss: 0.0333 - acc: 0.9973
430/600 [====================>.........] - ETA: 0s - loss: 0.0320 - acc: 0.9977
490/600 [=======================>......] - ETA: 0s - loss: 0.0322 - acc: 0.9980
550/600 [==========================>...] - ETA: 0s - loss: 0.0316 - acc: 0.9982
600/600 [==============================] - 1s 938us/step - loss: 0.0331 - acc: 0.9983 - val_loss: 0.4547 - val_acc: 0.9186
Current time ....0.563
Train on 1200 samples, validate on 68 samples
Epoch 1/1

  10/1200 [..............................] - ETA: 1s - loss: 0.0479 - acc: 1.0000
  70/1200 [>.............................] - ETA: 0s - loss: 0.1063 - acc: 0.9571
 130/1200 [==>...........................] - ETA: 0s - loss: 0.1067 - acc: 0.9692
 190/1200 [===>..........................] - ETA: 0s - loss: 0.1034 - acc: 0.9737
 250/1200 [=====>........................] - ETA: 0s - loss: 0.0936 - acc: 0.9800
 310/1200 [======>.......................] - ETA: 0s - loss: 0.0942 - acc: 0.9806
 370/1200 [========>.....................] - ETA: 0s - loss: 0.0932 - acc: 0.9811
 430/1200 [=========>....................] - ETA: 0s - loss: 0.0908 - acc: 0.9814
 490/1200 [===========>..................] - ETA: 0s - loss: 0.0910 - acc: 0.9837
 550/1200 [============>.................] - ETA: 0s - loss: 0.0897 - acc: 0.9855
 610/1200 [==============>...............] - ETA: 0s - loss: 0.0882 - acc: 0.9869
 670/1200 [===============>..............] - ETA: 0s - loss: 0.0884 - acc: 0.9866
 730/1200 [=================>............] - ETA: 0s - loss: 0.0884 - acc: 0.9863
 790/1200 [==================>...........] - ETA: 0s - loss: 0.0904 - acc: 0.9848
 850/1200 [====================>.........] - ETA: 0s - loss: 0.0920 - acc: 0.9847
 910/1200 [=====================>........] - ETA: 0s - loss: 0.0908 - acc: 0.9857
 970/1200 [=======================>......] - ETA: 0s - loss: 0.0885 - acc: 0.9866
1030/1200 [========================>.....] - ETA: 0s - loss: 0.0875 - acc: 0.9874
1090/1200 [==========================>...] - ETA: 0s - loss: 0.0876 - acc: 0.9881
1150/1200 [===========================>..] - ETA: 0s - loss: 0.0875 - acc: 0.9878
1200/1200 [==============================] - 1s 907us/step - loss: 0.0877 - acc: 0.9883 - val_loss: 0.7834 - val_acc: 0.6912
Current time ....1.089

32/99 [========>.....................] - ETA: 0s
99/99 [==============================] - 0s 97us/step
In EVALUATE loss:  [1.5478334727913443, 0.44444444504651154]

32/86 [==========>...................] - ETA: 0s
86/86 [==============================] - 0s 85us/step
In EVALUATE loss:  [0.45471824185792792, 0.91860465393509971]

32/68 [=============>................] - ETA: 0s
68/68 [==============================] - 0s 99us/step
In EVALUATE loss:  [0.78336115795023298, 0.69117647058823528]
Task 1 : Primary site - Macro F1 score 0.229917306216
Task 1 : Primary site - Micro F1 score 0.444444444444
Task 2 : Tumor laterality - Macro F1 score 0.918593644354
Task 2 : Tumor laterality - Micro F1 score 0.918604651163
Task 3 : Histological grade - Macro F1 score 0.538265306122
Task 3 : Histological grade - Micro F1 score 0.691176470588
Average loss:  0.9286376242
