Importing candle utils for keras
Configuration file:  /gpfs/mira-home/apeck/Modified_Benchmarks/Pilot3/P3B1/p3b1_default_model.txt
{'activation': 'relu',
 'batch_size': 10,
 'data_url': 'ftp://ftp.mcs.anl.gov/pub/candle/public/benchmarks/P3B1/',
 'drop': 0.0,
 'epochs': 10,
 'feature_names': 'Primary site:Tumor laterality:Histological grade',
 'ind_nnet_spec': [[2400, 2400, 1200, 1200],
                   [2400, 2400, 1200, 1200],
                   [2400, 2400, 1200, 1200]],
 'initialization': 'glorot_uniform',
 'learning_rate': 0.01,
 'loss': 'categorical_crossentropy',
 'metrics': 'accuracy',
 'model_name': 'p3b1',
 'n_fold': 1,
 'optimizer': 'sgd',
 'out_activation': 'softmax',
 'output_dir': '.',
 'scaling': 'none',
 'shared_nnet_spec': [1200,
                      2400,
                      3600,
                      3600,
                      3600,
                      3600,
                      3600,
                      3600,
                      3600,
                      2400],
 'shuffle': True,
 'timeout': 1800,
 'train_data': 'P3B1_data.tar.gz'}
Params:
{'activation': 'relu',
 'batch_size': 10,
 'case': 'CenterZ',
 'data_url': 'ftp://ftp.mcs.anl.gov/pub/candle/public/benchmarks/P3B1/',
 'datatype': <class 'numpy.float32'>,
 'drop': 0.0,
 'epochs': 10,
 'experiment_id': 'EXP000',
 'feature_names': 'Primary site:Tumor laterality:Histological grade',
 'fig': False,
 'gpus': [],
 'ind_nnet_spec': [[2400, 2400, 1200, 1200],
                   [2400, 2400, 1200, 1200],
                   [2400, 2400, 1200, 1200]],
 'initialization': 'glorot_uniform',
 'learning_rate': 0.01,
 'logfile': None,
 'loss': 'categorical_crossentropy',
 'metrics': 'accuracy',
 'model_name': 'p3b1',
 'n_fold': 1,
 'optimizer': 'sgd',
 'out_activation': 'softmax',
 'output_dir': '/gpfs/mira-home/apeck/CANDLE_testing/avery_modified_results/p3_1',
 'output_files': 'result0_0.csv;result1_0.csv;result2_0.csv',
 'rng_seed': 7102,
 'run_id': 'RUN000',
 'scaling': 'none',
 'shared_nnet_spec': [1200,
                      2400,
                      3600,
                      3600,
                      3600,
                      3600,
                      3600,
                      3600,
                      3600,
                      2400],
 'shuffle': False,
 'timeout': 1800,
 'train_bool': True,
 'train_data': 'P3B1_data.tar.gz',
 'train_features': 'data/task0_0_train_feature.csv;data/task1_0_train_feature.csv;data/task2_0_train_feature.csv',
 'train_truths': 'data/task0_0_train_label.csv;data/task1_0_train_label.csv;data/task2_0_train_label.csv',
 'valid_features': 'data/task0_0_test_feature.csv;data/task1_0_test_feature.csv;data/task2_0_test_feature.csv',
 'valid_truths': 'data/task0_0_test_label.csv;data/task1_0_test_label.csv;data/task2_0_test_label.csv',
 'verbose': None}
Feature names:
Primary site
Tumor laterality
Histological grade
Model:  0
_________________________________________________________________
Layer (type)                 Output Shape              Param #   
=================================================================
input (InputLayer)           (None, 400)               0         
_________________________________________________________________
indiv_layer_0_0 (Dense)      (None, 2400)              962400    
_________________________________________________________________
indiv_layer_0_1 (Dense)      (None, 2400)              5762400   
_________________________________________________________________
indiv_layer_0_2 (Dense)      (None, 1200)              2881200   
_________________________________________________________________
indiv_layer_0_3 (Dense)      (None, 1200)              1441200   
_________________________________________________________________
out_0 (Dense)                (None, 13)                15613     
=================================================================
Total params: 11,062,813
Trainable params: 11,062,813
Non-trainable params: 0
_________________________________________________________________
Model:  1
_________________________________________________________________
Layer (type)                 Output Shape              Param #   
=================================================================
input (InputLayer)           (None, 400)               0         
_________________________________________________________________
indiv_layer_1_0 (Dense)      (None, 2400)              962400    
_________________________________________________________________
indiv_layer_1_1 (Dense)      (None, 2400)              5762400   
_________________________________________________________________
indiv_layer_1_2 (Dense)      (None, 1200)              2881200   
_________________________________________________________________
indiv_layer_1_3 (Dense)      (None, 1200)              1441200   
_________________________________________________________________
out_1 (Dense)                (None, 2)                 2402      
=================================================================
Total params: 11,049,602
Trainable params: 11,049,602
Non-trainable params: 0
_________________________________________________________________
Model:  2
_________________________________________________________________
Layer (type)                 Output Shape              Param #   
=================================================================
input (InputLayer)           (None, 400)               0         
_________________________________________________________________
indiv_layer_2_0 (Dense)      (None, 2400)              962400    
_________________________________________________________________
indiv_layer_2_1 (Dense)      (None, 2400)              5762400   
_________________________________________________________________
indiv_layer_2_2 (Dense)      (None, 1200)              2881200   
_________________________________________________________________
indiv_layer_2_3 (Dense)      (None, 1200)              1441200   
_________________________________________________________________
out_2 (Dense)                (None, 4)                 4804      
=================================================================
Total params: 11,052,004
Trainable params: 11,052,004
Non-trainable params: 0
_________________________________________________________________
Train on 3900 samples, validate on 99 samples
Epoch 1/1

  10/3900 [..............................] - ETA: 10:50 - loss: 2.5648 - acc: 0.1000
  60/3900 [..............................] - ETA: 1:50 - loss: 2.5658 - acc: 0.1000 
 110/3900 [..............................] - ETA: 1:01 - loss: 2.5647 - acc: 0.1182
 160/3900 [>.............................] - ETA: 43s - loss: 2.5644 - acc: 0.1250 
 210/3900 [>.............................] - ETA: 33s - loss: 2.5648 - acc: 0.1286
 260/3900 [=>............................] - ETA: 27s - loss: 2.5648 - acc: 0.1231
 310/3900 [=>............................] - ETA: 23s - loss: 2.5649 - acc: 0.1161
 360/3900 [=>............................] - ETA: 20s - loss: 2.5644 - acc: 0.1139
 420/3900 [==>...........................] - ETA: 17s - loss: 2.5642 - acc: 0.1095
 480/3900 [==>...........................] - ETA: 15s - loss: 2.5637 - acc: 0.1167
 540/3900 [===>..........................] - ETA: 13s - loss: 2.5634 - acc: 0.1148
 600/3900 [===>..........................] - ETA: 12s - loss: 2.5632 - acc: 0.1167
 660/3900 [====>.........................] - ETA: 11s - loss: 2.5632 - acc: 0.1091
 720/3900 [====>.........................] - ETA: 10s - loss: 2.5629 - acc: 0.1153
 780/3900 [=====>........................] - ETA: 9s - loss: 2.5627 - acc: 0.1192 
 840/3900 [=====>........................] - ETA: 9s - loss: 2.5624 - acc: 0.1274
 900/3900 [=====>........................] - ETA: 8s - loss: 2.5623 - acc: 0.1222
 960/3900 [======>.......................] - ETA: 8s - loss: 2.5618 - acc: 0.1281
1020/3900 [======>.......................] - ETA: 7s - loss: 2.5615 - acc: 0.1333
1080/3900 [=======>......................] - ETA: 7s - loss: 2.5614 - acc: 0.1306
1140/3900 [=======>......................] - ETA: 6s - loss: 2.5612 - acc: 0.1281
1200/3900 [========>.....................] - ETA: 6s - loss: 2.5609 - acc: 0.1292
1260/3900 [========>.....................] - ETA: 6s - loss: 2.5605 - acc: 0.1270
1320/3900 [=========>....................] - ETA: 5s - loss: 2.5602 - acc: 0.1273
1380/3900 [=========>....................] - ETA: 5s - loss: 2.5601 - acc: 0.1283
1440/3900 [==========>...................] - ETA: 5s - loss: 2.5599 - acc: 0.1306
1500/3900 [==========>...................] - ETA: 4s - loss: 2.5596 - acc: 0.1300
1560/3900 [===========>..................] - ETA: 4s - loss: 2.5594 - acc: 0.1333
1620/3900 [===========>..................] - ETA: 4s - loss: 2.5593 - acc: 0.1333
1680/3900 [===========>..................] - ETA: 4s - loss: 2.5592 - acc: 0.1357
1740/3900 [============>.................] - ETA: 4s - loss: 2.5589 - acc: 0.1385
1800/3900 [============>.................] - ETA: 3s - loss: 2.5587 - acc: 0.1417
1860/3900 [=============>................] - ETA: 3s - loss: 2.5585 - acc: 0.1435
1920/3900 [=============>................] - ETA: 3s - loss: 2.5583 - acc: 0.1448
1980/3900 [==============>...............] - ETA: 3s - loss: 2.5581 - acc: 0.1419
2040/3900 [==============>...............] - ETA: 3s - loss: 2.5578 - acc: 0.1441
2100/3900 [===============>..............] - ETA: 3s - loss: 2.5575 - acc: 0.1467
2160/3900 [===============>..............] - ETA: 2s - loss: 2.5572 - acc: 0.1468
2220/3900 [================>.............] - ETA: 2s - loss: 2.5567 - acc: 0.1482
2280/3900 [================>.............] - ETA: 2s - loss: 2.5564 - acc: 0.1491
2340/3900 [=================>............] - ETA: 2s - loss: 2.5562 - acc: 0.1504
2400/3900 [=================>............] - ETA: 2s - loss: 2.5561 - acc: 0.1496
2460/3900 [=================>............] - ETA: 2s - loss: 2.5559 - acc: 0.1496
2520/3900 [==================>...........] - ETA: 2s - loss: 2.5557 - acc: 0.1500
2580/3900 [==================>...........] - ETA: 2s - loss: 2.5556 - acc: 0.1492
2640/3900 [===================>..........] - ETA: 1s - loss: 2.5553 - acc: 0.1489
2700/3900 [===================>..........] - ETA: 1s - loss: 2.5551 - acc: 0.1519
2760/3900 [====================>.........] - ETA: 1s - loss: 2.5548 - acc: 0.1558
2820/3900 [====================>.........] - ETA: 1s - loss: 2.5546 - acc: 0.1585
2880/3900 [=====================>........] - ETA: 1s - loss: 2.5544 - acc: 0.1618
2940/3900 [=====================>........] - ETA: 1s - loss: 2.5540 - acc: 0.1663
3000/3900 [======================>.......] - ETA: 1s - loss: 2.5538 - acc: 0.1697
3060/3900 [======================>.......] - ETA: 1s - loss: 2.5534 - acc: 0.1735
3120/3900 [=======================>......] - ETA: 1s - loss: 2.5530 - acc: 0.1766
3180/3900 [=======================>......] - ETA: 1s - loss: 2.5528 - acc: 0.1777
3240/3900 [=======================>......] - ETA: 0s - loss: 2.5526 - acc: 0.1784
3300/3900 [========================>.....] - ETA: 0s - loss: 2.5523 - acc: 0.1803
3360/3900 [========================>.....] - ETA: 0s - loss: 2.5520 - acc: 0.1836
3420/3900 [=========================>....] - ETA: 0s - loss: 2.5518 - acc: 0.1863
3480/3900 [=========================>....] - ETA: 0s - loss: 2.5515 - acc: 0.1897
3540/3900 [==========================>...] - ETA: 0s - loss: 2.5513 - acc: 0.1927
3600/3900 [==========================>...] - ETA: 0s - loss: 2.5511 - acc: 0.1969
3660/3900 [===========================>..] - ETA: 0s - loss: 2.5507 - acc: 0.2000
3720/3900 [===========================>..] - ETA: 0s - loss: 2.5505 - acc: 0.2019
3780/3900 [============================>.] - ETA: 0s - loss: 2.5502 - acc: 0.2042
3840/3900 [============================>.] - ETA: 0s - loss: 2.5499 - acc: 0.2068
3900/3900 [==============================] - 5s 1ms/step - loss: 2.5496 - acc: 0.2095 - val_loss: 2.5471 - val_acc: 0.1818
Current time ....5.288
Train on 600 samples, validate on 86 samples
Epoch 1/1

 10/600 [..............................] - ETA: 17s - loss: 0.7045 - acc: 0.6000
 70/600 [==>...........................] - ETA: 2s - loss: 0.6991 - acc: 0.5714 
130/600 [=====>........................] - ETA: 1s - loss: 0.6945 - acc: 0.5615
190/600 [========>.....................] - ETA: 0s - loss: 0.6895 - acc: 0.6000
250/600 [===========>..................] - ETA: 0s - loss: 0.6831 - acc: 0.5960
310/600 [==============>...............] - ETA: 0s - loss: 0.6788 - acc: 0.6194
370/600 [=================>............] - ETA: 0s - loss: 0.6770 - acc: 0.6324
430/600 [====================>.........] - ETA: 0s - loss: 0.6750 - acc: 0.6558
490/600 [=======================>......] - ETA: 0s - loss: 0.6702 - acc: 0.6816
550/600 [==========================>...] - ETA: 0s - loss: 0.6668 - acc: 0.6891
600/600 [==============================] - 1s 1ms/step - loss: 0.6623 - acc: 0.6983 - val_loss: 0.6345 - val_acc: 0.6163
Current time ....0.855
Train on 1200 samples, validate on 68 samples
Epoch 1/1

  10/1200 [..............................] - ETA: 29s - loss: 1.3948 - acc: 0.0000e+00
  70/1200 [>.............................] - ETA: 4s - loss: 1.3809 - acc: 0.2143     
 130/1200 [==>...........................] - ETA: 2s - loss: 1.3768 - acc: 0.2154
 190/1200 [===>..........................] - ETA: 2s - loss: 1.3774 - acc: 0.2474
 250/1200 [=====>........................] - ETA: 1s - loss: 1.3714 - acc: 0.2680
 310/1200 [======>.......................] - ETA: 1s - loss: 1.3666 - acc: 0.2871
 370/1200 [========>.....................] - ETA: 1s - loss: 1.3611 - acc: 0.2946
 430/1200 [=========>....................] - ETA: 1s - loss: 1.3542 - acc: 0.3419
 490/1200 [===========>..................] - ETA: 0s - loss: 1.3495 - acc: 0.3633
 550/1200 [============>.................] - ETA: 0s - loss: 1.3456 - acc: 0.3800
 610/1200 [==============>...............] - ETA: 0s - loss: 1.3419 - acc: 0.3902
 670/1200 [===============>..............] - ETA: 0s - loss: 1.3359 - acc: 0.4075
 730/1200 [=================>............] - ETA: 0s - loss: 1.3289 - acc: 0.4233
 790/1200 [==================>...........] - ETA: 0s - loss: 1.3234 - acc: 0.4266
 850/1200 [====================>.........] - ETA: 0s - loss: 1.3201 - acc: 0.4318
 910/1200 [=====================>........] - ETA: 0s - loss: 1.3146 - acc: 0.4418
 970/1200 [=======================>......] - ETA: 0s - loss: 1.3091 - acc: 0.4515
1030/1200 [========================>.....] - ETA: 0s - loss: 1.3061 - acc: 0.4534
1090/1200 [==========================>...] - ETA: 0s - loss: 1.3001 - acc: 0.4560
1150/1200 [===========================>..] - ETA: 0s - loss: 1.2980 - acc: 0.4557
1200/1200 [==============================] - 1s 1ms/step - loss: 1.2933 - acc: 0.4650 - val_loss: 1.2925 - val_acc: 0.2059
Current time ....1.324
Train on 3900 samples, validate on 99 samples
Epoch 1/1

  10/3900 [..............................] - ETA: 3s - loss: 2.5236 - acc: 0.7000
  70/3900 [..............................] - ETA: 3s - loss: 2.5240 - acc: 0.4714
 130/3900 [>.............................] - ETA: 3s - loss: 2.5242 - acc: 0.3923
 190/3900 [>.............................] - ETA: 3s - loss: 2.5249 - acc: 0.3684
 250/3900 [>.............................] - ETA: 3s - loss: 2.5241 - acc: 0.3600
 310/3900 [=>............................] - ETA: 3s - loss: 2.5249 - acc: 0.3516
 370/3900 [=>............................] - ETA: 3s - loss: 2.5254 - acc: 0.3703
 430/3900 [==>...........................] - ETA: 3s - loss: 2.5254 - acc: 0.3698
 490/3900 [==>...........................] - ETA: 3s - loss: 2.5246 - acc: 0.3857
 550/3900 [===>..........................] - ETA: 3s - loss: 2.5244 - acc: 0.3982
 610/3900 [===>..........................] - ETA: 2s - loss: 2.5242 - acc: 0.3967
 670/3900 [====>.........................] - ETA: 2s - loss: 2.5238 - acc: 0.4015
 730/3900 [====>.........................] - ETA: 2s - loss: 2.5238 - acc: 0.3973
 790/3900 [=====>........................] - ETA: 2s - loss: 2.5229 - acc: 0.4038
 850/3900 [=====>........................] - ETA: 2s - loss: 2.5228 - acc: 0.4000
 910/3900 [======>.......................] - ETA: 2s - loss: 2.5224 - acc: 0.4055
 970/3900 [======>.......................] - ETA: 2s - loss: 2.5220 - acc: 0.4021
1030/3900 [======>.......................] - ETA: 2s - loss: 2.5217 - acc: 0.3981
1090/3900 [=======>......................] - ETA: 2s - loss: 2.5216 - acc: 0.4000
1150/3900 [=======>......................] - ETA: 2s - loss: 2.5213 - acc: 0.4000
1210/3900 [========>.....................] - ETA: 2s - loss: 2.5210 - acc: 0.4025
1270/3900 [========>.....................] - ETA: 2s - loss: 2.5207 - acc: 0.3976
1330/3900 [=========>....................] - ETA: 2s - loss: 2.5204 - acc: 0.3970
1390/3900 [=========>....................] - ETA: 2s - loss: 2.5196 - acc: 0.3964
1450/3900 [==========>...................] - ETA: 2s - loss: 2.5191 - acc: 0.3952
1510/3900 [==========>...................] - ETA: 2s - loss: 2.5184 - acc: 0.3940
1570/3900 [===========>..................] - ETA: 2s - loss: 2.5178 - acc: 0.3911
1630/3900 [===========>..................] - ETA: 2s - loss: 2.5173 - acc: 0.3920
1690/3900 [============>.................] - ETA: 1s - loss: 2.5167 - acc: 0.3923
1750/3900 [============>.................] - ETA: 1s - loss: 2.5162 - acc: 0.3880
1810/3900 [============>.................] - ETA: 1s - loss: 2.5156 - acc: 0.3884
1870/3900 [=============>................] - ETA: 1s - loss: 2.5149 - acc: 0.3877
1930/3900 [=============>................] - ETA: 1s - loss: 2.5140 - acc: 0.3912
1990/3900 [==============>...............] - ETA: 1s - loss: 2.5131 - acc: 0.3925
2050/3900 [==============>...............] - ETA: 1s - loss: 2.5129 - acc: 0.3912
2110/3900 [===============>..............] - ETA: 1s - loss: 2.5128 - acc: 0.3891
2170/3900 [===============>..............] - ETA: 1s - loss: 2.5124 - acc: 0.3894
2220/3900 [================>.............] - ETA: 1s - loss: 2.5119 - acc: 0.3901
2280/3900 [================>.............] - ETA: 1s - loss: 2.5114 - acc: 0.3904
2340/3900 [=================>............] - ETA: 1s - loss: 2.5110 - acc: 0.3880
2400/3900 [=================>............] - ETA: 1s - loss: 2.5105 - acc: 0.3879
2460/3900 [=================>............] - ETA: 1s - loss: 2.5097 - acc: 0.3890
2520/3900 [==================>...........] - ETA: 1s - loss: 2.5091 - acc: 0.3885
2580/3900 [==================>...........] - ETA: 1s - loss: 2.5087 - acc: 0.3872
2640/3900 [===================>..........] - ETA: 1s - loss: 2.5081 - acc: 0.3867
2700/3900 [===================>..........] - ETA: 1s - loss: 2.5077 - acc: 0.3848
2760/3900 [====================>.........] - ETA: 1s - loss: 2.5068 - acc: 0.3859
2820/3900 [====================>.........] - ETA: 0s - loss: 2.5064 - acc: 0.3858
2880/3900 [=====================>........] - ETA: 0s - loss: 2.5059 - acc: 0.3851
2940/3900 [=====================>........] - ETA: 0s - loss: 2.5050 - acc: 0.3857
3000/3900 [======================>.......] - ETA: 0s - loss: 2.5044 - acc: 0.3863
3060/3900 [======================>.......] - ETA: 0s - loss: 2.5037 - acc: 0.3879
3120/3900 [=======================>......] - ETA: 0s - loss: 2.5030 - acc: 0.3878
3180/3900 [=======================>......] - ETA: 0s - loss: 2.5023 - acc: 0.3899
3240/3900 [=======================>......] - ETA: 0s - loss: 2.5016 - acc: 0.3907
3300/3900 [========================>.....] - ETA: 0s - loss: 2.5011 - acc: 0.3900
3360/3900 [========================>.....] - ETA: 0s - loss: 2.5003 - acc: 0.3902
3420/3900 [=========================>....] - ETA: 0s - loss: 2.4994 - acc: 0.3912
3480/3900 [=========================>....] - ETA: 0s - loss: 2.4987 - acc: 0.3911
3540/3900 [==========================>...] - ETA: 0s - loss: 2.4981 - acc: 0.3910
3600/3900 [==========================>...] - ETA: 0s - loss: 2.4974 - acc: 0.3922
3660/3900 [===========================>..] - ETA: 0s - loss: 2.4966 - acc: 0.3929
3720/3900 [===========================>..] - ETA: 0s - loss: 2.4957 - acc: 0.3946
3780/3900 [============================>.] - ETA: 0s - loss: 2.4950 - acc: 0.3931
3840/3900 [============================>.] - ETA: 0s - loss: 2.4942 - acc: 0.3930
3900/3900 [==============================] - 4s 898us/step - loss: 2.4932 - acc: 0.3941 - val_loss: 2.4704 - val_acc: 0.2929
Current time ....3.502
Train on 600 samples, validate on 86 samples
Epoch 1/1

 10/600 [..............................] - ETA: 0s - loss: 0.5671 - acc: 0.9000
 70/600 [==>...........................] - ETA: 0s - loss: 0.6055 - acc: 0.8286
130/600 [=====>........................] - ETA: 0s - loss: 0.5878 - acc: 0.8385
190/600 [========>.....................] - ETA: 0s - loss: 0.5923 - acc: 0.8421
250/600 [===========>..................] - ETA: 0s - loss: 0.5904 - acc: 0.8720
310/600 [==============>...............] - ETA: 0s - loss: 0.5843 - acc: 0.8839
370/600 [=================>............] - ETA: 0s - loss: 0.5801 - acc: 0.8973
430/600 [====================>.........] - ETA: 0s - loss: 0.5747 - acc: 0.9047
490/600 [=======================>......] - ETA: 0s - loss: 0.5667 - acc: 0.9122
550/600 [==========================>...] - ETA: 0s - loss: 0.5614 - acc: 0.9200
600/600 [==============================] - 1s 923us/step - loss: 0.5574 - acc: 0.9217 - val_loss: 0.5305 - val_acc: 0.8721
Current time ....0.554
Train on 1200 samples, validate on 68 samples
Epoch 1/1

  10/1200 [..............................] - ETA: 1s - loss: 1.1589 - acc: 0.6000
  70/1200 [>.............................] - ETA: 0s - loss: 1.1548 - acc: 0.5571
 130/1200 [==>...........................] - ETA: 0s - loss: 1.1425 - acc: 0.6154
 190/1200 [===>..........................] - ETA: 0s - loss: 1.1535 - acc: 0.6053
 250/1200 [=====>........................] - ETA: 0s - loss: 1.1443 - acc: 0.5880
 310/1200 [======>.......................] - ETA: 0s - loss: 1.1300 - acc: 0.6129
 370/1200 [========>.....................] - ETA: 0s - loss: 1.1313 - acc: 0.6108
 430/1200 [=========>....................] - ETA: 0s - loss: 1.1229 - acc: 0.6163
 490/1200 [===========>..................] - ETA: 0s - loss: 1.1198 - acc: 0.6041
 550/1200 [============>.................] - ETA: 0s - loss: 1.1161 - acc: 0.6164
 610/1200 [==============>...............] - ETA: 0s - loss: 1.1129 - acc: 0.6115
 670/1200 [===============>..............] - ETA: 0s - loss: 1.1081 - acc: 0.6045
 730/1200 [=================>............] - ETA: 0s - loss: 1.1029 - acc: 0.6068
 790/1200 [==================>...........] - ETA: 0s - loss: 1.0930 - acc: 0.6127
 850/1200 [====================>.........] - ETA: 0s - loss: 1.0857 - acc: 0.6176
 910/1200 [=====================>........] - ETA: 0s - loss: 1.0832 - acc: 0.6132
 970/1200 [=======================>......] - ETA: 0s - loss: 1.0711 - acc: 0.6216
1030/1200 [========================>.....] - ETA: 0s - loss: 1.0690 - acc: 0.6204
1090/1200 [==========================>...] - ETA: 0s - loss: 1.0634 - acc: 0.6229
1150/1200 [===========================>..] - ETA: 0s - loss: 1.0574 - acc: 0.6252
1200/1200 [==============================] - 1s 906us/step - loss: 1.0534 - acc: 0.6258 - val_loss: 1.1800 - val_acc: 0.3382
Current time ....1.088
Train on 3900 samples, validate on 99 samples
Epoch 1/1

  10/3900 [..............................] - ETA: 3s - loss: 2.4498 - acc: 0.4000
  70/3900 [..............................] - ETA: 3s - loss: 2.4333 - acc: 0.3714
 130/3900 [>.............................] - ETA: 3s - loss: 2.4314 - acc: 0.3538
 190/3900 [>.............................] - ETA: 3s - loss: 2.4319 - acc: 0.3632
 250/3900 [>.............................] - ETA: 3s - loss: 2.4327 - acc: 0.3640
 310/3900 [=>............................] - ETA: 3s - loss: 2.4307 - acc: 0.3742
 370/3900 [=>............................] - ETA: 3s - loss: 2.4273 - acc: 0.3757
 430/3900 [==>...........................] - ETA: 3s - loss: 2.4254 - acc: 0.3814
 490/3900 [==>...........................] - ETA: 3s - loss: 2.4255 - acc: 0.3755
 550/3900 [===>..........................] - ETA: 3s - loss: 2.4228 - acc: 0.3855
 610/3900 [===>..........................] - ETA: 2s - loss: 2.4202 - acc: 0.3918
 670/3900 [====>.........................] - ETA: 2s - loss: 2.4175 - acc: 0.3940
 730/3900 [====>.........................] - ETA: 2s - loss: 2.4167 - acc: 0.3808
 790/3900 [=====>........................] - ETA: 2s - loss: 2.4160 - acc: 0.3747
 850/3900 [=====>........................] - ETA: 2s - loss: 2.4144 - acc: 0.3824
 910/3900 [======>.......................] - ETA: 2s - loss: 2.4122 - acc: 0.3846
 970/3900 [======>.......................] - ETA: 2s - loss: 2.4097 - acc: 0.3990
1030/3900 [======>.......................] - ETA: 2s - loss: 2.4090 - acc: 0.3922
1090/3900 [=======>......................] - ETA: 2s - loss: 2.4075 - acc: 0.3963
1150/3900 [=======>......................] - ETA: 2s - loss: 2.4062 - acc: 0.3957
1210/3900 [========>.....................] - ETA: 2s - loss: 2.4035 - acc: 0.4025
1270/3900 [========>.....................] - ETA: 2s - loss: 2.4021 - acc: 0.4024
1330/3900 [=========>....................] - ETA: 2s - loss: 2.4000 - acc: 0.4008
1390/3900 [=========>....................] - ETA: 2s - loss: 2.3983 - acc: 0.4022
1450/3900 [==========>...................] - ETA: 2s - loss: 2.3959 - acc: 0.4069
1510/3900 [==========>...................] - ETA: 2s - loss: 2.3934 - acc: 0.4040
1570/3900 [===========>..................] - ETA: 2s - loss: 2.3907 - acc: 0.4045
1630/3900 [===========>..................] - ETA: 2s - loss: 2.3887 - acc: 0.4006
1690/3900 [============>.................] - ETA: 1s - loss: 2.3861 - acc: 0.4012
1750/3900 [============>.................] - ETA: 1s - loss: 2.3843 - acc: 0.3960
1800/3900 [============>.................] - ETA: 1s - loss: 2.3825 - acc: 0.3911
1860/3900 [=============>................] - ETA: 1s - loss: 2.3801 - acc: 0.3903
1920/3900 [=============>................] - ETA: 1s - loss: 2.3782 - acc: 0.3865
1980/3900 [==============>...............] - ETA: 1s - loss: 2.3753 - acc: 0.3854
2040/3900 [==============>...............] - ETA: 1s - loss: 2.3733 - acc: 0.3848
2100/3900 [===============>..............] - ETA: 1s - loss: 2.3706 - acc: 0.3886
2160/3900 [===============>..............] - ETA: 1s - loss: 2.3676 - acc: 0.3856
2220/3900 [================>.............] - ETA: 1s - loss: 2.3660 - acc: 0.3802
2280/3900 [================>.............] - ETA: 1s - loss: 2.3635 - acc: 0.3789
2340/3900 [=================>............] - ETA: 1s - loss: 2.3608 - acc: 0.3761
2400/3900 [=================>............] - ETA: 1s - loss: 2.3584 - acc: 0.3746
2460/3900 [=================>............] - ETA: 1s - loss: 2.3555 - acc: 0.3748
2520/3900 [==================>...........] - ETA: 1s - loss: 2.3530 - acc: 0.3754
2580/3900 [==================>...........] - ETA: 1s - loss: 2.3499 - acc: 0.3760
2640/3900 [===================>..........] - ETA: 1s - loss: 2.3468 - acc: 0.3773
2700/3900 [===================>..........] - ETA: 1s - loss: 2.3436 - acc: 0.3778
2760/3900 [====================>.........] - ETA: 1s - loss: 2.3411 - acc: 0.3764
2820/3900 [====================>.........] - ETA: 0s - loss: 2.3380 - acc: 0.3762
2880/3900 [=====================>........] - ETA: 0s - loss: 2.3349 - acc: 0.3781
2940/3900 [=====================>........] - ETA: 0s - loss: 2.3318 - acc: 0.3772
3000/3900 [======================>.......] - ETA: 0s - loss: 2.3290 - acc: 0.3770
3060/3900 [======================>.......] - ETA: 0s - loss: 2.3262 - acc: 0.3784
3120/3900 [=======================>......] - ETA: 0s - loss: 2.3229 - acc: 0.3785
3180/3900 [=======================>......] - ETA: 0s - loss: 2.3202 - acc: 0.3777
3240/3900 [=======================>......] - ETA: 0s - loss: 2.3182 - acc: 0.3769
3300/3900 [========================>.....] - ETA: 0s - loss: 2.3150 - acc: 0.3776
3360/3900 [========================>.....] - ETA: 0s - loss: 2.3115 - acc: 0.3777
3420/3900 [=========================>....] - ETA: 0s - loss: 2.3085 - acc: 0.3775
3480/3900 [=========================>....] - ETA: 0s - loss: 2.3057 - acc: 0.3759
3540/3900 [==========================>...] - ETA: 0s - loss: 2.3032 - acc: 0.3740
3600/3900 [==========================>...] - ETA: 0s - loss: 2.2996 - acc: 0.3733
3660/3900 [===========================>..] - ETA: 0s - loss: 2.2972 - acc: 0.3719
3720/3900 [===========================>..] - ETA: 0s - loss: 2.2951 - acc: 0.3712
3780/3900 [============================>.] - ETA: 0s - loss: 2.2919 - acc: 0.3701
3840/3900 [============================>.] - ETA: 0s - loss: 2.2891 - acc: 0.3711
3900/3900 [==============================] - 4s 901us/step - loss: 2.2861 - acc: 0.3728 - val_loss: 2.1767 - val_acc: 0.2222
Current time ....3.515
Train on 600 samples, validate on 86 samples
Epoch 1/1

 10/600 [..............................] - ETA: 0s - loss: 0.5501 - acc: 1.0000
 70/600 [==>...........................] - ETA: 0s - loss: 0.4987 - acc: 0.9857
130/600 [=====>........................] - ETA: 0s - loss: 0.4690 - acc: 0.9769
190/600 [========>.....................] - ETA: 0s - loss: 0.4745 - acc: 0.9579
250/600 [===========>..................] - ETA: 0s - loss: 0.4661 - acc: 0.9600
310/600 [==============>...............] - ETA: 0s - loss: 0.4520 - acc: 0.9613
370/600 [=================>............] - ETA: 0s - loss: 0.4466 - acc: 0.9595
430/600 [====================>.........] - ETA: 0s - loss: 0.4423 - acc: 0.9581
490/600 [=======================>......] - ETA: 0s - loss: 0.4315 - acc: 0.9633
550/600 [==========================>...] - ETA: 0s - loss: 0.4184 - acc: 0.9673
600/600 [==============================] - 1s 930us/step - loss: 0.4102 - acc: 0.9700 - val_loss: 0.4352 - val_acc: 0.9070
Current time ....0.559
Train on 1200 samples, validate on 68 samples
Epoch 1/1

  10/1200 [..............................] - ETA: 1s - loss: 1.1405 - acc: 0.5000
  70/1200 [>.............................] - ETA: 1s - loss: 0.8911 - acc: 0.7286
 130/1200 [==>...........................] - ETA: 0s - loss: 0.8712 - acc: 0.7077
 190/1200 [===>..........................] - ETA: 0s - loss: 0.8651 - acc: 0.7158
 250/1200 [=====>........................] - ETA: 0s - loss: 0.8435 - acc: 0.7320
 310/1200 [======>.......................] - ETA: 0s - loss: 0.8415 - acc: 0.7226
 370/1200 [========>.....................] - ETA: 0s - loss: 0.8590 - acc: 0.7216
 430/1200 [=========>....................] - ETA: 0s - loss: 0.8624 - acc: 0.7140
 490/1200 [===========>..................] - ETA: 0s - loss: 0.8544 - acc: 0.7204
 550/1200 [============>.................] - ETA: 0s - loss: 0.8483 - acc: 0.7127
 610/1200 [==============>...............] - ETA: 0s - loss: 0.8464 - acc: 0.7148
 670/1200 [===============>..............] - ETA: 0s - loss: 0.8475 - acc: 0.7164
 730/1200 [=================>............] - ETA: 0s - loss: 0.8443 - acc: 0.7137
 790/1200 [==================>...........] - ETA: 0s - loss: 0.8285 - acc: 0.7228
 850/1200 [====================>.........] - ETA: 0s - loss: 0.8202 - acc: 0.7271
 910/1200 [=====================>........] - ETA: 0s - loss: 0.8180 - acc: 0.7275
 970/1200 [=======================>......] - ETA: 0s - loss: 0.8166 - acc: 0.7330
1030/1200 [========================>.....] - ETA: 0s - loss: 0.8135 - acc: 0.7320
1090/1200 [==========================>...] - ETA: 0s - loss: 0.8132 - acc: 0.7312
1150/1200 [===========================>..] - ETA: 0s - loss: 0.8065 - acc: 0.7365
1200/1200 [==============================] - 1s 904us/step - loss: 0.8040 - acc: 0.7367 - val_loss: 0.8831 - val_acc: 0.6765
Current time ....1.085
Train on 3900 samples, validate on 99 samples
Epoch 1/1

  10/3900 [..............................] - ETA: 3s - loss: 2.1247 - acc: 0.6000
  70/3900 [..............................] - ETA: 3s - loss: 2.1260 - acc: 0.3571
 130/3900 [>.............................] - ETA: 3s - loss: 2.0878 - acc: 0.4077
 190/3900 [>.............................] - ETA: 3s - loss: 2.0834 - acc: 0.4000
 250/3900 [>.............................] - ETA: 3s - loss: 2.0803 - acc: 0.3960
 310/3900 [=>............................] - ETA: 3s - loss: 2.0687 - acc: 0.3806
 370/3900 [=>............................] - ETA: 3s - loss: 2.0636 - acc: 0.3838
 430/3900 [==>...........................] - ETA: 3s - loss: 2.0600 - acc: 0.3837
 490/3900 [==>...........................] - ETA: 3s - loss: 2.0467 - acc: 0.3918
 550/3900 [===>..........................] - ETA: 2s - loss: 2.0417 - acc: 0.3909
 610/3900 [===>..........................] - ETA: 2s - loss: 2.0439 - acc: 0.3803
 670/3900 [====>.........................] - ETA: 2s - loss: 2.0409 - acc: 0.3851
 730/3900 [====>.........................] - ETA: 2s - loss: 2.0364 - acc: 0.3849
 790/3900 [=====>........................] - ETA: 2s - loss: 2.0346 - acc: 0.3848
 850/3900 [=====>........................] - ETA: 2s - loss: 2.0327 - acc: 0.3835
 910/3900 [======>.......................] - ETA: 2s - loss: 2.0289 - acc: 0.3769
 970/3900 [======>.......................] - ETA: 2s - loss: 2.0297 - acc: 0.3742
1030/3900 [======>.......................] - ETA: 2s - loss: 2.0251 - acc: 0.3767
1090/3900 [=======>......................] - ETA: 2s - loss: 2.0246 - acc: 0.3835
1150/3900 [=======>......................] - ETA: 2s - loss: 2.0215 - acc: 0.3896
1210/3900 [========>.....................] - ETA: 2s - loss: 2.0192 - acc: 0.3909
1270/3900 [========>.....................] - ETA: 2s - loss: 2.0175 - acc: 0.3921
1330/3900 [=========>....................] - ETA: 2s - loss: 2.0139 - acc: 0.3955
1390/3900 [=========>....................] - ETA: 2s - loss: 2.0115 - acc: 0.3964
1450/3900 [==========>...................] - ETA: 2s - loss: 2.0098 - acc: 0.3910
1510/3900 [==========>...................] - ETA: 2s - loss: 2.0077 - acc: 0.3894
1570/3900 [===========>..................] - ETA: 2s - loss: 2.0053 - acc: 0.3828
1630/3900 [===========>..................] - ETA: 2s - loss: 2.0035 - acc: 0.3810
1690/3900 [============>.................] - ETA: 1s - loss: 2.0011 - acc: 0.3793
1750/3900 [============>.................] - ETA: 1s - loss: 1.9991 - acc: 0.3800
1810/3900 [============>.................] - ETA: 1s - loss: 1.9956 - acc: 0.3834
1870/3900 [=============>................] - ETA: 1s - loss: 1.9924 - acc: 0.3872
1930/3900 [=============>................] - ETA: 1s - loss: 1.9890 - acc: 0.3881
1990/3900 [==============>...............] - ETA: 1s - loss: 1.9869 - acc: 0.3869
2050/3900 [==============>...............] - ETA: 1s - loss: 1.9851 - acc: 0.3849
2110/3900 [===============>..............] - ETA: 1s - loss: 1.9829 - acc: 0.3806
2170/3900 [===============>..............] - ETA: 1s - loss: 1.9806 - acc: 0.3816
2230/3900 [================>.............] - ETA: 1s - loss: 1.9765 - acc: 0.3825
2290/3900 [================>.............] - ETA: 1s - loss: 1.9742 - acc: 0.3821
2350/3900 [=================>............] - ETA: 1s - loss: 1.9722 - acc: 0.3851
2410/3900 [=================>............] - ETA: 1s - loss: 1.9685 - acc: 0.3876
2470/3900 [==================>...........] - ETA: 1s - loss: 1.9673 - acc: 0.3874
2530/3900 [==================>...........] - ETA: 1s - loss: 1.9658 - acc: 0.3885
2590/3900 [==================>...........] - ETA: 1s - loss: 1.9625 - acc: 0.3919
2650/3900 [===================>..........] - ETA: 1s - loss: 1.9601 - acc: 0.3947
2710/3900 [===================>..........] - ETA: 1s - loss: 1.9574 - acc: 0.3963
2770/3900 [====================>.........] - ETA: 1s - loss: 1.9554 - acc: 0.3971
2830/3900 [====================>.........] - ETA: 0s - loss: 1.9518 - acc: 0.3993
2890/3900 [=====================>........] - ETA: 0s - loss: 1.9501 - acc: 0.3979
2950/3900 [=====================>........] - ETA: 0s - loss: 1.9476 - acc: 0.3997
3010/3900 [======================>.......] - ETA: 0s - loss: 1.9457 - acc: 0.4003
3070/3900 [======================>.......] - ETA: 0s - loss: 1.9434 - acc: 0.4010
3130/3900 [=======================>......] - ETA: 0s - loss: 1.9402 - acc: 0.4032
3190/3900 [=======================>......] - ETA: 0s - loss: 1.9373 - acc: 0.4041
3250/3900 [========================>.....] - ETA: 0s - loss: 1.9363 - acc: 0.4022
3310/3900 [========================>.....] - ETA: 0s - loss: 1.9332 - acc: 0.4003
3370/3900 [========================>.....] - ETA: 0s - loss: 1.9325 - acc: 0.4000
3430/3900 [=========================>....] - ETA: 0s - loss: 1.9306 - acc: 0.3997
3490/3900 [=========================>....] - ETA: 0s - loss: 1.9292 - acc: 0.3974
3550/3900 [==========================>...] - ETA: 0s - loss: 1.9279 - acc: 0.3975
3610/3900 [==========================>...] - ETA: 0s - loss: 1.9264 - acc: 0.3972
3670/3900 [===========================>..] - ETA: 0s - loss: 1.9236 - acc: 0.3992
3730/3900 [===========================>..] - ETA: 0s - loss: 1.9222 - acc: 0.3979
3790/3900 [============================>.] - ETA: 0s - loss: 1.9193 - acc: 0.3992
3850/3900 [============================>.] - ETA: 0s - loss: 1.9168 - acc: 0.4016
3900/3900 [==============================] - 4s 901us/step - loss: 1.9146 - acc: 0.4018 - val_loss: 2.0260 - val_acc: 0.2020
Current time ....3.514
Train on 600 samples, validate on 86 samples
Epoch 1/1

 10/600 [..............................] - ETA: 0s - loss: 0.2731 - acc: 1.0000
 70/600 [==>...........................] - ETA: 0s - loss: 0.2830 - acc: 0.9857
130/600 [=====>........................] - ETA: 0s - loss: 0.2920 - acc: 0.9923
190/600 [========>.....................] - ETA: 0s - loss: 0.3060 - acc: 0.9895
250/600 [===========>..................] - ETA: 0s - loss: 0.2970 - acc: 0.9920
310/600 [==============>...............] - ETA: 0s - loss: 0.2878 - acc: 0.9903
370/600 [=================>............] - ETA: 0s - loss: 0.2902 - acc: 0.9865
430/600 [====================>.........] - ETA: 0s - loss: 0.2845 - acc: 0.9791
490/600 [=======================>......] - ETA: 0s - loss: 0.2783 - acc: 0.9776
550/600 [==========================>...] - ETA: 0s - loss: 0.2728 - acc: 0.9782
600/600 [==============================] - 1s 927us/step - loss: 0.2657 - acc: 0.9783 - val_loss: 0.3838 - val_acc: 0.9070
Current time ....0.557
Train on 1200 samples, validate on 68 samples
Epoch 1/1

  10/1200 [..............................] - ETA: 1s - loss: 0.5690 - acc: 0.9000
  70/1200 [>.............................] - ETA: 0s - loss: 0.7137 - acc: 0.7857
 130/1200 [==>...........................] - ETA: 0s - loss: 0.6890 - acc: 0.8077
 190/1200 [===>..........................] - ETA: 0s - loss: 0.6770 - acc: 0.7895
 250/1200 [=====>........................] - ETA: 0s - loss: 0.6821 - acc: 0.7800
 310/1200 [======>.......................] - ETA: 0s - loss: 0.6855 - acc: 0.7742
 370/1200 [========>.....................] - ETA: 0s - loss: 0.6822 - acc: 0.7811
 420/1200 [=========>....................] - ETA: 0s - loss: 0.6608 - acc: 0.7881
 480/1200 [===========>..................] - ETA: 0s - loss: 0.6519 - acc: 0.7896
 540/1200 [============>.................] - ETA: 0s - loss: 0.6459 - acc: 0.7889
 600/1200 [==============>...............] - ETA: 0s - loss: 0.6366 - acc: 0.7950
 660/1200 [===============>..............] - ETA: 0s - loss: 0.6323 - acc: 0.7909
 720/1200 [=================>............] - ETA: 0s - loss: 0.6301 - acc: 0.7972
 780/1200 [==================>...........] - ETA: 0s - loss: 0.6324 - acc: 0.7974
 840/1200 [====================>.........] - ETA: 0s - loss: 0.6236 - acc: 0.8012
 900/1200 [=====================>........] - ETA: 0s - loss: 0.6168 - acc: 0.8044
 960/1200 [=======================>......] - ETA: 0s - loss: 0.6069 - acc: 0.8083
1020/1200 [========================>.....] - ETA: 0s - loss: 0.6036 - acc: 0.8098
1080/1200 [==========================>...] - ETA: 0s - loss: 0.6045 - acc: 0.8046
1140/1200 [===========================>..] - ETA: 0s - loss: 0.6000 - acc: 0.8096
1200/1200 [==============================] - 1s 907us/step - loss: 0.6010 - acc: 0.8100 - val_loss: 0.7912 - val_acc: 0.6176
Current time ....1.089
Train on 3900 samples, validate on 99 samples
Epoch 1/1

  10/3900 [..............................] - ETA: 3s - loss: 1.9654 - acc: 0.2000
  70/3900 [..............................] - ETA: 3s - loss: 1.8490 - acc: 0.2857
 130/3900 [>.............................] - ETA: 3s - loss: 1.8122 - acc: 0.3385
 190/3900 [>.............................] - ETA: 3s - loss: 1.7883 - acc: 0.3737
 250/3900 [>.............................] - ETA: 3s - loss: 1.7924 - acc: 0.3880
 310/3900 [=>............................] - ETA: 3s - loss: 1.7954 - acc: 0.3903
 370/3900 [=>............................] - ETA: 3s - loss: 1.7928 - acc: 0.4081
 430/3900 [==>...........................] - ETA: 3s - loss: 1.7884 - acc: 0.4000
 490/3900 [==>...........................] - ETA: 3s - loss: 1.7771 - acc: 0.4163
 550/3900 [===>..........................] - ETA: 2s - loss: 1.7769 - acc: 0.4073
 610/3900 [===>..........................] - ETA: 2s - loss: 1.7779 - acc: 0.4115
 670/3900 [====>.........................] - ETA: 2s - loss: 1.7765 - acc: 0.4209
 730/3900 [====>.........................] - ETA: 2s - loss: 1.7802 - acc: 0.4137
 790/3900 [=====>........................] - ETA: 2s - loss: 1.7835 - acc: 0.4114
 850/3900 [=====>........................] - ETA: 2s - loss: 1.7834 - acc: 0.4118
 910/3900 [======>.......................] - ETA: 2s - loss: 1.7784 - acc: 0.4165
 970/3900 [======>.......................] - ETA: 2s - loss: 1.7779 - acc: 0.4165
1030/3900 [======>.......................] - ETA: 2s - loss: 1.7765 - acc: 0.4175
1090/3900 [=======>......................] - ETA: 2s - loss: 1.7723 - acc: 0.4165
1150/3900 [=======>......................] - ETA: 2s - loss: 1.7723 - acc: 0.4200
1210/3900 [========>.....................] - ETA: 2s - loss: 1.7745 - acc: 0.4207
1270/3900 [========>.....................] - ETA: 2s - loss: 1.7717 - acc: 0.4268
1330/3900 [=========>....................] - ETA: 2s - loss: 1.7699 - acc: 0.4226
1390/3900 [=========>....................] - ETA: 2s - loss: 1.7690 - acc: 0.4252
1450/3900 [==========>...................] - ETA: 2s - loss: 1.7685 - acc: 0.4228
1510/3900 [==========>...................] - ETA: 2s - loss: 1.7659 - acc: 0.4258
1570/3900 [===========>..................] - ETA: 2s - loss: 1.7639 - acc: 0.4261
1630/3900 [===========>..................] - ETA: 2s - loss: 1.7632 - acc: 0.4258
1690/3900 [============>.................] - ETA: 1s - loss: 1.7644 - acc: 0.4272
1750/3900 [============>.................] - ETA: 1s - loss: 1.7649 - acc: 0.4280
1810/3900 [============>.................] - ETA: 1s - loss: 1.7623 - acc: 0.4271
1870/3900 [=============>................] - ETA: 1s - loss: 1.7597 - acc: 0.4267
1930/3900 [=============>................] - ETA: 1s - loss: 1.7574 - acc: 0.4259
1990/3900 [==============>...............] - ETA: 1s - loss: 1.7555 - acc: 0.4276
2050/3900 [==============>...............] - ETA: 1s - loss: 1.7543 - acc: 0.4293
2110/3900 [===============>..............] - ETA: 1s - loss: 1.7544 - acc: 0.4303
2170/3900 [===============>..............] - ETA: 1s - loss: 1.7517 - acc: 0.4300
2230/3900 [================>.............] - ETA: 1s - loss: 1.7506 - acc: 0.4291
2290/3900 [================>.............] - ETA: 1s - loss: 1.7491 - acc: 0.4323
2350/3900 [=================>............] - ETA: 1s - loss: 1.7477 - acc: 0.4315
2410/3900 [=================>............] - ETA: 1s - loss: 1.7482 - acc: 0.4303
2470/3900 [==================>...........] - ETA: 1s - loss: 1.7473 - acc: 0.4283
2530/3900 [==================>...........] - ETA: 1s - loss: 1.7438 - acc: 0.4308
2590/3900 [==================>...........] - ETA: 1s - loss: 1.7417 - acc: 0.4328
2650/3900 [===================>..........] - ETA: 1s - loss: 1.7419 - acc: 0.4313
2710/3900 [===================>..........] - ETA: 1s - loss: 1.7381 - acc: 0.4365
2770/3900 [====================>.........] - ETA: 1s - loss: 1.7368 - acc: 0.4379
2830/3900 [====================>.........] - ETA: 0s - loss: 1.7354 - acc: 0.4375
2890/3900 [=====================>........] - ETA: 0s - loss: 1.7325 - acc: 0.4394
2950/3900 [=====================>........] - ETA: 0s - loss: 1.7291 - acc: 0.4427
3010/3900 [======================>.......] - ETA: 0s - loss: 1.7282 - acc: 0.4425
3060/3900 [======================>.......] - ETA: 0s - loss: 1.7263 - acc: 0.4441
3120/3900 [=======================>......] - ETA: 0s - loss: 1.7251 - acc: 0.4455
3180/3900 [=======================>......] - ETA: 0s - loss: 1.7240 - acc: 0.4453
3240/3900 [=======================>......] - ETA: 0s - loss: 1.7214 - acc: 0.4463
3300/3900 [========================>.....] - ETA: 0s - loss: 1.7187 - acc: 0.4482
3360/3900 [========================>.....] - ETA: 0s - loss: 1.7166 - acc: 0.4479
3420/3900 [=========================>....] - ETA: 0s - loss: 1.7167 - acc: 0.4485
3480/3900 [=========================>....] - ETA: 0s - loss: 1.7156 - acc: 0.4494
3540/3900 [==========================>...] - ETA: 0s - loss: 1.7138 - acc: 0.4497
3600/3900 [==========================>...] - ETA: 0s - loss: 1.7132 - acc: 0.4492
3660/3900 [===========================>..] - ETA: 0s - loss: 1.7123 - acc: 0.4495
3720/3900 [===========================>..] - ETA: 0s - loss: 1.7107 - acc: 0.4505
3780/3900 [============================>.] - ETA: 0s - loss: 1.7081 - acc: 0.4516
3840/3900 [============================>.] - ETA: 0s - loss: 1.7068 - acc: 0.4529
3900/3900 [==============================] - 4s 904us/step - loss: 1.7045 - acc: 0.4536 - val_loss: 1.7906 - val_acc: 0.3535
Current time ....3.527
Train on 600 samples, validate on 86 samples
Epoch 1/1

 10/600 [..............................] - ETA: 0s - loss: 0.2168 - acc: 1.0000
 70/600 [==>...........................] - ETA: 0s - loss: 0.1734 - acc: 1.0000
130/600 [=====>........................] - ETA: 0s - loss: 0.1670 - acc: 1.0000
190/600 [========>.....................] - ETA: 0s - loss: 0.1808 - acc: 0.9947
250/600 [===========>..................] - ETA: 0s - loss: 0.1700 - acc: 0.9920
310/600 [==============>...............] - ETA: 0s - loss: 0.1745 - acc: 0.9871
370/600 [=================>............] - ETA: 0s - loss: 0.1749 - acc: 0.9838
430/600 [====================>.........] - ETA: 0s - loss: 0.1703 - acc: 0.9837
490/600 [=======================>......] - ETA: 0s - loss: 0.1694 - acc: 0.9837
550/600 [==========================>...] - ETA: 0s - loss: 0.1672 - acc: 0.9836
600/600 [==============================] - 1s 929us/step - loss: 0.1650 - acc: 0.9850 - val_loss: 0.3705 - val_acc: 0.9070
Current time ....0.558
Train on 1200 samples, validate on 68 samples
Epoch 1/1

  10/1200 [..............................] - ETA: 1s - loss: 0.4618 - acc: 0.8000
  70/1200 [>.............................] - ETA: 1s - loss: 0.4322 - acc: 0.9429
 130/1200 [==>...........................] - ETA: 0s - loss: 0.4672 - acc: 0.8923
 190/1200 [===>..........................] - ETA: 0s - loss: 0.4676 - acc: 0.8789
 250/1200 [=====>........................] - ETA: 0s - loss: 0.4388 - acc: 0.8920
 310/1200 [======>.......................] - ETA: 0s - loss: 0.4523 - acc: 0.8710
 370/1200 [========>.....................] - ETA: 0s - loss: 0.4499 - acc: 0.8649
 430/1200 [=========>....................] - ETA: 0s - loss: 0.4553 - acc: 0.8651
 490/1200 [===========>..................] - ETA: 0s - loss: 0.4600 - acc: 0.8551
 550/1200 [============>.................] - ETA: 0s - loss: 0.4600 - acc: 0.8545
 610/1200 [==============>...............] - ETA: 0s - loss: 0.4605 - acc: 0.8541
 670/1200 [===============>..............] - ETA: 0s - loss: 0.4588 - acc: 0.8567
 730/1200 [=================>............] - ETA: 0s - loss: 0.4541 - acc: 0.8562
 790/1200 [==================>...........] - ETA: 0s - loss: 0.4468 - acc: 0.8620
 850/1200 [====================>.........] - ETA: 0s - loss: 0.4414 - acc: 0.8647
 910/1200 [=====================>........] - ETA: 0s - loss: 0.4357 - acc: 0.8648
 970/1200 [=======================>......] - ETA: 0s - loss: 0.4282 - acc: 0.8670
1030/1200 [========================>.....] - ETA: 0s - loss: 0.4339 - acc: 0.8631
1090/1200 [==========================>...] - ETA: 0s - loss: 0.4339 - acc: 0.8624
1150/1200 [===========================>..] - ETA: 0s - loss: 0.4357 - acc: 0.8583
1200/1200 [==============================] - 1s 910us/step - loss: 0.4298 - acc: 0.8617 - val_loss: 0.8037 - val_acc: 0.6765
Current time ....1.092
Train on 3900 samples, validate on 99 samples
Epoch 1/1

  10/3900 [..............................] - ETA: 3s - loss: 1.4754 - acc: 0.4000
  70/3900 [..............................] - ETA: 3s - loss: 1.5516 - acc: 0.4429
 130/3900 [>.............................] - ETA: 3s - loss: 1.5355 - acc: 0.4692
 190/3900 [>.............................] - ETA: 3s - loss: 1.5573 - acc: 0.4526
 250/3900 [>.............................] - ETA: 3s - loss: 1.5592 - acc: 0.4440
 310/3900 [=>............................] - ETA: 3s - loss: 1.5790 - acc: 0.4516
 370/3900 [=>............................] - ETA: 3s - loss: 1.5799 - acc: 0.4622
 430/3900 [==>...........................] - ETA: 3s - loss: 1.5810 - acc: 0.4744
 490/3900 [==>...........................] - ETA: 3s - loss: 1.5784 - acc: 0.4776
 550/3900 [===>..........................] - ETA: 2s - loss: 1.5864 - acc: 0.4745
 610/3900 [===>..........................] - ETA: 2s - loss: 1.5750 - acc: 0.4852
 670/3900 [====>.........................] - ETA: 2s - loss: 1.5820 - acc: 0.4836
 730/3900 [====>.........................] - ETA: 2s - loss: 1.5800 - acc: 0.4959
 790/3900 [=====>........................] - ETA: 2s - loss: 1.5855 - acc: 0.4899
 850/3900 [=====>........................] - ETA: 2s - loss: 1.5825 - acc: 0.5012
 910/3900 [======>.......................] - ETA: 2s - loss: 1.5789 - acc: 0.5077
 970/3900 [======>.......................] - ETA: 2s - loss: 1.5820 - acc: 0.5041
1030/3900 [======>.......................] - ETA: 2s - loss: 1.5843 - acc: 0.5087
1090/3900 [=======>......................] - ETA: 2s - loss: 1.5824 - acc: 0.5138
1150/3900 [=======>......................] - ETA: 2s - loss: 1.5849 - acc: 0.5157
1210/3900 [========>.....................] - ETA: 2s - loss: 1.5850 - acc: 0.5165
1270/3900 [========>.....................] - ETA: 2s - loss: 1.5797 - acc: 0.5220
1330/3900 [=========>....................] - ETA: 2s - loss: 1.5850 - acc: 0.5165
1390/3900 [=========>....................] - ETA: 2s - loss: 1.5822 - acc: 0.5151
1450/3900 [==========>...................] - ETA: 2s - loss: 1.5786 - acc: 0.5193
1510/3900 [==========>...................] - ETA: 2s - loss: 1.5764 - acc: 0.5199
1570/3900 [===========>..................] - ETA: 2s - loss: 1.5727 - acc: 0.5210
1630/3900 [===========>..................] - ETA: 2s - loss: 1.5714 - acc: 0.5209
1690/3900 [============>.................] - ETA: 1s - loss: 1.5687 - acc: 0.5219
1740/3900 [============>.................] - ETA: 1s - loss: 1.5644 - acc: 0.5241
1800/3900 [============>.................] - ETA: 1s - loss: 1.5639 - acc: 0.5239
1860/3900 [=============>................] - ETA: 1s - loss: 1.5628 - acc: 0.5231
1920/3900 [=============>................] - ETA: 1s - loss: 1.5633 - acc: 0.5219
1980/3900 [==============>...............] - ETA: 1s - loss: 1.5603 - acc: 0.5242
2040/3900 [==============>...............] - ETA: 1s - loss: 1.5613 - acc: 0.5216
2100/3900 [===============>..............] - ETA: 1s - loss: 1.5613 - acc: 0.5210
2160/3900 [===============>..............] - ETA: 1s - loss: 1.5569 - acc: 0.5213
2220/3900 [================>.............] - ETA: 1s - loss: 1.5569 - acc: 0.5225
2280/3900 [================>.............] - ETA: 1s - loss: 1.5542 - acc: 0.5254
2340/3900 [=================>............] - ETA: 1s - loss: 1.5516 - acc: 0.5278
2400/3900 [=================>............] - ETA: 1s - loss: 1.5496 - acc: 0.5271
2460/3900 [=================>............] - ETA: 1s - loss: 1.5487 - acc: 0.5256
2520/3900 [==================>...........] - ETA: 1s - loss: 1.5445 - acc: 0.5274
2580/3900 [==================>...........] - ETA: 1s - loss: 1.5427 - acc: 0.5271
2640/3900 [===================>..........] - ETA: 1s - loss: 1.5404 - acc: 0.5277
2700/3900 [===================>..........] - ETA: 1s - loss: 1.5407 - acc: 0.5274
2760/3900 [====================>.........] - ETA: 1s - loss: 1.5363 - acc: 0.5301
2820/3900 [====================>.........] - ETA: 0s - loss: 1.5362 - acc: 0.5287
2870/3900 [=====================>........] - ETA: 0s - loss: 1.5335 - acc: 0.5296
2930/3900 [=====================>........] - ETA: 0s - loss: 1.5302 - acc: 0.5321
2990/3900 [======================>.......] - ETA: 0s - loss: 1.5281 - acc: 0.5344
3050/3900 [======================>.......] - ETA: 0s - loss: 1.5267 - acc: 0.5334
3110/3900 [======================>.......] - ETA: 0s - loss: 1.5228 - acc: 0.5350
3170/3900 [=======================>......] - ETA: 0s - loss: 1.5214 - acc: 0.5360
3230/3900 [=======================>......] - ETA: 0s - loss: 1.5189 - acc: 0.5368
3290/3900 [========================>.....] - ETA: 0s - loss: 1.5161 - acc: 0.5383
3350/3900 [========================>.....] - ETA: 0s - loss: 1.5170 - acc: 0.5370
3410/3900 [=========================>....] - ETA: 0s - loss: 1.5156 - acc: 0.5381
3470/3900 [=========================>....] - ETA: 0s - loss: 1.5115 - acc: 0.5412
3530/3900 [==========================>...] - ETA: 0s - loss: 1.5100 - acc: 0.5422
3590/3900 [==========================>...] - ETA: 0s - loss: 1.5092 - acc: 0.5423
3650/3900 [===========================>..] - ETA: 0s - loss: 1.5059 - acc: 0.5425
3710/3900 [===========================>..] - ETA: 0s - loss: 1.5039 - acc: 0.5434
3770/3900 [============================>.] - ETA: 0s - loss: 1.5033 - acc: 0.5422
3830/3900 [============================>.] - ETA: 0s - loss: 1.5005 - acc: 0.5433
3890/3900 [============================>.] - ETA: 0s - loss: 1.4987 - acc: 0.5447
3900/3900 [==============================] - 4s 906us/step - loss: 1.4980 - acc: 0.5456 - val_loss: 1.6926 - val_acc: 0.4141
Current time ....3.536
Train on 600 samples, validate on 86 samples
Epoch 1/1

 10/600 [..............................] - ETA: 0s - loss: 0.2715 - acc: 1.0000
 70/600 [==>...........................] - ETA: 0s - loss: 0.1353 - acc: 1.0000
130/600 [=====>........................] - ETA: 0s - loss: 0.1204 - acc: 1.0000
190/600 [========>.....................] - ETA: 0s - loss: 0.1198 - acc: 1.0000
250/600 [===========>..................] - ETA: 0s - loss: 0.1199 - acc: 0.9960
310/600 [==============>...............] - ETA: 0s - loss: 0.1216 - acc: 0.9935
370/600 [=================>............] - ETA: 0s - loss: 0.1197 - acc: 0.9946
430/600 [====================>.........] - ETA: 0s - loss: 0.1161 - acc: 0.9930
490/600 [=======================>......] - ETA: 0s - loss: 0.1130 - acc: 0.9939
550/600 [==========================>...] - ETA: 0s - loss: 0.1132 - acc: 0.9945
600/600 [==============================] - 1s 937us/step - loss: 0.1117 - acc: 0.9950 - val_loss: 0.4183 - val_acc: 0.9186
Current time ....0.562
Train on 1200 samples, validate on 68 samples
Epoch 1/1

  10/1200 [..............................] - ETA: 1s - loss: 0.3908 - acc: 0.8000
  70/1200 [>.............................] - ETA: 1s - loss: 0.3773 - acc: 0.9000
 130/1200 [==>...........................] - ETA: 0s - loss: 0.3649 - acc: 0.9000
 190/1200 [===>..........................] - ETA: 0s - loss: 0.3492 - acc: 0.9105
 250/1200 [=====>........................] - ETA: 0s - loss: 0.3399 - acc: 0.9040
 310/1200 [======>.......................] - ETA: 0s - loss: 0.3495 - acc: 0.9032
 370/1200 [========>.....................] - ETA: 0s - loss: 0.3336 - acc: 0.9081
 430/1200 [=========>....................] - ETA: 0s - loss: 0.3348 - acc: 0.9070
 490/1200 [===========>..................] - ETA: 0s - loss: 0.3356 - acc: 0.9041
 550/1200 [============>.................] - ETA: 0s - loss: 0.3264 - acc: 0.9091
 610/1200 [==============>...............] - ETA: 0s - loss: 0.3306 - acc: 0.9098
 670/1200 [===============>..............] - ETA: 0s - loss: 0.3307 - acc: 0.9090
 730/1200 [=================>............] - ETA: 0s - loss: 0.3270 - acc: 0.9082
 790/1200 [==================>...........] - ETA: 0s - loss: 0.3285 - acc: 0.9127
 850/1200 [====================>.........] - ETA: 0s - loss: 0.3282 - acc: 0.9118
 910/1200 [=====================>........] - ETA: 0s - loss: 0.3203 - acc: 0.9154
 970/1200 [=======================>......] - ETA: 0s - loss: 0.3164 - acc: 0.9206
1030/1200 [========================>.....] - ETA: 0s - loss: 0.3130 - acc: 0.9223
1090/1200 [==========================>...] - ETA: 0s - loss: 0.3127 - acc: 0.9229
1150/1200 [===========================>..] - ETA: 0s - loss: 0.3122 - acc: 0.9235
1200/1200 [==============================] - 1s 913us/step - loss: 0.3104 - acc: 0.9217 - val_loss: 0.7157 - val_acc: 0.6765
Current time ....1.096
Train on 3900 samples, validate on 99 samples
Epoch 1/1

  10/3900 [..............................] - ETA: 3s - loss: 1.0977 - acc: 0.9000
  70/3900 [..............................] - ETA: 3s - loss: 1.4263 - acc: 0.6429
 130/3900 [>.............................] - ETA: 3s - loss: 1.3487 - acc: 0.6538
 190/3900 [>.............................] - ETA: 3s - loss: 1.3898 - acc: 0.6316
 250/3900 [>.............................] - ETA: 3s - loss: 1.3855 - acc: 0.6160
 310/3900 [=>............................] - ETA: 3s - loss: 1.3851 - acc: 0.6226
 370/3900 [=>............................] - ETA: 3s - loss: 1.3703 - acc: 0.6270
 430/3900 [==>...........................] - ETA: 3s - loss: 1.3651 - acc: 0.6279
 490/3900 [==>...........................] - ETA: 3s - loss: 1.3591 - acc: 0.6245
 550/3900 [===>..........................] - ETA: 3s - loss: 1.3580 - acc: 0.6073
 610/3900 [===>..........................] - ETA: 2s - loss: 1.3742 - acc: 0.5852
 670/3900 [====>.........................] - ETA: 2s - loss: 1.3714 - acc: 0.5836
 730/3900 [====>.........................] - ETA: 2s - loss: 1.3660 - acc: 0.5808
 790/3900 [=====>........................] - ETA: 2s - loss: 1.3596 - acc: 0.5810
 850/3900 [=====>........................] - ETA: 2s - loss: 1.3670 - acc: 0.5753
 910/3900 [======>.......................] - ETA: 2s - loss: 1.3582 - acc: 0.5824
 970/3900 [======>.......................] - ETA: 2s - loss: 1.3524 - acc: 0.5876
1030/3900 [======>.......................] - ETA: 2s - loss: 1.3517 - acc: 0.5874
1090/3900 [=======>......................] - ETA: 2s - loss: 1.3531 - acc: 0.5899
1150/3900 [=======>......................] - ETA: 2s - loss: 1.3408 - acc: 0.5930
1210/3900 [========>.....................] - ETA: 2s - loss: 1.3405 - acc: 0.5901
1270/3900 [========>.....................] - ETA: 2s - loss: 1.3390 - acc: 0.5913
1330/3900 [=========>....................] - ETA: 2s - loss: 1.3338 - acc: 0.5932
1390/3900 [=========>....................] - ETA: 2s - loss: 1.3326 - acc: 0.5935
1450/3900 [==========>...................] - ETA: 2s - loss: 1.3296 - acc: 0.5959
1510/3900 [==========>...................] - ETA: 2s - loss: 1.3275 - acc: 0.5993
1570/3900 [===========>..................] - ETA: 2s - loss: 1.3244 - acc: 0.5981
1630/3900 [===========>..................] - ETA: 2s - loss: 1.3205 - acc: 0.6000
1690/3900 [============>.................] - ETA: 1s - loss: 1.3188 - acc: 0.6018
1750/3900 [============>.................] - ETA: 1s - loss: 1.3163 - acc: 0.6034
1810/3900 [============>.................] - ETA: 1s - loss: 1.3110 - acc: 0.6022
1870/3900 [=============>................] - ETA: 1s - loss: 1.3160 - acc: 0.6005
1930/3900 [=============>................] - ETA: 1s - loss: 1.3158 - acc: 0.6016
1990/3900 [==============>...............] - ETA: 1s - loss: 1.3132 - acc: 0.6045
2050/3900 [==============>...............] - ETA: 1s - loss: 1.3150 - acc: 0.6034
2110/3900 [===============>..............] - ETA: 1s - loss: 1.3155 - acc: 0.6028
2170/3900 [===============>..............] - ETA: 1s - loss: 1.3150 - acc: 0.6023
2230/3900 [================>.............] - ETA: 1s - loss: 1.3141 - acc: 0.6009
2290/3900 [================>.............] - ETA: 1s - loss: 1.3120 - acc: 0.6009
2350/3900 [=================>............] - ETA: 1s - loss: 1.3118 - acc: 0.5987
2410/3900 [=================>............] - ETA: 1s - loss: 1.3109 - acc: 0.5988
2470/3900 [==================>...........] - ETA: 1s - loss: 1.3081 - acc: 0.6004
2530/3900 [==================>...........] - ETA: 1s - loss: 1.3069 - acc: 0.6000
2590/3900 [==================>...........] - ETA: 1s - loss: 1.3077 - acc: 0.5996
2650/3900 [===================>..........] - ETA: 1s - loss: 1.3052 - acc: 0.6004
2710/3900 [===================>..........] - ETA: 1s - loss: 1.3041 - acc: 0.6004
2770/3900 [====================>.........] - ETA: 1s - loss: 1.3024 - acc: 0.6011
2830/3900 [====================>.........] - ETA: 0s - loss: 1.2966 - acc: 0.6025
2890/3900 [=====================>........] - ETA: 0s - loss: 1.2987 - acc: 0.6000
2950/3900 [=====================>........] - ETA: 0s - loss: 1.2951 - acc: 0.6020
3000/3900 [======================>.......] - ETA: 0s - loss: 1.2942 - acc: 0.6027
3060/3900 [======================>.......] - ETA: 0s - loss: 1.2910 - acc: 0.6039
3120/3900 [=======================>......] - ETA: 0s - loss: 1.2879 - acc: 0.6054
3180/3900 [=======================>......] - ETA: 0s - loss: 1.2847 - acc: 0.6069
3240/3900 [=======================>......] - ETA: 0s - loss: 1.2844 - acc: 0.6074
3300/3900 [========================>.....] - ETA: 0s - loss: 1.2836 - acc: 0.6064
3360/3900 [========================>.....] - ETA: 0s - loss: 1.2820 - acc: 0.6068
3420/3900 [=========================>....] - ETA: 0s - loss: 1.2799 - acc: 0.6070
3480/3900 [=========================>....] - ETA: 0s - loss: 1.2782 - acc: 0.6066
3540/3900 [==========================>...] - ETA: 0s - loss: 1.2766 - acc: 0.6059
3600/3900 [==========================>...] - ETA: 0s - loss: 1.2758 - acc: 0.6053
3660/3900 [===========================>..] - ETA: 0s - loss: 1.2722 - acc: 0.6063
3720/3900 [===========================>..] - ETA: 0s - loss: 1.2700 - acc: 0.6073
3780/3900 [============================>.] - ETA: 0s - loss: 1.2688 - acc: 0.6074
3840/3900 [============================>.] - ETA: 0s - loss: 1.2665 - acc: 0.6078
3900/3900 [==============================] - 4s 905us/step - loss: 1.2669 - acc: 0.6072 - val_loss: 1.6858 - val_acc: 0.4141
Current time ....3.530
Train on 600 samples, validate on 86 samples
Epoch 1/1

 10/600 [..............................] - ETA: 0s - loss: 0.0550 - acc: 1.0000
 70/600 [==>...........................] - ETA: 0s - loss: 0.0723 - acc: 1.0000
130/600 [=====>........................] - ETA: 0s - loss: 0.0705 - acc: 1.0000
190/600 [========>.....................] - ETA: 0s - loss: 0.0801 - acc: 0.9947
250/600 [===========>..................] - ETA: 0s - loss: 0.0843 - acc: 0.9920
310/600 [==============>...............] - ETA: 0s - loss: 0.0828 - acc: 0.9935
360/600 [=================>............] - ETA: 0s - loss: 0.0827 - acc: 0.9917
420/600 [====================>.........] - ETA: 0s - loss: 0.0838 - acc: 0.9905
480/600 [=======================>......] - ETA: 0s - loss: 0.0834 - acc: 0.9896
540/600 [==========================>...] - ETA: 0s - loss: 0.0808 - acc: 0.9907
600/600 [==============================] - 1s 952us/step - loss: 0.0792 - acc: 0.9917 - val_loss: 0.4197 - val_acc: 0.9186
Current time ....0.571
Train on 1200 samples, validate on 68 samples
Epoch 1/1

  10/1200 [..............................] - ETA: 1s - loss: 0.1235 - acc: 1.0000
  70/1200 [>.............................] - ETA: 1s - loss: 0.2320 - acc: 0.9714
 130/1200 [==>...........................] - ETA: 0s - loss: 0.2149 - acc: 0.9769
 190/1200 [===>..........................] - ETA: 0s - loss: 0.2360 - acc: 0.9632
 250/1200 [=====>........................] - ETA: 0s - loss: 0.2422 - acc: 0.9480
 310/1200 [======>.......................] - ETA: 0s - loss: 0.2443 - acc: 0.9484
 370/1200 [========>.....................] - ETA: 0s - loss: 0.2480 - acc: 0.9514
 430/1200 [=========>....................] - ETA: 0s - loss: 0.2401 - acc: 0.9558
 490/1200 [===========>..................] - ETA: 0s - loss: 0.2320 - acc: 0.9592
 550/1200 [============>.................] - ETA: 0s - loss: 0.2300 - acc: 0.9582
 610/1200 [==============>...............] - ETA: 0s - loss: 0.2330 - acc: 0.9557
 670/1200 [===============>..............] - ETA: 0s - loss: 0.2283 - acc: 0.9552
 730/1200 [=================>............] - ETA: 0s - loss: 0.2304 - acc: 0.9521
 790/1200 [==================>...........] - ETA: 0s - loss: 0.2312 - acc: 0.9506
 850/1200 [====================>.........] - ETA: 0s - loss: 0.2288 - acc: 0.9518
 910/1200 [=====================>........] - ETA: 0s - loss: 0.2264 - acc: 0.9516
 970/1200 [=======================>......] - ETA: 0s - loss: 0.2274 - acc: 0.9515
1030/1200 [========================>.....] - ETA: 0s - loss: 0.2260 - acc: 0.9515
1090/1200 [==========================>...] - ETA: 0s - loss: 0.2303 - acc: 0.9495
1150/1200 [===========================>..] - ETA: 0s - loss: 0.2297 - acc: 0.9504
1200/1200 [==============================] - 1s 909us/step - loss: 0.2304 - acc: 0.9492 - val_loss: 0.6383 - val_acc: 0.7353
Current time ....1.091
Train on 3900 samples, validate on 99 samples
Epoch 1/1

  10/3900 [..............................] - ETA: 3s - loss: 1.2455 - acc: 0.6000
  70/3900 [..............................] - ETA: 3s - loss: 1.1521 - acc: 0.6571
 130/3900 [>.............................] - ETA: 3s - loss: 1.1880 - acc: 0.6231
 190/3900 [>.............................] - ETA: 3s - loss: 1.1631 - acc: 0.6421
 250/3900 [>.............................] - ETA: 3s - loss: 1.1238 - acc: 0.6440
 310/3900 [=>............................] - ETA: 3s - loss: 1.1398 - acc: 0.6323
 370/3900 [=>............................] - ETA: 3s - loss: 1.1312 - acc: 0.6351
 430/3900 [==>...........................] - ETA: 3s - loss: 1.1353 - acc: 0.6326
 490/3900 [==>...........................] - ETA: 3s - loss: 1.1345 - acc: 0.6367
 550/3900 [===>..........................] - ETA: 3s - loss: 1.1442 - acc: 0.6327
 610/3900 [===>..........................] - ETA: 2s - loss: 1.1321 - acc: 0.6393
 670/3900 [====>.........................] - ETA: 2s - loss: 1.1253 - acc: 0.6433
 730/3900 [====>.........................] - ETA: 2s - loss: 1.1294 - acc: 0.6452
 790/3900 [=====>........................] - ETA: 2s - loss: 1.1360 - acc: 0.6430
 850/3900 [=====>........................] - ETA: 2s - loss: 1.1271 - acc: 0.6494
 910/3900 [======>.......................] - ETA: 2s - loss: 1.1265 - acc: 0.6484
 970/3900 [======>.......................] - ETA: 2s - loss: 1.1200 - acc: 0.6505
1030/3900 [======>.......................] - ETA: 2s - loss: 1.1225 - acc: 0.6515
1090/3900 [=======>......................] - ETA: 2s - loss: 1.1239 - acc: 0.6486
1150/3900 [=======>......................] - ETA: 2s - loss: 1.1262 - acc: 0.6461
1210/3900 [========>.....................] - ETA: 2s - loss: 1.1263 - acc: 0.6496
1270/3900 [========>.....................] - ETA: 2s - loss: 1.1288 - acc: 0.6488
1330/3900 [=========>....................] - ETA: 2s - loss: 1.1253 - acc: 0.6504
1390/3900 [=========>....................] - ETA: 2s - loss: 1.1221 - acc: 0.6489
1450/3900 [==========>...................] - ETA: 2s - loss: 1.1247 - acc: 0.6483
1510/3900 [==========>...................] - ETA: 2s - loss: 1.1229 - acc: 0.6483
1570/3900 [===========>..................] - ETA: 2s - loss: 1.1148 - acc: 0.6529
1630/3900 [===========>..................] - ETA: 2s - loss: 1.1063 - acc: 0.6558
1690/3900 [============>.................] - ETA: 1s - loss: 1.1082 - acc: 0.6544
1750/3900 [============>.................] - ETA: 1s - loss: 1.1069 - acc: 0.6566
1810/3900 [============>.................] - ETA: 1s - loss: 1.1080 - acc: 0.6564
1870/3900 [=============>................] - ETA: 1s - loss: 1.1080 - acc: 0.6561
1930/3900 [=============>................] - ETA: 1s - loss: 1.1063 - acc: 0.6560
1990/3900 [==============>...............] - ETA: 1s - loss: 1.1056 - acc: 0.6558
2050/3900 [==============>...............] - ETA: 1s - loss: 1.1007 - acc: 0.6576
2110/3900 [===============>..............] - ETA: 1s - loss: 1.1013 - acc: 0.6592
2170/3900 [===============>..............] - ETA: 1s - loss: 1.1002 - acc: 0.6590
2230/3900 [================>.............] - ETA: 1s - loss: 1.0959 - acc: 0.6605
2290/3900 [================>.............] - ETA: 1s - loss: 1.0926 - acc: 0.6624
2350/3900 [=================>............] - ETA: 1s - loss: 1.0880 - acc: 0.6638
2410/3900 [=================>............] - ETA: 1s - loss: 1.0894 - acc: 0.6647
2470/3900 [==================>...........] - ETA: 1s - loss: 1.0902 - acc: 0.6640
2530/3900 [==================>...........] - ETA: 1s - loss: 1.0874 - acc: 0.6660
2590/3900 [==================>...........] - ETA: 1s - loss: 1.0874 - acc: 0.6653
2650/3900 [===================>..........] - ETA: 1s - loss: 1.0870 - acc: 0.6653
2710/3900 [===================>..........] - ETA: 1s - loss: 1.0877 - acc: 0.6638
2770/3900 [====================>.........] - ETA: 1s - loss: 1.0867 - acc: 0.6635
2830/3900 [====================>.........] - ETA: 0s - loss: 1.0873 - acc: 0.6611
2890/3900 [=====================>........] - ETA: 0s - loss: 1.0856 - acc: 0.6623
2950/3900 [=====================>........] - ETA: 0s - loss: 1.0892 - acc: 0.6597
3010/3900 [======================>.......] - ETA: 0s - loss: 1.0885 - acc: 0.6601
3070/3900 [======================>.......] - ETA: 0s - loss: 1.0872 - acc: 0.6596
3130/3900 [=======================>......] - ETA: 0s - loss: 1.0842 - acc: 0.6604
3190/3900 [=======================>......] - ETA: 0s - loss: 1.0806 - acc: 0.6611
3250/3900 [========================>.....] - ETA: 0s - loss: 1.0787 - acc: 0.6612
3310/3900 [========================>.....] - ETA: 0s - loss: 1.0767 - acc: 0.6622
3370/3900 [========================>.....] - ETA: 0s - loss: 1.0751 - acc: 0.6632
3430/3900 [=========================>....] - ETA: 0s - loss: 1.0747 - acc: 0.6641
3490/3900 [=========================>....] - ETA: 0s - loss: 1.0726 - acc: 0.6653
3550/3900 [==========================>...] - ETA: 0s - loss: 1.0723 - acc: 0.6648
3610/3900 [==========================>...] - ETA: 0s - loss: 1.0683 - acc: 0.6668
3670/3900 [===========================>..] - ETA: 0s - loss: 1.0661 - acc: 0.6665
3730/3900 [===========================>..] - ETA: 0s - loss: 1.0633 - acc: 0.6676
3790/3900 [============================>.] - ETA: 0s - loss: 1.0612 - acc: 0.6681
3850/3900 [============================>.] - ETA: 0s - loss: 1.0577 - acc: 0.6691
3900/3900 [==============================] - 4s 905us/step - loss: 1.0554 - acc: 0.6695 - val_loss: 1.6392 - val_acc: 0.3939
Current time ....3.531
Train on 600 samples, validate on 86 samples
Epoch 1/1

 10/600 [..............................] - ETA: 0s - loss: 0.0587 - acc: 1.0000
 70/600 [==>...........................] - ETA: 0s - loss: 0.0514 - acc: 1.0000
130/600 [=====>........................] - ETA: 0s - loss: 0.0557 - acc: 1.0000
190/600 [========>.....................] - ETA: 0s - loss: 0.0542 - acc: 0.9947
250/600 [===========>..................] - ETA: 0s - loss: 0.0495 - acc: 0.9960
310/600 [==============>...............] - ETA: 0s - loss: 0.0513 - acc: 0.9968
370/600 [=================>............] - ETA: 0s - loss: 0.0535 - acc: 0.9973
430/600 [====================>.........] - ETA: 0s - loss: 0.0519 - acc: 0.9977
490/600 [=======================>......] - ETA: 0s - loss: 0.0518 - acc: 0.9959
550/600 [==========================>...] - ETA: 0s - loss: 0.0524 - acc: 0.9964
600/600 [==============================] - 1s 919us/step - loss: 0.0583 - acc: 0.9933 - val_loss: 0.4806 - val_acc: 0.9186
Current time ....0.551
Train on 1200 samples, validate on 68 samples
Epoch 1/1

  10/1200 [..............................] - ETA: 1s - loss: 0.3515 - acc: 0.8000
  70/1200 [>.............................] - ETA: 1s - loss: 0.2697 - acc: 0.9286
 130/1200 [==>...........................] - ETA: 0s - loss: 0.1994 - acc: 0.9615
 190/1200 [===>..........................] - ETA: 0s - loss: 0.2073 - acc: 0.9579
 250/1200 [=====>........................] - ETA: 0s - loss: 0.1896 - acc: 0.9600
 310/1200 [======>.......................] - ETA: 0s - loss: 0.1899 - acc: 0.9645
 370/1200 [========>.....................] - ETA: 0s - loss: 0.1843 - acc: 0.9622
 430/1200 [=========>....................] - ETA: 0s - loss: 0.1844 - acc: 0.9628
 490/1200 [===========>..................] - ETA: 0s - loss: 0.1783 - acc: 0.9673
 550/1200 [============>.................] - ETA: 0s - loss: 0.1807 - acc: 0.9636
 610/1200 [==============>...............] - ETA: 0s - loss: 0.1780 - acc: 0.9656
 670/1200 [===============>..............] - ETA: 0s - loss: 0.1771 - acc: 0.9642
 730/1200 [=================>............] - ETA: 0s - loss: 0.1746 - acc: 0.9644
 790/1200 [==================>...........] - ETA: 0s - loss: 0.1723 - acc: 0.9646
 850/1200 [====================>.........] - ETA: 0s - loss: 0.1727 - acc: 0.9624
 910/1200 [=====================>........] - ETA: 0s - loss: 0.1684 - acc: 0.9637
 970/1200 [=======================>......] - ETA: 0s - loss: 0.1659 - acc: 0.9639
1030/1200 [========================>.....] - ETA: 0s - loss: 0.1676 - acc: 0.9621
1090/1200 [==========================>...] - ETA: 0s - loss: 0.1661 - acc: 0.9624
1150/1200 [===========================>..] - ETA: 0s - loss: 0.1653 - acc: 0.9635
1200/1200 [==============================] - 1s 909us/step - loss: 0.1639 - acc: 0.9642 - val_loss: 0.7670 - val_acc: 0.6471
Current time ....1.092
Train on 3900 samples, validate on 99 samples
Epoch 1/1

  10/3900 [..............................] - ETA: 3s - loss: 0.6785 - acc: 0.9000
  70/3900 [..............................] - ETA: 3s - loss: 0.9041 - acc: 0.7714
 130/3900 [>.............................] - ETA: 3s - loss: 0.9490 - acc: 0.7308
 190/3900 [>.............................] - ETA: 3s - loss: 0.9499 - acc: 0.7105
 250/3900 [>.............................] - ETA: 3s - loss: 0.9281 - acc: 0.7120
 310/3900 [=>............................] - ETA: 3s - loss: 0.9204 - acc: 0.7194
 370/3900 [=>............................] - ETA: 3s - loss: 0.9315 - acc: 0.7162
 430/3900 [==>...........................] - ETA: 3s - loss: 0.9378 - acc: 0.7070
 490/3900 [==>...........................] - ETA: 3s - loss: 0.9259 - acc: 0.7102
 550/3900 [===>..........................] - ETA: 3s - loss: 0.9076 - acc: 0.7182
 610/3900 [===>..........................] - ETA: 2s - loss: 0.8890 - acc: 0.7230
 670/3900 [====>.........................] - ETA: 2s - loss: 0.8817 - acc: 0.7284
 730/3900 [====>.........................] - ETA: 2s - loss: 0.8791 - acc: 0.7301
 790/3900 [=====>........................] - ETA: 2s - loss: 0.8780 - acc: 0.7253
 850/3900 [=====>........................] - ETA: 2s - loss: 0.8826 - acc: 0.7188
 910/3900 [======>.......................] - ETA: 2s - loss: 0.8784 - acc: 0.7231
 970/3900 [======>.......................] - ETA: 2s - loss: 0.8688 - acc: 0.7289
1030/3900 [======>.......................] - ETA: 2s - loss: 0.8654 - acc: 0.7330
1090/3900 [=======>......................] - ETA: 2s - loss: 0.8700 - acc: 0.7284
1150/3900 [=======>......................] - ETA: 2s - loss: 0.8741 - acc: 0.7252
1210/3900 [========>.....................] - ETA: 2s - loss: 0.8768 - acc: 0.7264
1270/3900 [========>.....................] - ETA: 2s - loss: 0.8738 - acc: 0.7299
1330/3900 [=========>....................] - ETA: 2s - loss: 0.8700 - acc: 0.7316
1390/3900 [=========>....................] - ETA: 2s - loss: 0.8739 - acc: 0.7281
1450/3900 [==========>...................] - ETA: 2s - loss: 0.8795 - acc: 0.7228
1510/3900 [==========>...................] - ETA: 2s - loss: 0.8783 - acc: 0.7232
1570/3900 [===========>..................] - ETA: 2s - loss: 0.8767 - acc: 0.7229
1630/3900 [===========>..................] - ETA: 2s - loss: 0.8804 - acc: 0.7221
1690/3900 [============>.................] - ETA: 2s - loss: 0.8810 - acc: 0.7213
1750/3900 [============>.................] - ETA: 1s - loss: 0.8796 - acc: 0.7240
1810/3900 [============>.................] - ETA: 1s - loss: 0.8785 - acc: 0.7232
1870/3900 [=============>................] - ETA: 1s - loss: 0.8772 - acc: 0.7235
1930/3900 [=============>................] - ETA: 1s - loss: 0.8741 - acc: 0.7244
1990/3900 [==============>...............] - ETA: 1s - loss: 0.8736 - acc: 0.7236
2050/3900 [==============>...............] - ETA: 1s - loss: 0.8751 - acc: 0.7224
2110/3900 [===============>..............] - ETA: 1s - loss: 0.8785 - acc: 0.7218
2170/3900 [===============>..............] - ETA: 1s - loss: 0.8822 - acc: 0.7189
2230/3900 [================>.............] - ETA: 1s - loss: 0.8812 - acc: 0.7197
2290/3900 [================>.............] - ETA: 1s - loss: 0.8819 - acc: 0.7188
2350/3900 [=================>............] - ETA: 1s - loss: 0.8843 - acc: 0.7162
2410/3900 [=================>............] - ETA: 1s - loss: 0.8820 - acc: 0.7178
2470/3900 [==================>...........] - ETA: 1s - loss: 0.8848 - acc: 0.7162
2530/3900 [==================>...........] - ETA: 1s - loss: 0.8848 - acc: 0.7162
2590/3900 [==================>...........] - ETA: 1s - loss: 0.8841 - acc: 0.7170
2650/3900 [===================>..........] - ETA: 1s - loss: 0.8842 - acc: 0.7162
2710/3900 [===================>..........] - ETA: 1s - loss: 0.8821 - acc: 0.7185
2770/3900 [====================>.........] - ETA: 1s - loss: 0.8805 - acc: 0.7188
2830/3900 [====================>.........] - ETA: 0s - loss: 0.8810 - acc: 0.7173
2890/3900 [=====================>........] - ETA: 0s - loss: 0.8766 - acc: 0.7204
2950/3900 [=====================>........] - ETA: 0s - loss: 0.8809 - acc: 0.7186
3010/3900 [======================>.......] - ETA: 0s - loss: 0.8759 - acc: 0.7223
3070/3900 [======================>.......] - ETA: 0s - loss: 0.8744 - acc: 0.7228
3130/3900 [=======================>......] - ETA: 0s - loss: 0.8725 - acc: 0.7236
3190/3900 [=======================>......] - ETA: 0s - loss: 0.8737 - acc: 0.7219
3250/3900 [========================>.....] - ETA: 0s - loss: 0.8706 - acc: 0.7237
3310/3900 [========================>.....] - ETA: 0s - loss: 0.8712 - acc: 0.7230
3370/3900 [========================>.....] - ETA: 0s - loss: 0.8735 - acc: 0.7217
3430/3900 [=========================>....] - ETA: 0s - loss: 0.8737 - acc: 0.7213
3490/3900 [=========================>....] - ETA: 0s - loss: 0.8736 - acc: 0.7203
3550/3900 [==========================>...] - ETA: 0s - loss: 0.8753 - acc: 0.7203
3610/3900 [==========================>...] - ETA: 0s - loss: 0.8725 - acc: 0.7213
3670/3900 [===========================>..] - ETA: 0s - loss: 0.8715 - acc: 0.7210
3730/3900 [===========================>..] - ETA: 0s - loss: 0.8707 - acc: 0.7214
3790/3900 [============================>.] - ETA: 0s - loss: 0.8683 - acc: 0.7224
3850/3900 [============================>.] - ETA: 0s - loss: 0.8669 - acc: 0.7242
3900/3900 [==============================] - 4s 909us/step - loss: 0.8672 - acc: 0.7241 - val_loss: 1.5362 - val_acc: 0.4646
Current time ....3.544
Train on 600 samples, validate on 86 samples
Epoch 1/1

 10/600 [..............................] - ETA: 0s - loss: 0.0245 - acc: 1.0000
 70/600 [==>...........................] - ETA: 0s - loss: 0.0406 - acc: 1.0000
130/600 [=====>........................] - ETA: 0s - loss: 0.0480 - acc: 1.0000
190/600 [========>.....................] - ETA: 0s - loss: 0.0452 - acc: 1.0000
250/600 [===========>..................] - ETA: 0s - loss: 0.0442 - acc: 1.0000
310/600 [==============>...............] - ETA: 0s - loss: 0.0480 - acc: 0.9935
370/600 [=================>............] - ETA: 0s - loss: 0.0467 - acc: 0.9946
430/600 [====================>.........] - ETA: 0s - loss: 0.0463 - acc: 0.9953
490/600 [=======================>......] - ETA: 0s - loss: 0.0462 - acc: 0.9939
550/600 [==========================>...] - ETA: 0s - loss: 0.0450 - acc: 0.9945
600/600 [==============================] - 1s 929us/step - loss: 0.0454 - acc: 0.9950 - val_loss: 0.4616 - val_acc: 0.9186
Current time ....0.558
Train on 1200 samples, validate on 68 samples
Epoch 1/1

  10/1200 [..............................] - ETA: 1s - loss: 0.0983 - acc: 1.0000
  70/1200 [>.............................] - ETA: 1s - loss: 0.1175 - acc: 1.0000
 130/1200 [==>...........................] - ETA: 0s - loss: 0.1219 - acc: 0.9846
 190/1200 [===>..........................] - ETA: 0s - loss: 0.1123 - acc: 0.9895
 250/1200 [=====>........................] - ETA: 0s - loss: 0.1019 - acc: 0.9920
 310/1200 [======>.......................] - ETA: 0s - loss: 0.1075 - acc: 0.9935
 370/1200 [========>.....................] - ETA: 0s - loss: 0.1131 - acc: 0.9865
 430/1200 [=========>....................] - ETA: 0s - loss: 0.1235 - acc: 0.9814
 490/1200 [===========>..................] - ETA: 0s - loss: 0.1229 - acc: 0.9837
 550/1200 [============>.................] - ETA: 0s - loss: 0.1194 - acc: 0.9855
 610/1200 [==============>...............] - ETA: 0s - loss: 0.1211 - acc: 0.9869
 670/1200 [===============>..............] - ETA: 0s - loss: 0.1222 - acc: 0.9851
 730/1200 [=================>............] - ETA: 0s - loss: 0.1240 - acc: 0.9836
 790/1200 [==================>...........] - ETA: 0s - loss: 0.1220 - acc: 0.9835
 850/1200 [====================>.........] - ETA: 0s - loss: 0.1206 - acc: 0.9835
 910/1200 [=====================>........] - ETA: 0s - loss: 0.1207 - acc: 0.9824
 970/1200 [=======================>......] - ETA: 0s - loss: 0.1197 - acc: 0.9825
1030/1200 [========================>.....] - ETA: 0s - loss: 0.1179 - acc: 0.9835
1090/1200 [==========================>...] - ETA: 0s - loss: 0.1170 - acc: 0.9835
1150/1200 [===========================>..] - ETA: 0s - loss: 0.1157 - acc: 0.9835
1200/1200 [==============================] - 1s 911us/step - loss: 0.1138 - acc: 0.9842 - val_loss: 0.8195 - val_acc: 0.7353
Current time ....1.093
Train on 3900 samples, validate on 99 samples
Epoch 1/1

  10/3900 [..............................] - ETA: 3s - loss: 0.7747 - acc: 0.9000
  70/3900 [..............................] - ETA: 3s - loss: 0.8607 - acc: 0.7286
 130/3900 [>.............................] - ETA: 3s - loss: 0.8459 - acc: 0.7077
 190/3900 [>.............................] - ETA: 3s - loss: 0.8181 - acc: 0.7316
 250/3900 [>.............................] - ETA: 3s - loss: 0.8055 - acc: 0.7440
 310/3900 [=>............................] - ETA: 3s - loss: 0.7842 - acc: 0.7484
 370/3900 [=>............................] - ETA: 3s - loss: 0.7914 - acc: 0.7378
 430/3900 [==>...........................] - ETA: 3s - loss: 0.7929 - acc: 0.7326
 490/3900 [==>...........................] - ETA: 3s - loss: 0.7743 - acc: 0.7388
 550/3900 [===>..........................] - ETA: 3s - loss: 0.7717 - acc: 0.7364
 610/3900 [===>..........................] - ETA: 2s - loss: 0.7518 - acc: 0.7459
 670/3900 [====>.........................] - ETA: 2s - loss: 0.7516 - acc: 0.7478
 730/3900 [====>.........................] - ETA: 2s - loss: 0.7535 - acc: 0.7466
 790/3900 [=====>........................] - ETA: 2s - loss: 0.7462 - acc: 0.7494
 850/3900 [=====>........................] - ETA: 2s - loss: 0.7442 - acc: 0.7529
 910/3900 [======>.......................] - ETA: 2s - loss: 0.7502 - acc: 0.7527
 970/3900 [======>.......................] - ETA: 2s - loss: 0.7532 - acc: 0.7526
1030/3900 [======>.......................] - ETA: 2s - loss: 0.7505 - acc: 0.7534
1090/3900 [=======>......................] - ETA: 2s - loss: 0.7505 - acc: 0.7514
1150/3900 [=======>......................] - ETA: 2s - loss: 0.7482 - acc: 0.7539
1210/3900 [========>.....................] - ETA: 2s - loss: 0.7548 - acc: 0.7504
1270/3900 [========>.....................] - ETA: 2s - loss: 0.7511 - acc: 0.7520
1330/3900 [=========>....................] - ETA: 2s - loss: 0.7489 - acc: 0.7519
1390/3900 [=========>....................] - ETA: 2s - loss: 0.7484 - acc: 0.7525
1450/3900 [==========>...................] - ETA: 2s - loss: 0.7535 - acc: 0.7497
1510/3900 [==========>...................] - ETA: 2s - loss: 0.7507 - acc: 0.7517
1570/3900 [===========>..................] - ETA: 2s - loss: 0.7581 - acc: 0.7478
1630/3900 [===========>..................] - ETA: 2s - loss: 0.7572 - acc: 0.7460
1690/3900 [============>.................] - ETA: 1s - loss: 0.7591 - acc: 0.7462
1750/3900 [============>.................] - ETA: 1s - loss: 0.7582 - acc: 0.7463
1810/3900 [============>.................] - ETA: 1s - loss: 0.7549 - acc: 0.7503
1870/3900 [=============>................] - ETA: 1s - loss: 0.7583 - acc: 0.7481
1930/3900 [=============>................] - ETA: 1s - loss: 0.7557 - acc: 0.7492
1990/3900 [==============>...............] - ETA: 1s - loss: 0.7539 - acc: 0.7503
2050/3900 [==============>...............] - ETA: 1s - loss: 0.7549 - acc: 0.7512
2110/3900 [===============>..............] - ETA: 1s - loss: 0.7543 - acc: 0.7526
2170/3900 [===============>..............] - ETA: 1s - loss: 0.7522 - acc: 0.7525
2230/3900 [================>.............] - ETA: 1s - loss: 0.7496 - acc: 0.7543
2290/3900 [================>.............] - ETA: 1s - loss: 0.7498 - acc: 0.7533
2340/3900 [=================>............] - ETA: 1s - loss: 0.7440 - acc: 0.7573
2400/3900 [=================>............] - ETA: 1s - loss: 0.7414 - acc: 0.7579
2460/3900 [=================>............] - ETA: 1s - loss: 0.7402 - acc: 0.7593
2520/3900 [==================>...........] - ETA: 1s - loss: 0.7385 - acc: 0.7603
2580/3900 [==================>...........] - ETA: 1s - loss: 0.7349 - acc: 0.7612
2640/3900 [===================>..........] - ETA: 1s - loss: 0.7330 - acc: 0.7617
2700/3900 [===================>..........] - ETA: 1s - loss: 0.7345 - acc: 0.7604
2760/3900 [====================>.........] - ETA: 1s - loss: 0.7324 - acc: 0.7627
2820/3900 [====================>.........] - ETA: 0s - loss: 0.7295 - acc: 0.7638
2880/3900 [=====================>........] - ETA: 0s - loss: 0.7327 - acc: 0.7618
2940/3900 [=====================>........] - ETA: 0s - loss: 0.7330 - acc: 0.7616
3000/3900 [======================>.......] - ETA: 0s - loss: 0.7329 - acc: 0.7610
3060/3900 [======================>.......] - ETA: 0s - loss: 0.7306 - acc: 0.7614
3120/3900 [=======================>......] - ETA: 0s - loss: 0.7283 - acc: 0.7625
3180/3900 [=======================>......] - ETA: 0s - loss: 0.7283 - acc: 0.7619
3240/3900 [=======================>......] - ETA: 0s - loss: 0.7272 - acc: 0.7627
3300/3900 [========================>.....] - ETA: 0s - loss: 0.7243 - acc: 0.7639
3360/3900 [========================>.....] - ETA: 0s - loss: 0.7229 - acc: 0.7643
3420/3900 [=========================>....] - ETA: 0s - loss: 0.7185 - acc: 0.7658
3480/3900 [=========================>....] - ETA: 0s - loss: 0.7177 - acc: 0.7672
3540/3900 [==========================>...] - ETA: 0s - loss: 0.7165 - acc: 0.7672
3600/3900 [==========================>...] - ETA: 0s - loss: 0.7180 - acc: 0.7664
3660/3900 [===========================>..] - ETA: 0s - loss: 0.7170 - acc: 0.7664
3720/3900 [===========================>..] - ETA: 0s - loss: 0.7186 - acc: 0.7651
3780/3900 [============================>.] - ETA: 0s - loss: 0.7158 - acc: 0.7664
3840/3900 [============================>.] - ETA: 0s - loss: 0.7137 - acc: 0.7674
3900/3900 [==============================] - 4s 909us/step - loss: 0.7111 - acc: 0.7690 - val_loss: 1.5560 - val_acc: 0.4747
Current time ....3.547
Train on 600 samples, validate on 86 samples
Epoch 1/1

 10/600 [..............................] - ETA: 0s - loss: 0.0187 - acc: 1.0000
 70/600 [==>...........................] - ETA: 0s - loss: 0.0202 - acc: 1.0000
130/600 [=====>........................] - ETA: 0s - loss: 0.0242 - acc: 1.0000
190/600 [========>.....................] - ETA: 0s - loss: 0.0288 - acc: 1.0000
250/600 [===========>..................] - ETA: 0s - loss: 0.0271 - acc: 1.0000
310/600 [==============>...............] - ETA: 0s - loss: 0.0323 - acc: 0.9935
370/600 [=================>............] - ETA: 0s - loss: 0.0341 - acc: 0.9919
430/600 [====================>.........] - ETA: 0s - loss: 0.0366 - acc: 0.9930
480/600 [=======================>......] - ETA: 0s - loss: 0.0357 - acc: 0.9937
540/600 [==========================>...] - ETA: 0s - loss: 0.0356 - acc: 0.9944
600/600 [==============================] - 1s 951us/step - loss: 0.0362 - acc: 0.9950 - val_loss: 0.4860 - val_acc: 0.9186
Current time ....0.571
Train on 1200 samples, validate on 68 samples
Epoch 1/1

  10/1200 [..............................] - ETA: 1s - loss: 0.0897 - acc: 1.0000
  70/1200 [>.............................] - ETA: 1s - loss: 0.0820 - acc: 1.0000
 130/1200 [==>...........................] - ETA: 0s - loss: 0.1159 - acc: 0.9692
 190/1200 [===>..........................] - ETA: 0s - loss: 0.0950 - acc: 0.9789
 250/1200 [=====>........................] - ETA: 0s - loss: 0.0917 - acc: 0.9840
 310/1200 [======>.......................] - ETA: 0s - loss: 0.0850 - acc: 0.9871
 370/1200 [========>.....................] - ETA: 0s - loss: 0.0822 - acc: 0.9892
 430/1200 [=========>....................] - ETA: 0s - loss: 0.0852 - acc: 0.9907
 490/1200 [===========>..................] - ETA: 0s - loss: 0.0806 - acc: 0.9918
 550/1200 [============>.................] - ETA: 0s - loss: 0.0793 - acc: 0.9927
 610/1200 [==============>...............] - ETA: 0s - loss: 0.0793 - acc: 0.9902
 670/1200 [===============>..............] - ETA: 0s - loss: 0.0810 - acc: 0.9896
 730/1200 [=================>............] - ETA: 0s - loss: 0.0851 - acc: 0.9877
 790/1200 [==================>...........] - ETA: 0s - loss: 0.0826 - acc: 0.9886
 850/1200 [====================>.........] - ETA: 0s - loss: 0.0827 - acc: 0.9894
 910/1200 [=====================>........] - ETA: 0s - loss: 0.0854 - acc: 0.9868
 970/1200 [=======================>......] - ETA: 0s - loss: 0.0849 - acc: 0.9876
1030/1200 [========================>.....] - ETA: 0s - loss: 0.0847 - acc: 0.9874
1090/1200 [==========================>...] - ETA: 0s - loss: 0.0845 - acc: 0.9881
1150/1200 [===========================>..] - ETA: 0s - loss: 0.0846 - acc: 0.9878
1200/1200 [==============================] - 1s 913us/step - loss: 0.0840 - acc: 0.9883 - val_loss: 0.7005 - val_acc: 0.6912
Current time ....1.096

32/99 [========>.....................] - ETA: 0s
99/99 [==============================] - 0s 93us/step
In EVALUATE loss:  [1.5560065224917248, 0.47474747474747475]

32/86 [==========>...................] - ETA: 0s
86/86 [==============================] - 0s 80us/step
In EVALUATE loss:  [0.48598576423733736, 0.91860465393509971]

32/68 [=============>................] - ETA: 0s
68/68 [==============================] - 0s 98us/step
In EVALUATE loss:  [0.70047051766339474, 0.69117647058823528]
Task 1 : Primary site - Macro F1 score 0.2750764754
Task 1 : Primary site - Micro F1 score 0.474747474747
Task 2 : Tumor laterality - Macro F1 score 0.918593644354
Task 2 : Tumor laterality - Micro F1 score 0.918604651163
Task 3 : Histological grade - Macro F1 score 0.526059379217
Task 3 : Histological grade - Micro F1 score 0.691176470588
Average loss:  0.914154268131
