Importing candle utils for keras
Configuration file:  /gpfs/mira-home/apeck/Modified_Benchmarks/Pilot3/P3B1/p3b1_default_model.txt
{'activation': 'relu',
 'batch_size': 10,
 'data_url': 'ftp://ftp.mcs.anl.gov/pub/candle/public/benchmarks/P3B1/',
 'drop': 0.0,
 'epochs': 10,
 'feature_names': 'Primary site:Tumor laterality:Histological grade',
 'ind_nnet_spec': [[2400, 2400, 1200, 1200],
                   [2400, 2400, 1200, 1200],
                   [2400, 2400, 1200, 1200]],
 'initialization': 'glorot_uniform',
 'learning_rate': 0.01,
 'loss': 'categorical_crossentropy',
 'metrics': 'accuracy',
 'model_name': 'p3b1',
 'n_fold': 1,
 'optimizer': 'sgd',
 'out_activation': 'softmax',
 'output_dir': '.',
 'scaling': 'none',
 'shared_nnet_spec': [1200,
                      2400,
                      3600,
                      3600,
                      3600,
                      3600,
                      3600,
                      3600,
                      3600,
                      2400],
 'shuffle': True,
 'timeout': 1800,
 'train_data': 'P3B1_data.tar.gz'}
Params:
{'activation': 'relu',
 'batch_size': 10,
 'case': 'CenterZ',
 'data_url': 'ftp://ftp.mcs.anl.gov/pub/candle/public/benchmarks/P3B1/',
 'datatype': <class 'numpy.float32'>,
 'drop': 0.0,
 'epochs': 10,
 'experiment_id': 'EXP000',
 'feature_names': 'Primary site:Tumor laterality:Histological grade',
 'fig': False,
 'gpus': [],
 'ind_nnet_spec': [[2400, 2400, 1200, 1200],
                   [2400, 2400, 1200, 1200],
                   [2400, 2400, 1200, 1200]],
 'initialization': 'glorot_uniform',
 'learning_rate': 0.01,
 'logfile': None,
 'loss': 'categorical_crossentropy',
 'metrics': 'accuracy',
 'model_name': 'p3b1',
 'n_fold': 1,
 'optimizer': 'sgd',
 'out_activation': 'softmax',
 'output_dir': '/gpfs/mira-home/apeck/CANDLE_testing/avery_modified_results/p3_1',
 'output_files': 'result0_0.csv;result1_0.csv;result2_0.csv',
 'rng_seed': 7102,
 'run_id': 'RUN000',
 'scaling': 'none',
 'shared_nnet_spec': [1200,
                      2400,
                      3600,
                      3600,
                      3600,
                      3600,
                      3600,
                      3600,
                      3600,
                      2400],
 'shuffle': False,
 'timeout': 1800,
 'train_bool': True,
 'train_data': 'P3B1_data.tar.gz',
 'train_features': 'data/task0_0_train_feature.csv;data/task1_0_train_feature.csv;data/task2_0_train_feature.csv',
 'train_truths': 'data/task0_0_train_label.csv;data/task1_0_train_label.csv;data/task2_0_train_label.csv',
 'valid_features': 'data/task0_0_test_feature.csv;data/task1_0_test_feature.csv;data/task2_0_test_feature.csv',
 'valid_truths': 'data/task0_0_test_label.csv;data/task1_0_test_label.csv;data/task2_0_test_label.csv',
 'verbose': None}
Feature names:
Primary site
Tumor laterality
Histological grade
Model:  0
_________________________________________________________________
Layer (type)                 Output Shape              Param #   
=================================================================
input (InputLayer)           (None, 400)               0         
_________________________________________________________________
indiv_layer_0_0 (Dense)      (None, 2400)              962400    
_________________________________________________________________
indiv_layer_0_1 (Dense)      (None, 2400)              5762400   
_________________________________________________________________
indiv_layer_0_2 (Dense)      (None, 1200)              2881200   
_________________________________________________________________
indiv_layer_0_3 (Dense)      (None, 1200)              1441200   
_________________________________________________________________
out_0 (Dense)                (None, 13)                15613     
=================================================================
Total params: 11,062,813
Trainable params: 11,062,813
Non-trainable params: 0
_________________________________________________________________
Model:  1
_________________________________________________________________
Layer (type)                 Output Shape              Param #   
=================================================================
input (InputLayer)           (None, 400)               0         
_________________________________________________________________
indiv_layer_1_0 (Dense)      (None, 2400)              962400    
_________________________________________________________________
indiv_layer_1_1 (Dense)      (None, 2400)              5762400   
_________________________________________________________________
indiv_layer_1_2 (Dense)      (None, 1200)              2881200   
_________________________________________________________________
indiv_layer_1_3 (Dense)      (None, 1200)              1441200   
_________________________________________________________________
out_1 (Dense)                (None, 2)                 2402      
=================================================================
Total params: 11,049,602
Trainable params: 11,049,602
Non-trainable params: 0
_________________________________________________________________
Model:  2
_________________________________________________________________
Layer (type)                 Output Shape              Param #   
=================================================================
input (InputLayer)           (None, 400)               0         
_________________________________________________________________
indiv_layer_2_0 (Dense)      (None, 2400)              962400    
_________________________________________________________________
indiv_layer_2_1 (Dense)      (None, 2400)              5762400   
_________________________________________________________________
indiv_layer_2_2 (Dense)      (None, 1200)              2881200   
_________________________________________________________________
indiv_layer_2_3 (Dense)      (None, 1200)              1441200   
_________________________________________________________________
out_2 (Dense)                (None, 4)                 4804      
=================================================================
Total params: 11,052,004
Trainable params: 11,052,004
Non-trainable params: 0
_________________________________________________________________
Train on 3900 samples, validate on 99 samples
Epoch 1/1

  10/3900 [..............................] - ETA: 11:20 - loss: 2.5687 - acc: 0.1000
  60/3900 [..............................] - ETA: 1:55 - loss: 2.5663 - acc: 0.0833 
 110/3900 [..............................] - ETA: 1:04 - loss: 2.5656 - acc: 0.0727
 160/3900 [>.............................] - ETA: 44s - loss: 2.5651 - acc: 0.0688 
 210/3900 [>.............................] - ETA: 34s - loss: 2.5634 - acc: 0.0810
 260/3900 [=>............................] - ETA: 28s - loss: 2.5634 - acc: 0.0885
 310/3900 [=>............................] - ETA: 24s - loss: 2.5633 - acc: 0.0871
 360/3900 [=>............................] - ETA: 21s - loss: 2.5633 - acc: 0.0889
 410/3900 [==>...........................] - ETA: 18s - loss: 2.5633 - acc: 0.0902
 470/3900 [==>...........................] - ETA: 16s - loss: 2.5629 - acc: 0.0872
 530/3900 [===>..........................] - ETA: 14s - loss: 2.5629 - acc: 0.0868
 590/3900 [===>..........................] - ETA: 13s - loss: 2.5628 - acc: 0.0881
 650/3900 [====>.........................] - ETA: 12s - loss: 2.5626 - acc: 0.0908
 710/3900 [====>.........................] - ETA: 11s - loss: 2.5628 - acc: 0.0859
 770/3900 [====>.........................] - ETA: 10s - loss: 2.5627 - acc: 0.0857
 830/3900 [=====>........................] - ETA: 9s - loss: 2.5625 - acc: 0.0819 
 890/3900 [=====>........................] - ETA: 8s - loss: 2.5623 - acc: 0.0820
 950/3900 [======>.......................] - ETA: 8s - loss: 2.5619 - acc: 0.0874
1010/3900 [======>.......................] - ETA: 7s - loss: 2.5617 - acc: 0.0891
1070/3900 [=======>......................] - ETA: 7s - loss: 2.5612 - acc: 0.0897
1130/3900 [=======>......................] - ETA: 7s - loss: 2.5612 - acc: 0.0894
1190/3900 [========>.....................] - ETA: 6s - loss: 2.5610 - acc: 0.0941
1250/3900 [========>.....................] - ETA: 6s - loss: 2.5608 - acc: 0.0936
1310/3900 [=========>....................] - ETA: 5s - loss: 2.5605 - acc: 0.0969
1370/3900 [=========>....................] - ETA: 5s - loss: 2.5604 - acc: 0.0978
1430/3900 [==========>...................] - ETA: 5s - loss: 2.5603 - acc: 0.0986
1490/3900 [==========>...................] - ETA: 5s - loss: 2.5601 - acc: 0.1020
1550/3900 [==========>...................] - ETA: 4s - loss: 2.5601 - acc: 0.1006
1610/3900 [===========>..................] - ETA: 4s - loss: 2.5598 - acc: 0.1037
1670/3900 [===========>..................] - ETA: 4s - loss: 2.5596 - acc: 0.1054
1730/3900 [============>.................] - ETA: 4s - loss: 2.5593 - acc: 0.1098
1790/3900 [============>.................] - ETA: 4s - loss: 2.5591 - acc: 0.1112
1850/3900 [=============>................] - ETA: 3s - loss: 2.5588 - acc: 0.1135
1910/3900 [=============>................] - ETA: 3s - loss: 2.5586 - acc: 0.1188
1970/3900 [==============>...............] - ETA: 3s - loss: 2.5583 - acc: 0.1239
2030/3900 [==============>...............] - ETA: 3s - loss: 2.5581 - acc: 0.1232
2090/3900 [===============>..............] - ETA: 3s - loss: 2.5579 - acc: 0.1263
2150/3900 [===============>..............] - ETA: 3s - loss: 2.5577 - acc: 0.1265
2210/3900 [================>.............] - ETA: 2s - loss: 2.5577 - acc: 0.1240
2270/3900 [================>.............] - ETA: 2s - loss: 2.5575 - acc: 0.1247
2330/3900 [================>.............] - ETA: 2s - loss: 2.5573 - acc: 0.1258
2390/3900 [=================>............] - ETA: 2s - loss: 2.5570 - acc: 0.1285
2450/3900 [=================>............] - ETA: 2s - loss: 2.5568 - acc: 0.1294
2510/3900 [==================>...........] - ETA: 2s - loss: 2.5566 - acc: 0.1307
2570/3900 [==================>...........] - ETA: 2s - loss: 2.5564 - acc: 0.1319
2630/3900 [===================>..........] - ETA: 2s - loss: 2.5561 - acc: 0.1323
2690/3900 [===================>..........] - ETA: 1s - loss: 2.5559 - acc: 0.1323
2750/3900 [====================>.........] - ETA: 1s - loss: 2.5557 - acc: 0.1342
2810/3900 [====================>.........] - ETA: 1s - loss: 2.5554 - acc: 0.1374
2870/3900 [=====================>........] - ETA: 1s - loss: 2.5552 - acc: 0.1425
2930/3900 [=====================>........] - ETA: 1s - loss: 2.5549 - acc: 0.1515
2990/3900 [======================>.......] - ETA: 1s - loss: 2.5546 - acc: 0.1575
3050/3900 [======================>.......] - ETA: 1s - loss: 2.5544 - acc: 0.1607
3110/3900 [======================>.......] - ETA: 1s - loss: 2.5541 - acc: 0.1659
3170/3900 [=======================>......] - ETA: 1s - loss: 2.5539 - acc: 0.1710
3230/3900 [=======================>......] - ETA: 0s - loss: 2.5537 - acc: 0.1737
3290/3900 [========================>.....] - ETA: 0s - loss: 2.5534 - acc: 0.1760
3350/3900 [========================>.....] - ETA: 0s - loss: 2.5532 - acc: 0.1788
3410/3900 [=========================>....] - ETA: 0s - loss: 2.5529 - acc: 0.1830
3470/3900 [=========================>....] - ETA: 0s - loss: 2.5527 - acc: 0.1856
3530/3900 [==========================>...] - ETA: 0s - loss: 2.5525 - acc: 0.1884
3590/3900 [==========================>...] - ETA: 0s - loss: 2.5523 - acc: 0.1911
3650/3900 [===========================>..] - ETA: 0s - loss: 2.5520 - acc: 0.1945
3710/3900 [===========================>..] - ETA: 0s - loss: 2.5518 - acc: 0.1968
3770/3900 [============================>.] - ETA: 0s - loss: 2.5515 - acc: 0.1992
3830/3900 [============================>.] - ETA: 0s - loss: 2.5513 - acc: 0.2026
3890/3900 [============================>.] - ETA: 0s - loss: 2.5511 - acc: 0.2046
3900/3900 [==============================] - 5s 1ms/step - loss: 2.5510 - acc: 0.2056 - val_loss: 2.5437 - val_acc: 0.2525
Current time ....5.365
Train on 600 samples, validate on 86 samples
Epoch 1/1

 10/600 [..............................] - ETA: 19s - loss: 0.6764 - acc: 0.7000
 70/600 [==>...........................] - ETA: 2s - loss: 0.6971 - acc: 0.5429 
130/600 [=====>........................] - ETA: 1s - loss: 0.6924 - acc: 0.5538
190/600 [========>.....................] - ETA: 1s - loss: 0.6863 - acc: 0.5579
250/600 [===========>..................] - ETA: 0s - loss: 0.6826 - acc: 0.5960
310/600 [==============>...............] - ETA: 0s - loss: 0.6807 - acc: 0.6000
370/600 [=================>............] - ETA: 0s - loss: 0.6757 - acc: 0.6135
430/600 [====================>.........] - ETA: 0s - loss: 0.6716 - acc: 0.6093
490/600 [=======================>......] - ETA: 0s - loss: 0.6689 - acc: 0.6184
550/600 [==========================>...] - ETA: 0s - loss: 0.6653 - acc: 0.6455
600/600 [==============================] - 1s 1ms/step - loss: 0.6646 - acc: 0.6533 - val_loss: 0.6305 - val_acc: 0.7791
Current time ....0.888
Train on 1200 samples, validate on 68 samples
Epoch 1/1

  10/1200 [..............................] - ETA: 29s - loss: 1.3932 - acc: 0.3000
  70/1200 [>.............................] - ETA: 4s - loss: 1.3722 - acc: 0.2571 
 130/1200 [==>...........................] - ETA: 2s - loss: 1.3671 - acc: 0.2615
 190/1200 [===>..........................] - ETA: 2s - loss: 1.3729 - acc: 0.2632
 250/1200 [=====>........................] - ETA: 1s - loss: 1.3689 - acc: 0.2520
 310/1200 [======>.......................] - ETA: 1s - loss: 1.3646 - acc: 0.2839
 370/1200 [========>.....................] - ETA: 1s - loss: 1.3581 - acc: 0.3081
 430/1200 [=========>....................] - ETA: 1s - loss: 1.3518 - acc: 0.3209
 490/1200 [===========>..................] - ETA: 0s - loss: 1.3447 - acc: 0.3347
 550/1200 [============>.................] - ETA: 0s - loss: 1.3399 - acc: 0.3473
 610/1200 [==============>...............] - ETA: 0s - loss: 1.3375 - acc: 0.3590
 670/1200 [===============>..............] - ETA: 0s - loss: 1.3332 - acc: 0.3851
 730/1200 [=================>............] - ETA: 0s - loss: 1.3299 - acc: 0.3973
 790/1200 [==================>...........] - ETA: 0s - loss: 1.3251 - acc: 0.4076
 850/1200 [====================>.........] - ETA: 0s - loss: 1.3218 - acc: 0.4188
 910/1200 [=====================>........] - ETA: 0s - loss: 1.3153 - acc: 0.4341
 970/1200 [=======================>......] - ETA: 0s - loss: 1.3109 - acc: 0.4371
1030/1200 [========================>.....] - ETA: 0s - loss: 1.3054 - acc: 0.4505
1090/1200 [==========================>...] - ETA: 0s - loss: 1.2988 - acc: 0.4560
1150/1200 [===========================>..] - ETA: 0s - loss: 1.2943 - acc: 0.4635
1200/1200 [==============================] - 1s 1ms/step - loss: 1.2894 - acc: 0.4675 - val_loss: 1.2997 - val_acc: 0.2941
Current time ....1.337
Train on 3900 samples, validate on 99 samples
Epoch 1/1

  10/3900 [..............................] - ETA: 3s - loss: 2.5334 - acc: 0.2000
  70/3900 [..............................] - ETA: 3s - loss: 2.5324 - acc: 0.3143
 130/3900 [>.............................] - ETA: 3s - loss: 2.5324 - acc: 0.3154
 190/3900 [>.............................] - ETA: 3s - loss: 2.5313 - acc: 0.3053
 250/3900 [>.............................] - ETA: 3s - loss: 2.5304 - acc: 0.3040
 310/3900 [=>............................] - ETA: 3s - loss: 2.5300 - acc: 0.2903
 370/3900 [=>............................] - ETA: 3s - loss: 2.5296 - acc: 0.2811
 430/3900 [==>...........................] - ETA: 3s - loss: 2.5296 - acc: 0.2721
 490/3900 [==>...........................] - ETA: 3s - loss: 2.5289 - acc: 0.2816
 550/3900 [===>..........................] - ETA: 3s - loss: 2.5286 - acc: 0.2782
 610/3900 [===>..........................] - ETA: 2s - loss: 2.5279 - acc: 0.2787
 670/3900 [====>.........................] - ETA: 2s - loss: 2.5278 - acc: 0.2731
 730/3900 [====>.........................] - ETA: 2s - loss: 2.5272 - acc: 0.2740
 790/3900 [=====>........................] - ETA: 2s - loss: 2.5274 - acc: 0.2633
 850/3900 [=====>........................] - ETA: 2s - loss: 2.5276 - acc: 0.2576
 910/3900 [======>.......................] - ETA: 2s - loss: 2.5271 - acc: 0.2582
 970/3900 [======>.......................] - ETA: 2s - loss: 2.5266 - acc: 0.2598
1030/3900 [======>.......................] - ETA: 2s - loss: 2.5263 - acc: 0.2563
1090/3900 [=======>......................] - ETA: 2s - loss: 2.5257 - acc: 0.2560
1150/3900 [=======>......................] - ETA: 2s - loss: 2.5253 - acc: 0.2530
1210/3900 [========>.....................] - ETA: 2s - loss: 2.5252 - acc: 0.2479
1270/3900 [========>.....................] - ETA: 2s - loss: 2.5249 - acc: 0.2504
1330/3900 [=========>....................] - ETA: 2s - loss: 2.5249 - acc: 0.2541
1390/3900 [=========>....................] - ETA: 2s - loss: 2.5243 - acc: 0.2604
1450/3900 [==========>...................] - ETA: 2s - loss: 2.5242 - acc: 0.2634
1510/3900 [==========>...................] - ETA: 2s - loss: 2.5237 - acc: 0.2636
1570/3900 [===========>..................] - ETA: 2s - loss: 2.5231 - acc: 0.2643
1630/3900 [===========>..................] - ETA: 2s - loss: 2.5229 - acc: 0.2638
1690/3900 [============>.................] - ETA: 1s - loss: 2.5223 - acc: 0.2669
1750/3900 [============>.................] - ETA: 1s - loss: 2.5217 - acc: 0.2646
1810/3900 [============>.................] - ETA: 1s - loss: 2.5215 - acc: 0.2608
1870/3900 [=============>................] - ETA: 1s - loss: 2.5211 - acc: 0.2610
1930/3900 [=============>................] - ETA: 1s - loss: 2.5207 - acc: 0.2601
1990/3900 [==============>...............] - ETA: 1s - loss: 2.5204 - acc: 0.2578
2050/3900 [==============>...............] - ETA: 1s - loss: 2.5200 - acc: 0.2566
2110/3900 [===============>..............] - ETA: 1s - loss: 2.5196 - acc: 0.2569
2170/3900 [===============>..............] - ETA: 1s - loss: 2.5193 - acc: 0.2608
2230/3900 [================>.............] - ETA: 1s - loss: 2.5189 - acc: 0.2637
2290/3900 [================>.............] - ETA: 1s - loss: 2.5182 - acc: 0.2664
2350/3900 [=================>............] - ETA: 1s - loss: 2.5179 - acc: 0.2668
2410/3900 [=================>............] - ETA: 1s - loss: 2.5175 - acc: 0.2693
2470/3900 [==================>...........] - ETA: 1s - loss: 2.5168 - acc: 0.2721
2530/3900 [==================>...........] - ETA: 1s - loss: 2.5162 - acc: 0.2715
2590/3900 [==================>...........] - ETA: 1s - loss: 2.5158 - acc: 0.2718
2650/3900 [===================>..........] - ETA: 1s - loss: 2.5154 - acc: 0.2721
2710/3900 [===================>..........] - ETA: 1s - loss: 2.5149 - acc: 0.2723
2770/3900 [====================>.........] - ETA: 1s - loss: 2.5143 - acc: 0.2744
2830/3900 [====================>.........] - ETA: 0s - loss: 2.5138 - acc: 0.2724
2890/3900 [=====================>........] - ETA: 0s - loss: 2.5133 - acc: 0.2720
2950/3900 [=====================>........] - ETA: 0s - loss: 2.5127 - acc: 0.2729
3010/3900 [======================>.......] - ETA: 0s - loss: 2.5123 - acc: 0.2711
3070/3900 [======================>.......] - ETA: 0s - loss: 2.5117 - acc: 0.2726
3130/3900 [=======================>......] - ETA: 0s - loss: 2.5111 - acc: 0.2767
3190/3900 [=======================>......] - ETA: 0s - loss: 2.5106 - acc: 0.2771
3250/3900 [========================>.....] - ETA: 0s - loss: 2.5101 - acc: 0.2788
3310/3900 [========================>.....] - ETA: 0s - loss: 2.5095 - acc: 0.2792
3370/3900 [========================>.....] - ETA: 0s - loss: 2.5087 - acc: 0.2816
3430/3900 [=========================>....] - ETA: 0s - loss: 2.5082 - acc: 0.2843
3490/3900 [=========================>....] - ETA: 0s - loss: 2.5076 - acc: 0.2865
3550/3900 [==========================>...] - ETA: 0s - loss: 2.5070 - acc: 0.2882
3610/3900 [==========================>...] - ETA: 0s - loss: 2.5064 - acc: 0.2917
3670/3900 [===========================>..] - ETA: 0s - loss: 2.5057 - acc: 0.2951
3730/3900 [===========================>..] - ETA: 0s - loss: 2.5051 - acc: 0.3000
3790/3900 [============================>.] - ETA: 0s - loss: 2.5046 - acc: 0.3037
3850/3900 [============================>.] - ETA: 0s - loss: 2.5040 - acc: 0.3060
3900/3900 [==============================] - 4s 902us/step - loss: 2.5034 - acc: 0.3097 - val_loss: 2.4893 - val_acc: 0.3333
Current time ....3.519
Train on 600 samples, validate on 86 samples
Epoch 1/1

 10/600 [..............................] - ETA: 0s - loss: 0.6287 - acc: 0.9000
 70/600 [==>...........................] - ETA: 0s - loss: 0.6108 - acc: 0.9143
130/600 [=====>........................] - ETA: 0s - loss: 0.6024 - acc: 0.9385
190/600 [========>.....................] - ETA: 0s - loss: 0.5931 - acc: 0.9158
250/600 [===========>..................] - ETA: 0s - loss: 0.5904 - acc: 0.9120
310/600 [==============>...............] - ETA: 0s - loss: 0.5860 - acc: 0.9194
370/600 [=================>............] - ETA: 0s - loss: 0.5788 - acc: 0.9270
430/600 [====================>.........] - ETA: 0s - loss: 0.5755 - acc: 0.9279
490/600 [=======================>......] - ETA: 0s - loss: 0.5728 - acc: 0.9245
550/600 [==========================>...] - ETA: 0s - loss: 0.5627 - acc: 0.9309
600/600 [==============================] - 1s 932us/step - loss: 0.5611 - acc: 0.9283 - val_loss: 0.5403 - val_acc: 0.9419
Current time ....0.560
Train on 1200 samples, validate on 68 samples
Epoch 1/1

  10/1200 [..............................] - ETA: 1s - loss: 1.1670 - acc: 0.5000
  70/1200 [>.............................] - ETA: 0s - loss: 1.1583 - acc: 0.5429
 130/1200 [==>...........................] - ETA: 0s - loss: 1.1263 - acc: 0.6385
 190/1200 [===>..........................] - ETA: 0s - loss: 1.1094 - acc: 0.6526
 250/1200 [=====>........................] - ETA: 0s - loss: 1.1136 - acc: 0.6520
 310/1200 [======>.......................] - ETA: 0s - loss: 1.1122 - acc: 0.6387
 370/1200 [========>.....................] - ETA: 0s - loss: 1.1033 - acc: 0.6405
 430/1200 [=========>....................] - ETA: 0s - loss: 1.1041 - acc: 0.6326
 490/1200 [===========>..................] - ETA: 0s - loss: 1.1041 - acc: 0.6245
 550/1200 [============>.................] - ETA: 0s - loss: 1.0992 - acc: 0.6200
 610/1200 [==============>...............] - ETA: 0s - loss: 1.1012 - acc: 0.6148
 670/1200 [===============>..............] - ETA: 0s - loss: 1.0995 - acc: 0.6149
 730/1200 [=================>............] - ETA: 0s - loss: 1.0916 - acc: 0.6205
 790/1200 [==================>...........] - ETA: 0s - loss: 1.0848 - acc: 0.6215
 850/1200 [====================>.........] - ETA: 0s - loss: 1.0783 - acc: 0.6212
 910/1200 [=====================>........] - ETA: 0s - loss: 1.0785 - acc: 0.6154
 970/1200 [=======================>......] - ETA: 0s - loss: 1.0743 - acc: 0.6144
1030/1200 [========================>.....] - ETA: 0s - loss: 1.0667 - acc: 0.6175
1090/1200 [==========================>...] - ETA: 0s - loss: 1.0617 - acc: 0.6156
1150/1200 [===========================>..] - ETA: 0s - loss: 1.0532 - acc: 0.6226
1200/1200 [==============================] - 1s 907us/step - loss: 1.0517 - acc: 0.6200 - val_loss: 1.1091 - val_acc: 0.3971
Current time ....1.089
Train on 3900 samples, validate on 99 samples
Epoch 1/1

  10/3900 [..............................] - ETA: 3s - loss: 2.4499 - acc: 0.7000
  70/3900 [..............................] - ETA: 3s - loss: 2.4557 - acc: 0.5429
 130/3900 [>.............................] - ETA: 3s - loss: 2.4546 - acc: 0.5154
 180/3900 [>.............................] - ETA: 3s - loss: 2.4512 - acc: 0.5056
 240/3900 [>.............................] - ETA: 3s - loss: 2.4482 - acc: 0.5083
 300/3900 [=>............................] - ETA: 3s - loss: 2.4472 - acc: 0.4867
 360/3900 [=>............................] - ETA: 3s - loss: 2.4476 - acc: 0.4917
 420/3900 [==>...........................] - ETA: 3s - loss: 2.4471 - acc: 0.5000
 480/3900 [==>...........................] - ETA: 3s - loss: 2.4470 - acc: 0.4917
 540/3900 [===>..........................] - ETA: 3s - loss: 2.4451 - acc: 0.4870
 600/3900 [===>..........................] - ETA: 3s - loss: 2.4446 - acc: 0.4817
 660/3900 [====>.........................] - ETA: 2s - loss: 2.4434 - acc: 0.4697
 720/3900 [====>.........................] - ETA: 2s - loss: 2.4424 - acc: 0.4625
 780/3900 [=====>........................] - ETA: 2s - loss: 2.4413 - acc: 0.4603
 840/3900 [=====>........................] - ETA: 2s - loss: 2.4403 - acc: 0.4500
 900/3900 [=====>........................] - ETA: 2s - loss: 2.4388 - acc: 0.4456
 960/3900 [======>.......................] - ETA: 2s - loss: 2.4385 - acc: 0.4396
1020/3900 [======>.......................] - ETA: 2s - loss: 2.4370 - acc: 0.4314
1080/3900 [=======>......................] - ETA: 2s - loss: 2.4356 - acc: 0.4306
1140/3900 [=======>......................] - ETA: 2s - loss: 2.4331 - acc: 0.4368
1200/3900 [========>.....................] - ETA: 2s - loss: 2.4309 - acc: 0.4308
1260/3900 [========>.....................] - ETA: 2s - loss: 2.4297 - acc: 0.4222
1320/3900 [=========>....................] - ETA: 2s - loss: 2.4284 - acc: 0.4144
1380/3900 [=========>....................] - ETA: 2s - loss: 2.4266 - acc: 0.4109
1440/3900 [==========>...................] - ETA: 2s - loss: 2.4250 - acc: 0.4056
1500/3900 [==========>...................] - ETA: 2s - loss: 2.4232 - acc: 0.3993
1560/3900 [===========>..................] - ETA: 2s - loss: 2.4221 - acc: 0.3936
1620/3900 [===========>..................] - ETA: 2s - loss: 2.4209 - acc: 0.3907
1680/3900 [===========>..................] - ETA: 2s - loss: 2.4191 - acc: 0.3899
1740/3900 [============>.................] - ETA: 1s - loss: 2.4179 - acc: 0.3897
1800/3900 [============>.................] - ETA: 1s - loss: 2.4160 - acc: 0.3867
1860/3900 [=============>................] - ETA: 1s - loss: 2.4140 - acc: 0.3887
1910/3900 [=============>................] - ETA: 1s - loss: 2.4119 - acc: 0.3906
1970/3900 [==============>...............] - ETA: 1s - loss: 2.4101 - acc: 0.3878
2030/3900 [==============>...............] - ETA: 1s - loss: 2.4079 - acc: 0.3887
2090/3900 [===============>..............] - ETA: 1s - loss: 2.4062 - acc: 0.3847
2150/3900 [===============>..............] - ETA: 1s - loss: 2.4041 - acc: 0.3851
2210/3900 [================>.............] - ETA: 1s - loss: 2.4024 - acc: 0.3855
2270/3900 [================>.............] - ETA: 1s - loss: 2.4008 - acc: 0.3846
2330/3900 [================>.............] - ETA: 1s - loss: 2.3990 - acc: 0.3828
2390/3900 [=================>............] - ETA: 1s - loss: 2.3970 - acc: 0.3820
2450/3900 [=================>............] - ETA: 1s - loss: 2.3953 - acc: 0.3816
2510/3900 [==================>...........] - ETA: 1s - loss: 2.3935 - acc: 0.3805
2570/3900 [==================>...........] - ETA: 1s - loss: 2.3915 - acc: 0.3798
2630/3900 [===================>..........] - ETA: 1s - loss: 2.3890 - acc: 0.3802
2690/3900 [===================>..........] - ETA: 1s - loss: 2.3869 - acc: 0.3829
2750/3900 [====================>.........] - ETA: 1s - loss: 2.3846 - acc: 0.3847
2810/3900 [====================>.........] - ETA: 0s - loss: 2.3823 - acc: 0.3826
2870/3900 [=====================>........] - ETA: 0s - loss: 2.3795 - acc: 0.3843
2930/3900 [=====================>........] - ETA: 0s - loss: 2.3771 - acc: 0.3823
2990/3900 [======================>.......] - ETA: 0s - loss: 2.3749 - acc: 0.3796
3050/3900 [======================>.......] - ETA: 0s - loss: 2.3722 - acc: 0.3810
3110/3900 [======================>.......] - ETA: 0s - loss: 2.3696 - acc: 0.3807
3170/3900 [=======================>......] - ETA: 0s - loss: 2.3670 - acc: 0.3817
3230/3900 [=======================>......] - ETA: 0s - loss: 2.3652 - acc: 0.3817
3290/3900 [========================>.....] - ETA: 0s - loss: 2.3633 - acc: 0.3818
3350/3900 [========================>.....] - ETA: 0s - loss: 2.3611 - acc: 0.3824
3410/3900 [=========================>....] - ETA: 0s - loss: 2.3590 - acc: 0.3836
3470/3900 [=========================>....] - ETA: 0s - loss: 2.3565 - acc: 0.3844
3530/3900 [==========================>...] - ETA: 0s - loss: 2.3540 - acc: 0.3858
3590/3900 [==========================>...] - ETA: 0s - loss: 2.3516 - acc: 0.3850
3650/3900 [===========================>..] - ETA: 0s - loss: 2.3490 - acc: 0.3836
3710/3900 [===========================>..] - ETA: 0s - loss: 2.3465 - acc: 0.3841
3770/3900 [============================>.] - ETA: 0s - loss: 2.3441 - acc: 0.3851
3830/3900 [============================>.] - ETA: 0s - loss: 2.3411 - acc: 0.3875
3890/3900 [============================>.] - ETA: 0s - loss: 2.3385 - acc: 0.3871
3900/3900 [==============================] - 4s 905us/step - loss: 2.3380 - acc: 0.3874 - val_loss: 2.2418 - val_acc: 0.1414
Current time ....3.529
Train on 600 samples, validate on 86 samples
Epoch 1/1

 10/600 [..............................] - ETA: 0s - loss: 0.4724 - acc: 1.0000
 70/600 [==>...........................] - ETA: 0s - loss: 0.4685 - acc: 1.0000
130/600 [=====>........................] - ETA: 0s - loss: 0.4703 - acc: 0.9692
190/600 [========>.....................] - ETA: 0s - loss: 0.4648 - acc: 0.9421
250/600 [===========>..................] - ETA: 0s - loss: 0.4609 - acc: 0.9440
310/600 [==============>...............] - ETA: 0s - loss: 0.4552 - acc: 0.9484
370/600 [=================>............] - ETA: 0s - loss: 0.4508 - acc: 0.9514
430/600 [====================>.........] - ETA: 0s - loss: 0.4405 - acc: 0.9581
490/600 [=======================>......] - ETA: 0s - loss: 0.4356 - acc: 0.9633
550/600 [==========================>...] - ETA: 0s - loss: 0.4264 - acc: 0.9600
600/600 [==============================] - 1s 923us/step - loss: 0.4200 - acc: 0.9583 - val_loss: 0.4337 - val_acc: 0.9186
Current time ....0.554
Train on 1200 samples, validate on 68 samples
Epoch 1/1

  10/1200 [..............................] - ETA: 1s - loss: 0.8555 - acc: 0.9000
  70/1200 [>.............................] - ETA: 1s - loss: 0.8689 - acc: 0.7857
 130/1200 [==>...........................] - ETA: 0s - loss: 0.8718 - acc: 0.7615
 190/1200 [===>..........................] - ETA: 0s - loss: 0.8720 - acc: 0.7421
 250/1200 [=====>........................] - ETA: 0s - loss: 0.8819 - acc: 0.7080
 310/1200 [======>.......................] - ETA: 0s - loss: 0.8956 - acc: 0.6968
 370/1200 [========>.....................] - ETA: 0s - loss: 0.8901 - acc: 0.7135
 430/1200 [=========>....................] - ETA: 0s - loss: 0.8745 - acc: 0.7233
 490/1200 [===========>..................] - ETA: 0s - loss: 0.8802 - acc: 0.7102
 550/1200 [============>.................] - ETA: 0s - loss: 0.8818 - acc: 0.7055
 610/1200 [==============>...............] - ETA: 0s - loss: 0.8714 - acc: 0.7115
 670/1200 [===============>..............] - ETA: 0s - loss: 0.8622 - acc: 0.7119
 730/1200 [=================>............] - ETA: 0s - loss: 0.8570 - acc: 0.7164
 790/1200 [==================>...........] - ETA: 0s - loss: 0.8515 - acc: 0.7190
 850/1200 [====================>.........] - ETA: 0s - loss: 0.8454 - acc: 0.7200
 910/1200 [=====================>........] - ETA: 0s - loss: 0.8371 - acc: 0.7198
 970/1200 [=======================>......] - ETA: 0s - loss: 0.8284 - acc: 0.7278
1030/1200 [========================>.....] - ETA: 0s - loss: 0.8213 - acc: 0.7272
1090/1200 [==========================>...] - ETA: 0s - loss: 0.8179 - acc: 0.7257
1150/1200 [===========================>..] - ETA: 0s - loss: 0.8110 - acc: 0.7278
1200/1200 [==============================] - 1s 908us/step - loss: 0.8083 - acc: 0.7283 - val_loss: 0.9183 - val_acc: 0.5735
Current time ....1.089
Train on 3900 samples, validate on 99 samples
Epoch 1/1

  10/3900 [..............................] - ETA: 3s - loss: 2.1903 - acc: 0.2000
  70/3900 [..............................] - ETA: 3s - loss: 2.1406 - acc: 0.3571
 130/3900 [>.............................] - ETA: 3s - loss: 2.1454 - acc: 0.3846
 190/3900 [>.............................] - ETA: 3s - loss: 2.1441 - acc: 0.3947
 250/3900 [>.............................] - ETA: 3s - loss: 2.1355 - acc: 0.4160
 310/3900 [=>............................] - ETA: 3s - loss: 2.1274 - acc: 0.4419
 370/3900 [=>............................] - ETA: 3s - loss: 2.1288 - acc: 0.4486
 430/3900 [==>...........................] - ETA: 3s - loss: 2.1175 - acc: 0.4512
 490/3900 [==>...........................] - ETA: 3s - loss: 2.1176 - acc: 0.4510
 550/3900 [===>..........................] - ETA: 2s - loss: 2.1207 - acc: 0.4418
 610/3900 [===>..........................] - ETA: 2s - loss: 2.1192 - acc: 0.4295
 670/3900 [====>.........................] - ETA: 2s - loss: 2.1121 - acc: 0.4328
 730/3900 [====>.........................] - ETA: 2s - loss: 2.1056 - acc: 0.4301
 790/3900 [=====>........................] - ETA: 2s - loss: 2.1028 - acc: 0.4203
 850/3900 [=====>........................] - ETA: 2s - loss: 2.1032 - acc: 0.4094
 910/3900 [======>.......................] - ETA: 2s - loss: 2.1007 - acc: 0.4066
 970/3900 [======>.......................] - ETA: 2s - loss: 2.0990 - acc: 0.3979
1030/3900 [======>.......................] - ETA: 2s - loss: 2.0942 - acc: 0.3981
1090/3900 [=======>......................] - ETA: 2s - loss: 2.0907 - acc: 0.3890
1150/3900 [=======>......................] - ETA: 2s - loss: 2.0859 - acc: 0.3861
1210/3900 [========>.....................] - ETA: 2s - loss: 2.0826 - acc: 0.3860
1270/3900 [========>.....................] - ETA: 2s - loss: 2.0782 - acc: 0.3898
1330/3900 [=========>....................] - ETA: 2s - loss: 2.0739 - acc: 0.3880
1390/3900 [=========>....................] - ETA: 2s - loss: 2.0688 - acc: 0.3892
1450/3900 [==========>...................] - ETA: 2s - loss: 2.0673 - acc: 0.3890
1510/3900 [==========>...................] - ETA: 2s - loss: 2.0655 - acc: 0.3921
1570/3900 [===========>..................] - ETA: 2s - loss: 2.0607 - acc: 0.3898
1630/3900 [===========>..................] - ETA: 2s - loss: 2.0598 - acc: 0.3883
1690/3900 [============>.................] - ETA: 1s - loss: 2.0575 - acc: 0.3917
1750/3900 [============>.................] - ETA: 1s - loss: 2.0544 - acc: 0.3937
1810/3900 [============>.................] - ETA: 1s - loss: 2.0515 - acc: 0.3961
1870/3900 [=============>................] - ETA: 1s - loss: 2.0465 - acc: 0.3989
1930/3900 [=============>................] - ETA: 1s - loss: 2.0441 - acc: 0.4005
1990/3900 [==============>...............] - ETA: 1s - loss: 2.0418 - acc: 0.4005
2050/3900 [==============>...............] - ETA: 1s - loss: 2.0395 - acc: 0.4039
2110/3900 [===============>..............] - ETA: 1s - loss: 2.0342 - acc: 0.4095
2170/3900 [===============>..............] - ETA: 1s - loss: 2.0338 - acc: 0.4097
2230/3900 [================>.............] - ETA: 1s - loss: 2.0306 - acc: 0.4112
2290/3900 [================>.............] - ETA: 1s - loss: 2.0284 - acc: 0.4092
2350/3900 [=================>............] - ETA: 1s - loss: 2.0265 - acc: 0.4068
2410/3900 [=================>............] - ETA: 1s - loss: 2.0245 - acc: 0.4058
2470/3900 [==================>...........] - ETA: 1s - loss: 2.0220 - acc: 0.4032
2530/3900 [==================>...........] - ETA: 1s - loss: 2.0197 - acc: 0.4024
2590/3900 [==================>...........] - ETA: 1s - loss: 2.0175 - acc: 0.4004
2650/3900 [===================>..........] - ETA: 1s - loss: 2.0136 - acc: 0.4026
2710/3900 [===================>..........] - ETA: 1s - loss: 2.0108 - acc: 0.4037
2770/3900 [====================>.........] - ETA: 1s - loss: 2.0078 - acc: 0.4029
2830/3900 [====================>.........] - ETA: 0s - loss: 2.0043 - acc: 0.4035
2890/3900 [=====================>........] - ETA: 0s - loss: 2.0036 - acc: 0.4014
2950/3900 [=====================>........] - ETA: 0s - loss: 2.0007 - acc: 0.4024
3010/3900 [======================>.......] - ETA: 0s - loss: 1.9993 - acc: 0.4027
3070/3900 [======================>.......] - ETA: 0s - loss: 1.9968 - acc: 0.4052
3130/3900 [=======================>......] - ETA: 0s - loss: 1.9932 - acc: 0.4077
3190/3900 [=======================>......] - ETA: 0s - loss: 1.9909 - acc: 0.4063
3250/3900 [========================>.....] - ETA: 0s - loss: 1.9889 - acc: 0.4040
3310/3900 [========================>.....] - ETA: 0s - loss: 1.9869 - acc: 0.4033
3370/3900 [========================>.....] - ETA: 0s - loss: 1.9860 - acc: 0.4021
3430/3900 [=========================>....] - ETA: 0s - loss: 1.9840 - acc: 0.4023
3490/3900 [=========================>....] - ETA: 0s - loss: 1.9828 - acc: 0.4003
3550/3900 [==========================>...] - ETA: 0s - loss: 1.9800 - acc: 0.4006
3610/3900 [==========================>...] - ETA: 0s - loss: 1.9784 - acc: 0.4008
3670/3900 [===========================>..] - ETA: 0s - loss: 1.9764 - acc: 0.4003
3730/3900 [===========================>..] - ETA: 0s - loss: 1.9732 - acc: 0.4019
3790/3900 [============================>.] - ETA: 0s - loss: 1.9711 - acc: 0.4034
3850/3900 [============================>.] - ETA: 0s - loss: 1.9689 - acc: 0.4036
3900/3900 [==============================] - 4s 905us/step - loss: 1.9672 - acc: 0.4046 - val_loss: 1.9804 - val_acc: 0.1818
Current time ....3.528
Train on 600 samples, validate on 86 samples
Epoch 1/1

 10/600 [..............................] - ETA: 0s - loss: 0.4328 - acc: 0.9000
 70/600 [==>...........................] - ETA: 0s - loss: 0.3599 - acc: 0.9857
130/600 [=====>........................] - ETA: 0s - loss: 0.3458 - acc: 0.9846
190/600 [========>.....................] - ETA: 0s - loss: 0.3344 - acc: 0.9789
250/600 [===========>..................] - ETA: 0s - loss: 0.3255 - acc: 0.9680
310/600 [==============>...............] - ETA: 0s - loss: 0.3173 - acc: 0.9742
370/600 [=================>............] - ETA: 0s - loss: 0.3033 - acc: 0.9784
430/600 [====================>.........] - ETA: 0s - loss: 0.2965 - acc: 0.9767
490/600 [=======================>......] - ETA: 0s - loss: 0.2851 - acc: 0.9776
550/600 [==========================>...] - ETA: 0s - loss: 0.2794 - acc: 0.9764
600/600 [==============================] - 1s 924us/step - loss: 0.2727 - acc: 0.9767 - val_loss: 0.3657 - val_acc: 0.9186
Current time ....0.555
Train on 1200 samples, validate on 68 samples
Epoch 1/1

  10/1200 [..............................] - ETA: 1s - loss: 0.6015 - acc: 0.8000
  60/1200 [>.............................] - ETA: 1s - loss: 0.6230 - acc: 0.8000
 120/1200 [==>...........................] - ETA: 1s - loss: 0.5890 - acc: 0.8417
 180/1200 [===>..........................] - ETA: 0s - loss: 0.6342 - acc: 0.8167
 240/1200 [=====>........................] - ETA: 0s - loss: 0.6267 - acc: 0.8250
 300/1200 [======>.......................] - ETA: 0s - loss: 0.6077 - acc: 0.8333
 360/1200 [========>.....................] - ETA: 0s - loss: 0.6287 - acc: 0.8167
 420/1200 [=========>....................] - ETA: 0s - loss: 0.6316 - acc: 0.8167
 480/1200 [===========>..................] - ETA: 0s - loss: 0.6261 - acc: 0.8250
 540/1200 [============>.................] - ETA: 0s - loss: 0.6292 - acc: 0.8130
 600/1200 [==============>...............] - ETA: 0s - loss: 0.6233 - acc: 0.8183
 660/1200 [===============>..............] - ETA: 0s - loss: 0.6164 - acc: 0.8182
 720/1200 [=================>............] - ETA: 0s - loss: 0.6198 - acc: 0.8236
 780/1200 [==================>...........] - ETA: 0s - loss: 0.6078 - acc: 0.8269
 840/1200 [====================>.........] - ETA: 0s - loss: 0.5989 - acc: 0.8298
 900/1200 [=====================>........] - ETA: 0s - loss: 0.6047 - acc: 0.8300
 960/1200 [=======================>......] - ETA: 0s - loss: 0.6024 - acc: 0.8292
1020/1200 [========================>.....] - ETA: 0s - loss: 0.6001 - acc: 0.8294
1080/1200 [==========================>...] - ETA: 0s - loss: 0.5984 - acc: 0.8315
1140/1200 [===========================>..] - ETA: 0s - loss: 0.5951 - acc: 0.8307
1200/1200 [==============================] - 1s 903us/step - loss: 0.5979 - acc: 0.8283 - val_loss: 0.9374 - val_acc: 0.6176
Current time ....1.083
Train on 3900 samples, validate on 99 samples
Epoch 1/1

  10/3900 [..............................] - ETA: 3s - loss: 1.6575 - acc: 0.5000
  70/3900 [..............................] - ETA: 3s - loss: 1.7678 - acc: 0.4571
 130/3900 [>.............................] - ETA: 3s - loss: 1.7862 - acc: 0.4308
 190/3900 [>.............................] - ETA: 3s - loss: 1.8074 - acc: 0.3842
 250/3900 [>.............................] - ETA: 3s - loss: 1.8139 - acc: 0.4080
 310/3900 [=>............................] - ETA: 3s - loss: 1.8037 - acc: 0.4323
 370/3900 [=>............................] - ETA: 3s - loss: 1.8083 - acc: 0.4216
 430/3900 [==>...........................] - ETA: 3s - loss: 1.8044 - acc: 0.4233
 490/3900 [==>...........................] - ETA: 3s - loss: 1.8094 - acc: 0.4102
 550/3900 [===>..........................] - ETA: 3s - loss: 1.8078 - acc: 0.4018
 610/3900 [===>..........................] - ETA: 2s - loss: 1.8082 - acc: 0.4049
 670/3900 [====>.........................] - ETA: 2s - loss: 1.8072 - acc: 0.4015
 730/3900 [====>.........................] - ETA: 2s - loss: 1.8067 - acc: 0.4123
 790/3900 [=====>........................] - ETA: 2s - loss: 1.8105 - acc: 0.4152
 850/3900 [=====>........................] - ETA: 2s - loss: 1.8109 - acc: 0.4212
 910/3900 [======>.......................] - ETA: 2s - loss: 1.8110 - acc: 0.4209
 970/3900 [======>.......................] - ETA: 2s - loss: 1.8088 - acc: 0.4155
1030/3900 [======>.......................] - ETA: 2s - loss: 1.8079 - acc: 0.4214
1090/3900 [=======>......................] - ETA: 2s - loss: 1.8044 - acc: 0.4284
1150/3900 [=======>......................] - ETA: 2s - loss: 1.8012 - acc: 0.4330
1210/3900 [========>.....................] - ETA: 2s - loss: 1.7984 - acc: 0.4339
1270/3900 [========>.....................] - ETA: 2s - loss: 1.7965 - acc: 0.4346
1330/3900 [=========>....................] - ETA: 2s - loss: 1.7973 - acc: 0.4308
1390/3900 [=========>....................] - ETA: 2s - loss: 1.7948 - acc: 0.4360
1450/3900 [==========>...................] - ETA: 2s - loss: 1.7932 - acc: 0.4352
1510/3900 [==========>...................] - ETA: 2s - loss: 1.7894 - acc: 0.4377
1570/3900 [===========>..................] - ETA: 2s - loss: 1.7885 - acc: 0.4427
1630/3900 [===========>..................] - ETA: 2s - loss: 1.7868 - acc: 0.4429
1690/3900 [============>.................] - ETA: 1s - loss: 1.7856 - acc: 0.4420
1750/3900 [============>.................] - ETA: 1s - loss: 1.7829 - acc: 0.4440
1810/3900 [============>.................] - ETA: 1s - loss: 1.7816 - acc: 0.4420
1870/3900 [=============>................] - ETA: 1s - loss: 1.7803 - acc: 0.4428
1930/3900 [=============>................] - ETA: 1s - loss: 1.7817 - acc: 0.4404
1990/3900 [==============>...............] - ETA: 1s - loss: 1.7826 - acc: 0.4392
2050/3900 [==============>...............] - ETA: 1s - loss: 1.7790 - acc: 0.4410
2110/3900 [===============>..............] - ETA: 1s - loss: 1.7757 - acc: 0.4436
2170/3900 [===============>..............] - ETA: 1s - loss: 1.7752 - acc: 0.4419
2230/3900 [================>.............] - ETA: 1s - loss: 1.7754 - acc: 0.4404
2290/3900 [================>.............] - ETA: 1s - loss: 1.7742 - acc: 0.4410
2350/3900 [=================>............] - ETA: 1s - loss: 1.7731 - acc: 0.4396
2410/3900 [=================>............] - ETA: 1s - loss: 1.7715 - acc: 0.4407
2470/3900 [==================>...........] - ETA: 1s - loss: 1.7724 - acc: 0.4393
2530/3900 [==================>...........] - ETA: 1s - loss: 1.7724 - acc: 0.4379
2590/3900 [==================>...........] - ETA: 1s - loss: 1.7721 - acc: 0.4378
2650/3900 [===================>..........] - ETA: 1s - loss: 1.7699 - acc: 0.4385
2710/3900 [===================>..........] - ETA: 1s - loss: 1.7691 - acc: 0.4395
2770/3900 [====================>.........] - ETA: 1s - loss: 1.7697 - acc: 0.4386
2830/3900 [====================>.........] - ETA: 0s - loss: 1.7675 - acc: 0.4389
2890/3900 [=====================>........] - ETA: 0s - loss: 1.7639 - acc: 0.4401
2950/3900 [=====================>........] - ETA: 0s - loss: 1.7610 - acc: 0.4427
3010/3900 [======================>.......] - ETA: 0s - loss: 1.7606 - acc: 0.4425
3070/3900 [======================>.......] - ETA: 0s - loss: 1.7602 - acc: 0.4427
3130/3900 [=======================>......] - ETA: 0s - loss: 1.7607 - acc: 0.4412
3190/3900 [=======================>......] - ETA: 0s - loss: 1.7581 - acc: 0.4414
3250/3900 [========================>.....] - ETA: 0s - loss: 1.7588 - acc: 0.4406
3310/3900 [========================>.....] - ETA: 0s - loss: 1.7578 - acc: 0.4405
3370/3900 [========================>.....] - ETA: 0s - loss: 1.7566 - acc: 0.4409
3430/3900 [=========================>....] - ETA: 0s - loss: 1.7551 - acc: 0.4408
3490/3900 [=========================>....] - ETA: 0s - loss: 1.7540 - acc: 0.4418
3550/3900 [==========================>...] - ETA: 0s - loss: 1.7525 - acc: 0.4423
3610/3900 [==========================>...] - ETA: 0s - loss: 1.7511 - acc: 0.4429
3670/3900 [===========================>..] - ETA: 0s - loss: 1.7512 - acc: 0.4417
3730/3900 [===========================>..] - ETA: 0s - loss: 1.7501 - acc: 0.4429
3790/3900 [============================>.] - ETA: 0s - loss: 1.7481 - acc: 0.4430
3850/3900 [============================>.] - ETA: 0s - loss: 1.7474 - acc: 0.4429
3900/3900 [==============================] - 4s 902us/step - loss: 1.7462 - acc: 0.4433 - val_loss: 1.9095 - val_acc: 0.1818
Current time ....3.518
Train on 600 samples, validate on 86 samples
Epoch 1/1

 10/600 [..............................] - ETA: 0s - loss: 0.1603 - acc: 1.0000
 70/600 [==>...........................] - ETA: 0s - loss: 0.1892 - acc: 1.0000
130/600 [=====>........................] - ETA: 0s - loss: 0.2112 - acc: 0.9769
190/600 [========>.....................] - ETA: 0s - loss: 0.2085 - acc: 0.9789
250/600 [===========>..................] - ETA: 0s - loss: 0.2037 - acc: 0.9800
310/600 [==============>...............] - ETA: 0s - loss: 0.1878 - acc: 0.9839
370/600 [=================>............] - ETA: 0s - loss: 0.1842 - acc: 0.9838
430/600 [====================>.........] - ETA: 0s - loss: 0.1868 - acc: 0.9814
490/600 [=======================>......] - ETA: 0s - loss: 0.1829 - acc: 0.9837
550/600 [==========================>...] - ETA: 0s - loss: 0.1793 - acc: 0.9836
600/600 [==============================] - 1s 922us/step - loss: 0.1763 - acc: 0.9850 - val_loss: 0.3567 - val_acc: 0.9186
Current time ....0.553
Train on 1200 samples, validate on 68 samples
Epoch 1/1

  10/1200 [..............................] - ETA: 1s - loss: 0.3476 - acc: 0.9000
  70/1200 [>.............................] - ETA: 0s - loss: 0.3902 - acc: 0.9000
 130/1200 [==>...........................] - ETA: 0s - loss: 0.4306 - acc: 0.9154
 190/1200 [===>..........................] - ETA: 0s - loss: 0.4429 - acc: 0.9263
 250/1200 [=====>........................] - ETA: 0s - loss: 0.4314 - acc: 0.9240
 310/1200 [======>.......................] - ETA: 0s - loss: 0.4510 - acc: 0.9129
 370/1200 [========>.....................] - ETA: 0s - loss: 0.4608 - acc: 0.9000
 430/1200 [=========>....................] - ETA: 0s - loss: 0.4615 - acc: 0.9023
 490/1200 [===========>..................] - ETA: 0s - loss: 0.4570 - acc: 0.9000
 550/1200 [============>.................] - ETA: 0s - loss: 0.4509 - acc: 0.9073
 610/1200 [==============>...............] - ETA: 0s - loss: 0.4494 - acc: 0.9049
 670/1200 [===============>..............] - ETA: 0s - loss: 0.4452 - acc: 0.9030
 730/1200 [=================>............] - ETA: 0s - loss: 0.4481 - acc: 0.8973
 790/1200 [==================>...........] - ETA: 0s - loss: 0.4451 - acc: 0.8962
 850/1200 [====================>.........] - ETA: 0s - loss: 0.4371 - acc: 0.8988
 910/1200 [=====================>........] - ETA: 0s - loss: 0.4404 - acc: 0.8978
 970/1200 [=======================>......] - ETA: 0s - loss: 0.4372 - acc: 0.8979
1030/1200 [========================>.....] - ETA: 0s - loss: 0.4308 - acc: 0.8990
1090/1200 [==========================>...] - ETA: 0s - loss: 0.4306 - acc: 0.8963
1150/1200 [===========================>..] - ETA: 0s - loss: 0.4266 - acc: 0.9000
1200/1200 [==============================] - 1s 906us/step - loss: 0.4218 - acc: 0.9008 - val_loss: 0.8425 - val_acc: 0.6176
Current time ....1.087
Train on 3900 samples, validate on 99 samples
Epoch 1/1

  10/3900 [..............................] - ETA: 3s - loss: 1.5282 - acc: 0.6000
  70/3900 [..............................] - ETA: 3s - loss: 1.6622 - acc: 0.4000
 130/3900 [>.............................] - ETA: 3s - loss: 1.6549 - acc: 0.3846
 190/3900 [>.............................] - ETA: 3s - loss: 1.6822 - acc: 0.4000
 250/3900 [>.............................] - ETA: 3s - loss: 1.6790 - acc: 0.3880
 310/3900 [=>............................] - ETA: 3s - loss: 1.6763 - acc: 0.4065
 370/3900 [=>............................] - ETA: 3s - loss: 1.6707 - acc: 0.4081
 430/3900 [==>...........................] - ETA: 3s - loss: 1.6641 - acc: 0.4256
 490/3900 [==>...........................] - ETA: 3s - loss: 1.6653 - acc: 0.4306
 550/3900 [===>..........................] - ETA: 2s - loss: 1.6663 - acc: 0.4309
 610/3900 [===>..........................] - ETA: 2s - loss: 1.6539 - acc: 0.4393
 670/3900 [====>.........................] - ETA: 2s - loss: 1.6495 - acc: 0.4388
 730/3900 [====>.........................] - ETA: 2s - loss: 1.6445 - acc: 0.4370
 790/3900 [=====>........................] - ETA: 2s - loss: 1.6494 - acc: 0.4278
 850/3900 [=====>........................] - ETA: 2s - loss: 1.6456 - acc: 0.4329
 910/3900 [======>.......................] - ETA: 2s - loss: 1.6402 - acc: 0.4396
 970/3900 [======>.......................] - ETA: 2s - loss: 1.6405 - acc: 0.4412
1030/3900 [======>.......................] - ETA: 2s - loss: 1.6398 - acc: 0.4417
1090/3900 [=======>......................] - ETA: 2s - loss: 1.6343 - acc: 0.4523
1150/3900 [=======>......................] - ETA: 2s - loss: 1.6348 - acc: 0.4557
1210/3900 [========>.....................] - ETA: 2s - loss: 1.6348 - acc: 0.4554
1270/3900 [========>.....................] - ETA: 2s - loss: 1.6308 - acc: 0.4614
1330/3900 [=========>....................] - ETA: 2s - loss: 1.6303 - acc: 0.4594
1390/3900 [=========>....................] - ETA: 2s - loss: 1.6264 - acc: 0.4597
1450/3900 [==========>...................] - ETA: 2s - loss: 1.6272 - acc: 0.4572
1510/3900 [==========>...................] - ETA: 2s - loss: 1.6257 - acc: 0.4603
1570/3900 [===========>..................] - ETA: 2s - loss: 1.6232 - acc: 0.4599
1630/3900 [===========>..................] - ETA: 2s - loss: 1.6196 - acc: 0.4638
1690/3900 [============>.................] - ETA: 1s - loss: 1.6153 - acc: 0.4651
1750/3900 [============>.................] - ETA: 1s - loss: 1.6162 - acc: 0.4634
1810/3900 [============>.................] - ETA: 1s - loss: 1.6117 - acc: 0.4707
1870/3900 [=============>................] - ETA: 1s - loss: 1.6065 - acc: 0.4749
1930/3900 [=============>................] - ETA: 1s - loss: 1.6040 - acc: 0.4788
1990/3900 [==============>...............] - ETA: 1s - loss: 1.6013 - acc: 0.4804
2050/3900 [==============>...............] - ETA: 1s - loss: 1.5989 - acc: 0.4820
2110/3900 [===============>..............] - ETA: 1s - loss: 1.5984 - acc: 0.4810
2170/3900 [===============>..............] - ETA: 1s - loss: 1.5966 - acc: 0.4820
2230/3900 [================>.............] - ETA: 1s - loss: 1.5940 - acc: 0.4834
2290/3900 [================>.............] - ETA: 1s - loss: 1.5921 - acc: 0.4852
2350/3900 [=================>............] - ETA: 1s - loss: 1.5913 - acc: 0.4855
2410/3900 [=================>............] - ETA: 1s - loss: 1.5926 - acc: 0.4830
2470/3900 [==================>...........] - ETA: 1s - loss: 1.5905 - acc: 0.4858
2530/3900 [==================>...........] - ETA: 1s - loss: 1.5914 - acc: 0.4858
2590/3900 [==================>...........] - ETA: 1s - loss: 1.5878 - acc: 0.4907
2650/3900 [===================>..........] - ETA: 1s - loss: 1.5855 - acc: 0.4925
2710/3900 [===================>..........] - ETA: 1s - loss: 1.5849 - acc: 0.4926
2770/3900 [====================>.........] - ETA: 1s - loss: 1.5848 - acc: 0.4946
2830/3900 [====================>.........] - ETA: 0s - loss: 1.5813 - acc: 0.4961
2890/3900 [=====================>........] - ETA: 0s - loss: 1.5800 - acc: 0.4969
2950/3900 [=====================>........] - ETA: 0s - loss: 1.5770 - acc: 0.4986
3010/3900 [======================>.......] - ETA: 0s - loss: 1.5753 - acc: 0.4990
3070/3900 [======================>.......] - ETA: 0s - loss: 1.5725 - acc: 0.5010
3130/3900 [=======================>......] - ETA: 0s - loss: 1.5703 - acc: 0.5029
3190/3900 [=======================>......] - ETA: 0s - loss: 1.5700 - acc: 0.5022
3250/3900 [========================>.....] - ETA: 0s - loss: 1.5685 - acc: 0.5018
3310/3900 [========================>.....] - ETA: 0s - loss: 1.5670 - acc: 0.5024
3370/3900 [========================>.....] - ETA: 0s - loss: 1.5644 - acc: 0.5030
3430/3900 [=========================>....] - ETA: 0s - loss: 1.5634 - acc: 0.5012
3490/3900 [=========================>....] - ETA: 0s - loss: 1.5621 - acc: 0.5017
3550/3900 [==========================>...] - ETA: 0s - loss: 1.5611 - acc: 0.5025
3610/3900 [==========================>...] - ETA: 0s - loss: 1.5589 - acc: 0.5039
3670/3900 [===========================>..] - ETA: 0s - loss: 1.5573 - acc: 0.5049
3730/3900 [===========================>..] - ETA: 0s - loss: 1.5564 - acc: 0.5048
3790/3900 [============================>.] - ETA: 0s - loss: 1.5537 - acc: 0.5069
3850/3900 [============================>.] - ETA: 0s - loss: 1.5531 - acc: 0.5068
3900/3900 [==============================] - 4s 903us/step - loss: 1.5530 - acc: 0.5069 - val_loss: 1.7854 - val_acc: 0.3737
Current time ....3.521
Train on 600 samples, validate on 86 samples
Epoch 1/1

 10/600 [..............................] - ETA: 0s - loss: 0.0872 - acc: 1.0000
 70/600 [==>...........................] - ETA: 0s - loss: 0.1549 - acc: 0.9571
130/600 [=====>........................] - ETA: 0s - loss: 0.1439 - acc: 0.9769
190/600 [========>.....................] - ETA: 0s - loss: 0.1423 - acc: 0.9737
250/600 [===========>..................] - ETA: 0s - loss: 0.1361 - acc: 0.9760
310/600 [==============>...............] - ETA: 0s - loss: 0.1262 - acc: 0.9806
370/600 [=================>............] - ETA: 0s - loss: 0.1207 - acc: 0.9838
430/600 [====================>.........] - ETA: 0s - loss: 0.1212 - acc: 0.9860
490/600 [=======================>......] - ETA: 0s - loss: 0.1234 - acc: 0.9837
550/600 [==========================>...] - ETA: 0s - loss: 0.1221 - acc: 0.9855
600/600 [==============================] - 1s 928us/step - loss: 0.1181 - acc: 0.9867 - val_loss: 0.3502 - val_acc: 0.9302
Current time ....0.557
Train on 1200 samples, validate on 68 samples
Epoch 1/1

  10/1200 [..............................] - ETA: 1s - loss: 0.4569 - acc: 0.8000
  70/1200 [>.............................] - ETA: 0s - loss: 0.4384 - acc: 0.8571
 130/1200 [==>...........................] - ETA: 0s - loss: 0.4397 - acc: 0.8692
 190/1200 [===>..........................] - ETA: 0s - loss: 0.4070 - acc: 0.8895
 250/1200 [=====>........................] - ETA: 0s - loss: 0.3760 - acc: 0.9000
 310/1200 [======>.......................] - ETA: 0s - loss: 0.3736 - acc: 0.9065
 370/1200 [========>.....................] - ETA: 0s - loss: 0.3519 - acc: 0.9162
 430/1200 [=========>....................] - ETA: 0s - loss: 0.3432 - acc: 0.9209
 490/1200 [===========>..................] - ETA: 0s - loss: 0.3440 - acc: 0.9204
 550/1200 [============>.................] - ETA: 0s - loss: 0.3376 - acc: 0.9182
 610/1200 [==============>...............] - ETA: 0s - loss: 0.3402 - acc: 0.9164
 670/1200 [===============>..............] - ETA: 0s - loss: 0.3362 - acc: 0.9164
 730/1200 [=================>............] - ETA: 0s - loss: 0.3362 - acc: 0.9164
 790/1200 [==================>...........] - ETA: 0s - loss: 0.3356 - acc: 0.9152
 850/1200 [====================>.........] - ETA: 0s - loss: 0.3357 - acc: 0.9106
 910/1200 [=====================>........] - ETA: 0s - loss: 0.3308 - acc: 0.9110
 970/1200 [=======================>......] - ETA: 0s - loss: 0.3280 - acc: 0.9134
1030/1200 [========================>.....] - ETA: 0s - loss: 0.3232 - acc: 0.9155
1090/1200 [==========================>...] - ETA: 0s - loss: 0.3196 - acc: 0.9165
1150/1200 [===========================>..] - ETA: 0s - loss: 0.3172 - acc: 0.9191
1200/1200 [==============================] - 1s 900us/step - loss: 0.3127 - acc: 0.9217 - val_loss: 0.7011 - val_acc: 0.6912
Current time ....1.080
Train on 3900 samples, validate on 99 samples
Epoch 1/1

  10/3900 [..............................] - ETA: 3s - loss: 1.2000 - acc: 0.8000
  70/3900 [..............................] - ETA: 3s - loss: 1.4981 - acc: 0.5571
 130/3900 [>.............................] - ETA: 3s - loss: 1.4838 - acc: 0.5385
 190/3900 [>.............................] - ETA: 3s - loss: 1.4387 - acc: 0.5474
 250/3900 [>.............................] - ETA: 3s - loss: 1.4292 - acc: 0.5560
 310/3900 [=>............................] - ETA: 3s - loss: 1.4008 - acc: 0.5774
 370/3900 [=>............................] - ETA: 3s - loss: 1.4049 - acc: 0.5811
 430/3900 [==>...........................] - ETA: 3s - loss: 1.4075 - acc: 0.5837
 490/3900 [==>...........................] - ETA: 3s - loss: 1.4023 - acc: 0.5898
 550/3900 [===>..........................] - ETA: 2s - loss: 1.4094 - acc: 0.5836
 610/3900 [===>..........................] - ETA: 2s - loss: 1.4070 - acc: 0.5836
 670/3900 [====>.........................] - ETA: 2s - loss: 1.4028 - acc: 0.5851
 720/3900 [====>.........................] - ETA: 2s - loss: 1.3988 - acc: 0.5833
 780/3900 [=====>........................] - ETA: 2s - loss: 1.4005 - acc: 0.5756
 840/3900 [=====>........................] - ETA: 2s - loss: 1.4054 - acc: 0.5738
 900/3900 [=====>........................] - ETA: 2s - loss: 1.3984 - acc: 0.5811
 960/3900 [======>.......................] - ETA: 2s - loss: 1.3993 - acc: 0.5792
1020/3900 [======>.......................] - ETA: 2s - loss: 1.4013 - acc: 0.5735
1080/3900 [=======>......................] - ETA: 2s - loss: 1.4023 - acc: 0.5713
1140/3900 [=======>......................] - ETA: 2s - loss: 1.4048 - acc: 0.5667
1200/3900 [========>.....................] - ETA: 2s - loss: 1.4028 - acc: 0.5667
1260/3900 [========>.....................] - ETA: 2s - loss: 1.3975 - acc: 0.5659
1320/3900 [=========>....................] - ETA: 2s - loss: 1.3986 - acc: 0.5629
1380/3900 [=========>....................] - ETA: 2s - loss: 1.3938 - acc: 0.5623
1440/3900 [==========>...................] - ETA: 2s - loss: 1.3931 - acc: 0.5618
1500/3900 [==========>...................] - ETA: 2s - loss: 1.3900 - acc: 0.5647
1560/3900 [===========>..................] - ETA: 2s - loss: 1.3916 - acc: 0.5609
1620/3900 [===========>..................] - ETA: 2s - loss: 1.3849 - acc: 0.5623
1680/3900 [===========>..................] - ETA: 1s - loss: 1.3896 - acc: 0.5589
1740/3900 [============>.................] - ETA: 1s - loss: 1.3867 - acc: 0.5592
1800/3900 [============>.................] - ETA: 1s - loss: 1.3852 - acc: 0.5656
1860/3900 [=============>................] - ETA: 1s - loss: 1.3848 - acc: 0.5661
1920/3900 [=============>................] - ETA: 1s - loss: 1.3843 - acc: 0.5672
1980/3900 [==============>...............] - ETA: 1s - loss: 1.3856 - acc: 0.5631
2040/3900 [==============>...............] - ETA: 1s - loss: 1.3843 - acc: 0.5632
2100/3900 [===============>..............] - ETA: 1s - loss: 1.3832 - acc: 0.5643
2160/3900 [===============>..............] - ETA: 1s - loss: 1.3815 - acc: 0.5648
2220/3900 [================>.............] - ETA: 1s - loss: 1.3803 - acc: 0.5667
2280/3900 [================>.............] - ETA: 1s - loss: 1.3804 - acc: 0.5649
2340/3900 [=================>............] - ETA: 1s - loss: 1.3794 - acc: 0.5658
2400/3900 [=================>............] - ETA: 1s - loss: 1.3756 - acc: 0.5658
2460/3900 [=================>............] - ETA: 1s - loss: 1.3732 - acc: 0.5650
2520/3900 [==================>...........] - ETA: 1s - loss: 1.3744 - acc: 0.5643
2580/3900 [==================>...........] - ETA: 1s - loss: 1.3743 - acc: 0.5659
2640/3900 [===================>..........] - ETA: 1s - loss: 1.3691 - acc: 0.5689
2700/3900 [===================>..........] - ETA: 1s - loss: 1.3667 - acc: 0.5700
2760/3900 [====================>.........] - ETA: 1s - loss: 1.3635 - acc: 0.5717
2820/3900 [====================>.........] - ETA: 0s - loss: 1.3609 - acc: 0.5748
2880/3900 [=====================>........] - ETA: 0s - loss: 1.3581 - acc: 0.5764
2940/3900 [=====================>........] - ETA: 0s - loss: 1.3566 - acc: 0.5769
3000/3900 [======================>.......] - ETA: 0s - loss: 1.3538 - acc: 0.5787
3060/3900 [======================>.......] - ETA: 0s - loss: 1.3515 - acc: 0.5804
3120/3900 [=======================>......] - ETA: 0s - loss: 1.3520 - acc: 0.5795
3180/3900 [=======================>......] - ETA: 0s - loss: 1.3509 - acc: 0.5799
3240/3900 [=======================>......] - ETA: 0s - loss: 1.3487 - acc: 0.5809
3300/3900 [========================>.....] - ETA: 0s - loss: 1.3473 - acc: 0.5815
3360/3900 [========================>.....] - ETA: 0s - loss: 1.3450 - acc: 0.5830
3420/3900 [=========================>....] - ETA: 0s - loss: 1.3413 - acc: 0.5848
3480/3900 [=========================>....] - ETA: 0s - loss: 1.3376 - acc: 0.5871
3540/3900 [==========================>...] - ETA: 0s - loss: 1.3368 - acc: 0.5881
3600/3900 [==========================>...] - ETA: 0s - loss: 1.3318 - acc: 0.5903
3660/3900 [===========================>..] - ETA: 0s - loss: 1.3309 - acc: 0.5918
3720/3900 [===========================>..] - ETA: 0s - loss: 1.3290 - acc: 0.5930
3780/3900 [============================>.] - ETA: 0s - loss: 1.3249 - acc: 0.5944
3840/3900 [============================>.] - ETA: 0s - loss: 1.3239 - acc: 0.5932
3900/3900 [==============================] - 3s 897us/step - loss: 1.3217 - acc: 0.5946 - val_loss: 1.8077 - val_acc: 0.3232
Current time ....3.498
Train on 600 samples, validate on 86 samples
Epoch 1/1

 10/600 [..............................] - ETA: 0s - loss: 0.0697 - acc: 1.0000
 70/600 [==>...........................] - ETA: 0s - loss: 0.0788 - acc: 1.0000
130/600 [=====>........................] - ETA: 0s - loss: 0.0775 - acc: 1.0000
190/600 [========>.....................] - ETA: 0s - loss: 0.0814 - acc: 0.9947
250/600 [===========>..................] - ETA: 0s - loss: 0.0882 - acc: 0.9920
310/600 [==============>...............] - ETA: 0s - loss: 0.0896 - acc: 0.9935
370/600 [=================>............] - ETA: 0s - loss: 0.0907 - acc: 0.9919
430/600 [====================>.........] - ETA: 0s - loss: 0.0881 - acc: 0.9907
490/600 [=======================>......] - ETA: 0s - loss: 0.0868 - acc: 0.9918
550/600 [==========================>...] - ETA: 0s - loss: 0.0822 - acc: 0.9927
600/600 [==============================] - 1s 918us/step - loss: 0.0823 - acc: 0.9917 - val_loss: 0.3377 - val_acc: 0.9302
Current time ....0.551
Train on 1200 samples, validate on 68 samples
Epoch 1/1

  10/1200 [..............................] - ETA: 1s - loss: 0.2255 - acc: 0.9000
  70/1200 [>.............................] - ETA: 1s - loss: 0.2654 - acc: 0.9286
 130/1200 [==>...........................] - ETA: 0s - loss: 0.2719 - acc: 0.9154
 190/1200 [===>..........................] - ETA: 0s - loss: 0.2722 - acc: 0.9211
 250/1200 [=====>........................] - ETA: 0s - loss: 0.2588 - acc: 0.9280
 310/1200 [======>.......................] - ETA: 0s - loss: 0.2473 - acc: 0.9290
 370/1200 [========>.....................] - ETA: 0s - loss: 0.2467 - acc: 0.9324
 430/1200 [=========>....................] - ETA: 0s - loss: 0.2459 - acc: 0.9349
 490/1200 [===========>..................] - ETA: 0s - loss: 0.2375 - acc: 0.9429
 550/1200 [============>.................] - ETA: 0s - loss: 0.2420 - acc: 0.9364
 610/1200 [==============>...............] - ETA: 0s - loss: 0.2345 - acc: 0.9393
 670/1200 [===============>..............] - ETA: 0s - loss: 0.2330 - acc: 0.9403
 730/1200 [=================>............] - ETA: 0s - loss: 0.2274 - acc: 0.9452
 790/1200 [==================>...........] - ETA: 0s - loss: 0.2250 - acc: 0.9481
 850/1200 [====================>.........] - ETA: 0s - loss: 0.2196 - acc: 0.9506
 910/1200 [=====================>........] - ETA: 0s - loss: 0.2188 - acc: 0.9505
 970/1200 [=======================>......] - ETA: 0s - loss: 0.2182 - acc: 0.9495
1030/1200 [========================>.....] - ETA: 0s - loss: 0.2167 - acc: 0.9505
1090/1200 [==========================>...] - ETA: 0s - loss: 0.2169 - acc: 0.9505
1150/1200 [===========================>..] - ETA: 0s - loss: 0.2183 - acc: 0.9478
1200/1200 [==============================] - 1s 900us/step - loss: 0.2153 - acc: 0.9500 - val_loss: 0.6493 - val_acc: 0.7353
Current time ....1.080
Train on 3900 samples, validate on 99 samples
Epoch 1/1

  10/3900 [..............................] - ETA: 3s - loss: 1.3182 - acc: 0.5000
  70/3900 [..............................] - ETA: 3s - loss: 1.2650 - acc: 0.5286
 130/3900 [>.............................] - ETA: 3s - loss: 1.2097 - acc: 0.6077
 190/3900 [>.............................] - ETA: 3s - loss: 1.2556 - acc: 0.5684
 250/3900 [>.............................] - ETA: 3s - loss: 1.2296 - acc: 0.5680
 310/3900 [=>............................] - ETA: 3s - loss: 1.2270 - acc: 0.5839
 370/3900 [=>............................] - ETA: 3s - loss: 1.2139 - acc: 0.5973
 430/3900 [==>...........................] - ETA: 3s - loss: 1.2222 - acc: 0.6023
 490/3900 [==>...........................] - ETA: 3s - loss: 1.2094 - acc: 0.6102
 550/3900 [===>..........................] - ETA: 2s - loss: 1.1987 - acc: 0.6164
 610/3900 [===>..........................] - ETA: 2s - loss: 1.1886 - acc: 0.6262
 670/3900 [====>.........................] - ETA: 2s - loss: 1.1966 - acc: 0.6194
 730/3900 [====>.........................] - ETA: 2s - loss: 1.1964 - acc: 0.6205
 790/3900 [=====>........................] - ETA: 2s - loss: 1.1895 - acc: 0.6253
 850/3900 [=====>........................] - ETA: 2s - loss: 1.1744 - acc: 0.6294
 910/3900 [======>.......................] - ETA: 2s - loss: 1.1727 - acc: 0.6297
 970/3900 [======>.......................] - ETA: 2s - loss: 1.1729 - acc: 0.6278
1030/3900 [======>.......................] - ETA: 2s - loss: 1.1742 - acc: 0.6272
1090/3900 [=======>......................] - ETA: 2s - loss: 1.1717 - acc: 0.6294
1150/3900 [=======>......................] - ETA: 2s - loss: 1.1694 - acc: 0.6322
1210/3900 [========>.....................] - ETA: 2s - loss: 1.1652 - acc: 0.6322
1270/3900 [========>.....................] - ETA: 2s - loss: 1.1651 - acc: 0.6346
1330/3900 [=========>....................] - ETA: 2s - loss: 1.1657 - acc: 0.6331
1390/3900 [=========>....................] - ETA: 2s - loss: 1.1660 - acc: 0.6331
1450/3900 [==========>...................] - ETA: 2s - loss: 1.1578 - acc: 0.6379
1510/3900 [==========>...................] - ETA: 2s - loss: 1.1550 - acc: 0.6397
1570/3900 [===========>..................] - ETA: 2s - loss: 1.1564 - acc: 0.6357
1630/3900 [===========>..................] - ETA: 2s - loss: 1.1526 - acc: 0.6344
1690/3900 [============>.................] - ETA: 1s - loss: 1.1536 - acc: 0.6349
1750/3900 [============>.................] - ETA: 1s - loss: 1.1534 - acc: 0.6354
1810/3900 [============>.................] - ETA: 1s - loss: 1.1512 - acc: 0.6381
1870/3900 [=============>................] - ETA: 1s - loss: 1.1504 - acc: 0.6380
1930/3900 [=============>................] - ETA: 1s - loss: 1.1509 - acc: 0.6342
1990/3900 [==============>...............] - ETA: 1s - loss: 1.1480 - acc: 0.6357
2050/3900 [==============>...............] - ETA: 1s - loss: 1.1469 - acc: 0.6380
2110/3900 [===============>..............] - ETA: 1s - loss: 1.1448 - acc: 0.6408
2170/3900 [===============>..............] - ETA: 1s - loss: 1.1389 - acc: 0.6429
2230/3900 [================>.............] - ETA: 1s - loss: 1.1366 - acc: 0.6439
2290/3900 [================>.............] - ETA: 1s - loss: 1.1370 - acc: 0.6454
2350/3900 [=================>............] - ETA: 1s - loss: 1.1364 - acc: 0.6455
2410/3900 [=================>............] - ETA: 1s - loss: 1.1310 - acc: 0.6477
2470/3900 [==================>...........] - ETA: 1s - loss: 1.1300 - acc: 0.6474
2530/3900 [==================>...........] - ETA: 1s - loss: 1.1263 - acc: 0.6494
2590/3900 [==================>...........] - ETA: 1s - loss: 1.1250 - acc: 0.6525
2650/3900 [===================>..........] - ETA: 1s - loss: 1.1197 - acc: 0.6555
2710/3900 [===================>..........] - ETA: 1s - loss: 1.1240 - acc: 0.6517
2770/3900 [====================>.........] - ETA: 1s - loss: 1.1239 - acc: 0.6520
2830/3900 [====================>.........] - ETA: 0s - loss: 1.1220 - acc: 0.6519
2890/3900 [=====================>........] - ETA: 0s - loss: 1.1192 - acc: 0.6533
2950/3900 [=====================>........] - ETA: 0s - loss: 1.1184 - acc: 0.6546
3010/3900 [======================>.......] - ETA: 0s - loss: 1.1157 - acc: 0.6551
3070/3900 [======================>.......] - ETA: 0s - loss: 1.1143 - acc: 0.6544
3130/3900 [=======================>......] - ETA: 0s - loss: 1.1137 - acc: 0.6546
3190/3900 [=======================>......] - ETA: 0s - loss: 1.1134 - acc: 0.6549
3250/3900 [========================>.....] - ETA: 0s - loss: 1.1127 - acc: 0.6535
3310/3900 [========================>.....] - ETA: 0s - loss: 1.1118 - acc: 0.6526
3370/3900 [========================>.....] - ETA: 0s - loss: 1.1096 - acc: 0.6531
3430/3900 [=========================>....] - ETA: 0s - loss: 1.1072 - acc: 0.6545
3490/3900 [=========================>....] - ETA: 0s - loss: 1.1043 - acc: 0.6562
3550/3900 [==========================>...] - ETA: 0s - loss: 1.1034 - acc: 0.6569
3610/3900 [==========================>...] - ETA: 0s - loss: 1.1002 - acc: 0.6582
3670/3900 [===========================>..] - ETA: 0s - loss: 1.0986 - acc: 0.6586
3730/3900 [===========================>..] - ETA: 0s - loss: 1.0970 - acc: 0.6587
3790/3900 [============================>.] - ETA: 0s - loss: 1.0998 - acc: 0.6570
3850/3900 [============================>.] - ETA: 0s - loss: 1.0990 - acc: 0.6571
3900/3900 [==============================] - 3s 897us/step - loss: 1.0956 - acc: 0.6574 - val_loss: 1.6278 - val_acc: 0.3838
Current time ....3.498
Train on 600 samples, validate on 86 samples
Epoch 1/1

 10/600 [..............................] - ETA: 0s - loss: 0.0586 - acc: 1.0000
 70/600 [==>...........................] - ETA: 0s - loss: 0.0643 - acc: 1.0000
130/600 [=====>........................] - ETA: 0s - loss: 0.0600 - acc: 1.0000
190/600 [========>.....................] - ETA: 0s - loss: 0.0575 - acc: 1.0000
250/600 [===========>..................] - ETA: 0s - loss: 0.0575 - acc: 0.9960
310/600 [==============>...............] - ETA: 0s - loss: 0.0570 - acc: 0.9968
370/600 [=================>............] - ETA: 0s - loss: 0.0561 - acc: 0.9973
430/600 [====================>.........] - ETA: 0s - loss: 0.0577 - acc: 0.9977
490/600 [=======================>......] - ETA: 0s - loss: 0.0603 - acc: 0.9959
550/600 [==========================>...] - ETA: 0s - loss: 0.0584 - acc: 0.9964
600/600 [==============================] - 1s 916us/step - loss: 0.0604 - acc: 0.9950 - val_loss: 0.3717 - val_acc: 0.9186
Current time ....0.550
Train on 1200 samples, validate on 68 samples
Epoch 1/1

  10/1200 [..............................] - ETA: 1s - loss: 0.1552 - acc: 1.0000
  70/1200 [>.............................] - ETA: 1s - loss: 0.1868 - acc: 0.9571
 130/1200 [==>...........................] - ETA: 0s - loss: 0.1824 - acc: 0.9692
 190/1200 [===>..........................] - ETA: 0s - loss: 0.1789 - acc: 0.9684
 250/1200 [=====>........................] - ETA: 0s - loss: 0.1833 - acc: 0.9720
 310/1200 [======>.......................] - ETA: 0s - loss: 0.1777 - acc: 0.9742
 370/1200 [========>.....................] - ETA: 0s - loss: 0.1814 - acc: 0.9676
 430/1200 [=========>....................] - ETA: 0s - loss: 0.1784 - acc: 0.9674
 490/1200 [===========>..................] - ETA: 0s - loss: 0.1740 - acc: 0.9714
 550/1200 [============>.................] - ETA: 0s - loss: 0.1781 - acc: 0.9655
 610/1200 [==============>...............] - ETA: 0s - loss: 0.1767 - acc: 0.9689
 670/1200 [===============>..............] - ETA: 0s - loss: 0.1722 - acc: 0.9687
 730/1200 [=================>............] - ETA: 0s - loss: 0.1656 - acc: 0.9699
 790/1200 [==================>...........] - ETA: 0s - loss: 0.1632 - acc: 0.9709
 850/1200 [====================>.........] - ETA: 0s - loss: 0.1597 - acc: 0.9706
 910/1200 [=====================>........] - ETA: 0s - loss: 0.1586 - acc: 0.9714
 970/1200 [=======================>......] - ETA: 0s - loss: 0.1589 - acc: 0.9722
1030/1200 [========================>.....] - ETA: 0s - loss: 0.1605 - acc: 0.9699
1090/1200 [==========================>...] - ETA: 0s - loss: 0.1584 - acc: 0.9688
1150/1200 [===========================>..] - ETA: 0s - loss: 0.1550 - acc: 0.9696
1200/1200 [==============================] - 1s 898us/step - loss: 0.1540 - acc: 0.9700 - val_loss: 0.7759 - val_acc: 0.6912
Current time ....1.078
Train on 3900 samples, validate on 99 samples
Epoch 1/1

  10/3900 [..............................] - ETA: 3s - loss: 0.7206 - acc: 1.0000
  70/3900 [..............................] - ETA: 3s - loss: 0.8460 - acc: 0.8000
 130/3900 [>.............................] - ETA: 3s - loss: 0.9050 - acc: 0.7692
 190/3900 [>.............................] - ETA: 3s - loss: 0.9072 - acc: 0.7421
 250/3900 [>.............................] - ETA: 3s - loss: 0.9103 - acc: 0.7200
 310/3900 [=>............................] - ETA: 3s - loss: 0.9239 - acc: 0.7129
 370/3900 [=>............................] - ETA: 3s - loss: 0.9281 - acc: 0.7216
 430/3900 [==>...........................] - ETA: 3s - loss: 0.9254 - acc: 0.7186
 490/3900 [==>...........................] - ETA: 3s - loss: 0.9294 - acc: 0.7122
 550/3900 [===>..........................] - ETA: 2s - loss: 0.9190 - acc: 0.7073
 610/3900 [===>..........................] - ETA: 2s - loss: 0.9340 - acc: 0.6984
 670/3900 [====>.........................] - ETA: 2s - loss: 0.9484 - acc: 0.6896
 730/3900 [====>.........................] - ETA: 2s - loss: 0.9433 - acc: 0.6932
 790/3900 [=====>........................] - ETA: 2s - loss: 0.9362 - acc: 0.7000
 850/3900 [=====>........................] - ETA: 2s - loss: 0.9357 - acc: 0.7012
 910/3900 [======>.......................] - ETA: 2s - loss: 0.9367 - acc: 0.7011
 970/3900 [======>.......................] - ETA: 2s - loss: 0.9318 - acc: 0.7000
1030/3900 [======>.......................] - ETA: 2s - loss: 0.9412 - acc: 0.6942
1090/3900 [=======>......................] - ETA: 2s - loss: 0.9356 - acc: 0.6982
1150/3900 [=======>......................] - ETA: 2s - loss: 0.9309 - acc: 0.7017
1210/3900 [========>.....................] - ETA: 2s - loss: 0.9374 - acc: 0.6992
1270/3900 [========>.....................] - ETA: 2s - loss: 0.9375 - acc: 0.6969
1330/3900 [=========>....................] - ETA: 2s - loss: 0.9283 - acc: 0.7030
1390/3900 [=========>....................] - ETA: 2s - loss: 0.9280 - acc: 0.7022
1450/3900 [==========>...................] - ETA: 2s - loss: 0.9253 - acc: 0.7048
1510/3900 [==========>...................] - ETA: 2s - loss: 0.9268 - acc: 0.7040
1570/3900 [===========>..................] - ETA: 2s - loss: 0.9304 - acc: 0.7025
1630/3900 [===========>..................] - ETA: 2s - loss: 0.9255 - acc: 0.7061
1690/3900 [============>.................] - ETA: 1s - loss: 0.9237 - acc: 0.7071
1750/3900 [============>.................] - ETA: 1s - loss: 0.9266 - acc: 0.7040
1810/3900 [============>.................] - ETA: 1s - loss: 0.9252 - acc: 0.7061
1870/3900 [=============>................] - ETA: 1s - loss: 0.9229 - acc: 0.7059
1930/3900 [=============>................] - ETA: 1s - loss: 0.9224 - acc: 0.7052
1990/3900 [==============>...............] - ETA: 1s - loss: 0.9213 - acc: 0.7065
2050/3900 [==============>...............] - ETA: 1s - loss: 0.9197 - acc: 0.7073
2110/3900 [===============>..............] - ETA: 1s - loss: 0.9157 - acc: 0.7085
2170/3900 [===============>..............] - ETA: 1s - loss: 0.9150 - acc: 0.7097
2230/3900 [================>.............] - ETA: 1s - loss: 0.9163 - acc: 0.7085
2290/3900 [================>.............] - ETA: 1s - loss: 0.9157 - acc: 0.7061
2350/3900 [=================>............] - ETA: 1s - loss: 0.9159 - acc: 0.7064
2410/3900 [=================>............] - ETA: 1s - loss: 0.9162 - acc: 0.7062
2470/3900 [==================>...........] - ETA: 1s - loss: 0.9139 - acc: 0.7069
2530/3900 [==================>...........] - ETA: 1s - loss: 0.9148 - acc: 0.7063
2590/3900 [==================>...........] - ETA: 1s - loss: 0.9155 - acc: 0.7066
2650/3900 [===================>..........] - ETA: 1s - loss: 0.9145 - acc: 0.7075
2710/3900 [===================>..........] - ETA: 1s - loss: 0.9119 - acc: 0.7085
2770/3900 [====================>.........] - ETA: 1s - loss: 0.9143 - acc: 0.7072
2830/3900 [====================>.........] - ETA: 0s - loss: 0.9112 - acc: 0.7092
2890/3900 [=====================>........] - ETA: 0s - loss: 0.9109 - acc: 0.7107
2950/3900 [=====================>........] - ETA: 0s - loss: 0.9073 - acc: 0.7122
3010/3900 [======================>.......] - ETA: 0s - loss: 0.9083 - acc: 0.7100
3070/3900 [======================>.......] - ETA: 0s - loss: 0.9087 - acc: 0.7094
3130/3900 [=======================>......] - ETA: 0s - loss: 0.9073 - acc: 0.7096
3190/3900 [=======================>......] - ETA: 0s - loss: 0.9091 - acc: 0.7088
3250/3900 [========================>.....] - ETA: 0s - loss: 0.9081 - acc: 0.7083
3310/3900 [========================>.....] - ETA: 0s - loss: 0.9079 - acc: 0.7079
3370/3900 [========================>.....] - ETA: 0s - loss: 0.9085 - acc: 0.7074
3420/3900 [=========================>....] - ETA: 0s - loss: 0.9090 - acc: 0.7070
3480/3900 [=========================>....] - ETA: 0s - loss: 0.9082 - acc: 0.7083
3540/3900 [==========================>...] - ETA: 0s - loss: 0.9101 - acc: 0.7065
3600/3900 [==========================>...] - ETA: 0s - loss: 0.9078 - acc: 0.7083
3660/3900 [===========================>..] - ETA: 0s - loss: 0.9052 - acc: 0.7087
3720/3900 [===========================>..] - ETA: 0s - loss: 0.9012 - acc: 0.7108
3780/3900 [============================>.] - ETA: 0s - loss: 0.8981 - acc: 0.7114
3840/3900 [============================>.] - ETA: 0s - loss: 0.8953 - acc: 0.7133
3900/3900 [==============================] - 4s 902us/step - loss: 0.8949 - acc: 0.7131 - val_loss: 1.5595 - val_acc: 0.4646
Current time ....3.517
Train on 600 samples, validate on 86 samples
Epoch 1/1

 10/600 [..............................] - ETA: 0s - loss: 0.0156 - acc: 1.0000
 70/600 [==>...........................] - ETA: 0s - loss: 0.0416 - acc: 1.0000
130/600 [=====>........................] - ETA: 0s - loss: 0.0559 - acc: 0.9923
190/600 [========>.....................] - ETA: 0s - loss: 0.0557 - acc: 0.9947
250/600 [===========>..................] - ETA: 0s - loss: 0.0486 - acc: 0.9960
310/600 [==============>...............] - ETA: 0s - loss: 0.0491 - acc: 0.9968
370/600 [=================>............] - ETA: 0s - loss: 0.0497 - acc: 0.9973
430/600 [====================>.........] - ETA: 0s - loss: 0.0491 - acc: 0.9953
490/600 [=======================>......] - ETA: 0s - loss: 0.0479 - acc: 0.9959
550/600 [==========================>...] - ETA: 0s - loss: 0.0456 - acc: 0.9964
600/600 [==============================] - 1s 923us/step - loss: 0.0474 - acc: 0.9967 - val_loss: 0.3956 - val_acc: 0.9186
Current time ....0.554
Train on 1200 samples, validate on 68 samples
Epoch 1/1

  10/1200 [..............................] - ETA: 1s - loss: 0.1606 - acc: 1.0000
  70/1200 [>.............................] - ETA: 1s - loss: 0.1374 - acc: 0.9714
 130/1200 [==>...........................] - ETA: 0s - loss: 0.1269 - acc: 0.9692
 190/1200 [===>..........................] - ETA: 0s - loss: 0.1235 - acc: 0.9789
 250/1200 [=====>........................] - ETA: 0s - loss: 0.1224 - acc: 0.9760
 310/1200 [======>.......................] - ETA: 0s - loss: 0.1206 - acc: 0.9774
 370/1200 [========>.....................] - ETA: 0s - loss: 0.1198 - acc: 0.9811
 430/1200 [=========>....................] - ETA: 0s - loss: 0.1143 - acc: 0.9837
 480/1200 [===========>..................] - ETA: 0s - loss: 0.1179 - acc: 0.9792
 540/1200 [============>.................] - ETA: 0s - loss: 0.1172 - acc: 0.9815
 600/1200 [==============>...............] - ETA: 0s - loss: 0.1115 - acc: 0.9833
 660/1200 [===============>..............] - ETA: 0s - loss: 0.1088 - acc: 0.9833
 720/1200 [=================>............] - ETA: 0s - loss: 0.1085 - acc: 0.9819
 780/1200 [==================>...........] - ETA: 0s - loss: 0.1083 - acc: 0.9821
 840/1200 [====================>.........] - ETA: 0s - loss: 0.1070 - acc: 0.9833
 900/1200 [=====================>........] - ETA: 0s - loss: 0.1070 - acc: 0.9833
 960/1200 [=======================>......] - ETA: 0s - loss: 0.1091 - acc: 0.9833
1020/1200 [========================>.....] - ETA: 0s - loss: 0.1075 - acc: 0.9843
1080/1200 [==========================>...] - ETA: 0s - loss: 0.1061 - acc: 0.9843
1140/1200 [===========================>..] - ETA: 0s - loss: 0.1055 - acc: 0.9842
1200/1200 [==============================] - 1s 913us/step - loss: 0.1054 - acc: 0.9842 - val_loss: 0.7981 - val_acc: 0.7059
Current time ....1.096
Train on 3900 samples, validate on 99 samples
Epoch 1/1

  10/3900 [..............................] - ETA: 3s - loss: 1.1113 - acc: 0.5000
  70/3900 [..............................] - ETA: 3s - loss: 0.8204 - acc: 0.7000
 130/3900 [>.............................] - ETA: 3s - loss: 0.8399 - acc: 0.7000
 190/3900 [>.............................] - ETA: 3s - loss: 0.8114 - acc: 0.7211
 250/3900 [>.............................] - ETA: 3s - loss: 0.8254 - acc: 0.7200
 310/3900 [=>............................] - ETA: 3s - loss: 0.8352 - acc: 0.7226
 370/3900 [=>............................] - ETA: 3s - loss: 0.8374 - acc: 0.7189
 430/3900 [==>...........................] - ETA: 3s - loss: 0.8224 - acc: 0.7279
 490/3900 [==>...........................] - ETA: 3s - loss: 0.8200 - acc: 0.7286
 550/3900 [===>..........................] - ETA: 3s - loss: 0.8034 - acc: 0.7364
 610/3900 [===>..........................] - ETA: 2s - loss: 0.7961 - acc: 0.7377
 670/3900 [====>.........................] - ETA: 2s - loss: 0.7910 - acc: 0.7418
 730/3900 [====>.........................] - ETA: 2s - loss: 0.7965 - acc: 0.7397
 790/3900 [=====>........................] - ETA: 2s - loss: 0.7969 - acc: 0.7380
 850/3900 [=====>........................] - ETA: 2s - loss: 0.8070 - acc: 0.7353
 910/3900 [======>.......................] - ETA: 2s - loss: 0.8133 - acc: 0.7319
 970/3900 [======>.......................] - ETA: 2s - loss: 0.8046 - acc: 0.7351
1030/3900 [======>.......................] - ETA: 2s - loss: 0.8019 - acc: 0.7350
1090/3900 [=======>......................] - ETA: 2s - loss: 0.8015 - acc: 0.7358
1150/3900 [=======>......................] - ETA: 2s - loss: 0.7931 - acc: 0.7391
1210/3900 [========>.....................] - ETA: 2s - loss: 0.7973 - acc: 0.7380
1270/3900 [========>.....................] - ETA: 2s - loss: 0.7933 - acc: 0.7417
1330/3900 [=========>....................] - ETA: 2s - loss: 0.7878 - acc: 0.7466
1390/3900 [=========>....................] - ETA: 2s - loss: 0.7803 - acc: 0.7468
1450/3900 [==========>...................] - ETA: 2s - loss: 0.7777 - acc: 0.7490
1510/3900 [==========>...................] - ETA: 2s - loss: 0.7785 - acc: 0.7503
1570/3900 [===========>..................] - ETA: 2s - loss: 0.7776 - acc: 0.7510
1630/3900 [===========>..................] - ETA: 2s - loss: 0.7821 - acc: 0.7491
1690/3900 [============>.................] - ETA: 1s - loss: 0.7781 - acc: 0.7515
1750/3900 [============>.................] - ETA: 1s - loss: 0.7788 - acc: 0.7503
1800/3900 [============>.................] - ETA: 1s - loss: 0.7750 - acc: 0.7528
1860/3900 [=============>................] - ETA: 1s - loss: 0.7766 - acc: 0.7505
1920/3900 [=============>................] - ETA: 1s - loss: 0.7741 - acc: 0.7500
1980/3900 [==============>...............] - ETA: 1s - loss: 0.7749 - acc: 0.7490
2040/3900 [==============>...............] - ETA: 1s - loss: 0.7754 - acc: 0.7475
2100/3900 [===============>..............] - ETA: 1s - loss: 0.7705 - acc: 0.7490
2160/3900 [===============>..............] - ETA: 1s - loss: 0.7700 - acc: 0.7491
2220/3900 [================>.............] - ETA: 1s - loss: 0.7670 - acc: 0.7505
2280/3900 [================>.............] - ETA: 1s - loss: 0.7658 - acc: 0.7518
2340/3900 [=================>............] - ETA: 1s - loss: 0.7583 - acc: 0.7551
2400/3900 [=================>............] - ETA: 1s - loss: 0.7571 - acc: 0.7546
2460/3900 [=================>............] - ETA: 1s - loss: 0.7558 - acc: 0.7561
2520/3900 [==================>...........] - ETA: 1s - loss: 0.7555 - acc: 0.7571
2580/3900 [==================>...........] - ETA: 1s - loss: 0.7556 - acc: 0.7562
2640/3900 [===================>..........] - ETA: 1s - loss: 0.7529 - acc: 0.7568
2700/3900 [===================>..........] - ETA: 1s - loss: 0.7549 - acc: 0.7570
2760/3900 [====================>.........] - ETA: 1s - loss: 0.7523 - acc: 0.7591
2820/3900 [====================>.........] - ETA: 0s - loss: 0.7496 - acc: 0.7606
2870/3900 [=====================>........] - ETA: 0s - loss: 0.7505 - acc: 0.7585
2930/3900 [=====================>........] - ETA: 0s - loss: 0.7523 - acc: 0.7577
2990/3900 [======================>.......] - ETA: 0s - loss: 0.7497 - acc: 0.7592
3050/3900 [======================>.......] - ETA: 0s - loss: 0.7491 - acc: 0.7587
3110/3900 [======================>.......] - ETA: 0s - loss: 0.7495 - acc: 0.7576
3170/3900 [=======================>......] - ETA: 0s - loss: 0.7519 - acc: 0.7568
3230/3900 [=======================>......] - ETA: 0s - loss: 0.7503 - acc: 0.7576
3290/3900 [========================>.....] - ETA: 0s - loss: 0.7485 - acc: 0.7584
3350/3900 [========================>.....] - ETA: 0s - loss: 0.7452 - acc: 0.7594
3410/3900 [=========================>....] - ETA: 0s - loss: 0.7418 - acc: 0.7607
3470/3900 [=========================>....] - ETA: 0s - loss: 0.7409 - acc: 0.7611
3530/3900 [==========================>...] - ETA: 0s - loss: 0.7404 - acc: 0.7606
3590/3900 [==========================>...] - ETA: 0s - loss: 0.7389 - acc: 0.7613
3650/3900 [===========================>..] - ETA: 0s - loss: 0.7385 - acc: 0.7614
3710/3900 [===========================>..] - ETA: 0s - loss: 0.7363 - acc: 0.7625
3770/3900 [============================>.] - ETA: 0s - loss: 0.7346 - acc: 0.7637
3830/3900 [============================>.] - ETA: 0s - loss: 0.7368 - acc: 0.7621
3890/3900 [============================>.] - ETA: 0s - loss: 0.7345 - acc: 0.7627
3900/3900 [==============================] - 4s 912us/step - loss: 0.7350 - acc: 0.7623 - val_loss: 1.6215 - val_acc: 0.4242
Current time ....3.555
Train on 600 samples, validate on 86 samples
Epoch 1/1

 10/600 [..............................] - ETA: 0s - loss: 0.0306 - acc: 1.0000
 70/600 [==>...........................] - ETA: 0s - loss: 0.0407 - acc: 1.0000
130/600 [=====>........................] - ETA: 0s - loss: 0.0376 - acc: 1.0000
190/600 [========>.....................] - ETA: 0s - loss: 0.0380 - acc: 1.0000
250/600 [===========>..................] - ETA: 0s - loss: 0.0347 - acc: 1.0000
310/600 [==============>...............] - ETA: 0s - loss: 0.0338 - acc: 1.0000
370/600 [=================>............] - ETA: 0s - loss: 0.0356 - acc: 1.0000
430/600 [====================>.........] - ETA: 0s - loss: 0.0387 - acc: 0.9953
490/600 [=======================>......] - ETA: 0s - loss: 0.0383 - acc: 0.9959
550/600 [==========================>...] - ETA: 0s - loss: 0.0388 - acc: 0.9964
600/600 [==============================] - 1s 928us/step - loss: 0.0383 - acc: 0.9967 - val_loss: 0.4341 - val_acc: 0.9070
Current time ....0.557
Train on 1200 samples, validate on 68 samples
Epoch 1/1

  10/1200 [..............................] - ETA: 1s - loss: 0.0086 - acc: 1.0000
  70/1200 [>.............................] - ETA: 1s - loss: 0.0939 - acc: 0.9857
 130/1200 [==>...........................] - ETA: 0s - loss: 0.0786 - acc: 0.9846
 190/1200 [===>..........................] - ETA: 0s - loss: 0.0883 - acc: 0.9842
 250/1200 [=====>........................] - ETA: 0s - loss: 0.0799 - acc: 0.9880
 310/1200 [======>.......................] - ETA: 0s - loss: 0.0835 - acc: 0.9839
 370/1200 [========>.....................] - ETA: 0s - loss: 0.1026 - acc: 0.9811
 430/1200 [=========>....................] - ETA: 0s - loss: 0.0995 - acc: 0.9814
 490/1200 [===========>..................] - ETA: 0s - loss: 0.0936 - acc: 0.9837
 550/1200 [============>.................] - ETA: 0s - loss: 0.0923 - acc: 0.9855
 610/1200 [==============>...............] - ETA: 0s - loss: 0.0928 - acc: 0.9852
 670/1200 [===============>..............] - ETA: 0s - loss: 0.1113 - acc: 0.9791
 730/1200 [=================>............] - ETA: 0s - loss: 0.1074 - acc: 0.9808
 790/1200 [==================>...........] - ETA: 0s - loss: 0.1065 - acc: 0.9823
 850/1200 [====================>.........] - ETA: 0s - loss: 0.1038 - acc: 0.9824
 910/1200 [=====================>........] - ETA: 0s - loss: 0.1004 - acc: 0.9835
 970/1200 [=======================>......] - ETA: 0s - loss: 0.1024 - acc: 0.9825
1030/1200 [========================>.....] - ETA: 0s - loss: 0.1021 - acc: 0.9825
1090/1200 [==========================>...] - ETA: 0s - loss: 0.1007 - acc: 0.9817
1150/1200 [===========================>..] - ETA: 0s - loss: 0.0977 - acc: 0.9826
1200/1200 [==============================] - 1s 902us/step - loss: 0.0955 - acc: 0.9833 - val_loss: 0.8550 - val_acc: 0.6912
Current time ....1.082

32/99 [========>.....................] - ETA: 0s
99/99 [==============================] - 0s 90us/step
In EVALUATE loss:  [1.6215148285181835, 0.42424242484449137]

32/86 [==========>...................] - ETA: 0s
86/86 [==============================] - 0s 80us/step
In EVALUATE loss:  [0.43407726287841797, 0.90697675804759181]

32/68 [=============>................] - ETA: 0s
68/68 [==============================] - 0s 97us/step
In EVALUATE loss:  [0.85495355549980612, 0.69117647058823528]
Task 1 : Primary site - Macro F1 score 0.2596564709
Task 1 : Primary site - Micro F1 score 0.424242424242
Task 2 : Tumor laterality - Macro F1 score 0.906926406926
Task 2 : Tumor laterality - Micro F1 score 0.906976744186
Task 3 : Histological grade - Macro F1 score 0.521857923497
Task 3 : Histological grade - Micro F1 score 0.691176470588
Average loss:  0.970181882299
