Importing candle utils for keras
Configuration file:  /gpfs/mira-home/apeck/Modified_Benchmarks/Pilot3/P3B1/p3b1_default_model.txt
{'activation': 'relu',
 'batch_size': 10,
 'data_url': 'ftp://ftp.mcs.anl.gov/pub/candle/public/benchmarks/P3B1/',
 'drop': 0.0,
 'epochs': 10,
 'feature_names': 'Primary site:Tumor laterality:Histological grade',
 'ind_nnet_spec': [[2400, 2400, 1200, 1200],
                   [2400, 2400, 1200, 1200],
                   [2400, 2400, 1200, 1200]],
 'initialization': 'glorot_uniform',
 'learning_rate': 0.01,
 'loss': 'categorical_crossentropy',
 'metrics': 'accuracy',
 'model_name': 'p3b1',
 'n_fold': 1,
 'optimizer': 'sgd',
 'out_activation': 'softmax',
 'output_dir': '.',
 'scaling': 'none',
 'shared_nnet_spec': [1200,
                      2400,
                      3600,
                      3600,
                      3600,
                      3600,
                      3600,
                      3600,
                      3600,
                      2400],
 'shuffle': True,
 'timeout': 1800,
 'train_data': 'P3B1_data.tar.gz'}
Params:
{'activation': 'relu',
 'batch_size': 10,
 'case': 'CenterZ',
 'data_url': 'ftp://ftp.mcs.anl.gov/pub/candle/public/benchmarks/P3B1/',
 'datatype': <class 'numpy.float32'>,
 'drop': 0.0,
 'epochs': 10,
 'experiment_id': 'EXP000',
 'feature_names': 'Primary site:Tumor laterality:Histological grade',
 'fig': False,
 'gpus': [],
 'ind_nnet_spec': [[2400, 2400, 1200, 1200],
                   [2400, 2400, 1200, 1200],
                   [2400, 2400, 1200, 1200]],
 'initialization': 'glorot_uniform',
 'learning_rate': 0.01,
 'logfile': None,
 'loss': 'categorical_crossentropy',
 'metrics': 'accuracy',
 'model_name': 'p3b1',
 'n_fold': 1,
 'optimizer': 'sgd',
 'out_activation': 'softmax',
 'output_dir': '/gpfs/mira-home/apeck/CANDLE_testing/avery_modified_results/p3_1',
 'output_files': 'result0_0.csv;result1_0.csv;result2_0.csv',
 'rng_seed': 7102,
 'run_id': 'RUN000',
 'scaling': 'none',
 'shared_nnet_spec': [1200,
                      2400,
                      3600,
                      3600,
                      3600,
                      3600,
                      3600,
                      3600,
                      3600,
                      2400],
 'shuffle': False,
 'timeout': 1800,
 'train_bool': True,
 'train_data': 'P3B1_data.tar.gz',
 'train_features': 'data/task0_0_train_feature.csv;data/task1_0_train_feature.csv;data/task2_0_train_feature.csv',
 'train_truths': 'data/task0_0_train_label.csv;data/task1_0_train_label.csv;data/task2_0_train_label.csv',
 'valid_features': 'data/task0_0_test_feature.csv;data/task1_0_test_feature.csv;data/task2_0_test_feature.csv',
 'valid_truths': 'data/task0_0_test_label.csv;data/task1_0_test_label.csv;data/task2_0_test_label.csv',
 'verbose': None}
Feature names:
Primary site
Tumor laterality
Histological grade
Model:  0
_________________________________________________________________
Layer (type)                 Output Shape              Param #   
=================================================================
input (InputLayer)           (None, 400)               0         
_________________________________________________________________
indiv_layer_0_0 (Dense)      (None, 2400)              962400    
_________________________________________________________________
indiv_layer_0_1 (Dense)      (None, 2400)              5762400   
_________________________________________________________________
indiv_layer_0_2 (Dense)      (None, 1200)              2881200   
_________________________________________________________________
indiv_layer_0_3 (Dense)      (None, 1200)              1441200   
_________________________________________________________________
out_0 (Dense)                (None, 13)                15613     
=================================================================
Total params: 11,062,813
Trainable params: 11,062,813
Non-trainable params: 0
_________________________________________________________________
Model:  1
_________________________________________________________________
Layer (type)                 Output Shape              Param #   
=================================================================
input (InputLayer)           (None, 400)               0         
_________________________________________________________________
indiv_layer_1_0 (Dense)      (None, 2400)              962400    
_________________________________________________________________
indiv_layer_1_1 (Dense)      (None, 2400)              5762400   
_________________________________________________________________
indiv_layer_1_2 (Dense)      (None, 1200)              2881200   
_________________________________________________________________
indiv_layer_1_3 (Dense)      (None, 1200)              1441200   
_________________________________________________________________
out_1 (Dense)                (None, 2)                 2402      
=================================================================
Total params: 11,049,602
Trainable params: 11,049,602
Non-trainable params: 0
_________________________________________________________________
Model:  2
_________________________________________________________________
Layer (type)                 Output Shape              Param #   
=================================================================
input (InputLayer)           (None, 400)               0         
_________________________________________________________________
indiv_layer_2_0 (Dense)      (None, 2400)              962400    
_________________________________________________________________
indiv_layer_2_1 (Dense)      (None, 2400)              5762400   
_________________________________________________________________
indiv_layer_2_2 (Dense)      (None, 1200)              2881200   
_________________________________________________________________
indiv_layer_2_3 (Dense)      (None, 1200)              1441200   
_________________________________________________________________
out_2 (Dense)                (None, 4)                 4804      
=================================================================
Total params: 11,052,004
Trainable params: 11,052,004
Non-trainable params: 0
_________________________________________________________________
Train on 3900 samples, validate on 99 samples
Epoch 1/1

  10/3900 [..............................] - ETA: 11:17 - loss: 2.5621 - acc: 0.1000
  60/3900 [..............................] - ETA: 1:55 - loss: 2.5637 - acc: 0.0500 
 110/3900 [..............................] - ETA: 1:03 - loss: 2.5635 - acc: 0.0636
 160/3900 [>.............................] - ETA: 44s - loss: 2.5639 - acc: 0.0875 
 210/3900 [>.............................] - ETA: 34s - loss: 2.5630 - acc: 0.0952
 260/3900 [=>............................] - ETA: 28s - loss: 2.5631 - acc: 0.0923
 310/3900 [=>............................] - ETA: 23s - loss: 2.5629 - acc: 0.0935
 370/3900 [=>............................] - ETA: 20s - loss: 2.5625 - acc: 0.1000
 420/3900 [==>...........................] - ETA: 18s - loss: 2.5622 - acc: 0.1000
 480/3900 [==>...........................] - ETA: 15s - loss: 2.5620 - acc: 0.0979
 540/3900 [===>..........................] - ETA: 14s - loss: 2.5617 - acc: 0.1056
 600/3900 [===>..........................] - ETA: 12s - loss: 2.5616 - acc: 0.1100
 660/3900 [====>.........................] - ETA: 11s - loss: 2.5614 - acc: 0.1091
 720/3900 [====>.........................] - ETA: 10s - loss: 2.5614 - acc: 0.1111
 780/3900 [=====>........................] - ETA: 10s - loss: 2.5614 - acc: 0.1077
 840/3900 [=====>........................] - ETA: 9s - loss: 2.5611 - acc: 0.1107 
 900/3900 [=====>........................] - ETA: 8s - loss: 2.5607 - acc: 0.1122
 960/3900 [======>.......................] - ETA: 8s - loss: 2.5607 - acc: 0.1104
1020/3900 [======>.......................] - ETA: 7s - loss: 2.5606 - acc: 0.1098
1080/3900 [=======>......................] - ETA: 7s - loss: 2.5601 - acc: 0.1130
1140/3900 [=======>......................] - ETA: 6s - loss: 2.5599 - acc: 0.1096
1200/3900 [========>.....................] - ETA: 6s - loss: 2.5597 - acc: 0.1092
1260/3900 [========>.....................] - ETA: 6s - loss: 2.5596 - acc: 0.1135
1320/3900 [=========>....................] - ETA: 5s - loss: 2.5593 - acc: 0.1189
1380/3900 [=========>....................] - ETA: 5s - loss: 2.5591 - acc: 0.1217
1440/3900 [==========>...................] - ETA: 5s - loss: 2.5588 - acc: 0.1215
1500/3900 [==========>...................] - ETA: 5s - loss: 2.5587 - acc: 0.1213
1560/3900 [===========>..................] - ETA: 4s - loss: 2.5585 - acc: 0.1256
1620/3900 [===========>..................] - ETA: 4s - loss: 2.5583 - acc: 0.1272
1680/3900 [===========>..................] - ETA: 4s - loss: 2.5580 - acc: 0.1327
1740/3900 [============>.................] - ETA: 4s - loss: 2.5577 - acc: 0.1368
1800/3900 [============>.................] - ETA: 3s - loss: 2.5575 - acc: 0.1411
1860/3900 [=============>................] - ETA: 3s - loss: 2.5573 - acc: 0.1430
1920/3900 [=============>................] - ETA: 3s - loss: 2.5570 - acc: 0.1505
1980/3900 [==============>...............] - ETA: 3s - loss: 2.5567 - acc: 0.1540
2040/3900 [==============>...............] - ETA: 3s - loss: 2.5565 - acc: 0.1559
2100/3900 [===============>..............] - ETA: 3s - loss: 2.5564 - acc: 0.1557
2160/3900 [===============>..............] - ETA: 3s - loss: 2.5561 - acc: 0.1560
2220/3900 [================>.............] - ETA: 2s - loss: 2.5561 - acc: 0.1554
2280/3900 [================>.............] - ETA: 2s - loss: 2.5559 - acc: 0.1579
2340/3900 [=================>............] - ETA: 2s - loss: 2.5557 - acc: 0.1603
2400/3900 [=================>............] - ETA: 2s - loss: 2.5553 - acc: 0.1688
2460/3900 [=================>............] - ETA: 2s - loss: 2.5551 - acc: 0.1736
2520/3900 [==================>...........] - ETA: 2s - loss: 2.5549 - acc: 0.1770
2580/3900 [==================>...........] - ETA: 2s - loss: 2.5547 - acc: 0.1798
2640/3900 [===================>..........] - ETA: 1s - loss: 2.5545 - acc: 0.1818
2700/3900 [===================>..........] - ETA: 1s - loss: 2.5543 - acc: 0.1863
2760/3900 [====================>.........] - ETA: 1s - loss: 2.5540 - acc: 0.1913
2820/3900 [====================>.........] - ETA: 1s - loss: 2.5538 - acc: 0.1918
2880/3900 [=====================>........] - ETA: 1s - loss: 2.5535 - acc: 0.1948
2940/3900 [=====================>........] - ETA: 1s - loss: 2.5533 - acc: 0.1969
3000/3900 [======================>.......] - ETA: 1s - loss: 2.5531 - acc: 0.1990
3060/3900 [======================>.......] - ETA: 1s - loss: 2.5528 - acc: 0.2020
3120/3900 [=======================>......] - ETA: 1s - loss: 2.5525 - acc: 0.2058
3180/3900 [=======================>......] - ETA: 1s - loss: 2.5523 - acc: 0.2088
3240/3900 [=======================>......] - ETA: 0s - loss: 2.5521 - acc: 0.2102
3300/3900 [========================>.....] - ETA: 0s - loss: 2.5519 - acc: 0.2130
3360/3900 [========================>.....] - ETA: 0s - loss: 2.5517 - acc: 0.2149
3420/3900 [=========================>....] - ETA: 0s - loss: 2.5515 - acc: 0.2202
3480/3900 [=========================>....] - ETA: 0s - loss: 2.5513 - acc: 0.2230
3540/3900 [==========================>...] - ETA: 0s - loss: 2.5510 - acc: 0.2288
3600/3900 [==========================>...] - ETA: 0s - loss: 2.5507 - acc: 0.2328
3660/3900 [===========================>..] - ETA: 0s - loss: 2.5504 - acc: 0.2361
3720/3900 [===========================>..] - ETA: 0s - loss: 2.5502 - acc: 0.2376
3780/3900 [============================>.] - ETA: 0s - loss: 2.5498 - acc: 0.2429
3840/3900 [============================>.] - ETA: 0s - loss: 2.5495 - acc: 0.2456
3900/3900 [==============================] - 5s 1ms/step - loss: 2.5493 - acc: 0.2469 - val_loss: 2.5409 - val_acc: 0.3333
Current time ....5.340
Train on 600 samples, validate on 86 samples
Epoch 1/1

 10/600 [..............................] - ETA: 22s - loss: 0.7089 - acc: 0.6000
 70/600 [==>...........................] - ETA: 3s - loss: 0.6979 - acc: 0.5000 
130/600 [=====>........................] - ETA: 1s - loss: 0.6949 - acc: 0.5077
190/600 [========>.....................] - ETA: 1s - loss: 0.6881 - acc: 0.5158
250/600 [===========>..................] - ETA: 0s - loss: 0.6848 - acc: 0.5360
310/600 [==============>...............] - ETA: 0s - loss: 0.6824 - acc: 0.5645
370/600 [=================>............] - ETA: 0s - loss: 0.6798 - acc: 0.5784
430/600 [====================>.........] - ETA: 0s - loss: 0.6756 - acc: 0.6140
490/600 [=======================>......] - ETA: 0s - loss: 0.6717 - acc: 0.6449
550/600 [==========================>...] - ETA: 0s - loss: 0.6671 - acc: 0.6745
600/600 [==============================] - 1s 2ms/step - loss: 0.6646 - acc: 0.6950 - val_loss: 0.6229 - val_acc: 0.8721
Current time ....0.931
Train on 1200 samples, validate on 68 samples
Epoch 1/1

  10/1200 [..............................] - ETA: 31s - loss: 1.3788 - acc: 0.2000
  70/1200 [>.............................] - ETA: 5s - loss: 1.3854 - acc: 0.2429 
 130/1200 [==>...........................] - ETA: 3s - loss: 1.3755 - acc: 0.2769
 190/1200 [===>..........................] - ETA: 2s - loss: 1.3748 - acc: 0.2737
 250/1200 [=====>........................] - ETA: 1s - loss: 1.3696 - acc: 0.2880
 310/1200 [======>.......................] - ETA: 1s - loss: 1.3622 - acc: 0.2935
 370/1200 [========>.....................] - ETA: 1s - loss: 1.3571 - acc: 0.3027
 430/1200 [=========>....................] - ETA: 1s - loss: 1.3517 - acc: 0.3047
 490/1200 [===========>..................] - ETA: 1s - loss: 1.3428 - acc: 0.3224
 550/1200 [============>.................] - ETA: 0s - loss: 1.3363 - acc: 0.3309
 610/1200 [==============>...............] - ETA: 0s - loss: 1.3325 - acc: 0.3377
 670/1200 [===============>..............] - ETA: 0s - loss: 1.3293 - acc: 0.3433
 730/1200 [=================>............] - ETA: 0s - loss: 1.3254 - acc: 0.3479
 790/1200 [==================>...........] - ETA: 0s - loss: 1.3243 - acc: 0.3532
 850/1200 [====================>.........] - ETA: 0s - loss: 1.3220 - acc: 0.3682
 910/1200 [=====================>........] - ETA: 0s - loss: 1.3190 - acc: 0.3791
 960/1200 [=======================>......] - ETA: 0s - loss: 1.3134 - acc: 0.3885
1020/1200 [========================>.....] - ETA: 0s - loss: 1.3075 - acc: 0.3990
1080/1200 [==========================>...] - ETA: 0s - loss: 1.3034 - acc: 0.4093
1140/1200 [===========================>..] - ETA: 0s - loss: 1.2985 - acc: 0.4175
1200/1200 [==============================] - 1s 1ms/step - loss: 1.2928 - acc: 0.4267 - val_loss: 1.2731 - val_acc: 0.2206
Current time ....1.364
Train on 3900 samples, validate on 99 samples
Epoch 1/1

  10/3900 [..............................] - ETA: 3s - loss: 2.5328 - acc: 0.5000
  70/3900 [..............................] - ETA: 3s - loss: 2.5286 - acc: 0.5143
 130/3900 [>.............................] - ETA: 3s - loss: 2.5303 - acc: 0.4462
 190/3900 [>.............................] - ETA: 3s - loss: 2.5297 - acc: 0.4316
 250/3900 [>.............................] - ETA: 3s - loss: 2.5287 - acc: 0.4520
 310/3900 [=>............................] - ETA: 3s - loss: 2.5280 - acc: 0.4581
 370/3900 [=>............................] - ETA: 3s - loss: 2.5278 - acc: 0.4459
 430/3900 [==>...........................] - ETA: 3s - loss: 2.5281 - acc: 0.4256
 490/3900 [==>...........................] - ETA: 3s - loss: 2.5276 - acc: 0.4102
 550/3900 [===>..........................] - ETA: 2s - loss: 2.5273 - acc: 0.4018
 610/3900 [===>..........................] - ETA: 2s - loss: 2.5273 - acc: 0.3951
 670/3900 [====>.........................] - ETA: 2s - loss: 2.5269 - acc: 0.3940
 730/3900 [====>.........................] - ETA: 2s - loss: 2.5264 - acc: 0.4041
 790/3900 [=====>........................] - ETA: 2s - loss: 2.5260 - acc: 0.4101
 850/3900 [=====>........................] - ETA: 2s - loss: 2.5259 - acc: 0.4071
 910/3900 [======>.......................] - ETA: 2s - loss: 2.5252 - acc: 0.4077
 970/3900 [======>.......................] - ETA: 2s - loss: 2.5245 - acc: 0.4103
1030/3900 [======>.......................] - ETA: 2s - loss: 2.5246 - acc: 0.4097
1090/3900 [=======>......................] - ETA: 2s - loss: 2.5244 - acc: 0.4064
1140/3900 [=======>......................] - ETA: 2s - loss: 2.5239 - acc: 0.4053
1200/3900 [========>.....................] - ETA: 2s - loss: 2.5235 - acc: 0.4042
1260/3900 [========>.....................] - ETA: 2s - loss: 2.5228 - acc: 0.4087
1320/3900 [=========>....................] - ETA: 2s - loss: 2.5223 - acc: 0.4106
1380/3900 [=========>....................] - ETA: 2s - loss: 2.5221 - acc: 0.4109
1440/3900 [==========>...................] - ETA: 2s - loss: 2.5213 - acc: 0.4167
1500/3900 [==========>...................] - ETA: 2s - loss: 2.5206 - acc: 0.4187
1560/3900 [===========>..................] - ETA: 2s - loss: 2.5201 - acc: 0.4205
1620/3900 [===========>..................] - ETA: 2s - loss: 2.5200 - acc: 0.4185
1680/3900 [===========>..................] - ETA: 2s - loss: 2.5195 - acc: 0.4167
1740/3900 [============>.................] - ETA: 1s - loss: 2.5191 - acc: 0.4172
1800/3900 [============>.................] - ETA: 1s - loss: 2.5188 - acc: 0.4150
1860/3900 [=============>................] - ETA: 1s - loss: 2.5184 - acc: 0.4151
1920/3900 [=============>................] - ETA: 1s - loss: 2.5179 - acc: 0.4156
1980/3900 [==============>...............] - ETA: 1s - loss: 2.5174 - acc: 0.4162
2040/3900 [==============>...............] - ETA: 1s - loss: 2.5171 - acc: 0.4172
2100/3900 [===============>..............] - ETA: 1s - loss: 2.5164 - acc: 0.4162
2160/3900 [===============>..............] - ETA: 1s - loss: 2.5159 - acc: 0.4153
2220/3900 [================>.............] - ETA: 1s - loss: 2.5152 - acc: 0.4180
2280/3900 [================>.............] - ETA: 1s - loss: 2.5148 - acc: 0.4171
2340/3900 [=================>............] - ETA: 1s - loss: 2.5143 - acc: 0.4167
2400/3900 [=================>............] - ETA: 1s - loss: 2.5140 - acc: 0.4171
2460/3900 [=================>............] - ETA: 1s - loss: 2.5135 - acc: 0.4179
2520/3900 [==================>...........] - ETA: 1s - loss: 2.5127 - acc: 0.4226
2580/3900 [==================>...........] - ETA: 1s - loss: 2.5120 - acc: 0.4256
2640/3900 [===================>..........] - ETA: 1s - loss: 2.5115 - acc: 0.4239
2700/3900 [===================>..........] - ETA: 1s - loss: 2.5110 - acc: 0.4230
2760/3900 [====================>.........] - ETA: 1s - loss: 2.5104 - acc: 0.4225
2820/3900 [====================>.........] - ETA: 0s - loss: 2.5096 - acc: 0.4238
2880/3900 [=====================>........] - ETA: 0s - loss: 2.5091 - acc: 0.4219
2940/3900 [=====================>........] - ETA: 0s - loss: 2.5088 - acc: 0.4194
3000/3900 [======================>.......] - ETA: 0s - loss: 2.5082 - acc: 0.4213
3060/3900 [======================>.......] - ETA: 0s - loss: 2.5075 - acc: 0.4245
3120/3900 [=======================>......] - ETA: 0s - loss: 2.5070 - acc: 0.4247
3180/3900 [=======================>......] - ETA: 0s - loss: 2.5063 - acc: 0.4255
3240/3900 [=======================>......] - ETA: 0s - loss: 2.5057 - acc: 0.4262
3300/3900 [========================>.....] - ETA: 0s - loss: 2.5050 - acc: 0.4270
3360/3900 [========================>.....] - ETA: 0s - loss: 2.5043 - acc: 0.4283
3420/3900 [=========================>....] - ETA: 0s - loss: 2.5037 - acc: 0.4301
3480/3900 [=========================>....] - ETA: 0s - loss: 2.5031 - acc: 0.4330
3540/3900 [==========================>...] - ETA: 0s - loss: 2.5025 - acc: 0.4336
3600/3900 [==========================>...] - ETA: 0s - loss: 2.5016 - acc: 0.4361
3660/3900 [===========================>..] - ETA: 0s - loss: 2.5011 - acc: 0.4366
3720/3900 [===========================>..] - ETA: 0s - loss: 2.5005 - acc: 0.4360
3780/3900 [============================>.] - ETA: 0s - loss: 2.4996 - acc: 0.4373
3840/3900 [============================>.] - ETA: 0s - loss: 2.4990 - acc: 0.4380
3900/3900 [==============================] - 4s 905us/step - loss: 2.4982 - acc: 0.4374 - val_loss: 2.4810 - val_acc: 0.2727
Current time ....3.530
Train on 600 samples, validate on 86 samples
Epoch 1/1

 10/600 [..............................] - ETA: 0s - loss: 0.5831 - acc: 0.9000
 70/600 [==>...........................] - ETA: 0s - loss: 0.6156 - acc: 0.9429
130/600 [=====>........................] - ETA: 0s - loss: 0.6034 - acc: 0.9615
190/600 [========>.....................] - ETA: 0s - loss: 0.5977 - acc: 0.9632
250/600 [===========>..................] - ETA: 0s - loss: 0.5949 - acc: 0.9400
310/600 [==============>...............] - ETA: 0s - loss: 0.5925 - acc: 0.9290
370/600 [=================>............] - ETA: 0s - loss: 0.5804 - acc: 0.9297
430/600 [====================>.........] - ETA: 0s - loss: 0.5740 - acc: 0.9279
490/600 [=======================>......] - ETA: 0s - loss: 0.5660 - acc: 0.9327
540/600 [==========================>...] - ETA: 0s - loss: 0.5615 - acc: 0.9352
600/600 [==============================] - 1s 937us/step - loss: 0.5585 - acc: 0.9333 - val_loss: 0.5319 - val_acc: 0.9070
Current time ....0.563
Train on 1200 samples, validate on 68 samples
Epoch 1/1

  10/1200 [..............................] - ETA: 1s - loss: 1.1857 - acc: 0.7000
  70/1200 [>.............................] - ETA: 1s - loss: 1.1418 - acc: 0.6571
 130/1200 [==>...........................] - ETA: 0s - loss: 1.1339 - acc: 0.6000
 190/1200 [===>..........................] - ETA: 0s - loss: 1.1307 - acc: 0.6000
 250/1200 [=====>........................] - ETA: 0s - loss: 1.1290 - acc: 0.5880
 310/1200 [======>.......................] - ETA: 0s - loss: 1.1372 - acc: 0.5774
 370/1200 [========>.....................] - ETA: 0s - loss: 1.1317 - acc: 0.5811
 430/1200 [=========>....................] - ETA: 0s - loss: 1.1210 - acc: 0.5930
 490/1200 [===========>..................] - ETA: 0s - loss: 1.1181 - acc: 0.5918
 550/1200 [============>.................] - ETA: 0s - loss: 1.1162 - acc: 0.5964
 610/1200 [==============>...............] - ETA: 0s - loss: 1.1101 - acc: 0.6016
 670/1200 [===============>..............] - ETA: 0s - loss: 1.1031 - acc: 0.6075
 730/1200 [=================>............] - ETA: 0s - loss: 1.1017 - acc: 0.6055
 790/1200 [==================>...........] - ETA: 0s - loss: 1.1003 - acc: 0.5987
 850/1200 [====================>.........] - ETA: 0s - loss: 1.0985 - acc: 0.6012
 910/1200 [=====================>........] - ETA: 0s - loss: 1.0936 - acc: 0.6022
 970/1200 [=======================>......] - ETA: 0s - loss: 1.0882 - acc: 0.6031
1030/1200 [========================>.....] - ETA: 0s - loss: 1.0757 - acc: 0.6097
1090/1200 [==========================>...] - ETA: 0s - loss: 1.0698 - acc: 0.6110
1150/1200 [===========================>..] - ETA: 0s - loss: 1.0651 - acc: 0.6096
1200/1200 [==============================] - 1s 903us/step - loss: 1.0583 - acc: 0.6142 - val_loss: 1.1547 - val_acc: 0.3676
Current time ....1.084
Train on 3900 samples, validate on 99 samples
Epoch 1/1

  10/3900 [..............................] - ETA: 3s - loss: 2.4086 - acc: 0.7000
  70/3900 [..............................] - ETA: 3s - loss: 2.4444 - acc: 0.4571
 130/3900 [>.............................] - ETA: 3s - loss: 2.4477 - acc: 0.3923
 190/3900 [>.............................] - ETA: 3s - loss: 2.4423 - acc: 0.4211
 250/3900 [>.............................] - ETA: 3s - loss: 2.4438 - acc: 0.4400
 310/3900 [=>............................] - ETA: 3s - loss: 2.4430 - acc: 0.4129
 370/3900 [=>............................] - ETA: 3s - loss: 2.4400 - acc: 0.4027
 430/3900 [==>...........................] - ETA: 3s - loss: 2.4387 - acc: 0.4047
 490/3900 [==>...........................] - ETA: 3s - loss: 2.4402 - acc: 0.3898
 550/3900 [===>..........................] - ETA: 2s - loss: 2.4365 - acc: 0.3855
 610/3900 [===>..........................] - ETA: 2s - loss: 2.4363 - acc: 0.3770
 670/3900 [====>.........................] - ETA: 2s - loss: 2.4351 - acc: 0.3716
 730/3900 [====>.........................] - ETA: 2s - loss: 2.4345 - acc: 0.3671
 790/3900 [=====>........................] - ETA: 2s - loss: 2.4323 - acc: 0.3620
 850/3900 [=====>........................] - ETA: 2s - loss: 2.4308 - acc: 0.3647
 910/3900 [======>.......................] - ETA: 2s - loss: 2.4290 - acc: 0.3626
 970/3900 [======>.......................] - ETA: 2s - loss: 2.4287 - acc: 0.3588
1030/3900 [======>.......................] - ETA: 2s - loss: 2.4273 - acc: 0.3573
1090/3900 [=======>......................] - ETA: 2s - loss: 2.4254 - acc: 0.3596
1150/3900 [=======>......................] - ETA: 2s - loss: 2.4240 - acc: 0.3626
1210/3900 [========>.....................] - ETA: 2s - loss: 2.4223 - acc: 0.3579
1270/3900 [========>.....................] - ETA: 2s - loss: 2.4200 - acc: 0.3575
1330/3900 [=========>....................] - ETA: 2s - loss: 2.4178 - acc: 0.3541
1390/3900 [=========>....................] - ETA: 2s - loss: 2.4159 - acc: 0.3489
1450/3900 [==========>...................] - ETA: 2s - loss: 2.4144 - acc: 0.3434
1510/3900 [==========>...................] - ETA: 2s - loss: 2.4123 - acc: 0.3417
1570/3900 [===========>..................] - ETA: 2s - loss: 2.4104 - acc: 0.3395
1630/3900 [===========>..................] - ETA: 2s - loss: 2.4090 - acc: 0.3374
1690/3900 [============>.................] - ETA: 1s - loss: 2.4069 - acc: 0.3355
1750/3900 [============>.................] - ETA: 1s - loss: 2.4048 - acc: 0.3343
1810/3900 [============>.................] - ETA: 1s - loss: 2.4027 - acc: 0.3343
1870/3900 [=============>................] - ETA: 1s - loss: 2.4006 - acc: 0.3353
1930/3900 [=============>................] - ETA: 1s - loss: 2.3973 - acc: 0.3378
1990/3900 [==============>...............] - ETA: 1s - loss: 2.3947 - acc: 0.3402
2050/3900 [==============>...............] - ETA: 1s - loss: 2.3928 - acc: 0.3410
2110/3900 [===============>..............] - ETA: 1s - loss: 2.3905 - acc: 0.3431
2170/3900 [===============>..............] - ETA: 1s - loss: 2.3881 - acc: 0.3456
2230/3900 [================>.............] - ETA: 1s - loss: 2.3858 - acc: 0.3439
2290/3900 [================>.............] - ETA: 1s - loss: 2.3839 - acc: 0.3437
2350/3900 [=================>............] - ETA: 1s - loss: 2.3818 - acc: 0.3430
2410/3900 [=================>............] - ETA: 1s - loss: 2.3800 - acc: 0.3440
2470/3900 [==================>...........] - ETA: 1s - loss: 2.3781 - acc: 0.3482
2530/3900 [==================>...........] - ETA: 1s - loss: 2.3758 - acc: 0.3478
2590/3900 [==================>...........] - ETA: 1s - loss: 2.3735 - acc: 0.3471
2650/3900 [===================>..........] - ETA: 1s - loss: 2.3707 - acc: 0.3498
2710/3900 [===================>..........] - ETA: 1s - loss: 2.3677 - acc: 0.3509
2770/3900 [====================>.........] - ETA: 1s - loss: 2.3647 - acc: 0.3523
2830/3900 [====================>.........] - ETA: 0s - loss: 2.3629 - acc: 0.3505
2890/3900 [=====================>........] - ETA: 0s - loss: 2.3598 - acc: 0.3512
2950/3900 [=====================>........] - ETA: 0s - loss: 2.3571 - acc: 0.3505
3010/3900 [======================>.......] - ETA: 0s - loss: 2.3549 - acc: 0.3495
3070/3900 [======================>.......] - ETA: 0s - loss: 2.3518 - acc: 0.3515
3130/3900 [=======================>......] - ETA: 0s - loss: 2.3495 - acc: 0.3511
3190/3900 [=======================>......] - ETA: 0s - loss: 2.3472 - acc: 0.3517
3250/3900 [========================>.....] - ETA: 0s - loss: 2.3453 - acc: 0.3511
3310/3900 [========================>.....] - ETA: 0s - loss: 2.3428 - acc: 0.3541
3370/3900 [========================>.....] - ETA: 0s - loss: 2.3401 - acc: 0.3552
3430/3900 [=========================>....] - ETA: 0s - loss: 2.3371 - acc: 0.3539
3490/3900 [=========================>....] - ETA: 0s - loss: 2.3343 - acc: 0.3536
3550/3900 [==========================>...] - ETA: 0s - loss: 2.3316 - acc: 0.3549
3610/3900 [==========================>...] - ETA: 0s - loss: 2.3283 - acc: 0.3562
3670/3900 [===========================>..] - ETA: 0s - loss: 2.3259 - acc: 0.3553
3720/3900 [===========================>..] - ETA: 0s - loss: 2.3239 - acc: 0.3540
3780/3900 [============================>.] - ETA: 0s - loss: 2.3210 - acc: 0.3524
3840/3900 [============================>.] - ETA: 0s - loss: 2.3181 - acc: 0.3521
3900/3900 [==============================] - 4s 906us/step - loss: 2.3147 - acc: 0.3533 - val_loss: 2.2026 - val_acc: 0.2222
Current time ....3.534
Train on 600 samples, validate on 86 samples
Epoch 1/1

 10/600 [..............................] - ETA: 0s - loss: 0.4335 - acc: 1.0000
 70/600 [==>...........................] - ETA: 0s - loss: 0.5107 - acc: 0.9143
130/600 [=====>........................] - ETA: 0s - loss: 0.5011 - acc: 0.9231
190/600 [========>.....................] - ETA: 0s - loss: 0.4813 - acc: 0.9474
250/600 [===========>..................] - ETA: 0s - loss: 0.4624 - acc: 0.9560
310/600 [==============>...............] - ETA: 0s - loss: 0.4575 - acc: 0.9484
370/600 [=================>............] - ETA: 0s - loss: 0.4485 - acc: 0.9568
430/600 [====================>.........] - ETA: 0s - loss: 0.4359 - acc: 0.9605
490/600 [=======================>......] - ETA: 0s - loss: 0.4233 - acc: 0.9633
550/600 [==========================>...] - ETA: 0s - loss: 0.4167 - acc: 0.9655
600/600 [==============================] - 1s 915us/step - loss: 0.4110 - acc: 0.9667 - val_loss: 0.4258 - val_acc: 0.9302
Current time ....0.549
Train on 1200 samples, validate on 68 samples
Epoch 1/1

  10/1200 [..............................] - ETA: 1s - loss: 0.9340 - acc: 0.6000
  70/1200 [>.............................] - ETA: 1s - loss: 0.8729 - acc: 0.7286
 130/1200 [==>...........................] - ETA: 0s - loss: 0.8760 - acc: 0.6846
 190/1200 [===>..........................] - ETA: 0s - loss: 0.8621 - acc: 0.6895
 250/1200 [=====>........................] - ETA: 0s - loss: 0.8815 - acc: 0.6760
 310/1200 [======>.......................] - ETA: 0s - loss: 0.8792 - acc: 0.6742
 370/1200 [========>.....................] - ETA: 0s - loss: 0.8938 - acc: 0.6649
 430/1200 [=========>....................] - ETA: 0s - loss: 0.8734 - acc: 0.6767
 490/1200 [===========>..................] - ETA: 0s - loss: 0.8729 - acc: 0.6735
 550/1200 [============>.................] - ETA: 0s - loss: 0.8758 - acc: 0.6727
 610/1200 [==============>...............] - ETA: 0s - loss: 0.8737 - acc: 0.6721
 670/1200 [===============>..............] - ETA: 0s - loss: 0.8593 - acc: 0.6821
 730/1200 [=================>............] - ETA: 0s - loss: 0.8532 - acc: 0.6918
 790/1200 [==================>...........] - ETA: 0s - loss: 0.8465 - acc: 0.6937
 850/1200 [====================>.........] - ETA: 0s - loss: 0.8441 - acc: 0.7000
 910/1200 [=====================>........] - ETA: 0s - loss: 0.8342 - acc: 0.7044
 970/1200 [=======================>......] - ETA: 0s - loss: 0.8294 - acc: 0.7041
1030/1200 [========================>.....] - ETA: 0s - loss: 0.8264 - acc: 0.7039
1090/1200 [==========================>...] - ETA: 0s - loss: 0.8251 - acc: 0.7073
1150/1200 [===========================>..] - ETA: 0s - loss: 0.8158 - acc: 0.7113
1200/1200 [==============================] - 1s 903us/step - loss: 0.8126 - acc: 0.7183 - val_loss: 1.0161 - val_acc: 0.5147
Current time ....1.083
Train on 3900 samples, validate on 99 samples
Epoch 1/1

  10/3900 [..............................] - ETA: 3s - loss: 2.0882 - acc: 0.5000
  70/3900 [..............................] - ETA: 3s - loss: 2.1366 - acc: 0.3000
 130/3900 [>.............................] - ETA: 3s - loss: 2.1443 - acc: 0.3769
 190/3900 [>.............................] - ETA: 3s - loss: 2.1295 - acc: 0.3895
 250/3900 [>.............................] - ETA: 3s - loss: 2.1259 - acc: 0.4040
 310/3900 [=>............................] - ETA: 3s - loss: 2.1117 - acc: 0.4097
 370/3900 [=>............................] - ETA: 3s - loss: 2.0995 - acc: 0.4297
 430/3900 [==>...........................] - ETA: 3s - loss: 2.1009 - acc: 0.4209
 490/3900 [==>...........................] - ETA: 3s - loss: 2.0977 - acc: 0.4245
 550/3900 [===>..........................] - ETA: 3s - loss: 2.0946 - acc: 0.4273
 610/3900 [===>..........................] - ETA: 2s - loss: 2.0893 - acc: 0.4230
 670/3900 [====>.........................] - ETA: 2s - loss: 2.0849 - acc: 0.4164
 730/3900 [====>.........................] - ETA: 2s - loss: 2.0790 - acc: 0.4192
 790/3900 [=====>........................] - ETA: 2s - loss: 2.0746 - acc: 0.4291
 850/3900 [=====>........................] - ETA: 2s - loss: 2.0656 - acc: 0.4329
 910/3900 [======>.......................] - ETA: 2s - loss: 2.0641 - acc: 0.4275
 970/3900 [======>.......................] - ETA: 2s - loss: 2.0635 - acc: 0.4258
1030/3900 [======>.......................] - ETA: 2s - loss: 2.0593 - acc: 0.4301
1090/3900 [=======>......................] - ETA: 2s - loss: 2.0549 - acc: 0.4321
1150/3900 [=======>......................] - ETA: 2s - loss: 2.0534 - acc: 0.4278
1210/3900 [========>.....................] - ETA: 2s - loss: 2.0523 - acc: 0.4306
1270/3900 [========>.....................] - ETA: 2s - loss: 2.0443 - acc: 0.4346
1330/3900 [=========>....................] - ETA: 2s - loss: 2.0406 - acc: 0.4338
1390/3900 [=========>....................] - ETA: 2s - loss: 2.0395 - acc: 0.4309
1450/3900 [==========>...................] - ETA: 2s - loss: 2.0348 - acc: 0.4303
1510/3900 [==========>...................] - ETA: 2s - loss: 2.0302 - acc: 0.4285
1570/3900 [===========>..................] - ETA: 2s - loss: 2.0281 - acc: 0.4274
1630/3900 [===========>..................] - ETA: 2s - loss: 2.0264 - acc: 0.4233
1690/3900 [============>.................] - ETA: 1s - loss: 2.0261 - acc: 0.4201
1750/3900 [============>.................] - ETA: 1s - loss: 2.0222 - acc: 0.4177
1810/3900 [============>.................] - ETA: 1s - loss: 2.0201 - acc: 0.4199
1870/3900 [=============>................] - ETA: 1s - loss: 2.0183 - acc: 0.4187
1930/3900 [=============>................] - ETA: 1s - loss: 2.0160 - acc: 0.4192
1990/3900 [==============>...............] - ETA: 1s - loss: 2.0133 - acc: 0.4236
2050/3900 [==============>...............] - ETA: 1s - loss: 2.0088 - acc: 0.4229
2110/3900 [===============>..............] - ETA: 1s - loss: 2.0035 - acc: 0.4237
2170/3900 [===============>..............] - ETA: 1s - loss: 2.0007 - acc: 0.4263
2230/3900 [================>.............] - ETA: 1s - loss: 1.9979 - acc: 0.4233
2290/3900 [================>.............] - ETA: 1s - loss: 1.9962 - acc: 0.4210
2350/3900 [=================>............] - ETA: 1s - loss: 1.9945 - acc: 0.4196
2410/3900 [=================>............] - ETA: 1s - loss: 1.9898 - acc: 0.4224
2470/3900 [==================>...........] - ETA: 1s - loss: 1.9884 - acc: 0.4231
2530/3900 [==================>...........] - ETA: 1s - loss: 1.9860 - acc: 0.4229
2590/3900 [==================>...........] - ETA: 1s - loss: 1.9827 - acc: 0.4247
2650/3900 [===================>..........] - ETA: 1s - loss: 1.9800 - acc: 0.4264
2710/3900 [===================>..........] - ETA: 1s - loss: 1.9776 - acc: 0.4266
2770/3900 [====================>.........] - ETA: 1s - loss: 1.9760 - acc: 0.4267
2830/3900 [====================>.........] - ETA: 0s - loss: 1.9726 - acc: 0.4272
2890/3900 [=====================>........] - ETA: 0s - loss: 1.9717 - acc: 0.4249
2950/3900 [=====================>........] - ETA: 0s - loss: 1.9685 - acc: 0.4271
3010/3900 [======================>.......] - ETA: 0s - loss: 1.9662 - acc: 0.4292
3070/3900 [======================>.......] - ETA: 0s - loss: 1.9626 - acc: 0.4293
3130/3900 [=======================>......] - ETA: 0s - loss: 1.9601 - acc: 0.4281
3190/3900 [=======================>......] - ETA: 0s - loss: 1.9570 - acc: 0.4285
3250/3900 [========================>.....] - ETA: 0s - loss: 1.9558 - acc: 0.4277
3310/3900 [========================>.....] - ETA: 0s - loss: 1.9538 - acc: 0.4266
3370/3900 [========================>.....] - ETA: 0s - loss: 1.9513 - acc: 0.4261
3430/3900 [=========================>....] - ETA: 0s - loss: 1.9496 - acc: 0.4236
3490/3900 [=========================>....] - ETA: 0s - loss: 1.9480 - acc: 0.4221
3550/3900 [==========================>...] - ETA: 0s - loss: 1.9455 - acc: 0.4234
3610/3900 [==========================>...] - ETA: 0s - loss: 1.9424 - acc: 0.4227
3670/3900 [===========================>..] - ETA: 0s - loss: 1.9399 - acc: 0.4229
3730/3900 [===========================>..] - ETA: 0s - loss: 1.9382 - acc: 0.4223
3790/3900 [============================>.] - ETA: 0s - loss: 1.9368 - acc: 0.4216
3850/3900 [============================>.] - ETA: 0s - loss: 1.9353 - acc: 0.4200
3900/3900 [==============================] - 4s 902us/step - loss: 1.9330 - acc: 0.4205 - val_loss: 1.9528 - val_acc: 0.2222
Current time ....3.519
Train on 600 samples, validate on 86 samples
Epoch 1/1

 10/600 [..............................] - ETA: 0s - loss: 0.3620 - acc: 1.0000
 70/600 [==>...........................] - ETA: 0s - loss: 0.3221 - acc: 1.0000
130/600 [=====>........................] - ETA: 0s - loss: 0.3216 - acc: 0.9769
190/600 [========>.....................] - ETA: 0s - loss: 0.3056 - acc: 0.9737
250/600 [===========>..................] - ETA: 0s - loss: 0.3012 - acc: 0.9720
310/600 [==============>...............] - ETA: 0s - loss: 0.2993 - acc: 0.9774
370/600 [=================>............] - ETA: 0s - loss: 0.2924 - acc: 0.9784
430/600 [====================>.........] - ETA: 0s - loss: 0.2841 - acc: 0.9814
490/600 [=======================>......] - ETA: 0s - loss: 0.2760 - acc: 0.9796
550/600 [==========================>...] - ETA: 0s - loss: 0.2724 - acc: 0.9764
600/600 [==============================] - 1s 933us/step - loss: 0.2645 - acc: 0.9783 - val_loss: 0.3634 - val_acc: 0.9186
Current time ....0.560
Train on 1200 samples, validate on 68 samples
Epoch 1/1

  10/1200 [..............................] - ETA: 1s - loss: 0.6491 - acc: 0.6000
  70/1200 [>.............................] - ETA: 1s - loss: 0.6111 - acc: 0.7857
 130/1200 [==>...........................] - ETA: 0s - loss: 0.6238 - acc: 0.8077
 190/1200 [===>..........................] - ETA: 0s - loss: 0.6299 - acc: 0.7947
 250/1200 [=====>........................] - ETA: 0s - loss: 0.6206 - acc: 0.8040
 310/1200 [======>.......................] - ETA: 0s - loss: 0.6329 - acc: 0.8000
 370/1200 [========>.....................] - ETA: 0s - loss: 0.6344 - acc: 0.8054
 430/1200 [=========>....................] - ETA: 0s - loss: 0.6365 - acc: 0.7930
 490/1200 [===========>..................] - ETA: 0s - loss: 0.6301 - acc: 0.8000
 550/1200 [============>.................] - ETA: 0s - loss: 0.6236 - acc: 0.8109
 610/1200 [==============>...............] - ETA: 0s - loss: 0.6211 - acc: 0.8148
 670/1200 [===============>..............] - ETA: 0s - loss: 0.6225 - acc: 0.8149
 730/1200 [=================>............] - ETA: 0s - loss: 0.6273 - acc: 0.8055
 790/1200 [==================>...........] - ETA: 0s - loss: 0.6199 - acc: 0.8076
 850/1200 [====================>.........] - ETA: 0s - loss: 0.6157 - acc: 0.8071
 910/1200 [=====================>........] - ETA: 0s - loss: 0.6126 - acc: 0.8055
 970/1200 [=======================>......] - ETA: 0s - loss: 0.6122 - acc: 0.8062
1030/1200 [========================>.....] - ETA: 0s - loss: 0.6072 - acc: 0.8087
1090/1200 [==========================>...] - ETA: 0s - loss: 0.6061 - acc: 0.8101
1150/1200 [===========================>..] - ETA: 0s - loss: 0.6024 - acc: 0.8130
1200/1200 [==============================] - 1s 905us/step - loss: 0.6005 - acc: 0.8142 - val_loss: 0.8602 - val_acc: 0.6471
Current time ....1.086
Train on 3900 samples, validate on 99 samples
Epoch 1/1

  10/3900 [..............................] - ETA: 3s - loss: 1.8485 - acc: 0.5000
  70/3900 [..............................] - ETA: 3s - loss: 1.8095 - acc: 0.4000
 130/3900 [>.............................] - ETA: 3s - loss: 1.7869 - acc: 0.3923
 190/3900 [>.............................] - ETA: 3s - loss: 1.7848 - acc: 0.3579
 250/3900 [>.............................] - ETA: 3s - loss: 1.7733 - acc: 0.3720
 310/3900 [=>............................] - ETA: 3s - loss: 1.7794 - acc: 0.3935
 370/3900 [=>............................] - ETA: 3s - loss: 1.7791 - acc: 0.4000
 430/3900 [==>...........................] - ETA: 3s - loss: 1.7676 - acc: 0.4116
 490/3900 [==>...........................] - ETA: 3s - loss: 1.7631 - acc: 0.4245
 550/3900 [===>..........................] - ETA: 3s - loss: 1.7637 - acc: 0.4255
 610/3900 [===>..........................] - ETA: 2s - loss: 1.7644 - acc: 0.4279
 670/3900 [====>.........................] - ETA: 2s - loss: 1.7616 - acc: 0.4269
 730/3900 [====>.........................] - ETA: 2s - loss: 1.7668 - acc: 0.4205
 790/3900 [=====>........................] - ETA: 2s - loss: 1.7644 - acc: 0.4228
 850/3900 [=====>........................] - ETA: 2s - loss: 1.7638 - acc: 0.4306
 910/3900 [======>.......................] - ETA: 2s - loss: 1.7628 - acc: 0.4308
 970/3900 [======>.......................] - ETA: 2s - loss: 1.7671 - acc: 0.4278
1030/3900 [======>.......................] - ETA: 2s - loss: 1.7698 - acc: 0.4291
1090/3900 [=======>......................] - ETA: 2s - loss: 1.7648 - acc: 0.4330
1150/3900 [=======>......................] - ETA: 2s - loss: 1.7661 - acc: 0.4304
1210/3900 [========>.....................] - ETA: 2s - loss: 1.7632 - acc: 0.4347
1270/3900 [========>.....................] - ETA: 2s - loss: 1.7615 - acc: 0.4362
1330/3900 [=========>....................] - ETA: 2s - loss: 1.7599 - acc: 0.4368
1390/3900 [=========>....................] - ETA: 2s - loss: 1.7572 - acc: 0.4403
1450/3900 [==========>...................] - ETA: 2s - loss: 1.7544 - acc: 0.4441
1510/3900 [==========>...................] - ETA: 2s - loss: 1.7530 - acc: 0.4397
1570/3900 [===========>..................] - ETA: 2s - loss: 1.7510 - acc: 0.4401
1630/3900 [===========>..................] - ETA: 2s - loss: 1.7495 - acc: 0.4417
1690/3900 [============>.................] - ETA: 1s - loss: 1.7475 - acc: 0.4462
1750/3900 [============>.................] - ETA: 1s - loss: 1.7467 - acc: 0.4463
1810/3900 [============>.................] - ETA: 1s - loss: 1.7441 - acc: 0.4486
1870/3900 [=============>................] - ETA: 1s - loss: 1.7436 - acc: 0.4449
1930/3900 [=============>................] - ETA: 1s - loss: 1.7438 - acc: 0.4425
1990/3900 [==============>...............] - ETA: 1s - loss: 1.7429 - acc: 0.4417
2050/3900 [==============>...............] - ETA: 1s - loss: 1.7427 - acc: 0.4405
2110/3900 [===============>..............] - ETA: 1s - loss: 1.7416 - acc: 0.4417
2170/3900 [===============>..............] - ETA: 1s - loss: 1.7405 - acc: 0.4433
2230/3900 [================>.............] - ETA: 1s - loss: 1.7389 - acc: 0.4444
2290/3900 [================>.............] - ETA: 1s - loss: 1.7385 - acc: 0.4419
2350/3900 [=================>............] - ETA: 1s - loss: 1.7389 - acc: 0.4421
2410/3900 [=================>............] - ETA: 1s - loss: 1.7354 - acc: 0.4432
2470/3900 [==================>...........] - ETA: 1s - loss: 1.7348 - acc: 0.4437
2530/3900 [==================>...........] - ETA: 1s - loss: 1.7336 - acc: 0.4439
2590/3900 [==================>...........] - ETA: 1s - loss: 1.7317 - acc: 0.4459
2650/3900 [===================>..........] - ETA: 1s - loss: 1.7331 - acc: 0.4449
2710/3900 [===================>..........] - ETA: 1s - loss: 1.7317 - acc: 0.4454
2770/3900 [====================>.........] - ETA: 1s - loss: 1.7321 - acc: 0.4444
2830/3900 [====================>.........] - ETA: 0s - loss: 1.7301 - acc: 0.4452
2890/3900 [=====================>........] - ETA: 0s - loss: 1.7301 - acc: 0.4436
2950/3900 [=====================>........] - ETA: 0s - loss: 1.7264 - acc: 0.4464
3010/3900 [======================>.......] - ETA: 0s - loss: 1.7271 - acc: 0.4429
3070/3900 [======================>.......] - ETA: 0s - loss: 1.7258 - acc: 0.4446
3130/3900 [=======================>......] - ETA: 0s - loss: 1.7249 - acc: 0.4457
3190/3900 [=======================>......] - ETA: 0s - loss: 1.7228 - acc: 0.4464
3250/3900 [========================>.....] - ETA: 0s - loss: 1.7196 - acc: 0.4462
3310/3900 [========================>.....] - ETA: 0s - loss: 1.7184 - acc: 0.4459
3370/3900 [========================>.....] - ETA: 0s - loss: 1.7166 - acc: 0.4478
3430/3900 [=========================>....] - ETA: 0s - loss: 1.7169 - acc: 0.4478
3490/3900 [=========================>....] - ETA: 0s - loss: 1.7147 - acc: 0.4493
3550/3900 [==========================>...] - ETA: 0s - loss: 1.7133 - acc: 0.4507
3610/3900 [==========================>...] - ETA: 0s - loss: 1.7119 - acc: 0.4515
3670/3900 [===========================>..] - ETA: 0s - loss: 1.7109 - acc: 0.4518
3730/3900 [===========================>..] - ETA: 0s - loss: 1.7090 - acc: 0.4534
3790/3900 [============================>.] - ETA: 0s - loss: 1.7065 - acc: 0.4565
3850/3900 [============================>.] - ETA: 0s - loss: 1.7053 - acc: 0.4577
3900/3900 [==============================] - 4s 904us/step - loss: 1.7034 - acc: 0.4569 - val_loss: 1.8371 - val_acc: 0.2929
Current time ....3.525
Train on 600 samples, validate on 86 samples
Epoch 1/1

 10/600 [..............................] - ETA: 0s - loss: 0.1050 - acc: 1.0000
 70/600 [==>...........................] - ETA: 0s - loss: 0.1879 - acc: 0.9857
130/600 [=====>........................] - ETA: 0s - loss: 0.1992 - acc: 0.9846
190/600 [========>.....................] - ETA: 0s - loss: 0.1952 - acc: 0.9895
250/600 [===========>..................] - ETA: 0s - loss: 0.1955 - acc: 0.9880
310/600 [==============>...............] - ETA: 0s - loss: 0.1977 - acc: 0.9871
370/600 [=================>............] - ETA: 0s - loss: 0.1900 - acc: 0.9892
430/600 [====================>.........] - ETA: 0s - loss: 0.1787 - acc: 0.9907
480/600 [=======================>......] - ETA: 0s - loss: 0.1783 - acc: 0.9854
540/600 [==========================>...] - ETA: 0s - loss: 0.1722 - acc: 0.9870
600/600 [==============================] - 1s 939us/step - loss: 0.1674 - acc: 0.9883 - val_loss: 0.3630 - val_acc: 0.9070
Current time ....0.563
Train on 1200 samples, validate on 68 samples
Epoch 1/1

  10/1200 [..............................] - ETA: 1s - loss: 0.3100 - acc: 0.9000
  70/1200 [>.............................] - ETA: 1s - loss: 0.5086 - acc: 0.8857
 130/1200 [==>...........................] - ETA: 0s - loss: 0.5078 - acc: 0.9077
 190/1200 [===>..........................] - ETA: 0s - loss: 0.4773 - acc: 0.9000
 250/1200 [=====>........................] - ETA: 0s - loss: 0.4585 - acc: 0.9000
 310/1200 [======>.......................] - ETA: 0s - loss: 0.4553 - acc: 0.9000
 370/1200 [========>.....................] - ETA: 0s - loss: 0.4560 - acc: 0.8892
 430/1200 [=========>....................] - ETA: 0s - loss: 0.4592 - acc: 0.8814
 490/1200 [===========>..................] - ETA: 0s - loss: 0.4614 - acc: 0.8796
 550/1200 [============>.................] - ETA: 0s - loss: 0.4529 - acc: 0.8836
 610/1200 [==============>...............] - ETA: 0s - loss: 0.4558 - acc: 0.8770
 670/1200 [===============>..............] - ETA: 0s - loss: 0.4527 - acc: 0.8731
 730/1200 [=================>............] - ETA: 0s - loss: 0.4495 - acc: 0.8753
 790/1200 [==================>...........] - ETA: 0s - loss: 0.4436 - acc: 0.8772
 850/1200 [====================>.........] - ETA: 0s - loss: 0.4431 - acc: 0.8741
 910/1200 [=====================>........] - ETA: 0s - loss: 0.4439 - acc: 0.8758
 970/1200 [=======================>......] - ETA: 0s - loss: 0.4404 - acc: 0.8784
1030/1200 [========================>.....] - ETA: 0s - loss: 0.4413 - acc: 0.8806
1090/1200 [==========================>...] - ETA: 0s - loss: 0.4384 - acc: 0.8826
1150/1200 [===========================>..] - ETA: 0s - loss: 0.4336 - acc: 0.8809
1200/1200 [==============================] - 1s 907us/step - loss: 0.4301 - acc: 0.8825 - val_loss: 1.1298 - val_acc: 0.5588
Current time ....1.088
Train on 3900 samples, validate on 99 samples
Epoch 1/1

  10/3900 [..............................] - ETA: 3s - loss: 1.5468 - acc: 0.5000
  70/3900 [..............................] - ETA: 3s - loss: 1.6446 - acc: 0.3857
 130/3900 [>.............................] - ETA: 3s - loss: 1.6302 - acc: 0.4385
 190/3900 [>.............................] - ETA: 3s - loss: 1.6330 - acc: 0.4632
 250/3900 [>.............................] - ETA: 3s - loss: 1.6285 - acc: 0.4800
 310/3900 [=>............................] - ETA: 3s - loss: 1.6118 - acc: 0.5000
 370/3900 [=>............................] - ETA: 3s - loss: 1.5913 - acc: 0.5081
 430/3900 [==>...........................] - ETA: 3s - loss: 1.5914 - acc: 0.5116
 490/3900 [==>...........................] - ETA: 3s - loss: 1.5949 - acc: 0.4959
 550/3900 [===>..........................] - ETA: 3s - loss: 1.5930 - acc: 0.5000
 610/3900 [===>..........................] - ETA: 2s - loss: 1.5934 - acc: 0.5066
 670/3900 [====>.........................] - ETA: 2s - loss: 1.5871 - acc: 0.5119
 730/3900 [====>.........................] - ETA: 2s - loss: 1.5814 - acc: 0.5164
 790/3900 [=====>........................] - ETA: 2s - loss: 1.5761 - acc: 0.5266
 850/3900 [=====>........................] - ETA: 2s - loss: 1.5706 - acc: 0.5365
 910/3900 [======>.......................] - ETA: 2s - loss: 1.5663 - acc: 0.5352
 970/3900 [======>.......................] - ETA: 2s - loss: 1.5731 - acc: 0.5320
1030/3900 [======>.......................] - ETA: 2s - loss: 1.5711 - acc: 0.5350
1080/3900 [=======>......................] - ETA: 2s - loss: 1.5686 - acc: 0.5352
1140/3900 [=======>......................] - ETA: 2s - loss: 1.5680 - acc: 0.5377
1200/3900 [========>.....................] - ETA: 2s - loss: 1.5644 - acc: 0.5408
1260/3900 [========>.....................] - ETA: 2s - loss: 1.5612 - acc: 0.5405
1320/3900 [=========>....................] - ETA: 2s - loss: 1.5628 - acc: 0.5371
1380/3900 [=========>....................] - ETA: 2s - loss: 1.5588 - acc: 0.5384
1440/3900 [==========>...................] - ETA: 2s - loss: 1.5534 - acc: 0.5410
1500/3900 [==========>...................] - ETA: 2s - loss: 1.5489 - acc: 0.5400
1560/3900 [===========>..................] - ETA: 2s - loss: 1.5438 - acc: 0.5404
1620/3900 [===========>..................] - ETA: 2s - loss: 1.5382 - acc: 0.5420
1680/3900 [===========>..................] - ETA: 2s - loss: 1.5404 - acc: 0.5375
1740/3900 [============>.................] - ETA: 1s - loss: 1.5366 - acc: 0.5356
1800/3900 [============>.................] - ETA: 1s - loss: 1.5360 - acc: 0.5339
1860/3900 [=============>................] - ETA: 1s - loss: 1.5340 - acc: 0.5344
1920/3900 [=============>................] - ETA: 1s - loss: 1.5339 - acc: 0.5349
1980/3900 [==============>...............] - ETA: 1s - loss: 1.5336 - acc: 0.5343
2040/3900 [==============>...............] - ETA: 1s - loss: 1.5322 - acc: 0.5348
2100/3900 [===============>..............] - ETA: 1s - loss: 1.5292 - acc: 0.5362
2160/3900 [===============>..............] - ETA: 1s - loss: 1.5284 - acc: 0.5361
2220/3900 [================>.............] - ETA: 1s - loss: 1.5255 - acc: 0.5392
2280/3900 [================>.............] - ETA: 1s - loss: 1.5278 - acc: 0.5404
2340/3900 [=================>............] - ETA: 1s - loss: 1.5263 - acc: 0.5389
2400/3900 [=================>............] - ETA: 1s - loss: 1.5275 - acc: 0.5375
2460/3900 [=================>............] - ETA: 1s - loss: 1.5248 - acc: 0.5382
2520/3900 [==================>...........] - ETA: 1s - loss: 1.5251 - acc: 0.5373
2580/3900 [==================>...........] - ETA: 1s - loss: 1.5228 - acc: 0.5391
2640/3900 [===================>..........] - ETA: 1s - loss: 1.5227 - acc: 0.5375
2700/3900 [===================>..........] - ETA: 1s - loss: 1.5215 - acc: 0.5367
2760/3900 [====================>.........] - ETA: 1s - loss: 1.5194 - acc: 0.5370
2820/3900 [====================>.........] - ETA: 0s - loss: 1.5160 - acc: 0.5376
2880/3900 [=====================>........] - ETA: 0s - loss: 1.5156 - acc: 0.5354
2940/3900 [=====================>........] - ETA: 0s - loss: 1.5158 - acc: 0.5354
3000/3900 [======================>.......] - ETA: 0s - loss: 1.5132 - acc: 0.5360
3060/3900 [======================>.......] - ETA: 0s - loss: 1.5120 - acc: 0.5353
3120/3900 [=======================>......] - ETA: 0s - loss: 1.5105 - acc: 0.5356
3180/3900 [=======================>......] - ETA: 0s - loss: 1.5077 - acc: 0.5362
3230/3900 [=======================>......] - ETA: 0s - loss: 1.5076 - acc: 0.5350
3290/3900 [========================>.....] - ETA: 0s - loss: 1.5068 - acc: 0.5337
3350/3900 [========================>.....] - ETA: 0s - loss: 1.5053 - acc: 0.5340
3410/3900 [=========================>....] - ETA: 0s - loss: 1.5026 - acc: 0.5355
3470/3900 [=========================>....] - ETA: 0s - loss: 1.5015 - acc: 0.5337
3530/3900 [==========================>...] - ETA: 0s - loss: 1.4997 - acc: 0.5343
3590/3900 [==========================>...] - ETA: 0s - loss: 1.4958 - acc: 0.5368
3650/3900 [===========================>..] - ETA: 0s - loss: 1.4914 - acc: 0.5392
3710/3900 [===========================>..] - ETA: 0s - loss: 1.4888 - acc: 0.5410
3770/3900 [============================>.] - ETA: 0s - loss: 1.4864 - acc: 0.5406
3830/3900 [============================>.] - ETA: 0s - loss: 1.4845 - acc: 0.5413
3890/3900 [============================>.] - ETA: 0s - loss: 1.4821 - acc: 0.5419
3900/3900 [==============================] - 4s 906us/step - loss: 1.4820 - acc: 0.5413 - val_loss: 1.7308 - val_acc: 0.3434
Current time ....3.534
Train on 600 samples, validate on 86 samples
Epoch 1/1

 10/600 [..............................] - ETA: 0s - loss: 0.1111 - acc: 1.0000
 70/600 [==>...........................] - ETA: 0s - loss: 0.1413 - acc: 1.0000
130/600 [=====>........................] - ETA: 0s - loss: 0.1361 - acc: 0.9846
190/600 [========>.....................] - ETA: 0s - loss: 0.1368 - acc: 0.9842
250/600 [===========>..................] - ETA: 0s - loss: 0.1294 - acc: 0.9840
310/600 [==============>...............] - ETA: 0s - loss: 0.1231 - acc: 0.9871
370/600 [=================>............] - ETA: 0s - loss: 0.1226 - acc: 0.9811
430/600 [====================>.........] - ETA: 0s - loss: 0.1146 - acc: 0.9837
490/600 [=======================>......] - ETA: 0s - loss: 0.1101 - acc: 0.9857
550/600 [==========================>...] - ETA: 0s - loss: 0.1099 - acc: 0.9873
600/600 [==============================] - 1s 937us/step - loss: 0.1130 - acc: 0.9867 - val_loss: 0.3753 - val_acc: 0.9186
Current time ....0.562
Train on 1200 samples, validate on 68 samples
Epoch 1/1

  10/1200 [..............................] - ETA: 1s - loss: 0.2989 - acc: 0.9000
  70/1200 [>.............................] - ETA: 1s - loss: 0.3298 - acc: 0.9286
 130/1200 [==>...........................] - ETA: 0s - loss: 0.3236 - acc: 0.9308
 190/1200 [===>..........................] - ETA: 0s - loss: 0.3252 - acc: 0.9368
 250/1200 [=====>........................] - ETA: 0s - loss: 0.3211 - acc: 0.9440
 310/1200 [======>.......................] - ETA: 0s - loss: 0.3277 - acc: 0.9419
 370/1200 [========>.....................] - ETA: 0s - loss: 0.3352 - acc: 0.9378
 430/1200 [=========>....................] - ETA: 0s - loss: 0.3335 - acc: 0.9326
 490/1200 [===========>..................] - ETA: 0s - loss: 0.3179 - acc: 0.9408
 550/1200 [============>.................] - ETA: 0s - loss: 0.3142 - acc: 0.9418
 610/1200 [==============>...............] - ETA: 0s - loss: 0.3099 - acc: 0.9459
 670/1200 [===============>..............] - ETA: 0s - loss: 0.3024 - acc: 0.9493
 730/1200 [=================>............] - ETA: 0s - loss: 0.3002 - acc: 0.9493
 790/1200 [==================>...........] - ETA: 0s - loss: 0.3025 - acc: 0.9456
 850/1200 [====================>.........] - ETA: 0s - loss: 0.3003 - acc: 0.9447
 910/1200 [=====================>........] - ETA: 0s - loss: 0.3054 - acc: 0.9440
 970/1200 [=======================>......] - ETA: 0s - loss: 0.3078 - acc: 0.9412
1030/1200 [========================>.....] - ETA: 0s - loss: 0.3060 - acc: 0.9417
1090/1200 [==========================>...] - ETA: 0s - loss: 0.3033 - acc: 0.9394
1150/1200 [===========================>..] - ETA: 0s - loss: 0.3032 - acc: 0.9383
1200/1200 [==============================] - 1s 905us/step - loss: 0.3005 - acc: 0.9383 - val_loss: 0.6967 - val_acc: 0.7206
Current time ....1.086
Train on 3900 samples, validate on 99 samples
Epoch 1/1

  10/3900 [..............................] - ETA: 3s - loss: 1.4414 - acc: 0.6000
  70/3900 [..............................] - ETA: 3s - loss: 1.3285 - acc: 0.6714
 130/3900 [>.............................] - ETA: 3s - loss: 1.3747 - acc: 0.6077
 190/3900 [>.............................] - ETA: 3s - loss: 1.3472 - acc: 0.6000
 250/3900 [>.............................] - ETA: 3s - loss: 1.3688 - acc: 0.5840
 310/3900 [=>............................] - ETA: 3s - loss: 1.3433 - acc: 0.6032
 360/3900 [=>............................] - ETA: 3s - loss: 1.3648 - acc: 0.5889
 420/3900 [==>...........................] - ETA: 3s - loss: 1.3436 - acc: 0.6000
 480/3900 [==>...........................] - ETA: 3s - loss: 1.3246 - acc: 0.6063
 540/3900 [===>..........................] - ETA: 3s - loss: 1.3249 - acc: 0.6037
 600/3900 [===>..........................] - ETA: 2s - loss: 1.3344 - acc: 0.5983
 660/3900 [====>.........................] - ETA: 2s - loss: 1.3304 - acc: 0.5955
 720/3900 [====>.........................] - ETA: 2s - loss: 1.3282 - acc: 0.5986
 780/3900 [=====>........................] - ETA: 2s - loss: 1.3322 - acc: 0.5949
 840/3900 [=====>........................] - ETA: 2s - loss: 1.3318 - acc: 0.5988
 900/3900 [=====>........................] - ETA: 2s - loss: 1.3237 - acc: 0.6000
 960/3900 [======>.......................] - ETA: 2s - loss: 1.3220 - acc: 0.5990
1020/3900 [======>.......................] - ETA: 2s - loss: 1.3209 - acc: 0.5941
1080/3900 [=======>......................] - ETA: 2s - loss: 1.3120 - acc: 0.6028
1140/3900 [=======>......................] - ETA: 2s - loss: 1.3093 - acc: 0.6079
1200/3900 [========>.....................] - ETA: 2s - loss: 1.3045 - acc: 0.6100
1260/3900 [========>.....................] - ETA: 2s - loss: 1.3072 - acc: 0.6095
1320/3900 [=========>....................] - ETA: 2s - loss: 1.3057 - acc: 0.6091
1380/3900 [=========>....................] - ETA: 2s - loss: 1.3103 - acc: 0.6065
1440/3900 [==========>...................] - ETA: 2s - loss: 1.3094 - acc: 0.6056
1500/3900 [==========>...................] - ETA: 2s - loss: 1.3114 - acc: 0.6040
1560/3900 [===========>..................] - ETA: 2s - loss: 1.3066 - acc: 0.6051
1620/3900 [===========>..................] - ETA: 2s - loss: 1.3078 - acc: 0.6056
1680/3900 [===========>..................] - ETA: 1s - loss: 1.3041 - acc: 0.6083
1740/3900 [============>.................] - ETA: 1s - loss: 1.3042 - acc: 0.6069
1800/3900 [============>.................] - ETA: 1s - loss: 1.3008 - acc: 0.6094
1860/3900 [=============>................] - ETA: 1s - loss: 1.3015 - acc: 0.6102
1920/3900 [=============>................] - ETA: 1s - loss: 1.3032 - acc: 0.6073
1980/3900 [==============>...............] - ETA: 1s - loss: 1.2990 - acc: 0.6086
2040/3900 [==============>...............] - ETA: 1s - loss: 1.2969 - acc: 0.6113
2100/3900 [===============>..............] - ETA: 1s - loss: 1.2984 - acc: 0.6100
2160/3900 [===============>..............] - ETA: 1s - loss: 1.2956 - acc: 0.6116
2220/3900 [================>.............] - ETA: 1s - loss: 1.2930 - acc: 0.6135
2280/3900 [================>.............] - ETA: 1s - loss: 1.2895 - acc: 0.6158
2340/3900 [=================>............] - ETA: 1s - loss: 1.2882 - acc: 0.6175
2400/3900 [=================>............] - ETA: 1s - loss: 1.2864 - acc: 0.6175
2460/3900 [=================>............] - ETA: 1s - loss: 1.2855 - acc: 0.6179
2520/3900 [==================>...........] - ETA: 1s - loss: 1.2841 - acc: 0.6183
2580/3900 [==================>...........] - ETA: 1s - loss: 1.2815 - acc: 0.6198
2640/3900 [===================>..........] - ETA: 1s - loss: 1.2787 - acc: 0.6212
2700/3900 [===================>..........] - ETA: 1s - loss: 1.2754 - acc: 0.6230
2760/3900 [====================>.........] - ETA: 1s - loss: 1.2700 - acc: 0.6250
2820/3900 [====================>.........] - ETA: 0s - loss: 1.2676 - acc: 0.6266
2880/3900 [=====================>........] - ETA: 0s - loss: 1.2685 - acc: 0.6253
2940/3900 [=====================>........] - ETA: 0s - loss: 1.2683 - acc: 0.6259
3000/3900 [======================>.......] - ETA: 0s - loss: 1.2657 - acc: 0.6267
3060/3900 [======================>.......] - ETA: 0s - loss: 1.2643 - acc: 0.6255
3120/3900 [=======================>......] - ETA: 0s - loss: 1.2614 - acc: 0.6263
3180/3900 [=======================>......] - ETA: 0s - loss: 1.2620 - acc: 0.6255
3240/3900 [=======================>......] - ETA: 0s - loss: 1.2612 - acc: 0.6250
3300/3900 [========================>.....] - ETA: 0s - loss: 1.2597 - acc: 0.6255
3360/3900 [========================>.....] - ETA: 0s - loss: 1.2605 - acc: 0.6247
3420/3900 [=========================>....] - ETA: 0s - loss: 1.2576 - acc: 0.6254
3480/3900 [=========================>....] - ETA: 0s - loss: 1.2577 - acc: 0.6239
3540/3900 [==========================>...] - ETA: 0s - loss: 1.2553 - acc: 0.6237
3600/3900 [==========================>...] - ETA: 0s - loss: 1.2512 - acc: 0.6253
3660/3900 [===========================>..] - ETA: 0s - loss: 1.2507 - acc: 0.6243
3720/3900 [===========================>..] - ETA: 0s - loss: 1.2495 - acc: 0.6247
3780/3900 [============================>.] - ETA: 0s - loss: 1.2480 - acc: 0.6249
3840/3900 [============================>.] - ETA: 0s - loss: 1.2459 - acc: 0.6258
3900/3900 [==============================] - 4s 904us/step - loss: 1.2425 - acc: 0.6282 - val_loss: 1.5155 - val_acc: 0.5051
Current time ....3.527
Train on 600 samples, validate on 86 samples
Epoch 1/1

 10/600 [..............................] - ETA: 0s - loss: 0.1126 - acc: 1.0000
 70/600 [==>...........................] - ETA: 0s - loss: 0.0887 - acc: 0.9857
130/600 [=====>........................] - ETA: 0s - loss: 0.0966 - acc: 0.9923
190/600 [========>.....................] - ETA: 0s - loss: 0.1014 - acc: 0.9895
250/600 [===========>..................] - ETA: 0s - loss: 0.0908 - acc: 0.9920
310/600 [==============>...............] - ETA: 0s - loss: 0.0819 - acc: 0.9935
370/600 [=================>............] - ETA: 0s - loss: 0.0778 - acc: 0.9946
430/600 [====================>.........] - ETA: 0s - loss: 0.0799 - acc: 0.9907
490/600 [=======================>......] - ETA: 0s - loss: 0.0778 - acc: 0.9918
550/600 [==========================>...] - ETA: 0s - loss: 0.0772 - acc: 0.9909
600/600 [==============================] - 1s 932us/step - loss: 0.0794 - acc: 0.9917 - val_loss: 0.4305 - val_acc: 0.9302
Current time ....0.559
Train on 1200 samples, validate on 68 samples
Epoch 1/1

  10/1200 [..............................] - ETA: 1s - loss: 0.2430 - acc: 0.9000
  70/1200 [>.............................] - ETA: 1s - loss: 0.2872 - acc: 0.9286
 130/1200 [==>...........................] - ETA: 0s - loss: 0.2773 - acc: 0.9231
 190/1200 [===>..........................] - ETA: 0s - loss: 0.2611 - acc: 0.9368
 250/1200 [=====>........................] - ETA: 0s - loss: 0.2626 - acc: 0.9320
 310/1200 [======>.......................] - ETA: 0s - loss: 0.2585 - acc: 0.9355
 370/1200 [========>.....................] - ETA: 0s - loss: 0.2373 - acc: 0.9432
 430/1200 [=========>....................] - ETA: 0s - loss: 0.2352 - acc: 0.9465
 490/1200 [===========>..................] - ETA: 0s - loss: 0.2461 - acc: 0.9388
 550/1200 [============>.................] - ETA: 0s - loss: 0.2350 - acc: 0.9436
 610/1200 [==============>...............] - ETA: 0s - loss: 0.2315 - acc: 0.9443
 670/1200 [===============>..............] - ETA: 0s - loss: 0.2265 - acc: 0.9478
 730/1200 [=================>............] - ETA: 0s - loss: 0.2245 - acc: 0.9507
 790/1200 [==================>...........] - ETA: 0s - loss: 0.2210 - acc: 0.9532
 850/1200 [====================>.........] - ETA: 0s - loss: 0.2284 - acc: 0.9506
 910/1200 [=====================>........] - ETA: 0s - loss: 0.2260 - acc: 0.9516
 970/1200 [=======================>......] - ETA: 0s - loss: 0.2206 - acc: 0.9546
1030/1200 [========================>.....] - ETA: 0s - loss: 0.2207 - acc: 0.9544
1090/1200 [==========================>...] - ETA: 0s - loss: 0.2181 - acc: 0.9550
1150/1200 [===========================>..] - ETA: 0s - loss: 0.2147 - acc: 0.9565
1200/1200 [==============================] - 1s 911us/step - loss: 0.2141 - acc: 0.9575 - val_loss: 0.9007 - val_acc: 0.6912
Current time ....1.094
Train on 3900 samples, validate on 99 samples
Epoch 1/1

  10/3900 [..............................] - ETA: 3s - loss: 1.3994 - acc: 0.7000
  70/3900 [..............................] - ETA: 3s - loss: 1.2204 - acc: 0.6143
 130/3900 [>.............................] - ETA: 3s - loss: 1.1936 - acc: 0.6308
 190/3900 [>.............................] - ETA: 3s - loss: 1.1067 - acc: 0.6684
 250/3900 [>.............................] - ETA: 3s - loss: 1.1031 - acc: 0.6800
 310/3900 [=>............................] - ETA: 3s - loss: 1.0637 - acc: 0.7032
 370/3900 [=>............................] - ETA: 3s - loss: 1.0677 - acc: 0.6973
 430/3900 [==>...........................] - ETA: 3s - loss: 1.0784 - acc: 0.6884
 490/3900 [==>...........................] - ETA: 3s - loss: 1.0990 - acc: 0.6755
 550/3900 [===>..........................] - ETA: 3s - loss: 1.1068 - acc: 0.6691
 610/3900 [===>..........................] - ETA: 2s - loss: 1.0999 - acc: 0.6689
 670/3900 [====>.........................] - ETA: 2s - loss: 1.1018 - acc: 0.6627
 730/3900 [====>.........................] - ETA: 2s - loss: 1.0966 - acc: 0.6575
 790/3900 [=====>........................] - ETA: 2s - loss: 1.0911 - acc: 0.6620
 850/3900 [=====>........................] - ETA: 2s - loss: 1.0844 - acc: 0.6659
 910/3900 [======>.......................] - ETA: 2s - loss: 1.0724 - acc: 0.6648
 970/3900 [======>.......................] - ETA: 2s - loss: 1.0762 - acc: 0.6680
1030/3900 [======>.......................] - ETA: 2s - loss: 1.0714 - acc: 0.6689
1090/3900 [=======>......................] - ETA: 2s - loss: 1.0881 - acc: 0.6587
1150/3900 [=======>......................] - ETA: 2s - loss: 1.0813 - acc: 0.6626
1210/3900 [========>.....................] - ETA: 2s - loss: 1.0816 - acc: 0.6612
1270/3900 [========>.....................] - ETA: 2s - loss: 1.0781 - acc: 0.6622
1330/3900 [=========>....................] - ETA: 2s - loss: 1.0786 - acc: 0.6632
1390/3900 [=========>....................] - ETA: 2s - loss: 1.0877 - acc: 0.6597
1450/3900 [==========>...................] - ETA: 2s - loss: 1.0870 - acc: 0.6566
1510/3900 [==========>...................] - ETA: 2s - loss: 1.0878 - acc: 0.6550
1570/3900 [===========>..................] - ETA: 2s - loss: 1.0886 - acc: 0.6554
1630/3900 [===========>..................] - ETA: 2s - loss: 1.0867 - acc: 0.6540
1690/3900 [============>.................] - ETA: 1s - loss: 1.0811 - acc: 0.6556
1750/3900 [============>.................] - ETA: 1s - loss: 1.0795 - acc: 0.6549
1810/3900 [============>.................] - ETA: 1s - loss: 1.0854 - acc: 0.6503
1870/3900 [=============>................] - ETA: 1s - loss: 1.0830 - acc: 0.6487
1930/3900 [=============>................] - ETA: 1s - loss: 1.0830 - acc: 0.6487
1990/3900 [==============>...............] - ETA: 1s - loss: 1.0772 - acc: 0.6518
2050/3900 [==============>...............] - ETA: 1s - loss: 1.0729 - acc: 0.6517
2110/3900 [===============>..............] - ETA: 1s - loss: 1.0672 - acc: 0.6536
2170/3900 [===============>..............] - ETA: 1s - loss: 1.0675 - acc: 0.6558
2230/3900 [================>.............] - ETA: 1s - loss: 1.0653 - acc: 0.6552
2290/3900 [================>.............] - ETA: 1s - loss: 1.0636 - acc: 0.6568
2350/3900 [=================>............] - ETA: 1s - loss: 1.0652 - acc: 0.6566
2410/3900 [=================>............] - ETA: 1s - loss: 1.0614 - acc: 0.6577
2470/3900 [==================>...........] - ETA: 1s - loss: 1.0555 - acc: 0.6611
2530/3900 [==================>...........] - ETA: 1s - loss: 1.0495 - acc: 0.6636
2590/3900 [==================>...........] - ETA: 1s - loss: 1.0495 - acc: 0.6637
2650/3900 [===================>..........] - ETA: 1s - loss: 1.0489 - acc: 0.6634
2710/3900 [===================>..........] - ETA: 1s - loss: 1.0474 - acc: 0.6649
2770/3900 [====================>.........] - ETA: 1s - loss: 1.0465 - acc: 0.6657
2830/3900 [====================>.........] - ETA: 0s - loss: 1.0474 - acc: 0.6633
2890/3900 [=====================>........] - ETA: 0s - loss: 1.0437 - acc: 0.6654
2950/3900 [=====================>........] - ETA: 0s - loss: 1.0406 - acc: 0.6664
3010/3900 [======================>.......] - ETA: 0s - loss: 1.0375 - acc: 0.6678
3070/3900 [======================>.......] - ETA: 0s - loss: 1.0386 - acc: 0.6668
3130/3900 [=======================>......] - ETA: 0s - loss: 1.0379 - acc: 0.6671
3190/3900 [=======================>......] - ETA: 0s - loss: 1.0376 - acc: 0.6661
3250/3900 [========================>.....] - ETA: 0s - loss: 1.0339 - acc: 0.6668
3310/3900 [========================>.....] - ETA: 0s - loss: 1.0324 - acc: 0.6668
3370/3900 [========================>.....] - ETA: 0s - loss: 1.0278 - acc: 0.6682
3430/3900 [=========================>....] - ETA: 0s - loss: 1.0289 - acc: 0.6673
3490/3900 [=========================>....] - ETA: 0s - loss: 1.0260 - acc: 0.6696
3550/3900 [==========================>...] - ETA: 0s - loss: 1.0232 - acc: 0.6713
3610/3900 [==========================>...] - ETA: 0s - loss: 1.0214 - acc: 0.6723
3670/3900 [===========================>..] - ETA: 0s - loss: 1.0191 - acc: 0.6741
3730/3900 [===========================>..] - ETA: 0s - loss: 1.0170 - acc: 0.6751
3790/3900 [============================>.] - ETA: 0s - loss: 1.0149 - acc: 0.6763
3850/3900 [============================>.] - ETA: 0s - loss: 1.0132 - acc: 0.6764
3900/3900 [==============================] - 4s 905us/step - loss: 1.0136 - acc: 0.6756 - val_loss: 1.5382 - val_acc: 0.4545
Current time ....3.529
Train on 600 samples, validate on 86 samples
Epoch 1/1

 10/600 [..............................] - ETA: 0s - loss: 0.0179 - acc: 1.0000
 70/600 [==>...........................] - ETA: 0s - loss: 0.0482 - acc: 1.0000
130/600 [=====>........................] - ETA: 0s - loss: 0.0637 - acc: 0.9923
190/600 [========>.....................] - ETA: 0s - loss: 0.0537 - acc: 0.9947
250/600 [===========>..................] - ETA: 0s - loss: 0.0526 - acc: 0.9960
310/600 [==============>...............] - ETA: 0s - loss: 0.0555 - acc: 0.9968
370/600 [=================>............] - ETA: 0s - loss: 0.0584 - acc: 0.9973
430/600 [====================>.........] - ETA: 0s - loss: 0.0573 - acc: 0.9977
490/600 [=======================>......] - ETA: 0s - loss: 0.0576 - acc: 0.9980
550/600 [==========================>...] - ETA: 0s - loss: 0.0603 - acc: 0.9964
600/600 [==============================] - 1s 932us/step - loss: 0.0590 - acc: 0.9967 - val_loss: 0.4303 - val_acc: 0.9302
Current time ....0.560
Train on 1200 samples, validate on 68 samples
Epoch 1/1

  10/1200 [..............................] - ETA: 1s - loss: 0.0888 - acc: 1.0000
  70/1200 [>.............................] - ETA: 1s - loss: 0.1167 - acc: 0.9857
 130/1200 [==>...........................] - ETA: 0s - loss: 0.1430 - acc: 0.9769
 190/1200 [===>..........................] - ETA: 0s - loss: 0.1670 - acc: 0.9632
 250/1200 [=====>........................] - ETA: 0s - loss: 0.1571 - acc: 0.9720
 310/1200 [======>.......................] - ETA: 0s - loss: 0.1517 - acc: 0.9774
 370/1200 [========>.....................] - ETA: 0s - loss: 0.1612 - acc: 0.9757
 430/1200 [=========>....................] - ETA: 0s - loss: 0.1592 - acc: 0.9791
 490/1200 [===========>..................] - ETA: 0s - loss: 0.1711 - acc: 0.9755
 550/1200 [============>.................] - ETA: 0s - loss: 0.1651 - acc: 0.9782
 610/1200 [==============>...............] - ETA: 0s - loss: 0.1629 - acc: 0.9787
 670/1200 [===============>..............] - ETA: 0s - loss: 0.1616 - acc: 0.9791
 730/1200 [=================>............] - ETA: 0s - loss: 0.1624 - acc: 0.9795
 790/1200 [==================>...........] - ETA: 0s - loss: 0.1614 - acc: 0.9797
 850/1200 [====================>.........] - ETA: 0s - loss: 0.1589 - acc: 0.9788
 910/1200 [=====================>........] - ETA: 0s - loss: 0.1603 - acc: 0.9791
 970/1200 [=======================>......] - ETA: 0s - loss: 0.1570 - acc: 0.9804
1030/1200 [========================>.....] - ETA: 0s - loss: 0.1540 - acc: 0.9806
1090/1200 [==========================>...] - ETA: 0s - loss: 0.1538 - acc: 0.9789
1150/1200 [===========================>..] - ETA: 0s - loss: 0.1531 - acc: 0.9791
1200/1200 [==============================] - 1s 905us/step - loss: 0.1519 - acc: 0.9800 - val_loss: 0.7456 - val_acc: 0.7059
Current time ....1.086
Train on 3900 samples, validate on 99 samples
Epoch 1/1

  10/3900 [..............................] - ETA: 3s - loss: 0.9444 - acc: 0.6000
  70/3900 [..............................] - ETA: 3s - loss: 0.7187 - acc: 0.7429
 130/3900 [>.............................] - ETA: 3s - loss: 0.8777 - acc: 0.6769
 190/3900 [>.............................] - ETA: 3s - loss: 0.8435 - acc: 0.7158
 250/3900 [>.............................] - ETA: 3s - loss: 0.8978 - acc: 0.6920
 310/3900 [=>............................] - ETA: 3s - loss: 0.8992 - acc: 0.7032
 370/3900 [=>............................] - ETA: 3s - loss: 0.8923 - acc: 0.7054
 430/3900 [==>...........................] - ETA: 3s - loss: 0.8872 - acc: 0.7163
 490/3900 [==>...........................] - ETA: 3s - loss: 0.8897 - acc: 0.7082
 550/3900 [===>..........................] - ETA: 3s - loss: 0.9015 - acc: 0.6982
 610/3900 [===>..........................] - ETA: 2s - loss: 0.9121 - acc: 0.6967
 670/3900 [====>.........................] - ETA: 2s - loss: 0.9118 - acc: 0.7000
 730/3900 [====>.........................] - ETA: 2s - loss: 0.9149 - acc: 0.7000
 790/3900 [=====>........................] - ETA: 2s - loss: 0.9197 - acc: 0.6975
 850/3900 [=====>........................] - ETA: 2s - loss: 0.9052 - acc: 0.7047
 910/3900 [======>.......................] - ETA: 2s - loss: 0.8974 - acc: 0.7121
 970/3900 [======>.......................] - ETA: 2s - loss: 0.8967 - acc: 0.7113
1030/3900 [======>.......................] - ETA: 2s - loss: 0.8896 - acc: 0.7136
1090/3900 [=======>......................] - ETA: 2s - loss: 0.8817 - acc: 0.7147
1150/3900 [=======>......................] - ETA: 2s - loss: 0.8776 - acc: 0.7148
1210/3900 [========>.....................] - ETA: 2s - loss: 0.8822 - acc: 0.7157
1270/3900 [========>.....................] - ETA: 2s - loss: 0.8737 - acc: 0.7205
1330/3900 [=========>....................] - ETA: 2s - loss: 0.8685 - acc: 0.7218
1390/3900 [=========>....................] - ETA: 2s - loss: 0.8663 - acc: 0.7216
1450/3900 [==========>...................] - ETA: 2s - loss: 0.8669 - acc: 0.7214
1510/3900 [==========>...................] - ETA: 2s - loss: 0.8699 - acc: 0.7199
1570/3900 [===========>..................] - ETA: 2s - loss: 0.8713 - acc: 0.7197
1630/3900 [===========>..................] - ETA: 2s - loss: 0.8737 - acc: 0.7172
1690/3900 [============>.................] - ETA: 1s - loss: 0.8686 - acc: 0.7195
1750/3900 [============>.................] - ETA: 1s - loss: 0.8707 - acc: 0.7194
1810/3900 [============>.................] - ETA: 1s - loss: 0.8696 - acc: 0.7193
1870/3900 [=============>................] - ETA: 1s - loss: 0.8678 - acc: 0.7203
1930/3900 [=============>................] - ETA: 1s - loss: 0.8676 - acc: 0.7212
1990/3900 [==============>...............] - ETA: 1s - loss: 0.8655 - acc: 0.7211
2050/3900 [==============>...............] - ETA: 1s - loss: 0.8625 - acc: 0.7220
2110/3900 [===============>..............] - ETA: 1s - loss: 0.8562 - acc: 0.7256
2170/3900 [===============>..............] - ETA: 1s - loss: 0.8539 - acc: 0.7263
2230/3900 [================>.............] - ETA: 1s - loss: 0.8587 - acc: 0.7224
2290/3900 [================>.............] - ETA: 1s - loss: 0.8618 - acc: 0.7205
2350/3900 [=================>............] - ETA: 1s - loss: 0.8609 - acc: 0.7217
2410/3900 [=================>............] - ETA: 1s - loss: 0.8600 - acc: 0.7224
2470/3900 [==================>...........] - ETA: 1s - loss: 0.8569 - acc: 0.7247
2530/3900 [==================>...........] - ETA: 1s - loss: 0.8523 - acc: 0.7269
2590/3900 [==================>...........] - ETA: 1s - loss: 0.8501 - acc: 0.7274
2650/3900 [===================>..........] - ETA: 1s - loss: 0.8492 - acc: 0.7275
2710/3900 [===================>..........] - ETA: 1s - loss: 0.8460 - acc: 0.7288
2770/3900 [====================>.........] - ETA: 1s - loss: 0.8461 - acc: 0.7274
2830/3900 [====================>.........] - ETA: 0s - loss: 0.8471 - acc: 0.7254
2890/3900 [=====================>........] - ETA: 0s - loss: 0.8502 - acc: 0.7225
2950/3900 [=====================>........] - ETA: 0s - loss: 0.8483 - acc: 0.7237
3010/3900 [======================>.......] - ETA: 0s - loss: 0.8478 - acc: 0.7243
3070/3900 [======================>.......] - ETA: 0s - loss: 0.8467 - acc: 0.7251
3120/3900 [=======================>......] - ETA: 0s - loss: 0.8466 - acc: 0.7247
3180/3900 [=======================>......] - ETA: 0s - loss: 0.8459 - acc: 0.7245
3240/3900 [=======================>......] - ETA: 0s - loss: 0.8436 - acc: 0.7262
3300/3900 [========================>.....] - ETA: 0s - loss: 0.8424 - acc: 0.7273
3360/3900 [========================>.....] - ETA: 0s - loss: 0.8403 - acc: 0.7277
3420/3900 [=========================>....] - ETA: 0s - loss: 0.8388 - acc: 0.7287
3480/3900 [=========================>....] - ETA: 0s - loss: 0.8355 - acc: 0.7290
3540/3900 [==========================>...] - ETA: 0s - loss: 0.8337 - acc: 0.7294
3600/3900 [==========================>...] - ETA: 0s - loss: 0.8301 - acc: 0.7311
3660/3900 [===========================>..] - ETA: 0s - loss: 0.8295 - acc: 0.7311
3720/3900 [===========================>..] - ETA: 0s - loss: 0.8290 - acc: 0.7315
3780/3900 [============================>.] - ETA: 0s - loss: 0.8274 - acc: 0.7317
3840/3900 [============================>.] - ETA: 0s - loss: 0.8248 - acc: 0.7328
3900/3900 [==============================] - 4s 906us/step - loss: 0.8239 - acc: 0.7323 - val_loss: 1.5972 - val_acc: 0.4343
Current time ....3.535
Train on 600 samples, validate on 86 samples
Epoch 1/1

 10/600 [..............................] - ETA: 0s - loss: 0.0705 - acc: 1.0000
 70/600 [==>...........................] - ETA: 0s - loss: 0.0672 - acc: 0.9857
130/600 [=====>........................] - ETA: 0s - loss: 0.0547 - acc: 0.9923
190/600 [========>.....................] - ETA: 0s - loss: 0.0567 - acc: 0.9947
250/600 [===========>..................] - ETA: 0s - loss: 0.0558 - acc: 0.9920
310/600 [==============>...............] - ETA: 0s - loss: 0.0553 - acc: 0.9935
370/600 [=================>............] - ETA: 0s - loss: 0.0536 - acc: 0.9919
430/600 [====================>.........] - ETA: 0s - loss: 0.0515 - acc: 0.9930
490/600 [=======================>......] - ETA: 0s - loss: 0.0504 - acc: 0.9918
550/600 [==========================>...] - ETA: 0s - loss: 0.0491 - acc: 0.9927
600/600 [==============================] - 1s 923us/step - loss: 0.0471 - acc: 0.9933 - val_loss: 0.4633 - val_acc: 0.9186
Current time ....0.554
Train on 1200 samples, validate on 68 samples
Epoch 1/1

  10/1200 [..............................] - ETA: 1s - loss: 0.0247 - acc: 1.0000
  70/1200 [>.............................] - ETA: 1s - loss: 0.0945 - acc: 1.0000
 130/1200 [==>...........................] - ETA: 0s - loss: 0.0962 - acc: 1.0000
 190/1200 [===>..........................] - ETA: 0s - loss: 0.0968 - acc: 0.9947
 250/1200 [=====>........................] - ETA: 0s - loss: 0.1029 - acc: 0.9880
 310/1200 [======>.......................] - ETA: 0s - loss: 0.1117 - acc: 0.9774
 370/1200 [========>.....................] - ETA: 0s - loss: 0.1083 - acc: 0.9811
 430/1200 [=========>....................] - ETA: 0s - loss: 0.1152 - acc: 0.9814
 490/1200 [===========>..................] - ETA: 0s - loss: 0.1111 - acc: 0.9837
 550/1200 [============>.................] - ETA: 0s - loss: 0.1090 - acc: 0.9855
 610/1200 [==============>...............] - ETA: 0s - loss: 0.1093 - acc: 0.9852
 670/1200 [===============>..............] - ETA: 0s - loss: 0.1086 - acc: 0.9851
 730/1200 [=================>............] - ETA: 0s - loss: 0.1089 - acc: 0.9863
 790/1200 [==================>...........] - ETA: 0s - loss: 0.1079 - acc: 0.9873
 850/1200 [====================>.........] - ETA: 0s - loss: 0.1071 - acc: 0.9882
 910/1200 [=====================>........] - ETA: 0s - loss: 0.1081 - acc: 0.9879
 970/1200 [=======================>......] - ETA: 0s - loss: 0.1099 - acc: 0.9856
1030/1200 [========================>.....] - ETA: 0s - loss: 0.1078 - acc: 0.9864
1090/1200 [==========================>...] - ETA: 0s - loss: 0.1077 - acc: 0.9862
1140/1200 [===========================>..] - ETA: 0s - loss: 0.1061 - acc: 0.9868
1200/1200 [==============================] - 1s 911us/step - loss: 0.1084 - acc: 0.9850 - val_loss: 0.8233 - val_acc: 0.6912
Current time ....1.094
Train on 3900 samples, validate on 99 samples
Epoch 1/1

  10/3900 [..............................] - ETA: 3s - loss: 0.9062 - acc: 0.7000
  70/3900 [..............................] - ETA: 3s - loss: 0.7217 - acc: 0.8000
 130/3900 [>.............................] - ETA: 3s - loss: 0.6921 - acc: 0.8154
 190/3900 [>.............................] - ETA: 3s - loss: 0.7044 - acc: 0.8105
 250/3900 [>.............................] - ETA: 3s - loss: 0.7416 - acc: 0.7720
 310/3900 [=>............................] - ETA: 3s - loss: 0.7489 - acc: 0.7613
 370/3900 [=>............................] - ETA: 3s - loss: 0.7542 - acc: 0.7514
 430/3900 [==>...........................] - ETA: 3s - loss: 0.7253 - acc: 0.7721
 490/3900 [==>...........................] - ETA: 3s - loss: 0.7233 - acc: 0.7694
 550/3900 [===>..........................] - ETA: 3s - loss: 0.7252 - acc: 0.7673
 610/3900 [===>..........................] - ETA: 2s - loss: 0.7272 - acc: 0.7639
 670/3900 [====>.........................] - ETA: 2s - loss: 0.7224 - acc: 0.7657
 730/3900 [====>.........................] - ETA: 2s - loss: 0.7206 - acc: 0.7658
 790/3900 [=====>........................] - ETA: 2s - loss: 0.7294 - acc: 0.7608
 850/3900 [=====>........................] - ETA: 2s - loss: 0.7304 - acc: 0.7682
 910/3900 [======>.......................] - ETA: 2s - loss: 0.7417 - acc: 0.7637
 970/3900 [======>.......................] - ETA: 2s - loss: 0.7421 - acc: 0.7619
1030/3900 [======>.......................] - ETA: 2s - loss: 0.7453 - acc: 0.7602
1090/3900 [=======>......................] - ETA: 2s - loss: 0.7493 - acc: 0.7569
1150/3900 [=======>......................] - ETA: 2s - loss: 0.7440 - acc: 0.7600
1210/3900 [========>.....................] - ETA: 2s - loss: 0.7406 - acc: 0.7612
1270/3900 [========>.....................] - ETA: 2s - loss: 0.7322 - acc: 0.7638
1320/3900 [=========>....................] - ETA: 2s - loss: 0.7249 - acc: 0.7659
1380/3900 [=========>....................] - ETA: 2s - loss: 0.7220 - acc: 0.7688
1440/3900 [==========>...................] - ETA: 2s - loss: 0.7298 - acc: 0.7646
1500/3900 [==========>...................] - ETA: 2s - loss: 0.7300 - acc: 0.7647
1560/3900 [===========>..................] - ETA: 2s - loss: 0.7292 - acc: 0.7635
1620/3900 [===========>..................] - ETA: 2s - loss: 0.7262 - acc: 0.7630
1680/3900 [===========>..................] - ETA: 2s - loss: 0.7279 - acc: 0.7613
1740/3900 [============>.................] - ETA: 1s - loss: 0.7264 - acc: 0.7621
1800/3900 [============>.................] - ETA: 1s - loss: 0.7236 - acc: 0.7633
1860/3900 [=============>................] - ETA: 1s - loss: 0.7214 - acc: 0.7640
1920/3900 [=============>................] - ETA: 1s - loss: 0.7182 - acc: 0.7667
1980/3900 [==============>...............] - ETA: 1s - loss: 0.7150 - acc: 0.7667
2040/3900 [==============>...............] - ETA: 1s - loss: 0.7091 - acc: 0.7696
2100/3900 [===============>..............] - ETA: 1s - loss: 0.7119 - acc: 0.7690
2160/3900 [===============>..............] - ETA: 1s - loss: 0.7085 - acc: 0.7713
2220/3900 [================>.............] - ETA: 1s - loss: 0.7095 - acc: 0.7712
2280/3900 [================>.............] - ETA: 1s - loss: 0.7105 - acc: 0.7693
2340/3900 [=================>............] - ETA: 1s - loss: 0.7079 - acc: 0.7705
2390/3900 [=================>............] - ETA: 1s - loss: 0.7090 - acc: 0.7695
2450/3900 [=================>............] - ETA: 1s - loss: 0.7093 - acc: 0.7702
2510/3900 [==================>...........] - ETA: 1s - loss: 0.7095 - acc: 0.7693
2570/3900 [==================>...........] - ETA: 1s - loss: 0.7077 - acc: 0.7704
2630/3900 [===================>..........] - ETA: 1s - loss: 0.7075 - acc: 0.7703
2690/3900 [===================>..........] - ETA: 1s - loss: 0.7055 - acc: 0.7706
2750/3900 [====================>.........] - ETA: 1s - loss: 0.7041 - acc: 0.7709
2810/3900 [====================>.........] - ETA: 0s - loss: 0.7011 - acc: 0.7726
2870/3900 [=====================>........] - ETA: 0s - loss: 0.6980 - acc: 0.7735
2930/3900 [=====================>........] - ETA: 0s - loss: 0.6946 - acc: 0.7744
2990/3900 [======================>.......] - ETA: 0s - loss: 0.6958 - acc: 0.7736
3050/3900 [======================>.......] - ETA: 0s - loss: 0.6953 - acc: 0.7744
3110/3900 [======================>.......] - ETA: 0s - loss: 0.6915 - acc: 0.7749
3170/3900 [=======================>......] - ETA: 0s - loss: 0.6925 - acc: 0.7738
3230/3900 [=======================>......] - ETA: 0s - loss: 0.6903 - acc: 0.7749
3290/3900 [========================>.....] - ETA: 0s - loss: 0.6896 - acc: 0.7748
3350/3900 [========================>.....] - ETA: 0s - loss: 0.6882 - acc: 0.7749
3410/3900 [=========================>....] - ETA: 0s - loss: 0.6849 - acc: 0.7762
3470/3900 [=========================>....] - ETA: 0s - loss: 0.6825 - acc: 0.7775
3530/3900 [==========================>...] - ETA: 0s - loss: 0.6795 - acc: 0.7776
3590/3900 [==========================>...] - ETA: 0s - loss: 0.6786 - acc: 0.7780
3650/3900 [===========================>..] - ETA: 0s - loss: 0.6839 - acc: 0.7756
3710/3900 [===========================>..] - ETA: 0s - loss: 0.6836 - acc: 0.7749
3770/3900 [============================>.] - ETA: 0s - loss: 0.6823 - acc: 0.7748
3830/3900 [============================>.] - ETA: 0s - loss: 0.6829 - acc: 0.7747
3890/3900 [============================>.] - ETA: 0s - loss: 0.6837 - acc: 0.7746
3900/3900 [==============================] - 4s 909us/step - loss: 0.6828 - acc: 0.7749 - val_loss: 1.6463 - val_acc: 0.4444
Current time ....3.547
Train on 600 samples, validate on 86 samples
Epoch 1/1

 10/600 [..............................] - ETA: 0s - loss: 0.0357 - acc: 1.0000
 70/600 [==>...........................] - ETA: 0s - loss: 0.0372 - acc: 1.0000
130/600 [=====>........................] - ETA: 0s - loss: 0.0306 - acc: 1.0000
190/600 [========>.....................] - ETA: 0s - loss: 0.0322 - acc: 1.0000
250/600 [===========>..................] - ETA: 0s - loss: 0.0319 - acc: 1.0000
310/600 [==============>...............] - ETA: 0s - loss: 0.0312 - acc: 1.0000
370/600 [=================>............] - ETA: 0s - loss: 0.0310 - acc: 1.0000
430/600 [====================>.........] - ETA: 0s - loss: 0.0348 - acc: 0.9977
490/600 [=======================>......] - ETA: 0s - loss: 0.0362 - acc: 0.9980
550/600 [==========================>...] - ETA: 0s - loss: 0.0350 - acc: 0.9982
600/600 [==============================] - 1s 934us/step - loss: 0.0369 - acc: 0.9950 - val_loss: 0.4895 - val_acc: 0.9186
Current time ....0.560
Train on 1200 samples, validate on 68 samples
Epoch 1/1

  10/1200 [..............................] - ETA: 1s - loss: 0.1035 - acc: 1.0000
  70/1200 [>.............................] - ETA: 1s - loss: 0.0652 - acc: 1.0000
 130/1200 [==>...........................] - ETA: 0s - loss: 0.0736 - acc: 0.9923
 190/1200 [===>..........................] - ETA: 0s - loss: 0.0774 - acc: 0.9947
 250/1200 [=====>........................] - ETA: 0s - loss: 0.0760 - acc: 0.9960
 310/1200 [======>.......................] - ETA: 0s - loss: 0.0878 - acc: 0.9903
 370/1200 [========>.....................] - ETA: 0s - loss: 0.0828 - acc: 0.9919
 430/1200 [=========>....................] - ETA: 0s - loss: 0.0812 - acc: 0.9930
 490/1200 [===========>..................] - ETA: 0s - loss: 0.0824 - acc: 0.9898
 550/1200 [============>.................] - ETA: 0s - loss: 0.0824 - acc: 0.9891
 610/1200 [==============>...............] - ETA: 0s - loss: 0.0823 - acc: 0.9869
 670/1200 [===============>..............] - ETA: 0s - loss: 0.0840 - acc: 0.9851
 730/1200 [=================>............] - ETA: 0s - loss: 0.0855 - acc: 0.9849
 790/1200 [==================>...........] - ETA: 0s - loss: 0.0852 - acc: 0.9861
 850/1200 [====================>.........] - ETA: 0s - loss: 0.0840 - acc: 0.9859
 910/1200 [=====================>........] - ETA: 0s - loss: 0.0835 - acc: 0.9846
 970/1200 [=======================>......] - ETA: 0s - loss: 0.0828 - acc: 0.9856
1030/1200 [========================>.....] - ETA: 0s - loss: 0.0814 - acc: 0.9864
1090/1200 [==========================>...] - ETA: 0s - loss: 0.0806 - acc: 0.9862
1150/1200 [===========================>..] - ETA: 0s - loss: 0.0794 - acc: 0.9870
1200/1200 [==============================] - 1s 906us/step - loss: 0.0798 - acc: 0.9858 - val_loss: 0.8252 - val_acc: 0.6912
Current time ....1.087

32/99 [========>.....................] - ETA: 0s
99/99 [==============================] - 0s 94us/step
In EVALUATE loss:  [1.6462948900280576, 0.44444444504651154]

32/86 [==========>...................] - ETA: 0s
86/86 [==============================] - 0s 82us/step
In EVALUATE loss:  [0.48951333622599758, 0.91860465393509971]

32/68 [=============>................] - ETA: 0s
68/68 [==============================] - 0s 100us/step
In EVALUATE loss:  [0.82516847989138431, 0.69117647058823528]
Task 1 : Primary site - Macro F1 score 0.260265418612
Task 1 : Primary site - Micro F1 score 0.444444444444
Task 2 : Tumor laterality - Macro F1 score 0.918593644354
Task 2 : Tumor laterality - Micro F1 score 0.918604651163
Task 3 : Histological grade - Macro F1 score 0.520720411664
Task 3 : Histological grade - Micro F1 score 0.691176470588
Average loss:  0.986992235382
