Importing candle utils for keras
Configuration file:  /gpfs/mira-home/apeck/Modified_Benchmarks/Pilot3/P3B1/p3b1_default_model.txt
{'activation': 'relu',
 'batch_size': 10,
 'data_url': 'ftp://ftp.mcs.anl.gov/pub/candle/public/benchmarks/P3B1/',
 'drop': 0.0,
 'epochs': 10,
 'feature_names': 'Primary site:Tumor laterality:Histological grade',
 'ind_nnet_spec': [[2400, 2400, 1200, 1200],
                   [2400, 2400, 1200, 1200],
                   [2400, 2400, 1200, 1200]],
 'initialization': 'glorot_uniform',
 'learning_rate': 0.01,
 'loss': 'categorical_crossentropy',
 'metrics': 'accuracy',
 'model_name': 'p3b1',
 'n_fold': 1,
 'optimizer': 'sgd',
 'out_activation': 'softmax',
 'output_dir': '.',
 'scaling': 'none',
 'shared_nnet_spec': [1200,
                      2400,
                      3600,
                      3600,
                      3600,
                      3600,
                      3600,
                      3600,
                      3600,
                      2400],
 'shuffle': True,
 'timeout': 1800,
 'train_data': 'P3B1_data.tar.gz'}
Params:
{'activation': 'relu',
 'batch_size': 10,
 'case': 'CenterZ',
 'data_url': 'ftp://ftp.mcs.anl.gov/pub/candle/public/benchmarks/P3B1/',
 'datatype': <class 'numpy.float32'>,
 'drop': 0.0,
 'epochs': 10,
 'experiment_id': 'EXP000',
 'feature_names': 'Primary site:Tumor laterality:Histological grade',
 'fig': False,
 'gpus': [],
 'ind_nnet_spec': [[2400, 2400, 1200, 1200],
                   [2400, 2400, 1200, 1200],
                   [2400, 2400, 1200, 1200]],
 'initialization': 'glorot_uniform',
 'learning_rate': 0.01,
 'logfile': None,
 'loss': 'categorical_crossentropy',
 'metrics': 'accuracy',
 'model_name': 'p3b1',
 'n_fold': 1,
 'optimizer': 'sgd',
 'out_activation': 'softmax',
 'output_dir': '/gpfs/mira-home/apeck/CANDLE_testing/avery_modified_results/p3_1',
 'output_files': 'result0_0.csv;result1_0.csv;result2_0.csv',
 'rng_seed': 7102,
 'run_id': 'RUN000',
 'scaling': 'none',
 'shared_nnet_spec': [1200,
                      2400,
                      3600,
                      3600,
                      3600,
                      3600,
                      3600,
                      3600,
                      3600,
                      2400],
 'shuffle': False,
 'timeout': 1800,
 'train_bool': True,
 'train_data': 'P3B1_data.tar.gz',
 'train_features': 'data/task0_0_train_feature.csv;data/task1_0_train_feature.csv;data/task2_0_train_feature.csv',
 'train_truths': 'data/task0_0_train_label.csv;data/task1_0_train_label.csv;data/task2_0_train_label.csv',
 'valid_features': 'data/task0_0_test_feature.csv;data/task1_0_test_feature.csv;data/task2_0_test_feature.csv',
 'valid_truths': 'data/task0_0_test_label.csv;data/task1_0_test_label.csv;data/task2_0_test_label.csv',
 'verbose': None}
Feature names:
Primary site
Tumor laterality
Histological grade
Model:  0
_________________________________________________________________
Layer (type)                 Output Shape              Param #   
=================================================================
input (InputLayer)           (None, 400)               0         
_________________________________________________________________
indiv_layer_0_0 (Dense)      (None, 2400)              962400    
_________________________________________________________________
indiv_layer_0_1 (Dense)      (None, 2400)              5762400   
_________________________________________________________________
indiv_layer_0_2 (Dense)      (None, 1200)              2881200   
_________________________________________________________________
indiv_layer_0_3 (Dense)      (None, 1200)              1441200   
_________________________________________________________________
out_0 (Dense)                (None, 13)                15613     
=================================================================
Total params: 11,062,813
Trainable params: 11,062,813
Non-trainable params: 0
_________________________________________________________________
Model:  1
_________________________________________________________________
Layer (type)                 Output Shape              Param #   
=================================================================
input (InputLayer)           (None, 400)               0         
_________________________________________________________________
indiv_layer_1_0 (Dense)      (None, 2400)              962400    
_________________________________________________________________
indiv_layer_1_1 (Dense)      (None, 2400)              5762400   
_________________________________________________________________
indiv_layer_1_2 (Dense)      (None, 1200)              2881200   
_________________________________________________________________
indiv_layer_1_3 (Dense)      (None, 1200)              1441200   
_________________________________________________________________
out_1 (Dense)                (None, 2)                 2402      
=================================================================
Total params: 11,049,602
Trainable params: 11,049,602
Non-trainable params: 0
_________________________________________________________________
Model:  2
_________________________________________________________________
Layer (type)                 Output Shape              Param #   
=================================================================
input (InputLayer)           (None, 400)               0         
_________________________________________________________________
indiv_layer_2_0 (Dense)      (None, 2400)              962400    
_________________________________________________________________
indiv_layer_2_1 (Dense)      (None, 2400)              5762400   
_________________________________________________________________
indiv_layer_2_2 (Dense)      (None, 1200)              2881200   
_________________________________________________________________
indiv_layer_2_3 (Dense)      (None, 1200)              1441200   
_________________________________________________________________
out_2 (Dense)                (None, 4)                 4804      
=================================================================
Total params: 11,052,004
Trainable params: 11,052,004
Non-trainable params: 0
_________________________________________________________________
Train on 3900 samples, validate on 99 samples
Epoch 1/1

  10/3900 [..............................] - ETA: 11:14 - loss: 2.5603 - acc: 0.1000
  60/3900 [..............................] - ETA: 1:54 - loss: 2.5656 - acc: 0.0500 
 110/3900 [..............................] - ETA: 1:03 - loss: 2.5652 - acc: 0.0636
 160/3900 [>.............................] - ETA: 44s - loss: 2.5646 - acc: 0.0438 
 210/3900 [>.............................] - ETA: 34s - loss: 2.5640 - acc: 0.0667
 260/3900 [=>............................] - ETA: 28s - loss: 2.5637 - acc: 0.0692
 310/3900 [=>............................] - ETA: 23s - loss: 2.5633 - acc: 0.0742
 360/3900 [=>............................] - ETA: 20s - loss: 2.5638 - acc: 0.0694
 410/3900 [==>...........................] - ETA: 18s - loss: 2.5631 - acc: 0.0756
 470/3900 [==>...........................] - ETA: 16s - loss: 2.5628 - acc: 0.0766
 530/3900 [===>..........................] - ETA: 14s - loss: 2.5626 - acc: 0.0849
 590/3900 [===>..........................] - ETA: 13s - loss: 2.5626 - acc: 0.0881
 650/3900 [====>.........................] - ETA: 11s - loss: 2.5622 - acc: 0.1000
 710/3900 [====>.........................] - ETA: 11s - loss: 2.5620 - acc: 0.1070
 770/3900 [====>.........................] - ETA: 10s - loss: 2.5621 - acc: 0.1052
 830/3900 [=====>........................] - ETA: 9s - loss: 2.5617 - acc: 0.1072 
 890/3900 [=====>........................] - ETA: 8s - loss: 2.5611 - acc: 0.1135
 950/3900 [======>.......................] - ETA: 8s - loss: 2.5607 - acc: 0.1189
1010/3900 [======>.......................] - ETA: 7s - loss: 2.5610 - acc: 0.1188
1070/3900 [=======>......................] - ETA: 7s - loss: 2.5607 - acc: 0.1206
1130/3900 [=======>......................] - ETA: 6s - loss: 2.5603 - acc: 0.1239
1190/3900 [========>.....................] - ETA: 6s - loss: 2.5601 - acc: 0.1227
1250/3900 [========>.....................] - ETA: 6s - loss: 2.5599 - acc: 0.1272
1310/3900 [=========>....................] - ETA: 5s - loss: 2.5597 - acc: 0.1237
1370/3900 [=========>....................] - ETA: 5s - loss: 2.5594 - acc: 0.1307
1430/3900 [==========>...................] - ETA: 5s - loss: 2.5593 - acc: 0.1329
1490/3900 [==========>...................] - ETA: 5s - loss: 2.5589 - acc: 0.1403
1550/3900 [==========>...................] - ETA: 4s - loss: 2.5586 - acc: 0.1432
1610/3900 [===========>..................] - ETA: 4s - loss: 2.5582 - acc: 0.1453
1670/3900 [===========>..................] - ETA: 4s - loss: 2.5580 - acc: 0.1449
1730/3900 [============>.................] - ETA: 4s - loss: 2.5578 - acc: 0.1445
1790/3900 [============>.................] - ETA: 4s - loss: 2.5575 - acc: 0.1436
1850/3900 [=============>................] - ETA: 3s - loss: 2.5573 - acc: 0.1432
1910/3900 [=============>................] - ETA: 3s - loss: 2.5571 - acc: 0.1455
1970/3900 [==============>...............] - ETA: 3s - loss: 2.5569 - acc: 0.1437
2030/3900 [==============>...............] - ETA: 3s - loss: 2.5567 - acc: 0.1463
2090/3900 [===============>..............] - ETA: 3s - loss: 2.5564 - acc: 0.1493
2150/3900 [===============>..............] - ETA: 3s - loss: 2.5563 - acc: 0.1493
2210/3900 [================>.............] - ETA: 2s - loss: 2.5562 - acc: 0.1525
2270/3900 [================>.............] - ETA: 2s - loss: 2.5558 - acc: 0.1595
2330/3900 [================>.............] - ETA: 2s - loss: 2.5556 - acc: 0.1657
2390/3900 [=================>............] - ETA: 2s - loss: 2.5554 - acc: 0.1657
2450/3900 [=================>............] - ETA: 2s - loss: 2.5551 - acc: 0.1694
2510/3900 [==================>...........] - ETA: 2s - loss: 2.5549 - acc: 0.1685
2570/3900 [==================>...........] - ETA: 2s - loss: 2.5547 - acc: 0.1673
2630/3900 [===================>..........] - ETA: 2s - loss: 2.5545 - acc: 0.1665
2690/3900 [===================>..........] - ETA: 1s - loss: 2.5543 - acc: 0.1665
2750/3900 [====================>.........] - ETA: 1s - loss: 2.5540 - acc: 0.1684
2810/3900 [====================>.........] - ETA: 1s - loss: 2.5537 - acc: 0.1705
2870/3900 [=====================>........] - ETA: 1s - loss: 2.5535 - acc: 0.1732
2930/3900 [=====================>........] - ETA: 1s - loss: 2.5533 - acc: 0.1751
2990/3900 [======================>.......] - ETA: 1s - loss: 2.5530 - acc: 0.1773
3050/3900 [======================>.......] - ETA: 1s - loss: 2.5528 - acc: 0.1790
3110/3900 [======================>.......] - ETA: 1s - loss: 2.5527 - acc: 0.1817
3170/3900 [=======================>......] - ETA: 1s - loss: 2.5525 - acc: 0.1855
3230/3900 [=======================>......] - ETA: 0s - loss: 2.5523 - acc: 0.1898
3290/3900 [========================>.....] - ETA: 0s - loss: 2.5520 - acc: 0.1930
3350/3900 [========================>.....] - ETA: 0s - loss: 2.5518 - acc: 0.1952
3410/3900 [=========================>....] - ETA: 0s - loss: 2.5515 - acc: 0.1982
3470/3900 [=========================>....] - ETA: 0s - loss: 2.5513 - acc: 0.2009
3530/3900 [==========================>...] - ETA: 0s - loss: 2.5511 - acc: 0.2023
3590/3900 [==========================>...] - ETA: 0s - loss: 2.5507 - acc: 0.2056
3650/3900 [===========================>..] - ETA: 0s - loss: 2.5505 - acc: 0.2099
3710/3900 [===========================>..] - ETA: 0s - loss: 2.5502 - acc: 0.2132
3770/3900 [============================>.] - ETA: 0s - loss: 2.5500 - acc: 0.2159
3830/3900 [============================>.] - ETA: 0s - loss: 2.5497 - acc: 0.2185
3890/3900 [============================>.] - ETA: 0s - loss: 2.5494 - acc: 0.2211
3900/3900 [==============================] - 5s 1ms/step - loss: 2.5493 - acc: 0.2215 - val_loss: 2.5443 - val_acc: 0.1616
Current time ....5.360
Train on 600 samples, validate on 86 samples
Epoch 1/1

 10/600 [..............................] - ETA: 22s - loss: 0.7222 - acc: 0.5000
 70/600 [==>...........................] - ETA: 3s - loss: 0.6952 - acc: 0.5857 
130/600 [=====>........................] - ETA: 1s - loss: 0.6859 - acc: 0.6000
190/600 [========>.....................] - ETA: 1s - loss: 0.6823 - acc: 0.5842
250/600 [===========>..................] - ETA: 0s - loss: 0.6798 - acc: 0.6000
310/600 [==============>...............] - ETA: 0s - loss: 0.6739 - acc: 0.6129
370/600 [=================>............] - ETA: 0s - loss: 0.6694 - acc: 0.6108
430/600 [====================>.........] - ETA: 0s - loss: 0.6642 - acc: 0.6395
490/600 [=======================>......] - ETA: 0s - loss: 0.6601 - acc: 0.6571
550/600 [==========================>...] - ETA: 0s - loss: 0.6565 - acc: 0.6600
600/600 [==============================] - 1s 2ms/step - loss: 0.6518 - acc: 0.6717 - val_loss: 0.6191 - val_acc: 0.8488
Current time ....0.932
Train on 1200 samples, validate on 68 samples
Epoch 1/1

  10/1200 [..............................] - ETA: 31s - loss: 1.3524 - acc: 0.3000
  70/1200 [>.............................] - ETA: 5s - loss: 1.3775 - acc: 0.3000 
 130/1200 [==>...........................] - ETA: 3s - loss: 1.3762 - acc: 0.2923
 190/1200 [===>..........................] - ETA: 2s - loss: 1.3750 - acc: 0.2579
 250/1200 [=====>........................] - ETA: 1s - loss: 1.3686 - acc: 0.2520
 310/1200 [======>.......................] - ETA: 1s - loss: 1.3670 - acc: 0.2581
 370/1200 [========>.....................] - ETA: 1s - loss: 1.3647 - acc: 0.2514
 430/1200 [=========>....................] - ETA: 1s - loss: 1.3589 - acc: 0.2698
 490/1200 [===========>..................] - ETA: 1s - loss: 1.3574 - acc: 0.2918
 550/1200 [============>.................] - ETA: 0s - loss: 1.3537 - acc: 0.3145
 610/1200 [==============>...............] - ETA: 0s - loss: 1.3470 - acc: 0.3377
 670/1200 [===============>..............] - ETA: 0s - loss: 1.3427 - acc: 0.3612
 730/1200 [=================>............] - ETA: 0s - loss: 1.3383 - acc: 0.3767
 790/1200 [==================>...........] - ETA: 0s - loss: 1.3347 - acc: 0.3924
 850/1200 [====================>.........] - ETA: 0s - loss: 1.3308 - acc: 0.4012
 910/1200 [=====================>........] - ETA: 0s - loss: 1.3241 - acc: 0.4143
 970/1200 [=======================>......] - ETA: 0s - loss: 1.3235 - acc: 0.4144
1030/1200 [========================>.....] - ETA: 0s - loss: 1.3198 - acc: 0.4223
1090/1200 [==========================>...] - ETA: 0s - loss: 1.3155 - acc: 0.4303
1150/1200 [===========================>..] - ETA: 0s - loss: 1.3108 - acc: 0.4348
1200/1200 [==============================] - 1s 1ms/step - loss: 1.3080 - acc: 0.4400 - val_loss: 1.2457 - val_acc: 0.3382
Current time ....1.349
Train on 3900 samples, validate on 99 samples
Epoch 1/1

  10/3900 [..............................] - ETA: 3s - loss: 2.5209 - acc: 0.5000
  70/3900 [..............................] - ETA: 3s - loss: 2.5321 - acc: 0.3857
 130/3900 [>.............................] - ETA: 3s - loss: 2.5308 - acc: 0.4385
 190/3900 [>.............................] - ETA: 3s - loss: 2.5301 - acc: 0.4316
 250/3900 [>.............................] - ETA: 3s - loss: 2.5298 - acc: 0.4360
 310/3900 [=>............................] - ETA: 3s - loss: 2.5287 - acc: 0.4452
 370/3900 [=>............................] - ETA: 3s - loss: 2.5284 - acc: 0.4324
 430/3900 [==>...........................] - ETA: 3s - loss: 2.5266 - acc: 0.4535
 490/3900 [==>...........................] - ETA: 3s - loss: 2.5269 - acc: 0.4449
 550/3900 [===>..........................] - ETA: 3s - loss: 2.5271 - acc: 0.4418
 610/3900 [===>..........................] - ETA: 2s - loss: 2.5268 - acc: 0.4443
 670/3900 [====>.........................] - ETA: 2s - loss: 2.5264 - acc: 0.4507
 730/3900 [====>.........................] - ETA: 2s - loss: 2.5264 - acc: 0.4479
 790/3900 [=====>........................] - ETA: 2s - loss: 2.5257 - acc: 0.4519
 850/3900 [=====>........................] - ETA: 2s - loss: 2.5256 - acc: 0.4494
 910/3900 [======>.......................] - ETA: 2s - loss: 2.5250 - acc: 0.4495
 970/3900 [======>.......................] - ETA: 2s - loss: 2.5249 - acc: 0.4464
1030/3900 [======>.......................] - ETA: 2s - loss: 2.5245 - acc: 0.4466
1090/3900 [=======>......................] - ETA: 2s - loss: 2.5242 - acc: 0.4477
1150/3900 [=======>......................] - ETA: 2s - loss: 2.5238 - acc: 0.4478
1210/3900 [========>.....................] - ETA: 2s - loss: 2.5235 - acc: 0.4446
1270/3900 [========>.....................] - ETA: 2s - loss: 2.5232 - acc: 0.4433
1330/3900 [=========>....................] - ETA: 2s - loss: 2.5231 - acc: 0.4391
1390/3900 [=========>....................] - ETA: 2s - loss: 2.5227 - acc: 0.4432
1450/3900 [==========>...................] - ETA: 2s - loss: 2.5222 - acc: 0.4428
1510/3900 [==========>...................] - ETA: 2s - loss: 2.5219 - acc: 0.4437
1570/3900 [===========>..................] - ETA: 2s - loss: 2.5212 - acc: 0.4439
1630/3900 [===========>..................] - ETA: 2s - loss: 2.5207 - acc: 0.4442
1690/3900 [============>.................] - ETA: 1s - loss: 2.5199 - acc: 0.4438
1750/3900 [============>.................] - ETA: 1s - loss: 2.5196 - acc: 0.4394
1810/3900 [============>.................] - ETA: 1s - loss: 2.5192 - acc: 0.4348
1870/3900 [=============>................] - ETA: 1s - loss: 2.5187 - acc: 0.4337
1930/3900 [=============>................] - ETA: 1s - loss: 2.5182 - acc: 0.4311
1990/3900 [==============>...............] - ETA: 1s - loss: 2.5179 - acc: 0.4281
2050/3900 [==============>...............] - ETA: 1s - loss: 2.5176 - acc: 0.4259
2110/3900 [===============>..............] - ETA: 1s - loss: 2.5174 - acc: 0.4223
2170/3900 [===============>..............] - ETA: 1s - loss: 2.5171 - acc: 0.4217
2230/3900 [================>.............] - ETA: 1s - loss: 2.5166 - acc: 0.4211
2290/3900 [================>.............] - ETA: 1s - loss: 2.5162 - acc: 0.4205
2350/3900 [=================>............] - ETA: 1s - loss: 2.5156 - acc: 0.4200
2410/3900 [=================>............] - ETA: 1s - loss: 2.5149 - acc: 0.4207
2470/3900 [==================>...........] - ETA: 1s - loss: 2.5143 - acc: 0.4198
2530/3900 [==================>...........] - ETA: 1s - loss: 2.5139 - acc: 0.4178
2590/3900 [==================>...........] - ETA: 1s - loss: 2.5135 - acc: 0.4143
2650/3900 [===================>..........] - ETA: 1s - loss: 2.5129 - acc: 0.4132
2710/3900 [===================>..........] - ETA: 1s - loss: 2.5122 - acc: 0.4129
2770/3900 [====================>.........] - ETA: 1s - loss: 2.5119 - acc: 0.4101
2830/3900 [====================>.........] - ETA: 0s - loss: 2.5114 - acc: 0.4088
2890/3900 [=====================>........] - ETA: 0s - loss: 2.5108 - acc: 0.4090
2950/3900 [=====================>........] - ETA: 0s - loss: 2.5103 - acc: 0.4095
3010/3900 [======================>.......] - ETA: 0s - loss: 2.5097 - acc: 0.4106
3070/3900 [======================>.......] - ETA: 0s - loss: 2.5091 - acc: 0.4121
3130/3900 [=======================>......] - ETA: 0s - loss: 2.5085 - acc: 0.4144
3190/3900 [=======================>......] - ETA: 0s - loss: 2.5080 - acc: 0.4138
3250/3900 [========================>.....] - ETA: 0s - loss: 2.5073 - acc: 0.4178
3310/3900 [========================>.....] - ETA: 0s - loss: 2.5066 - acc: 0.4187
3370/3900 [========================>.....] - ETA: 0s - loss: 2.5057 - acc: 0.4226
3430/3900 [=========================>....] - ETA: 0s - loss: 2.5051 - acc: 0.4254
3490/3900 [=========================>....] - ETA: 0s - loss: 2.5045 - acc: 0.4258
3550/3900 [==========================>...] - ETA: 0s - loss: 2.5036 - acc: 0.4265
3610/3900 [==========================>...] - ETA: 0s - loss: 2.5030 - acc: 0.4280
3670/3900 [===========================>..] - ETA: 0s - loss: 2.5022 - acc: 0.4294
3730/3900 [===========================>..] - ETA: 0s - loss: 2.5017 - acc: 0.4273
3790/3900 [============================>.] - ETA: 0s - loss: 2.5012 - acc: 0.4280
3850/3900 [============================>.] - ETA: 0s - loss: 2.5005 - acc: 0.4301
3900/3900 [==============================] - 4s 910us/step - loss: 2.4999 - acc: 0.4313 - val_loss: 2.4872 - val_acc: 0.2626
Current time ....3.547
Train on 600 samples, validate on 86 samples
Epoch 1/1

 10/600 [..............................] - ETA: 0s - loss: 0.6001 - acc: 0.9000
 70/600 [==>...........................] - ETA: 0s - loss: 0.5732 - acc: 0.9571
130/600 [=====>........................] - ETA: 0s - loss: 0.5777 - acc: 0.9154
190/600 [========>.....................] - ETA: 0s - loss: 0.5760 - acc: 0.9316
250/600 [===========>..................] - ETA: 0s - loss: 0.5649 - acc: 0.9280
310/600 [==============>...............] - ETA: 0s - loss: 0.5558 - acc: 0.9065
370/600 [=================>............] - ETA: 0s - loss: 0.5534 - acc: 0.9000
430/600 [====================>.........] - ETA: 0s - loss: 0.5455 - acc: 0.9140
490/600 [=======================>......] - ETA: 0s - loss: 0.5372 - acc: 0.9184
550/600 [==========================>...] - ETA: 0s - loss: 0.5356 - acc: 0.9236
600/600 [==============================] - 1s 920us/step - loss: 0.5313 - acc: 0.9250 - val_loss: 0.5177 - val_acc: 0.9186
Current time ....0.552
Train on 1200 samples, validate on 68 samples
Epoch 1/1

  10/1200 [..............................] - ETA: 1s - loss: 1.1823 - acc: 0.4000
  70/1200 [>.............................] - ETA: 1s - loss: 1.1593 - acc: 0.6286
 130/1200 [==>...........................] - ETA: 0s - loss: 1.1451 - acc: 0.6385
 190/1200 [===>..........................] - ETA: 0s - loss: 1.1540 - acc: 0.6158
 250/1200 [=====>........................] - ETA: 0s - loss: 1.1664 - acc: 0.5920
 310/1200 [======>.......................] - ETA: 0s - loss: 1.1614 - acc: 0.6097
 370/1200 [========>.....................] - ETA: 0s - loss: 1.1539 - acc: 0.6081
 430/1200 [=========>....................] - ETA: 0s - loss: 1.1518 - acc: 0.5953
 490/1200 [===========>..................] - ETA: 0s - loss: 1.1449 - acc: 0.6000
 550/1200 [============>.................] - ETA: 0s - loss: 1.1455 - acc: 0.5927
 610/1200 [==============>...............] - ETA: 0s - loss: 1.1426 - acc: 0.5852
 670/1200 [===============>..............] - ETA: 0s - loss: 1.1350 - acc: 0.5940
 730/1200 [=================>............] - ETA: 0s - loss: 1.1272 - acc: 0.5986
 790/1200 [==================>...........] - ETA: 0s - loss: 1.1257 - acc: 0.5873
 850/1200 [====================>.........] - ETA: 0s - loss: 1.1178 - acc: 0.5894
 910/1200 [=====================>........] - ETA: 0s - loss: 1.1158 - acc: 0.5912
 960/1200 [=======================>......] - ETA: 0s - loss: 1.1103 - acc: 0.5958
1020/1200 [========================>.....] - ETA: 0s - loss: 1.1045 - acc: 0.6010
1080/1200 [==========================>...] - ETA: 0s - loss: 1.0977 - acc: 0.6083
1140/1200 [===========================>..] - ETA: 0s - loss: 1.0918 - acc: 0.6123
1200/1200 [==============================] - 1s 912us/step - loss: 1.0841 - acc: 0.6158 - val_loss: 1.2078 - val_acc: 0.3676
Current time ....1.095
Train on 3900 samples, validate on 99 samples
Epoch 1/1

  10/3900 [..............................] - ETA: 3s - loss: 2.4130 - acc: 0.7000
  70/3900 [..............................] - ETA: 3s - loss: 2.4456 - acc: 0.4286
 130/3900 [>.............................] - ETA: 3s - loss: 2.4434 - acc: 0.4308
 190/3900 [>.............................] - ETA: 3s - loss: 2.4422 - acc: 0.4263
 250/3900 [>.............................] - ETA: 3s - loss: 2.4413 - acc: 0.4240
 310/3900 [=>............................] - ETA: 3s - loss: 2.4390 - acc: 0.4129
 370/3900 [=>............................] - ETA: 3s - loss: 2.4377 - acc: 0.4081
 430/3900 [==>...........................] - ETA: 3s - loss: 2.4380 - acc: 0.4047
 490/3900 [==>...........................] - ETA: 3s - loss: 2.4380 - acc: 0.3980
 550/3900 [===>..........................] - ETA: 3s - loss: 2.4357 - acc: 0.4055
 610/3900 [===>..........................] - ETA: 2s - loss: 2.4359 - acc: 0.3967
 670/3900 [====>.........................] - ETA: 2s - loss: 2.4349 - acc: 0.3955
 730/3900 [====>.........................] - ETA: 2s - loss: 2.4333 - acc: 0.3986
 790/3900 [=====>........................] - ETA: 2s - loss: 2.4319 - acc: 0.4013
 850/3900 [=====>........................] - ETA: 2s - loss: 2.4314 - acc: 0.4024
 910/3900 [======>.......................] - ETA: 2s - loss: 2.4315 - acc: 0.3989
 970/3900 [======>.......................] - ETA: 2s - loss: 2.4306 - acc: 0.4021
1030/3900 [======>.......................] - ETA: 2s - loss: 2.4288 - acc: 0.4107
1090/3900 [=======>......................] - ETA: 2s - loss: 2.4272 - acc: 0.4138
1150/3900 [=======>......................] - ETA: 2s - loss: 2.4253 - acc: 0.4157
1210/3900 [========>.....................] - ETA: 2s - loss: 2.4237 - acc: 0.4207
1270/3900 [========>.....................] - ETA: 2s - loss: 2.4230 - acc: 0.4213
1330/3900 [=========>....................] - ETA: 2s - loss: 2.4202 - acc: 0.4256
1390/3900 [=========>....................] - ETA: 2s - loss: 2.4194 - acc: 0.4209
1450/3900 [==========>...................] - ETA: 2s - loss: 2.4173 - acc: 0.4200
1510/3900 [==========>...................] - ETA: 2s - loss: 2.4156 - acc: 0.4159
1570/3900 [===========>..................] - ETA: 2s - loss: 2.4145 - acc: 0.4178
1630/3900 [===========>..................] - ETA: 2s - loss: 2.4124 - acc: 0.4196
1690/3900 [============>.................] - ETA: 2s - loss: 2.4108 - acc: 0.4225
1750/3900 [============>.................] - ETA: 1s - loss: 2.4082 - acc: 0.4257
1810/3900 [============>.................] - ETA: 1s - loss: 2.4058 - acc: 0.4260
1870/3900 [=============>................] - ETA: 1s - loss: 2.4037 - acc: 0.4273
1930/3900 [=============>................] - ETA: 1s - loss: 2.4021 - acc: 0.4285
1990/3900 [==============>...............] - ETA: 1s - loss: 2.3998 - acc: 0.4317
2050/3900 [==============>...............] - ETA: 1s - loss: 2.3976 - acc: 0.4307
2110/3900 [===============>..............] - ETA: 1s - loss: 2.3965 - acc: 0.4270
2170/3900 [===============>..............] - ETA: 1s - loss: 2.3940 - acc: 0.4295
2230/3900 [================>.............] - ETA: 1s - loss: 2.3926 - acc: 0.4305
2290/3900 [================>.............] - ETA: 1s - loss: 2.3906 - acc: 0.4301
2350/3900 [=================>............] - ETA: 1s - loss: 2.3893 - acc: 0.4298
2410/3900 [=================>............] - ETA: 1s - loss: 2.3879 - acc: 0.4328
2470/3900 [==================>...........] - ETA: 1s - loss: 2.3863 - acc: 0.4336
2530/3900 [==================>...........] - ETA: 1s - loss: 2.3838 - acc: 0.4395
2590/3900 [==================>...........] - ETA: 1s - loss: 2.3819 - acc: 0.4421
2650/3900 [===================>..........] - ETA: 1s - loss: 2.3805 - acc: 0.4426
2710/3900 [===================>..........] - ETA: 1s - loss: 2.3789 - acc: 0.4428
2770/3900 [====================>.........] - ETA: 1s - loss: 2.3759 - acc: 0.4462
2830/3900 [====================>.........] - ETA: 0s - loss: 2.3735 - acc: 0.4491
2890/3900 [=====================>........] - ETA: 0s - loss: 2.3707 - acc: 0.4498
2950/3900 [=====================>........] - ETA: 0s - loss: 2.3677 - acc: 0.4525
3010/3900 [======================>.......] - ETA: 0s - loss: 2.3644 - acc: 0.4542
3070/3900 [======================>.......] - ETA: 0s - loss: 2.3621 - acc: 0.4537
3130/3900 [=======================>......] - ETA: 0s - loss: 2.3595 - acc: 0.4550
3190/3900 [=======================>......] - ETA: 0s - loss: 2.3573 - acc: 0.4549
3250/3900 [========================>.....] - ETA: 0s - loss: 2.3543 - acc: 0.4545
3310/3900 [========================>.....] - ETA: 0s - loss: 2.3516 - acc: 0.4562
3370/3900 [========================>.....] - ETA: 0s - loss: 2.3491 - acc: 0.4540
3430/3900 [=========================>....] - ETA: 0s - loss: 2.3460 - acc: 0.4542
3490/3900 [=========================>....] - ETA: 0s - loss: 2.3437 - acc: 0.4544
3550/3900 [==========================>...] - ETA: 0s - loss: 2.3414 - acc: 0.4524
3610/3900 [==========================>...] - ETA: 0s - loss: 2.3389 - acc: 0.4504
3670/3900 [===========================>..] - ETA: 0s - loss: 2.3365 - acc: 0.4490
3730/3900 [===========================>..] - ETA: 0s - loss: 2.3335 - acc: 0.4509
3790/3900 [============================>.] - ETA: 0s - loss: 2.3306 - acc: 0.4504
3850/3900 [============================>.] - ETA: 0s - loss: 2.3281 - acc: 0.4491
3900/3900 [==============================] - 4s 909us/step - loss: 2.3255 - acc: 0.4495 - val_loss: 2.2050 - val_acc: 0.3131
Current time ....3.546
Train on 600 samples, validate on 86 samples
Epoch 1/1

 10/600 [..............................] - ETA: 0s - loss: 0.4883 - acc: 1.0000
 70/600 [==>...........................] - ETA: 0s - loss: 0.4728 - acc: 0.9571
130/600 [=====>........................] - ETA: 0s - loss: 0.4607 - acc: 0.9615
190/600 [========>.....................] - ETA: 0s - loss: 0.4334 - acc: 0.9632
250/600 [===========>..................] - ETA: 0s - loss: 0.4111 - acc: 0.9600
310/600 [==============>...............] - ETA: 0s - loss: 0.4077 - acc: 0.9613
370/600 [=================>............] - ETA: 0s - loss: 0.4017 - acc: 0.9649
430/600 [====================>.........] - ETA: 0s - loss: 0.3962 - acc: 0.9651
490/600 [=======================>......] - ETA: 0s - loss: 0.3866 - acc: 0.9673
550/600 [==========================>...] - ETA: 0s - loss: 0.3806 - acc: 0.9673
600/600 [==============================] - 1s 921us/step - loss: 0.3752 - acc: 0.9683 - val_loss: 0.4145 - val_acc: 0.9070
Current time ....0.553
Train on 1200 samples, validate on 68 samples
Epoch 1/1

  10/1200 [..............................] - ETA: 1s - loss: 1.1992 - acc: 0.5000
  70/1200 [>.............................] - ETA: 1s - loss: 0.9520 - acc: 0.6857
 130/1200 [==>...........................] - ETA: 0s - loss: 0.9334 - acc: 0.6846
 190/1200 [===>..........................] - ETA: 0s - loss: 0.9272 - acc: 0.6632
 250/1200 [=====>........................] - ETA: 0s - loss: 0.9320 - acc: 0.6640
 310/1200 [======>.......................] - ETA: 0s - loss: 0.9126 - acc: 0.6839
 370/1200 [========>.....................] - ETA: 0s - loss: 0.9153 - acc: 0.6703
 430/1200 [=========>....................] - ETA: 0s - loss: 0.9047 - acc: 0.6791
 490/1200 [===========>..................] - ETA: 0s - loss: 0.9010 - acc: 0.6776
 550/1200 [============>.................] - ETA: 0s - loss: 0.8967 - acc: 0.6745
 610/1200 [==============>...............] - ETA: 0s - loss: 0.8843 - acc: 0.6902
 670/1200 [===============>..............] - ETA: 0s - loss: 0.8890 - acc: 0.6851
 730/1200 [=================>............] - ETA: 0s - loss: 0.8832 - acc: 0.6890
 790/1200 [==================>...........] - ETA: 0s - loss: 0.8779 - acc: 0.6848
 850/1200 [====================>.........] - ETA: 0s - loss: 0.8750 - acc: 0.6812
 910/1200 [=====================>........] - ETA: 0s - loss: 0.8731 - acc: 0.6791
 970/1200 [=======================>......] - ETA: 0s - loss: 0.8695 - acc: 0.6804
1030/1200 [========================>.....] - ETA: 0s - loss: 0.8658 - acc: 0.6854
1090/1200 [==========================>...] - ETA: 0s - loss: 0.8613 - acc: 0.6862
1150/1200 [===========================>..] - ETA: 0s - loss: 0.8564 - acc: 0.6887
1200/1200 [==============================] - 1s 905us/step - loss: 0.8515 - acc: 0.6942 - val_loss: 1.1118 - val_acc: 0.4853
Current time ....1.086
Train on 3900 samples, validate on 99 samples
Epoch 1/1

  10/3900 [..............................] - ETA: 3s - loss: 2.1169 - acc: 0.5000
  70/3900 [..............................] - ETA: 3s - loss: 2.1286 - acc: 0.4857
 130/3900 [>.............................] - ETA: 3s - loss: 2.1096 - acc: 0.5462
 190/3900 [>.............................] - ETA: 3s - loss: 2.1124 - acc: 0.5526
 250/3900 [>.............................] - ETA: 3s - loss: 2.1133 - acc: 0.5400
 310/3900 [=>............................] - ETA: 3s - loss: 2.0968 - acc: 0.5355
 370/3900 [=>............................] - ETA: 3s - loss: 2.0905 - acc: 0.5324
 430/3900 [==>...........................] - ETA: 3s - loss: 2.0861 - acc: 0.5163
 490/3900 [==>...........................] - ETA: 3s - loss: 2.0838 - acc: 0.5102
 550/3900 [===>..........................] - ETA: 3s - loss: 2.0813 - acc: 0.5091
 610/3900 [===>..........................] - ETA: 2s - loss: 2.0756 - acc: 0.5098
 670/3900 [====>.........................] - ETA: 2s - loss: 2.0756 - acc: 0.5000
 730/3900 [====>.........................] - ETA: 2s - loss: 2.0730 - acc: 0.4904
 790/3900 [=====>........................] - ETA: 2s - loss: 2.0695 - acc: 0.4797
 850/3900 [=====>........................] - ETA: 2s - loss: 2.0703 - acc: 0.4718
 910/3900 [======>.......................] - ETA: 2s - loss: 2.0686 - acc: 0.4714
 970/3900 [======>.......................] - ETA: 2s - loss: 2.0663 - acc: 0.4701
1030/3900 [======>.......................] - ETA: 2s - loss: 2.0625 - acc: 0.4728
1090/3900 [=======>......................] - ETA: 2s - loss: 2.0592 - acc: 0.4642
1150/3900 [=======>......................] - ETA: 2s - loss: 2.0569 - acc: 0.4600
1200/3900 [========>.....................] - ETA: 2s - loss: 2.0545 - acc: 0.4550
1260/3900 [========>.....................] - ETA: 2s - loss: 2.0512 - acc: 0.4516
1320/3900 [=========>....................] - ETA: 2s - loss: 2.0460 - acc: 0.4455
1380/3900 [=========>....................] - ETA: 2s - loss: 2.0445 - acc: 0.4370
1440/3900 [==========>...................] - ETA: 2s - loss: 2.0419 - acc: 0.4354
1500/3900 [==========>...................] - ETA: 2s - loss: 2.0393 - acc: 0.4347
1560/3900 [===========>..................] - ETA: 2s - loss: 2.0364 - acc: 0.4288
1620/3900 [===========>..................] - ETA: 2s - loss: 2.0343 - acc: 0.4278
1680/3900 [===========>..................] - ETA: 2s - loss: 2.0283 - acc: 0.4298
1740/3900 [============>.................] - ETA: 1s - loss: 2.0257 - acc: 0.4270
1800/3900 [============>.................] - ETA: 1s - loss: 2.0220 - acc: 0.4228
1860/3900 [=============>................] - ETA: 1s - loss: 2.0191 - acc: 0.4215
1920/3900 [=============>................] - ETA: 1s - loss: 2.0168 - acc: 0.4198
1980/3900 [==============>...............] - ETA: 1s - loss: 2.0151 - acc: 0.4146
2040/3900 [==============>...............] - ETA: 1s - loss: 2.0137 - acc: 0.4108
2100/3900 [===============>..............] - ETA: 1s - loss: 2.0120 - acc: 0.4119
2160/3900 [===============>..............] - ETA: 1s - loss: 2.0106 - acc: 0.4111
2220/3900 [================>.............] - ETA: 1s - loss: 2.0082 - acc: 0.4099
2280/3900 [================>.............] - ETA: 1s - loss: 2.0036 - acc: 0.4105
2340/3900 [=================>............] - ETA: 1s - loss: 2.0010 - acc: 0.4103
2400/3900 [=================>............] - ETA: 1s - loss: 1.9982 - acc: 0.4100
2460/3900 [=================>............] - ETA: 1s - loss: 1.9966 - acc: 0.4081
2520/3900 [==================>...........] - ETA: 1s - loss: 1.9930 - acc: 0.4095
2580/3900 [==================>...........] - ETA: 1s - loss: 1.9899 - acc: 0.4112
2640/3900 [===================>..........] - ETA: 1s - loss: 1.9866 - acc: 0.4136
2700/3900 [===================>..........] - ETA: 1s - loss: 1.9832 - acc: 0.4156
2760/3900 [====================>.........] - ETA: 1s - loss: 1.9817 - acc: 0.4138
2820/3900 [====================>.........] - ETA: 0s - loss: 1.9782 - acc: 0.4149
2880/3900 [=====================>........] - ETA: 0s - loss: 1.9762 - acc: 0.4142
2940/3900 [=====================>........] - ETA: 0s - loss: 1.9738 - acc: 0.4167
3000/3900 [======================>.......] - ETA: 0s - loss: 1.9711 - acc: 0.4163
3060/3900 [======================>.......] - ETA: 0s - loss: 1.9691 - acc: 0.4167
3120/3900 [=======================>......] - ETA: 0s - loss: 1.9677 - acc: 0.4167
3180/3900 [=======================>......] - ETA: 0s - loss: 1.9658 - acc: 0.4170
3240/3900 [=======================>......] - ETA: 0s - loss: 1.9641 - acc: 0.4167
3300/3900 [========================>.....] - ETA: 0s - loss: 1.9628 - acc: 0.4155
3360/3900 [========================>.....] - ETA: 0s - loss: 1.9605 - acc: 0.4158
3420/3900 [=========================>....] - ETA: 0s - loss: 1.9584 - acc: 0.4152
3480/3900 [=========================>....] - ETA: 0s - loss: 1.9567 - acc: 0.4155
3540/3900 [==========================>...] - ETA: 0s - loss: 1.9546 - acc: 0.4158
3600/3900 [==========================>...] - ETA: 0s - loss: 1.9525 - acc: 0.4161
3660/3900 [===========================>..] - ETA: 0s - loss: 1.9504 - acc: 0.4158
3720/3900 [===========================>..] - ETA: 0s - loss: 1.9495 - acc: 0.4159
3780/3900 [============================>.] - ETA: 0s - loss: 1.9472 - acc: 0.4169
3840/3900 [============================>.] - ETA: 0s - loss: 1.9459 - acc: 0.4161
3900/3900 [==============================] - 4s 908us/step - loss: 1.9448 - acc: 0.4172 - val_loss: 1.8835 - val_acc: 0.4545
Current time ....3.540
Train on 600 samples, validate on 86 samples
Epoch 1/1

 10/600 [..............................] - ETA: 0s - loss: 0.3175 - acc: 1.0000
 70/600 [==>...........................] - ETA: 0s - loss: 0.2602 - acc: 0.9857
130/600 [=====>........................] - ETA: 0s - loss: 0.2537 - acc: 0.9923
190/600 [========>.....................] - ETA: 0s - loss: 0.2467 - acc: 0.9947
250/600 [===========>..................] - ETA: 0s - loss: 0.2610 - acc: 0.9920
300/600 [==============>...............] - ETA: 0s - loss: 0.2517 - acc: 0.9933
360/600 [=================>............] - ETA: 0s - loss: 0.2489 - acc: 0.9944
420/600 [====================>.........] - ETA: 0s - loss: 0.2490 - acc: 0.9905
480/600 [=======================>......] - ETA: 0s - loss: 0.2496 - acc: 0.9917
540/600 [==========================>...] - ETA: 0s - loss: 0.2425 - acc: 0.9907
600/600 [==============================] - 1s 937us/step - loss: 0.2350 - acc: 0.9900 - val_loss: 0.3918 - val_acc: 0.9186
Current time ....0.563
Train on 1200 samples, validate on 68 samples
Epoch 1/1

  10/1200 [..............................] - ETA: 1s - loss: 0.7874 - acc: 0.7000
  70/1200 [>.............................] - ETA: 1s - loss: 0.7543 - acc: 0.7571
 130/1200 [==>...........................] - ETA: 0s - loss: 0.7142 - acc: 0.7923
 190/1200 [===>..........................] - ETA: 0s - loss: 0.7124 - acc: 0.7895
 250/1200 [=====>........................] - ETA: 0s - loss: 0.7057 - acc: 0.7800
 310/1200 [======>.......................] - ETA: 0s - loss: 0.7005 - acc: 0.7806
 370/1200 [========>.....................] - ETA: 0s - loss: 0.6921 - acc: 0.7784
 430/1200 [=========>....................] - ETA: 0s - loss: 0.6863 - acc: 0.7814
 490/1200 [===========>..................] - ETA: 0s - loss: 0.6930 - acc: 0.7714
 550/1200 [============>.................] - ETA: 0s - loss: 0.6889 - acc: 0.7800
 610/1200 [==============>...............] - ETA: 0s - loss: 0.6953 - acc: 0.7787
 670/1200 [===============>..............] - ETA: 0s - loss: 0.6943 - acc: 0.7776
 730/1200 [=================>............] - ETA: 0s - loss: 0.6820 - acc: 0.7808
 790/1200 [==================>...........] - ETA: 0s - loss: 0.6769 - acc: 0.7848
 850/1200 [====================>.........] - ETA: 0s - loss: 0.6758 - acc: 0.7871
 910/1200 [=====================>........] - ETA: 0s - loss: 0.6659 - acc: 0.7956
 970/1200 [=======================>......] - ETA: 0s - loss: 0.6657 - acc: 0.7948
1030/1200 [========================>.....] - ETA: 0s - loss: 0.6570 - acc: 0.7990
1090/1200 [==========================>...] - ETA: 0s - loss: 0.6536 - acc: 0.7982
1150/1200 [===========================>..] - ETA: 0s - loss: 0.6473 - acc: 0.7991
1200/1200 [==============================] - 1s 898us/step - loss: 0.6442 - acc: 0.8025 - val_loss: 0.8769 - val_acc: 0.6029
Current time ....1.078
Train on 3900 samples, validate on 99 samples
Epoch 1/1

  10/3900 [..............................] - ETA: 3s - loss: 1.8939 - acc: 0.5000
  70/3900 [..............................] - ETA: 3s - loss: 1.8390 - acc: 0.4429
 130/3900 [>.............................] - ETA: 3s - loss: 1.7951 - acc: 0.5077
 190/3900 [>.............................] - ETA: 3s - loss: 1.8135 - acc: 0.4474
 250/3900 [>.............................] - ETA: 3s - loss: 1.8120 - acc: 0.4720
 310/3900 [=>............................] - ETA: 3s - loss: 1.8128 - acc: 0.4548
 370/3900 [=>............................] - ETA: 3s - loss: 1.7931 - acc: 0.4676
 430/3900 [==>...........................] - ETA: 3s - loss: 1.8046 - acc: 0.4698
 490/3900 [==>...........................] - ETA: 3s - loss: 1.8049 - acc: 0.4633
 550/3900 [===>..........................] - ETA: 3s - loss: 1.8003 - acc: 0.4855
 610/3900 [===>..........................] - ETA: 2s - loss: 1.8003 - acc: 0.4902
 670/3900 [====>.........................] - ETA: 2s - loss: 1.8049 - acc: 0.4746
 730/3900 [====>.........................] - ETA: 2s - loss: 1.7992 - acc: 0.4781
 790/3900 [=====>........................] - ETA: 2s - loss: 1.7985 - acc: 0.4734
 850/3900 [=====>........................] - ETA: 2s - loss: 1.7936 - acc: 0.4765
 910/3900 [======>.......................] - ETA: 2s - loss: 1.7945 - acc: 0.4670
 970/3900 [======>.......................] - ETA: 2s - loss: 1.7967 - acc: 0.4536
1030/3900 [======>.......................] - ETA: 2s - loss: 1.7944 - acc: 0.4485
1090/3900 [=======>......................] - ETA: 2s - loss: 1.7914 - acc: 0.4486
1150/3900 [=======>......................] - ETA: 2s - loss: 1.7915 - acc: 0.4452
1210/3900 [========>.....................] - ETA: 2s - loss: 1.7921 - acc: 0.4471
1270/3900 [========>.....................] - ETA: 2s - loss: 1.7878 - acc: 0.4472
1330/3900 [=========>....................] - ETA: 2s - loss: 1.7872 - acc: 0.4459
1390/3900 [=========>....................] - ETA: 2s - loss: 1.7872 - acc: 0.4424
1450/3900 [==========>...................] - ETA: 2s - loss: 1.7861 - acc: 0.4372
1510/3900 [==========>...................] - ETA: 2s - loss: 1.7843 - acc: 0.4371
1570/3900 [===========>..................] - ETA: 2s - loss: 1.7851 - acc: 0.4331
1630/3900 [===========>..................] - ETA: 2s - loss: 1.7826 - acc: 0.4331
1690/3900 [============>.................] - ETA: 1s - loss: 1.7798 - acc: 0.4325
1750/3900 [============>.................] - ETA: 1s - loss: 1.7761 - acc: 0.4331
1810/3900 [============>.................] - ETA: 1s - loss: 1.7739 - acc: 0.4365
1870/3900 [=============>................] - ETA: 1s - loss: 1.7739 - acc: 0.4390
1930/3900 [=============>................] - ETA: 1s - loss: 1.7720 - acc: 0.4415
1990/3900 [==============>...............] - ETA: 1s - loss: 1.7685 - acc: 0.4447
2050/3900 [==============>...............] - ETA: 1s - loss: 1.7653 - acc: 0.4473
2110/3900 [===============>..............] - ETA: 1s - loss: 1.7631 - acc: 0.4464
2170/3900 [===============>..............] - ETA: 1s - loss: 1.7612 - acc: 0.4475
2230/3900 [================>.............] - ETA: 1s - loss: 1.7590 - acc: 0.4471
2290/3900 [================>.............] - ETA: 1s - loss: 1.7574 - acc: 0.4485
2350/3900 [=================>............] - ETA: 1s - loss: 1.7573 - acc: 0.4443
2410/3900 [=================>............] - ETA: 1s - loss: 1.7533 - acc: 0.4473
2470/3900 [==================>...........] - ETA: 1s - loss: 1.7508 - acc: 0.4490
2530/3900 [==================>...........] - ETA: 1s - loss: 1.7489 - acc: 0.4502
2590/3900 [==================>...........] - ETA: 1s - loss: 1.7481 - acc: 0.4467
2650/3900 [===================>..........] - ETA: 1s - loss: 1.7491 - acc: 0.4468
2710/3900 [===================>..........] - ETA: 1s - loss: 1.7463 - acc: 0.4498
2770/3900 [====================>.........] - ETA: 1s - loss: 1.7449 - acc: 0.4513
2830/3900 [====================>.........] - ETA: 0s - loss: 1.7447 - acc: 0.4488
2890/3900 [=====================>........] - ETA: 0s - loss: 1.7414 - acc: 0.4512
2950/3900 [=====================>........] - ETA: 0s - loss: 1.7410 - acc: 0.4512
3010/3900 [======================>.......] - ETA: 0s - loss: 1.7401 - acc: 0.4525
3070/3900 [======================>.......] - ETA: 0s - loss: 1.7379 - acc: 0.4524
3130/3900 [=======================>......] - ETA: 0s - loss: 1.7352 - acc: 0.4550
3190/3900 [=======================>......] - ETA: 0s - loss: 1.7324 - acc: 0.4589
3240/3900 [=======================>......] - ETA: 0s - loss: 1.7313 - acc: 0.4590
3300/3900 [========================>.....] - ETA: 0s - loss: 1.7306 - acc: 0.4588
3360/3900 [========================>.....] - ETA: 0s - loss: 1.7298 - acc: 0.4580
3420/3900 [=========================>....] - ETA: 0s - loss: 1.7262 - acc: 0.4602
3480/3900 [=========================>....] - ETA: 0s - loss: 1.7243 - acc: 0.4603
3540/3900 [==========================>...] - ETA: 0s - loss: 1.7234 - acc: 0.4613
3600/3900 [==========================>...] - ETA: 0s - loss: 1.7216 - acc: 0.4619
3660/3900 [===========================>..] - ETA: 0s - loss: 1.7199 - acc: 0.4628
3720/3900 [===========================>..] - ETA: 0s - loss: 1.7161 - acc: 0.4653
3780/3900 [============================>.] - ETA: 0s - loss: 1.7152 - acc: 0.4648
3840/3900 [============================>.] - ETA: 0s - loss: 1.7140 - acc: 0.4646
3900/3900 [==============================] - 4s 905us/step - loss: 1.7138 - acc: 0.4633 - val_loss: 1.8639 - val_acc: 0.2020
Current time ....3.531
Train on 600 samples, validate on 86 samples
Epoch 1/1

 10/600 [..............................] - ETA: 0s - loss: 0.1900 - acc: 1.0000
 70/600 [==>...........................] - ETA: 0s - loss: 0.1796 - acc: 0.9857
130/600 [=====>........................] - ETA: 0s - loss: 0.1756 - acc: 0.9846
190/600 [========>.....................] - ETA: 0s - loss: 0.1694 - acc: 0.9895
250/600 [===========>..................] - ETA: 0s - loss: 0.1650 - acc: 0.9920
310/600 [==============>...............] - ETA: 0s - loss: 0.1633 - acc: 0.9903
370/600 [=================>............] - ETA: 0s - loss: 0.1685 - acc: 0.9838
430/600 [====================>.........] - ETA: 0s - loss: 0.1632 - acc: 0.9860
490/600 [=======================>......] - ETA: 0s - loss: 0.1626 - acc: 0.9837
550/600 [==========================>...] - ETA: 0s - loss: 0.1608 - acc: 0.9818
600/600 [==============================] - 1s 927us/step - loss: 0.1540 - acc: 0.9833 - val_loss: 0.3756 - val_acc: 0.9186
Current time ....0.556
Train on 1200 samples, validate on 68 samples
Epoch 1/1

  10/1200 [..............................] - ETA: 1s - loss: 0.3739 - acc: 0.8000
  70/1200 [>.............................] - ETA: 1s - loss: 0.5085 - acc: 0.8571
 130/1200 [==>...........................] - ETA: 0s - loss: 0.5130 - acc: 0.8538
 190/1200 [===>..........................] - ETA: 0s - loss: 0.5204 - acc: 0.8421
 250/1200 [=====>........................] - ETA: 0s - loss: 0.5288 - acc: 0.8440
 310/1200 [======>.......................] - ETA: 0s - loss: 0.5220 - acc: 0.8548
 370/1200 [========>.....................] - ETA: 0s - loss: 0.5194 - acc: 0.8568
 430/1200 [=========>....................] - ETA: 0s - loss: 0.4998 - acc: 0.8674
 490/1200 [===========>..................] - ETA: 0s - loss: 0.4967 - acc: 0.8653
 550/1200 [============>.................] - ETA: 0s - loss: 0.4965 - acc: 0.8618
 610/1200 [==============>...............] - ETA: 0s - loss: 0.4971 - acc: 0.8590
 670/1200 [===============>..............] - ETA: 0s - loss: 0.4932 - acc: 0.8642
 730/1200 [=================>............] - ETA: 0s - loss: 0.4882 - acc: 0.8671
 790/1200 [==================>...........] - ETA: 0s - loss: 0.4850 - acc: 0.8684
 850/1200 [====================>.........] - ETA: 0s - loss: 0.4839 - acc: 0.8659
 910/1200 [=====================>........] - ETA: 0s - loss: 0.4837 - acc: 0.8648
 970/1200 [=======================>......] - ETA: 0s - loss: 0.4810 - acc: 0.8670
1030/1200 [========================>.....] - ETA: 0s - loss: 0.4778 - acc: 0.8660
1090/1200 [==========================>...] - ETA: 0s - loss: 0.4736 - acc: 0.8688
1150/1200 [===========================>..] - ETA: 0s - loss: 0.4681 - acc: 0.8713
1200/1200 [==============================] - 1s 913us/step - loss: 0.4617 - acc: 0.8708 - val_loss: 0.7907 - val_acc: 0.7059
Current time ....1.096
Train on 3900 samples, validate on 99 samples
Epoch 1/1

  10/3900 [..............................] - ETA: 4s - loss: 1.8091 - acc: 0.3000
  70/3900 [..............................] - ETA: 3s - loss: 1.5962 - acc: 0.5143
 130/3900 [>.............................] - ETA: 3s - loss: 1.6187 - acc: 0.4769
 190/3900 [>.............................] - ETA: 3s - loss: 1.6185 - acc: 0.4737
 250/3900 [>.............................] - ETA: 3s - loss: 1.6129 - acc: 0.4920
 310/3900 [=>............................] - ETA: 3s - loss: 1.6029 - acc: 0.4806
 370/3900 [=>............................] - ETA: 3s - loss: 1.5991 - acc: 0.4838
 430/3900 [==>...........................] - ETA: 3s - loss: 1.5960 - acc: 0.4907
 490/3900 [==>...........................] - ETA: 3s - loss: 1.6011 - acc: 0.4816
 550/3900 [===>..........................] - ETA: 3s - loss: 1.6011 - acc: 0.4836
 610/3900 [===>..........................] - ETA: 2s - loss: 1.5938 - acc: 0.4934
 670/3900 [====>.........................] - ETA: 2s - loss: 1.5901 - acc: 0.4940
 730/3900 [====>.........................] - ETA: 2s - loss: 1.5884 - acc: 0.4959
 790/3900 [=====>........................] - ETA: 2s - loss: 1.5865 - acc: 0.4937
 850/3900 [=====>........................] - ETA: 2s - loss: 1.5792 - acc: 0.4988
 910/3900 [======>.......................] - ETA: 2s - loss: 1.5881 - acc: 0.4978
 970/3900 [======>.......................] - ETA: 2s - loss: 1.5906 - acc: 0.4948
1030/3900 [======>.......................] - ETA: 2s - loss: 1.5859 - acc: 0.4971
1090/3900 [=======>......................] - ETA: 2s - loss: 1.5864 - acc: 0.4908
1150/3900 [=======>......................] - ETA: 2s - loss: 1.5819 - acc: 0.4957
1210/3900 [========>.....................] - ETA: 2s - loss: 1.5812 - acc: 0.4967
1270/3900 [========>.....................] - ETA: 2s - loss: 1.5771 - acc: 0.5024
1330/3900 [=========>....................] - ETA: 2s - loss: 1.5712 - acc: 0.5068
1390/3900 [=========>....................] - ETA: 2s - loss: 1.5692 - acc: 0.5108
1450/3900 [==========>...................] - ETA: 2s - loss: 1.5689 - acc: 0.5110
1510/3900 [==========>...................] - ETA: 2s - loss: 1.5678 - acc: 0.5113
1570/3900 [===========>..................] - ETA: 2s - loss: 1.5662 - acc: 0.5115
1630/3900 [===========>..................] - ETA: 2s - loss: 1.5633 - acc: 0.5129
1690/3900 [============>.................] - ETA: 1s - loss: 1.5648 - acc: 0.5118
1750/3900 [============>.................] - ETA: 1s - loss: 1.5612 - acc: 0.5126
1810/3900 [============>.................] - ETA: 1s - loss: 1.5620 - acc: 0.5155
1870/3900 [=============>................] - ETA: 1s - loss: 1.5595 - acc: 0.5176
1930/3900 [=============>................] - ETA: 1s - loss: 1.5591 - acc: 0.5187
1990/3900 [==============>...............] - ETA: 1s - loss: 1.5606 - acc: 0.5176
2050/3900 [==============>...............] - ETA: 1s - loss: 1.5586 - acc: 0.5215
2110/3900 [===============>..............] - ETA: 1s - loss: 1.5592 - acc: 0.5204
2170/3900 [===============>..............] - ETA: 1s - loss: 1.5607 - acc: 0.5161
2230/3900 [================>.............] - ETA: 1s - loss: 1.5573 - acc: 0.5175
2290/3900 [================>.............] - ETA: 1s - loss: 1.5532 - acc: 0.5201
2350/3900 [=================>............] - ETA: 1s - loss: 1.5498 - acc: 0.5213
2410/3900 [=================>............] - ETA: 1s - loss: 1.5483 - acc: 0.5249
2470/3900 [==================>...........] - ETA: 1s - loss: 1.5451 - acc: 0.5251
2530/3900 [==================>...........] - ETA: 1s - loss: 1.5444 - acc: 0.5249
2590/3900 [==================>...........] - ETA: 1s - loss: 1.5430 - acc: 0.5239
2650/3900 [===================>..........] - ETA: 1s - loss: 1.5390 - acc: 0.5242
2710/3900 [===================>..........] - ETA: 1s - loss: 1.5360 - acc: 0.5258
2770/3900 [====================>.........] - ETA: 1s - loss: 1.5363 - acc: 0.5278
2830/3900 [====================>.........] - ETA: 0s - loss: 1.5353 - acc: 0.5297
2890/3900 [=====================>........] - ETA: 0s - loss: 1.5353 - acc: 0.5291
2950/3900 [=====================>........] - ETA: 0s - loss: 1.5316 - acc: 0.5319
3010/3900 [======================>.......] - ETA: 0s - loss: 1.5283 - acc: 0.5329
3070/3900 [======================>.......] - ETA: 0s - loss: 1.5268 - acc: 0.5326
3130/3900 [=======================>......] - ETA: 0s - loss: 1.5245 - acc: 0.5326
3190/3900 [=======================>......] - ETA: 0s - loss: 1.5228 - acc: 0.5317
3250/3900 [========================>.....] - ETA: 0s - loss: 1.5194 - acc: 0.5314
3310/3900 [========================>.....] - ETA: 0s - loss: 1.5165 - acc: 0.5329
3370/3900 [========================>.....] - ETA: 0s - loss: 1.5162 - acc: 0.5326
3430/3900 [=========================>....] - ETA: 0s - loss: 1.5153 - acc: 0.5332
3490/3900 [=========================>....] - ETA: 0s - loss: 1.5117 - acc: 0.5335
3550/3900 [==========================>...] - ETA: 0s - loss: 1.5109 - acc: 0.5327
3610/3900 [==========================>...] - ETA: 0s - loss: 1.5070 - acc: 0.5332
3670/3900 [===========================>..] - ETA: 0s - loss: 1.5052 - acc: 0.5341
3730/3900 [===========================>..] - ETA: 0s - loss: 1.5035 - acc: 0.5346
3790/3900 [============================>.] - ETA: 0s - loss: 1.5024 - acc: 0.5359
3850/3900 [============================>.] - ETA: 0s - loss: 1.5019 - acc: 0.5361
3900/3900 [==============================] - 4s 909us/step - loss: 1.5011 - acc: 0.5364 - val_loss: 1.7178 - val_acc: 0.3737
Current time ....3.546
Train on 600 samples, validate on 86 samples
Epoch 1/1

 10/600 [..............................] - ETA: 0s - loss: 0.1706 - acc: 1.0000
 70/600 [==>...........................] - ETA: 0s - loss: 0.1329 - acc: 0.9857
130/600 [=====>........................] - ETA: 0s - loss: 0.1347 - acc: 0.9769
190/600 [========>.....................] - ETA: 0s - loss: 0.1380 - acc: 0.9737
250/600 [===========>..................] - ETA: 0s - loss: 0.1280 - acc: 0.9800
310/600 [==============>...............] - ETA: 0s - loss: 0.1284 - acc: 0.9806
370/600 [=================>............] - ETA: 0s - loss: 0.1195 - acc: 0.9838
430/600 [====================>.........] - ETA: 0s - loss: 0.1151 - acc: 0.9860
490/600 [=======================>......] - ETA: 0s - loss: 0.1092 - acc: 0.9857
550/600 [==========================>...] - ETA: 0s - loss: 0.1059 - acc: 0.9873
600/600 [==============================] - 1s 955us/step - loss: 0.1060 - acc: 0.9867 - val_loss: 0.3917 - val_acc: 0.9186
Current time ....0.573
Train on 1200 samples, validate on 68 samples
Epoch 1/1

  10/1200 [..............................] - ETA: 1s - loss: 0.5075 - acc: 0.9000
  70/1200 [>.............................] - ETA: 1s - loss: 0.3537 - acc: 0.9714
 130/1200 [==>...........................] - ETA: 0s - loss: 0.3827 - acc: 0.9154
 190/1200 [===>..........................] - ETA: 0s - loss: 0.3803 - acc: 0.9105
 250/1200 [=====>........................] - ETA: 0s - loss: 0.3708 - acc: 0.9160
 310/1200 [======>.......................] - ETA: 0s - loss: 0.3785 - acc: 0.8935
 370/1200 [========>.....................] - ETA: 0s - loss: 0.3806 - acc: 0.8973
 430/1200 [=========>....................] - ETA: 0s - loss: 0.3783 - acc: 0.9000
 490/1200 [===========>..................] - ETA: 0s - loss: 0.3686 - acc: 0.9061
 550/1200 [============>.................] - ETA: 0s - loss: 0.3727 - acc: 0.9036
 610/1200 [==============>...............] - ETA: 0s - loss: 0.3770 - acc: 0.9000
 670/1200 [===============>..............] - ETA: 0s - loss: 0.3668 - acc: 0.9030
 730/1200 [=================>............] - ETA: 0s - loss: 0.3578 - acc: 0.9041
 790/1200 [==================>...........] - ETA: 0s - loss: 0.3662 - acc: 0.9013
 850/1200 [====================>.........] - ETA: 0s - loss: 0.3641 - acc: 0.9035
 910/1200 [=====================>........] - ETA: 0s - loss: 0.3567 - acc: 0.9033
 970/1200 [=======================>......] - ETA: 0s - loss: 0.3537 - acc: 0.9031
1030/1200 [========================>.....] - ETA: 0s - loss: 0.3476 - acc: 0.9058
1090/1200 [==========================>...] - ETA: 0s - loss: 0.3423 - acc: 0.9073
1150/1200 [===========================>..] - ETA: 0s - loss: 0.3428 - acc: 0.9078
1200/1200 [==============================] - 1s 914us/step - loss: 0.3398 - acc: 0.9083 - val_loss: 0.6993 - val_acc: 0.6912
Current time ....1.097
Train on 3900 samples, validate on 99 samples
Epoch 1/1

  10/3900 [..............................] - ETA: 3s - loss: 1.5633 - acc: 0.4000
  70/3900 [..............................] - ETA: 3s - loss: 1.4617 - acc: 0.4714
 130/3900 [>.............................] - ETA: 3s - loss: 1.4462 - acc: 0.4846
 190/3900 [>.............................] - ETA: 3s - loss: 1.4025 - acc: 0.5263
 250/3900 [>.............................] - ETA: 3s - loss: 1.3769 - acc: 0.5560
 310/3900 [=>............................] - ETA: 3s - loss: 1.3413 - acc: 0.5839
 370/3900 [=>............................] - ETA: 3s - loss: 1.3215 - acc: 0.6000
 430/3900 [==>...........................] - ETA: 3s - loss: 1.3444 - acc: 0.5907
 490/3900 [==>...........................] - ETA: 3s - loss: 1.3441 - acc: 0.5918
 550/3900 [===>..........................] - ETA: 3s - loss: 1.3328 - acc: 0.5982
 610/3900 [===>..........................] - ETA: 2s - loss: 1.3332 - acc: 0.6016
 670/3900 [====>.........................] - ETA: 2s - loss: 1.3303 - acc: 0.6030
 730/3900 [====>.........................] - ETA: 2s - loss: 1.3280 - acc: 0.6000
 790/3900 [=====>........................] - ETA: 2s - loss: 1.3310 - acc: 0.6000
 850/3900 [=====>........................] - ETA: 2s - loss: 1.3331 - acc: 0.6012
 910/3900 [======>.......................] - ETA: 2s - loss: 1.3357 - acc: 0.6022
 970/3900 [======>.......................] - ETA: 2s - loss: 1.3375 - acc: 0.6021
1030/3900 [======>.......................] - ETA: 2s - loss: 1.3413 - acc: 0.6058
1090/3900 [=======>......................] - ETA: 2s - loss: 1.3411 - acc: 0.6073
1150/3900 [=======>......................] - ETA: 2s - loss: 1.3420 - acc: 0.6061
1210/3900 [========>.....................] - ETA: 2s - loss: 1.3373 - acc: 0.6107
1270/3900 [========>.....................] - ETA: 2s - loss: 1.3381 - acc: 0.6126
1330/3900 [=========>....................] - ETA: 2s - loss: 1.3395 - acc: 0.6098
1390/3900 [=========>....................] - ETA: 2s - loss: 1.3444 - acc: 0.6043
1450/3900 [==========>...................] - ETA: 2s - loss: 1.3414 - acc: 0.6034
1510/3900 [==========>...................] - ETA: 2s - loss: 1.3410 - acc: 0.6007
1570/3900 [===========>..................] - ETA: 2s - loss: 1.3361 - acc: 0.6038
1630/3900 [===========>..................] - ETA: 2s - loss: 1.3372 - acc: 0.6012
1690/3900 [============>.................] - ETA: 2s - loss: 1.3307 - acc: 0.6030
1750/3900 [============>.................] - ETA: 1s - loss: 1.3319 - acc: 0.6011
1810/3900 [============>.................] - ETA: 1s - loss: 1.3330 - acc: 0.6039
1870/3900 [=============>................] - ETA: 1s - loss: 1.3314 - acc: 0.6037
1930/3900 [=============>................] - ETA: 1s - loss: 1.3298 - acc: 0.6047
1990/3900 [==============>...............] - ETA: 1s - loss: 1.3298 - acc: 0.6055
2050/3900 [==============>...............] - ETA: 1s - loss: 1.3287 - acc: 0.6068
2110/3900 [===============>..............] - ETA: 1s - loss: 1.3280 - acc: 0.6047
2170/3900 [===============>..............] - ETA: 1s - loss: 1.3290 - acc: 0.6041
2230/3900 [================>.............] - ETA: 1s - loss: 1.3253 - acc: 0.6058
2290/3900 [================>.............] - ETA: 1s - loss: 1.3199 - acc: 0.6087
2350/3900 [=================>............] - ETA: 1s - loss: 1.3141 - acc: 0.6094
2410/3900 [=================>............] - ETA: 1s - loss: 1.3112 - acc: 0.6087
2470/3900 [==================>...........] - ETA: 1s - loss: 1.3089 - acc: 0.6085
2530/3900 [==================>...........] - ETA: 1s - loss: 1.3083 - acc: 0.6067
2590/3900 [==================>...........] - ETA: 1s - loss: 1.3020 - acc: 0.6089
2650/3900 [===================>..........] - ETA: 1s - loss: 1.2985 - acc: 0.6098
2710/3900 [===================>..........] - ETA: 1s - loss: 1.3008 - acc: 0.6070
2770/3900 [====================>.........] - ETA: 1s - loss: 1.2959 - acc: 0.6079
2830/3900 [====================>.........] - ETA: 0s - loss: 1.2958 - acc: 0.6071
2890/3900 [=====================>........] - ETA: 0s - loss: 1.2931 - acc: 0.6073
2950/3900 [=====================>........] - ETA: 0s - loss: 1.2903 - acc: 0.6075
3010/3900 [======================>.......] - ETA: 0s - loss: 1.2901 - acc: 0.6073
3070/3900 [======================>.......] - ETA: 0s - loss: 1.2846 - acc: 0.6101
3130/3900 [=======================>......] - ETA: 0s - loss: 1.2836 - acc: 0.6093
3190/3900 [=======================>......] - ETA: 0s - loss: 1.2811 - acc: 0.6107
3250/3900 [========================>.....] - ETA: 0s - loss: 1.2794 - acc: 0.6108
3310/3900 [========================>.....] - ETA: 0s - loss: 1.2767 - acc: 0.6130
3370/3900 [========================>.....] - ETA: 0s - loss: 1.2747 - acc: 0.6136
3430/3900 [=========================>....] - ETA: 0s - loss: 1.2726 - acc: 0.6137
3490/3900 [=========================>....] - ETA: 0s - loss: 1.2710 - acc: 0.6135
3550/3900 [==========================>...] - ETA: 0s - loss: 1.2694 - acc: 0.6130
3610/3900 [==========================>...] - ETA: 0s - loss: 1.2682 - acc: 0.6141
3670/3900 [===========================>..] - ETA: 0s - loss: 1.2674 - acc: 0.6144
3730/3900 [===========================>..] - ETA: 0s - loss: 1.2669 - acc: 0.6153
3790/3900 [============================>.] - ETA: 0s - loss: 1.2659 - acc: 0.6142
3850/3900 [============================>.] - ETA: 0s - loss: 1.2634 - acc: 0.6143
3900/3900 [==============================] - 4s 913us/step - loss: 1.2607 - acc: 0.6154 - val_loss: 1.6715 - val_acc: 0.4343
Current time ....3.560
Train on 600 samples, validate on 86 samples
Epoch 1/1

 10/600 [..............................] - ETA: 0s - loss: 0.0480 - acc: 1.0000
 70/600 [==>...........................] - ETA: 0s - loss: 0.0759 - acc: 0.9857
130/600 [=====>........................] - ETA: 0s - loss: 0.0658 - acc: 0.9923
190/600 [========>.....................] - ETA: 0s - loss: 0.0730 - acc: 0.9947
250/600 [===========>..................] - ETA: 0s - loss: 0.0721 - acc: 0.9960
310/600 [==============>...............] - ETA: 0s - loss: 0.0773 - acc: 0.9903
370/600 [=================>............] - ETA: 0s - loss: 0.0747 - acc: 0.9919
430/600 [====================>.........] - ETA: 0s - loss: 0.0729 - acc: 0.9930
490/600 [=======================>......] - ETA: 0s - loss: 0.0749 - acc: 0.9918
550/600 [==========================>...] - ETA: 0s - loss: 0.0760 - acc: 0.9927
600/600 [==============================] - 1s 926us/step - loss: 0.0740 - acc: 0.9933 - val_loss: 0.4191 - val_acc: 0.9186
Current time ....0.556
Train on 1200 samples, validate on 68 samples
Epoch 1/1

  10/1200 [..............................] - ETA: 1s - loss: 0.3512 - acc: 0.8000
  70/1200 [>.............................] - ETA: 1s - loss: 0.2917 - acc: 0.9143
 130/1200 [==>...........................] - ETA: 0s - loss: 0.2755 - acc: 0.9308
 190/1200 [===>..........................] - ETA: 0s - loss: 0.2955 - acc: 0.9316
 250/1200 [=====>........................] - ETA: 0s - loss: 0.2952 - acc: 0.9360
 310/1200 [======>.......................] - ETA: 0s - loss: 0.2889 - acc: 0.9452
 370/1200 [========>.....................] - ETA: 0s - loss: 0.2714 - acc: 0.9514
 430/1200 [=========>....................] - ETA: 0s - loss: 0.2723 - acc: 0.9488
 490/1200 [===========>..................] - ETA: 0s - loss: 0.2611 - acc: 0.9551
 550/1200 [============>.................] - ETA: 0s - loss: 0.2588 - acc: 0.9491
 610/1200 [==============>...............] - ETA: 0s - loss: 0.2512 - acc: 0.9508
 670/1200 [===============>..............] - ETA: 0s - loss: 0.2461 - acc: 0.9537
 730/1200 [=================>............] - ETA: 0s - loss: 0.2476 - acc: 0.9534
 790/1200 [==================>...........] - ETA: 0s - loss: 0.2455 - acc: 0.9544
 850/1200 [====================>.........] - ETA: 0s - loss: 0.2413 - acc: 0.9541
 910/1200 [=====================>........] - ETA: 0s - loss: 0.2365 - acc: 0.9549
 970/1200 [=======================>......] - ETA: 0s - loss: 0.2337 - acc: 0.9546
1030/1200 [========================>.....] - ETA: 0s - loss: 0.2409 - acc: 0.9485
1090/1200 [==========================>...] - ETA: 0s - loss: 0.2438 - acc: 0.9468
1150/1200 [===========================>..] - ETA: 0s - loss: 0.2436 - acc: 0.9452
1200/1200 [==============================] - 1s 912us/step - loss: 0.2449 - acc: 0.9433 - val_loss: 0.6914 - val_acc: 0.7059
Current time ....1.095
Train on 3900 samples, validate on 99 samples
Epoch 1/1

  10/3900 [..............................] - ETA: 3s - loss: 1.4391 - acc: 0.4000
  70/3900 [..............................] - ETA: 3s - loss: 1.1506 - acc: 0.6286
 130/3900 [>.............................] - ETA: 3s - loss: 1.1276 - acc: 0.6385
 190/3900 [>.............................] - ETA: 3s - loss: 1.1215 - acc: 0.6421
 250/3900 [>.............................] - ETA: 3s - loss: 1.1125 - acc: 0.6640
 310/3900 [=>............................] - ETA: 3s - loss: 1.0848 - acc: 0.6839
 370/3900 [=>............................] - ETA: 3s - loss: 1.0791 - acc: 0.6946
 430/3900 [==>...........................] - ETA: 3s - loss: 1.0996 - acc: 0.6791
 490/3900 [==>...........................] - ETA: 3s - loss: 1.1101 - acc: 0.6673
 550/3900 [===>..........................] - ETA: 3s - loss: 1.1061 - acc: 0.6709
 610/3900 [===>..........................] - ETA: 2s - loss: 1.1016 - acc: 0.6721
 670/3900 [====>.........................] - ETA: 2s - loss: 1.0903 - acc: 0.6716
 730/3900 [====>.........................] - ETA: 2s - loss: 1.1007 - acc: 0.6712
 790/3900 [=====>........................] - ETA: 2s - loss: 1.1083 - acc: 0.6709
 850/3900 [=====>........................] - ETA: 2s - loss: 1.1050 - acc: 0.6753
 910/3900 [======>.......................] - ETA: 2s - loss: 1.1070 - acc: 0.6725
 970/3900 [======>.......................] - ETA: 2s - loss: 1.1030 - acc: 0.6763
1030/3900 [======>.......................] - ETA: 2s - loss: 1.0969 - acc: 0.6738
1090/3900 [=======>......................] - ETA: 2s - loss: 1.1053 - acc: 0.6697
1150/3900 [=======>......................] - ETA: 2s - loss: 1.1069 - acc: 0.6670
1210/3900 [========>.....................] - ETA: 2s - loss: 1.1024 - acc: 0.6694
1270/3900 [========>.....................] - ETA: 2s - loss: 1.1098 - acc: 0.6630
1320/3900 [=========>....................] - ETA: 2s - loss: 1.1061 - acc: 0.6636
1380/3900 [=========>....................] - ETA: 2s - loss: 1.1077 - acc: 0.6652
1440/3900 [==========>...................] - ETA: 2s - loss: 1.1077 - acc: 0.6660
1500/3900 [==========>...................] - ETA: 2s - loss: 1.1063 - acc: 0.6653
1560/3900 [===========>..................] - ETA: 2s - loss: 1.1027 - acc: 0.6679
1620/3900 [===========>..................] - ETA: 2s - loss: 1.1003 - acc: 0.6704
1680/3900 [===========>..................] - ETA: 2s - loss: 1.1020 - acc: 0.6708
1740/3900 [============>.................] - ETA: 1s - loss: 1.0962 - acc: 0.6718
1800/3900 [============>.................] - ETA: 1s - loss: 1.0928 - acc: 0.6717
1860/3900 [=============>................] - ETA: 1s - loss: 1.0934 - acc: 0.6731
1920/3900 [=============>................] - ETA: 1s - loss: 1.0948 - acc: 0.6719
1980/3900 [==============>...............] - ETA: 1s - loss: 1.0912 - acc: 0.6737
2040/3900 [==============>...............] - ETA: 1s - loss: 1.0909 - acc: 0.6745
2100/3900 [===============>..............] - ETA: 1s - loss: 1.0869 - acc: 0.6743
2160/3900 [===============>..............] - ETA: 1s - loss: 1.0821 - acc: 0.6755
2220/3900 [================>.............] - ETA: 1s - loss: 1.0789 - acc: 0.6770
2280/3900 [================>.............] - ETA: 1s - loss: 1.0772 - acc: 0.6768
2340/3900 [=================>............] - ETA: 1s - loss: 1.0750 - acc: 0.6774
2400/3900 [=================>............] - ETA: 1s - loss: 1.0767 - acc: 0.6754
2450/3900 [=================>............] - ETA: 1s - loss: 1.0769 - acc: 0.6759
2510/3900 [==================>...........] - ETA: 1s - loss: 1.0787 - acc: 0.6757
2570/3900 [==================>...........] - ETA: 1s - loss: 1.0791 - acc: 0.6735
2630/3900 [===================>..........] - ETA: 1s - loss: 1.0765 - acc: 0.6745
2690/3900 [===================>..........] - ETA: 1s - loss: 1.0722 - acc: 0.6762
2750/3900 [====================>.........] - ETA: 1s - loss: 1.0716 - acc: 0.6749
2810/3900 [====================>.........] - ETA: 0s - loss: 1.0699 - acc: 0.6747
2870/3900 [=====================>........] - ETA: 0s - loss: 1.0684 - acc: 0.6739
2930/3900 [=====================>........] - ETA: 0s - loss: 1.0694 - acc: 0.6727
2990/3900 [======================>.......] - ETA: 0s - loss: 1.0684 - acc: 0.6729
3050/3900 [======================>.......] - ETA: 0s - loss: 1.0648 - acc: 0.6738
3110/3900 [======================>.......] - ETA: 0s - loss: 1.0624 - acc: 0.6740
3170/3900 [=======================>......] - ETA: 0s - loss: 1.0594 - acc: 0.6738
3230/3900 [=======================>......] - ETA: 0s - loss: 1.0555 - acc: 0.6759
3290/3900 [========================>.....] - ETA: 0s - loss: 1.0532 - acc: 0.6775
3350/3900 [========================>.....] - ETA: 0s - loss: 1.0525 - acc: 0.6791
3410/3900 [=========================>....] - ETA: 0s - loss: 1.0539 - acc: 0.6777
3470/3900 [=========================>....] - ETA: 0s - loss: 1.0539 - acc: 0.6781
3530/3900 [==========================>...] - ETA: 0s - loss: 1.0507 - acc: 0.6788
3590/3900 [==========================>...] - ETA: 0s - loss: 1.0502 - acc: 0.6788
3650/3900 [===========================>..] - ETA: 0s - loss: 1.0481 - acc: 0.6786
3710/3900 [===========================>..] - ETA: 0s - loss: 1.0457 - acc: 0.6787
3770/3900 [============================>.] - ETA: 0s - loss: 1.0453 - acc: 0.6796
3830/3900 [============================>.] - ETA: 0s - loss: 1.0433 - acc: 0.6815
3890/3900 [============================>.] - ETA: 0s - loss: 1.0425 - acc: 0.6805
3900/3900 [==============================] - 4s 913us/step - loss: 1.0420 - acc: 0.6808 - val_loss: 1.6094 - val_acc: 0.4242
Current time ....3.561
Train on 600 samples, validate on 86 samples
Epoch 1/1

 10/600 [..............................] - ETA: 0s - loss: 0.0612 - acc: 1.0000
 70/600 [==>...........................] - ETA: 0s - loss: 0.0545 - acc: 1.0000
130/600 [=====>........................] - ETA: 0s - loss: 0.0535 - acc: 1.0000
190/600 [========>.....................] - ETA: 0s - loss: 0.0553 - acc: 1.0000
250/600 [===========>..................] - ETA: 0s - loss: 0.0586 - acc: 1.0000
310/600 [==============>...............] - ETA: 0s - loss: 0.0587 - acc: 1.0000
370/600 [=================>............] - ETA: 0s - loss: 0.0571 - acc: 0.9973
430/600 [====================>.........] - ETA: 0s - loss: 0.0582 - acc: 0.9953
490/600 [=======================>......] - ETA: 0s - loss: 0.0578 - acc: 0.9959
550/600 [==========================>...] - ETA: 0s - loss: 0.0581 - acc: 0.9964
600/600 [==============================] - 1s 930us/step - loss: 0.0565 - acc: 0.9967 - val_loss: 0.4382 - val_acc: 0.9186
Current time ....0.558
Train on 1200 samples, validate on 68 samples
Epoch 1/1

  10/1200 [..............................] - ETA: 1s - loss: 0.2283 - acc: 0.9000
  70/1200 [>.............................] - ETA: 1s - loss: 0.1796 - acc: 0.9857
 130/1200 [==>...........................] - ETA: 0s - loss: 0.1635 - acc: 0.9846
 190/1200 [===>..........................] - ETA: 0s - loss: 0.1644 - acc: 0.9789
 250/1200 [=====>........................] - ETA: 0s - loss: 0.1724 - acc: 0.9760
 310/1200 [======>.......................] - ETA: 0s - loss: 0.1838 - acc: 0.9677
 370/1200 [========>.....................] - ETA: 0s - loss: 0.1868 - acc: 0.9730
 430/1200 [=========>....................] - ETA: 0s - loss: 0.1844 - acc: 0.9698
 490/1200 [===========>..................] - ETA: 0s - loss: 0.1770 - acc: 0.9735
 550/1200 [============>.................] - ETA: 0s - loss: 0.1790 - acc: 0.9673
 610/1200 [==============>...............] - ETA: 0s - loss: 0.1795 - acc: 0.9672
 670/1200 [===============>..............] - ETA: 0s - loss: 0.1803 - acc: 0.9672
 730/1200 [=================>............] - ETA: 0s - loss: 0.1777 - acc: 0.9644
 790/1200 [==================>...........] - ETA: 0s - loss: 0.1775 - acc: 0.9646
 850/1200 [====================>.........] - ETA: 0s - loss: 0.1756 - acc: 0.9659
 910/1200 [=====================>........] - ETA: 0s - loss: 0.1780 - acc: 0.9659
 970/1200 [=======================>......] - ETA: 0s - loss: 0.1763 - acc: 0.9660
1030/1200 [========================>.....] - ETA: 0s - loss: 0.1773 - acc: 0.9660
1090/1200 [==========================>...] - ETA: 0s - loss: 0.1751 - acc: 0.9670
1150/1200 [===========================>..] - ETA: 0s - loss: 0.1723 - acc: 0.9670
1200/1200 [==============================] - 1s 907us/step - loss: 0.1714 - acc: 0.9683 - val_loss: 0.7098 - val_acc: 0.7206
Current time ....1.089
Train on 3900 samples, validate on 99 samples
Epoch 1/1

  10/3900 [..............................] - ETA: 3s - loss: 1.0228 - acc: 0.6000
  70/3900 [..............................] - ETA: 3s - loss: 1.0445 - acc: 0.6857
 130/3900 [>.............................] - ETA: 3s - loss: 0.9963 - acc: 0.6769
 190/3900 [>.............................] - ETA: 3s - loss: 0.9820 - acc: 0.7105
 250/3900 [>.............................] - ETA: 3s - loss: 0.9670 - acc: 0.7080
 310/3900 [=>............................] - ETA: 3s - loss: 0.9790 - acc: 0.6935
 370/3900 [=>............................] - ETA: 3s - loss: 0.9450 - acc: 0.6973
 430/3900 [==>...........................] - ETA: 3s - loss: 0.9413 - acc: 0.6953
 490/3900 [==>...........................] - ETA: 3s - loss: 0.9288 - acc: 0.7020
 550/3900 [===>..........................] - ETA: 3s - loss: 0.9263 - acc: 0.7036
 610/3900 [===>..........................] - ETA: 2s - loss: 0.9222 - acc: 0.7033
 670/3900 [====>.........................] - ETA: 2s - loss: 0.9328 - acc: 0.7000
 730/3900 [====>.........................] - ETA: 2s - loss: 0.9146 - acc: 0.7110
 790/3900 [=====>........................] - ETA: 2s - loss: 0.9019 - acc: 0.7127
 850/3900 [=====>........................] - ETA: 2s - loss: 0.9143 - acc: 0.7035
 910/3900 [======>.......................] - ETA: 2s - loss: 0.9039 - acc: 0.7077
 970/3900 [======>.......................] - ETA: 2s - loss: 0.9045 - acc: 0.7052
1030/3900 [======>.......................] - ETA: 2s - loss: 0.8968 - acc: 0.7097
1090/3900 [=======>......................] - ETA: 2s - loss: 0.8907 - acc: 0.7147
1150/3900 [=======>......................] - ETA: 2s - loss: 0.8926 - acc: 0.7139
1210/3900 [========>.....................] - ETA: 2s - loss: 0.8932 - acc: 0.7132
1270/3900 [========>.....................] - ETA: 2s - loss: 0.8907 - acc: 0.7150
1330/3900 [=========>....................] - ETA: 2s - loss: 0.8953 - acc: 0.7173
1390/3900 [=========>....................] - ETA: 2s - loss: 0.8954 - acc: 0.7187
1450/3900 [==========>...................] - ETA: 2s - loss: 0.8992 - acc: 0.7166
1510/3900 [==========>...................] - ETA: 2s - loss: 0.8976 - acc: 0.7166
1570/3900 [===========>..................] - ETA: 2s - loss: 0.8942 - acc: 0.7166
1630/3900 [===========>..................] - ETA: 2s - loss: 0.8931 - acc: 0.7178
1690/3900 [============>.................] - ETA: 2s - loss: 0.8928 - acc: 0.7183
1750/3900 [============>.................] - ETA: 1s - loss: 0.8924 - acc: 0.7160
1810/3900 [============>.................] - ETA: 1s - loss: 0.8865 - acc: 0.7182
1870/3900 [=============>................] - ETA: 1s - loss: 0.8841 - acc: 0.7171
1930/3900 [=============>................] - ETA: 1s - loss: 0.8801 - acc: 0.7202
1990/3900 [==============>...............] - ETA: 1s - loss: 0.8812 - acc: 0.7186
2050/3900 [==============>...............] - ETA: 1s - loss: 0.8830 - acc: 0.7176
2110/3900 [===============>..............] - ETA: 1s - loss: 0.8850 - acc: 0.7156
2170/3900 [===============>..............] - ETA: 1s - loss: 0.8785 - acc: 0.7189
2230/3900 [================>.............] - ETA: 1s - loss: 0.8761 - acc: 0.7197
2290/3900 [================>.............] - ETA: 1s - loss: 0.8771 - acc: 0.7201
2350/3900 [=================>............] - ETA: 1s - loss: 0.8767 - acc: 0.7204
2410/3900 [=================>............] - ETA: 1s - loss: 0.8785 - acc: 0.7191
2470/3900 [==================>...........] - ETA: 1s - loss: 0.8803 - acc: 0.7170
2530/3900 [==================>...........] - ETA: 1s - loss: 0.8769 - acc: 0.7190
2590/3900 [==================>...........] - ETA: 1s - loss: 0.8739 - acc: 0.7212
2650/3900 [===================>..........] - ETA: 1s - loss: 0.8751 - acc: 0.7196
2710/3900 [===================>..........] - ETA: 1s - loss: 0.8787 - acc: 0.7170
2770/3900 [====================>.........] - ETA: 1s - loss: 0.8798 - acc: 0.7170
2830/3900 [====================>.........] - ETA: 0s - loss: 0.8777 - acc: 0.7180
2890/3900 [=====================>........] - ETA: 0s - loss: 0.8750 - acc: 0.7194
2950/3900 [=====================>........] - ETA: 0s - loss: 0.8706 - acc: 0.7217
3010/3900 [======================>.......] - ETA: 0s - loss: 0.8708 - acc: 0.7213
3070/3900 [======================>.......] - ETA: 0s - loss: 0.8688 - acc: 0.7208
3130/3900 [=======================>......] - ETA: 0s - loss: 0.8710 - acc: 0.7201
3190/3900 [=======================>......] - ETA: 0s - loss: 0.8707 - acc: 0.7197
3250/3900 [========================>.....] - ETA: 0s - loss: 0.8681 - acc: 0.7206
3310/3900 [========================>.....] - ETA: 0s - loss: 0.8666 - acc: 0.7215
3370/3900 [========================>.....] - ETA: 0s - loss: 0.8660 - acc: 0.7217
3430/3900 [=========================>....] - ETA: 0s - loss: 0.8647 - acc: 0.7224
3490/3900 [=========================>....] - ETA: 0s - loss: 0.8634 - acc: 0.7235
3550/3900 [==========================>...] - ETA: 0s - loss: 0.8621 - acc: 0.7239
3610/3900 [==========================>...] - ETA: 0s - loss: 0.8604 - acc: 0.7249
3670/3900 [===========================>..] - ETA: 0s - loss: 0.8584 - acc: 0.7256
3730/3900 [===========================>..] - ETA: 0s - loss: 0.8557 - acc: 0.7263
3790/3900 [============================>.] - ETA: 0s - loss: 0.8546 - acc: 0.7259
3850/3900 [============================>.] - ETA: 0s - loss: 0.8526 - acc: 0.7265
3900/3900 [==============================] - 4s 910us/step - loss: 0.8512 - acc: 0.7272 - val_loss: 1.6936 - val_acc: 0.3939
Current time ....3.551
Train on 600 samples, validate on 86 samples
Epoch 1/1

 10/600 [..............................] - ETA: 0s - loss: 0.0110 - acc: 1.0000
 70/600 [==>...........................] - ETA: 0s - loss: 0.0517 - acc: 1.0000
130/600 [=====>........................] - ETA: 0s - loss: 0.0486 - acc: 1.0000
190/600 [========>.....................] - ETA: 0s - loss: 0.0446 - acc: 1.0000
250/600 [===========>..................] - ETA: 0s - loss: 0.0437 - acc: 0.9960
310/600 [==============>...............] - ETA: 0s - loss: 0.0444 - acc: 0.9968
370/600 [=================>............] - ETA: 0s - loss: 0.0425 - acc: 0.9973
430/600 [====================>.........] - ETA: 0s - loss: 0.0430 - acc: 0.9953
490/600 [=======================>......] - ETA: 0s - loss: 0.0417 - acc: 0.9959
550/600 [==========================>...] - ETA: 0s - loss: 0.0425 - acc: 0.9964
600/600 [==============================] - 1s 932us/step - loss: 0.0428 - acc: 0.9967 - val_loss: 0.4745 - val_acc: 0.9186
Current time ....0.560
Train on 1200 samples, validate on 68 samples
Epoch 1/1

  10/1200 [..............................] - ETA: 1s - loss: 0.0866 - acc: 1.0000
  70/1200 [>.............................] - ETA: 1s - loss: 0.1213 - acc: 0.9857
 130/1200 [==>...........................] - ETA: 0s - loss: 0.1212 - acc: 0.9846
 190/1200 [===>..........................] - ETA: 0s - loss: 0.1253 - acc: 0.9789
 250/1200 [=====>........................] - ETA: 0s - loss: 0.1294 - acc: 0.9800
 310/1200 [======>.......................] - ETA: 0s - loss: 0.1258 - acc: 0.9806
 370/1200 [========>.....................] - ETA: 0s - loss: 0.1273 - acc: 0.9784
 430/1200 [=========>....................] - ETA: 0s - loss: 0.1228 - acc: 0.9791
 490/1200 [===========>..................] - ETA: 0s - loss: 0.1237 - acc: 0.9796
 550/1200 [============>.................] - ETA: 0s - loss: 0.1263 - acc: 0.9764
 610/1200 [==============>...............] - ETA: 0s - loss: 0.1251 - acc: 0.9770
 670/1200 [===============>..............] - ETA: 0s - loss: 0.1241 - acc: 0.9776
 730/1200 [=================>............] - ETA: 0s - loss: 0.1260 - acc: 0.9767
 790/1200 [==================>...........] - ETA: 0s - loss: 0.1284 - acc: 0.9759
 850/1200 [====================>.........] - ETA: 0s - loss: 0.1270 - acc: 0.9765
 910/1200 [=====================>........] - ETA: 0s - loss: 0.1246 - acc: 0.9769
 970/1200 [=======================>......] - ETA: 0s - loss: 0.1220 - acc: 0.9773
1030/1200 [========================>.....] - ETA: 0s - loss: 0.1223 - acc: 0.9767
1090/1200 [==========================>...] - ETA: 0s - loss: 0.1242 - acc: 0.9743
1150/1200 [===========================>..] - ETA: 0s - loss: 0.1241 - acc: 0.9757
1200/1200 [==============================] - 1s 906us/step - loss: 0.1223 - acc: 0.9767 - val_loss: 0.8038 - val_acc: 0.7059
Current time ....1.087
Train on 3900 samples, validate on 99 samples
Epoch 1/1

  10/3900 [..............................] - ETA: 3s - loss: 0.8208 - acc: 0.8000
  60/3900 [..............................] - ETA: 3s - loss: 0.6461 - acc: 0.8000
 120/3900 [..............................] - ETA: 3s - loss: 0.7291 - acc: 0.7500
 180/3900 [>.............................] - ETA: 3s - loss: 0.7552 - acc: 0.7556
 240/3900 [>.............................] - ETA: 3s - loss: 0.7568 - acc: 0.7750
 300/3900 [=>............................] - ETA: 3s - loss: 0.7627 - acc: 0.7633
 360/3900 [=>............................] - ETA: 3s - loss: 0.7596 - acc: 0.7500
 420/3900 [==>...........................] - ETA: 3s - loss: 0.7652 - acc: 0.7476
 480/3900 [==>...........................] - ETA: 3s - loss: 0.7726 - acc: 0.7438
 540/3900 [===>..........................] - ETA: 3s - loss: 0.7661 - acc: 0.7481
 600/3900 [===>..........................] - ETA: 3s - loss: 0.7658 - acc: 0.7433
 660/3900 [====>.........................] - ETA: 2s - loss: 0.7484 - acc: 0.7545
 720/3900 [====>.........................] - ETA: 2s - loss: 0.7297 - acc: 0.7597
 780/3900 [=====>........................] - ETA: 2s - loss: 0.7275 - acc: 0.7628
 840/3900 [=====>........................] - ETA: 2s - loss: 0.7281 - acc: 0.7631
 900/3900 [=====>........................] - ETA: 2s - loss: 0.7207 - acc: 0.7656
 960/3900 [======>.......................] - ETA: 2s - loss: 0.7242 - acc: 0.7604
1020/3900 [======>.......................] - ETA: 2s - loss: 0.7236 - acc: 0.7608
1080/3900 [=======>......................] - ETA: 2s - loss: 0.7273 - acc: 0.7593
1140/3900 [=======>......................] - ETA: 2s - loss: 0.7281 - acc: 0.7570
1200/3900 [========>.....................] - ETA: 2s - loss: 0.7227 - acc: 0.7575
1260/3900 [========>.....................] - ETA: 2s - loss: 0.7268 - acc: 0.7571
1320/3900 [=========>....................] - ETA: 2s - loss: 0.7262 - acc: 0.7583
1370/3900 [=========>....................] - ETA: 2s - loss: 0.7197 - acc: 0.7613
1430/3900 [==========>...................] - ETA: 2s - loss: 0.7205 - acc: 0.7608
1490/3900 [==========>...................] - ETA: 2s - loss: 0.7172 - acc: 0.7617
1550/3900 [==========>...................] - ETA: 2s - loss: 0.7151 - acc: 0.7626
1610/3900 [===========>..................] - ETA: 2s - loss: 0.7152 - acc: 0.7627
1670/3900 [===========>..................] - ETA: 2s - loss: 0.7142 - acc: 0.7635
1730/3900 [============>.................] - ETA: 1s - loss: 0.7096 - acc: 0.7653
1790/3900 [============>.................] - ETA: 1s - loss: 0.7082 - acc: 0.7654
1850/3900 [=============>................] - ETA: 1s - loss: 0.7013 - acc: 0.7686
1910/3900 [=============>................] - ETA: 1s - loss: 0.6996 - acc: 0.7707
1970/3900 [==============>...............] - ETA: 1s - loss: 0.6905 - acc: 0.7751
2030/3900 [==============>...............] - ETA: 1s - loss: 0.6895 - acc: 0.7768
2090/3900 [===============>..............] - ETA: 1s - loss: 0.6889 - acc: 0.7780
2150/3900 [===============>..............] - ETA: 1s - loss: 0.6879 - acc: 0.7772
2210/3900 [================>.............] - ETA: 1s - loss: 0.6878 - acc: 0.7778
2270/3900 [================>.............] - ETA: 1s - loss: 0.6882 - acc: 0.7780
2330/3900 [================>.............] - ETA: 1s - loss: 0.6903 - acc: 0.7755
2390/3900 [=================>............] - ETA: 1s - loss: 0.6940 - acc: 0.7741
2450/3900 [=================>............] - ETA: 1s - loss: 0.6932 - acc: 0.7747
2510/3900 [==================>...........] - ETA: 1s - loss: 0.6957 - acc: 0.7725
2570/3900 [==================>...........] - ETA: 1s - loss: 0.6946 - acc: 0.7724
2630/3900 [===================>..........] - ETA: 1s - loss: 0.6986 - acc: 0.7700
2690/3900 [===================>..........] - ETA: 1s - loss: 0.6989 - acc: 0.7706
2750/3900 [====================>.........] - ETA: 1s - loss: 0.6978 - acc: 0.7705
2810/3900 [====================>.........] - ETA: 0s - loss: 0.6983 - acc: 0.7705
2870/3900 [=====================>........] - ETA: 0s - loss: 0.6973 - acc: 0.7714
2930/3900 [=====================>........] - ETA: 0s - loss: 0.6957 - acc: 0.7717
2990/3900 [======================>.......] - ETA: 0s - loss: 0.6968 - acc: 0.7709
3050/3900 [======================>.......] - ETA: 0s - loss: 0.6936 - acc: 0.7731
3110/3900 [======================>.......] - ETA: 0s - loss: 0.6923 - acc: 0.7740
3170/3900 [=======================>......] - ETA: 0s - loss: 0.6954 - acc: 0.7716
3230/3900 [=======================>......] - ETA: 0s - loss: 0.6979 - acc: 0.7703
3290/3900 [========================>.....] - ETA: 0s - loss: 0.6979 - acc: 0.7702
3350/3900 [========================>.....] - ETA: 0s - loss: 0.6992 - acc: 0.7699
3410/3900 [=========================>....] - ETA: 0s - loss: 0.6979 - acc: 0.7701
3470/3900 [=========================>....] - ETA: 0s - loss: 0.6950 - acc: 0.7703
3530/3900 [==========================>...] - ETA: 0s - loss: 0.6944 - acc: 0.7717
3590/3900 [==========================>...] - ETA: 0s - loss: 0.6941 - acc: 0.7713
3650/3900 [===========================>..] - ETA: 0s - loss: 0.6970 - acc: 0.7693
3710/3900 [===========================>..] - ETA: 0s - loss: 0.6983 - acc: 0.7685
3770/3900 [============================>.] - ETA: 0s - loss: 0.6960 - acc: 0.7684
3830/3900 [============================>.] - ETA: 0s - loss: 0.6960 - acc: 0.7681
3890/3900 [============================>.] - ETA: 0s - loss: 0.6978 - acc: 0.7674
3900/3900 [==============================] - 4s 910us/step - loss: 0.6967 - acc: 0.7679 - val_loss: 1.6638 - val_acc: 0.4242
Current time ....3.549
Train on 600 samples, validate on 86 samples
Epoch 1/1

 10/600 [..............................] - ETA: 0s - loss: 0.0330 - acc: 1.0000
 70/600 [==>...........................] - ETA: 0s - loss: 0.0361 - acc: 1.0000
130/600 [=====>........................] - ETA: 0s - loss: 0.0349 - acc: 1.0000
190/600 [========>.....................] - ETA: 0s - loss: 0.0354 - acc: 1.0000
250/600 [===========>..................] - ETA: 0s - loss: 0.0340 - acc: 1.0000
310/600 [==============>...............] - ETA: 0s - loss: 0.0362 - acc: 1.0000
370/600 [=================>............] - ETA: 0s - loss: 0.0337 - acc: 1.0000
430/600 [====================>.........] - ETA: 0s - loss: 0.0331 - acc: 1.0000
490/600 [=======================>......] - ETA: 0s - loss: 0.0337 - acc: 0.9980
550/600 [==========================>...] - ETA: 0s - loss: 0.0369 - acc: 0.9964
600/600 [==============================] - 1s 933us/step - loss: 0.0355 - acc: 0.9967 - val_loss: 0.4857 - val_acc: 0.9186
Current time ....0.560
Train on 1200 samples, validate on 68 samples
Epoch 1/1

  10/1200 [..............................] - ETA: 1s - loss: 0.1238 - acc: 1.0000
  70/1200 [>.............................] - ETA: 1s - loss: 0.0794 - acc: 1.0000
 130/1200 [==>...........................] - ETA: 0s - loss: 0.0964 - acc: 1.0000
 190/1200 [===>..........................] - ETA: 0s - loss: 0.0950 - acc: 1.0000
 250/1200 [=====>........................] - ETA: 0s - loss: 0.0874 - acc: 1.0000
 310/1200 [======>.......................] - ETA: 0s - loss: 0.0877 - acc: 0.9968
 370/1200 [========>.....................] - ETA: 0s - loss: 0.0954 - acc: 0.9946
 430/1200 [=========>....................] - ETA: 0s - loss: 0.0905 - acc: 0.9953
 490/1200 [===========>..................] - ETA: 0s - loss: 0.0938 - acc: 0.9918
 550/1200 [============>.................] - ETA: 0s - loss: 0.0925 - acc: 0.9927
 610/1200 [==============>...............] - ETA: 0s - loss: 0.0918 - acc: 0.9934
 670/1200 [===============>..............] - ETA: 0s - loss: 0.0944 - acc: 0.9910
 730/1200 [=================>............] - ETA: 0s - loss: 0.0928 - acc: 0.9904
 790/1200 [==================>...........] - ETA: 0s - loss: 0.0939 - acc: 0.9886
 850/1200 [====================>.........] - ETA: 0s - loss: 0.0928 - acc: 0.9894
 910/1200 [=====================>........] - ETA: 0s - loss: 0.0910 - acc: 0.9901
 970/1200 [=======================>......] - ETA: 0s - loss: 0.0902 - acc: 0.9897
1030/1200 [========================>.....] - ETA: 0s - loss: 0.0902 - acc: 0.9893
1090/1200 [==========================>...] - ETA: 0s - loss: 0.0888 - acc: 0.9899
1150/1200 [===========================>..] - ETA: 0s - loss: 0.0893 - acc: 0.9896
1200/1200 [==============================] - 1s 910us/step - loss: 0.0891 - acc: 0.9900 - val_loss: 0.8028 - val_acc: 0.7353
Current time ....1.092

32/99 [========>.....................] - ETA: 0s
99/99 [==============================] - 0s 105us/step
In EVALUATE loss:  [1.6637618722337666, 0.42424242484449137]

32/86 [==========>...................] - ETA: 0s
86/86 [==============================] - 0s 83us/step
In EVALUATE loss:  [0.48573203419530114, 0.91860465393509971]

32/68 [=============>................] - ETA: 0s
68/68 [==============================] - 0s 97us/step
In EVALUATE loss:  [0.80282491094925823, 0.73529411764705888]
Task 1 : Primary site - Macro F1 score 0.237687517652
Task 1 : Primary site - Micro F1 score 0.424242424242
Task 2 : Tumor laterality - Macro F1 score 0.918593644354
Task 2 : Tumor laterality - Micro F1 score 0.918604651163
Task 3 : Histological grade - Macro F1 score 0.559807692308
Task 3 : Histological grade - Micro F1 score 0.735294117647
Average loss:  0.984106272459
