Importing candle utils for keras
Configuration file:  /gpfs/mira-home/apeck/Modified_Benchmarks/Pilot3/P3B1/p3b1_default_model.txt
{'activation': 'relu',
 'batch_size': 10,
 'data_url': 'ftp://ftp.mcs.anl.gov/pub/candle/public/benchmarks/P3B1/',
 'drop': 0.0,
 'epochs': 10,
 'feature_names': 'Primary site:Tumor laterality:Histological grade',
 'ind_nnet_spec': [[2400, 2400, 1200, 1200],
                   [2400, 2400, 1200, 1200],
                   [2400, 2400, 1200, 1200]],
 'initialization': 'glorot_uniform',
 'learning_rate': 0.01,
 'loss': 'categorical_crossentropy',
 'metrics': 'accuracy',
 'model_name': 'p3b1',
 'n_fold': 1,
 'optimizer': 'sgd',
 'out_activation': 'softmax',
 'output_dir': '.',
 'scaling': 'none',
 'shared_nnet_spec': [1200,
                      2400,
                      3600,
                      3600,
                      3600,
                      3600,
                      3600,
                      3600,
                      3600,
                      2400],
 'shuffle': True,
 'timeout': 1800,
 'train_data': 'P3B1_data.tar.gz'}
Params:
{'activation': 'relu',
 'batch_size': 10,
 'case': 'CenterZ',
 'data_url': 'ftp://ftp.mcs.anl.gov/pub/candle/public/benchmarks/P3B1/',
 'datatype': <class 'numpy.float32'>,
 'drop': 0.0,
 'epochs': 10,
 'experiment_id': 'EXP000',
 'feature_names': 'Primary site:Tumor laterality:Histological grade',
 'fig': False,
 'gpus': [],
 'ind_nnet_spec': [[2400, 2400, 1200, 1200],
                   [2400, 2400, 1200, 1200],
                   [2400, 2400, 1200, 1200]],
 'initialization': 'glorot_uniform',
 'learning_rate': 0.01,
 'logfile': None,
 'loss': 'categorical_crossentropy',
 'metrics': 'accuracy',
 'model_name': 'p3b1',
 'n_fold': 1,
 'optimizer': 'sgd',
 'out_activation': 'softmax',
 'output_dir': '/gpfs/mira-home/apeck/CANDLE_testing/avery_modified_results/p3_1',
 'output_files': 'result0_0.csv;result1_0.csv;result2_0.csv',
 'rng_seed': 7102,
 'run_id': 'RUN000',
 'scaling': 'none',
 'shared_nnet_spec': [1200,
                      2400,
                      3600,
                      3600,
                      3600,
                      3600,
                      3600,
                      3600,
                      3600,
                      2400],
 'shuffle': False,
 'timeout': 1800,
 'train_bool': True,
 'train_data': 'P3B1_data.tar.gz',
 'train_features': 'data/task0_0_train_feature.csv;data/task1_0_train_feature.csv;data/task2_0_train_feature.csv',
 'train_truths': 'data/task0_0_train_label.csv;data/task1_0_train_label.csv;data/task2_0_train_label.csv',
 'valid_features': 'data/task0_0_test_feature.csv;data/task1_0_test_feature.csv;data/task2_0_test_feature.csv',
 'valid_truths': 'data/task0_0_test_label.csv;data/task1_0_test_label.csv;data/task2_0_test_label.csv',
 'verbose': None}
Feature names:
Primary site
Tumor laterality
Histological grade
Model:  0
_________________________________________________________________
Layer (type)                 Output Shape              Param #   
=================================================================
input (InputLayer)           (None, 400)               0         
_________________________________________________________________
indiv_layer_0_0 (Dense)      (None, 2400)              962400    
_________________________________________________________________
indiv_layer_0_1 (Dense)      (None, 2400)              5762400   
_________________________________________________________________
indiv_layer_0_2 (Dense)      (None, 1200)              2881200   
_________________________________________________________________
indiv_layer_0_3 (Dense)      (None, 1200)              1441200   
_________________________________________________________________
out_0 (Dense)                (None, 13)                15613     
=================================================================
Total params: 11,062,813
Trainable params: 11,062,813
Non-trainable params: 0
_________________________________________________________________
Model:  1
_________________________________________________________________
Layer (type)                 Output Shape              Param #   
=================================================================
input (InputLayer)           (None, 400)               0         
_________________________________________________________________
indiv_layer_1_0 (Dense)      (None, 2400)              962400    
_________________________________________________________________
indiv_layer_1_1 (Dense)      (None, 2400)              5762400   
_________________________________________________________________
indiv_layer_1_2 (Dense)      (None, 1200)              2881200   
_________________________________________________________________
indiv_layer_1_3 (Dense)      (None, 1200)              1441200   
_________________________________________________________________
out_1 (Dense)                (None, 2)                 2402      
=================================================================
Total params: 11,049,602
Trainable params: 11,049,602
Non-trainable params: 0
_________________________________________________________________
Model:  2
_________________________________________________________________
Layer (type)                 Output Shape              Param #   
=================================================================
input (InputLayer)           (None, 400)               0         
_________________________________________________________________
indiv_layer_2_0 (Dense)      (None, 2400)              962400    
_________________________________________________________________
indiv_layer_2_1 (Dense)      (None, 2400)              5762400   
_________________________________________________________________
indiv_layer_2_2 (Dense)      (None, 1200)              2881200   
_________________________________________________________________
indiv_layer_2_3 (Dense)      (None, 1200)              1441200   
_________________________________________________________________
out_2 (Dense)                (None, 4)                 4804      
=================================================================
Total params: 11,052,004
Trainable params: 11,052,004
Non-trainable params: 0
_________________________________________________________________
Train on 3900 samples, validate on 99 samples
Epoch 1/1

  10/3900 [..............................] - ETA: 10:57 - loss: 2.5616 - acc: 0.1000
  60/3900 [..............................] - ETA: 1:51 - loss: 2.5657 - acc: 0.1000 
 110/3900 [..............................] - ETA: 1:02 - loss: 2.5650 - acc: 0.0818
 160/3900 [>.............................] - ETA: 43s - loss: 2.5649 - acc: 0.0750 
 210/3900 [>.............................] - ETA: 33s - loss: 2.5648 - acc: 0.0762
 260/3900 [=>............................] - ETA: 27s - loss: 2.5651 - acc: 0.0731
 310/3900 [=>............................] - ETA: 23s - loss: 2.5651 - acc: 0.0710
 360/3900 [=>............................] - ETA: 20s - loss: 2.5651 - acc: 0.0722
 410/3900 [==>...........................] - ETA: 18s - loss: 2.5649 - acc: 0.0780
 470/3900 [==>...........................] - ETA: 16s - loss: 2.5643 - acc: 0.0894
 520/3900 [===>..........................] - ETA: 14s - loss: 2.5641 - acc: 0.0904
 580/3900 [===>..........................] - ETA: 13s - loss: 2.5638 - acc: 0.0897
 640/3900 [===>..........................] - ETA: 12s - loss: 2.5636 - acc: 0.0859
 690/3900 [====>.........................] - ETA: 11s - loss: 2.5634 - acc: 0.0870
 750/3900 [====>.........................] - ETA: 10s - loss: 2.5629 - acc: 0.0907
 810/3900 [=====>........................] - ETA: 9s - loss: 2.5628 - acc: 0.0889 
 870/3900 [=====>........................] - ETA: 8s - loss: 2.5625 - acc: 0.0862
 930/3900 [======>.......................] - ETA: 8s - loss: 2.5622 - acc: 0.0925
 990/3900 [======>.......................] - ETA: 7s - loss: 2.5618 - acc: 0.0970
1050/3900 [=======>......................] - ETA: 7s - loss: 2.5616 - acc: 0.0962
1110/3900 [=======>......................] - ETA: 7s - loss: 2.5612 - acc: 0.0982
1170/3900 [========>.....................] - ETA: 6s - loss: 2.5609 - acc: 0.0974
1230/3900 [========>.....................] - ETA: 6s - loss: 2.5606 - acc: 0.1008
1290/3900 [========>.....................] - ETA: 5s - loss: 2.5604 - acc: 0.1023
1350/3900 [=========>....................] - ETA: 5s - loss: 2.5603 - acc: 0.1037
1410/3900 [=========>....................] - ETA: 5s - loss: 2.5600 - acc: 0.1064
1470/3900 [==========>...................] - ETA: 5s - loss: 2.5597 - acc: 0.1136
1530/3900 [==========>...................] - ETA: 4s - loss: 2.5597 - acc: 0.1150
1590/3900 [===========>..................] - ETA: 4s - loss: 2.5596 - acc: 0.1182
1650/3900 [===========>..................] - ETA: 4s - loss: 2.5593 - acc: 0.1255
1710/3900 [============>.................] - ETA: 4s - loss: 2.5591 - acc: 0.1292
1770/3900 [============>.................] - ETA: 4s - loss: 2.5587 - acc: 0.1362
1830/3900 [=============>................] - ETA: 3s - loss: 2.5585 - acc: 0.1377
1890/3900 [=============>................] - ETA: 3s - loss: 2.5582 - acc: 0.1392
1950/3900 [==============>...............] - ETA: 3s - loss: 2.5580 - acc: 0.1395
2010/3900 [==============>...............] - ETA: 3s - loss: 2.5579 - acc: 0.1388
2070/3900 [==============>...............] - ETA: 3s - loss: 2.5576 - acc: 0.1444
2130/3900 [===============>..............] - ETA: 3s - loss: 2.5573 - acc: 0.1479
2190/3900 [===============>..............] - ETA: 2s - loss: 2.5571 - acc: 0.1493
2250/3900 [================>.............] - ETA: 2s - loss: 2.5568 - acc: 0.1516
2310/3900 [================>.............] - ETA: 2s - loss: 2.5566 - acc: 0.1528
2370/3900 [=================>............] - ETA: 2s - loss: 2.5564 - acc: 0.1570
2430/3900 [=================>............] - ETA: 2s - loss: 2.5561 - acc: 0.1588
2490/3900 [==================>...........] - ETA: 2s - loss: 2.5558 - acc: 0.1610
2550/3900 [==================>...........] - ETA: 2s - loss: 2.5556 - acc: 0.1631
2610/3900 [===================>..........] - ETA: 2s - loss: 2.5553 - acc: 0.1648
2670/3900 [===================>..........] - ETA: 1s - loss: 2.5552 - acc: 0.1659
2730/3900 [====================>.........] - ETA: 1s - loss: 2.5551 - acc: 0.1692
2790/3900 [====================>.........] - ETA: 1s - loss: 2.5548 - acc: 0.1731
2850/3900 [====================>.........] - ETA: 1s - loss: 2.5546 - acc: 0.1761
2910/3900 [=====================>........] - ETA: 1s - loss: 2.5543 - acc: 0.1780
2970/3900 [=====================>........] - ETA: 1s - loss: 2.5541 - acc: 0.1805
3030/3900 [======================>.......] - ETA: 1s - loss: 2.5539 - acc: 0.1815
3090/3900 [======================>.......] - ETA: 1s - loss: 2.5537 - acc: 0.1835
3150/3900 [=======================>......] - ETA: 1s - loss: 2.5534 - acc: 0.1857
3210/3900 [=======================>......] - ETA: 1s - loss: 2.5532 - acc: 0.1897
3270/3900 [========================>.....] - ETA: 0s - loss: 2.5530 - acc: 0.1908
3330/3900 [========================>.....] - ETA: 0s - loss: 2.5528 - acc: 0.1937
3390/3900 [=========================>....] - ETA: 0s - loss: 2.5525 - acc: 0.1976
3450/3900 [=========================>....] - ETA: 0s - loss: 2.5522 - acc: 0.2038
3510/3900 [==========================>...] - ETA: 0s - loss: 2.5519 - acc: 0.2080
3570/3900 [==========================>...] - ETA: 0s - loss: 2.5516 - acc: 0.2115
3630/3900 [==========================>...] - ETA: 0s - loss: 2.5513 - acc: 0.2149
3690/3900 [===========================>..] - ETA: 0s - loss: 2.5511 - acc: 0.2152
3750/3900 [===========================>..] - ETA: 0s - loss: 2.5509 - acc: 0.2155
3810/3900 [============================>.] - ETA: 0s - loss: 2.5505 - acc: 0.2176
3870/3900 [============================>.] - ETA: 0s - loss: 2.5503 - acc: 0.2204
3900/3900 [==============================] - 5s 1ms/step - loss: 2.5502 - acc: 0.2223 - val_loss: 2.5402 - val_acc: 0.3939
Current time ....5.341
Train on 600 samples, validate on 86 samples
Epoch 1/1

 10/600 [..............................] - ETA: 19s - loss: 0.6883 - acc: 0.5000
 70/600 [==>...........................] - ETA: 2s - loss: 0.6866 - acc: 0.5429 
130/600 [=====>........................] - ETA: 1s - loss: 0.6804 - acc: 0.5846
190/600 [========>.....................] - ETA: 1s - loss: 0.6774 - acc: 0.6053
250/600 [===========>..................] - ETA: 0s - loss: 0.6728 - acc: 0.6560
310/600 [==============>...............] - ETA: 0s - loss: 0.6683 - acc: 0.6774
370/600 [=================>............] - ETA: 0s - loss: 0.6646 - acc: 0.6811
430/600 [====================>.........] - ETA: 0s - loss: 0.6564 - acc: 0.6977
490/600 [=======================>......] - ETA: 0s - loss: 0.6534 - acc: 0.7000
540/600 [==========================>...] - ETA: 0s - loss: 0.6491 - acc: 0.7130
600/600 [==============================] - 1s 1ms/step - loss: 0.6442 - acc: 0.7350 - val_loss: 0.6092 - val_acc: 0.8488
Current time ....0.893
Train on 1200 samples, validate on 68 samples
Epoch 1/1

  10/1200 [..............................] - ETA: 32s - loss: 1.3902 - acc: 0.2000
  70/1200 [>.............................] - ETA: 5s - loss: 1.3988 - acc: 0.1857 
 130/1200 [==>...........................] - ETA: 3s - loss: 1.3931 - acc: 0.2308
 190/1200 [===>..........................] - ETA: 2s - loss: 1.3850 - acc: 0.2632
 250/1200 [=====>........................] - ETA: 1s - loss: 1.3761 - acc: 0.2680
 310/1200 [======>.......................] - ETA: 1s - loss: 1.3676 - acc: 0.2839
 370/1200 [========>.....................] - ETA: 1s - loss: 1.3642 - acc: 0.2973
 430/1200 [=========>....................] - ETA: 1s - loss: 1.3565 - acc: 0.3186
 490/1200 [===========>..................] - ETA: 1s - loss: 1.3513 - acc: 0.3327
 550/1200 [============>.................] - ETA: 0s - loss: 1.3462 - acc: 0.3509
 610/1200 [==============>...............] - ETA: 0s - loss: 1.3404 - acc: 0.3754
 670/1200 [===============>..............] - ETA: 0s - loss: 1.3365 - acc: 0.3881
 730/1200 [=================>............] - ETA: 0s - loss: 1.3308 - acc: 0.4055
 790/1200 [==================>...........] - ETA: 0s - loss: 1.3265 - acc: 0.4127
 850/1200 [====================>.........] - ETA: 0s - loss: 1.3205 - acc: 0.4247
 900/1200 [=====================>........] - ETA: 0s - loss: 1.3153 - acc: 0.4289
 960/1200 [=======================>......] - ETA: 0s - loss: 1.3101 - acc: 0.4406
1020/1200 [========================>.....] - ETA: 0s - loss: 1.3079 - acc: 0.4431
1080/1200 [==========================>...] - ETA: 0s - loss: 1.3017 - acc: 0.4546
1140/1200 [===========================>..] - ETA: 0s - loss: 1.2983 - acc: 0.4596
1200/1200 [==============================] - 1s 1ms/step - loss: 1.2923 - acc: 0.4658 - val_loss: 1.2769 - val_acc: 0.3824
Current time ....1.365
Train on 3900 samples, validate on 99 samples
Epoch 1/1

  10/3900 [..............................] - ETA: 3s - loss: 2.5376 - acc: 0.4000
  70/3900 [..............................] - ETA: 3s - loss: 2.5279 - acc: 0.6143
 130/3900 [>.............................] - ETA: 3s - loss: 2.5292 - acc: 0.5692
 190/3900 [>.............................] - ETA: 3s - loss: 2.5294 - acc: 0.4842
 250/3900 [>.............................] - ETA: 3s - loss: 2.5296 - acc: 0.4400
 310/3900 [=>............................] - ETA: 3s - loss: 2.5299 - acc: 0.4097
 370/3900 [=>............................] - ETA: 3s - loss: 2.5297 - acc: 0.4054
 430/3900 [==>...........................] - ETA: 3s - loss: 2.5289 - acc: 0.4070
 490/3900 [==>...........................] - ETA: 3s - loss: 2.5286 - acc: 0.4041
 550/3900 [===>..........................] - ETA: 3s - loss: 2.5281 - acc: 0.4073
 610/3900 [===>..........................] - ETA: 2s - loss: 2.5272 - acc: 0.4148
 670/3900 [====>.........................] - ETA: 2s - loss: 2.5274 - acc: 0.4075
 730/3900 [====>.........................] - ETA: 2s - loss: 2.5272 - acc: 0.3959
 790/3900 [=====>........................] - ETA: 2s - loss: 2.5268 - acc: 0.3899
 850/3900 [=====>........................] - ETA: 2s - loss: 2.5263 - acc: 0.3847
 910/3900 [======>.......................] - ETA: 2s - loss: 2.5257 - acc: 0.3835
 970/3900 [======>.......................] - ETA: 2s - loss: 2.5257 - acc: 0.3784
1030/3900 [======>.......................] - ETA: 2s - loss: 2.5254 - acc: 0.3767
1090/3900 [=======>......................] - ETA: 2s - loss: 2.5252 - acc: 0.3826
1150/3900 [=======>......................] - ETA: 2s - loss: 2.5249 - acc: 0.3861
1210/3900 [========>.....................] - ETA: 2s - loss: 2.5244 - acc: 0.3917
1270/3900 [========>.....................] - ETA: 2s - loss: 2.5240 - acc: 0.3921
1330/3900 [=========>....................] - ETA: 2s - loss: 2.5234 - acc: 0.3970
1390/3900 [=========>....................] - ETA: 2s - loss: 2.5232 - acc: 0.4007
1450/3900 [==========>...................] - ETA: 2s - loss: 2.5231 - acc: 0.4000
1510/3900 [==========>...................] - ETA: 2s - loss: 2.5226 - acc: 0.4046
1570/3900 [===========>..................] - ETA: 2s - loss: 2.5224 - acc: 0.4025
1630/3900 [===========>..................] - ETA: 2s - loss: 2.5220 - acc: 0.4049
1690/3900 [============>.................] - ETA: 1s - loss: 2.5214 - acc: 0.4112
1750/3900 [============>.................] - ETA: 1s - loss: 2.5209 - acc: 0.4160
1810/3900 [============>.................] - ETA: 1s - loss: 2.5205 - acc: 0.4193
1870/3900 [=============>................] - ETA: 1s - loss: 2.5200 - acc: 0.4246
1930/3900 [=============>................] - ETA: 1s - loss: 2.5196 - acc: 0.4254
1990/3900 [==============>...............] - ETA: 1s - loss: 2.5188 - acc: 0.4286
2050/3900 [==============>...............] - ETA: 1s - loss: 2.5182 - acc: 0.4312
2110/3900 [===============>..............] - ETA: 1s - loss: 2.5178 - acc: 0.4303
2170/3900 [===============>..............] - ETA: 1s - loss: 2.5174 - acc: 0.4313
2220/3900 [================>.............] - ETA: 1s - loss: 2.5168 - acc: 0.4320
2280/3900 [================>.............] - ETA: 1s - loss: 2.5161 - acc: 0.4325
2340/3900 [=================>............] - ETA: 1s - loss: 2.5156 - acc: 0.4325
2400/3900 [=================>............] - ETA: 1s - loss: 2.5151 - acc: 0.4325
2460/3900 [=================>............] - ETA: 1s - loss: 2.5147 - acc: 0.4305
2520/3900 [==================>...........] - ETA: 1s - loss: 2.5141 - acc: 0.4310
2580/3900 [==================>...........] - ETA: 1s - loss: 2.5135 - acc: 0.4329
2640/3900 [===================>..........] - ETA: 1s - loss: 2.5130 - acc: 0.4322
2700/3900 [===================>..........] - ETA: 1s - loss: 2.5128 - acc: 0.4296
2760/3900 [====================>.........] - ETA: 1s - loss: 2.5124 - acc: 0.4304
2820/3900 [====================>.........] - ETA: 0s - loss: 2.5119 - acc: 0.4319
2880/3900 [=====================>........] - ETA: 0s - loss: 2.5115 - acc: 0.4333
2940/3900 [=====================>........] - ETA: 0s - loss: 2.5109 - acc: 0.4344
3000/3900 [======================>.......] - ETA: 0s - loss: 2.5103 - acc: 0.4340
3060/3900 [======================>.......] - ETA: 0s - loss: 2.5097 - acc: 0.4320
3120/3900 [=======================>......] - ETA: 0s - loss: 2.5092 - acc: 0.4330
3180/3900 [=======================>......] - ETA: 0s - loss: 2.5085 - acc: 0.4358
3240/3900 [=======================>......] - ETA: 0s - loss: 2.5079 - acc: 0.4370
3300/3900 [========================>.....] - ETA: 0s - loss: 2.5072 - acc: 0.4397
3360/3900 [========================>.....] - ETA: 0s - loss: 2.5065 - acc: 0.4417
3420/3900 [=========================>....] - ETA: 0s - loss: 2.5059 - acc: 0.4442
3480/3900 [=========================>....] - ETA: 0s - loss: 2.5052 - acc: 0.4468
3540/3900 [==========================>...] - ETA: 0s - loss: 2.5045 - acc: 0.4494
3600/3900 [==========================>...] - ETA: 0s - loss: 2.5038 - acc: 0.4500
3660/3900 [===========================>..] - ETA: 0s - loss: 2.5031 - acc: 0.4514
3720/3900 [===========================>..] - ETA: 0s - loss: 2.5024 - acc: 0.4516
3780/3900 [============================>.] - ETA: 0s - loss: 2.5017 - acc: 0.4524
3840/3900 [============================>.] - ETA: 0s - loss: 2.5010 - acc: 0.4536
3900/3900 [==============================] - 4s 912us/step - loss: 2.5003 - acc: 0.4541 - val_loss: 2.4753 - val_acc: 0.4545
Current time ....3.557
Train on 600 samples, validate on 86 samples
Epoch 1/1

 10/600 [..............................] - ETA: 0s - loss: 0.5412 - acc: 1.0000
 70/600 [==>...........................] - ETA: 0s - loss: 0.5907 - acc: 0.9429
130/600 [=====>........................] - ETA: 0s - loss: 0.5806 - acc: 0.9385
190/600 [========>.....................] - ETA: 0s - loss: 0.5748 - acc: 0.9474
250/600 [===========>..................] - ETA: 0s - loss: 0.5656 - acc: 0.9480
310/600 [==============>...............] - ETA: 0s - loss: 0.5647 - acc: 0.9484
370/600 [=================>............] - ETA: 0s - loss: 0.5529 - acc: 0.9486
430/600 [====================>.........] - ETA: 0s - loss: 0.5424 - acc: 0.9512
490/600 [=======================>......] - ETA: 0s - loss: 0.5408 - acc: 0.9490
550/600 [==========================>...] - ETA: 0s - loss: 0.5319 - acc: 0.9491
600/600 [==============================] - 1s 922us/step - loss: 0.5256 - acc: 0.9500 - val_loss: 0.5281 - val_acc: 0.8372
Current time ....0.554
Train on 1200 samples, validate on 68 samples
Epoch 1/1

  10/1200 [..............................] - ETA: 1s - loss: 1.0049 - acc: 0.9000
  70/1200 [>.............................] - ETA: 1s - loss: 1.1172 - acc: 0.6429
 130/1200 [==>...........................] - ETA: 0s - loss: 1.1302 - acc: 0.6692
 190/1200 [===>..........................] - ETA: 0s - loss: 1.1303 - acc: 0.6368
 250/1200 [=====>........................] - ETA: 0s - loss: 1.1432 - acc: 0.6000
 310/1200 [======>.......................] - ETA: 0s - loss: 1.1338 - acc: 0.6194
 370/1200 [========>.....................] - ETA: 0s - loss: 1.1282 - acc: 0.6189
 430/1200 [=========>....................] - ETA: 0s - loss: 1.1225 - acc: 0.6326
 490/1200 [===========>..................] - ETA: 0s - loss: 1.1053 - acc: 0.6490
 550/1200 [============>.................] - ETA: 0s - loss: 1.0985 - acc: 0.6545
 610/1200 [==============>...............] - ETA: 0s - loss: 1.0950 - acc: 0.6508
 670/1200 [===============>..............] - ETA: 0s - loss: 1.0933 - acc: 0.6448
 730/1200 [=================>............] - ETA: 0s - loss: 1.0902 - acc: 0.6397
 790/1200 [==================>...........] - ETA: 0s - loss: 1.0826 - acc: 0.6405
 850/1200 [====================>.........] - ETA: 0s - loss: 1.0785 - acc: 0.6329
 910/1200 [=====================>........] - ETA: 0s - loss: 1.0755 - acc: 0.6308
 970/1200 [=======================>......] - ETA: 0s - loss: 1.0672 - acc: 0.6340
1030/1200 [========================>.....] - ETA: 0s - loss: 1.0620 - acc: 0.6320
1090/1200 [==========================>...] - ETA: 0s - loss: 1.0563 - acc: 0.6284
1150/1200 [===========================>..] - ETA: 0s - loss: 1.0464 - acc: 0.6313
1200/1200 [==============================] - 1s 910us/step - loss: 1.0480 - acc: 0.6292 - val_loss: 1.0966 - val_acc: 0.4265
Current time ....1.093
Train on 3900 samples, validate on 99 samples
Epoch 1/1

  10/3900 [..............................] - ETA: 3s - loss: 2.4475 - acc: 0.4000
  70/3900 [..............................] - ETA: 3s - loss: 2.4366 - acc: 0.5714
 130/3900 [>.............................] - ETA: 3s - loss: 2.4430 - acc: 0.5385
 190/3900 [>.............................] - ETA: 3s - loss: 2.4418 - acc: 0.5632
 250/3900 [>.............................] - ETA: 3s - loss: 2.4437 - acc: 0.5320
 310/3900 [=>............................] - ETA: 3s - loss: 2.4428 - acc: 0.5194
 370/3900 [=>............................] - ETA: 3s - loss: 2.4408 - acc: 0.5081
 430/3900 [==>...........................] - ETA: 3s - loss: 2.4381 - acc: 0.5070
 490/3900 [==>...........................] - ETA: 3s - loss: 2.4372 - acc: 0.4980
 550/3900 [===>..........................] - ETA: 3s - loss: 2.4356 - acc: 0.4909
 610/3900 [===>..........................] - ETA: 2s - loss: 2.4346 - acc: 0.4918
 670/3900 [====>.........................] - ETA: 2s - loss: 2.4339 - acc: 0.4821
 730/3900 [====>.........................] - ETA: 2s - loss: 2.4327 - acc: 0.4836
 790/3900 [=====>........................] - ETA: 2s - loss: 2.4318 - acc: 0.4835
 850/3900 [=====>........................] - ETA: 2s - loss: 2.4312 - acc: 0.4812
 910/3900 [======>.......................] - ETA: 2s - loss: 2.4298 - acc: 0.4780
 970/3900 [======>.......................] - ETA: 2s - loss: 2.4289 - acc: 0.4742
1030/3900 [======>.......................] - ETA: 2s - loss: 2.4269 - acc: 0.4825
1090/3900 [=======>......................] - ETA: 2s - loss: 2.4254 - acc: 0.4780
1150/3900 [=======>......................] - ETA: 2s - loss: 2.4235 - acc: 0.4739
1210/3900 [========>.....................] - ETA: 2s - loss: 2.4224 - acc: 0.4752
1270/3900 [========>.....................] - ETA: 2s - loss: 2.4211 - acc: 0.4772
1330/3900 [=========>....................] - ETA: 2s - loss: 2.4196 - acc: 0.4782
1390/3900 [=========>....................] - ETA: 2s - loss: 2.4182 - acc: 0.4813
1450/3900 [==========>...................] - ETA: 2s - loss: 2.4165 - acc: 0.4834
1510/3900 [==========>...................] - ETA: 2s - loss: 2.4147 - acc: 0.4854
1570/3900 [===========>..................] - ETA: 2s - loss: 2.4128 - acc: 0.4879
1630/3900 [===========>..................] - ETA: 2s - loss: 2.4111 - acc: 0.4908
1690/3900 [============>.................] - ETA: 1s - loss: 2.4095 - acc: 0.4899
1750/3900 [============>.................] - ETA: 1s - loss: 2.4074 - acc: 0.4897
1810/3900 [============>.................] - ETA: 1s - loss: 2.4051 - acc: 0.4895
1870/3900 [=============>................] - ETA: 1s - loss: 2.4031 - acc: 0.4888
1930/3900 [=============>................] - ETA: 1s - loss: 2.4013 - acc: 0.4850
1990/3900 [==============>...............] - ETA: 1s - loss: 2.3988 - acc: 0.4854
2050/3900 [==============>...............] - ETA: 1s - loss: 2.3960 - acc: 0.4878
2110/3900 [===============>..............] - ETA: 1s - loss: 2.3944 - acc: 0.4867
2170/3900 [===============>..............] - ETA: 1s - loss: 2.3920 - acc: 0.4834
2230/3900 [================>.............] - ETA: 1s - loss: 2.3908 - acc: 0.4776
2290/3900 [================>.............] - ETA: 1s - loss: 2.3888 - acc: 0.4751
2350/3900 [=================>............] - ETA: 1s - loss: 2.3869 - acc: 0.4715
2410/3900 [=================>............] - ETA: 1s - loss: 2.3848 - acc: 0.4697
2470/3900 [==================>...........] - ETA: 1s - loss: 2.3828 - acc: 0.4680
2530/3900 [==================>...........] - ETA: 1s - loss: 2.3806 - acc: 0.4684
2590/3900 [==================>...........] - ETA: 1s - loss: 2.3789 - acc: 0.4656
2650/3900 [===================>..........] - ETA: 1s - loss: 2.3768 - acc: 0.4660
2710/3900 [===================>..........] - ETA: 1s - loss: 2.3746 - acc: 0.4649
2770/3900 [====================>.........] - ETA: 1s - loss: 2.3721 - acc: 0.4646
2830/3900 [====================>.........] - ETA: 0s - loss: 2.3695 - acc: 0.4625
2890/3900 [=====================>........] - ETA: 0s - loss: 2.3672 - acc: 0.4619
2950/3900 [=====================>........] - ETA: 0s - loss: 2.3644 - acc: 0.4627
3010/3900 [======================>.......] - ETA: 0s - loss: 2.3618 - acc: 0.4635
3070/3900 [======================>.......] - ETA: 0s - loss: 2.3588 - acc: 0.4658
3130/3900 [=======================>......] - ETA: 0s - loss: 2.3565 - acc: 0.4658
3190/3900 [=======================>......] - ETA: 0s - loss: 2.3540 - acc: 0.4649
3250/3900 [========================>.....] - ETA: 0s - loss: 2.3512 - acc: 0.4628
3310/3900 [========================>.....] - ETA: 0s - loss: 2.3488 - acc: 0.4647
3370/3900 [========================>.....] - ETA: 0s - loss: 2.3460 - acc: 0.4650
3430/3900 [=========================>....] - ETA: 0s - loss: 2.3437 - acc: 0.4653
3490/3900 [=========================>....] - ETA: 0s - loss: 2.3407 - acc: 0.4682
3550/3900 [==========================>...] - ETA: 0s - loss: 2.3380 - acc: 0.4679
3610/3900 [==========================>...] - ETA: 0s - loss: 2.3361 - acc: 0.4659
3670/3900 [===========================>..] - ETA: 0s - loss: 2.3326 - acc: 0.4689
3730/3900 [===========================>..] - ETA: 0s - loss: 2.3295 - acc: 0.4710
3790/3900 [============================>.] - ETA: 0s - loss: 2.3264 - acc: 0.4715
3850/3900 [============================>.] - ETA: 0s - loss: 2.3235 - acc: 0.4727
3900/3900 [==============================] - 4s 907us/step - loss: 2.3209 - acc: 0.4721 - val_loss: 2.1879 - val_acc: 0.3636
Current time ....3.539
Train on 600 samples, validate on 86 samples
Epoch 1/1

 10/600 [..............................] - ETA: 0s - loss: 0.3309 - acc: 0.9000
 70/600 [==>...........................] - ETA: 0s - loss: 0.4199 - acc: 0.9429
130/600 [=====>........................] - ETA: 0s - loss: 0.4106 - acc: 0.9538
190/600 [========>.....................] - ETA: 0s - loss: 0.4070 - acc: 0.9684
250/600 [===========>..................] - ETA: 0s - loss: 0.4062 - acc: 0.9560
310/600 [==============>...............] - ETA: 0s - loss: 0.4073 - acc: 0.9548
370/600 [=================>............] - ETA: 0s - loss: 0.4004 - acc: 0.9622
430/600 [====================>.........] - ETA: 0s - loss: 0.3962 - acc: 0.9651
490/600 [=======================>......] - ETA: 0s - loss: 0.3876 - acc: 0.9673
550/600 [==========================>...] - ETA: 0s - loss: 0.3758 - acc: 0.9709
600/600 [==============================] - 1s 921us/step - loss: 0.3666 - acc: 0.9733 - val_loss: 0.4114 - val_acc: 0.8837
Current time ....0.553
Train on 1200 samples, validate on 68 samples
Epoch 1/1

  10/1200 [..............................] - ETA: 1s - loss: 1.0664 - acc: 0.5000
  70/1200 [>.............................] - ETA: 1s - loss: 1.0243 - acc: 0.6286
 130/1200 [==>...........................] - ETA: 0s - loss: 0.9425 - acc: 0.6538
 190/1200 [===>..........................] - ETA: 0s - loss: 0.9253 - acc: 0.6684
 250/1200 [=====>........................] - ETA: 0s - loss: 0.9161 - acc: 0.6640
 310/1200 [======>.......................] - ETA: 0s - loss: 0.9191 - acc: 0.6645
 370/1200 [========>.....................] - ETA: 0s - loss: 0.8988 - acc: 0.6811
 430/1200 [=========>....................] - ETA: 0s - loss: 0.8882 - acc: 0.6907
 490/1200 [===========>..................] - ETA: 0s - loss: 0.8819 - acc: 0.6939
 550/1200 [============>.................] - ETA: 0s - loss: 0.8770 - acc: 0.6964
 610/1200 [==============>...............] - ETA: 0s - loss: 0.8806 - acc: 0.6820
 670/1200 [===============>..............] - ETA: 0s - loss: 0.8617 - acc: 0.6910
 730/1200 [=================>............] - ETA: 0s - loss: 0.8578 - acc: 0.6918
 790/1200 [==================>...........] - ETA: 0s - loss: 0.8422 - acc: 0.7000
 850/1200 [====================>.........] - ETA: 0s - loss: 0.8420 - acc: 0.6953
 910/1200 [=====================>........] - ETA: 0s - loss: 0.8374 - acc: 0.6989
 970/1200 [=======================>......] - ETA: 0s - loss: 0.8338 - acc: 0.7000
1030/1200 [========================>.....] - ETA: 0s - loss: 0.8267 - acc: 0.7029
1090/1200 [==========================>...] - ETA: 0s - loss: 0.8193 - acc: 0.7083
1150/1200 [===========================>..] - ETA: 0s - loss: 0.8168 - acc: 0.7078
1200/1200 [==============================] - 1s 902us/step - loss: 0.8128 - acc: 0.7075 - val_loss: 0.9806 - val_acc: 0.5147
Current time ....1.083
Train on 3900 samples, validate on 99 samples
Epoch 1/1

  10/3900 [..............................] - ETA: 3s - loss: 2.0274 - acc: 0.8000
  70/3900 [..............................] - ETA: 3s - loss: 2.0909 - acc: 0.4714
 130/3900 [>.............................] - ETA: 3s - loss: 2.0902 - acc: 0.5000
 190/3900 [>.............................] - ETA: 3s - loss: 2.0893 - acc: 0.5105
 250/3900 [>.............................] - ETA: 3s - loss: 2.0945 - acc: 0.4920
 310/3900 [=>............................] - ETA: 3s - loss: 2.0996 - acc: 0.4871
 370/3900 [=>............................] - ETA: 3s - loss: 2.1000 - acc: 0.4595
 430/3900 [==>...........................] - ETA: 3s - loss: 2.0929 - acc: 0.4651
 490/3900 [==>...........................] - ETA: 3s - loss: 2.0855 - acc: 0.4571
 550/3900 [===>..........................] - ETA: 2s - loss: 2.0857 - acc: 0.4564
 610/3900 [===>..........................] - ETA: 2s - loss: 2.0862 - acc: 0.4475
 670/3900 [====>.........................] - ETA: 2s - loss: 2.0779 - acc: 0.4493
 730/3900 [====>.........................] - ETA: 2s - loss: 2.0722 - acc: 0.4493
 790/3900 [=====>........................] - ETA: 2s - loss: 2.0737 - acc: 0.4418
 850/3900 [=====>........................] - ETA: 2s - loss: 2.0698 - acc: 0.4376
 910/3900 [======>.......................] - ETA: 2s - loss: 2.0682 - acc: 0.4341
 970/3900 [======>.......................] - ETA: 2s - loss: 2.0658 - acc: 0.4278
1030/3900 [======>.......................] - ETA: 2s - loss: 2.0594 - acc: 0.4262
1090/3900 [=======>......................] - ETA: 2s - loss: 2.0585 - acc: 0.4220
1150/3900 [=======>......................] - ETA: 2s - loss: 2.0551 - acc: 0.4165
1210/3900 [========>.....................] - ETA: 2s - loss: 2.0520 - acc: 0.4198
1270/3900 [========>.....................] - ETA: 2s - loss: 2.0524 - acc: 0.4197
1330/3900 [=========>....................] - ETA: 2s - loss: 2.0478 - acc: 0.4173
1390/3900 [=========>....................] - ETA: 2s - loss: 2.0446 - acc: 0.4187
1450/3900 [==========>...................] - ETA: 2s - loss: 2.0414 - acc: 0.4214
1510/3900 [==========>...................] - ETA: 2s - loss: 2.0369 - acc: 0.4212
1570/3900 [===========>..................] - ETA: 2s - loss: 2.0357 - acc: 0.4166
1630/3900 [===========>..................] - ETA: 2s - loss: 2.0337 - acc: 0.4123
1690/3900 [============>.................] - ETA: 1s - loss: 2.0320 - acc: 0.4083
1750/3900 [============>.................] - ETA: 1s - loss: 2.0300 - acc: 0.4080
1810/3900 [============>.................] - ETA: 1s - loss: 2.0271 - acc: 0.4149
1870/3900 [=============>................] - ETA: 1s - loss: 2.0242 - acc: 0.4182
1930/3900 [=============>................] - ETA: 1s - loss: 2.0190 - acc: 0.4228
1990/3900 [==============>...............] - ETA: 1s - loss: 2.0148 - acc: 0.4246
2050/3900 [==============>...............] - ETA: 1s - loss: 2.0111 - acc: 0.4254
2110/3900 [===============>..............] - ETA: 1s - loss: 2.0095 - acc: 0.4227
2170/3900 [===============>..............] - ETA: 1s - loss: 2.0081 - acc: 0.4221
2230/3900 [================>.............] - ETA: 1s - loss: 2.0054 - acc: 0.4220
2290/3900 [================>.............] - ETA: 1s - loss: 2.0036 - acc: 0.4240
2350/3900 [=================>............] - ETA: 1s - loss: 2.0009 - acc: 0.4268
2410/3900 [=================>............] - ETA: 1s - loss: 1.9981 - acc: 0.4299
2470/3900 [==================>...........] - ETA: 1s - loss: 1.9969 - acc: 0.4296
2530/3900 [==================>...........] - ETA: 1s - loss: 1.9943 - acc: 0.4316
2590/3900 [==================>...........] - ETA: 1s - loss: 1.9925 - acc: 0.4305
2650/3900 [===================>..........] - ETA: 1s - loss: 1.9905 - acc: 0.4291
2710/3900 [===================>..........] - ETA: 1s - loss: 1.9881 - acc: 0.4262
2770/3900 [====================>.........] - ETA: 1s - loss: 1.9859 - acc: 0.4231
2830/3900 [====================>.........] - ETA: 0s - loss: 1.9835 - acc: 0.4219
2890/3900 [=====================>........] - ETA: 0s - loss: 1.9816 - acc: 0.4215
2950/3900 [=====================>........] - ETA: 0s - loss: 1.9797 - acc: 0.4217
3010/3900 [======================>.......] - ETA: 0s - loss: 1.9771 - acc: 0.4236
3070/3900 [======================>.......] - ETA: 0s - loss: 1.9750 - acc: 0.4244
3130/3900 [=======================>......] - ETA: 0s - loss: 1.9743 - acc: 0.4220
3190/3900 [=======================>......] - ETA: 0s - loss: 1.9724 - acc: 0.4210
3250/3900 [========================>.....] - ETA: 0s - loss: 1.9705 - acc: 0.4203
3310/3900 [========================>.....] - ETA: 0s - loss: 1.9687 - acc: 0.4193
3370/3900 [========================>.....] - ETA: 0s - loss: 1.9661 - acc: 0.4205
3430/3900 [=========================>....] - ETA: 0s - loss: 1.9631 - acc: 0.4233
3490/3900 [=========================>....] - ETA: 0s - loss: 1.9599 - acc: 0.4261
3550/3900 [==========================>...] - ETA: 0s - loss: 1.9574 - acc: 0.4279
3610/3900 [==========================>...] - ETA: 0s - loss: 1.9545 - acc: 0.4299
3670/3900 [===========================>..] - ETA: 0s - loss: 1.9519 - acc: 0.4305
3730/3900 [===========================>..] - ETA: 0s - loss: 1.9507 - acc: 0.4308
3790/3900 [============================>.] - ETA: 0s - loss: 1.9494 - acc: 0.4317
3850/3900 [============================>.] - ETA: 0s - loss: 1.9471 - acc: 0.4317
3900/3900 [==============================] - 4s 903us/step - loss: 1.9451 - acc: 0.4326 - val_loss: 1.8981 - val_acc: 0.3535
Current time ....3.520
Train on 600 samples, validate on 86 samples
Epoch 1/1

 10/600 [..............................] - ETA: 0s - loss: 0.4281 - acc: 0.8000
 70/600 [==>...........................] - ETA: 0s - loss: 0.2773 - acc: 0.9714
130/600 [=====>........................] - ETA: 0s - loss: 0.2685 - acc: 0.9769
190/600 [========>.....................] - ETA: 0s - loss: 0.2643 - acc: 0.9842
250/600 [===========>..................] - ETA: 0s - loss: 0.2494 - acc: 0.9840
310/600 [==============>...............] - ETA: 0s - loss: 0.2434 - acc: 0.9839
370/600 [=================>............] - ETA: 0s - loss: 0.2469 - acc: 0.9811
430/600 [====================>.........] - ETA: 0s - loss: 0.2426 - acc: 0.9837
490/600 [=======================>......] - ETA: 0s - loss: 0.2375 - acc: 0.9857
550/600 [==========================>...] - ETA: 0s - loss: 0.2330 - acc: 0.9836
600/600 [==============================] - 1s 919us/step - loss: 0.2332 - acc: 0.9833 - val_loss: 0.4129 - val_acc: 0.9070
Current time ....0.551
Train on 1200 samples, validate on 68 samples
Epoch 1/1

  10/1200 [..............................] - ETA: 1s - loss: 0.6406 - acc: 0.7000
  70/1200 [>.............................] - ETA: 1s - loss: 0.6770 - acc: 0.7857
 130/1200 [==>...........................] - ETA: 0s - loss: 0.6746 - acc: 0.8308
 190/1200 [===>..........................] - ETA: 0s - loss: 0.6884 - acc: 0.7842
 250/1200 [=====>........................] - ETA: 0s - loss: 0.6774 - acc: 0.7880
 310/1200 [======>.......................] - ETA: 0s - loss: 0.6828 - acc: 0.7742
 370/1200 [========>.....................] - ETA: 0s - loss: 0.6712 - acc: 0.7730
 430/1200 [=========>....................] - ETA: 0s - loss: 0.6607 - acc: 0.7767
 490/1200 [===========>..................] - ETA: 0s - loss: 0.6464 - acc: 0.7837
 550/1200 [============>.................] - ETA: 0s - loss: 0.6476 - acc: 0.7818
 610/1200 [==============>...............] - ETA: 0s - loss: 0.6391 - acc: 0.7869
 670/1200 [===============>..............] - ETA: 0s - loss: 0.6386 - acc: 0.7881
 730/1200 [=================>............] - ETA: 0s - loss: 0.6394 - acc: 0.7863
 790/1200 [==================>...........] - ETA: 0s - loss: 0.6355 - acc: 0.7911
 850/1200 [====================>.........] - ETA: 0s - loss: 0.6347 - acc: 0.7953
 910/1200 [=====================>........] - ETA: 0s - loss: 0.6255 - acc: 0.7989
 970/1200 [=======================>......] - ETA: 0s - loss: 0.6232 - acc: 0.8010
1030/1200 [========================>.....] - ETA: 0s - loss: 0.6173 - acc: 0.8029
1090/1200 [==========================>...] - ETA: 0s - loss: 0.6152 - acc: 0.8018
1150/1200 [===========================>..] - ETA: 0s - loss: 0.6074 - acc: 0.8026
1200/1200 [==============================] - 1s 897us/step - loss: 0.6029 - acc: 0.8075 - val_loss: 0.8716 - val_acc: 0.5882
Current time ....1.077
Train on 3900 samples, validate on 99 samples
Epoch 1/1

  10/3900 [..............................] - ETA: 3s - loss: 1.8414 - acc: 0.4000
  70/3900 [..............................] - ETA: 3s - loss: 1.7851 - acc: 0.4286
 130/3900 [>.............................] - ETA: 3s - loss: 1.7866 - acc: 0.4538
 190/3900 [>.............................] - ETA: 3s - loss: 1.7830 - acc: 0.4368
 250/3900 [>.............................] - ETA: 3s - loss: 1.7802 - acc: 0.4520
 310/3900 [=>............................] - ETA: 3s - loss: 1.7821 - acc: 0.4323
 370/3900 [=>............................] - ETA: 3s - loss: 1.7820 - acc: 0.4270
 430/3900 [==>...........................] - ETA: 3s - loss: 1.7890 - acc: 0.4163
 490/3900 [==>...........................] - ETA: 3s - loss: 1.7887 - acc: 0.4082
 550/3900 [===>..........................] - ETA: 3s - loss: 1.7859 - acc: 0.4109
 610/3900 [===>..........................] - ETA: 2s - loss: 1.7916 - acc: 0.4049
 670/3900 [====>.........................] - ETA: 2s - loss: 1.7894 - acc: 0.4015
 730/3900 [====>.........................] - ETA: 2s - loss: 1.7897 - acc: 0.4055
 790/3900 [=====>........................] - ETA: 2s - loss: 1.7901 - acc: 0.4139
 850/3900 [=====>........................] - ETA: 2s - loss: 1.7892 - acc: 0.4200
 910/3900 [======>.......................] - ETA: 2s - loss: 1.7904 - acc: 0.4242
 970/3900 [======>.......................] - ETA: 2s - loss: 1.7901 - acc: 0.4258
1030/3900 [======>.......................] - ETA: 2s - loss: 1.7866 - acc: 0.4262
1090/3900 [=======>......................] - ETA: 2s - loss: 1.7832 - acc: 0.4229
1150/3900 [=======>......................] - ETA: 2s - loss: 1.7829 - acc: 0.4183
1210/3900 [========>.....................] - ETA: 2s - loss: 1.7820 - acc: 0.4215
1270/3900 [========>.....................] - ETA: 2s - loss: 1.7768 - acc: 0.4307
1330/3900 [=========>....................] - ETA: 2s - loss: 1.7720 - acc: 0.4406
1390/3900 [=========>....................] - ETA: 2s - loss: 1.7714 - acc: 0.4388
1450/3900 [==========>...................] - ETA: 2s - loss: 1.7690 - acc: 0.4428
1510/3900 [==========>...................] - ETA: 2s - loss: 1.7678 - acc: 0.4457
1570/3900 [===========>..................] - ETA: 2s - loss: 1.7644 - acc: 0.4478
1630/3900 [===========>..................] - ETA: 2s - loss: 1.7651 - acc: 0.4479
1690/3900 [============>.................] - ETA: 1s - loss: 1.7622 - acc: 0.4509
1750/3900 [============>.................] - ETA: 1s - loss: 1.7618 - acc: 0.4486
1810/3900 [============>.................] - ETA: 1s - loss: 1.7607 - acc: 0.4486
1870/3900 [=============>................] - ETA: 1s - loss: 1.7589 - acc: 0.4503
1930/3900 [=============>................] - ETA: 1s - loss: 1.7570 - acc: 0.4513
1990/3900 [==============>...............] - ETA: 1s - loss: 1.7557 - acc: 0.4538
2050/3900 [==============>...............] - ETA: 1s - loss: 1.7531 - acc: 0.4561
2110/3900 [===============>..............] - ETA: 1s - loss: 1.7532 - acc: 0.4550
2170/3900 [===============>..............] - ETA: 1s - loss: 1.7507 - acc: 0.4571
2220/3900 [================>.............] - ETA: 1s - loss: 1.7482 - acc: 0.4572
2280/3900 [================>.............] - ETA: 1s - loss: 1.7467 - acc: 0.4570
2340/3900 [=================>............] - ETA: 1s - loss: 1.7436 - acc: 0.4598
2400/3900 [=================>............] - ETA: 1s - loss: 1.7459 - acc: 0.4583
2460/3900 [=================>............] - ETA: 1s - loss: 1.7449 - acc: 0.4602
2520/3900 [==================>...........] - ETA: 1s - loss: 1.7463 - acc: 0.4583
2580/3900 [==================>...........] - ETA: 1s - loss: 1.7456 - acc: 0.4593
2640/3900 [===================>..........] - ETA: 1s - loss: 1.7438 - acc: 0.4606
2700/3900 [===================>..........] - ETA: 1s - loss: 1.7404 - acc: 0.4626
2760/3900 [====================>.........] - ETA: 1s - loss: 1.7394 - acc: 0.4605
2820/3900 [====================>.........] - ETA: 0s - loss: 1.7398 - acc: 0.4603
2880/3900 [=====================>........] - ETA: 0s - loss: 1.7380 - acc: 0.4604
2940/3900 [=====================>........] - ETA: 0s - loss: 1.7383 - acc: 0.4595
3000/3900 [======================>.......] - ETA: 0s - loss: 1.7379 - acc: 0.4583
3060/3900 [======================>.......] - ETA: 0s - loss: 1.7393 - acc: 0.4562
3120/3900 [=======================>......] - ETA: 0s - loss: 1.7382 - acc: 0.4571
3180/3900 [=======================>......] - ETA: 0s - loss: 1.7382 - acc: 0.4560
3240/3900 [=======================>......] - ETA: 0s - loss: 1.7366 - acc: 0.4586
3300/3900 [========================>.....] - ETA: 0s - loss: 1.7359 - acc: 0.4582
3360/3900 [========================>.....] - ETA: 0s - loss: 1.7351 - acc: 0.4595
3420/3900 [=========================>....] - ETA: 0s - loss: 1.7335 - acc: 0.4620
3480/3900 [=========================>....] - ETA: 0s - loss: 1.7313 - acc: 0.4641
3540/3900 [==========================>...] - ETA: 0s - loss: 1.7283 - acc: 0.4669
3600/3900 [==========================>...] - ETA: 0s - loss: 1.7292 - acc: 0.4639
3660/3900 [===========================>..] - ETA: 0s - loss: 1.7289 - acc: 0.4626
3720/3900 [===========================>..] - ETA: 0s - loss: 1.7268 - acc: 0.4645
3780/3900 [============================>.] - ETA: 0s - loss: 1.7267 - acc: 0.4640
3840/3900 [============================>.] - ETA: 0s - loss: 1.7249 - acc: 0.4643
3900/3900 [==============================] - 4s 910us/step - loss: 1.7236 - acc: 0.4641 - val_loss: 1.8427 - val_acc: 0.3232
Current time ....3.549
Train on 600 samples, validate on 86 samples
Epoch 1/1

 10/600 [..............................] - ETA: 0s - loss: 0.1725 - acc: 1.0000
 70/600 [==>...........................] - ETA: 0s - loss: 0.1518 - acc: 0.9857
130/600 [=====>........................] - ETA: 0s - loss: 0.1461 - acc: 0.9923
190/600 [========>.....................] - ETA: 0s - loss: 0.1474 - acc: 0.9895
250/600 [===========>..................] - ETA: 0s - loss: 0.1514 - acc: 0.9840
310/600 [==============>...............] - ETA: 0s - loss: 0.1472 - acc: 0.9871
370/600 [=================>............] - ETA: 0s - loss: 0.1543 - acc: 0.9865
430/600 [====================>.........] - ETA: 0s - loss: 0.1586 - acc: 0.9837
490/600 [=======================>......] - ETA: 0s - loss: 0.1532 - acc: 0.9837
550/600 [==========================>...] - ETA: 0s - loss: 0.1527 - acc: 0.9836
600/600 [==============================] - 1s 928us/step - loss: 0.1476 - acc: 0.9850 - val_loss: 0.4186 - val_acc: 0.9186
Current time ....0.557
Train on 1200 samples, validate on 68 samples
Epoch 1/1

  10/1200 [..............................] - ETA: 1s - loss: 0.2811 - acc: 0.9000
  70/1200 [>.............................] - ETA: 0s - loss: 0.4873 - acc: 0.8571
 130/1200 [==>...........................] - ETA: 0s - loss: 0.4761 - acc: 0.8769
 190/1200 [===>..........................] - ETA: 0s - loss: 0.4714 - acc: 0.8842
 250/1200 [=====>........................] - ETA: 0s - loss: 0.4716 - acc: 0.8800
 310/1200 [======>.......................] - ETA: 0s - loss: 0.4877 - acc: 0.8613
 370/1200 [========>.....................] - ETA: 0s - loss: 0.4879 - acc: 0.8622
 430/1200 [=========>....................] - ETA: 0s - loss: 0.4982 - acc: 0.8558
 490/1200 [===========>..................] - ETA: 0s - loss: 0.4977 - acc: 0.8510
 550/1200 [============>.................] - ETA: 0s - loss: 0.4868 - acc: 0.8600
 610/1200 [==============>...............] - ETA: 0s - loss: 0.4888 - acc: 0.8590
 670/1200 [===============>..............] - ETA: 0s - loss: 0.4819 - acc: 0.8657
 730/1200 [=================>............] - ETA: 0s - loss: 0.4825 - acc: 0.8630
 790/1200 [==================>...........] - ETA: 0s - loss: 0.4756 - acc: 0.8671
 850/1200 [====================>.........] - ETA: 0s - loss: 0.4754 - acc: 0.8694
 910/1200 [=====================>........] - ETA: 0s - loss: 0.4660 - acc: 0.8714
 970/1200 [=======================>......] - ETA: 0s - loss: 0.4598 - acc: 0.8773
1030/1200 [========================>.....] - ETA: 0s - loss: 0.4509 - acc: 0.8796
1090/1200 [==========================>...] - ETA: 0s - loss: 0.4457 - acc: 0.8798
1150/1200 [===========================>..] - ETA: 0s - loss: 0.4449 - acc: 0.8791
1200/1200 [==============================] - 1s 897us/step - loss: 0.4419 - acc: 0.8825 - val_loss: 0.8880 - val_acc: 0.6618
Current time ....1.077
Train on 3900 samples, validate on 99 samples
Epoch 1/1

  10/3900 [..............................] - ETA: 3s - loss: 1.6349 - acc: 0.6000
  70/3900 [..............................] - ETA: 3s - loss: 1.6454 - acc: 0.4286
 130/3900 [>.............................] - ETA: 3s - loss: 1.6065 - acc: 0.4615
 190/3900 [>.............................] - ETA: 3s - loss: 1.6202 - acc: 0.4684
 250/3900 [>.............................] - ETA: 3s - loss: 1.6154 - acc: 0.4920
 310/3900 [=>............................] - ETA: 3s - loss: 1.6101 - acc: 0.4839
 370/3900 [=>............................] - ETA: 3s - loss: 1.6064 - acc: 0.4811
 430/3900 [==>...........................] - ETA: 3s - loss: 1.5942 - acc: 0.4860
 490/3900 [==>...........................] - ETA: 3s - loss: 1.5968 - acc: 0.4857
 550/3900 [===>..........................] - ETA: 3s - loss: 1.6033 - acc: 0.4818
 610/3900 [===>..........................] - ETA: 2s - loss: 1.5995 - acc: 0.4902
 670/3900 [====>.........................] - ETA: 2s - loss: 1.5970 - acc: 0.4896
 730/3900 [====>.........................] - ETA: 2s - loss: 1.5919 - acc: 0.4945
 790/3900 [=====>........................] - ETA: 2s - loss: 1.5978 - acc: 0.4962
 850/3900 [=====>........................] - ETA: 2s - loss: 1.6019 - acc: 0.4894
 910/3900 [======>.......................] - ETA: 2s - loss: 1.5965 - acc: 0.4846
 970/3900 [======>.......................] - ETA: 2s - loss: 1.5968 - acc: 0.4876
1030/3900 [======>.......................] - ETA: 2s - loss: 1.5911 - acc: 0.4893
1090/3900 [=======>......................] - ETA: 2s - loss: 1.5833 - acc: 0.4972
1150/3900 [=======>......................] - ETA: 2s - loss: 1.5837 - acc: 0.4983
1210/3900 [========>.....................] - ETA: 2s - loss: 1.5797 - acc: 0.5033
1270/3900 [========>.....................] - ETA: 2s - loss: 1.5779 - acc: 0.5031
1330/3900 [=========>....................] - ETA: 2s - loss: 1.5782 - acc: 0.5030
1390/3900 [=========>....................] - ETA: 2s - loss: 1.5780 - acc: 0.5007
1450/3900 [==========>...................] - ETA: 2s - loss: 1.5800 - acc: 0.4986
1510/3900 [==========>...................] - ETA: 2s - loss: 1.5769 - acc: 0.5046
1570/3900 [===========>..................] - ETA: 2s - loss: 1.5728 - acc: 0.5089
1630/3900 [===========>..................] - ETA: 2s - loss: 1.5704 - acc: 0.5129
1690/3900 [============>.................] - ETA: 1s - loss: 1.5743 - acc: 0.5118
1750/3900 [============>.................] - ETA: 1s - loss: 1.5717 - acc: 0.5120
1810/3900 [============>.................] - ETA: 1s - loss: 1.5689 - acc: 0.5149
1870/3900 [=============>................] - ETA: 1s - loss: 1.5654 - acc: 0.5166
1930/3900 [=============>................] - ETA: 1s - loss: 1.5657 - acc: 0.5166
1990/3900 [==============>...............] - ETA: 1s - loss: 1.5660 - acc: 0.5181
2050/3900 [==============>...............] - ETA: 1s - loss: 1.5615 - acc: 0.5224
2110/3900 [===============>..............] - ETA: 1s - loss: 1.5599 - acc: 0.5232
2170/3900 [===============>..............] - ETA: 1s - loss: 1.5578 - acc: 0.5235
2230/3900 [================>.............] - ETA: 1s - loss: 1.5557 - acc: 0.5247
2290/3900 [================>.............] - ETA: 1s - loss: 1.5562 - acc: 0.5214
2350/3900 [=================>............] - ETA: 1s - loss: 1.5541 - acc: 0.5204
2410/3900 [=================>............] - ETA: 1s - loss: 1.5489 - acc: 0.5245
2470/3900 [==================>...........] - ETA: 1s - loss: 1.5462 - acc: 0.5243
2530/3900 [==================>...........] - ETA: 1s - loss: 1.5430 - acc: 0.5249
2590/3900 [==================>...........] - ETA: 1s - loss: 1.5419 - acc: 0.5251
2650/3900 [===================>..........] - ETA: 1s - loss: 1.5381 - acc: 0.5268
2710/3900 [===================>..........] - ETA: 1s - loss: 1.5360 - acc: 0.5273
2770/3900 [====================>.........] - ETA: 1s - loss: 1.5326 - acc: 0.5296
2830/3900 [====================>.........] - ETA: 0s - loss: 1.5298 - acc: 0.5311
2890/3900 [=====================>........] - ETA: 0s - loss: 1.5303 - acc: 0.5291
2950/3900 [=====================>........] - ETA: 0s - loss: 1.5292 - acc: 0.5288
3010/3900 [======================>.......] - ETA: 0s - loss: 1.5280 - acc: 0.5286
3070/3900 [======================>.......] - ETA: 0s - loss: 1.5287 - acc: 0.5283
3130/3900 [=======================>......] - ETA: 0s - loss: 1.5273 - acc: 0.5272
3190/3900 [=======================>......] - ETA: 0s - loss: 1.5252 - acc: 0.5279
3250/3900 [========================>.....] - ETA: 0s - loss: 1.5221 - acc: 0.5286
3310/3900 [========================>.....] - ETA: 0s - loss: 1.5241 - acc: 0.5272
3370/3900 [========================>.....] - ETA: 0s - loss: 1.5213 - acc: 0.5285
3430/3900 [=========================>....] - ETA: 0s - loss: 1.5210 - acc: 0.5286
3490/3900 [=========================>....] - ETA: 0s - loss: 1.5180 - acc: 0.5304
3550/3900 [==========================>...] - ETA: 0s - loss: 1.5165 - acc: 0.5321
3610/3900 [==========================>...] - ETA: 0s - loss: 1.5152 - acc: 0.5338
3670/3900 [===========================>..] - ETA: 0s - loss: 1.5137 - acc: 0.5360
3730/3900 [===========================>..] - ETA: 0s - loss: 1.5132 - acc: 0.5365
3790/3900 [============================>.] - ETA: 0s - loss: 1.5114 - acc: 0.5380
3850/3900 [============================>.] - ETA: 0s - loss: 1.5119 - acc: 0.5382
3900/3900 [==============================] - 4s 902us/step - loss: 1.5130 - acc: 0.5374 - val_loss: 1.7266 - val_acc: 0.3737
Current time ....3.520
Train on 600 samples, validate on 86 samples
Epoch 1/1

 10/600 [..............................] - ETA: 0s - loss: 0.1365 - acc: 1.0000
 70/600 [==>...........................] - ETA: 0s - loss: 0.1323 - acc: 1.0000
130/600 [=====>........................] - ETA: 0s - loss: 0.1199 - acc: 1.0000
190/600 [========>.....................] - ETA: 0s - loss: 0.1226 - acc: 0.9895
250/600 [===========>..................] - ETA: 0s - loss: 0.1190 - acc: 0.9880
310/600 [==============>...............] - ETA: 0s - loss: 0.1110 - acc: 0.9871
370/600 [=================>............] - ETA: 0s - loss: 0.1073 - acc: 0.9892
430/600 [====================>.........] - ETA: 0s - loss: 0.1049 - acc: 0.9907
490/600 [=======================>......] - ETA: 0s - loss: 0.1066 - acc: 0.9898
550/600 [==========================>...] - ETA: 0s - loss: 0.1041 - acc: 0.9909
600/600 [==============================] - 1s 925us/step - loss: 0.1009 - acc: 0.9917 - val_loss: 0.4108 - val_acc: 0.9186
Current time ....0.555
Train on 1200 samples, validate on 68 samples
Epoch 1/1

  10/1200 [..............................] - ETA: 1s - loss: 0.3974 - acc: 0.9000
  70/1200 [>.............................] - ETA: 1s - loss: 0.4063 - acc: 0.8857
 130/1200 [==>...........................] - ETA: 0s - loss: 0.3706 - acc: 0.9231
 190/1200 [===>..........................] - ETA: 0s - loss: 0.3993 - acc: 0.8895
 250/1200 [=====>........................] - ETA: 0s - loss: 0.3699 - acc: 0.9080
 310/1200 [======>.......................] - ETA: 0s - loss: 0.3539 - acc: 0.9129
 370/1200 [========>.....................] - ETA: 0s - loss: 0.3488 - acc: 0.9189
 430/1200 [=========>....................] - ETA: 0s - loss: 0.3549 - acc: 0.9163
 490/1200 [===========>..................] - ETA: 0s - loss: 0.3505 - acc: 0.9163
 550/1200 [============>.................] - ETA: 0s - loss: 0.3436 - acc: 0.9164
 610/1200 [==============>...............] - ETA: 0s - loss: 0.3391 - acc: 0.9180
 670/1200 [===============>..............] - ETA: 0s - loss: 0.3335 - acc: 0.9179
 730/1200 [=================>............] - ETA: 0s - loss: 0.3324 - acc: 0.9219
 790/1200 [==================>...........] - ETA: 0s - loss: 0.3289 - acc: 0.9253
 850/1200 [====================>.........] - ETA: 0s - loss: 0.3227 - acc: 0.9282
 910/1200 [=====================>........] - ETA: 0s - loss: 0.3283 - acc: 0.9220
 970/1200 [=======================>......] - ETA: 0s - loss: 0.3301 - acc: 0.9237
1030/1200 [========================>.....] - ETA: 0s - loss: 0.3283 - acc: 0.9233
1090/1200 [==========================>...] - ETA: 0s - loss: 0.3261 - acc: 0.9229
1150/1200 [===========================>..] - ETA: 0s - loss: 0.3220 - acc: 0.9235
1200/1200 [==============================] - 1s 894us/step - loss: 0.3188 - acc: 0.9250 - val_loss: 0.7960 - val_acc: 0.6471
Current time ....1.073
Train on 3900 samples, validate on 99 samples
Epoch 1/1

  10/3900 [..............................] - ETA: 3s - loss: 1.1250 - acc: 1.0000
  70/3900 [..............................] - ETA: 3s - loss: 1.4192 - acc: 0.6286
 130/3900 [>.............................] - ETA: 3s - loss: 1.3735 - acc: 0.6692
 190/3900 [>.............................] - ETA: 3s - loss: 1.4146 - acc: 0.6263
 250/3900 [>.............................] - ETA: 3s - loss: 1.4096 - acc: 0.6280
 310/3900 [=>............................] - ETA: 3s - loss: 1.4198 - acc: 0.6065
 370/3900 [=>............................] - ETA: 3s - loss: 1.4056 - acc: 0.6027
 430/3900 [==>...........................] - ETA: 3s - loss: 1.3759 - acc: 0.6163
 490/3900 [==>...........................] - ETA: 3s - loss: 1.3790 - acc: 0.6122
 550/3900 [===>..........................] - ETA: 2s - loss: 1.3782 - acc: 0.6127
 610/3900 [===>..........................] - ETA: 2s - loss: 1.3717 - acc: 0.6098
 670/3900 [====>.........................] - ETA: 2s - loss: 1.3687 - acc: 0.6134
 730/3900 [====>.........................] - ETA: 2s - loss: 1.3653 - acc: 0.6164
 790/3900 [=====>........................] - ETA: 2s - loss: 1.3683 - acc: 0.6114
 850/3900 [=====>........................] - ETA: 2s - loss: 1.3674 - acc: 0.6118
 910/3900 [======>.......................] - ETA: 2s - loss: 1.3636 - acc: 0.6121
 970/3900 [======>.......................] - ETA: 2s - loss: 1.3600 - acc: 0.6134
1030/3900 [======>.......................] - ETA: 2s - loss: 1.3584 - acc: 0.6165
1090/3900 [=======>......................] - ETA: 2s - loss: 1.3485 - acc: 0.6202
1150/3900 [=======>......................] - ETA: 2s - loss: 1.3469 - acc: 0.6191
1210/3900 [========>.....................] - ETA: 2s - loss: 1.3486 - acc: 0.6174
1270/3900 [========>.....................] - ETA: 2s - loss: 1.3506 - acc: 0.6118
1330/3900 [=========>....................] - ETA: 2s - loss: 1.3484 - acc: 0.6150
1390/3900 [=========>....................] - ETA: 2s - loss: 1.3507 - acc: 0.6108
1450/3900 [==========>...................] - ETA: 2s - loss: 1.3448 - acc: 0.6076
1510/3900 [==========>...................] - ETA: 2s - loss: 1.3402 - acc: 0.6099
1570/3900 [===========>..................] - ETA: 2s - loss: 1.3430 - acc: 0.6089
1630/3900 [===========>..................] - ETA: 2s - loss: 1.3386 - acc: 0.6123
1690/3900 [============>.................] - ETA: 1s - loss: 1.3342 - acc: 0.6130
1750/3900 [============>.................] - ETA: 1s - loss: 1.3295 - acc: 0.6154
1810/3900 [============>.................] - ETA: 1s - loss: 1.3295 - acc: 0.6144
1870/3900 [=============>................] - ETA: 1s - loss: 1.3311 - acc: 0.6091
1930/3900 [=============>................] - ETA: 1s - loss: 1.3289 - acc: 0.6088
1990/3900 [==============>...............] - ETA: 1s - loss: 1.3296 - acc: 0.6090
2050/3900 [==============>...............] - ETA: 1s - loss: 1.3303 - acc: 0.6088
2110/3900 [===============>..............] - ETA: 1s - loss: 1.3259 - acc: 0.6095
2170/3900 [===============>..............] - ETA: 1s - loss: 1.3274 - acc: 0.6083
2230/3900 [================>.............] - ETA: 1s - loss: 1.3242 - acc: 0.6117
2290/3900 [================>.............] - ETA: 1s - loss: 1.3192 - acc: 0.6114
2350/3900 [=================>............] - ETA: 1s - loss: 1.3210 - acc: 0.6081
2410/3900 [=================>............] - ETA: 1s - loss: 1.3205 - acc: 0.6066
2470/3900 [==================>...........] - ETA: 1s - loss: 1.3200 - acc: 0.6081
2530/3900 [==================>...........] - ETA: 1s - loss: 1.3141 - acc: 0.6115
2590/3900 [==================>...........] - ETA: 1s - loss: 1.3135 - acc: 0.6120
2650/3900 [===================>..........] - ETA: 1s - loss: 1.3117 - acc: 0.6132
2710/3900 [===================>..........] - ETA: 1s - loss: 1.3085 - acc: 0.6140
2770/3900 [====================>.........] - ETA: 1s - loss: 1.3055 - acc: 0.6148
2830/3900 [====================>.........] - ETA: 0s - loss: 1.3061 - acc: 0.6145
2890/3900 [=====================>........] - ETA: 0s - loss: 1.3016 - acc: 0.6159
2950/3900 [=====================>........] - ETA: 0s - loss: 1.2985 - acc: 0.6180
3010/3900 [======================>.......] - ETA: 0s - loss: 1.2971 - acc: 0.6183
3070/3900 [======================>.......] - ETA: 0s - loss: 1.2954 - acc: 0.6182
3130/3900 [=======================>......] - ETA: 0s - loss: 1.2950 - acc: 0.6185
3190/3900 [=======================>......] - ETA: 0s - loss: 1.2927 - acc: 0.6188
3250/3900 [========================>.....] - ETA: 0s - loss: 1.2901 - acc: 0.6197
3310/3900 [========================>.....] - ETA: 0s - loss: 1.2891 - acc: 0.6199
3370/3900 [========================>.....] - ETA: 0s - loss: 1.2879 - acc: 0.6196
3430/3900 [=========================>....] - ETA: 0s - loss: 1.2851 - acc: 0.6204
3490/3900 [=========================>....] - ETA: 0s - loss: 1.2857 - acc: 0.6198
3550/3900 [==========================>...] - ETA: 0s - loss: 1.2827 - acc: 0.6200
3610/3900 [==========================>...] - ETA: 0s - loss: 1.2803 - acc: 0.6208
3670/3900 [===========================>..] - ETA: 0s - loss: 1.2795 - acc: 0.6210
3730/3900 [===========================>..] - ETA: 0s - loss: 1.2788 - acc: 0.6201
3790/3900 [============================>.] - ETA: 0s - loss: 1.2785 - acc: 0.6195
3850/3900 [============================>.] - ETA: 0s - loss: 1.2750 - acc: 0.6203
3900/3900 [==============================] - 4s 904us/step - loss: 1.2749 - acc: 0.6192 - val_loss: 1.6609 - val_acc: 0.4545
Current time ....3.525
Train on 600 samples, validate on 86 samples
Epoch 1/1

 10/600 [..............................] - ETA: 0s - loss: 0.1467 - acc: 1.0000
 70/600 [==>...........................] - ETA: 0s - loss: 0.1012 - acc: 0.9857
130/600 [=====>........................] - ETA: 0s - loss: 0.0888 - acc: 0.9846
190/600 [========>.....................] - ETA: 0s - loss: 0.0864 - acc: 0.9842
250/600 [===========>..................] - ETA: 0s - loss: 0.0816 - acc: 0.9880
310/600 [==============>...............] - ETA: 0s - loss: 0.0809 - acc: 0.9903
370/600 [=================>............] - ETA: 0s - loss: 0.0795 - acc: 0.9919
430/600 [====================>.........] - ETA: 0s - loss: 0.0754 - acc: 0.9930
490/600 [=======================>......] - ETA: 0s - loss: 0.0742 - acc: 0.9939
550/600 [==========================>...] - ETA: 0s - loss: 0.0713 - acc: 0.9945
600/600 [==============================] - 1s 936us/step - loss: 0.0701 - acc: 0.9950 - val_loss: 0.4255 - val_acc: 0.9302
Current time ....0.562
Train on 1200 samples, validate on 68 samples
Epoch 1/1

  10/1200 [..............................] - ETA: 1s - loss: 0.1692 - acc: 1.0000
  70/1200 [>.............................] - ETA: 1s - loss: 0.2415 - acc: 0.9571
 130/1200 [==>...........................] - ETA: 0s - loss: 0.2391 - acc: 0.9385
 190/1200 [===>..........................] - ETA: 0s - loss: 0.2422 - acc: 0.9421
 250/1200 [=====>........................] - ETA: 0s - loss: 0.2305 - acc: 0.9400
 310/1200 [======>.......................] - ETA: 0s - loss: 0.2363 - acc: 0.9419
 370/1200 [========>.....................] - ETA: 0s - loss: 0.2374 - acc: 0.9432
 430/1200 [=========>....................] - ETA: 0s - loss: 0.2367 - acc: 0.9442
 490/1200 [===========>..................] - ETA: 0s - loss: 0.2370 - acc: 0.9449
 550/1200 [============>.................] - ETA: 0s - loss: 0.2387 - acc: 0.9418
 610/1200 [==============>...............] - ETA: 0s - loss: 0.2409 - acc: 0.9393
 670/1200 [===============>..............] - ETA: 0s - loss: 0.2396 - acc: 0.9403
 730/1200 [=================>............] - ETA: 0s - loss: 0.2342 - acc: 0.9452
 790/1200 [==================>...........] - ETA: 0s - loss: 0.2341 - acc: 0.9443
 850/1200 [====================>.........] - ETA: 0s - loss: 0.2359 - acc: 0.9412
 910/1200 [=====================>........] - ETA: 0s - loss: 0.2342 - acc: 0.9407
 970/1200 [=======================>......] - ETA: 0s - loss: 0.2355 - acc: 0.9402
1030/1200 [========================>.....] - ETA: 0s - loss: 0.2329 - acc: 0.9427
1090/1200 [==========================>...] - ETA: 0s - loss: 0.2299 - acc: 0.9431
1150/1200 [===========================>..] - ETA: 0s - loss: 0.2304 - acc: 0.9443
1200/1200 [==============================] - 1s 903us/step - loss: 0.2316 - acc: 0.9433 - val_loss: 0.6840 - val_acc: 0.7206
Current time ....1.084
Train on 3900 samples, validate on 99 samples
Epoch 1/1

  10/3900 [..............................] - ETA: 3s - loss: 1.3865 - acc: 0.5000
  70/3900 [..............................] - ETA: 3s - loss: 1.3470 - acc: 0.5143
 130/3900 [>.............................] - ETA: 3s - loss: 1.2839 - acc: 0.5538
 190/3900 [>.............................] - ETA: 3s - loss: 1.2334 - acc: 0.5737
 250/3900 [>.............................] - ETA: 3s - loss: 1.1889 - acc: 0.5960
 310/3900 [=>............................] - ETA: 3s - loss: 1.1709 - acc: 0.6129
 370/3900 [=>............................] - ETA: 3s - loss: 1.1418 - acc: 0.6270
 430/3900 [==>...........................] - ETA: 3s - loss: 1.1446 - acc: 0.6209
 490/3900 [==>...........................] - ETA: 3s - loss: 1.1334 - acc: 0.6327
 550/3900 [===>..........................] - ETA: 3s - loss: 1.1299 - acc: 0.6364
 610/3900 [===>..........................] - ETA: 2s - loss: 1.1150 - acc: 0.6410
 670/3900 [====>.........................] - ETA: 2s - loss: 1.1214 - acc: 0.6418
 720/3900 [====>.........................] - ETA: 2s - loss: 1.1238 - acc: 0.6417
 780/3900 [=====>........................] - ETA: 2s - loss: 1.1304 - acc: 0.6359
 840/3900 [=====>........................] - ETA: 2s - loss: 1.1311 - acc: 0.6333
 900/3900 [=====>........................] - ETA: 2s - loss: 1.1315 - acc: 0.6344
 960/3900 [======>.......................] - ETA: 2s - loss: 1.1310 - acc: 0.6354
1020/3900 [======>.......................] - ETA: 2s - loss: 1.1261 - acc: 0.6373
1080/3900 [=======>......................] - ETA: 2s - loss: 1.1234 - acc: 0.6426
1140/3900 [=======>......................] - ETA: 2s - loss: 1.1216 - acc: 0.6447
1200/3900 [========>.....................] - ETA: 2s - loss: 1.1159 - acc: 0.6525
1260/3900 [========>.....................] - ETA: 2s - loss: 1.1152 - acc: 0.6508
1320/3900 [=========>....................] - ETA: 2s - loss: 1.1186 - acc: 0.6485
1380/3900 [=========>....................] - ETA: 2s - loss: 1.1133 - acc: 0.6514
1440/3900 [==========>...................] - ETA: 2s - loss: 1.1102 - acc: 0.6535
1500/3900 [==========>...................] - ETA: 2s - loss: 1.1076 - acc: 0.6560
1560/3900 [===========>..................] - ETA: 2s - loss: 1.1081 - acc: 0.6571
1620/3900 [===========>..................] - ETA: 2s - loss: 1.1118 - acc: 0.6537
1680/3900 [===========>..................] - ETA: 2s - loss: 1.1082 - acc: 0.6560
1740/3900 [============>.................] - ETA: 1s - loss: 1.1040 - acc: 0.6586
1800/3900 [============>.................] - ETA: 1s - loss: 1.1006 - acc: 0.6617
1860/3900 [=============>................] - ETA: 1s - loss: 1.0963 - acc: 0.6618
1920/3900 [=============>................] - ETA: 1s - loss: 1.0929 - acc: 0.6641
1980/3900 [==============>...............] - ETA: 1s - loss: 1.0904 - acc: 0.6646
2040/3900 [==============>...............] - ETA: 1s - loss: 1.0909 - acc: 0.6632
2100/3900 [===============>..............] - ETA: 1s - loss: 1.0855 - acc: 0.6648
2160/3900 [===============>..............] - ETA: 1s - loss: 1.0825 - acc: 0.6657
2220/3900 [================>.............] - ETA: 1s - loss: 1.0819 - acc: 0.6671
2280/3900 [================>.............] - ETA: 1s - loss: 1.0835 - acc: 0.6658
2340/3900 [=================>............] - ETA: 1s - loss: 1.0769 - acc: 0.6692
2400/3900 [=================>............] - ETA: 1s - loss: 1.0759 - acc: 0.6683
2460/3900 [=================>............] - ETA: 1s - loss: 1.0765 - acc: 0.6679
2520/3900 [==================>...........] - ETA: 1s - loss: 1.0767 - acc: 0.6667
2580/3900 [==================>...........] - ETA: 1s - loss: 1.0767 - acc: 0.6655
2640/3900 [===================>..........] - ETA: 1s - loss: 1.0745 - acc: 0.6670
2700/3900 [===================>..........] - ETA: 1s - loss: 1.0710 - acc: 0.6693
2760/3900 [====================>.........] - ETA: 1s - loss: 1.0715 - acc: 0.6674
2820/3900 [====================>.........] - ETA: 0s - loss: 1.0695 - acc: 0.6667
2880/3900 [=====================>........] - ETA: 0s - loss: 1.0680 - acc: 0.6670
2940/3900 [=====================>........] - ETA: 0s - loss: 1.0687 - acc: 0.6660
3000/3900 [======================>.......] - ETA: 0s - loss: 1.0675 - acc: 0.6653
3060/3900 [======================>.......] - ETA: 0s - loss: 1.0675 - acc: 0.6650
3120/3900 [=======================>......] - ETA: 0s - loss: 1.0662 - acc: 0.6654
3180/3900 [=======================>......] - ETA: 0s - loss: 1.0663 - acc: 0.6657
3240/3900 [=======================>......] - ETA: 0s - loss: 1.0641 - acc: 0.6664
3300/3900 [========================>.....] - ETA: 0s - loss: 1.0640 - acc: 0.6658
3360/3900 [========================>.....] - ETA: 0s - loss: 1.0612 - acc: 0.6655
3420/3900 [=========================>....] - ETA: 0s - loss: 1.0580 - acc: 0.6670
3480/3900 [=========================>....] - ETA: 0s - loss: 1.0579 - acc: 0.6678
3540/3900 [==========================>...] - ETA: 0s - loss: 1.0567 - acc: 0.6686
3600/3900 [==========================>...] - ETA: 0s - loss: 1.0549 - acc: 0.6694
3660/3900 [===========================>..] - ETA: 0s - loss: 1.0542 - acc: 0.6689
3720/3900 [===========================>..] - ETA: 0s - loss: 1.0534 - acc: 0.6696
3780/3900 [============================>.] - ETA: 0s - loss: 1.0521 - acc: 0.6704
3840/3900 [============================>.] - ETA: 0s - loss: 1.0519 - acc: 0.6706
3900/3900 [==============================] - 4s 911us/step - loss: 1.0486 - acc: 0.6715 - val_loss: 1.6240 - val_acc: 0.4242
Current time ....3.551
Train on 600 samples, validate on 86 samples
Epoch 1/1

 10/600 [..............................] - ETA: 0s - loss: 0.0637 - acc: 1.0000
 70/600 [==>...........................] - ETA: 0s - loss: 0.0583 - acc: 1.0000
130/600 [=====>........................] - ETA: 0s - loss: 0.0514 - acc: 1.0000
190/600 [========>.....................] - ETA: 0s - loss: 0.0481 - acc: 1.0000
250/600 [===========>..................] - ETA: 0s - loss: 0.0519 - acc: 0.9960
310/600 [==============>...............] - ETA: 0s - loss: 0.0548 - acc: 0.9968
370/600 [=================>............] - ETA: 0s - loss: 0.0564 - acc: 0.9946
430/600 [====================>.........] - ETA: 0s - loss: 0.0558 - acc: 0.9953
490/600 [=======================>......] - ETA: 0s - loss: 0.0535 - acc: 0.9959
550/600 [==========================>...] - ETA: 0s - loss: 0.0524 - acc: 0.9964
600/600 [==============================] - 1s 929us/step - loss: 0.0519 - acc: 0.9967 - val_loss: 0.5058 - val_acc: 0.9186
Current time ....0.558
Train on 1200 samples, validate on 68 samples
Epoch 1/1

  10/1200 [..............................] - ETA: 1s - loss: 0.1210 - acc: 1.0000
  70/1200 [>.............................] - ETA: 0s - loss: 0.1461 - acc: 0.9857
 130/1200 [==>...........................] - ETA: 0s - loss: 0.1614 - acc: 0.9923
 190/1200 [===>..........................] - ETA: 0s - loss: 0.1598 - acc: 0.9895
 250/1200 [=====>........................] - ETA: 0s - loss: 0.1735 - acc: 0.9720
 310/1200 [======>.......................] - ETA: 0s - loss: 0.1630 - acc: 0.9774
 370/1200 [========>.....................] - ETA: 0s - loss: 0.1647 - acc: 0.9784
 430/1200 [=========>....................] - ETA: 0s - loss: 0.1691 - acc: 0.9791
 490/1200 [===========>..................] - ETA: 0s - loss: 0.1722 - acc: 0.9776
 550/1200 [============>.................] - ETA: 0s - loss: 0.1670 - acc: 0.9800
 610/1200 [==============>...............] - ETA: 0s - loss: 0.1718 - acc: 0.9738
 670/1200 [===============>..............] - ETA: 0s - loss: 0.1729 - acc: 0.9687
 730/1200 [=================>............] - ETA: 0s - loss: 0.1705 - acc: 0.9685
 790/1200 [==================>...........] - ETA: 0s - loss: 0.1679 - acc: 0.9696
 850/1200 [====================>.........] - ETA: 0s - loss: 0.1620 - acc: 0.9718
 910/1200 [=====================>........] - ETA: 0s - loss: 0.1579 - acc: 0.9736
 970/1200 [=======================>......] - ETA: 0s - loss: 0.1563 - acc: 0.9742
1030/1200 [========================>.....] - ETA: 0s - loss: 0.1565 - acc: 0.9728
1090/1200 [==========================>...] - ETA: 0s - loss: 0.1593 - acc: 0.9697
1150/1200 [===========================>..] - ETA: 0s - loss: 0.1619 - acc: 0.9696
1200/1200 [==============================] - 1s 905us/step - loss: 0.1639 - acc: 0.9667 - val_loss: 0.7384 - val_acc: 0.7059
Current time ....1.086
Train on 3900 samples, validate on 99 samples
Epoch 1/1

  10/3900 [..............................] - ETA: 3s - loss: 1.1069 - acc: 0.7000
  70/3900 [..............................] - ETA: 3s - loss: 0.9896 - acc: 0.7429
 130/3900 [>.............................] - ETA: 3s - loss: 0.9916 - acc: 0.7000
 190/3900 [>.............................] - ETA: 3s - loss: 0.9567 - acc: 0.7263
 250/3900 [>.............................] - ETA: 3s - loss: 0.9398 - acc: 0.7280
 310/3900 [=>............................] - ETA: 3s - loss: 0.9160 - acc: 0.7419
 370/3900 [=>............................] - ETA: 3s - loss: 0.9287 - acc: 0.7324
 430/3900 [==>...........................] - ETA: 3s - loss: 0.9299 - acc: 0.7209
 490/3900 [==>...........................] - ETA: 3s - loss: 0.9308 - acc: 0.7163
 550/3900 [===>..........................] - ETA: 3s - loss: 0.9164 - acc: 0.7182
 610/3900 [===>..........................] - ETA: 2s - loss: 0.9268 - acc: 0.7049
 670/3900 [====>.........................] - ETA: 2s - loss: 0.9281 - acc: 0.7045
 730/3900 [====>.........................] - ETA: 2s - loss: 0.9305 - acc: 0.7027
 790/3900 [=====>........................] - ETA: 2s - loss: 0.9293 - acc: 0.7013
 850/3900 [=====>........................] - ETA: 2s - loss: 0.9322 - acc: 0.6953
 910/3900 [======>.......................] - ETA: 2s - loss: 0.9336 - acc: 0.6978
 970/3900 [======>.......................] - ETA: 2s - loss: 0.9281 - acc: 0.7031
1030/3900 [======>.......................] - ETA: 2s - loss: 0.9207 - acc: 0.7058
1090/3900 [=======>......................] - ETA: 2s - loss: 0.9182 - acc: 0.7055
1150/3900 [=======>......................] - ETA: 2s - loss: 0.9164 - acc: 0.7078
1210/3900 [========>.....................] - ETA: 2s - loss: 0.9227 - acc: 0.7041
1270/3900 [========>.....................] - ETA: 2s - loss: 0.9172 - acc: 0.7079
1330/3900 [=========>....................] - ETA: 2s - loss: 0.9204 - acc: 0.7075
1390/3900 [=========>....................] - ETA: 2s - loss: 0.9211 - acc: 0.7058
1450/3900 [==========>...................] - ETA: 2s - loss: 0.9256 - acc: 0.7041
1510/3900 [==========>...................] - ETA: 2s - loss: 0.9207 - acc: 0.7066
1570/3900 [===========>..................] - ETA: 2s - loss: 0.9202 - acc: 0.7083
1630/3900 [===========>..................] - ETA: 2s - loss: 0.9147 - acc: 0.7104
1690/3900 [============>.................] - ETA: 2s - loss: 0.9120 - acc: 0.7112
1750/3900 [============>.................] - ETA: 1s - loss: 0.9098 - acc: 0.7114
1810/3900 [============>.................] - ETA: 1s - loss: 0.9064 - acc: 0.7133
1870/3900 [=============>................] - ETA: 1s - loss: 0.9030 - acc: 0.7139
1930/3900 [=============>................] - ETA: 1s - loss: 0.9035 - acc: 0.7119
1990/3900 [==============>...............] - ETA: 1s - loss: 0.9008 - acc: 0.7116
2050/3900 [==============>...............] - ETA: 1s - loss: 0.9002 - acc: 0.7112
2110/3900 [===============>..............] - ETA: 1s - loss: 0.8982 - acc: 0.7114
2170/3900 [===============>..............] - ETA: 1s - loss: 0.8971 - acc: 0.7124
2230/3900 [================>.............] - ETA: 1s - loss: 0.8974 - acc: 0.7126
2290/3900 [================>.............] - ETA: 1s - loss: 0.8918 - acc: 0.7148
2350/3900 [=================>............] - ETA: 1s - loss: 0.8918 - acc: 0.7145
2410/3900 [=================>............] - ETA: 1s - loss: 0.8869 - acc: 0.7166
2470/3900 [==================>...........] - ETA: 1s - loss: 0.8847 - acc: 0.7174
2530/3900 [==================>...........] - ETA: 1s - loss: 0.8843 - acc: 0.7166
2590/3900 [==================>...........] - ETA: 1s - loss: 0.8816 - acc: 0.7174
2650/3900 [===================>..........] - ETA: 1s - loss: 0.8787 - acc: 0.7181
2710/3900 [===================>..........] - ETA: 1s - loss: 0.8786 - acc: 0.7173
2770/3900 [====================>.........] - ETA: 1s - loss: 0.8792 - acc: 0.7173
2830/3900 [====================>.........] - ETA: 0s - loss: 0.8797 - acc: 0.7170
2890/3900 [=====================>........] - ETA: 0s - loss: 0.8760 - acc: 0.7187
2950/3900 [=====================>........] - ETA: 0s - loss: 0.8769 - acc: 0.7190
3010/3900 [======================>.......] - ETA: 0s - loss: 0.8775 - acc: 0.7189
3070/3900 [======================>.......] - ETA: 0s - loss: 0.8767 - acc: 0.7192
3130/3900 [=======================>......] - ETA: 0s - loss: 0.8725 - acc: 0.7211
3190/3900 [=======================>......] - ETA: 0s - loss: 0.8728 - acc: 0.7210
3250/3900 [========================>.....] - ETA: 0s - loss: 0.8707 - acc: 0.7222
3310/3900 [========================>.....] - ETA: 0s - loss: 0.8694 - acc: 0.7224
3370/3900 [========================>.....] - ETA: 0s - loss: 0.8682 - acc: 0.7234
3430/3900 [=========================>....] - ETA: 0s - loss: 0.8635 - acc: 0.7259
3490/3900 [=========================>....] - ETA: 0s - loss: 0.8638 - acc: 0.7249
3550/3900 [==========================>...] - ETA: 0s - loss: 0.8597 - acc: 0.7265
3610/3900 [==========================>...] - ETA: 0s - loss: 0.8580 - acc: 0.7266
3670/3900 [===========================>..] - ETA: 0s - loss: 0.8563 - acc: 0.7275
3730/3900 [===========================>..] - ETA: 0s - loss: 0.8538 - acc: 0.7292
3790/3900 [============================>.] - ETA: 0s - loss: 0.8524 - acc: 0.7309
3850/3900 [============================>.] - ETA: 0s - loss: 0.8479 - acc: 0.7330
3900/3900 [==============================] - 4s 911us/step - loss: 0.8484 - acc: 0.7328 - val_loss: 1.5417 - val_acc: 0.4242
Current time ....3.555
Train on 600 samples, validate on 86 samples
Epoch 1/1

 10/600 [..............................] - ETA: 0s - loss: 0.0629 - acc: 1.0000
 70/600 [==>...........................] - ETA: 0s - loss: 0.0519 - acc: 1.0000
130/600 [=====>........................] - ETA: 0s - loss: 0.0401 - acc: 1.0000
190/600 [========>.....................] - ETA: 0s - loss: 0.0438 - acc: 1.0000
250/600 [===========>..................] - ETA: 0s - loss: 0.0432 - acc: 1.0000
310/600 [==============>...............] - ETA: 0s - loss: 0.0447 - acc: 0.9968
370/600 [=================>............] - ETA: 0s - loss: 0.0472 - acc: 0.9946
430/600 [====================>.........] - ETA: 0s - loss: 0.0471 - acc: 0.9953
490/600 [=======================>......] - ETA: 0s - loss: 0.0461 - acc: 0.9959
550/600 [==========================>...] - ETA: 0s - loss: 0.0444 - acc: 0.9964
600/600 [==============================] - 1s 920us/step - loss: 0.0432 - acc: 0.9967 - val_loss: 0.4783 - val_acc: 0.9302
Current time ....0.552
Train on 1200 samples, validate on 68 samples
Epoch 1/1

  10/1200 [..............................] - ETA: 1s - loss: 0.1060 - acc: 1.0000
  70/1200 [>.............................] - ETA: 1s - loss: 0.1672 - acc: 0.9429
 120/1200 [==>...........................] - ETA: 1s - loss: 0.1499 - acc: 0.9667
 180/1200 [===>..........................] - ETA: 0s - loss: 0.1440 - acc: 0.9722
 240/1200 [=====>........................] - ETA: 0s - loss: 0.1348 - acc: 0.9750
 300/1200 [======>.......................] - ETA: 0s - loss: 0.1330 - acc: 0.9800
 360/1200 [========>.....................] - ETA: 0s - loss: 0.1240 - acc: 0.9806
 420/1200 [=========>....................] - ETA: 0s - loss: 0.1261 - acc: 0.9762
 480/1200 [===========>..................] - ETA: 0s - loss: 0.1275 - acc: 0.9750
 540/1200 [============>.................] - ETA: 0s - loss: 0.1223 - acc: 0.9759
 600/1200 [==============>...............] - ETA: 0s - loss: 0.1227 - acc: 0.9767
 660/1200 [===============>..............] - ETA: 0s - loss: 0.1235 - acc: 0.9788
 720/1200 [=================>............] - ETA: 0s - loss: 0.1213 - acc: 0.9792
 780/1200 [==================>...........] - ETA: 0s - loss: 0.1256 - acc: 0.9769
 840/1200 [====================>.........] - ETA: 0s - loss: 0.1274 - acc: 0.9762
 900/1200 [=====================>........] - ETA: 0s - loss: 0.1265 - acc: 0.9756
 960/1200 [=======================>......] - ETA: 0s - loss: 0.1245 - acc: 0.9760
1020/1200 [========================>.....] - ETA: 0s - loss: 0.1244 - acc: 0.9775
1080/1200 [==========================>...] - ETA: 0s - loss: 0.1221 - acc: 0.9787
1140/1200 [===========================>..] - ETA: 0s - loss: 0.1252 - acc: 0.9772
1200/1200 [==============================] - 1s 907us/step - loss: 0.1236 - acc: 0.9783 - val_loss: 0.8252 - val_acc: 0.7059
Current time ....1.089
Train on 3900 samples, validate on 99 samples
Epoch 1/1

  10/3900 [..............................] - ETA: 3s - loss: 0.5538 - acc: 0.8000
  70/3900 [..............................] - ETA: 3s - loss: 0.6948 - acc: 0.8000
 130/3900 [>.............................] - ETA: 3s - loss: 0.6768 - acc: 0.8154
 190/3900 [>.............................] - ETA: 3s - loss: 0.6314 - acc: 0.8316
 250/3900 [>.............................] - ETA: 3s - loss: 0.6949 - acc: 0.7960
 310/3900 [=>............................] - ETA: 3s - loss: 0.7000 - acc: 0.7871
 370/3900 [=>............................] - ETA: 3s - loss: 0.7168 - acc: 0.7811
 430/3900 [==>...........................] - ETA: 3s - loss: 0.7209 - acc: 0.7814
 490/3900 [==>...........................] - ETA: 3s - loss: 0.7130 - acc: 0.7878
 550/3900 [===>..........................] - ETA: 3s - loss: 0.7271 - acc: 0.7782
 610/3900 [===>..........................] - ETA: 2s - loss: 0.7312 - acc: 0.7689
 670/3900 [====>.........................] - ETA: 2s - loss: 0.7339 - acc: 0.7642
 730/3900 [====>.........................] - ETA: 2s - loss: 0.7309 - acc: 0.7658
 790/3900 [=====>........................] - ETA: 2s - loss: 0.7381 - acc: 0.7658
 850/3900 [=====>........................] - ETA: 2s - loss: 0.7469 - acc: 0.7588
 910/3900 [======>.......................] - ETA: 2s - loss: 0.7393 - acc: 0.7659
 970/3900 [======>.......................] - ETA: 2s - loss: 0.7310 - acc: 0.7691
1030/3900 [======>.......................] - ETA: 2s - loss: 0.7300 - acc: 0.7718
1090/3900 [=======>......................] - ETA: 2s - loss: 0.7321 - acc: 0.7706
1150/3900 [=======>......................] - ETA: 2s - loss: 0.7254 - acc: 0.7757
1210/3900 [========>.....................] - ETA: 2s - loss: 0.7163 - acc: 0.7802
1270/3900 [========>.....................] - ETA: 2s - loss: 0.7154 - acc: 0.7811
1330/3900 [=========>....................] - ETA: 2s - loss: 0.7101 - acc: 0.7842
1390/3900 [=========>....................] - ETA: 2s - loss: 0.7125 - acc: 0.7806
1450/3900 [==========>...................] - ETA: 2s - loss: 0.7118 - acc: 0.7807
1510/3900 [==========>...................] - ETA: 2s - loss: 0.7192 - acc: 0.7748
1570/3900 [===========>..................] - ETA: 2s - loss: 0.7228 - acc: 0.7713
1630/3900 [===========>..................] - ETA: 2s - loss: 0.7204 - acc: 0.7706
1690/3900 [============>.................] - ETA: 2s - loss: 0.7214 - acc: 0.7710
1750/3900 [============>.................] - ETA: 1s - loss: 0.7155 - acc: 0.7731
1810/3900 [============>.................] - ETA: 1s - loss: 0.7130 - acc: 0.7740
1870/3900 [=============>................] - ETA: 1s - loss: 0.7123 - acc: 0.7733
1930/3900 [=============>................] - ETA: 1s - loss: 0.7126 - acc: 0.7736
1990/3900 [==============>...............] - ETA: 1s - loss: 0.7161 - acc: 0.7714
2050/3900 [==============>...............] - ETA: 1s - loss: 0.7111 - acc: 0.7746
2110/3900 [===============>..............] - ETA: 1s - loss: 0.7145 - acc: 0.7735
2170/3900 [===============>..............] - ETA: 1s - loss: 0.7126 - acc: 0.7751
2230/3900 [================>.............] - ETA: 1s - loss: 0.7107 - acc: 0.7749
2290/3900 [================>.............] - ETA: 1s - loss: 0.7158 - acc: 0.7729
2350/3900 [=================>............] - ETA: 1s - loss: 0.7143 - acc: 0.7723
2410/3900 [=================>............] - ETA: 1s - loss: 0.7134 - acc: 0.7734
2470/3900 [==================>...........] - ETA: 1s - loss: 0.7160 - acc: 0.7713
2530/3900 [==================>...........] - ETA: 1s - loss: 0.7175 - acc: 0.7704
2590/3900 [==================>...........] - ETA: 1s - loss: 0.7149 - acc: 0.7714
2650/3900 [===================>..........] - ETA: 1s - loss: 0.7157 - acc: 0.7698
2710/3900 [===================>..........] - ETA: 1s - loss: 0.7111 - acc: 0.7712
2770/3900 [====================>.........] - ETA: 1s - loss: 0.7089 - acc: 0.7718
2830/3900 [====================>.........] - ETA: 0s - loss: 0.7067 - acc: 0.7735
2890/3900 [=====================>........] - ETA: 0s - loss: 0.7090 - acc: 0.7720
2950/3900 [=====================>........] - ETA: 0s - loss: 0.7078 - acc: 0.7715
3010/3900 [======================>.......] - ETA: 0s - loss: 0.7076 - acc: 0.7714
3070/3900 [======================>.......] - ETA: 0s - loss: 0.7049 - acc: 0.7733
3130/3900 [=======================>......] - ETA: 0s - loss: 0.7049 - acc: 0.7738
3190/3900 [=======================>......] - ETA: 0s - loss: 0.7069 - acc: 0.7724
3250/3900 [========================>.....] - ETA: 0s - loss: 0.7044 - acc: 0.7735
3310/3900 [========================>.....] - ETA: 0s - loss: 0.7020 - acc: 0.7743
3370/3900 [========================>.....] - ETA: 0s - loss: 0.7031 - acc: 0.7739
3430/3900 [=========================>....] - ETA: 0s - loss: 0.7027 - acc: 0.7732
3490/3900 [=========================>....] - ETA: 0s - loss: 0.7003 - acc: 0.7739
3550/3900 [==========================>...] - ETA: 0s - loss: 0.7006 - acc: 0.7735
3610/3900 [==========================>...] - ETA: 0s - loss: 0.6981 - acc: 0.7742
3670/3900 [===========================>..] - ETA: 0s - loss: 0.6983 - acc: 0.7741
3730/3900 [===========================>..] - ETA: 0s - loss: 0.6974 - acc: 0.7745
3790/3900 [============================>.] - ETA: 0s - loss: 0.6983 - acc: 0.7741
3850/3900 [============================>.] - ETA: 0s - loss: 0.6970 - acc: 0.7745
3900/3900 [==============================] - 4s 908us/step - loss: 0.6965 - acc: 0.7749 - val_loss: 1.5821 - val_acc: 0.4747
Current time ....3.542
Train on 600 samples, validate on 86 samples
Epoch 1/1

 10/600 [..............................] - ETA: 0s - loss: 0.0556 - acc: 1.0000
 70/600 [==>...........................] - ETA: 0s - loss: 0.0387 - acc: 1.0000
130/600 [=====>........................] - ETA: 0s - loss: 0.0316 - acc: 1.0000
190/600 [========>.....................] - ETA: 0s - loss: 0.0304 - acc: 1.0000
250/600 [===========>..................] - ETA: 0s - loss: 0.0304 - acc: 1.0000
310/600 [==============>...............] - ETA: 0s - loss: 0.0324 - acc: 0.9968
370/600 [=================>............] - ETA: 0s - loss: 0.0305 - acc: 0.9973
430/600 [====================>.........] - ETA: 0s - loss: 0.0305 - acc: 0.9977
490/600 [=======================>......] - ETA: 0s - loss: 0.0332 - acc: 0.9959
550/600 [==========================>...] - ETA: 0s - loss: 0.0341 - acc: 0.9945
600/600 [==============================] - 1s 927us/step - loss: 0.0340 - acc: 0.9950 - val_loss: 0.4982 - val_acc: 0.9302
Current time ....0.556
Train on 1200 samples, validate on 68 samples
Epoch 1/1

  10/1200 [..............................] - ETA: 1s - loss: 0.0342 - acc: 1.0000
  70/1200 [>.............................] - ETA: 1s - loss: 0.1050 - acc: 0.9857
 130/1200 [==>...........................] - ETA: 0s - loss: 0.0804 - acc: 0.9923
 190/1200 [===>..........................] - ETA: 0s - loss: 0.0738 - acc: 0.9947
 250/1200 [=====>........................] - ETA: 0s - loss: 0.0793 - acc: 0.9960
 310/1200 [======>.......................] - ETA: 0s - loss: 0.0844 - acc: 0.9935
 370/1200 [========>.....................] - ETA: 0s - loss: 0.0834 - acc: 0.9946
 430/1200 [=========>....................] - ETA: 0s - loss: 0.0846 - acc: 0.9953
 490/1200 [===========>..................] - ETA: 0s - loss: 0.0853 - acc: 0.9959
 550/1200 [============>.................] - ETA: 0s - loss: 0.0846 - acc: 0.9945
 610/1200 [==============>...............] - ETA: 0s - loss: 0.0820 - acc: 0.9951
 670/1200 [===============>..............] - ETA: 0s - loss: 0.0846 - acc: 0.9940
 730/1200 [=================>............] - ETA: 0s - loss: 0.0848 - acc: 0.9945
 790/1200 [==================>...........] - ETA: 0s - loss: 0.0828 - acc: 0.9937
 850/1200 [====================>.........] - ETA: 0s - loss: 0.0841 - acc: 0.9918
 910/1200 [=====================>........] - ETA: 0s - loss: 0.0838 - acc: 0.9923
 970/1200 [=======================>......] - ETA: 0s - loss: 0.0844 - acc: 0.9918
1030/1200 [========================>.....] - ETA: 0s - loss: 0.0841 - acc: 0.9922
1090/1200 [==========================>...] - ETA: 0s - loss: 0.0828 - acc: 0.9927
1150/1200 [===========================>..] - ETA: 0s - loss: 0.0819 - acc: 0.9930
1200/1200 [==============================] - 1s 904us/step - loss: 0.0830 - acc: 0.9925 - val_loss: 0.9827 - val_acc: 0.6618
Current time ....1.086

32/99 [========>.....................] - ETA: 0s
99/99 [==============================] - 0s 91us/step
In EVALUATE loss:  [1.5821151408282192, 0.47474747504850828]

32/86 [==========>...................] - ETA: 0s
86/86 [==============================] - 0s 79us/step
In EVALUATE loss:  [0.49821592347566473, 0.93023256091184392]

32/68 [=============>................] - ETA: 0s
68/68 [==============================] - 0s 100us/step
In EVALUATE loss:  [0.98271416916566734, 0.66176470588235292]
Task 1 : Primary site - Macro F1 score 0.277970943047
Task 1 : Primary site - Micro F1 score 0.474747474747
Task 2 : Tumor laterality - Macro F1 score 0.930194805195
Task 2 : Tumor laterality - Micro F1 score 0.93023255814
Task 3 : Histological grade - Macro F1 score 0.500707013575
Task 3 : Histological grade - Micro F1 score 0.661764705882
Average loss:  1.02101507782
