Importing candle utils for keras
Configuration file:  /gpfs/mira-home/apeck/Modified_Benchmarks/Pilot3/P3B1/p3b1_default_model.txt
{'activation': 'relu',
 'batch_size': 10,
 'data_url': 'ftp://ftp.mcs.anl.gov/pub/candle/public/benchmarks/P3B1/',
 'drop': 0.0,
 'epochs': 10,
 'feature_names': 'Primary site:Tumor laterality:Histological grade',
 'ind_nnet_spec': [[2400, 2400, 1200, 1200],
                   [2400, 2400, 1200, 1200],
                   [2400, 2400, 1200, 1200]],
 'initialization': 'glorot_uniform',
 'learning_rate': 0.01,
 'loss': 'categorical_crossentropy',
 'metrics': 'accuracy',
 'model_name': 'p3b1',
 'n_fold': 1,
 'optimizer': 'sgd',
 'out_activation': 'softmax',
 'output_dir': '.',
 'scaling': 'none',
 'shared_nnet_spec': [1200,
                      2400,
                      3600,
                      3600,
                      3600,
                      3600,
                      3600,
                      3600,
                      3600,
                      2400],
 'shuffle': True,
 'timeout': 1800,
 'train_data': 'P3B1_data.tar.gz'}
Params:
{'activation': 'relu',
 'batch_size': 10,
 'case': 'CenterZ',
 'data_url': 'ftp://ftp.mcs.anl.gov/pub/candle/public/benchmarks/P3B1/',
 'datatype': <class 'numpy.float32'>,
 'drop': 0.0,
 'epochs': 10,
 'experiment_id': 'EXP000',
 'feature_names': 'Primary site:Tumor laterality:Histological grade',
 'fig': False,
 'gpus': [],
 'ind_nnet_spec': [[2400, 2400, 1200, 1200],
                   [2400, 2400, 1200, 1200],
                   [2400, 2400, 1200, 1200]],
 'initialization': 'glorot_uniform',
 'learning_rate': 0.01,
 'logfile': None,
 'loss': 'categorical_crossentropy',
 'metrics': 'accuracy',
 'model_name': 'p3b1',
 'n_fold': 1,
 'optimizer': 'sgd',
 'out_activation': 'softmax',
 'output_dir': '/gpfs/mira-home/apeck/CANDLE_testing/avery_modified_results/p3_1',
 'output_files': 'result0_0.csv;result1_0.csv;result2_0.csv',
 'rng_seed': 7102,
 'run_id': 'RUN000',
 'scaling': 'none',
 'shared_nnet_spec': [1200,
                      2400,
                      3600,
                      3600,
                      3600,
                      3600,
                      3600,
                      3600,
                      3600,
                      2400],
 'shuffle': False,
 'timeout': 1800,
 'train_bool': True,
 'train_data': 'P3B1_data.tar.gz',
 'train_features': 'data/task0_0_train_feature.csv;data/task1_0_train_feature.csv;data/task2_0_train_feature.csv',
 'train_truths': 'data/task0_0_train_label.csv;data/task1_0_train_label.csv;data/task2_0_train_label.csv',
 'valid_features': 'data/task0_0_test_feature.csv;data/task1_0_test_feature.csv;data/task2_0_test_feature.csv',
 'valid_truths': 'data/task0_0_test_label.csv;data/task1_0_test_label.csv;data/task2_0_test_label.csv',
 'verbose': None}
Feature names:
Primary site
Tumor laterality
Histological grade
Model:  0
_________________________________________________________________
Layer (type)                 Output Shape              Param #   
=================================================================
input (InputLayer)           (None, 400)               0         
_________________________________________________________________
indiv_layer_0_0 (Dense)      (None, 2400)              962400    
_________________________________________________________________
indiv_layer_0_1 (Dense)      (None, 2400)              5762400   
_________________________________________________________________
indiv_layer_0_2 (Dense)      (None, 1200)              2881200   
_________________________________________________________________
indiv_layer_0_3 (Dense)      (None, 1200)              1441200   
_________________________________________________________________
out_0 (Dense)                (None, 13)                15613     
=================================================================
Total params: 11,062,813
Trainable params: 11,062,813
Non-trainable params: 0
_________________________________________________________________
Model:  1
_________________________________________________________________
Layer (type)                 Output Shape              Param #   
=================================================================
input (InputLayer)           (None, 400)               0         
_________________________________________________________________
indiv_layer_1_0 (Dense)      (None, 2400)              962400    
_________________________________________________________________
indiv_layer_1_1 (Dense)      (None, 2400)              5762400   
_________________________________________________________________
indiv_layer_1_2 (Dense)      (None, 1200)              2881200   
_________________________________________________________________
indiv_layer_1_3 (Dense)      (None, 1200)              1441200   
_________________________________________________________________
out_1 (Dense)                (None, 2)                 2402      
=================================================================
Total params: 11,049,602
Trainable params: 11,049,602
Non-trainable params: 0
_________________________________________________________________
Model:  2
_________________________________________________________________
Layer (type)                 Output Shape              Param #   
=================================================================
input (InputLayer)           (None, 400)               0         
_________________________________________________________________
indiv_layer_2_0 (Dense)      (None, 2400)              962400    
_________________________________________________________________
indiv_layer_2_1 (Dense)      (None, 2400)              5762400   
_________________________________________________________________
indiv_layer_2_2 (Dense)      (None, 1200)              2881200   
_________________________________________________________________
indiv_layer_2_3 (Dense)      (None, 1200)              1441200   
_________________________________________________________________
out_2 (Dense)                (None, 4)                 4804      
=================================================================
Total params: 11,052,004
Trainable params: 11,052,004
Non-trainable params: 0
_________________________________________________________________
Train on 3900 samples, validate on 99 samples
Epoch 1/1

  10/3900 [..............................] - ETA: 15:22 - loss: 2.5595 - acc: 0.2000
  60/3900 [..............................] - ETA: 2:35 - loss: 2.5625 - acc: 0.1500 
 110/3900 [..............................] - ETA: 1:25 - loss: 2.5637 - acc: 0.1182
 160/3900 [>.............................] - ETA: 59s - loss: 2.5633 - acc: 0.1000 
 210/3900 [>.............................] - ETA: 45s - loss: 2.5631 - acc: 0.1000
 260/3900 [=>............................] - ETA: 37s - loss: 2.5630 - acc: 0.1038
 310/3900 [=>............................] - ETA: 31s - loss: 2.5627 - acc: 0.1032
 360/3900 [=>............................] - ETA: 27s - loss: 2.5626 - acc: 0.1000
 420/3900 [==>...........................] - ETA: 23s - loss: 2.5626 - acc: 0.0952
 480/3900 [==>...........................] - ETA: 20s - loss: 2.5626 - acc: 0.0917
 540/3900 [===>..........................] - ETA: 18s - loss: 2.5623 - acc: 0.0907
 600/3900 [===>..........................] - ETA: 16s - loss: 2.5626 - acc: 0.0900
 660/3900 [====>.........................] - ETA: 14s - loss: 2.5628 - acc: 0.0909
 720/3900 [====>.........................] - ETA: 13s - loss: 2.5623 - acc: 0.0944
 780/3900 [=====>........................] - ETA: 12s - loss: 2.5621 - acc: 0.0962
 840/3900 [=====>........................] - ETA: 11s - loss: 2.5619 - acc: 0.0940
 900/3900 [=====>........................] - ETA: 10s - loss: 2.5617 - acc: 0.0989
 960/3900 [======>.......................] - ETA: 10s - loss: 2.5613 - acc: 0.1021
1020/3900 [======>.......................] - ETA: 9s - loss: 2.5611 - acc: 0.1088 
1080/3900 [=======>......................] - ETA: 8s - loss: 2.5609 - acc: 0.1130
1140/3900 [=======>......................] - ETA: 8s - loss: 2.5605 - acc: 0.1184
1200/3900 [========>.....................] - ETA: 7s - loss: 2.5601 - acc: 0.1242
1260/3900 [========>.....................] - ETA: 7s - loss: 2.5599 - acc: 0.1262
1320/3900 [=========>....................] - ETA: 7s - loss: 2.5597 - acc: 0.1265
1380/3900 [=========>....................] - ETA: 6s - loss: 2.5594 - acc: 0.1333
1440/3900 [==========>...................] - ETA: 6s - loss: 2.5591 - acc: 0.1354
1500/3900 [==========>...................] - ETA: 6s - loss: 2.5587 - acc: 0.1400
1560/3900 [===========>..................] - ETA: 5s - loss: 2.5586 - acc: 0.1378
1620/3900 [===========>..................] - ETA: 5s - loss: 2.5585 - acc: 0.1389
1680/3900 [===========>..................] - ETA: 5s - loss: 2.5581 - acc: 0.1417
1740/3900 [============>.................] - ETA: 4s - loss: 2.5580 - acc: 0.1420
1800/3900 [============>.................] - ETA: 4s - loss: 2.5577 - acc: 0.1439
1860/3900 [=============>................] - ETA: 4s - loss: 2.5575 - acc: 0.1446
1920/3900 [=============>................] - ETA: 4s - loss: 2.5575 - acc: 0.1427
1980/3900 [==============>...............] - ETA: 4s - loss: 2.5572 - acc: 0.1455
2040/3900 [==============>...............] - ETA: 3s - loss: 2.5570 - acc: 0.1485
2100/3900 [===============>..............] - ETA: 3s - loss: 2.5568 - acc: 0.1486
2160/3900 [===============>..............] - ETA: 3s - loss: 2.5566 - acc: 0.1500
2220/3900 [================>.............] - ETA: 3s - loss: 2.5564 - acc: 0.1491
2280/3900 [================>.............] - ETA: 3s - loss: 2.5562 - acc: 0.1513
2340/3900 [=================>............] - ETA: 3s - loss: 2.5561 - acc: 0.1547
2400/3900 [=================>............] - ETA: 2s - loss: 2.5558 - acc: 0.1596
2460/3900 [=================>............] - ETA: 2s - loss: 2.5556 - acc: 0.1638
2520/3900 [==================>...........] - ETA: 2s - loss: 2.5554 - acc: 0.1671
2580/3900 [==================>...........] - ETA: 2s - loss: 2.5552 - acc: 0.1690
2640/3900 [===================>..........] - ETA: 2s - loss: 2.5551 - acc: 0.1693
2700/3900 [===================>..........] - ETA: 2s - loss: 2.5548 - acc: 0.1711
2760/3900 [====================>.........] - ETA: 2s - loss: 2.5546 - acc: 0.1746
2820/3900 [====================>.........] - ETA: 1s - loss: 2.5544 - acc: 0.1766
2880/3900 [=====================>........] - ETA: 1s - loss: 2.5542 - acc: 0.1778
2940/3900 [=====================>........] - ETA: 1s - loss: 2.5539 - acc: 0.1820
3000/3900 [======================>.......] - ETA: 1s - loss: 2.5537 - acc: 0.1857
3060/3900 [======================>.......] - ETA: 1s - loss: 2.5535 - acc: 0.1889
3120/3900 [=======================>......] - ETA: 1s - loss: 2.5532 - acc: 0.1923
3180/3900 [=======================>......] - ETA: 1s - loss: 2.5529 - acc: 0.1953
3240/3900 [=======================>......] - ETA: 1s - loss: 2.5527 - acc: 0.1975
3300/3900 [========================>.....] - ETA: 0s - loss: 2.5525 - acc: 0.2000
3360/3900 [========================>.....] - ETA: 0s - loss: 2.5523 - acc: 0.2045
3420/3900 [=========================>....] - ETA: 0s - loss: 2.5521 - acc: 0.2076
3480/3900 [=========================>....] - ETA: 0s - loss: 2.5519 - acc: 0.2121
3540/3900 [==========================>...] - ETA: 0s - loss: 2.5516 - acc: 0.2167
3600/3900 [==========================>...] - ETA: 0s - loss: 2.5513 - acc: 0.2181
3660/3900 [===========================>..] - ETA: 0s - loss: 2.5511 - acc: 0.2232
3720/3900 [===========================>..] - ETA: 0s - loss: 2.5508 - acc: 0.2258
3780/3900 [============================>.] - ETA: 0s - loss: 2.5506 - acc: 0.2294
3840/3900 [============================>.] - ETA: 0s - loss: 2.5504 - acc: 0.2307
3900/3900 [==============================] - 6s 2ms/step - loss: 2.5501 - acc: 0.2341 - val_loss: 2.5386 - val_acc: 0.3434
Current time ....5.971
Train on 600 samples, validate on 86 samples
Epoch 1/1

 10/600 [..............................] - ETA: 17s - loss: 0.6895 - acc: 0.6000
 70/600 [==>...........................] - ETA: 2s - loss: 0.6848 - acc: 0.5000 
130/600 [=====>........................] - ETA: 1s - loss: 0.6843 - acc: 0.5615
190/600 [========>.....................] - ETA: 1s - loss: 0.6773 - acc: 0.5947
250/600 [===========>..................] - ETA: 0s - loss: 0.6759 - acc: 0.5760
310/600 [==============>...............] - ETA: 0s - loss: 0.6718 - acc: 0.5710
370/600 [=================>............] - ETA: 0s - loss: 0.6670 - acc: 0.6162
430/600 [====================>.........] - ETA: 0s - loss: 0.6639 - acc: 0.6209
490/600 [=======================>......] - ETA: 0s - loss: 0.6606 - acc: 0.6510
550/600 [==========================>...] - ETA: 0s - loss: 0.6584 - acc: 0.6691
600/600 [==============================] - 1s 1ms/step - loss: 0.6562 - acc: 0.6883 - val_loss: 0.6256 - val_acc: 0.8488
Current time ....0.862
Train on 1200 samples, validate on 68 samples
Epoch 1/1

  10/1200 [..............................] - ETA: 32s - loss: 1.3703 - acc: 0.5000
  70/1200 [>.............................] - ETA: 5s - loss: 1.3809 - acc: 0.3000 
 130/1200 [==>...........................] - ETA: 3s - loss: 1.3792 - acc: 0.3000
 190/1200 [===>..........................] - ETA: 2s - loss: 1.3696 - acc: 0.3211
 250/1200 [=====>........................] - ETA: 1s - loss: 1.3711 - acc: 0.3200
 310/1200 [======>.......................] - ETA: 1s - loss: 1.3627 - acc: 0.3355
 370/1200 [========>.....................] - ETA: 1s - loss: 1.3589 - acc: 0.3514
 430/1200 [=========>....................] - ETA: 1s - loss: 1.3551 - acc: 0.3674
 490/1200 [===========>..................] - ETA: 1s - loss: 1.3495 - acc: 0.3816
 550/1200 [============>.................] - ETA: 0s - loss: 1.3409 - acc: 0.4000
 610/1200 [==============>...............] - ETA: 0s - loss: 1.3333 - acc: 0.4082
 670/1200 [===============>..............] - ETA: 0s - loss: 1.3326 - acc: 0.4090
 730/1200 [=================>............] - ETA: 0s - loss: 1.3276 - acc: 0.4192
 790/1200 [==================>...........] - ETA: 0s - loss: 1.3210 - acc: 0.4354
 850/1200 [====================>.........] - ETA: 0s - loss: 1.3173 - acc: 0.4459
 910/1200 [=====================>........] - ETA: 0s - loss: 1.3140 - acc: 0.4549
 970/1200 [=======================>......] - ETA: 0s - loss: 1.3094 - acc: 0.4639
1030/1200 [========================>.....] - ETA: 0s - loss: 1.3067 - acc: 0.4709
1090/1200 [==========================>...] - ETA: 0s - loss: 1.3031 - acc: 0.4780
1150/1200 [===========================>..] - ETA: 0s - loss: 1.2982 - acc: 0.4826
1200/1200 [==============================] - 1s 1ms/step - loss: 1.2954 - acc: 0.4850 - val_loss: 1.2130 - val_acc: 0.3676
Current time ....1.353
Train on 3900 samples, validate on 99 samples
Epoch 1/1

  10/3900 [..............................] - ETA: 3s - loss: 2.5300 - acc: 0.5000
  70/3900 [..............................] - ETA: 3s - loss: 2.5271 - acc: 0.5000
 130/3900 [>.............................] - ETA: 3s - loss: 2.5302 - acc: 0.4231
 190/3900 [>.............................] - ETA: 3s - loss: 2.5310 - acc: 0.4263
 250/3900 [>.............................] - ETA: 3s - loss: 2.5303 - acc: 0.4320
 310/3900 [=>............................] - ETA: 3s - loss: 2.5297 - acc: 0.4290
 370/3900 [=>............................] - ETA: 3s - loss: 2.5292 - acc: 0.4243
 430/3900 [==>...........................] - ETA: 3s - loss: 2.5290 - acc: 0.4070
 490/3900 [==>...........................] - ETA: 3s - loss: 2.5291 - acc: 0.3918
 550/3900 [===>..........................] - ETA: 2s - loss: 2.5287 - acc: 0.3909
 610/3900 [===>..........................] - ETA: 2s - loss: 2.5285 - acc: 0.3820
 670/3900 [====>.........................] - ETA: 2s - loss: 2.5279 - acc: 0.3851
 730/3900 [====>.........................] - ETA: 2s - loss: 2.5279 - acc: 0.3712
 790/3900 [=====>........................] - ETA: 2s - loss: 2.5271 - acc: 0.3810
 850/3900 [=====>........................] - ETA: 2s - loss: 2.5273 - acc: 0.3682
 910/3900 [======>.......................] - ETA: 2s - loss: 2.5271 - acc: 0.3626
 970/3900 [======>.......................] - ETA: 2s - loss: 2.5267 - acc: 0.3670
1030/3900 [======>.......................] - ETA: 2s - loss: 2.5262 - acc: 0.3631
1090/3900 [=======>......................] - ETA: 2s - loss: 2.5259 - acc: 0.3606
1150/3900 [=======>......................] - ETA: 2s - loss: 2.5255 - acc: 0.3565
1210/3900 [========>.....................] - ETA: 2s - loss: 2.5253 - acc: 0.3570
1270/3900 [========>.....................] - ETA: 2s - loss: 2.5247 - acc: 0.3614
1330/3900 [=========>....................] - ETA: 2s - loss: 2.5246 - acc: 0.3617
1390/3900 [=========>....................] - ETA: 2s - loss: 2.5242 - acc: 0.3640
1450/3900 [==========>...................] - ETA: 2s - loss: 2.5235 - acc: 0.3690
1510/3900 [==========>...................] - ETA: 2s - loss: 2.5229 - acc: 0.3722
1570/3900 [===========>..................] - ETA: 2s - loss: 2.5224 - acc: 0.3707
1630/3900 [===========>..................] - ETA: 2s - loss: 2.5222 - acc: 0.3693
1690/3900 [============>.................] - ETA: 1s - loss: 2.5218 - acc: 0.3651
1750/3900 [============>.................] - ETA: 1s - loss: 2.5216 - acc: 0.3623
1810/3900 [============>.................] - ETA: 1s - loss: 2.5213 - acc: 0.3591
1870/3900 [=============>................] - ETA: 1s - loss: 2.5208 - acc: 0.3578
1930/3900 [=============>................] - ETA: 1s - loss: 2.5203 - acc: 0.3549
1990/3900 [==============>...............] - ETA: 1s - loss: 2.5198 - acc: 0.3553
2050/3900 [==============>...............] - ETA: 1s - loss: 2.5192 - acc: 0.3576
2110/3900 [===============>..............] - ETA: 1s - loss: 2.5188 - acc: 0.3564
2170/3900 [===============>..............] - ETA: 1s - loss: 2.5183 - acc: 0.3567
2230/3900 [================>.............] - ETA: 1s - loss: 2.5178 - acc: 0.3592
2290/3900 [================>.............] - ETA: 1s - loss: 2.5173 - acc: 0.3594
2350/3900 [=================>............] - ETA: 1s - loss: 2.5170 - acc: 0.3570
2410/3900 [=================>............] - ETA: 1s - loss: 2.5164 - acc: 0.3581
2470/3900 [==================>...........] - ETA: 1s - loss: 2.5157 - acc: 0.3583
2530/3900 [==================>...........] - ETA: 1s - loss: 2.5153 - acc: 0.3593
2590/3900 [==================>...........] - ETA: 1s - loss: 2.5148 - acc: 0.3614
2650/3900 [===================>..........] - ETA: 1s - loss: 2.5143 - acc: 0.3626
2710/3900 [===================>..........] - ETA: 1s - loss: 2.5136 - acc: 0.3653
2770/3900 [====================>.........] - ETA: 1s - loss: 2.5130 - acc: 0.3661
2830/3900 [====================>.........] - ETA: 0s - loss: 2.5125 - acc: 0.3657
2890/3900 [=====================>........] - ETA: 0s - loss: 2.5120 - acc: 0.3654
2950/3900 [=====================>........] - ETA: 0s - loss: 2.5115 - acc: 0.3654
3010/3900 [======================>.......] - ETA: 0s - loss: 2.5111 - acc: 0.3661
3070/3900 [======================>.......] - ETA: 0s - loss: 2.5106 - acc: 0.3671
3130/3900 [=======================>......] - ETA: 0s - loss: 2.5101 - acc: 0.3696
3190/3900 [=======================>......] - ETA: 0s - loss: 2.5094 - acc: 0.3755
3250/3900 [========================>.....] - ETA: 0s - loss: 2.5089 - acc: 0.3763
3310/3900 [========================>.....] - ETA: 0s - loss: 2.5083 - acc: 0.3761
3370/3900 [========================>.....] - ETA: 0s - loss: 2.5078 - acc: 0.3777
3430/3900 [=========================>....] - ETA: 0s - loss: 2.5071 - acc: 0.3822
3490/3900 [=========================>....] - ETA: 0s - loss: 2.5065 - acc: 0.3837
3550/3900 [==========================>...] - ETA: 0s - loss: 2.5059 - acc: 0.3856
3610/3900 [==========================>...] - ETA: 0s - loss: 2.5052 - acc: 0.3878
3670/3900 [===========================>..] - ETA: 0s - loss: 2.5045 - acc: 0.3902
3730/3900 [===========================>..] - ETA: 0s - loss: 2.5039 - acc: 0.3917
3790/3900 [============================>.] - ETA: 0s - loss: 2.5032 - acc: 0.3937
3850/3900 [============================>.] - ETA: 0s - loss: 2.5025 - acc: 0.3938
3900/3900 [==============================] - 3s 895us/step - loss: 2.5019 - acc: 0.3959 - val_loss: 2.4699 - val_acc: 0.5152
Current time ....3.491
Train on 600 samples, validate on 86 samples
Epoch 1/1

 10/600 [..............................] - ETA: 0s - loss: 0.6008 - acc: 1.0000
 70/600 [==>...........................] - ETA: 0s - loss: 0.6074 - acc: 0.9857
130/600 [=====>........................] - ETA: 0s - loss: 0.5967 - acc: 0.9077
190/600 [========>.....................] - ETA: 0s - loss: 0.5922 - acc: 0.9158
250/600 [===========>..................] - ETA: 0s - loss: 0.5844 - acc: 0.9120
310/600 [==============>...............] - ETA: 0s - loss: 0.5792 - acc: 0.9226
370/600 [=================>............] - ETA: 0s - loss: 0.5752 - acc: 0.9216
430/600 [====================>.........] - ETA: 0s - loss: 0.5689 - acc: 0.9279
490/600 [=======================>......] - ETA: 0s - loss: 0.5617 - acc: 0.9347
550/600 [==========================>...] - ETA: 0s - loss: 0.5535 - acc: 0.9364
600/600 [==============================] - 1s 921us/step - loss: 0.5473 - acc: 0.9383 - val_loss: 0.5292 - val_acc: 0.8953
Current time ....0.553
Train on 1200 samples, validate on 68 samples
Epoch 1/1

  10/1200 [..............................] - ETA: 1s - loss: 1.3002 - acc: 0.4000
  70/1200 [>.............................] - ETA: 1s - loss: 1.1697 - acc: 0.6429
 130/1200 [==>...........................] - ETA: 0s - loss: 1.1743 - acc: 0.6308
 190/1200 [===>..........................] - ETA: 0s - loss: 1.1587 - acc: 0.6211
 250/1200 [=====>........................] - ETA: 0s - loss: 1.1626 - acc: 0.6360
 310/1200 [======>.......................] - ETA: 0s - loss: 1.1549 - acc: 0.6258
 370/1200 [========>.....................] - ETA: 0s - loss: 1.1452 - acc: 0.6189
 430/1200 [=========>....................] - ETA: 0s - loss: 1.1541 - acc: 0.6000
 490/1200 [===========>..................] - ETA: 0s - loss: 1.1439 - acc: 0.6102
 550/1200 [============>.................] - ETA: 0s - loss: 1.1388 - acc: 0.6109
 610/1200 [==============>...............] - ETA: 0s - loss: 1.1282 - acc: 0.6246
 670/1200 [===============>..............] - ETA: 0s - loss: 1.1257 - acc: 0.6164
 730/1200 [=================>............] - ETA: 0s - loss: 1.1075 - acc: 0.6288
 790/1200 [==================>...........] - ETA: 0s - loss: 1.1003 - acc: 0.6304
 850/1200 [====================>.........] - ETA: 0s - loss: 1.0965 - acc: 0.6259
 910/1200 [=====================>........] - ETA: 0s - loss: 1.0877 - acc: 0.6308
 970/1200 [=======================>......] - ETA: 0s - loss: 1.0855 - acc: 0.6258
1030/1200 [========================>.....] - ETA: 0s - loss: 1.0802 - acc: 0.6272
1090/1200 [==========================>...] - ETA: 0s - loss: 1.0765 - acc: 0.6303
1150/1200 [===========================>..] - ETA: 0s - loss: 1.0680 - acc: 0.6322
1200/1200 [==============================] - 1s 902us/step - loss: 1.0617 - acc: 0.6333 - val_loss: 1.2350 - val_acc: 0.3382
Current time ....1.083
Train on 3900 samples, validate on 99 samples
Epoch 1/1

  10/3900 [..............................] - ETA: 3s - loss: 2.4611 - acc: 0.3000
  70/3900 [..............................] - ETA: 3s - loss: 2.4550 - acc: 0.4286
 130/3900 [>.............................] - ETA: 3s - loss: 2.4560 - acc: 0.4462
 190/3900 [>.............................] - ETA: 3s - loss: 2.4537 - acc: 0.4632
 250/3900 [>.............................] - ETA: 3s - loss: 2.4552 - acc: 0.4400
 310/3900 [=>............................] - ETA: 3s - loss: 2.4541 - acc: 0.4484
 370/3900 [=>............................] - ETA: 3s - loss: 2.4532 - acc: 0.4459
 430/3900 [==>...........................] - ETA: 3s - loss: 2.4519 - acc: 0.4465
 490/3900 [==>...........................] - ETA: 3s - loss: 2.4510 - acc: 0.4408
 550/3900 [===>..........................] - ETA: 3s - loss: 2.4496 - acc: 0.4418
 610/3900 [===>..........................] - ETA: 2s - loss: 2.4476 - acc: 0.4377
 670/3900 [====>.........................] - ETA: 2s - loss: 2.4460 - acc: 0.4373
 730/3900 [====>.........................] - ETA: 2s - loss: 2.4454 - acc: 0.4274
 790/3900 [=====>........................] - ETA: 2s - loss: 2.4438 - acc: 0.4278
 850/3900 [=====>........................] - ETA: 2s - loss: 2.4422 - acc: 0.4306
 910/3900 [======>.......................] - ETA: 2s - loss: 2.4409 - acc: 0.4286
 970/3900 [======>.......................] - ETA: 2s - loss: 2.4397 - acc: 0.4247
1030/3900 [======>.......................] - ETA: 2s - loss: 2.4382 - acc: 0.4301
1090/3900 [=======>......................] - ETA: 2s - loss: 2.4368 - acc: 0.4330
1150/3900 [=======>......................] - ETA: 2s - loss: 2.4355 - acc: 0.4357
1210/3900 [========>.....................] - ETA: 2s - loss: 2.4342 - acc: 0.4430
1270/3900 [========>.....................] - ETA: 2s - loss: 2.4326 - acc: 0.4441
1330/3900 [=========>....................] - ETA: 2s - loss: 2.4315 - acc: 0.4376
1390/3900 [=========>....................] - ETA: 2s - loss: 2.4297 - acc: 0.4410
1450/3900 [==========>...................] - ETA: 2s - loss: 2.4281 - acc: 0.4407
1510/3900 [==========>...................] - ETA: 2s - loss: 2.4263 - acc: 0.4371
1570/3900 [===========>..................] - ETA: 2s - loss: 2.4247 - acc: 0.4325
1630/3900 [===========>..................] - ETA: 2s - loss: 2.4232 - acc: 0.4344
1690/3900 [============>.................] - ETA: 1s - loss: 2.4212 - acc: 0.4408
1750/3900 [============>.................] - ETA: 1s - loss: 2.4187 - acc: 0.4446
1810/3900 [============>.................] - ETA: 1s - loss: 2.4163 - acc: 0.4486
1870/3900 [=============>................] - ETA: 1s - loss: 2.4141 - acc: 0.4529
1930/3900 [=============>................] - ETA: 1s - loss: 2.4118 - acc: 0.4523
1990/3900 [==============>...............] - ETA: 1s - loss: 2.4101 - acc: 0.4462
2050/3900 [==============>...............] - ETA: 1s - loss: 2.4080 - acc: 0.4473
2110/3900 [===============>..............] - ETA: 1s - loss: 2.4062 - acc: 0.4469
2170/3900 [===============>..............] - ETA: 1s - loss: 2.4045 - acc: 0.4488
2230/3900 [================>.............] - ETA: 1s - loss: 2.4020 - acc: 0.4511
2290/3900 [================>.............] - ETA: 1s - loss: 2.3999 - acc: 0.4520
2350/3900 [=================>............] - ETA: 1s - loss: 2.3977 - acc: 0.4519
2410/3900 [=================>............] - ETA: 1s - loss: 2.3959 - acc: 0.4531
2470/3900 [==================>...........] - ETA: 1s - loss: 2.3936 - acc: 0.4547
2530/3900 [==================>...........] - ETA: 1s - loss: 2.3913 - acc: 0.4557
2590/3900 [==================>...........] - ETA: 1s - loss: 2.3893 - acc: 0.4548
2650/3900 [===================>..........] - ETA: 1s - loss: 2.3876 - acc: 0.4525
2710/3900 [===================>..........] - ETA: 1s - loss: 2.3853 - acc: 0.4520
2770/3900 [====================>.........] - ETA: 1s - loss: 2.3825 - acc: 0.4531
2830/3900 [====================>.........] - ETA: 0s - loss: 2.3794 - acc: 0.4551
2890/3900 [=====================>........] - ETA: 0s - loss: 2.3777 - acc: 0.4536
2950/3900 [=====================>........] - ETA: 0s - loss: 2.3750 - acc: 0.4522
3010/3900 [======================>.......] - ETA: 0s - loss: 2.3728 - acc: 0.4518
3070/3900 [======================>.......] - ETA: 0s - loss: 2.3696 - acc: 0.4524
3130/3900 [=======================>......] - ETA: 0s - loss: 2.3674 - acc: 0.4527
3190/3900 [=======================>......] - ETA: 0s - loss: 2.3649 - acc: 0.4514
3250/3900 [========================>.....] - ETA: 0s - loss: 2.3621 - acc: 0.4498
3310/3900 [========================>.....] - ETA: 0s - loss: 2.3598 - acc: 0.4477
3370/3900 [========================>.....] - ETA: 0s - loss: 2.3571 - acc: 0.4457
3430/3900 [=========================>....] - ETA: 0s - loss: 2.3540 - acc: 0.4452
3490/3900 [=========================>....] - ETA: 0s - loss: 2.3516 - acc: 0.4441
3550/3900 [==========================>...] - ETA: 0s - loss: 2.3491 - acc: 0.4414
3610/3900 [==========================>...] - ETA: 0s - loss: 2.3469 - acc: 0.4385
3670/3900 [===========================>..] - ETA: 0s - loss: 2.3443 - acc: 0.4373
3730/3900 [===========================>..] - ETA: 0s - loss: 2.3414 - acc: 0.4357
3790/3900 [============================>.] - ETA: 0s - loss: 2.3384 - acc: 0.4343
3850/3900 [============================>.] - ETA: 0s - loss: 2.3351 - acc: 0.4348
3900/3900 [==============================] - 4s 902us/step - loss: 2.3325 - acc: 0.4338 - val_loss: 2.2099 - val_acc: 0.2424
Current time ....3.518
Train on 600 samples, validate on 86 samples
Epoch 1/1

 10/600 [..............................] - ETA: 0s - loss: 0.4878 - acc: 1.0000
 70/600 [==>...........................] - ETA: 0s - loss: 0.4722 - acc: 0.9714
130/600 [=====>........................] - ETA: 0s - loss: 0.4725 - acc: 0.9615
190/600 [========>.....................] - ETA: 0s - loss: 0.4624 - acc: 0.9632
250/600 [===========>..................] - ETA: 0s - loss: 0.4495 - acc: 0.9680
310/600 [==============>...............] - ETA: 0s - loss: 0.4380 - acc: 0.9710
370/600 [=================>............] - ETA: 0s - loss: 0.4301 - acc: 0.9703
430/600 [====================>.........] - ETA: 0s - loss: 0.4207 - acc: 0.9744
490/600 [=======================>......] - ETA: 0s - loss: 0.4121 - acc: 0.9735
550/600 [==========================>...] - ETA: 0s - loss: 0.4037 - acc: 0.9727
600/600 [==============================] - 1s 921us/step - loss: 0.3980 - acc: 0.9733 - val_loss: 0.4181 - val_acc: 0.9070
Current time ....0.553
Train on 1200 samples, validate on 68 samples
Epoch 1/1

  10/1200 [..............................] - ETA: 1s - loss: 0.9168 - acc: 0.6000
  70/1200 [>.............................] - ETA: 1s - loss: 0.8851 - acc: 0.7143
 130/1200 [==>...........................] - ETA: 0s - loss: 0.9262 - acc: 0.6692
 190/1200 [===>..........................] - ETA: 0s - loss: 0.9164 - acc: 0.6632
 250/1200 [=====>........................] - ETA: 0s - loss: 0.9042 - acc: 0.6760
 310/1200 [======>.......................] - ETA: 0s - loss: 0.8817 - acc: 0.7000
 370/1200 [========>.....................] - ETA: 0s - loss: 0.8711 - acc: 0.7027
 430/1200 [=========>....................] - ETA: 0s - loss: 0.8666 - acc: 0.7000
 490/1200 [===========>..................] - ETA: 0s - loss: 0.8611 - acc: 0.7020
 550/1200 [============>.................] - ETA: 0s - loss: 0.8650 - acc: 0.7018
 610/1200 [==============>...............] - ETA: 0s - loss: 0.8603 - acc: 0.7016
 670/1200 [===============>..............] - ETA: 0s - loss: 0.8544 - acc: 0.7030
 730/1200 [=================>............] - ETA: 0s - loss: 0.8449 - acc: 0.7123
 790/1200 [==================>...........] - ETA: 0s - loss: 0.8475 - acc: 0.7076
 850/1200 [====================>.........] - ETA: 0s - loss: 0.8469 - acc: 0.7035
 910/1200 [=====================>........] - ETA: 0s - loss: 0.8419 - acc: 0.7033
 970/1200 [=======================>......] - ETA: 0s - loss: 0.8410 - acc: 0.7041
1030/1200 [========================>.....] - ETA: 0s - loss: 0.8419 - acc: 0.6981
1090/1200 [==========================>...] - ETA: 0s - loss: 0.8394 - acc: 0.7018
1150/1200 [===========================>..] - ETA: 0s - loss: 0.8309 - acc: 0.7061
1200/1200 [==============================] - 1s 901us/step - loss: 0.8278 - acc: 0.7075 - val_loss: 0.9744 - val_acc: 0.5147
Current time ....1.081
Train on 3900 samples, validate on 99 samples
Epoch 1/1

  10/3900 [..............................] - ETA: 3s - loss: 2.1186 - acc: 0.3000
  70/3900 [..............................] - ETA: 3s - loss: 2.1152 - acc: 0.4143
 130/3900 [>.............................] - ETA: 3s - loss: 2.0977 - acc: 0.4308
 190/3900 [>.............................] - ETA: 3s - loss: 2.0959 - acc: 0.4105
 250/3900 [>.............................] - ETA: 3s - loss: 2.0886 - acc: 0.4040
 310/3900 [=>............................] - ETA: 3s - loss: 2.0875 - acc: 0.3903
 370/3900 [=>............................] - ETA: 3s - loss: 2.0873 - acc: 0.3919
 430/3900 [==>...........................] - ETA: 3s - loss: 2.0864 - acc: 0.3977
 490/3900 [==>...........................] - ETA: 3s - loss: 2.0836 - acc: 0.3939
 550/3900 [===>..........................] - ETA: 3s - loss: 2.0829 - acc: 0.3855
 610/3900 [===>..........................] - ETA: 2s - loss: 2.0793 - acc: 0.3787
 670/3900 [====>.........................] - ETA: 2s - loss: 2.0752 - acc: 0.3687
 730/3900 [====>.........................] - ETA: 2s - loss: 2.0756 - acc: 0.3589
 790/3900 [=====>........................] - ETA: 2s - loss: 2.0762 - acc: 0.3519
 850/3900 [=====>........................] - ETA: 2s - loss: 2.0729 - acc: 0.3506
 910/3900 [======>.......................] - ETA: 2s - loss: 2.0691 - acc: 0.3473
 970/3900 [======>.......................] - ETA: 2s - loss: 2.0675 - acc: 0.3443
1030/3900 [======>.......................] - ETA: 2s - loss: 2.0625 - acc: 0.3408
1090/3900 [=======>......................] - ETA: 2s - loss: 2.0612 - acc: 0.3358
1150/3900 [=======>......................] - ETA: 2s - loss: 2.0586 - acc: 0.3374
1210/3900 [========>.....................] - ETA: 2s - loss: 2.0524 - acc: 0.3446
1270/3900 [========>.....................] - ETA: 2s - loss: 2.0542 - acc: 0.3402
1330/3900 [=========>....................] - ETA: 2s - loss: 2.0508 - acc: 0.3368
1390/3900 [=========>....................] - ETA: 2s - loss: 2.0477 - acc: 0.3374
1450/3900 [==========>...................] - ETA: 2s - loss: 2.0464 - acc: 0.3352
1510/3900 [==========>...................] - ETA: 2s - loss: 2.0450 - acc: 0.3325
1570/3900 [===========>..................] - ETA: 2s - loss: 2.0418 - acc: 0.3299
1630/3900 [===========>..................] - ETA: 2s - loss: 2.0382 - acc: 0.3288
1690/3900 [============>.................] - ETA: 1s - loss: 2.0366 - acc: 0.3278
1750/3900 [============>.................] - ETA: 1s - loss: 2.0371 - acc: 0.3263
1810/3900 [============>.................] - ETA: 1s - loss: 2.0336 - acc: 0.3276
1870/3900 [=============>................] - ETA: 1s - loss: 2.0296 - acc: 0.3310
1930/3900 [=============>................] - ETA: 1s - loss: 2.0284 - acc: 0.3326
1990/3900 [==============>...............] - ETA: 1s - loss: 2.0275 - acc: 0.3352
2050/3900 [==============>...............] - ETA: 1s - loss: 2.0244 - acc: 0.3380
2110/3900 [===============>..............] - ETA: 1s - loss: 2.0211 - acc: 0.3398
2170/3900 [===============>..............] - ETA: 1s - loss: 2.0181 - acc: 0.3433
2230/3900 [================>.............] - ETA: 1s - loss: 2.0158 - acc: 0.3448
2290/3900 [================>.............] - ETA: 1s - loss: 2.0126 - acc: 0.3507
2350/3900 [=================>............] - ETA: 1s - loss: 2.0109 - acc: 0.3498
2410/3900 [=================>............] - ETA: 1s - loss: 2.0091 - acc: 0.3498
2470/3900 [==================>...........] - ETA: 1s - loss: 2.0066 - acc: 0.3530
2530/3900 [==================>...........] - ETA: 1s - loss: 2.0047 - acc: 0.3569
2590/3900 [==================>...........] - ETA: 1s - loss: 2.0024 - acc: 0.3602
2650/3900 [===================>..........] - ETA: 1s - loss: 2.0002 - acc: 0.3615
2710/3900 [===================>..........] - ETA: 1s - loss: 1.9991 - acc: 0.3624
2770/3900 [====================>.........] - ETA: 1s - loss: 1.9968 - acc: 0.3661
2830/3900 [====================>.........] - ETA: 0s - loss: 1.9951 - acc: 0.3650
2890/3900 [=====================>........] - ETA: 0s - loss: 1.9927 - acc: 0.3682
2950/3900 [=====================>........] - ETA: 0s - loss: 1.9906 - acc: 0.3685
3010/3900 [======================>.......] - ETA: 0s - loss: 1.9886 - acc: 0.3704
3070/3900 [======================>.......] - ETA: 0s - loss: 1.9866 - acc: 0.3713
3130/3900 [=======================>......] - ETA: 0s - loss: 1.9837 - acc: 0.3751
3190/3900 [=======================>......] - ETA: 0s - loss: 1.9818 - acc: 0.3752
3250/3900 [========================>.....] - ETA: 0s - loss: 1.9796 - acc: 0.3751
3310/3900 [========================>.....] - ETA: 0s - loss: 1.9784 - acc: 0.3734
3370/3900 [========================>.....] - ETA: 0s - loss: 1.9747 - acc: 0.3780
3430/3900 [=========================>....] - ETA: 0s - loss: 1.9728 - acc: 0.3793
3490/3900 [=========================>....] - ETA: 0s - loss: 1.9705 - acc: 0.3808
3550/3900 [==========================>...] - ETA: 0s - loss: 1.9681 - acc: 0.3808
3610/3900 [==========================>...] - ETA: 0s - loss: 1.9658 - acc: 0.3814
3670/3900 [===========================>..] - ETA: 0s - loss: 1.9651 - acc: 0.3817
3730/3900 [===========================>..] - ETA: 0s - loss: 1.9637 - acc: 0.3818
3790/3900 [============================>.] - ETA: 0s - loss: 1.9611 - acc: 0.3834
3850/3900 [============================>.] - ETA: 0s - loss: 1.9595 - acc: 0.3839
3900/3900 [==============================] - 4s 899us/step - loss: 1.9575 - acc: 0.3846 - val_loss: 1.9240 - val_acc: 0.3636
Current time ....3.507
Train on 600 samples, validate on 86 samples
Epoch 1/1

 10/600 [..............................] - ETA: 0s - loss: 0.2675 - acc: 1.0000
 70/600 [==>...........................] - ETA: 0s - loss: 0.2786 - acc: 1.0000
130/600 [=====>........................] - ETA: 0s - loss: 0.2829 - acc: 1.0000
190/600 [========>.....................] - ETA: 0s - loss: 0.2837 - acc: 0.9895
250/600 [===========>..................] - ETA: 0s - loss: 0.2758 - acc: 0.9880
310/600 [==============>...............] - ETA: 0s - loss: 0.2660 - acc: 0.9903
370/600 [=================>............] - ETA: 0s - loss: 0.2728 - acc: 0.9865
430/600 [====================>.........] - ETA: 0s - loss: 0.2715 - acc: 0.9860
490/600 [=======================>......] - ETA: 0s - loss: 0.2647 - acc: 0.9837
550/600 [==========================>...] - ETA: 0s - loss: 0.2608 - acc: 0.9855
600/600 [==============================] - 1s 916us/step - loss: 0.2566 - acc: 0.9850 - val_loss: 0.3492 - val_acc: 0.9302
Current time ....0.550
Train on 1200 samples, validate on 68 samples
Epoch 1/1

  10/1200 [..............................] - ETA: 1s - loss: 0.9013 - acc: 0.6000
  70/1200 [>.............................] - ETA: 1s - loss: 0.7271 - acc: 0.7143
 130/1200 [==>...........................] - ETA: 0s - loss: 0.7288 - acc: 0.7231
 190/1200 [===>..........................] - ETA: 0s - loss: 0.6977 - acc: 0.7526
 250/1200 [=====>........................] - ETA: 0s - loss: 0.6749 - acc: 0.7520
 310/1200 [======>.......................] - ETA: 0s - loss: 0.6631 - acc: 0.7677
 370/1200 [========>.....................] - ETA: 0s - loss: 0.6653 - acc: 0.7649
 430/1200 [=========>....................] - ETA: 0s - loss: 0.6567 - acc: 0.7767
 490/1200 [===========>..................] - ETA: 0s - loss: 0.6532 - acc: 0.7816
 550/1200 [============>.................] - ETA: 0s - loss: 0.6456 - acc: 0.7782
 610/1200 [==============>...............] - ETA: 0s - loss: 0.6513 - acc: 0.7787
 670/1200 [===============>..............] - ETA: 0s - loss: 0.6477 - acc: 0.7761
 730/1200 [=================>............] - ETA: 0s - loss: 0.6480 - acc: 0.7726
 790/1200 [==================>...........] - ETA: 0s - loss: 0.6427 - acc: 0.7772
 850/1200 [====================>.........] - ETA: 0s - loss: 0.6370 - acc: 0.7835
 910/1200 [=====================>........] - ETA: 0s - loss: 0.6283 - acc: 0.7912
 970/1200 [=======================>......] - ETA: 0s - loss: 0.6218 - acc: 0.7959
1030/1200 [========================>.....] - ETA: 0s - loss: 0.6225 - acc: 0.7981
1090/1200 [==========================>...] - ETA: 0s - loss: 0.6216 - acc: 0.7991
1150/1200 [===========================>..] - ETA: 0s - loss: 0.6201 - acc: 0.7983
1200/1200 [==============================] - 1s 903us/step - loss: 0.6183 - acc: 0.8008 - val_loss: 1.0496 - val_acc: 0.5441
Current time ....1.083
Train on 3900 samples, validate on 99 samples
Epoch 1/1

  10/3900 [..............................] - ETA: 3s - loss: 1.8490 - acc: 0.3000
  70/3900 [..............................] - ETA: 3s - loss: 1.8009 - acc: 0.5000
 130/3900 [>.............................] - ETA: 3s - loss: 1.8087 - acc: 0.4846
 190/3900 [>.............................] - ETA: 3s - loss: 1.8322 - acc: 0.4368
 250/3900 [>.............................] - ETA: 3s - loss: 1.8453 - acc: 0.4200
 310/3900 [=>............................] - ETA: 3s - loss: 1.8470 - acc: 0.4161
 370/3900 [=>............................] - ETA: 3s - loss: 1.8445 - acc: 0.4162
 430/3900 [==>...........................] - ETA: 3s - loss: 1.8541 - acc: 0.4047
 490/3900 [==>...........................] - ETA: 3s - loss: 1.8537 - acc: 0.4020
 550/3900 [===>..........................] - ETA: 3s - loss: 1.8447 - acc: 0.4182
 610/3900 [===>..........................] - ETA: 2s - loss: 1.8433 - acc: 0.4213
 670/3900 [====>.........................] - ETA: 2s - loss: 1.8391 - acc: 0.4284
 730/3900 [====>.........................] - ETA: 2s - loss: 1.8364 - acc: 0.4397
 790/3900 [=====>........................] - ETA: 2s - loss: 1.8351 - acc: 0.4342
 850/3900 [=====>........................] - ETA: 2s - loss: 1.8304 - acc: 0.4376
 910/3900 [======>.......................] - ETA: 2s - loss: 1.8287 - acc: 0.4407
 970/3900 [======>.......................] - ETA: 2s - loss: 1.8247 - acc: 0.4454
1030/3900 [======>.......................] - ETA: 2s - loss: 1.8200 - acc: 0.4427
1090/3900 [=======>......................] - ETA: 2s - loss: 1.8167 - acc: 0.4431
1150/3900 [=======>......................] - ETA: 2s - loss: 1.8163 - acc: 0.4391
1210/3900 [========>.....................] - ETA: 2s - loss: 1.8141 - acc: 0.4421
1270/3900 [========>.....................] - ETA: 2s - loss: 1.8108 - acc: 0.4433
1330/3900 [=========>....................] - ETA: 2s - loss: 1.8093 - acc: 0.4421
1390/3900 [=========>....................] - ETA: 2s - loss: 1.8086 - acc: 0.4403
1450/3900 [==========>...................] - ETA: 2s - loss: 1.8062 - acc: 0.4372
1510/3900 [==========>...................] - ETA: 2s - loss: 1.8034 - acc: 0.4358
1570/3900 [===========>..................] - ETA: 2s - loss: 1.8017 - acc: 0.4376
1630/3900 [===========>..................] - ETA: 2s - loss: 1.8018 - acc: 0.4344
1690/3900 [============>.................] - ETA: 1s - loss: 1.8018 - acc: 0.4343
1750/3900 [============>.................] - ETA: 1s - loss: 1.7995 - acc: 0.4366
1810/3900 [============>.................] - ETA: 1s - loss: 1.7978 - acc: 0.4326
1870/3900 [=============>................] - ETA: 1s - loss: 1.7970 - acc: 0.4299
1930/3900 [=============>................] - ETA: 1s - loss: 1.7929 - acc: 0.4290
1990/3900 [==============>...............] - ETA: 1s - loss: 1.7897 - acc: 0.4276
2050/3900 [==============>...............] - ETA: 1s - loss: 1.7858 - acc: 0.4278
2110/3900 [===============>..............] - ETA: 1s - loss: 1.7837 - acc: 0.4270
2170/3900 [===============>..............] - ETA: 1s - loss: 1.7825 - acc: 0.4263
2230/3900 [================>.............] - ETA: 1s - loss: 1.7820 - acc: 0.4251
2290/3900 [================>.............] - ETA: 1s - loss: 1.7799 - acc: 0.4240
2350/3900 [=================>............] - ETA: 1s - loss: 1.7747 - acc: 0.4268
2410/3900 [=================>............] - ETA: 1s - loss: 1.7752 - acc: 0.4261
2470/3900 [==================>...........] - ETA: 1s - loss: 1.7725 - acc: 0.4279
2530/3900 [==================>...........] - ETA: 1s - loss: 1.7711 - acc: 0.4292
2590/3900 [==================>...........] - ETA: 1s - loss: 1.7725 - acc: 0.4274
2650/3900 [===================>..........] - ETA: 1s - loss: 1.7696 - acc: 0.4306
2710/3900 [===================>..........] - ETA: 1s - loss: 1.7683 - acc: 0.4310
2770/3900 [====================>.........] - ETA: 1s - loss: 1.7680 - acc: 0.4296
2830/3900 [====================>.........] - ETA: 0s - loss: 1.7640 - acc: 0.4350
2890/3900 [=====================>........] - ETA: 0s - loss: 1.7633 - acc: 0.4343
2950/3900 [=====================>........] - ETA: 0s - loss: 1.7611 - acc: 0.4366
3010/3900 [======================>.......] - ETA: 0s - loss: 1.7602 - acc: 0.4375
3070/3900 [======================>.......] - ETA: 0s - loss: 1.7592 - acc: 0.4378
3130/3900 [=======================>......] - ETA: 0s - loss: 1.7572 - acc: 0.4393
3190/3900 [=======================>......] - ETA: 0s - loss: 1.7558 - acc: 0.4408
3250/3900 [========================>.....] - ETA: 0s - loss: 1.7543 - acc: 0.4418
3310/3900 [========================>.....] - ETA: 0s - loss: 1.7527 - acc: 0.4426
3370/3900 [========================>.....] - ETA: 0s - loss: 1.7508 - acc: 0.4439
3430/3900 [=========================>....] - ETA: 0s - loss: 1.7484 - acc: 0.4458
3490/3900 [=========================>....] - ETA: 0s - loss: 1.7456 - acc: 0.4473
3550/3900 [==========================>...] - ETA: 0s - loss: 1.7444 - acc: 0.4470
3610/3900 [==========================>...] - ETA: 0s - loss: 1.7435 - acc: 0.4471
3670/3900 [===========================>..] - ETA: 0s - loss: 1.7414 - acc: 0.4493
3730/3900 [===========================>..] - ETA: 0s - loss: 1.7401 - acc: 0.4507
3790/3900 [============================>.] - ETA: 0s - loss: 1.7395 - acc: 0.4504
3850/3900 [============================>.] - ETA: 0s - loss: 1.7377 - acc: 0.4514
3900/3900 [==============================] - 4s 898us/step - loss: 1.7362 - acc: 0.4523 - val_loss: 1.8590 - val_acc: 0.3030
Current time ....3.504
Train on 600 samples, validate on 86 samples
Epoch 1/1

 10/600 [..............................] - ETA: 0s - loss: 0.1336 - acc: 1.0000
 70/600 [==>...........................] - ETA: 0s - loss: 0.1886 - acc: 1.0000
130/600 [=====>........................] - ETA: 0s - loss: 0.1771 - acc: 1.0000
190/600 [========>.....................] - ETA: 0s - loss: 0.1765 - acc: 0.9947
250/600 [===========>..................] - ETA: 0s - loss: 0.1737 - acc: 0.9880
310/600 [==============>...............] - ETA: 0s - loss: 0.1703 - acc: 0.9903
370/600 [=================>............] - ETA: 0s - loss: 0.1643 - acc: 0.9892
430/600 [====================>.........] - ETA: 0s - loss: 0.1633 - acc: 0.9907
490/600 [=======================>......] - ETA: 0s - loss: 0.1597 - acc: 0.9918
550/600 [==========================>...] - ETA: 0s - loss: 0.1600 - acc: 0.9891
600/600 [==============================] - 1s 927us/step - loss: 0.1625 - acc: 0.9883 - val_loss: 0.3776 - val_acc: 0.9186
Current time ....0.557
Train on 1200 samples, validate on 68 samples
Epoch 1/1

  10/1200 [..............................] - ETA: 1s - loss: 0.5760 - acc: 0.9000
  70/1200 [>.............................] - ETA: 1s - loss: 0.4125 - acc: 0.8714
 130/1200 [==>...........................] - ETA: 0s - loss: 0.4409 - acc: 0.8846
 190/1200 [===>..........................] - ETA: 0s - loss: 0.4557 - acc: 0.8737
 250/1200 [=====>........................] - ETA: 0s - loss: 0.4688 - acc: 0.8600
 310/1200 [======>.......................] - ETA: 0s - loss: 0.4724 - acc: 0.8677
 370/1200 [========>.....................] - ETA: 0s - loss: 0.4784 - acc: 0.8730
 430/1200 [=========>....................] - ETA: 0s - loss: 0.4856 - acc: 0.8651
 490/1200 [===========>..................] - ETA: 0s - loss: 0.4835 - acc: 0.8735
 550/1200 [============>.................] - ETA: 0s - loss: 0.4796 - acc: 0.8745
 610/1200 [==============>...............] - ETA: 0s - loss: 0.4691 - acc: 0.8787
 670/1200 [===============>..............] - ETA: 0s - loss: 0.4673 - acc: 0.8761
 730/1200 [=================>............] - ETA: 0s - loss: 0.4686 - acc: 0.8740
 790/1200 [==================>...........] - ETA: 0s - loss: 0.4689 - acc: 0.8747
 850/1200 [====================>.........] - ETA: 0s - loss: 0.4694 - acc: 0.8741
 910/1200 [=====================>........] - ETA: 0s - loss: 0.4716 - acc: 0.8692
 970/1200 [=======================>......] - ETA: 0s - loss: 0.4674 - acc: 0.8691
1030/1200 [========================>.....] - ETA: 0s - loss: 0.4649 - acc: 0.8718
1090/1200 [==========================>...] - ETA: 0s - loss: 0.4624 - acc: 0.8716
1150/1200 [===========================>..] - ETA: 0s - loss: 0.4536 - acc: 0.8730
1200/1200 [==============================] - 1s 899us/step - loss: 0.4556 - acc: 0.8725 - val_loss: 0.8355 - val_acc: 0.6618
Current time ....1.079
Train on 3900 samples, validate on 99 samples
Epoch 1/1

  10/3900 [..............................] - ETA: 3s - loss: 1.5737 - acc: 0.6000
  70/3900 [..............................] - ETA: 3s - loss: 1.7274 - acc: 0.4714
 130/3900 [>.............................] - ETA: 3s - loss: 1.6778 - acc: 0.5308
 190/3900 [>.............................] - ETA: 3s - loss: 1.6881 - acc: 0.5158
 250/3900 [>.............................] - ETA: 3s - loss: 1.6704 - acc: 0.5160
 310/3900 [=>............................] - ETA: 3s - loss: 1.6529 - acc: 0.5161
 370/3900 [=>............................] - ETA: 3s - loss: 1.6407 - acc: 0.5135
 430/3900 [==>...........................] - ETA: 3s - loss: 1.6394 - acc: 0.5186
 490/3900 [==>...........................] - ETA: 3s - loss: 1.6230 - acc: 0.5184
 550/3900 [===>..........................] - ETA: 3s - loss: 1.6288 - acc: 0.5164
 610/3900 [===>..........................] - ETA: 2s - loss: 1.6214 - acc: 0.5197
 670/3900 [====>.........................] - ETA: 2s - loss: 1.6247 - acc: 0.5134
 730/3900 [====>.........................] - ETA: 2s - loss: 1.6137 - acc: 0.5151
 790/3900 [=====>........................] - ETA: 2s - loss: 1.6162 - acc: 0.5114
 850/3900 [=====>........................] - ETA: 2s - loss: 1.6202 - acc: 0.5118
 910/3900 [======>.......................] - ETA: 2s - loss: 1.6156 - acc: 0.5154
 970/3900 [======>.......................] - ETA: 2s - loss: 1.6159 - acc: 0.5134
1030/3900 [======>.......................] - ETA: 2s - loss: 1.6173 - acc: 0.5107
1090/3900 [=======>......................] - ETA: 2s - loss: 1.6123 - acc: 0.5119
1150/3900 [=======>......................] - ETA: 2s - loss: 1.6125 - acc: 0.5096
1210/3900 [========>.....................] - ETA: 2s - loss: 1.6142 - acc: 0.5091
1270/3900 [========>.....................] - ETA: 2s - loss: 1.6102 - acc: 0.5102
1330/3900 [=========>....................] - ETA: 2s - loss: 1.6053 - acc: 0.5120
1390/3900 [=========>....................] - ETA: 2s - loss: 1.6025 - acc: 0.5129
1450/3900 [==========>...................] - ETA: 2s - loss: 1.6013 - acc: 0.5166
1510/3900 [==========>...................] - ETA: 2s - loss: 1.5992 - acc: 0.5152
1570/3900 [===========>..................] - ETA: 2s - loss: 1.5965 - acc: 0.5172
1630/3900 [===========>..................] - ETA: 2s - loss: 1.5961 - acc: 0.5184
1690/3900 [============>.................] - ETA: 1s - loss: 1.5947 - acc: 0.5183
1750/3900 [============>.................] - ETA: 1s - loss: 1.5943 - acc: 0.5189
1810/3900 [============>.................] - ETA: 1s - loss: 1.5941 - acc: 0.5166
1870/3900 [=============>................] - ETA: 1s - loss: 1.5906 - acc: 0.5193
1930/3900 [=============>................] - ETA: 1s - loss: 1.5873 - acc: 0.5181
1990/3900 [==============>...............] - ETA: 1s - loss: 1.5822 - acc: 0.5206
2050/3900 [==============>...............] - ETA: 1s - loss: 1.5800 - acc: 0.5229
2110/3900 [===============>..............] - ETA: 1s - loss: 1.5782 - acc: 0.5251
2170/3900 [===============>..............] - ETA: 1s - loss: 1.5762 - acc: 0.5249
2230/3900 [================>.............] - ETA: 1s - loss: 1.5771 - acc: 0.5247
2290/3900 [================>.............] - ETA: 1s - loss: 1.5732 - acc: 0.5262
2350/3900 [=================>............] - ETA: 1s - loss: 1.5717 - acc: 0.5260
2410/3900 [=================>............] - ETA: 1s - loss: 1.5701 - acc: 0.5266
2470/3900 [==================>...........] - ETA: 1s - loss: 1.5672 - acc: 0.5271
2530/3900 [==================>...........] - ETA: 1s - loss: 1.5664 - acc: 0.5253
2590/3900 [==================>...........] - ETA: 1s - loss: 1.5659 - acc: 0.5239
2650/3900 [===================>..........] - ETA: 1s - loss: 1.5666 - acc: 0.5223
2710/3900 [===================>..........] - ETA: 1s - loss: 1.5663 - acc: 0.5214
2770/3900 [====================>.........] - ETA: 1s - loss: 1.5639 - acc: 0.5235
2830/3900 [====================>.........] - ETA: 0s - loss: 1.5631 - acc: 0.5212
2890/3900 [=====================>........] - ETA: 0s - loss: 1.5627 - acc: 0.5218
2950/3900 [=====================>........] - ETA: 0s - loss: 1.5611 - acc: 0.5231
3010/3900 [======================>.......] - ETA: 0s - loss: 1.5574 - acc: 0.5246
3070/3900 [======================>.......] - ETA: 0s - loss: 1.5551 - acc: 0.5248
3130/3900 [=======================>......] - ETA: 0s - loss: 1.5528 - acc: 0.5246
3190/3900 [=======================>......] - ETA: 0s - loss: 1.5501 - acc: 0.5254
3250/3900 [========================>.....] - ETA: 0s - loss: 1.5493 - acc: 0.5240
3310/3900 [========================>.....] - ETA: 0s - loss: 1.5481 - acc: 0.5242
3370/3900 [========================>.....] - ETA: 0s - loss: 1.5468 - acc: 0.5249
3430/3900 [=========================>....] - ETA: 0s - loss: 1.5440 - acc: 0.5280
3490/3900 [=========================>....] - ETA: 0s - loss: 1.5403 - acc: 0.5307
3550/3900 [==========================>...] - ETA: 0s - loss: 1.5370 - acc: 0.5310
3610/3900 [==========================>...] - ETA: 0s - loss: 1.5350 - acc: 0.5321
3670/3900 [===========================>..] - ETA: 0s - loss: 1.5351 - acc: 0.5335
3730/3900 [===========================>..] - ETA: 0s - loss: 1.5330 - acc: 0.5332
3790/3900 [============================>.] - ETA: 0s - loss: 1.5306 - acc: 0.5335
3850/3900 [============================>.] - ETA: 0s - loss: 1.5295 - acc: 0.5343
3900/3900 [==============================] - 4s 899us/step - loss: 1.5292 - acc: 0.5351 - val_loss: 1.6922 - val_acc: 0.3838
Current time ....3.508
Train on 600 samples, validate on 86 samples
Epoch 1/1

 10/600 [..............................] - ETA: 0s - loss: 0.1572 - acc: 1.0000
 70/600 [==>...........................] - ETA: 0s - loss: 0.0932 - acc: 1.0000
130/600 [=====>........................] - ETA: 0s - loss: 0.0994 - acc: 1.0000
190/600 [========>.....................] - ETA: 0s - loss: 0.1136 - acc: 0.9895
250/600 [===========>..................] - ETA: 0s - loss: 0.1141 - acc: 0.9920
310/600 [==============>...............] - ETA: 0s - loss: 0.1140 - acc: 0.9871
370/600 [=================>............] - ETA: 0s - loss: 0.1131 - acc: 0.9892
430/600 [====================>.........] - ETA: 0s - loss: 0.1088 - acc: 0.9907
490/600 [=======================>......] - ETA: 0s - loss: 0.1117 - acc: 0.9857
550/600 [==========================>...] - ETA: 0s - loss: 0.1106 - acc: 0.9873
600/600 [==============================] - 1s 919us/step - loss: 0.1087 - acc: 0.9883 - val_loss: 0.3348 - val_acc: 0.9302
Current time ....0.551
Train on 1200 samples, validate on 68 samples
Epoch 1/1

  10/1200 [..............................] - ETA: 1s - loss: 0.2350 - acc: 1.0000
  70/1200 [>.............................] - ETA: 0s - loss: 0.2787 - acc: 0.9571
 130/1200 [==>...........................] - ETA: 0s - loss: 0.3074 - acc: 0.9308
 190/1200 [===>..........................] - ETA: 0s - loss: 0.3268 - acc: 0.9421
 250/1200 [=====>........................] - ETA: 0s - loss: 0.3152 - acc: 0.9360
 310/1200 [======>.......................] - ETA: 0s - loss: 0.3330 - acc: 0.9290
 370/1200 [========>.....................] - ETA: 0s - loss: 0.3470 - acc: 0.9162
 430/1200 [=========>....................] - ETA: 0s - loss: 0.3423 - acc: 0.9186
 490/1200 [===========>..................] - ETA: 0s - loss: 0.3356 - acc: 0.9224
 550/1200 [============>.................] - ETA: 0s - loss: 0.3387 - acc: 0.9200
 610/1200 [==============>...............] - ETA: 0s - loss: 0.3335 - acc: 0.9262
 670/1200 [===============>..............] - ETA: 0s - loss: 0.3267 - acc: 0.9269
 730/1200 [=================>............] - ETA: 0s - loss: 0.3283 - acc: 0.9274
 790/1200 [==================>...........] - ETA: 0s - loss: 0.3317 - acc: 0.9278
 850/1200 [====================>.........] - ETA: 0s - loss: 0.3301 - acc: 0.9271
 910/1200 [=====================>........] - ETA: 0s - loss: 0.3254 - acc: 0.9275
 970/1200 [=======================>......] - ETA: 0s - loss: 0.3243 - acc: 0.9258
1030/1200 [========================>.....] - ETA: 0s - loss: 0.3308 - acc: 0.9233
1090/1200 [==========================>...] - ETA: 0s - loss: 0.3260 - acc: 0.9257
1150/1200 [===========================>..] - ETA: 0s - loss: 0.3244 - acc: 0.9261
1200/1200 [==============================] - 1s 898us/step - loss: 0.3246 - acc: 0.9250 - val_loss: 0.8208 - val_acc: 0.6324
Current time ....1.078
Train on 3900 samples, validate on 99 samples
Epoch 1/1

  10/3900 [..............................] - ETA: 3s - loss: 1.3532 - acc: 0.5000
  70/3900 [..............................] - ETA: 3s - loss: 1.4072 - acc: 0.5143
 130/3900 [>.............................] - ETA: 3s - loss: 1.3590 - acc: 0.6000
 190/3900 [>.............................] - ETA: 3s - loss: 1.3556 - acc: 0.5895
 250/3900 [>.............................] - ETA: 3s - loss: 1.3767 - acc: 0.5920
 310/3900 [=>............................] - ETA: 3s - loss: 1.3905 - acc: 0.5806
 370/3900 [=>............................] - ETA: 3s - loss: 1.3763 - acc: 0.6054
 430/3900 [==>...........................] - ETA: 3s - loss: 1.3740 - acc: 0.6023
 490/3900 [==>...........................] - ETA: 3s - loss: 1.3692 - acc: 0.6020
 550/3900 [===>..........................] - ETA: 2s - loss: 1.3645 - acc: 0.6018
 610/3900 [===>..........................] - ETA: 2s - loss: 1.3615 - acc: 0.6049
 670/3900 [====>.........................] - ETA: 2s - loss: 1.3616 - acc: 0.6045
 730/3900 [====>.........................] - ETA: 2s - loss: 1.3569 - acc: 0.6055
 790/3900 [=====>........................] - ETA: 2s - loss: 1.3679 - acc: 0.5987
 850/3900 [=====>........................] - ETA: 2s - loss: 1.3656 - acc: 0.5941
 910/3900 [======>.......................] - ETA: 2s - loss: 1.3626 - acc: 0.5945
 970/3900 [======>.......................] - ETA: 2s - loss: 1.3547 - acc: 0.5938
1030/3900 [======>.......................] - ETA: 2s - loss: 1.3621 - acc: 0.5883
1090/3900 [=======>......................] - ETA: 2s - loss: 1.3527 - acc: 0.5927
1150/3900 [=======>......................] - ETA: 2s - loss: 1.3584 - acc: 0.5878
1210/3900 [========>.....................] - ETA: 2s - loss: 1.3631 - acc: 0.5851
1270/3900 [========>.....................] - ETA: 2s - loss: 1.3627 - acc: 0.5795
1330/3900 [=========>....................] - ETA: 2s - loss: 1.3674 - acc: 0.5774
1390/3900 [=========>....................] - ETA: 2s - loss: 1.3577 - acc: 0.5849
1450/3900 [==========>...................] - ETA: 2s - loss: 1.3514 - acc: 0.5876
1510/3900 [==========>...................] - ETA: 2s - loss: 1.3517 - acc: 0.5861
1570/3900 [===========>..................] - ETA: 2s - loss: 1.3496 - acc: 0.5860
1630/3900 [===========>..................] - ETA: 2s - loss: 1.3539 - acc: 0.5834
1690/3900 [============>.................] - ETA: 1s - loss: 1.3499 - acc: 0.5864
1750/3900 [============>.................] - ETA: 1s - loss: 1.3458 - acc: 0.5874
1810/3900 [============>.................] - ETA: 1s - loss: 1.3460 - acc: 0.5895
1870/3900 [=============>................] - ETA: 1s - loss: 1.3412 - acc: 0.5925
1930/3900 [=============>................] - ETA: 1s - loss: 1.3394 - acc: 0.5927
1990/3900 [==============>...............] - ETA: 1s - loss: 1.3353 - acc: 0.5940
2050/3900 [==============>...............] - ETA: 1s - loss: 1.3317 - acc: 0.5946
2110/3900 [===============>..............] - ETA: 1s - loss: 1.3285 - acc: 0.5972
2170/3900 [===============>..............] - ETA: 1s - loss: 1.3272 - acc: 0.5986
2230/3900 [================>.............] - ETA: 1s - loss: 1.3239 - acc: 0.5991
2290/3900 [================>.............] - ETA: 1s - loss: 1.3240 - acc: 0.5974
2350/3900 [=================>............] - ETA: 1s - loss: 1.3244 - acc: 0.5974
2410/3900 [=================>............] - ETA: 1s - loss: 1.3210 - acc: 0.5979
2470/3900 [==================>...........] - ETA: 1s - loss: 1.3217 - acc: 0.5968
2530/3900 [==================>...........] - ETA: 1s - loss: 1.3198 - acc: 0.5976
2590/3900 [==================>...........] - ETA: 1s - loss: 1.3198 - acc: 0.5973
2650/3900 [===================>..........] - ETA: 1s - loss: 1.3179 - acc: 0.5966
2710/3900 [===================>..........] - ETA: 1s - loss: 1.3162 - acc: 0.5978
2770/3900 [====================>.........] - ETA: 1s - loss: 1.3114 - acc: 0.6011
2830/3900 [====================>.........] - ETA: 0s - loss: 1.3114 - acc: 0.6004
2890/3900 [=====================>........] - ETA: 0s - loss: 1.3084 - acc: 0.6031
2950/3900 [=====================>........] - ETA: 0s - loss: 1.3060 - acc: 0.6044
3010/3900 [======================>.......] - ETA: 0s - loss: 1.3062 - acc: 0.6040
3070/3900 [======================>.......] - ETA: 0s - loss: 1.3046 - acc: 0.6039
3130/3900 [=======================>......] - ETA: 0s - loss: 1.3009 - acc: 0.6070
3190/3900 [=======================>......] - ETA: 0s - loss: 1.3003 - acc: 0.6066
3250/3900 [========================>.....] - ETA: 0s - loss: 1.3014 - acc: 0.6052
3310/3900 [========================>.....] - ETA: 0s - loss: 1.2997 - acc: 0.6042
3370/3900 [========================>.....] - ETA: 0s - loss: 1.3004 - acc: 0.6045
3430/3900 [=========================>....] - ETA: 0s - loss: 1.2982 - acc: 0.6055
3490/3900 [=========================>....] - ETA: 0s - loss: 1.2963 - acc: 0.6063
3550/3900 [==========================>...] - ETA: 0s - loss: 1.2947 - acc: 0.6068
3610/3900 [==========================>...] - ETA: 0s - loss: 1.2900 - acc: 0.6075
3670/3900 [===========================>..] - ETA: 0s - loss: 1.2908 - acc: 0.6074
3730/3900 [===========================>..] - ETA: 0s - loss: 1.2896 - acc: 0.6056
3790/3900 [============================>.] - ETA: 0s - loss: 1.2860 - acc: 0.6077
3850/3900 [============================>.] - ETA: 0s - loss: 1.2848 - acc: 0.6070
3900/3900 [==============================] - 4s 898us/step - loss: 1.2857 - acc: 0.6056 - val_loss: 1.5032 - val_acc: 0.4949
Current time ....3.502
Train on 600 samples, validate on 86 samples
Epoch 1/1

 10/600 [..............................] - ETA: 0s - loss: 0.0965 - acc: 1.0000
 70/600 [==>...........................] - ETA: 0s - loss: 0.0705 - acc: 1.0000
130/600 [=====>........................] - ETA: 0s - loss: 0.0750 - acc: 1.0000
190/600 [========>.....................] - ETA: 0s - loss: 0.0956 - acc: 0.9895
250/600 [===========>..................] - ETA: 0s - loss: 0.0912 - acc: 0.9880
310/600 [==============>...............] - ETA: 0s - loss: 0.0857 - acc: 0.9903
370/600 [=================>............] - ETA: 0s - loss: 0.0814 - acc: 0.9919
430/600 [====================>.........] - ETA: 0s - loss: 0.0796 - acc: 0.9930
490/600 [=======================>......] - ETA: 0s - loss: 0.0763 - acc: 0.9939
550/600 [==========================>...] - ETA: 0s - loss: 0.0774 - acc: 0.9927
600/600 [==============================] - 1s 916us/step - loss: 0.0776 - acc: 0.9917 - val_loss: 0.3656 - val_acc: 0.9186
Current time ....0.550
Train on 1200 samples, validate on 68 samples
Epoch 1/1

  10/1200 [..............................] - ETA: 1s - loss: 0.2909 - acc: 0.8000
  70/1200 [>.............................] - ETA: 1s - loss: 0.2266 - acc: 0.9286
 130/1200 [==>...........................] - ETA: 0s - loss: 0.2003 - acc: 0.9615
 190/1200 [===>..........................] - ETA: 0s - loss: 0.2549 - acc: 0.9211
 250/1200 [=====>........................] - ETA: 0s - loss: 0.2553 - acc: 0.9240
 310/1200 [======>.......................] - ETA: 0s - loss: 0.2531 - acc: 0.9323
 370/1200 [========>.....................] - ETA: 0s - loss: 0.2513 - acc: 0.9324
 430/1200 [=========>....................] - ETA: 0s - loss: 0.2482 - acc: 0.9372
 490/1200 [===========>..................] - ETA: 0s - loss: 0.2515 - acc: 0.9367
 550/1200 [============>.................] - ETA: 0s - loss: 0.2480 - acc: 0.9436
 610/1200 [==============>...............] - ETA: 0s - loss: 0.2471 - acc: 0.9443
 670/1200 [===============>..............] - ETA: 0s - loss: 0.2434 - acc: 0.9448
 730/1200 [=================>............] - ETA: 0s - loss: 0.2528 - acc: 0.9397
 790/1200 [==================>...........] - ETA: 0s - loss: 0.2479 - acc: 0.9430
 850/1200 [====================>.........] - ETA: 0s - loss: 0.2441 - acc: 0.9447
 910/1200 [=====================>........] - ETA: 0s - loss: 0.2465 - acc: 0.9429
 970/1200 [=======================>......] - ETA: 0s - loss: 0.2435 - acc: 0.9454
1030/1200 [========================>.....] - ETA: 0s - loss: 0.2419 - acc: 0.9476
1090/1200 [==========================>...] - ETA: 0s - loss: 0.2357 - acc: 0.9495
1150/1200 [===========================>..] - ETA: 0s - loss: 0.2359 - acc: 0.9504
1200/1200 [==============================] - 1s 899us/step - loss: 0.2326 - acc: 0.9517 - val_loss: 0.7164 - val_acc: 0.6912
Current time ....1.079
Train on 3900 samples, validate on 99 samples
Epoch 1/1

  10/3900 [..............................] - ETA: 3s - loss: 1.0915 - acc: 0.7000
  70/3900 [..............................] - ETA: 3s - loss: 1.0955 - acc: 0.7143
 130/3900 [>.............................] - ETA: 3s - loss: 1.0244 - acc: 0.7154
 190/3900 [>.............................] - ETA: 3s - loss: 1.0568 - acc: 0.7000
 250/3900 [>.............................] - ETA: 3s - loss: 1.0781 - acc: 0.6960
 310/3900 [=>............................] - ETA: 3s - loss: 1.0929 - acc: 0.6903
 370/3900 [=>............................] - ETA: 3s - loss: 1.1264 - acc: 0.6676
 430/3900 [==>...........................] - ETA: 3s - loss: 1.1190 - acc: 0.6651
 490/3900 [==>...........................] - ETA: 3s - loss: 1.1337 - acc: 0.6551
 550/3900 [===>..........................] - ETA: 3s - loss: 1.1402 - acc: 0.6473
 610/3900 [===>..........................] - ETA: 2s - loss: 1.1361 - acc: 0.6557
 670/3900 [====>.........................] - ETA: 2s - loss: 1.1301 - acc: 0.6537
 730/3900 [====>.........................] - ETA: 2s - loss: 1.1305 - acc: 0.6479
 790/3900 [=====>........................] - ETA: 2s - loss: 1.1306 - acc: 0.6481
 850/3900 [=====>........................] - ETA: 2s - loss: 1.1254 - acc: 0.6541
 910/3900 [======>.......................] - ETA: 2s - loss: 1.1221 - acc: 0.6571
 970/3900 [======>.......................] - ETA: 2s - loss: 1.1191 - acc: 0.6608
1030/3900 [======>.......................] - ETA: 2s - loss: 1.1238 - acc: 0.6602
1090/3900 [=======>......................] - ETA: 2s - loss: 1.1315 - acc: 0.6541
1150/3900 [=======>......................] - ETA: 2s - loss: 1.1187 - acc: 0.6591
1210/3900 [========>.....................] - ETA: 2s - loss: 1.1149 - acc: 0.6595
1270/3900 [========>.....................] - ETA: 2s - loss: 1.1131 - acc: 0.6598
1330/3900 [=========>....................] - ETA: 2s - loss: 1.1139 - acc: 0.6586
1390/3900 [=========>....................] - ETA: 2s - loss: 1.1119 - acc: 0.6612
1450/3900 [==========>...................] - ETA: 2s - loss: 1.1113 - acc: 0.6607
1510/3900 [==========>...................] - ETA: 2s - loss: 1.1159 - acc: 0.6570
1570/3900 [===========>..................] - ETA: 2s - loss: 1.1139 - acc: 0.6554
1630/3900 [===========>..................] - ETA: 2s - loss: 1.1108 - acc: 0.6571
1690/3900 [============>.................] - ETA: 1s - loss: 1.1140 - acc: 0.6550
1750/3900 [============>.................] - ETA: 1s - loss: 1.1087 - acc: 0.6589
1810/3900 [============>.................] - ETA: 1s - loss: 1.1063 - acc: 0.6591
1870/3900 [=============>................] - ETA: 1s - loss: 1.1057 - acc: 0.6578
1930/3900 [=============>................] - ETA: 1s - loss: 1.1095 - acc: 0.6539
1990/3900 [==============>...............] - ETA: 1s - loss: 1.1087 - acc: 0.6528
2050/3900 [==============>...............] - ETA: 1s - loss: 1.1037 - acc: 0.6551
2110/3900 [===============>..............] - ETA: 1s - loss: 1.1000 - acc: 0.6569
2170/3900 [===============>..............] - ETA: 1s - loss: 1.0985 - acc: 0.6567
2230/3900 [================>.............] - ETA: 1s - loss: 1.0979 - acc: 0.6561
2290/3900 [================>.............] - ETA: 1s - loss: 1.0979 - acc: 0.6546
2350/3900 [=================>............] - ETA: 1s - loss: 1.0981 - acc: 0.6532
2410/3900 [=================>............] - ETA: 1s - loss: 1.0974 - acc: 0.6527
2470/3900 [==================>...........] - ETA: 1s - loss: 1.0966 - acc: 0.6530
2530/3900 [==================>...........] - ETA: 1s - loss: 1.0933 - acc: 0.6538
2590/3900 [==================>...........] - ETA: 1s - loss: 1.0914 - acc: 0.6556
2650/3900 [===================>..........] - ETA: 1s - loss: 1.0901 - acc: 0.6562
2710/3900 [===================>..........] - ETA: 1s - loss: 1.0874 - acc: 0.6583
2770/3900 [====================>.........] - ETA: 1s - loss: 1.0832 - acc: 0.6603
2830/3900 [====================>.........] - ETA: 0s - loss: 1.0798 - acc: 0.6615
2890/3900 [=====================>........] - ETA: 0s - loss: 1.0785 - acc: 0.6619
2950/3900 [=====================>........] - ETA: 0s - loss: 1.0754 - acc: 0.6641
3010/3900 [======================>.......] - ETA: 0s - loss: 1.0732 - acc: 0.6648
3070/3900 [======================>.......] - ETA: 0s - loss: 1.0728 - acc: 0.6651
3130/3900 [=======================>......] - ETA: 0s - loss: 1.0721 - acc: 0.6645
3190/3900 [=======================>......] - ETA: 0s - loss: 1.0704 - acc: 0.6649
3250/3900 [========================>.....] - ETA: 0s - loss: 1.0672 - acc: 0.6665
3310/3900 [========================>.....] - ETA: 0s - loss: 1.0662 - acc: 0.6668
3370/3900 [========================>.....] - ETA: 0s - loss: 1.0664 - acc: 0.6662
3430/3900 [=========================>....] - ETA: 0s - loss: 1.0643 - acc: 0.6671
3490/3900 [=========================>....] - ETA: 0s - loss: 1.0645 - acc: 0.6668
3550/3900 [==========================>...] - ETA: 0s - loss: 1.0622 - acc: 0.6679
3610/3900 [==========================>...] - ETA: 0s - loss: 1.0607 - acc: 0.6673
3670/3900 [===========================>..] - ETA: 0s - loss: 1.0635 - acc: 0.6649
3730/3900 [===========================>..] - ETA: 0s - loss: 1.0628 - acc: 0.6657
3790/3900 [============================>.] - ETA: 0s - loss: 1.0601 - acc: 0.6660
3850/3900 [============================>.] - ETA: 0s - loss: 1.0577 - acc: 0.6675
3900/3900 [==============================] - 4s 899us/step - loss: 1.0561 - acc: 0.6679 - val_loss: 1.6888 - val_acc: 0.4040
Current time ....3.507
Train on 600 samples, validate on 86 samples
Epoch 1/1

 10/600 [..............................] - ETA: 0s - loss: 0.0766 - acc: 1.0000
 70/600 [==>...........................] - ETA: 0s - loss: 0.0607 - acc: 1.0000
130/600 [=====>........................] - ETA: 0s - loss: 0.0708 - acc: 1.0000
190/600 [========>.....................] - ETA: 0s - loss: 0.0621 - acc: 1.0000
250/600 [===========>..................] - ETA: 0s - loss: 0.0624 - acc: 0.9960
310/600 [==============>...............] - ETA: 0s - loss: 0.0605 - acc: 0.9968
370/600 [=================>............] - ETA: 0s - loss: 0.0585 - acc: 0.9973
430/600 [====================>.........] - ETA: 0s - loss: 0.0587 - acc: 0.9953
490/600 [=======================>......] - ETA: 0s - loss: 0.0578 - acc: 0.9939
550/600 [==========================>...] - ETA: 0s - loss: 0.0562 - acc: 0.9945
600/600 [==============================] - 1s 921us/step - loss: 0.0568 - acc: 0.9950 - val_loss: 0.3795 - val_acc: 0.9186
Current time ....0.553
Train on 1200 samples, validate on 68 samples
Epoch 1/1

  10/1200 [..............................] - ETA: 1s - loss: 0.1187 - acc: 1.0000
  70/1200 [>.............................] - ETA: 1s - loss: 0.1676 - acc: 0.9571
 130/1200 [==>...........................] - ETA: 0s - loss: 0.1611 - acc: 0.9615
 190/1200 [===>..........................] - ETA: 0s - loss: 0.1738 - acc: 0.9632
 250/1200 [=====>........................] - ETA: 0s - loss: 0.1636 - acc: 0.9720
 310/1200 [======>.......................] - ETA: 0s - loss: 0.1640 - acc: 0.9710
 370/1200 [========>.....................] - ETA: 0s - loss: 0.1555 - acc: 0.9730
 430/1200 [=========>....................] - ETA: 0s - loss: 0.1696 - acc: 0.9605
 490/1200 [===========>..................] - ETA: 0s - loss: 0.1688 - acc: 0.9612
 550/1200 [============>.................] - ETA: 0s - loss: 0.1656 - acc: 0.9636
 610/1200 [==============>...............] - ETA: 0s - loss: 0.1635 - acc: 0.9656
 670/1200 [===============>..............] - ETA: 0s - loss: 0.1613 - acc: 0.9672
 730/1200 [=================>............] - ETA: 0s - loss: 0.1615 - acc: 0.9685
 790/1200 [==================>...........] - ETA: 0s - loss: 0.1629 - acc: 0.9684
 850/1200 [====================>.........] - ETA: 0s - loss: 0.1588 - acc: 0.9694
 910/1200 [=====================>........] - ETA: 0s - loss: 0.1601 - acc: 0.9703
 970/1200 [=======================>......] - ETA: 0s - loss: 0.1595 - acc: 0.9701
1030/1200 [========================>.....] - ETA: 0s - loss: 0.1587 - acc: 0.9699
1090/1200 [==========================>...] - ETA: 0s - loss: 0.1637 - acc: 0.9679
1150/1200 [===========================>..] - ETA: 0s - loss: 0.1644 - acc: 0.9678
1200/1200 [==============================] - 1s 902us/step - loss: 0.1661 - acc: 0.9658 - val_loss: 0.6950 - val_acc: 0.7206
Current time ....1.083
Train on 3900 samples, validate on 99 samples
Epoch 1/1

  10/3900 [..............................] - ETA: 4s - loss: 0.9609 - acc: 0.6000
  70/3900 [..............................] - ETA: 3s - loss: 0.8898 - acc: 0.7286
 130/3900 [>.............................] - ETA: 3s - loss: 0.9362 - acc: 0.7000
 190/3900 [>.............................] - ETA: 3s - loss: 0.9126 - acc: 0.7211
 250/3900 [>.............................] - ETA: 3s - loss: 0.9587 - acc: 0.6960
 310/3900 [=>............................] - ETA: 3s - loss: 0.9626 - acc: 0.6903
 370/3900 [=>............................] - ETA: 3s - loss: 0.9786 - acc: 0.6838
 430/3900 [==>...........................] - ETA: 3s - loss: 0.9776 - acc: 0.6674
 490/3900 [==>...........................] - ETA: 3s - loss: 0.9641 - acc: 0.6796
 550/3900 [===>..........................] - ETA: 3s - loss: 0.9552 - acc: 0.6836
 610/3900 [===>..........................] - ETA: 2s - loss: 0.9664 - acc: 0.6754
 670/3900 [====>.........................] - ETA: 2s - loss: 0.9651 - acc: 0.6806
 730/3900 [====>.........................] - ETA: 2s - loss: 0.9709 - acc: 0.6753
 790/3900 [=====>........................] - ETA: 2s - loss: 0.9680 - acc: 0.6759
 850/3900 [=====>........................] - ETA: 2s - loss: 0.9611 - acc: 0.6800
 910/3900 [======>.......................] - ETA: 2s - loss: 0.9563 - acc: 0.6769
 970/3900 [======>.......................] - ETA: 2s - loss: 0.9386 - acc: 0.6856
1030/3900 [======>.......................] - ETA: 2s - loss: 0.9406 - acc: 0.6845
1090/3900 [=======>......................] - ETA: 2s - loss: 0.9376 - acc: 0.6872
1150/3900 [=======>......................] - ETA: 2s - loss: 0.9358 - acc: 0.6878
1210/3900 [========>.....................] - ETA: 2s - loss: 0.9351 - acc: 0.6884
1270/3900 [========>.....................] - ETA: 2s - loss: 0.9252 - acc: 0.6961
1330/3900 [=========>....................] - ETA: 2s - loss: 0.9301 - acc: 0.6932
1390/3900 [=========>....................] - ETA: 2s - loss: 0.9323 - acc: 0.6914
1450/3900 [==========>...................] - ETA: 2s - loss: 0.9316 - acc: 0.6924
1510/3900 [==========>...................] - ETA: 2s - loss: 0.9322 - acc: 0.6934
1570/3900 [===========>..................] - ETA: 2s - loss: 0.9293 - acc: 0.6955
1630/3900 [===========>..................] - ETA: 2s - loss: 0.9293 - acc: 0.6957
1690/3900 [============>.................] - ETA: 1s - loss: 0.9255 - acc: 0.6970
1750/3900 [============>.................] - ETA: 1s - loss: 0.9259 - acc: 0.6960
1810/3900 [============>.................] - ETA: 1s - loss: 0.9245 - acc: 0.6950
1870/3900 [=============>................] - ETA: 1s - loss: 0.9209 - acc: 0.6968
1930/3900 [=============>................] - ETA: 1s - loss: 0.9168 - acc: 0.6995
1990/3900 [==============>...............] - ETA: 1s - loss: 0.9159 - acc: 0.6995
2050/3900 [==============>...............] - ETA: 1s - loss: 0.9099 - acc: 0.7044
2110/3900 [===============>..............] - ETA: 1s - loss: 0.9103 - acc: 0.7052
2170/3900 [===============>..............] - ETA: 1s - loss: 0.9032 - acc: 0.7097
2230/3900 [================>.............] - ETA: 1s - loss: 0.9039 - acc: 0.7090
2290/3900 [================>.............] - ETA: 1s - loss: 0.9045 - acc: 0.7096
2350/3900 [=================>............] - ETA: 1s - loss: 0.9032 - acc: 0.7102
2410/3900 [=================>............] - ETA: 1s - loss: 0.9008 - acc: 0.7116
2470/3900 [==================>...........] - ETA: 1s - loss: 0.8987 - acc: 0.7113
2530/3900 [==================>...........] - ETA: 1s - loss: 0.8969 - acc: 0.7130
2590/3900 [==================>...........] - ETA: 1s - loss: 0.8974 - acc: 0.7120
2650/3900 [===================>..........] - ETA: 1s - loss: 0.8939 - acc: 0.7132
2710/3900 [===================>..........] - ETA: 1s - loss: 0.8923 - acc: 0.7129
2770/3900 [====================>.........] - ETA: 1s - loss: 0.8900 - acc: 0.7148
2830/3900 [====================>.........] - ETA: 0s - loss: 0.8879 - acc: 0.7163
2890/3900 [=====================>........] - ETA: 0s - loss: 0.8840 - acc: 0.7173
2950/3900 [=====================>........] - ETA: 0s - loss: 0.8811 - acc: 0.7190
3010/3900 [======================>.......] - ETA: 0s - loss: 0.8761 - acc: 0.7213
3070/3900 [======================>.......] - ETA: 0s - loss: 0.8751 - acc: 0.7221
3130/3900 [=======================>......] - ETA: 0s - loss: 0.8750 - acc: 0.7224
3190/3900 [=======================>......] - ETA: 0s - loss: 0.8733 - acc: 0.7229
3250/3900 [========================>.....] - ETA: 0s - loss: 0.8735 - acc: 0.7231
3310/3900 [========================>.....] - ETA: 0s - loss: 0.8716 - acc: 0.7230
3370/3900 [========================>.....] - ETA: 0s - loss: 0.8721 - acc: 0.7223
3430/3900 [=========================>....] - ETA: 0s - loss: 0.8712 - acc: 0.7224
3490/3900 [=========================>....] - ETA: 0s - loss: 0.8700 - acc: 0.7221
3550/3900 [==========================>...] - ETA: 0s - loss: 0.8699 - acc: 0.7228
3610/3900 [==========================>...] - ETA: 0s - loss: 0.8670 - acc: 0.7241
3670/3900 [===========================>..] - ETA: 0s - loss: 0.8662 - acc: 0.7256
3730/3900 [===========================>..] - ETA: 0s - loss: 0.8687 - acc: 0.7239
3790/3900 [============================>.] - ETA: 0s - loss: 0.8665 - acc: 0.7243
3850/3900 [============================>.] - ETA: 0s - loss: 0.8661 - acc: 0.7242
3900/3900 [==============================] - 4s 900us/step - loss: 0.8643 - acc: 0.7249 - val_loss: 1.6510 - val_acc: 0.4141
Current time ....3.509
Train on 600 samples, validate on 86 samples
Epoch 1/1

 10/600 [..............................] - ETA: 0s - loss: 0.0523 - acc: 1.0000
 70/600 [==>...........................] - ETA: 0s - loss: 0.0516 - acc: 1.0000
130/600 [=====>........................] - ETA: 0s - loss: 0.0521 - acc: 1.0000
190/600 [========>.....................] - ETA: 0s - loss: 0.0475 - acc: 1.0000
250/600 [===========>..................] - ETA: 0s - loss: 0.0473 - acc: 0.9960
310/600 [==============>...............] - ETA: 0s - loss: 0.0446 - acc: 0.9968
370/600 [=================>............] - ETA: 0s - loss: 0.0459 - acc: 0.9946
430/600 [====================>.........] - ETA: 0s - loss: 0.0437 - acc: 0.9953
490/600 [=======================>......] - ETA: 0s - loss: 0.0429 - acc: 0.9959
550/600 [==========================>...] - ETA: 0s - loss: 0.0452 - acc: 0.9945
600/600 [==============================] - 1s 929us/step - loss: 0.0446 - acc: 0.9950 - val_loss: 0.4220 - val_acc: 0.9186
Current time ....0.557
Train on 1200 samples, validate on 68 samples
Epoch 1/1

  10/1200 [..............................] - ETA: 1s - loss: 0.1257 - acc: 1.0000
  70/1200 [>.............................] - ETA: 1s - loss: 0.1961 - acc: 0.9571
 130/1200 [==>...........................] - ETA: 0s - loss: 0.1495 - acc: 0.9769
 190/1200 [===>..........................] - ETA: 0s - loss: 0.1288 - acc: 0.9842
 250/1200 [=====>........................] - ETA: 0s - loss: 0.1254 - acc: 0.9880
 310/1200 [======>.......................] - ETA: 0s - loss: 0.1239 - acc: 0.9871
 370/1200 [========>.....................] - ETA: 0s - loss: 0.1337 - acc: 0.9811
 430/1200 [=========>....................] - ETA: 0s - loss: 0.1297 - acc: 0.9814
 490/1200 [===========>..................] - ETA: 0s - loss: 0.1263 - acc: 0.9837
 550/1200 [============>.................] - ETA: 0s - loss: 0.1245 - acc: 0.9855
 610/1200 [==============>...............] - ETA: 0s - loss: 0.1207 - acc: 0.9852
 670/1200 [===============>..............] - ETA: 0s - loss: 0.1226 - acc: 0.9836
 730/1200 [=================>............] - ETA: 0s - loss: 0.1199 - acc: 0.9849
 790/1200 [==================>...........] - ETA: 0s - loss: 0.1186 - acc: 0.9848
 850/1200 [====================>.........] - ETA: 0s - loss: 0.1167 - acc: 0.9847
 910/1200 [=====================>........] - ETA: 0s - loss: 0.1179 - acc: 0.9846
 970/1200 [=======================>......] - ETA: 0s - loss: 0.1172 - acc: 0.9856
1030/1200 [========================>.....] - ETA: 0s - loss: 0.1179 - acc: 0.9854
1090/1200 [==========================>...] - ETA: 0s - loss: 0.1158 - acc: 0.9862
1150/1200 [===========================>..] - ETA: 0s - loss: 0.1142 - acc: 0.9870
1200/1200 [==============================] - 1s 899us/step - loss: 0.1145 - acc: 0.9867 - val_loss: 0.7473 - val_acc: 0.7353
Current time ....1.079
Train on 3900 samples, validate on 99 samples
Epoch 1/1

  10/3900 [..............................] - ETA: 3s - loss: 0.9223 - acc: 0.6000
  70/3900 [..............................] - ETA: 3s - loss: 0.8291 - acc: 0.7000
 130/3900 [>.............................] - ETA: 3s - loss: 0.7982 - acc: 0.7308
 190/3900 [>.............................] - ETA: 3s - loss: 0.7740 - acc: 0.7579
 250/3900 [>.............................] - ETA: 3s - loss: 0.7621 - acc: 0.7640
 310/3900 [=>............................] - ETA: 3s - loss: 0.7594 - acc: 0.7581
 370/3900 [=>............................] - ETA: 3s - loss: 0.7649 - acc: 0.7595
 430/3900 [==>...........................] - ETA: 3s - loss: 0.7942 - acc: 0.7488
 490/3900 [==>...........................] - ETA: 3s - loss: 0.7866 - acc: 0.7571
 550/3900 [===>..........................] - ETA: 2s - loss: 0.7764 - acc: 0.7582
 610/3900 [===>..........................] - ETA: 2s - loss: 0.7577 - acc: 0.7672
 670/3900 [====>.........................] - ETA: 2s - loss: 0.7659 - acc: 0.7672
 730/3900 [====>.........................] - ETA: 2s - loss: 0.7580 - acc: 0.7658
 790/3900 [=====>........................] - ETA: 2s - loss: 0.7627 - acc: 0.7570
 850/3900 [=====>........................] - ETA: 2s - loss: 0.7526 - acc: 0.7612
 910/3900 [======>.......................] - ETA: 2s - loss: 0.7497 - acc: 0.7626
 970/3900 [======>.......................] - ETA: 2s - loss: 0.7567 - acc: 0.7608
1030/3900 [======>.......................] - ETA: 2s - loss: 0.7550 - acc: 0.7602
1090/3900 [=======>......................] - ETA: 2s - loss: 0.7550 - acc: 0.7615
1150/3900 [=======>......................] - ETA: 2s - loss: 0.7550 - acc: 0.7609
1210/3900 [========>.....................] - ETA: 2s - loss: 0.7543 - acc: 0.7620
1270/3900 [========>.....................] - ETA: 2s - loss: 0.7536 - acc: 0.7622
1330/3900 [=========>....................] - ETA: 2s - loss: 0.7520 - acc: 0.7609
1390/3900 [=========>....................] - ETA: 2s - loss: 0.7532 - acc: 0.7612
1450/3900 [==========>...................] - ETA: 2s - loss: 0.7498 - acc: 0.7628
1510/3900 [==========>...................] - ETA: 2s - loss: 0.7516 - acc: 0.7603
1570/3900 [===========>..................] - ETA: 2s - loss: 0.7503 - acc: 0.7624
1630/3900 [===========>..................] - ETA: 2s - loss: 0.7523 - acc: 0.7632
1690/3900 [============>.................] - ETA: 1s - loss: 0.7483 - acc: 0.7651
1750/3900 [============>.................] - ETA: 1s - loss: 0.7447 - acc: 0.7663
1810/3900 [============>.................] - ETA: 1s - loss: 0.7466 - acc: 0.7635
1870/3900 [=============>................] - ETA: 1s - loss: 0.7456 - acc: 0.7636
1930/3900 [=============>................] - ETA: 1s - loss: 0.7422 - acc: 0.7632
1990/3900 [==============>...............] - ETA: 1s - loss: 0.7420 - acc: 0.7618
2050/3900 [==============>...............] - ETA: 1s - loss: 0.7429 - acc: 0.7624
2110/3900 [===============>..............] - ETA: 1s - loss: 0.7373 - acc: 0.7645
2170/3900 [===============>..............] - ETA: 1s - loss: 0.7359 - acc: 0.7659
2230/3900 [================>.............] - ETA: 1s - loss: 0.7326 - acc: 0.7673
2290/3900 [================>.............] - ETA: 1s - loss: 0.7307 - acc: 0.7655
2350/3900 [=================>............] - ETA: 1s - loss: 0.7309 - acc: 0.7647
2410/3900 [=================>............] - ETA: 1s - loss: 0.7315 - acc: 0.7639
2470/3900 [==================>...........] - ETA: 1s - loss: 0.7299 - acc: 0.7668
2530/3900 [==================>...........] - ETA: 1s - loss: 0.7312 - acc: 0.7664
2590/3900 [==================>...........] - ETA: 1s - loss: 0.7284 - acc: 0.7672
2650/3900 [===================>..........] - ETA: 1s - loss: 0.7261 - acc: 0.7660
2710/3900 [===================>..........] - ETA: 1s - loss: 0.7257 - acc: 0.7661
2770/3900 [====================>.........] - ETA: 1s - loss: 0.7232 - acc: 0.7664
2830/3900 [====================>.........] - ETA: 0s - loss: 0.7257 - acc: 0.7654
2890/3900 [=====================>........] - ETA: 0s - loss: 0.7239 - acc: 0.7657
2950/3900 [=====================>........] - ETA: 0s - loss: 0.7229 - acc: 0.7658
3010/3900 [======================>.......] - ETA: 0s - loss: 0.7244 - acc: 0.7648
3070/3900 [======================>.......] - ETA: 0s - loss: 0.7209 - acc: 0.7668
3130/3900 [=======================>......] - ETA: 0s - loss: 0.7189 - acc: 0.7674
3190/3900 [=======================>......] - ETA: 0s - loss: 0.7201 - acc: 0.7668
3250/3900 [========================>.....] - ETA: 0s - loss: 0.7212 - acc: 0.7662
3310/3900 [========================>.....] - ETA: 0s - loss: 0.7190 - acc: 0.7665
3370/3900 [========================>.....] - ETA: 0s - loss: 0.7166 - acc: 0.7680
3430/3900 [=========================>....] - ETA: 0s - loss: 0.7178 - acc: 0.7673
3490/3900 [=========================>....] - ETA: 0s - loss: 0.7170 - acc: 0.7668
3550/3900 [==========================>...] - ETA: 0s - loss: 0.7154 - acc: 0.7662
3610/3900 [==========================>...] - ETA: 0s - loss: 0.7131 - acc: 0.7673
3670/3900 [===========================>..] - ETA: 0s - loss: 0.7101 - acc: 0.7695
3730/3900 [===========================>..] - ETA: 0s - loss: 0.7059 - acc: 0.7710
3790/3900 [============================>.] - ETA: 0s - loss: 0.7049 - acc: 0.7718
3850/3900 [============================>.] - ETA: 0s - loss: 0.7050 - acc: 0.7719
3900/3900 [==============================] - 4s 899us/step - loss: 0.7045 - acc: 0.7726 - val_loss: 1.6031 - val_acc: 0.4242
Current time ....3.505
Train on 600 samples, validate on 86 samples
Epoch 1/1

 10/600 [..............................] - ETA: 0s - loss: 0.0681 - acc: 1.0000
 70/600 [==>...........................] - ETA: 0s - loss: 0.0419 - acc: 1.0000
130/600 [=====>........................] - ETA: 0s - loss: 0.0399 - acc: 1.0000
190/600 [========>.....................] - ETA: 0s - loss: 0.0381 - acc: 1.0000
250/600 [===========>..................] - ETA: 0s - loss: 0.0397 - acc: 1.0000
310/600 [==============>...............] - ETA: 0s - loss: 0.0386 - acc: 1.0000
370/600 [=================>............] - ETA: 0s - loss: 0.0354 - acc: 1.0000
430/600 [====================>.........] - ETA: 0s - loss: 0.0355 - acc: 1.0000
490/600 [=======================>......] - ETA: 0s - loss: 0.0368 - acc: 0.9980
550/600 [==========================>...] - ETA: 0s - loss: 0.0355 - acc: 0.9982
600/600 [==============================] - 1s 921us/step - loss: 0.0350 - acc: 0.9983 - val_loss: 0.4452 - val_acc: 0.9186
Current time ....0.553
Train on 1200 samples, validate on 68 samples
Epoch 1/1

  10/1200 [..............................] - ETA: 1s - loss: 0.1614 - acc: 0.9000
  70/1200 [>.............................] - ETA: 1s - loss: 0.1122 - acc: 0.9857
 130/1200 [==>...........................] - ETA: 0s - loss: 0.0939 - acc: 0.9923
 190/1200 [===>..........................] - ETA: 0s - loss: 0.0957 - acc: 0.9947
 250/1200 [=====>........................] - ETA: 0s - loss: 0.0894 - acc: 0.9960
 310/1200 [======>.......................] - ETA: 0s - loss: 0.0953 - acc: 0.9935
 370/1200 [========>.....................] - ETA: 0s - loss: 0.0947 - acc: 0.9946
 430/1200 [=========>....................] - ETA: 0s - loss: 0.0935 - acc: 0.9953
 490/1200 [===========>..................] - ETA: 0s - loss: 0.0971 - acc: 0.9918
 550/1200 [============>.................] - ETA: 0s - loss: 0.0957 - acc: 0.9891
 610/1200 [==============>...............] - ETA: 0s - loss: 0.0934 - acc: 0.9902
 670/1200 [===============>..............] - ETA: 0s - loss: 0.0919 - acc: 0.9910
 730/1200 [=================>............] - ETA: 0s - loss: 0.0926 - acc: 0.9904
 790/1200 [==================>...........] - ETA: 0s - loss: 0.0916 - acc: 0.9886
 850/1200 [====================>.........] - ETA: 0s - loss: 0.0923 - acc: 0.9882
 910/1200 [=====================>........] - ETA: 0s - loss: 0.0917 - acc: 0.9890
 970/1200 [=======================>......] - ETA: 0s - loss: 0.0901 - acc: 0.9897
1030/1200 [========================>.....] - ETA: 0s - loss: 0.0893 - acc: 0.9903
1090/1200 [==========================>...] - ETA: 0s - loss: 0.0882 - acc: 0.9899
1150/1200 [===========================>..] - ETA: 0s - loss: 0.0873 - acc: 0.9904
1200/1200 [==============================] - 1s 901us/step - loss: 0.0860 - acc: 0.9900 - val_loss: 0.8350 - val_acc: 0.6912
Current time ....1.082

32/99 [========>.....................] - ETA: 0s
99/99 [==============================] - 0s 95us/step
In EVALUATE loss:  [1.6031434018202502, 0.42424242454345779]

32/86 [==========>...................] - ETA: 0s
86/86 [==============================] - 0s 81us/step
In EVALUATE loss:  [0.44518221602883451, 0.91860465393509971]

32/68 [=============>................] - ETA: 0s
68/68 [==============================] - 0s 98us/step
In EVALUATE loss:  [0.83504956610062542, 0.69117647058823528]
Task 1 : Primary site - Macro F1 score 0.233333472043
Task 1 : Primary site - Micro F1 score 0.424242424242
Task 2 : Tumor laterality - Macro F1 score 0.918593644354
Task 2 : Tumor laterality - Micro F1 score 0.918604651163
Task 3 : Histological grade - Macro F1 score 0.528484848485
Task 3 : Histological grade - Micro F1 score 0.691176470588
Average loss:  0.961125061317
