Importing candle utils for keras
Configuration file:  /gpfs/mira-home/apeck/Modified_Benchmarks/Pilot3/P3B1/p3b1_default_model.txt
{'activation': 'relu',
 'batch_size': 10,
 'data_url': 'ftp://ftp.mcs.anl.gov/pub/candle/public/benchmarks/P3B1/',
 'drop': 0.0,
 'epochs': 10,
 'feature_names': 'Primary site:Tumor laterality:Histological grade',
 'ind_nnet_spec': [[2400, 2400, 1200, 1200],
                   [2400, 2400, 1200, 1200],
                   [2400, 2400, 1200, 1200]],
 'initialization': 'glorot_uniform',
 'learning_rate': 0.01,
 'loss': 'categorical_crossentropy',
 'metrics': 'accuracy',
 'model_name': 'p3b1',
 'n_fold': 1,
 'optimizer': 'sgd',
 'out_activation': 'softmax',
 'output_dir': '.',
 'scaling': 'none',
 'shared_nnet_spec': [1200,
                      2400,
                      3600,
                      3600,
                      3600,
                      3600,
                      3600,
                      3600,
                      3600,
                      2400],
 'shuffle': True,
 'timeout': 1800,
 'train_data': 'P3B1_data.tar.gz'}
Params:
{'activation': 'relu',
 'batch_size': 10,
 'case': 'CenterZ',
 'data_url': 'ftp://ftp.mcs.anl.gov/pub/candle/public/benchmarks/P3B1/',
 'datatype': <class 'numpy.float32'>,
 'drop': 0.0,
 'epochs': 10,
 'experiment_id': 'EXP000',
 'feature_names': 'Primary site:Tumor laterality:Histological grade',
 'fig': False,
 'gpus': [],
 'ind_nnet_spec': [[2400, 2400, 1200, 1200],
                   [2400, 2400, 1200, 1200],
                   [2400, 2400, 1200, 1200]],
 'initialization': 'glorot_uniform',
 'learning_rate': 0.01,
 'logfile': None,
 'loss': 'categorical_crossentropy',
 'metrics': 'accuracy',
 'model_name': 'p3b1',
 'n_fold': 1,
 'optimizer': 'sgd',
 'out_activation': 'softmax',
 'output_dir': '/gpfs/mira-home/apeck/CANDLE_testing/avery_modified_results/p3_1',
 'output_files': 'result0_0.csv;result1_0.csv;result2_0.csv',
 'rng_seed': 7102,
 'run_id': 'RUN000',
 'scaling': 'none',
 'shared_nnet_spec': [1200,
                      2400,
                      3600,
                      3600,
                      3600,
                      3600,
                      3600,
                      3600,
                      3600,
                      2400],
 'shuffle': False,
 'timeout': 1800,
 'train_bool': True,
 'train_data': 'P3B1_data.tar.gz',
 'train_features': 'data/task0_0_train_feature.csv;data/task1_0_train_feature.csv;data/task2_0_train_feature.csv',
 'train_truths': 'data/task0_0_train_label.csv;data/task1_0_train_label.csv;data/task2_0_train_label.csv',
 'valid_features': 'data/task0_0_test_feature.csv;data/task1_0_test_feature.csv;data/task2_0_test_feature.csv',
 'valid_truths': 'data/task0_0_test_label.csv;data/task1_0_test_label.csv;data/task2_0_test_label.csv',
 'verbose': None}
Feature names:
Primary site
Tumor laterality
Histological grade
Model:  0
_________________________________________________________________
Layer (type)                 Output Shape              Param #   
=================================================================
input (InputLayer)           (None, 400)               0         
_________________________________________________________________
indiv_layer_0_0 (Dense)      (None, 2400)              962400    
_________________________________________________________________
indiv_layer_0_1 (Dense)      (None, 2400)              5762400   
_________________________________________________________________
indiv_layer_0_2 (Dense)      (None, 1200)              2881200   
_________________________________________________________________
indiv_layer_0_3 (Dense)      (None, 1200)              1441200   
_________________________________________________________________
out_0 (Dense)                (None, 13)                15613     
=================================================================
Total params: 11,062,813
Trainable params: 11,062,813
Non-trainable params: 0
_________________________________________________________________
Model:  1
_________________________________________________________________
Layer (type)                 Output Shape              Param #   
=================================================================
input (InputLayer)           (None, 400)               0         
_________________________________________________________________
indiv_layer_1_0 (Dense)      (None, 2400)              962400    
_________________________________________________________________
indiv_layer_1_1 (Dense)      (None, 2400)              5762400   
_________________________________________________________________
indiv_layer_1_2 (Dense)      (None, 1200)              2881200   
_________________________________________________________________
indiv_layer_1_3 (Dense)      (None, 1200)              1441200   
_________________________________________________________________
out_1 (Dense)                (None, 2)                 2402      
=================================================================
Total params: 11,049,602
Trainable params: 11,049,602
Non-trainable params: 0
_________________________________________________________________
Model:  2
_________________________________________________________________
Layer (type)                 Output Shape              Param #   
=================================================================
input (InputLayer)           (None, 400)               0         
_________________________________________________________________
indiv_layer_2_0 (Dense)      (None, 2400)              962400    
_________________________________________________________________
indiv_layer_2_1 (Dense)      (None, 2400)              5762400   
_________________________________________________________________
indiv_layer_2_2 (Dense)      (None, 1200)              2881200   
_________________________________________________________________
indiv_layer_2_3 (Dense)      (None, 1200)              1441200   
_________________________________________________________________
out_2 (Dense)                (None, 4)                 4804      
=================================================================
Total params: 11,052,004
Trainable params: 11,052,004
Non-trainable params: 0
_________________________________________________________________
Train on 3900 samples, validate on 99 samples
Epoch 1/1

  10/3900 [..............................] - ETA: 12:34 - loss: 2.5682 - acc: 0.0000e+00
  60/3900 [..............................] - ETA: 2:07 - loss: 2.5671 - acc: 0.0333     
 110/3900 [..............................] - ETA: 1:10 - loss: 2.5662 - acc: 0.0545
 160/3900 [>.............................] - ETA: 49s - loss: 2.5664 - acc: 0.0688 
 210/3900 [>.............................] - ETA: 38s - loss: 2.5660 - acc: 0.0952
 260/3900 [=>............................] - ETA: 31s - loss: 2.5661 - acc: 0.0885
 310/3900 [=>............................] - ETA: 26s - loss: 2.5662 - acc: 0.0839
 360/3900 [=>............................] - ETA: 22s - loss: 2.5657 - acc: 0.0833
 410/3900 [==>...........................] - ETA: 20s - loss: 2.5655 - acc: 0.0854
 470/3900 [==>...........................] - ETA: 17s - loss: 2.5653 - acc: 0.0830
 530/3900 [===>..........................] - ETA: 15s - loss: 2.5652 - acc: 0.0849
 590/3900 [===>..........................] - ETA: 14s - loss: 2.5648 - acc: 0.0898
 650/3900 [====>.........................] - ETA: 13s - loss: 2.5646 - acc: 0.0923
 710/3900 [====>.........................] - ETA: 11s - loss: 2.5642 - acc: 0.1000
 770/3900 [====>.........................] - ETA: 11s - loss: 2.5639 - acc: 0.1065
 830/3900 [=====>........................] - ETA: 10s - loss: 2.5632 - acc: 0.1145
 890/3900 [=====>........................] - ETA: 9s - loss: 2.5631 - acc: 0.1112 
 950/3900 [======>.......................] - ETA: 8s - loss: 2.5630 - acc: 0.1105
1010/3900 [======>.......................] - ETA: 8s - loss: 2.5631 - acc: 0.1079
1070/3900 [=======>......................] - ETA: 7s - loss: 2.5628 - acc: 0.1121
1130/3900 [=======>......................] - ETA: 7s - loss: 2.5626 - acc: 0.1159
1190/3900 [========>.....................] - ETA: 7s - loss: 2.5623 - acc: 0.1193
1250/3900 [========>.....................] - ETA: 6s - loss: 2.5624 - acc: 0.1152
1310/3900 [=========>....................] - ETA: 6s - loss: 2.5621 - acc: 0.1198
1370/3900 [=========>....................] - ETA: 6s - loss: 2.5617 - acc: 0.1248
1430/3900 [==========>...................] - ETA: 5s - loss: 2.5613 - acc: 0.1266
1490/3900 [==========>...................] - ETA: 5s - loss: 2.5613 - acc: 0.1282
1550/3900 [==========>...................] - ETA: 5s - loss: 2.5611 - acc: 0.1297
1610/3900 [===========>..................] - ETA: 4s - loss: 2.5609 - acc: 0.1292
1670/3900 [===========>..................] - ETA: 4s - loss: 2.5607 - acc: 0.1317
1730/3900 [============>.................] - ETA: 4s - loss: 2.5606 - acc: 0.1306
1790/3900 [============>.................] - ETA: 4s - loss: 2.5604 - acc: 0.1302
1850/3900 [=============>................] - ETA: 4s - loss: 2.5601 - acc: 0.1335
1910/3900 [=============>................] - ETA: 3s - loss: 2.5600 - acc: 0.1335
1970/3900 [==============>...............] - ETA: 3s - loss: 2.5599 - acc: 0.1345
2030/3900 [==============>...............] - ETA: 3s - loss: 2.5597 - acc: 0.1350
2090/3900 [===============>..............] - ETA: 3s - loss: 2.5595 - acc: 0.1373
2150/3900 [===============>..............] - ETA: 3s - loss: 2.5593 - acc: 0.1400
2210/3900 [================>.............] - ETA: 3s - loss: 2.5591 - acc: 0.1430
2270/3900 [================>.............] - ETA: 2s - loss: 2.5590 - acc: 0.1427
2330/3900 [================>.............] - ETA: 2s - loss: 2.5589 - acc: 0.1446
2390/3900 [=================>............] - ETA: 2s - loss: 2.5587 - acc: 0.1452
2450/3900 [=================>............] - ETA: 2s - loss: 2.5585 - acc: 0.1506
2510/3900 [==================>...........] - ETA: 2s - loss: 2.5583 - acc: 0.1538
2570/3900 [==================>...........] - ETA: 2s - loss: 2.5580 - acc: 0.1580
2630/3900 [===================>..........] - ETA: 2s - loss: 2.5579 - acc: 0.1586
2690/3900 [===================>..........] - ETA: 2s - loss: 2.5577 - acc: 0.1625
2750/3900 [====================>.........] - ETA: 1s - loss: 2.5573 - acc: 0.1695
2810/3900 [====================>.........] - ETA: 1s - loss: 2.5572 - acc: 0.1687
2870/3900 [=====================>........] - ETA: 1s - loss: 2.5570 - acc: 0.1718
2930/3900 [=====================>........] - ETA: 1s - loss: 2.5569 - acc: 0.1734
2990/3900 [======================>.......] - ETA: 1s - loss: 2.5567 - acc: 0.1799
3050/3900 [======================>.......] - ETA: 1s - loss: 2.5565 - acc: 0.1823
3110/3900 [======================>.......] - ETA: 1s - loss: 2.5564 - acc: 0.1862
3170/3900 [=======================>......] - ETA: 1s - loss: 2.5562 - acc: 0.1899
3230/3900 [=======================>......] - ETA: 1s - loss: 2.5560 - acc: 0.1941
3290/3900 [========================>.....] - ETA: 0s - loss: 2.5558 - acc: 0.1988
3350/3900 [========================>.....] - ETA: 0s - loss: 2.5556 - acc: 0.2036
3410/3900 [=========================>....] - ETA: 0s - loss: 2.5554 - acc: 0.2079
3470/3900 [=========================>....] - ETA: 0s - loss: 2.5552 - acc: 0.2115
3530/3900 [==========================>...] - ETA: 0s - loss: 2.5550 - acc: 0.2178
3590/3900 [==========================>...] - ETA: 0s - loss: 2.5547 - acc: 0.2231
3650/3900 [===========================>..] - ETA: 0s - loss: 2.5545 - acc: 0.2260
3710/3900 [===========================>..] - ETA: 0s - loss: 2.5542 - acc: 0.2307
3770/3900 [============================>.] - ETA: 0s - loss: 2.5541 - acc: 0.2332
3830/3900 [============================>.] - ETA: 0s - loss: 2.5538 - acc: 0.2366
3890/3900 [============================>.] - ETA: 0s - loss: 2.5537 - acc: 0.2383
3900/3900 [==============================] - 6s 1ms/step - loss: 2.5536 - acc: 0.2387 - val_loss: 2.5454 - val_acc: 0.3939
Current time ....5.584
Train on 600 samples, validate on 86 samples
Epoch 1/1

 10/600 [..............................] - ETA: 17s - loss: 0.6946 - acc: 0.5000
 70/600 [==>...........................] - ETA: 2s - loss: 0.6894 - acc: 0.5571 
130/600 [=====>........................] - ETA: 1s - loss: 0.6896 - acc: 0.5538
190/600 [========>.....................] - ETA: 1s - loss: 0.6836 - acc: 0.5842
250/600 [===========>..................] - ETA: 0s - loss: 0.6775 - acc: 0.6040
310/600 [==============>...............] - ETA: 0s - loss: 0.6759 - acc: 0.6065
370/600 [=================>............] - ETA: 0s - loss: 0.6713 - acc: 0.6405
430/600 [====================>.........] - ETA: 0s - loss: 0.6692 - acc: 0.6628
490/600 [=======================>......] - ETA: 0s - loss: 0.6662 - acc: 0.6816
550/600 [==========================>...] - ETA: 0s - loss: 0.6620 - acc: 0.7091
600/600 [==============================] - 1s 1ms/step - loss: 0.6586 - acc: 0.7267 - val_loss: 0.6282 - val_acc: 0.8140
Current time ....0.858
Train on 1200 samples, validate on 68 samples
Epoch 1/1

  10/1200 [..............................] - ETA: 37s - loss: 1.4057 - acc: 0.0000e+00
  70/1200 [>.............................] - ETA: 6s - loss: 1.3977 - acc: 0.1429     
 130/1200 [==>...........................] - ETA: 3s - loss: 1.3874 - acc: 0.1923
 190/1200 [===>..........................] - ETA: 2s - loss: 1.3777 - acc: 0.2263
 250/1200 [=====>........................] - ETA: 2s - loss: 1.3734 - acc: 0.2520
 310/1200 [======>.......................] - ETA: 1s - loss: 1.3704 - acc: 0.2452
 370/1200 [========>.....................] - ETA: 1s - loss: 1.3669 - acc: 0.2595
 430/1200 [=========>....................] - ETA: 1s - loss: 1.3607 - acc: 0.2767
 490/1200 [===========>..................] - ETA: 1s - loss: 1.3552 - acc: 0.2939
 550/1200 [============>.................] - ETA: 0s - loss: 1.3486 - acc: 0.3145
 610/1200 [==============>...............] - ETA: 0s - loss: 1.3443 - acc: 0.3295
 670/1200 [===============>..............] - ETA: 0s - loss: 1.3397 - acc: 0.3448
 730/1200 [=================>............] - ETA: 0s - loss: 1.3366 - acc: 0.3562
 790/1200 [==================>...........] - ETA: 0s - loss: 1.3314 - acc: 0.3722
 850/1200 [====================>.........] - ETA: 0s - loss: 1.3261 - acc: 0.3800
 910/1200 [=====================>........] - ETA: 0s - loss: 1.3250 - acc: 0.3824
 970/1200 [=======================>......] - ETA: 0s - loss: 1.3208 - acc: 0.3928
1030/1200 [========================>.....] - ETA: 0s - loss: 1.3157 - acc: 0.3971
1090/1200 [==========================>...] - ETA: 0s - loss: 1.3114 - acc: 0.4046
1150/1200 [===========================>..] - ETA: 0s - loss: 1.3043 - acc: 0.4191
1200/1200 [==============================] - 1s 1ms/step - loss: 1.3012 - acc: 0.4258 - val_loss: 1.2539 - val_acc: 0.4559
Current time ....1.401
Train on 3900 samples, validate on 99 samples
Epoch 1/1

  10/3900 [..............................] - ETA: 3s - loss: 2.5344 - acc: 0.6000
  70/3900 [..............................] - ETA: 3s - loss: 2.5380 - acc: 0.4000
 130/3900 [>.............................] - ETA: 3s - loss: 2.5385 - acc: 0.4000
 190/3900 [>.............................] - ETA: 3s - loss: 2.5388 - acc: 0.3947
 250/3900 [>.............................] - ETA: 3s - loss: 2.5375 - acc: 0.4200
 310/3900 [=>............................] - ETA: 3s - loss: 2.5371 - acc: 0.4258
 370/3900 [=>............................] - ETA: 3s - loss: 2.5366 - acc: 0.4216
 430/3900 [==>...........................] - ETA: 3s - loss: 2.5359 - acc: 0.4233
 490/3900 [==>...........................] - ETA: 3s - loss: 2.5357 - acc: 0.4082
 550/3900 [===>..........................] - ETA: 3s - loss: 2.5351 - acc: 0.4000
 600/3900 [===>..........................] - ETA: 3s - loss: 2.5346 - acc: 0.3917
 660/3900 [====>.........................] - ETA: 2s - loss: 2.5344 - acc: 0.3818
 720/3900 [====>.........................] - ETA: 2s - loss: 2.5341 - acc: 0.3653
 780/3900 [=====>........................] - ETA: 2s - loss: 2.5335 - acc: 0.3641
 840/3900 [=====>........................] - ETA: 2s - loss: 2.5337 - acc: 0.3548
 900/3900 [=====>........................] - ETA: 2s - loss: 2.5337 - acc: 0.3444
 960/3900 [======>.......................] - ETA: 2s - loss: 2.5332 - acc: 0.3448
1020/3900 [======>.......................] - ETA: 2s - loss: 2.5329 - acc: 0.3441
1080/3900 [=======>......................] - ETA: 2s - loss: 2.5329 - acc: 0.3389
1140/3900 [=======>......................] - ETA: 2s - loss: 2.5323 - acc: 0.3439
1200/3900 [========>.....................] - ETA: 2s - loss: 2.5320 - acc: 0.3483
1260/3900 [========>.....................] - ETA: 2s - loss: 2.5314 - acc: 0.3500
1320/3900 [=========>....................] - ETA: 2s - loss: 2.5311 - acc: 0.3561
1380/3900 [=========>....................] - ETA: 2s - loss: 2.5308 - acc: 0.3551
1440/3900 [==========>...................] - ETA: 2s - loss: 2.5307 - acc: 0.3528
1500/3900 [==========>...................] - ETA: 2s - loss: 2.5305 - acc: 0.3513
1560/3900 [===========>..................] - ETA: 2s - loss: 2.5303 - acc: 0.3526
1620/3900 [===========>..................] - ETA: 2s - loss: 2.5299 - acc: 0.3549
1670/3900 [===========>..................] - ETA: 2s - loss: 2.5297 - acc: 0.3557
1730/3900 [============>.................] - ETA: 1s - loss: 2.5294 - acc: 0.3566
1790/3900 [============>.................] - ETA: 1s - loss: 2.5291 - acc: 0.3547
1850/3900 [=============>................] - ETA: 1s - loss: 2.5289 - acc: 0.3568
1910/3900 [=============>................] - ETA: 1s - loss: 2.5286 - acc: 0.3571
1970/3900 [==============>...............] - ETA: 1s - loss: 2.5282 - acc: 0.3599
2030/3900 [==============>...............] - ETA: 1s - loss: 2.5278 - acc: 0.3635
2090/3900 [===============>..............] - ETA: 1s - loss: 2.5274 - acc: 0.3641
2150/3900 [===============>..............] - ETA: 1s - loss: 2.5269 - acc: 0.3642
2210/3900 [================>.............] - ETA: 1s - loss: 2.5265 - acc: 0.3661
2270/3900 [================>.............] - ETA: 1s - loss: 2.5263 - acc: 0.3648
2330/3900 [================>.............] - ETA: 1s - loss: 2.5258 - acc: 0.3687
2390/3900 [=================>............] - ETA: 1s - loss: 2.5255 - acc: 0.3699
2450/3900 [=================>............] - ETA: 1s - loss: 2.5251 - acc: 0.3731
2510/3900 [==================>...........] - ETA: 1s - loss: 2.5246 - acc: 0.3741
2570/3900 [==================>...........] - ETA: 1s - loss: 2.5245 - acc: 0.3728
2630/3900 [===================>..........] - ETA: 1s - loss: 2.5240 - acc: 0.3738
2690/3900 [===================>..........] - ETA: 1s - loss: 2.5238 - acc: 0.3732
2750/3900 [====================>.........] - ETA: 1s - loss: 2.5234 - acc: 0.3749
2810/3900 [====================>.........] - ETA: 0s - loss: 2.5230 - acc: 0.3790
2870/3900 [=====================>........] - ETA: 0s - loss: 2.5226 - acc: 0.3833
2930/3900 [=====================>........] - ETA: 0s - loss: 2.5222 - acc: 0.3857
2990/3900 [======================>.......] - ETA: 0s - loss: 2.5218 - acc: 0.3890
3050/3900 [======================>.......] - ETA: 0s - loss: 2.5213 - acc: 0.3892
3110/3900 [======================>.......] - ETA: 0s - loss: 2.5208 - acc: 0.3910
3170/3900 [=======================>......] - ETA: 0s - loss: 2.5204 - acc: 0.3931
3230/3900 [=======================>......] - ETA: 0s - loss: 2.5200 - acc: 0.3950
3290/3900 [========================>.....] - ETA: 0s - loss: 2.5194 - acc: 0.3988
3350/3900 [========================>.....] - ETA: 0s - loss: 2.5190 - acc: 0.4015
3410/3900 [=========================>....] - ETA: 0s - loss: 2.5186 - acc: 0.4038
3470/3900 [=========================>....] - ETA: 0s - loss: 2.5180 - acc: 0.4061
3530/3900 [==========================>...] - ETA: 0s - loss: 2.5175 - acc: 0.4071
3590/3900 [==========================>...] - ETA: 0s - loss: 2.5170 - acc: 0.4092
3650/3900 [===========================>..] - ETA: 0s - loss: 2.5164 - acc: 0.4123
3710/3900 [===========================>..] - ETA: 0s - loss: 2.5160 - acc: 0.4137
3770/3900 [============================>.] - ETA: 0s - loss: 2.5155 - acc: 0.4149
3830/3900 [============================>.] - ETA: 0s - loss: 2.5151 - acc: 0.4157
3890/3900 [============================>.] - ETA: 0s - loss: 2.5147 - acc: 0.4167
3900/3900 [==============================] - 4s 913us/step - loss: 2.5146 - acc: 0.4177 - val_loss: 2.5027 - val_acc: 0.3838
Current time ....3.562
Train on 600 samples, validate on 86 samples
Epoch 1/1

 10/600 [..............................] - ETA: 0s - loss: 0.6084 - acc: 1.0000
 70/600 [==>...........................] - ETA: 0s - loss: 0.5957 - acc: 0.9000
130/600 [=====>........................] - ETA: 0s - loss: 0.5937 - acc: 0.9308
190/600 [========>.....................] - ETA: 0s - loss: 0.5907 - acc: 0.9263
250/600 [===========>..................] - ETA: 0s - loss: 0.5888 - acc: 0.9280
310/600 [==============>...............] - ETA: 0s - loss: 0.5798 - acc: 0.9355
370/600 [=================>............] - ETA: 0s - loss: 0.5750 - acc: 0.9351
430/600 [====================>.........] - ETA: 0s - loss: 0.5678 - acc: 0.9326
490/600 [=======================>......] - ETA: 0s - loss: 0.5678 - acc: 0.9347
550/600 [==========================>...] - ETA: 0s - loss: 0.5597 - acc: 0.9400
600/600 [==============================] - 1s 938us/step - loss: 0.5536 - acc: 0.9433 - val_loss: 0.5362 - val_acc: 0.8953
Current time ....0.563
Train on 1200 samples, validate on 68 samples
Epoch 1/1

  10/1200 [..............................] - ETA: 1s - loss: 1.1619 - acc: 0.7000
  70/1200 [>.............................] - ETA: 1s - loss: 1.1521 - acc: 0.6714
 130/1200 [==>...........................] - ETA: 0s - loss: 1.1371 - acc: 0.7154
 190/1200 [===>..........................] - ETA: 0s - loss: 1.1322 - acc: 0.6842
 250/1200 [=====>........................] - ETA: 0s - loss: 1.1307 - acc: 0.6720
 310/1200 [======>.......................] - ETA: 0s - loss: 1.1332 - acc: 0.6355
 370/1200 [========>.....................] - ETA: 0s - loss: 1.1401 - acc: 0.6081
 430/1200 [=========>....................] - ETA: 0s - loss: 1.1225 - acc: 0.6302
 490/1200 [===========>..................] - ETA: 0s - loss: 1.1200 - acc: 0.6286
 550/1200 [============>.................] - ETA: 0s - loss: 1.1191 - acc: 0.6309
 610/1200 [==============>...............] - ETA: 0s - loss: 1.1139 - acc: 0.6246
 670/1200 [===============>..............] - ETA: 0s - loss: 1.1083 - acc: 0.6239
 730/1200 [=================>............] - ETA: 0s - loss: 1.1048 - acc: 0.6219
 790/1200 [==================>...........] - ETA: 0s - loss: 1.1031 - acc: 0.6228
 850/1200 [====================>.........] - ETA: 0s - loss: 1.0951 - acc: 0.6247
 910/1200 [=====================>........] - ETA: 0s - loss: 1.0906 - acc: 0.6297
 970/1200 [=======================>......] - ETA: 0s - loss: 1.0876 - acc: 0.6289
1030/1200 [========================>.....] - ETA: 0s - loss: 1.0818 - acc: 0.6291
1090/1200 [==========================>...] - ETA: 0s - loss: 1.0797 - acc: 0.6239
1150/1200 [===========================>..] - ETA: 0s - loss: 1.0754 - acc: 0.6261
1200/1200 [==============================] - 1s 913us/step - loss: 1.0725 - acc: 0.6292 - val_loss: 1.1140 - val_acc: 0.4118
Current time ....1.096
Train on 3900 samples, validate on 99 samples
Epoch 1/1

  10/3900 [..............................] - ETA: 3s - loss: 2.4926 - acc: 0.4000
  70/3900 [..............................] - ETA: 3s - loss: 2.4766 - acc: 0.4857
 130/3900 [>.............................] - ETA: 3s - loss: 2.4751 - acc: 0.5000
 190/3900 [>.............................] - ETA: 3s - loss: 2.4744 - acc: 0.5526
 250/3900 [>.............................] - ETA: 3s - loss: 2.4765 - acc: 0.5360
 310/3900 [=>............................] - ETA: 3s - loss: 2.4774 - acc: 0.5129
 370/3900 [=>............................] - ETA: 3s - loss: 2.4746 - acc: 0.5270
 430/3900 [==>...........................] - ETA: 3s - loss: 2.4755 - acc: 0.5233
 490/3900 [==>...........................] - ETA: 3s - loss: 2.4750 - acc: 0.5224
 550/3900 [===>..........................] - ETA: 3s - loss: 2.4736 - acc: 0.5218
 610/3900 [===>..........................] - ETA: 2s - loss: 2.4721 - acc: 0.5230
 670/3900 [====>.........................] - ETA: 2s - loss: 2.4718 - acc: 0.5119
 730/3900 [====>.........................] - ETA: 2s - loss: 2.4705 - acc: 0.5068
 790/3900 [=====>........................] - ETA: 2s - loss: 2.4689 - acc: 0.5139
 850/3900 [=====>........................] - ETA: 2s - loss: 2.4675 - acc: 0.5035
 910/3900 [======>.......................] - ETA: 2s - loss: 2.4665 - acc: 0.5022
 970/3900 [======>.......................] - ETA: 2s - loss: 2.4655 - acc: 0.4969
1030/3900 [======>.......................] - ETA: 2s - loss: 2.4642 - acc: 0.4903
1090/3900 [=======>......................] - ETA: 2s - loss: 2.4635 - acc: 0.4780
1150/3900 [=======>......................] - ETA: 2s - loss: 2.4623 - acc: 0.4713
1210/3900 [========>.....................] - ETA: 2s - loss: 2.4609 - acc: 0.4719
1270/3900 [========>.....................] - ETA: 2s - loss: 2.4595 - acc: 0.4693
1330/3900 [=========>....................] - ETA: 2s - loss: 2.4587 - acc: 0.4639
1390/3900 [=========>....................] - ETA: 2s - loss: 2.4583 - acc: 0.4554
1450/3900 [==========>...................] - ETA: 2s - loss: 2.4571 - acc: 0.4531
1510/3900 [==========>...................] - ETA: 2s - loss: 2.4563 - acc: 0.4503
1570/3900 [===========>..................] - ETA: 2s - loss: 2.4557 - acc: 0.4471
1630/3900 [===========>..................] - ETA: 2s - loss: 2.4543 - acc: 0.4485
1690/3900 [============>.................] - ETA: 2s - loss: 2.4531 - acc: 0.4479
1750/3900 [============>.................] - ETA: 1s - loss: 2.4513 - acc: 0.4497
1810/3900 [============>.................] - ETA: 1s - loss: 2.4500 - acc: 0.4470
1870/3900 [=============>................] - ETA: 1s - loss: 2.4492 - acc: 0.4460
1930/3900 [=============>................] - ETA: 1s - loss: 2.4477 - acc: 0.4482
1990/3900 [==============>...............] - ETA: 1s - loss: 2.4466 - acc: 0.4467
2050/3900 [==============>...............] - ETA: 1s - loss: 2.4449 - acc: 0.4483
2110/3900 [===============>..............] - ETA: 1s - loss: 2.4433 - acc: 0.4493
2170/3900 [===============>..............] - ETA: 1s - loss: 2.4418 - acc: 0.4470
2230/3900 [================>.............] - ETA: 1s - loss: 2.4401 - acc: 0.4484
2290/3900 [================>.............] - ETA: 1s - loss: 2.4384 - acc: 0.4485
2350/3900 [=================>............] - ETA: 1s - loss: 2.4367 - acc: 0.4498
2410/3900 [=================>............] - ETA: 1s - loss: 2.4351 - acc: 0.4502
2470/3900 [==================>...........] - ETA: 1s - loss: 2.4341 - acc: 0.4498
2530/3900 [==================>...........] - ETA: 1s - loss: 2.4323 - acc: 0.4534
2590/3900 [==================>...........] - ETA: 1s - loss: 2.4307 - acc: 0.4560
2650/3900 [===================>..........] - ETA: 1s - loss: 2.4292 - acc: 0.4577
2710/3900 [===================>..........] - ETA: 1s - loss: 2.4278 - acc: 0.4565
2770/3900 [====================>.........] - ETA: 1s - loss: 2.4266 - acc: 0.4560
2830/3900 [====================>.........] - ETA: 0s - loss: 2.4247 - acc: 0.4587
2890/3900 [=====================>........] - ETA: 0s - loss: 2.4237 - acc: 0.4571
2950/3900 [=====================>........] - ETA: 0s - loss: 2.4220 - acc: 0.4553
3010/3900 [======================>.......] - ETA: 0s - loss: 2.4201 - acc: 0.4591
3070/3900 [======================>.......] - ETA: 0s - loss: 2.4184 - acc: 0.4596
3120/3900 [=======================>......] - ETA: 0s - loss: 2.4171 - acc: 0.4593
3180/3900 [=======================>......] - ETA: 0s - loss: 2.4151 - acc: 0.4610
3240/3900 [=======================>......] - ETA: 0s - loss: 2.4133 - acc: 0.4642
3300/3900 [========================>.....] - ETA: 0s - loss: 2.4114 - acc: 0.4652
3360/3900 [========================>.....] - ETA: 0s - loss: 2.4093 - acc: 0.4655
3420/3900 [=========================>....] - ETA: 0s - loss: 2.4071 - acc: 0.4658
3480/3900 [=========================>....] - ETA: 0s - loss: 2.4048 - acc: 0.4664
3540/3900 [==========================>...] - ETA: 0s - loss: 2.4033 - acc: 0.4638
3600/3900 [==========================>...] - ETA: 0s - loss: 2.4008 - acc: 0.4636
3660/3900 [===========================>..] - ETA: 0s - loss: 2.3986 - acc: 0.4623
3720/3900 [===========================>..] - ETA: 0s - loss: 2.3971 - acc: 0.4616
3780/3900 [============================>.] - ETA: 0s - loss: 2.3952 - acc: 0.4614
3840/3900 [============================>.] - ETA: 0s - loss: 2.3928 - acc: 0.4625
3900/3900 [==============================] - 4s 913us/step - loss: 2.3906 - acc: 0.4628 - val_loss: 2.2739 - val_acc: 0.5253
Current time ....3.560
Train on 600 samples, validate on 86 samples
Epoch 1/1

 10/600 [..............................] - ETA: 0s - loss: 0.4522 - acc: 1.0000
 70/600 [==>...........................] - ETA: 0s - loss: 0.4726 - acc: 1.0000
130/600 [=====>........................] - ETA: 0s - loss: 0.4635 - acc: 0.9846
190/600 [========>.....................] - ETA: 0s - loss: 0.4434 - acc: 0.9842
250/600 [===========>..................] - ETA: 0s - loss: 0.4403 - acc: 0.9720
310/600 [==============>...............] - ETA: 0s - loss: 0.4391 - acc: 0.9645
370/600 [=================>............] - ETA: 0s - loss: 0.4322 - acc: 0.9676
430/600 [====================>.........] - ETA: 0s - loss: 0.4255 - acc: 0.9698
490/600 [=======================>......] - ETA: 0s - loss: 0.4166 - acc: 0.9714
550/600 [==========================>...] - ETA: 0s - loss: 0.4087 - acc: 0.9745
600/600 [==============================] - 1s 929us/step - loss: 0.4038 - acc: 0.9717 - val_loss: 0.4264 - val_acc: 0.8953
Current time ....0.558
Train on 1200 samples, validate on 68 samples
Epoch 1/1

  10/1200 [..............................] - ETA: 1s - loss: 0.9020 - acc: 0.6000
  70/1200 [>.............................] - ETA: 1s - loss: 0.9425 - acc: 0.6714
 130/1200 [==>...........................] - ETA: 0s - loss: 0.9281 - acc: 0.7000
 190/1200 [===>..........................] - ETA: 0s - loss: 0.9074 - acc: 0.7105
 250/1200 [=====>........................] - ETA: 0s - loss: 0.8778 - acc: 0.7320
 310/1200 [======>.......................] - ETA: 0s - loss: 0.8864 - acc: 0.7097
 370/1200 [========>.....................] - ETA: 0s - loss: 0.8811 - acc: 0.7027
 430/1200 [=========>....................] - ETA: 0s - loss: 0.8805 - acc: 0.6953
 490/1200 [===========>..................] - ETA: 0s - loss: 0.8810 - acc: 0.6959
 550/1200 [============>.................] - ETA: 0s - loss: 0.8769 - acc: 0.7055
 610/1200 [==============>...............] - ETA: 0s - loss: 0.8700 - acc: 0.7098
 670/1200 [===============>..............] - ETA: 0s - loss: 0.8633 - acc: 0.7090
 730/1200 [=================>............] - ETA: 0s - loss: 0.8611 - acc: 0.7082
 790/1200 [==================>...........] - ETA: 0s - loss: 0.8601 - acc: 0.7013
 850/1200 [====================>.........] - ETA: 0s - loss: 0.8516 - acc: 0.7024
 910/1200 [=====================>........] - ETA: 0s - loss: 0.8439 - acc: 0.7044
 970/1200 [=======================>......] - ETA: 0s - loss: 0.8465 - acc: 0.7031
1030/1200 [========================>.....] - ETA: 0s - loss: 0.8424 - acc: 0.7039
1090/1200 [==========================>...] - ETA: 0s - loss: 0.8353 - acc: 0.7101
1150/1200 [===========================>..] - ETA: 0s - loss: 0.8337 - acc: 0.7096
1200/1200 [==============================] - 1s 914us/step - loss: 0.8287 - acc: 0.7117 - val_loss: 1.0772 - val_acc: 0.4706
Current time ....1.097
Train on 3900 samples, validate on 99 samples
Epoch 1/1

  10/3900 [..............................] - ETA: 3s - loss: 2.2620 - acc: 0.5000
  70/3900 [..............................] - ETA: 3s - loss: 2.2270 - acc: 0.3857
 130/3900 [>.............................] - ETA: 3s - loss: 2.2434 - acc: 0.4077
 190/3900 [>.............................] - ETA: 3s - loss: 2.2414 - acc: 0.4053
 250/3900 [>.............................] - ETA: 3s - loss: 2.2380 - acc: 0.3880
 310/3900 [=>............................] - ETA: 3s - loss: 2.2338 - acc: 0.3903
 370/3900 [=>............................] - ETA: 3s - loss: 2.2292 - acc: 0.4054
 430/3900 [==>...........................] - ETA: 3s - loss: 2.2219 - acc: 0.4093
 490/3900 [==>...........................] - ETA: 3s - loss: 2.2263 - acc: 0.4184
 550/3900 [===>..........................] - ETA: 3s - loss: 2.2206 - acc: 0.4218
 610/3900 [===>..........................] - ETA: 2s - loss: 2.2169 - acc: 0.4246
 670/3900 [====>.........................] - ETA: 2s - loss: 2.2093 - acc: 0.4313
 730/3900 [====>.........................] - ETA: 2s - loss: 2.2023 - acc: 0.4274
 790/3900 [=====>........................] - ETA: 2s - loss: 2.1945 - acc: 0.4139
 850/3900 [=====>........................] - ETA: 2s - loss: 2.1931 - acc: 0.4082
 910/3900 [======>.......................] - ETA: 2s - loss: 2.1894 - acc: 0.4022
 970/3900 [======>.......................] - ETA: 2s - loss: 2.1844 - acc: 0.4021
1030/3900 [======>.......................] - ETA: 2s - loss: 2.1802 - acc: 0.4000
1090/3900 [=======>......................] - ETA: 2s - loss: 2.1776 - acc: 0.3982
1150/3900 [=======>......................] - ETA: 2s - loss: 2.1724 - acc: 0.4009
1210/3900 [========>.....................] - ETA: 2s - loss: 2.1697 - acc: 0.3975
1270/3900 [========>.....................] - ETA: 2s - loss: 2.1665 - acc: 0.3976
1330/3900 [=========>....................] - ETA: 2s - loss: 2.1630 - acc: 0.3992
1390/3900 [=========>....................] - ETA: 2s - loss: 2.1583 - acc: 0.4014
1450/3900 [==========>...................] - ETA: 2s - loss: 2.1556 - acc: 0.4034
1510/3900 [==========>...................] - ETA: 2s - loss: 2.1535 - acc: 0.4040
1570/3900 [===========>..................] - ETA: 2s - loss: 2.1505 - acc: 0.3987
1630/3900 [===========>..................] - ETA: 2s - loss: 2.1458 - acc: 0.4043
1690/3900 [============>.................] - ETA: 1s - loss: 2.1410 - acc: 0.4065
1750/3900 [============>.................] - ETA: 1s - loss: 2.1368 - acc: 0.4091
1810/3900 [============>.................] - ETA: 1s - loss: 2.1339 - acc: 0.4083
1870/3900 [=============>................] - ETA: 1s - loss: 2.1323 - acc: 0.4053
1930/3900 [=============>................] - ETA: 1s - loss: 2.1282 - acc: 0.4026
1990/3900 [==============>...............] - ETA: 1s - loss: 2.1246 - acc: 0.4040
2050/3900 [==============>...............] - ETA: 1s - loss: 2.1216 - acc: 0.4049
2110/3900 [===============>..............] - ETA: 1s - loss: 2.1183 - acc: 0.4062
2170/3900 [===============>..............] - ETA: 1s - loss: 2.1149 - acc: 0.4078
2230/3900 [================>.............] - ETA: 1s - loss: 2.1122 - acc: 0.4058
2290/3900 [================>.............] - ETA: 1s - loss: 2.1095 - acc: 0.4039
2350/3900 [=================>............] - ETA: 1s - loss: 2.1047 - acc: 0.4055
2410/3900 [=================>............] - ETA: 1s - loss: 2.1022 - acc: 0.4029
2470/3900 [==================>...........] - ETA: 1s - loss: 2.0995 - acc: 0.4036
2530/3900 [==================>...........] - ETA: 1s - loss: 2.0965 - acc: 0.4036
2590/3900 [==================>...........] - ETA: 1s - loss: 2.0925 - acc: 0.4027
2650/3900 [===================>..........] - ETA: 1s - loss: 2.0905 - acc: 0.3996
2710/3900 [===================>..........] - ETA: 1s - loss: 2.0868 - acc: 0.3982
2770/3900 [====================>.........] - ETA: 1s - loss: 2.0852 - acc: 0.3978
2830/3900 [====================>.........] - ETA: 0s - loss: 2.0819 - acc: 0.3989
2890/3900 [=====================>........] - ETA: 0s - loss: 2.0792 - acc: 0.4000
2950/3900 [=====================>........] - ETA: 0s - loss: 2.0752 - acc: 0.3997
3010/3900 [======================>.......] - ETA: 0s - loss: 2.0720 - acc: 0.4007
3070/3900 [======================>.......] - ETA: 0s - loss: 2.0681 - acc: 0.4016
3130/3900 [=======================>......] - ETA: 0s - loss: 2.0644 - acc: 0.4026
3190/3900 [=======================>......] - ETA: 0s - loss: 2.0625 - acc: 0.4006
3250/3900 [========================>.....] - ETA: 0s - loss: 2.0600 - acc: 0.4003
3310/3900 [========================>.....] - ETA: 0s - loss: 2.0578 - acc: 0.4006
3370/3900 [========================>.....] - ETA: 0s - loss: 2.0543 - acc: 0.4009
3430/3900 [=========================>....] - ETA: 0s - loss: 2.0519 - acc: 0.4023
3490/3900 [=========================>....] - ETA: 0s - loss: 2.0491 - acc: 0.4023
3550/3900 [==========================>...] - ETA: 0s - loss: 2.0462 - acc: 0.4045
3610/3900 [==========================>...] - ETA: 0s - loss: 2.0433 - acc: 0.4058
3670/3900 [===========================>..] - ETA: 0s - loss: 2.0406 - acc: 0.4071
3730/3900 [===========================>..] - ETA: 0s - loss: 2.0382 - acc: 0.4080
3790/3900 [============================>.] - ETA: 0s - loss: 2.0369 - acc: 0.4077
3850/3900 [============================>.] - ETA: 0s - loss: 2.0350 - acc: 0.4078
3900/3900 [==============================] - 4s 909us/step - loss: 2.0325 - acc: 0.4090 - val_loss: 1.9838 - val_acc: 0.2323
Current time ....3.545
Train on 600 samples, validate on 86 samples
Epoch 1/1

 10/600 [..............................] - ETA: 0s - loss: 0.3170 - acc: 0.9000
 70/600 [==>...........................] - ETA: 0s - loss: 0.3166 - acc: 0.9571
130/600 [=====>........................] - ETA: 0s - loss: 0.3078 - acc: 0.9692
190/600 [========>.....................] - ETA: 0s - loss: 0.3006 - acc: 0.9737
250/600 [===========>..................] - ETA: 0s - loss: 0.2927 - acc: 0.9760
310/600 [==============>...............] - ETA: 0s - loss: 0.2879 - acc: 0.9774
370/600 [=================>............] - ETA: 0s - loss: 0.2894 - acc: 0.9784
430/600 [====================>.........] - ETA: 0s - loss: 0.2806 - acc: 0.9814
490/600 [=======================>......] - ETA: 0s - loss: 0.2713 - acc: 0.9837
550/600 [==========================>...] - ETA: 0s - loss: 0.2634 - acc: 0.9855
600/600 [==============================] - 1s 928us/step - loss: 0.2592 - acc: 0.9867 - val_loss: 0.3815 - val_acc: 0.9302
Current time ....0.557
Train on 1200 samples, validate on 68 samples
Epoch 1/1

  10/1200 [..............................] - ETA: 1s - loss: 0.6011 - acc: 0.9000
  70/1200 [>.............................] - ETA: 1s - loss: 0.7634 - acc: 0.7429
 130/1200 [==>...........................] - ETA: 0s - loss: 0.7729 - acc: 0.7077
 190/1200 [===>..........................] - ETA: 0s - loss: 0.7463 - acc: 0.7474
 250/1200 [=====>........................] - ETA: 0s - loss: 0.7112 - acc: 0.7720
 310/1200 [======>.......................] - ETA: 0s - loss: 0.6955 - acc: 0.7742
 370/1200 [========>.....................] - ETA: 0s - loss: 0.6825 - acc: 0.7865
 430/1200 [=========>....................] - ETA: 0s - loss: 0.6820 - acc: 0.7837
 490/1200 [===========>..................] - ETA: 0s - loss: 0.6816 - acc: 0.7816
 550/1200 [============>.................] - ETA: 0s - loss: 0.6781 - acc: 0.7782
 610/1200 [==============>...............] - ETA: 0s - loss: 0.6669 - acc: 0.7820
 670/1200 [===============>..............] - ETA: 0s - loss: 0.6667 - acc: 0.7791
 730/1200 [=================>............] - ETA: 0s - loss: 0.6544 - acc: 0.7863
 790/1200 [==================>...........] - ETA: 0s - loss: 0.6441 - acc: 0.7861
 850/1200 [====================>.........] - ETA: 0s - loss: 0.6352 - acc: 0.7941
 910/1200 [=====================>........] - ETA: 0s - loss: 0.6325 - acc: 0.7923
 970/1200 [=======================>......] - ETA: 0s - loss: 0.6420 - acc: 0.7856
1030/1200 [========================>.....] - ETA: 0s - loss: 0.6318 - acc: 0.7913
1090/1200 [==========================>...] - ETA: 0s - loss: 0.6264 - acc: 0.7945
1150/1200 [===========================>..] - ETA: 0s - loss: 0.6227 - acc: 0.7957
1200/1200 [==============================] - 1s 912us/step - loss: 0.6198 - acc: 0.7975 - val_loss: 0.8038 - val_acc: 0.6176
Current time ....1.095
Train on 3900 samples, validate on 99 samples
Epoch 1/1

  10/3900 [..............................] - ETA: 3s - loss: 1.6830 - acc: 0.7000
  70/3900 [..............................] - ETA: 3s - loss: 1.8490 - acc: 0.4571
 130/3900 [>.............................] - ETA: 3s - loss: 1.8463 - acc: 0.4538
 190/3900 [>.............................] - ETA: 3s - loss: 1.8360 - acc: 0.4526
 250/3900 [>.............................] - ETA: 3s - loss: 1.8421 - acc: 0.4240
 310/3900 [=>............................] - ETA: 3s - loss: 1.8504 - acc: 0.4161
 370/3900 [=>............................] - ETA: 3s - loss: 1.8400 - acc: 0.4270
 430/3900 [==>...........................] - ETA: 3s - loss: 1.8360 - acc: 0.4140
 490/3900 [==>...........................] - ETA: 3s - loss: 1.8479 - acc: 0.4082
 550/3900 [===>..........................] - ETA: 3s - loss: 1.8472 - acc: 0.4091
 610/3900 [===>..........................] - ETA: 2s - loss: 1.8426 - acc: 0.4197
 670/3900 [====>.........................] - ETA: 2s - loss: 1.8462 - acc: 0.4179
 730/3900 [====>.........................] - ETA: 2s - loss: 1.8446 - acc: 0.4288
 790/3900 [=====>........................] - ETA: 2s - loss: 1.8406 - acc: 0.4342
 850/3900 [=====>........................] - ETA: 2s - loss: 1.8298 - acc: 0.4376
 910/3900 [======>.......................] - ETA: 2s - loss: 1.8329 - acc: 0.4341
 970/3900 [======>.......................] - ETA: 2s - loss: 1.8339 - acc: 0.4289
1030/3900 [======>.......................] - ETA: 2s - loss: 1.8282 - acc: 0.4369
1090/3900 [=======>......................] - ETA: 2s - loss: 1.8270 - acc: 0.4413
1150/3900 [=======>......................] - ETA: 2s - loss: 1.8270 - acc: 0.4435
1210/3900 [========>.....................] - ETA: 2s - loss: 1.8255 - acc: 0.4455
1270/3900 [========>.....................] - ETA: 2s - loss: 1.8251 - acc: 0.4394
1330/3900 [=========>....................] - ETA: 2s - loss: 1.8218 - acc: 0.4436
1390/3900 [=========>....................] - ETA: 2s - loss: 1.8206 - acc: 0.4453
1450/3900 [==========>...................] - ETA: 2s - loss: 1.8239 - acc: 0.4421
1510/3900 [==========>...................] - ETA: 2s - loss: 1.8204 - acc: 0.4411
1570/3900 [===========>..................] - ETA: 2s - loss: 1.8177 - acc: 0.4395
1630/3900 [===========>..................] - ETA: 2s - loss: 1.8157 - acc: 0.4417
1690/3900 [============>.................] - ETA: 1s - loss: 1.8164 - acc: 0.4408
1750/3900 [============>.................] - ETA: 1s - loss: 1.8163 - acc: 0.4389
1810/3900 [============>.................] - ETA: 1s - loss: 1.8141 - acc: 0.4409
1870/3900 [=============>................] - ETA: 1s - loss: 1.8127 - acc: 0.4406
1930/3900 [=============>................] - ETA: 1s - loss: 1.8124 - acc: 0.4420
1990/3900 [==============>...............] - ETA: 1s - loss: 1.8092 - acc: 0.4437
2050/3900 [==============>...............] - ETA: 1s - loss: 1.8086 - acc: 0.4405
2110/3900 [===============>..............] - ETA: 1s - loss: 1.8075 - acc: 0.4422
2170/3900 [===============>..............] - ETA: 1s - loss: 1.8075 - acc: 0.4419
2230/3900 [================>.............] - ETA: 1s - loss: 1.8064 - acc: 0.4417
2290/3900 [================>.............] - ETA: 1s - loss: 1.8047 - acc: 0.4419
2350/3900 [=================>............] - ETA: 1s - loss: 1.8029 - acc: 0.4417
2410/3900 [=================>............] - ETA: 1s - loss: 1.8003 - acc: 0.4432
2470/3900 [==================>...........] - ETA: 1s - loss: 1.7989 - acc: 0.4429
2530/3900 [==================>...........] - ETA: 1s - loss: 1.7966 - acc: 0.4435
2590/3900 [==================>...........] - ETA: 1s - loss: 1.7957 - acc: 0.4436
2650/3900 [===================>..........] - ETA: 1s - loss: 1.7944 - acc: 0.4442
2710/3900 [===================>..........] - ETA: 1s - loss: 1.7929 - acc: 0.4432
2770/3900 [====================>.........] - ETA: 1s - loss: 1.7903 - acc: 0.4422
2830/3900 [====================>.........] - ETA: 0s - loss: 1.7901 - acc: 0.4399
2890/3900 [=====================>........] - ETA: 0s - loss: 1.7881 - acc: 0.4398
2950/3900 [=====================>........] - ETA: 0s - loss: 1.7858 - acc: 0.4400
3010/3900 [======================>.......] - ETA: 0s - loss: 1.7852 - acc: 0.4385
3070/3900 [======================>.......] - ETA: 0s - loss: 1.7852 - acc: 0.4375
3130/3900 [=======================>......] - ETA: 0s - loss: 1.7859 - acc: 0.4367
3190/3900 [=======================>......] - ETA: 0s - loss: 1.7845 - acc: 0.4361
3250/3900 [========================>.....] - ETA: 0s - loss: 1.7824 - acc: 0.4372
3310/3900 [========================>.....] - ETA: 0s - loss: 1.7826 - acc: 0.4363
3370/3900 [========================>.....] - ETA: 0s - loss: 1.7806 - acc: 0.4380
3430/3900 [=========================>....] - ETA: 0s - loss: 1.7785 - acc: 0.4373
3490/3900 [=========================>....] - ETA: 0s - loss: 1.7774 - acc: 0.4358
3550/3900 [==========================>...] - ETA: 0s - loss: 1.7765 - acc: 0.4358
3610/3900 [==========================>...] - ETA: 0s - loss: 1.7750 - acc: 0.4352
3670/3900 [===========================>..] - ETA: 0s - loss: 1.7744 - acc: 0.4349
3730/3900 [===========================>..] - ETA: 0s - loss: 1.7729 - acc: 0.4351
3790/3900 [============================>.] - ETA: 0s - loss: 1.7720 - acc: 0.4335
3850/3900 [============================>.] - ETA: 0s - loss: 1.7703 - acc: 0.4343
3900/3900 [==============================] - 4s 908us/step - loss: 1.7685 - acc: 0.4346 - val_loss: 1.8090 - val_acc: 0.4242
Current time ....3.541
Train on 600 samples, validate on 86 samples
Epoch 1/1

 10/600 [..............................] - ETA: 0s - loss: 0.2092 - acc: 1.0000
 70/600 [==>...........................] - ETA: 0s - loss: 0.1575 - acc: 0.9857
130/600 [=====>........................] - ETA: 0s - loss: 0.1804 - acc: 0.9923
190/600 [========>.....................] - ETA: 0s - loss: 0.1758 - acc: 0.9947
250/600 [===========>..................] - ETA: 0s - loss: 0.1727 - acc: 0.9960
310/600 [==============>...............] - ETA: 0s - loss: 0.1727 - acc: 0.9935
370/600 [=================>............] - ETA: 0s - loss: 0.1687 - acc: 0.9919
430/600 [====================>.........] - ETA: 0s - loss: 0.1711 - acc: 0.9884
490/600 [=======================>......] - ETA: 0s - loss: 0.1728 - acc: 0.9857
550/600 [==========================>...] - ETA: 0s - loss: 0.1672 - acc: 0.9855
600/600 [==============================] - 1s 932us/step - loss: 0.1651 - acc: 0.9833 - val_loss: 0.3941 - val_acc: 0.9302
Current time ....0.559
Train on 1200 samples, validate on 68 samples
Epoch 1/1

  10/1200 [..............................] - ETA: 1s - loss: 0.6067 - acc: 0.9000
  70/1200 [>.............................] - ETA: 1s - loss: 0.5383 - acc: 0.8429
 130/1200 [==>...........................] - ETA: 0s - loss: 0.5342 - acc: 0.8385
 190/1200 [===>..........................] - ETA: 0s - loss: 0.4966 - acc: 0.8474
 240/1200 [=====>........................] - ETA: 0s - loss: 0.4960 - acc: 0.8417
 300/1200 [======>.......................] - ETA: 0s - loss: 0.4745 - acc: 0.8567
 360/1200 [========>.....................] - ETA: 0s - loss: 0.4708 - acc: 0.8556
 420/1200 [=========>....................] - ETA: 0s - loss: 0.4736 - acc: 0.8571
 480/1200 [===========>..................] - ETA: 0s - loss: 0.4828 - acc: 0.8583
 540/1200 [============>.................] - ETA: 0s - loss: 0.4720 - acc: 0.8685
 600/1200 [==============>...............] - ETA: 0s - loss: 0.4700 - acc: 0.8767
 660/1200 [===============>..............] - ETA: 0s - loss: 0.4714 - acc: 0.8803
 720/1200 [=================>............] - ETA: 0s - loss: 0.4646 - acc: 0.8819
 780/1200 [==================>...........] - ETA: 0s - loss: 0.4592 - acc: 0.8846
 840/1200 [====================>.........] - ETA: 0s - loss: 0.4559 - acc: 0.8845
 900/1200 [=====================>........] - ETA: 0s - loss: 0.4504 - acc: 0.8889
 960/1200 [=======================>......] - ETA: 0s - loss: 0.4444 - acc: 0.8906
1020/1200 [========================>.....] - ETA: 0s - loss: 0.4395 - acc: 0.8922
1080/1200 [==========================>...] - ETA: 0s - loss: 0.4388 - acc: 0.8907
1140/1200 [===========================>..] - ETA: 0s - loss: 0.4399 - acc: 0.8886
1200/1200 [==============================] - 1s 916us/step - loss: 0.4367 - acc: 0.8892 - val_loss: 0.8525 - val_acc: 0.6029
Current time ....1.099
Train on 3900 samples, validate on 99 samples
Epoch 1/1

  10/3900 [..............................] - ETA: 3s - loss: 1.6079 - acc: 0.5000
  70/3900 [..............................] - ETA: 3s - loss: 1.6941 - acc: 0.4286
 130/3900 [>.............................] - ETA: 3s - loss: 1.6634 - acc: 0.4308
 190/3900 [>.............................] - ETA: 3s - loss: 1.6596 - acc: 0.4632
 250/3900 [>.............................] - ETA: 3s - loss: 1.6513 - acc: 0.4720
 310/3900 [=>............................] - ETA: 3s - loss: 1.6549 - acc: 0.4484
 370/3900 [=>............................] - ETA: 3s - loss: 1.6440 - acc: 0.4459
 430/3900 [==>...........................] - ETA: 3s - loss: 1.6455 - acc: 0.4349
 490/3900 [==>...........................] - ETA: 3s - loss: 1.6390 - acc: 0.4469
 550/3900 [===>..........................] - ETA: 3s - loss: 1.6476 - acc: 0.4436
 610/3900 [===>..........................] - ETA: 2s - loss: 1.6501 - acc: 0.4492
 670/3900 [====>.........................] - ETA: 2s - loss: 1.6515 - acc: 0.4478
 730/3900 [====>.........................] - ETA: 2s - loss: 1.6546 - acc: 0.4411
 790/3900 [=====>........................] - ETA: 2s - loss: 1.6550 - acc: 0.4418
 850/3900 [=====>........................] - ETA: 2s - loss: 1.6518 - acc: 0.4388
 910/3900 [======>.......................] - ETA: 2s - loss: 1.6573 - acc: 0.4308
 970/3900 [======>.......................] - ETA: 2s - loss: 1.6556 - acc: 0.4320
1030/3900 [======>.......................] - ETA: 2s - loss: 1.6497 - acc: 0.4330
1090/3900 [=======>......................] - ETA: 2s - loss: 1.6445 - acc: 0.4404
1150/3900 [=======>......................] - ETA: 2s - loss: 1.6417 - acc: 0.4391
1210/3900 [========>.....................] - ETA: 2s - loss: 1.6421 - acc: 0.4405
1270/3900 [========>.....................] - ETA: 2s - loss: 1.6448 - acc: 0.4417
1330/3900 [=========>....................] - ETA: 2s - loss: 1.6415 - acc: 0.4466
1390/3900 [=========>....................] - ETA: 2s - loss: 1.6390 - acc: 0.4489
1450/3900 [==========>...................] - ETA: 2s - loss: 1.6369 - acc: 0.4510
1510/3900 [==========>...................] - ETA: 2s - loss: 1.6381 - acc: 0.4517
1570/3900 [===========>..................] - ETA: 2s - loss: 1.6332 - acc: 0.4580
1630/3900 [===========>..................] - ETA: 2s - loss: 1.6325 - acc: 0.4595
1690/3900 [============>.................] - ETA: 1s - loss: 1.6338 - acc: 0.4580
1750/3900 [============>.................] - ETA: 1s - loss: 1.6350 - acc: 0.4577
1810/3900 [============>.................] - ETA: 1s - loss: 1.6333 - acc: 0.4597
1870/3900 [=============>................] - ETA: 1s - loss: 1.6341 - acc: 0.4594
1930/3900 [=============>................] - ETA: 1s - loss: 1.6311 - acc: 0.4622
1990/3900 [==============>...............] - ETA: 1s - loss: 1.6307 - acc: 0.4608
2050/3900 [==============>...............] - ETA: 1s - loss: 1.6286 - acc: 0.4610
2110/3900 [===============>..............] - ETA: 1s - loss: 1.6267 - acc: 0.4611
2170/3900 [===============>..............] - ETA: 1s - loss: 1.6221 - acc: 0.4673
2230/3900 [================>.............] - ETA: 1s - loss: 1.6225 - acc: 0.4664
2290/3900 [================>.............] - ETA: 1s - loss: 1.6212 - acc: 0.4651
2350/3900 [=================>............] - ETA: 1s - loss: 1.6213 - acc: 0.4655
2410/3900 [=================>............] - ETA: 1s - loss: 1.6186 - acc: 0.4693
2470/3900 [==================>...........] - ETA: 1s - loss: 1.6148 - acc: 0.4729
2530/3900 [==================>...........] - ETA: 1s - loss: 1.6140 - acc: 0.4719
2590/3900 [==================>...........] - ETA: 1s - loss: 1.6120 - acc: 0.4726
2650/3900 [===================>..........] - ETA: 1s - loss: 1.6088 - acc: 0.4758
2710/3900 [===================>..........] - ETA: 1s - loss: 1.6057 - acc: 0.4797
2770/3900 [====================>.........] - ETA: 1s - loss: 1.6052 - acc: 0.4791
2830/3900 [====================>.........] - ETA: 0s - loss: 1.6023 - acc: 0.4806
2890/3900 [=====================>........] - ETA: 0s - loss: 1.5994 - acc: 0.4824
2950/3900 [=====================>........] - ETA: 0s - loss: 1.5955 - acc: 0.4837
3010/3900 [======================>.......] - ETA: 0s - loss: 1.5957 - acc: 0.4821
3070/3900 [======================>.......] - ETA: 0s - loss: 1.5940 - acc: 0.4824
3130/3900 [=======================>......] - ETA: 0s - loss: 1.5924 - acc: 0.4831
3190/3900 [=======================>......] - ETA: 0s - loss: 1.5918 - acc: 0.4840
3250/3900 [========================>.....] - ETA: 0s - loss: 1.5894 - acc: 0.4852
3310/3900 [========================>.....] - ETA: 0s - loss: 1.5879 - acc: 0.4855
3370/3900 [========================>.....] - ETA: 0s - loss: 1.5875 - acc: 0.4875
3430/3900 [=========================>....] - ETA: 0s - loss: 1.5865 - acc: 0.4886
3490/3900 [=========================>....] - ETA: 0s - loss: 1.5837 - acc: 0.4900
3550/3900 [==========================>...] - ETA: 0s - loss: 1.5804 - acc: 0.4921
3610/3900 [==========================>...] - ETA: 0s - loss: 1.5777 - acc: 0.4922
3670/3900 [===========================>..] - ETA: 0s - loss: 1.5751 - acc: 0.4926
3730/3900 [===========================>..] - ETA: 0s - loss: 1.5740 - acc: 0.4922
3790/3900 [============================>.] - ETA: 0s - loss: 1.5723 - acc: 0.4937
3850/3900 [============================>.] - ETA: 0s - loss: 1.5709 - acc: 0.4945
3900/3900 [==============================] - 4s 902us/step - loss: 1.5687 - acc: 0.4959 - val_loss: 1.7940 - val_acc: 0.3232
Current time ....3.519
Train on 600 samples, validate on 86 samples
Epoch 1/1

 10/600 [..............................] - ETA: 0s - loss: 0.0834 - acc: 1.0000
 70/600 [==>...........................] - ETA: 0s - loss: 0.1063 - acc: 1.0000
130/600 [=====>........................] - ETA: 0s - loss: 0.1286 - acc: 0.9846
190/600 [========>.....................] - ETA: 0s - loss: 0.1239 - acc: 0.9842
250/600 [===========>..................] - ETA: 0s - loss: 0.1219 - acc: 0.9840
310/600 [==============>...............] - ETA: 0s - loss: 0.1305 - acc: 0.9774
370/600 [=================>............] - ETA: 0s - loss: 0.1268 - acc: 0.9784
430/600 [====================>.........] - ETA: 0s - loss: 0.1207 - acc: 0.9814
490/600 [=======================>......] - ETA: 0s - loss: 0.1164 - acc: 0.9837
550/600 [==========================>...] - ETA: 0s - loss: 0.1130 - acc: 0.9855
600/600 [==============================] - 1s 929us/step - loss: 0.1163 - acc: 0.9833 - val_loss: 0.4319 - val_acc: 0.9186
Current time ....0.557
Train on 1200 samples, validate on 68 samples
Epoch 1/1

  10/1200 [..............................] - ETA: 1s - loss: 0.3946 - acc: 0.8000
  70/1200 [>.............................] - ETA: 0s - loss: 0.3314 - acc: 0.8714
 130/1200 [==>...........................] - ETA: 0s - loss: 0.3683 - acc: 0.8615
 190/1200 [===>..........................] - ETA: 0s - loss: 0.3438 - acc: 0.8789
 250/1200 [=====>........................] - ETA: 0s - loss: 0.3450 - acc: 0.8840
 310/1200 [======>.......................] - ETA: 0s - loss: 0.3432 - acc: 0.8903
 370/1200 [========>.....................] - ETA: 0s - loss: 0.3421 - acc: 0.8946
 430/1200 [=========>....................] - ETA: 0s - loss: 0.3443 - acc: 0.9000
 490/1200 [===========>..................] - ETA: 0s - loss: 0.3451 - acc: 0.9041
 550/1200 [============>.................] - ETA: 0s - loss: 0.3360 - acc: 0.9109
 610/1200 [==============>...............] - ETA: 0s - loss: 0.3417 - acc: 0.9066
 670/1200 [===============>..............] - ETA: 0s - loss: 0.3364 - acc: 0.9075
 730/1200 [=================>............] - ETA: 0s - loss: 0.3401 - acc: 0.9055
 790/1200 [==================>...........] - ETA: 0s - loss: 0.3322 - acc: 0.9114
 850/1200 [====================>.........] - ETA: 0s - loss: 0.3301 - acc: 0.9153
 910/1200 [=====================>........] - ETA: 0s - loss: 0.3237 - acc: 0.9209
 970/1200 [=======================>......] - ETA: 0s - loss: 0.3203 - acc: 0.9227
1030/1200 [========================>.....] - ETA: 0s - loss: 0.3171 - acc: 0.9243
1090/1200 [==========================>...] - ETA: 0s - loss: 0.3150 - acc: 0.9239
1150/1200 [===========================>..] - ETA: 0s - loss: 0.3132 - acc: 0.9243
1200/1200 [==============================] - 1s 906us/step - loss: 0.3101 - acc: 0.9250 - val_loss: 0.7361 - val_acc: 0.6471
Current time ....1.088
Train on 3900 samples, validate on 99 samples
Epoch 1/1

  10/3900 [..............................] - ETA: 3s - loss: 1.6019 - acc: 0.5000
  60/3900 [..............................] - ETA: 3s - loss: 1.4577 - acc: 0.4833
 120/3900 [..............................] - ETA: 3s - loss: 1.3930 - acc: 0.5667
 180/3900 [>.............................] - ETA: 3s - loss: 1.4047 - acc: 0.5889
 240/3900 [>.............................] - ETA: 3s - loss: 1.4121 - acc: 0.5750
 300/3900 [=>............................] - ETA: 3s - loss: 1.4312 - acc: 0.5733
 360/3900 [=>............................] - ETA: 3s - loss: 1.4159 - acc: 0.5833
 420/3900 [==>...........................] - ETA: 3s - loss: 1.4209 - acc: 0.5833
 480/3900 [==>...........................] - ETA: 3s - loss: 1.4159 - acc: 0.5833
 540/3900 [===>..........................] - ETA: 3s - loss: 1.4102 - acc: 0.5870
 600/3900 [===>..........................] - ETA: 3s - loss: 1.4105 - acc: 0.5883
 660/3900 [====>.........................] - ETA: 2s - loss: 1.4214 - acc: 0.5742
 720/3900 [====>.........................] - ETA: 2s - loss: 1.4200 - acc: 0.5694
 780/3900 [=====>........................] - ETA: 2s - loss: 1.4238 - acc: 0.5628
 840/3900 [=====>........................] - ETA: 2s - loss: 1.4257 - acc: 0.5583
 900/3900 [=====>........................] - ETA: 2s - loss: 1.4197 - acc: 0.5656
 960/3900 [======>.......................] - ETA: 2s - loss: 1.4124 - acc: 0.5708
1020/3900 [======>.......................] - ETA: 2s - loss: 1.4089 - acc: 0.5725
1080/3900 [=======>......................] - ETA: 2s - loss: 1.4071 - acc: 0.5704
1140/3900 [=======>......................] - ETA: 2s - loss: 1.4048 - acc: 0.5684
1200/3900 [========>.....................] - ETA: 2s - loss: 1.4021 - acc: 0.5700
1260/3900 [========>.....................] - ETA: 2s - loss: 1.4055 - acc: 0.5706
1320/3900 [=========>....................] - ETA: 2s - loss: 1.4054 - acc: 0.5674
1380/3900 [=========>....................] - ETA: 2s - loss: 1.4030 - acc: 0.5703
1440/3900 [==========>...................] - ETA: 2s - loss: 1.3944 - acc: 0.5708
1490/3900 [==========>...................] - ETA: 2s - loss: 1.3910 - acc: 0.5732
1550/3900 [==========>...................] - ETA: 2s - loss: 1.3874 - acc: 0.5748
1610/3900 [===========>..................] - ETA: 2s - loss: 1.3852 - acc: 0.5745
1670/3900 [===========>..................] - ETA: 2s - loss: 1.3853 - acc: 0.5749
1730/3900 [============>.................] - ETA: 1s - loss: 1.3829 - acc: 0.5751
1790/3900 [============>.................] - ETA: 1s - loss: 1.3805 - acc: 0.5749
1850/3900 [=============>................] - ETA: 1s - loss: 1.3817 - acc: 0.5768
1910/3900 [=============>................] - ETA: 1s - loss: 1.3822 - acc: 0.5764
1970/3900 [==============>...............] - ETA: 1s - loss: 1.3806 - acc: 0.5766
2030/3900 [==============>...............] - ETA: 1s - loss: 1.3771 - acc: 0.5798
2090/3900 [===============>..............] - ETA: 1s - loss: 1.3783 - acc: 0.5789
2150/3900 [===============>..............] - ETA: 1s - loss: 1.3781 - acc: 0.5777
2210/3900 [================>.............] - ETA: 1s - loss: 1.3758 - acc: 0.5765
2270/3900 [================>.............] - ETA: 1s - loss: 1.3755 - acc: 0.5784
2330/3900 [================>.............] - ETA: 1s - loss: 1.3728 - acc: 0.5794
2390/3900 [=================>............] - ETA: 1s - loss: 1.3688 - acc: 0.5795
2450/3900 [=================>............] - ETA: 1s - loss: 1.3701 - acc: 0.5796
2510/3900 [==================>...........] - ETA: 1s - loss: 1.3723 - acc: 0.5777
2570/3900 [==================>...........] - ETA: 1s - loss: 1.3705 - acc: 0.5786
2630/3900 [===================>..........] - ETA: 1s - loss: 1.3710 - acc: 0.5787
2690/3900 [===================>..........] - ETA: 1s - loss: 1.3687 - acc: 0.5781
2750/3900 [====================>.........] - ETA: 1s - loss: 1.3687 - acc: 0.5785
2810/3900 [====================>.........] - ETA: 0s - loss: 1.3669 - acc: 0.5786
2870/3900 [=====================>........] - ETA: 0s - loss: 1.3656 - acc: 0.5798
2930/3900 [=====================>........] - ETA: 0s - loss: 1.3645 - acc: 0.5802
2990/3900 [======================>.......] - ETA: 0s - loss: 1.3641 - acc: 0.5796
3050/3900 [======================>.......] - ETA: 0s - loss: 1.3614 - acc: 0.5813
3110/3900 [======================>.......] - ETA: 0s - loss: 1.3620 - acc: 0.5807
3170/3900 [=======================>......] - ETA: 0s - loss: 1.3619 - acc: 0.5804
3230/3900 [=======================>......] - ETA: 0s - loss: 1.3599 - acc: 0.5814
3290/3900 [========================>.....] - ETA: 0s - loss: 1.3603 - acc: 0.5812
3350/3900 [========================>.....] - ETA: 0s - loss: 1.3596 - acc: 0.5818
3410/3900 [=========================>....] - ETA: 0s - loss: 1.3586 - acc: 0.5830
3470/3900 [=========================>....] - ETA: 0s - loss: 1.3550 - acc: 0.5839
3530/3900 [==========================>...] - ETA: 0s - loss: 1.3542 - acc: 0.5844
3590/3900 [==========================>...] - ETA: 0s - loss: 1.3513 - acc: 0.5855
3650/3900 [===========================>..] - ETA: 0s - loss: 1.3487 - acc: 0.5871
3710/3900 [===========================>..] - ETA: 0s - loss: 1.3472 - acc: 0.5879
3770/3900 [============================>.] - ETA: 0s - loss: 1.3439 - acc: 0.5894
3830/3900 [============================>.] - ETA: 0s - loss: 1.3391 - acc: 0.5914
3890/3900 [============================>.] - ETA: 0s - loss: 1.3374 - acc: 0.5928
3900/3900 [==============================] - 4s 909us/step - loss: 1.3379 - acc: 0.5926 - val_loss: 1.5691 - val_acc: 0.4848
Current time ....3.547
Train on 600 samples, validate on 86 samples
Epoch 1/1

 10/600 [..............................] - ETA: 0s - loss: 0.1088 - acc: 1.0000
 70/600 [==>...........................] - ETA: 0s - loss: 0.0787 - acc: 1.0000
130/600 [=====>........................] - ETA: 0s - loss: 0.0840 - acc: 1.0000
190/600 [========>.....................] - ETA: 0s - loss: 0.0762 - acc: 1.0000
250/600 [===========>..................] - ETA: 0s - loss: 0.0815 - acc: 1.0000
310/600 [==============>...............] - ETA: 0s - loss: 0.0787 - acc: 0.9968
370/600 [=================>............] - ETA: 0s - loss: 0.0811 - acc: 0.9946
430/600 [====================>.........] - ETA: 0s - loss: 0.0846 - acc: 0.9907
490/600 [=======================>......] - ETA: 0s - loss: 0.0844 - acc: 0.9898
550/600 [==========================>...] - ETA: 0s - loss: 0.0828 - acc: 0.9891
600/600 [==============================] - 1s 922us/step - loss: 0.0808 - acc: 0.9883 - val_loss: 0.3752 - val_acc: 0.9070
Current time ....0.554
Train on 1200 samples, validate on 68 samples
Epoch 1/1

  10/1200 [..............................] - ETA: 1s - loss: 0.3606 - acc: 0.9000
  70/1200 [>.............................] - ETA: 1s - loss: 0.2342 - acc: 0.9571
 130/1200 [==>...........................] - ETA: 0s - loss: 0.2535 - acc: 0.9538
 190/1200 [===>..........................] - ETA: 0s - loss: 0.2527 - acc: 0.9579
 250/1200 [=====>........................] - ETA: 0s - loss: 0.2662 - acc: 0.9400
 310/1200 [======>.......................] - ETA: 0s - loss: 0.2451 - acc: 0.9516
 370/1200 [========>.....................] - ETA: 0s - loss: 0.2625 - acc: 0.9432
 430/1200 [=========>....................] - ETA: 0s - loss: 0.2615 - acc: 0.9395
 490/1200 [===========>..................] - ETA: 0s - loss: 0.2596 - acc: 0.9408
 550/1200 [============>.................] - ETA: 0s - loss: 0.2633 - acc: 0.9382
 610/1200 [==============>...............] - ETA: 0s - loss: 0.2582 - acc: 0.9443
 670/1200 [===============>..............] - ETA: 0s - loss: 0.2550 - acc: 0.9448
 730/1200 [=================>............] - ETA: 0s - loss: 0.2506 - acc: 0.9493
 790/1200 [==================>...........] - ETA: 0s - loss: 0.2472 - acc: 0.9506
 850/1200 [====================>.........] - ETA: 0s - loss: 0.2476 - acc: 0.9459
 910/1200 [=====================>........] - ETA: 0s - loss: 0.2420 - acc: 0.9484
 970/1200 [=======================>......] - ETA: 0s - loss: 0.2413 - acc: 0.9464
1030/1200 [========================>.....] - ETA: 0s - loss: 0.2361 - acc: 0.9495
1090/1200 [==========================>...] - ETA: 0s - loss: 0.2307 - acc: 0.9514
1150/1200 [===========================>..] - ETA: 0s - loss: 0.2291 - acc: 0.9530
1200/1200 [==============================] - 1s 910us/step - loss: 0.2247 - acc: 0.9550 - val_loss: 0.8185 - val_acc: 0.6912
Current time ....1.092
Train on 3900 samples, validate on 99 samples
Epoch 1/1

  10/3900 [..............................] - ETA: 3s - loss: 1.0773 - acc: 0.8000
  70/3900 [..............................] - ETA: 3s - loss: 1.2229 - acc: 0.6857
 130/3900 [>.............................] - ETA: 3s - loss: 1.2649 - acc: 0.6077
 190/3900 [>.............................] - ETA: 3s - loss: 1.2205 - acc: 0.6316
 250/3900 [>.............................] - ETA: 3s - loss: 1.2275 - acc: 0.6320
 310/3900 [=>............................] - ETA: 3s - loss: 1.2309 - acc: 0.6226
 370/3900 [=>............................] - ETA: 3s - loss: 1.2482 - acc: 0.6135
 430/3900 [==>...........................] - ETA: 3s - loss: 1.2197 - acc: 0.6279
 490/3900 [==>...........................] - ETA: 3s - loss: 1.2178 - acc: 0.6327
 550/3900 [===>..........................] - ETA: 3s - loss: 1.2125 - acc: 0.6327
 610/3900 [===>..........................] - ETA: 2s - loss: 1.2145 - acc: 0.6230
 670/3900 [====>.........................] - ETA: 2s - loss: 1.2133 - acc: 0.6269
 730/3900 [====>.........................] - ETA: 2s - loss: 1.2040 - acc: 0.6247
 790/3900 [=====>........................] - ETA: 2s - loss: 1.1980 - acc: 0.6316
 850/3900 [=====>........................] - ETA: 2s - loss: 1.1951 - acc: 0.6306
 910/3900 [======>.......................] - ETA: 2s - loss: 1.1923 - acc: 0.6308
 970/3900 [======>.......................] - ETA: 2s - loss: 1.1752 - acc: 0.6371
1030/3900 [======>.......................] - ETA: 2s - loss: 1.1690 - acc: 0.6398
1090/3900 [=======>......................] - ETA: 2s - loss: 1.1687 - acc: 0.6404
1150/3900 [=======>......................] - ETA: 2s - loss: 1.1717 - acc: 0.6409
1210/3900 [========>.....................] - ETA: 2s - loss: 1.1679 - acc: 0.6430
1270/3900 [========>.....................] - ETA: 2s - loss: 1.1642 - acc: 0.6449
1330/3900 [=========>....................] - ETA: 2s - loss: 1.1619 - acc: 0.6444
1390/3900 [=========>....................] - ETA: 2s - loss: 1.1604 - acc: 0.6468
1450/3900 [==========>...................] - ETA: 2s - loss: 1.1668 - acc: 0.6421
1510/3900 [==========>...................] - ETA: 2s - loss: 1.1648 - acc: 0.6424
1570/3900 [===========>..................] - ETA: 2s - loss: 1.1614 - acc: 0.6433
1630/3900 [===========>..................] - ETA: 2s - loss: 1.1596 - acc: 0.6466
1690/3900 [============>.................] - ETA: 1s - loss: 1.1638 - acc: 0.6444
1750/3900 [============>.................] - ETA: 1s - loss: 1.1613 - acc: 0.6451
1810/3900 [============>.................] - ETA: 1s - loss: 1.1618 - acc: 0.6436
1870/3900 [=============>................] - ETA: 1s - loss: 1.1584 - acc: 0.6439
1930/3900 [=============>................] - ETA: 1s - loss: 1.1573 - acc: 0.6446
1990/3900 [==============>...............] - ETA: 1s - loss: 1.1530 - acc: 0.6482
2050/3900 [==============>...............] - ETA: 1s - loss: 1.1507 - acc: 0.6483
2110/3900 [===============>..............] - ETA: 1s - loss: 1.1460 - acc: 0.6507
2170/3900 [===============>..............] - ETA: 1s - loss: 1.1473 - acc: 0.6498
2230/3900 [================>.............] - ETA: 1s - loss: 1.1445 - acc: 0.6484
2290/3900 [================>.............] - ETA: 1s - loss: 1.1438 - acc: 0.6493
2350/3900 [=================>............] - ETA: 1s - loss: 1.1412 - acc: 0.6494
2410/3900 [=================>............] - ETA: 1s - loss: 1.1386 - acc: 0.6498
2470/3900 [==================>...........] - ETA: 1s - loss: 1.1397 - acc: 0.6490
2530/3900 [==================>...........] - ETA: 1s - loss: 1.1385 - acc: 0.6490
2590/3900 [==================>...........] - ETA: 1s - loss: 1.1375 - acc: 0.6506
2650/3900 [===================>..........] - ETA: 1s - loss: 1.1346 - acc: 0.6506
2710/3900 [===================>..........] - ETA: 1s - loss: 1.1363 - acc: 0.6517
2770/3900 [====================>.........] - ETA: 1s - loss: 1.1308 - acc: 0.6534
2830/3900 [====================>.........] - ETA: 0s - loss: 1.1315 - acc: 0.6527
2890/3900 [=====================>........] - ETA: 0s - loss: 1.1300 - acc: 0.6533
2950/3900 [=====================>........] - ETA: 0s - loss: 1.1281 - acc: 0.6542
3010/3900 [======================>.......] - ETA: 0s - loss: 1.1270 - acc: 0.6535
3070/3900 [======================>.......] - ETA: 0s - loss: 1.1256 - acc: 0.6541
3130/3900 [=======================>......] - ETA: 0s - loss: 1.1219 - acc: 0.6559
3190/3900 [=======================>......] - ETA: 0s - loss: 1.1198 - acc: 0.6561
3250/3900 [========================>.....] - ETA: 0s - loss: 1.1189 - acc: 0.6560
3310/3900 [========================>.....] - ETA: 0s - loss: 1.1186 - acc: 0.6556
3370/3900 [========================>.....] - ETA: 0s - loss: 1.1189 - acc: 0.6567
3430/3900 [=========================>....] - ETA: 0s - loss: 1.1167 - acc: 0.6577
3490/3900 [=========================>....] - ETA: 0s - loss: 1.1149 - acc: 0.6585
3550/3900 [==========================>...] - ETA: 0s - loss: 1.1115 - acc: 0.6597
3610/3900 [==========================>...] - ETA: 0s - loss: 1.1119 - acc: 0.6607
3670/3900 [===========================>..] - ETA: 0s - loss: 1.1110 - acc: 0.6616
3730/3900 [===========================>..] - ETA: 0s - loss: 1.1096 - acc: 0.6614
3790/3900 [============================>.] - ETA: 0s - loss: 1.1063 - acc: 0.6617
3850/3900 [============================>.] - ETA: 0s - loss: 1.1044 - acc: 0.6616
3900/3900 [==============================] - 4s 905us/step - loss: 1.1025 - acc: 0.6613 - val_loss: 1.5563 - val_acc: 0.4444
Current time ....3.532
Train on 600 samples, validate on 86 samples
Epoch 1/1

 10/600 [..............................] - ETA: 0s - loss: 0.0177 - acc: 1.0000
 70/600 [==>...........................] - ETA: 0s - loss: 0.0567 - acc: 0.9857
130/600 [=====>........................] - ETA: 0s - loss: 0.0580 - acc: 0.9923
190/600 [========>.....................] - ETA: 0s - loss: 0.0592 - acc: 0.9895
250/600 [===========>..................] - ETA: 0s - loss: 0.0583 - acc: 0.9920
310/600 [==============>...............] - ETA: 0s - loss: 0.0592 - acc: 0.9935
370/600 [=================>............] - ETA: 0s - loss: 0.0583 - acc: 0.9919
430/600 [====================>.........] - ETA: 0s - loss: 0.0604 - acc: 0.9907
490/600 [=======================>......] - ETA: 0s - loss: 0.0584 - acc: 0.9918
550/600 [==========================>...] - ETA: 0s - loss: 0.0573 - acc: 0.9927
600/600 [==============================] - 1s 931us/step - loss: 0.0577 - acc: 0.9933 - val_loss: 0.4197 - val_acc: 0.9419
Current time ....0.559
Train on 1200 samples, validate on 68 samples
Epoch 1/1

  10/1200 [..............................] - ETA: 1s - loss: 0.2288 - acc: 1.0000
  70/1200 [>.............................] - ETA: 1s - loss: 0.1845 - acc: 0.9857
 130/1200 [==>...........................] - ETA: 0s - loss: 0.1934 - acc: 0.9692
 190/1200 [===>..........................] - ETA: 0s - loss: 0.1873 - acc: 0.9684
 250/1200 [=====>........................] - ETA: 0s - loss: 0.1829 - acc: 0.9680
 310/1200 [======>.......................] - ETA: 0s - loss: 0.1631 - acc: 0.9742
 370/1200 [========>.....................] - ETA: 0s - loss: 0.1527 - acc: 0.9784
 430/1200 [=========>....................] - ETA: 0s - loss: 0.1712 - acc: 0.9674
 490/1200 [===========>..................] - ETA: 0s - loss: 0.1670 - acc: 0.9694
 550/1200 [============>.................] - ETA: 0s - loss: 0.1703 - acc: 0.9655
 610/1200 [==============>...............] - ETA: 0s - loss: 0.1713 - acc: 0.9623
 670/1200 [===============>..............] - ETA: 0s - loss: 0.1716 - acc: 0.9642
 730/1200 [=================>............] - ETA: 0s - loss: 0.1724 - acc: 0.9630
 790/1200 [==================>...........] - ETA: 0s - loss: 0.1770 - acc: 0.9582
 850/1200 [====================>.........] - ETA: 0s - loss: 0.1744 - acc: 0.9600
 910/1200 [=====================>........] - ETA: 0s - loss: 0.1722 - acc: 0.9615
 970/1200 [=======================>......] - ETA: 0s - loss: 0.1697 - acc: 0.9639
1030/1200 [========================>.....] - ETA: 0s - loss: 0.1671 - acc: 0.9660
1090/1200 [==========================>...] - ETA: 0s - loss: 0.1626 - acc: 0.9679
1150/1200 [===========================>..] - ETA: 0s - loss: 0.1634 - acc: 0.9670
1200/1200 [==============================] - 1s 909us/step - loss: 0.1630 - acc: 0.9667 - val_loss: 0.8206 - val_acc: 0.7206
Current time ....1.091
Train on 3900 samples, validate on 99 samples
Epoch 1/1

  10/3900 [..............................] - ETA: 3s - loss: 0.9165 - acc: 0.8000
  70/3900 [..............................] - ETA: 3s - loss: 1.0933 - acc: 0.6714
 130/3900 [>.............................] - ETA: 3s - loss: 1.0461 - acc: 0.6769
 190/3900 [>.............................] - ETA: 3s - loss: 1.0428 - acc: 0.6737
 250/3900 [>.............................] - ETA: 3s - loss: 1.0403 - acc: 0.6680
 310/3900 [=>............................] - ETA: 3s - loss: 1.0226 - acc: 0.6871
 370/3900 [=>............................] - ETA: 3s - loss: 0.9709 - acc: 0.7162
 430/3900 [==>...........................] - ETA: 3s - loss: 0.9486 - acc: 0.7209
 490/3900 [==>...........................] - ETA: 3s - loss: 0.9478 - acc: 0.7184
 550/3900 [===>..........................] - ETA: 3s - loss: 0.9453 - acc: 0.7200
 610/3900 [===>..........................] - ETA: 2s - loss: 0.9447 - acc: 0.7230
 670/3900 [====>.........................] - ETA: 2s - loss: 0.9422 - acc: 0.7239
 730/3900 [====>.........................] - ETA: 2s - loss: 0.9384 - acc: 0.7233
 790/3900 [=====>........................] - ETA: 2s - loss: 0.9397 - acc: 0.7215
 850/3900 [=====>........................] - ETA: 2s - loss: 0.9497 - acc: 0.7153
 910/3900 [======>.......................] - ETA: 2s - loss: 0.9476 - acc: 0.7143
 970/3900 [======>.......................] - ETA: 2s - loss: 0.9499 - acc: 0.7134
1030/3900 [======>.......................] - ETA: 2s - loss: 0.9444 - acc: 0.7175
1090/3900 [=======>......................] - ETA: 2s - loss: 0.9524 - acc: 0.7073
1150/3900 [=======>......................] - ETA: 2s - loss: 0.9502 - acc: 0.7087
1210/3900 [========>.....................] - ETA: 2s - loss: 0.9542 - acc: 0.7066
1270/3900 [========>.....................] - ETA: 2s - loss: 0.9542 - acc: 0.7071
1330/3900 [=========>....................] - ETA: 2s - loss: 0.9540 - acc: 0.7075
1390/3900 [=========>....................] - ETA: 2s - loss: 0.9487 - acc: 0.7108
1450/3900 [==========>...................] - ETA: 2s - loss: 0.9489 - acc: 0.7117
1510/3900 [==========>...................] - ETA: 2s - loss: 0.9472 - acc: 0.7113
1570/3900 [===========>..................] - ETA: 2s - loss: 0.9437 - acc: 0.7134
1630/3900 [===========>..................] - ETA: 2s - loss: 0.9435 - acc: 0.7147
1690/3900 [============>.................] - ETA: 1s - loss: 0.9452 - acc: 0.7118
1750/3900 [============>.................] - ETA: 1s - loss: 0.9455 - acc: 0.7103
1810/3900 [============>.................] - ETA: 1s - loss: 0.9431 - acc: 0.7116
1870/3900 [=============>................] - ETA: 1s - loss: 0.9427 - acc: 0.7107
1930/3900 [=============>................] - ETA: 1s - loss: 0.9435 - acc: 0.7104
1990/3900 [==============>...............] - ETA: 1s - loss: 0.9463 - acc: 0.7080
2050/3900 [==============>...............] - ETA: 1s - loss: 0.9441 - acc: 0.7093
2110/3900 [===============>..............] - ETA: 1s - loss: 0.9412 - acc: 0.7100
2170/3900 [===============>..............] - ETA: 1s - loss: 0.9380 - acc: 0.7106
2230/3900 [================>.............] - ETA: 1s - loss: 0.9348 - acc: 0.7117
2290/3900 [================>.............] - ETA: 1s - loss: 0.9306 - acc: 0.7131
2350/3900 [=================>............] - ETA: 1s - loss: 0.9249 - acc: 0.7162
2410/3900 [=================>............] - ETA: 1s - loss: 0.9273 - acc: 0.7149
2470/3900 [==================>...........] - ETA: 1s - loss: 0.9222 - acc: 0.7174
2530/3900 [==================>...........] - ETA: 1s - loss: 0.9187 - acc: 0.7186
2590/3900 [==================>...........] - ETA: 1s - loss: 0.9196 - acc: 0.7166
2650/3900 [===================>..........] - ETA: 1s - loss: 0.9175 - acc: 0.7181
2710/3900 [===================>..........] - ETA: 1s - loss: 0.9179 - acc: 0.7170
2770/3900 [====================>.........] - ETA: 1s - loss: 0.9189 - acc: 0.7159
2830/3900 [====================>.........] - ETA: 0s - loss: 0.9191 - acc: 0.7155
2890/3900 [=====================>........] - ETA: 0s - loss: 0.9177 - acc: 0.7170
2950/3900 [=====================>........] - ETA: 0s - loss: 0.9137 - acc: 0.7183
3010/3900 [======================>.......] - ETA: 0s - loss: 0.9169 - acc: 0.7153
3070/3900 [======================>.......] - ETA: 0s - loss: 0.9173 - acc: 0.7153
3130/3900 [=======================>......] - ETA: 0s - loss: 0.9160 - acc: 0.7150
3190/3900 [=======================>......] - ETA: 0s - loss: 0.9158 - acc: 0.7147
3250/3900 [========================>.....] - ETA: 0s - loss: 0.9145 - acc: 0.7148
3310/3900 [========================>.....] - ETA: 0s - loss: 0.9153 - acc: 0.7145
3370/3900 [========================>.....] - ETA: 0s - loss: 0.9118 - acc: 0.7157
3430/3900 [=========================>....] - ETA: 0s - loss: 0.9098 - acc: 0.7172
3490/3900 [=========================>....] - ETA: 0s - loss: 0.9056 - acc: 0.7192
3550/3900 [==========================>...] - ETA: 0s - loss: 0.9019 - acc: 0.7208
3610/3900 [==========================>...] - ETA: 0s - loss: 0.9004 - acc: 0.7197
3670/3900 [===========================>..] - ETA: 0s - loss: 0.8999 - acc: 0.7202
3730/3900 [===========================>..] - ETA: 0s - loss: 0.8981 - acc: 0.7201
3790/3900 [============================>.] - ETA: 0s - loss: 0.8967 - acc: 0.7187
3850/3900 [============================>.] - ETA: 0s - loss: 0.8937 - acc: 0.7203
3900/3900 [==============================] - 4s 905us/step - loss: 0.8926 - acc: 0.7200 - val_loss: 1.6199 - val_acc: 0.4343
Current time ....3.530
Train on 600 samples, validate on 86 samples
Epoch 1/1

 10/600 [..............................] - ETA: 0s - loss: 0.0162 - acc: 1.0000
 70/600 [==>...........................] - ETA: 0s - loss: 0.0511 - acc: 1.0000
130/600 [=====>........................] - ETA: 0s - loss: 0.0521 - acc: 1.0000
190/600 [========>.....................] - ETA: 0s - loss: 0.0490 - acc: 1.0000
250/600 [===========>..................] - ETA: 0s - loss: 0.0446 - acc: 1.0000
310/600 [==============>...............] - ETA: 0s - loss: 0.0435 - acc: 1.0000
370/600 [=================>............] - ETA: 0s - loss: 0.0449 - acc: 0.9973
430/600 [====================>.........] - ETA: 0s - loss: 0.0477 - acc: 0.9930
490/600 [=======================>......] - ETA: 0s - loss: 0.0461 - acc: 0.9939
550/600 [==========================>...] - ETA: 0s - loss: 0.0442 - acc: 0.9945
600/600 [==============================] - 1s 935us/step - loss: 0.0446 - acc: 0.9950 - val_loss: 0.4435 - val_acc: 0.9302
Current time ....0.561
Train on 1200 samples, validate on 68 samples
Epoch 1/1

  10/1200 [..............................] - ETA: 1s - loss: 0.0704 - acc: 1.0000
  70/1200 [>.............................] - ETA: 0s - loss: 0.0980 - acc: 0.9857
 130/1200 [==>...........................] - ETA: 0s - loss: 0.1413 - acc: 0.9615
 190/1200 [===>..........................] - ETA: 0s - loss: 0.1410 - acc: 0.9632
 250/1200 [=====>........................] - ETA: 0s - loss: 0.1356 - acc: 0.9720
 310/1200 [======>.......................] - ETA: 0s - loss: 0.1289 - acc: 0.9774
 370/1200 [========>.....................] - ETA: 0s - loss: 0.1304 - acc: 0.9757
 430/1200 [=========>....................] - ETA: 0s - loss: 0.1328 - acc: 0.9767
 490/1200 [===========>..................] - ETA: 0s - loss: 0.1286 - acc: 0.9755
 550/1200 [============>.................] - ETA: 0s - loss: 0.1296 - acc: 0.9764
 610/1200 [==============>...............] - ETA: 0s - loss: 0.1296 - acc: 0.9787
 670/1200 [===============>..............] - ETA: 0s - loss: 0.1252 - acc: 0.9806
 730/1200 [=================>............] - ETA: 0s - loss: 0.1236 - acc: 0.9808
 790/1200 [==================>...........] - ETA: 0s - loss: 0.1210 - acc: 0.9823
 850/1200 [====================>.........] - ETA: 0s - loss: 0.1222 - acc: 0.9824
 910/1200 [=====================>........] - ETA: 0s - loss: 0.1201 - acc: 0.9835
 970/1200 [=======================>......] - ETA: 0s - loss: 0.1181 - acc: 0.9835
1030/1200 [========================>.....] - ETA: 0s - loss: 0.1177 - acc: 0.9845
1090/1200 [==========================>...] - ETA: 0s - loss: 0.1164 - acc: 0.9844
1150/1200 [===========================>..] - ETA: 0s - loss: 0.1157 - acc: 0.9843
1200/1200 [==============================] - 1s 909us/step - loss: 0.1147 - acc: 0.9842 - val_loss: 0.8384 - val_acc: 0.7059
Current time ....1.091
Train on 3900 samples, validate on 99 samples
Epoch 1/1

  10/3900 [..............................] - ETA: 3s - loss: 0.3010 - acc: 0.9000
  70/3900 [..............................] - ETA: 3s - loss: 0.5713 - acc: 0.8714
 130/3900 [>.............................] - ETA: 3s - loss: 0.6710 - acc: 0.8000
 190/3900 [>.............................] - ETA: 3s - loss: 0.7175 - acc: 0.7947
 250/3900 [>.............................] - ETA: 3s - loss: 0.7371 - acc: 0.7880
 310/3900 [=>............................] - ETA: 3s - loss: 0.7207 - acc: 0.7903
 370/3900 [=>............................] - ETA: 3s - loss: 0.7127 - acc: 0.7838
 430/3900 [==>...........................] - ETA: 3s - loss: 0.7359 - acc: 0.7698
 490/3900 [==>...........................] - ETA: 3s - loss: 0.7276 - acc: 0.7796
 550/3900 [===>..........................] - ETA: 2s - loss: 0.7332 - acc: 0.7709
 610/3900 [===>..........................] - ETA: 2s - loss: 0.7399 - acc: 0.7656
 670/3900 [====>.........................] - ETA: 2s - loss: 0.7546 - acc: 0.7582
 730/3900 [====>.........................] - ETA: 2s - loss: 0.7538 - acc: 0.7644
 790/3900 [=====>........................] - ETA: 2s - loss: 0.7624 - acc: 0.7582
 850/3900 [=====>........................] - ETA: 2s - loss: 0.7557 - acc: 0.7635
 910/3900 [======>.......................] - ETA: 2s - loss: 0.7542 - acc: 0.7648
 970/3900 [======>.......................] - ETA: 2s - loss: 0.7564 - acc: 0.7619
1030/3900 [======>.......................] - ETA: 2s - loss: 0.7576 - acc: 0.7592
1090/3900 [=======>......................] - ETA: 2s - loss: 0.7632 - acc: 0.7560
1150/3900 [=======>......................] - ETA: 2s - loss: 0.7585 - acc: 0.7583
1210/3900 [========>.....................] - ETA: 2s - loss: 0.7594 - acc: 0.7545
1270/3900 [========>.....................] - ETA: 2s - loss: 0.7520 - acc: 0.7591
1330/3900 [=========>....................] - ETA: 2s - loss: 0.7500 - acc: 0.7594
1390/3900 [=========>....................] - ETA: 2s - loss: 0.7584 - acc: 0.7561
1450/3900 [==========>...................] - ETA: 2s - loss: 0.7601 - acc: 0.7552
1510/3900 [==========>...................] - ETA: 2s - loss: 0.7585 - acc: 0.7530
1570/3900 [===========>..................] - ETA: 2s - loss: 0.7551 - acc: 0.7541
1630/3900 [===========>..................] - ETA: 2s - loss: 0.7570 - acc: 0.7540
1690/3900 [============>.................] - ETA: 1s - loss: 0.7597 - acc: 0.7521
1750/3900 [============>.................] - ETA: 1s - loss: 0.7612 - acc: 0.7514
1810/3900 [============>.................] - ETA: 1s - loss: 0.7593 - acc: 0.7519
1870/3900 [=============>................] - ETA: 1s - loss: 0.7562 - acc: 0.7545
1930/3900 [=============>................] - ETA: 1s - loss: 0.7587 - acc: 0.7544
1990/3900 [==============>...............] - ETA: 1s - loss: 0.7541 - acc: 0.7563
2050/3900 [==============>...............] - ETA: 1s - loss: 0.7570 - acc: 0.7556
2110/3900 [===============>..............] - ETA: 1s - loss: 0.7554 - acc: 0.7564
2170/3900 [===============>..............] - ETA: 1s - loss: 0.7523 - acc: 0.7571
2230/3900 [================>.............] - ETA: 1s - loss: 0.7488 - acc: 0.7596
2290/3900 [================>.............] - ETA: 1s - loss: 0.7460 - acc: 0.7607
2350/3900 [=================>............] - ETA: 1s - loss: 0.7472 - acc: 0.7596
2410/3900 [=================>............] - ETA: 1s - loss: 0.7437 - acc: 0.7610
2470/3900 [==================>...........] - ETA: 1s - loss: 0.7422 - acc: 0.7603
2530/3900 [==================>...........] - ETA: 1s - loss: 0.7422 - acc: 0.7597
2590/3900 [==================>...........] - ETA: 1s - loss: 0.7432 - acc: 0.7595
2650/3900 [===================>..........] - ETA: 1s - loss: 0.7420 - acc: 0.7592
2710/3900 [===================>..........] - ETA: 1s - loss: 0.7408 - acc: 0.7590
2770/3900 [====================>.........] - ETA: 1s - loss: 0.7406 - acc: 0.7606
2830/3900 [====================>.........] - ETA: 0s - loss: 0.7421 - acc: 0.7601
2890/3900 [=====================>........] - ETA: 0s - loss: 0.7425 - acc: 0.7588
2950/3900 [=====================>........] - ETA: 0s - loss: 0.7407 - acc: 0.7600
3010/3900 [======================>.......] - ETA: 0s - loss: 0.7406 - acc: 0.7595
3070/3900 [======================>.......] - ETA: 0s - loss: 0.7425 - acc: 0.7583
3130/3900 [=======================>......] - ETA: 0s - loss: 0.7414 - acc: 0.7591
3190/3900 [=======================>......] - ETA: 0s - loss: 0.7382 - acc: 0.7611
3250/3900 [========================>.....] - ETA: 0s - loss: 0.7381 - acc: 0.7609
3310/3900 [========================>.....] - ETA: 0s - loss: 0.7365 - acc: 0.7616
3370/3900 [========================>.....] - ETA: 0s - loss: 0.7342 - acc: 0.7626
3430/3900 [=========================>....] - ETA: 0s - loss: 0.7334 - acc: 0.7624
3490/3900 [=========================>....] - ETA: 0s - loss: 0.7316 - acc: 0.7628
3550/3900 [==========================>...] - ETA: 0s - loss: 0.7313 - acc: 0.7625
3610/3900 [==========================>...] - ETA: 0s - loss: 0.7303 - acc: 0.7626
3670/3900 [===========================>..] - ETA: 0s - loss: 0.7306 - acc: 0.7613
3730/3900 [===========================>..] - ETA: 0s - loss: 0.7279 - acc: 0.7619
3790/3900 [============================>.] - ETA: 0s - loss: 0.7276 - acc: 0.7623
3850/3900 [============================>.] - ETA: 0s - loss: 0.7276 - acc: 0.7616
3900/3900 [==============================] - 4s 903us/step - loss: 0.7284 - acc: 0.7618 - val_loss: 1.5884 - val_acc: 0.4343
Current time ....3.523
Train on 600 samples, validate on 86 samples
Epoch 1/1

 10/600 [..............................] - ETA: 0s - loss: 0.0237 - acc: 1.0000
 70/600 [==>...........................] - ETA: 0s - loss: 0.0275 - acc: 1.0000
130/600 [=====>........................] - ETA: 0s - loss: 0.0438 - acc: 0.9923
190/600 [========>.....................] - ETA: 0s - loss: 0.0406 - acc: 0.9947
250/600 [===========>..................] - ETA: 0s - loss: 0.0377 - acc: 0.9960
310/600 [==============>...............] - ETA: 0s - loss: 0.0375 - acc: 0.9968
370/600 [=================>............] - ETA: 0s - loss: 0.0367 - acc: 0.9973
430/600 [====================>.........] - ETA: 0s - loss: 0.0335 - acc: 0.9977
490/600 [=======================>......] - ETA: 0s - loss: 0.0345 - acc: 0.9959
550/600 [==========================>...] - ETA: 0s - loss: 0.0348 - acc: 0.9964
600/600 [==============================] - 1s 923us/step - loss: 0.0359 - acc: 0.9967 - val_loss: 0.4584 - val_acc: 0.9302
Current time ....0.554
Train on 1200 samples, validate on 68 samples
Epoch 1/1

  10/1200 [..............................] - ETA: 1s - loss: 0.0511 - acc: 1.0000
  70/1200 [>.............................] - ETA: 1s - loss: 0.0789 - acc: 1.0000
 130/1200 [==>...........................] - ETA: 0s - loss: 0.0808 - acc: 1.0000
 190/1200 [===>..........................] - ETA: 0s - loss: 0.0849 - acc: 0.9895
 250/1200 [=====>........................] - ETA: 0s - loss: 0.0773 - acc: 0.9920
 310/1200 [======>.......................] - ETA: 0s - loss: 0.0830 - acc: 0.9871
 370/1200 [========>.....................] - ETA: 0s - loss: 0.0765 - acc: 0.9892
 430/1200 [=========>....................] - ETA: 0s - loss: 0.0770 - acc: 0.9907
 490/1200 [===========>..................] - ETA: 0s - loss: 0.0781 - acc: 0.9898
 550/1200 [============>.................] - ETA: 0s - loss: 0.0816 - acc: 0.9855
 610/1200 [==============>...............] - ETA: 0s - loss: 0.0862 - acc: 0.9803
 670/1200 [===============>..............] - ETA: 0s - loss: 0.1087 - acc: 0.9716
 730/1200 [=================>............] - ETA: 0s - loss: 0.1086 - acc: 0.9740
 790/1200 [==================>...........] - ETA: 0s - loss: 0.1067 - acc: 0.9747
 850/1200 [====================>.........] - ETA: 0s - loss: 0.1057 - acc: 0.9753
 910/1200 [=====================>........] - ETA: 0s - loss: 0.1030 - acc: 0.9769
 970/1200 [=======================>......] - ETA: 0s - loss: 0.1010 - acc: 0.9773
1030/1200 [========================>.....] - ETA: 0s - loss: 0.1002 - acc: 0.9786
1090/1200 [==========================>...] - ETA: 0s - loss: 0.1033 - acc: 0.9780
1150/1200 [===========================>..] - ETA: 0s - loss: 0.1027 - acc: 0.9791
1200/1200 [==============================] - 1s 907us/step - loss: 0.1006 - acc: 0.9800 - val_loss: 0.8613 - val_acc: 0.7353
Current time ....1.088

32/99 [========>.....................] - ETA: 0s
99/99 [==============================] - 0s 94us/step
In EVALUATE loss:  [1.5884331621304908, 0.4343434346444679]

32/86 [==========>...................] - ETA: 0s
86/86 [==============================] - 0s 82us/step
In EVALUATE loss:  [0.45841810453769771, 0.93023256091184392]

32/68 [=============>................] - ETA: 0s
68/68 [==============================] - 0s 102us/step
In EVALUATE loss:  [0.86129472886814795, 0.73529411764705888]
Task 1 : Primary site - Macro F1 score 0.267571905219
Task 1 : Primary site - Micro F1 score 0.434343434343
Task 2 : Tumor laterality - Macro F1 score 0.930194805195
Task 2 : Tumor laterality - Micro F1 score 0.93023255814
Task 3 : Histological grade - Macro F1 score 0.553025265957
Task 3 : Histological grade - Micro F1 score 0.735294117647
Average loss:  0.969381998512
