Importing candle utils for keras
Configuration file:  /gpfs/mira-home/apeck/Modified_Benchmarks/Pilot3/P3B1/p3b1_default_model.txt
{'activation': 'relu',
 'batch_size': 10,
 'data_url': 'ftp://ftp.mcs.anl.gov/pub/candle/public/benchmarks/P3B1/',
 'drop': 0.0,
 'epochs': 10,
 'feature_names': 'Primary site:Tumor laterality:Histological grade',
 'ind_nnet_spec': [[2400, 2400, 1200, 1200],
                   [2400, 2400, 1200, 1200],
                   [2400, 2400, 1200, 1200]],
 'initialization': 'glorot_uniform',
 'learning_rate': 0.01,
 'loss': 'categorical_crossentropy',
 'metrics': 'accuracy',
 'model_name': 'p3b1',
 'n_fold': 1,
 'optimizer': 'sgd',
 'out_activation': 'softmax',
 'output_dir': '.',
 'scaling': 'none',
 'shared_nnet_spec': [1200,
                      2400,
                      3600,
                      3600,
                      3600,
                      3600,
                      3600,
                      3600,
                      3600,
                      2400],
 'shuffle': True,
 'timeout': 1800,
 'train_data': 'P3B1_data.tar.gz'}
Params:
{'activation': 'relu',
 'batch_size': 10,
 'case': 'CenterZ',
 'data_url': 'ftp://ftp.mcs.anl.gov/pub/candle/public/benchmarks/P3B1/',
 'datatype': <class 'numpy.float32'>,
 'drop': 0.0,
 'epochs': 10,
 'experiment_id': 'EXP000',
 'feature_names': 'Primary site:Tumor laterality:Histological grade',
 'fig': False,
 'gpus': [],
 'ind_nnet_spec': [[2400, 2400, 1200, 1200],
                   [2400, 2400, 1200, 1200],
                   [2400, 2400, 1200, 1200]],
 'initialization': 'glorot_uniform',
 'learning_rate': 0.01,
 'logfile': None,
 'loss': 'categorical_crossentropy',
 'metrics': 'accuracy',
 'model_name': 'p3b1',
 'n_fold': 1,
 'optimizer': 'sgd',
 'out_activation': 'softmax',
 'output_dir': '/gpfs/mira-home/apeck/CANDLE_testing/avery_modified_results/p3_1',
 'output_files': 'result0_0.csv;result1_0.csv;result2_0.csv',
 'rng_seed': 7102,
 'run_id': 'RUN000',
 'scaling': 'none',
 'shared_nnet_spec': [1200,
                      2400,
                      3600,
                      3600,
                      3600,
                      3600,
                      3600,
                      3600,
                      3600,
                      2400],
 'shuffle': False,
 'timeout': 1800,
 'train_bool': True,
 'train_data': 'P3B1_data.tar.gz',
 'train_features': 'data/task0_0_train_feature.csv;data/task1_0_train_feature.csv;data/task2_0_train_feature.csv',
 'train_truths': 'data/task0_0_train_label.csv;data/task1_0_train_label.csv;data/task2_0_train_label.csv',
 'valid_features': 'data/task0_0_test_feature.csv;data/task1_0_test_feature.csv;data/task2_0_test_feature.csv',
 'valid_truths': 'data/task0_0_test_label.csv;data/task1_0_test_label.csv;data/task2_0_test_label.csv',
 'verbose': None}
Feature names:
Primary site
Tumor laterality
Histological grade
Model:  0
_________________________________________________________________
Layer (type)                 Output Shape              Param #   
=================================================================
input (InputLayer)           (None, 400)               0         
_________________________________________________________________
indiv_layer_0_0 (Dense)      (None, 2400)              962400    
_________________________________________________________________
indiv_layer_0_1 (Dense)      (None, 2400)              5762400   
_________________________________________________________________
indiv_layer_0_2 (Dense)      (None, 1200)              2881200   
_________________________________________________________________
indiv_layer_0_3 (Dense)      (None, 1200)              1441200   
_________________________________________________________________
out_0 (Dense)                (None, 13)                15613     
=================================================================
Total params: 11,062,813
Trainable params: 11,062,813
Non-trainable params: 0
_________________________________________________________________
Model:  1
_________________________________________________________________
Layer (type)                 Output Shape              Param #   
=================================================================
input (InputLayer)           (None, 400)               0         
_________________________________________________________________
indiv_layer_1_0 (Dense)      (None, 2400)              962400    
_________________________________________________________________
indiv_layer_1_1 (Dense)      (None, 2400)              5762400   
_________________________________________________________________
indiv_layer_1_2 (Dense)      (None, 1200)              2881200   
_________________________________________________________________
indiv_layer_1_3 (Dense)      (None, 1200)              1441200   
_________________________________________________________________
out_1 (Dense)                (None, 2)                 2402      
=================================================================
Total params: 11,049,602
Trainable params: 11,049,602
Non-trainable params: 0
_________________________________________________________________
Model:  2
_________________________________________________________________
Layer (type)                 Output Shape              Param #   
=================================================================
input (InputLayer)           (None, 400)               0         
_________________________________________________________________
indiv_layer_2_0 (Dense)      (None, 2400)              962400    
_________________________________________________________________
indiv_layer_2_1 (Dense)      (None, 2400)              5762400   
_________________________________________________________________
indiv_layer_2_2 (Dense)      (None, 1200)              2881200   
_________________________________________________________________
indiv_layer_2_3 (Dense)      (None, 1200)              1441200   
_________________________________________________________________
out_2 (Dense)                (None, 4)                 4804      
=================================================================
Total params: 11,052,004
Trainable params: 11,052,004
Non-trainable params: 0
_________________________________________________________________
Train on 3900 samples, validate on 99 samples
Epoch 1/1

  10/3900 [..............................] - ETA: 16:30 - loss: 2.5696 - acc: 0.0000e+00
  60/3900 [..............................] - ETA: 2:46 - loss: 2.5647 - acc: 0.0667     
 110/3900 [..............................] - ETA: 1:31 - loss: 2.5646 - acc: 0.1000
 160/3900 [>.............................] - ETA: 1:03 - loss: 2.5647 - acc: 0.0813
 210/3900 [>.............................] - ETA: 48s - loss: 2.5639 - acc: 0.0952 
 260/3900 [=>............................] - ETA: 39s - loss: 2.5633 - acc: 0.1115
 310/3900 [=>............................] - ETA: 33s - loss: 2.5629 - acc: 0.1194
 360/3900 [=>............................] - ETA: 28s - loss: 2.5630 - acc: 0.1194
 410/3900 [==>...........................] - ETA: 25s - loss: 2.5634 - acc: 0.1098
 470/3900 [==>...........................] - ETA: 22s - loss: 2.5633 - acc: 0.1085
 530/3900 [===>..........................] - ETA: 19s - loss: 2.5632 - acc: 0.1075
 590/3900 [===>..........................] - ETA: 17s - loss: 2.5633 - acc: 0.1000
 650/3900 [====>.........................] - ETA: 16s - loss: 2.5628 - acc: 0.1154
 710/3900 [====>.........................] - ETA: 14s - loss: 2.5628 - acc: 0.1169
 770/3900 [====>.........................] - ETA: 13s - loss: 2.5625 - acc: 0.1208
 830/3900 [=====>........................] - ETA: 12s - loss: 2.5621 - acc: 0.1181
 890/3900 [=====>........................] - ETA: 11s - loss: 2.5617 - acc: 0.1180
 950/3900 [======>.......................] - ETA: 10s - loss: 2.5617 - acc: 0.1158
1010/3900 [======>.......................] - ETA: 10s - loss: 2.5614 - acc: 0.1168
1070/3900 [=======>......................] - ETA: 9s - loss: 2.5612 - acc: 0.1196 
1130/3900 [=======>......................] - ETA: 8s - loss: 2.5609 - acc: 0.1239
1190/3900 [========>.....................] - ETA: 8s - loss: 2.5606 - acc: 0.1227
1250/3900 [========>.....................] - ETA: 7s - loss: 2.5604 - acc: 0.1216
1310/3900 [=========>....................] - ETA: 7s - loss: 2.5602 - acc: 0.1221
1370/3900 [=========>....................] - ETA: 7s - loss: 2.5600 - acc: 0.1270
1430/3900 [==========>...................] - ETA: 6s - loss: 2.5600 - acc: 0.1266
1490/3900 [==========>...................] - ETA: 6s - loss: 2.5598 - acc: 0.1282
1550/3900 [==========>...................] - ETA: 6s - loss: 2.5597 - acc: 0.1297
1610/3900 [===========>..................] - ETA: 5s - loss: 2.5594 - acc: 0.1304
1670/3900 [===========>..................] - ETA: 5s - loss: 2.5593 - acc: 0.1299
1730/3900 [============>.................] - ETA: 5s - loss: 2.5589 - acc: 0.1324
1790/3900 [============>.................] - ETA: 5s - loss: 2.5587 - acc: 0.1330
1850/3900 [=============>................] - ETA: 4s - loss: 2.5585 - acc: 0.1351
1910/3900 [=============>................] - ETA: 4s - loss: 2.5582 - acc: 0.1382
1970/3900 [==============>...............] - ETA: 4s - loss: 2.5580 - acc: 0.1391
2030/3900 [==============>...............] - ETA: 4s - loss: 2.5579 - acc: 0.1399
2090/3900 [===============>..............] - ETA: 3s - loss: 2.5577 - acc: 0.1416
2150/3900 [===============>..............] - ETA: 3s - loss: 2.5575 - acc: 0.1447
2210/3900 [================>.............] - ETA: 3s - loss: 2.5573 - acc: 0.1466
2270/3900 [================>.............] - ETA: 3s - loss: 2.5571 - acc: 0.1515
2330/3900 [================>.............] - ETA: 3s - loss: 2.5568 - acc: 0.1545
2390/3900 [=================>............] - ETA: 3s - loss: 2.5565 - acc: 0.1544
2450/3900 [=================>............] - ETA: 2s - loss: 2.5562 - acc: 0.1543
2510/3900 [==================>...........] - ETA: 2s - loss: 2.5561 - acc: 0.1542
2570/3900 [==================>...........] - ETA: 2s - loss: 2.5559 - acc: 0.1564
2630/3900 [===================>..........] - ETA: 2s - loss: 2.5556 - acc: 0.1608
2690/3900 [===================>..........] - ETA: 2s - loss: 2.5554 - acc: 0.1643
2750/3900 [====================>.........] - ETA: 2s - loss: 2.5551 - acc: 0.1673
2810/3900 [====================>.........] - ETA: 2s - loss: 2.5549 - acc: 0.1690
2870/3900 [=====================>........] - ETA: 1s - loss: 2.5546 - acc: 0.1732
2930/3900 [=====================>........] - ETA: 1s - loss: 2.5543 - acc: 0.1765
2990/3900 [======================>.......] - ETA: 1s - loss: 2.5541 - acc: 0.1786
3050/3900 [======================>.......] - ETA: 1s - loss: 2.5539 - acc: 0.1813
3110/3900 [======================>.......] - ETA: 1s - loss: 2.5536 - acc: 0.1849
3170/3900 [=======================>......] - ETA: 1s - loss: 2.5534 - acc: 0.1880
3230/3900 [=======================>......] - ETA: 1s - loss: 2.5532 - acc: 0.1901
3290/3900 [========================>.....] - ETA: 1s - loss: 2.5528 - acc: 0.1933
3350/3900 [========================>.....] - ETA: 0s - loss: 2.5526 - acc: 0.1955
3410/3900 [=========================>....] - ETA: 0s - loss: 2.5523 - acc: 0.1965
3470/3900 [=========================>....] - ETA: 0s - loss: 2.5521 - acc: 0.1994
3530/3900 [==========================>...] - ETA: 0s - loss: 2.5518 - acc: 0.2020
3590/3900 [==========================>...] - ETA: 0s - loss: 2.5516 - acc: 0.2036
3650/3900 [===========================>..] - ETA: 0s - loss: 2.5514 - acc: 0.2049
3710/3900 [===========================>..] - ETA: 0s - loss: 2.5511 - acc: 0.2073
3770/3900 [============================>.] - ETA: 0s - loss: 2.5510 - acc: 0.2077
3830/3900 [============================>.] - ETA: 0s - loss: 2.5507 - acc: 0.2102
3890/3900 [============================>.] - ETA: 0s - loss: 2.5504 - acc: 0.2123
3900/3900 [==============================] - 6s 2ms/step - loss: 2.5504 - acc: 0.2131 - val_loss: 2.5399 - val_acc: 0.3232
Current time ....6.171
Train on 600 samples, validate on 86 samples
Epoch 1/1

 10/600 [..............................] - ETA: 27s - loss: 0.7256 - acc: 0.4000
 70/600 [==>...........................] - ETA: 3s - loss: 0.7008 - acc: 0.4571 
130/600 [=====>........................] - ETA: 2s - loss: 0.6945 - acc: 0.5308
190/600 [========>.....................] - ETA: 1s - loss: 0.6895 - acc: 0.5684
250/600 [===========>..................] - ETA: 0s - loss: 0.6865 - acc: 0.6080
310/600 [==============>...............] - ETA: 0s - loss: 0.6810 - acc: 0.6323
370/600 [=================>............] - ETA: 0s - loss: 0.6789 - acc: 0.6378
430/600 [====================>.........] - ETA: 0s - loss: 0.6753 - acc: 0.6605
490/600 [=======================>......] - ETA: 0s - loss: 0.6697 - acc: 0.6735
550/600 [==========================>...] - ETA: 0s - loss: 0.6667 - acc: 0.6836
600/600 [==============================] - 1s 2ms/step - loss: 0.6640 - acc: 0.6900 - val_loss: 0.6431 - val_acc: 0.8372
Current time ....1.022
Train on 1200 samples, validate on 68 samples
Epoch 1/1

  10/1200 [..............................] - ETA: 30s - loss: 1.3958 - acc: 0.2000
  70/1200 [>.............................] - ETA: 4s - loss: 1.3764 - acc: 0.2143 
 130/1200 [==>...........................] - ETA: 2s - loss: 1.3693 - acc: 0.2846
 190/1200 [===>..........................] - ETA: 2s - loss: 1.3596 - acc: 0.3263
 250/1200 [=====>........................] - ETA: 1s - loss: 1.3562 - acc: 0.3320
 310/1200 [======>.......................] - ETA: 1s - loss: 1.3488 - acc: 0.3516
 370/1200 [========>.....................] - ETA: 1s - loss: 1.3512 - acc: 0.3297
 430/1200 [=========>....................] - ETA: 1s - loss: 1.3476 - acc: 0.3395
 490/1200 [===========>..................] - ETA: 0s - loss: 1.3475 - acc: 0.3653
 550/1200 [============>.................] - ETA: 0s - loss: 1.3442 - acc: 0.3691
 610/1200 [==============>...............] - ETA: 0s - loss: 1.3402 - acc: 0.3803
 670/1200 [===============>..............] - ETA: 0s - loss: 1.3355 - acc: 0.3910
 730/1200 [=================>............] - ETA: 0s - loss: 1.3281 - acc: 0.3932
 790/1200 [==================>...........] - ETA: 0s - loss: 1.3240 - acc: 0.3962
 850/1200 [====================>.........] - ETA: 0s - loss: 1.3160 - acc: 0.4094
 910/1200 [=====================>........] - ETA: 0s - loss: 1.3105 - acc: 0.4165
 970/1200 [=======================>......] - ETA: 0s - loss: 1.3093 - acc: 0.4196
1030/1200 [========================>.....] - ETA: 0s - loss: 1.3043 - acc: 0.4262
1090/1200 [==========================>...] - ETA: 0s - loss: 1.3002 - acc: 0.4312
1150/1200 [===========================>..] - ETA: 0s - loss: 1.2971 - acc: 0.4400
1200/1200 [==============================] - 1s 1ms/step - loss: 1.2936 - acc: 0.4517 - val_loss: 1.2161 - val_acc: 0.4118
Current time ....1.346
Train on 3900 samples, validate on 99 samples
Epoch 1/1

  10/3900 [..............................] - ETA: 4s - loss: 2.5371 - acc: 0.2000
  70/3900 [..............................] - ETA: 3s - loss: 2.5335 - acc: 0.3857
 130/3900 [>.............................] - ETA: 3s - loss: 2.5320 - acc: 0.3769
 190/3900 [>.............................] - ETA: 3s - loss: 2.5307 - acc: 0.3789
 250/3900 [>.............................] - ETA: 3s - loss: 2.5296 - acc: 0.3800
 310/3900 [=>............................] - ETA: 3s - loss: 2.5292 - acc: 0.3968
 370/3900 [=>............................] - ETA: 3s - loss: 2.5297 - acc: 0.4027
 430/3900 [==>...........................] - ETA: 3s - loss: 2.5287 - acc: 0.4093
 490/3900 [==>...........................] - ETA: 3s - loss: 2.5287 - acc: 0.4020
 550/3900 [===>..........................] - ETA: 3s - loss: 2.5285 - acc: 0.4000
 610/3900 [===>..........................] - ETA: 2s - loss: 2.5278 - acc: 0.4082
 670/3900 [====>.........................] - ETA: 2s - loss: 2.5274 - acc: 0.4075
 730/3900 [====>.........................] - ETA: 2s - loss: 2.5269 - acc: 0.4096
 790/3900 [=====>........................] - ETA: 2s - loss: 2.5261 - acc: 0.4063
 850/3900 [=====>........................] - ETA: 2s - loss: 2.5261 - acc: 0.4024
 910/3900 [======>.......................] - ETA: 2s - loss: 2.5255 - acc: 0.4055
 970/3900 [======>.......................] - ETA: 2s - loss: 2.5251 - acc: 0.4072
1030/3900 [======>.......................] - ETA: 2s - loss: 2.5251 - acc: 0.4068
1090/3900 [=======>......................] - ETA: 2s - loss: 2.5248 - acc: 0.4083
1150/3900 [=======>......................] - ETA: 2s - loss: 2.5246 - acc: 0.4122
1210/3900 [========>.....................] - ETA: 2s - loss: 2.5243 - acc: 0.4140
1270/3900 [========>.....................] - ETA: 2s - loss: 2.5238 - acc: 0.4157
1330/3900 [=========>....................] - ETA: 2s - loss: 2.5233 - acc: 0.4188
1390/3900 [=========>....................] - ETA: 2s - loss: 2.5227 - acc: 0.4237
1450/3900 [==========>...................] - ETA: 2s - loss: 2.5223 - acc: 0.4207
1510/3900 [==========>...................] - ETA: 2s - loss: 2.5219 - acc: 0.4185
1570/3900 [===========>..................] - ETA: 2s - loss: 2.5218 - acc: 0.4121
1630/3900 [===========>..................] - ETA: 2s - loss: 2.5214 - acc: 0.4117
1690/3900 [============>.................] - ETA: 1s - loss: 2.5208 - acc: 0.4107
1750/3900 [============>.................] - ETA: 1s - loss: 2.5203 - acc: 0.4097
1810/3900 [============>.................] - ETA: 1s - loss: 2.5201 - acc: 0.4088
1870/3900 [=============>................] - ETA: 1s - loss: 2.5198 - acc: 0.4075
1930/3900 [=============>................] - ETA: 1s - loss: 2.5192 - acc: 0.4088
1990/3900 [==============>...............] - ETA: 1s - loss: 2.5188 - acc: 0.4101
2050/3900 [==============>...............] - ETA: 1s - loss: 2.5181 - acc: 0.4141
2110/3900 [===============>..............] - ETA: 1s - loss: 2.5176 - acc: 0.4156
2170/3900 [===============>..............] - ETA: 1s - loss: 2.5169 - acc: 0.4166
2230/3900 [================>.............] - ETA: 1s - loss: 2.5164 - acc: 0.4170
2290/3900 [================>.............] - ETA: 1s - loss: 2.5159 - acc: 0.4166
2350/3900 [=================>............] - ETA: 1s - loss: 2.5153 - acc: 0.4183
2410/3900 [=================>............] - ETA: 1s - loss: 2.5146 - acc: 0.4191
2470/3900 [==================>...........] - ETA: 1s - loss: 2.5141 - acc: 0.4182
2530/3900 [==================>...........] - ETA: 1s - loss: 2.5137 - acc: 0.4166
2590/3900 [==================>...........] - ETA: 1s - loss: 2.5132 - acc: 0.4185
2650/3900 [===================>..........] - ETA: 1s - loss: 2.5129 - acc: 0.4174
2710/3900 [===================>..........] - ETA: 1s - loss: 2.5121 - acc: 0.4210
2770/3900 [====================>.........] - ETA: 1s - loss: 2.5116 - acc: 0.4227
2830/3900 [====================>.........] - ETA: 0s - loss: 2.5108 - acc: 0.4276
2890/3900 [=====================>........] - ETA: 0s - loss: 2.5101 - acc: 0.4284
2950/3900 [=====================>........] - ETA: 0s - loss: 2.5094 - acc: 0.4275
3010/3900 [======================>.......] - ETA: 0s - loss: 2.5088 - acc: 0.4289
3070/3900 [======================>.......] - ETA: 0s - loss: 2.5082 - acc: 0.4322
3130/3900 [=======================>......] - ETA: 0s - loss: 2.5074 - acc: 0.4345
3190/3900 [=======================>......] - ETA: 0s - loss: 2.5067 - acc: 0.4357
3250/3900 [========================>.....] - ETA: 0s - loss: 2.5061 - acc: 0.4369
3310/3900 [========================>.....] - ETA: 0s - loss: 2.5054 - acc: 0.4372
3370/3900 [========================>.....] - ETA: 0s - loss: 2.5046 - acc: 0.4386
3430/3900 [=========================>....] - ETA: 0s - loss: 2.5038 - acc: 0.4391
3490/3900 [=========================>....] - ETA: 0s - loss: 2.5031 - acc: 0.4390
3550/3900 [==========================>...] - ETA: 0s - loss: 2.5024 - acc: 0.4394
3610/3900 [==========================>...] - ETA: 0s - loss: 2.5017 - acc: 0.4418
3670/3900 [===========================>..] - ETA: 0s - loss: 2.5008 - acc: 0.4428
3730/3900 [===========================>..] - ETA: 0s - loss: 2.5001 - acc: 0.4426
3790/3900 [============================>.] - ETA: 0s - loss: 2.4992 - acc: 0.4433
3850/3900 [============================>.] - ETA: 0s - loss: 2.4984 - acc: 0.4423
3900/3900 [==============================] - 4s 899us/step - loss: 2.4978 - acc: 0.4428 - val_loss: 2.4654 - val_acc: 0.3636
Current time ....3.505
Train on 600 samples, validate on 86 samples
Epoch 1/1

 10/600 [..............................] - ETA: 0s - loss: 0.5756 - acc: 1.0000
 70/600 [==>...........................] - ETA: 0s - loss: 0.6011 - acc: 0.8571
130/600 [=====>........................] - ETA: 0s - loss: 0.5880 - acc: 0.8769
190/600 [========>.....................] - ETA: 0s - loss: 0.5906 - acc: 0.8947
250/600 [===========>..................] - ETA: 0s - loss: 0.5902 - acc: 0.9120
310/600 [==============>...............] - ETA: 0s - loss: 0.5854 - acc: 0.9161
370/600 [=================>............] - ETA: 0s - loss: 0.5812 - acc: 0.9189
430/600 [====================>.........] - ETA: 0s - loss: 0.5788 - acc: 0.9233
490/600 [=======================>......] - ETA: 0s - loss: 0.5735 - acc: 0.9245
550/600 [==========================>...] - ETA: 0s - loss: 0.5683 - acc: 0.9200
600/600 [==============================] - 1s 922us/step - loss: 0.5635 - acc: 0.9250 - val_loss: 0.5576 - val_acc: 0.9186
Current time ....0.554
Train on 1200 samples, validate on 68 samples
Epoch 1/1

  10/1200 [..............................] - ETA: 1s - loss: 1.1742 - acc: 0.6000
  70/1200 [>.............................] - ETA: 1s - loss: 1.1167 - acc: 0.7286
 130/1200 [==>...........................] - ETA: 0s - loss: 1.1550 - acc: 0.6462
 190/1200 [===>..........................] - ETA: 0s - loss: 1.1487 - acc: 0.6526
 250/1200 [=====>........................] - ETA: 0s - loss: 1.1354 - acc: 0.6640
 310/1200 [======>.......................] - ETA: 0s - loss: 1.1310 - acc: 0.6839
 370/1200 [========>.....................] - ETA: 0s - loss: 1.1231 - acc: 0.6703
 430/1200 [=========>....................] - ETA: 0s - loss: 1.1191 - acc: 0.6628
 490/1200 [===========>..................] - ETA: 0s - loss: 1.1107 - acc: 0.6694
 550/1200 [============>.................] - ETA: 0s - loss: 1.1084 - acc: 0.6582
 610/1200 [==============>...............] - ETA: 0s - loss: 1.1020 - acc: 0.6574
 670/1200 [===============>..............] - ETA: 0s - loss: 1.0986 - acc: 0.6507
 730/1200 [=================>............] - ETA: 0s - loss: 1.0976 - acc: 0.6411
 790/1200 [==================>...........] - ETA: 0s - loss: 1.0960 - acc: 0.6367
 850/1200 [====================>.........] - ETA: 0s - loss: 1.0951 - acc: 0.6365
 910/1200 [=====================>........] - ETA: 0s - loss: 1.0932 - acc: 0.6341
 970/1200 [=======================>......] - ETA: 0s - loss: 1.0859 - acc: 0.6402
1030/1200 [========================>.....] - ETA: 0s - loss: 1.0774 - acc: 0.6388
1090/1200 [==========================>...] - ETA: 0s - loss: 1.0749 - acc: 0.6385
1150/1200 [===========================>..] - ETA: 0s - loss: 1.0665 - acc: 0.6400
1200/1200 [==============================] - 1s 900us/step - loss: 1.0608 - acc: 0.6450 - val_loss: 1.0826 - val_acc: 0.4706
Current time ....1.080
Train on 3900 samples, validate on 99 samples
Epoch 1/1

  10/3900 [..............................] - ETA: 3s - loss: 2.4303 - acc: 0.3000
  70/3900 [..............................] - ETA: 3s - loss: 2.4384 - acc: 0.5000
 130/3900 [>.............................] - ETA: 3s - loss: 2.4341 - acc: 0.4538
 190/3900 [>.............................] - ETA: 3s - loss: 2.4363 - acc: 0.4474
 250/3900 [>.............................] - ETA: 3s - loss: 2.4364 - acc: 0.4400
 310/3900 [=>............................] - ETA: 3s - loss: 2.4351 - acc: 0.4484
 370/3900 [=>............................] - ETA: 3s - loss: 2.4340 - acc: 0.4622
 430/3900 [==>...........................] - ETA: 3s - loss: 2.4330 - acc: 0.4628
 490/3900 [==>...........................] - ETA: 3s - loss: 2.4311 - acc: 0.4551
 550/3900 [===>..........................] - ETA: 2s - loss: 2.4300 - acc: 0.4491
 610/3900 [===>..........................] - ETA: 2s - loss: 2.4289 - acc: 0.4459
 670/3900 [====>.........................] - ETA: 2s - loss: 2.4271 - acc: 0.4522
 730/3900 [====>.........................] - ETA: 2s - loss: 2.4263 - acc: 0.4438
 790/3900 [=====>........................] - ETA: 2s - loss: 2.4260 - acc: 0.4380
 850/3900 [=====>........................] - ETA: 2s - loss: 2.4230 - acc: 0.4424
 910/3900 [======>.......................] - ETA: 2s - loss: 2.4211 - acc: 0.4418
 970/3900 [======>.......................] - ETA: 2s - loss: 2.4190 - acc: 0.4392
1030/3900 [======>.......................] - ETA: 2s - loss: 2.4172 - acc: 0.4408
1090/3900 [=======>......................] - ETA: 2s - loss: 2.4151 - acc: 0.4404
1150/3900 [=======>......................] - ETA: 2s - loss: 2.4139 - acc: 0.4400
1210/3900 [========>.....................] - ETA: 2s - loss: 2.4126 - acc: 0.4421
1270/3900 [========>.....................] - ETA: 2s - loss: 2.4108 - acc: 0.4402
1330/3900 [=========>....................] - ETA: 2s - loss: 2.4094 - acc: 0.4398
1390/3900 [=========>....................] - ETA: 2s - loss: 2.4075 - acc: 0.4417
1450/3900 [==========>...................] - ETA: 2s - loss: 2.4058 - acc: 0.4469
1510/3900 [==========>...................] - ETA: 2s - loss: 2.4035 - acc: 0.4510
1570/3900 [===========>..................] - ETA: 2s - loss: 2.4015 - acc: 0.4497
1630/3900 [===========>..................] - ETA: 2s - loss: 2.3994 - acc: 0.4534
1690/3900 [============>.................] - ETA: 1s - loss: 2.3982 - acc: 0.4533
1750/3900 [============>.................] - ETA: 1s - loss: 2.3963 - acc: 0.4549
1810/3900 [============>.................] - ETA: 1s - loss: 2.3934 - acc: 0.4552
1870/3900 [=============>................] - ETA: 1s - loss: 2.3914 - acc: 0.4492
1930/3900 [=============>................] - ETA: 1s - loss: 2.3884 - acc: 0.4472
1990/3900 [==============>...............] - ETA: 1s - loss: 2.3862 - acc: 0.4422
2050/3900 [==============>...............] - ETA: 1s - loss: 2.3839 - acc: 0.4415
2110/3900 [===============>..............] - ETA: 1s - loss: 2.3815 - acc: 0.4389
2170/3900 [===============>..............] - ETA: 1s - loss: 2.3788 - acc: 0.4378
2230/3900 [================>.............] - ETA: 1s - loss: 2.3772 - acc: 0.4345
2290/3900 [================>.............] - ETA: 1s - loss: 2.3743 - acc: 0.4349
2350/3900 [=================>............] - ETA: 1s - loss: 2.3712 - acc: 0.4349
2410/3900 [=================>............] - ETA: 1s - loss: 2.3693 - acc: 0.4303
2470/3900 [==================>...........] - ETA: 1s - loss: 2.3672 - acc: 0.4308
2530/3900 [==================>...........] - ETA: 1s - loss: 2.3658 - acc: 0.4289
2590/3900 [==================>...........] - ETA: 1s - loss: 2.3630 - acc: 0.4290
2650/3900 [===================>..........] - ETA: 1s - loss: 2.3614 - acc: 0.4275
2710/3900 [===================>..........] - ETA: 1s - loss: 2.3582 - acc: 0.4303
2770/3900 [====================>.........] - ETA: 1s - loss: 2.3548 - acc: 0.4296
2830/3900 [====================>.........] - ETA: 0s - loss: 2.3515 - acc: 0.4318
2890/3900 [=====================>........] - ETA: 0s - loss: 2.3495 - acc: 0.4329
2950/3900 [=====================>........] - ETA: 0s - loss: 2.3474 - acc: 0.4312
3010/3900 [======================>.......] - ETA: 0s - loss: 2.3451 - acc: 0.4319
3070/3900 [======================>.......] - ETA: 0s - loss: 2.3421 - acc: 0.4313
3130/3900 [=======================>......] - ETA: 0s - loss: 2.3390 - acc: 0.4326
3190/3900 [=======================>......] - ETA: 0s - loss: 2.3362 - acc: 0.4345
3250/3900 [========================>.....] - ETA: 0s - loss: 2.3338 - acc: 0.4360
3310/3900 [========================>.....] - ETA: 0s - loss: 2.3304 - acc: 0.4387
3370/3900 [========================>.....] - ETA: 0s - loss: 2.3274 - acc: 0.4371
3430/3900 [=========================>....] - ETA: 0s - loss: 2.3242 - acc: 0.4382
3490/3900 [=========================>....] - ETA: 0s - loss: 2.3207 - acc: 0.4381
3550/3900 [==========================>...] - ETA: 0s - loss: 2.3179 - acc: 0.4358
3610/3900 [==========================>...] - ETA: 0s - loss: 2.3153 - acc: 0.4341
3670/3900 [===========================>..] - ETA: 0s - loss: 2.3113 - acc: 0.4351
3730/3900 [===========================>..] - ETA: 0s - loss: 2.3082 - acc: 0.4343
3790/3900 [============================>.] - ETA: 0s - loss: 2.3053 - acc: 0.4340
3850/3900 [============================>.] - ETA: 0s - loss: 2.3022 - acc: 0.4348
3900/3900 [==============================] - 4s 898us/step - loss: 2.2994 - acc: 0.4374 - val_loss: 2.1744 - val_acc: 0.1616
Current time ....3.503
Train on 600 samples, validate on 86 samples
Epoch 1/1

 10/600 [..............................] - ETA: 0s - loss: 0.4357 - acc: 1.0000
 70/600 [==>...........................] - ETA: 0s - loss: 0.4812 - acc: 0.9571
130/600 [=====>........................] - ETA: 0s - loss: 0.4901 - acc: 0.9769
190/600 [========>.....................] - ETA: 0s - loss: 0.4748 - acc: 0.9684
250/600 [===========>..................] - ETA: 0s - loss: 0.4595 - acc: 0.9680
310/600 [==============>...............] - ETA: 0s - loss: 0.4489 - acc: 0.9710
370/600 [=================>............] - ETA: 0s - loss: 0.4426 - acc: 0.9757
430/600 [====================>.........] - ETA: 0s - loss: 0.4353 - acc: 0.9721
490/600 [=======================>......] - ETA: 0s - loss: 0.4332 - acc: 0.9735
550/600 [==========================>...] - ETA: 0s - loss: 0.4275 - acc: 0.9691
600/600 [==============================] - 1s 929us/step - loss: 0.4241 - acc: 0.9717 - val_loss: 0.4538 - val_acc: 0.9186
Current time ....0.557
Train on 1200 samples, validate on 68 samples
Epoch 1/1

  10/1200 [..............................] - ETA: 1s - loss: 1.0155 - acc: 0.6000
  70/1200 [>.............................] - ETA: 1s - loss: 0.9322 - acc: 0.6714
 130/1200 [==>...........................] - ETA: 0s - loss: 0.9226 - acc: 0.7000
 190/1200 [===>..........................] - ETA: 0s - loss: 0.9211 - acc: 0.6789
 250/1200 [=====>........................] - ETA: 0s - loss: 0.9075 - acc: 0.7040
 310/1200 [======>.......................] - ETA: 0s - loss: 0.8905 - acc: 0.7129
 370/1200 [========>.....................] - ETA: 0s - loss: 0.8842 - acc: 0.7081
 430/1200 [=========>....................] - ETA: 0s - loss: 0.8852 - acc: 0.7047
 490/1200 [===========>..................] - ETA: 0s - loss: 0.8815 - acc: 0.7143
 550/1200 [============>.................] - ETA: 0s - loss: 0.8652 - acc: 0.7255
 610/1200 [==============>...............] - ETA: 0s - loss: 0.8647 - acc: 0.7230
 670/1200 [===============>..............] - ETA: 0s - loss: 0.8582 - acc: 0.7239
 730/1200 [=================>............] - ETA: 0s - loss: 0.8527 - acc: 0.7260
 790/1200 [==================>...........] - ETA: 0s - loss: 0.8438 - acc: 0.7278
 850/1200 [====================>.........] - ETA: 0s - loss: 0.8409 - acc: 0.7294
 910/1200 [=====================>........] - ETA: 0s - loss: 0.8337 - acc: 0.7352
 970/1200 [=======================>......] - ETA: 0s - loss: 0.8313 - acc: 0.7351
1030/1200 [========================>.....] - ETA: 0s - loss: 0.8242 - acc: 0.7350
1090/1200 [==========================>...] - ETA: 0s - loss: 0.8234 - acc: 0.7339
1150/1200 [===========================>..] - ETA: 0s - loss: 0.8152 - acc: 0.7417
1200/1200 [==============================] - 1s 900us/step - loss: 0.8122 - acc: 0.7417 - val_loss: 0.9251 - val_acc: 0.6176
Current time ....1.081
Train on 3900 samples, validate on 99 samples
Epoch 1/1

  10/3900 [..............................] - ETA: 3s - loss: 2.0439 - acc: 0.5000
  70/3900 [..............................] - ETA: 3s - loss: 2.1130 - acc: 0.3571
 130/3900 [>.............................] - ETA: 3s - loss: 2.1042 - acc: 0.3692
 190/3900 [>.............................] - ETA: 3s - loss: 2.0760 - acc: 0.4263
 250/3900 [>.............................] - ETA: 3s - loss: 2.0703 - acc: 0.4320
 310/3900 [=>............................] - ETA: 3s - loss: 2.0557 - acc: 0.4484
 370/3900 [=>............................] - ETA: 3s - loss: 2.0562 - acc: 0.4351
 430/3900 [==>...........................] - ETA: 3s - loss: 2.0478 - acc: 0.4279
 490/3900 [==>...........................] - ETA: 3s - loss: 2.0500 - acc: 0.4204
 550/3900 [===>..........................] - ETA: 3s - loss: 2.0555 - acc: 0.4055
 610/3900 [===>..........................] - ETA: 2s - loss: 2.0479 - acc: 0.4082
 670/3900 [====>.........................] - ETA: 2s - loss: 2.0455 - acc: 0.4060
 730/3900 [====>.........................] - ETA: 2s - loss: 2.0380 - acc: 0.4041
 790/3900 [=====>........................] - ETA: 2s - loss: 2.0337 - acc: 0.4000
 850/3900 [=====>........................] - ETA: 2s - loss: 2.0283 - acc: 0.4012
 910/3900 [======>.......................] - ETA: 2s - loss: 2.0258 - acc: 0.3945
 970/3900 [======>.......................] - ETA: 2s - loss: 2.0247 - acc: 0.3969
1030/3900 [======>.......................] - ETA: 2s - loss: 2.0246 - acc: 0.3942
1090/3900 [=======>......................] - ETA: 2s - loss: 2.0211 - acc: 0.4000
1150/3900 [=======>......................] - ETA: 2s - loss: 2.0218 - acc: 0.3991
1210/3900 [========>.....................] - ETA: 2s - loss: 2.0168 - acc: 0.4025
1270/3900 [========>.....................] - ETA: 2s - loss: 2.0116 - acc: 0.4110
1330/3900 [=========>....................] - ETA: 2s - loss: 2.0112 - acc: 0.4113
1390/3900 [=========>....................] - ETA: 2s - loss: 2.0096 - acc: 0.4101
1450/3900 [==========>...................] - ETA: 2s - loss: 2.0067 - acc: 0.4131
1510/3900 [==========>...................] - ETA: 2s - loss: 2.0047 - acc: 0.4185
1570/3900 [===========>..................] - ETA: 2s - loss: 2.0057 - acc: 0.4153
1630/3900 [===========>..................] - ETA: 2s - loss: 2.0042 - acc: 0.4166
1690/3900 [============>.................] - ETA: 1s - loss: 2.0011 - acc: 0.4172
1750/3900 [============>.................] - ETA: 1s - loss: 1.9976 - acc: 0.4194
1810/3900 [============>.................] - ETA: 1s - loss: 1.9947 - acc: 0.4215
1870/3900 [=============>................] - ETA: 1s - loss: 1.9927 - acc: 0.4187
1930/3900 [=============>................] - ETA: 1s - loss: 1.9905 - acc: 0.4145
1990/3900 [==============>...............] - ETA: 1s - loss: 1.9869 - acc: 0.4111
2050/3900 [==============>...............] - ETA: 1s - loss: 1.9862 - acc: 0.4102
2110/3900 [===============>..............] - ETA: 1s - loss: 1.9829 - acc: 0.4128
2170/3900 [===============>..............] - ETA: 1s - loss: 1.9808 - acc: 0.4129
2230/3900 [================>.............] - ETA: 1s - loss: 1.9778 - acc: 0.4126
2290/3900 [================>.............] - ETA: 1s - loss: 1.9771 - acc: 0.4127
2350/3900 [=================>............] - ETA: 1s - loss: 1.9759 - acc: 0.4149
2410/3900 [=================>............] - ETA: 1s - loss: 1.9757 - acc: 0.4124
2470/3900 [==================>...........] - ETA: 1s - loss: 1.9740 - acc: 0.4134
2530/3900 [==================>...........] - ETA: 1s - loss: 1.9711 - acc: 0.4174
2590/3900 [==================>...........] - ETA: 1s - loss: 1.9683 - acc: 0.4166
2650/3900 [===================>..........] - ETA: 1s - loss: 1.9652 - acc: 0.4162
2710/3900 [===================>..........] - ETA: 1s - loss: 1.9627 - acc: 0.4151
2770/3900 [====================>.........] - ETA: 1s - loss: 1.9609 - acc: 0.4137
2830/3900 [====================>.........] - ETA: 0s - loss: 1.9586 - acc: 0.4127
2890/3900 [=====================>........] - ETA: 0s - loss: 1.9576 - acc: 0.4100
2950/3900 [=====================>........] - ETA: 0s - loss: 1.9568 - acc: 0.4064
3010/3900 [======================>.......] - ETA: 0s - loss: 1.9548 - acc: 0.4063
3070/3900 [======================>.......] - ETA: 0s - loss: 1.9531 - acc: 0.4049
3130/3900 [=======================>......] - ETA: 0s - loss: 1.9512 - acc: 0.4051
3190/3900 [=======================>......] - ETA: 0s - loss: 1.9496 - acc: 0.4060
3250/3900 [========================>.....] - ETA: 0s - loss: 1.9472 - acc: 0.4083
3310/3900 [========================>.....] - ETA: 0s - loss: 1.9454 - acc: 0.4088
3370/3900 [========================>.....] - ETA: 0s - loss: 1.9453 - acc: 0.4068
3430/3900 [=========================>....] - ETA: 0s - loss: 1.9441 - acc: 0.4052
3490/3900 [=========================>....] - ETA: 0s - loss: 1.9429 - acc: 0.4043
3550/3900 [==========================>...] - ETA: 0s - loss: 1.9410 - acc: 0.4039
3610/3900 [==========================>...] - ETA: 0s - loss: 1.9386 - acc: 0.4053
3670/3900 [===========================>..] - ETA: 0s - loss: 1.9365 - acc: 0.4038
3730/3900 [===========================>..] - ETA: 0s - loss: 1.9335 - acc: 0.4029
3790/3900 [============================>.] - ETA: 0s - loss: 1.9317 - acc: 0.4029
3850/3900 [============================>.] - ETA: 0s - loss: 1.9318 - acc: 0.4013
3900/3900 [==============================] - 4s 902us/step - loss: 1.9305 - acc: 0.4010 - val_loss: 1.8675 - val_acc: 0.4141
Current time ....3.517
Train on 600 samples, validate on 86 samples
Epoch 1/1

 10/600 [..............................] - ETA: 0s - loss: 0.2799 - acc: 1.0000
 70/600 [==>...........................] - ETA: 0s - loss: 0.3323 - acc: 0.9857
130/600 [=====>........................] - ETA: 0s - loss: 0.3021 - acc: 0.9923
190/600 [========>.....................] - ETA: 0s - loss: 0.3160 - acc: 0.9737
250/600 [===========>..................] - ETA: 0s - loss: 0.3004 - acc: 0.9760
310/600 [==============>...............] - ETA: 0s - loss: 0.2942 - acc: 0.9806
370/600 [=================>............] - ETA: 0s - loss: 0.2869 - acc: 0.9838
430/600 [====================>.........] - ETA: 0s - loss: 0.2815 - acc: 0.9837
490/600 [=======================>......] - ETA: 0s - loss: 0.2782 - acc: 0.9837
550/600 [==========================>...] - ETA: 0s - loss: 0.2746 - acc: 0.9836
600/600 [==============================] - 1s 926us/step - loss: 0.2710 - acc: 0.9833 - val_loss: 0.3872 - val_acc: 0.9070
Current time ....0.556
Train on 1200 samples, validate on 68 samples
Epoch 1/1

  10/1200 [..............................] - ETA: 1s - loss: 0.7634 - acc: 0.9000
  70/1200 [>.............................] - ETA: 1s - loss: 0.7078 - acc: 0.8286
 130/1200 [==>...........................] - ETA: 0s - loss: 0.6607 - acc: 0.8077
 190/1200 [===>..........................] - ETA: 0s - loss: 0.6377 - acc: 0.8158
 250/1200 [=====>........................] - ETA: 0s - loss: 0.6364 - acc: 0.8000
 310/1200 [======>.......................] - ETA: 0s - loss: 0.6351 - acc: 0.7968
 370/1200 [========>.....................] - ETA: 0s - loss: 0.6376 - acc: 0.8000
 430/1200 [=========>....................] - ETA: 0s - loss: 0.6415 - acc: 0.8000
 490/1200 [===========>..................] - ETA: 0s - loss: 0.6434 - acc: 0.7939
 550/1200 [============>.................] - ETA: 0s - loss: 0.6349 - acc: 0.8055
 610/1200 [==============>...............] - ETA: 0s - loss: 0.6258 - acc: 0.8148
 670/1200 [===============>..............] - ETA: 0s - loss: 0.6206 - acc: 0.8194
 730/1200 [=================>............] - ETA: 0s - loss: 0.6194 - acc: 0.8178
 790/1200 [==================>...........] - ETA: 0s - loss: 0.6186 - acc: 0.8190
 850/1200 [====================>.........] - ETA: 0s - loss: 0.6122 - acc: 0.8224
 910/1200 [=====================>........] - ETA: 0s - loss: 0.6063 - acc: 0.8253
 970/1200 [=======================>......] - ETA: 0s - loss: 0.6020 - acc: 0.8278
1030/1200 [========================>.....] - ETA: 0s - loss: 0.6033 - acc: 0.8233
1090/1200 [==========================>...] - ETA: 0s - loss: 0.6045 - acc: 0.8229
1150/1200 [===========================>..] - ETA: 0s - loss: 0.5963 - acc: 0.8270
1200/1200 [==============================] - 1s 899us/step - loss: 0.5961 - acc: 0.8233 - val_loss: 0.8021 - val_acc: 0.6324
Current time ....1.079
Train on 3900 samples, validate on 99 samples
Epoch 1/1

  10/3900 [..............................] - ETA: 3s - loss: 1.8315 - acc: 0.5000
  70/3900 [..............................] - ETA: 3s - loss: 1.8631 - acc: 0.4000
 130/3900 [>.............................] - ETA: 3s - loss: 1.8534 - acc: 0.3692
 190/3900 [>.............................] - ETA: 3s - loss: 1.8193 - acc: 0.3842
 250/3900 [>.............................] - ETA: 3s - loss: 1.8158 - acc: 0.4080
 310/3900 [=>............................] - ETA: 3s - loss: 1.8139 - acc: 0.4065
 370/3900 [=>............................] - ETA: 3s - loss: 1.8130 - acc: 0.4027
 430/3900 [==>...........................] - ETA: 3s - loss: 1.8257 - acc: 0.3884
 490/3900 [==>...........................] - ETA: 3s - loss: 1.8265 - acc: 0.3959
 550/3900 [===>..........................] - ETA: 3s - loss: 1.8248 - acc: 0.4018
 610/3900 [===>..........................] - ETA: 2s - loss: 1.8235 - acc: 0.4033
 670/3900 [====>.........................] - ETA: 2s - loss: 1.8263 - acc: 0.4045
 730/3900 [====>.........................] - ETA: 2s - loss: 1.8197 - acc: 0.4178
 790/3900 [=====>........................] - ETA: 2s - loss: 1.8191 - acc: 0.4165
 850/3900 [=====>........................] - ETA: 2s - loss: 1.8114 - acc: 0.4271
 910/3900 [======>.......................] - ETA: 2s - loss: 1.8133 - acc: 0.4231
 970/3900 [======>.......................] - ETA: 2s - loss: 1.8073 - acc: 0.4320
1030/3900 [======>.......................] - ETA: 2s - loss: 1.8078 - acc: 0.4243
1090/3900 [=======>......................] - ETA: 2s - loss: 1.8071 - acc: 0.4275
1150/3900 [=======>......................] - ETA: 2s - loss: 1.8036 - acc: 0.4296
1210/3900 [========>.....................] - ETA: 2s - loss: 1.8019 - acc: 0.4298
1270/3900 [========>.....................] - ETA: 2s - loss: 1.8003 - acc: 0.4331
1330/3900 [=========>....................] - ETA: 2s - loss: 1.7974 - acc: 0.4323
1390/3900 [=========>....................] - ETA: 2s - loss: 1.7978 - acc: 0.4309
1450/3900 [==========>...................] - ETA: 2s - loss: 1.7962 - acc: 0.4310
1510/3900 [==========>...................] - ETA: 2s - loss: 1.7980 - acc: 0.4258
1570/3900 [===========>..................] - ETA: 2s - loss: 1.7955 - acc: 0.4268
1630/3900 [===========>..................] - ETA: 2s - loss: 1.7953 - acc: 0.4215
1690/3900 [============>.................] - ETA: 1s - loss: 1.7924 - acc: 0.4225
1750/3900 [============>.................] - ETA: 1s - loss: 1.7906 - acc: 0.4234
1810/3900 [============>.................] - ETA: 1s - loss: 1.7893 - acc: 0.4254
1870/3900 [=============>................] - ETA: 1s - loss: 1.7882 - acc: 0.4273
1930/3900 [=============>................] - ETA: 1s - loss: 1.7867 - acc: 0.4295
1990/3900 [==============>...............] - ETA: 1s - loss: 1.7850 - acc: 0.4332
2050/3900 [==============>...............] - ETA: 1s - loss: 1.7832 - acc: 0.4341
2110/3900 [===============>..............] - ETA: 1s - loss: 1.7805 - acc: 0.4351
2170/3900 [===============>..............] - ETA: 1s - loss: 1.7799 - acc: 0.4332
2230/3900 [================>.............] - ETA: 1s - loss: 1.7768 - acc: 0.4354
2290/3900 [================>.............] - ETA: 1s - loss: 1.7758 - acc: 0.4354
2350/3900 [=================>............] - ETA: 1s - loss: 1.7740 - acc: 0.4362
2410/3900 [=================>............] - ETA: 1s - loss: 1.7720 - acc: 0.4382
2470/3900 [==================>...........] - ETA: 1s - loss: 1.7715 - acc: 0.4397
2530/3900 [==================>...........] - ETA: 1s - loss: 1.7697 - acc: 0.4403
2590/3900 [==================>...........] - ETA: 1s - loss: 1.7682 - acc: 0.4425
2650/3900 [===================>..........] - ETA: 1s - loss: 1.7654 - acc: 0.4457
2710/3900 [===================>..........] - ETA: 1s - loss: 1.7644 - acc: 0.4424
2770/3900 [====================>.........] - ETA: 1s - loss: 1.7641 - acc: 0.4419
2830/3900 [====================>.........] - ETA: 0s - loss: 1.7602 - acc: 0.4445
2890/3900 [=====================>........] - ETA: 0s - loss: 1.7585 - acc: 0.4443
2950/3900 [=====================>........] - ETA: 0s - loss: 1.7558 - acc: 0.4461
3010/3900 [======================>.......] - ETA: 0s - loss: 1.7529 - acc: 0.4465
3070/3900 [======================>.......] - ETA: 0s - loss: 1.7518 - acc: 0.4469
3130/3900 [=======================>......] - ETA: 0s - loss: 1.7523 - acc: 0.4444
3190/3900 [=======================>......] - ETA: 0s - loss: 1.7499 - acc: 0.4467
3250/3900 [========================>.....] - ETA: 0s - loss: 1.7488 - acc: 0.4480
3310/3900 [========================>.....] - ETA: 0s - loss: 1.7477 - acc: 0.4492
3370/3900 [========================>.....] - ETA: 0s - loss: 1.7456 - acc: 0.4507
3430/3900 [=========================>....] - ETA: 0s - loss: 1.7449 - acc: 0.4499
3490/3900 [=========================>....] - ETA: 0s - loss: 1.7439 - acc: 0.4481
3550/3900 [==========================>...] - ETA: 0s - loss: 1.7413 - acc: 0.4513
3610/3900 [==========================>...] - ETA: 0s - loss: 1.7400 - acc: 0.4524
3670/3900 [===========================>..] - ETA: 0s - loss: 1.7383 - acc: 0.4510
3730/3900 [===========================>..] - ETA: 0s - loss: 1.7375 - acc: 0.4496
3790/3900 [============================>.] - ETA: 0s - loss: 1.7365 - acc: 0.4499
3850/3900 [============================>.] - ETA: 0s - loss: 1.7341 - acc: 0.4509
3900/3900 [==============================] - 4s 900us/step - loss: 1.7334 - acc: 0.4503 - val_loss: 1.8334 - val_acc: 0.2828
Current time ....3.512
Train on 600 samples, validate on 86 samples
Epoch 1/1

 10/600 [..............................] - ETA: 0s - loss: 0.2670 - acc: 1.0000
 70/600 [==>...........................] - ETA: 0s - loss: 0.2339 - acc: 0.9714
130/600 [=====>........................] - ETA: 0s - loss: 0.1971 - acc: 0.9769
190/600 [========>.....................] - ETA: 0s - loss: 0.1929 - acc: 0.9789
250/600 [===========>..................] - ETA: 0s - loss: 0.1839 - acc: 0.9840
310/600 [==============>...............] - ETA: 0s - loss: 0.1838 - acc: 0.9774
370/600 [=================>............] - ETA: 0s - loss: 0.1811 - acc: 0.9811
430/600 [====================>.........] - ETA: 0s - loss: 0.1799 - acc: 0.9837
490/600 [=======================>......] - ETA: 0s - loss: 0.1738 - acc: 0.9837
550/600 [==========================>...] - ETA: 0s - loss: 0.1746 - acc: 0.9800
600/600 [==============================] - 1s 920us/step - loss: 0.1716 - acc: 0.9783 - val_loss: 0.4211 - val_acc: 0.9186
Current time ....0.552
Train on 1200 samples, validate on 68 samples
Epoch 1/1

  10/1200 [..............................] - ETA: 1s - loss: 0.8210 - acc: 0.6000
  70/1200 [>.............................] - ETA: 1s - loss: 0.5015 - acc: 0.8429
 130/1200 [==>...........................] - ETA: 0s - loss: 0.4571 - acc: 0.8615
 190/1200 [===>..........................] - ETA: 0s - loss: 0.4809 - acc: 0.8474
 250/1200 [=====>........................] - ETA: 0s - loss: 0.4749 - acc: 0.8640
 310/1200 [======>.......................] - ETA: 0s - loss: 0.4603 - acc: 0.8710
 370/1200 [========>.....................] - ETA: 0s - loss: 0.4597 - acc: 0.8730
 430/1200 [=========>....................] - ETA: 0s - loss: 0.4418 - acc: 0.8837
 490/1200 [===========>..................] - ETA: 0s - loss: 0.4458 - acc: 0.8816
 550/1200 [============>.................] - ETA: 0s - loss: 0.4496 - acc: 0.8836
 610/1200 [==============>...............] - ETA: 0s - loss: 0.4404 - acc: 0.8869
 670/1200 [===============>..............] - ETA: 0s - loss: 0.4351 - acc: 0.8925
 730/1200 [=================>............] - ETA: 0s - loss: 0.4340 - acc: 0.8918
 790/1200 [==================>...........] - ETA: 0s - loss: 0.4378 - acc: 0.8899
 850/1200 [====================>.........] - ETA: 0s - loss: 0.4381 - acc: 0.8882
 910/1200 [=====================>........] - ETA: 0s - loss: 0.4385 - acc: 0.8868
 970/1200 [=======================>......] - ETA: 0s - loss: 0.4321 - acc: 0.8918
1030/1200 [========================>.....] - ETA: 0s - loss: 0.4292 - acc: 0.8932
1090/1200 [==========================>...] - ETA: 0s - loss: 0.4268 - acc: 0.8945
1150/1200 [===========================>..] - ETA: 0s - loss: 0.4229 - acc: 0.8948
1200/1200 [==============================] - 1s 901us/step - loss: 0.4208 - acc: 0.8917 - val_loss: 0.9283 - val_acc: 0.6324
Current time ....1.081
Train on 3900 samples, validate on 99 samples
Epoch 1/1

  10/3900 [..............................] - ETA: 3s - loss: 1.5185 - acc: 0.3000
  70/3900 [..............................] - ETA: 3s - loss: 1.6613 - acc: 0.4429
 130/3900 [>.............................] - ETA: 3s - loss: 1.6661 - acc: 0.4615
 190/3900 [>.............................] - ETA: 3s - loss: 1.6647 - acc: 0.4526
 250/3900 [>.............................] - ETA: 3s - loss: 1.6533 - acc: 0.4600
 310/3900 [=>............................] - ETA: 3s - loss: 1.6449 - acc: 0.4710
 370/3900 [=>............................] - ETA: 3s - loss: 1.6576 - acc: 0.4595
 430/3900 [==>...........................] - ETA: 3s - loss: 1.6611 - acc: 0.4651
 490/3900 [==>...........................] - ETA: 3s - loss: 1.6474 - acc: 0.4694
 550/3900 [===>..........................] - ETA: 3s - loss: 1.6400 - acc: 0.4655
 610/3900 [===>..........................] - ETA: 2s - loss: 1.6300 - acc: 0.4770
 670/3900 [====>.........................] - ETA: 2s - loss: 1.6256 - acc: 0.4806
 730/3900 [====>.........................] - ETA: 2s - loss: 1.6233 - acc: 0.4822
 790/3900 [=====>........................] - ETA: 2s - loss: 1.6116 - acc: 0.4861
 850/3900 [=====>........................] - ETA: 2s - loss: 1.6080 - acc: 0.4929
 910/3900 [======>.......................] - ETA: 2s - loss: 1.6083 - acc: 0.4912
 970/3900 [======>.......................] - ETA: 2s - loss: 1.6073 - acc: 0.4918
1030/3900 [======>.......................] - ETA: 2s - loss: 1.6016 - acc: 0.4990
1090/3900 [=======>......................] - ETA: 2s - loss: 1.6020 - acc: 0.5009
1150/3900 [=======>......................] - ETA: 2s - loss: 1.5993 - acc: 0.5035
1210/3900 [========>.....................] - ETA: 2s - loss: 1.5968 - acc: 0.5033
1270/3900 [========>.....................] - ETA: 2s - loss: 1.6000 - acc: 0.5047
1330/3900 [=========>....................] - ETA: 2s - loss: 1.5959 - acc: 0.5090
1390/3900 [=========>....................] - ETA: 2s - loss: 1.5961 - acc: 0.5079
1450/3900 [==========>...................] - ETA: 2s - loss: 1.5930 - acc: 0.5103
1510/3900 [==========>...................] - ETA: 2s - loss: 1.5903 - acc: 0.5099
1570/3900 [===========>..................] - ETA: 2s - loss: 1.5872 - acc: 0.5096
1630/3900 [===========>..................] - ETA: 2s - loss: 1.5853 - acc: 0.5104
1690/3900 [============>.................] - ETA: 1s - loss: 1.5798 - acc: 0.5154
1750/3900 [============>.................] - ETA: 1s - loss: 1.5796 - acc: 0.5171
1810/3900 [============>.................] - ETA: 1s - loss: 1.5825 - acc: 0.5155
1870/3900 [=============>................] - ETA: 1s - loss: 1.5812 - acc: 0.5171
1930/3900 [=============>................] - ETA: 1s - loss: 1.5754 - acc: 0.5228
1990/3900 [==============>...............] - ETA: 1s - loss: 1.5733 - acc: 0.5246
2050/3900 [==============>...............] - ETA: 1s - loss: 1.5729 - acc: 0.5249
2110/3900 [===============>..............] - ETA: 1s - loss: 1.5718 - acc: 0.5246
2170/3900 [===============>..............] - ETA: 1s - loss: 1.5706 - acc: 0.5212
2230/3900 [================>.............] - ETA: 1s - loss: 1.5701 - acc: 0.5197
2290/3900 [================>.............] - ETA: 1s - loss: 1.5669 - acc: 0.5205
2350/3900 [=================>............] - ETA: 1s - loss: 1.5689 - acc: 0.5157
2410/3900 [=================>............] - ETA: 1s - loss: 1.5701 - acc: 0.5133
2470/3900 [==================>...........] - ETA: 1s - loss: 1.5679 - acc: 0.5134
2530/3900 [==================>...........] - ETA: 1s - loss: 1.5703 - acc: 0.5103
2590/3900 [==================>...........] - ETA: 1s - loss: 1.5683 - acc: 0.5104
2650/3900 [===================>..........] - ETA: 1s - loss: 1.5672 - acc: 0.5102
2710/3900 [===================>..........] - ETA: 1s - loss: 1.5668 - acc: 0.5085
2770/3900 [====================>.........] - ETA: 1s - loss: 1.5639 - acc: 0.5101
2830/3900 [====================>.........] - ETA: 0s - loss: 1.5639 - acc: 0.5088
2890/3900 [=====================>........] - ETA: 0s - loss: 1.5622 - acc: 0.5083
2950/3900 [=====================>........] - ETA: 0s - loss: 1.5602 - acc: 0.5098
3010/3900 [======================>.......] - ETA: 0s - loss: 1.5596 - acc: 0.5093
3070/3900 [======================>.......] - ETA: 0s - loss: 1.5585 - acc: 0.5101
3130/3900 [=======================>......] - ETA: 0s - loss: 1.5579 - acc: 0.5099
3190/3900 [=======================>......] - ETA: 0s - loss: 1.5541 - acc: 0.5119
3250/3900 [========================>.....] - ETA: 0s - loss: 1.5507 - acc: 0.5135
3310/3900 [========================>.....] - ETA: 0s - loss: 1.5503 - acc: 0.5133
3370/3900 [========================>.....] - ETA: 0s - loss: 1.5477 - acc: 0.5154
3430/3900 [=========================>....] - ETA: 0s - loss: 1.5457 - acc: 0.5155
3490/3900 [=========================>....] - ETA: 0s - loss: 1.5428 - acc: 0.5166
3550/3900 [==========================>...] - ETA: 0s - loss: 1.5431 - acc: 0.5161
3610/3900 [==========================>...] - ETA: 0s - loss: 1.5411 - acc: 0.5175
3670/3900 [===========================>..] - ETA: 0s - loss: 1.5420 - acc: 0.5150
3730/3900 [===========================>..] - ETA: 0s - loss: 1.5396 - acc: 0.5164
3790/3900 [============================>.] - ETA: 0s - loss: 1.5380 - acc: 0.5161
3850/3900 [============================>.] - ETA: 0s - loss: 1.5361 - acc: 0.5169
3900/3900 [==============================] - 4s 903us/step - loss: 1.5338 - acc: 0.5167 - val_loss: 1.6554 - val_acc: 0.4747
Current time ....3.523
Train on 600 samples, validate on 86 samples
Epoch 1/1

 10/600 [..............................] - ETA: 0s - loss: 0.2633 - acc: 1.0000
 70/600 [==>...........................] - ETA: 0s - loss: 0.1850 - acc: 0.9571
130/600 [=====>........................] - ETA: 0s - loss: 0.1622 - acc: 0.9692
190/600 [========>.....................] - ETA: 0s - loss: 0.1450 - acc: 0.9737
250/600 [===========>..................] - ETA: 0s - loss: 0.1351 - acc: 0.9760
310/600 [==============>...............] - ETA: 0s - loss: 0.1282 - acc: 0.9806
370/600 [=================>............] - ETA: 0s - loss: 0.1282 - acc: 0.9811
430/600 [====================>.........] - ETA: 0s - loss: 0.1237 - acc: 0.9837
490/600 [=======================>......] - ETA: 0s - loss: 0.1210 - acc: 0.9837
550/600 [==========================>...] - ETA: 0s - loss: 0.1185 - acc: 0.9855
600/600 [==============================] - 1s 931us/step - loss: 0.1158 - acc: 0.9867 - val_loss: 0.3961 - val_acc: 0.9186
Current time ....0.559
Train on 1200 samples, validate on 68 samples
Epoch 1/1

  10/1200 [..............................] - ETA: 1s - loss: 0.3452 - acc: 0.9000
  70/1200 [>.............................] - ETA: 1s - loss: 0.3283 - acc: 0.9143
 130/1200 [==>...........................] - ETA: 0s - loss: 0.3372 - acc: 0.9154
 190/1200 [===>..........................] - ETA: 0s - loss: 0.3284 - acc: 0.9316
 250/1200 [=====>........................] - ETA: 0s - loss: 0.3371 - acc: 0.9280
 310/1200 [======>.......................] - ETA: 0s - loss: 0.3333 - acc: 0.9258
 370/1200 [========>.....................] - ETA: 0s - loss: 0.3309 - acc: 0.9216
 430/1200 [=========>....................] - ETA: 0s - loss: 0.3263 - acc: 0.9233
 490/1200 [===========>..................] - ETA: 0s - loss: 0.3225 - acc: 0.9245
 550/1200 [============>.................] - ETA: 0s - loss: 0.3185 - acc: 0.9273
 610/1200 [==============>...............] - ETA: 0s - loss: 0.3115 - acc: 0.9311
 670/1200 [===============>..............] - ETA: 0s - loss: 0.3091 - acc: 0.9313
 730/1200 [=================>............] - ETA: 0s - loss: 0.3033 - acc: 0.9315
 790/1200 [==================>...........] - ETA: 0s - loss: 0.3048 - acc: 0.9342
 850/1200 [====================>.........] - ETA: 0s - loss: 0.3042 - acc: 0.9341
 910/1200 [=====================>........] - ETA: 0s - loss: 0.3073 - acc: 0.9308
 970/1200 [=======================>......] - ETA: 0s - loss: 0.3057 - acc: 0.9340
1030/1200 [========================>.....] - ETA: 0s - loss: 0.3026 - acc: 0.9359
1090/1200 [==========================>...] - ETA: 0s - loss: 0.3037 - acc: 0.9312
1150/1200 [===========================>..] - ETA: 0s - loss: 0.3026 - acc: 0.9296
1200/1200 [==============================] - 1s 908us/step - loss: 0.3013 - acc: 0.9292 - val_loss: 0.7713 - val_acc: 0.6618
Current time ....1.090
Train on 3900 samples, validate on 99 samples
Epoch 1/1

  10/3900 [..............................] - ETA: 3s - loss: 1.3974 - acc: 0.8000
  70/3900 [..............................] - ETA: 3s - loss: 1.4137 - acc: 0.6429
 130/3900 [>.............................] - ETA: 3s - loss: 1.4340 - acc: 0.6154
 190/3900 [>.............................] - ETA: 3s - loss: 1.4483 - acc: 0.5947
 250/3900 [>.............................] - ETA: 3s - loss: 1.4259 - acc: 0.5840
 310/3900 [=>............................] - ETA: 3s - loss: 1.4352 - acc: 0.5742
 370/3900 [=>............................] - ETA: 3s - loss: 1.4209 - acc: 0.5784
 430/3900 [==>...........................] - ETA: 3s - loss: 1.4067 - acc: 0.5721
 490/3900 [==>...........................] - ETA: 3s - loss: 1.4052 - acc: 0.5673
 550/3900 [===>..........................] - ETA: 3s - loss: 1.4037 - acc: 0.5655
 610/3900 [===>..........................] - ETA: 2s - loss: 1.3941 - acc: 0.5639
 670/3900 [====>.........................] - ETA: 2s - loss: 1.3954 - acc: 0.5627
 730/3900 [====>.........................] - ETA: 2s - loss: 1.3932 - acc: 0.5671
 790/3900 [=====>........................] - ETA: 2s - loss: 1.3898 - acc: 0.5734
 850/3900 [=====>........................] - ETA: 2s - loss: 1.3872 - acc: 0.5659
 910/3900 [======>.......................] - ETA: 2s - loss: 1.3801 - acc: 0.5703
 970/3900 [======>.......................] - ETA: 2s - loss: 1.3836 - acc: 0.5670
1030/3900 [======>.......................] - ETA: 2s - loss: 1.3902 - acc: 0.5641
1090/3900 [=======>......................] - ETA: 2s - loss: 1.3911 - acc: 0.5679
1150/3900 [=======>......................] - ETA: 2s - loss: 1.3862 - acc: 0.5696
1210/3900 [========>.....................] - ETA: 2s - loss: 1.3876 - acc: 0.5661
1270/3900 [========>.....................] - ETA: 2s - loss: 1.3816 - acc: 0.5701
1330/3900 [=========>....................] - ETA: 2s - loss: 1.3798 - acc: 0.5692
1390/3900 [=========>....................] - ETA: 2s - loss: 1.3769 - acc: 0.5683
1450/3900 [==========>...................] - ETA: 2s - loss: 1.3757 - acc: 0.5676
1510/3900 [==========>...................] - ETA: 2s - loss: 1.3768 - acc: 0.5669
1570/3900 [===========>..................] - ETA: 2s - loss: 1.3750 - acc: 0.5662
1630/3900 [===========>..................] - ETA: 2s - loss: 1.3728 - acc: 0.5687
1690/3900 [============>.................] - ETA: 1s - loss: 1.3712 - acc: 0.5698
1750/3900 [============>.................] - ETA: 1s - loss: 1.3698 - acc: 0.5720
1810/3900 [============>.................] - ETA: 1s - loss: 1.3746 - acc: 0.5685
1870/3900 [=============>................] - ETA: 1s - loss: 1.3722 - acc: 0.5690
1930/3900 [=============>................] - ETA: 1s - loss: 1.3681 - acc: 0.5694
1990/3900 [==============>...............] - ETA: 1s - loss: 1.3664 - acc: 0.5714
2050/3900 [==============>...............] - ETA: 1s - loss: 1.3669 - acc: 0.5688
2110/3900 [===============>..............] - ETA: 1s - loss: 1.3664 - acc: 0.5692
2170/3900 [===============>..............] - ETA: 1s - loss: 1.3653 - acc: 0.5710
2230/3900 [================>.............] - ETA: 1s - loss: 1.3667 - acc: 0.5709
2290/3900 [================>.............] - ETA: 1s - loss: 1.3611 - acc: 0.5734
2350/3900 [=================>............] - ETA: 1s - loss: 1.3592 - acc: 0.5745
2410/3900 [=================>............] - ETA: 1s - loss: 1.3589 - acc: 0.5751
2470/3900 [==================>...........] - ETA: 1s - loss: 1.3544 - acc: 0.5761
2530/3900 [==================>...........] - ETA: 1s - loss: 1.3516 - acc: 0.5755
2590/3900 [==================>...........] - ETA: 1s - loss: 1.3462 - acc: 0.5780
2650/3900 [===================>..........] - ETA: 1s - loss: 1.3452 - acc: 0.5777
2710/3900 [===================>..........] - ETA: 1s - loss: 1.3434 - acc: 0.5782
2770/3900 [====================>.........] - ETA: 1s - loss: 1.3415 - acc: 0.5809
2830/3900 [====================>.........] - ETA: 0s - loss: 1.3433 - acc: 0.5795
2890/3900 [=====================>........] - ETA: 0s - loss: 1.3400 - acc: 0.5820
2950/3900 [=====================>........] - ETA: 0s - loss: 1.3360 - acc: 0.5847
3010/3900 [======================>.......] - ETA: 0s - loss: 1.3358 - acc: 0.5847
3070/3900 [======================>.......] - ETA: 0s - loss: 1.3348 - acc: 0.5834
3130/3900 [=======================>......] - ETA: 0s - loss: 1.3359 - acc: 0.5831
3190/3900 [=======================>......] - ETA: 0s - loss: 1.3353 - acc: 0.5846
3250/3900 [========================>.....] - ETA: 0s - loss: 1.3366 - acc: 0.5834
3310/3900 [========================>.....] - ETA: 0s - loss: 1.3333 - acc: 0.5861
3370/3900 [========================>.....] - ETA: 0s - loss: 1.3293 - acc: 0.5881
3430/3900 [=========================>....] - ETA: 0s - loss: 1.3286 - acc: 0.5889
3490/3900 [=========================>....] - ETA: 0s - loss: 1.3257 - acc: 0.5903
3550/3900 [==========================>...] - ETA: 0s - loss: 1.3236 - acc: 0.5899
3610/3900 [==========================>...] - ETA: 0s - loss: 1.3227 - acc: 0.5909
3670/3900 [===========================>..] - ETA: 0s - loss: 1.3229 - acc: 0.5910
3730/3900 [===========================>..] - ETA: 0s - loss: 1.3195 - acc: 0.5930
3790/3900 [============================>.] - ETA: 0s - loss: 1.3170 - acc: 0.5939
3850/3900 [============================>.] - ETA: 0s - loss: 1.3130 - acc: 0.5956
3900/3900 [==============================] - 4s 907us/step - loss: 1.3117 - acc: 0.5946 - val_loss: 1.7153 - val_acc: 0.3737
Current time ....3.537
Train on 600 samples, validate on 86 samples
Epoch 1/1

 10/600 [..............................] - ETA: 0s - loss: 0.0592 - acc: 1.0000
 70/600 [==>...........................] - ETA: 0s - loss: 0.0712 - acc: 1.0000
130/600 [=====>........................] - ETA: 0s - loss: 0.0803 - acc: 0.9923
190/600 [========>.....................] - ETA: 0s - loss: 0.0930 - acc: 0.9895
250/600 [===========>..................] - ETA: 0s - loss: 0.0885 - acc: 0.9920
310/600 [==============>...............] - ETA: 0s - loss: 0.0845 - acc: 0.9935
370/600 [=================>............] - ETA: 0s - loss: 0.0826 - acc: 0.9946
430/600 [====================>.........] - ETA: 0s - loss: 0.0803 - acc: 0.9953
490/600 [=======================>......] - ETA: 0s - loss: 0.0789 - acc: 0.9959
550/600 [==========================>...] - ETA: 0s - loss: 0.0800 - acc: 0.9945
600/600 [==============================] - 1s 933us/step - loss: 0.0796 - acc: 0.9933 - val_loss: 0.4590 - val_acc: 0.9186
Current time ....0.560
Train on 1200 samples, validate on 68 samples
Epoch 1/1

  10/1200 [..............................] - ETA: 1s - loss: 0.1952 - acc: 0.9000
  70/1200 [>.............................] - ETA: 1s - loss: 0.1855 - acc: 0.9857
 130/1200 [==>...........................] - ETA: 0s - loss: 0.2147 - acc: 0.9769
 190/1200 [===>..........................] - ETA: 0s - loss: 0.2281 - acc: 0.9632
 250/1200 [=====>........................] - ETA: 0s - loss: 0.2398 - acc: 0.9640
 310/1200 [======>.......................] - ETA: 0s - loss: 0.2318 - acc: 0.9677
 370/1200 [========>.....................] - ETA: 0s - loss: 0.2290 - acc: 0.9703
 430/1200 [=========>....................] - ETA: 0s - loss: 0.2342 - acc: 0.9674
 490/1200 [===========>..................] - ETA: 0s - loss: 0.2281 - acc: 0.9673
 550/1200 [============>.................] - ETA: 0s - loss: 0.2229 - acc: 0.9673
 610/1200 [==============>...............] - ETA: 0s - loss: 0.2228 - acc: 0.9656
 670/1200 [===============>..............] - ETA: 0s - loss: 0.2253 - acc: 0.9627
 730/1200 [=================>............] - ETA: 0s - loss: 0.2231 - acc: 0.9630
 790/1200 [==================>...........] - ETA: 0s - loss: 0.2249 - acc: 0.9595
 850/1200 [====================>.........] - ETA: 0s - loss: 0.2328 - acc: 0.9553
 910/1200 [=====================>........] - ETA: 0s - loss: 0.2312 - acc: 0.9560
 970/1200 [=======================>......] - ETA: 0s - loss: 0.2291 - acc: 0.9577
1030/1200 [========================>.....] - ETA: 0s - loss: 0.2268 - acc: 0.9592
1090/1200 [==========================>...] - ETA: 0s - loss: 0.2242 - acc: 0.9606
1150/1200 [===========================>..] - ETA: 0s - loss: 0.2224 - acc: 0.9617
1200/1200 [==============================] - 1s 910us/step - loss: 0.2181 - acc: 0.9625 - val_loss: 0.6320 - val_acc: 0.6765
Current time ....1.092
Train on 3900 samples, validate on 99 samples
Epoch 1/1

  10/3900 [..............................] - ETA: 3s - loss: 0.9310 - acc: 0.8000
  70/3900 [..............................] - ETA: 3s - loss: 1.1231 - acc: 0.7000
 130/3900 [>.............................] - ETA: 3s - loss: 1.1526 - acc: 0.6769
 190/3900 [>.............................] - ETA: 3s - loss: 1.1796 - acc: 0.6474
 250/3900 [>.............................] - ETA: 3s - loss: 1.1900 - acc: 0.6400
 310/3900 [=>............................] - ETA: 3s - loss: 1.1596 - acc: 0.6581
 370/3900 [=>............................] - ETA: 3s - loss: 1.1799 - acc: 0.6459
 430/3900 [==>...........................] - ETA: 3s - loss: 1.1762 - acc: 0.6419
 490/3900 [==>...........................] - ETA: 3s - loss: 1.1733 - acc: 0.6449
 550/3900 [===>..........................] - ETA: 2s - loss: 1.1789 - acc: 0.6364
 610/3900 [===>..........................] - ETA: 2s - loss: 1.1830 - acc: 0.6328
 670/3900 [====>.........................] - ETA: 2s - loss: 1.1901 - acc: 0.6328
 730/3900 [====>.........................] - ETA: 2s - loss: 1.1877 - acc: 0.6342
 790/3900 [=====>........................] - ETA: 2s - loss: 1.1836 - acc: 0.6304
 850/3900 [=====>........................] - ETA: 2s - loss: 1.1790 - acc: 0.6306
 910/3900 [======>.......................] - ETA: 2s - loss: 1.1789 - acc: 0.6286
 970/3900 [======>.......................] - ETA: 2s - loss: 1.1735 - acc: 0.6330
1030/3900 [======>.......................] - ETA: 2s - loss: 1.1677 - acc: 0.6340
1090/3900 [=======>......................] - ETA: 2s - loss: 1.1604 - acc: 0.6367
1150/3900 [=======>......................] - ETA: 2s - loss: 1.1566 - acc: 0.6417
1210/3900 [========>.....................] - ETA: 2s - loss: 1.1493 - acc: 0.6438
1270/3900 [========>.....................] - ETA: 2s - loss: 1.1546 - acc: 0.6394
1330/3900 [=========>....................] - ETA: 2s - loss: 1.1596 - acc: 0.6338
1390/3900 [=========>....................] - ETA: 2s - loss: 1.1642 - acc: 0.6309
1450/3900 [==========>...................] - ETA: 2s - loss: 1.1626 - acc: 0.6297
1510/3900 [==========>...................] - ETA: 2s - loss: 1.1591 - acc: 0.6338
1570/3900 [===========>..................] - ETA: 2s - loss: 1.1514 - acc: 0.6382
1630/3900 [===========>..................] - ETA: 2s - loss: 1.1537 - acc: 0.6368
1690/3900 [============>.................] - ETA: 1s - loss: 1.1496 - acc: 0.6367
1750/3900 [============>.................] - ETA: 1s - loss: 1.1467 - acc: 0.6377
1810/3900 [============>.................] - ETA: 1s - loss: 1.1439 - acc: 0.6398
1870/3900 [=============>................] - ETA: 1s - loss: 1.1335 - acc: 0.6439
1930/3900 [=============>................] - ETA: 1s - loss: 1.1296 - acc: 0.6451
1990/3900 [==============>...............] - ETA: 1s - loss: 1.1297 - acc: 0.6452
2050/3900 [==============>...............] - ETA: 1s - loss: 1.1291 - acc: 0.6459
2110/3900 [===============>..............] - ETA: 1s - loss: 1.1267 - acc: 0.6469
2170/3900 [===============>..............] - ETA: 1s - loss: 1.1245 - acc: 0.6461
2230/3900 [================>.............] - ETA: 1s - loss: 1.1252 - acc: 0.6466
2290/3900 [================>.............] - ETA: 1s - loss: 1.1252 - acc: 0.6480
2350/3900 [=================>............] - ETA: 1s - loss: 1.1254 - acc: 0.6481
2410/3900 [=================>............] - ETA: 1s - loss: 1.1271 - acc: 0.6465
2470/3900 [==================>...........] - ETA: 1s - loss: 1.1282 - acc: 0.6462
2530/3900 [==================>...........] - ETA: 1s - loss: 1.1268 - acc: 0.6486
2590/3900 [==================>...........] - ETA: 1s - loss: 1.1299 - acc: 0.6463
2650/3900 [===================>..........] - ETA: 1s - loss: 1.1289 - acc: 0.6453
2710/3900 [===================>..........] - ETA: 1s - loss: 1.1260 - acc: 0.6454
2770/3900 [====================>.........] - ETA: 1s - loss: 1.1263 - acc: 0.6455
2830/3900 [====================>.........] - ETA: 0s - loss: 1.1211 - acc: 0.6473
2890/3900 [=====================>........] - ETA: 0s - loss: 1.1190 - acc: 0.6481
2950/3900 [=====================>........] - ETA: 0s - loss: 1.1151 - acc: 0.6505
3010/3900 [======================>.......] - ETA: 0s - loss: 1.1168 - acc: 0.6498
3070/3900 [======================>.......] - ETA: 0s - loss: 1.1181 - acc: 0.6482
3130/3900 [=======================>......] - ETA: 0s - loss: 1.1164 - acc: 0.6486
3190/3900 [=======================>......] - ETA: 0s - loss: 1.1152 - acc: 0.6489
3250/3900 [========================>.....] - ETA: 0s - loss: 1.1118 - acc: 0.6505
3310/3900 [========================>.....] - ETA: 0s - loss: 1.1085 - acc: 0.6529
3370/3900 [========================>.....] - ETA: 0s - loss: 1.1070 - acc: 0.6537
3430/3900 [=========================>....] - ETA: 0s - loss: 1.1055 - acc: 0.6536
3490/3900 [=========================>....] - ETA: 0s - loss: 1.1054 - acc: 0.6533
3550/3900 [==========================>...] - ETA: 0s - loss: 1.1043 - acc: 0.6530
3610/3900 [==========================>...] - ETA: 0s - loss: 1.1042 - acc: 0.6518
3670/3900 [===========================>..] - ETA: 0s - loss: 1.1019 - acc: 0.6520
3730/3900 [===========================>..] - ETA: 0s - loss: 1.1024 - acc: 0.6523
3790/3900 [============================>.] - ETA: 0s - loss: 1.1015 - acc: 0.6525
3850/3900 [============================>.] - ETA: 0s - loss: 1.0991 - acc: 0.6522
3900/3900 [==============================] - 4s 901us/step - loss: 1.0960 - acc: 0.6531 - val_loss: 1.5538 - val_acc: 0.3838
Current time ....3.516
Train on 600 samples, validate on 86 samples
Epoch 1/1

 10/600 [..............................] - ETA: 0s - loss: 0.1311 - acc: 1.0000
 70/600 [==>...........................] - ETA: 0s - loss: 0.0578 - acc: 1.0000
130/600 [=====>........................] - ETA: 0s - loss: 0.0534 - acc: 1.0000
190/600 [========>.....................] - ETA: 0s - loss: 0.0604 - acc: 1.0000
250/600 [===========>..................] - ETA: 0s - loss: 0.0598 - acc: 1.0000
310/600 [==============>...............] - ETA: 0s - loss: 0.0587 - acc: 1.0000
370/600 [=================>............] - ETA: 0s - loss: 0.0616 - acc: 1.0000
430/600 [====================>.........] - ETA: 0s - loss: 0.0611 - acc: 0.9977
490/600 [=======================>......] - ETA: 0s - loss: 0.0617 - acc: 0.9959
550/600 [==========================>...] - ETA: 0s - loss: 0.0610 - acc: 0.9964
600/600 [==============================] - 1s 922us/step - loss: 0.0612 - acc: 0.9967 - val_loss: 0.4543 - val_acc: 0.9070
Current time ....0.553
Train on 1200 samples, validate on 68 samples
Epoch 1/1

  10/1200 [..............................] - ETA: 1s - loss: 0.1831 - acc: 1.0000
  70/1200 [>.............................] - ETA: 1s - loss: 0.1781 - acc: 0.9857
 130/1200 [==>...........................] - ETA: 0s - loss: 0.1445 - acc: 0.9846
 190/1200 [===>..........................] - ETA: 0s - loss: 0.1400 - acc: 0.9895
 250/1200 [=====>........................] - ETA: 0s - loss: 0.1328 - acc: 0.9880
 310/1200 [======>.......................] - ETA: 0s - loss: 0.1466 - acc: 0.9839
 370/1200 [========>.....................] - ETA: 0s - loss: 0.1447 - acc: 0.9865
 430/1200 [=========>....................] - ETA: 0s - loss: 0.1452 - acc: 0.9837
 490/1200 [===========>..................] - ETA: 0s - loss: 0.1456 - acc: 0.9837
 550/1200 [============>.................] - ETA: 0s - loss: 0.1437 - acc: 0.9836
 610/1200 [==============>...............] - ETA: 0s - loss: 0.1496 - acc: 0.9787
 670/1200 [===============>..............] - ETA: 0s - loss: 0.1489 - acc: 0.9776
 730/1200 [=================>............] - ETA: 0s - loss: 0.1477 - acc: 0.9781
 790/1200 [==================>...........] - ETA: 0s - loss: 0.1472 - acc: 0.9772
 850/1200 [====================>.........] - ETA: 0s - loss: 0.1465 - acc: 0.9765
 910/1200 [=====================>........] - ETA: 0s - loss: 0.1447 - acc: 0.9780
 970/1200 [=======================>......] - ETA: 0s - loss: 0.1449 - acc: 0.9773
1030/1200 [========================>.....] - ETA: 0s - loss: 0.1436 - acc: 0.9786
1090/1200 [==========================>...] - ETA: 0s - loss: 0.1428 - acc: 0.9789
1150/1200 [===========================>..] - ETA: 0s - loss: 0.1435 - acc: 0.9783
1200/1200 [==============================] - 1s 898us/step - loss: 0.1440 - acc: 0.9783 - val_loss: 0.7623 - val_acc: 0.6912
Current time ....1.078
Train on 3900 samples, validate on 99 samples
Epoch 1/1

  10/3900 [..............................] - ETA: 3s - loss: 0.8404 - acc: 0.7000
  70/3900 [..............................] - ETA: 3s - loss: 0.8068 - acc: 0.7714
 130/3900 [>.............................] - ETA: 3s - loss: 0.8906 - acc: 0.7385
 190/3900 [>.............................] - ETA: 3s - loss: 0.8731 - acc: 0.7579
 250/3900 [>.............................] - ETA: 3s - loss: 0.8865 - acc: 0.7480
 310/3900 [=>............................] - ETA: 3s - loss: 0.9270 - acc: 0.7129
 370/3900 [=>............................] - ETA: 3s - loss: 0.9126 - acc: 0.7270
 430/3900 [==>...........................] - ETA: 3s - loss: 0.9282 - acc: 0.7233
 490/3900 [==>...........................] - ETA: 3s - loss: 0.9341 - acc: 0.7204
 550/3900 [===>..........................] - ETA: 2s - loss: 0.9115 - acc: 0.7273
 610/3900 [===>..........................] - ETA: 2s - loss: 0.9269 - acc: 0.7213
 670/3900 [====>.........................] - ETA: 2s - loss: 0.9306 - acc: 0.7164
 730/3900 [====>.........................] - ETA: 2s - loss: 0.9323 - acc: 0.7192
 790/3900 [=====>........................] - ETA: 2s - loss: 0.9452 - acc: 0.7114
 850/3900 [=====>........................] - ETA: 2s - loss: 0.9524 - acc: 0.7094
 910/3900 [======>.......................] - ETA: 2s - loss: 0.9508 - acc: 0.7121
 970/3900 [======>.......................] - ETA: 2s - loss: 0.9448 - acc: 0.7093
1030/3900 [======>.......................] - ETA: 2s - loss: 0.9517 - acc: 0.7049
1090/3900 [=======>......................] - ETA: 2s - loss: 0.9489 - acc: 0.7083
1150/3900 [=======>......................] - ETA: 2s - loss: 0.9397 - acc: 0.7130
1210/3900 [========>.....................] - ETA: 2s - loss: 0.9386 - acc: 0.7091
1270/3900 [========>.....................] - ETA: 2s - loss: 0.9333 - acc: 0.7126
1330/3900 [=========>....................] - ETA: 2s - loss: 0.9323 - acc: 0.7098
1390/3900 [=========>....................] - ETA: 2s - loss: 0.9372 - acc: 0.7065
1450/3900 [==========>...................] - ETA: 2s - loss: 0.9327 - acc: 0.7076
1510/3900 [==========>...................] - ETA: 2s - loss: 0.9322 - acc: 0.7066
1570/3900 [===========>..................] - ETA: 2s - loss: 0.9321 - acc: 0.7051
1630/3900 [===========>..................] - ETA: 2s - loss: 0.9327 - acc: 0.7049
1690/3900 [============>.................] - ETA: 1s - loss: 0.9334 - acc: 0.7047
1750/3900 [============>.................] - ETA: 1s - loss: 0.9343 - acc: 0.7051
1810/3900 [============>.................] - ETA: 1s - loss: 0.9336 - acc: 0.7061
1870/3900 [=============>................] - ETA: 1s - loss: 0.9344 - acc: 0.7064
1930/3900 [=============>................] - ETA: 1s - loss: 0.9284 - acc: 0.7093
1990/3900 [==============>...............] - ETA: 1s - loss: 0.9298 - acc: 0.7070
2050/3900 [==============>...............] - ETA: 1s - loss: 0.9298 - acc: 0.7063
2110/3900 [===============>..............] - ETA: 1s - loss: 0.9309 - acc: 0.7057
2170/3900 [===============>..............] - ETA: 1s - loss: 0.9310 - acc: 0.7065
2230/3900 [================>.............] - ETA: 1s - loss: 0.9289 - acc: 0.7054
2290/3900 [================>.............] - ETA: 1s - loss: 0.9283 - acc: 0.7048
2350/3900 [=================>............] - ETA: 1s - loss: 0.9298 - acc: 0.7043
2410/3900 [=================>............] - ETA: 1s - loss: 0.9285 - acc: 0.7050
2470/3900 [==================>...........] - ETA: 1s - loss: 0.9303 - acc: 0.7036
2530/3900 [==================>...........] - ETA: 1s - loss: 0.9299 - acc: 0.7032
2590/3900 [==================>...........] - ETA: 1s - loss: 0.9273 - acc: 0.7050
2650/3900 [===================>..........] - ETA: 1s - loss: 0.9266 - acc: 0.7045
2710/3900 [===================>..........] - ETA: 1s - loss: 0.9258 - acc: 0.7041
2770/3900 [====================>.........] - ETA: 1s - loss: 0.9264 - acc: 0.7036
2830/3900 [====================>.........] - ETA: 0s - loss: 0.9254 - acc: 0.7028
2890/3900 [=====================>........] - ETA: 0s - loss: 0.9212 - acc: 0.7048
2950/3900 [=====================>........] - ETA: 0s - loss: 0.9160 - acc: 0.7075
3010/3900 [======================>.......] - ETA: 0s - loss: 0.9135 - acc: 0.7073
3070/3900 [======================>.......] - ETA: 0s - loss: 0.9125 - acc: 0.7081
3130/3900 [=======================>......] - ETA: 0s - loss: 0.9077 - acc: 0.7105
3190/3900 [=======================>......] - ETA: 0s - loss: 0.9076 - acc: 0.7107
3250/3900 [========================>.....] - ETA: 0s - loss: 0.9070 - acc: 0.7105
3310/3900 [========================>.....] - ETA: 0s - loss: 0.9062 - acc: 0.7097
3370/3900 [========================>.....] - ETA: 0s - loss: 0.9056 - acc: 0.7092
3430/3900 [=========================>....] - ETA: 0s - loss: 0.9070 - acc: 0.7076
3490/3900 [=========================>....] - ETA: 0s - loss: 0.9061 - acc: 0.7086
3550/3900 [==========================>...] - ETA: 0s - loss: 0.9021 - acc: 0.7107
3610/3900 [==========================>...] - ETA: 0s - loss: 0.9015 - acc: 0.7114
3670/3900 [===========================>..] - ETA: 0s - loss: 0.8991 - acc: 0.7123
3730/3900 [===========================>..] - ETA: 0s - loss: 0.9004 - acc: 0.7121
3790/3900 [============================>.] - ETA: 0s - loss: 0.9013 - acc: 0.7119
3850/3900 [============================>.] - ETA: 0s - loss: 0.9001 - acc: 0.7125
3900/3900 [==============================] - 4s 905us/step - loss: 0.8992 - acc: 0.7133 - val_loss: 1.6059 - val_acc: 0.4343
Current time ....3.530
Train on 600 samples, validate on 86 samples
Epoch 1/1

 10/600 [..............................] - ETA: 0s - loss: 0.0469 - acc: 1.0000
 70/600 [==>...........................] - ETA: 0s - loss: 0.0435 - acc: 1.0000
130/600 [=====>........................] - ETA: 0s - loss: 0.0407 - acc: 1.0000
190/600 [========>.....................] - ETA: 0s - loss: 0.0403 - acc: 1.0000
250/600 [===========>..................] - ETA: 0s - loss: 0.0490 - acc: 1.0000
310/600 [==============>...............] - ETA: 0s - loss: 0.0478 - acc: 1.0000
370/600 [=================>............] - ETA: 0s - loss: 0.0491 - acc: 0.9973
430/600 [====================>.........] - ETA: 0s - loss: 0.0488 - acc: 0.9977
490/600 [=======================>......] - ETA: 0s - loss: 0.0470 - acc: 0.9980
550/600 [==========================>...] - ETA: 0s - loss: 0.0467 - acc: 0.9982
600/600 [==============================] - 1s 929us/step - loss: 0.0462 - acc: 0.9983 - val_loss: 0.5098 - val_acc: 0.9302
Current time ....0.558
Train on 1200 samples, validate on 68 samples
Epoch 1/1

  10/1200 [..............................] - ETA: 1s - loss: 0.0787 - acc: 1.0000
  70/1200 [>.............................] - ETA: 1s - loss: 0.1204 - acc: 0.9714
 130/1200 [==>...........................] - ETA: 0s - loss: 0.1170 - acc: 0.9846
 190/1200 [===>..........................] - ETA: 0s - loss: 0.1033 - acc: 0.9895
 250/1200 [=====>........................] - ETA: 0s - loss: 0.0970 - acc: 0.9920
 310/1200 [======>.......................] - ETA: 0s - loss: 0.0993 - acc: 0.9935
 370/1200 [========>.....................] - ETA: 0s - loss: 0.1056 - acc: 0.9865
 430/1200 [=========>....................] - ETA: 0s - loss: 0.1004 - acc: 0.9884
 490/1200 [===========>..................] - ETA: 0s - loss: 0.1010 - acc: 0.9898
 550/1200 [============>.................] - ETA: 0s - loss: 0.1024 - acc: 0.9891
 610/1200 [==============>...............] - ETA: 0s - loss: 0.1064 - acc: 0.9869
 670/1200 [===============>..............] - ETA: 0s - loss: 0.1078 - acc: 0.9866
 730/1200 [=================>............] - ETA: 0s - loss: 0.1071 - acc: 0.9877
 790/1200 [==================>...........] - ETA: 0s - loss: 0.1084 - acc: 0.9873
 850/1200 [====================>.........] - ETA: 0s - loss: 0.1079 - acc: 0.9882
 910/1200 [=====================>........] - ETA: 0s - loss: 0.1117 - acc: 0.9846
 970/1200 [=======================>......] - ETA: 0s - loss: 0.1100 - acc: 0.9856
1030/1200 [========================>.....] - ETA: 0s - loss: 0.1072 - acc: 0.9864
1090/1200 [==========================>...] - ETA: 0s - loss: 0.1055 - acc: 0.9862
1150/1200 [===========================>..] - ETA: 0s - loss: 0.1065 - acc: 0.9852
1200/1200 [==============================] - 1s 908us/step - loss: 0.1061 - acc: 0.9842 - val_loss: 0.8544 - val_acc: 0.6912
Current time ....1.090
Train on 3900 samples, validate on 99 samples
Epoch 1/1

  10/3900 [..............................] - ETA: 3s - loss: 0.6308 - acc: 0.9000
  70/3900 [..............................] - ETA: 3s - loss: 0.6984 - acc: 0.7714
 130/3900 [>.............................] - ETA: 3s - loss: 0.7589 - acc: 0.7538
 190/3900 [>.............................] - ETA: 3s - loss: 0.8101 - acc: 0.7211
 250/3900 [>.............................] - ETA: 3s - loss: 0.8138 - acc: 0.7080
 310/3900 [=>............................] - ETA: 3s - loss: 0.8184 - acc: 0.7097
 370/3900 [=>............................] - ETA: 3s - loss: 0.8474 - acc: 0.7000
 430/3900 [==>...........................] - ETA: 3s - loss: 0.8285 - acc: 0.7163
 490/3900 [==>...........................] - ETA: 3s - loss: 0.8150 - acc: 0.7245
 550/3900 [===>..........................] - ETA: 2s - loss: 0.8153 - acc: 0.7273
 610/3900 [===>..........................] - ETA: 2s - loss: 0.8109 - acc: 0.7246
 670/3900 [====>.........................] - ETA: 2s - loss: 0.8075 - acc: 0.7284
 730/3900 [====>.........................] - ETA: 2s - loss: 0.8204 - acc: 0.7288
 790/3900 [=====>........................] - ETA: 2s - loss: 0.8146 - acc: 0.7291
 850/3900 [=====>........................] - ETA: 2s - loss: 0.8092 - acc: 0.7318
 910/3900 [======>.......................] - ETA: 2s - loss: 0.7935 - acc: 0.7363
 970/3900 [======>.......................] - ETA: 2s - loss: 0.7970 - acc: 0.7330
1030/3900 [======>.......................] - ETA: 2s - loss: 0.7893 - acc: 0.7369
1090/3900 [=======>......................] - ETA: 2s - loss: 0.7876 - acc: 0.7367
1150/3900 [=======>......................] - ETA: 2s - loss: 0.7810 - acc: 0.7435
1210/3900 [========>.....................] - ETA: 2s - loss: 0.7770 - acc: 0.7455
1270/3900 [========>.....................] - ETA: 2s - loss: 0.7727 - acc: 0.7472
1330/3900 [=========>....................] - ETA: 2s - loss: 0.7663 - acc: 0.7519
1390/3900 [=========>....................] - ETA: 2s - loss: 0.7706 - acc: 0.7489
1450/3900 [==========>...................] - ETA: 2s - loss: 0.7686 - acc: 0.7517
1510/3900 [==========>...................] - ETA: 2s - loss: 0.7628 - acc: 0.7530
1570/3900 [===========>..................] - ETA: 2s - loss: 0.7637 - acc: 0.7529
1630/3900 [===========>..................] - ETA: 2s - loss: 0.7621 - acc: 0.7546
1690/3900 [============>.................] - ETA: 1s - loss: 0.7618 - acc: 0.7550
1750/3900 [============>.................] - ETA: 1s - loss: 0.7673 - acc: 0.7526
1810/3900 [============>.................] - ETA: 1s - loss: 0.7645 - acc: 0.7552
1870/3900 [=============>................] - ETA: 1s - loss: 0.7607 - acc: 0.7561
1930/3900 [=============>................] - ETA: 1s - loss: 0.7625 - acc: 0.7565
1990/3900 [==============>...............] - ETA: 1s - loss: 0.7612 - acc: 0.7568
2050/3900 [==============>...............] - ETA: 1s - loss: 0.7600 - acc: 0.7566
2110/3900 [===============>..............] - ETA: 1s - loss: 0.7610 - acc: 0.7559
2170/3900 [===============>..............] - ETA: 1s - loss: 0.7617 - acc: 0.7553
2230/3900 [================>.............] - ETA: 1s - loss: 0.7625 - acc: 0.7538
2290/3900 [================>.............] - ETA: 1s - loss: 0.7601 - acc: 0.7559
2350/3900 [=================>............] - ETA: 1s - loss: 0.7578 - acc: 0.7562
2410/3900 [=================>............] - ETA: 1s - loss: 0.7604 - acc: 0.7539
2470/3900 [==================>...........] - ETA: 1s - loss: 0.7598 - acc: 0.7538
2530/3900 [==================>...........] - ETA: 1s - loss: 0.7595 - acc: 0.7538
2590/3900 [==================>...........] - ETA: 1s - loss: 0.7592 - acc: 0.7537
2650/3900 [===================>..........] - ETA: 1s - loss: 0.7586 - acc: 0.7543
2710/3900 [===================>..........] - ETA: 1s - loss: 0.7616 - acc: 0.7524
2770/3900 [====================>.........] - ETA: 1s - loss: 0.7604 - acc: 0.7527
2830/3900 [====================>.........] - ETA: 0s - loss: 0.7577 - acc: 0.7534
2890/3900 [=====================>........] - ETA: 0s - loss: 0.7562 - acc: 0.7529
2950/3900 [=====================>........] - ETA: 0s - loss: 0.7558 - acc: 0.7529
3010/3900 [======================>.......] - ETA: 0s - loss: 0.7554 - acc: 0.7535
3070/3900 [======================>.......] - ETA: 0s - loss: 0.7501 - acc: 0.7557
3130/3900 [=======================>......] - ETA: 0s - loss: 0.7487 - acc: 0.7562
3190/3900 [=======================>......] - ETA: 0s - loss: 0.7457 - acc: 0.7571
3250/3900 [========================>.....] - ETA: 0s - loss: 0.7492 - acc: 0.7560
3310/3900 [========================>.....] - ETA: 0s - loss: 0.7503 - acc: 0.7547
3370/3900 [========================>.....] - ETA: 0s - loss: 0.7497 - acc: 0.7546
3430/3900 [=========================>....] - ETA: 0s - loss: 0.7504 - acc: 0.7539
3490/3900 [=========================>....] - ETA: 0s - loss: 0.7482 - acc: 0.7550
3550/3900 [==========================>...] - ETA: 0s - loss: 0.7488 - acc: 0.7538
3610/3900 [==========================>...] - ETA: 0s - loss: 0.7514 - acc: 0.7521
3670/3900 [===========================>..] - ETA: 0s - loss: 0.7493 - acc: 0.7523
3730/3900 [===========================>..] - ETA: 0s - loss: 0.7480 - acc: 0.7525
3790/3900 [============================>.] - ETA: 0s - loss: 0.7475 - acc: 0.7525
3850/3900 [============================>.] - ETA: 0s - loss: 0.7442 - acc: 0.7551
3900/3900 [==============================] - 4s 901us/step - loss: 0.7420 - acc: 0.7556 - val_loss: 1.6919 - val_acc: 0.3838
Current time ....3.515
Train on 600 samples, validate on 86 samples
Epoch 1/1

 10/600 [..............................] - ETA: 0s - loss: 0.1050 - acc: 1.0000
 70/600 [==>...........................] - ETA: 0s - loss: 0.0337 - acc: 1.0000
130/600 [=====>........................] - ETA: 0s - loss: 0.0304 - acc: 1.0000
190/600 [========>.....................] - ETA: 0s - loss: 0.0344 - acc: 1.0000
250/600 [===========>..................] - ETA: 0s - loss: 0.0353 - acc: 1.0000
310/600 [==============>...............] - ETA: 0s - loss: 0.0393 - acc: 0.9968
370/600 [=================>............] - ETA: 0s - loss: 0.0368 - acc: 0.9973
430/600 [====================>.........] - ETA: 0s - loss: 0.0382 - acc: 0.9953
490/600 [=======================>......] - ETA: 0s - loss: 0.0386 - acc: 0.9959
550/600 [==========================>...] - ETA: 0s - loss: 0.0371 - acc: 0.9964
600/600 [==============================] - 1s 919us/step - loss: 0.0378 - acc: 0.9967 - val_loss: 0.5068 - val_acc: 0.9186
Current time ....0.552
Train on 1200 samples, validate on 68 samples
Epoch 1/1

  10/1200 [..............................] - ETA: 1s - loss: 0.0759 - acc: 1.0000
  70/1200 [>.............................] - ETA: 0s - loss: 0.0588 - acc: 1.0000
 130/1200 [==>...........................] - ETA: 0s - loss: 0.0621 - acc: 1.0000
 190/1200 [===>..........................] - ETA: 0s - loss: 0.0728 - acc: 0.9947
 250/1200 [=====>........................] - ETA: 0s - loss: 0.0810 - acc: 0.9920
 310/1200 [======>.......................] - ETA: 0s - loss: 0.0765 - acc: 0.9935
 370/1200 [========>.....................] - ETA: 0s - loss: 0.0778 - acc: 0.9919
 430/1200 [=========>....................] - ETA: 0s - loss: 0.0809 - acc: 0.9907
 490/1200 [===========>..................] - ETA: 0s - loss: 0.0810 - acc: 0.9918
 550/1200 [============>.................] - ETA: 0s - loss: 0.0799 - acc: 0.9927
 610/1200 [==============>...............] - ETA: 0s - loss: 0.0778 - acc: 0.9934
 670/1200 [===============>..............] - ETA: 0s - loss: 0.0764 - acc: 0.9940
 730/1200 [=================>............] - ETA: 0s - loss: 0.0747 - acc: 0.9945
 790/1200 [==================>...........] - ETA: 0s - loss: 0.0749 - acc: 0.9937
 850/1200 [====================>.........] - ETA: 0s - loss: 0.0763 - acc: 0.9918
 910/1200 [=====================>........] - ETA: 0s - loss: 0.0759 - acc: 0.9923
 970/1200 [=======================>......] - ETA: 0s - loss: 0.0753 - acc: 0.9928
1030/1200 [========================>.....] - ETA: 0s - loss: 0.0752 - acc: 0.9913
1090/1200 [==========================>...] - ETA: 0s - loss: 0.0750 - acc: 0.9917
1150/1200 [===========================>..] - ETA: 0s - loss: 0.0738 - acc: 0.9922
1200/1200 [==============================] - 1s 902us/step - loss: 0.0735 - acc: 0.9925 - val_loss: 0.7770 - val_acc: 0.7353
Current time ....1.082

32/99 [========>.....................] - ETA: 0s
99/99 [==============================] - 0s 91us/step
In EVALUATE loss:  [1.6919295270033556, 0.3838383841394174]

32/86 [==========>...................] - ETA: 0s
86/86 [==============================] - 0s 81us/step
In EVALUATE loss:  [0.50675312724224353, 0.91860465393509971]

32/68 [=============>................] - ETA: 0s
68/68 [==============================] - 0s 97us/step
In EVALUATE loss:  [0.77700488006367407, 0.73529411764705888]
Task 1 : Primary site - Macro F1 score 0.209025769051
Task 1 : Primary site - Micro F1 score 0.383838383838
Task 2 : Tumor laterality - Macro F1 score 0.918593644354
Task 2 : Tumor laterality - Micro F1 score 0.918604651163
Task 3 : Histological grade - Macro F1 score 0.557297109021
Task 3 : Histological grade - Micro F1 score 0.735294117647
Average loss:  0.99189584477
