Importing candle utils for keras
Configuration file:  /gpfs/mira-home/apeck/Modified_Benchmarks/Pilot3/P3B1/p3b1_default_model.txt
{'activation': 'relu',
 'batch_size': 10,
 'data_url': 'ftp://ftp.mcs.anl.gov/pub/candle/public/benchmarks/P3B1/',
 'drop': 0.0,
 'epochs': 10,
 'feature_names': 'Primary site:Tumor laterality:Histological grade',
 'ind_nnet_spec': [[2400, 2400, 1200, 1200],
                   [2400, 2400, 1200, 1200],
                   [2400, 2400, 1200, 1200]],
 'initialization': 'glorot_uniform',
 'learning_rate': 0.01,
 'loss': 'categorical_crossentropy',
 'metrics': 'accuracy',
 'model_name': 'p3b1',
 'n_fold': 1,
 'optimizer': 'sgd',
 'out_activation': 'softmax',
 'output_dir': '.',
 'scaling': 'none',
 'shared_nnet_spec': [1200,
                      2400,
                      3600,
                      3600,
                      3600,
                      3600,
                      3600,
                      3600,
                      3600,
                      2400],
 'shuffle': True,
 'timeout': 1800,
 'train_data': 'P3B1_data.tar.gz'}
Params:
{'activation': 'relu',
 'batch_size': 10,
 'case': 'CenterZ',
 'data_url': 'ftp://ftp.mcs.anl.gov/pub/candle/public/benchmarks/P3B1/',
 'datatype': <class 'numpy.float32'>,
 'drop': 0.0,
 'epochs': 10,
 'experiment_id': 'EXP000',
 'feature_names': 'Primary site:Tumor laterality:Histological grade',
 'fig': False,
 'gpus': [],
 'ind_nnet_spec': [[2400, 2400, 1200, 1200],
                   [2400, 2400, 1200, 1200],
                   [2400, 2400, 1200, 1200]],
 'initialization': 'glorot_uniform',
 'learning_rate': 0.01,
 'logfile': None,
 'loss': 'categorical_crossentropy',
 'metrics': 'accuracy',
 'model_name': 'p3b1',
 'n_fold': 1,
 'optimizer': 'sgd',
 'out_activation': 'softmax',
 'output_dir': '/gpfs/mira-home/apeck/CANDLE_testing/avery_modified_results/p3_1',
 'output_files': 'result0_0.csv;result1_0.csv;result2_0.csv',
 'rng_seed': 7102,
 'run_id': 'RUN000',
 'scaling': 'none',
 'shared_nnet_spec': [1200,
                      2400,
                      3600,
                      3600,
                      3600,
                      3600,
                      3600,
                      3600,
                      3600,
                      2400],
 'shuffle': False,
 'timeout': 1800,
 'train_bool': True,
 'train_data': 'P3B1_data.tar.gz',
 'train_features': 'data/task0_0_train_feature.csv;data/task1_0_train_feature.csv;data/task2_0_train_feature.csv',
 'train_truths': 'data/task0_0_train_label.csv;data/task1_0_train_label.csv;data/task2_0_train_label.csv',
 'valid_features': 'data/task0_0_test_feature.csv;data/task1_0_test_feature.csv;data/task2_0_test_feature.csv',
 'valid_truths': 'data/task0_0_test_label.csv;data/task1_0_test_label.csv;data/task2_0_test_label.csv',
 'verbose': None}
Feature names:
Primary site
Tumor laterality
Histological grade
Model:  0
_________________________________________________________________
Layer (type)                 Output Shape              Param #   
=================================================================
input (InputLayer)           (None, 400)               0         
_________________________________________________________________
indiv_layer_0_0 (Dense)      (None, 2400)              962400    
_________________________________________________________________
indiv_layer_0_1 (Dense)      (None, 2400)              5762400   
_________________________________________________________________
indiv_layer_0_2 (Dense)      (None, 1200)              2881200   
_________________________________________________________________
indiv_layer_0_3 (Dense)      (None, 1200)              1441200   
_________________________________________________________________
out_0 (Dense)                (None, 13)                15613     
=================================================================
Total params: 11,062,813
Trainable params: 11,062,813
Non-trainable params: 0
_________________________________________________________________
Model:  1
_________________________________________________________________
Layer (type)                 Output Shape              Param #   
=================================================================
input (InputLayer)           (None, 400)               0         
_________________________________________________________________
indiv_layer_1_0 (Dense)      (None, 2400)              962400    
_________________________________________________________________
indiv_layer_1_1 (Dense)      (None, 2400)              5762400   
_________________________________________________________________
indiv_layer_1_2 (Dense)      (None, 1200)              2881200   
_________________________________________________________________
indiv_layer_1_3 (Dense)      (None, 1200)              1441200   
_________________________________________________________________
out_1 (Dense)                (None, 2)                 2402      
=================================================================
Total params: 11,049,602
Trainable params: 11,049,602
Non-trainable params: 0
_________________________________________________________________
Model:  2
_________________________________________________________________
Layer (type)                 Output Shape              Param #   
=================================================================
input (InputLayer)           (None, 400)               0         
_________________________________________________________________
indiv_layer_2_0 (Dense)      (None, 2400)              962400    
_________________________________________________________________
indiv_layer_2_1 (Dense)      (None, 2400)              5762400   
_________________________________________________________________
indiv_layer_2_2 (Dense)      (None, 1200)              2881200   
_________________________________________________________________
indiv_layer_2_3 (Dense)      (None, 1200)              1441200   
_________________________________________________________________
out_2 (Dense)                (None, 4)                 4804      
=================================================================
Total params: 11,052,004
Trainable params: 11,052,004
Non-trainable params: 0
_________________________________________________________________
Train on 3900 samples, validate on 99 samples
Epoch 1/1

  10/3900 [..............................] - ETA: 12:21 - loss: 2.5701 - acc: 0.0000e+00
  60/3900 [..............................] - ETA: 2:05 - loss: 2.5662 - acc: 0.0167     
 110/3900 [..............................] - ETA: 1:09 - loss: 2.5652 - acc: 0.0455
 160/3900 [>.............................] - ETA: 48s - loss: 2.5642 - acc: 0.0500 
 180/3900 [>.............................] - ETA: 44s - loss: 2.5644 - acc: 0.0611
 190/3900 [>.............................] - ETA: 44s - loss: 2.5641 - acc: 0.0684
 200/3900 [>.............................] - ETA: 42s - loss: 2.5643 - acc: 0.0650
 250/3900 [>.............................] - ETA: 34s - loss: 2.5645 - acc: 0.0640
 300/3900 [=>............................] - ETA: 29s - loss: 2.5643 - acc: 0.0667
 350/3900 [=>............................] - ETA: 25s - loss: 2.5640 - acc: 0.0800
 400/3900 [==>...........................] - ETA: 22s - loss: 2.5637 - acc: 0.0725
 450/3900 [==>...........................] - ETA: 20s - loss: 2.5638 - acc: 0.0822
 500/3900 [==>...........................] - ETA: 18s - loss: 2.5636 - acc: 0.0840
 550/3900 [===>..........................] - ETA: 16s - loss: 2.5637 - acc: 0.0836
 610/3900 [===>..........................] - ETA: 14s - loss: 2.5631 - acc: 0.0934
 670/3900 [====>.........................] - ETA: 13s - loss: 2.5629 - acc: 0.0970
 730/3900 [====>.........................] - ETA: 12s - loss: 2.5629 - acc: 0.0959
 790/3900 [=====>........................] - ETA: 11s - loss: 2.5626 - acc: 0.1013
 850/3900 [=====>........................] - ETA: 10s - loss: 2.5626 - acc: 0.1035
 910/3900 [======>.......................] - ETA: 10s - loss: 2.5624 - acc: 0.1044
 970/3900 [======>.......................] - ETA: 9s - loss: 2.5622 - acc: 0.1041 
1030/3900 [======>.......................] - ETA: 8s - loss: 2.5620 - acc: 0.1049
1090/3900 [=======>......................] - ETA: 8s - loss: 2.5616 - acc: 0.1055
1150/3900 [=======>......................] - ETA: 7s - loss: 2.5615 - acc: 0.1052
1210/3900 [========>.....................] - ETA: 7s - loss: 2.5613 - acc: 0.1091
1270/3900 [========>.....................] - ETA: 6s - loss: 2.5609 - acc: 0.1118
1330/3900 [=========>....................] - ETA: 6s - loss: 2.5607 - acc: 0.1143
1390/3900 [=========>....................] - ETA: 6s - loss: 2.5605 - acc: 0.1180
1450/3900 [==========>...................] - ETA: 5s - loss: 2.5602 - acc: 0.1221
1510/3900 [==========>...................] - ETA: 5s - loss: 2.5601 - acc: 0.1225
1570/3900 [===========>..................] - ETA: 5s - loss: 2.5598 - acc: 0.1210
1630/3900 [===========>..................] - ETA: 5s - loss: 2.5596 - acc: 0.1215
1690/3900 [============>.................] - ETA: 4s - loss: 2.5593 - acc: 0.1237
1750/3900 [============>.................] - ETA: 4s - loss: 2.5591 - acc: 0.1263
1810/3900 [============>.................] - ETA: 4s - loss: 2.5588 - acc: 0.1260
1870/3900 [=============>................] - ETA: 4s - loss: 2.5587 - acc: 0.1230
1930/3900 [=============>................] - ETA: 4s - loss: 2.5585 - acc: 0.1207
1990/3900 [==============>...............] - ETA: 3s - loss: 2.5583 - acc: 0.1216
2050/3900 [==============>...............] - ETA: 3s - loss: 2.5581 - acc: 0.1220
2110/3900 [===============>..............] - ETA: 3s - loss: 2.5578 - acc: 0.1227
2170/3900 [===============>..............] - ETA: 3s - loss: 2.5575 - acc: 0.1249
2230/3900 [================>.............] - ETA: 3s - loss: 2.5573 - acc: 0.1242
2290/3900 [================>.............] - ETA: 3s - loss: 2.5570 - acc: 0.1253
2350/3900 [=================>............] - ETA: 2s - loss: 2.5566 - acc: 0.1281
2410/3900 [=================>............] - ETA: 2s - loss: 2.5564 - acc: 0.1278
2470/3900 [==================>...........] - ETA: 2s - loss: 2.5561 - acc: 0.1275
2530/3900 [==================>...........] - ETA: 2s - loss: 2.5559 - acc: 0.1273
2590/3900 [==================>...........] - ETA: 2s - loss: 2.5557 - acc: 0.1270
2650/3900 [===================>..........] - ETA: 2s - loss: 2.5554 - acc: 0.1287
2710/3900 [===================>..........] - ETA: 2s - loss: 2.5553 - acc: 0.1277
2770/3900 [====================>.........] - ETA: 1s - loss: 2.5551 - acc: 0.1267
2830/3900 [====================>.........] - ETA: 1s - loss: 2.5549 - acc: 0.1265
2890/3900 [=====================>........] - ETA: 1s - loss: 2.5546 - acc: 0.1280
2950/3900 [=====================>........] - ETA: 1s - loss: 2.5544 - acc: 0.1308
3010/3900 [======================>.......] - ETA: 1s - loss: 2.5541 - acc: 0.1342
3070/3900 [======================>.......] - ETA: 1s - loss: 2.5539 - acc: 0.1345
3130/3900 [=======================>......] - ETA: 1s - loss: 2.5537 - acc: 0.1355
3190/3900 [=======================>......] - ETA: 1s - loss: 2.5535 - acc: 0.1408
3250/3900 [========================>.....] - ETA: 1s - loss: 2.5532 - acc: 0.1443
3310/3900 [========================>.....] - ETA: 0s - loss: 2.5530 - acc: 0.1459
3370/3900 [========================>.....] - ETA: 0s - loss: 2.5527 - acc: 0.1496
3430/3900 [=========================>....] - ETA: 0s - loss: 2.5524 - acc: 0.1536
3490/3900 [=========================>....] - ETA: 0s - loss: 2.5521 - acc: 0.1576
3550/3900 [==========================>...] - ETA: 0s - loss: 2.5519 - acc: 0.1603
3610/3900 [==========================>...] - ETA: 0s - loss: 2.5516 - acc: 0.1620
3670/3900 [===========================>..] - ETA: 0s - loss: 2.5514 - acc: 0.1654
3730/3900 [===========================>..] - ETA: 0s - loss: 2.5511 - acc: 0.1716
3790/3900 [============================>.] - ETA: 0s - loss: 2.5508 - acc: 0.1755
3850/3900 [============================>.] - ETA: 0s - loss: 2.5506 - acc: 0.1777
3900/3900 [==============================] - 6s 1ms/step - loss: 2.5503 - acc: 0.1805 - val_loss: 2.5455 - val_acc: 0.2525
Current time ....5.762
Train on 600 samples, validate on 86 samples
Epoch 1/1

 10/600 [..............................] - ETA: 18s - loss: 0.6919 - acc: 0.6000
 70/600 [==>...........................] - ETA: 2s - loss: 0.6859 - acc: 0.6286 
130/600 [=====>........................] - ETA: 1s - loss: 0.6815 - acc: 0.7077
190/600 [========>.....................] - ETA: 1s - loss: 0.6787 - acc: 0.6842
250/600 [===========>..................] - ETA: 0s - loss: 0.6747 - acc: 0.6920
310/600 [==============>...............] - ETA: 0s - loss: 0.6722 - acc: 0.6968
370/600 [=================>............] - ETA: 0s - loss: 0.6709 - acc: 0.7135
430/600 [====================>.........] - ETA: 0s - loss: 0.6657 - acc: 0.7372
490/600 [=======================>......] - ETA: 0s - loss: 0.6626 - acc: 0.7531
550/600 [==========================>...] - ETA: 0s - loss: 0.6599 - acc: 0.7673
600/600 [==============================] - 1s 1ms/step - loss: 0.6561 - acc: 0.7717 - val_loss: 0.6190 - val_acc: 0.8721
Current time ....0.878
Train on 1200 samples, validate on 68 samples
Epoch 1/1

  10/1200 [..............................] - ETA: 30s - loss: 1.3939 - acc: 0.3000
  70/1200 [>.............................] - ETA: 5s - loss: 1.3882 - acc: 0.2571 
 130/1200 [==>...........................] - ETA: 2s - loss: 1.3766 - acc: 0.2385
 190/1200 [===>..........................] - ETA: 2s - loss: 1.3740 - acc: 0.2579
 250/1200 [=====>........................] - ETA: 1s - loss: 1.3710 - acc: 0.2600
 310/1200 [======>.......................] - ETA: 1s - loss: 1.3667 - acc: 0.2710
 370/1200 [========>.....................] - ETA: 1s - loss: 1.3617 - acc: 0.2865
 430/1200 [=========>....................] - ETA: 1s - loss: 1.3555 - acc: 0.3023
 490/1200 [===========>..................] - ETA: 0s - loss: 1.3522 - acc: 0.3265
 550/1200 [============>.................] - ETA: 0s - loss: 1.3484 - acc: 0.3400
 610/1200 [==============>...............] - ETA: 0s - loss: 1.3441 - acc: 0.3639
 670/1200 [===============>..............] - ETA: 0s - loss: 1.3356 - acc: 0.3896
 730/1200 [=================>............] - ETA: 0s - loss: 1.3302 - acc: 0.3945
 790/1200 [==================>...........] - ETA: 0s - loss: 1.3230 - acc: 0.4165
 850/1200 [====================>.........] - ETA: 0s - loss: 1.3184 - acc: 0.4318
 910/1200 [=====================>........] - ETA: 0s - loss: 1.3143 - acc: 0.4352
 970/1200 [=======================>......] - ETA: 0s - loss: 1.3081 - acc: 0.4412
1030/1200 [========================>.....] - ETA: 0s - loss: 1.3034 - acc: 0.4437
1090/1200 [==========================>...] - ETA: 0s - loss: 1.2962 - acc: 0.4550
1150/1200 [===========================>..] - ETA: 0s - loss: 1.2933 - acc: 0.4600
1200/1200 [==============================] - 1s 1ms/step - loss: 1.2899 - acc: 0.4608 - val_loss: 1.2296 - val_acc: 0.4559
Current time ....1.328
Train on 3900 samples, validate on 99 samples
Epoch 1/1

  10/3900 [..............................] - ETA: 3s - loss: 2.5356 - acc: 0.4000
  70/3900 [..............................] - ETA: 3s - loss: 2.5330 - acc: 0.3857
 130/3900 [>.............................] - ETA: 3s - loss: 2.5293 - acc: 0.4923
 190/3900 [>.............................] - ETA: 3s - loss: 2.5291 - acc: 0.4895
 250/3900 [>.............................] - ETA: 3s - loss: 2.5292 - acc: 0.4880
 310/3900 [=>............................] - ETA: 3s - loss: 2.5291 - acc: 0.4935
 370/3900 [=>............................] - ETA: 3s - loss: 2.5288 - acc: 0.4784
 430/3900 [==>...........................] - ETA: 3s - loss: 2.5281 - acc: 0.4814
 490/3900 [==>...........................] - ETA: 3s - loss: 2.5279 - acc: 0.4755
 550/3900 [===>..........................] - ETA: 2s - loss: 2.5279 - acc: 0.4600
 610/3900 [===>..........................] - ETA: 2s - loss: 2.5273 - acc: 0.4525
 670/3900 [====>.........................] - ETA: 2s - loss: 2.5273 - acc: 0.4343
 730/3900 [====>.........................] - ETA: 2s - loss: 2.5269 - acc: 0.4274
 790/3900 [=====>........................] - ETA: 2s - loss: 2.5267 - acc: 0.4190
 850/3900 [=====>........................] - ETA: 2s - loss: 2.5265 - acc: 0.4118
 910/3900 [======>.......................] - ETA: 2s - loss: 2.5259 - acc: 0.4088
 970/3900 [======>.......................] - ETA: 2s - loss: 2.5258 - acc: 0.4041
1030/3900 [======>.......................] - ETA: 2s - loss: 2.5254 - acc: 0.4000
1090/3900 [=======>......................] - ETA: 2s - loss: 2.5249 - acc: 0.4092
1150/3900 [=======>......................] - ETA: 2s - loss: 2.5248 - acc: 0.4017
1210/3900 [========>.....................] - ETA: 2s - loss: 2.5243 - acc: 0.4066
1270/3900 [========>.....................] - ETA: 2s - loss: 2.5239 - acc: 0.4039
1330/3900 [=========>....................] - ETA: 2s - loss: 2.5235 - acc: 0.4030
1390/3900 [=========>....................] - ETA: 2s - loss: 2.5230 - acc: 0.3986
1450/3900 [==========>...................] - ETA: 2s - loss: 2.5223 - acc: 0.3959
1510/3900 [==========>...................] - ETA: 2s - loss: 2.5221 - acc: 0.3854
1570/3900 [===========>..................] - ETA: 2s - loss: 2.5216 - acc: 0.3904
1630/3900 [===========>..................] - ETA: 2s - loss: 2.5212 - acc: 0.3896
1690/3900 [============>.................] - ETA: 1s - loss: 2.5207 - acc: 0.3929
1750/3900 [============>.................] - ETA: 1s - loss: 2.5202 - acc: 0.3960
1810/3900 [============>.................] - ETA: 1s - loss: 2.5196 - acc: 0.3950
1870/3900 [=============>................] - ETA: 1s - loss: 2.5191 - acc: 0.3925
1930/3900 [=============>................] - ETA: 1s - loss: 2.5188 - acc: 0.3855
1990/3900 [==============>...............] - ETA: 1s - loss: 2.5182 - acc: 0.3889
2050/3900 [==============>...............] - ETA: 1s - loss: 2.5177 - acc: 0.3893
2110/3900 [===============>..............] - ETA: 1s - loss: 2.5173 - acc: 0.3919
2170/3900 [===============>..............] - ETA: 1s - loss: 2.5168 - acc: 0.3945
2230/3900 [================>.............] - ETA: 1s - loss: 2.5165 - acc: 0.3942
2290/3900 [================>.............] - ETA: 1s - loss: 2.5160 - acc: 0.3943
2350/3900 [=================>............] - ETA: 1s - loss: 2.5156 - acc: 0.3966
2410/3900 [=================>............] - ETA: 1s - loss: 2.5150 - acc: 0.3988
2470/3900 [==================>...........] - ETA: 1s - loss: 2.5146 - acc: 0.3988
2530/3900 [==================>...........] - ETA: 1s - loss: 2.5139 - acc: 0.4028
2590/3900 [==================>...........] - ETA: 1s - loss: 2.5134 - acc: 0.4035
2650/3900 [===================>..........] - ETA: 1s - loss: 2.5128 - acc: 0.4053
2710/3900 [===================>..........] - ETA: 1s - loss: 2.5123 - acc: 0.4077
2770/3900 [====================>.........] - ETA: 1s - loss: 2.5118 - acc: 0.4069
2830/3900 [====================>.........] - ETA: 0s - loss: 2.5112 - acc: 0.4092
2890/3900 [=====================>........] - ETA: 0s - loss: 2.5105 - acc: 0.4114
2950/3900 [=====================>........] - ETA: 0s - loss: 2.5100 - acc: 0.4108
3010/3900 [======================>.......] - ETA: 0s - loss: 2.5094 - acc: 0.4116
3070/3900 [======================>.......] - ETA: 0s - loss: 2.5087 - acc: 0.4143
3130/3900 [=======================>......] - ETA: 0s - loss: 2.5081 - acc: 0.4147
3190/3900 [=======================>......] - ETA: 0s - loss: 2.5073 - acc: 0.4160
3250/3900 [========================>.....] - ETA: 0s - loss: 2.5068 - acc: 0.4148
3310/3900 [========================>.....] - ETA: 0s - loss: 2.5060 - acc: 0.4184
3370/3900 [========================>.....] - ETA: 0s - loss: 2.5054 - acc: 0.4211
3430/3900 [=========================>....] - ETA: 0s - loss: 2.5048 - acc: 0.4227
3490/3900 [=========================>....] - ETA: 0s - loss: 2.5041 - acc: 0.4235
3550/3900 [==========================>...] - ETA: 0s - loss: 2.5032 - acc: 0.4273
3610/3900 [==========================>...] - ETA: 0s - loss: 2.5024 - acc: 0.4294
3670/3900 [===========================>..] - ETA: 0s - loss: 2.5018 - acc: 0.4275
3730/3900 [===========================>..] - ETA: 0s - loss: 2.5011 - acc: 0.4287
3790/3900 [============================>.] - ETA: 0s - loss: 2.5003 - acc: 0.4311
3850/3900 [============================>.] - ETA: 0s - loss: 2.4995 - acc: 0.4319
3900/3900 [==============================] - 3s 896us/step - loss: 2.4988 - acc: 0.4328 - val_loss: 2.4852 - val_acc: 0.2525
Current time ....3.495
Train on 600 samples, validate on 86 samples
Epoch 1/1

 10/600 [..............................] - ETA: 0s - loss: 0.5482 - acc: 0.9000
 70/600 [==>...........................] - ETA: 0s - loss: 0.5938 - acc: 0.9571
130/600 [=====>........................] - ETA: 0s - loss: 0.5838 - acc: 0.9615
190/600 [========>.....................] - ETA: 0s - loss: 0.5735 - acc: 0.9421
250/600 [===========>..................] - ETA: 0s - loss: 0.5732 - acc: 0.9520
310/600 [==============>...............] - ETA: 0s - loss: 0.5701 - acc: 0.9452
370/600 [=================>............] - ETA: 0s - loss: 0.5660 - acc: 0.9459
430/600 [====================>.........] - ETA: 0s - loss: 0.5606 - acc: 0.9488
490/600 [=======================>......] - ETA: 0s - loss: 0.5541 - acc: 0.9531
550/600 [==========================>...] - ETA: 0s - loss: 0.5485 - acc: 0.9509
600/600 [==============================] - 1s 925us/step - loss: 0.5465 - acc: 0.9533 - val_loss: 0.5363 - val_acc: 0.8837
Current time ....0.555
Train on 1200 samples, validate on 68 samples
Epoch 1/1

  10/1200 [..............................] - ETA: 1s - loss: 1.0740 - acc: 0.6000
  70/1200 [>.............................] - ETA: 0s - loss: 1.1503 - acc: 0.6143
 130/1200 [==>...........................] - ETA: 0s - loss: 1.1435 - acc: 0.6154
 190/1200 [===>..........................] - ETA: 0s - loss: 1.1398 - acc: 0.6421
 250/1200 [=====>........................] - ETA: 0s - loss: 1.1493 - acc: 0.6120
 310/1200 [======>.......................] - ETA: 0s - loss: 1.1300 - acc: 0.6323
 370/1200 [========>.....................] - ETA: 0s - loss: 1.1287 - acc: 0.6243
 430/1200 [=========>....................] - ETA: 0s - loss: 1.1047 - acc: 0.6419
 490/1200 [===========>..................] - ETA: 0s - loss: 1.1142 - acc: 0.6184
 550/1200 [============>.................] - ETA: 0s - loss: 1.1054 - acc: 0.6145
 610/1200 [==============>...............] - ETA: 0s - loss: 1.1027 - acc: 0.6148
 670/1200 [===============>..............] - ETA: 0s - loss: 1.0976 - acc: 0.6119
 730/1200 [=================>............] - ETA: 0s - loss: 1.0844 - acc: 0.6219
 790/1200 [==================>...........] - ETA: 0s - loss: 1.0762 - acc: 0.6228
 850/1200 [====================>.........] - ETA: 0s - loss: 1.0714 - acc: 0.6259
 910/1200 [=====================>........] - ETA: 0s - loss: 1.0706 - acc: 0.6198
 970/1200 [=======================>......] - ETA: 0s - loss: 1.0678 - acc: 0.6196
1030/1200 [========================>.....] - ETA: 0s - loss: 1.0624 - acc: 0.6214
1090/1200 [==========================>...] - ETA: 0s - loss: 1.0613 - acc: 0.6202
1150/1200 [===========================>..] - ETA: 0s - loss: 1.0567 - acc: 0.6209
1200/1200 [==============================] - 1s 899us/step - loss: 1.0510 - acc: 0.6233 - val_loss: 1.0809 - val_acc: 0.4853
Current time ....1.079
Train on 3900 samples, validate on 99 samples
Epoch 1/1

  10/3900 [..............................] - ETA: 3s - loss: 2.4444 - acc: 0.2000
  70/3900 [..............................] - ETA: 3s - loss: 2.4428 - acc: 0.4286
 130/3900 [>.............................] - ETA: 3s - loss: 2.4445 - acc: 0.4769
 190/3900 [>.............................] - ETA: 3s - loss: 2.4437 - acc: 0.4526
 250/3900 [>.............................] - ETA: 3s - loss: 2.4424 - acc: 0.4360
 310/3900 [=>............................] - ETA: 3s - loss: 2.4400 - acc: 0.4387
 370/3900 [=>............................] - ETA: 3s - loss: 2.4403 - acc: 0.4189
 430/3900 [==>...........................] - ETA: 3s - loss: 2.4410 - acc: 0.4116
 490/3900 [==>...........................] - ETA: 3s - loss: 2.4388 - acc: 0.4122
 550/3900 [===>..........................] - ETA: 2s - loss: 2.4391 - acc: 0.4073
 610/3900 [===>..........................] - ETA: 2s - loss: 2.4380 - acc: 0.4033
 670/3900 [====>.........................] - ETA: 2s - loss: 2.4358 - acc: 0.4060
 730/3900 [====>.........................] - ETA: 2s - loss: 2.4356 - acc: 0.4041
 790/3900 [=====>........................] - ETA: 2s - loss: 2.4344 - acc: 0.4076
 850/3900 [=====>........................] - ETA: 2s - loss: 2.4333 - acc: 0.4129
 910/3900 [======>.......................] - ETA: 2s - loss: 2.4316 - acc: 0.4154
 970/3900 [======>.......................] - ETA: 2s - loss: 2.4293 - acc: 0.4237
1030/3900 [======>.......................] - ETA: 2s - loss: 2.4273 - acc: 0.4291
1090/3900 [=======>......................] - ETA: 2s - loss: 2.4253 - acc: 0.4339
1150/3900 [=======>......................] - ETA: 2s - loss: 2.4244 - acc: 0.4348
1210/3900 [========>.....................] - ETA: 2s - loss: 2.4227 - acc: 0.4388
1270/3900 [========>.....................] - ETA: 2s - loss: 2.4211 - acc: 0.4402
1330/3900 [=========>....................] - ETA: 2s - loss: 2.4188 - acc: 0.4421
1390/3900 [=========>....................] - ETA: 2s - loss: 2.4173 - acc: 0.4410
1450/3900 [==========>...................] - ETA: 2s - loss: 2.4155 - acc: 0.4476
1510/3900 [==========>...................] - ETA: 2s - loss: 2.4135 - acc: 0.4497
1570/3900 [===========>..................] - ETA: 2s - loss: 2.4120 - acc: 0.4446
1630/3900 [===========>..................] - ETA: 2s - loss: 2.4100 - acc: 0.4448
1690/3900 [============>.................] - ETA: 1s - loss: 2.4080 - acc: 0.4444
1750/3900 [============>.................] - ETA: 1s - loss: 2.4067 - acc: 0.4451
1810/3900 [============>.................] - ETA: 1s - loss: 2.4047 - acc: 0.4459
1870/3900 [=============>................] - ETA: 1s - loss: 2.4027 - acc: 0.4481
1930/3900 [=============>................] - ETA: 1s - loss: 2.4001 - acc: 0.4503
1990/3900 [==============>...............] - ETA: 1s - loss: 2.3982 - acc: 0.4518
2050/3900 [==============>...............] - ETA: 1s - loss: 2.3956 - acc: 0.4522
2110/3900 [===============>..............] - ETA: 1s - loss: 2.3938 - acc: 0.4521
2170/3900 [===============>..............] - ETA: 1s - loss: 2.3909 - acc: 0.4535
2230/3900 [================>.............] - ETA: 1s - loss: 2.3889 - acc: 0.4525
2290/3900 [================>.............] - ETA: 1s - loss: 2.3865 - acc: 0.4507
2350/3900 [=================>............] - ETA: 1s - loss: 2.3839 - acc: 0.4477
2410/3900 [=================>............] - ETA: 1s - loss: 2.3817 - acc: 0.4461
2470/3900 [==================>...........] - ETA: 1s - loss: 2.3795 - acc: 0.4425
2530/3900 [==================>...........] - ETA: 1s - loss: 2.3773 - acc: 0.4391
2590/3900 [==================>...........] - ETA: 1s - loss: 2.3747 - acc: 0.4382
2650/3900 [===================>..........] - ETA: 1s - loss: 2.3720 - acc: 0.4374
2710/3900 [===================>..........] - ETA: 1s - loss: 2.3697 - acc: 0.4362
2770/3900 [====================>.........] - ETA: 1s - loss: 2.3668 - acc: 0.4354
2830/3900 [====================>.........] - ETA: 0s - loss: 2.3639 - acc: 0.4360
2890/3900 [=====================>........] - ETA: 0s - loss: 2.3613 - acc: 0.4356
2950/3900 [=====================>........] - ETA: 0s - loss: 2.3591 - acc: 0.4332
3010/3900 [======================>.......] - ETA: 0s - loss: 2.3560 - acc: 0.4312
3070/3900 [======================>.......] - ETA: 0s - loss: 2.3537 - acc: 0.4296
3130/3900 [=======================>......] - ETA: 0s - loss: 2.3511 - acc: 0.4297
3190/3900 [=======================>......] - ETA: 0s - loss: 2.3479 - acc: 0.4282
3250/3900 [========================>.....] - ETA: 0s - loss: 2.3445 - acc: 0.4286
3310/3900 [========================>.....] - ETA: 0s - loss: 2.3414 - acc: 0.4269
3370/3900 [========================>.....] - ETA: 0s - loss: 2.3382 - acc: 0.4270
3430/3900 [=========================>....] - ETA: 0s - loss: 2.3356 - acc: 0.4259
3490/3900 [=========================>....] - ETA: 0s - loss: 2.3327 - acc: 0.4244
3550/3900 [==========================>...] - ETA: 0s - loss: 2.3305 - acc: 0.4231
3610/3900 [==========================>...] - ETA: 0s - loss: 2.3273 - acc: 0.4222
3670/3900 [===========================>..] - ETA: 0s - loss: 2.3242 - acc: 0.4223
3730/3900 [===========================>..] - ETA: 0s - loss: 2.3208 - acc: 0.4236
3790/3900 [============================>.] - ETA: 0s - loss: 2.3173 - acc: 0.4232
3850/3900 [============================>.] - ETA: 0s - loss: 2.3135 - acc: 0.4231
3900/3900 [==============================] - 4s 900us/step - loss: 2.3112 - acc: 0.4238 - val_loss: 2.1980 - val_acc: 0.1919
Current time ....3.509
Train on 600 samples, validate on 86 samples
Epoch 1/1

 10/600 [..............................] - ETA: 0s - loss: 0.6010 - acc: 0.8000
 70/600 [==>...........................] - ETA: 0s - loss: 0.4639 - acc: 0.9714
130/600 [=====>........................] - ETA: 0s - loss: 0.4611 - acc: 0.9769
190/600 [========>.....................] - ETA: 0s - loss: 0.4602 - acc: 0.9842
250/600 [===========>..................] - ETA: 0s - loss: 0.4622 - acc: 0.9720
310/600 [==============>...............] - ETA: 0s - loss: 0.4399 - acc: 0.9774
370/600 [=================>............] - ETA: 0s - loss: 0.4283 - acc: 0.9784
430/600 [====================>.........] - ETA: 0s - loss: 0.4178 - acc: 0.9814
490/600 [=======================>......] - ETA: 0s - loss: 0.4127 - acc: 0.9776
550/600 [==========================>...] - ETA: 0s - loss: 0.4070 - acc: 0.9782
600/600 [==============================] - 1s 919us/step - loss: 0.4019 - acc: 0.9783 - val_loss: 0.4150 - val_acc: 0.9419
Current time ....0.552
Train on 1200 samples, validate on 68 samples
Epoch 1/1

  10/1200 [..............................] - ETA: 1s - loss: 0.7576 - acc: 0.9000
  70/1200 [>.............................] - ETA: 1s - loss: 0.8592 - acc: 0.7000
 130/1200 [==>...........................] - ETA: 0s - loss: 0.8960 - acc: 0.6385
 190/1200 [===>..........................] - ETA: 0s - loss: 0.8844 - acc: 0.6474
 250/1200 [=====>........................] - ETA: 0s - loss: 0.8994 - acc: 0.6400
 310/1200 [======>.......................] - ETA: 0s - loss: 0.8871 - acc: 0.6484
 370/1200 [========>.....................] - ETA: 0s - loss: 0.8683 - acc: 0.6730
 430/1200 [=========>....................] - ETA: 0s - loss: 0.8697 - acc: 0.6767
 490/1200 [===========>..................] - ETA: 0s - loss: 0.8589 - acc: 0.6857
 550/1200 [============>.................] - ETA: 0s - loss: 0.8492 - acc: 0.6891
 610/1200 [==============>...............] - ETA: 0s - loss: 0.8477 - acc: 0.6885
 670/1200 [===============>..............] - ETA: 0s - loss: 0.8517 - acc: 0.6851
 730/1200 [=================>............] - ETA: 0s - loss: 0.8541 - acc: 0.6863
 790/1200 [==================>...........] - ETA: 0s - loss: 0.8499 - acc: 0.6886
 850/1200 [====================>.........] - ETA: 0s - loss: 0.8483 - acc: 0.6918
 910/1200 [=====================>........] - ETA: 0s - loss: 0.8457 - acc: 0.6989
 970/1200 [=======================>......] - ETA: 0s - loss: 0.8398 - acc: 0.6979
1030/1200 [========================>.....] - ETA: 0s - loss: 0.8320 - acc: 0.7019
1090/1200 [==========================>...] - ETA: 0s - loss: 0.8303 - acc: 0.7000
1150/1200 [===========================>..] - ETA: 0s - loss: 0.8273 - acc: 0.7000
1200/1200 [==============================] - 1s 909us/step - loss: 0.8218 - acc: 0.7008 - val_loss: 0.9960 - val_acc: 0.5735
Current time ....1.091
Train on 3900 samples, validate on 99 samples
Epoch 1/1

  10/3900 [..............................] - ETA: 3s - loss: 2.1954 - acc: 0.2000
  70/3900 [..............................] - ETA: 3s - loss: 2.0587 - acc: 0.4000
 130/3900 [>.............................] - ETA: 3s - loss: 2.0850 - acc: 0.3923
 190/3900 [>.............................] - ETA: 3s - loss: 2.0836 - acc: 0.4158
 250/3900 [>.............................] - ETA: 3s - loss: 2.0832 - acc: 0.4080
 310/3900 [=>............................] - ETA: 3s - loss: 2.0829 - acc: 0.4065
 370/3900 [=>............................] - ETA: 3s - loss: 2.0833 - acc: 0.4135
 430/3900 [==>...........................] - ETA: 3s - loss: 2.0763 - acc: 0.4256
 490/3900 [==>...........................] - ETA: 3s - loss: 2.0754 - acc: 0.4163
 550/3900 [===>..........................] - ETA: 2s - loss: 2.0739 - acc: 0.4109
 610/3900 [===>..........................] - ETA: 2s - loss: 2.0702 - acc: 0.3984
 670/3900 [====>.........................] - ETA: 2s - loss: 2.0699 - acc: 0.4000
 730/3900 [====>.........................] - ETA: 2s - loss: 2.0651 - acc: 0.3986
 790/3900 [=====>........................] - ETA: 2s - loss: 2.0632 - acc: 0.3848
 850/3900 [=====>........................] - ETA: 2s - loss: 2.0597 - acc: 0.3918
 910/3900 [======>.......................] - ETA: 2s - loss: 2.0559 - acc: 0.3934
 970/3900 [======>.......................] - ETA: 2s - loss: 2.0524 - acc: 0.3918
1030/3900 [======>.......................] - ETA: 2s - loss: 2.0477 - acc: 0.3883
1090/3900 [=======>......................] - ETA: 2s - loss: 2.0435 - acc: 0.3881
1150/3900 [=======>......................] - ETA: 2s - loss: 2.0386 - acc: 0.3887
1210/3900 [========>.....................] - ETA: 2s - loss: 2.0363 - acc: 0.3860
1270/3900 [========>.....................] - ETA: 2s - loss: 2.0343 - acc: 0.3843
1330/3900 [=========>....................] - ETA: 2s - loss: 2.0312 - acc: 0.3835
1390/3900 [=========>....................] - ETA: 2s - loss: 2.0294 - acc: 0.3842
1450/3900 [==========>...................] - ETA: 2s - loss: 2.0269 - acc: 0.3800
1510/3900 [==========>...................] - ETA: 2s - loss: 2.0244 - acc: 0.3781
1570/3900 [===========>..................] - ETA: 2s - loss: 2.0217 - acc: 0.3771
1630/3900 [===========>..................] - ETA: 2s - loss: 2.0179 - acc: 0.3767
1690/3900 [============>.................] - ETA: 1s - loss: 2.0136 - acc: 0.3775
1750/3900 [============>.................] - ETA: 1s - loss: 2.0118 - acc: 0.3737
1810/3900 [============>.................] - ETA: 1s - loss: 2.0104 - acc: 0.3724
1870/3900 [=============>................] - ETA: 1s - loss: 2.0081 - acc: 0.3717
1930/3900 [=============>................] - ETA: 1s - loss: 2.0053 - acc: 0.3736
1990/3900 [==============>...............] - ETA: 1s - loss: 2.0031 - acc: 0.3739
2050/3900 [==============>...............] - ETA: 1s - loss: 2.0003 - acc: 0.3727
2110/3900 [===============>..............] - ETA: 1s - loss: 1.9980 - acc: 0.3730
2170/3900 [===============>..............] - ETA: 1s - loss: 1.9952 - acc: 0.3719
2230/3900 [================>.............] - ETA: 1s - loss: 1.9944 - acc: 0.3731
2290/3900 [================>.............] - ETA: 1s - loss: 1.9919 - acc: 0.3760
2350/3900 [=================>............] - ETA: 1s - loss: 1.9900 - acc: 0.3766
2410/3900 [=================>............] - ETA: 1s - loss: 1.9883 - acc: 0.3763
2470/3900 [==================>...........] - ETA: 1s - loss: 1.9844 - acc: 0.3798
2530/3900 [==================>...........] - ETA: 1s - loss: 1.9818 - acc: 0.3798
2590/3900 [==================>...........] - ETA: 1s - loss: 1.9802 - acc: 0.3819
2650/3900 [===================>..........] - ETA: 1s - loss: 1.9782 - acc: 0.3826
2710/3900 [===================>..........] - ETA: 1s - loss: 1.9759 - acc: 0.3845
2770/3900 [====================>.........] - ETA: 1s - loss: 1.9732 - acc: 0.3852
2830/3900 [====================>.........] - ETA: 0s - loss: 1.9722 - acc: 0.3845
2890/3900 [=====================>........] - ETA: 0s - loss: 1.9714 - acc: 0.3844
2950/3900 [=====================>........] - ETA: 0s - loss: 1.9685 - acc: 0.3881
3010/3900 [======================>.......] - ETA: 0s - loss: 1.9663 - acc: 0.3910
3070/3900 [======================>.......] - ETA: 0s - loss: 1.9644 - acc: 0.3919
3130/3900 [=======================>......] - ETA: 0s - loss: 1.9635 - acc: 0.3911
3190/3900 [=======================>......] - ETA: 0s - loss: 1.9620 - acc: 0.3915
3250/3900 [========================>.....] - ETA: 0s - loss: 1.9603 - acc: 0.3938
3310/3900 [========================>.....] - ETA: 0s - loss: 1.9578 - acc: 0.3946
3370/3900 [========================>.....] - ETA: 0s - loss: 1.9542 - acc: 0.3979
3430/3900 [=========================>....] - ETA: 0s - loss: 1.9528 - acc: 0.4000
3490/3900 [=========================>....] - ETA: 0s - loss: 1.9503 - acc: 0.4014
3550/3900 [==========================>...] - ETA: 0s - loss: 1.9474 - acc: 0.4025
3610/3900 [==========================>...] - ETA: 0s - loss: 1.9456 - acc: 0.4019
3670/3900 [===========================>..] - ETA: 0s - loss: 1.9427 - acc: 0.4046
3730/3900 [===========================>..] - ETA: 0s - loss: 1.9414 - acc: 0.4040
3790/3900 [============================>.] - ETA: 0s - loss: 1.9400 - acc: 0.4040
3850/3900 [============================>.] - ETA: 0s - loss: 1.9380 - acc: 0.4039
3900/3900 [==============================] - 4s 901us/step - loss: 1.9361 - acc: 0.4054 - val_loss: 1.8738 - val_acc: 0.3838
Current time ....3.513
Train on 600 samples, validate on 86 samples
Epoch 1/1

 10/600 [..............................] - ETA: 0s - loss: 0.2996 - acc: 1.0000
 70/600 [==>...........................] - ETA: 0s - loss: 0.3005 - acc: 0.9857
130/600 [=====>........................] - ETA: 0s - loss: 0.3030 - acc: 0.9769
190/600 [========>.....................] - ETA: 0s - loss: 0.2936 - acc: 0.9842
250/600 [===========>..................] - ETA: 0s - loss: 0.2805 - acc: 0.9800
310/600 [==============>...............] - ETA: 0s - loss: 0.2767 - acc: 0.9839
370/600 [=================>............] - ETA: 0s - loss: 0.2751 - acc: 0.9865
430/600 [====================>.........] - ETA: 0s - loss: 0.2633 - acc: 0.9884
490/600 [=======================>......] - ETA: 0s - loss: 0.2593 - acc: 0.9898
550/600 [==========================>...] - ETA: 0s - loss: 0.2597 - acc: 0.9855
600/600 [==============================] - 1s 929us/step - loss: 0.2577 - acc: 0.9833 - val_loss: 0.3588 - val_acc: 0.9302
Current time ....0.558
Train on 1200 samples, validate on 68 samples
Epoch 1/1

  10/1200 [..............................] - ETA: 1s - loss: 0.7229 - acc: 0.8000
  70/1200 [>.............................] - ETA: 1s - loss: 0.7063 - acc: 0.8714
 130/1200 [==>...........................] - ETA: 0s - loss: 0.6993 - acc: 0.8154
 190/1200 [===>..........................] - ETA: 0s - loss: 0.6951 - acc: 0.7947
 250/1200 [=====>........................] - ETA: 0s - loss: 0.6825 - acc: 0.8160
 310/1200 [======>.......................] - ETA: 0s - loss: 0.6737 - acc: 0.8032
 370/1200 [========>.....................] - ETA: 0s - loss: 0.6546 - acc: 0.8081
 430/1200 [=========>....................] - ETA: 0s - loss: 0.6597 - acc: 0.8000
 490/1200 [===========>..................] - ETA: 0s - loss: 0.6519 - acc: 0.8020
 550/1200 [============>.................] - ETA: 0s - loss: 0.6502 - acc: 0.8000
 610/1200 [==============>...............] - ETA: 0s - loss: 0.6486 - acc: 0.7984
 670/1200 [===============>..............] - ETA: 0s - loss: 0.6481 - acc: 0.8015
 730/1200 [=================>............] - ETA: 0s - loss: 0.6493 - acc: 0.7986
 790/1200 [==================>...........] - ETA: 0s - loss: 0.6476 - acc: 0.7987
 850/1200 [====================>.........] - ETA: 0s - loss: 0.6390 - acc: 0.8000
 910/1200 [=====================>........] - ETA: 0s - loss: 0.6364 - acc: 0.8011
 970/1200 [=======================>......] - ETA: 0s - loss: 0.6305 - acc: 0.8041
1030/1200 [========================>.....] - ETA: 0s - loss: 0.6299 - acc: 0.8049
1090/1200 [==========================>...] - ETA: 0s - loss: 0.6236 - acc: 0.8092
1150/1200 [===========================>..] - ETA: 0s - loss: 0.6234 - acc: 0.8061
1200/1200 [==============================] - 1s 901us/step - loss: 0.6180 - acc: 0.8083 - val_loss: 1.0298 - val_acc: 0.5147
Current time ....1.081
Train on 3900 samples, validate on 99 samples
Epoch 1/1

  10/3900 [..............................] - ETA: 3s - loss: 1.6932 - acc: 0.5000
  70/3900 [..............................] - ETA: 3s - loss: 1.7497 - acc: 0.4571
 130/3900 [>.............................] - ETA: 3s - loss: 1.7823 - acc: 0.5154
 190/3900 [>.............................] - ETA: 3s - loss: 1.8069 - acc: 0.4895
 250/3900 [>.............................] - ETA: 3s - loss: 1.7866 - acc: 0.5040
 310/3900 [=>............................] - ETA: 3s - loss: 1.7881 - acc: 0.4871
 370/3900 [=>............................] - ETA: 3s - loss: 1.7901 - acc: 0.4730
 430/3900 [==>...........................] - ETA: 3s - loss: 1.7874 - acc: 0.4767
 490/3900 [==>...........................] - ETA: 3s - loss: 1.7881 - acc: 0.4796
 550/3900 [===>..........................] - ETA: 3s - loss: 1.7906 - acc: 0.4691
 610/3900 [===>..........................] - ETA: 2s - loss: 1.7883 - acc: 0.4689
 670/3900 [====>.........................] - ETA: 2s - loss: 1.7878 - acc: 0.4582
 730/3900 [====>.........................] - ETA: 2s - loss: 1.7836 - acc: 0.4589
 790/3900 [=====>........................] - ETA: 2s - loss: 1.7817 - acc: 0.4582
 850/3900 [=====>........................] - ETA: 2s - loss: 1.7837 - acc: 0.4506
 910/3900 [======>.......................] - ETA: 2s - loss: 1.7852 - acc: 0.4549
 970/3900 [======>.......................] - ETA: 2s - loss: 1.7846 - acc: 0.4588
1030/3900 [======>.......................] - ETA: 2s - loss: 1.7804 - acc: 0.4612
1090/3900 [=======>......................] - ETA: 2s - loss: 1.7787 - acc: 0.4578
1150/3900 [=======>......................] - ETA: 2s - loss: 1.7776 - acc: 0.4548
1210/3900 [========>.....................] - ETA: 2s - loss: 1.7749 - acc: 0.4537
1270/3900 [========>.....................] - ETA: 2s - loss: 1.7731 - acc: 0.4543
1330/3900 [=========>....................] - ETA: 2s - loss: 1.7738 - acc: 0.4496
1390/3900 [=========>....................] - ETA: 2s - loss: 1.7753 - acc: 0.4482
1450/3900 [==========>...................] - ETA: 2s - loss: 1.7740 - acc: 0.4462
1510/3900 [==========>...................] - ETA: 2s - loss: 1.7755 - acc: 0.4444
1570/3900 [===========>..................] - ETA: 2s - loss: 1.7724 - acc: 0.4459
1630/3900 [===========>..................] - ETA: 2s - loss: 1.7741 - acc: 0.4460
1690/3900 [============>.................] - ETA: 1s - loss: 1.7735 - acc: 0.4467
1750/3900 [============>.................] - ETA: 1s - loss: 1.7756 - acc: 0.4446
1810/3900 [============>.................] - ETA: 1s - loss: 1.7731 - acc: 0.4475
1870/3900 [=============>................] - ETA: 1s - loss: 1.7706 - acc: 0.4481
1930/3900 [=============>................] - ETA: 1s - loss: 1.7713 - acc: 0.4440
1990/3900 [==============>...............] - ETA: 1s - loss: 1.7673 - acc: 0.4452
2050/3900 [==============>...............] - ETA: 1s - loss: 1.7651 - acc: 0.4468
2110/3900 [===============>..............] - ETA: 1s - loss: 1.7635 - acc: 0.4488
2170/3900 [===============>..............] - ETA: 1s - loss: 1.7626 - acc: 0.4465
2230/3900 [================>.............] - ETA: 1s - loss: 1.7622 - acc: 0.4435
2290/3900 [================>.............] - ETA: 1s - loss: 1.7616 - acc: 0.4432
2350/3900 [=================>............] - ETA: 1s - loss: 1.7618 - acc: 0.4413
2410/3900 [=================>............] - ETA: 1s - loss: 1.7606 - acc: 0.4415
2470/3900 [==================>...........] - ETA: 1s - loss: 1.7579 - acc: 0.4429
2530/3900 [==================>...........] - ETA: 1s - loss: 1.7559 - acc: 0.4439
2590/3900 [==================>...........] - ETA: 1s - loss: 1.7549 - acc: 0.4456
2650/3900 [===================>..........] - ETA: 1s - loss: 1.7522 - acc: 0.4460
2710/3900 [===================>..........] - ETA: 1s - loss: 1.7498 - acc: 0.4465
2770/3900 [====================>.........] - ETA: 1s - loss: 1.7490 - acc: 0.4448
2830/3900 [====================>.........] - ETA: 0s - loss: 1.7479 - acc: 0.4442
2890/3900 [=====================>........] - ETA: 0s - loss: 1.7481 - acc: 0.4422
2950/3900 [=====================>........] - ETA: 0s - loss: 1.7457 - acc: 0.4431
3010/3900 [======================>.......] - ETA: 0s - loss: 1.7468 - acc: 0.4402
3070/3900 [======================>.......] - ETA: 0s - loss: 1.7465 - acc: 0.4407
3130/3900 [=======================>......] - ETA: 0s - loss: 1.7450 - acc: 0.4422
3190/3900 [=======================>......] - ETA: 0s - loss: 1.7423 - acc: 0.4442
3250/3900 [========================>.....] - ETA: 0s - loss: 1.7427 - acc: 0.4443
3310/3900 [========================>.....] - ETA: 0s - loss: 1.7405 - acc: 0.4456
3370/3900 [========================>.....] - ETA: 0s - loss: 1.7398 - acc: 0.4457
3430/3900 [=========================>....] - ETA: 0s - loss: 1.7384 - acc: 0.4458
3490/3900 [=========================>....] - ETA: 0s - loss: 1.7346 - acc: 0.4487
3550/3900 [==========================>...] - ETA: 0s - loss: 1.7316 - acc: 0.4499
3610/3900 [==========================>...] - ETA: 0s - loss: 1.7302 - acc: 0.4507
3670/3900 [===========================>..] - ETA: 0s - loss: 1.7296 - acc: 0.4504
3730/3900 [===========================>..] - ETA: 0s - loss: 1.7272 - acc: 0.4515
3790/3900 [============================>.] - ETA: 0s - loss: 1.7253 - acc: 0.4528
3850/3900 [============================>.] - ETA: 0s - loss: 1.7235 - acc: 0.4525
3900/3900 [==============================] - 4s 900us/step - loss: 1.7223 - acc: 0.4528 - val_loss: 1.8419 - val_acc: 0.3232
Current time ....3.511
Train on 600 samples, validate on 86 samples
Epoch 1/1

 10/600 [..............................] - ETA: 0s - loss: 0.2696 - acc: 1.0000
 70/600 [==>...........................] - ETA: 0s - loss: 0.1848 - acc: 1.0000
130/600 [=====>........................] - ETA: 0s - loss: 0.2017 - acc: 0.9923
190/600 [========>.....................] - ETA: 0s - loss: 0.1979 - acc: 0.9895
250/600 [===========>..................] - ETA: 0s - loss: 0.1911 - acc: 0.9880
310/600 [==============>...............] - ETA: 0s - loss: 0.1851 - acc: 0.9871
370/600 [=================>............] - ETA: 0s - loss: 0.1862 - acc: 0.9865
430/600 [====================>.........] - ETA: 0s - loss: 0.1790 - acc: 0.9884
490/600 [=======================>......] - ETA: 0s - loss: 0.1709 - acc: 0.9898
550/600 [==========================>...] - ETA: 0s - loss: 0.1666 - acc: 0.9891
600/600 [==============================] - 1s 915us/step - loss: 0.1631 - acc: 0.9900 - val_loss: 0.3392 - val_acc: 0.9302
Current time ....0.549
Train on 1200 samples, validate on 68 samples
Epoch 1/1

  10/1200 [..............................] - ETA: 1s - loss: 0.3862 - acc: 0.8000
  70/1200 [>.............................] - ETA: 1s - loss: 0.4768 - acc: 0.8857
 130/1200 [==>...........................] - ETA: 0s - loss: 0.5033 - acc: 0.8385
 190/1200 [===>..........................] - ETA: 0s - loss: 0.5018 - acc: 0.8579
 250/1200 [=====>........................] - ETA: 0s - loss: 0.5020 - acc: 0.8560
 310/1200 [======>.......................] - ETA: 0s - loss: 0.5075 - acc: 0.8548
 370/1200 [========>.....................] - ETA: 0s - loss: 0.5075 - acc: 0.8595
 430/1200 [=========>....................] - ETA: 0s - loss: 0.5066 - acc: 0.8558
 490/1200 [===========>..................] - ETA: 0s - loss: 0.4950 - acc: 0.8673
 550/1200 [============>.................] - ETA: 0s - loss: 0.4899 - acc: 0.8691
 610/1200 [==============>...............] - ETA: 0s - loss: 0.4870 - acc: 0.8721
 670/1200 [===============>..............] - ETA: 0s - loss: 0.4805 - acc: 0.8731
 730/1200 [=================>............] - ETA: 0s - loss: 0.4695 - acc: 0.8753
 790/1200 [==================>...........] - ETA: 0s - loss: 0.4751 - acc: 0.8684
 850/1200 [====================>.........] - ETA: 0s - loss: 0.4760 - acc: 0.8635
 910/1200 [=====================>........] - ETA: 0s - loss: 0.4752 - acc: 0.8615
 970/1200 [=======================>......] - ETA: 0s - loss: 0.4650 - acc: 0.8680
1030/1200 [========================>.....] - ETA: 0s - loss: 0.4635 - acc: 0.8680
1090/1200 [==========================>...] - ETA: 0s - loss: 0.4636 - acc: 0.8679
1150/1200 [===========================>..] - ETA: 0s - loss: 0.4577 - acc: 0.8696
1200/1200 [==============================] - 1s 903us/step - loss: 0.4541 - acc: 0.8700 - val_loss: 0.8399 - val_acc: 0.6765
Current time ....1.084
Train on 3900 samples, validate on 99 samples
Epoch 1/1

  10/3900 [..............................] - ETA: 3s - loss: 1.6537 - acc: 0.3000
  70/3900 [..............................] - ETA: 3s - loss: 1.6075 - acc: 0.4000
 130/3900 [>.............................] - ETA: 3s - loss: 1.5959 - acc: 0.4615
 190/3900 [>.............................] - ETA: 3s - loss: 1.5959 - acc: 0.4684
 250/3900 [>.............................] - ETA: 3s - loss: 1.5715 - acc: 0.5000
 310/3900 [=>............................] - ETA: 3s - loss: 1.5850 - acc: 0.4871
 370/3900 [=>............................] - ETA: 3s - loss: 1.5802 - acc: 0.4757
 430/3900 [==>...........................] - ETA: 3s - loss: 1.5776 - acc: 0.4698
 490/3900 [==>...........................] - ETA: 3s - loss: 1.5737 - acc: 0.4673
 550/3900 [===>..........................] - ETA: 2s - loss: 1.5688 - acc: 0.4727
 610/3900 [===>..........................] - ETA: 2s - loss: 1.5716 - acc: 0.4705
 670/3900 [====>.........................] - ETA: 2s - loss: 1.5684 - acc: 0.4836
 730/3900 [====>.........................] - ETA: 2s - loss: 1.5732 - acc: 0.4836
 790/3900 [=====>........................] - ETA: 2s - loss: 1.5781 - acc: 0.4810
 850/3900 [=====>........................] - ETA: 2s - loss: 1.5794 - acc: 0.4894
 910/3900 [======>.......................] - ETA: 2s - loss: 1.5818 - acc: 0.4868
 970/3900 [======>.......................] - ETA: 2s - loss: 1.5843 - acc: 0.4948
1030/3900 [======>.......................] - ETA: 2s - loss: 1.5798 - acc: 0.4990
1090/3900 [=======>......................] - ETA: 2s - loss: 1.5823 - acc: 0.4954
1150/3900 [=======>......................] - ETA: 2s - loss: 1.5849 - acc: 0.4983
1210/3900 [========>.....................] - ETA: 2s - loss: 1.5825 - acc: 0.4992
1270/3900 [========>.....................] - ETA: 2s - loss: 1.5772 - acc: 0.5055
1330/3900 [=========>....................] - ETA: 2s - loss: 1.5764 - acc: 0.5068
1390/3900 [=========>....................] - ETA: 2s - loss: 1.5760 - acc: 0.5043
1450/3900 [==========>...................] - ETA: 2s - loss: 1.5769 - acc: 0.5014
1510/3900 [==========>...................] - ETA: 2s - loss: 1.5751 - acc: 0.5060
1570/3900 [===========>..................] - ETA: 2s - loss: 1.5785 - acc: 0.5006
1630/3900 [===========>..................] - ETA: 2s - loss: 1.5777 - acc: 0.5025
1690/3900 [============>.................] - ETA: 1s - loss: 1.5709 - acc: 0.5065
1750/3900 [============>.................] - ETA: 1s - loss: 1.5695 - acc: 0.5074
1810/3900 [============>.................] - ETA: 1s - loss: 1.5686 - acc: 0.5083
1870/3900 [=============>................] - ETA: 1s - loss: 1.5679 - acc: 0.5102
1930/3900 [=============>................] - ETA: 1s - loss: 1.5650 - acc: 0.5109
1990/3900 [==============>...............] - ETA: 1s - loss: 1.5631 - acc: 0.5095
2050/3900 [==============>...............] - ETA: 1s - loss: 1.5641 - acc: 0.5078
2110/3900 [===============>..............] - ETA: 1s - loss: 1.5642 - acc: 0.5095
2170/3900 [===============>..............] - ETA: 1s - loss: 1.5630 - acc: 0.5111
2230/3900 [================>.............] - ETA: 1s - loss: 1.5633 - acc: 0.5090
2290/3900 [================>.............] - ETA: 1s - loss: 1.5621 - acc: 0.5122
2350/3900 [=================>............] - ETA: 1s - loss: 1.5593 - acc: 0.5132
2410/3900 [=================>............] - ETA: 1s - loss: 1.5582 - acc: 0.5141
2470/3900 [==================>...........] - ETA: 1s - loss: 1.5577 - acc: 0.5146
2530/3900 [==================>...........] - ETA: 1s - loss: 1.5551 - acc: 0.5158
2590/3900 [==================>...........] - ETA: 1s - loss: 1.5528 - acc: 0.5170
2650/3900 [===================>..........] - ETA: 1s - loss: 1.5519 - acc: 0.5185
2710/3900 [===================>..........] - ETA: 1s - loss: 1.5502 - acc: 0.5210
2770/3900 [====================>.........] - ETA: 1s - loss: 1.5475 - acc: 0.5220
2830/3900 [====================>.........] - ETA: 0s - loss: 1.5464 - acc: 0.5201
2890/3900 [=====================>........] - ETA: 0s - loss: 1.5448 - acc: 0.5211
2950/3900 [=====================>........] - ETA: 0s - loss: 1.5422 - acc: 0.5217
3010/3900 [======================>.......] - ETA: 0s - loss: 1.5429 - acc: 0.5203
3070/3900 [======================>.......] - ETA: 0s - loss: 1.5401 - acc: 0.5208
3130/3900 [=======================>......] - ETA: 0s - loss: 1.5366 - acc: 0.5227
3190/3900 [=======================>......] - ETA: 0s - loss: 1.5347 - acc: 0.5238
3250/3900 [========================>.....] - ETA: 0s - loss: 1.5340 - acc: 0.5231
3310/3900 [========================>.....] - ETA: 0s - loss: 1.5330 - acc: 0.5230
3370/3900 [========================>.....] - ETA: 0s - loss: 1.5319 - acc: 0.5240
3430/3900 [=========================>....] - ETA: 0s - loss: 1.5309 - acc: 0.5224
3490/3900 [=========================>....] - ETA: 0s - loss: 1.5299 - acc: 0.5223
3550/3900 [==========================>...] - ETA: 0s - loss: 1.5282 - acc: 0.5239
3610/3900 [==========================>...] - ETA: 0s - loss: 1.5274 - acc: 0.5235
3670/3900 [===========================>..] - ETA: 0s - loss: 1.5243 - acc: 0.5245
3730/3900 [===========================>..] - ETA: 0s - loss: 1.5232 - acc: 0.5244
3790/3900 [============================>.] - ETA: 0s - loss: 1.5226 - acc: 0.5235
3850/3900 [============================>.] - ETA: 0s - loss: 1.5195 - acc: 0.5252
3900/3900 [==============================] - 4s 901us/step - loss: 1.5179 - acc: 0.5254 - val_loss: 1.6761 - val_acc: 0.4343
Current time ....3.513
Train on 600 samples, validate on 86 samples
Epoch 1/1

 10/600 [..............................] - ETA: 0s - loss: 0.1561 - acc: 1.0000
 70/600 [==>...........................] - ETA: 0s - loss: 0.1001 - acc: 1.0000
130/600 [=====>........................] - ETA: 0s - loss: 0.1056 - acc: 0.9846
190/600 [========>.....................] - ETA: 0s - loss: 0.1202 - acc: 0.9895
250/600 [===========>..................] - ETA: 0s - loss: 0.1200 - acc: 0.9880
310/600 [==============>...............] - ETA: 0s - loss: 0.1210 - acc: 0.9839
370/600 [=================>............] - ETA: 0s - loss: 0.1258 - acc: 0.9811
430/600 [====================>.........] - ETA: 0s - loss: 0.1258 - acc: 0.9791
490/600 [=======================>......] - ETA: 0s - loss: 0.1193 - acc: 0.9796
550/600 [==========================>...] - ETA: 0s - loss: 0.1191 - acc: 0.9818
600/600 [==============================] - 1s 924us/step - loss: 0.1158 - acc: 0.9833 - val_loss: 0.3735 - val_acc: 0.9186
Current time ....0.555
Train on 1200 samples, validate on 68 samples
Epoch 1/1

  10/1200 [..............................] - ETA: 1s - loss: 0.3658 - acc: 0.8000
  70/1200 [>.............................] - ETA: 1s - loss: 0.3184 - acc: 0.9286
 130/1200 [==>...........................] - ETA: 0s - loss: 0.3482 - acc: 0.9231
 190/1200 [===>..........................] - ETA: 0s - loss: 0.3604 - acc: 0.9105
 250/1200 [=====>........................] - ETA: 0s - loss: 0.3559 - acc: 0.9080
 310/1200 [======>.......................] - ETA: 0s - loss: 0.3382 - acc: 0.9161
 370/1200 [========>.....................] - ETA: 0s - loss: 0.3687 - acc: 0.8946
 430/1200 [=========>....................] - ETA: 0s - loss: 0.3596 - acc: 0.9023
 490/1200 [===========>..................] - ETA: 0s - loss: 0.3461 - acc: 0.9082
 550/1200 [============>.................] - ETA: 0s - loss: 0.3538 - acc: 0.9073
 610/1200 [==============>...............] - ETA: 0s - loss: 0.3544 - acc: 0.9049
 670/1200 [===============>..............] - ETA: 0s - loss: 0.3490 - acc: 0.9075
 730/1200 [=================>............] - ETA: 0s - loss: 0.3471 - acc: 0.9027
 790/1200 [==================>...........] - ETA: 0s - loss: 0.3388 - acc: 0.9076
 850/1200 [====================>.........] - ETA: 0s - loss: 0.3383 - acc: 0.9059
 910/1200 [=====================>........] - ETA: 0s - loss: 0.3355 - acc: 0.9077
 970/1200 [=======================>......] - ETA: 0s - loss: 0.3353 - acc: 0.9041
1030/1200 [========================>.....] - ETA: 0s - loss: 0.3319 - acc: 0.9049
1090/1200 [==========================>...] - ETA: 0s - loss: 0.3270 - acc: 0.9092
1150/1200 [===========================>..] - ETA: 0s - loss: 0.3222 - acc: 0.9122
1200/1200 [==============================] - 1s 907us/step - loss: 0.3239 - acc: 0.9125 - val_loss: 0.7317 - val_acc: 0.6618
Current time ....1.088
Train on 3900 samples, validate on 99 samples
Epoch 1/1

  10/3900 [..............................] - ETA: 3s - loss: 1.3599 - acc: 0.6000
  70/3900 [..............................] - ETA: 3s - loss: 1.3681 - acc: 0.6429
 130/3900 [>.............................] - ETA: 3s - loss: 1.3571 - acc: 0.6385
 190/3900 [>.............................] - ETA: 3s - loss: 1.3915 - acc: 0.6105
 250/3900 [>.............................] - ETA: 3s - loss: 1.3715 - acc: 0.6160
 310/3900 [=>............................] - ETA: 3s - loss: 1.3695 - acc: 0.6226
 370/3900 [=>............................] - ETA: 3s - loss: 1.3852 - acc: 0.6081
 430/3900 [==>...........................] - ETA: 3s - loss: 1.3788 - acc: 0.6093
 490/3900 [==>...........................] - ETA: 3s - loss: 1.3728 - acc: 0.6000
 550/3900 [===>..........................] - ETA: 3s - loss: 1.3835 - acc: 0.5964
 610/3900 [===>..........................] - ETA: 2s - loss: 1.3893 - acc: 0.5869
 670/3900 [====>.........................] - ETA: 2s - loss: 1.3872 - acc: 0.5866
 730/3900 [====>.........................] - ETA: 2s - loss: 1.3828 - acc: 0.5890
 790/3900 [=====>........................] - ETA: 2s - loss: 1.3751 - acc: 0.5975
 850/3900 [=====>........................] - ETA: 2s - loss: 1.3774 - acc: 0.5906
 910/3900 [======>.......................] - ETA: 2s - loss: 1.3817 - acc: 0.5912
 970/3900 [======>.......................] - ETA: 2s - loss: 1.3812 - acc: 0.5938
1030/3900 [======>.......................] - ETA: 2s - loss: 1.3788 - acc: 0.5903
1090/3900 [=======>......................] - ETA: 2s - loss: 1.3771 - acc: 0.5899
1150/3900 [=======>......................] - ETA: 2s - loss: 1.3741 - acc: 0.5870
1210/3900 [========>.....................] - ETA: 2s - loss: 1.3692 - acc: 0.5909
1270/3900 [========>.....................] - ETA: 2s - loss: 1.3649 - acc: 0.5890
1330/3900 [=========>....................] - ETA: 2s - loss: 1.3690 - acc: 0.5857
1390/3900 [=========>....................] - ETA: 2s - loss: 1.3621 - acc: 0.5892
1450/3900 [==========>...................] - ETA: 2s - loss: 1.3642 - acc: 0.5869
1510/3900 [==========>...................] - ETA: 2s - loss: 1.3590 - acc: 0.5887
1570/3900 [===========>..................] - ETA: 2s - loss: 1.3564 - acc: 0.5879
1630/3900 [===========>..................] - ETA: 2s - loss: 1.3526 - acc: 0.5883
1690/3900 [============>.................] - ETA: 1s - loss: 1.3529 - acc: 0.5858
1750/3900 [============>.................] - ETA: 1s - loss: 1.3509 - acc: 0.5863
1810/3900 [============>.................] - ETA: 1s - loss: 1.3543 - acc: 0.5862
1870/3900 [=============>................] - ETA: 1s - loss: 1.3533 - acc: 0.5856
1930/3900 [=============>................] - ETA: 1s - loss: 1.3508 - acc: 0.5839
1990/3900 [==============>...............] - ETA: 1s - loss: 1.3502 - acc: 0.5829
2050/3900 [==============>...............] - ETA: 1s - loss: 1.3476 - acc: 0.5839
2110/3900 [===============>..............] - ETA: 1s - loss: 1.3446 - acc: 0.5834
2170/3900 [===============>..............] - ETA: 1s - loss: 1.3438 - acc: 0.5866
2230/3900 [================>.............] - ETA: 1s - loss: 1.3424 - acc: 0.5874
2290/3900 [================>.............] - ETA: 1s - loss: 1.3390 - acc: 0.5895
2350/3900 [=================>............] - ETA: 1s - loss: 1.3339 - acc: 0.5932
2410/3900 [=================>............] - ETA: 1s - loss: 1.3350 - acc: 0.5929
2470/3900 [==================>...........] - ETA: 1s - loss: 1.3318 - acc: 0.5935
2530/3900 [==================>...........] - ETA: 1s - loss: 1.3298 - acc: 0.5941
2590/3900 [==================>...........] - ETA: 1s - loss: 1.3281 - acc: 0.5958
2650/3900 [===================>..........] - ETA: 1s - loss: 1.3288 - acc: 0.5932
2710/3900 [===================>..........] - ETA: 1s - loss: 1.3273 - acc: 0.5934
2770/3900 [====================>.........] - ETA: 1s - loss: 1.3217 - acc: 0.5960
2830/3900 [====================>.........] - ETA: 0s - loss: 1.3212 - acc: 0.5936
2890/3900 [=====================>........] - ETA: 0s - loss: 1.3184 - acc: 0.5948
2950/3900 [=====================>........] - ETA: 0s - loss: 1.3178 - acc: 0.5946
3010/3900 [======================>.......] - ETA: 0s - loss: 1.3175 - acc: 0.5940
3070/3900 [======================>.......] - ETA: 0s - loss: 1.3180 - acc: 0.5928
3130/3900 [=======================>......] - ETA: 0s - loss: 1.3131 - acc: 0.5949
3190/3900 [=======================>......] - ETA: 0s - loss: 1.3095 - acc: 0.5975
3250/3900 [========================>.....] - ETA: 0s - loss: 1.3079 - acc: 0.5982
3310/3900 [========================>.....] - ETA: 0s - loss: 1.3086 - acc: 0.5973
3370/3900 [========================>.....] - ETA: 0s - loss: 1.3074 - acc: 0.5970
3430/3900 [=========================>....] - ETA: 0s - loss: 1.3060 - acc: 0.5983
3490/3900 [=========================>....] - ETA: 0s - loss: 1.3033 - acc: 0.5994
3550/3900 [==========================>...] - ETA: 0s - loss: 1.3024 - acc: 0.6000
3610/3900 [==========================>...] - ETA: 0s - loss: 1.3002 - acc: 0.5992
3670/3900 [===========================>..] - ETA: 0s - loss: 1.2984 - acc: 0.6000
3730/3900 [===========================>..] - ETA: 0s - loss: 1.2984 - acc: 0.5995
3790/3900 [============================>.] - ETA: 0s - loss: 1.2978 - acc: 0.5989
3850/3900 [============================>.] - ETA: 0s - loss: 1.2928 - acc: 0.6018
3900/3900 [==============================] - 4s 898us/step - loss: 1.2910 - acc: 0.6026 - val_loss: 1.5631 - val_acc: 0.4545
Current time ....3.502
Train on 600 samples, validate on 86 samples
Epoch 1/1

 10/600 [..............................] - ETA: 0s - loss: 0.0930 - acc: 1.0000
 70/600 [==>...........................] - ETA: 0s - loss: 0.0980 - acc: 0.9857
130/600 [=====>........................] - ETA: 0s - loss: 0.0875 - acc: 0.9923
190/600 [========>.....................] - ETA: 0s - loss: 0.0904 - acc: 0.9895
250/600 [===========>..................] - ETA: 0s - loss: 0.0851 - acc: 0.9920
310/600 [==============>...............] - ETA: 0s - loss: 0.0826 - acc: 0.9903
370/600 [=================>............] - ETA: 0s - loss: 0.0810 - acc: 0.9892
430/600 [====================>.........] - ETA: 0s - loss: 0.0815 - acc: 0.9907
490/600 [=======================>......] - ETA: 0s - loss: 0.0784 - acc: 0.9918
550/600 [==========================>...] - ETA: 0s - loss: 0.0799 - acc: 0.9909
600/600 [==============================] - 1s 917us/step - loss: 0.0811 - acc: 0.9900 - val_loss: 0.3808 - val_acc: 0.9186
Current time ....0.551
Train on 1200 samples, validate on 68 samples
Epoch 1/1

  10/1200 [..............................] - ETA: 1s - loss: 0.0957 - acc: 1.0000
  70/1200 [>.............................] - ETA: 1s - loss: 0.2500 - acc: 0.9286
 130/1200 [==>...........................] - ETA: 0s - loss: 0.2355 - acc: 0.9308
 190/1200 [===>..........................] - ETA: 0s - loss: 0.2559 - acc: 0.9316
 250/1200 [=====>........................] - ETA: 0s - loss: 0.2534 - acc: 0.9280
 310/1200 [======>.......................] - ETA: 0s - loss: 0.2603 - acc: 0.9290
 370/1200 [========>.....................] - ETA: 0s - loss: 0.2563 - acc: 0.9324
 430/1200 [=========>....................] - ETA: 0s - loss: 0.2558 - acc: 0.9349
 490/1200 [===========>..................] - ETA: 0s - loss: 0.2500 - acc: 0.9408
 550/1200 [============>.................] - ETA: 0s - loss: 0.2430 - acc: 0.9436
 610/1200 [==============>...............] - ETA: 0s - loss: 0.2317 - acc: 0.9475
 670/1200 [===============>..............] - ETA: 0s - loss: 0.2318 - acc: 0.9478
 730/1200 [=================>............] - ETA: 0s - loss: 0.2320 - acc: 0.9493
 790/1200 [==================>...........] - ETA: 0s - loss: 0.2395 - acc: 0.9443
 850/1200 [====================>.........] - ETA: 0s - loss: 0.2389 - acc: 0.9435
 910/1200 [=====================>........] - ETA: 0s - loss: 0.2364 - acc: 0.9462
 970/1200 [=======================>......] - ETA: 0s - loss: 0.2396 - acc: 0.9433
1030/1200 [========================>.....] - ETA: 0s - loss: 0.2366 - acc: 0.9466
1090/1200 [==========================>...] - ETA: 0s - loss: 0.2363 - acc: 0.9450
1150/1200 [===========================>..] - ETA: 0s - loss: 0.2336 - acc: 0.9470
1200/1200 [==============================] - 1s 907us/step - loss: 0.2309 - acc: 0.9475 - val_loss: 0.7032 - val_acc: 0.7059
Current time ....1.088
Train on 3900 samples, validate on 99 samples
Epoch 1/1

  10/3900 [..............................] - ETA: 3s - loss: 1.3679 - acc: 0.5000
  70/3900 [..............................] - ETA: 3s - loss: 1.3075 - acc: 0.6000
 130/3900 [>.............................] - ETA: 3s - loss: 1.3131 - acc: 0.5769
 190/3900 [>.............................] - ETA: 3s - loss: 1.2949 - acc: 0.5789
 250/3900 [>.............................] - ETA: 3s - loss: 1.2750 - acc: 0.5920
 310/3900 [=>............................] - ETA: 3s - loss: 1.2449 - acc: 0.5968
 370/3900 [=>............................] - ETA: 3s - loss: 1.2363 - acc: 0.6054
 430/3900 [==>...........................] - ETA: 3s - loss: 1.2265 - acc: 0.6116
 490/3900 [==>...........................] - ETA: 3s - loss: 1.2087 - acc: 0.6204
 550/3900 [===>..........................] - ETA: 2s - loss: 1.2096 - acc: 0.6127
 610/3900 [===>..........................] - ETA: 2s - loss: 1.2091 - acc: 0.6131
 670/3900 [====>.........................] - ETA: 2s - loss: 1.2070 - acc: 0.6134
 730/3900 [====>.........................] - ETA: 2s - loss: 1.1996 - acc: 0.6110
 790/3900 [=====>........................] - ETA: 2s - loss: 1.1905 - acc: 0.6139
 850/3900 [=====>........................] - ETA: 2s - loss: 1.1857 - acc: 0.6153
 910/3900 [======>.......................] - ETA: 2s - loss: 1.1745 - acc: 0.6209
 970/3900 [======>.......................] - ETA: 2s - loss: 1.1776 - acc: 0.6216
1030/3900 [======>.......................] - ETA: 2s - loss: 1.1786 - acc: 0.6175
1090/3900 [=======>......................] - ETA: 2s - loss: 1.1765 - acc: 0.6202
1150/3900 [=======>......................] - ETA: 2s - loss: 1.1736 - acc: 0.6226
1210/3900 [========>.....................] - ETA: 2s - loss: 1.1718 - acc: 0.6240
1270/3900 [========>.....................] - ETA: 2s - loss: 1.1735 - acc: 0.6252
1330/3900 [=========>....................] - ETA: 2s - loss: 1.1737 - acc: 0.6248
1390/3900 [=========>....................] - ETA: 2s - loss: 1.1696 - acc: 0.6281
1450/3900 [==========>...................] - ETA: 2s - loss: 1.1612 - acc: 0.6352
1510/3900 [==========>...................] - ETA: 2s - loss: 1.1601 - acc: 0.6371
1570/3900 [===========>..................] - ETA: 2s - loss: 1.1582 - acc: 0.6350
1630/3900 [===========>..................] - ETA: 2s - loss: 1.1562 - acc: 0.6362
1690/3900 [============>.................] - ETA: 1s - loss: 1.1566 - acc: 0.6367
1750/3900 [============>.................] - ETA: 1s - loss: 1.1547 - acc: 0.6371
1810/3900 [============>.................] - ETA: 1s - loss: 1.1542 - acc: 0.6392
1870/3900 [=============>................] - ETA: 1s - loss: 1.1512 - acc: 0.6417
1930/3900 [=============>................] - ETA: 1s - loss: 1.1520 - acc: 0.6415
1990/3900 [==============>...............] - ETA: 1s - loss: 1.1503 - acc: 0.6422
2050/3900 [==============>...............] - ETA: 1s - loss: 1.1462 - acc: 0.6434
2110/3900 [===============>..............] - ETA: 1s - loss: 1.1465 - acc: 0.6412
2170/3900 [===============>..............] - ETA: 1s - loss: 1.1409 - acc: 0.6419
2230/3900 [================>.............] - ETA: 1s - loss: 1.1398 - acc: 0.6417
2290/3900 [================>.............] - ETA: 1s - loss: 1.1399 - acc: 0.6402
2350/3900 [=================>............] - ETA: 1s - loss: 1.1363 - acc: 0.6417
2410/3900 [=================>............] - ETA: 1s - loss: 1.1296 - acc: 0.6432
2470/3900 [==================>...........] - ETA: 1s - loss: 1.1272 - acc: 0.6437
2530/3900 [==================>...........] - ETA: 1s - loss: 1.1217 - acc: 0.6458
2590/3900 [==================>...........] - ETA: 1s - loss: 1.1188 - acc: 0.6471
2650/3900 [===================>..........] - ETA: 1s - loss: 1.1180 - acc: 0.6460
2710/3900 [===================>..........] - ETA: 1s - loss: 1.1153 - acc: 0.6476
2770/3900 [====================>.........] - ETA: 1s - loss: 1.1101 - acc: 0.6505
2830/3900 [====================>.........] - ETA: 0s - loss: 1.1079 - acc: 0.6519
2890/3900 [=====================>........] - ETA: 0s - loss: 1.1048 - acc: 0.6522
2950/3900 [=====================>........] - ETA: 0s - loss: 1.1043 - acc: 0.6522
3010/3900 [======================>.......] - ETA: 0s - loss: 1.1002 - acc: 0.6525
3070/3900 [======================>.......] - ETA: 0s - loss: 1.0947 - acc: 0.6550
3130/3900 [=======================>......] - ETA: 0s - loss: 1.0936 - acc: 0.6546
3190/3900 [=======================>......] - ETA: 0s - loss: 1.0929 - acc: 0.6542
3250/3900 [========================>.....] - ETA: 0s - loss: 1.0916 - acc: 0.6542
3310/3900 [========================>.....] - ETA: 0s - loss: 1.0918 - acc: 0.6550
3370/3900 [========================>.....] - ETA: 0s - loss: 1.0898 - acc: 0.6552
3430/3900 [=========================>....] - ETA: 0s - loss: 1.0894 - acc: 0.6563
3490/3900 [=========================>....] - ETA: 0s - loss: 1.0905 - acc: 0.6550
3550/3900 [==========================>...] - ETA: 0s - loss: 1.0877 - acc: 0.6558
3610/3900 [==========================>...] - ETA: 0s - loss: 1.0860 - acc: 0.6560
3670/3900 [===========================>..] - ETA: 0s - loss: 1.0850 - acc: 0.6559
3730/3900 [===========================>..] - ETA: 0s - loss: 1.0840 - acc: 0.6566
3790/3900 [============================>.] - ETA: 0s - loss: 1.0815 - acc: 0.6565
3850/3900 [============================>.] - ETA: 0s - loss: 1.0771 - acc: 0.6590
3900/3900 [==============================] - 4s 902us/step - loss: 1.0759 - acc: 0.6590 - val_loss: 1.5343 - val_acc: 0.4545
Current time ....3.520
Train on 600 samples, validate on 86 samples
Epoch 1/1

 10/600 [..............................] - ETA: 0s - loss: 0.0836 - acc: 1.0000
 70/600 [==>...........................] - ETA: 0s - loss: 0.0579 - acc: 1.0000
130/600 [=====>........................] - ETA: 0s - loss: 0.0643 - acc: 1.0000
190/600 [========>.....................] - ETA: 0s - loss: 0.0605 - acc: 1.0000
250/600 [===========>..................] - ETA: 0s - loss: 0.0593 - acc: 1.0000
310/600 [==============>...............] - ETA: 0s - loss: 0.0589 - acc: 1.0000
370/600 [=================>............] - ETA: 0s - loss: 0.0575 - acc: 1.0000
430/600 [====================>.........] - ETA: 0s - loss: 0.0589 - acc: 0.9977
490/600 [=======================>......] - ETA: 0s - loss: 0.0600 - acc: 0.9959
550/600 [==========================>...] - ETA: 0s - loss: 0.0589 - acc: 0.9964
600/600 [==============================] - 1s 921us/step - loss: 0.0582 - acc: 0.9967 - val_loss: 0.4124 - val_acc: 0.9186
Current time ....0.553
Train on 1200 samples, validate on 68 samples
Epoch 1/1

  10/1200 [..............................] - ETA: 1s - loss: 0.2471 - acc: 1.0000
  70/1200 [>.............................] - ETA: 0s - loss: 0.1592 - acc: 0.9857
 130/1200 [==>...........................] - ETA: 0s - loss: 0.1476 - acc: 0.9923
 190/1200 [===>..........................] - ETA: 0s - loss: 0.1456 - acc: 0.9842
 250/1200 [=====>........................] - ETA: 0s - loss: 0.1550 - acc: 0.9880
 310/1200 [======>.......................] - ETA: 0s - loss: 0.1650 - acc: 0.9774
 370/1200 [========>.....................] - ETA: 0s - loss: 0.1628 - acc: 0.9784
 430/1200 [=========>....................] - ETA: 0s - loss: 0.1622 - acc: 0.9791
 490/1200 [===========>..................] - ETA: 0s - loss: 0.1589 - acc: 0.9796
 550/1200 [============>.................] - ETA: 0s - loss: 0.1624 - acc: 0.9764
 610/1200 [==============>...............] - ETA: 0s - loss: 0.1708 - acc: 0.9738
 670/1200 [===============>..............] - ETA: 0s - loss: 0.1725 - acc: 0.9716
 730/1200 [=================>............] - ETA: 0s - loss: 0.1715 - acc: 0.9685
 790/1200 [==================>...........] - ETA: 0s - loss: 0.1710 - acc: 0.9709
 850/1200 [====================>.........] - ETA: 0s - loss: 0.1701 - acc: 0.9706
 910/1200 [=====================>........] - ETA: 0s - loss: 0.1697 - acc: 0.9703
 970/1200 [=======================>......] - ETA: 0s - loss: 0.1675 - acc: 0.9701
1030/1200 [========================>.....] - ETA: 0s - loss: 0.1671 - acc: 0.9680
1090/1200 [==========================>...] - ETA: 0s - loss: 0.1674 - acc: 0.9679
1150/1200 [===========================>..] - ETA: 0s - loss: 0.1643 - acc: 0.9687
1200/1200 [==============================] - 1s 901us/step - loss: 0.1651 - acc: 0.9667 - val_loss: 0.9090 - val_acc: 0.6618
Current time ....1.082
Train on 3900 samples, validate on 99 samples
Epoch 1/1

  10/3900 [..............................] - ETA: 3s - loss: 0.8809 - acc: 0.9000
  70/3900 [..............................] - ETA: 3s - loss: 0.9022 - acc: 0.7286
 130/3900 [>.............................] - ETA: 3s - loss: 0.9488 - acc: 0.6923
 190/3900 [>.............................] - ETA: 3s - loss: 0.8771 - acc: 0.7421
 250/3900 [>.............................] - ETA: 3s - loss: 0.8744 - acc: 0.7440
 310/3900 [=>............................] - ETA: 3s - loss: 0.8947 - acc: 0.7258
 370/3900 [=>............................] - ETA: 3s - loss: 0.9364 - acc: 0.7189
 430/3900 [==>...........................] - ETA: 3s - loss: 0.9500 - acc: 0.7023
 490/3900 [==>...........................] - ETA: 3s - loss: 0.9549 - acc: 0.7020
 550/3900 [===>..........................] - ETA: 3s - loss: 0.9645 - acc: 0.6909
 610/3900 [===>..........................] - ETA: 2s - loss: 0.9580 - acc: 0.6934
 670/3900 [====>.........................] - ETA: 2s - loss: 0.9568 - acc: 0.6925
 730/3900 [====>.........................] - ETA: 2s - loss: 0.9468 - acc: 0.7000
 790/3900 [=====>........................] - ETA: 2s - loss: 0.9536 - acc: 0.6911
 850/3900 [=====>........................] - ETA: 2s - loss: 0.9584 - acc: 0.6882
 910/3900 [======>.......................] - ETA: 2s - loss: 0.9550 - acc: 0.6912
 970/3900 [======>.......................] - ETA: 2s - loss: 0.9573 - acc: 0.6928
1030/3900 [======>.......................] - ETA: 2s - loss: 0.9540 - acc: 0.6922
1090/3900 [=======>......................] - ETA: 2s - loss: 0.9452 - acc: 0.6982
1150/3900 [=======>......................] - ETA: 2s - loss: 0.9422 - acc: 0.6983
1210/3900 [========>.....................] - ETA: 2s - loss: 0.9379 - acc: 0.7008
1270/3900 [========>.....................] - ETA: 2s - loss: 0.9307 - acc: 0.7055
1330/3900 [=========>....................] - ETA: 2s - loss: 0.9284 - acc: 0.7038
1390/3900 [=========>....................] - ETA: 2s - loss: 0.9231 - acc: 0.7086
1450/3900 [==========>...................] - ETA: 2s - loss: 0.9184 - acc: 0.7097
1510/3900 [==========>...................] - ETA: 2s - loss: 0.9275 - acc: 0.7046
1570/3900 [===========>..................] - ETA: 2s - loss: 0.9306 - acc: 0.7013
1630/3900 [===========>..................] - ETA: 2s - loss: 0.9235 - acc: 0.7043
1690/3900 [============>.................] - ETA: 1s - loss: 0.9211 - acc: 0.7065
1750/3900 [============>.................] - ETA: 1s - loss: 0.9191 - acc: 0.7063
1810/3900 [============>.................] - ETA: 1s - loss: 0.9165 - acc: 0.7083
1870/3900 [=============>................] - ETA: 1s - loss: 0.9180 - acc: 0.7059
1930/3900 [=============>................] - ETA: 1s - loss: 0.9200 - acc: 0.7067
1990/3900 [==============>...............] - ETA: 1s - loss: 0.9203 - acc: 0.7060
2050/3900 [==============>...............] - ETA: 1s - loss: 0.9150 - acc: 0.7088
2110/3900 [===============>..............] - ETA: 1s - loss: 0.9178 - acc: 0.7076
2170/3900 [===============>..............] - ETA: 1s - loss: 0.9179 - acc: 0.7074
2230/3900 [================>.............] - ETA: 1s - loss: 0.9147 - acc: 0.7081
2290/3900 [================>.............] - ETA: 1s - loss: 0.9144 - acc: 0.7066
2350/3900 [=================>............] - ETA: 1s - loss: 0.9151 - acc: 0.7051
2410/3900 [=================>............] - ETA: 1s - loss: 0.9127 - acc: 0.7046
2470/3900 [==================>...........] - ETA: 1s - loss: 0.9067 - acc: 0.7081
2530/3900 [==================>...........] - ETA: 1s - loss: 0.9045 - acc: 0.7095
2590/3900 [==================>...........] - ETA: 1s - loss: 0.9033 - acc: 0.7097
2650/3900 [===================>..........] - ETA: 1s - loss: 0.8999 - acc: 0.7106
2710/3900 [===================>..........] - ETA: 1s - loss: 0.9011 - acc: 0.7103
2770/3900 [====================>.........] - ETA: 1s - loss: 0.9009 - acc: 0.7101
2830/3900 [====================>.........] - ETA: 0s - loss: 0.8984 - acc: 0.7117
2890/3900 [=====================>........] - ETA: 0s - loss: 0.8947 - acc: 0.7135
2950/3900 [=====================>........] - ETA: 0s - loss: 0.8932 - acc: 0.7136
3010/3900 [======================>.......] - ETA: 0s - loss: 0.8922 - acc: 0.7140
3070/3900 [======================>.......] - ETA: 0s - loss: 0.8906 - acc: 0.7143
3130/3900 [=======================>......] - ETA: 0s - loss: 0.8913 - acc: 0.7134
3190/3900 [=======================>......] - ETA: 0s - loss: 0.8875 - acc: 0.7150
3250/3900 [========================>.....] - ETA: 0s - loss: 0.8880 - acc: 0.7148
3310/3900 [========================>.....] - ETA: 0s - loss: 0.8867 - acc: 0.7151
3370/3900 [========================>.....] - ETA: 0s - loss: 0.8880 - acc: 0.7145
3420/3900 [=========================>....] - ETA: 0s - loss: 0.8895 - acc: 0.7135
3480/3900 [=========================>....] - ETA: 0s - loss: 0.8890 - acc: 0.7138
3540/3900 [==========================>...] - ETA: 0s - loss: 0.8894 - acc: 0.7136
3600/3900 [==========================>...] - ETA: 0s - loss: 0.8899 - acc: 0.7133
3660/3900 [===========================>..] - ETA: 0s - loss: 0.8877 - acc: 0.7148
3720/3900 [===========================>..] - ETA: 0s - loss: 0.8879 - acc: 0.7159
3780/3900 [============================>.] - ETA: 0s - loss: 0.8887 - acc: 0.7151
3840/3900 [============================>.] - ETA: 0s - loss: 0.8892 - acc: 0.7148
3900/3900 [==============================] - 4s 907us/step - loss: 0.8883 - acc: 0.7151 - val_loss: 1.4911 - val_acc: 0.4747
Current time ....3.539
Train on 600 samples, validate on 86 samples
Epoch 1/1

 10/600 [..............................] - ETA: 0s - loss: 0.0184 - acc: 1.0000
 70/600 [==>...........................] - ETA: 0s - loss: 0.0575 - acc: 1.0000
130/600 [=====>........................] - ETA: 0s - loss: 0.0523 - acc: 1.0000
190/600 [========>.....................] - ETA: 0s - loss: 0.0520 - acc: 1.0000
250/600 [===========>..................] - ETA: 0s - loss: 0.0505 - acc: 1.0000
310/600 [==============>...............] - ETA: 0s - loss: 0.0491 - acc: 1.0000
370/600 [=================>............] - ETA: 0s - loss: 0.0483 - acc: 0.9973
430/600 [====================>.........] - ETA: 0s - loss: 0.0481 - acc: 0.9977
490/600 [=======================>......] - ETA: 0s - loss: 0.0455 - acc: 0.9980
550/600 [==========================>...] - ETA: 0s - loss: 0.0457 - acc: 0.9982
600/600 [==============================] - 1s 935us/step - loss: 0.0448 - acc: 0.9983 - val_loss: 0.4257 - val_acc: 0.9186
Current time ....0.561
Train on 1200 samples, validate on 68 samples
Epoch 1/1

  10/1200 [..............................] - ETA: 1s - loss: 0.1101 - acc: 1.0000
  70/1200 [>.............................] - ETA: 1s - loss: 0.1031 - acc: 1.0000
 130/1200 [==>...........................] - ETA: 0s - loss: 0.1156 - acc: 1.0000
 190/1200 [===>..........................] - ETA: 0s - loss: 0.1134 - acc: 0.9947
 250/1200 [=====>........................] - ETA: 0s - loss: 0.1169 - acc: 0.9880
 310/1200 [======>.......................] - ETA: 0s - loss: 0.1188 - acc: 0.9871
 370/1200 [========>.....................] - ETA: 0s - loss: 0.1151 - acc: 0.9892
 430/1200 [=========>....................] - ETA: 0s - loss: 0.1219 - acc: 0.9814
 490/1200 [===========>..................] - ETA: 0s - loss: 0.1164 - acc: 0.9837
 550/1200 [============>.................] - ETA: 0s - loss: 0.1158 - acc: 0.9836
 610/1200 [==============>...............] - ETA: 0s - loss: 0.1200 - acc: 0.9836
 670/1200 [===============>..............] - ETA: 0s - loss: 0.1185 - acc: 0.9836
 730/1200 [=================>............] - ETA: 0s - loss: 0.1194 - acc: 0.9849
 790/1200 [==================>...........] - ETA: 0s - loss: 0.1210 - acc: 0.9835
 850/1200 [====================>.........] - ETA: 0s - loss: 0.1202 - acc: 0.9835
 910/1200 [=====================>........] - ETA: 0s - loss: 0.1237 - acc: 0.9791
 970/1200 [=======================>......] - ETA: 0s - loss: 0.1228 - acc: 0.9804
1030/1200 [========================>.....] - ETA: 0s - loss: 0.1216 - acc: 0.9816
1090/1200 [==========================>...] - ETA: 0s - loss: 0.1189 - acc: 0.9826
1150/1200 [===========================>..] - ETA: 0s - loss: 0.1188 - acc: 0.9826
1200/1200 [==============================] - 1s 912us/step - loss: 0.1179 - acc: 0.9833 - val_loss: 0.8743 - val_acc: 0.6912
Current time ....1.095
Train on 3900 samples, validate on 99 samples
Epoch 1/1

  10/3900 [..............................] - ETA: 3s - loss: 0.5807 - acc: 0.8000
  70/3900 [..............................] - ETA: 3s - loss: 0.7280 - acc: 0.7571
 130/3900 [>.............................] - ETA: 3s - loss: 0.7690 - acc: 0.7077
 190/3900 [>.............................] - ETA: 3s - loss: 0.8163 - acc: 0.6947
 250/3900 [>.............................] - ETA: 3s - loss: 0.8047 - acc: 0.7000
 310/3900 [=>............................] - ETA: 3s - loss: 0.8198 - acc: 0.7000
 370/3900 [=>............................] - ETA: 3s - loss: 0.8383 - acc: 0.6865
 430/3900 [==>...........................] - ETA: 3s - loss: 0.8122 - acc: 0.7023
 490/3900 [==>...........................] - ETA: 3s - loss: 0.8147 - acc: 0.7041
 550/3900 [===>..........................] - ETA: 3s - loss: 0.7963 - acc: 0.7145
 610/3900 [===>..........................] - ETA: 2s - loss: 0.7673 - acc: 0.7279
 670/3900 [====>.........................] - ETA: 2s - loss: 0.7656 - acc: 0.7328
 730/3900 [====>.........................] - ETA: 2s - loss: 0.7690 - acc: 0.7342
 790/3900 [=====>........................] - ETA: 2s - loss: 0.7693 - acc: 0.7354
 850/3900 [=====>........................] - ETA: 2s - loss: 0.7692 - acc: 0.7376
 910/3900 [======>.......................] - ETA: 2s - loss: 0.7790 - acc: 0.7330
 970/3900 [======>.......................] - ETA: 2s - loss: 0.7783 - acc: 0.7361
1030/3900 [======>.......................] - ETA: 2s - loss: 0.7826 - acc: 0.7369
1090/3900 [=======>......................] - ETA: 2s - loss: 0.7778 - acc: 0.7376
1150/3900 [=======>......................] - ETA: 2s - loss: 0.7685 - acc: 0.7400
1210/3900 [========>.....................] - ETA: 2s - loss: 0.7654 - acc: 0.7421
1270/3900 [========>.....................] - ETA: 2s - loss: 0.7644 - acc: 0.7425
1330/3900 [=========>....................] - ETA: 2s - loss: 0.7621 - acc: 0.7451
1390/3900 [=========>....................] - ETA: 2s - loss: 0.7605 - acc: 0.7460
1450/3900 [==========>...................] - ETA: 2s - loss: 0.7628 - acc: 0.7448
1510/3900 [==========>...................] - ETA: 2s - loss: 0.7635 - acc: 0.7457
1570/3900 [===========>..................] - ETA: 2s - loss: 0.7594 - acc: 0.7471
1630/3900 [===========>..................] - ETA: 2s - loss: 0.7589 - acc: 0.7472
1690/3900 [============>.................] - ETA: 1s - loss: 0.7596 - acc: 0.7473
1750/3900 [============>.................] - ETA: 1s - loss: 0.7544 - acc: 0.7520
1810/3900 [============>.................] - ETA: 1s - loss: 0.7534 - acc: 0.7508
1870/3900 [=============>................] - ETA: 1s - loss: 0.7537 - acc: 0.7513
1930/3900 [=============>................] - ETA: 1s - loss: 0.7507 - acc: 0.7523
1990/3900 [==============>...............] - ETA: 1s - loss: 0.7561 - acc: 0.7497
2050/3900 [==============>...............] - ETA: 1s - loss: 0.7554 - acc: 0.7493
2110/3900 [===============>..............] - ETA: 1s - loss: 0.7551 - acc: 0.7502
2170/3900 [===============>..............] - ETA: 1s - loss: 0.7522 - acc: 0.7512
2230/3900 [================>.............] - ETA: 1s - loss: 0.7515 - acc: 0.7525
2290/3900 [================>.............] - ETA: 1s - loss: 0.7476 - acc: 0.7541
2350/3900 [=================>............] - ETA: 1s - loss: 0.7481 - acc: 0.7540
2410/3900 [=================>............] - ETA: 1s - loss: 0.7457 - acc: 0.7544
2470/3900 [==================>...........] - ETA: 1s - loss: 0.7428 - acc: 0.7551
2530/3900 [==================>...........] - ETA: 1s - loss: 0.7369 - acc: 0.7581
2590/3900 [==================>...........] - ETA: 1s - loss: 0.7372 - acc: 0.7583
2650/3900 [===================>..........] - ETA: 1s - loss: 0.7342 - acc: 0.7596
2710/3900 [===================>..........] - ETA: 1s - loss: 0.7338 - acc: 0.7587
2770/3900 [====================>.........] - ETA: 1s - loss: 0.7331 - acc: 0.7585
2830/3900 [====================>.........] - ETA: 0s - loss: 0.7325 - acc: 0.7580
2890/3900 [=====================>........] - ETA: 0s - loss: 0.7349 - acc: 0.7557
2950/3900 [=====================>........] - ETA: 0s - loss: 0.7325 - acc: 0.7573
3010/3900 [======================>.......] - ETA: 0s - loss: 0.7296 - acc: 0.7591
3070/3900 [======================>.......] - ETA: 0s - loss: 0.7309 - acc: 0.7580
3130/3900 [=======================>......] - ETA: 0s - loss: 0.7265 - acc: 0.7597
3190/3900 [=======================>......] - ETA: 0s - loss: 0.7254 - acc: 0.7589
3250/3900 [========================>.....] - ETA: 0s - loss: 0.7258 - acc: 0.7591
3310/3900 [========================>.....] - ETA: 0s - loss: 0.7260 - acc: 0.7589
3370/3900 [========================>.....] - ETA: 0s - loss: 0.7292 - acc: 0.7576
3430/3900 [=========================>....] - ETA: 0s - loss: 0.7274 - acc: 0.7580
3490/3900 [=========================>....] - ETA: 0s - loss: 0.7250 - acc: 0.7590
3550/3900 [==========================>...] - ETA: 0s - loss: 0.7245 - acc: 0.7589
3610/3900 [==========================>...] - ETA: 0s - loss: 0.7254 - acc: 0.7579
3670/3900 [===========================>..] - ETA: 0s - loss: 0.7267 - acc: 0.7572
3730/3900 [===========================>..] - ETA: 0s - loss: 0.7258 - acc: 0.7568
3790/3900 [============================>.] - ETA: 0s - loss: 0.7266 - acc: 0.7570
3850/3900 [============================>.] - ETA: 0s - loss: 0.7259 - acc: 0.7569
3900/3900 [==============================] - 4s 908us/step - loss: 0.7268 - acc: 0.7562 - val_loss: 1.6729 - val_acc: 0.4141
Current time ....3.541
Train on 600 samples, validate on 86 samples
Epoch 1/1

 10/600 [..............................] - ETA: 0s - loss: 0.0240 - acc: 1.0000
 70/600 [==>...........................] - ETA: 0s - loss: 0.0269 - acc: 1.0000
130/600 [=====>........................] - ETA: 0s - loss: 0.0308 - acc: 1.0000
190/600 [========>.....................] - ETA: 0s - loss: 0.0302 - acc: 1.0000
250/600 [===========>..................] - ETA: 0s - loss: 0.0354 - acc: 0.9960
310/600 [==============>...............] - ETA: 0s - loss: 0.0335 - acc: 0.9968
370/600 [=================>............] - ETA: 0s - loss: 0.0342 - acc: 0.9973
430/600 [====================>.........] - ETA: 0s - loss: 0.0352 - acc: 0.9977
490/600 [=======================>......] - ETA: 0s - loss: 0.0338 - acc: 0.9980
550/600 [==========================>...] - ETA: 0s - loss: 0.0362 - acc: 0.9964
600/600 [==============================] - 1s 935us/step - loss: 0.0360 - acc: 0.9967 - val_loss: 0.4474 - val_acc: 0.9186
Current time ....0.561
Train on 1200 samples, validate on 68 samples
Epoch 1/1

  10/1200 [..............................] - ETA: 1s - loss: 0.0531 - acc: 1.0000
  70/1200 [>.............................] - ETA: 1s - loss: 0.0798 - acc: 0.9857
 130/1200 [==>...........................] - ETA: 0s - loss: 0.0858 - acc: 0.9923
 190/1200 [===>..........................] - ETA: 0s - loss: 0.0923 - acc: 0.9895
 250/1200 [=====>........................] - ETA: 0s - loss: 0.0859 - acc: 0.9920
 310/1200 [======>.......................] - ETA: 0s - loss: 0.0871 - acc: 0.9935
 370/1200 [========>.....................] - ETA: 0s - loss: 0.0885 - acc: 0.9919
 430/1200 [=========>....................] - ETA: 0s - loss: 0.0912 - acc: 0.9907
 490/1200 [===========>..................] - ETA: 0s - loss: 0.0900 - acc: 0.9918
 550/1200 [============>.................] - ETA: 0s - loss: 0.0912 - acc: 0.9909
 610/1200 [==============>...............] - ETA: 0s - loss: 0.0910 - acc: 0.9918
 670/1200 [===============>..............] - ETA: 0s - loss: 0.0903 - acc: 0.9925
 730/1200 [=================>............] - ETA: 0s - loss: 0.0905 - acc: 0.9904
 790/1200 [==================>...........] - ETA: 0s - loss: 0.0866 - acc: 0.9911
 850/1200 [====================>.........] - ETA: 0s - loss: 0.0841 - acc: 0.9918
 910/1200 [=====================>........] - ETA: 0s - loss: 0.0836 - acc: 0.9923
 970/1200 [=======================>......] - ETA: 0s - loss: 0.0827 - acc: 0.9928
1030/1200 [========================>.....] - ETA: 0s - loss: 0.0836 - acc: 0.9922
1090/1200 [==========================>...] - ETA: 0s - loss: 0.0835 - acc: 0.9927
1150/1200 [===========================>..] - ETA: 0s - loss: 0.0838 - acc: 0.9930
1200/1200 [==============================] - 1s 917us/step - loss: 0.0836 - acc: 0.9933 - val_loss: 0.8395 - val_acc: 0.6912
Current time ....1.100

32/99 [========>.....................] - ETA: 0s
99/99 [==============================] - 0s 98us/step
In EVALUATE loss:  [1.672936008434103, 0.41414141444244768]

32/86 [==========>...................] - ETA: 0s
86/86 [==============================] - 0s 83us/step
In EVALUATE loss:  [0.44742616560570031, 0.91860465393509971]

32/68 [=============>................] - ETA: 0s
68/68 [==============================] - 0s 101us/step
In EVALUATE loss:  [0.8394608217127183, 0.69117647058823528]
Task 1 : Primary site - Macro F1 score 0.248765242242
Task 1 : Primary site - Micro F1 score 0.414141414141
Task 2 : Tumor laterality - Macro F1 score 0.918593644354
Task 2 : Tumor laterality - Micro F1 score 0.918604651163
Task 3 : Histological grade - Macro F1 score 0.532335164835
Task 3 : Histological grade - Micro F1 score 0.691176470588
Average loss:  0.986607665251
