Importing candle utils for keras
Configuration file:  /gpfs/mira-home/apeck/Modified_Benchmarks/Pilot3/P3B1/p3b1_default_model.txt
{'activation': 'relu',
 'batch_size': 10,
 'data_url': 'ftp://ftp.mcs.anl.gov/pub/candle/public/benchmarks/P3B1/',
 'drop': 0.0,
 'epochs': 10,
 'feature_names': 'Primary site:Tumor laterality:Histological grade',
 'ind_nnet_spec': [[2400, 2400, 1200, 1200],
                   [2400, 2400, 1200, 1200],
                   [2400, 2400, 1200, 1200]],
 'initialization': 'glorot_uniform',
 'learning_rate': 0.01,
 'loss': 'categorical_crossentropy',
 'metrics': 'accuracy',
 'model_name': 'p3b1',
 'n_fold': 1,
 'optimizer': 'sgd',
 'out_activation': 'softmax',
 'output_dir': '.',
 'scaling': 'none',
 'shared_nnet_spec': [1200,
                      2400,
                      3600,
                      3600,
                      3600,
                      3600,
                      3600,
                      3600,
                      3600,
                      2400],
 'shuffle': True,
 'timeout': 1800,
 'train_data': 'P3B1_data.tar.gz'}
Params:
{'activation': 'relu',
 'batch_size': 10,
 'case': 'CenterZ',
 'data_url': 'ftp://ftp.mcs.anl.gov/pub/candle/public/benchmarks/P3B1/',
 'datatype': <class 'numpy.float32'>,
 'drop': 0.0,
 'epochs': 10,
 'experiment_id': 'EXP000',
 'feature_names': 'Primary site:Tumor laterality:Histological grade',
 'fig': False,
 'gpus': [],
 'ind_nnet_spec': [[2400, 2400, 1200, 1200],
                   [2400, 2400, 1200, 1200],
                   [2400, 2400, 1200, 1200]],
 'initialization': 'glorot_uniform',
 'learning_rate': 0.01,
 'logfile': None,
 'loss': 'categorical_crossentropy',
 'metrics': 'accuracy',
 'model_name': 'p3b1',
 'n_fold': 1,
 'optimizer': 'sgd',
 'out_activation': 'softmax',
 'output_dir': '/gpfs/mira-home/apeck/CANDLE_testing/avery_modified_results/p3_1',
 'output_files': 'result0_0.csv;result1_0.csv;result2_0.csv',
 'rng_seed': 7102,
 'run_id': 'RUN000',
 'scaling': 'none',
 'shared_nnet_spec': [1200,
                      2400,
                      3600,
                      3600,
                      3600,
                      3600,
                      3600,
                      3600,
                      3600,
                      2400],
 'shuffle': False,
 'timeout': 1800,
 'train_bool': True,
 'train_data': 'P3B1_data.tar.gz',
 'train_features': 'data/task0_0_train_feature.csv;data/task1_0_train_feature.csv;data/task2_0_train_feature.csv',
 'train_truths': 'data/task0_0_train_label.csv;data/task1_0_train_label.csv;data/task2_0_train_label.csv',
 'valid_features': 'data/task0_0_test_feature.csv;data/task1_0_test_feature.csv;data/task2_0_test_feature.csv',
 'valid_truths': 'data/task0_0_test_label.csv;data/task1_0_test_label.csv;data/task2_0_test_label.csv',
 'verbose': None}
Feature names:
Primary site
Tumor laterality
Histological grade
Model:  0
_________________________________________________________________
Layer (type)                 Output Shape              Param #   
=================================================================
input (InputLayer)           (None, 400)               0         
_________________________________________________________________
indiv_layer_0_0 (Dense)      (None, 2400)              962400    
_________________________________________________________________
indiv_layer_0_1 (Dense)      (None, 2400)              5762400   
_________________________________________________________________
indiv_layer_0_2 (Dense)      (None, 1200)              2881200   
_________________________________________________________________
indiv_layer_0_3 (Dense)      (None, 1200)              1441200   
_________________________________________________________________
out_0 (Dense)                (None, 13)                15613     
=================================================================
Total params: 11,062,813
Trainable params: 11,062,813
Non-trainable params: 0
_________________________________________________________________
Model:  1
_________________________________________________________________
Layer (type)                 Output Shape              Param #   
=================================================================
input (InputLayer)           (None, 400)               0         
_________________________________________________________________
indiv_layer_1_0 (Dense)      (None, 2400)              962400    
_________________________________________________________________
indiv_layer_1_1 (Dense)      (None, 2400)              5762400   
_________________________________________________________________
indiv_layer_1_2 (Dense)      (None, 1200)              2881200   
_________________________________________________________________
indiv_layer_1_3 (Dense)      (None, 1200)              1441200   
_________________________________________________________________
out_1 (Dense)                (None, 2)                 2402      
=================================================================
Total params: 11,049,602
Trainable params: 11,049,602
Non-trainable params: 0
_________________________________________________________________
Model:  2
_________________________________________________________________
Layer (type)                 Output Shape              Param #   
=================================================================
input (InputLayer)           (None, 400)               0         
_________________________________________________________________
indiv_layer_2_0 (Dense)      (None, 2400)              962400    
_________________________________________________________________
indiv_layer_2_1 (Dense)      (None, 2400)              5762400   
_________________________________________________________________
indiv_layer_2_2 (Dense)      (None, 1200)              2881200   
_________________________________________________________________
indiv_layer_2_3 (Dense)      (None, 1200)              1441200   
_________________________________________________________________
out_2 (Dense)                (None, 4)                 4804      
=================================================================
Total params: 11,052,004
Trainable params: 11,052,004
Non-trainable params: 0
_________________________________________________________________
Train on 3900 samples, validate on 99 samples
Epoch 1/1

  10/3900 [..............................] - ETA: 15:27 - loss: 2.5640 - acc: 0.1000
  60/3900 [..............................] - ETA: 2:36 - loss: 2.5644 - acc: 0.0833 
 110/3900 [..............................] - ETA: 1:26 - loss: 2.5654 - acc: 0.0545
 160/3900 [>.............................] - ETA: 59s - loss: 2.5647 - acc: 0.0750 
 210/3900 [>.............................] - ETA: 46s - loss: 2.5645 - acc: 0.0857
 260/3900 [=>............................] - ETA: 37s - loss: 2.5638 - acc: 0.0923
 310/3900 [=>............................] - ETA: 31s - loss: 2.5634 - acc: 0.1032
 360/3900 [=>............................] - ETA: 27s - loss: 2.5628 - acc: 0.1250
 420/3900 [==>...........................] - ETA: 23s - loss: 2.5631 - acc: 0.1167
 480/3900 [==>...........................] - ETA: 20s - loss: 2.5628 - acc: 0.1146
 540/3900 [===>..........................] - ETA: 18s - loss: 2.5628 - acc: 0.1167
 600/3900 [===>..........................] - ETA: 16s - loss: 2.5624 - acc: 0.1233
 660/3900 [====>.........................] - ETA: 15s - loss: 2.5625 - acc: 0.1182
 720/3900 [====>.........................] - ETA: 13s - loss: 2.5622 - acc: 0.1208
 780/3900 [=====>........................] - ETA: 12s - loss: 2.5621 - acc: 0.1205
 840/3900 [=====>........................] - ETA: 11s - loss: 2.5620 - acc: 0.1202
 900/3900 [=====>........................] - ETA: 10s - loss: 2.5617 - acc: 0.1267
 960/3900 [======>.......................] - ETA: 10s - loss: 2.5613 - acc: 0.1292
1020/3900 [======>.......................] - ETA: 9s - loss: 2.5614 - acc: 0.1304 
1080/3900 [=======>......................] - ETA: 8s - loss: 2.5610 - acc: 0.1296
1140/3900 [=======>......................] - ETA: 8s - loss: 2.5605 - acc: 0.1307
1200/3900 [========>.....................] - ETA: 7s - loss: 2.5605 - acc: 0.1275
1260/3900 [========>.....................] - ETA: 7s - loss: 2.5603 - acc: 0.1246
1320/3900 [=========>....................] - ETA: 7s - loss: 2.5600 - acc: 0.1235
1380/3900 [=========>....................] - ETA: 6s - loss: 2.5599 - acc: 0.1196
1440/3900 [==========>...................] - ETA: 6s - loss: 2.5599 - acc: 0.1160
1500/3900 [==========>...................] - ETA: 6s - loss: 2.5596 - acc: 0.1167
1560/3900 [===========>..................] - ETA: 5s - loss: 2.5595 - acc: 0.1192
1620/3900 [===========>..................] - ETA: 5s - loss: 2.5592 - acc: 0.1253
1680/3900 [===========>..................] - ETA: 5s - loss: 2.5590 - acc: 0.1321
1740/3900 [============>.................] - ETA: 5s - loss: 2.5589 - acc: 0.1339
1800/3900 [============>.................] - ETA: 4s - loss: 2.5587 - acc: 0.1372
1860/3900 [=============>................] - ETA: 4s - loss: 2.5585 - acc: 0.1387
1920/3900 [=============>................] - ETA: 4s - loss: 2.5585 - acc: 0.1411
1980/3900 [==============>...............] - ETA: 4s - loss: 2.5583 - acc: 0.1455
2040/3900 [==============>...............] - ETA: 3s - loss: 2.5582 - acc: 0.1480
2100/3900 [===============>..............] - ETA: 3s - loss: 2.5579 - acc: 0.1533
2160/3900 [===============>..............] - ETA: 3s - loss: 2.5578 - acc: 0.1542
2220/3900 [================>.............] - ETA: 3s - loss: 2.5575 - acc: 0.1586
2280/3900 [================>.............] - ETA: 3s - loss: 2.5573 - acc: 0.1623
2340/3900 [=================>............] - ETA: 3s - loss: 2.5572 - acc: 0.1645
2400/3900 [=================>............] - ETA: 2s - loss: 2.5570 - acc: 0.1696
2460/3900 [=================>............] - ETA: 2s - loss: 2.5568 - acc: 0.1715
2520/3900 [==================>...........] - ETA: 2s - loss: 2.5566 - acc: 0.1758
2580/3900 [==================>...........] - ETA: 2s - loss: 2.5564 - acc: 0.1798
2640/3900 [===================>..........] - ETA: 2s - loss: 2.5562 - acc: 0.1833
2700/3900 [===================>..........] - ETA: 2s - loss: 2.5560 - acc: 0.1870
2760/3900 [====================>.........] - ETA: 2s - loss: 2.5558 - acc: 0.1917
2820/3900 [====================>.........] - ETA: 1s - loss: 2.5555 - acc: 0.1954
2880/3900 [=====================>........] - ETA: 1s - loss: 2.5554 - acc: 0.1986
2940/3900 [=====================>........] - ETA: 1s - loss: 2.5552 - acc: 0.2037
3000/3900 [======================>.......] - ETA: 1s - loss: 2.5549 - acc: 0.2050
3060/3900 [======================>.......] - ETA: 1s - loss: 2.5547 - acc: 0.2065
3120/3900 [=======================>......] - ETA: 1s - loss: 2.5545 - acc: 0.2080
3180/3900 [=======================>......] - ETA: 1s - loss: 2.5544 - acc: 0.2079
3240/3900 [=======================>......] - ETA: 1s - loss: 2.5541 - acc: 0.2127
3300/3900 [========================>.....] - ETA: 0s - loss: 2.5539 - acc: 0.2148
3360/3900 [========================>.....] - ETA: 0s - loss: 2.5536 - acc: 0.2176
3420/3900 [=========================>....] - ETA: 0s - loss: 2.5534 - acc: 0.2190
3480/3900 [=========================>....] - ETA: 0s - loss: 2.5532 - acc: 0.2195
3540/3900 [==========================>...] - ETA: 0s - loss: 2.5530 - acc: 0.2206
3600/3900 [==========================>...] - ETA: 0s - loss: 2.5528 - acc: 0.2236
3660/3900 [===========================>..] - ETA: 0s - loss: 2.5525 - acc: 0.2249
3720/3900 [===========================>..] - ETA: 0s - loss: 2.5522 - acc: 0.2274
3780/3900 [============================>.] - ETA: 0s - loss: 2.5521 - acc: 0.2280
3840/3900 [============================>.] - ETA: 0s - loss: 2.5519 - acc: 0.2289
3900/3900 [==============================] - 6s 2ms/step - loss: 2.5517 - acc: 0.2323 - val_loss: 2.5466 - val_acc: 0.3434
Current time ....5.991
Train on 600 samples, validate on 86 samples
Epoch 1/1

 10/600 [..............................] - ETA: 18s - loss: 0.7072 - acc: 0.4000
 70/600 [==>...........................] - ETA: 2s - loss: 0.6969 - acc: 0.4000 
130/600 [=====>........................] - ETA: 1s - loss: 0.6914 - acc: 0.4923
190/600 [========>.....................] - ETA: 1s - loss: 0.6865 - acc: 0.5368
250/600 [===========>..................] - ETA: 0s - loss: 0.6815 - acc: 0.5600
310/600 [==============>...............] - ETA: 0s - loss: 0.6755 - acc: 0.5968
370/600 [=================>............] - ETA: 0s - loss: 0.6691 - acc: 0.6378
430/600 [====================>.........] - ETA: 0s - loss: 0.6653 - acc: 0.6605
490/600 [=======================>......] - ETA: 0s - loss: 0.6578 - acc: 0.6776
550/600 [==========================>...] - ETA: 0s - loss: 0.6562 - acc: 0.6764
600/600 [==============================] - 1s 1ms/step - loss: 0.6535 - acc: 0.6783 - val_loss: 0.6173 - val_acc: 0.8953
Current time ....0.859
Train on 1200 samples, validate on 68 samples
Epoch 1/1

  10/1200 [..............................] - ETA: 30s - loss: 1.3961 - acc: 0.1000
  70/1200 [>.............................] - ETA: 4s - loss: 1.3787 - acc: 0.3000 
 130/1200 [==>...........................] - ETA: 2s - loss: 1.3861 - acc: 0.2692
 190/1200 [===>..........................] - ETA: 2s - loss: 1.3832 - acc: 0.2684
 250/1200 [=====>........................] - ETA: 1s - loss: 1.3770 - acc: 0.2800
 310/1200 [======>.......................] - ETA: 1s - loss: 1.3718 - acc: 0.3065
 370/1200 [========>.....................] - ETA: 1s - loss: 1.3629 - acc: 0.3243
 430/1200 [=========>....................] - ETA: 1s - loss: 1.3606 - acc: 0.3512
 490/1200 [===========>..................] - ETA: 0s - loss: 1.3552 - acc: 0.3714
 550/1200 [============>.................] - ETA: 0s - loss: 1.3478 - acc: 0.3727
 610/1200 [==============>...............] - ETA: 0s - loss: 1.3451 - acc: 0.3738
 670/1200 [===============>..............] - ETA: 0s - loss: 1.3407 - acc: 0.3821
 730/1200 [=================>............] - ETA: 0s - loss: 1.3353 - acc: 0.3959
 790/1200 [==================>...........] - ETA: 0s - loss: 1.3308 - acc: 0.4089
 850/1200 [====================>.........] - ETA: 0s - loss: 1.3251 - acc: 0.4212
 910/1200 [=====================>........] - ETA: 0s - loss: 1.3209 - acc: 0.4275
 970/1200 [=======================>......] - ETA: 0s - loss: 1.3175 - acc: 0.4412
1030/1200 [========================>.....] - ETA: 0s - loss: 1.3157 - acc: 0.4408
1090/1200 [==========================>...] - ETA: 0s - loss: 1.3121 - acc: 0.4477
1150/1200 [===========================>..] - ETA: 0s - loss: 1.3067 - acc: 0.4617
1200/1200 [==============================] - 1s 1ms/step - loss: 1.3025 - acc: 0.4667 - val_loss: 1.2779 - val_acc: 0.2500
Current time ....1.339
Train on 3900 samples, validate on 99 samples
Epoch 1/1

  10/3900 [..............................] - ETA: 3s - loss: 2.5320 - acc: 0.6000
  70/3900 [..............................] - ETA: 3s - loss: 2.5350 - acc: 0.5000
 130/3900 [>.............................] - ETA: 3s - loss: 2.5361 - acc: 0.4462
 190/3900 [>.............................] - ETA: 3s - loss: 2.5349 - acc: 0.4632
 250/3900 [>.............................] - ETA: 3s - loss: 2.5351 - acc: 0.4360
 310/3900 [=>............................] - ETA: 3s - loss: 2.5347 - acc: 0.4323
 370/3900 [=>............................] - ETA: 3s - loss: 2.5337 - acc: 0.4324
 430/3900 [==>...........................] - ETA: 3s - loss: 2.5334 - acc: 0.4163
 490/3900 [==>...........................] - ETA: 3s - loss: 2.5337 - acc: 0.4061
 550/3900 [===>..........................] - ETA: 2s - loss: 2.5330 - acc: 0.4109
 610/3900 [===>..........................] - ETA: 2s - loss: 2.5332 - acc: 0.4016
 670/3900 [====>.........................] - ETA: 2s - loss: 2.5329 - acc: 0.4060
 730/3900 [====>.........................] - ETA: 2s - loss: 2.5322 - acc: 0.3959
 790/3900 [=====>........................] - ETA: 2s - loss: 2.5322 - acc: 0.3911
 850/3900 [=====>........................] - ETA: 2s - loss: 2.5318 - acc: 0.3906
 910/3900 [======>.......................] - ETA: 2s - loss: 2.5317 - acc: 0.3890
 970/3900 [======>.......................] - ETA: 2s - loss: 2.5315 - acc: 0.3876
1030/3900 [======>.......................] - ETA: 2s - loss: 2.5313 - acc: 0.3913
1090/3900 [=======>......................] - ETA: 2s - loss: 2.5309 - acc: 0.3972
1150/3900 [=======>......................] - ETA: 2s - loss: 2.5303 - acc: 0.4009
1210/3900 [========>.....................] - ETA: 2s - loss: 2.5300 - acc: 0.4050
1270/3900 [========>.....................] - ETA: 2s - loss: 2.5295 - acc: 0.4150
1330/3900 [=========>....................] - ETA: 2s - loss: 2.5292 - acc: 0.4128
1390/3900 [=========>....................] - ETA: 2s - loss: 2.5288 - acc: 0.4129
1450/3900 [==========>...................] - ETA: 2s - loss: 2.5284 - acc: 0.4159
1510/3900 [==========>...................] - ETA: 2s - loss: 2.5281 - acc: 0.4146
1570/3900 [===========>..................] - ETA: 2s - loss: 2.5279 - acc: 0.4121
1630/3900 [===========>..................] - ETA: 2s - loss: 2.5277 - acc: 0.4129
1690/3900 [============>.................] - ETA: 1s - loss: 2.5273 - acc: 0.4118
1750/3900 [============>.................] - ETA: 1s - loss: 2.5268 - acc: 0.4131
1810/3900 [============>.................] - ETA: 1s - loss: 2.5267 - acc: 0.4099
1870/3900 [=============>................] - ETA: 1s - loss: 2.5264 - acc: 0.4107
1930/3900 [=============>................] - ETA: 1s - loss: 2.5261 - acc: 0.4083
1990/3900 [==============>...............] - ETA: 1s - loss: 2.5258 - acc: 0.4055
2050/3900 [==============>...............] - ETA: 1s - loss: 2.5254 - acc: 0.4059
2110/3900 [===============>..............] - ETA: 1s - loss: 2.5251 - acc: 0.4076
2170/3900 [===============>..............] - ETA: 1s - loss: 2.5246 - acc: 0.4101
2230/3900 [================>.............] - ETA: 1s - loss: 2.5242 - acc: 0.4099
2290/3900 [================>.............] - ETA: 1s - loss: 2.5237 - acc: 0.4096
2350/3900 [=================>............] - ETA: 1s - loss: 2.5232 - acc: 0.4089
2410/3900 [=================>............] - ETA: 1s - loss: 2.5228 - acc: 0.4120
2470/3900 [==================>...........] - ETA: 1s - loss: 2.5225 - acc: 0.4117
2530/3900 [==================>...........] - ETA: 1s - loss: 2.5220 - acc: 0.4142
2590/3900 [==================>...........] - ETA: 1s - loss: 2.5216 - acc: 0.4174
2650/3900 [===================>..........] - ETA: 1s - loss: 2.5212 - acc: 0.4185
2710/3900 [===================>..........] - ETA: 1s - loss: 2.5208 - acc: 0.4207
2770/3900 [====================>.........] - ETA: 1s - loss: 2.5204 - acc: 0.4227
2830/3900 [====================>.........] - ETA: 0s - loss: 2.5199 - acc: 0.4244
2890/3900 [=====================>........] - ETA: 0s - loss: 2.5196 - acc: 0.4246
2950/3900 [=====================>........] - ETA: 0s - loss: 2.5190 - acc: 0.4264
3010/3900 [======================>.......] - ETA: 0s - loss: 2.5186 - acc: 0.4259
3070/3900 [======================>.......] - ETA: 0s - loss: 2.5180 - acc: 0.4287
3130/3900 [=======================>......] - ETA: 0s - loss: 2.5176 - acc: 0.4275
3190/3900 [=======================>......] - ETA: 0s - loss: 2.5171 - acc: 0.4288
3250/3900 [========================>.....] - ETA: 0s - loss: 2.5167 - acc: 0.4289
3310/3900 [========================>.....] - ETA: 0s - loss: 2.5163 - acc: 0.4302
3370/3900 [========================>.....] - ETA: 0s - loss: 2.5157 - acc: 0.4323
3430/3900 [=========================>....] - ETA: 0s - loss: 2.5151 - acc: 0.4350
3490/3900 [=========================>....] - ETA: 0s - loss: 2.5146 - acc: 0.4375
3550/3900 [==========================>...] - ETA: 0s - loss: 2.5139 - acc: 0.4386
3610/3900 [==========================>...] - ETA: 0s - loss: 2.5134 - acc: 0.4399
3670/3900 [===========================>..] - ETA: 0s - loss: 2.5129 - acc: 0.4403
3730/3900 [===========================>..] - ETA: 0s - loss: 2.5123 - acc: 0.4416
3790/3900 [============================>.] - ETA: 0s - loss: 2.5118 - acc: 0.4433
3850/3900 [============================>.] - ETA: 0s - loss: 2.5114 - acc: 0.4457
3900/3900 [==============================] - 3s 896us/step - loss: 2.5110 - acc: 0.4462 - val_loss: 2.5016 - val_acc: 0.3636
Current time ....3.494
Train on 600 samples, validate on 86 samples
Epoch 1/1

 10/600 [..............................] - ETA: 0s - loss: 0.5556 - acc: 1.0000
 70/600 [==>...........................] - ETA: 0s - loss: 0.5899 - acc: 0.8714
130/600 [=====>........................] - ETA: 0s - loss: 0.5858 - acc: 0.9000
190/600 [========>.....................] - ETA: 0s - loss: 0.5737 - acc: 0.9000
250/600 [===========>..................] - ETA: 0s - loss: 0.5690 - acc: 0.9120
310/600 [==============>...............] - ETA: 0s - loss: 0.5615 - acc: 0.9000
370/600 [=================>............] - ETA: 0s - loss: 0.5560 - acc: 0.9081
430/600 [====================>.........] - ETA: 0s - loss: 0.5520 - acc: 0.9140
490/600 [=======================>......] - ETA: 0s - loss: 0.5418 - acc: 0.9224
550/600 [==========================>...] - ETA: 0s - loss: 0.5318 - acc: 0.9291
600/600 [==============================] - 1s 927us/step - loss: 0.5276 - acc: 0.9333 - val_loss: 0.5147 - val_acc: 0.9070
Current time ....0.556
Train on 1200 samples, validate on 68 samples
Epoch 1/1

  10/1200 [..............................] - ETA: 1s - loss: 1.2535 - acc: 0.4000
  70/1200 [>.............................] - ETA: 1s - loss: 1.1478 - acc: 0.7000
 130/1200 [==>...........................] - ETA: 0s - loss: 1.1482 - acc: 0.7077
 190/1200 [===>..........................] - ETA: 0s - loss: 1.1637 - acc: 0.6579
 250/1200 [=====>........................] - ETA: 0s - loss: 1.1681 - acc: 0.6280
 310/1200 [======>.......................] - ETA: 0s - loss: 1.1608 - acc: 0.6323
 370/1200 [========>.....................] - ETA: 0s - loss: 1.1537 - acc: 0.6351
 430/1200 [=========>....................] - ETA: 0s - loss: 1.1489 - acc: 0.6349
 490/1200 [===========>..................] - ETA: 0s - loss: 1.1421 - acc: 0.6449
 550/1200 [============>.................] - ETA: 0s - loss: 1.1271 - acc: 0.6509
 610/1200 [==============>...............] - ETA: 0s - loss: 1.1215 - acc: 0.6475
 670/1200 [===============>..............] - ETA: 0s - loss: 1.1088 - acc: 0.6448
 730/1200 [=================>............] - ETA: 0s - loss: 1.1055 - acc: 0.6384
 790/1200 [==================>...........] - ETA: 0s - loss: 1.1045 - acc: 0.6354
 850/1200 [====================>.........] - ETA: 0s - loss: 1.1019 - acc: 0.6282
 910/1200 [=====================>........] - ETA: 0s - loss: 1.1012 - acc: 0.6220
 970/1200 [=======================>......] - ETA: 0s - loss: 1.0948 - acc: 0.6278
1030/1200 [========================>.....] - ETA: 0s - loss: 1.0891 - acc: 0.6291
1090/1200 [==========================>...] - ETA: 0s - loss: 1.0856 - acc: 0.6284
1150/1200 [===========================>..] - ETA: 0s - loss: 1.0760 - acc: 0.6330
1200/1200 [==============================] - 1s 905us/step - loss: 1.0737 - acc: 0.6358 - val_loss: 1.1647 - val_acc: 0.3529
Current time ....1.087
Train on 3900 samples, validate on 99 samples
Epoch 1/1

  10/3900 [..............................] - ETA: 3s - loss: 2.4560 - acc: 0.8000
  70/3900 [..............................] - ETA: 3s - loss: 2.4657 - acc: 0.6571
 130/3900 [>.............................] - ETA: 3s - loss: 2.4686 - acc: 0.6692
 190/3900 [>.............................] - ETA: 3s - loss: 2.4676 - acc: 0.6368
 250/3900 [>.............................] - ETA: 3s - loss: 2.4674 - acc: 0.6280
 310/3900 [=>............................] - ETA: 3s - loss: 2.4653 - acc: 0.6194
 370/3900 [=>............................] - ETA: 3s - loss: 2.4662 - acc: 0.5946
 430/3900 [==>...........................] - ETA: 3s - loss: 2.4658 - acc: 0.5581
 490/3900 [==>...........................] - ETA: 3s - loss: 2.4655 - acc: 0.5286
 550/3900 [===>..........................] - ETA: 3s - loss: 2.4655 - acc: 0.5091
 610/3900 [===>..........................] - ETA: 2s - loss: 2.4648 - acc: 0.5066
 670/3900 [====>.........................] - ETA: 2s - loss: 2.4633 - acc: 0.5104
 730/3900 [====>.........................] - ETA: 2s - loss: 2.4622 - acc: 0.5178
 790/3900 [=====>........................] - ETA: 2s - loss: 2.4607 - acc: 0.5241
 850/3900 [=====>........................] - ETA: 2s - loss: 2.4586 - acc: 0.5294
 910/3900 [======>.......................] - ETA: 2s - loss: 2.4575 - acc: 0.5275
 970/3900 [======>.......................] - ETA: 2s - loss: 2.4566 - acc: 0.5206
1030/3900 [======>.......................] - ETA: 2s - loss: 2.4558 - acc: 0.5184
1090/3900 [=======>......................] - ETA: 2s - loss: 2.4541 - acc: 0.5193
1150/3900 [=======>......................] - ETA: 2s - loss: 2.4537 - acc: 0.5070
1210/3900 [========>.....................] - ETA: 2s - loss: 2.4531 - acc: 0.4992
1270/3900 [========>.....................] - ETA: 2s - loss: 2.4521 - acc: 0.4898
1330/3900 [=========>....................] - ETA: 2s - loss: 2.4508 - acc: 0.4850
1390/3900 [=========>....................] - ETA: 2s - loss: 2.4500 - acc: 0.4791
1450/3900 [==========>...................] - ETA: 2s - loss: 2.4488 - acc: 0.4779
1510/3900 [==========>...................] - ETA: 2s - loss: 2.4477 - acc: 0.4788
1570/3900 [===========>..................] - ETA: 2s - loss: 2.4460 - acc: 0.4796
1630/3900 [===========>..................] - ETA: 2s - loss: 2.4452 - acc: 0.4810
1690/3900 [============>.................] - ETA: 2s - loss: 2.4438 - acc: 0.4864
1750/3900 [============>.................] - ETA: 1s - loss: 2.4432 - acc: 0.4863
1810/3900 [============>.................] - ETA: 1s - loss: 2.4419 - acc: 0.4851
1870/3900 [=============>................] - ETA: 1s - loss: 2.4409 - acc: 0.4877
1930/3900 [=============>................] - ETA: 1s - loss: 2.4392 - acc: 0.4902
1990/3900 [==============>...............] - ETA: 1s - loss: 2.4378 - acc: 0.4869
2050/3900 [==============>...............] - ETA: 1s - loss: 2.4362 - acc: 0.4863
2110/3900 [===============>..............] - ETA: 1s - loss: 2.4354 - acc: 0.4863
2170/3900 [===============>..............] - ETA: 1s - loss: 2.4342 - acc: 0.4871
2230/3900 [================>.............] - ETA: 1s - loss: 2.4327 - acc: 0.4883
2290/3900 [================>.............] - ETA: 1s - loss: 2.4311 - acc: 0.4869
2350/3900 [=================>............] - ETA: 1s - loss: 2.4298 - acc: 0.4834
2410/3900 [=================>............] - ETA: 1s - loss: 2.4281 - acc: 0.4842
2470/3900 [==================>...........] - ETA: 1s - loss: 2.4263 - acc: 0.4810
2530/3900 [==================>...........] - ETA: 1s - loss: 2.4251 - acc: 0.4802
2590/3900 [==================>...........] - ETA: 1s - loss: 2.4237 - acc: 0.4819
2650/3900 [===================>..........] - ETA: 1s - loss: 2.4216 - acc: 0.4826
2710/3900 [===================>..........] - ETA: 1s - loss: 2.4207 - acc: 0.4801
2770/3900 [====================>.........] - ETA: 1s - loss: 2.4185 - acc: 0.4816
2830/3900 [====================>.........] - ETA: 0s - loss: 2.4165 - acc: 0.4816
2890/3900 [=====================>........] - ETA: 0s - loss: 2.4148 - acc: 0.4813
2950/3900 [=====================>........] - ETA: 0s - loss: 2.4130 - acc: 0.4790
3010/3900 [======================>.......] - ETA: 0s - loss: 2.4111 - acc: 0.4794
3070/3900 [======================>.......] - ETA: 0s - loss: 2.4098 - acc: 0.4798
3130/3900 [=======================>......] - ETA: 0s - loss: 2.4080 - acc: 0.4799
3190/3900 [=======================>......] - ETA: 0s - loss: 2.4056 - acc: 0.4815
3250/3900 [========================>.....] - ETA: 0s - loss: 2.4032 - acc: 0.4818
3310/3900 [========================>.....] - ETA: 0s - loss: 2.4014 - acc: 0.4819
3370/3900 [========================>.....] - ETA: 0s - loss: 2.3995 - acc: 0.4804
3430/3900 [=========================>....] - ETA: 0s - loss: 2.3977 - acc: 0.4781
3490/3900 [=========================>....] - ETA: 0s - loss: 2.3957 - acc: 0.4768
3550/3900 [==========================>...] - ETA: 0s - loss: 2.3935 - acc: 0.4749
3610/3900 [==========================>...] - ETA: 0s - loss: 2.3914 - acc: 0.4748
3670/3900 [===========================>..] - ETA: 0s - loss: 2.3888 - acc: 0.4771
3730/3900 [===========================>..] - ETA: 0s - loss: 2.3863 - acc: 0.4753
3790/3900 [============================>.] - ETA: 0s - loss: 2.3842 - acc: 0.4744
3850/3900 [============================>.] - ETA: 0s - loss: 2.3813 - acc: 0.4761
3900/3900 [==============================] - 4s 914us/step - loss: 2.3794 - acc: 0.4764 - val_loss: 2.3032 - val_acc: 0.2626
Current time ....3.564
Train on 600 samples, validate on 86 samples
Epoch 1/1

 10/600 [..............................] - ETA: 0s - loss: 0.4135 - acc: 1.0000
 70/600 [==>...........................] - ETA: 0s - loss: 0.4222 - acc: 0.9714
130/600 [=====>........................] - ETA: 0s - loss: 0.4328 - acc: 0.9769
190/600 [========>.....................] - ETA: 0s - loss: 0.4116 - acc: 0.9842
250/600 [===========>..................] - ETA: 0s - loss: 0.4076 - acc: 0.9800
310/600 [==============>...............] - ETA: 0s - loss: 0.4061 - acc: 0.9806
370/600 [=================>............] - ETA: 0s - loss: 0.3932 - acc: 0.9811
430/600 [====================>.........] - ETA: 0s - loss: 0.3901 - acc: 0.9767
490/600 [=======================>......] - ETA: 0s - loss: 0.3803 - acc: 0.9735
550/600 [==========================>...] - ETA: 0s - loss: 0.3721 - acc: 0.9764
600/600 [==============================] - 1s 932us/step - loss: 0.3695 - acc: 0.9700 - val_loss: 0.4356 - val_acc: 0.8953
Current time ....0.559
Train on 1200 samples, validate on 68 samples
Epoch 1/1

  10/1200 [..............................] - ETA: 1s - loss: 0.8710 - acc: 0.9000
  70/1200 [>.............................] - ETA: 1s - loss: 0.8799 - acc: 0.7571
 130/1200 [==>...........................] - ETA: 0s - loss: 0.8809 - acc: 0.7077
 190/1200 [===>..........................] - ETA: 0s - loss: 0.8810 - acc: 0.7211
 250/1200 [=====>........................] - ETA: 0s - loss: 0.8905 - acc: 0.7200
 310/1200 [======>.......................] - ETA: 0s - loss: 0.8830 - acc: 0.7323
 370/1200 [========>.....................] - ETA: 0s - loss: 0.8899 - acc: 0.7270
 430/1200 [=========>....................] - ETA: 0s - loss: 0.8828 - acc: 0.7279
 490/1200 [===========>..................] - ETA: 0s - loss: 0.8784 - acc: 0.7265
 550/1200 [============>.................] - ETA: 0s - loss: 0.8655 - acc: 0.7327
 610/1200 [==============>...............] - ETA: 0s - loss: 0.8668 - acc: 0.7180
 670/1200 [===============>..............] - ETA: 0s - loss: 0.8704 - acc: 0.7104
 730/1200 [=================>............] - ETA: 0s - loss: 0.8695 - acc: 0.7082
 790/1200 [==================>...........] - ETA: 0s - loss: 0.8660 - acc: 0.7127
 850/1200 [====================>.........] - ETA: 0s - loss: 0.8647 - acc: 0.7129
 910/1200 [=====================>........] - ETA: 0s - loss: 0.8609 - acc: 0.7088
 970/1200 [=======================>......] - ETA: 0s - loss: 0.8516 - acc: 0.7144
1030/1200 [========================>.....] - ETA: 0s - loss: 0.8499 - acc: 0.7146
1090/1200 [==========================>...] - ETA: 0s - loss: 0.8452 - acc: 0.7174
1150/1200 [===========================>..] - ETA: 0s - loss: 0.8332 - acc: 0.7217
1200/1200 [==============================] - 1s 904us/step - loss: 0.8276 - acc: 0.7242 - val_loss: 1.0434 - val_acc: 0.4853
Current time ....1.085
Train on 3900 samples, validate on 99 samples
Epoch 1/1

  10/3900 [..............................] - ETA: 3s - loss: 2.2899 - acc: 0.4000
  70/3900 [..............................] - ETA: 3s - loss: 2.2480 - acc: 0.4714
 130/3900 [>.............................] - ETA: 3s - loss: 2.2317 - acc: 0.4769
 190/3900 [>.............................] - ETA: 3s - loss: 2.2148 - acc: 0.4737
 250/3900 [>.............................] - ETA: 3s - loss: 2.2105 - acc: 0.4680
 310/3900 [=>............................] - ETA: 3s - loss: 2.2026 - acc: 0.4774
 370/3900 [=>............................] - ETA: 3s - loss: 2.2053 - acc: 0.4541
 430/3900 [==>...........................] - ETA: 3s - loss: 2.2058 - acc: 0.4628
 490/3900 [==>...........................] - ETA: 3s - loss: 2.1994 - acc: 0.4633
 550/3900 [===>..........................] - ETA: 3s - loss: 2.1958 - acc: 0.4636
 610/3900 [===>..........................] - ETA: 2s - loss: 2.1919 - acc: 0.4590
 670/3900 [====>.........................] - ETA: 2s - loss: 2.1892 - acc: 0.4507
 730/3900 [====>.........................] - ETA: 2s - loss: 2.1858 - acc: 0.4548
 790/3900 [=====>........................] - ETA: 2s - loss: 2.1774 - acc: 0.4582
 850/3900 [=====>........................] - ETA: 2s - loss: 2.1731 - acc: 0.4635
 910/3900 [======>.......................] - ETA: 2s - loss: 2.1690 - acc: 0.4670
 970/3900 [======>.......................] - ETA: 2s - loss: 2.1637 - acc: 0.4701
1030/3900 [======>.......................] - ETA: 2s - loss: 2.1585 - acc: 0.4718
1090/3900 [=======>......................] - ETA: 2s - loss: 2.1565 - acc: 0.4679
1150/3900 [=======>......................] - ETA: 2s - loss: 2.1534 - acc: 0.4643
1210/3900 [========>.....................] - ETA: 2s - loss: 2.1494 - acc: 0.4645
1270/3900 [========>.....................] - ETA: 2s - loss: 2.1466 - acc: 0.4677
1330/3900 [=========>....................] - ETA: 2s - loss: 2.1427 - acc: 0.4624
1390/3900 [=========>....................] - ETA: 2s - loss: 2.1382 - acc: 0.4568
1450/3900 [==========>...................] - ETA: 2s - loss: 2.1354 - acc: 0.4552
1510/3900 [==========>...................] - ETA: 2s - loss: 2.1328 - acc: 0.4517
1570/3900 [===========>..................] - ETA: 2s - loss: 2.1302 - acc: 0.4484
1630/3900 [===========>..................] - ETA: 2s - loss: 2.1280 - acc: 0.4503
1690/3900 [============>.................] - ETA: 2s - loss: 2.1226 - acc: 0.4533
1750/3900 [============>.................] - ETA: 1s - loss: 2.1206 - acc: 0.4503
1810/3900 [============>.................] - ETA: 1s - loss: 2.1186 - acc: 0.4436
1870/3900 [=============>................] - ETA: 1s - loss: 2.1150 - acc: 0.4412
1930/3900 [=============>................] - ETA: 1s - loss: 2.1111 - acc: 0.4404
1990/3900 [==============>...............] - ETA: 1s - loss: 2.1064 - acc: 0.4402
2050/3900 [==============>...............] - ETA: 1s - loss: 2.1036 - acc: 0.4366
2110/3900 [===============>..............] - ETA: 1s - loss: 2.1006 - acc: 0.4365
2170/3900 [===============>..............] - ETA: 1s - loss: 2.0974 - acc: 0.4364
2230/3900 [================>.............] - ETA: 1s - loss: 2.0932 - acc: 0.4336
2290/3900 [================>.............] - ETA: 1s - loss: 2.0898 - acc: 0.4332
2350/3900 [=================>............] - ETA: 1s - loss: 2.0868 - acc: 0.4353
2410/3900 [=================>............] - ETA: 1s - loss: 2.0839 - acc: 0.4336
2470/3900 [==================>...........] - ETA: 1s - loss: 2.0802 - acc: 0.4348
2530/3900 [==================>...........] - ETA: 1s - loss: 2.0764 - acc: 0.4300
2590/3900 [==================>...........] - ETA: 1s - loss: 2.0732 - acc: 0.4293
2650/3900 [===================>..........] - ETA: 1s - loss: 2.0706 - acc: 0.4245
2710/3900 [===================>..........] - ETA: 1s - loss: 2.0680 - acc: 0.4232
2770/3900 [====================>.........] - ETA: 1s - loss: 2.0651 - acc: 0.4238
2830/3900 [====================>.........] - ETA: 0s - loss: 2.0622 - acc: 0.4247
2890/3900 [=====================>........] - ETA: 0s - loss: 2.0589 - acc: 0.4256
2950/3900 [=====================>........] - ETA: 0s - loss: 2.0551 - acc: 0.4264
3010/3900 [======================>.......] - ETA: 0s - loss: 2.0519 - acc: 0.4269
3070/3900 [======================>.......] - ETA: 0s - loss: 2.0509 - acc: 0.4254
3130/3900 [=======================>......] - ETA: 0s - loss: 2.0491 - acc: 0.4265
3190/3900 [=======================>......] - ETA: 0s - loss: 2.0463 - acc: 0.4288
3250/3900 [========================>.....] - ETA: 0s - loss: 2.0428 - acc: 0.4311
3310/3900 [========================>.....] - ETA: 0s - loss: 2.0396 - acc: 0.4320
3370/3900 [========================>.....] - ETA: 0s - loss: 2.0364 - acc: 0.4341
3430/3900 [=========================>....] - ETA: 0s - loss: 2.0339 - acc: 0.4327
3490/3900 [=========================>....] - ETA: 0s - loss: 2.0319 - acc: 0.4332
3550/3900 [==========================>...] - ETA: 0s - loss: 2.0291 - acc: 0.4344
3610/3900 [==========================>...] - ETA: 0s - loss: 2.0265 - acc: 0.4343
3670/3900 [===========================>..] - ETA: 0s - loss: 2.0239 - acc: 0.4335
3730/3900 [===========================>..] - ETA: 0s - loss: 2.0204 - acc: 0.4327
3790/3900 [============================>.] - ETA: 0s - loss: 2.0184 - acc: 0.4332
3850/3900 [============================>.] - ETA: 0s - loss: 2.0154 - acc: 0.4356
3900/3900 [==============================] - 4s 911us/step - loss: 2.0142 - acc: 0.4346 - val_loss: 1.9575 - val_acc: 0.3030
Current time ....3.552
Train on 600 samples, validate on 86 samples
Epoch 1/1

 10/600 [..............................] - ETA: 0s - loss: 0.2572 - acc: 1.0000
 70/600 [==>...........................] - ETA: 0s - loss: 0.2749 - acc: 0.9714
130/600 [=====>........................] - ETA: 0s - loss: 0.2908 - acc: 0.9615
190/600 [========>.....................] - ETA: 0s - loss: 0.2704 - acc: 0.9684
250/600 [===========>..................] - ETA: 0s - loss: 0.2614 - acc: 0.9760
310/600 [==============>...............] - ETA: 0s - loss: 0.2593 - acc: 0.9806
370/600 [=================>............] - ETA: 0s - loss: 0.2509 - acc: 0.9811
430/600 [====================>.........] - ETA: 0s - loss: 0.2456 - acc: 0.9814
490/600 [=======================>......] - ETA: 0s - loss: 0.2397 - acc: 0.9837
550/600 [==========================>...] - ETA: 0s - loss: 0.2408 - acc: 0.9818
600/600 [==============================] - 1s 937us/step - loss: 0.2355 - acc: 0.9833 - val_loss: 0.3786 - val_acc: 0.9070
Current time ....0.562
Train on 1200 samples, validate on 68 samples
Epoch 1/1

  10/1200 [..............................] - ETA: 1s - loss: 0.5402 - acc: 0.9000
  70/1200 [>.............................] - ETA: 1s - loss: 0.6380 - acc: 0.8286
 130/1200 [==>...........................] - ETA: 0s - loss: 0.6602 - acc: 0.7923
 190/1200 [===>..........................] - ETA: 0s - loss: 0.6745 - acc: 0.7947
 250/1200 [=====>........................] - ETA: 0s - loss: 0.6732 - acc: 0.8040
 310/1200 [======>.......................] - ETA: 0s - loss: 0.6678 - acc: 0.7968
 370/1200 [========>.....................] - ETA: 0s - loss: 0.6567 - acc: 0.8000
 430/1200 [=========>....................] - ETA: 0s - loss: 0.6435 - acc: 0.7953
 490/1200 [===========>..................] - ETA: 0s - loss: 0.6473 - acc: 0.7918
 550/1200 [============>.................] - ETA: 0s - loss: 0.6467 - acc: 0.7964
 610/1200 [==============>...............] - ETA: 0s - loss: 0.6539 - acc: 0.7902
 670/1200 [===============>..............] - ETA: 0s - loss: 0.6507 - acc: 0.7940
 730/1200 [=================>............] - ETA: 0s - loss: 0.6482 - acc: 0.7959
 790/1200 [==================>...........] - ETA: 0s - loss: 0.6501 - acc: 0.7962
 850/1200 [====================>.........] - ETA: 0s - loss: 0.6469 - acc: 0.7965
 910/1200 [=====================>........] - ETA: 0s - loss: 0.6432 - acc: 0.8011
 970/1200 [=======================>......] - ETA: 0s - loss: 0.6403 - acc: 0.8021
1030/1200 [========================>.....] - ETA: 0s - loss: 0.6355 - acc: 0.8019
1090/1200 [==========================>...] - ETA: 0s - loss: 0.6302 - acc: 0.8046
1150/1200 [===========================>..] - ETA: 0s - loss: 0.6213 - acc: 0.8078
1200/1200 [==============================] - 1s 915us/step - loss: 0.6161 - acc: 0.8092 - val_loss: 0.9525 - val_acc: 0.5882
Current time ....1.098
Train on 3900 samples, validate on 99 samples
Epoch 1/1

  10/3900 [..............................] - ETA: 3s - loss: 1.8831 - acc: 0.5000
  70/3900 [..............................] - ETA: 3s - loss: 1.8647 - acc: 0.4286
 130/3900 [>.............................] - ETA: 3s - loss: 1.8650 - acc: 0.4769
 190/3900 [>.............................] - ETA: 3s - loss: 1.8686 - acc: 0.4842
 250/3900 [>.............................] - ETA: 3s - loss: 1.8611 - acc: 0.4800
 310/3900 [=>............................] - ETA: 3s - loss: 1.8699 - acc: 0.4806
 370/3900 [=>............................] - ETA: 3s - loss: 1.8768 - acc: 0.4730
 430/3900 [==>...........................] - ETA: 3s - loss: 1.8668 - acc: 0.4814
 490/3900 [==>...........................] - ETA: 3s - loss: 1.8654 - acc: 0.4816
 550/3900 [===>..........................] - ETA: 3s - loss: 1.8560 - acc: 0.4782
 610/3900 [===>..........................] - ETA: 2s - loss: 1.8482 - acc: 0.4721
 670/3900 [====>.........................] - ETA: 2s - loss: 1.8445 - acc: 0.4701
 730/3900 [====>.........................] - ETA: 2s - loss: 1.8418 - acc: 0.4699
 790/3900 [=====>........................] - ETA: 2s - loss: 1.8374 - acc: 0.4747
 850/3900 [=====>........................] - ETA: 2s - loss: 1.8415 - acc: 0.4659
 910/3900 [======>.......................] - ETA: 2s - loss: 1.8377 - acc: 0.4659
 970/3900 [======>.......................] - ETA: 2s - loss: 1.8354 - acc: 0.4660
1030/3900 [======>.......................] - ETA: 2s - loss: 1.8287 - acc: 0.4748
1090/3900 [=======>......................] - ETA: 2s - loss: 1.8264 - acc: 0.4716
1150/3900 [=======>......................] - ETA: 2s - loss: 1.8247 - acc: 0.4713
1210/3900 [========>.....................] - ETA: 2s - loss: 1.8199 - acc: 0.4793
1270/3900 [========>.....................] - ETA: 2s - loss: 1.8188 - acc: 0.4748
1330/3900 [=========>....................] - ETA: 2s - loss: 1.8161 - acc: 0.4744
1390/3900 [=========>....................] - ETA: 2s - loss: 1.8181 - acc: 0.4741
1450/3900 [==========>...................] - ETA: 2s - loss: 1.8154 - acc: 0.4738
1510/3900 [==========>...................] - ETA: 2s - loss: 1.8116 - acc: 0.4735
1570/3900 [===========>..................] - ETA: 2s - loss: 1.8086 - acc: 0.4745
1630/3900 [===========>..................] - ETA: 2s - loss: 1.8038 - acc: 0.4742
1690/3900 [============>.................] - ETA: 1s - loss: 1.8031 - acc: 0.4704
1750/3900 [============>.................] - ETA: 1s - loss: 1.7992 - acc: 0.4714
1810/3900 [============>.................] - ETA: 1s - loss: 1.7975 - acc: 0.4691
1870/3900 [=============>................] - ETA: 1s - loss: 1.7953 - acc: 0.4684
1930/3900 [=============>................] - ETA: 1s - loss: 1.7935 - acc: 0.4694
1990/3900 [==============>...............] - ETA: 1s - loss: 1.7948 - acc: 0.4643
2050/3900 [==============>...............] - ETA: 1s - loss: 1.7947 - acc: 0.4585
2110/3900 [===============>..............] - ETA: 1s - loss: 1.7939 - acc: 0.4573
2170/3900 [===============>..............] - ETA: 1s - loss: 1.7913 - acc: 0.4604
2230/3900 [================>.............] - ETA: 1s - loss: 1.7883 - acc: 0.4614
2290/3900 [================>.............] - ETA: 1s - loss: 1.7868 - acc: 0.4594
2350/3900 [=================>............] - ETA: 1s - loss: 1.7848 - acc: 0.4609
2410/3900 [=================>............] - ETA: 1s - loss: 1.7823 - acc: 0.4614
2470/3900 [==================>...........] - ETA: 1s - loss: 1.7824 - acc: 0.4583
2530/3900 [==================>...........] - ETA: 1s - loss: 1.7804 - acc: 0.4609
2590/3900 [==================>...........] - ETA: 1s - loss: 1.7804 - acc: 0.4591
2650/3900 [===================>..........] - ETA: 1s - loss: 1.7779 - acc: 0.4611
2710/3900 [===================>..........] - ETA: 1s - loss: 1.7777 - acc: 0.4594
2770/3900 [====================>.........] - ETA: 1s - loss: 1.7759 - acc: 0.4585
2830/3900 [====================>.........] - ETA: 0s - loss: 1.7739 - acc: 0.4572
2890/3900 [=====================>........] - ETA: 0s - loss: 1.7730 - acc: 0.4550
2950/3900 [=====================>........] - ETA: 0s - loss: 1.7726 - acc: 0.4546
3010/3900 [======================>.......] - ETA: 0s - loss: 1.7705 - acc: 0.4542
3070/3900 [======================>.......] - ETA: 0s - loss: 1.7704 - acc: 0.4547
3130/3900 [=======================>......] - ETA: 0s - loss: 1.7686 - acc: 0.4565
3190/3900 [=======================>......] - ETA: 0s - loss: 1.7686 - acc: 0.4561
3250/3900 [========================>.....] - ETA: 0s - loss: 1.7668 - acc: 0.4603
3310/3900 [========================>.....] - ETA: 0s - loss: 1.7658 - acc: 0.4622
3370/3900 [========================>.....] - ETA: 0s - loss: 1.7648 - acc: 0.4626
3430/3900 [=========================>....] - ETA: 0s - loss: 1.7645 - acc: 0.4633
3490/3900 [=========================>....] - ETA: 0s - loss: 1.7636 - acc: 0.4628
3550/3900 [==========================>...] - ETA: 0s - loss: 1.7621 - acc: 0.4617
3610/3900 [==========================>...] - ETA: 0s - loss: 1.7616 - acc: 0.4609
3670/3900 [===========================>..] - ETA: 0s - loss: 1.7594 - acc: 0.4621
3730/3900 [===========================>..] - ETA: 0s - loss: 1.7577 - acc: 0.4614
3790/3900 [============================>.] - ETA: 0s - loss: 1.7567 - acc: 0.4604
3850/3900 [============================>.] - ETA: 0s - loss: 1.7547 - acc: 0.4623
3900/3900 [==============================] - 4s 905us/step - loss: 1.7518 - acc: 0.4628 - val_loss: 1.8638 - val_acc: 0.2828
Current time ....3.530
Train on 600 samples, validate on 86 samples
Epoch 1/1

 10/600 [..............................] - ETA: 0s - loss: 0.1035 - acc: 1.0000
 70/600 [==>...........................] - ETA: 0s - loss: 0.1717 - acc: 0.9857
130/600 [=====>........................] - ETA: 0s - loss: 0.1581 - acc: 0.9846
190/600 [========>.....................] - ETA: 0s - loss: 0.1665 - acc: 0.9842
250/600 [===========>..................] - ETA: 0s - loss: 0.1581 - acc: 0.9880
310/600 [==============>...............] - ETA: 0s - loss: 0.1582 - acc: 0.9903
370/600 [=================>............] - ETA: 0s - loss: 0.1588 - acc: 0.9919
430/600 [====================>.........] - ETA: 0s - loss: 0.1580 - acc: 0.9860
490/600 [=======================>......] - ETA: 0s - loss: 0.1545 - acc: 0.9878
550/600 [==========================>...] - ETA: 0s - loss: 0.1538 - acc: 0.9873
600/600 [==============================] - 1s 923us/step - loss: 0.1503 - acc: 0.9883 - val_loss: 0.3892 - val_acc: 0.9186
Current time ....0.554
Train on 1200 samples, validate on 68 samples
Epoch 1/1

  10/1200 [..............................] - ETA: 1s - loss: 0.5354 - acc: 0.9000
  70/1200 [>.............................] - ETA: 1s - loss: 0.4808 - acc: 0.9143
 130/1200 [==>...........................] - ETA: 0s - loss: 0.4885 - acc: 0.9154
 190/1200 [===>..........................] - ETA: 0s - loss: 0.5005 - acc: 0.8895
 250/1200 [=====>........................] - ETA: 0s - loss: 0.4773 - acc: 0.8840
 310/1200 [======>.......................] - ETA: 0s - loss: 0.4723 - acc: 0.8903
 370/1200 [========>.....................] - ETA: 0s - loss: 0.4673 - acc: 0.8865
 430/1200 [=========>....................] - ETA: 0s - loss: 0.4614 - acc: 0.8884
 490/1200 [===========>..................] - ETA: 0s - loss: 0.4606 - acc: 0.8918
 550/1200 [============>.................] - ETA: 0s - loss: 0.4589 - acc: 0.8891
 610/1200 [==============>...............] - ETA: 0s - loss: 0.4605 - acc: 0.8852
 670/1200 [===============>..............] - ETA: 0s - loss: 0.4555 - acc: 0.8866
 730/1200 [=================>............] - ETA: 0s - loss: 0.4563 - acc: 0.8822
 790/1200 [==================>...........] - ETA: 0s - loss: 0.4553 - acc: 0.8759
 850/1200 [====================>.........] - ETA: 0s - loss: 0.4474 - acc: 0.8800
 910/1200 [=====================>........] - ETA: 0s - loss: 0.4486 - acc: 0.8780
 970/1200 [=======================>......] - ETA: 0s - loss: 0.4522 - acc: 0.8753
1030/1200 [========================>.....] - ETA: 0s - loss: 0.4530 - acc: 0.8748
1090/1200 [==========================>...] - ETA: 0s - loss: 0.4493 - acc: 0.8789
1150/1200 [===========================>..] - ETA: 0s - loss: 0.4449 - acc: 0.8783
1200/1200 [==============================] - 1s 909us/step - loss: 0.4427 - acc: 0.8767 - val_loss: 0.8350 - val_acc: 0.7059
Current time ....1.092
Train on 3900 samples, validate on 99 samples
Epoch 1/1

  10/3900 [..............................] - ETA: 3s - loss: 1.6953 - acc: 0.5000
  70/3900 [..............................] - ETA: 3s - loss: 1.5545 - acc: 0.5857
 130/3900 [>.............................] - ETA: 3s - loss: 1.6324 - acc: 0.4923
 190/3900 [>.............................] - ETA: 3s - loss: 1.6578 - acc: 0.4789
 250/3900 [>.............................] - ETA: 3s - loss: 1.6599 - acc: 0.4720
 310/3900 [=>............................] - ETA: 3s - loss: 1.6767 - acc: 0.4742
 370/3900 [=>............................] - ETA: 3s - loss: 1.6677 - acc: 0.4784
 430/3900 [==>...........................] - ETA: 3s - loss: 1.6609 - acc: 0.4791
 490/3900 [==>...........................] - ETA: 3s - loss: 1.6626 - acc: 0.4755
 550/3900 [===>..........................] - ETA: 3s - loss: 1.6551 - acc: 0.4836
 610/3900 [===>..........................] - ETA: 2s - loss: 1.6605 - acc: 0.4787
 670/3900 [====>.........................] - ETA: 2s - loss: 1.6503 - acc: 0.4925
 730/3900 [====>.........................] - ETA: 2s - loss: 1.6490 - acc: 0.4932
 790/3900 [=====>........................] - ETA: 2s - loss: 1.6445 - acc: 0.4962
 850/3900 [=====>........................] - ETA: 2s - loss: 1.6465 - acc: 0.4965
 910/3900 [======>.......................] - ETA: 2s - loss: 1.6490 - acc: 0.4890
 970/3900 [======>.......................] - ETA: 2s - loss: 1.6399 - acc: 0.4990
1030/3900 [======>.......................] - ETA: 2s - loss: 1.6361 - acc: 0.5010
1090/3900 [=======>......................] - ETA: 2s - loss: 1.6346 - acc: 0.5028
1150/3900 [=======>......................] - ETA: 2s - loss: 1.6294 - acc: 0.5000
1210/3900 [========>.....................] - ETA: 2s - loss: 1.6298 - acc: 0.4975
1270/3900 [========>.....................] - ETA: 2s - loss: 1.6243 - acc: 0.5016
1330/3900 [=========>....................] - ETA: 2s - loss: 1.6251 - acc: 0.5023
1390/3900 [=========>....................] - ETA: 2s - loss: 1.6218 - acc: 0.5058
1450/3900 [==========>...................] - ETA: 2s - loss: 1.6198 - acc: 0.5014
1510/3900 [==========>...................] - ETA: 2s - loss: 1.6148 - acc: 0.5020
1570/3900 [===========>..................] - ETA: 2s - loss: 1.6119 - acc: 0.5025
1630/3900 [===========>..................] - ETA: 2s - loss: 1.6123 - acc: 0.4975
1690/3900 [============>.................] - ETA: 1s - loss: 1.6104 - acc: 0.4964
1750/3900 [============>.................] - ETA: 1s - loss: 1.6088 - acc: 0.4994
1810/3900 [============>.................] - ETA: 1s - loss: 1.6066 - acc: 0.4989
1870/3900 [=============>................] - ETA: 1s - loss: 1.6068 - acc: 0.4947
1930/3900 [=============>................] - ETA: 1s - loss: 1.6053 - acc: 0.4990
1990/3900 [==============>...............] - ETA: 1s - loss: 1.6046 - acc: 0.4980
2050/3900 [==============>...............] - ETA: 1s - loss: 1.6055 - acc: 0.4980
2110/3900 [===============>..............] - ETA: 1s - loss: 1.6030 - acc: 0.4986
2170/3900 [===============>..............] - ETA: 1s - loss: 1.6016 - acc: 0.4991
2230/3900 [================>.............] - ETA: 1s - loss: 1.6014 - acc: 0.4964
2290/3900 [================>.............] - ETA: 1s - loss: 1.5968 - acc: 0.4987
2350/3900 [=================>............] - ETA: 1s - loss: 1.5952 - acc: 0.4996
2410/3900 [=================>............] - ETA: 1s - loss: 1.5949 - acc: 0.5004
2470/3900 [==================>...........] - ETA: 1s - loss: 1.5900 - acc: 0.5028
2530/3900 [==================>...........] - ETA: 1s - loss: 1.5887 - acc: 0.5036
2590/3900 [==================>...........] - ETA: 1s - loss: 1.5870 - acc: 0.5042
2650/3900 [===================>..........] - ETA: 1s - loss: 1.5833 - acc: 0.5057
2710/3900 [===================>..........] - ETA: 1s - loss: 1.5829 - acc: 0.5070
2770/3900 [====================>.........] - ETA: 1s - loss: 1.5790 - acc: 0.5101
2830/3900 [====================>.........] - ETA: 0s - loss: 1.5759 - acc: 0.5106
2890/3900 [=====================>........] - ETA: 0s - loss: 1.5744 - acc: 0.5121
2950/3900 [=====================>........] - ETA: 0s - loss: 1.5722 - acc: 0.5132
3010/3900 [======================>.......] - ETA: 0s - loss: 1.5695 - acc: 0.5116
3070/3900 [======================>.......] - ETA: 0s - loss: 1.5672 - acc: 0.5127
3130/3900 [=======================>......] - ETA: 0s - loss: 1.5656 - acc: 0.5144
3190/3900 [=======================>......] - ETA: 0s - loss: 1.5633 - acc: 0.5169
3250/3900 [========================>.....] - ETA: 0s - loss: 1.5591 - acc: 0.5200
3310/3900 [========================>.....] - ETA: 0s - loss: 1.5581 - acc: 0.5199
3370/3900 [========================>.....] - ETA: 0s - loss: 1.5551 - acc: 0.5205
3430/3900 [=========================>....] - ETA: 0s - loss: 1.5525 - acc: 0.5207
3490/3900 [=========================>....] - ETA: 0s - loss: 1.5500 - acc: 0.5232
3550/3900 [==========================>...] - ETA: 0s - loss: 1.5478 - acc: 0.5239
3610/3900 [==========================>...] - ETA: 0s - loss: 1.5465 - acc: 0.5258
3670/3900 [===========================>..] - ETA: 0s - loss: 1.5438 - acc: 0.5256
3730/3900 [===========================>..] - ETA: 0s - loss: 1.5421 - acc: 0.5257
3790/3900 [============================>.] - ETA: 0s - loss: 1.5406 - acc: 0.5261
3850/3900 [============================>.] - ETA: 0s - loss: 1.5386 - acc: 0.5275
3900/3900 [==============================] - 4s 906us/step - loss: 1.5357 - acc: 0.5290 - val_loss: 1.6296 - val_acc: 0.4949
Current time ....3.534
Train on 600 samples, validate on 86 samples
Epoch 1/1

 10/600 [..............................] - ETA: 0s - loss: 0.0604 - acc: 1.0000
 70/600 [==>...........................] - ETA: 0s - loss: 0.1084 - acc: 0.9857
130/600 [=====>........................] - ETA: 0s - loss: 0.1047 - acc: 0.9846
190/600 [========>.....................] - ETA: 0s - loss: 0.1155 - acc: 0.9842
250/600 [===========>..................] - ETA: 0s - loss: 0.1050 - acc: 0.9880
310/600 [==============>...............] - ETA: 0s - loss: 0.1014 - acc: 0.9903
370/600 [=================>............] - ETA: 0s - loss: 0.1063 - acc: 0.9892
430/600 [====================>.........] - ETA: 0s - loss: 0.1096 - acc: 0.9884
490/600 [=======================>......] - ETA: 0s - loss: 0.1046 - acc: 0.9898
550/600 [==========================>...] - ETA: 0s - loss: 0.1029 - acc: 0.9909
600/600 [==============================] - 1s 930us/step - loss: 0.1011 - acc: 0.9917 - val_loss: 0.4008 - val_acc: 0.9186
Current time ....0.558
Train on 1200 samples, validate on 68 samples
Epoch 1/1

  10/1200 [..............................] - ETA: 1s - loss: 0.1428 - acc: 1.0000
  70/1200 [>.............................] - ETA: 1s - loss: 0.3215 - acc: 0.9286
 130/1200 [==>...........................] - ETA: 0s - loss: 0.3573 - acc: 0.9231
 190/1200 [===>..........................] - ETA: 0s - loss: 0.3576 - acc: 0.9053
 250/1200 [=====>........................] - ETA: 0s - loss: 0.3540 - acc: 0.9000
 310/1200 [======>.......................] - ETA: 0s - loss: 0.3528 - acc: 0.9065
 370/1200 [========>.....................] - ETA: 0s - loss: 0.3532 - acc: 0.9108
 430/1200 [=========>....................] - ETA: 0s - loss: 0.3559 - acc: 0.9093
 490/1200 [===========>..................] - ETA: 0s - loss: 0.3473 - acc: 0.9143
 550/1200 [============>.................] - ETA: 0s - loss: 0.3481 - acc: 0.9073
 610/1200 [==============>...............] - ETA: 0s - loss: 0.3473 - acc: 0.9098
 670/1200 [===============>..............] - ETA: 0s - loss: 0.3466 - acc: 0.9119
 730/1200 [=================>............] - ETA: 0s - loss: 0.3494 - acc: 0.9151
 790/1200 [==================>...........] - ETA: 0s - loss: 0.3466 - acc: 0.9177
 850/1200 [====================>.........] - ETA: 0s - loss: 0.3417 - acc: 0.9200
 910/1200 [=====================>........] - ETA: 0s - loss: 0.3395 - acc: 0.9242
 970/1200 [=======================>......] - ETA: 0s - loss: 0.3327 - acc: 0.9258
1030/1200 [========================>.....] - ETA: 0s - loss: 0.3299 - acc: 0.9262
1090/1200 [==========================>...] - ETA: 0s - loss: 0.3296 - acc: 0.9248
1150/1200 [===========================>..] - ETA: 0s - loss: 0.3266 - acc: 0.9235
1200/1200 [==============================] - 1s 906us/step - loss: 0.3237 - acc: 0.9250 - val_loss: 0.7231 - val_acc: 0.6912
Current time ....1.087
Train on 3900 samples, validate on 99 samples
Epoch 1/1

  10/3900 [..............................] - ETA: 4s - loss: 1.3711 - acc: 0.7000
  70/3900 [..............................] - ETA: 3s - loss: 1.4598 - acc: 0.5000
 130/3900 [>.............................] - ETA: 3s - loss: 1.4608 - acc: 0.5538
 190/3900 [>.............................] - ETA: 3s - loss: 1.4653 - acc: 0.5737
 250/3900 [>.............................] - ETA: 3s - loss: 1.4346 - acc: 0.5920
 310/3900 [=>............................] - ETA: 3s - loss: 1.4359 - acc: 0.5806
 370/3900 [=>............................] - ETA: 3s - loss: 1.4366 - acc: 0.5865
 430/3900 [==>...........................] - ETA: 3s - loss: 1.4237 - acc: 0.5884
 490/3900 [==>...........................] - ETA: 3s - loss: 1.4114 - acc: 0.5878
 550/3900 [===>..........................] - ETA: 3s - loss: 1.4230 - acc: 0.5709
 610/3900 [===>..........................] - ETA: 2s - loss: 1.4305 - acc: 0.5639
 670/3900 [====>.........................] - ETA: 2s - loss: 1.4228 - acc: 0.5657
 730/3900 [====>.........................] - ETA: 2s - loss: 1.4216 - acc: 0.5589
 790/3900 [=====>........................] - ETA: 2s - loss: 1.4132 - acc: 0.5595
 850/3900 [=====>........................] - ETA: 2s - loss: 1.4117 - acc: 0.5506
 910/3900 [======>.......................] - ETA: 2s - loss: 1.4104 - acc: 0.5527
 970/3900 [======>.......................] - ETA: 2s - loss: 1.4080 - acc: 0.5577
1030/3900 [======>.......................] - ETA: 2s - loss: 1.4014 - acc: 0.5621
1090/3900 [=======>......................] - ETA: 2s - loss: 1.4077 - acc: 0.5606
1150/3900 [=======>......................] - ETA: 2s - loss: 1.4126 - acc: 0.5565
1210/3900 [========>.....................] - ETA: 2s - loss: 1.4068 - acc: 0.5612
1270/3900 [========>.....................] - ETA: 2s - loss: 1.3987 - acc: 0.5638
1330/3900 [=========>....................] - ETA: 2s - loss: 1.3962 - acc: 0.5632
1390/3900 [=========>....................] - ETA: 2s - loss: 1.3926 - acc: 0.5626
1450/3900 [==========>...................] - ETA: 2s - loss: 1.3878 - acc: 0.5669
1510/3900 [==========>...................] - ETA: 2s - loss: 1.3833 - acc: 0.5702
1570/3900 [===========>..................] - ETA: 2s - loss: 1.3824 - acc: 0.5701
1630/3900 [===========>..................] - ETA: 2s - loss: 1.3754 - acc: 0.5730
1690/3900 [============>.................] - ETA: 1s - loss: 1.3725 - acc: 0.5746
1750/3900 [============>.................] - ETA: 1s - loss: 1.3694 - acc: 0.5754
1810/3900 [============>.................] - ETA: 1s - loss: 1.3703 - acc: 0.5785
1870/3900 [=============>................] - ETA: 1s - loss: 1.3678 - acc: 0.5786
1930/3900 [=============>................] - ETA: 1s - loss: 1.3624 - acc: 0.5808
1990/3900 [==============>...............] - ETA: 1s - loss: 1.3614 - acc: 0.5799
2050/3900 [==============>...............] - ETA: 1s - loss: 1.3608 - acc: 0.5785
2110/3900 [===============>..............] - ETA: 1s - loss: 1.3561 - acc: 0.5815
2170/3900 [===============>..............] - ETA: 1s - loss: 1.3540 - acc: 0.5811
2230/3900 [================>.............] - ETA: 1s - loss: 1.3512 - acc: 0.5825
2290/3900 [================>.............] - ETA: 1s - loss: 1.3509 - acc: 0.5856
2350/3900 [=================>............] - ETA: 1s - loss: 1.3466 - acc: 0.5868
2410/3900 [=================>............] - ETA: 1s - loss: 1.3422 - acc: 0.5896
2470/3900 [==================>...........] - ETA: 1s - loss: 1.3419 - acc: 0.5911
2530/3900 [==================>...........] - ETA: 1s - loss: 1.3400 - acc: 0.5905
2590/3900 [==================>...........] - ETA: 1s - loss: 1.3394 - acc: 0.5911
2650/3900 [===================>..........] - ETA: 1s - loss: 1.3362 - acc: 0.5928
2710/3900 [===================>..........] - ETA: 1s - loss: 1.3357 - acc: 0.5923
2770/3900 [====================>.........] - ETA: 1s - loss: 1.3370 - acc: 0.5917
2830/3900 [====================>.........] - ETA: 0s - loss: 1.3321 - acc: 0.5951
2890/3900 [=====================>........] - ETA: 0s - loss: 1.3308 - acc: 0.5948
2950/3900 [=====================>........] - ETA: 0s - loss: 1.3276 - acc: 0.5953
3010/3900 [======================>.......] - ETA: 0s - loss: 1.3235 - acc: 0.5973
3070/3900 [======================>.......] - ETA: 0s - loss: 1.3227 - acc: 0.5974
3130/3900 [=======================>......] - ETA: 0s - loss: 1.3197 - acc: 0.5981
3190/3900 [=======================>......] - ETA: 0s - loss: 1.3178 - acc: 0.5981
3250/3900 [========================>.....] - ETA: 0s - loss: 1.3165 - acc: 0.5988
3310/3900 [========================>.....] - ETA: 0s - loss: 1.3134 - acc: 0.5991
3370/3900 [========================>.....] - ETA: 0s - loss: 1.3128 - acc: 0.5991
3430/3900 [=========================>....] - ETA: 0s - loss: 1.3119 - acc: 0.5997
3490/3900 [=========================>....] - ETA: 0s - loss: 1.3103 - acc: 0.6009
3550/3900 [==========================>...] - ETA: 0s - loss: 1.3080 - acc: 0.6017
3610/3900 [==========================>...] - ETA: 0s - loss: 1.3062 - acc: 0.6019
3670/3900 [===========================>..] - ETA: 0s - loss: 1.3036 - acc: 0.6016
3730/3900 [===========================>..] - ETA: 0s - loss: 1.3000 - acc: 0.6035
3790/3900 [============================>.] - ETA: 0s - loss: 1.2980 - acc: 0.6029
3850/3900 [============================>.] - ETA: 0s - loss: 1.2944 - acc: 0.6039
3900/3900 [==============================] - 4s 906us/step - loss: 1.2933 - acc: 0.6046 - val_loss: 1.6469 - val_acc: 0.4848
Current time ....3.532
Train on 600 samples, validate on 86 samples
Epoch 1/1

 10/600 [..............................] - ETA: 0s - loss: 0.0479 - acc: 1.0000
 70/600 [==>...........................] - ETA: 0s - loss: 0.1035 - acc: 0.9857
130/600 [=====>........................] - ETA: 0s - loss: 0.1094 - acc: 0.9692
190/600 [========>.....................] - ETA: 0s - loss: 0.0951 - acc: 0.9789
250/600 [===========>..................] - ETA: 0s - loss: 0.0888 - acc: 0.9840
310/600 [==============>...............] - ETA: 0s - loss: 0.0882 - acc: 0.9871
370/600 [=================>............] - ETA: 0s - loss: 0.0853 - acc: 0.9892
430/600 [====================>.........] - ETA: 0s - loss: 0.0859 - acc: 0.9860
490/600 [=======================>......] - ETA: 0s - loss: 0.0815 - acc: 0.9857
550/600 [==========================>...] - ETA: 0s - loss: 0.0783 - acc: 0.9873
600/600 [==============================] - 1s 934us/step - loss: 0.0747 - acc: 0.9883 - val_loss: 0.4553 - val_acc: 0.9302
Current time ....0.561
Train on 1200 samples, validate on 68 samples
Epoch 1/1

  10/1200 [..............................] - ETA: 1s - loss: 0.1572 - acc: 1.0000
  70/1200 [>.............................] - ETA: 1s - loss: 0.2110 - acc: 0.9857
 130/1200 [==>...........................] - ETA: 0s - loss: 0.2339 - acc: 0.9615
 190/1200 [===>..........................] - ETA: 0s - loss: 0.2425 - acc: 0.9632
 250/1200 [=====>........................] - ETA: 0s - loss: 0.2358 - acc: 0.9680
 310/1200 [======>.......................] - ETA: 0s - loss: 0.2279 - acc: 0.9677
 370/1200 [========>.....................] - ETA: 0s - loss: 0.2266 - acc: 0.9703
 430/1200 [=========>....................] - ETA: 0s - loss: 0.2196 - acc: 0.9721
 490/1200 [===========>..................] - ETA: 0s - loss: 0.2219 - acc: 0.9714
 550/1200 [============>.................] - ETA: 0s - loss: 0.2216 - acc: 0.9709
 610/1200 [==============>...............] - ETA: 0s - loss: 0.2223 - acc: 0.9705
 670/1200 [===============>..............] - ETA: 0s - loss: 0.2240 - acc: 0.9672
 730/1200 [=================>............] - ETA: 0s - loss: 0.2269 - acc: 0.9603
 790/1200 [==================>...........] - ETA: 0s - loss: 0.2299 - acc: 0.9570
 850/1200 [====================>.........] - ETA: 0s - loss: 0.2290 - acc: 0.9576
 910/1200 [=====================>........] - ETA: 0s - loss: 0.2271 - acc: 0.9582
 970/1200 [=======================>......] - ETA: 0s - loss: 0.2293 - acc: 0.9577
1030/1200 [========================>.....] - ETA: 0s - loss: 0.2262 - acc: 0.9592
1090/1200 [==========================>...] - ETA: 0s - loss: 0.2257 - acc: 0.9596
1150/1200 [===========================>..] - ETA: 0s - loss: 0.2254 - acc: 0.9574
1200/1200 [==============================] - 1s 904us/step - loss: 0.2242 - acc: 0.9567 - val_loss: 0.6383 - val_acc: 0.7353
Current time ....1.086
Train on 3900 samples, validate on 99 samples
Epoch 1/1

  10/3900 [..............................] - ETA: 3s - loss: 1.4105 - acc: 0.6000
  70/3900 [..............................] - ETA: 3s - loss: 1.1917 - acc: 0.5857
 130/3900 [>.............................] - ETA: 3s - loss: 1.1303 - acc: 0.6462
 190/3900 [>.............................] - ETA: 3s - loss: 1.1592 - acc: 0.6368
 250/3900 [>.............................] - ETA: 3s - loss: 1.1513 - acc: 0.6240
 310/3900 [=>............................] - ETA: 3s - loss: 1.1204 - acc: 0.6419
 370/3900 [=>............................] - ETA: 3s - loss: 1.1168 - acc: 0.6432
 430/3900 [==>...........................] - ETA: 3s - loss: 1.1126 - acc: 0.6442
 490/3900 [==>...........................] - ETA: 3s - loss: 1.1248 - acc: 0.6510
 550/3900 [===>..........................] - ETA: 2s - loss: 1.1056 - acc: 0.6655
 610/3900 [===>..........................] - ETA: 2s - loss: 1.1018 - acc: 0.6656
 670/3900 [====>.........................] - ETA: 2s - loss: 1.1038 - acc: 0.6657
 730/3900 [====>.........................] - ETA: 2s - loss: 1.1047 - acc: 0.6658
 790/3900 [=====>........................] - ETA: 2s - loss: 1.1184 - acc: 0.6582
 850/3900 [=====>........................] - ETA: 2s - loss: 1.1224 - acc: 0.6518
 910/3900 [======>.......................] - ETA: 2s - loss: 1.1187 - acc: 0.6527
 970/3900 [======>.......................] - ETA: 2s - loss: 1.1147 - acc: 0.6536
1030/3900 [======>.......................] - ETA: 2s - loss: 1.1309 - acc: 0.6476
1090/3900 [=======>......................] - ETA: 2s - loss: 1.1225 - acc: 0.6532
1150/3900 [=======>......................] - ETA: 2s - loss: 1.1247 - acc: 0.6470
1210/3900 [========>.....................] - ETA: 2s - loss: 1.1197 - acc: 0.6496
1270/3900 [========>.....................] - ETA: 2s - loss: 1.1177 - acc: 0.6480
1330/3900 [=========>....................] - ETA: 2s - loss: 1.1202 - acc: 0.6466
1390/3900 [=========>....................] - ETA: 2s - loss: 1.1154 - acc: 0.6475
1450/3900 [==========>...................] - ETA: 2s - loss: 1.1135 - acc: 0.6497
1510/3900 [==========>...................] - ETA: 2s - loss: 1.1072 - acc: 0.6503
1570/3900 [===========>..................] - ETA: 2s - loss: 1.1068 - acc: 0.6503
1630/3900 [===========>..................] - ETA: 2s - loss: 1.1123 - acc: 0.6491
1690/3900 [============>.................] - ETA: 1s - loss: 1.1108 - acc: 0.6479
1750/3900 [============>.................] - ETA: 1s - loss: 1.1062 - acc: 0.6503
1810/3900 [============>.................] - ETA: 1s - loss: 1.1035 - acc: 0.6519
1870/3900 [=============>................] - ETA: 1s - loss: 1.0981 - acc: 0.6524
1930/3900 [=============>................] - ETA: 1s - loss: 1.0951 - acc: 0.6534
1990/3900 [==============>...............] - ETA: 1s - loss: 1.0937 - acc: 0.6533
2050/3900 [==============>...............] - ETA: 1s - loss: 1.0933 - acc: 0.6532
2110/3900 [===============>..............] - ETA: 1s - loss: 1.0912 - acc: 0.6540
2170/3900 [===============>..............] - ETA: 1s - loss: 1.0901 - acc: 0.6548
2230/3900 [================>.............] - ETA: 1s - loss: 1.0897 - acc: 0.6552
2290/3900 [================>.............] - ETA: 1s - loss: 1.0896 - acc: 0.6546
2350/3900 [=================>............] - ETA: 1s - loss: 1.0894 - acc: 0.6536
2410/3900 [=================>............] - ETA: 1s - loss: 1.0861 - acc: 0.6535
2470/3900 [==================>...........] - ETA: 1s - loss: 1.0861 - acc: 0.6526
2530/3900 [==================>...........] - ETA: 1s - loss: 1.0879 - acc: 0.6514
2590/3900 [==================>...........] - ETA: 1s - loss: 1.0861 - acc: 0.6525
2650/3900 [===================>..........] - ETA: 1s - loss: 1.0853 - acc: 0.6521
2710/3900 [===================>..........] - ETA: 1s - loss: 1.0843 - acc: 0.6535
2770/3900 [====================>.........] - ETA: 1s - loss: 1.0831 - acc: 0.6542
2830/3900 [====================>.........] - ETA: 0s - loss: 1.0827 - acc: 0.6551
2890/3900 [=====================>........] - ETA: 0s - loss: 1.0819 - acc: 0.6554
2950/3900 [=====================>........] - ETA: 0s - loss: 1.0821 - acc: 0.6546
3010/3900 [======================>.......] - ETA: 0s - loss: 1.0812 - acc: 0.6568
3070/3900 [======================>.......] - ETA: 0s - loss: 1.0791 - acc: 0.6586
3130/3900 [=======================>......] - ETA: 0s - loss: 1.0769 - acc: 0.6597
3190/3900 [=======================>......] - ETA: 0s - loss: 1.0769 - acc: 0.6580
3250/3900 [========================>.....] - ETA: 0s - loss: 1.0739 - acc: 0.6591
3310/3900 [========================>.....] - ETA: 0s - loss: 1.0727 - acc: 0.6601
3370/3900 [========================>.....] - ETA: 0s - loss: 1.0723 - acc: 0.6605
3430/3900 [=========================>....] - ETA: 0s - loss: 1.0686 - acc: 0.6618
3490/3900 [=========================>....] - ETA: 0s - loss: 1.0659 - acc: 0.6642
3550/3900 [==========================>...] - ETA: 0s - loss: 1.0663 - acc: 0.6642
3610/3900 [==========================>...] - ETA: 0s - loss: 1.0666 - acc: 0.6637
3670/3900 [===========================>..] - ETA: 0s - loss: 1.0630 - acc: 0.6662
3730/3900 [===========================>..] - ETA: 0s - loss: 1.0634 - acc: 0.6657
3790/3900 [============================>.] - ETA: 0s - loss: 1.0624 - acc: 0.6662
3850/3900 [============================>.] - ETA: 0s - loss: 1.0614 - acc: 0.6660
3900/3900 [==============================] - 4s 907us/step - loss: 1.0600 - acc: 0.6664 - val_loss: 1.6543 - val_acc: 0.4141
Current time ....3.537
Train on 600 samples, validate on 86 samples
Epoch 1/1

 10/600 [..............................] - ETA: 0s - loss: 0.0301 - acc: 1.0000
 70/600 [==>...........................] - ETA: 0s - loss: 0.0558 - acc: 1.0000
130/600 [=====>........................] - ETA: 0s - loss: 0.0603 - acc: 1.0000
190/600 [========>.....................] - ETA: 0s - loss: 0.0552 - acc: 1.0000
250/600 [===========>..................] - ETA: 0s - loss: 0.0506 - acc: 1.0000
310/600 [==============>...............] - ETA: 0s - loss: 0.0503 - acc: 1.0000
370/600 [=================>............] - ETA: 0s - loss: 0.0532 - acc: 0.9973
430/600 [====================>.........] - ETA: 0s - loss: 0.0529 - acc: 0.9977
490/600 [=======================>......] - ETA: 0s - loss: 0.0523 - acc: 0.9980
550/600 [==========================>...] - ETA: 0s - loss: 0.0557 - acc: 0.9945
600/600 [==============================] - 1s 924us/step - loss: 0.0547 - acc: 0.9950 - val_loss: 0.4447 - val_acc: 0.9186
Current time ....0.555
Train on 1200 samples, validate on 68 samples
Epoch 1/1

  10/1200 [..............................] - ETA: 1s - loss: 0.2055 - acc: 0.9000
  70/1200 [>.............................] - ETA: 1s - loss: 0.1547 - acc: 0.9857
 130/1200 [==>...........................] - ETA: 0s - loss: 0.1773 - acc: 0.9846
 190/1200 [===>..........................] - ETA: 0s - loss: 0.1727 - acc: 0.9842
 250/1200 [=====>........................] - ETA: 0s - loss: 0.1632 - acc: 0.9800
 310/1200 [======>.......................] - ETA: 0s - loss: 0.1654 - acc: 0.9806
 370/1200 [========>.....................] - ETA: 0s - loss: 0.1699 - acc: 0.9757
 430/1200 [=========>....................] - ETA: 0s - loss: 0.1779 - acc: 0.9698
 490/1200 [===========>..................] - ETA: 0s - loss: 0.2068 - acc: 0.9612
 550/1200 [============>.................] - ETA: 0s - loss: 0.1991 - acc: 0.9655
 610/1200 [==============>...............] - ETA: 0s - loss: 0.1939 - acc: 0.9672
 670/1200 [===============>..............] - ETA: 0s - loss: 0.1935 - acc: 0.9672
 730/1200 [=================>............] - ETA: 0s - loss: 0.1907 - acc: 0.9658
 790/1200 [==================>...........] - ETA: 0s - loss: 0.1850 - acc: 0.9684
 850/1200 [====================>.........] - ETA: 0s - loss: 0.1831 - acc: 0.9671
 910/1200 [=====================>........] - ETA: 0s - loss: 0.1779 - acc: 0.9670
 970/1200 [=======================>......] - ETA: 0s - loss: 0.1789 - acc: 0.9660
1030/1200 [========================>.....] - ETA: 0s - loss: 0.1792 - acc: 0.9641
1090/1200 [==========================>...] - ETA: 0s - loss: 0.1748 - acc: 0.9661
1150/1200 [===========================>..] - ETA: 0s - loss: 0.1753 - acc: 0.9661
1200/1200 [==============================] - 1s 905us/step - loss: 0.1744 - acc: 0.9675 - val_loss: 0.7131 - val_acc: 0.7353
Current time ....1.086
Train on 3900 samples, validate on 99 samples
Epoch 1/1

  10/3900 [..............................] - ETA: 3s - loss: 0.8638 - acc: 0.9000
  70/3900 [..............................] - ETA: 3s - loss: 1.0154 - acc: 0.6429
 130/3900 [>.............................] - ETA: 3s - loss: 1.0319 - acc: 0.6538
 190/3900 [>.............................] - ETA: 3s - loss: 0.9991 - acc: 0.6632
 250/3900 [>.............................] - ETA: 3s - loss: 0.9812 - acc: 0.6800
 310/3900 [=>............................] - ETA: 3s - loss: 0.9650 - acc: 0.6903
 370/3900 [=>............................] - ETA: 3s - loss: 0.9469 - acc: 0.6946
 430/3900 [==>...........................] - ETA: 3s - loss: 0.9523 - acc: 0.6884
 490/3900 [==>...........................] - ETA: 3s - loss: 0.9456 - acc: 0.7000
 550/3900 [===>..........................] - ETA: 2s - loss: 0.9503 - acc: 0.6982
 610/3900 [===>..........................] - ETA: 2s - loss: 0.9350 - acc: 0.7115
 670/3900 [====>.........................] - ETA: 2s - loss: 0.9394 - acc: 0.7119
 730/3900 [====>.........................] - ETA: 2s - loss: 0.9307 - acc: 0.7178
 790/3900 [=====>........................] - ETA: 2s - loss: 0.9304 - acc: 0.7101
 850/3900 [=====>........................] - ETA: 2s - loss: 0.9306 - acc: 0.7118
 910/3900 [======>.......................] - ETA: 2s - loss: 0.9174 - acc: 0.7187
 970/3900 [======>.......................] - ETA: 2s - loss: 0.9141 - acc: 0.7206
1030/3900 [======>.......................] - ETA: 2s - loss: 0.9127 - acc: 0.7204
1090/3900 [=======>......................] - ETA: 2s - loss: 0.9063 - acc: 0.7266
1150/3900 [=======>......................] - ETA: 2s - loss: 0.9135 - acc: 0.7261
1210/3900 [========>.....................] - ETA: 2s - loss: 0.9104 - acc: 0.7264
1270/3900 [========>.....................] - ETA: 2s - loss: 0.9083 - acc: 0.7268
1330/3900 [=========>....................] - ETA: 2s - loss: 0.9136 - acc: 0.7233
1390/3900 [=========>....................] - ETA: 2s - loss: 0.9130 - acc: 0.7245
1450/3900 [==========>...................] - ETA: 2s - loss: 0.9072 - acc: 0.7262
1510/3900 [==========>...................] - ETA: 2s - loss: 0.8995 - acc: 0.7272
1570/3900 [===========>..................] - ETA: 2s - loss: 0.9024 - acc: 0.7248
1630/3900 [===========>..................] - ETA: 2s - loss: 0.9030 - acc: 0.7233
1690/3900 [============>.................] - ETA: 1s - loss: 0.8954 - acc: 0.7296
1750/3900 [============>.................] - ETA: 1s - loss: 0.8895 - acc: 0.7326
1810/3900 [============>.................] - ETA: 1s - loss: 0.8841 - acc: 0.7343
1870/3900 [=============>................] - ETA: 1s - loss: 0.8882 - acc: 0.7316
1930/3900 [=============>................] - ETA: 1s - loss: 0.8834 - acc: 0.7337
1990/3900 [==============>...............] - ETA: 1s - loss: 0.8865 - acc: 0.7296
2050/3900 [==============>...............] - ETA: 1s - loss: 0.8838 - acc: 0.7317
2110/3900 [===============>..............] - ETA: 1s - loss: 0.8845 - acc: 0.7299
2170/3900 [===============>..............] - ETA: 1s - loss: 0.8811 - acc: 0.7318
2230/3900 [================>.............] - ETA: 1s - loss: 0.8788 - acc: 0.7323
2290/3900 [================>.............] - ETA: 1s - loss: 0.8802 - acc: 0.7306
2350/3900 [=================>............] - ETA: 1s - loss: 0.8781 - acc: 0.7319
2410/3900 [=================>............] - ETA: 1s - loss: 0.8763 - acc: 0.7311
2470/3900 [==================>...........] - ETA: 1s - loss: 0.8721 - acc: 0.7324
2530/3900 [==================>...........] - ETA: 1s - loss: 0.8668 - acc: 0.7344
2590/3900 [==================>...........] - ETA: 1s - loss: 0.8724 - acc: 0.7309
2650/3900 [===================>..........] - ETA: 1s - loss: 0.8738 - acc: 0.7287
2710/3900 [===================>..........] - ETA: 1s - loss: 0.8702 - acc: 0.7303
2770/3900 [====================>.........] - ETA: 1s - loss: 0.8703 - acc: 0.7300
2830/3900 [====================>.........] - ETA: 0s - loss: 0.8682 - acc: 0.7311
2890/3900 [=====================>........] - ETA: 0s - loss: 0.8682 - acc: 0.7311
2950/3900 [=====================>........] - ETA: 0s - loss: 0.8646 - acc: 0.7325
3010/3900 [======================>.......] - ETA: 0s - loss: 0.8649 - acc: 0.7306
3070/3900 [======================>.......] - ETA: 0s - loss: 0.8631 - acc: 0.7306
3130/3900 [=======================>......] - ETA: 0s - loss: 0.8622 - acc: 0.7307
3190/3900 [=======================>......] - ETA: 0s - loss: 0.8623 - acc: 0.7301
3250/3900 [========================>.....] - ETA: 0s - loss: 0.8592 - acc: 0.7317
3310/3900 [========================>.....] - ETA: 0s - loss: 0.8623 - acc: 0.7305
3370/3900 [========================>.....] - ETA: 0s - loss: 0.8613 - acc: 0.7306
3430/3900 [=========================>....] - ETA: 0s - loss: 0.8603 - acc: 0.7303
3490/3900 [=========================>....] - ETA: 0s - loss: 0.8586 - acc: 0.7312
3550/3900 [==========================>...] - ETA: 0s - loss: 0.8582 - acc: 0.7313
3610/3900 [==========================>...] - ETA: 0s - loss: 0.8572 - acc: 0.7313
3670/3900 [===========================>..] - ETA: 0s - loss: 0.8560 - acc: 0.7313
3730/3900 [===========================>..] - ETA: 0s - loss: 0.8562 - acc: 0.7314
3790/3900 [============================>.] - ETA: 0s - loss: 0.8572 - acc: 0.7301
3850/3900 [============================>.] - ETA: 0s - loss: 0.8548 - acc: 0.7309
3900/3900 [==============================] - 4s 906us/step - loss: 0.8549 - acc: 0.7300 - val_loss: 1.6015 - val_acc: 0.4444
Current time ....3.533
Train on 600 samples, validate on 86 samples
Epoch 1/1

 10/600 [..............................] - ETA: 0s - loss: 0.0268 - acc: 1.0000
 70/600 [==>...........................] - ETA: 0s - loss: 0.0315 - acc: 1.0000
130/600 [=====>........................] - ETA: 0s - loss: 0.0414 - acc: 0.9923
190/600 [========>.....................] - ETA: 0s - loss: 0.0442 - acc: 0.9947
250/600 [===========>..................] - ETA: 0s - loss: 0.0433 - acc: 0.9960
310/600 [==============>...............] - ETA: 0s - loss: 0.0461 - acc: 0.9935
370/600 [=================>............] - ETA: 0s - loss: 0.0469 - acc: 0.9946
430/600 [====================>.........] - ETA: 0s - loss: 0.0429 - acc: 0.9953
490/600 [=======================>......] - ETA: 0s - loss: 0.0410 - acc: 0.9959
550/600 [==========================>...] - ETA: 0s - loss: 0.0421 - acc: 0.9964
600/600 [==============================] - 1s 923us/step - loss: 0.0421 - acc: 0.9967 - val_loss: 0.4653 - val_acc: 0.9186
Current time ....0.554
Train on 1200 samples, validate on 68 samples
Epoch 1/1

  10/1200 [..............................] - ETA: 1s - loss: 0.1341 - acc: 1.0000
  70/1200 [>.............................] - ETA: 1s - loss: 0.1003 - acc: 0.9857
 130/1200 [==>...........................] - ETA: 0s - loss: 0.0964 - acc: 0.9923
 190/1200 [===>..........................] - ETA: 0s - loss: 0.1209 - acc: 0.9842
 250/1200 [=====>........................] - ETA: 0s - loss: 0.1154 - acc: 0.9840
 310/1200 [======>.......................] - ETA: 0s - loss: 0.1179 - acc: 0.9871
 370/1200 [========>.....................] - ETA: 0s - loss: 0.1187 - acc: 0.9865
 430/1200 [=========>....................] - ETA: 0s - loss: 0.1191 - acc: 0.9884
 490/1200 [===========>..................] - ETA: 0s - loss: 0.1180 - acc: 0.9878
 550/1200 [============>.................] - ETA: 0s - loss: 0.1177 - acc: 0.9891
 610/1200 [==============>...............] - ETA: 0s - loss: 0.1138 - acc: 0.9902
 670/1200 [===============>..............] - ETA: 0s - loss: 0.1173 - acc: 0.9910
 730/1200 [=================>............] - ETA: 0s - loss: 0.1189 - acc: 0.9904
 790/1200 [==================>...........] - ETA: 0s - loss: 0.1186 - acc: 0.9899
 850/1200 [====================>.........] - ETA: 0s - loss: 0.1209 - acc: 0.9859
 910/1200 [=====================>........] - ETA: 0s - loss: 0.1206 - acc: 0.9868
 970/1200 [=======================>......] - ETA: 0s - loss: 0.1211 - acc: 0.9856
1030/1200 [========================>.....] - ETA: 0s - loss: 0.1172 - acc: 0.9864
1090/1200 [==========================>...] - ETA: 0s - loss: 0.1188 - acc: 0.9853
1150/1200 [===========================>..] - ETA: 0s - loss: 0.1167 - acc: 0.9852
1200/1200 [==============================] - 1s 909us/step - loss: 0.1164 - acc: 0.9850 - val_loss: 0.7080 - val_acc: 0.7059
Current time ....1.091
Train on 3900 samples, validate on 99 samples
Epoch 1/1

  10/3900 [..............................] - ETA: 3s - loss: 0.6767 - acc: 0.8000
  70/3900 [..............................] - ETA: 3s - loss: 0.7962 - acc: 0.7429
 130/3900 [>.............................] - ETA: 3s - loss: 0.7666 - acc: 0.7769
 190/3900 [>.............................] - ETA: 3s - loss: 0.7613 - acc: 0.7737
 250/3900 [>.............................] - ETA: 3s - loss: 0.7646 - acc: 0.7680
 310/3900 [=>............................] - ETA: 3s - loss: 0.7714 - acc: 0.7613
 370/3900 [=>............................] - ETA: 3s - loss: 0.7679 - acc: 0.7676
 430/3900 [==>...........................] - ETA: 3s - loss: 0.7588 - acc: 0.7767
 490/3900 [==>...........................] - ETA: 3s - loss: 0.7397 - acc: 0.7776
 550/3900 [===>..........................] - ETA: 3s - loss: 0.7317 - acc: 0.7836
 610/3900 [===>..........................] - ETA: 2s - loss: 0.7296 - acc: 0.7836
 670/3900 [====>.........................] - ETA: 2s - loss: 0.7382 - acc: 0.7746
 730/3900 [====>.........................] - ETA: 2s - loss: 0.7324 - acc: 0.7822
 790/3900 [=====>........................] - ETA: 2s - loss: 0.7222 - acc: 0.7823
 850/3900 [=====>........................] - ETA: 2s - loss: 0.7307 - acc: 0.7741
 910/3900 [======>.......................] - ETA: 2s - loss: 0.7396 - acc: 0.7692
 970/3900 [======>.......................] - ETA: 2s - loss: 0.7380 - acc: 0.7691
1030/3900 [======>.......................] - ETA: 2s - loss: 0.7512 - acc: 0.7612
1090/3900 [=======>......................] - ETA: 2s - loss: 0.7484 - acc: 0.7651
1150/3900 [=======>......................] - ETA: 2s - loss: 0.7422 - acc: 0.7652
1210/3900 [========>.....................] - ETA: 2s - loss: 0.7434 - acc: 0.7636
1270/3900 [========>.....................] - ETA: 2s - loss: 0.7404 - acc: 0.7646
1330/3900 [=========>....................] - ETA: 2s - loss: 0.7411 - acc: 0.7647
1390/3900 [=========>....................] - ETA: 2s - loss: 0.7457 - acc: 0.7619
1450/3900 [==========>...................] - ETA: 2s - loss: 0.7381 - acc: 0.7641
1510/3900 [==========>...................] - ETA: 2s - loss: 0.7395 - acc: 0.7642
1570/3900 [===========>..................] - ETA: 2s - loss: 0.7383 - acc: 0.7656
1630/3900 [===========>..................] - ETA: 2s - loss: 0.7328 - acc: 0.7669
1690/3900 [============>.................] - ETA: 1s - loss: 0.7332 - acc: 0.7657
1750/3900 [============>.................] - ETA: 1s - loss: 0.7331 - acc: 0.7651
1810/3900 [============>.................] - ETA: 1s - loss: 0.7344 - acc: 0.7646
1870/3900 [=============>................] - ETA: 1s - loss: 0.7344 - acc: 0.7647
1930/3900 [=============>................] - ETA: 1s - loss: 0.7378 - acc: 0.7627
1990/3900 [==============>...............] - ETA: 1s - loss: 0.7327 - acc: 0.7628
2050/3900 [==============>...............] - ETA: 1s - loss: 0.7341 - acc: 0.7620
2110/3900 [===============>..............] - ETA: 1s - loss: 0.7347 - acc: 0.7611
2170/3900 [===============>..............] - ETA: 1s - loss: 0.7342 - acc: 0.7627
2230/3900 [================>.............] - ETA: 1s - loss: 0.7343 - acc: 0.7628
2290/3900 [================>.............] - ETA: 1s - loss: 0.7313 - acc: 0.7646
2350/3900 [=================>............] - ETA: 1s - loss: 0.7309 - acc: 0.7655
2410/3900 [=================>............] - ETA: 1s - loss: 0.7283 - acc: 0.7664
2470/3900 [==================>...........] - ETA: 1s - loss: 0.7268 - acc: 0.7668
2530/3900 [==================>...........] - ETA: 1s - loss: 0.7253 - acc: 0.7680
2590/3900 [==================>...........] - ETA: 1s - loss: 0.7252 - acc: 0.7683
2650/3900 [===================>..........] - ETA: 1s - loss: 0.7239 - acc: 0.7675
2710/3900 [===================>..........] - ETA: 1s - loss: 0.7202 - acc: 0.7694
2770/3900 [====================>.........] - ETA: 1s - loss: 0.7228 - acc: 0.7686
2830/3900 [====================>.........] - ETA: 0s - loss: 0.7225 - acc: 0.7696
2890/3900 [=====================>........] - ETA: 0s - loss: 0.7209 - acc: 0.7699
2950/3900 [=====================>........] - ETA: 0s - loss: 0.7181 - acc: 0.7712
3010/3900 [======================>.......] - ETA: 0s - loss: 0.7195 - acc: 0.7698
3070/3900 [======================>.......] - ETA: 0s - loss: 0.7173 - acc: 0.7704
3130/3900 [=======================>......] - ETA: 0s - loss: 0.7142 - acc: 0.7719
3190/3900 [=======================>......] - ETA: 0s - loss: 0.7131 - acc: 0.7721
3250/3900 [========================>.....] - ETA: 0s - loss: 0.7128 - acc: 0.7720
3310/3900 [========================>.....] - ETA: 0s - loss: 0.7123 - acc: 0.7725
3370/3900 [========================>.....] - ETA: 0s - loss: 0.7098 - acc: 0.7739
3430/3900 [=========================>....] - ETA: 0s - loss: 0.7081 - acc: 0.7746
3490/3900 [=========================>....] - ETA: 0s - loss: 0.7078 - acc: 0.7742
3550/3900 [==========================>...] - ETA: 0s - loss: 0.7058 - acc: 0.7752
3610/3900 [==========================>...] - ETA: 0s - loss: 0.7019 - acc: 0.7776
3670/3900 [===========================>..] - ETA: 0s - loss: 0.7000 - acc: 0.7785
3730/3900 [===========================>..] - ETA: 0s - loss: 0.6990 - acc: 0.7786
3790/3900 [============================>.] - ETA: 0s - loss: 0.6984 - acc: 0.7778
3850/3900 [============================>.] - ETA: 0s - loss: 0.6981 - acc: 0.7774
3900/3900 [==============================] - 4s 907us/step - loss: 0.6975 - acc: 0.7769 - val_loss: 1.6059 - val_acc: 0.5253
Current time ....3.536
Train on 600 samples, validate on 86 samples
Epoch 1/1

 10/600 [..............................] - ETA: 0s - loss: 0.0188 - acc: 1.0000
 70/600 [==>...........................] - ETA: 0s - loss: 0.0326 - acc: 1.0000
130/600 [=====>........................] - ETA: 0s - loss: 0.0375 - acc: 1.0000
190/600 [========>.....................] - ETA: 0s - loss: 0.0346 - acc: 1.0000
250/600 [===========>..................] - ETA: 0s - loss: 0.0312 - acc: 1.0000
310/600 [==============>...............] - ETA: 0s - loss: 0.0302 - acc: 1.0000
370/600 [=================>............] - ETA: 0s - loss: 0.0309 - acc: 1.0000
430/600 [====================>.........] - ETA: 0s - loss: 0.0317 - acc: 1.0000
490/600 [=======================>......] - ETA: 0s - loss: 0.0317 - acc: 1.0000
550/600 [==========================>...] - ETA: 0s - loss: 0.0320 - acc: 1.0000
600/600 [==============================] - 1s 924us/step - loss: 0.0337 - acc: 0.9983 - val_loss: 0.4841 - val_acc: 0.9186
Current time ....0.554
Train on 1200 samples, validate on 68 samples
Epoch 1/1

  10/1200 [..............................] - ETA: 1s - loss: 0.0998 - acc: 1.0000
  70/1200 [>.............................] - ETA: 1s - loss: 0.0622 - acc: 1.0000
 130/1200 [==>...........................] - ETA: 0s - loss: 0.0984 - acc: 0.9769
 190/1200 [===>..........................] - ETA: 0s - loss: 0.1017 - acc: 0.9842
 250/1200 [=====>........................] - ETA: 0s - loss: 0.0968 - acc: 0.9880
 310/1200 [======>.......................] - ETA: 0s - loss: 0.1036 - acc: 0.9871
 370/1200 [========>.....................] - ETA: 0s - loss: 0.0996 - acc: 0.9892
 430/1200 [=========>....................] - ETA: 0s - loss: 0.0972 - acc: 0.9907
 490/1200 [===========>..................] - ETA: 0s - loss: 0.0924 - acc: 0.9918
 550/1200 [============>.................] - ETA: 0s - loss: 0.0907 - acc: 0.9927
 610/1200 [==============>...............] - ETA: 0s - loss: 0.0917 - acc: 0.9902
 670/1200 [===============>..............] - ETA: 0s - loss: 0.0913 - acc: 0.9910
 730/1200 [=================>............] - ETA: 0s - loss: 0.0904 - acc: 0.9918
 790/1200 [==================>...........] - ETA: 0s - loss: 0.0907 - acc: 0.9911
 850/1200 [====================>.........] - ETA: 0s - loss: 0.0879 - acc: 0.9918
 910/1200 [=====================>........] - ETA: 0s - loss: 0.0858 - acc: 0.9923
 970/1200 [=======================>......] - ETA: 0s - loss: 0.0848 - acc: 0.9928
1030/1200 [========================>.....] - ETA: 0s - loss: 0.0862 - acc: 0.9922
1090/1200 [==========================>...] - ETA: 0s - loss: 0.0847 - acc: 0.9927
1150/1200 [===========================>..] - ETA: 0s - loss: 0.0830 - acc: 0.9930
1200/1200 [==============================] - 1s 906us/step - loss: 0.0830 - acc: 0.9925 - val_loss: 0.7383 - val_acc: 0.7353
Current time ....1.087

32/99 [========>.....................] - ETA: 0s
99/99 [==============================] - 0s 93us/step
In EVALUATE loss:  [1.6058820582399465, 0.52525252585459237]

32/86 [==========>...................] - ETA: 0s
86/86 [==============================] - 0s 81us/step
In EVALUATE loss:  [0.48413308969763824, 0.91860465393509971]

32/68 [=============>................] - ETA: 0s
68/68 [==============================] - 0s 96us/step
In EVALUATE loss:  [0.73828145686317892, 0.73529411764705888]
Task 1 : Primary site - Macro F1 score 0.309277100608
Task 1 : Primary site - Micro F1 score 0.525252525253
Task 2 : Tumor laterality - Macro F1 score 0.918593644354
Task 2 : Tumor laterality - Micro F1 score 0.918604651163
Task 3 : Histological grade - Macro F1 score 0.564237732711
Task 3 : Histological grade - Micro F1 score 0.735294117647
Average loss:  0.942765534934
