Importing candle utils for keras
Configuration file:  /gpfs/mira-home/apeck/Modified_Benchmarks/Pilot3/P3B1/p3b1_default_model.txt
{'activation': 'relu',
 'batch_size': 10,
 'data_url': 'ftp://ftp.mcs.anl.gov/pub/candle/public/benchmarks/P3B1/',
 'drop': 0.0,
 'epochs': 10,
 'feature_names': 'Primary site:Tumor laterality:Histological grade',
 'ind_nnet_spec': [[2400, 2400, 1200, 1200],
                   [2400, 2400, 1200, 1200],
                   [2400, 2400, 1200, 1200]],
 'initialization': 'glorot_uniform',
 'learning_rate': 0.01,
 'loss': 'categorical_crossentropy',
 'metrics': 'accuracy',
 'model_name': 'p3b1',
 'n_fold': 1,
 'optimizer': 'sgd',
 'out_activation': 'softmax',
 'output_dir': '.',
 'scaling': 'none',
 'shared_nnet_spec': [1200,
                      2400,
                      3600,
                      3600,
                      3600,
                      3600,
                      3600,
                      3600,
                      3600,
                      2400],
 'shuffle': True,
 'timeout': 1800,
 'train_data': 'P3B1_data.tar.gz'}
Params:
{'activation': 'relu',
 'batch_size': 10,
 'case': 'CenterZ',
 'data_url': 'ftp://ftp.mcs.anl.gov/pub/candle/public/benchmarks/P3B1/',
 'datatype': <class 'numpy.float32'>,
 'drop': 0.0,
 'epochs': 10,
 'experiment_id': 'EXP000',
 'feature_names': 'Primary site:Tumor laterality:Histological grade',
 'fig': False,
 'gpus': [],
 'ind_nnet_spec': [[2400, 2400, 1200, 1200],
                   [2400, 2400, 1200, 1200],
                   [2400, 2400, 1200, 1200]],
 'initialization': 'glorot_uniform',
 'learning_rate': 0.01,
 'logfile': None,
 'loss': 'categorical_crossentropy',
 'metrics': 'accuracy',
 'model_name': 'p3b1',
 'n_fold': 1,
 'optimizer': 'sgd',
 'out_activation': 'softmax',
 'output_dir': '/gpfs/mira-home/apeck/CANDLE_testing/avery_modified_results/p3_1',
 'output_files': 'result0_0.csv;result1_0.csv;result2_0.csv',
 'rng_seed': 7102,
 'run_id': 'RUN000',
 'scaling': 'none',
 'shared_nnet_spec': [1200,
                      2400,
                      3600,
                      3600,
                      3600,
                      3600,
                      3600,
                      3600,
                      3600,
                      2400],
 'shuffle': False,
 'timeout': 1800,
 'train_bool': True,
 'train_data': 'P3B1_data.tar.gz',
 'train_features': 'data/task0_0_train_feature.csv;data/task1_0_train_feature.csv;data/task2_0_train_feature.csv',
 'train_truths': 'data/task0_0_train_label.csv;data/task1_0_train_label.csv;data/task2_0_train_label.csv',
 'valid_features': 'data/task0_0_test_feature.csv;data/task1_0_test_feature.csv;data/task2_0_test_feature.csv',
 'valid_truths': 'data/task0_0_test_label.csv;data/task1_0_test_label.csv;data/task2_0_test_label.csv',
 'verbose': None}
Feature names:
Primary site
Tumor laterality
Histological grade
Model:  0
_________________________________________________________________
Layer (type)                 Output Shape              Param #   
=================================================================
input (InputLayer)           (None, 400)               0         
_________________________________________________________________
indiv_layer_0_0 (Dense)      (None, 2400)              962400    
_________________________________________________________________
indiv_layer_0_1 (Dense)      (None, 2400)              5762400   
_________________________________________________________________
indiv_layer_0_2 (Dense)      (None, 1200)              2881200   
_________________________________________________________________
indiv_layer_0_3 (Dense)      (None, 1200)              1441200   
_________________________________________________________________
out_0 (Dense)                (None, 13)                15613     
=================================================================
Total params: 11,062,813
Trainable params: 11,062,813
Non-trainable params: 0
_________________________________________________________________
Model:  1
_________________________________________________________________
Layer (type)                 Output Shape              Param #   
=================================================================
input (InputLayer)           (None, 400)               0         
_________________________________________________________________
indiv_layer_1_0 (Dense)      (None, 2400)              962400    
_________________________________________________________________
indiv_layer_1_1 (Dense)      (None, 2400)              5762400   
_________________________________________________________________
indiv_layer_1_2 (Dense)      (None, 1200)              2881200   
_________________________________________________________________
indiv_layer_1_3 (Dense)      (None, 1200)              1441200   
_________________________________________________________________
out_1 (Dense)                (None, 2)                 2402      
=================================================================
Total params: 11,049,602
Trainable params: 11,049,602
Non-trainable params: 0
_________________________________________________________________
Model:  2
_________________________________________________________________
Layer (type)                 Output Shape              Param #   
=================================================================
input (InputLayer)           (None, 400)               0         
_________________________________________________________________
indiv_layer_2_0 (Dense)      (None, 2400)              962400    
_________________________________________________________________
indiv_layer_2_1 (Dense)      (None, 2400)              5762400   
_________________________________________________________________
indiv_layer_2_2 (Dense)      (None, 1200)              2881200   
_________________________________________________________________
indiv_layer_2_3 (Dense)      (None, 1200)              1441200   
_________________________________________________________________
out_2 (Dense)                (None, 4)                 4804      
=================================================================
Total params: 11,052,004
Trainable params: 11,052,004
Non-trainable params: 0
_________________________________________________________________
Train on 3900 samples, validate on 99 samples
Epoch 1/1

  10/3900 [..............................] - ETA: 12:18 - loss: 2.5647 - acc: 0.2000
  60/3900 [..............................] - ETA: 2:05 - loss: 2.5653 - acc: 0.1167 
 110/3900 [..............................] - ETA: 1:09 - loss: 2.5655 - acc: 0.1000
 160/3900 [>.............................] - ETA: 48s - loss: 2.5647 - acc: 0.1063 
 210/3900 [>.............................] - ETA: 37s - loss: 2.5649 - acc: 0.1048
 260/3900 [=>............................] - ETA: 30s - loss: 2.5649 - acc: 0.0923
 310/3900 [=>............................] - ETA: 25s - loss: 2.5644 - acc: 0.0968
 360/3900 [=>............................] - ETA: 22s - loss: 2.5644 - acc: 0.1083
 410/3900 [==>...........................] - ETA: 19s - loss: 2.5643 - acc: 0.0976
 470/3900 [==>...........................] - ETA: 17s - loss: 2.5640 - acc: 0.0979
 520/3900 [===>..........................] - ETA: 15s - loss: 2.5632 - acc: 0.1019
 570/3900 [===>..........................] - ETA: 14s - loss: 2.5633 - acc: 0.1018
 630/3900 [===>..........................] - ETA: 13s - loss: 2.5631 - acc: 0.1000
 690/3900 [====>.........................] - ETA: 12s - loss: 2.5631 - acc: 0.1014
 750/3900 [====>.........................] - ETA: 11s - loss: 2.5632 - acc: 0.0947
 810/3900 [=====>........................] - ETA: 10s - loss: 2.5629 - acc: 0.1025
 870/3900 [=====>........................] - ETA: 9s - loss: 2.5627 - acc: 0.1034 
 930/3900 [======>.......................] - ETA: 9s - loss: 2.5626 - acc: 0.1032
 990/3900 [======>.......................] - ETA: 8s - loss: 2.5623 - acc: 0.1040
1050/3900 [=======>......................] - ETA: 7s - loss: 2.5621 - acc: 0.1067
1110/3900 [=======>......................] - ETA: 7s - loss: 2.5619 - acc: 0.1072
1170/3900 [========>.....................] - ETA: 7s - loss: 2.5615 - acc: 0.1094
1230/3900 [========>.....................] - ETA: 6s - loss: 2.5613 - acc: 0.1122
1290/3900 [========>.....................] - ETA: 6s - loss: 2.5612 - acc: 0.1155
1350/3900 [=========>....................] - ETA: 6s - loss: 2.5607 - acc: 0.1200
1410/3900 [=========>....................] - ETA: 5s - loss: 2.5604 - acc: 0.1241
1470/3900 [==========>...................] - ETA: 5s - loss: 2.5602 - acc: 0.1279
1530/3900 [==========>...................] - ETA: 5s - loss: 2.5601 - acc: 0.1281
1590/3900 [===========>..................] - ETA: 4s - loss: 2.5599 - acc: 0.1289
1650/3900 [===========>..................] - ETA: 4s - loss: 2.5599 - acc: 0.1273
1710/3900 [============>.................] - ETA: 4s - loss: 2.5598 - acc: 0.1287
1770/3900 [============>.................] - ETA: 4s - loss: 2.5595 - acc: 0.1328
1830/3900 [=============>................] - ETA: 4s - loss: 2.5591 - acc: 0.1339
1890/3900 [=============>................] - ETA: 3s - loss: 2.5589 - acc: 0.1344
1950/3900 [==============>...............] - ETA: 3s - loss: 2.5587 - acc: 0.1344
2010/3900 [==============>...............] - ETA: 3s - loss: 2.5586 - acc: 0.1343
2070/3900 [==============>...............] - ETA: 3s - loss: 2.5583 - acc: 0.1372
2130/3900 [===============>..............] - ETA: 3s - loss: 2.5581 - acc: 0.1390
2190/3900 [===============>..............] - ETA: 3s - loss: 2.5580 - acc: 0.1379
2250/3900 [================>.............] - ETA: 2s - loss: 2.5579 - acc: 0.1387
2310/3900 [================>.............] - ETA: 2s - loss: 2.5576 - acc: 0.1381
2370/3900 [=================>............] - ETA: 2s - loss: 2.5574 - acc: 0.1397
2430/3900 [=================>............] - ETA: 2s - loss: 2.5572 - acc: 0.1416
2490/3900 [==================>...........] - ETA: 2s - loss: 2.5570 - acc: 0.1422
2550/3900 [==================>...........] - ETA: 2s - loss: 2.5568 - acc: 0.1443
2610/3900 [===================>..........] - ETA: 2s - loss: 2.5565 - acc: 0.1471
2670/3900 [===================>..........] - ETA: 2s - loss: 2.5562 - acc: 0.1479
2730/3900 [====================>.........] - ETA: 1s - loss: 2.5561 - acc: 0.1480
2790/3900 [====================>.........] - ETA: 1s - loss: 2.5559 - acc: 0.1484
2840/3900 [====================>.........] - ETA: 1s - loss: 2.5557 - acc: 0.1496
2900/3900 [=====================>........] - ETA: 1s - loss: 2.5556 - acc: 0.1503
2960/3900 [=====================>........] - ETA: 1s - loss: 2.5554 - acc: 0.1514
3020/3900 [======================>.......] - ETA: 1s - loss: 2.5552 - acc: 0.1526
3080/3900 [======================>.......] - ETA: 1s - loss: 2.5549 - acc: 0.1542
3140/3900 [=======================>......] - ETA: 1s - loss: 2.5549 - acc: 0.1548
3200/3900 [=======================>......] - ETA: 1s - loss: 2.5546 - acc: 0.1547
3260/3900 [========================>.....] - ETA: 0s - loss: 2.5544 - acc: 0.1561
3320/3900 [========================>.....] - ETA: 0s - loss: 2.5542 - acc: 0.1575
3380/3900 [=========================>....] - ETA: 0s - loss: 2.5539 - acc: 0.1583
3440/3900 [=========================>....] - ETA: 0s - loss: 2.5538 - acc: 0.1590
3500/3900 [=========================>....] - ETA: 0s - loss: 2.5536 - acc: 0.1606
3560/3900 [==========================>...] - ETA: 0s - loss: 2.5533 - acc: 0.1626
3620/3900 [==========================>...] - ETA: 0s - loss: 2.5532 - acc: 0.1638
3680/3900 [===========================>..] - ETA: 0s - loss: 2.5529 - acc: 0.1685
3740/3900 [===========================>..] - ETA: 0s - loss: 2.5526 - acc: 0.1730
3800/3900 [============================>.] - ETA: 0s - loss: 2.5524 - acc: 0.1779
3860/3900 [============================>.] - ETA: 0s - loss: 2.5522 - acc: 0.1819
3900/3900 [==============================] - 6s 1ms/step - loss: 2.5520 - acc: 0.1846 - val_loss: 2.5461 - val_acc: 0.2525
Current time ....5.538
Train on 600 samples, validate on 86 samples
Epoch 1/1

 10/600 [..............................] - ETA: 19s - loss: 0.6690 - acc: 0.7000
 70/600 [==>...........................] - ETA: 2s - loss: 0.6657 - acc: 0.6571 
130/600 [=====>........................] - ETA: 1s - loss: 0.6798 - acc: 0.5769
190/600 [========>.....................] - ETA: 1s - loss: 0.6797 - acc: 0.5684
250/600 [===========>..................] - ETA: 0s - loss: 0.6781 - acc: 0.5640
310/600 [==============>...............] - ETA: 0s - loss: 0.6718 - acc: 0.6129
370/600 [=================>............] - ETA: 0s - loss: 0.6694 - acc: 0.6270
430/600 [====================>.........] - ETA: 0s - loss: 0.6655 - acc: 0.6605
490/600 [=======================>......] - ETA: 0s - loss: 0.6622 - acc: 0.6796
550/600 [==========================>...] - ETA: 0s - loss: 0.6594 - acc: 0.6873
600/600 [==============================] - 1s 1ms/step - loss: 0.6576 - acc: 0.6983 - val_loss: 0.6293 - val_acc: 0.8488
Current time ....0.885
Train on 1200 samples, validate on 68 samples
Epoch 1/1

  10/1200 [..............................] - ETA: 30s - loss: 1.4128 - acc: 0.2000
  70/1200 [>.............................] - ETA: 4s - loss: 1.3770 - acc: 0.2714 
 130/1200 [==>...........................] - ETA: 2s - loss: 1.3708 - acc: 0.2769
 190/1200 [===>..........................] - ETA: 2s - loss: 1.3675 - acc: 0.3263
 250/1200 [=====>........................] - ETA: 1s - loss: 1.3604 - acc: 0.3520
 310/1200 [======>.......................] - ETA: 1s - loss: 1.3526 - acc: 0.3548
 370/1200 [========>.....................] - ETA: 1s - loss: 1.3485 - acc: 0.3649
 430/1200 [=========>....................] - ETA: 1s - loss: 1.3429 - acc: 0.3721
 490/1200 [===========>..................] - ETA: 0s - loss: 1.3351 - acc: 0.3776
 550/1200 [============>.................] - ETA: 0s - loss: 1.3332 - acc: 0.3818
 610/1200 [==============>...............] - ETA: 0s - loss: 1.3266 - acc: 0.3967
 670/1200 [===============>..............] - ETA: 0s - loss: 1.3217 - acc: 0.4134
 730/1200 [=================>............] - ETA: 0s - loss: 1.3173 - acc: 0.4301
 790/1200 [==================>...........] - ETA: 0s - loss: 1.3116 - acc: 0.4354
 850/1200 [====================>.........] - ETA: 0s - loss: 1.3084 - acc: 0.4376
 910/1200 [=====================>........] - ETA: 0s - loss: 1.3003 - acc: 0.4549
 970/1200 [=======================>......] - ETA: 0s - loss: 1.2947 - acc: 0.4608
1030/1200 [========================>.....] - ETA: 0s - loss: 1.2895 - acc: 0.4718
1090/1200 [==========================>...] - ETA: 0s - loss: 1.2852 - acc: 0.4835
1150/1200 [===========================>..] - ETA: 0s - loss: 1.2794 - acc: 0.4913
1200/1200 [==============================] - 1s 1ms/step - loss: 1.2723 - acc: 0.4967 - val_loss: 1.2544 - val_acc: 0.3676
Current time ....1.337
Train on 3900 samples, validate on 99 samples
Epoch 1/1

  10/3900 [..............................] - ETA: 3s - loss: 2.5248 - acc: 0.8000
  70/3900 [..............................] - ETA: 3s - loss: 2.5330 - acc: 0.4857
 130/3900 [>.............................] - ETA: 3s - loss: 2.5337 - acc: 0.4769
 190/3900 [>.............................] - ETA: 3s - loss: 2.5333 - acc: 0.4842
 250/3900 [>.............................] - ETA: 3s - loss: 2.5340 - acc: 0.4680
 310/3900 [=>............................] - ETA: 3s - loss: 2.5333 - acc: 0.4613
 370/3900 [=>............................] - ETA: 3s - loss: 2.5328 - acc: 0.4459
 430/3900 [==>...........................] - ETA: 3s - loss: 2.5325 - acc: 0.4279
 490/3900 [==>...........................] - ETA: 3s - loss: 2.5318 - acc: 0.4082
 550/3900 [===>..........................] - ETA: 3s - loss: 2.5318 - acc: 0.3909
 610/3900 [===>..........................] - ETA: 2s - loss: 2.5316 - acc: 0.3869
 670/3900 [====>.........................] - ETA: 2s - loss: 2.5312 - acc: 0.3836
 730/3900 [====>.........................] - ETA: 2s - loss: 2.5303 - acc: 0.3890
 790/3900 [=====>........................] - ETA: 2s - loss: 2.5304 - acc: 0.3873
 850/3900 [=====>........................] - ETA: 2s - loss: 2.5297 - acc: 0.3859
 910/3900 [======>.......................] - ETA: 2s - loss: 2.5295 - acc: 0.3769
 970/3900 [======>.......................] - ETA: 2s - loss: 2.5292 - acc: 0.3742
1030/3900 [======>.......................] - ETA: 2s - loss: 2.5284 - acc: 0.3738
1090/3900 [=======>......................] - ETA: 2s - loss: 2.5282 - acc: 0.3697
1150/3900 [=======>......................] - ETA: 2s - loss: 2.5273 - acc: 0.3713
1210/3900 [========>.....................] - ETA: 2s - loss: 2.5271 - acc: 0.3678
1270/3900 [========>.....................] - ETA: 2s - loss: 2.5272 - acc: 0.3598
1330/3900 [=========>....................] - ETA: 2s - loss: 2.5268 - acc: 0.3602
1390/3900 [=========>....................] - ETA: 2s - loss: 2.5265 - acc: 0.3568
1450/3900 [==========>...................] - ETA: 2s - loss: 2.5263 - acc: 0.3538
1510/3900 [==========>...................] - ETA: 2s - loss: 2.5258 - acc: 0.3517
1570/3900 [===========>..................] - ETA: 2s - loss: 2.5256 - acc: 0.3459
1630/3900 [===========>..................] - ETA: 2s - loss: 2.5249 - acc: 0.3436
1690/3900 [============>.................] - ETA: 2s - loss: 2.5244 - acc: 0.3432
1750/3900 [============>.................] - ETA: 1s - loss: 2.5243 - acc: 0.3383
1810/3900 [============>.................] - ETA: 1s - loss: 2.5239 - acc: 0.3320
1870/3900 [=============>................] - ETA: 1s - loss: 2.5236 - acc: 0.3283
1930/3900 [=============>................] - ETA: 1s - loss: 2.5230 - acc: 0.3285
1990/3900 [==============>...............] - ETA: 1s - loss: 2.5227 - acc: 0.3302
2050/3900 [==============>...............] - ETA: 1s - loss: 2.5222 - acc: 0.3312
2110/3900 [===============>..............] - ETA: 1s - loss: 2.5216 - acc: 0.3341
2170/3900 [===============>..............] - ETA: 1s - loss: 2.5213 - acc: 0.3327
2230/3900 [================>.............] - ETA: 1s - loss: 2.5210 - acc: 0.3309
2290/3900 [================>.............] - ETA: 1s - loss: 2.5203 - acc: 0.3336
2350/3900 [=================>............] - ETA: 1s - loss: 2.5197 - acc: 0.3357
2410/3900 [=================>............] - ETA: 1s - loss: 2.5196 - acc: 0.3332
2470/3900 [==================>...........] - ETA: 1s - loss: 2.5195 - acc: 0.3328
2530/3900 [==================>...........] - ETA: 1s - loss: 2.5192 - acc: 0.3324
2590/3900 [==================>...........] - ETA: 1s - loss: 2.5188 - acc: 0.3351
2650/3900 [===================>..........] - ETA: 1s - loss: 2.5184 - acc: 0.3374
2710/3900 [===================>..........] - ETA: 1s - loss: 2.5180 - acc: 0.3399
2770/3900 [====================>.........] - ETA: 1s - loss: 2.5174 - acc: 0.3437
2830/3900 [====================>.........] - ETA: 0s - loss: 2.5170 - acc: 0.3452
2890/3900 [=====================>........] - ETA: 0s - loss: 2.5165 - acc: 0.3481
2950/3900 [=====================>........] - ETA: 0s - loss: 2.5159 - acc: 0.3508
3010/3900 [======================>.......] - ETA: 0s - loss: 2.5155 - acc: 0.3538
3070/3900 [======================>.......] - ETA: 0s - loss: 2.5151 - acc: 0.3560
3130/3900 [=======================>......] - ETA: 0s - loss: 2.5146 - acc: 0.3585
3190/3900 [=======================>......] - ETA: 0s - loss: 2.5141 - acc: 0.3618
3240/3900 [=======================>......] - ETA: 0s - loss: 2.5138 - acc: 0.3645
3300/3900 [========================>.....] - ETA: 0s - loss: 2.5133 - acc: 0.3658
3360/3900 [========================>.....] - ETA: 0s - loss: 2.5126 - acc: 0.3682
3420/3900 [=========================>....] - ETA: 0s - loss: 2.5122 - acc: 0.3681
3480/3900 [=========================>....] - ETA: 0s - loss: 2.5117 - acc: 0.3681
3540/3900 [==========================>...] - ETA: 0s - loss: 2.5112 - acc: 0.3695
3600/3900 [==========================>...] - ETA: 0s - loss: 2.5106 - acc: 0.3714
3660/3900 [===========================>..] - ETA: 0s - loss: 2.5101 - acc: 0.3730
3720/3900 [===========================>..] - ETA: 0s - loss: 2.5095 - acc: 0.3739
3780/3900 [============================>.] - ETA: 0s - loss: 2.5089 - acc: 0.3772
3840/3900 [============================>.] - ETA: 0s - loss: 2.5085 - acc: 0.3781
3900/3900 [==============================] - 4s 908us/step - loss: 2.5079 - acc: 0.3792 - val_loss: 2.4903 - val_acc: 0.4343
Current time ....3.543
Train on 600 samples, validate on 86 samples
Epoch 1/1

 10/600 [..............................] - ETA: 0s - loss: 0.5425 - acc: 0.9000
 70/600 [==>...........................] - ETA: 0s - loss: 0.5817 - acc: 0.9571
130/600 [=====>........................] - ETA: 0s - loss: 0.5932 - acc: 0.9462
190/600 [========>.....................] - ETA: 0s - loss: 0.5761 - acc: 0.9632
250/600 [===========>..................] - ETA: 0s - loss: 0.5759 - acc: 0.9600
310/600 [==============>...............] - ETA: 0s - loss: 0.5674 - acc: 0.9677
370/600 [=================>............] - ETA: 0s - loss: 0.5620 - acc: 0.9703
430/600 [====================>.........] - ETA: 0s - loss: 0.5572 - acc: 0.9698
490/600 [=======================>......] - ETA: 0s - loss: 0.5541 - acc: 0.9735
550/600 [==========================>...] - ETA: 0s - loss: 0.5521 - acc: 0.9673
600/600 [==============================] - 1s 920us/step - loss: 0.5465 - acc: 0.9683 - val_loss: 0.5283 - val_acc: 0.9070
Current time ....0.552
Train on 1200 samples, validate on 68 samples
Epoch 1/1

  10/1200 [..............................] - ETA: 1s - loss: 1.3386 - acc: 0.2000
  70/1200 [>.............................] - ETA: 1s - loss: 1.1806 - acc: 0.5286
 130/1200 [==>...........................] - ETA: 0s - loss: 1.1675 - acc: 0.5615
 190/1200 [===>..........................] - ETA: 0s - loss: 1.1314 - acc: 0.5947
 250/1200 [=====>........................] - ETA: 0s - loss: 1.1346 - acc: 0.5800
 310/1200 [======>.......................] - ETA: 0s - loss: 1.1316 - acc: 0.6000
 370/1200 [========>.....................] - ETA: 0s - loss: 1.1172 - acc: 0.6216
 430/1200 [=========>....................] - ETA: 0s - loss: 1.1102 - acc: 0.6302
 490/1200 [===========>..................] - ETA: 0s - loss: 1.1087 - acc: 0.6265
 550/1200 [============>.................] - ETA: 0s - loss: 1.1045 - acc: 0.6218
 610/1200 [==============>...............] - ETA: 0s - loss: 1.0945 - acc: 0.6246
 670/1200 [===============>..............] - ETA: 0s - loss: 1.0815 - acc: 0.6299
 730/1200 [=================>............] - ETA: 0s - loss: 1.0722 - acc: 0.6342
 790/1200 [==================>...........] - ETA: 0s - loss: 1.0662 - acc: 0.6430
 850/1200 [====================>.........] - ETA: 0s - loss: 1.0664 - acc: 0.6329
 910/1200 [=====================>........] - ETA: 0s - loss: 1.0583 - acc: 0.6330
 970/1200 [=======================>......] - ETA: 0s - loss: 1.0495 - acc: 0.6361
1030/1200 [========================>.....] - ETA: 0s - loss: 1.0436 - acc: 0.6369
1090/1200 [==========================>...] - ETA: 0s - loss: 1.0366 - acc: 0.6376
1150/1200 [===========================>..] - ETA: 0s - loss: 1.0270 - acc: 0.6409
1200/1200 [==============================] - 1s 902us/step - loss: 1.0188 - acc: 0.6450 - val_loss: 1.1543 - val_acc: 0.3676
Current time ....1.083
Train on 3900 samples, validate on 99 samples
Epoch 1/1

  10/3900 [..............................] - ETA: 3s - loss: 2.4632 - acc: 0.3000
  70/3900 [..............................] - ETA: 3s - loss: 2.4654 - acc: 0.4286
 130/3900 [>.............................] - ETA: 3s - loss: 2.4647 - acc: 0.3385
 190/3900 [>.............................] - ETA: 3s - loss: 2.4587 - acc: 0.4368
 250/3900 [>.............................] - ETA: 3s - loss: 2.4600 - acc: 0.4560
 310/3900 [=>............................] - ETA: 3s - loss: 2.4579 - acc: 0.4613
 370/3900 [=>............................] - ETA: 3s - loss: 2.4568 - acc: 0.4757
 430/3900 [==>...........................] - ETA: 3s - loss: 2.4558 - acc: 0.4953
 490/3900 [==>...........................] - ETA: 3s - loss: 2.4555 - acc: 0.4939
 550/3900 [===>..........................] - ETA: 3s - loss: 2.4561 - acc: 0.4709
 610/3900 [===>..........................] - ETA: 2s - loss: 2.4558 - acc: 0.4705
 670/3900 [====>.........................] - ETA: 2s - loss: 2.4551 - acc: 0.4612
 730/3900 [====>.........................] - ETA: 2s - loss: 2.4526 - acc: 0.4630
 790/3900 [=====>........................] - ETA: 2s - loss: 2.4515 - acc: 0.4544
 850/3900 [=====>........................] - ETA: 2s - loss: 2.4506 - acc: 0.4494
 910/3900 [======>.......................] - ETA: 2s - loss: 2.4491 - acc: 0.4473
 970/3900 [======>.......................] - ETA: 2s - loss: 2.4467 - acc: 0.4443
1030/3900 [======>.......................] - ETA: 2s - loss: 2.4467 - acc: 0.4340
1090/3900 [=======>......................] - ETA: 2s - loss: 2.4461 - acc: 0.4303
1150/3900 [=======>......................] - ETA: 2s - loss: 2.4446 - acc: 0.4296
1210/3900 [========>.....................] - ETA: 2s - loss: 2.4434 - acc: 0.4298
1270/3900 [========>.....................] - ETA: 2s - loss: 2.4417 - acc: 0.4268
1330/3900 [=========>....................] - ETA: 2s - loss: 2.4402 - acc: 0.4293
1390/3900 [=========>....................] - ETA: 2s - loss: 2.4393 - acc: 0.4273
1450/3900 [==========>...................] - ETA: 2s - loss: 2.4373 - acc: 0.4317
1510/3900 [==========>...................] - ETA: 2s - loss: 2.4357 - acc: 0.4298
1570/3900 [===========>..................] - ETA: 2s - loss: 2.4343 - acc: 0.4268
1630/3900 [===========>..................] - ETA: 2s - loss: 2.4334 - acc: 0.4258
1690/3900 [============>.................] - ETA: 1s - loss: 2.4318 - acc: 0.4284
1750/3900 [============>.................] - ETA: 1s - loss: 2.4299 - acc: 0.4280
1810/3900 [============>.................] - ETA: 1s - loss: 2.4285 - acc: 0.4254
1870/3900 [=============>................] - ETA: 1s - loss: 2.4271 - acc: 0.4225
1930/3900 [=============>................] - ETA: 1s - loss: 2.4256 - acc: 0.4187
1990/3900 [==============>...............] - ETA: 1s - loss: 2.4242 - acc: 0.4146
2050/3900 [==============>...............] - ETA: 1s - loss: 2.4222 - acc: 0.4137
2110/3900 [===============>..............] - ETA: 1s - loss: 2.4207 - acc: 0.4114
2170/3900 [===============>..............] - ETA: 1s - loss: 2.4196 - acc: 0.4088
2230/3900 [================>.............] - ETA: 1s - loss: 2.4177 - acc: 0.4067
2290/3900 [================>.............] - ETA: 1s - loss: 2.4165 - acc: 0.4066
2350/3900 [=================>............] - ETA: 1s - loss: 2.4147 - acc: 0.4068
2410/3900 [=================>............] - ETA: 1s - loss: 2.4131 - acc: 0.4050
2470/3900 [==================>...........] - ETA: 1s - loss: 2.4110 - acc: 0.4049
2530/3900 [==================>...........] - ETA: 1s - loss: 2.4093 - acc: 0.4055
2590/3900 [==================>...........] - ETA: 1s - loss: 2.4073 - acc: 0.4058
2650/3900 [===================>..........] - ETA: 1s - loss: 2.4051 - acc: 0.4060
2710/3900 [===================>..........] - ETA: 1s - loss: 2.4034 - acc: 0.4022
2770/3900 [====================>.........] - ETA: 1s - loss: 2.4009 - acc: 0.4025
2830/3900 [====================>.........] - ETA: 0s - loss: 2.3988 - acc: 0.4021
2890/3900 [=====================>........] - ETA: 0s - loss: 2.3969 - acc: 0.4007
2950/3900 [=====================>........] - ETA: 0s - loss: 2.3948 - acc: 0.4020
3010/3900 [======================>.......] - ETA: 0s - loss: 2.3928 - acc: 0.4017
3070/3900 [======================>.......] - ETA: 0s - loss: 2.3906 - acc: 0.4020
3130/3900 [=======================>......] - ETA: 0s - loss: 2.3885 - acc: 0.4013
3190/3900 [=======================>......] - ETA: 0s - loss: 2.3861 - acc: 0.4000
3250/3900 [========================>.....] - ETA: 0s - loss: 2.3834 - acc: 0.4006
3310/3900 [========================>.....] - ETA: 0s - loss: 2.3809 - acc: 0.4021
3370/3900 [========================>.....] - ETA: 0s - loss: 2.3782 - acc: 0.4018
3430/3900 [=========================>....] - ETA: 0s - loss: 2.3761 - acc: 0.3997
3490/3900 [=========================>....] - ETA: 0s - loss: 2.3733 - acc: 0.3986
3550/3900 [==========================>...] - ETA: 0s - loss: 2.3704 - acc: 0.3983
3610/3900 [==========================>...] - ETA: 0s - loss: 2.3675 - acc: 0.3997
3670/3900 [===========================>..] - ETA: 0s - loss: 2.3639 - acc: 0.4016
3730/3900 [===========================>..] - ETA: 0s - loss: 2.3612 - acc: 0.4021
3790/3900 [============================>.] - ETA: 0s - loss: 2.3592 - acc: 0.4008
3850/3900 [============================>.] - ETA: 0s - loss: 2.3571 - acc: 0.3990
3900/3900 [==============================] - 4s 901us/step - loss: 2.3544 - acc: 0.4005 - val_loss: 2.2698 - val_acc: 0.2121
Current time ....3.513
Train on 600 samples, validate on 86 samples
Epoch 1/1

 10/600 [..............................] - ETA: 0s - loss: 0.5145 - acc: 1.0000
 70/600 [==>...........................] - ETA: 0s - loss: 0.4648 - acc: 1.0000
130/600 [=====>........................] - ETA: 0s - loss: 0.4441 - acc: 1.0000
190/600 [========>.....................] - ETA: 0s - loss: 0.4388 - acc: 0.9895
250/600 [===========>..................] - ETA: 0s - loss: 0.4363 - acc: 0.9840
310/600 [==============>...............] - ETA: 0s - loss: 0.4298 - acc: 0.9839
370/600 [=================>............] - ETA: 0s - loss: 0.4220 - acc: 0.9784
430/600 [====================>.........] - ETA: 0s - loss: 0.4199 - acc: 0.9767
490/600 [=======================>......] - ETA: 0s - loss: 0.4115 - acc: 0.9776
550/600 [==========================>...] - ETA: 0s - loss: 0.4053 - acc: 0.9800
600/600 [==============================] - 1s 926us/step - loss: 0.3980 - acc: 0.9800 - val_loss: 0.4161 - val_acc: 0.9186
Current time ....0.556
Train on 1200 samples, validate on 68 samples
Epoch 1/1

  10/1200 [..............................] - ETA: 1s - loss: 0.9356 - acc: 0.6000
  70/1200 [>.............................] - ETA: 0s - loss: 0.8589 - acc: 0.6857
 130/1200 [==>...........................] - ETA: 0s - loss: 0.8731 - acc: 0.7077
 190/1200 [===>..........................] - ETA: 0s - loss: 0.8528 - acc: 0.7158
 250/1200 [=====>........................] - ETA: 0s - loss: 0.8420 - acc: 0.7160
 310/1200 [======>.......................] - ETA: 0s - loss: 0.8458 - acc: 0.7290
 370/1200 [========>.....................] - ETA: 0s - loss: 0.8406 - acc: 0.7162
 430/1200 [=========>....................] - ETA: 0s - loss: 0.8289 - acc: 0.7186
 490/1200 [===========>..................] - ETA: 0s - loss: 0.8376 - acc: 0.6980
 550/1200 [============>.................] - ETA: 0s - loss: 0.8339 - acc: 0.6964
 610/1200 [==============>...............] - ETA: 0s - loss: 0.8275 - acc: 0.6918
 670/1200 [===============>..............] - ETA: 0s - loss: 0.8230 - acc: 0.6955
 730/1200 [=================>............] - ETA: 0s - loss: 0.8143 - acc: 0.7000
 790/1200 [==================>...........] - ETA: 0s - loss: 0.8109 - acc: 0.7051
 850/1200 [====================>.........] - ETA: 0s - loss: 0.8106 - acc: 0.7082
 910/1200 [=====================>........] - ETA: 0s - loss: 0.8050 - acc: 0.7121
 970/1200 [=======================>......] - ETA: 0s - loss: 0.8002 - acc: 0.7175
1030/1200 [========================>.....] - ETA: 0s - loss: 0.7978 - acc: 0.7214
1090/1200 [==========================>...] - ETA: 0s - loss: 0.7915 - acc: 0.7257
1150/1200 [===========================>..] - ETA: 0s - loss: 0.7810 - acc: 0.7287
1200/1200 [==============================] - 1s 903us/step - loss: 0.7768 - acc: 0.7317 - val_loss: 1.0558 - val_acc: 0.5294
Current time ....1.084
Train on 3900 samples, validate on 99 samples
Epoch 1/1

  10/3900 [..............................] - ETA: 3s - loss: 2.2065 - acc: 0.3000
  70/3900 [..............................] - ETA: 3s - loss: 2.1869 - acc: 0.3857
 130/3900 [>.............................] - ETA: 3s - loss: 2.1772 - acc: 0.4000
 190/3900 [>.............................] - ETA: 3s - loss: 2.1747 - acc: 0.3842
 250/3900 [>.............................] - ETA: 3s - loss: 2.1632 - acc: 0.3800
 310/3900 [=>............................] - ETA: 3s - loss: 2.1571 - acc: 0.3774
 370/3900 [=>............................] - ETA: 3s - loss: 2.1612 - acc: 0.3811
 430/3900 [==>...........................] - ETA: 3s - loss: 2.1556 - acc: 0.3791
 490/3900 [==>...........................] - ETA: 3s - loss: 2.1511 - acc: 0.3857
 550/3900 [===>..........................] - ETA: 2s - loss: 2.1488 - acc: 0.3745
 610/3900 [===>..........................] - ETA: 2s - loss: 2.1440 - acc: 0.3803
 670/3900 [====>.........................] - ETA: 2s - loss: 2.1399 - acc: 0.3821
 730/3900 [====>.........................] - ETA: 2s - loss: 2.1340 - acc: 0.3877
 790/3900 [=====>........................] - ETA: 2s - loss: 2.1320 - acc: 0.3848
 850/3900 [=====>........................] - ETA: 2s - loss: 2.1293 - acc: 0.3812
 910/3900 [======>.......................] - ETA: 2s - loss: 2.1284 - acc: 0.3824
 970/3900 [======>.......................] - ETA: 2s - loss: 2.1233 - acc: 0.3742
1030/3900 [======>.......................] - ETA: 2s - loss: 2.1233 - acc: 0.3709
1090/3900 [=======>......................] - ETA: 2s - loss: 2.1191 - acc: 0.3679
1150/3900 [=======>......................] - ETA: 2s - loss: 2.1154 - acc: 0.3678
1210/3900 [========>.....................] - ETA: 2s - loss: 2.1117 - acc: 0.3744
1270/3900 [========>.....................] - ETA: 2s - loss: 2.1060 - acc: 0.3858
1330/3900 [=========>....................] - ETA: 2s - loss: 2.1000 - acc: 0.3910
1390/3900 [=========>....................] - ETA: 2s - loss: 2.0955 - acc: 0.3899
1450/3900 [==========>...................] - ETA: 2s - loss: 2.0932 - acc: 0.3903
1510/3900 [==========>...................] - ETA: 2s - loss: 2.0919 - acc: 0.3881
1570/3900 [===========>..................] - ETA: 2s - loss: 2.0891 - acc: 0.3885
1630/3900 [===========>..................] - ETA: 2s - loss: 2.0862 - acc: 0.3902
1690/3900 [============>.................] - ETA: 1s - loss: 2.0823 - acc: 0.3959
1750/3900 [============>.................] - ETA: 1s - loss: 2.0788 - acc: 0.3983
1810/3900 [============>.................] - ETA: 1s - loss: 2.0751 - acc: 0.4006
1870/3900 [=============>................] - ETA: 1s - loss: 2.0707 - acc: 0.4016
1930/3900 [=============>................] - ETA: 1s - loss: 2.0674 - acc: 0.4010
1990/3900 [==============>...............] - ETA: 1s - loss: 2.0647 - acc: 0.4015
2050/3900 [==============>...............] - ETA: 1s - loss: 2.0608 - acc: 0.4054
2110/3900 [===============>..............] - ETA: 1s - loss: 2.0570 - acc: 0.4095
2170/3900 [===============>..............] - ETA: 1s - loss: 2.0543 - acc: 0.4106
2230/3900 [================>.............] - ETA: 1s - loss: 2.0515 - acc: 0.4099
2290/3900 [================>.............] - ETA: 1s - loss: 2.0488 - acc: 0.4092
2350/3900 [=================>............] - ETA: 1s - loss: 2.0461 - acc: 0.4102
2410/3900 [=================>............] - ETA: 1s - loss: 2.0428 - acc: 0.4087
2470/3900 [==================>...........] - ETA: 1s - loss: 2.0391 - acc: 0.4081
2530/3900 [==================>...........] - ETA: 1s - loss: 2.0374 - acc: 0.4059
2590/3900 [==================>...........] - ETA: 1s - loss: 2.0351 - acc: 0.4023
2650/3900 [===================>..........] - ETA: 1s - loss: 2.0318 - acc: 0.4004
2710/3900 [===================>..........] - ETA: 1s - loss: 2.0294 - acc: 0.3989
2770/3900 [====================>.........] - ETA: 1s - loss: 2.0266 - acc: 0.3982
2830/3900 [====================>.........] - ETA: 0s - loss: 2.0243 - acc: 0.3947
2890/3900 [=====================>........] - ETA: 0s - loss: 2.0232 - acc: 0.3920
2950/3900 [=====================>........] - ETA: 0s - loss: 2.0207 - acc: 0.3936
3010/3900 [======================>.......] - ETA: 0s - loss: 2.0176 - acc: 0.3934
3070/3900 [======================>.......] - ETA: 0s - loss: 2.0148 - acc: 0.3948
3130/3900 [=======================>......] - ETA: 0s - loss: 2.0124 - acc: 0.3955
3190/3900 [=======================>......] - ETA: 0s - loss: 2.0105 - acc: 0.3931
3250/3900 [========================>.....] - ETA: 0s - loss: 2.0067 - acc: 0.3954
3310/3900 [========================>.....] - ETA: 0s - loss: 2.0036 - acc: 0.3943
3370/3900 [========================>.....] - ETA: 0s - loss: 1.9999 - acc: 0.3938
3430/3900 [=========================>....] - ETA: 0s - loss: 1.9988 - acc: 0.3907
3490/3900 [=========================>....] - ETA: 0s - loss: 1.9956 - acc: 0.3897
3550/3900 [==========================>...] - ETA: 0s - loss: 1.9935 - acc: 0.3882
3610/3900 [==========================>...] - ETA: 0s - loss: 1.9918 - acc: 0.3884
3670/3900 [===========================>..] - ETA: 0s - loss: 1.9890 - acc: 0.3902
3730/3900 [===========================>..] - ETA: 0s - loss: 1.9864 - acc: 0.3895
3790/3900 [============================>.] - ETA: 0s - loss: 1.9839 - acc: 0.3889
3850/3900 [============================>.] - ETA: 0s - loss: 1.9818 - acc: 0.3888
3900/3900 [==============================] - 4s 899us/step - loss: 1.9787 - acc: 0.3905 - val_loss: 1.9731 - val_acc: 0.1818
Current time ....3.507
Train on 600 samples, validate on 86 samples
Epoch 1/1

 10/600 [..............................] - ETA: 0s - loss: 0.3218 - acc: 1.0000
 70/600 [==>...........................] - ETA: 0s - loss: 0.3215 - acc: 0.9714
130/600 [=====>........................] - ETA: 0s - loss: 0.3184 - acc: 0.9769
190/600 [========>.....................] - ETA: 0s - loss: 0.3033 - acc: 0.9842
250/600 [===========>..................] - ETA: 0s - loss: 0.2922 - acc: 0.9840
310/600 [==============>...............] - ETA: 0s - loss: 0.2811 - acc: 0.9871
370/600 [=================>............] - ETA: 0s - loss: 0.2759 - acc: 0.9865
430/600 [====================>.........] - ETA: 0s - loss: 0.2718 - acc: 0.9860
490/600 [=======================>......] - ETA: 0s - loss: 0.2669 - acc: 0.9857
550/600 [==========================>...] - ETA: 0s - loss: 0.2577 - acc: 0.9836
600/600 [==============================] - 1s 930us/step - loss: 0.2529 - acc: 0.9850 - val_loss: 0.3725 - val_acc: 0.9186
Current time ....0.558
Train on 1200 samples, validate on 68 samples
Epoch 1/1

  10/1200 [..............................] - ETA: 1s - loss: 0.8090 - acc: 0.7000
  70/1200 [>.............................] - ETA: 1s - loss: 0.6443 - acc: 0.8429
 130/1200 [==>...........................] - ETA: 0s - loss: 0.6392 - acc: 0.8154
 190/1200 [===>..........................] - ETA: 0s - loss: 0.6438 - acc: 0.8211
 250/1200 [=====>........................] - ETA: 0s - loss: 0.6604 - acc: 0.8040
 310/1200 [======>.......................] - ETA: 0s - loss: 0.6552 - acc: 0.7968
 370/1200 [========>.....................] - ETA: 0s - loss: 0.6404 - acc: 0.8054
 430/1200 [=========>....................] - ETA: 0s - loss: 0.6432 - acc: 0.8000
 490/1200 [===========>..................] - ETA: 0s - loss: 0.6449 - acc: 0.7980
 550/1200 [============>.................] - ETA: 0s - loss: 0.6530 - acc: 0.7873
 610/1200 [==============>...............] - ETA: 0s - loss: 0.6429 - acc: 0.7836
 670/1200 [===============>..............] - ETA: 0s - loss: 0.6400 - acc: 0.7910
 730/1200 [=================>............] - ETA: 0s - loss: 0.6349 - acc: 0.7945
 790/1200 [==================>...........] - ETA: 0s - loss: 0.6219 - acc: 0.8025
 850/1200 [====================>.........] - ETA: 0s - loss: 0.6144 - acc: 0.8082
 910/1200 [=====================>........] - ETA: 0s - loss: 0.6089 - acc: 0.8110
 970/1200 [=======================>......] - ETA: 0s - loss: 0.6035 - acc: 0.8124
1030/1200 [========================>.....] - ETA: 0s - loss: 0.5965 - acc: 0.8126
1090/1200 [==========================>...] - ETA: 0s - loss: 0.5905 - acc: 0.8156
1150/1200 [===========================>..] - ETA: 0s - loss: 0.5841 - acc: 0.8191
1200/1200 [==============================] - 1s 899us/step - loss: 0.5793 - acc: 0.8208 - val_loss: 0.8939 - val_acc: 0.6029
Current time ....1.079
Train on 3900 samples, validate on 99 samples
Epoch 1/1

  10/3900 [..............................] - ETA: 3s - loss: 1.9115 - acc: 0.3000
  70/3900 [..............................] - ETA: 3s - loss: 1.8406 - acc: 0.3143
 130/3900 [>.............................] - ETA: 3s - loss: 1.7828 - acc: 0.3231
 190/3900 [>.............................] - ETA: 3s - loss: 1.7886 - acc: 0.3526
 250/3900 [>.............................] - ETA: 3s - loss: 1.8005 - acc: 0.3560
 310/3900 [=>............................] - ETA: 3s - loss: 1.8061 - acc: 0.3548
 370/3900 [=>............................] - ETA: 3s - loss: 1.8082 - acc: 0.3622
 430/3900 [==>...........................] - ETA: 3s - loss: 1.8084 - acc: 0.3535
 490/3900 [==>...........................] - ETA: 3s - loss: 1.8122 - acc: 0.3429
 550/3900 [===>..........................] - ETA: 3s - loss: 1.8120 - acc: 0.3527
 610/3900 [===>..........................] - ETA: 2s - loss: 1.8127 - acc: 0.3672
 670/3900 [====>.........................] - ETA: 2s - loss: 1.8178 - acc: 0.3746
 730/3900 [====>.........................] - ETA: 2s - loss: 1.8155 - acc: 0.3808
 790/3900 [=====>........................] - ETA: 2s - loss: 1.8135 - acc: 0.3848
 850/3900 [=====>........................] - ETA: 2s - loss: 1.8077 - acc: 0.3929
 910/3900 [======>.......................] - ETA: 2s - loss: 1.8083 - acc: 0.3890
 970/3900 [======>.......................] - ETA: 2s - loss: 1.8074 - acc: 0.3835
1030/3900 [======>.......................] - ETA: 2s - loss: 1.8040 - acc: 0.3854
1090/3900 [=======>......................] - ETA: 2s - loss: 1.8038 - acc: 0.3872
1150/3900 [=======>......................] - ETA: 2s - loss: 1.8045 - acc: 0.3896
1200/3900 [========>.....................] - ETA: 2s - loss: 1.8082 - acc: 0.3892
1260/3900 [========>.....................] - ETA: 2s - loss: 1.8064 - acc: 0.3897
1320/3900 [=========>....................] - ETA: 2s - loss: 1.8053 - acc: 0.3894
1380/3900 [=========>....................] - ETA: 2s - loss: 1.8033 - acc: 0.3891
1440/3900 [==========>...................] - ETA: 2s - loss: 1.8038 - acc: 0.3882
1500/3900 [==========>...................] - ETA: 2s - loss: 1.7997 - acc: 0.3920
1560/3900 [===========>..................] - ETA: 2s - loss: 1.7976 - acc: 0.3949
1620/3900 [===========>..................] - ETA: 2s - loss: 1.7955 - acc: 0.3975
1680/3900 [===========>..................] - ETA: 1s - loss: 1.7932 - acc: 0.3958
1740/3900 [============>.................] - ETA: 1s - loss: 1.7913 - acc: 0.3925
1800/3900 [============>.................] - ETA: 1s - loss: 1.7931 - acc: 0.3922
1860/3900 [=============>................] - ETA: 1s - loss: 1.7926 - acc: 0.3914
1920/3900 [=============>................] - ETA: 1s - loss: 1.7884 - acc: 0.3948
1980/3900 [==============>...............] - ETA: 1s - loss: 1.7885 - acc: 0.3955
2040/3900 [==============>...............] - ETA: 1s - loss: 1.7864 - acc: 0.3985
2100/3900 [===============>..............] - ETA: 1s - loss: 1.7853 - acc: 0.3971
2160/3900 [===============>..............] - ETA: 1s - loss: 1.7865 - acc: 0.3963
2220/3900 [================>.............] - ETA: 1s - loss: 1.7850 - acc: 0.4005
2280/3900 [================>.............] - ETA: 1s - loss: 1.7837 - acc: 0.4013
2340/3900 [=================>............] - ETA: 1s - loss: 1.7831 - acc: 0.4043
2400/3900 [=================>............] - ETA: 1s - loss: 1.7791 - acc: 0.4088
2460/3900 [=================>............] - ETA: 1s - loss: 1.7778 - acc: 0.4126
2520/3900 [==================>...........] - ETA: 1s - loss: 1.7770 - acc: 0.4131
2580/3900 [==================>...........] - ETA: 1s - loss: 1.7755 - acc: 0.4132
2640/3900 [===================>..........] - ETA: 1s - loss: 1.7746 - acc: 0.4140
2700/3900 [===================>..........] - ETA: 1s - loss: 1.7727 - acc: 0.4163
2760/3900 [====================>.........] - ETA: 1s - loss: 1.7701 - acc: 0.4188
2820/3900 [====================>.........] - ETA: 0s - loss: 1.7685 - acc: 0.4216
2880/3900 [=====================>........] - ETA: 0s - loss: 1.7668 - acc: 0.4229
2940/3900 [=====================>........] - ETA: 0s - loss: 1.7665 - acc: 0.4221
3000/3900 [======================>.......] - ETA: 0s - loss: 1.7655 - acc: 0.4230
3060/3900 [======================>.......] - ETA: 0s - loss: 1.7650 - acc: 0.4235
3120/3900 [=======================>......] - ETA: 0s - loss: 1.7637 - acc: 0.4266
3180/3900 [=======================>......] - ETA: 0s - loss: 1.7626 - acc: 0.4248
3240/3900 [=======================>......] - ETA: 0s - loss: 1.7596 - acc: 0.4265
3300/3900 [========================>.....] - ETA: 0s - loss: 1.7582 - acc: 0.4270
3360/3900 [========================>.....] - ETA: 0s - loss: 1.7571 - acc: 0.4295
3420/3900 [=========================>....] - ETA: 0s - loss: 1.7542 - acc: 0.4310
3480/3900 [=========================>....] - ETA: 0s - loss: 1.7533 - acc: 0.4330
3540/3900 [==========================>...] - ETA: 0s - loss: 1.7513 - acc: 0.4342
3600/3900 [==========================>...] - ETA: 0s - loss: 1.7496 - acc: 0.4333
3660/3900 [===========================>..] - ETA: 0s - loss: 1.7492 - acc: 0.4350
3720/3900 [===========================>..] - ETA: 0s - loss: 1.7481 - acc: 0.4341
3780/3900 [============================>.] - ETA: 0s - loss: 1.7461 - acc: 0.4362
3840/3900 [============================>.] - ETA: 0s - loss: 1.7435 - acc: 0.4391
3900/3900 [==============================] - 4s 902us/step - loss: 1.7432 - acc: 0.4390 - val_loss: 1.8330 - val_acc: 0.2424
Current time ....3.517
Train on 600 samples, validate on 86 samples
Epoch 1/1

 10/600 [..............................] - ETA: 0s - loss: 0.2021 - acc: 1.0000
 70/600 [==>...........................] - ETA: 0s - loss: 0.2032 - acc: 0.9857
130/600 [=====>........................] - ETA: 0s - loss: 0.1798 - acc: 0.9923
190/600 [========>.....................] - ETA: 0s - loss: 0.1665 - acc: 0.9947
250/600 [===========>..................] - ETA: 0s - loss: 0.1637 - acc: 0.9960
310/600 [==============>...............] - ETA: 0s - loss: 0.1673 - acc: 0.9968
370/600 [=================>............] - ETA: 0s - loss: 0.1604 - acc: 0.9946
430/600 [====================>.........] - ETA: 0s - loss: 0.1625 - acc: 0.9930
490/600 [=======================>......] - ETA: 0s - loss: 0.1655 - acc: 0.9918
550/600 [==========================>...] - ETA: 0s - loss: 0.1632 - acc: 0.9909
600/600 [==============================] - 1s 923us/step - loss: 0.1629 - acc: 0.9900 - val_loss: 0.3639 - val_acc: 0.9186
Current time ....0.554
Train on 1200 samples, validate on 68 samples
Epoch 1/1

  10/1200 [..............................] - ETA: 1s - loss: 0.4700 - acc: 0.9000
  70/1200 [>.............................] - ETA: 0s - loss: 0.4554 - acc: 0.8714
 130/1200 [==>...........................] - ETA: 0s - loss: 0.4728 - acc: 0.8769
 190/1200 [===>..........................] - ETA: 0s - loss: 0.4790 - acc: 0.8789
 250/1200 [=====>........................] - ETA: 0s - loss: 0.4877 - acc: 0.8680
 310/1200 [======>.......................] - ETA: 0s - loss: 0.4866 - acc: 0.8645
 370/1200 [========>.....................] - ETA: 0s - loss: 0.4820 - acc: 0.8730
 430/1200 [=========>....................] - ETA: 0s - loss: 0.4644 - acc: 0.8884
 490/1200 [===========>..................] - ETA: 0s - loss: 0.4660 - acc: 0.8878
 550/1200 [============>.................] - ETA: 0s - loss: 0.4561 - acc: 0.8891
 610/1200 [==============>...............] - ETA: 0s - loss: 0.4513 - acc: 0.8820
 670/1200 [===============>..............] - ETA: 0s - loss: 0.4494 - acc: 0.8791
 730/1200 [=================>............] - ETA: 0s - loss: 0.4421 - acc: 0.8808
 790/1200 [==================>...........] - ETA: 0s - loss: 0.4344 - acc: 0.8823
 850/1200 [====================>.........] - ETA: 0s - loss: 0.4369 - acc: 0.8788
 910/1200 [=====================>........] - ETA: 0s - loss: 0.4323 - acc: 0.8802
 970/1200 [=======================>......] - ETA: 0s - loss: 0.4263 - acc: 0.8794
1030/1200 [========================>.....] - ETA: 0s - loss: 0.4284 - acc: 0.8757
1090/1200 [==========================>...] - ETA: 0s - loss: 0.4249 - acc: 0.8771
1150/1200 [===========================>..] - ETA: 0s - loss: 0.4217 - acc: 0.8800
1200/1200 [==============================] - 1s 899us/step - loss: 0.4212 - acc: 0.8792 - val_loss: 0.7573 - val_acc: 0.6618
Current time ....1.079
Train on 3900 samples, validate on 99 samples
Epoch 1/1

  10/3900 [..............................] - ETA: 3s - loss: 1.7784 - acc: 0.2000
  70/3900 [..............................] - ETA: 3s - loss: 1.7156 - acc: 0.3714
 130/3900 [>.............................] - ETA: 3s - loss: 1.7090 - acc: 0.4154
 190/3900 [>.............................] - ETA: 3s - loss: 1.6912 - acc: 0.4316
 250/3900 [>.............................] - ETA: 3s - loss: 1.6610 - acc: 0.4520
 310/3900 [=>............................] - ETA: 3s - loss: 1.6403 - acc: 0.4548
 370/3900 [=>............................] - ETA: 3s - loss: 1.6345 - acc: 0.4703
 430/3900 [==>...........................] - ETA: 3s - loss: 1.6137 - acc: 0.4837
 490/3900 [==>...........................] - ETA: 3s - loss: 1.6165 - acc: 0.4939
 550/3900 [===>..........................] - ETA: 2s - loss: 1.6138 - acc: 0.4964
 610/3900 [===>..........................] - ETA: 2s - loss: 1.6138 - acc: 0.4967
 670/3900 [====>.........................] - ETA: 2s - loss: 1.6130 - acc: 0.5030
 730/3900 [====>.........................] - ETA: 2s - loss: 1.6163 - acc: 0.4986
 790/3900 [=====>........................] - ETA: 2s - loss: 1.6233 - acc: 0.4810
 850/3900 [=====>........................] - ETA: 2s - loss: 1.6236 - acc: 0.4847
 910/3900 [======>.......................] - ETA: 2s - loss: 1.6308 - acc: 0.4824
 970/3900 [======>.......................] - ETA: 2s - loss: 1.6290 - acc: 0.4856
1030/3900 [======>.......................] - ETA: 2s - loss: 1.6312 - acc: 0.4835
1090/3900 [=======>......................] - ETA: 2s - loss: 1.6332 - acc: 0.4826
1150/3900 [=======>......................] - ETA: 2s - loss: 1.6313 - acc: 0.4826
1210/3900 [========>.....................] - ETA: 2s - loss: 1.6323 - acc: 0.4835
1270/3900 [========>.....................] - ETA: 2s - loss: 1.6271 - acc: 0.4890
1330/3900 [=========>....................] - ETA: 2s - loss: 1.6293 - acc: 0.4865
1390/3900 [=========>....................] - ETA: 2s - loss: 1.6241 - acc: 0.4914
1450/3900 [==========>...................] - ETA: 2s - loss: 1.6248 - acc: 0.4924
1510/3900 [==========>...................] - ETA: 2s - loss: 1.6177 - acc: 0.4940
1570/3900 [===========>..................] - ETA: 2s - loss: 1.6161 - acc: 0.4955
1630/3900 [===========>..................] - ETA: 2s - loss: 1.6126 - acc: 0.4975
1690/3900 [============>.................] - ETA: 1s - loss: 1.6085 - acc: 0.4988
1750/3900 [============>.................] - ETA: 1s - loss: 1.6070 - acc: 0.5000
1810/3900 [============>.................] - ETA: 1s - loss: 1.6056 - acc: 0.4994
1870/3900 [=============>................] - ETA: 1s - loss: 1.6041 - acc: 0.5000
1930/3900 [=============>................] - ETA: 1s - loss: 1.6059 - acc: 0.5016
1990/3900 [==============>...............] - ETA: 1s - loss: 1.6044 - acc: 0.5015
2050/3900 [==============>...............] - ETA: 1s - loss: 1.6003 - acc: 0.5020
2110/3900 [===============>..............] - ETA: 1s - loss: 1.5978 - acc: 0.5019
2170/3900 [===============>..............] - ETA: 1s - loss: 1.5946 - acc: 0.5041
2230/3900 [================>.............] - ETA: 1s - loss: 1.5941 - acc: 0.5045
2290/3900 [================>.............] - ETA: 1s - loss: 1.5909 - acc: 0.5057
2350/3900 [=================>............] - ETA: 1s - loss: 1.5891 - acc: 0.5077
2410/3900 [=================>............] - ETA: 1s - loss: 1.5834 - acc: 0.5120
2470/3900 [==================>...........] - ETA: 1s - loss: 1.5824 - acc: 0.5126
2530/3900 [==================>...........] - ETA: 1s - loss: 1.5797 - acc: 0.5115
2590/3900 [==================>...........] - ETA: 1s - loss: 1.5782 - acc: 0.5143
2650/3900 [===================>..........] - ETA: 1s - loss: 1.5756 - acc: 0.5162
2710/3900 [===================>..........] - ETA: 1s - loss: 1.5758 - acc: 0.5140
2770/3900 [====================>.........] - ETA: 1s - loss: 1.5746 - acc: 0.5159
2830/3900 [====================>.........] - ETA: 0s - loss: 1.5735 - acc: 0.5173
2890/3900 [=====================>........] - ETA: 0s - loss: 1.5726 - acc: 0.5163
2950/3900 [=====================>........] - ETA: 0s - loss: 1.5702 - acc: 0.5180
3010/3900 [======================>.......] - ETA: 0s - loss: 1.5689 - acc: 0.5183
3070/3900 [======================>.......] - ETA: 0s - loss: 1.5663 - acc: 0.5186
3130/3900 [=======================>......] - ETA: 0s - loss: 1.5638 - acc: 0.5195
3190/3900 [=======================>......] - ETA: 0s - loss: 1.5611 - acc: 0.5207
3250/3900 [========================>.....] - ETA: 0s - loss: 1.5592 - acc: 0.5212
3310/3900 [========================>.....] - ETA: 0s - loss: 1.5561 - acc: 0.5230
3370/3900 [========================>.....] - ETA: 0s - loss: 1.5562 - acc: 0.5223
3430/3900 [=========================>....] - ETA: 0s - loss: 1.5542 - acc: 0.5239
3490/3900 [=========================>....] - ETA: 0s - loss: 1.5532 - acc: 0.5235
3550/3900 [==========================>...] - ETA: 0s - loss: 1.5499 - acc: 0.5237
3610/3900 [==========================>...] - ETA: 0s - loss: 1.5485 - acc: 0.5235
3670/3900 [===========================>..] - ETA: 0s - loss: 1.5465 - acc: 0.5256
3730/3900 [===========================>..] - ETA: 0s - loss: 1.5467 - acc: 0.5255
3790/3900 [============================>.] - ETA: 0s - loss: 1.5465 - acc: 0.5243
3850/3900 [============================>.] - ETA: 0s - loss: 1.5447 - acc: 0.5252
3900/3900 [==============================] - 4s 901us/step - loss: 1.5431 - acc: 0.5256 - val_loss: 1.6584 - val_acc: 0.4949
Current time ....3.515
Train on 600 samples, validate on 86 samples
Epoch 1/1

 10/600 [..............................] - ETA: 0s - loss: 0.0812 - acc: 1.0000
 70/600 [==>...........................] - ETA: 0s - loss: 0.1373 - acc: 1.0000
130/600 [=====>........................] - ETA: 0s - loss: 0.1311 - acc: 0.9923
190/600 [========>.....................] - ETA: 0s - loss: 0.1255 - acc: 0.9895
250/600 [===========>..................] - ETA: 0s - loss: 0.1222 - acc: 0.9920
310/600 [==============>...............] - ETA: 0s - loss: 0.1176 - acc: 0.9935
370/600 [=================>............] - ETA: 0s - loss: 0.1162 - acc: 0.9946
430/600 [====================>.........] - ETA: 0s - loss: 0.1153 - acc: 0.9930
490/600 [=======================>......] - ETA: 0s - loss: 0.1166 - acc: 0.9898
550/600 [==========================>...] - ETA: 0s - loss: 0.1131 - acc: 0.9909
600/600 [==============================] - 1s 919us/step - loss: 0.1109 - acc: 0.9917 - val_loss: 0.3791 - val_acc: 0.9186
Current time ....0.552
Train on 1200 samples, validate on 68 samples
Epoch 1/1

  10/1200 [..............................] - ETA: 1s - loss: 0.4524 - acc: 0.8000
  70/1200 [>.............................] - ETA: 0s - loss: 0.3055 - acc: 0.9286
 130/1200 [==>...........................] - ETA: 0s - loss: 0.3032 - acc: 0.9462
 190/1200 [===>..........................] - ETA: 0s - loss: 0.3165 - acc: 0.9263
 250/1200 [=====>........................] - ETA: 0s - loss: 0.3171 - acc: 0.9320
 310/1200 [======>.......................] - ETA: 0s - loss: 0.3202 - acc: 0.9258
 370/1200 [========>.....................] - ETA: 0s - loss: 0.3160 - acc: 0.9216
 430/1200 [=========>....................] - ETA: 0s - loss: 0.3148 - acc: 0.9256
 490/1200 [===========>..................] - ETA: 0s - loss: 0.3160 - acc: 0.9265
 550/1200 [============>.................] - ETA: 0s - loss: 0.3164 - acc: 0.9218
 610/1200 [==============>...............] - ETA: 0s - loss: 0.3084 - acc: 0.9246
 670/1200 [===============>..............] - ETA: 0s - loss: 0.3138 - acc: 0.9209
 730/1200 [=================>............] - ETA: 0s - loss: 0.3159 - acc: 0.9192
 790/1200 [==================>...........] - ETA: 0s - loss: 0.3204 - acc: 0.9152
 850/1200 [====================>.........] - ETA: 0s - loss: 0.3169 - acc: 0.9188
 910/1200 [=====================>........] - ETA: 0s - loss: 0.3118 - acc: 0.9198
 970/1200 [=======================>......] - ETA: 0s - loss: 0.3084 - acc: 0.9196
1030/1200 [========================>.....] - ETA: 0s - loss: 0.3055 - acc: 0.9214
1090/1200 [==========================>...] - ETA: 0s - loss: 0.3096 - acc: 0.9174
1150/1200 [===========================>..] - ETA: 0s - loss: 0.3090 - acc: 0.9183
1200/1200 [==============================] - 1s 903us/step - loss: 0.3066 - acc: 0.9200 - val_loss: 0.7215 - val_acc: 0.7059
Current time ....1.084
Train on 3900 samples, validate on 99 samples
Epoch 1/1

  10/3900 [..............................] - ETA: 3s - loss: 1.3075 - acc: 0.7000
  70/3900 [..............................] - ETA: 3s - loss: 1.3075 - acc: 0.6429
 130/3900 [>.............................] - ETA: 3s - loss: 1.3075 - acc: 0.6231
 190/3900 [>.............................] - ETA: 3s - loss: 1.3447 - acc: 0.6000
 250/3900 [>.............................] - ETA: 3s - loss: 1.3373 - acc: 0.6160
 310/3900 [=>............................] - ETA: 3s - loss: 1.3589 - acc: 0.6194
 370/3900 [=>............................] - ETA: 3s - loss: 1.3792 - acc: 0.6000
 430/3900 [==>...........................] - ETA: 3s - loss: 1.3735 - acc: 0.5977
 490/3900 [==>...........................] - ETA: 3s - loss: 1.3910 - acc: 0.5816
 550/3900 [===>..........................] - ETA: 2s - loss: 1.3924 - acc: 0.5855
 610/3900 [===>..........................] - ETA: 2s - loss: 1.3905 - acc: 0.5934
 670/3900 [====>.........................] - ETA: 2s - loss: 1.3852 - acc: 0.6060
 730/3900 [====>.........................] - ETA: 2s - loss: 1.3829 - acc: 0.6110
 790/3900 [=====>........................] - ETA: 2s - loss: 1.3786 - acc: 0.6139
 850/3900 [=====>........................] - ETA: 2s - loss: 1.3714 - acc: 0.6129
 910/3900 [======>.......................] - ETA: 2s - loss: 1.3658 - acc: 0.6066
 970/3900 [======>.......................] - ETA: 2s - loss: 1.3712 - acc: 0.6010
1030/3900 [======>.......................] - ETA: 2s - loss: 1.3662 - acc: 0.5990
1090/3900 [=======>......................] - ETA: 2s - loss: 1.3594 - acc: 0.6018
1150/3900 [=======>......................] - ETA: 2s - loss: 1.3604 - acc: 0.6009
1210/3900 [========>.....................] - ETA: 2s - loss: 1.3615 - acc: 0.5975
1270/3900 [========>.....................] - ETA: 2s - loss: 1.3649 - acc: 0.5921
1330/3900 [=========>....................] - ETA: 2s - loss: 1.3700 - acc: 0.5887
1390/3900 [=========>....................] - ETA: 2s - loss: 1.3621 - acc: 0.5921
1450/3900 [==========>...................] - ETA: 2s - loss: 1.3626 - acc: 0.5903
1510/3900 [==========>...................] - ETA: 2s - loss: 1.3557 - acc: 0.5974
1570/3900 [===========>..................] - ETA: 2s - loss: 1.3617 - acc: 0.5911
1630/3900 [===========>..................] - ETA: 2s - loss: 1.3645 - acc: 0.5883
1690/3900 [============>.................] - ETA: 1s - loss: 1.3629 - acc: 0.5893
1750/3900 [============>.................] - ETA: 1s - loss: 1.3653 - acc: 0.5863
1810/3900 [============>.................] - ETA: 1s - loss: 1.3632 - acc: 0.5884
1870/3900 [=============>................] - ETA: 1s - loss: 1.3606 - acc: 0.5877
1930/3900 [=============>................] - ETA: 1s - loss: 1.3638 - acc: 0.5865
1990/3900 [==============>...............] - ETA: 1s - loss: 1.3628 - acc: 0.5854
2050/3900 [==============>...............] - ETA: 1s - loss: 1.3591 - acc: 0.5868
2110/3900 [===============>..............] - ETA: 1s - loss: 1.3618 - acc: 0.5815
2170/3900 [===============>..............] - ETA: 1s - loss: 1.3599 - acc: 0.5829
2230/3900 [================>.............] - ETA: 1s - loss: 1.3589 - acc: 0.5834
2290/3900 [================>.............] - ETA: 1s - loss: 1.3561 - acc: 0.5852
2350/3900 [=================>............] - ETA: 1s - loss: 1.3533 - acc: 0.5868
2410/3900 [=================>............] - ETA: 1s - loss: 1.3531 - acc: 0.5863
2470/3900 [==================>...........] - ETA: 1s - loss: 1.3487 - acc: 0.5874
2530/3900 [==================>...........] - ETA: 1s - loss: 1.3481 - acc: 0.5870
2590/3900 [==================>...........] - ETA: 1s - loss: 1.3483 - acc: 0.5857
2650/3900 [===================>..........] - ETA: 1s - loss: 1.3466 - acc: 0.5875
2710/3900 [===================>..........] - ETA: 1s - loss: 1.3436 - acc: 0.5900
2770/3900 [====================>.........] - ETA: 1s - loss: 1.3407 - acc: 0.5906
2830/3900 [====================>.........] - ETA: 0s - loss: 1.3393 - acc: 0.5901
2890/3900 [=====================>........] - ETA: 0s - loss: 1.3386 - acc: 0.5907
2950/3900 [=====================>........] - ETA: 0s - loss: 1.3395 - acc: 0.5892
3010/3900 [======================>.......] - ETA: 0s - loss: 1.3373 - acc: 0.5900
3070/3900 [======================>.......] - ETA: 0s - loss: 1.3348 - acc: 0.5899
3130/3900 [=======================>......] - ETA: 0s - loss: 1.3300 - acc: 0.5933
3190/3900 [=======================>......] - ETA: 0s - loss: 1.3282 - acc: 0.5934
3250/3900 [========================>.....] - ETA: 0s - loss: 1.3260 - acc: 0.5932
3310/3900 [========================>.....] - ETA: 0s - loss: 1.3241 - acc: 0.5934
3370/3900 [========================>.....] - ETA: 0s - loss: 1.3219 - acc: 0.5941
3430/3900 [=========================>....] - ETA: 0s - loss: 1.3211 - acc: 0.5950
3490/3900 [=========================>....] - ETA: 0s - loss: 1.3179 - acc: 0.5968
3550/3900 [==========================>...] - ETA: 0s - loss: 1.3148 - acc: 0.5969
3610/3900 [==========================>...] - ETA: 0s - loss: 1.3148 - acc: 0.5958
3670/3900 [===========================>..] - ETA: 0s - loss: 1.3121 - acc: 0.5965
3730/3900 [===========================>..] - ETA: 0s - loss: 1.3101 - acc: 0.5968
3790/3900 [============================>.] - ETA: 0s - loss: 1.3088 - acc: 0.5966
3850/3900 [============================>.] - ETA: 0s - loss: 1.3065 - acc: 0.5977
3900/3900 [==============================] - 4s 900us/step - loss: 1.3056 - acc: 0.5974 - val_loss: 1.6705 - val_acc: 0.3939
Current time ....3.511
Train on 600 samples, validate on 86 samples
Epoch 1/1

 10/600 [..............................] - ETA: 0s - loss: 0.0733 - acc: 1.0000
 70/600 [==>...........................] - ETA: 0s - loss: 0.0947 - acc: 0.9857
130/600 [=====>........................] - ETA: 0s - loss: 0.0936 - acc: 0.9923
190/600 [========>.....................] - ETA: 0s - loss: 0.0808 - acc: 0.9947
250/600 [===========>..................] - ETA: 0s - loss: 0.0764 - acc: 0.9960
310/600 [==============>...............] - ETA: 0s - loss: 0.0767 - acc: 0.9968
370/600 [=================>............] - ETA: 0s - loss: 0.0811 - acc: 0.9946
430/600 [====================>.........] - ETA: 0s - loss: 0.0789 - acc: 0.9953
490/600 [=======================>......] - ETA: 0s - loss: 0.0777 - acc: 0.9959
550/600 [==========================>...] - ETA: 0s - loss: 0.0752 - acc: 0.9964
600/600 [==============================] - 1s 916us/step - loss: 0.0770 - acc: 0.9933 - val_loss: 0.3970 - val_acc: 0.9186
Current time ....0.550
Train on 1200 samples, validate on 68 samples
Epoch 1/1

  10/1200 [..............................] - ETA: 1s - loss: 0.1241 - acc: 1.0000
  70/1200 [>.............................] - ETA: 1s - loss: 0.2098 - acc: 0.9429
 130/1200 [==>...........................] - ETA: 0s - loss: 0.1985 - acc: 0.9538
 190/1200 [===>..........................] - ETA: 0s - loss: 0.2085 - acc: 0.9632
 250/1200 [=====>........................] - ETA: 0s - loss: 0.2007 - acc: 0.9640
 310/1200 [======>.......................] - ETA: 0s - loss: 0.1974 - acc: 0.9677
 370/1200 [========>.....................] - ETA: 0s - loss: 0.2021 - acc: 0.9676
 430/1200 [=========>....................] - ETA: 0s - loss: 0.2074 - acc: 0.9651
 490/1200 [===========>..................] - ETA: 0s - loss: 0.2121 - acc: 0.9571
 550/1200 [============>.................] - ETA: 0s - loss: 0.2114 - acc: 0.9582
 610/1200 [==============>...............] - ETA: 0s - loss: 0.2091 - acc: 0.9590
 670/1200 [===============>..............] - ETA: 0s - loss: 0.2088 - acc: 0.9612
 730/1200 [=================>............] - ETA: 0s - loss: 0.2089 - acc: 0.9616
 790/1200 [==================>...........] - ETA: 0s - loss: 0.2078 - acc: 0.9633
 850/1200 [====================>.........] - ETA: 0s - loss: 0.2089 - acc: 0.9612
 910/1200 [=====================>........] - ETA: 0s - loss: 0.2096 - acc: 0.9593
 970/1200 [=======================>......] - ETA: 0s - loss: 0.2123 - acc: 0.9598
1030/1200 [========================>.....] - ETA: 0s - loss: 0.2141 - acc: 0.9602
1090/1200 [==========================>...] - ETA: 0s - loss: 0.2115 - acc: 0.9615
1150/1200 [===========================>..] - ETA: 0s - loss: 0.2108 - acc: 0.9600
1200/1200 [==============================] - 1s 908us/step - loss: 0.2114 - acc: 0.9592 - val_loss: 0.6982 - val_acc: 0.7500
Current time ....1.089
Train on 3900 samples, validate on 99 samples
Epoch 1/1

  10/3900 [..............................] - ETA: 3s - loss: 1.3648 - acc: 0.5000
  70/3900 [..............................] - ETA: 3s - loss: 1.2399 - acc: 0.6286
 130/3900 [>.............................] - ETA: 3s - loss: 1.2566 - acc: 0.6231
 190/3900 [>.............................] - ETA: 3s - loss: 1.1954 - acc: 0.6579
 250/3900 [>.............................] - ETA: 3s - loss: 1.1572 - acc: 0.6720
 310/3900 [=>............................] - ETA: 3s - loss: 1.1538 - acc: 0.6742
 370/3900 [=>............................] - ETA: 3s - loss: 1.1367 - acc: 0.6811
 430/3900 [==>...........................] - ETA: 3s - loss: 1.1377 - acc: 0.6698
 490/3900 [==>...........................] - ETA: 3s - loss: 1.1263 - acc: 0.6878
 550/3900 [===>..........................] - ETA: 3s - loss: 1.1296 - acc: 0.6782
 610/3900 [===>..........................] - ETA: 2s - loss: 1.1345 - acc: 0.6738
 670/3900 [====>.........................] - ETA: 2s - loss: 1.1353 - acc: 0.6701
 730/3900 [====>.........................] - ETA: 2s - loss: 1.1438 - acc: 0.6575
 790/3900 [=====>........................] - ETA: 2s - loss: 1.1460 - acc: 0.6582
 850/3900 [=====>........................] - ETA: 2s - loss: 1.1452 - acc: 0.6600
 910/3900 [======>.......................] - ETA: 2s - loss: 1.1363 - acc: 0.6626
 970/3900 [======>.......................] - ETA: 2s - loss: 1.1392 - acc: 0.6588
1030/3900 [======>.......................] - ETA: 2s - loss: 1.1448 - acc: 0.6553
1090/3900 [=======>......................] - ETA: 2s - loss: 1.1451 - acc: 0.6550
1150/3900 [=======>......................] - ETA: 2s - loss: 1.1412 - acc: 0.6574
1210/3900 [========>.....................] - ETA: 2s - loss: 1.1391 - acc: 0.6562
1270/3900 [========>.....................] - ETA: 2s - loss: 1.1380 - acc: 0.6559
1330/3900 [=========>....................] - ETA: 2s - loss: 1.1423 - acc: 0.6519
1390/3900 [=========>....................] - ETA: 2s - loss: 1.1470 - acc: 0.6475
1450/3900 [==========>...................] - ETA: 2s - loss: 1.1447 - acc: 0.6503
1510/3900 [==========>...................] - ETA: 2s - loss: 1.1433 - acc: 0.6517
1570/3900 [===========>..................] - ETA: 2s - loss: 1.1437 - acc: 0.6490
1630/3900 [===========>..................] - ETA: 2s - loss: 1.1452 - acc: 0.6485
1690/3900 [============>.................] - ETA: 1s - loss: 1.1451 - acc: 0.6485
1740/3900 [============>.................] - ETA: 1s - loss: 1.1438 - acc: 0.6477
1800/3900 [============>.................] - ETA: 1s - loss: 1.1391 - acc: 0.6489
1860/3900 [=============>................] - ETA: 1s - loss: 1.1377 - acc: 0.6522
1920/3900 [=============>................] - ETA: 1s - loss: 1.1344 - acc: 0.6547
1980/3900 [==============>...............] - ETA: 1s - loss: 1.1353 - acc: 0.6530
2040/3900 [==============>...............] - ETA: 1s - loss: 1.1334 - acc: 0.6529
2100/3900 [===============>..............] - ETA: 1s - loss: 1.1348 - acc: 0.6510
2160/3900 [===============>..............] - ETA: 1s - loss: 1.1338 - acc: 0.6514
2220/3900 [================>.............] - ETA: 1s - loss: 1.1292 - acc: 0.6541
2280/3900 [================>.............] - ETA: 1s - loss: 1.1252 - acc: 0.6561
2340/3900 [=================>............] - ETA: 1s - loss: 1.1197 - acc: 0.6577
2400/3900 [=================>............] - ETA: 1s - loss: 1.1188 - acc: 0.6583
2460/3900 [=================>............] - ETA: 1s - loss: 1.1209 - acc: 0.6545
2520/3900 [==================>...........] - ETA: 1s - loss: 1.1161 - acc: 0.6560
2580/3900 [==================>...........] - ETA: 1s - loss: 1.1157 - acc: 0.6558
2640/3900 [===================>..........] - ETA: 1s - loss: 1.1097 - acc: 0.6587
2700/3900 [===================>..........] - ETA: 1s - loss: 1.1067 - acc: 0.6604
2760/3900 [====================>.........] - ETA: 1s - loss: 1.1063 - acc: 0.6598
2820/3900 [====================>.........] - ETA: 0s - loss: 1.1064 - acc: 0.6582
2880/3900 [=====================>........] - ETA: 0s - loss: 1.1018 - acc: 0.6608
2940/3900 [=====================>........] - ETA: 0s - loss: 1.0992 - acc: 0.6616
3000/3900 [======================>.......] - ETA: 0s - loss: 1.0985 - acc: 0.6617
3060/3900 [======================>.......] - ETA: 0s - loss: 1.0952 - acc: 0.6631
3120/3900 [=======================>......] - ETA: 0s - loss: 1.0928 - acc: 0.6635
3180/3900 [=======================>......] - ETA: 0s - loss: 1.0940 - acc: 0.6619
3240/3900 [=======================>......] - ETA: 0s - loss: 1.0929 - acc: 0.6627
3300/3900 [========================>.....] - ETA: 0s - loss: 1.0903 - acc: 0.6639
3360/3900 [========================>.....] - ETA: 0s - loss: 1.0902 - acc: 0.6646
3420/3900 [=========================>....] - ETA: 0s - loss: 1.0865 - acc: 0.6664
3480/3900 [=========================>....] - ETA: 0s - loss: 1.0870 - acc: 0.6658
3540/3900 [==========================>...] - ETA: 0s - loss: 1.0876 - acc: 0.6655
3600/3900 [==========================>...] - ETA: 0s - loss: 1.0893 - acc: 0.6653
3660/3900 [===========================>..] - ETA: 0s - loss: 1.0885 - acc: 0.6645
3720/3900 [===========================>..] - ETA: 0s - loss: 1.0868 - acc: 0.6659
3780/3900 [============================>.] - ETA: 0s - loss: 1.0842 - acc: 0.6667
3840/3900 [============================>.] - ETA: 0s - loss: 1.0842 - acc: 0.6667
3900/3900 [==============================] - 4s 909us/step - loss: 1.0816 - acc: 0.6664 - val_loss: 1.6491 - val_acc: 0.3939
Current time ....3.547
Train on 600 samples, validate on 86 samples
Epoch 1/1

 10/600 [..............................] - ETA: 0s - loss: 0.0581 - acc: 1.0000
 70/600 [==>...........................] - ETA: 0s - loss: 0.0640 - acc: 0.9857
130/600 [=====>........................] - ETA: 0s - loss: 0.0574 - acc: 0.9923
190/600 [========>.....................] - ETA: 0s - loss: 0.0579 - acc: 0.9947
250/600 [===========>..................] - ETA: 0s - loss: 0.0565 - acc: 0.9960
310/600 [==============>...............] - ETA: 0s - loss: 0.0611 - acc: 0.9968
370/600 [=================>............] - ETA: 0s - loss: 0.0624 - acc: 0.9973
430/600 [====================>.........] - ETA: 0s - loss: 0.0614 - acc: 0.9953
490/600 [=======================>......] - ETA: 0s - loss: 0.0603 - acc: 0.9959
550/600 [==========================>...] - ETA: 0s - loss: 0.0599 - acc: 0.9964
600/600 [==============================] - 1s 924us/step - loss: 0.0575 - acc: 0.9967 - val_loss: 0.4321 - val_acc: 0.9186
Current time ....0.555
Train on 1200 samples, validate on 68 samples
Epoch 1/1

  10/1200 [..............................] - ETA: 1s - loss: 0.0782 - acc: 1.0000
  70/1200 [>.............................] - ETA: 1s - loss: 0.1633 - acc: 0.9857
 130/1200 [==>...........................] - ETA: 0s - loss: 0.1664 - acc: 0.9769
 190/1200 [===>..........................] - ETA: 0s - loss: 0.1519 - acc: 0.9737
 250/1200 [=====>........................] - ETA: 0s - loss: 0.1711 - acc: 0.9720
 310/1200 [======>.......................] - ETA: 0s - loss: 0.1630 - acc: 0.9710
 370/1200 [========>.....................] - ETA: 0s - loss: 0.1634 - acc: 0.9730
 430/1200 [=========>....................] - ETA: 0s - loss: 0.1560 - acc: 0.9744
 490/1200 [===========>..................] - ETA: 0s - loss: 0.1515 - acc: 0.9755
 550/1200 [============>.................] - ETA: 0s - loss: 0.1511 - acc: 0.9745
 610/1200 [==============>...............] - ETA: 0s - loss: 0.1527 - acc: 0.9770
 670/1200 [===============>..............] - ETA: 0s - loss: 0.1556 - acc: 0.9746
 730/1200 [=================>............] - ETA: 0s - loss: 0.1582 - acc: 0.9740
 790/1200 [==================>...........] - ETA: 0s - loss: 0.1592 - acc: 0.9759
 850/1200 [====================>.........] - ETA: 0s - loss: 0.1560 - acc: 0.9753
 910/1200 [=====================>........] - ETA: 0s - loss: 0.1538 - acc: 0.9758
 970/1200 [=======================>......] - ETA: 0s - loss: 0.1580 - acc: 0.9753
1030/1200 [========================>.....] - ETA: 0s - loss: 0.1562 - acc: 0.9748
1090/1200 [==========================>...] - ETA: 0s - loss: 0.1576 - acc: 0.9734
1150/1200 [===========================>..] - ETA: 0s - loss: 0.1565 - acc: 0.9739
1200/1200 [==============================] - 1s 911us/step - loss: 0.1543 - acc: 0.9750 - val_loss: 0.7916 - val_acc: 0.7059
Current time ....1.094
Train on 3900 samples, validate on 99 samples
Epoch 1/1

  10/3900 [..............................] - ETA: 3s - loss: 0.8908 - acc: 1.0000
  70/3900 [..............................] - ETA: 3s - loss: 0.9254 - acc: 0.7000
 130/3900 [>.............................] - ETA: 3s - loss: 0.9833 - acc: 0.6692
 190/3900 [>.............................] - ETA: 3s - loss: 1.0106 - acc: 0.6421
 250/3900 [>.............................] - ETA: 3s - loss: 1.0341 - acc: 0.6360
 310/3900 [=>............................] - ETA: 3s - loss: 1.0337 - acc: 0.6452
 370/3900 [=>............................] - ETA: 3s - loss: 1.0332 - acc: 0.6514
 430/3900 [==>...........................] - ETA: 3s - loss: 1.0159 - acc: 0.6558
 490/3900 [==>...........................] - ETA: 3s - loss: 1.0067 - acc: 0.6653
 550/3900 [===>..........................] - ETA: 3s - loss: 0.9896 - acc: 0.6764
 610/3900 [===>..........................] - ETA: 2s - loss: 0.9820 - acc: 0.6836
 670/3900 [====>.........................] - ETA: 2s - loss: 0.9825 - acc: 0.6821
 730/3900 [====>.........................] - ETA: 2s - loss: 0.9807 - acc: 0.6795
 790/3900 [=====>........................] - ETA: 2s - loss: 0.9909 - acc: 0.6734
 850/3900 [=====>........................] - ETA: 2s - loss: 0.9817 - acc: 0.6788
 910/3900 [======>.......................] - ETA: 2s - loss: 0.9816 - acc: 0.6769
 970/3900 [======>.......................] - ETA: 2s - loss: 0.9733 - acc: 0.6814
1030/3900 [======>.......................] - ETA: 2s - loss: 0.9656 - acc: 0.6883
1090/3900 [=======>......................] - ETA: 2s - loss: 0.9556 - acc: 0.6917
1150/3900 [=======>......................] - ETA: 2s - loss: 0.9629 - acc: 0.6870
1210/3900 [========>.....................] - ETA: 2s - loss: 0.9583 - acc: 0.6884
1270/3900 [========>.....................] - ETA: 2s - loss: 0.9511 - acc: 0.6937
1330/3900 [=========>....................] - ETA: 2s - loss: 0.9431 - acc: 0.6970
1390/3900 [=========>....................] - ETA: 2s - loss: 0.9363 - acc: 0.7007
1450/3900 [==========>...................] - ETA: 2s - loss: 0.9345 - acc: 0.7034
1510/3900 [==========>...................] - ETA: 2s - loss: 0.9294 - acc: 0.7053
1570/3900 [===========>..................] - ETA: 2s - loss: 0.9333 - acc: 0.7025
1630/3900 [===========>..................] - ETA: 2s - loss: 0.9342 - acc: 0.7018
1690/3900 [============>.................] - ETA: 1s - loss: 0.9334 - acc: 0.7018
1750/3900 [============>.................] - ETA: 1s - loss: 0.9313 - acc: 0.7011
1810/3900 [============>.................] - ETA: 1s - loss: 0.9291 - acc: 0.7022
1870/3900 [=============>................] - ETA: 1s - loss: 0.9257 - acc: 0.7048
1930/3900 [=============>................] - ETA: 1s - loss: 0.9254 - acc: 0.7057
1990/3900 [==============>...............] - ETA: 1s - loss: 0.9252 - acc: 0.7065
2050/3900 [==============>...............] - ETA: 1s - loss: 0.9207 - acc: 0.7093
2110/3900 [===============>..............] - ETA: 1s - loss: 0.9174 - acc: 0.7085
2170/3900 [===============>..............] - ETA: 1s - loss: 0.9167 - acc: 0.7088
2230/3900 [================>.............] - ETA: 1s - loss: 0.9108 - acc: 0.7112
2290/3900 [================>.............] - ETA: 1s - loss: 0.9099 - acc: 0.7118
2350/3900 [=================>............] - ETA: 1s - loss: 0.9098 - acc: 0.7098
2410/3900 [=================>............] - ETA: 1s - loss: 0.9102 - acc: 0.7095
2470/3900 [==================>...........] - ETA: 1s - loss: 0.9086 - acc: 0.7105
2530/3900 [==================>...........] - ETA: 1s - loss: 0.9054 - acc: 0.7115
2590/3900 [==================>...........] - ETA: 1s - loss: 0.8999 - acc: 0.7143
2650/3900 [===================>..........] - ETA: 1s - loss: 0.8997 - acc: 0.7128
2700/3900 [===================>..........] - ETA: 1s - loss: 0.9006 - acc: 0.7133
2760/3900 [====================>.........] - ETA: 1s - loss: 0.8974 - acc: 0.7138
2820/3900 [====================>.........] - ETA: 0s - loss: 0.8956 - acc: 0.7138
2880/3900 [=====================>........] - ETA: 0s - loss: 0.8971 - acc: 0.7128
2940/3900 [=====================>........] - ETA: 0s - loss: 0.8965 - acc: 0.7143
3000/3900 [======================>.......] - ETA: 0s - loss: 0.8960 - acc: 0.7137
3060/3900 [======================>.......] - ETA: 0s - loss: 0.8953 - acc: 0.7157
3120/3900 [=======================>......] - ETA: 0s - loss: 0.8932 - acc: 0.7167
3180/3900 [=======================>......] - ETA: 0s - loss: 0.8957 - acc: 0.7160
3240/3900 [=======================>......] - ETA: 0s - loss: 0.8959 - acc: 0.7160
3300/3900 [========================>.....] - ETA: 0s - loss: 0.8931 - acc: 0.7182
3360/3900 [========================>.....] - ETA: 0s - loss: 0.8906 - acc: 0.7188
3420/3900 [=========================>....] - ETA: 0s - loss: 0.8904 - acc: 0.7184
3480/3900 [=========================>....] - ETA: 0s - loss: 0.8902 - acc: 0.7178
3540/3900 [==========================>...] - ETA: 0s - loss: 0.8879 - acc: 0.7195
3600/3900 [==========================>...] - ETA: 0s - loss: 0.8862 - acc: 0.7194
3660/3900 [===========================>..] - ETA: 0s - loss: 0.8844 - acc: 0.7199
3720/3900 [===========================>..] - ETA: 0s - loss: 0.8806 - acc: 0.7215
3780/3900 [============================>.] - ETA: 0s - loss: 0.8779 - acc: 0.7222
3840/3900 [============================>.] - ETA: 0s - loss: 0.8757 - acc: 0.7237
3900/3900 [==============================] - 4s 905us/step - loss: 0.8753 - acc: 0.7241 - val_loss: 1.6059 - val_acc: 0.4444
Current time ....3.530
Train on 600 samples, validate on 86 samples
Epoch 1/1

 10/600 [..............................] - ETA: 0s - loss: 0.0280 - acc: 1.0000
 70/600 [==>...........................] - ETA: 0s - loss: 0.0585 - acc: 1.0000
130/600 [=====>........................] - ETA: 0s - loss: 0.0476 - acc: 0.9923
190/600 [========>.....................] - ETA: 0s - loss: 0.0494 - acc: 0.9947
250/600 [===========>..................] - ETA: 0s - loss: 0.0467 - acc: 0.9920
310/600 [==============>...............] - ETA: 0s - loss: 0.0449 - acc: 0.9935
370/600 [=================>............] - ETA: 0s - loss: 0.0440 - acc: 0.9946
430/600 [====================>.........] - ETA: 0s - loss: 0.0462 - acc: 0.9930
490/600 [=======================>......] - ETA: 0s - loss: 0.0455 - acc: 0.9939
550/600 [==========================>...] - ETA: 0s - loss: 0.0449 - acc: 0.9945
600/600 [==============================] - 1s 946us/step - loss: 0.0435 - acc: 0.9950 - val_loss: 0.4473 - val_acc: 0.9186
Current time ....0.568
Train on 1200 samples, validate on 68 samples
Epoch 1/1

  10/1200 [..............................] - ETA: 1s - loss: 0.1983 - acc: 0.9000
  70/1200 [>.............................] - ETA: 1s - loss: 0.1295 - acc: 0.9571
 130/1200 [==>...........................] - ETA: 0s - loss: 0.1083 - acc: 0.9692
 190/1200 [===>..........................] - ETA: 0s - loss: 0.1004 - acc: 0.9789
 250/1200 [=====>........................] - ETA: 0s - loss: 0.1048 - acc: 0.9760
 310/1200 [======>.......................] - ETA: 0s - loss: 0.1094 - acc: 0.9774
 370/1200 [========>.....................] - ETA: 0s - loss: 0.1078 - acc: 0.9811
 430/1200 [=========>....................] - ETA: 0s - loss: 0.1129 - acc: 0.9791
 490/1200 [===========>..................] - ETA: 0s - loss: 0.1283 - acc: 0.9673
 550/1200 [============>.................] - ETA: 0s - loss: 0.1280 - acc: 0.9691
 610/1200 [==============>...............] - ETA: 0s - loss: 0.1393 - acc: 0.9639
 670/1200 [===============>..............] - ETA: 0s - loss: 0.1342 - acc: 0.9672
 730/1200 [=================>............] - ETA: 0s - loss: 0.1340 - acc: 0.9671
 790/1200 [==================>...........] - ETA: 0s - loss: 0.1340 - acc: 0.9671
 850/1200 [====================>.........] - ETA: 0s - loss: 0.1306 - acc: 0.9694
 910/1200 [=====================>........] - ETA: 0s - loss: 0.1284 - acc: 0.9714
 970/1200 [=======================>......] - ETA: 0s - loss: 0.1262 - acc: 0.9722
1030/1200 [========================>.....] - ETA: 0s - loss: 0.1240 - acc: 0.9738
1090/1200 [==========================>...] - ETA: 0s - loss: 0.1225 - acc: 0.9752
1150/1200 [===========================>..] - ETA: 0s - loss: 0.1235 - acc: 0.9757
1200/1200 [==============================] - 1s 916us/step - loss: 0.1240 - acc: 0.9758 - val_loss: 0.8887 - val_acc: 0.6618
Current time ....1.100
Train on 3900 samples, validate on 99 samples
Epoch 1/1

  10/3900 [..............................] - ETA: 3s - loss: 1.3286 - acc: 0.5000
  70/3900 [..............................] - ETA: 3s - loss: 0.7759 - acc: 0.7571
 130/3900 [>.............................] - ETA: 3s - loss: 0.7203 - acc: 0.8000
 190/3900 [>.............................] - ETA: 3s - loss: 0.7296 - acc: 0.7895
 250/3900 [>.............................] - ETA: 3s - loss: 0.7405 - acc: 0.7880
 310/3900 [=>............................] - ETA: 3s - loss: 0.7459 - acc: 0.7839
 370/3900 [=>............................] - ETA: 3s - loss: 0.7434 - acc: 0.7865
 430/3900 [==>...........................] - ETA: 3s - loss: 0.7736 - acc: 0.7651
 490/3900 [==>...........................] - ETA: 3s - loss: 0.7738 - acc: 0.7673
 550/3900 [===>..........................] - ETA: 3s - loss: 0.7669 - acc: 0.7655
 610/3900 [===>..........................] - ETA: 2s - loss: 0.7589 - acc: 0.7721
 670/3900 [====>.........................] - ETA: 2s - loss: 0.7541 - acc: 0.7701
 730/3900 [====>.........................] - ETA: 2s - loss: 0.7631 - acc: 0.7685
 790/3900 [=====>........................] - ETA: 2s - loss: 0.7597 - acc: 0.7734
 850/3900 [=====>........................] - ETA: 2s - loss: 0.7627 - acc: 0.7682
 910/3900 [======>.......................] - ETA: 2s - loss: 0.7745 - acc: 0.7626
 970/3900 [======>.......................] - ETA: 2s - loss: 0.7689 - acc: 0.7629
1030/3900 [======>.......................] - ETA: 2s - loss: 0.7707 - acc: 0.7621
1090/3900 [=======>......................] - ETA: 2s - loss: 0.7642 - acc: 0.7624
1150/3900 [=======>......................] - ETA: 2s - loss: 0.7728 - acc: 0.7574
1210/3900 [========>.....................] - ETA: 2s - loss: 0.7686 - acc: 0.7579
1270/3900 [========>.....................] - ETA: 2s - loss: 0.7684 - acc: 0.7583
1330/3900 [=========>....................] - ETA: 2s - loss: 0.7745 - acc: 0.7519
1390/3900 [=========>....................] - ETA: 2s - loss: 0.7689 - acc: 0.7547
1450/3900 [==========>...................] - ETA: 2s - loss: 0.7692 - acc: 0.7566
1510/3900 [==========>...................] - ETA: 2s - loss: 0.7708 - acc: 0.7556
1570/3900 [===========>..................] - ETA: 2s - loss: 0.7706 - acc: 0.7548
1630/3900 [===========>..................] - ETA: 2s - loss: 0.7660 - acc: 0.7571
1690/3900 [============>.................] - ETA: 1s - loss: 0.7634 - acc: 0.7574
1750/3900 [============>.................] - ETA: 1s - loss: 0.7584 - acc: 0.7589
1810/3900 [============>.................] - ETA: 1s - loss: 0.7540 - acc: 0.7602
1870/3900 [=============>................] - ETA: 1s - loss: 0.7499 - acc: 0.7631
1930/3900 [=============>................] - ETA: 1s - loss: 0.7452 - acc: 0.7663
1990/3900 [==============>...............] - ETA: 1s - loss: 0.7477 - acc: 0.7638
2050/3900 [==============>...............] - ETA: 1s - loss: 0.7451 - acc: 0.7649
2110/3900 [===============>..............] - ETA: 1s - loss: 0.7449 - acc: 0.7659
2170/3900 [===============>..............] - ETA: 1s - loss: 0.7471 - acc: 0.7641
2230/3900 [================>.............] - ETA: 1s - loss: 0.7450 - acc: 0.7650
2290/3900 [================>.............] - ETA: 1s - loss: 0.7424 - acc: 0.7651
2350/3900 [=================>............] - ETA: 1s - loss: 0.7389 - acc: 0.7672
2410/3900 [=================>............] - ETA: 1s - loss: 0.7360 - acc: 0.7676
2470/3900 [==================>...........] - ETA: 1s - loss: 0.7331 - acc: 0.7688
2530/3900 [==================>...........] - ETA: 1s - loss: 0.7332 - acc: 0.7684
2590/3900 [==================>...........] - ETA: 1s - loss: 0.7325 - acc: 0.7683
2650/3900 [===================>..........] - ETA: 1s - loss: 0.7313 - acc: 0.7687
2710/3900 [===================>..........] - ETA: 1s - loss: 0.7340 - acc: 0.7657
2770/3900 [====================>.........] - ETA: 1s - loss: 0.7317 - acc: 0.7661
2830/3900 [====================>.........] - ETA: 0s - loss: 0.7292 - acc: 0.7682
2890/3900 [=====================>........] - ETA: 0s - loss: 0.7286 - acc: 0.7678
2950/3900 [=====================>........] - ETA: 0s - loss: 0.7306 - acc: 0.7671
3010/3900 [======================>.......] - ETA: 0s - loss: 0.7326 - acc: 0.7661
3070/3900 [======================>.......] - ETA: 0s - loss: 0.7334 - acc: 0.7658
3130/3900 [=======================>......] - ETA: 0s - loss: 0.7321 - acc: 0.7658
3190/3900 [=======================>......] - ETA: 0s - loss: 0.7299 - acc: 0.7665
3250/3900 [========================>.....] - ETA: 0s - loss: 0.7309 - acc: 0.7655
3310/3900 [========================>.....] - ETA: 0s - loss: 0.7302 - acc: 0.7662
3370/3900 [========================>.....] - ETA: 0s - loss: 0.7279 - acc: 0.7674
3430/3900 [=========================>....] - ETA: 0s - loss: 0.7274 - acc: 0.7679
3490/3900 [=========================>....] - ETA: 0s - loss: 0.7249 - acc: 0.7691
3550/3900 [==========================>...] - ETA: 0s - loss: 0.7232 - acc: 0.7693
3610/3900 [==========================>...] - ETA: 0s - loss: 0.7224 - acc: 0.7690
3670/3900 [===========================>..] - ETA: 0s - loss: 0.7208 - acc: 0.7698
3730/3900 [===========================>..] - ETA: 0s - loss: 0.7219 - acc: 0.7694
3790/3900 [============================>.] - ETA: 0s - loss: 0.7199 - acc: 0.7694
3850/3900 [============================>.] - ETA: 0s - loss: 0.7165 - acc: 0.7696
3900/3900 [==============================] - 4s 906us/step - loss: 0.7144 - acc: 0.7700 - val_loss: 1.4241 - val_acc: 0.5354
Current time ....3.535
Train on 600 samples, validate on 86 samples
Epoch 1/1

 10/600 [..............................] - ETA: 0s - loss: 0.0466 - acc: 1.0000
 70/600 [==>...........................] - ETA: 0s - loss: 0.0298 - acc: 1.0000
130/600 [=====>........................] - ETA: 0s - loss: 0.0286 - acc: 1.0000
190/600 [========>.....................] - ETA: 0s - loss: 0.0292 - acc: 1.0000
250/600 [===========>..................] - ETA: 0s - loss: 0.0296 - acc: 1.0000
310/600 [==============>...............] - ETA: 0s - loss: 0.0286 - acc: 1.0000
370/600 [=================>............] - ETA: 0s - loss: 0.0294 - acc: 1.0000
430/600 [====================>.........] - ETA: 0s - loss: 0.0323 - acc: 1.0000
490/600 [=======================>......] - ETA: 0s - loss: 0.0341 - acc: 0.9980
550/600 [==========================>...] - ETA: 0s - loss: 0.0339 - acc: 0.9982
600/600 [==============================] - 1s 920us/step - loss: 0.0355 - acc: 0.9967 - val_loss: 0.4439 - val_acc: 0.9186
Current time ....0.552
Train on 1200 samples, validate on 68 samples
Epoch 1/1

  10/1200 [..............................] - ETA: 1s - loss: 0.0839 - acc: 1.0000
  70/1200 [>.............................] - ETA: 1s - loss: 0.0908 - acc: 0.9857
 130/1200 [==>...........................] - ETA: 0s - loss: 0.1032 - acc: 0.9769
 190/1200 [===>..........................] - ETA: 0s - loss: 0.0980 - acc: 0.9842
 250/1200 [=====>........................] - ETA: 0s - loss: 0.1002 - acc: 0.9880
 310/1200 [======>.......................] - ETA: 0s - loss: 0.0961 - acc: 0.9839
 370/1200 [========>.....................] - ETA: 0s - loss: 0.0913 - acc: 0.9865
 430/1200 [=========>....................] - ETA: 0s - loss: 0.0938 - acc: 0.9837
 490/1200 [===========>..................] - ETA: 0s - loss: 0.0915 - acc: 0.9857
 550/1200 [============>.................] - ETA: 0s - loss: 0.0883 - acc: 0.9873
 610/1200 [==============>...............] - ETA: 0s - loss: 0.0865 - acc: 0.9885
 670/1200 [===============>..............] - ETA: 0s - loss: 0.0852 - acc: 0.9896
 730/1200 [=================>............] - ETA: 0s - loss: 0.0834 - acc: 0.9904
 790/1200 [==================>...........] - ETA: 0s - loss: 0.0808 - acc: 0.9911
 850/1200 [====================>.........] - ETA: 0s - loss: 0.0803 - acc: 0.9918
 910/1200 [=====================>........] - ETA: 0s - loss: 0.0785 - acc: 0.9923
 970/1200 [=======================>......] - ETA: 0s - loss: 0.0816 - acc: 0.9897
1030/1200 [========================>.....] - ETA: 0s - loss: 0.0807 - acc: 0.9903
1090/1200 [==========================>...] - ETA: 0s - loss: 0.0799 - acc: 0.9908
1150/1200 [===========================>..] - ETA: 0s - loss: 0.0798 - acc: 0.9904
1200/1200 [==============================] - 1s 900us/step - loss: 0.0798 - acc: 0.9908 - val_loss: 1.1361 - val_acc: 0.6324
Current time ....1.080

32/99 [========>.....................] - ETA: 0s
99/99 [==============================] - 0s 90us/step
In EVALUATE loss:  [1.424050915120828, 0.53535353595560242]

32/86 [==========>...................] - ETA: 0s
86/86 [==============================] - 0s 81us/step
In EVALUATE loss:  [0.44389211577038434, 0.91860465393509971]

32/68 [=============>................] - ETA: 0s
68/68 [==============================] - 0s 100us/step
In EVALUATE loss:  [1.136147355332094, 0.63235294117647056]
Task 1 : Primary site - Macro F1 score 0.255408649994
Task 1 : Primary site - Micro F1 score 0.535353535354
Task 2 : Tumor laterality - Macro F1 score 0.918593644354
Task 2 : Tumor laterality - Micro F1 score 0.918604651163
Task 3 : Histological grade - Macro F1 score 0.477777777778
Task 3 : Histological grade - Micro F1 score 0.632352941176
Average loss:  1.00136346207
