Importing candle utils for keras
Configuration file:  /gpfs/mira-home/apeck/Modified_Benchmarks/Pilot3/P3B1/p3b1_default_model.txt
{'activation': 'relu',
 'batch_size': 10,
 'data_url': 'ftp://ftp.mcs.anl.gov/pub/candle/public/benchmarks/P3B1/',
 'drop': 0.0,
 'epochs': 10,
 'feature_names': 'Primary site:Tumor laterality:Histological grade',
 'ind_nnet_spec': [[2400, 2400, 1200, 1200],
                   [2400, 2400, 1200, 1200],
                   [2400, 2400, 1200, 1200]],
 'initialization': 'glorot_uniform',
 'learning_rate': 0.01,
 'loss': 'categorical_crossentropy',
 'metrics': 'accuracy',
 'model_name': 'p3b1',
 'n_fold': 1,
 'optimizer': 'sgd',
 'out_activation': 'softmax',
 'output_dir': '.',
 'scaling': 'none',
 'shared_nnet_spec': [1200,
                      2400,
                      3600,
                      3600,
                      3600,
                      3600,
                      3600,
                      3600,
                      3600,
                      2400],
 'shuffle': True,
 'timeout': 1800,
 'train_data': 'P3B1_data.tar.gz'}
Params:
{'activation': 'relu',
 'batch_size': 10,
 'case': 'CenterZ',
 'data_url': 'ftp://ftp.mcs.anl.gov/pub/candle/public/benchmarks/P3B1/',
 'datatype': <class 'numpy.float32'>,
 'drop': 0.0,
 'epochs': 10,
 'experiment_id': 'EXP000',
 'feature_names': 'Primary site:Tumor laterality:Histological grade',
 'fig': False,
 'gpus': [],
 'ind_nnet_spec': [[2400, 2400, 1200, 1200],
                   [2400, 2400, 1200, 1200],
                   [2400, 2400, 1200, 1200]],
 'initialization': 'glorot_uniform',
 'learning_rate': 0.01,
 'logfile': None,
 'loss': 'categorical_crossentropy',
 'metrics': 'accuracy',
 'model_name': 'p3b1',
 'n_fold': 1,
 'optimizer': 'sgd',
 'out_activation': 'softmax',
 'output_dir': '/gpfs/mira-home/apeck/CANDLE_testing/avery_modified_results/p3_1',
 'output_files': 'result0_0.csv;result1_0.csv;result2_0.csv',
 'rng_seed': 7102,
 'run_id': 'RUN000',
 'scaling': 'none',
 'shared_nnet_spec': [1200,
                      2400,
                      3600,
                      3600,
                      3600,
                      3600,
                      3600,
                      3600,
                      3600,
                      2400],
 'shuffle': False,
 'timeout': 1800,
 'train_bool': True,
 'train_data': 'P3B1_data.tar.gz',
 'train_features': 'data/task0_0_train_feature.csv;data/task1_0_train_feature.csv;data/task2_0_train_feature.csv',
 'train_truths': 'data/task0_0_train_label.csv;data/task1_0_train_label.csv;data/task2_0_train_label.csv',
 'valid_features': 'data/task0_0_test_feature.csv;data/task1_0_test_feature.csv;data/task2_0_test_feature.csv',
 'valid_truths': 'data/task0_0_test_label.csv;data/task1_0_test_label.csv;data/task2_0_test_label.csv',
 'verbose': None}
Feature names:
Primary site
Tumor laterality
Histological grade
Model:  0
_________________________________________________________________
Layer (type)                 Output Shape              Param #   
=================================================================
input (InputLayer)           (None, 400)               0         
_________________________________________________________________
indiv_layer_0_0 (Dense)      (None, 2400)              962400    
_________________________________________________________________
indiv_layer_0_1 (Dense)      (None, 2400)              5762400   
_________________________________________________________________
indiv_layer_0_2 (Dense)      (None, 1200)              2881200   
_________________________________________________________________
indiv_layer_0_3 (Dense)      (None, 1200)              1441200   
_________________________________________________________________
out_0 (Dense)                (None, 13)                15613     
=================================================================
Total params: 11,062,813
Trainable params: 11,062,813
Non-trainable params: 0
_________________________________________________________________
Model:  1
_________________________________________________________________
Layer (type)                 Output Shape              Param #   
=================================================================
input (InputLayer)           (None, 400)               0         
_________________________________________________________________
indiv_layer_1_0 (Dense)      (None, 2400)              962400    
_________________________________________________________________
indiv_layer_1_1 (Dense)      (None, 2400)              5762400   
_________________________________________________________________
indiv_layer_1_2 (Dense)      (None, 1200)              2881200   
_________________________________________________________________
indiv_layer_1_3 (Dense)      (None, 1200)              1441200   
_________________________________________________________________
out_1 (Dense)                (None, 2)                 2402      
=================================================================
Total params: 11,049,602
Trainable params: 11,049,602
Non-trainable params: 0
_________________________________________________________________
Model:  2
_________________________________________________________________
Layer (type)                 Output Shape              Param #   
=================================================================
input (InputLayer)           (None, 400)               0         
_________________________________________________________________
indiv_layer_2_0 (Dense)      (None, 2400)              962400    
_________________________________________________________________
indiv_layer_2_1 (Dense)      (None, 2400)              5762400   
_________________________________________________________________
indiv_layer_2_2 (Dense)      (None, 1200)              2881200   
_________________________________________________________________
indiv_layer_2_3 (Dense)      (None, 1200)              1441200   
_________________________________________________________________
out_2 (Dense)                (None, 4)                 4804      
=================================================================
Total params: 11,052,004
Trainable params: 11,052,004
Non-trainable params: 0
_________________________________________________________________
Train on 3900 samples, validate on 99 samples
Epoch 1/1

  10/3900 [..............................] - ETA: 10:55 - loss: 2.5678 - acc: 0.0000e+00
  60/3900 [..............................] - ETA: 1:51 - loss: 2.5647 - acc: 0.0667     
 110/3900 [..............................] - ETA: 1:02 - loss: 2.5653 - acc: 0.0818
 160/3900 [>.............................] - ETA: 43s - loss: 2.5645 - acc: 0.0750 
 210/3900 [>.............................] - ETA: 33s - loss: 2.5647 - acc: 0.0857
 260/3900 [=>............................] - ETA: 27s - loss: 2.5647 - acc: 0.0923
 310/3900 [=>............................] - ETA: 23s - loss: 2.5649 - acc: 0.0806
 370/3900 [=>............................] - ETA: 19s - loss: 2.5646 - acc: 0.0838
 430/3900 [==>...........................] - ETA: 17s - loss: 2.5642 - acc: 0.0930
 490/3900 [==>...........................] - ETA: 15s - loss: 2.5639 - acc: 0.0959
 550/3900 [===>..........................] - ETA: 13s - loss: 2.5637 - acc: 0.0964
 610/3900 [===>..........................] - ETA: 12s - loss: 2.5634 - acc: 0.1066
 670/3900 [====>.........................] - ETA: 11s - loss: 2.5633 - acc: 0.1119
 730/3900 [====>.........................] - ETA: 10s - loss: 2.5629 - acc: 0.1151
 790/3900 [=====>........................] - ETA: 9s - loss: 2.5626 - acc: 0.1177 
 850/3900 [=====>........................] - ETA: 9s - loss: 2.5627 - acc: 0.1188
 910/3900 [======>.......................] - ETA: 8s - loss: 2.5623 - acc: 0.1286
 970/3900 [======>.......................] - ETA: 7s - loss: 2.5618 - acc: 0.1371
1030/3900 [======>.......................] - ETA: 7s - loss: 2.5618 - acc: 0.1350
1090/3900 [=======>......................] - ETA: 7s - loss: 2.5617 - acc: 0.1339
1150/3900 [=======>......................] - ETA: 6s - loss: 2.5614 - acc: 0.1365
1210/3900 [========>.....................] - ETA: 6s - loss: 2.5612 - acc: 0.1364
1270/3900 [========>.....................] - ETA: 5s - loss: 2.5609 - acc: 0.1386
1330/3900 [=========>....................] - ETA: 5s - loss: 2.5606 - acc: 0.1376
1390/3900 [=========>....................] - ETA: 5s - loss: 2.5604 - acc: 0.1360
1450/3900 [==========>...................] - ETA: 5s - loss: 2.5603 - acc: 0.1359
1510/3900 [==========>...................] - ETA: 4s - loss: 2.5601 - acc: 0.1371
1570/3900 [===========>..................] - ETA: 4s - loss: 2.5601 - acc: 0.1344
1630/3900 [===========>..................] - ETA: 4s - loss: 2.5599 - acc: 0.1362
1690/3900 [============>.................] - ETA: 4s - loss: 2.5597 - acc: 0.1361
1750/3900 [============>.................] - ETA: 4s - loss: 2.5593 - acc: 0.1400
1810/3900 [============>.................] - ETA: 3s - loss: 2.5591 - acc: 0.1398
1870/3900 [=============>................] - ETA: 3s - loss: 2.5589 - acc: 0.1422
1930/3900 [=============>................] - ETA: 3s - loss: 2.5585 - acc: 0.1461
1990/3900 [==============>...............] - ETA: 3s - loss: 2.5584 - acc: 0.1477
2050/3900 [==============>...............] - ETA: 3s - loss: 2.5582 - acc: 0.1507
2110/3900 [===============>..............] - ETA: 3s - loss: 2.5580 - acc: 0.1536
2170/3900 [===============>..............] - ETA: 2s - loss: 2.5579 - acc: 0.1530
2230/3900 [================>.............] - ETA: 2s - loss: 2.5576 - acc: 0.1543
2290/3900 [================>.............] - ETA: 2s - loss: 2.5574 - acc: 0.1576
2350/3900 [=================>............] - ETA: 2s - loss: 2.5571 - acc: 0.1583
2410/3900 [=================>............] - ETA: 2s - loss: 2.5568 - acc: 0.1610
2470/3900 [==================>...........] - ETA: 2s - loss: 2.5566 - acc: 0.1640
2530/3900 [==================>...........] - ETA: 2s - loss: 2.5564 - acc: 0.1648
2590/3900 [==================>...........] - ETA: 2s - loss: 2.5562 - acc: 0.1660
2650/3900 [===================>..........] - ETA: 1s - loss: 2.5560 - acc: 0.1657
2710/3900 [===================>..........] - ETA: 1s - loss: 2.5558 - acc: 0.1664
2770/3900 [====================>.........] - ETA: 1s - loss: 2.5555 - acc: 0.1700
2830/3900 [====================>.........] - ETA: 1s - loss: 2.5553 - acc: 0.1693
2890/3900 [=====================>........] - ETA: 1s - loss: 2.5551 - acc: 0.1696
2950/3900 [=====================>........] - ETA: 1s - loss: 2.5549 - acc: 0.1698
3010/3900 [======================>.......] - ETA: 1s - loss: 2.5548 - acc: 0.1724
3070/3900 [======================>.......] - ETA: 1s - loss: 2.5546 - acc: 0.1769
3130/3900 [=======================>......] - ETA: 1s - loss: 2.5544 - acc: 0.1773
3190/3900 [=======================>......] - ETA: 1s - loss: 2.5541 - acc: 0.1815
3250/3900 [========================>.....] - ETA: 0s - loss: 2.5539 - acc: 0.1877
3310/3900 [========================>.....] - ETA: 0s - loss: 2.5536 - acc: 0.1924
3370/3900 [========================>.....] - ETA: 0s - loss: 2.5534 - acc: 0.1944
3430/3900 [=========================>....] - ETA: 0s - loss: 2.5533 - acc: 0.1956
3490/3900 [=========================>....] - ETA: 0s - loss: 2.5531 - acc: 0.1994
3550/3900 [==========================>...] - ETA: 0s - loss: 2.5528 - acc: 0.2037
3610/3900 [==========================>...] - ETA: 0s - loss: 2.5526 - acc: 0.2072
3670/3900 [===========================>..] - ETA: 0s - loss: 2.5523 - acc: 0.2112
3730/3900 [===========================>..] - ETA: 0s - loss: 2.5520 - acc: 0.2139
3790/3900 [============================>.] - ETA: 0s - loss: 2.5518 - acc: 0.2161
3850/3900 [============================>.] - ETA: 0s - loss: 2.5516 - acc: 0.2197
3900/3900 [==============================] - 5s 1ms/step - loss: 2.5513 - acc: 0.2223 - val_loss: 2.5423 - val_acc: 0.3434
Current time ....5.261
Train on 600 samples, validate on 86 samples
Epoch 1/1

 10/600 [..............................] - ETA: 18s - loss: 0.7042 - acc: 0.5000
 70/600 [==>...........................] - ETA: 2s - loss: 0.6940 - acc: 0.5286 
130/600 [=====>........................] - ETA: 1s - loss: 0.6931 - acc: 0.5538
190/600 [========>.....................] - ETA: 1s - loss: 0.6868 - acc: 0.5842
250/600 [===========>..................] - ETA: 0s - loss: 0.6828 - acc: 0.5800
310/600 [==============>...............] - ETA: 0s - loss: 0.6809 - acc: 0.6000
370/600 [=================>............] - ETA: 0s - loss: 0.6779 - acc: 0.6189
430/600 [====================>.........] - ETA: 0s - loss: 0.6724 - acc: 0.6419
490/600 [=======================>......] - ETA: 0s - loss: 0.6672 - acc: 0.6612
550/600 [==========================>...] - ETA: 0s - loss: 0.6652 - acc: 0.6800
600/600 [==============================] - 1s 1ms/step - loss: 0.6637 - acc: 0.6983 - val_loss: 0.6319 - val_acc: 0.8605
Current time ....0.863
Train on 1200 samples, validate on 68 samples
Epoch 1/1

  10/1200 [..............................] - ETA: 29s - loss: 1.4025 - acc: 0.0000e+00
  70/1200 [>.............................] - ETA: 4s - loss: 1.3820 - acc: 0.2143     
 130/1200 [==>...........................] - ETA: 2s - loss: 1.3642 - acc: 0.2385
 190/1200 [===>..........................] - ETA: 2s - loss: 1.3676 - acc: 0.2842
 250/1200 [=====>........................] - ETA: 1s - loss: 1.3635 - acc: 0.3400
 310/1200 [======>.......................] - ETA: 1s - loss: 1.3548 - acc: 0.3484
 370/1200 [========>.....................] - ETA: 1s - loss: 1.3526 - acc: 0.3514
 430/1200 [=========>....................] - ETA: 1s - loss: 1.3498 - acc: 0.3674
 490/1200 [===========>..................] - ETA: 0s - loss: 1.3444 - acc: 0.3939
 550/1200 [============>.................] - ETA: 0s - loss: 1.3378 - acc: 0.4000
 610/1200 [==============>...............] - ETA: 0s - loss: 1.3357 - acc: 0.3984
 670/1200 [===============>..............] - ETA: 0s - loss: 1.3305 - acc: 0.4090
 730/1200 [=================>............] - ETA: 0s - loss: 1.3258 - acc: 0.4219
 790/1200 [==================>...........] - ETA: 0s - loss: 1.3201 - acc: 0.4316
 850/1200 [====================>.........] - ETA: 0s - loss: 1.3142 - acc: 0.4400
 910/1200 [=====================>........] - ETA: 0s - loss: 1.3109 - acc: 0.4484
 970/1200 [=======================>......] - ETA: 0s - loss: 1.3069 - acc: 0.4546
1030/1200 [========================>.....] - ETA: 0s - loss: 1.3016 - acc: 0.4660
1090/1200 [==========================>...] - ETA: 0s - loss: 1.2944 - acc: 0.4771
1150/1200 [===========================>..] - ETA: 0s - loss: 1.2898 - acc: 0.4835
1200/1200 [==============================] - 1s 1ms/step - loss: 1.2834 - acc: 0.4867 - val_loss: 1.2669 - val_acc: 0.2206
Current time ....1.314
Train on 3900 samples, validate on 99 samples
Epoch 1/1

  10/3900 [..............................] - ETA: 3s - loss: 2.5329 - acc: 0.5000
  70/3900 [..............................] - ETA: 3s - loss: 2.5346 - acc: 0.4143
 130/3900 [>.............................] - ETA: 3s - loss: 2.5324 - acc: 0.4462
 190/3900 [>.............................] - ETA: 3s - loss: 2.5315 - acc: 0.4474
 250/3900 [>.............................] - ETA: 3s - loss: 2.5316 - acc: 0.4360
 310/3900 [=>............................] - ETA: 3s - loss: 2.5317 - acc: 0.4323
 370/3900 [=>............................] - ETA: 3s - loss: 2.5308 - acc: 0.4459
 430/3900 [==>...........................] - ETA: 3s - loss: 2.5306 - acc: 0.4512
 490/3900 [==>...........................] - ETA: 3s - loss: 2.5311 - acc: 0.4449
 550/3900 [===>..........................] - ETA: 2s - loss: 2.5303 - acc: 0.4455
 610/3900 [===>..........................] - ETA: 2s - loss: 2.5302 - acc: 0.4344
 670/3900 [====>.........................] - ETA: 2s - loss: 2.5301 - acc: 0.4269
 730/3900 [====>.........................] - ETA: 2s - loss: 2.5298 - acc: 0.4274
 790/3900 [=====>........................] - ETA: 2s - loss: 2.5291 - acc: 0.4253
 850/3900 [=====>........................] - ETA: 2s - loss: 2.5291 - acc: 0.4259
 910/3900 [======>.......................] - ETA: 2s - loss: 2.5286 - acc: 0.4275
 970/3900 [======>.......................] - ETA: 2s - loss: 2.5288 - acc: 0.4206
1030/3900 [======>.......................] - ETA: 2s - loss: 2.5281 - acc: 0.4262
1090/3900 [=======>......................] - ETA: 2s - loss: 2.5276 - acc: 0.4303
1150/3900 [=======>......................] - ETA: 2s - loss: 2.5275 - acc: 0.4270
1210/3900 [========>.....................] - ETA: 2s - loss: 2.5274 - acc: 0.4198
1270/3900 [========>.....................] - ETA: 2s - loss: 2.5268 - acc: 0.4236
1330/3900 [=========>....................] - ETA: 2s - loss: 2.5266 - acc: 0.4233
1390/3900 [=========>....................] - ETA: 2s - loss: 2.5263 - acc: 0.4281
1450/3900 [==========>...................] - ETA: 2s - loss: 2.5260 - acc: 0.4276
1510/3900 [==========>...................] - ETA: 2s - loss: 2.5257 - acc: 0.4344
1570/3900 [===========>..................] - ETA: 2s - loss: 2.5252 - acc: 0.4382
1630/3900 [===========>..................] - ETA: 2s - loss: 2.5248 - acc: 0.4393
1690/3900 [============>.................] - ETA: 1s - loss: 2.5244 - acc: 0.4396
1750/3900 [============>.................] - ETA: 1s - loss: 2.5241 - acc: 0.4434
1810/3900 [============>.................] - ETA: 1s - loss: 2.5235 - acc: 0.4470
1870/3900 [=============>................] - ETA: 1s - loss: 2.5231 - acc: 0.4455
1930/3900 [=============>................] - ETA: 1s - loss: 2.5226 - acc: 0.4456
1990/3900 [==============>...............] - ETA: 1s - loss: 2.5223 - acc: 0.4437
2050/3900 [==============>...............] - ETA: 1s - loss: 2.5218 - acc: 0.4444
2110/3900 [===============>..............] - ETA: 1s - loss: 2.5215 - acc: 0.4455
2170/3900 [===============>..............] - ETA: 1s - loss: 2.5211 - acc: 0.4470
2230/3900 [================>.............] - ETA: 1s - loss: 2.5206 - acc: 0.4489
2290/3900 [================>.............] - ETA: 1s - loss: 2.5202 - acc: 0.4502
2350/3900 [=================>............] - ETA: 1s - loss: 2.5198 - acc: 0.4485
2410/3900 [=================>............] - ETA: 1s - loss: 2.5193 - acc: 0.4515
2470/3900 [==================>...........] - ETA: 1s - loss: 2.5186 - acc: 0.4555
2530/3900 [==================>...........] - ETA: 1s - loss: 2.5182 - acc: 0.4534
2590/3900 [==================>...........] - ETA: 1s - loss: 2.5177 - acc: 0.4525
2650/3900 [===================>..........] - ETA: 1s - loss: 2.5171 - acc: 0.4521
2710/3900 [===================>..........] - ETA: 1s - loss: 2.5166 - acc: 0.4483
2770/3900 [====================>.........] - ETA: 1s - loss: 2.5163 - acc: 0.4455
2830/3900 [====================>.........] - ETA: 0s - loss: 2.5159 - acc: 0.4442
2890/3900 [=====================>........] - ETA: 0s - loss: 2.5153 - acc: 0.4481
2950/3900 [=====================>........] - ETA: 0s - loss: 2.5148 - acc: 0.4485
3010/3900 [======================>.......] - ETA: 0s - loss: 2.5143 - acc: 0.4515
3070/3900 [======================>.......] - ETA: 0s - loss: 2.5137 - acc: 0.4534
3130/3900 [=======================>......] - ETA: 0s - loss: 2.5131 - acc: 0.4543
3190/3900 [=======================>......] - ETA: 0s - loss: 2.5125 - acc: 0.4571
3250/3900 [========================>.....] - ETA: 0s - loss: 2.5120 - acc: 0.4582
3310/3900 [========================>.....] - ETA: 0s - loss: 2.5115 - acc: 0.4607
3370/3900 [========================>.....] - ETA: 0s - loss: 2.5110 - acc: 0.4626
3430/3900 [=========================>....] - ETA: 0s - loss: 2.5105 - acc: 0.4641
3490/3900 [=========================>....] - ETA: 0s - loss: 2.5099 - acc: 0.4656
3550/3900 [==========================>...] - ETA: 0s - loss: 2.5092 - acc: 0.4679
3610/3900 [==========================>...] - ETA: 0s - loss: 2.5085 - acc: 0.4712
3670/3900 [===========================>..] - ETA: 0s - loss: 2.5079 - acc: 0.4711
3730/3900 [===========================>..] - ETA: 0s - loss: 2.5072 - acc: 0.4748
3790/3900 [============================>.] - ETA: 0s - loss: 2.5067 - acc: 0.4752
3850/3900 [============================>.] - ETA: 0s - loss: 2.5060 - acc: 0.4774
3900/3900 [==============================] - 3s 895us/step - loss: 2.5054 - acc: 0.4779 - val_loss: 2.4934 - val_acc: 0.3939
Current time ....3.492
Train on 600 samples, validate on 86 samples
Epoch 1/1

 10/600 [..............................] - ETA: 0s - loss: 0.6180 - acc: 1.0000
 70/600 [==>...........................] - ETA: 0s - loss: 0.6030 - acc: 0.9143
130/600 [=====>........................] - ETA: 0s - loss: 0.6007 - acc: 0.9077
190/600 [========>.....................] - ETA: 0s - loss: 0.5996 - acc: 0.9211
250/600 [===========>..................] - ETA: 0s - loss: 0.5997 - acc: 0.9120
310/600 [==============>...............] - ETA: 0s - loss: 0.5967 - acc: 0.9194
370/600 [=================>............] - ETA: 0s - loss: 0.5933 - acc: 0.9216
430/600 [====================>.........] - ETA: 0s - loss: 0.5883 - acc: 0.9279
490/600 [=======================>......] - ETA: 0s - loss: 0.5796 - acc: 0.9224
550/600 [==========================>...] - ETA: 0s - loss: 0.5683 - acc: 0.9200
600/600 [==============================] - 1s 921us/step - loss: 0.5630 - acc: 0.9217 - val_loss: 0.5454 - val_acc: 0.9186
Current time ....0.553
Train on 1200 samples, validate on 68 samples
Epoch 1/1

  10/1200 [..............................] - ETA: 1s - loss: 1.1601 - acc: 0.5000
  70/1200 [>.............................] - ETA: 0s - loss: 1.1304 - acc: 0.6571
 130/1200 [==>...........................] - ETA: 0s - loss: 1.1384 - acc: 0.6308
 190/1200 [===>..........................] - ETA: 0s - loss: 1.1243 - acc: 0.6211
 250/1200 [=====>........................] - ETA: 0s - loss: 1.1270 - acc: 0.6080
 310/1200 [======>.......................] - ETA: 0s - loss: 1.1149 - acc: 0.6194
 370/1200 [========>.....................] - ETA: 0s - loss: 1.1134 - acc: 0.6108
 430/1200 [=========>....................] - ETA: 0s - loss: 1.1077 - acc: 0.6093
 490/1200 [===========>..................] - ETA: 0s - loss: 1.1015 - acc: 0.6041
 550/1200 [============>.................] - ETA: 0s - loss: 1.0996 - acc: 0.6055
 610/1200 [==============>...............] - ETA: 0s - loss: 1.0953 - acc: 0.6033
 670/1200 [===============>..............] - ETA: 0s - loss: 1.0851 - acc: 0.6134
 730/1200 [=================>............] - ETA: 0s - loss: 1.0809 - acc: 0.6192
 790/1200 [==================>...........] - ETA: 0s - loss: 1.0752 - acc: 0.6165
 850/1200 [====================>.........] - ETA: 0s - loss: 1.0760 - acc: 0.6024
 910/1200 [=====================>........] - ETA: 0s - loss: 1.0718 - acc: 0.6033
 970/1200 [=======================>......] - ETA: 0s - loss: 1.0590 - acc: 0.6113
1030/1200 [========================>.....] - ETA: 0s - loss: 1.0548 - acc: 0.6097
1090/1200 [==========================>...] - ETA: 0s - loss: 1.0509 - acc: 0.6128
1150/1200 [===========================>..] - ETA: 0s - loss: 1.0405 - acc: 0.6200
1200/1200 [==============================] - 1s 898us/step - loss: 1.0372 - acc: 0.6208 - val_loss: 1.2147 - val_acc: 0.4265
Current time ....1.078
Train on 3900 samples, validate on 99 samples
Epoch 1/1

  10/3900 [..............................] - ETA: 3s - loss: 2.4637 - acc: 0.7000
  70/3900 [..............................] - ETA: 3s - loss: 2.4581 - acc: 0.6000
 130/3900 [>.............................] - ETA: 3s - loss: 2.4606 - acc: 0.5769
 190/3900 [>.............................] - ETA: 3s - loss: 2.4587 - acc: 0.5842
 250/3900 [>.............................] - ETA: 3s - loss: 2.4593 - acc: 0.5680
 310/3900 [=>............................] - ETA: 3s - loss: 2.4579 - acc: 0.5645
 370/3900 [=>............................] - ETA: 3s - loss: 2.4561 - acc: 0.5730
 430/3900 [==>...........................] - ETA: 3s - loss: 2.4546 - acc: 0.5814
 490/3900 [==>...........................] - ETA: 3s - loss: 2.4534 - acc: 0.5755
 550/3900 [===>..........................] - ETA: 2s - loss: 2.4531 - acc: 0.5745
 610/3900 [===>..........................] - ETA: 2s - loss: 2.4513 - acc: 0.5738
 670/3900 [====>.........................] - ETA: 2s - loss: 2.4499 - acc: 0.5642
 730/3900 [====>.........................] - ETA: 2s - loss: 2.4488 - acc: 0.5493
 790/3900 [=====>........................] - ETA: 2s - loss: 2.4480 - acc: 0.5430
 850/3900 [=====>........................] - ETA: 2s - loss: 2.4467 - acc: 0.5341
 910/3900 [======>.......................] - ETA: 2s - loss: 2.4451 - acc: 0.5264
 970/3900 [======>.......................] - ETA: 2s - loss: 2.4433 - acc: 0.5196
1030/3900 [======>.......................] - ETA: 2s - loss: 2.4406 - acc: 0.5175
1090/3900 [=======>......................] - ETA: 2s - loss: 2.4389 - acc: 0.5101
1150/3900 [=======>......................] - ETA: 2s - loss: 2.4376 - acc: 0.5009
1210/3900 [========>.....................] - ETA: 2s - loss: 2.4368 - acc: 0.4893
1270/3900 [========>.....................] - ETA: 2s - loss: 2.4357 - acc: 0.4835
1330/3900 [=========>....................] - ETA: 2s - loss: 2.4344 - acc: 0.4805
1390/3900 [=========>....................] - ETA: 2s - loss: 2.4329 - acc: 0.4784
1450/3900 [==========>...................] - ETA: 2s - loss: 2.4310 - acc: 0.4766
1510/3900 [==========>...................] - ETA: 2s - loss: 2.4294 - acc: 0.4722
1570/3900 [===========>..................] - ETA: 2s - loss: 2.4280 - acc: 0.4682
1630/3900 [===========>..................] - ETA: 2s - loss: 2.4273 - acc: 0.4644
1690/3900 [============>.................] - ETA: 1s - loss: 2.4248 - acc: 0.4669
1750/3900 [============>.................] - ETA: 1s - loss: 2.4230 - acc: 0.4651
1810/3900 [============>.................] - ETA: 1s - loss: 2.4215 - acc: 0.4608
1870/3900 [=============>................] - ETA: 1s - loss: 2.4199 - acc: 0.4572
1930/3900 [=============>................] - ETA: 1s - loss: 2.4186 - acc: 0.4570
1990/3900 [==============>...............] - ETA: 1s - loss: 2.4175 - acc: 0.4548
2050/3900 [==============>...............] - ETA: 1s - loss: 2.4155 - acc: 0.4571
2110/3900 [===============>..............] - ETA: 1s - loss: 2.4137 - acc: 0.4583
2170/3900 [===============>..............] - ETA: 1s - loss: 2.4118 - acc: 0.4571
2230/3900 [================>.............] - ETA: 1s - loss: 2.4106 - acc: 0.4534
2290/3900 [================>.............] - ETA: 1s - loss: 2.4086 - acc: 0.4520
2350/3900 [=================>............] - ETA: 1s - loss: 2.4070 - acc: 0.4502
2410/3900 [=================>............] - ETA: 1s - loss: 2.4052 - acc: 0.4502
2470/3900 [==================>...........] - ETA: 1s - loss: 2.4035 - acc: 0.4490
2530/3900 [==================>...........] - ETA: 1s - loss: 2.4013 - acc: 0.4514
2590/3900 [==================>...........] - ETA: 1s - loss: 2.3992 - acc: 0.4514
2650/3900 [===================>..........] - ETA: 1s - loss: 2.3970 - acc: 0.4543
2710/3900 [===================>..........] - ETA: 1s - loss: 2.3952 - acc: 0.4550
2770/3900 [====================>.........] - ETA: 1s - loss: 2.3927 - acc: 0.4574
2830/3900 [====================>.........] - ETA: 0s - loss: 2.3906 - acc: 0.4565
2890/3900 [=====================>........] - ETA: 0s - loss: 2.3885 - acc: 0.4550
2950/3900 [=====================>........] - ETA: 0s - loss: 2.3866 - acc: 0.4542
3010/3900 [======================>.......] - ETA: 0s - loss: 2.3842 - acc: 0.4551
3070/3900 [======================>.......] - ETA: 0s - loss: 2.3823 - acc: 0.4544
3130/3900 [=======================>......] - ETA: 0s - loss: 2.3801 - acc: 0.4550
3190/3900 [=======================>......] - ETA: 0s - loss: 2.3780 - acc: 0.4527
3250/3900 [========================>.....] - ETA: 0s - loss: 2.3758 - acc: 0.4523
3310/3900 [========================>.....] - ETA: 0s - loss: 2.3735 - acc: 0.4505
3370/3900 [========================>.....] - ETA: 0s - loss: 2.3712 - acc: 0.4490
3430/3900 [=========================>....] - ETA: 0s - loss: 2.3687 - acc: 0.4496
3490/3900 [=========================>....] - ETA: 0s - loss: 2.3663 - acc: 0.4501
3550/3900 [==========================>...] - ETA: 0s - loss: 2.3638 - acc: 0.4499
3610/3900 [==========================>...] - ETA: 0s - loss: 2.3613 - acc: 0.4507
3670/3900 [===========================>..] - ETA: 0s - loss: 2.3589 - acc: 0.4515
3730/3900 [===========================>..] - ETA: 0s - loss: 2.3561 - acc: 0.4517
3790/3900 [============================>.] - ETA: 0s - loss: 2.3532 - acc: 0.4530
3850/3900 [============================>.] - ETA: 0s - loss: 2.3507 - acc: 0.4553
3900/3900 [==============================] - 4s 901us/step - loss: 2.3483 - acc: 0.4569 - val_loss: 2.2517 - val_acc: 0.2525
Current time ....3.512
Train on 600 samples, validate on 86 samples
Epoch 1/1

 10/600 [..............................] - ETA: 0s - loss: 0.5072 - acc: 1.0000
 70/600 [==>...........................] - ETA: 0s - loss: 0.5053 - acc: 0.9714
130/600 [=====>........................] - ETA: 0s - loss: 0.4835 - acc: 0.9692
190/600 [========>.....................] - ETA: 0s - loss: 0.4671 - acc: 0.9737
250/600 [===========>..................] - ETA: 0s - loss: 0.4553 - acc: 0.9720
310/600 [==============>...............] - ETA: 0s - loss: 0.4520 - acc: 0.9774
370/600 [=================>............] - ETA: 0s - loss: 0.4484 - acc: 0.9784
430/600 [====================>.........] - ETA: 0s - loss: 0.4414 - acc: 0.9767
490/600 [=======================>......] - ETA: 0s - loss: 0.4268 - acc: 0.9755
550/600 [==========================>...] - ETA: 0s - loss: 0.4227 - acc: 0.9709
600/600 [==============================] - 1s 933us/step - loss: 0.4186 - acc: 0.9700 - val_loss: 0.4459 - val_acc: 0.9186
Current time ....0.560
Train on 1200 samples, validate on 68 samples
Epoch 1/1

  10/1200 [..............................] - ETA: 1s - loss: 0.7956 - acc: 0.8000
  70/1200 [>.............................] - ETA: 1s - loss: 0.8903 - acc: 0.6429
 130/1200 [==>...........................] - ETA: 0s - loss: 0.9174 - acc: 0.6231
 190/1200 [===>..........................] - ETA: 0s - loss: 0.9198 - acc: 0.6368
 250/1200 [=====>........................] - ETA: 0s - loss: 0.8945 - acc: 0.6560
 310/1200 [======>.......................] - ETA: 0s - loss: 0.8893 - acc: 0.6677
 370/1200 [========>.....................] - ETA: 0s - loss: 0.8786 - acc: 0.6838
 430/1200 [=========>....................] - ETA: 0s - loss: 0.8663 - acc: 0.6953
 490/1200 [===========>..................] - ETA: 0s - loss: 0.8517 - acc: 0.7020
 550/1200 [============>.................] - ETA: 0s - loss: 0.8424 - acc: 0.7109
 610/1200 [==============>...............] - ETA: 0s - loss: 0.8487 - acc: 0.7049
 670/1200 [===============>..............] - ETA: 0s - loss: 0.8423 - acc: 0.7134
 730/1200 [=================>............] - ETA: 0s - loss: 0.8419 - acc: 0.7137
 790/1200 [==================>...........] - ETA: 0s - loss: 0.8334 - acc: 0.7177
 850/1200 [====================>.........] - ETA: 0s - loss: 0.8334 - acc: 0.7129
 910/1200 [=====================>........] - ETA: 0s - loss: 0.8194 - acc: 0.7198
 970/1200 [=======================>......] - ETA: 0s - loss: 0.8171 - acc: 0.7186
1030/1200 [========================>.....] - ETA: 0s - loss: 0.8109 - acc: 0.7252
1090/1200 [==========================>...] - ETA: 0s - loss: 0.8083 - acc: 0.7266
1150/1200 [===========================>..] - ETA: 0s - loss: 0.8030 - acc: 0.7296
1200/1200 [==============================] - 1s 898us/step - loss: 0.7956 - acc: 0.7325 - val_loss: 1.0809 - val_acc: 0.5294
Current time ....1.078
Train on 3900 samples, validate on 99 samples
Epoch 1/1

  10/3900 [..............................] - ETA: 3s - loss: 2.0582 - acc: 0.5000
  70/3900 [..............................] - ETA: 3s - loss: 2.1319 - acc: 0.5000
 130/3900 [>.............................] - ETA: 3s - loss: 2.1122 - acc: 0.5308
 190/3900 [>.............................] - ETA: 3s - loss: 2.1340 - acc: 0.4842
 250/3900 [>.............................] - ETA: 3s - loss: 2.1328 - acc: 0.4640
 310/3900 [=>............................] - ETA: 3s - loss: 2.1308 - acc: 0.4645
 370/3900 [=>............................] - ETA: 3s - loss: 2.1273 - acc: 0.4622
 430/3900 [==>...........................] - ETA: 3s - loss: 2.1285 - acc: 0.4512
 490/3900 [==>...........................] - ETA: 3s - loss: 2.1263 - acc: 0.4449
 550/3900 [===>..........................] - ETA: 3s - loss: 2.1183 - acc: 0.4455
 610/3900 [===>..........................] - ETA: 2s - loss: 2.1185 - acc: 0.4295
 670/3900 [====>.........................] - ETA: 2s - loss: 2.1176 - acc: 0.4179
 730/3900 [====>.........................] - ETA: 2s - loss: 2.1183 - acc: 0.4123
 790/3900 [=====>........................] - ETA: 2s - loss: 2.1147 - acc: 0.4089
 850/3900 [=====>........................] - ETA: 2s - loss: 2.1125 - acc: 0.4141
 910/3900 [======>.......................] - ETA: 2s - loss: 2.1093 - acc: 0.4165
 970/3900 [======>.......................] - ETA: 2s - loss: 2.1069 - acc: 0.4196
1030/3900 [======>.......................] - ETA: 2s - loss: 2.1029 - acc: 0.4243
1090/3900 [=======>......................] - ETA: 2s - loss: 2.0970 - acc: 0.4229
1150/3900 [=======>......................] - ETA: 2s - loss: 2.0941 - acc: 0.4139
1210/3900 [========>.....................] - ETA: 2s - loss: 2.0905 - acc: 0.4116
1270/3900 [========>.....................] - ETA: 2s - loss: 2.0878 - acc: 0.4102
1330/3900 [=========>....................] - ETA: 2s - loss: 2.0874 - acc: 0.4060
1390/3900 [=========>....................] - ETA: 2s - loss: 2.0833 - acc: 0.4050
1450/3900 [==========>...................] - ETA: 2s - loss: 2.0790 - acc: 0.4048
1510/3900 [==========>...................] - ETA: 2s - loss: 2.0749 - acc: 0.4066
1570/3900 [===========>..................] - ETA: 2s - loss: 2.0712 - acc: 0.4051
1630/3900 [===========>..................] - ETA: 2s - loss: 2.0673 - acc: 0.4061
1690/3900 [============>.................] - ETA: 1s - loss: 2.0644 - acc: 0.4059
1750/3900 [============>.................] - ETA: 1s - loss: 2.0607 - acc: 0.4074
1810/3900 [============>.................] - ETA: 1s - loss: 2.0570 - acc: 0.4116
1870/3900 [=============>................] - ETA: 1s - loss: 2.0536 - acc: 0.4155
1930/3900 [=============>................] - ETA: 1s - loss: 2.0494 - acc: 0.4135
1990/3900 [==============>...............] - ETA: 1s - loss: 2.0460 - acc: 0.4146
2050/3900 [==============>...............] - ETA: 1s - loss: 2.0434 - acc: 0.4151
2110/3900 [===============>..............] - ETA: 1s - loss: 2.0405 - acc: 0.4133
2170/3900 [===============>..............] - ETA: 1s - loss: 2.0373 - acc: 0.4120
2230/3900 [================>.............] - ETA: 1s - loss: 2.0345 - acc: 0.4117
2290/3900 [================>.............] - ETA: 1s - loss: 2.0318 - acc: 0.4118
2350/3900 [=================>............] - ETA: 1s - loss: 2.0285 - acc: 0.4136
2410/3900 [=================>............] - ETA: 1s - loss: 2.0249 - acc: 0.4141
2470/3900 [==================>...........] - ETA: 1s - loss: 2.0230 - acc: 0.4113
2530/3900 [==================>...........] - ETA: 1s - loss: 2.0206 - acc: 0.4119
2590/3900 [==================>...........] - ETA: 1s - loss: 2.0177 - acc: 0.4143
2650/3900 [===================>..........] - ETA: 1s - loss: 2.0153 - acc: 0.4143
2710/3900 [===================>..........] - ETA: 1s - loss: 2.0116 - acc: 0.4192
2770/3900 [====================>.........] - ETA: 1s - loss: 2.0085 - acc: 0.4206
2830/3900 [====================>.........] - ETA: 0s - loss: 2.0059 - acc: 0.4201
2890/3900 [=====================>........] - ETA: 0s - loss: 2.0038 - acc: 0.4190
2950/3900 [=====================>........] - ETA: 0s - loss: 2.0019 - acc: 0.4169
3010/3900 [======================>.......] - ETA: 0s - loss: 1.9991 - acc: 0.4163
3070/3900 [======================>.......] - ETA: 0s - loss: 1.9963 - acc: 0.4169
3130/3900 [=======================>......] - ETA: 0s - loss: 1.9937 - acc: 0.4185
3190/3900 [=======================>......] - ETA: 0s - loss: 1.9917 - acc: 0.4188
3250/3900 [========================>.....] - ETA: 0s - loss: 1.9894 - acc: 0.4197
3310/3900 [========================>.....] - ETA: 0s - loss: 1.9870 - acc: 0.4224
3370/3900 [========================>.....] - ETA: 0s - loss: 1.9841 - acc: 0.4234
3430/3900 [=========================>....] - ETA: 0s - loss: 1.9820 - acc: 0.4230
3490/3900 [=========================>....] - ETA: 0s - loss: 1.9795 - acc: 0.4232
3550/3900 [==========================>...] - ETA: 0s - loss: 1.9769 - acc: 0.4242
3610/3900 [==========================>...] - ETA: 0s - loss: 1.9738 - acc: 0.4249
3670/3900 [===========================>..] - ETA: 0s - loss: 1.9717 - acc: 0.4245
3730/3900 [===========================>..] - ETA: 0s - loss: 1.9698 - acc: 0.4236
3790/3900 [============================>.] - ETA: 0s - loss: 1.9684 - acc: 0.4235
3850/3900 [============================>.] - ETA: 0s - loss: 1.9665 - acc: 0.4239
3900/3900 [==============================] - 4s 903us/step - loss: 1.9648 - acc: 0.4241 - val_loss: 1.9302 - val_acc: 0.3030
Current time ....3.521
Train on 600 samples, validate on 86 samples
Epoch 1/1

 10/600 [..............................] - ETA: 0s - loss: 0.3384 - acc: 1.0000
 70/600 [==>...........................] - ETA: 0s - loss: 0.3290 - acc: 0.9857
130/600 [=====>........................] - ETA: 0s - loss: 0.3381 - acc: 0.9769
180/600 [========>.....................] - ETA: 0s - loss: 0.3239 - acc: 0.9778
240/600 [===========>..................] - ETA: 0s - loss: 0.3233 - acc: 0.9792
300/600 [==============>...............] - ETA: 0s - loss: 0.3209 - acc: 0.9767
360/600 [=================>............] - ETA: 0s - loss: 0.3128 - acc: 0.9778
420/600 [====================>.........] - ETA: 0s - loss: 0.3009 - acc: 0.9762
480/600 [=======================>......] - ETA: 0s - loss: 0.2916 - acc: 0.9792
540/600 [==========================>...] - ETA: 0s - loss: 0.2800 - acc: 0.9796
600/600 [==============================] - 1s 927us/step - loss: 0.2778 - acc: 0.9783 - val_loss: 0.3697 - val_acc: 0.9302
Current time ....0.556
Train on 1200 samples, validate on 68 samples
Epoch 1/1

  10/1200 [..............................] - ETA: 1s - loss: 0.6372 - acc: 0.8000
  70/1200 [>.............................] - ETA: 1s - loss: 0.7135 - acc: 0.7714
 130/1200 [==>...........................] - ETA: 0s - loss: 0.6883 - acc: 0.7615
 190/1200 [===>..........................] - ETA: 0s - loss: 0.6513 - acc: 0.7737
 250/1200 [=====>........................] - ETA: 0s - loss: 0.6609 - acc: 0.7640
 310/1200 [======>.......................] - ETA: 0s - loss: 0.6520 - acc: 0.7742
 370/1200 [========>.....................] - ETA: 0s - loss: 0.6550 - acc: 0.7649
 430/1200 [=========>....................] - ETA: 0s - loss: 0.6412 - acc: 0.7791
 490/1200 [===========>..................] - ETA: 0s - loss: 0.6419 - acc: 0.7776
 550/1200 [============>.................] - ETA: 0s - loss: 0.6343 - acc: 0.7782
 610/1200 [==============>...............] - ETA: 0s - loss: 0.6323 - acc: 0.7787
 670/1200 [===============>..............] - ETA: 0s - loss: 0.6284 - acc: 0.7791
 730/1200 [=================>............] - ETA: 0s - loss: 0.6183 - acc: 0.7849
 790/1200 [==================>...........] - ETA: 0s - loss: 0.6151 - acc: 0.7861
 850/1200 [====================>.........] - ETA: 0s - loss: 0.6073 - acc: 0.7906
 910/1200 [=====================>........] - ETA: 0s - loss: 0.6015 - acc: 0.7956
 970/1200 [=======================>......] - ETA: 0s - loss: 0.6049 - acc: 0.7969
1030/1200 [========================>.....] - ETA: 0s - loss: 0.6015 - acc: 0.7961
1090/1200 [==========================>...] - ETA: 0s - loss: 0.5959 - acc: 0.7982
1150/1200 [===========================>..] - ETA: 0s - loss: 0.5947 - acc: 0.7991
1200/1200 [==============================] - 1s 904us/step - loss: 0.5920 - acc: 0.7992 - val_loss: 0.7863 - val_acc: 0.6912
Current time ....1.085
Train on 3900 samples, validate on 99 samples
Epoch 1/1

  10/3900 [..............................] - ETA: 3s - loss: 1.9494 - acc: 0.1000
  70/3900 [..............................] - ETA: 3s - loss: 1.7882 - acc: 0.4857
 130/3900 [>.............................] - ETA: 3s - loss: 1.8013 - acc: 0.4923
 190/3900 [>.............................] - ETA: 3s - loss: 1.8033 - acc: 0.4789
 250/3900 [>.............................] - ETA: 3s - loss: 1.8309 - acc: 0.4360
 310/3900 [=>............................] - ETA: 3s - loss: 1.8117 - acc: 0.4484
 370/3900 [=>............................] - ETA: 3s - loss: 1.7979 - acc: 0.4622
 430/3900 [==>...........................] - ETA: 3s - loss: 1.8051 - acc: 0.4465
 490/3900 [==>...........................] - ETA: 3s - loss: 1.8012 - acc: 0.4612
 550/3900 [===>..........................] - ETA: 3s - loss: 1.7999 - acc: 0.4636
 610/3900 [===>..........................] - ETA: 2s - loss: 1.7945 - acc: 0.4639
 670/3900 [====>.........................] - ETA: 2s - loss: 1.7928 - acc: 0.4522
 730/3900 [====>.........................] - ETA: 2s - loss: 1.7913 - acc: 0.4507
 790/3900 [=====>........................] - ETA: 2s - loss: 1.7909 - acc: 0.4519
 850/3900 [=====>........................] - ETA: 2s - loss: 1.7873 - acc: 0.4529
 910/3900 [======>.......................] - ETA: 2s - loss: 1.7920 - acc: 0.4462
 970/3900 [======>.......................] - ETA: 2s - loss: 1.7886 - acc: 0.4495
1030/3900 [======>.......................] - ETA: 2s - loss: 1.7886 - acc: 0.4447
1090/3900 [=======>......................] - ETA: 2s - loss: 1.7877 - acc: 0.4422
1150/3900 [=======>......................] - ETA: 2s - loss: 1.7900 - acc: 0.4365
1210/3900 [========>.....................] - ETA: 2s - loss: 1.7890 - acc: 0.4331
1270/3900 [========>.....................] - ETA: 2s - loss: 1.7871 - acc: 0.4299
1330/3900 [=========>....................] - ETA: 2s - loss: 1.7832 - acc: 0.4338
1390/3900 [=========>....................] - ETA: 2s - loss: 1.7817 - acc: 0.4353
1450/3900 [==========>...................] - ETA: 2s - loss: 1.7835 - acc: 0.4317
1510/3900 [==========>...................] - ETA: 2s - loss: 1.7822 - acc: 0.4318
1570/3900 [===========>..................] - ETA: 2s - loss: 1.7779 - acc: 0.4312
1620/3900 [===========>..................] - ETA: 2s - loss: 1.7761 - acc: 0.4302
1680/3900 [===========>..................] - ETA: 1s - loss: 1.7738 - acc: 0.4315
1740/3900 [============>.................] - ETA: 1s - loss: 1.7711 - acc: 0.4310
1800/3900 [============>.................] - ETA: 1s - loss: 1.7727 - acc: 0.4294
1860/3900 [=============>................] - ETA: 1s - loss: 1.7700 - acc: 0.4290
1920/3900 [=============>................] - ETA: 1s - loss: 1.7673 - acc: 0.4313
1980/3900 [==============>...............] - ETA: 1s - loss: 1.7664 - acc: 0.4338
2040/3900 [==============>...............] - ETA: 1s - loss: 1.7659 - acc: 0.4338
2100/3900 [===============>..............] - ETA: 1s - loss: 1.7623 - acc: 0.4371
2160/3900 [===============>..............] - ETA: 1s - loss: 1.7605 - acc: 0.4375
2220/3900 [================>.............] - ETA: 1s - loss: 1.7589 - acc: 0.4401
2280/3900 [================>.............] - ETA: 1s - loss: 1.7559 - acc: 0.4421
2340/3900 [=================>............] - ETA: 1s - loss: 1.7519 - acc: 0.4457
2400/3900 [=================>............] - ETA: 1s - loss: 1.7525 - acc: 0.4429
2460/3900 [=================>............] - ETA: 1s - loss: 1.7504 - acc: 0.4431
2520/3900 [==================>...........] - ETA: 1s - loss: 1.7488 - acc: 0.4444
2580/3900 [==================>...........] - ETA: 1s - loss: 1.7484 - acc: 0.4434
2640/3900 [===================>..........] - ETA: 1s - loss: 1.7463 - acc: 0.4466
2700/3900 [===================>..........] - ETA: 1s - loss: 1.7434 - acc: 0.4500
2760/3900 [====================>.........] - ETA: 1s - loss: 1.7416 - acc: 0.4500
2820/3900 [====================>.........] - ETA: 0s - loss: 1.7397 - acc: 0.4504
2880/3900 [=====================>........] - ETA: 0s - loss: 1.7391 - acc: 0.4497
2940/3900 [=====================>........] - ETA: 0s - loss: 1.7373 - acc: 0.4500
3000/3900 [======================>.......] - ETA: 0s - loss: 1.7358 - acc: 0.4510
3060/3900 [======================>.......] - ETA: 0s - loss: 1.7343 - acc: 0.4520
3120/3900 [=======================>......] - ETA: 0s - loss: 1.7333 - acc: 0.4532
3180/3900 [=======================>......] - ETA: 0s - loss: 1.7304 - acc: 0.4538
3240/3900 [=======================>......] - ETA: 0s - loss: 1.7292 - acc: 0.4549
3300/3900 [========================>.....] - ETA: 0s - loss: 1.7265 - acc: 0.4567
3360/3900 [========================>.....] - ETA: 0s - loss: 1.7258 - acc: 0.4583
3420/3900 [=========================>....] - ETA: 0s - loss: 1.7259 - acc: 0.4588
3480/3900 [=========================>....] - ETA: 0s - loss: 1.7255 - acc: 0.4589
3540/3900 [==========================>...] - ETA: 0s - loss: 1.7239 - acc: 0.4602
3600/3900 [==========================>...] - ETA: 0s - loss: 1.7232 - acc: 0.4611
3660/3900 [===========================>..] - ETA: 0s - loss: 1.7221 - acc: 0.4615
3720/3900 [===========================>..] - ETA: 0s - loss: 1.7204 - acc: 0.4613
3780/3900 [============================>.] - ETA: 0s - loss: 1.7162 - acc: 0.4651
3840/3900 [============================>.] - ETA: 0s - loss: 1.7143 - acc: 0.4651
3900/3900 [==============================] - 4s 903us/step - loss: 1.7132 - acc: 0.4646 - val_loss: 1.8868 - val_acc: 0.2626
Current time ....3.523
Train on 600 samples, validate on 86 samples
Epoch 1/1

 10/600 [..............................] - ETA: 0s - loss: 0.2875 - acc: 1.0000
 70/600 [==>...........................] - ETA: 0s - loss: 0.2540 - acc: 0.9714
130/600 [=====>........................] - ETA: 0s - loss: 0.2377 - acc: 0.9769
190/600 [========>.....................] - ETA: 0s - loss: 0.2181 - acc: 0.9842
250/600 [===========>..................] - ETA: 0s - loss: 0.2083 - acc: 0.9840
310/600 [==============>...............] - ETA: 0s - loss: 0.2048 - acc: 0.9839
370/600 [=================>............] - ETA: 0s - loss: 0.1965 - acc: 0.9811
430/600 [====================>.........] - ETA: 0s - loss: 0.1879 - acc: 0.9837
490/600 [=======================>......] - ETA: 0s - loss: 0.1843 - acc: 0.9857
550/600 [==========================>...] - ETA: 0s - loss: 0.1831 - acc: 0.9873
600/600 [==============================] - 1s 929us/step - loss: 0.1771 - acc: 0.9883 - val_loss: 0.3860 - val_acc: 0.9186
Current time ....0.558
Train on 1200 samples, validate on 68 samples
Epoch 1/1

  10/1200 [..............................] - ETA: 1s - loss: 0.5137 - acc: 0.9000
  70/1200 [>.............................] - ETA: 1s - loss: 0.5137 - acc: 0.9000
 130/1200 [==>...........................] - ETA: 0s - loss: 0.5152 - acc: 0.8692
 190/1200 [===>..........................] - ETA: 0s - loss: 0.5399 - acc: 0.8632
 250/1200 [=====>........................] - ETA: 0s - loss: 0.5056 - acc: 0.8760
 310/1200 [======>.......................] - ETA: 0s - loss: 0.5033 - acc: 0.8839
 370/1200 [========>.....................] - ETA: 0s - loss: 0.4889 - acc: 0.8838
 430/1200 [=========>....................] - ETA: 0s - loss: 0.4878 - acc: 0.8767
 490/1200 [===========>..................] - ETA: 0s - loss: 0.4715 - acc: 0.8816
 550/1200 [============>.................] - ETA: 0s - loss: 0.4605 - acc: 0.8909
 610/1200 [==============>...............] - ETA: 0s - loss: 0.4580 - acc: 0.8918
 670/1200 [===============>..............] - ETA: 0s - loss: 0.4593 - acc: 0.8881
 730/1200 [=================>............] - ETA: 0s - loss: 0.4570 - acc: 0.8904
 790/1200 [==================>...........] - ETA: 0s - loss: 0.4578 - acc: 0.8899
 850/1200 [====================>.........] - ETA: 0s - loss: 0.4441 - acc: 0.8929
 910/1200 [=====================>........] - ETA: 0s - loss: 0.4438 - acc: 0.8912
 970/1200 [=======================>......] - ETA: 0s - loss: 0.4354 - acc: 0.8928
1030/1200 [========================>.....] - ETA: 0s - loss: 0.4341 - acc: 0.8932
1090/1200 [==========================>...] - ETA: 0s - loss: 0.4306 - acc: 0.8936
1150/1200 [===========================>..] - ETA: 0s - loss: 0.4246 - acc: 0.8965
1200/1200 [==============================] - 1s 912us/step - loss: 0.4255 - acc: 0.8958 - val_loss: 0.7326 - val_acc: 0.6765
Current time ....1.095
Train on 3900 samples, validate on 99 samples
Epoch 1/1

  10/3900 [..............................] - ETA: 3s - loss: 1.4702 - acc: 0.5000
  70/3900 [..............................] - ETA: 3s - loss: 1.5643 - acc: 0.4714
 130/3900 [>.............................] - ETA: 3s - loss: 1.5267 - acc: 0.5154
 190/3900 [>.............................] - ETA: 3s - loss: 1.5569 - acc: 0.5105
 250/3900 [>.............................] - ETA: 3s - loss: 1.5779 - acc: 0.5240
 310/3900 [=>............................] - ETA: 3s - loss: 1.5796 - acc: 0.5258
 370/3900 [=>............................] - ETA: 3s - loss: 1.5811 - acc: 0.5243
 430/3900 [==>...........................] - ETA: 3s - loss: 1.5868 - acc: 0.5326
 490/3900 [==>...........................] - ETA: 3s - loss: 1.5771 - acc: 0.5469
 550/3900 [===>..........................] - ETA: 2s - loss: 1.5818 - acc: 0.5400
 610/3900 [===>..........................] - ETA: 2s - loss: 1.5831 - acc: 0.5328
 660/3900 [====>.........................] - ETA: 2s - loss: 1.5791 - acc: 0.5318
 720/3900 [====>.........................] - ETA: 2s - loss: 1.5859 - acc: 0.5250
 780/3900 [=====>........................] - ETA: 2s - loss: 1.5826 - acc: 0.5244
 840/3900 [=====>........................] - ETA: 2s - loss: 1.5752 - acc: 0.5310
 900/3900 [=====>........................] - ETA: 2s - loss: 1.5715 - acc: 0.5367
 960/3900 [======>.......................] - ETA: 2s - loss: 1.5705 - acc: 0.5354
1020/3900 [======>.......................] - ETA: 2s - loss: 1.5655 - acc: 0.5382
1080/3900 [=======>......................] - ETA: 2s - loss: 1.5690 - acc: 0.5370
1140/3900 [=======>......................] - ETA: 2s - loss: 1.5688 - acc: 0.5360
1200/3900 [========>.....................] - ETA: 2s - loss: 1.5708 - acc: 0.5350
1250/3900 [========>.....................] - ETA: 2s - loss: 1.5691 - acc: 0.5360
1310/3900 [=========>....................] - ETA: 2s - loss: 1.5652 - acc: 0.5420
1370/3900 [=========>....................] - ETA: 2s - loss: 1.5667 - acc: 0.5401
1430/3900 [==========>...................] - ETA: 2s - loss: 1.5641 - acc: 0.5399
1490/3900 [==========>...................] - ETA: 2s - loss: 1.5601 - acc: 0.5403
1550/3900 [==========>...................] - ETA: 2s - loss: 1.5562 - acc: 0.5394
1610/3900 [===========>..................] - ETA: 2s - loss: 1.5536 - acc: 0.5429
1670/3900 [===========>..................] - ETA: 2s - loss: 1.5538 - acc: 0.5431
1730/3900 [============>.................] - ETA: 1s - loss: 1.5512 - acc: 0.5416
1790/3900 [============>.................] - ETA: 1s - loss: 1.5510 - acc: 0.5408
1850/3900 [=============>................] - ETA: 1s - loss: 1.5497 - acc: 0.5389
1910/3900 [=============>................] - ETA: 1s - loss: 1.5477 - acc: 0.5393
1970/3900 [==============>...............] - ETA: 1s - loss: 1.5485 - acc: 0.5360
2030/3900 [==============>...............] - ETA: 1s - loss: 1.5476 - acc: 0.5350
2090/3900 [===============>..............] - ETA: 1s - loss: 1.5457 - acc: 0.5330
2150/3900 [===============>..............] - ETA: 1s - loss: 1.5456 - acc: 0.5302
2210/3900 [================>.............] - ETA: 1s - loss: 1.5417 - acc: 0.5335
2270/3900 [================>.............] - ETA: 1s - loss: 1.5411 - acc: 0.5335
2330/3900 [================>.............] - ETA: 1s - loss: 1.5369 - acc: 0.5352
2390/3900 [=================>............] - ETA: 1s - loss: 1.5356 - acc: 0.5347
2450/3900 [=================>............] - ETA: 1s - loss: 1.5317 - acc: 0.5363
2510/3900 [==================>...........] - ETA: 1s - loss: 1.5292 - acc: 0.5375
2570/3900 [==================>...........] - ETA: 1s - loss: 1.5300 - acc: 0.5362
2630/3900 [===================>..........] - ETA: 1s - loss: 1.5296 - acc: 0.5373
2690/3900 [===================>..........] - ETA: 1s - loss: 1.5254 - acc: 0.5387
2750/3900 [====================>.........] - ETA: 1s - loss: 1.5257 - acc: 0.5385
2810/3900 [====================>.........] - ETA: 0s - loss: 1.5236 - acc: 0.5388
2870/3900 [=====================>........] - ETA: 0s - loss: 1.5221 - acc: 0.5401
2930/3900 [=====================>........] - ETA: 0s - loss: 1.5190 - acc: 0.5420
2990/3900 [======================>.......] - ETA: 0s - loss: 1.5165 - acc: 0.5431
3050/3900 [======================>.......] - ETA: 0s - loss: 1.5150 - acc: 0.5439
3110/3900 [======================>.......] - ETA: 0s - loss: 1.5130 - acc: 0.5450
3170/3900 [=======================>......] - ETA: 0s - loss: 1.5115 - acc: 0.5457
3230/3900 [=======================>......] - ETA: 0s - loss: 1.5092 - acc: 0.5458
3290/3900 [========================>.....] - ETA: 0s - loss: 1.5082 - acc: 0.5468
3350/3900 [========================>.....] - ETA: 0s - loss: 1.5048 - acc: 0.5481
3410/3900 [=========================>....] - ETA: 0s - loss: 1.5019 - acc: 0.5499
3470/3900 [=========================>....] - ETA: 0s - loss: 1.5014 - acc: 0.5496
3530/3900 [==========================>...] - ETA: 0s - loss: 1.4998 - acc: 0.5510
3590/3900 [==========================>...] - ETA: 0s - loss: 1.4977 - acc: 0.5518
3650/3900 [===========================>..] - ETA: 0s - loss: 1.4951 - acc: 0.5526
3710/3900 [===========================>..] - ETA: 0s - loss: 1.4916 - acc: 0.5539
3770/3900 [============================>.] - ETA: 0s - loss: 1.4897 - acc: 0.5544
3830/3900 [============================>.] - ETA: 0s - loss: 1.4895 - acc: 0.5525
3890/3900 [============================>.] - ETA: 0s - loss: 1.4877 - acc: 0.5514
3900/3900 [==============================] - 4s 911us/step - loss: 1.4875 - acc: 0.5515 - val_loss: 1.7679 - val_acc: 0.3737
Current time ....3.553
Train on 600 samples, validate on 86 samples
Epoch 1/1

 10/600 [..............................] - ETA: 0s - loss: 0.1188 - acc: 1.0000
 70/600 [==>...........................] - ETA: 0s - loss: 0.1122 - acc: 1.0000
130/600 [=====>........................] - ETA: 0s - loss: 0.1202 - acc: 1.0000
190/600 [========>.....................] - ETA: 0s - loss: 0.1271 - acc: 0.9895
250/600 [===========>..................] - ETA: 0s - loss: 0.1301 - acc: 0.9880
310/600 [==============>...............] - ETA: 0s - loss: 0.1242 - acc: 0.9903
370/600 [=================>............] - ETA: 0s - loss: 0.1217 - acc: 0.9919
430/600 [====================>.........] - ETA: 0s - loss: 0.1225 - acc: 0.9884
490/600 [=======================>......] - ETA: 0s - loss: 0.1224 - acc: 0.9898
550/600 [==========================>...] - ETA: 0s - loss: 0.1239 - acc: 0.9855
600/600 [==============================] - 1s 933us/step - loss: 0.1201 - acc: 0.9867 - val_loss: 0.3934 - val_acc: 0.9186
Current time ....0.560
Train on 1200 samples, validate on 68 samples
Epoch 1/1

  10/1200 [..............................] - ETA: 1s - loss: 0.2597 - acc: 0.9000
  70/1200 [>.............................] - ETA: 1s - loss: 0.3501 - acc: 0.9143
 130/1200 [==>...........................] - ETA: 0s - loss: 0.3567 - acc: 0.8923
 190/1200 [===>..........................] - ETA: 0s - loss: 0.3566 - acc: 0.8947
 250/1200 [=====>........................] - ETA: 0s - loss: 0.3519 - acc: 0.9040
 310/1200 [======>.......................] - ETA: 0s - loss: 0.3348 - acc: 0.9129
 370/1200 [========>.....................] - ETA: 0s - loss: 0.3316 - acc: 0.9189
 430/1200 [=========>....................] - ETA: 0s - loss: 0.3306 - acc: 0.9209
 490/1200 [===========>..................] - ETA: 0s - loss: 0.3214 - acc: 0.9286
 550/1200 [============>.................] - ETA: 0s - loss: 0.3161 - acc: 0.9327
 610/1200 [==============>...............] - ETA: 0s - loss: 0.3096 - acc: 0.9328
 670/1200 [===============>..............] - ETA: 0s - loss: 0.3057 - acc: 0.9343
 730/1200 [=================>............] - ETA: 0s - loss: 0.3038 - acc: 0.9342
 790/1200 [==================>...........] - ETA: 0s - loss: 0.3120 - acc: 0.9266
 850/1200 [====================>.........] - ETA: 0s - loss: 0.3091 - acc: 0.9259
 910/1200 [=====================>........] - ETA: 0s - loss: 0.3093 - acc: 0.9242
 970/1200 [=======================>......] - ETA: 0s - loss: 0.3106 - acc: 0.9247
1030/1200 [========================>.....] - ETA: 0s - loss: 0.3071 - acc: 0.9252
1090/1200 [==========================>...] - ETA: 0s - loss: 0.3072 - acc: 0.9257
1150/1200 [===========================>..] - ETA: 0s - loss: 0.3040 - acc: 0.9270
1200/1200 [==============================] - 1s 923us/step - loss: 0.3071 - acc: 0.9225 - val_loss: 0.7756 - val_acc: 0.6471
Current time ....1.108
Train on 3900 samples, validate on 99 samples
Epoch 1/1

  10/3900 [..............................] - ETA: 3s - loss: 1.6673 - acc: 0.4000
  70/3900 [..............................] - ETA: 3s - loss: 1.4622 - acc: 0.5286
 130/3900 [>.............................] - ETA: 3s - loss: 1.3645 - acc: 0.6000
 190/3900 [>.............................] - ETA: 3s - loss: 1.3475 - acc: 0.5895
 250/3900 [>.............................] - ETA: 3s - loss: 1.3665 - acc: 0.5760
 310/3900 [=>............................] - ETA: 3s - loss: 1.3672 - acc: 0.5774
 370/3900 [=>............................] - ETA: 3s - loss: 1.3337 - acc: 0.6027
 430/3900 [==>...........................] - ETA: 3s - loss: 1.3328 - acc: 0.6000
 490/3900 [==>...........................] - ETA: 3s - loss: 1.3230 - acc: 0.6041
 550/3900 [===>..........................] - ETA: 3s - loss: 1.3342 - acc: 0.6073
 610/3900 [===>..........................] - ETA: 2s - loss: 1.3397 - acc: 0.6033
 670/3900 [====>.........................] - ETA: 2s - loss: 1.3331 - acc: 0.6075
 730/3900 [====>.........................] - ETA: 2s - loss: 1.3230 - acc: 0.6110
 790/3900 [=====>........................] - ETA: 2s - loss: 1.3279 - acc: 0.6051
 850/3900 [=====>........................] - ETA: 2s - loss: 1.3257 - acc: 0.6059
 910/3900 [======>.......................] - ETA: 2s - loss: 1.3170 - acc: 0.6143
 970/3900 [======>.......................] - ETA: 2s - loss: 1.3182 - acc: 0.6103
1030/3900 [======>.......................] - ETA: 2s - loss: 1.3095 - acc: 0.6155
1090/3900 [=======>......................] - ETA: 2s - loss: 1.3020 - acc: 0.6193
1150/3900 [=======>......................] - ETA: 2s - loss: 1.2983 - acc: 0.6209
1210/3900 [========>.....................] - ETA: 2s - loss: 1.2964 - acc: 0.6231
1270/3900 [========>.....................] - ETA: 2s - loss: 1.2962 - acc: 0.6236
1330/3900 [=========>....................] - ETA: 2s - loss: 1.2985 - acc: 0.6218
1390/3900 [=========>....................] - ETA: 2s - loss: 1.2978 - acc: 0.6180
1450/3900 [==========>...................] - ETA: 2s - loss: 1.2968 - acc: 0.6193
1510/3900 [==========>...................] - ETA: 2s - loss: 1.2944 - acc: 0.6212
1570/3900 [===========>..................] - ETA: 2s - loss: 1.2909 - acc: 0.6242
1630/3900 [===========>..................] - ETA: 2s - loss: 1.2886 - acc: 0.6252
1690/3900 [============>.................] - ETA: 1s - loss: 1.2855 - acc: 0.6249
1750/3900 [============>.................] - ETA: 1s - loss: 1.2845 - acc: 0.6263
1810/3900 [============>.................] - ETA: 1s - loss: 1.2825 - acc: 0.6271
1870/3900 [=============>................] - ETA: 1s - loss: 1.2806 - acc: 0.6273
1930/3900 [=============>................] - ETA: 1s - loss: 1.2787 - acc: 0.6280
1990/3900 [==============>...............] - ETA: 1s - loss: 1.2787 - acc: 0.6271
2050/3900 [==============>...............] - ETA: 1s - loss: 1.2794 - acc: 0.6268
2110/3900 [===============>..............] - ETA: 1s - loss: 1.2792 - acc: 0.6261
2170/3900 [===============>..............] - ETA: 1s - loss: 1.2757 - acc: 0.6276
2230/3900 [================>.............] - ETA: 1s - loss: 1.2743 - acc: 0.6265
2290/3900 [================>.............] - ETA: 1s - loss: 1.2733 - acc: 0.6240
2350/3900 [=================>............] - ETA: 1s - loss: 1.2727 - acc: 0.6213
2400/3900 [=================>............] - ETA: 1s - loss: 1.2707 - acc: 0.6217
2460/3900 [=================>............] - ETA: 1s - loss: 1.2710 - acc: 0.6207
2520/3900 [==================>...........] - ETA: 1s - loss: 1.2690 - acc: 0.6234
2580/3900 [==================>...........] - ETA: 1s - loss: 1.2667 - acc: 0.6233
2640/3900 [===================>..........] - ETA: 1s - loss: 1.2634 - acc: 0.6239
2700/3900 [===================>..........] - ETA: 1s - loss: 1.2617 - acc: 0.6252
2760/3900 [====================>.........] - ETA: 1s - loss: 1.2608 - acc: 0.6246
2820/3900 [====================>.........] - ETA: 0s - loss: 1.2584 - acc: 0.6245
2880/3900 [=====================>........] - ETA: 0s - loss: 1.2585 - acc: 0.6253
2940/3900 [=====================>........] - ETA: 0s - loss: 1.2545 - acc: 0.6272
3000/3900 [======================>.......] - ETA: 0s - loss: 1.2527 - acc: 0.6277
3060/3900 [======================>.......] - ETA: 0s - loss: 1.2516 - acc: 0.6271
3120/3900 [=======================>......] - ETA: 0s - loss: 1.2481 - acc: 0.6292
3180/3900 [=======================>......] - ETA: 0s - loss: 1.2472 - acc: 0.6292
3240/3900 [=======================>......] - ETA: 0s - loss: 1.2451 - acc: 0.6306
3300/3900 [========================>.....] - ETA: 0s - loss: 1.2446 - acc: 0.6306
3360/3900 [========================>.....] - ETA: 0s - loss: 1.2432 - acc: 0.6321
3420/3900 [=========================>....] - ETA: 0s - loss: 1.2417 - acc: 0.6327
3480/3900 [=========================>....] - ETA: 0s - loss: 1.2372 - acc: 0.6345
3540/3900 [==========================>...] - ETA: 0s - loss: 1.2350 - acc: 0.6356
3600/3900 [==========================>...] - ETA: 0s - loss: 1.2343 - acc: 0.6353
3660/3900 [===========================>..] - ETA: 0s - loss: 1.2334 - acc: 0.6358
3720/3900 [===========================>..] - ETA: 0s - loss: 1.2308 - acc: 0.6360
3780/3900 [============================>.] - ETA: 0s - loss: 1.2296 - acc: 0.6365
3840/3900 [============================>.] - ETA: 0s - loss: 1.2280 - acc: 0.6378
3900/3900 [==============================] - 4s 910us/step - loss: 1.2253 - acc: 0.6379 - val_loss: 1.6061 - val_acc: 0.4242
Current time ....3.551
Train on 600 samples, validate on 86 samples
Epoch 1/1

 10/600 [..............................] - ETA: 0s - loss: 0.1255 - acc: 1.0000
 70/600 [==>...........................] - ETA: 0s - loss: 0.0839 - acc: 1.0000
130/600 [=====>........................] - ETA: 0s - loss: 0.0878 - acc: 1.0000
190/600 [========>.....................] - ETA: 0s - loss: 0.1030 - acc: 0.9842
250/600 [===========>..................] - ETA: 0s - loss: 0.0977 - acc: 0.9880
310/600 [==============>...............] - ETA: 0s - loss: 0.0882 - acc: 0.9903
370/600 [=================>............] - ETA: 0s - loss: 0.0873 - acc: 0.9919
430/600 [====================>.........] - ETA: 0s - loss: 0.0855 - acc: 0.9930
490/600 [=======================>......] - ETA: 0s - loss: 0.0865 - acc: 0.9898
550/600 [==========================>...] - ETA: 0s - loss: 0.0880 - acc: 0.9873
600/600 [==============================] - 1s 932us/step - loss: 0.0852 - acc: 0.9883 - val_loss: 0.3876 - val_acc: 0.9186
Current time ....0.560
Train on 1200 samples, validate on 68 samples
Epoch 1/1

  10/1200 [..............................] - ETA: 1s - loss: 0.3223 - acc: 0.9000
  70/1200 [>.............................] - ETA: 1s - loss: 0.2581 - acc: 0.9429
 130/1200 [==>...........................] - ETA: 0s - loss: 0.2653 - acc: 0.9308
 190/1200 [===>..........................] - ETA: 0s - loss: 0.2333 - acc: 0.9526
 250/1200 [=====>........................] - ETA: 0s - loss: 0.2637 - acc: 0.9400
 310/1200 [======>.......................] - ETA: 0s - loss: 0.2580 - acc: 0.9355
 370/1200 [========>.....................] - ETA: 0s - loss: 0.2656 - acc: 0.9351
 430/1200 [=========>....................] - ETA: 0s - loss: 0.2627 - acc: 0.9395
 490/1200 [===========>..................] - ETA: 0s - loss: 0.2512 - acc: 0.9449
 550/1200 [============>.................] - ETA: 0s - loss: 0.2480 - acc: 0.9455
 610/1200 [==============>...............] - ETA: 0s - loss: 0.2479 - acc: 0.9443
 670/1200 [===============>..............] - ETA: 0s - loss: 0.2464 - acc: 0.9418
 730/1200 [=================>............] - ETA: 0s - loss: 0.2387 - acc: 0.9466
 790/1200 [==================>...........] - ETA: 0s - loss: 0.2346 - acc: 0.9468
 850/1200 [====================>.........] - ETA: 0s - loss: 0.2309 - acc: 0.9471
 910/1200 [=====================>........] - ETA: 0s - loss: 0.2296 - acc: 0.9484
 970/1200 [=======================>......] - ETA: 0s - loss: 0.2274 - acc: 0.9485
1030/1200 [========================>.....] - ETA: 0s - loss: 0.2274 - acc: 0.9485
1090/1200 [==========================>...] - ETA: 0s - loss: 0.2269 - acc: 0.9486
1150/1200 [===========================>..] - ETA: 0s - loss: 0.2250 - acc: 0.9478
1200/1200 [==============================] - 1s 911us/step - loss: 0.2251 - acc: 0.9475 - val_loss: 0.7300 - val_acc: 0.6765
Current time ....1.094
Train on 3900 samples, validate on 99 samples
Epoch 1/1

  10/3900 [..............................] - ETA: 3s - loss: 0.9929 - acc: 0.6000
  70/3900 [..............................] - ETA: 3s - loss: 1.1950 - acc: 0.6000
 130/3900 [>.............................] - ETA: 3s - loss: 1.1090 - acc: 0.6385
 190/3900 [>.............................] - ETA: 3s - loss: 1.1339 - acc: 0.6474
 250/3900 [>.............................] - ETA: 3s - loss: 1.1128 - acc: 0.6560
 310/3900 [=>............................] - ETA: 3s - loss: 1.1344 - acc: 0.6323
 370/3900 [=>............................] - ETA: 3s - loss: 1.1387 - acc: 0.6351
 430/3900 [==>...........................] - ETA: 3s - loss: 1.1309 - acc: 0.6442
 490/3900 [==>...........................] - ETA: 3s - loss: 1.1201 - acc: 0.6551
 550/3900 [===>..........................] - ETA: 3s - loss: 1.1105 - acc: 0.6636
 610/3900 [===>..........................] - ETA: 2s - loss: 1.1156 - acc: 0.6590
 670/3900 [====>.........................] - ETA: 2s - loss: 1.1143 - acc: 0.6552
 730/3900 [====>.........................] - ETA: 2s - loss: 1.1052 - acc: 0.6562
 790/3900 [=====>........................] - ETA: 2s - loss: 1.1027 - acc: 0.6570
 850/3900 [=====>........................] - ETA: 2s - loss: 1.0919 - acc: 0.6600
 910/3900 [======>.......................] - ETA: 2s - loss: 1.0910 - acc: 0.6593
 970/3900 [======>.......................] - ETA: 2s - loss: 1.0789 - acc: 0.6649
1030/3900 [======>.......................] - ETA: 2s - loss: 1.0770 - acc: 0.6670
1090/3900 [=======>......................] - ETA: 2s - loss: 1.0769 - acc: 0.6670
1150/3900 [=======>......................] - ETA: 2s - loss: 1.0749 - acc: 0.6696
1210/3900 [========>.....................] - ETA: 2s - loss: 1.0755 - acc: 0.6686
1270/3900 [========>.....................] - ETA: 2s - loss: 1.0738 - acc: 0.6693
1330/3900 [=========>....................] - ETA: 2s - loss: 1.0704 - acc: 0.6699
1390/3900 [=========>....................] - ETA: 2s - loss: 1.0651 - acc: 0.6705
1450/3900 [==========>...................] - ETA: 2s - loss: 1.0615 - acc: 0.6731
1510/3900 [==========>...................] - ETA: 2s - loss: 1.0536 - acc: 0.6762
1570/3900 [===========>..................] - ETA: 2s - loss: 1.0472 - acc: 0.6771
1630/3900 [===========>..................] - ETA: 2s - loss: 1.0472 - acc: 0.6779
1690/3900 [============>.................] - ETA: 1s - loss: 1.0433 - acc: 0.6805
1750/3900 [============>.................] - ETA: 1s - loss: 1.0445 - acc: 0.6771
1810/3900 [============>.................] - ETA: 1s - loss: 1.0405 - acc: 0.6785
1870/3900 [=============>................] - ETA: 1s - loss: 1.0377 - acc: 0.6802
1930/3900 [=============>................] - ETA: 1s - loss: 1.0336 - acc: 0.6813
1990/3900 [==============>...............] - ETA: 1s - loss: 1.0354 - acc: 0.6789
2050/3900 [==============>...............] - ETA: 1s - loss: 1.0361 - acc: 0.6780
2110/3900 [===============>..............] - ETA: 1s - loss: 1.0309 - acc: 0.6801
2170/3900 [===============>..............] - ETA: 1s - loss: 1.0296 - acc: 0.6802
2230/3900 [================>.............] - ETA: 1s - loss: 1.0292 - acc: 0.6798
2290/3900 [================>.............] - ETA: 1s - loss: 1.0294 - acc: 0.6803
2350/3900 [=================>............] - ETA: 1s - loss: 1.0252 - acc: 0.6817
2410/3900 [=================>............] - ETA: 1s - loss: 1.0241 - acc: 0.6830
2470/3900 [==================>...........] - ETA: 1s - loss: 1.0212 - acc: 0.6822
2530/3900 [==================>...........] - ETA: 1s - loss: 1.0171 - acc: 0.6838
2590/3900 [==================>...........] - ETA: 1s - loss: 1.0119 - acc: 0.6846
2650/3900 [===================>..........] - ETA: 1s - loss: 1.0118 - acc: 0.6845
2710/3900 [===================>..........] - ETA: 1s - loss: 1.0108 - acc: 0.6852
2770/3900 [====================>.........] - ETA: 1s - loss: 1.0115 - acc: 0.6841
2830/3900 [====================>.........] - ETA: 0s - loss: 1.0060 - acc: 0.6866
2890/3900 [=====================>........] - ETA: 0s - loss: 1.0029 - acc: 0.6882
2950/3900 [=====================>........] - ETA: 0s - loss: 1.0048 - acc: 0.6864
3010/3900 [======================>.......] - ETA: 0s - loss: 1.0024 - acc: 0.6870
3070/3900 [======================>.......] - ETA: 0s - loss: 1.0020 - acc: 0.6876
3130/3900 [=======================>......] - ETA: 0s - loss: 0.9995 - acc: 0.6885
3190/3900 [=======================>......] - ETA: 0s - loss: 0.9965 - acc: 0.6897
3250/3900 [========================>.....] - ETA: 0s - loss: 0.9965 - acc: 0.6892
3310/3900 [========================>.....] - ETA: 0s - loss: 0.9957 - acc: 0.6900
3370/3900 [========================>.....] - ETA: 0s - loss: 0.9957 - acc: 0.6899
3430/3900 [=========================>....] - ETA: 0s - loss: 0.9946 - acc: 0.6904
3490/3900 [=========================>....] - ETA: 0s - loss: 0.9938 - acc: 0.6897
3550/3900 [==========================>...] - ETA: 0s - loss: 0.9950 - acc: 0.6890
3610/3900 [==========================>...] - ETA: 0s - loss: 0.9898 - acc: 0.6911
3670/3900 [===========================>..] - ETA: 0s - loss: 0.9909 - acc: 0.6907
3730/3900 [===========================>..] - ETA: 0s - loss: 0.9887 - acc: 0.6922
3790/3900 [============================>.] - ETA: 0s - loss: 0.9879 - acc: 0.6916
3850/3900 [============================>.] - ETA: 0s - loss: 0.9870 - acc: 0.6925
3900/3900 [==============================] - 4s 904us/step - loss: 0.9859 - acc: 0.6923 - val_loss: 1.5350 - val_acc: 0.4646
Current time ....3.528
Train on 600 samples, validate on 86 samples
Epoch 1/1

 10/600 [..............................] - ETA: 0s - loss: 0.1108 - acc: 1.0000
 60/600 [==>...........................] - ETA: 0s - loss: 0.0559 - acc: 1.0000
120/600 [=====>........................] - ETA: 0s - loss: 0.0574 - acc: 1.0000
180/600 [========>.....................] - ETA: 0s - loss: 0.0620 - acc: 1.0000
240/600 [===========>..................] - ETA: 0s - loss: 0.0694 - acc: 1.0000
300/600 [==============>...............] - ETA: 0s - loss: 0.0669 - acc: 1.0000
360/600 [=================>............] - ETA: 0s - loss: 0.0690 - acc: 0.9972
420/600 [====================>.........] - ETA: 0s - loss: 0.0679 - acc: 0.9976
480/600 [=======================>......] - ETA: 0s - loss: 0.0666 - acc: 0.9979
540/600 [==========================>...] - ETA: 0s - loss: 0.0639 - acc: 0.9981
600/600 [==============================] - 1s 946us/step - loss: 0.0631 - acc: 0.9967 - val_loss: 0.4330 - val_acc: 0.9186
Current time ....0.568
Train on 1200 samples, validate on 68 samples
Epoch 1/1

  10/1200 [..............................] - ETA: 1s - loss: 0.1371 - acc: 1.0000
  70/1200 [>.............................] - ETA: 1s - loss: 0.1825 - acc: 1.0000
 130/1200 [==>...........................] - ETA: 0s - loss: 0.1779 - acc: 0.9846
 180/1200 [===>..........................] - ETA: 0s - loss: 0.1680 - acc: 0.9833
 240/1200 [=====>........................] - ETA: 0s - loss: 0.1848 - acc: 0.9708
 300/1200 [======>.......................] - ETA: 0s - loss: 0.1870 - acc: 0.9667
 360/1200 [========>.....................] - ETA: 0s - loss: 0.1799 - acc: 0.9722
 420/1200 [=========>....................] - ETA: 0s - loss: 0.1763 - acc: 0.9714
 480/1200 [===========>..................] - ETA: 0s - loss: 0.1739 - acc: 0.9750
 540/1200 [============>.................] - ETA: 0s - loss: 0.1780 - acc: 0.9685
 600/1200 [==============>...............] - ETA: 0s - loss: 0.1778 - acc: 0.9683
 660/1200 [===============>..............] - ETA: 0s - loss: 0.1780 - acc: 0.9667
 720/1200 [=================>............] - ETA: 0s - loss: 0.1758 - acc: 0.9667
 780/1200 [==================>...........] - ETA: 0s - loss: 0.1741 - acc: 0.9667
 840/1200 [====================>.........] - ETA: 0s - loss: 0.1878 - acc: 0.9607
 900/1200 [=====================>........] - ETA: 0s - loss: 0.1865 - acc: 0.9622
 960/1200 [=======================>......] - ETA: 0s - loss: 0.1861 - acc: 0.9615
1020/1200 [========================>.....] - ETA: 0s - loss: 0.1829 - acc: 0.9627
1080/1200 [==========================>...] - ETA: 0s - loss: 0.1792 - acc: 0.9648
1140/1200 [===========================>..] - ETA: 0s - loss: 0.1816 - acc: 0.9614
1200/1200 [==============================] - 1s 915us/step - loss: 0.1791 - acc: 0.9617 - val_loss: 0.7874 - val_acc: 0.6618
Current time ....1.098
Train on 3900 samples, validate on 99 samples
Epoch 1/1

  10/3900 [..............................] - ETA: 3s - loss: 0.9963 - acc: 0.7000
  70/3900 [..............................] - ETA: 3s - loss: 0.8173 - acc: 0.7000
 130/3900 [>.............................] - ETA: 3s - loss: 0.8703 - acc: 0.6923
 190/3900 [>.............................] - ETA: 3s - loss: 0.9002 - acc: 0.7000
 250/3900 [>.............................] - ETA: 3s - loss: 0.8819 - acc: 0.7200
 310/3900 [=>............................] - ETA: 3s - loss: 0.8918 - acc: 0.7097
 370/3900 [=>............................] - ETA: 3s - loss: 0.8750 - acc: 0.7081
 430/3900 [==>...........................] - ETA: 3s - loss: 0.8652 - acc: 0.7116
 490/3900 [==>...........................] - ETA: 3s - loss: 0.8478 - acc: 0.7245
 550/3900 [===>..........................] - ETA: 3s - loss: 0.8486 - acc: 0.7273
 610/3900 [===>..........................] - ETA: 2s - loss: 0.8262 - acc: 0.7377
 670/3900 [====>.........................] - ETA: 2s - loss: 0.8385 - acc: 0.7269
 730/3900 [====>.........................] - ETA: 2s - loss: 0.8424 - acc: 0.7247
 790/3900 [=====>........................] - ETA: 2s - loss: 0.8382 - acc: 0.7228
 850/3900 [=====>........................] - ETA: 2s - loss: 0.8373 - acc: 0.7247
 910/3900 [======>.......................] - ETA: 2s - loss: 0.8401 - acc: 0.7275
 970/3900 [======>.......................] - ETA: 2s - loss: 0.8335 - acc: 0.7299
1030/3900 [======>.......................] - ETA: 2s - loss: 0.8391 - acc: 0.7282
1090/3900 [=======>......................] - ETA: 2s - loss: 0.8321 - acc: 0.7321
1150/3900 [=======>......................] - ETA: 2s - loss: 0.8374 - acc: 0.7278
1210/3900 [========>.....................] - ETA: 2s - loss: 0.8337 - acc: 0.7298
1270/3900 [========>.....................] - ETA: 2s - loss: 0.8354 - acc: 0.7299
1330/3900 [=========>....................] - ETA: 2s - loss: 0.8433 - acc: 0.7256
1390/3900 [=========>....................] - ETA: 2s - loss: 0.8404 - acc: 0.7259
1450/3900 [==========>...................] - ETA: 2s - loss: 0.8383 - acc: 0.7269
1510/3900 [==========>...................] - ETA: 2s - loss: 0.8382 - acc: 0.7278
1570/3900 [===========>..................] - ETA: 2s - loss: 0.8368 - acc: 0.7293
1630/3900 [===========>..................] - ETA: 2s - loss: 0.8383 - acc: 0.7307
1690/3900 [============>.................] - ETA: 1s - loss: 0.8340 - acc: 0.7343
1750/3900 [============>.................] - ETA: 1s - loss: 0.8296 - acc: 0.7349
1810/3900 [============>.................] - ETA: 1s - loss: 0.8270 - acc: 0.7365
1870/3900 [=============>................] - ETA: 1s - loss: 0.8252 - acc: 0.7353
1930/3900 [=============>................] - ETA: 1s - loss: 0.8257 - acc: 0.7358
1990/3900 [==============>...............] - ETA: 1s - loss: 0.8217 - acc: 0.7367
2050/3900 [==============>...............] - ETA: 1s - loss: 0.8226 - acc: 0.7361
2110/3900 [===============>..............] - ETA: 1s - loss: 0.8308 - acc: 0.7322
2170/3900 [===============>..............] - ETA: 1s - loss: 0.8296 - acc: 0.7313
2230/3900 [================>.............] - ETA: 1s - loss: 0.8275 - acc: 0.7341
2290/3900 [================>.............] - ETA: 1s - loss: 0.8248 - acc: 0.7336
2350/3900 [=================>............] - ETA: 1s - loss: 0.8254 - acc: 0.7328
2410/3900 [=================>............] - ETA: 1s - loss: 0.8244 - acc: 0.7324
2470/3900 [==================>...........] - ETA: 1s - loss: 0.8252 - acc: 0.7328
2530/3900 [==================>...........] - ETA: 1s - loss: 0.8249 - acc: 0.7304
2590/3900 [==================>...........] - ETA: 1s - loss: 0.8230 - acc: 0.7313
2650/3900 [===================>..........] - ETA: 1s - loss: 0.8219 - acc: 0.7317
2710/3900 [===================>..........] - ETA: 1s - loss: 0.8221 - acc: 0.7321
2770/3900 [====================>.........] - ETA: 1s - loss: 0.8188 - acc: 0.7339
2830/3900 [====================>.........] - ETA: 0s - loss: 0.8171 - acc: 0.7339
2890/3900 [=====================>........] - ETA: 0s - loss: 0.8186 - acc: 0.7329
2950/3900 [=====================>........] - ETA: 0s - loss: 0.8149 - acc: 0.7346
3010/3900 [======================>.......] - ETA: 0s - loss: 0.8145 - acc: 0.7342
3070/3900 [======================>.......] - ETA: 0s - loss: 0.8122 - acc: 0.7355
3130/3900 [=======================>......] - ETA: 0s - loss: 0.8120 - acc: 0.7342
3190/3900 [=======================>......] - ETA: 0s - loss: 0.8090 - acc: 0.7354
3250/3900 [========================>.....] - ETA: 0s - loss: 0.8053 - acc: 0.7375
3310/3900 [========================>.....] - ETA: 0s - loss: 0.8017 - acc: 0.7396
3370/3900 [========================>.....] - ETA: 0s - loss: 0.8007 - acc: 0.7392
3430/3900 [=========================>....] - ETA: 0s - loss: 0.8002 - acc: 0.7388
3490/3900 [=========================>....] - ETA: 0s - loss: 0.7980 - acc: 0.7395
3550/3900 [==========================>...] - ETA: 0s - loss: 0.7994 - acc: 0.7383
3610/3900 [==========================>...] - ETA: 0s - loss: 0.7986 - acc: 0.7388
3670/3900 [===========================>..] - ETA: 0s - loss: 0.7975 - acc: 0.7392
3730/3900 [===========================>..] - ETA: 0s - loss: 0.7983 - acc: 0.7381
3790/3900 [============================>.] - ETA: 0s - loss: 0.7967 - acc: 0.7388
3850/3900 [============================>.] - ETA: 0s - loss: 0.7985 - acc: 0.7374
3900/3900 [==============================] - 4s 907us/step - loss: 0.7991 - acc: 0.7377 - val_loss: 1.6635 - val_acc: 0.3939
Current time ....3.536
Train on 600 samples, validate on 86 samples
Epoch 1/1

 10/600 [..............................] - ETA: 0s - loss: 0.0599 - acc: 1.0000
 70/600 [==>...........................] - ETA: 0s - loss: 0.0415 - acc: 1.0000
130/600 [=====>........................] - ETA: 0s - loss: 0.0453 - acc: 1.0000
190/600 [========>.....................] - ETA: 0s - loss: 0.0473 - acc: 1.0000
250/600 [===========>..................] - ETA: 0s - loss: 0.0475 - acc: 1.0000
310/600 [==============>...............] - ETA: 0s - loss: 0.0483 - acc: 1.0000
370/600 [=================>............] - ETA: 0s - loss: 0.0507 - acc: 1.0000
430/600 [====================>.........] - ETA: 0s - loss: 0.0505 - acc: 1.0000
490/600 [=======================>......] - ETA: 0s - loss: 0.0476 - acc: 1.0000
550/600 [==========================>...] - ETA: 0s - loss: 0.0472 - acc: 1.0000
600/600 [==============================] - 1s 928us/step - loss: 0.0475 - acc: 0.9983 - val_loss: 0.4641 - val_acc: 0.9186
Current time ....0.557
Train on 1200 samples, validate on 68 samples
Epoch 1/1

  10/1200 [..............................] - ETA: 1s - loss: 0.0449 - acc: 1.0000
  70/1200 [>.............................] - ETA: 1s - loss: 0.0723 - acc: 1.0000
 130/1200 [==>...........................] - ETA: 0s - loss: 0.1127 - acc: 0.9692
 190/1200 [===>..........................] - ETA: 0s - loss: 0.1231 - acc: 0.9789
 240/1200 [=====>........................] - ETA: 0s - loss: 0.1277 - acc: 0.9833
 300/1200 [======>.......................] - ETA: 0s - loss: 0.1293 - acc: 0.9767
 360/1200 [========>.....................] - ETA: 0s - loss: 0.1272 - acc: 0.9750
 420/1200 [=========>....................] - ETA: 0s - loss: 0.1249 - acc: 0.9786
 480/1200 [===========>..................] - ETA: 0s - loss: 0.1278 - acc: 0.9750
 540/1200 [============>.................] - ETA: 0s - loss: 0.1269 - acc: 0.9778
 600/1200 [==============>...............] - ETA: 0s - loss: 0.1240 - acc: 0.9800
 660/1200 [===============>..............] - ETA: 0s - loss: 0.1214 - acc: 0.9818
 720/1200 [=================>............] - ETA: 0s - loss: 0.1237 - acc: 0.9806
 780/1200 [==================>...........] - ETA: 0s - loss: 0.1223 - acc: 0.9821
 840/1200 [====================>.........] - ETA: 0s - loss: 0.1233 - acc: 0.9810
 900/1200 [=====================>........] - ETA: 0s - loss: 0.1211 - acc: 0.9822
 960/1200 [=======================>......] - ETA: 0s - loss: 0.1182 - acc: 0.9823
1020/1200 [========================>.....] - ETA: 0s - loss: 0.1175 - acc: 0.9824
1080/1200 [==========================>...] - ETA: 0s - loss: 0.1183 - acc: 0.9815
1140/1200 [===========================>..] - ETA: 0s - loss: 0.1168 - acc: 0.9816
1200/1200 [==============================] - 1s 911us/step - loss: 0.1161 - acc: 0.9817 - val_loss: 0.8369 - val_acc: 0.6618
Current time ....1.094
Train on 3900 samples, validate on 99 samples
Epoch 1/1

  10/3900 [..............................] - ETA: 3s - loss: 0.7246 - acc: 0.8000
  70/3900 [..............................] - ETA: 3s - loss: 0.8511 - acc: 0.6714
 130/3900 [>.............................] - ETA: 3s - loss: 0.7333 - acc: 0.7385
 190/3900 [>.............................] - ETA: 3s - loss: 0.7511 - acc: 0.7263
 250/3900 [>.............................] - ETA: 3s - loss: 0.7037 - acc: 0.7600
 310/3900 [=>............................] - ETA: 3s - loss: 0.6871 - acc: 0.7742
 370/3900 [=>............................] - ETA: 3s - loss: 0.6707 - acc: 0.7865
 430/3900 [==>...........................] - ETA: 3s - loss: 0.6627 - acc: 0.7884
 490/3900 [==>...........................] - ETA: 3s - loss: 0.6625 - acc: 0.7939
 550/3900 [===>..........................] - ETA: 3s - loss: 0.6661 - acc: 0.7964
 610/3900 [===>..........................] - ETA: 2s - loss: 0.6619 - acc: 0.7951
 670/3900 [====>.........................] - ETA: 2s - loss: 0.6789 - acc: 0.7896
 730/3900 [====>.........................] - ETA: 2s - loss: 0.6885 - acc: 0.7849
 790/3900 [=====>........................] - ETA: 2s - loss: 0.6966 - acc: 0.7835
 850/3900 [=====>........................] - ETA: 2s - loss: 0.6986 - acc: 0.7812
 910/3900 [======>.......................] - ETA: 2s - loss: 0.6885 - acc: 0.7868
 970/3900 [======>.......................] - ETA: 2s - loss: 0.6883 - acc: 0.7845
1030/3900 [======>.......................] - ETA: 2s - loss: 0.6888 - acc: 0.7835
1090/3900 [=======>......................] - ETA: 2s - loss: 0.6905 - acc: 0.7835
1150/3900 [=======>......................] - ETA: 2s - loss: 0.6900 - acc: 0.7852
1210/3900 [========>.....................] - ETA: 2s - loss: 0.6812 - acc: 0.7884
1270/3900 [========>.....................] - ETA: 2s - loss: 0.6797 - acc: 0.7898
1330/3900 [=========>....................] - ETA: 2s - loss: 0.6831 - acc: 0.7887
1390/3900 [=========>....................] - ETA: 2s - loss: 0.6775 - acc: 0.7899
1450/3900 [==========>...................] - ETA: 2s - loss: 0.6783 - acc: 0.7903
1510/3900 [==========>...................] - ETA: 2s - loss: 0.6859 - acc: 0.7848
1570/3900 [===========>..................] - ETA: 2s - loss: 0.6807 - acc: 0.7854
1630/3900 [===========>..................] - ETA: 2s - loss: 0.6763 - acc: 0.7865
1690/3900 [============>.................] - ETA: 1s - loss: 0.6791 - acc: 0.7852
1750/3900 [============>.................] - ETA: 1s - loss: 0.6789 - acc: 0.7851
1810/3900 [============>.................] - ETA: 1s - loss: 0.6775 - acc: 0.7851
1870/3900 [=============>................] - ETA: 1s - loss: 0.6803 - acc: 0.7824
1930/3900 [=============>................] - ETA: 1s - loss: 0.6841 - acc: 0.7793
1990/3900 [==============>...............] - ETA: 1s - loss: 0.6881 - acc: 0.7774
2050/3900 [==============>...............] - ETA: 1s - loss: 0.6882 - acc: 0.7756
2110/3900 [===============>..............] - ETA: 1s - loss: 0.6865 - acc: 0.7758
2170/3900 [===============>..............] - ETA: 1s - loss: 0.6882 - acc: 0.7756
2230/3900 [================>.............] - ETA: 1s - loss: 0.6875 - acc: 0.7767
2290/3900 [================>.............] - ETA: 1s - loss: 0.6873 - acc: 0.7769
2350/3900 [=================>............] - ETA: 1s - loss: 0.6868 - acc: 0.7774
2410/3900 [=================>............] - ETA: 1s - loss: 0.6848 - acc: 0.7776
2470/3900 [==================>...........] - ETA: 1s - loss: 0.6862 - acc: 0.7761
2530/3900 [==================>...........] - ETA: 1s - loss: 0.6810 - acc: 0.7779
2590/3900 [==================>...........] - ETA: 1s - loss: 0.6808 - acc: 0.7776
2650/3900 [===================>..........] - ETA: 1s - loss: 0.6786 - acc: 0.7785
2710/3900 [===================>..........] - ETA: 1s - loss: 0.6785 - acc: 0.7768
2770/3900 [====================>.........] - ETA: 1s - loss: 0.6802 - acc: 0.7762
2830/3900 [====================>.........] - ETA: 0s - loss: 0.6781 - acc: 0.7777
2880/3900 [=====================>........] - ETA: 0s - loss: 0.6748 - acc: 0.7795
2940/3900 [=====================>........] - ETA: 0s - loss: 0.6744 - acc: 0.7789
3000/3900 [======================>.......] - ETA: 0s - loss: 0.6746 - acc: 0.7790
3060/3900 [======================>.......] - ETA: 0s - loss: 0.6720 - acc: 0.7797
3120/3900 [=======================>......] - ETA: 0s - loss: 0.6706 - acc: 0.7792
3180/3900 [=======================>......] - ETA: 0s - loss: 0.6692 - acc: 0.7792
3240/3900 [=======================>......] - ETA: 0s - loss: 0.6666 - acc: 0.7806
3300/3900 [========================>.....] - ETA: 0s - loss: 0.6651 - acc: 0.7812
3360/3900 [========================>.....] - ETA: 0s - loss: 0.6647 - acc: 0.7818
3420/3900 [=========================>....] - ETA: 0s - loss: 0.6638 - acc: 0.7822
3480/3900 [=========================>....] - ETA: 0s - loss: 0.6647 - acc: 0.7816
3540/3900 [==========================>...] - ETA: 0s - loss: 0.6630 - acc: 0.7825
3600/3900 [==========================>...] - ETA: 0s - loss: 0.6603 - acc: 0.7842
3660/3900 [===========================>..] - ETA: 0s - loss: 0.6594 - acc: 0.7847
3720/3900 [===========================>..] - ETA: 0s - loss: 0.6590 - acc: 0.7847
3780/3900 [============================>.] - ETA: 0s - loss: 0.6571 - acc: 0.7857
3840/3900 [============================>.] - ETA: 0s - loss: 0.6561 - acc: 0.7859
3900/3900 [==============================] - 4s 908us/step - loss: 0.6548 - acc: 0.7867 - val_loss: 1.5838 - val_acc: 0.5253
Current time ....3.542
Train on 600 samples, validate on 86 samples
Epoch 1/1

 10/600 [..............................] - ETA: 0s - loss: 0.0601 - acc: 1.0000
 70/600 [==>...........................] - ETA: 0s - loss: 0.0248 - acc: 1.0000
130/600 [=====>........................] - ETA: 0s - loss: 0.0351 - acc: 1.0000
190/600 [========>.....................] - ETA: 0s - loss: 0.0333 - acc: 1.0000
250/600 [===========>..................] - ETA: 0s - loss: 0.0395 - acc: 0.9960
310/600 [==============>...............] - ETA: 0s - loss: 0.0388 - acc: 0.9935
370/600 [=================>............] - ETA: 0s - loss: 0.0407 - acc: 0.9946
430/600 [====================>.........] - ETA: 0s - loss: 0.0401 - acc: 0.9953
490/600 [=======================>......] - ETA: 0s - loss: 0.0398 - acc: 0.9959
550/600 [==========================>...] - ETA: 0s - loss: 0.0395 - acc: 0.9964
600/600 [==============================] - 1s 931us/step - loss: 0.0381 - acc: 0.9967 - val_loss: 0.4956 - val_acc: 0.9186
Current time ....0.559
Train on 1200 samples, validate on 68 samples
Epoch 1/1

  10/1200 [..............................] - ETA: 1s - loss: 0.1984 - acc: 0.9000
  70/1200 [>.............................] - ETA: 1s - loss: 0.0956 - acc: 0.9857
 130/1200 [==>...........................] - ETA: 0s - loss: 0.0800 - acc: 0.9923
 190/1200 [===>..........................] - ETA: 0s - loss: 0.0857 - acc: 0.9895
 250/1200 [=====>........................] - ETA: 0s - loss: 0.0837 - acc: 0.9920
 310/1200 [======>.......................] - ETA: 0s - loss: 0.0842 - acc: 0.9935
 370/1200 [========>.....................] - ETA: 0s - loss: 0.0817 - acc: 0.9946
 430/1200 [=========>....................] - ETA: 0s - loss: 0.0818 - acc: 0.9953
 490/1200 [===========>..................] - ETA: 0s - loss: 0.0853 - acc: 0.9939
 550/1200 [============>.................] - ETA: 0s - loss: 0.0834 - acc: 0.9945
 610/1200 [==============>...............] - ETA: 0s - loss: 0.0839 - acc: 0.9951
 670/1200 [===============>..............] - ETA: 0s - loss: 0.0833 - acc: 0.9940
 730/1200 [=================>............] - ETA: 0s - loss: 0.0822 - acc: 0.9945
 790/1200 [==================>...........] - ETA: 0s - loss: 0.0833 - acc: 0.9949
 850/1200 [====================>.........] - ETA: 0s - loss: 0.0847 - acc: 0.9929
 910/1200 [=====================>........] - ETA: 0s - loss: 0.0836 - acc: 0.9923
 970/1200 [=======================>......] - ETA: 0s - loss: 0.0827 - acc: 0.9918
1030/1200 [========================>.....] - ETA: 0s - loss: 0.0818 - acc: 0.9922
1090/1200 [==========================>...] - ETA: 0s - loss: 0.0843 - acc: 0.9917
1150/1200 [===========================>..] - ETA: 0s - loss: 0.0865 - acc: 0.9904
1200/1200 [==============================] - 1s 919us/step - loss: 0.0871 - acc: 0.9892 - val_loss: 0.8616 - val_acc: 0.7206
Current time ....1.103

32/99 [========>.....................] - ETA: 0s
99/99 [==============================] - 0s 96us/step
In EVALUATE loss:  [1.58382367786735, 0.52525252585459237]

32/86 [==========>...................] - ETA: 0s
86/86 [==============================] - 0s 89us/step
In EVALUATE loss:  [0.49562559571377068, 0.91860465393509971]

32/68 [=============>................] - ETA: 0s
68/68 [==============================] - 0s 100us/step
In EVALUATE loss:  [0.86160542333827295, 0.72058823529411764]
Task 1 : Primary site - Macro F1 score 0.288737434773
Task 1 : Primary site - Micro F1 score 0.525252525253
Task 2 : Tumor laterality - Macro F1 score 0.918593644354
Task 2 : Tumor laterality - Micro F1 score 0.918604651163
Task 3 : Histological grade - Macro F1 score 0.525975473802
Task 3 : Histological grade - Micro F1 score 0.720588235294
Average loss:  0.98035156564
