Importing candle utils for keras
Configuration file:  /gpfs/mira-home/apeck/Modified_Benchmarks/Pilot3/P3B1/p3b1_default_model.txt
{'activation': 'relu',
 'batch_size': 10,
 'data_url': 'ftp://ftp.mcs.anl.gov/pub/candle/public/benchmarks/P3B1/',
 'drop': 0.0,
 'epochs': 10,
 'feature_names': 'Primary site:Tumor laterality:Histological grade',
 'ind_nnet_spec': [[2400, 2400, 1200, 1200],
                   [2400, 2400, 1200, 1200],
                   [2400, 2400, 1200, 1200]],
 'initialization': 'glorot_uniform',
 'learning_rate': 0.01,
 'loss': 'categorical_crossentropy',
 'metrics': 'accuracy',
 'model_name': 'p3b1',
 'n_fold': 1,
 'optimizer': 'sgd',
 'out_activation': 'softmax',
 'output_dir': '.',
 'scaling': 'none',
 'shared_nnet_spec': [1200,
                      2400,
                      3600,
                      3600,
                      3600,
                      3600,
                      3600,
                      3600,
                      3600,
                      2400],
 'shuffle': True,
 'timeout': 1800,
 'train_data': 'P3B1_data.tar.gz'}
Params:
{'activation': 'relu',
 'batch_size': 10,
 'case': 'CenterZ',
 'data_url': 'ftp://ftp.mcs.anl.gov/pub/candle/public/benchmarks/P3B1/',
 'datatype': <class 'numpy.float32'>,
 'drop': 0.0,
 'epochs': 10,
 'experiment_id': 'EXP000',
 'feature_names': 'Primary site:Tumor laterality:Histological grade',
 'fig': False,
 'gpus': [],
 'ind_nnet_spec': [[2400, 2400, 1200, 1200],
                   [2400, 2400, 1200, 1200],
                   [2400, 2400, 1200, 1200]],
 'initialization': 'glorot_uniform',
 'learning_rate': 0.01,
 'logfile': None,
 'loss': 'categorical_crossentropy',
 'metrics': 'accuracy',
 'model_name': 'p3b1',
 'n_fold': 1,
 'optimizer': 'sgd',
 'out_activation': 'softmax',
 'output_dir': '/gpfs/mira-home/apeck/CANDLE_testing/avery_modified_results/p3_1',
 'output_files': 'result0_0.csv;result1_0.csv;result2_0.csv',
 'rng_seed': 7102,
 'run_id': 'RUN000',
 'scaling': 'none',
 'shared_nnet_spec': [1200,
                      2400,
                      3600,
                      3600,
                      3600,
                      3600,
                      3600,
                      3600,
                      3600,
                      2400],
 'shuffle': False,
 'timeout': 1800,
 'train_bool': True,
 'train_data': 'P3B1_data.tar.gz',
 'train_features': 'data/task0_0_train_feature.csv;data/task1_0_train_feature.csv;data/task2_0_train_feature.csv',
 'train_truths': 'data/task0_0_train_label.csv;data/task1_0_train_label.csv;data/task2_0_train_label.csv',
 'valid_features': 'data/task0_0_test_feature.csv;data/task1_0_test_feature.csv;data/task2_0_test_feature.csv',
 'valid_truths': 'data/task0_0_test_label.csv;data/task1_0_test_label.csv;data/task2_0_test_label.csv',
 'verbose': None}
Feature names:
Primary site
Tumor laterality
Histological grade
Model:  0
_________________________________________________________________
Layer (type)                 Output Shape              Param #   
=================================================================
input (InputLayer)           (None, 400)               0         
_________________________________________________________________
indiv_layer_0_0 (Dense)      (None, 2400)              962400    
_________________________________________________________________
indiv_layer_0_1 (Dense)      (None, 2400)              5762400   
_________________________________________________________________
indiv_layer_0_2 (Dense)      (None, 1200)              2881200   
_________________________________________________________________
indiv_layer_0_3 (Dense)      (None, 1200)              1441200   
_________________________________________________________________
out_0 (Dense)                (None, 13)                15613     
=================================================================
Total params: 11,062,813
Trainable params: 11,062,813
Non-trainable params: 0
_________________________________________________________________
Model:  1
_________________________________________________________________
Layer (type)                 Output Shape              Param #   
=================================================================
input (InputLayer)           (None, 400)               0         
_________________________________________________________________
indiv_layer_1_0 (Dense)      (None, 2400)              962400    
_________________________________________________________________
indiv_layer_1_1 (Dense)      (None, 2400)              5762400   
_________________________________________________________________
indiv_layer_1_2 (Dense)      (None, 1200)              2881200   
_________________________________________________________________
indiv_layer_1_3 (Dense)      (None, 1200)              1441200   
_________________________________________________________________
out_1 (Dense)                (None, 2)                 2402      
=================================================================
Total params: 11,049,602
Trainable params: 11,049,602
Non-trainable params: 0
_________________________________________________________________
Model:  2
_________________________________________________________________
Layer (type)                 Output Shape              Param #   
=================================================================
input (InputLayer)           (None, 400)               0         
_________________________________________________________________
indiv_layer_2_0 (Dense)      (None, 2400)              962400    
_________________________________________________________________
indiv_layer_2_1 (Dense)      (None, 2400)              5762400   
_________________________________________________________________
indiv_layer_2_2 (Dense)      (None, 1200)              2881200   
_________________________________________________________________
indiv_layer_2_3 (Dense)      (None, 1200)              1441200   
_________________________________________________________________
out_2 (Dense)                (None, 4)                 4804      
=================================================================
Total params: 11,052,004
Trainable params: 11,052,004
Non-trainable params: 0
_________________________________________________________________
Train on 3900 samples, validate on 99 samples
Epoch 1/1

  10/3900 [..............................] - ETA: 14:23 - loss: 2.5614 - acc: 0.3000
  60/3900 [..............................] - ETA: 2:26 - loss: 2.5631 - acc: 0.1667 
 110/3900 [..............................] - ETA: 1:20 - loss: 2.5640 - acc: 0.1000
 160/3900 [>.............................] - ETA: 56s - loss: 2.5633 - acc: 0.1188 
 210/3900 [>.............................] - ETA: 43s - loss: 2.5627 - acc: 0.1190
 260/3900 [=>............................] - ETA: 35s - loss: 2.5631 - acc: 0.1038
 310/3900 [=>............................] - ETA: 29s - loss: 2.5624 - acc: 0.1161
 370/3900 [=>............................] - ETA: 24s - loss: 2.5634 - acc: 0.1081
 430/3900 [==>...........................] - ETA: 21s - loss: 2.5629 - acc: 0.1093
 490/3900 [==>...........................] - ETA: 19s - loss: 2.5625 - acc: 0.1102
 550/3900 [===>..........................] - ETA: 16s - loss: 2.5626 - acc: 0.1036
 610/3900 [===>..........................] - ETA: 15s - loss: 2.5623 - acc: 0.0984
 670/3900 [====>.........................] - ETA: 13s - loss: 2.5620 - acc: 0.1045
 730/3900 [====>.........................] - ETA: 12s - loss: 2.5617 - acc: 0.1041
 790/3900 [=====>........................] - ETA: 11s - loss: 2.5612 - acc: 0.1063
 850/3900 [=====>........................] - ETA: 10s - loss: 2.5610 - acc: 0.1071
 910/3900 [======>.......................] - ETA: 10s - loss: 2.5607 - acc: 0.1044
 970/3900 [======>.......................] - ETA: 9s - loss: 2.5604 - acc: 0.1062 
1030/3900 [======>.......................] - ETA: 8s - loss: 2.5601 - acc: 0.1058
1090/3900 [=======>......................] - ETA: 8s - loss: 2.5598 - acc: 0.1055
1150/3900 [=======>......................] - ETA: 7s - loss: 2.5598 - acc: 0.1035
1210/3900 [========>.....................] - ETA: 7s - loss: 2.5600 - acc: 0.1017
1270/3900 [========>.....................] - ETA: 7s - loss: 2.5599 - acc: 0.1000
1330/3900 [=========>....................] - ETA: 6s - loss: 2.5598 - acc: 0.0970
1390/3900 [=========>....................] - ETA: 6s - loss: 2.5596 - acc: 0.0964
1450/3900 [==========>...................] - ETA: 6s - loss: 2.5593 - acc: 0.1014
1510/3900 [==========>...................] - ETA: 5s - loss: 2.5591 - acc: 0.1040
1570/3900 [===========>..................] - ETA: 5s - loss: 2.5588 - acc: 0.1070
1630/3900 [===========>..................] - ETA: 5s - loss: 2.5587 - acc: 0.1074
1690/3900 [============>.................] - ETA: 5s - loss: 2.5585 - acc: 0.1101
1750/3900 [============>.................] - ETA: 4s - loss: 2.5582 - acc: 0.1120
1810/3900 [============>.................] - ETA: 4s - loss: 2.5581 - acc: 0.1149
1870/3900 [=============>................] - ETA: 4s - loss: 2.5579 - acc: 0.1203
1930/3900 [=============>................] - ETA: 4s - loss: 2.5576 - acc: 0.1259
1990/3900 [==============>...............] - ETA: 3s - loss: 2.5573 - acc: 0.1261
2050/3900 [==============>...............] - ETA: 3s - loss: 2.5571 - acc: 0.1366
2110/3900 [===============>..............] - ETA: 3s - loss: 2.5568 - acc: 0.1403
2170/3900 [===============>..............] - ETA: 3s - loss: 2.5566 - acc: 0.1461
2230/3900 [================>.............] - ETA: 3s - loss: 2.5564 - acc: 0.1498
2290/3900 [================>.............] - ETA: 3s - loss: 2.5562 - acc: 0.1581
2350/3900 [=================>............] - ETA: 2s - loss: 2.5560 - acc: 0.1660
2410/3900 [=================>............] - ETA: 2s - loss: 2.5557 - acc: 0.1714
2470/3900 [==================>...........] - ETA: 2s - loss: 2.5555 - acc: 0.1765
2530/3900 [==================>...........] - ETA: 2s - loss: 2.5553 - acc: 0.1802
2590/3900 [==================>...........] - ETA: 2s - loss: 2.5550 - acc: 0.1869
2650/3900 [===================>..........] - ETA: 2s - loss: 2.5548 - acc: 0.1891
2710/3900 [===================>..........] - ETA: 2s - loss: 2.5547 - acc: 0.1911
2770/3900 [====================>.........] - ETA: 1s - loss: 2.5545 - acc: 0.1924
2830/3900 [====================>.........] - ETA: 1s - loss: 2.5543 - acc: 0.1961
2890/3900 [=====================>........] - ETA: 1s - loss: 2.5541 - acc: 0.1976
2950/3900 [=====================>........] - ETA: 1s - loss: 2.5539 - acc: 0.1997
3010/3900 [======================>.......] - ETA: 1s - loss: 2.5537 - acc: 0.2023
3070/3900 [======================>.......] - ETA: 1s - loss: 2.5535 - acc: 0.2039
3130/3900 [=======================>......] - ETA: 1s - loss: 2.5533 - acc: 0.2067
3190/3900 [=======================>......] - ETA: 1s - loss: 2.5531 - acc: 0.2110
3250/3900 [========================>.....] - ETA: 1s - loss: 2.5528 - acc: 0.2148
3310/3900 [========================>.....] - ETA: 0s - loss: 2.5526 - acc: 0.2202
3370/3900 [========================>.....] - ETA: 0s - loss: 2.5523 - acc: 0.2243
3430/3900 [=========================>....] - ETA: 0s - loss: 2.5521 - acc: 0.2251
3490/3900 [=========================>....] - ETA: 0s - loss: 2.5518 - acc: 0.2287
3550/3900 [==========================>...] - ETA: 0s - loss: 2.5515 - acc: 0.2304
3610/3900 [==========================>...] - ETA: 0s - loss: 2.5513 - acc: 0.2330
3670/3900 [===========================>..] - ETA: 0s - loss: 2.5510 - acc: 0.2338
3730/3900 [===========================>..] - ETA: 0s - loss: 2.5508 - acc: 0.2365
3790/3900 [============================>.] - ETA: 0s - loss: 2.5506 - acc: 0.2377
3850/3900 [============================>.] - ETA: 0s - loss: 2.5503 - acc: 0.2405
3900/3900 [==============================] - 6s 1ms/step - loss: 2.5501 - acc: 0.2405 - val_loss: 2.5465 - val_acc: 0.1111
Current time ....5.842
Train on 600 samples, validate on 86 samples
Epoch 1/1

 10/600 [..............................] - ETA: 17s - loss: 0.6826 - acc: 0.6000
 70/600 [==>...........................] - ETA: 2s - loss: 0.6910 - acc: 0.5286 
130/600 [=====>........................] - ETA: 1s - loss: 0.6834 - acc: 0.5692
190/600 [========>.....................] - ETA: 0s - loss: 0.6831 - acc: 0.5947
250/600 [===========>..................] - ETA: 0s - loss: 0.6755 - acc: 0.6480
310/600 [==============>...............] - ETA: 0s - loss: 0.6745 - acc: 0.6452
370/600 [=================>............] - ETA: 0s - loss: 0.6733 - acc: 0.6568
430/600 [====================>.........] - ETA: 0s - loss: 0.6692 - acc: 0.6860
490/600 [=======================>......] - ETA: 0s - loss: 0.6647 - acc: 0.7061
550/600 [==========================>...] - ETA: 0s - loss: 0.6616 - acc: 0.7236
600/600 [==============================] - 1s 1ms/step - loss: 0.6589 - acc: 0.7367 - val_loss: 0.6241 - val_acc: 0.7907
Current time ....0.849
Train on 1200 samples, validate on 68 samples
Epoch 1/1

  10/1200 [..............................] - ETA: 32s - loss: 1.4477 - acc: 0.1000
  70/1200 [>.............................] - ETA: 5s - loss: 1.3933 - acc: 0.2714 
 130/1200 [==>...........................] - ETA: 3s - loss: 1.3877 - acc: 0.2769
 190/1200 [===>..........................] - ETA: 2s - loss: 1.3823 - acc: 0.3368
 250/1200 [=====>........................] - ETA: 1s - loss: 1.3751 - acc: 0.3640
 310/1200 [======>.......................] - ETA: 1s - loss: 1.3715 - acc: 0.3645
 370/1200 [========>.....................] - ETA: 1s - loss: 1.3673 - acc: 0.3730
 430/1200 [=========>....................] - ETA: 1s - loss: 1.3623 - acc: 0.3977
 490/1200 [===========>..................] - ETA: 1s - loss: 1.3594 - acc: 0.4061
 550/1200 [============>.................] - ETA: 0s - loss: 1.3530 - acc: 0.4145
 610/1200 [==============>...............] - ETA: 0s - loss: 1.3466 - acc: 0.4246
 670/1200 [===============>..............] - ETA: 0s - loss: 1.3448 - acc: 0.4284
 730/1200 [=================>............] - ETA: 0s - loss: 1.3396 - acc: 0.4397
 790/1200 [==================>...........] - ETA: 0s - loss: 1.3350 - acc: 0.4443
 850/1200 [====================>.........] - ETA: 0s - loss: 1.3294 - acc: 0.4494
 910/1200 [=====================>........] - ETA: 0s - loss: 1.3227 - acc: 0.4604
 970/1200 [=======================>......] - ETA: 0s - loss: 1.3157 - acc: 0.4670
1030/1200 [========================>.....] - ETA: 0s - loss: 1.3115 - acc: 0.4660
1090/1200 [==========================>...] - ETA: 0s - loss: 1.3064 - acc: 0.4688
1150/1200 [===========================>..] - ETA: 0s - loss: 1.3023 - acc: 0.4704
1200/1200 [==============================] - 1s 1ms/step - loss: 1.2955 - acc: 0.4792 - val_loss: 1.3179 - val_acc: 0.2206
Current time ....1.362
Train on 3900 samples, validate on 99 samples
Epoch 1/1

  10/3900 [..............................] - ETA: 3s - loss: 2.5455 - acc: 0.1000
  70/3900 [..............................] - ETA: 3s - loss: 2.5333 - acc: 0.3857
 130/3900 [>.............................] - ETA: 3s - loss: 2.5333 - acc: 0.3769
 190/3900 [>.............................] - ETA: 3s - loss: 2.5322 - acc: 0.4105
 250/3900 [>.............................] - ETA: 3s - loss: 2.5316 - acc: 0.4120
 310/3900 [=>............................] - ETA: 3s - loss: 2.5313 - acc: 0.3935
 370/3900 [=>............................] - ETA: 3s - loss: 2.5302 - acc: 0.3919
 430/3900 [==>...........................] - ETA: 3s - loss: 2.5299 - acc: 0.3907
 490/3900 [==>...........................] - ETA: 3s - loss: 2.5294 - acc: 0.3918
 550/3900 [===>..........................] - ETA: 2s - loss: 2.5294 - acc: 0.3891
 610/3900 [===>..........................] - ETA: 2s - loss: 2.5286 - acc: 0.3984
 670/3900 [====>.........................] - ETA: 2s - loss: 2.5285 - acc: 0.3970
 730/3900 [====>.........................] - ETA: 2s - loss: 2.5280 - acc: 0.3904
 790/3900 [=====>........................] - ETA: 2s - loss: 2.5277 - acc: 0.3835
 850/3900 [=====>........................] - ETA: 2s - loss: 2.5271 - acc: 0.3835
 910/3900 [======>.......................] - ETA: 2s - loss: 2.5264 - acc: 0.3802
 970/3900 [======>.......................] - ETA: 2s - loss: 2.5260 - acc: 0.3742
1030/3900 [======>.......................] - ETA: 2s - loss: 2.5258 - acc: 0.3680
1090/3900 [=======>......................] - ETA: 2s - loss: 2.5253 - acc: 0.3688
1150/3900 [=======>......................] - ETA: 2s - loss: 2.5251 - acc: 0.3643
1210/3900 [========>.....................] - ETA: 2s - loss: 2.5250 - acc: 0.3579
1270/3900 [========>.....................] - ETA: 2s - loss: 2.5243 - acc: 0.3559
1330/3900 [=========>....................] - ETA: 2s - loss: 2.5240 - acc: 0.3534
1390/3900 [=========>....................] - ETA: 2s - loss: 2.5234 - acc: 0.3561
1450/3900 [==========>...................] - ETA: 2s - loss: 2.5231 - acc: 0.3572
1510/3900 [==========>...................] - ETA: 2s - loss: 2.5230 - acc: 0.3536
1570/3900 [===========>..................] - ETA: 2s - loss: 2.5225 - acc: 0.3548
1630/3900 [===========>..................] - ETA: 2s - loss: 2.5221 - acc: 0.3546
1690/3900 [============>.................] - ETA: 1s - loss: 2.5218 - acc: 0.3544
1750/3900 [============>.................] - ETA: 1s - loss: 2.5213 - acc: 0.3577
1810/3900 [============>.................] - ETA: 1s - loss: 2.5210 - acc: 0.3591
1870/3900 [=============>................] - ETA: 1s - loss: 2.5205 - acc: 0.3620
1930/3900 [=============>................] - ETA: 1s - loss: 2.5198 - acc: 0.3653
1990/3900 [==============>...............] - ETA: 1s - loss: 2.5193 - acc: 0.3663
2050/3900 [==============>...............] - ETA: 1s - loss: 2.5189 - acc: 0.3654
2110/3900 [===============>..............] - ETA: 1s - loss: 2.5186 - acc: 0.3659
2170/3900 [===============>..............] - ETA: 1s - loss: 2.5180 - acc: 0.3677
2230/3900 [================>.............] - ETA: 1s - loss: 2.5172 - acc: 0.3709
2290/3900 [================>.............] - ETA: 1s - loss: 2.5169 - acc: 0.3694
2350/3900 [=================>............] - ETA: 1s - loss: 2.5166 - acc: 0.3702
2410/3900 [=================>............] - ETA: 1s - loss: 2.5160 - acc: 0.3747
2470/3900 [==================>...........] - ETA: 1s - loss: 2.5158 - acc: 0.3745
2530/3900 [==================>...........] - ETA: 1s - loss: 2.5151 - acc: 0.3759
2590/3900 [==================>...........] - ETA: 1s - loss: 2.5149 - acc: 0.3761
2650/3900 [===================>..........] - ETA: 1s - loss: 2.5143 - acc: 0.3781
2710/3900 [===================>..........] - ETA: 1s - loss: 2.5138 - acc: 0.3808
2770/3900 [====================>.........] - ETA: 1s - loss: 2.5135 - acc: 0.3801
2830/3900 [====================>.........] - ETA: 0s - loss: 2.5128 - acc: 0.3855
2890/3900 [=====================>........] - ETA: 0s - loss: 2.5123 - acc: 0.3872
2950/3900 [=====================>........] - ETA: 0s - loss: 2.5118 - acc: 0.3881
3010/3900 [======================>.......] - ETA: 0s - loss: 2.5114 - acc: 0.3870
3070/3900 [======================>.......] - ETA: 0s - loss: 2.5109 - acc: 0.3863
3130/3900 [=======================>......] - ETA: 0s - loss: 2.5103 - acc: 0.3882
3190/3900 [=======================>......] - ETA: 0s - loss: 2.5095 - acc: 0.3900
3250/3900 [========================>.....] - ETA: 0s - loss: 2.5089 - acc: 0.3923
3310/3900 [========================>.....] - ETA: 0s - loss: 2.5083 - acc: 0.3940
3370/3900 [========================>.....] - ETA: 0s - loss: 2.5077 - acc: 0.3961
3430/3900 [=========================>....] - ETA: 0s - loss: 2.5073 - acc: 0.3965
3490/3900 [=========================>....] - ETA: 0s - loss: 2.5067 - acc: 0.3966
3550/3900 [==========================>...] - ETA: 0s - loss: 2.5060 - acc: 0.3980
3610/3900 [==========================>...] - ETA: 0s - loss: 2.5054 - acc: 0.4006
3670/3900 [===========================>..] - ETA: 0s - loss: 2.5050 - acc: 0.4014
3730/3900 [===========================>..] - ETA: 0s - loss: 2.5043 - acc: 0.4029
3790/3900 [============================>.] - ETA: 0s - loss: 2.5036 - acc: 0.4042
3850/3900 [============================>.] - ETA: 0s - loss: 2.5028 - acc: 0.4060
3900/3900 [==============================] - 4s 904us/step - loss: 2.5024 - acc: 0.4074 - val_loss: 2.4894 - val_acc: 0.3131
Current time ....3.525
Train on 600 samples, validate on 86 samples
Epoch 1/1

 10/600 [..............................] - ETA: 0s - loss: 0.6249 - acc: 0.9000
 70/600 [==>...........................] - ETA: 0s - loss: 0.5818 - acc: 0.9143
130/600 [=====>........................] - ETA: 0s - loss: 0.5936 - acc: 0.8769
190/600 [========>.....................] - ETA: 0s - loss: 0.5839 - acc: 0.9105
250/600 [===========>..................] - ETA: 0s - loss: 0.5786 - acc: 0.9120
310/600 [==============>...............] - ETA: 0s - loss: 0.5752 - acc: 0.8968
370/600 [=================>............] - ETA: 0s - loss: 0.5714 - acc: 0.9027
430/600 [====================>.........] - ETA: 0s - loss: 0.5663 - acc: 0.9093
490/600 [=======================>......] - ETA: 0s - loss: 0.5591 - acc: 0.9143
550/600 [==========================>...] - ETA: 0s - loss: 0.5535 - acc: 0.9218
600/600 [==============================] - 1s 915us/step - loss: 0.5455 - acc: 0.9267 - val_loss: 0.5223 - val_acc: 0.8953
Current time ....0.549
Train on 1200 samples, validate on 68 samples
Epoch 1/1

  10/1200 [..............................] - ETA: 1s - loss: 1.1993 - acc: 0.3000
  70/1200 [>.............................] - ETA: 1s - loss: 1.2092 - acc: 0.5143
 130/1200 [==>...........................] - ETA: 0s - loss: 1.1884 - acc: 0.5615
 190/1200 [===>..........................] - ETA: 0s - loss: 1.1776 - acc: 0.5737
 250/1200 [=====>........................] - ETA: 0s - loss: 1.1560 - acc: 0.5840
 310/1200 [======>.......................] - ETA: 0s - loss: 1.1524 - acc: 0.5903
 370/1200 [========>.....................] - ETA: 0s - loss: 1.1381 - acc: 0.5919
 430/1200 [=========>....................] - ETA: 0s - loss: 1.1315 - acc: 0.5953
 490/1200 [===========>..................] - ETA: 0s - loss: 1.1281 - acc: 0.5857
 550/1200 [============>.................] - ETA: 0s - loss: 1.1174 - acc: 0.5927
 610/1200 [==============>...............] - ETA: 0s - loss: 1.1108 - acc: 0.6082
 670/1200 [===============>..............] - ETA: 0s - loss: 1.1053 - acc: 0.6119
 730/1200 [=================>............] - ETA: 0s - loss: 1.1013 - acc: 0.6137
 790/1200 [==================>...........] - ETA: 0s - loss: 1.0994 - acc: 0.6190
 850/1200 [====================>.........] - ETA: 0s - loss: 1.0899 - acc: 0.6306
 910/1200 [=====================>........] - ETA: 0s - loss: 1.0858 - acc: 0.6198
 970/1200 [=======================>......] - ETA: 0s - loss: 1.0818 - acc: 0.6216
1030/1200 [========================>.....] - ETA: 0s - loss: 1.0737 - acc: 0.6223
1090/1200 [==========================>...] - ETA: 0s - loss: 1.0709 - acc: 0.6165
1150/1200 [===========================>..] - ETA: 0s - loss: 1.0662 - acc: 0.6191
1200/1200 [==============================] - 1s 909us/step - loss: 1.0564 - acc: 0.6217 - val_loss: 1.1995 - val_acc: 0.3382
Current time ....1.091
Train on 3900 samples, validate on 99 samples
Epoch 1/1

  10/3900 [..............................] - ETA: 3s - loss: 2.4775 - acc: 0.2000
  70/3900 [..............................] - ETA: 3s - loss: 2.4539 - acc: 0.5571
 130/3900 [>.............................] - ETA: 3s - loss: 2.4529 - acc: 0.5615
 190/3900 [>.............................] - ETA: 3s - loss: 2.4548 - acc: 0.5368
 250/3900 [>.............................] - ETA: 3s - loss: 2.4548 - acc: 0.5160
 310/3900 [=>............................] - ETA: 3s - loss: 2.4534 - acc: 0.5258
 370/3900 [=>............................] - ETA: 3s - loss: 2.4504 - acc: 0.5405
 430/3900 [==>...........................] - ETA: 3s - loss: 2.4494 - acc: 0.5442
 490/3900 [==>...........................] - ETA: 3s - loss: 2.4482 - acc: 0.5449
 550/3900 [===>..........................] - ETA: 3s - loss: 2.4469 - acc: 0.5436
 610/3900 [===>..........................] - ETA: 2s - loss: 2.4455 - acc: 0.5377
 670/3900 [====>.........................] - ETA: 2s - loss: 2.4437 - acc: 0.5299
 730/3900 [====>.........................] - ETA: 2s - loss: 2.4407 - acc: 0.5301
 790/3900 [=====>........................] - ETA: 2s - loss: 2.4411 - acc: 0.5165
 850/3900 [=====>........................] - ETA: 2s - loss: 2.4398 - acc: 0.5094
 910/3900 [======>.......................] - ETA: 2s - loss: 2.4382 - acc: 0.5044
 970/3900 [======>.......................] - ETA: 2s - loss: 2.4367 - acc: 0.5000
1030/3900 [======>.......................] - ETA: 2s - loss: 2.4348 - acc: 0.5049
1090/3900 [=======>......................] - ETA: 2s - loss: 2.4338 - acc: 0.5000
1150/3900 [=======>......................] - ETA: 2s - loss: 2.4320 - acc: 0.5052
1210/3900 [========>.....................] - ETA: 2s - loss: 2.4307 - acc: 0.5041
1270/3900 [========>.....................] - ETA: 2s - loss: 2.4294 - acc: 0.5031
1330/3900 [=========>....................] - ETA: 2s - loss: 2.4278 - acc: 0.5038
1390/3900 [=========>....................] - ETA: 2s - loss: 2.4262 - acc: 0.5036
1450/3900 [==========>...................] - ETA: 2s - loss: 2.4247 - acc: 0.5007
1510/3900 [==========>...................] - ETA: 2s - loss: 2.4233 - acc: 0.4947
1570/3900 [===========>..................] - ETA: 2s - loss: 2.4214 - acc: 0.4924
1630/3900 [===========>..................] - ETA: 2s - loss: 2.4198 - acc: 0.4914
1690/3900 [============>.................] - ETA: 1s - loss: 2.4186 - acc: 0.4905
1750/3900 [============>.................] - ETA: 1s - loss: 2.4168 - acc: 0.4903
1810/3900 [============>.................] - ETA: 1s - loss: 2.4152 - acc: 0.4856
1870/3900 [=============>................] - ETA: 1s - loss: 2.4141 - acc: 0.4813
1930/3900 [=============>................] - ETA: 1s - loss: 2.4120 - acc: 0.4798
1990/3900 [==============>...............] - ETA: 1s - loss: 2.4099 - acc: 0.4794
2050/3900 [==============>...............] - ETA: 1s - loss: 2.4079 - acc: 0.4780
2110/3900 [===============>..............] - ETA: 1s - loss: 2.4066 - acc: 0.4735
2170/3900 [===============>..............] - ETA: 1s - loss: 2.4046 - acc: 0.4719
2230/3900 [================>.............] - ETA: 1s - loss: 2.4028 - acc: 0.4682
2290/3900 [================>.............] - ETA: 1s - loss: 2.4006 - acc: 0.4646
2350/3900 [=================>............] - ETA: 1s - loss: 2.3990 - acc: 0.4655
2410/3900 [=================>............] - ETA: 1s - loss: 2.3970 - acc: 0.4610
2470/3900 [==================>...........] - ETA: 1s - loss: 2.3949 - acc: 0.4611
2530/3900 [==================>...........] - ETA: 1s - loss: 2.3929 - acc: 0.4601
2590/3900 [==================>...........] - ETA: 1s - loss: 2.3908 - acc: 0.4587
2650/3900 [===================>..........] - ETA: 1s - loss: 2.3894 - acc: 0.4577
2710/3900 [===================>..........] - ETA: 1s - loss: 2.3874 - acc: 0.4576
2770/3900 [====================>.........] - ETA: 1s - loss: 2.3852 - acc: 0.4588
2830/3900 [====================>.........] - ETA: 0s - loss: 2.3824 - acc: 0.4594
2890/3900 [=====================>........] - ETA: 0s - loss: 2.3795 - acc: 0.4599
2950/3900 [=====================>........] - ETA: 0s - loss: 2.3772 - acc: 0.4556
3010/3900 [======================>.......] - ETA: 0s - loss: 2.3750 - acc: 0.4538
3070/3900 [======================>.......] - ETA: 0s - loss: 2.3726 - acc: 0.4544
3130/3900 [=======================>......] - ETA: 0s - loss: 2.3702 - acc: 0.4543
3190/3900 [=======================>......] - ETA: 0s - loss: 2.3679 - acc: 0.4520
3250/3900 [========================>.....] - ETA: 0s - loss: 2.3658 - acc: 0.4492
3310/3900 [========================>.....] - ETA: 0s - loss: 2.3628 - acc: 0.4477
3370/3900 [========================>.....] - ETA: 0s - loss: 2.3602 - acc: 0.4454
3430/3900 [=========================>....] - ETA: 0s - loss: 2.3575 - acc: 0.4443
3490/3900 [=========================>....] - ETA: 0s - loss: 2.3550 - acc: 0.4418
3550/3900 [==========================>...] - ETA: 0s - loss: 2.3528 - acc: 0.4383
3610/3900 [==========================>...] - ETA: 0s - loss: 2.3499 - acc: 0.4404
3670/3900 [===========================>..] - ETA: 0s - loss: 2.3471 - acc: 0.4409
3730/3900 [===========================>..] - ETA: 0s - loss: 2.3442 - acc: 0.4434
3790/3900 [============================>.] - ETA: 0s - loss: 2.3412 - acc: 0.4454
3850/3900 [============================>.] - ETA: 0s - loss: 2.3382 - acc: 0.4470
3900/3900 [==============================] - 4s 906us/step - loss: 2.3361 - acc: 0.4469 - val_loss: 2.2122 - val_acc: 0.3838
Current time ....3.532
Train on 600 samples, validate on 86 samples
Epoch 1/1

 10/600 [..............................] - ETA: 0s - loss: 0.4403 - acc: 1.0000
 70/600 [==>...........................] - ETA: 0s - loss: 0.4608 - acc: 0.9714
130/600 [=====>........................] - ETA: 0s - loss: 0.4530 - acc: 0.9615
190/600 [========>.....................] - ETA: 0s - loss: 0.4449 - acc: 0.9737
250/600 [===========>..................] - ETA: 0s - loss: 0.4314 - acc: 0.9720
310/600 [==============>...............] - ETA: 0s - loss: 0.4307 - acc: 0.9645
370/600 [=================>............] - ETA: 0s - loss: 0.4259 - acc: 0.9649
430/600 [====================>.........] - ETA: 0s - loss: 0.4128 - acc: 0.9698
490/600 [=======================>......] - ETA: 0s - loss: 0.4075 - acc: 0.9714
550/600 [==========================>...] - ETA: 0s - loss: 0.4020 - acc: 0.9727
600/600 [==============================] - 1s 918us/step - loss: 0.3964 - acc: 0.9700 - val_loss: 0.4309 - val_acc: 0.9070
Current time ....0.551
Train on 1200 samples, validate on 68 samples
Epoch 1/1

  10/1200 [..............................] - ETA: 1s - loss: 0.8795 - acc: 0.7000
  70/1200 [>.............................] - ETA: 1s - loss: 0.8855 - acc: 0.6286
 130/1200 [==>...........................] - ETA: 0s - loss: 0.9139 - acc: 0.6385
 190/1200 [===>..........................] - ETA: 0s - loss: 0.8946 - acc: 0.6789
 250/1200 [=====>........................] - ETA: 0s - loss: 0.9018 - acc: 0.6800
 310/1200 [======>.......................] - ETA: 0s - loss: 0.8912 - acc: 0.6839
 370/1200 [========>.....................] - ETA: 0s - loss: 0.8864 - acc: 0.6811
 430/1200 [=========>....................] - ETA: 0s - loss: 0.8791 - acc: 0.6791
 490/1200 [===========>..................] - ETA: 0s - loss: 0.8789 - acc: 0.6796
 550/1200 [============>.................] - ETA: 0s - loss: 0.8754 - acc: 0.6782
 610/1200 [==============>...............] - ETA: 0s - loss: 0.8715 - acc: 0.6770
 670/1200 [===============>..............] - ETA: 0s - loss: 0.8705 - acc: 0.6791
 730/1200 [=================>............] - ETA: 0s - loss: 0.8656 - acc: 0.6849
 790/1200 [==================>...........] - ETA: 0s - loss: 0.8600 - acc: 0.6848
 850/1200 [====================>.........] - ETA: 0s - loss: 0.8488 - acc: 0.6894
 910/1200 [=====================>........] - ETA: 0s - loss: 0.8479 - acc: 0.6890
 970/1200 [=======================>......] - ETA: 0s - loss: 0.8447 - acc: 0.6897
1030/1200 [========================>.....] - ETA: 0s - loss: 0.8371 - acc: 0.6981
1090/1200 [==========================>...] - ETA: 0s - loss: 0.8323 - acc: 0.6972
1150/1200 [===========================>..] - ETA: 0s - loss: 0.8257 - acc: 0.7026
1200/1200 [==============================] - 1s 902us/step - loss: 0.8156 - acc: 0.7075 - val_loss: 1.1540 - val_acc: 0.4706
Current time ....1.082
Train on 3900 samples, validate on 99 samples
Epoch 1/1

  10/3900 [..............................] - ETA: 3s - loss: 2.1384 - acc: 0.4000
  70/3900 [..............................] - ETA: 3s - loss: 2.1916 - acc: 0.3143
 130/3900 [>.............................] - ETA: 3s - loss: 2.1660 - acc: 0.3692
 190/3900 [>.............................] - ETA: 3s - loss: 2.1584 - acc: 0.3789
 250/3900 [>.............................] - ETA: 3s - loss: 2.1529 - acc: 0.4120
 310/3900 [=>............................] - ETA: 3s - loss: 2.1532 - acc: 0.4161
 370/3900 [=>............................] - ETA: 3s - loss: 2.1555 - acc: 0.4054
 430/3900 [==>...........................] - ETA: 3s - loss: 2.1522 - acc: 0.4047
 490/3900 [==>...........................] - ETA: 3s - loss: 2.1439 - acc: 0.4143
 550/3900 [===>..........................] - ETA: 3s - loss: 2.1393 - acc: 0.4236
 610/3900 [===>..........................] - ETA: 2s - loss: 2.1335 - acc: 0.4262
 670/3900 [====>.........................] - ETA: 2s - loss: 2.1296 - acc: 0.4313
 730/3900 [====>.........................] - ETA: 2s - loss: 2.1220 - acc: 0.4384
 790/3900 [=====>........................] - ETA: 2s - loss: 2.1176 - acc: 0.4456
 850/3900 [=====>........................] - ETA: 2s - loss: 2.1121 - acc: 0.4506
 910/3900 [======>.......................] - ETA: 2s - loss: 2.1095 - acc: 0.4495
 970/3900 [======>.......................] - ETA: 2s - loss: 2.1054 - acc: 0.4515
1030/3900 [======>.......................] - ETA: 2s - loss: 2.1007 - acc: 0.4476
1090/3900 [=======>......................] - ETA: 2s - loss: 2.0933 - acc: 0.4541
1150/3900 [=======>......................] - ETA: 2s - loss: 2.0875 - acc: 0.4539
1210/3900 [========>.....................] - ETA: 2s - loss: 2.0816 - acc: 0.4554
1270/3900 [========>.....................] - ETA: 2s - loss: 2.0768 - acc: 0.4606
1330/3900 [=========>....................] - ETA: 2s - loss: 2.0746 - acc: 0.4624
1390/3900 [=========>....................] - ETA: 2s - loss: 2.0719 - acc: 0.4583
1450/3900 [==========>...................] - ETA: 2s - loss: 2.0674 - acc: 0.4600
1510/3900 [==========>...................] - ETA: 2s - loss: 2.0640 - acc: 0.4609
1570/3900 [===========>..................] - ETA: 2s - loss: 2.0584 - acc: 0.4592
1630/3900 [===========>..................] - ETA: 2s - loss: 2.0557 - acc: 0.4583
1690/3900 [============>.................] - ETA: 1s - loss: 2.0521 - acc: 0.4627
1750/3900 [============>.................] - ETA: 1s - loss: 2.0494 - acc: 0.4589
1810/3900 [============>.................] - ETA: 1s - loss: 2.0458 - acc: 0.4591
1870/3900 [=============>................] - ETA: 1s - loss: 2.0419 - acc: 0.4594
1930/3900 [=============>................] - ETA: 1s - loss: 2.0385 - acc: 0.4585
1990/3900 [==============>...............] - ETA: 1s - loss: 2.0348 - acc: 0.4598
2050/3900 [==============>...............] - ETA: 1s - loss: 2.0323 - acc: 0.4595
2110/3900 [===============>..............] - ETA: 1s - loss: 2.0298 - acc: 0.4564
2170/3900 [===============>..............] - ETA: 1s - loss: 2.0270 - acc: 0.4539
2230/3900 [================>.............] - ETA: 1s - loss: 2.0232 - acc: 0.4543
2290/3900 [================>.............] - ETA: 1s - loss: 2.0210 - acc: 0.4520
2350/3900 [=================>............] - ETA: 1s - loss: 2.0176 - acc: 0.4511
2410/3900 [=================>............] - ETA: 1s - loss: 2.0162 - acc: 0.4485
2470/3900 [==================>...........] - ETA: 1s - loss: 2.0128 - acc: 0.4457
2530/3900 [==================>...........] - ETA: 1s - loss: 2.0106 - acc: 0.4451
2590/3900 [==================>...........] - ETA: 1s - loss: 2.0095 - acc: 0.4440
2650/3900 [===================>..........] - ETA: 1s - loss: 2.0074 - acc: 0.4453
2710/3900 [===================>..........] - ETA: 1s - loss: 2.0042 - acc: 0.4469
2770/3900 [====================>.........] - ETA: 1s - loss: 2.0017 - acc: 0.4462
2830/3900 [====================>.........] - ETA: 0s - loss: 1.9982 - acc: 0.4459
2890/3900 [=====================>........] - ETA: 0s - loss: 1.9952 - acc: 0.4443
2950/3900 [=====================>........] - ETA: 0s - loss: 1.9920 - acc: 0.4437
3010/3900 [======================>.......] - ETA: 0s - loss: 1.9904 - acc: 0.4409
3070/3900 [======================>.......] - ETA: 0s - loss: 1.9880 - acc: 0.4404
3130/3900 [=======================>......] - ETA: 0s - loss: 1.9870 - acc: 0.4383
3190/3900 [=======================>......] - ETA: 0s - loss: 1.9849 - acc: 0.4389
3250/3900 [========================>.....] - ETA: 0s - loss: 1.9834 - acc: 0.4385
3310/3900 [========================>.....] - ETA: 0s - loss: 1.9809 - acc: 0.4387
3370/3900 [========================>.....] - ETA: 0s - loss: 1.9786 - acc: 0.4386
3430/3900 [=========================>....] - ETA: 0s - loss: 1.9755 - acc: 0.4388
3490/3900 [=========================>....] - ETA: 0s - loss: 1.9736 - acc: 0.4387
3550/3900 [==========================>...] - ETA: 0s - loss: 1.9732 - acc: 0.4386
3610/3900 [==========================>...] - ETA: 0s - loss: 1.9712 - acc: 0.4402
3670/3900 [===========================>..] - ETA: 0s - loss: 1.9688 - acc: 0.4411
3730/3900 [===========================>..] - ETA: 0s - loss: 1.9670 - acc: 0.4418
3790/3900 [============================>.] - ETA: 0s - loss: 1.9654 - acc: 0.4412
3850/3900 [============================>.] - ETA: 0s - loss: 1.9635 - acc: 0.4408
3900/3900 [==============================] - 4s 906us/step - loss: 1.9609 - acc: 0.4413 - val_loss: 1.9468 - val_acc: 0.2929
Current time ....3.535
Train on 600 samples, validate on 86 samples
Epoch 1/1

 10/600 [..............................] - ETA: 0s - loss: 0.3318 - acc: 1.0000
 70/600 [==>...........................] - ETA: 0s - loss: 0.3280 - acc: 0.9857
130/600 [=====>........................] - ETA: 0s - loss: 0.3207 - acc: 0.9846
190/600 [========>.....................] - ETA: 0s - loss: 0.3090 - acc: 0.9737
250/600 [===========>..................] - ETA: 0s - loss: 0.2938 - acc: 0.9800
310/600 [==============>...............] - ETA: 0s - loss: 0.2890 - acc: 0.9839
370/600 [=================>............] - ETA: 0s - loss: 0.2811 - acc: 0.9838
430/600 [====================>.........] - ETA: 0s - loss: 0.2737 - acc: 0.9837
490/600 [=======================>......] - ETA: 0s - loss: 0.2657 - acc: 0.9837
550/600 [==========================>...] - ETA: 0s - loss: 0.2589 - acc: 0.9836
600/600 [==============================] - 1s 937us/step - loss: 0.2562 - acc: 0.9833 - val_loss: 0.4077 - val_acc: 0.9070
Current time ....0.563
Train on 1200 samples, validate on 68 samples
Epoch 1/1

  10/1200 [..............................] - ETA: 1s - loss: 0.7768 - acc: 0.6000
  70/1200 [>.............................] - ETA: 1s - loss: 0.6395 - acc: 0.7571
 130/1200 [==>...........................] - ETA: 0s - loss: 0.6682 - acc: 0.7846
 190/1200 [===>..........................] - ETA: 0s - loss: 0.6271 - acc: 0.8105
 250/1200 [=====>........................] - ETA: 0s - loss: 0.6483 - acc: 0.7880
 310/1200 [======>.......................] - ETA: 0s - loss: 0.6457 - acc: 0.7871
 370/1200 [========>.....................] - ETA: 0s - loss: 0.6468 - acc: 0.7784
 430/1200 [=========>....................] - ETA: 0s - loss: 0.6515 - acc: 0.7698
 490/1200 [===========>..................] - ETA: 0s - loss: 0.6556 - acc: 0.7694
 550/1200 [============>.................] - ETA: 0s - loss: 0.6568 - acc: 0.7709
 610/1200 [==============>...............] - ETA: 0s - loss: 0.6432 - acc: 0.7803
 670/1200 [===============>..............] - ETA: 0s - loss: 0.6432 - acc: 0.7776
 730/1200 [=================>............] - ETA: 0s - loss: 0.6399 - acc: 0.7822
 790/1200 [==================>...........] - ETA: 0s - loss: 0.6343 - acc: 0.7861
 850/1200 [====================>.........] - ETA: 0s - loss: 0.6289 - acc: 0.7847
 910/1200 [=====================>........] - ETA: 0s - loss: 0.6280 - acc: 0.7868
 970/1200 [=======================>......] - ETA: 0s - loss: 0.6246 - acc: 0.7938
1030/1200 [========================>.....] - ETA: 0s - loss: 0.6210 - acc: 0.7922
1090/1200 [==========================>...] - ETA: 0s - loss: 0.6210 - acc: 0.7917
1150/1200 [===========================>..] - ETA: 0s - loss: 0.6190 - acc: 0.7930
1200/1200 [==============================] - 1s 916us/step - loss: 0.6125 - acc: 0.7975 - val_loss: 0.9818 - val_acc: 0.5441
Current time ....1.099
Train on 3900 samples, validate on 99 samples
Epoch 1/1

  10/3900 [..............................] - ETA: 3s - loss: 1.7910 - acc: 0.6000
  70/3900 [..............................] - ETA: 3s - loss: 1.8256 - acc: 0.4286
 130/3900 [>.............................] - ETA: 3s - loss: 1.8349 - acc: 0.3923
 190/3900 [>.............................] - ETA: 3s - loss: 1.8207 - acc: 0.4211
 250/3900 [>.............................] - ETA: 3s - loss: 1.8112 - acc: 0.4360
 310/3900 [=>............................] - ETA: 3s - loss: 1.8158 - acc: 0.4194
 370/3900 [=>............................] - ETA: 3s - loss: 1.8083 - acc: 0.4216
 430/3900 [==>...........................] - ETA: 3s - loss: 1.8037 - acc: 0.4116
 490/3900 [==>...........................] - ETA: 3s - loss: 1.8019 - acc: 0.4163
 540/3900 [===>..........................] - ETA: 3s - loss: 1.7977 - acc: 0.4148
 600/3900 [===>..........................] - ETA: 3s - loss: 1.7948 - acc: 0.4167
 660/3900 [====>.........................] - ETA: 2s - loss: 1.7886 - acc: 0.4242
 720/3900 [====>.........................] - ETA: 2s - loss: 1.7891 - acc: 0.4194
 780/3900 [=====>........................] - ETA: 2s - loss: 1.7894 - acc: 0.4269
 840/3900 [=====>........................] - ETA: 2s - loss: 1.7864 - acc: 0.4274
 900/3900 [=====>........................] - ETA: 2s - loss: 1.7851 - acc: 0.4311
 960/3900 [======>.......................] - ETA: 2s - loss: 1.7856 - acc: 0.4313
1020/3900 [======>.......................] - ETA: 2s - loss: 1.7808 - acc: 0.4353
1080/3900 [=======>......................] - ETA: 2s - loss: 1.7802 - acc: 0.4306
1140/3900 [=======>......................] - ETA: 2s - loss: 1.7780 - acc: 0.4316
1200/3900 [========>.....................] - ETA: 2s - loss: 1.7759 - acc: 0.4350
1260/3900 [========>.....................] - ETA: 2s - loss: 1.7775 - acc: 0.4317
1320/3900 [=========>....................] - ETA: 2s - loss: 1.7759 - acc: 0.4295
1380/3900 [=========>....................] - ETA: 2s - loss: 1.7729 - acc: 0.4283
1440/3900 [==========>...................] - ETA: 2s - loss: 1.7736 - acc: 0.4264
1500/3900 [==========>...................] - ETA: 2s - loss: 1.7748 - acc: 0.4247
1560/3900 [===========>..................] - ETA: 2s - loss: 1.7729 - acc: 0.4269
1620/3900 [===========>..................] - ETA: 2s - loss: 1.7718 - acc: 0.4265
1680/3900 [===========>..................] - ETA: 2s - loss: 1.7694 - acc: 0.4310
1740/3900 [============>.................] - ETA: 1s - loss: 1.7683 - acc: 0.4333
1800/3900 [============>.................] - ETA: 1s - loss: 1.7672 - acc: 0.4339
1860/3900 [=============>................] - ETA: 1s - loss: 1.7672 - acc: 0.4344
1920/3900 [=============>................] - ETA: 1s - loss: 1.7696 - acc: 0.4307
1980/3900 [==============>...............] - ETA: 1s - loss: 1.7672 - acc: 0.4328
2040/3900 [==============>...............] - ETA: 1s - loss: 1.7662 - acc: 0.4343
2100/3900 [===============>..............] - ETA: 1s - loss: 1.7631 - acc: 0.4371
2160/3900 [===============>..............] - ETA: 1s - loss: 1.7619 - acc: 0.4370
2220/3900 [================>.............] - ETA: 1s - loss: 1.7580 - acc: 0.4387
2280/3900 [================>.............] - ETA: 1s - loss: 1.7587 - acc: 0.4364
2340/3900 [=================>............] - ETA: 1s - loss: 1.7570 - acc: 0.4410
2400/3900 [=================>............] - ETA: 1s - loss: 1.7558 - acc: 0.4413
2460/3900 [=================>............] - ETA: 1s - loss: 1.7541 - acc: 0.4423
2520/3900 [==================>...........] - ETA: 1s - loss: 1.7523 - acc: 0.4448
2580/3900 [==================>...........] - ETA: 1s - loss: 1.7518 - acc: 0.4465
2640/3900 [===================>..........] - ETA: 1s - loss: 1.7507 - acc: 0.4496
2700/3900 [===================>..........] - ETA: 1s - loss: 1.7505 - acc: 0.4504
2760/3900 [====================>.........] - ETA: 1s - loss: 1.7504 - acc: 0.4507
2820/3900 [====================>.........] - ETA: 0s - loss: 1.7496 - acc: 0.4493
2880/3900 [=====================>........] - ETA: 0s - loss: 1.7480 - acc: 0.4538
2940/3900 [=====================>........] - ETA: 0s - loss: 1.7463 - acc: 0.4548
3000/3900 [======================>.......] - ETA: 0s - loss: 1.7429 - acc: 0.4547
3060/3900 [======================>.......] - ETA: 0s - loss: 1.7423 - acc: 0.4552
3120/3900 [=======================>......] - ETA: 0s - loss: 1.7409 - acc: 0.4554
3180/3900 [=======================>......] - ETA: 0s - loss: 1.7387 - acc: 0.4572
3240/3900 [=======================>......] - ETA: 0s - loss: 1.7389 - acc: 0.4571
3300/3900 [========================>.....] - ETA: 0s - loss: 1.7380 - acc: 0.4576
3360/3900 [========================>.....] - ETA: 0s - loss: 1.7369 - acc: 0.4565
3420/3900 [=========================>....] - ETA: 0s - loss: 1.7367 - acc: 0.4547
3480/3900 [=========================>....] - ETA: 0s - loss: 1.7368 - acc: 0.4534
3540/3900 [==========================>...] - ETA: 0s - loss: 1.7358 - acc: 0.4540
3600/3900 [==========================>...] - ETA: 0s - loss: 1.7343 - acc: 0.4539
3660/3900 [===========================>..] - ETA: 0s - loss: 1.7319 - acc: 0.4541
3720/3900 [===========================>..] - ETA: 0s - loss: 1.7309 - acc: 0.4554
3780/3900 [============================>.] - ETA: 0s - loss: 1.7292 - acc: 0.4558
3840/3900 [============================>.] - ETA: 0s - loss: 1.7265 - acc: 0.4573
3900/3900 [==============================] - 4s 913us/step - loss: 1.7240 - acc: 0.4577 - val_loss: 1.7550 - val_acc: 0.4545
Current time ....3.560
Train on 600 samples, validate on 86 samples
Epoch 1/1

 10/600 [..............................] - ETA: 0s - loss: 0.2107 - acc: 1.0000
 70/600 [==>...........................] - ETA: 0s - loss: 0.1595 - acc: 1.0000
130/600 [=====>........................] - ETA: 0s - loss: 0.1616 - acc: 0.9923
190/600 [========>.....................] - ETA: 0s - loss: 0.1643 - acc: 0.9947
250/600 [===========>..................] - ETA: 0s - loss: 0.1719 - acc: 0.9840
310/600 [==============>...............] - ETA: 0s - loss: 0.1739 - acc: 0.9839
370/600 [=================>............] - ETA: 0s - loss: 0.1640 - acc: 0.9865
430/600 [====================>.........] - ETA: 0s - loss: 0.1686 - acc: 0.9837
490/600 [=======================>......] - ETA: 0s - loss: 0.1651 - acc: 0.9857
550/600 [==========================>...] - ETA: 0s - loss: 0.1637 - acc: 0.9873
600/600 [==============================] - 1s 930us/step - loss: 0.1633 - acc: 0.9867 - val_loss: 0.3610 - val_acc: 0.9186
Current time ....0.558
Train on 1200 samples, validate on 68 samples
Epoch 1/1

  10/1200 [..............................] - ETA: 1s - loss: 0.6617 - acc: 0.8000
  70/1200 [>.............................] - ETA: 1s - loss: 0.5604 - acc: 0.8429
 130/1200 [==>...........................] - ETA: 0s - loss: 0.5309 - acc: 0.8769
 190/1200 [===>..........................] - ETA: 0s - loss: 0.4829 - acc: 0.8789
 250/1200 [=====>........................] - ETA: 0s - loss: 0.4839 - acc: 0.8720
 310/1200 [======>.......................] - ETA: 0s - loss: 0.4879 - acc: 0.8710
 370/1200 [========>.....................] - ETA: 0s - loss: 0.5007 - acc: 0.8541
 430/1200 [=========>....................] - ETA: 0s - loss: 0.4935 - acc: 0.8674
 490/1200 [===========>..................] - ETA: 0s - loss: 0.4867 - acc: 0.8694
 550/1200 [============>.................] - ETA: 0s - loss: 0.4851 - acc: 0.8727
 610/1200 [==============>...............] - ETA: 0s - loss: 0.4839 - acc: 0.8738
 670/1200 [===============>..............] - ETA: 0s - loss: 0.4801 - acc: 0.8746
 730/1200 [=================>............] - ETA: 0s - loss: 0.4679 - acc: 0.8808
 790/1200 [==================>...........] - ETA: 0s - loss: 0.4629 - acc: 0.8823
 850/1200 [====================>.........] - ETA: 0s - loss: 0.4614 - acc: 0.8812
 910/1200 [=====================>........] - ETA: 0s - loss: 0.4627 - acc: 0.8769
 970/1200 [=======================>......] - ETA: 0s - loss: 0.4583 - acc: 0.8763
1030/1200 [========================>.....] - ETA: 0s - loss: 0.4536 - acc: 0.8796
1090/1200 [==========================>...] - ETA: 0s - loss: 0.4504 - acc: 0.8789
1150/1200 [===========================>..] - ETA: 0s - loss: 0.4474 - acc: 0.8809
1200/1200 [==============================] - 1s 913us/step - loss: 0.4419 - acc: 0.8817 - val_loss: 1.0499 - val_acc: 0.5588
Current time ....1.095
Train on 3900 samples, validate on 99 samples
Epoch 1/1

  10/3900 [..............................] - ETA: 3s - loss: 1.4729 - acc: 0.6000
  70/3900 [..............................] - ETA: 3s - loss: 1.5328 - acc: 0.4286
 130/3900 [>.............................] - ETA: 3s - loss: 1.6230 - acc: 0.4077
 190/3900 [>.............................] - ETA: 3s - loss: 1.6349 - acc: 0.4421
 250/3900 [>.............................] - ETA: 3s - loss: 1.6354 - acc: 0.4760
 310/3900 [=>............................] - ETA: 3s - loss: 1.6471 - acc: 0.4645
 370/3900 [=>............................] - ETA: 3s - loss: 1.6419 - acc: 0.4676
 430/3900 [==>...........................] - ETA: 3s - loss: 1.6365 - acc: 0.4628
 490/3900 [==>...........................] - ETA: 3s - loss: 1.6356 - acc: 0.4633
 550/3900 [===>..........................] - ETA: 3s - loss: 1.6340 - acc: 0.4655
 610/3900 [===>..........................] - ETA: 2s - loss: 1.6216 - acc: 0.4803
 670/3900 [====>.........................] - ETA: 2s - loss: 1.6083 - acc: 0.4985
 730/3900 [====>.........................] - ETA: 2s - loss: 1.6082 - acc: 0.4986
 790/3900 [=====>........................] - ETA: 2s - loss: 1.6052 - acc: 0.5063
 850/3900 [=====>........................] - ETA: 2s - loss: 1.6013 - acc: 0.5106
 910/3900 [======>.......................] - ETA: 2s - loss: 1.6041 - acc: 0.5110
 970/3900 [======>.......................] - ETA: 2s - loss: 1.6009 - acc: 0.5113
1030/3900 [======>.......................] - ETA: 2s - loss: 1.5938 - acc: 0.5165
1090/3900 [=======>......................] - ETA: 2s - loss: 1.5914 - acc: 0.5165
1150/3900 [=======>......................] - ETA: 2s - loss: 1.5933 - acc: 0.5148
1210/3900 [========>.....................] - ETA: 2s - loss: 1.5961 - acc: 0.5066
1270/3900 [========>.....................] - ETA: 2s - loss: 1.5947 - acc: 0.5024
1330/3900 [=========>....................] - ETA: 2s - loss: 1.5886 - acc: 0.5008
1390/3900 [=========>....................] - ETA: 2s - loss: 1.5880 - acc: 0.4993
1450/3900 [==========>...................] - ETA: 2s - loss: 1.5844 - acc: 0.4986
1510/3900 [==========>...................] - ETA: 2s - loss: 1.5806 - acc: 0.5007
1570/3900 [===========>..................] - ETA: 2s - loss: 1.5773 - acc: 0.5000
1630/3900 [===========>..................] - ETA: 2s - loss: 1.5723 - acc: 0.5043
1690/3900 [============>.................] - ETA: 1s - loss: 1.5686 - acc: 0.5095
1750/3900 [============>.................] - ETA: 1s - loss: 1.5719 - acc: 0.5040
1810/3900 [============>.................] - ETA: 1s - loss: 1.5703 - acc: 0.5072
1870/3900 [=============>................] - ETA: 1s - loss: 1.5678 - acc: 0.5086
1930/3900 [=============>................] - ETA: 1s - loss: 1.5668 - acc: 0.5052
1990/3900 [==============>...............] - ETA: 1s - loss: 1.5658 - acc: 0.5055
2050/3900 [==============>...............] - ETA: 1s - loss: 1.5646 - acc: 0.5073
2110/3900 [===============>..............] - ETA: 1s - loss: 1.5638 - acc: 0.5066
2170/3900 [===============>..............] - ETA: 1s - loss: 1.5622 - acc: 0.5083
2230/3900 [================>.............] - ETA: 1s - loss: 1.5588 - acc: 0.5121
2290/3900 [================>.............] - ETA: 1s - loss: 1.5571 - acc: 0.5140
2350/3900 [=================>............] - ETA: 1s - loss: 1.5546 - acc: 0.5123
2410/3900 [=================>............] - ETA: 1s - loss: 1.5530 - acc: 0.5124
2470/3900 [==================>...........] - ETA: 1s - loss: 1.5502 - acc: 0.5146
2530/3900 [==================>...........] - ETA: 1s - loss: 1.5473 - acc: 0.5166
2590/3900 [==================>...........] - ETA: 1s - loss: 1.5477 - acc: 0.5174
2650/3900 [===================>..........] - ETA: 1s - loss: 1.5454 - acc: 0.5208
2710/3900 [===================>..........] - ETA: 1s - loss: 1.5453 - acc: 0.5207
2770/3900 [====================>.........] - ETA: 1s - loss: 1.5439 - acc: 0.5224
2830/3900 [====================>.........] - ETA: 0s - loss: 1.5443 - acc: 0.5230
2890/3900 [=====================>........] - ETA: 0s - loss: 1.5432 - acc: 0.5225
2950/3900 [=====================>........] - ETA: 0s - loss: 1.5423 - acc: 0.5237
3010/3900 [======================>.......] - ETA: 0s - loss: 1.5420 - acc: 0.5229
3070/3900 [======================>.......] - ETA: 0s - loss: 1.5397 - acc: 0.5244
3130/3900 [=======================>......] - ETA: 0s - loss: 1.5371 - acc: 0.5272
3190/3900 [=======================>......] - ETA: 0s - loss: 1.5352 - acc: 0.5273
3250/3900 [========================>.....] - ETA: 0s - loss: 1.5352 - acc: 0.5274
3310/3900 [========================>.....] - ETA: 0s - loss: 1.5328 - acc: 0.5287
3370/3900 [========================>.....] - ETA: 0s - loss: 1.5306 - acc: 0.5303
3430/3900 [=========================>....] - ETA: 0s - loss: 1.5284 - acc: 0.5306
3490/3900 [=========================>....] - ETA: 0s - loss: 1.5276 - acc: 0.5307
3550/3900 [==========================>...] - ETA: 0s - loss: 1.5300 - acc: 0.5290
3610/3900 [==========================>...] - ETA: 0s - loss: 1.5292 - acc: 0.5296
3670/3900 [===========================>..] - ETA: 0s - loss: 1.5285 - acc: 0.5308
3730/3900 [===========================>..] - ETA: 0s - loss: 1.5258 - acc: 0.5319
3790/3900 [============================>.] - ETA: 0s - loss: 1.5218 - acc: 0.5330
3850/3900 [============================>.] - ETA: 0s - loss: 1.5207 - acc: 0.5343
3900/3900 [==============================] - 4s 909us/step - loss: 1.5186 - acc: 0.5364 - val_loss: 1.7254 - val_acc: 0.4040
Current time ....3.546
Train on 600 samples, validate on 86 samples
Epoch 1/1

 10/600 [..............................] - ETA: 0s - loss: 0.1931 - acc: 1.0000
 70/600 [==>...........................] - ETA: 0s - loss: 0.1264 - acc: 0.9857
130/600 [=====>........................] - ETA: 0s - loss: 0.1137 - acc: 0.9846
190/600 [========>.....................] - ETA: 0s - loss: 0.1174 - acc: 0.9895
250/600 [===========>..................] - ETA: 0s - loss: 0.1164 - acc: 0.9880
310/600 [==============>...............] - ETA: 0s - loss: 0.1119 - acc: 0.9903
370/600 [=================>............] - ETA: 0s - loss: 0.1079 - acc: 0.9919
430/600 [====================>.........] - ETA: 0s - loss: 0.1082 - acc: 0.9907
490/600 [=======================>......] - ETA: 0s - loss: 0.1101 - acc: 0.9898
550/600 [==========================>...] - ETA: 0s - loss: 0.1085 - acc: 0.9909
600/600 [==============================] - 1s 923us/step - loss: 0.1091 - acc: 0.9917 - val_loss: 0.3979 - val_acc: 0.9070
Current time ....0.554
Train on 1200 samples, validate on 68 samples
Epoch 1/1

  10/1200 [..............................] - ETA: 1s - loss: 0.3862 - acc: 0.9000
  70/1200 [>.............................] - ETA: 1s - loss: 0.4109 - acc: 0.8571
 130/1200 [==>...........................] - ETA: 0s - loss: 0.3621 - acc: 0.9000
 190/1200 [===>..........................] - ETA: 0s - loss: 0.3570 - acc: 0.9105
 250/1200 [=====>........................] - ETA: 0s - loss: 0.3581 - acc: 0.9080
 310/1200 [======>.......................] - ETA: 0s - loss: 0.3529 - acc: 0.9129
 370/1200 [========>.....................] - ETA: 0s - loss: 0.3445 - acc: 0.9243
 430/1200 [=========>....................] - ETA: 0s - loss: 0.3467 - acc: 0.9209
 490/1200 [===========>..................] - ETA: 0s - loss: 0.3424 - acc: 0.9224
 550/1200 [============>.................] - ETA: 0s - loss: 0.3381 - acc: 0.9236
 610/1200 [==============>...............] - ETA: 0s - loss: 0.3343 - acc: 0.9262
 670/1200 [===============>..............] - ETA: 0s - loss: 0.3419 - acc: 0.9224
 730/1200 [=================>............] - ETA: 0s - loss: 0.3401 - acc: 0.9205
 790/1200 [==================>...........] - ETA: 0s - loss: 0.3372 - acc: 0.9190
 850/1200 [====================>.........] - ETA: 0s - loss: 0.3345 - acc: 0.9188
 910/1200 [=====================>........] - ETA: 0s - loss: 0.3360 - acc: 0.9165
 970/1200 [=======================>......] - ETA: 0s - loss: 0.3285 - acc: 0.9165
1030/1200 [========================>.....] - ETA: 0s - loss: 0.3291 - acc: 0.9165
1090/1200 [==========================>...] - ETA: 0s - loss: 0.3264 - acc: 0.9193
1150/1200 [===========================>..] - ETA: 0s - loss: 0.3222 - acc: 0.9209
1200/1200 [==============================] - 1s 904us/step - loss: 0.3184 - acc: 0.9233 - val_loss: 1.0092 - val_acc: 0.6176
Current time ....1.085
Train on 3900 samples, validate on 99 samples
Epoch 1/1

  10/3900 [..............................] - ETA: 3s - loss: 1.5071 - acc: 0.4000
  70/3900 [..............................] - ETA: 3s - loss: 1.3188 - acc: 0.6286
 130/3900 [>.............................] - ETA: 3s - loss: 1.3573 - acc: 0.6154
 190/3900 [>.............................] - ETA: 3s - loss: 1.3732 - acc: 0.5947
 250/3900 [>.............................] - ETA: 3s - loss: 1.3612 - acc: 0.6080
 310/3900 [=>............................] - ETA: 3s - loss: 1.3305 - acc: 0.6387
 370/3900 [=>............................] - ETA: 3s - loss: 1.3275 - acc: 0.6351
 430/3900 [==>...........................] - ETA: 3s - loss: 1.3373 - acc: 0.6233
 490/3900 [==>...........................] - ETA: 3s - loss: 1.3515 - acc: 0.6184
 550/3900 [===>..........................] - ETA: 3s - loss: 1.3567 - acc: 0.6127
 610/3900 [===>..........................] - ETA: 2s - loss: 1.3576 - acc: 0.6131
 670/3900 [====>.........................] - ETA: 2s - loss: 1.3507 - acc: 0.6119
 730/3900 [====>.........................] - ETA: 2s - loss: 1.3607 - acc: 0.6041
 790/3900 [=====>........................] - ETA: 2s - loss: 1.3594 - acc: 0.6013
 850/3900 [=====>........................] - ETA: 2s - loss: 1.3679 - acc: 0.5988
 910/3900 [======>.......................] - ETA: 2s - loss: 1.3597 - acc: 0.6000
 970/3900 [======>.......................] - ETA: 2s - loss: 1.3624 - acc: 0.5979
1030/3900 [======>.......................] - ETA: 2s - loss: 1.3587 - acc: 0.5942
1090/3900 [=======>......................] - ETA: 2s - loss: 1.3548 - acc: 0.5927
1150/3900 [=======>......................] - ETA: 2s - loss: 1.3599 - acc: 0.5922
1210/3900 [========>.....................] - ETA: 2s - loss: 1.3691 - acc: 0.5851
1270/3900 [========>.....................] - ETA: 2s - loss: 1.3714 - acc: 0.5843
1330/3900 [=========>....................] - ETA: 2s - loss: 1.3681 - acc: 0.5805
1390/3900 [=========>....................] - ETA: 2s - loss: 1.3702 - acc: 0.5777
1450/3900 [==========>...................] - ETA: 2s - loss: 1.3703 - acc: 0.5807
1510/3900 [==========>...................] - ETA: 2s - loss: 1.3727 - acc: 0.5755
1570/3900 [===========>..................] - ETA: 2s - loss: 1.3712 - acc: 0.5764
1630/3900 [===========>..................] - ETA: 2s - loss: 1.3687 - acc: 0.5785
1690/3900 [============>.................] - ETA: 1s - loss: 1.3689 - acc: 0.5805
1750/3900 [============>.................] - ETA: 1s - loss: 1.3673 - acc: 0.5794
1810/3900 [============>.................] - ETA: 1s - loss: 1.3660 - acc: 0.5785
1870/3900 [=============>................] - ETA: 1s - loss: 1.3645 - acc: 0.5813
1930/3900 [=============>................] - ETA: 1s - loss: 1.3611 - acc: 0.5829
1990/3900 [==============>...............] - ETA: 1s - loss: 1.3552 - acc: 0.5869
2050/3900 [==============>...............] - ETA: 1s - loss: 1.3510 - acc: 0.5893
2110/3900 [===============>..............] - ETA: 1s - loss: 1.3470 - acc: 0.5915
2170/3900 [===============>..............] - ETA: 1s - loss: 1.3427 - acc: 0.5945
2230/3900 [================>.............] - ETA: 1s - loss: 1.3404 - acc: 0.5933
2290/3900 [================>.............] - ETA: 1s - loss: 1.3365 - acc: 0.5956
2350/3900 [=================>............] - ETA: 1s - loss: 1.3355 - acc: 0.5953
2410/3900 [=================>............] - ETA: 1s - loss: 1.3355 - acc: 0.5929
2470/3900 [==================>...........] - ETA: 1s - loss: 1.3337 - acc: 0.5943
2530/3900 [==================>...........] - ETA: 1s - loss: 1.3310 - acc: 0.5957
2590/3900 [==================>...........] - ETA: 1s - loss: 1.3314 - acc: 0.5954
2650/3900 [===================>..........] - ETA: 1s - loss: 1.3321 - acc: 0.5955
2710/3900 [===================>..........] - ETA: 1s - loss: 1.3263 - acc: 0.5985
2770/3900 [====================>.........] - ETA: 1s - loss: 1.3256 - acc: 0.5982
2830/3900 [====================>.........] - ETA: 0s - loss: 1.3212 - acc: 0.6000
2890/3900 [=====================>........] - ETA: 0s - loss: 1.3199 - acc: 0.6007
2950/3900 [=====================>........] - ETA: 0s - loss: 1.3182 - acc: 0.6007
3010/3900 [======================>.......] - ETA: 0s - loss: 1.3167 - acc: 0.6017
3070/3900 [======================>.......] - ETA: 0s - loss: 1.3151 - acc: 0.6016
3130/3900 [=======================>......] - ETA: 0s - loss: 1.3134 - acc: 0.6003
3190/3900 [=======================>......] - ETA: 0s - loss: 1.3118 - acc: 0.6016
3250/3900 [========================>.....] - ETA: 0s - loss: 1.3116 - acc: 0.6022
3310/3900 [========================>.....] - ETA: 0s - loss: 1.3068 - acc: 0.6048
3370/3900 [========================>.....] - ETA: 0s - loss: 1.3036 - acc: 0.6068
3430/3900 [=========================>....] - ETA: 0s - loss: 1.3006 - acc: 0.6085
3490/3900 [=========================>....] - ETA: 0s - loss: 1.2990 - acc: 0.6097
3550/3900 [==========================>...] - ETA: 0s - loss: 1.2962 - acc: 0.6104
3610/3900 [==========================>...] - ETA: 0s - loss: 1.2947 - acc: 0.6094
3670/3900 [===========================>..] - ETA: 0s - loss: 1.2916 - acc: 0.6109
3730/3900 [===========================>..] - ETA: 0s - loss: 1.2897 - acc: 0.6110
3790/3900 [============================>.] - ETA: 0s - loss: 1.2881 - acc: 0.6113
3850/3900 [============================>.] - ETA: 0s - loss: 1.2874 - acc: 0.6119
3900/3900 [==============================] - 4s 907us/step - loss: 1.2876 - acc: 0.6113 - val_loss: 1.6476 - val_acc: 0.4747
Current time ....3.537
Train on 600 samples, validate on 86 samples
Epoch 1/1

 10/600 [..............................] - ETA: 0s - loss: 0.0522 - acc: 1.0000
 70/600 [==>...........................] - ETA: 0s - loss: 0.0603 - acc: 1.0000
130/600 [=====>........................] - ETA: 0s - loss: 0.0739 - acc: 1.0000
190/600 [========>.....................] - ETA: 0s - loss: 0.0785 - acc: 1.0000
250/600 [===========>..................] - ETA: 0s - loss: 0.0813 - acc: 1.0000
310/600 [==============>...............] - ETA: 0s - loss: 0.0811 - acc: 1.0000
370/600 [=================>............] - ETA: 0s - loss: 0.0843 - acc: 1.0000
430/600 [====================>.........] - ETA: 0s - loss: 0.0797 - acc: 1.0000
490/600 [=======================>......] - ETA: 0s - loss: 0.0778 - acc: 1.0000
550/600 [==========================>...] - ETA: 0s - loss: 0.0782 - acc: 0.9982
600/600 [==============================] - 1s 924us/step - loss: 0.0770 - acc: 0.9967 - val_loss: 0.4154 - val_acc: 0.9186
Current time ....0.555
Train on 1200 samples, validate on 68 samples
Epoch 1/1

  10/1200 [..............................] - ETA: 1s - loss: 0.1852 - acc: 1.0000
  70/1200 [>.............................] - ETA: 1s - loss: 0.2248 - acc: 0.9571
 130/1200 [==>...........................] - ETA: 0s - loss: 0.2470 - acc: 0.9308
 190/1200 [===>..........................] - ETA: 0s - loss: 0.2401 - acc: 0.9421
 250/1200 [=====>........................] - ETA: 0s - loss: 0.2545 - acc: 0.9360
 310/1200 [======>.......................] - ETA: 0s - loss: 0.2667 - acc: 0.9323
 370/1200 [========>.....................] - ETA: 0s - loss: 0.2561 - acc: 0.9405
 430/1200 [=========>....................] - ETA: 0s - loss: 0.2505 - acc: 0.9442
 490/1200 [===========>..................] - ETA: 0s - loss: 0.2389 - acc: 0.9490
 550/1200 [============>.................] - ETA: 0s - loss: 0.2401 - acc: 0.9455
 610/1200 [==============>...............] - ETA: 0s - loss: 0.2424 - acc: 0.9443
 670/1200 [===============>..............] - ETA: 0s - loss: 0.2483 - acc: 0.9418
 730/1200 [=================>............] - ETA: 0s - loss: 0.2476 - acc: 0.9425
 790/1200 [==================>...........] - ETA: 0s - loss: 0.2496 - acc: 0.9405
 850/1200 [====================>.........] - ETA: 0s - loss: 0.2500 - acc: 0.9412
 910/1200 [=====================>........] - ETA: 0s - loss: 0.2457 - acc: 0.9429
 970/1200 [=======================>......] - ETA: 0s - loss: 0.2476 - acc: 0.9402
1030/1200 [========================>.....] - ETA: 0s - loss: 0.2408 - acc: 0.9437
1090/1200 [==========================>...] - ETA: 0s - loss: 0.2377 - acc: 0.9431
1150/1200 [===========================>..] - ETA: 0s - loss: 0.2355 - acc: 0.9443
1200/1200 [==============================] - 1s 907us/step - loss: 0.2325 - acc: 0.9442 - val_loss: 0.8741 - val_acc: 0.6176
Current time ....1.089
Train on 3900 samples, validate on 99 samples
Epoch 1/1

  10/3900 [..............................] - ETA: 3s - loss: 1.1965 - acc: 0.5000
  70/3900 [..............................] - ETA: 3s - loss: 1.1587 - acc: 0.5857
 130/3900 [>.............................] - ETA: 3s - loss: 1.0639 - acc: 0.6692
 190/3900 [>.............................] - ETA: 3s - loss: 1.1135 - acc: 0.6368
 250/3900 [>.............................] - ETA: 3s - loss: 1.1044 - acc: 0.6440
 310/3900 [=>............................] - ETA: 3s - loss: 1.1090 - acc: 0.6548
 370/3900 [=>............................] - ETA: 3s - loss: 1.1251 - acc: 0.6432
 430/3900 [==>...........................] - ETA: 3s - loss: 1.1314 - acc: 0.6488
 490/3900 [==>...........................] - ETA: 3s - loss: 1.1342 - acc: 0.6510
 550/3900 [===>..........................] - ETA: 3s - loss: 1.1317 - acc: 0.6545
 610/3900 [===>..........................] - ETA: 2s - loss: 1.1290 - acc: 0.6508
 670/3900 [====>.........................] - ETA: 2s - loss: 1.1269 - acc: 0.6507
 730/3900 [====>.........................] - ETA: 2s - loss: 1.1350 - acc: 0.6521
 790/3900 [=====>........................] - ETA: 2s - loss: 1.1268 - acc: 0.6570
 850/3900 [=====>........................] - ETA: 2s - loss: 1.1212 - acc: 0.6576
 910/3900 [======>.......................] - ETA: 2s - loss: 1.1178 - acc: 0.6549
 970/3900 [======>.......................] - ETA: 2s - loss: 1.1205 - acc: 0.6526
1030/3900 [======>.......................] - ETA: 2s - loss: 1.1222 - acc: 0.6495
1090/3900 [=======>......................] - ETA: 2s - loss: 1.1223 - acc: 0.6514
1150/3900 [=======>......................] - ETA: 2s - loss: 1.1256 - acc: 0.6504
1210/3900 [========>.....................] - ETA: 2s - loss: 1.1204 - acc: 0.6537
1270/3900 [========>.....................] - ETA: 2s - loss: 1.1163 - acc: 0.6543
1330/3900 [=========>....................] - ETA: 2s - loss: 1.1121 - acc: 0.6541
1390/3900 [=========>....................] - ETA: 2s - loss: 1.1071 - acc: 0.6576
1450/3900 [==========>...................] - ETA: 2s - loss: 1.1026 - acc: 0.6593
1510/3900 [==========>...................] - ETA: 2s - loss: 1.1021 - acc: 0.6583
1570/3900 [===========>..................] - ETA: 2s - loss: 1.1005 - acc: 0.6605
1630/3900 [===========>..................] - ETA: 2s - loss: 1.0938 - acc: 0.6638
1690/3900 [============>.................] - ETA: 1s - loss: 1.0930 - acc: 0.6639
1750/3900 [============>.................] - ETA: 1s - loss: 1.0922 - acc: 0.6629
1810/3900 [============>.................] - ETA: 1s - loss: 1.0902 - acc: 0.6635
1870/3900 [=============>................] - ETA: 1s - loss: 1.0898 - acc: 0.6615
1930/3900 [=============>................] - ETA: 1s - loss: 1.0900 - acc: 0.6611
1990/3900 [==============>...............] - ETA: 1s - loss: 1.0889 - acc: 0.6623
2050/3900 [==============>...............] - ETA: 1s - loss: 1.0871 - acc: 0.6629
2110/3900 [===============>..............] - ETA: 1s - loss: 1.0882 - acc: 0.6645
2170/3900 [===============>..............] - ETA: 1s - loss: 1.0898 - acc: 0.6636
2230/3900 [================>.............] - ETA: 1s - loss: 1.0876 - acc: 0.6641
2290/3900 [================>.............] - ETA: 1s - loss: 1.0878 - acc: 0.6646
2350/3900 [=================>............] - ETA: 1s - loss: 1.0903 - acc: 0.6634
2410/3900 [=================>............] - ETA: 1s - loss: 1.0846 - acc: 0.6672
2470/3900 [==================>...........] - ETA: 1s - loss: 1.0855 - acc: 0.6664
2530/3900 [==================>...........] - ETA: 1s - loss: 1.0841 - acc: 0.6672
2590/3900 [==================>...........] - ETA: 1s - loss: 1.0831 - acc: 0.6691
2650/3900 [===================>..........] - ETA: 1s - loss: 1.0834 - acc: 0.6691
2710/3900 [===================>..........] - ETA: 1s - loss: 1.0845 - acc: 0.6686
2770/3900 [====================>.........] - ETA: 1s - loss: 1.0818 - acc: 0.6690
2830/3900 [====================>.........] - ETA: 0s - loss: 1.0812 - acc: 0.6675
2890/3900 [=====================>........] - ETA: 0s - loss: 1.0800 - acc: 0.6671
2950/3900 [=====================>........] - ETA: 0s - loss: 1.0793 - acc: 0.6675
3010/3900 [======================>.......] - ETA: 0s - loss: 1.0809 - acc: 0.6664
3070/3900 [======================>.......] - ETA: 0s - loss: 1.0810 - acc: 0.6661
3130/3900 [=======================>......] - ETA: 0s - loss: 1.0814 - acc: 0.6658
3190/3900 [=======================>......] - ETA: 0s - loss: 1.0771 - acc: 0.6674
3250/3900 [========================>.....] - ETA: 0s - loss: 1.0735 - acc: 0.6698
3310/3900 [========================>.....] - ETA: 0s - loss: 1.0726 - acc: 0.6701
3370/3900 [========================>.....] - ETA: 0s - loss: 1.0689 - acc: 0.6715
3430/3900 [=========================>....] - ETA: 0s - loss: 1.0669 - acc: 0.6711
3490/3900 [=========================>....] - ETA: 0s - loss: 1.0686 - acc: 0.6705
3550/3900 [==========================>...] - ETA: 0s - loss: 1.0651 - acc: 0.6721
3610/3900 [==========================>...] - ETA: 0s - loss: 1.0637 - acc: 0.6720
3670/3900 [===========================>..] - ETA: 0s - loss: 1.0632 - acc: 0.6711
3730/3900 [===========================>..] - ETA: 0s - loss: 1.0608 - acc: 0.6713
3790/3900 [============================>.] - ETA: 0s - loss: 1.0578 - acc: 0.6731
3850/3900 [============================>.] - ETA: 0s - loss: 1.0555 - acc: 0.6743
3900/3900 [==============================] - 4s 908us/step - loss: 1.0546 - acc: 0.6749 - val_loss: 1.7870 - val_acc: 0.3535
Current time ....3.543
Train on 600 samples, validate on 86 samples
Epoch 1/1

 10/600 [..............................] - ETA: 0s - loss: 0.0507 - acc: 1.0000
 70/600 [==>...........................] - ETA: 0s - loss: 0.0816 - acc: 0.9857
130/600 [=====>........................] - ETA: 0s - loss: 0.0740 - acc: 0.9846
190/600 [========>.....................] - ETA: 0s - loss: 0.0707 - acc: 0.9895
250/600 [===========>..................] - ETA: 0s - loss: 0.0611 - acc: 0.9920
310/600 [==============>...............] - ETA: 0s - loss: 0.0619 - acc: 0.9903
370/600 [=================>............] - ETA: 0s - loss: 0.0595 - acc: 0.9919
430/600 [====================>.........] - ETA: 0s - loss: 0.0620 - acc: 0.9907
490/600 [=======================>......] - ETA: 0s - loss: 0.0618 - acc: 0.9918
550/600 [==========================>...] - ETA: 0s - loss: 0.0586 - acc: 0.9927
600/600 [==============================] - 1s 923us/step - loss: 0.0571 - acc: 0.9933 - val_loss: 0.4403 - val_acc: 0.9186
Current time ....0.554
Train on 1200 samples, validate on 68 samples
Epoch 1/1

  10/1200 [..............................] - ETA: 1s - loss: 0.1134 - acc: 1.0000
  70/1200 [>.............................] - ETA: 1s - loss: 0.2236 - acc: 0.9714
 130/1200 [==>...........................] - ETA: 0s - loss: 0.2009 - acc: 0.9615
 190/1200 [===>..........................] - ETA: 0s - loss: 0.1864 - acc: 0.9632
 250/1200 [=====>........................] - ETA: 0s - loss: 0.1816 - acc: 0.9640
 310/1200 [======>.......................] - ETA: 0s - loss: 0.1763 - acc: 0.9645
 370/1200 [========>.....................] - ETA: 0s - loss: 0.1783 - acc: 0.9649
 430/1200 [=========>....................] - ETA: 0s - loss: 0.1789 - acc: 0.9651
 490/1200 [===========>..................] - ETA: 0s - loss: 0.1772 - acc: 0.9673
 550/1200 [============>.................] - ETA: 0s - loss: 0.1763 - acc: 0.9691
 610/1200 [==============>...............] - ETA: 0s - loss: 0.1688 - acc: 0.9721
 670/1200 [===============>..............] - ETA: 0s - loss: 0.1671 - acc: 0.9731
 730/1200 [=================>............] - ETA: 0s - loss: 0.1693 - acc: 0.9699
 790/1200 [==================>...........] - ETA: 0s - loss: 0.1696 - acc: 0.9696
 850/1200 [====================>.........] - ETA: 0s - loss: 0.1668 - acc: 0.9706
 910/1200 [=====================>........] - ETA: 0s - loss: 0.1642 - acc: 0.9725
 970/1200 [=======================>......] - ETA: 0s - loss: 0.1652 - acc: 0.9722
1030/1200 [========================>.....] - ETA: 0s - loss: 0.1630 - acc: 0.9728
1090/1200 [==========================>...] - ETA: 0s - loss: 0.1621 - acc: 0.9743
1150/1200 [===========================>..] - ETA: 0s - loss: 0.1621 - acc: 0.9748
1200/1200 [==============================] - 1s 909us/step - loss: 0.1604 - acc: 0.9750 - val_loss: 1.0135 - val_acc: 0.6765
Current time ....1.091
Train on 3900 samples, validate on 99 samples
Epoch 1/1

  10/3900 [..............................] - ETA: 3s - loss: 1.0153 - acc: 0.7000
  70/3900 [..............................] - ETA: 3s - loss: 0.9279 - acc: 0.7429
 130/3900 [>.............................] - ETA: 3s - loss: 0.9511 - acc: 0.7308
 190/3900 [>.............................] - ETA: 3s - loss: 0.9169 - acc: 0.7474
 250/3900 [>.............................] - ETA: 3s - loss: 0.9427 - acc: 0.7280
 310/3900 [=>............................] - ETA: 3s - loss: 0.9467 - acc: 0.7258
 370/3900 [=>............................] - ETA: 3s - loss: 0.9738 - acc: 0.7081
 430/3900 [==>...........................] - ETA: 3s - loss: 0.9523 - acc: 0.7233
 490/3900 [==>...........................] - ETA: 3s - loss: 0.9426 - acc: 0.7245
 550/3900 [===>..........................] - ETA: 3s - loss: 0.9495 - acc: 0.7127
 610/3900 [===>..........................] - ETA: 2s - loss: 0.9667 - acc: 0.7098
 670/3900 [====>.........................] - ETA: 2s - loss: 0.9513 - acc: 0.7164
 730/3900 [====>.........................] - ETA: 2s - loss: 0.9474 - acc: 0.7123
 790/3900 [=====>........................] - ETA: 2s - loss: 0.9341 - acc: 0.7177
 850/3900 [=====>........................] - ETA: 2s - loss: 0.9371 - acc: 0.7141
 910/3900 [======>.......................] - ETA: 2s - loss: 0.9369 - acc: 0.7121
 970/3900 [======>.......................] - ETA: 2s - loss: 0.9265 - acc: 0.7165
1030/3900 [======>.......................] - ETA: 2s - loss: 0.9305 - acc: 0.7146
1090/3900 [=======>......................] - ETA: 2s - loss: 0.9260 - acc: 0.7183
1150/3900 [=======>......................] - ETA: 2s - loss: 0.9255 - acc: 0.7200
1210/3900 [========>.....................] - ETA: 2s - loss: 0.9258 - acc: 0.7198
1270/3900 [========>.....................] - ETA: 2s - loss: 0.9368 - acc: 0.7134
1330/3900 [=========>....................] - ETA: 2s - loss: 0.9302 - acc: 0.7173
1390/3900 [=========>....................] - ETA: 2s - loss: 0.9295 - acc: 0.7194
1450/3900 [==========>...................] - ETA: 2s - loss: 0.9248 - acc: 0.7214
1510/3900 [==========>...................] - ETA: 2s - loss: 0.9261 - acc: 0.7205
1570/3900 [===========>..................] - ETA: 2s - loss: 0.9234 - acc: 0.7210
1630/3900 [===========>..................] - ETA: 2s - loss: 0.9177 - acc: 0.7227
1690/3900 [============>.................] - ETA: 1s - loss: 0.9149 - acc: 0.7254
1750/3900 [============>.................] - ETA: 1s - loss: 0.9146 - acc: 0.7251
1810/3900 [============>.................] - ETA: 1s - loss: 0.9143 - acc: 0.7249
1870/3900 [=============>................] - ETA: 1s - loss: 0.9124 - acc: 0.7246
1930/3900 [=============>................] - ETA: 1s - loss: 0.9098 - acc: 0.7254
1990/3900 [==============>...............] - ETA: 1s - loss: 0.9108 - acc: 0.7251
2050/3900 [==============>...............] - ETA: 1s - loss: 0.9106 - acc: 0.7239
2110/3900 [===============>..............] - ETA: 1s - loss: 0.9072 - acc: 0.7246
2170/3900 [===============>..............] - ETA: 1s - loss: 0.9049 - acc: 0.7249
2230/3900 [================>.............] - ETA: 1s - loss: 0.9057 - acc: 0.7233
2290/3900 [================>.............] - ETA: 1s - loss: 0.9023 - acc: 0.7218
2350/3900 [=================>............] - ETA: 1s - loss: 0.9010 - acc: 0.7230
2410/3900 [=================>............] - ETA: 1s - loss: 0.9002 - acc: 0.7216
2470/3900 [==================>...........] - ETA: 1s - loss: 0.8949 - acc: 0.7235
2530/3900 [==================>...........] - ETA: 1s - loss: 0.8903 - acc: 0.7249
2590/3900 [==================>...........] - ETA: 1s - loss: 0.8904 - acc: 0.7239
2650/3900 [===================>..........] - ETA: 1s - loss: 0.8850 - acc: 0.7257
2710/3900 [===================>..........] - ETA: 1s - loss: 0.8803 - acc: 0.7266
2770/3900 [====================>.........] - ETA: 1s - loss: 0.8733 - acc: 0.7292
2830/3900 [====================>.........] - ETA: 0s - loss: 0.8738 - acc: 0.7286
2890/3900 [=====================>........] - ETA: 0s - loss: 0.8721 - acc: 0.7287
2950/3900 [=====================>........] - ETA: 0s - loss: 0.8697 - acc: 0.7298
3010/3900 [======================>.......] - ETA: 0s - loss: 0.8682 - acc: 0.7296
3070/3900 [======================>.......] - ETA: 0s - loss: 0.8676 - acc: 0.7293
3130/3900 [=======================>......] - ETA: 0s - loss: 0.8670 - acc: 0.7291
3190/3900 [=======================>......] - ETA: 0s - loss: 0.8690 - acc: 0.7276
3250/3900 [========================>.....] - ETA: 0s - loss: 0.8688 - acc: 0.7283
3310/3900 [========================>.....] - ETA: 0s - loss: 0.8655 - acc: 0.7299
3370/3900 [========================>.....] - ETA: 0s - loss: 0.8651 - acc: 0.7303
3430/3900 [=========================>....] - ETA: 0s - loss: 0.8655 - acc: 0.7289
3490/3900 [=========================>....] - ETA: 0s - loss: 0.8645 - acc: 0.7281
3550/3900 [==========================>...] - ETA: 0s - loss: 0.8630 - acc: 0.7279
3610/3900 [==========================>...] - ETA: 0s - loss: 0.8616 - acc: 0.7285
3670/3900 [===========================>..] - ETA: 0s - loss: 0.8605 - acc: 0.7289
3730/3900 [===========================>..] - ETA: 0s - loss: 0.8593 - acc: 0.7284
3790/3900 [============================>.] - ETA: 0s - loss: 0.8577 - acc: 0.7293
3850/3900 [============================>.] - ETA: 0s - loss: 0.8589 - acc: 0.7281
3900/3900 [==============================] - 4s 907us/step - loss: 0.8567 - acc: 0.7292 - val_loss: 1.6923 - val_acc: 0.4141
Current time ....3.537
Train on 600 samples, validate on 86 samples
Epoch 1/1

 10/600 [..............................] - ETA: 0s - loss: 0.0038 - acc: 1.0000
 70/600 [==>...........................] - ETA: 0s - loss: 0.0288 - acc: 1.0000
130/600 [=====>........................] - ETA: 0s - loss: 0.0366 - acc: 1.0000
190/600 [========>.....................] - ETA: 0s - loss: 0.0432 - acc: 1.0000
250/600 [===========>..................] - ETA: 0s - loss: 0.0462 - acc: 1.0000
310/600 [==============>...............] - ETA: 0s - loss: 0.0445 - acc: 1.0000
370/600 [=================>............] - ETA: 0s - loss: 0.0483 - acc: 1.0000
430/600 [====================>.........] - ETA: 0s - loss: 0.0475 - acc: 1.0000
490/600 [=======================>......] - ETA: 0s - loss: 0.0456 - acc: 0.9980
550/600 [==========================>...] - ETA: 0s - loss: 0.0455 - acc: 0.9982
600/600 [==============================] - 1s 928us/step - loss: 0.0446 - acc: 0.9983 - val_loss: 0.4676 - val_acc: 0.9186
Current time ....0.557
Train on 1200 samples, validate on 68 samples
Epoch 1/1

  10/1200 [..............................] - ETA: 1s - loss: 0.0376 - acc: 1.0000
  70/1200 [>.............................] - ETA: 1s - loss: 0.1031 - acc: 0.9857
 130/1200 [==>...........................] - ETA: 0s - loss: 0.1028 - acc: 0.9846
 190/1200 [===>..........................] - ETA: 0s - loss: 0.1019 - acc: 0.9895
 250/1200 [=====>........................] - ETA: 0s - loss: 0.1041 - acc: 0.9920
 310/1200 [======>.......................] - ETA: 0s - loss: 0.1032 - acc: 0.9903
 370/1200 [========>.....................] - ETA: 0s - loss: 0.1029 - acc: 0.9919
 430/1200 [=========>....................] - ETA: 0s - loss: 0.1019 - acc: 0.9930
 490/1200 [===========>..................] - ETA: 0s - loss: 0.1078 - acc: 0.9898
 550/1200 [============>.................] - ETA: 0s - loss: 0.1071 - acc: 0.9909
 610/1200 [==============>...............] - ETA: 0s - loss: 0.1090 - acc: 0.9902
 670/1200 [===============>..............] - ETA: 0s - loss: 0.1140 - acc: 0.9881
 730/1200 [=================>............] - ETA: 0s - loss: 0.1127 - acc: 0.9890
 790/1200 [==================>...........] - ETA: 0s - loss: 0.1130 - acc: 0.9873
 850/1200 [====================>.........] - ETA: 0s - loss: 0.1130 - acc: 0.9859
 910/1200 [=====================>........] - ETA: 0s - loss: 0.1150 - acc: 0.9846
 970/1200 [=======================>......] - ETA: 0s - loss: 0.1130 - acc: 0.9856
1030/1200 [========================>.....] - ETA: 0s - loss: 0.1128 - acc: 0.9845
1090/1200 [==========================>...] - ETA: 0s - loss: 0.1125 - acc: 0.9844
1150/1200 [===========================>..] - ETA: 0s - loss: 0.1131 - acc: 0.9843
1200/1200 [==============================] - 1s 912us/step - loss: 0.1125 - acc: 0.9850 - val_loss: 1.2052 - val_acc: 0.6618
Current time ....1.095
Train on 3900 samples, validate on 99 samples
Epoch 1/1

  10/3900 [..............................] - ETA: 3s - loss: 0.6013 - acc: 0.8000
  70/3900 [..............................] - ETA: 3s - loss: 0.7876 - acc: 0.7143
 130/3900 [>.............................] - ETA: 3s - loss: 0.7767 - acc: 0.7462
 190/3900 [>.............................] - ETA: 3s - loss: 0.7306 - acc: 0.7737
 250/3900 [>.............................] - ETA: 3s - loss: 0.7446 - acc: 0.7520
 310/3900 [=>............................] - ETA: 3s - loss: 0.7645 - acc: 0.7452
 370/3900 [=>............................] - ETA: 3s - loss: 0.7623 - acc: 0.7432
 430/3900 [==>...........................] - ETA: 3s - loss: 0.7592 - acc: 0.7535
 490/3900 [==>...........................] - ETA: 3s - loss: 0.7564 - acc: 0.7592
 550/3900 [===>..........................] - ETA: 3s - loss: 0.7590 - acc: 0.7582
 610/3900 [===>..........................] - ETA: 2s - loss: 0.7547 - acc: 0.7557
 670/3900 [====>.........................] - ETA: 2s - loss: 0.7472 - acc: 0.7582
 730/3900 [====>.........................] - ETA: 2s - loss: 0.7436 - acc: 0.7616
 790/3900 [=====>........................] - ETA: 2s - loss: 0.7430 - acc: 0.7646
 850/3900 [=====>........................] - ETA: 2s - loss: 0.7397 - acc: 0.7682
 910/3900 [======>.......................] - ETA: 2s - loss: 0.7320 - acc: 0.7681
 970/3900 [======>.......................] - ETA: 2s - loss: 0.7215 - acc: 0.7732
1030/3900 [======>.......................] - ETA: 2s - loss: 0.7192 - acc: 0.7757
1090/3900 [=======>......................] - ETA: 2s - loss: 0.7155 - acc: 0.7761
1150/3900 [=======>......................] - ETA: 2s - loss: 0.7146 - acc: 0.7774
1210/3900 [========>.....................] - ETA: 2s - loss: 0.7136 - acc: 0.7810
1270/3900 [========>.....................] - ETA: 2s - loss: 0.7109 - acc: 0.7811
1330/3900 [=========>....................] - ETA: 2s - loss: 0.7181 - acc: 0.7782
1390/3900 [=========>....................] - ETA: 2s - loss: 0.7134 - acc: 0.7791
1450/3900 [==========>...................] - ETA: 2s - loss: 0.7140 - acc: 0.7786
1510/3900 [==========>...................] - ETA: 2s - loss: 0.7098 - acc: 0.7801
1570/3900 [===========>..................] - ETA: 2s - loss: 0.7121 - acc: 0.7783
1630/3900 [===========>..................] - ETA: 2s - loss: 0.7176 - acc: 0.7761
1690/3900 [============>.................] - ETA: 2s - loss: 0.7096 - acc: 0.7805
1750/3900 [============>.................] - ETA: 1s - loss: 0.7105 - acc: 0.7789
1810/3900 [============>.................] - ETA: 1s - loss: 0.7099 - acc: 0.7796
1870/3900 [=============>................] - ETA: 1s - loss: 0.7072 - acc: 0.7797
1930/3900 [=============>................] - ETA: 1s - loss: 0.7112 - acc: 0.7767
1990/3900 [==============>...............] - ETA: 1s - loss: 0.7135 - acc: 0.7734
2050/3900 [==============>...............] - ETA: 1s - loss: 0.7167 - acc: 0.7707
2110/3900 [===============>..............] - ETA: 1s - loss: 0.7161 - acc: 0.7711
2170/3900 [===============>..............] - ETA: 1s - loss: 0.7158 - acc: 0.7710
2230/3900 [================>.............] - ETA: 1s - loss: 0.7199 - acc: 0.7682
2290/3900 [================>.............] - ETA: 1s - loss: 0.7217 - acc: 0.7681
2350/3900 [=================>............] - ETA: 1s - loss: 0.7236 - acc: 0.7689
2410/3900 [=================>............] - ETA: 1s - loss: 0.7195 - acc: 0.7726
2470/3900 [==================>...........] - ETA: 1s - loss: 0.7193 - acc: 0.7721
2530/3900 [==================>...........] - ETA: 1s - loss: 0.7243 - acc: 0.7680
2590/3900 [==================>...........] - ETA: 1s - loss: 0.7238 - acc: 0.7683
2650/3900 [===================>..........] - ETA: 1s - loss: 0.7212 - acc: 0.7691
2710/3900 [===================>..........] - ETA: 1s - loss: 0.7188 - acc: 0.7690
2770/3900 [====================>.........] - ETA: 1s - loss: 0.7190 - acc: 0.7682
2830/3900 [====================>.........] - ETA: 0s - loss: 0.7164 - acc: 0.7696
2890/3900 [=====================>........] - ETA: 0s - loss: 0.7163 - acc: 0.7699
2950/3900 [=====================>........] - ETA: 0s - loss: 0.7165 - acc: 0.7698
3010/3900 [======================>.......] - ETA: 0s - loss: 0.7158 - acc: 0.7698
3070/3900 [======================>.......] - ETA: 0s - loss: 0.7133 - acc: 0.7710
3130/3900 [=======================>......] - ETA: 0s - loss: 0.7103 - acc: 0.7722
3190/3900 [=======================>......] - ETA: 0s - loss: 0.7058 - acc: 0.7743
3250/3900 [========================>.....] - ETA: 0s - loss: 0.7045 - acc: 0.7751
3310/3900 [========================>.....] - ETA: 0s - loss: 0.7027 - acc: 0.7761
3370/3900 [========================>.....] - ETA: 0s - loss: 0.7022 - acc: 0.7766
3430/3900 [=========================>....] - ETA: 0s - loss: 0.7026 - acc: 0.7761
3490/3900 [=========================>....] - ETA: 0s - loss: 0.7026 - acc: 0.7759
3550/3900 [==========================>...] - ETA: 0s - loss: 0.7024 - acc: 0.7766
3610/3900 [==========================>...] - ETA: 0s - loss: 0.7020 - acc: 0.7765
3670/3900 [===========================>..] - ETA: 0s - loss: 0.7010 - acc: 0.7777
3730/3900 [===========================>..] - ETA: 0s - loss: 0.7026 - acc: 0.7761
3790/3900 [============================>.] - ETA: 0s - loss: 0.7019 - acc: 0.7763
3850/3900 [============================>.] - ETA: 0s - loss: 0.7027 - acc: 0.7756
3900/3900 [==============================] - 4s 912us/step - loss: 0.7027 - acc: 0.7759 - val_loss: 1.6929 - val_acc: 0.4343
Current time ....3.557
Train on 600 samples, validate on 86 samples
Epoch 1/1

 10/600 [..............................] - ETA: 0s - loss: 0.0668 - acc: 1.0000
 70/600 [==>...........................] - ETA: 0s - loss: 0.0388 - acc: 1.0000
130/600 [=====>........................] - ETA: 0s - loss: 0.0367 - acc: 1.0000
190/600 [========>.....................] - ETA: 0s - loss: 0.0380 - acc: 1.0000
250/600 [===========>..................] - ETA: 0s - loss: 0.0367 - acc: 1.0000
310/600 [==============>...............] - ETA: 0s - loss: 0.0397 - acc: 1.0000
370/600 [=================>............] - ETA: 0s - loss: 0.0368 - acc: 1.0000
430/600 [====================>.........] - ETA: 0s - loss: 0.0398 - acc: 0.9977
490/600 [=======================>......] - ETA: 0s - loss: 0.0376 - acc: 0.9980
550/600 [==========================>...] - ETA: 0s - loss: 0.0364 - acc: 0.9982
600/600 [==============================] - 1s 918us/step - loss: 0.0360 - acc: 0.9983 - val_loss: 0.4922 - val_acc: 0.9186
Current time ....0.551
Train on 1200 samples, validate on 68 samples
Epoch 1/1

  10/1200 [..............................] - ETA: 1s - loss: 0.0907 - acc: 1.0000
  70/1200 [>.............................] - ETA: 1s - loss: 0.0785 - acc: 1.0000
 130/1200 [==>...........................] - ETA: 0s - loss: 0.0730 - acc: 1.0000
 190/1200 [===>..........................] - ETA: 0s - loss: 0.0769 - acc: 1.0000
 250/1200 [=====>........................] - ETA: 0s - loss: 0.0816 - acc: 0.9960
 310/1200 [======>.......................] - ETA: 0s - loss: 0.0830 - acc: 0.9968
 370/1200 [========>.....................] - ETA: 0s - loss: 0.0805 - acc: 0.9946
 430/1200 [=========>....................] - ETA: 0s - loss: 0.0788 - acc: 0.9953
 490/1200 [===========>..................] - ETA: 0s - loss: 0.0803 - acc: 0.9959
 550/1200 [============>.................] - ETA: 0s - loss: 0.0836 - acc: 0.9927
 610/1200 [==============>...............] - ETA: 0s - loss: 0.0836 - acc: 0.9918
 670/1200 [===============>..............] - ETA: 0s - loss: 0.0849 - acc: 0.9910
 730/1200 [=================>............] - ETA: 0s - loss: 0.0822 - acc: 0.9918
 790/1200 [==================>...........] - ETA: 0s - loss: 0.0801 - acc: 0.9924
 850/1200 [====================>.........] - ETA: 0s - loss: 0.0790 - acc: 0.9929
 910/1200 [=====================>........] - ETA: 0s - loss: 0.0801 - acc: 0.9923
 970/1200 [=======================>......] - ETA: 0s - loss: 0.0814 - acc: 0.9907
1030/1200 [========================>.....] - ETA: 0s - loss: 0.0812 - acc: 0.9913
1090/1200 [==========================>...] - ETA: 0s - loss: 0.0815 - acc: 0.9908
1150/1200 [===========================>..] - ETA: 0s - loss: 0.0830 - acc: 0.9913
1200/1200 [==============================] - 1s 911us/step - loss: 0.0832 - acc: 0.9917 - val_loss: 0.9593 - val_acc: 0.6471
Current time ....1.093

32/99 [========>.....................] - ETA: 0s
99/99 [==============================] - 0s 94us/step
In EVALUATE loss:  [1.6928907644869102, 0.43434343494550148]

32/86 [==========>...................] - ETA: 0s
86/86 [==============================] - 0s 80us/step
In EVALUATE loss:  [0.49219738674718277, 0.91860465393509971]

32/68 [=============>................] - ETA: 0s
68/68 [==============================] - 0s 98us/step
In EVALUATE loss:  [0.95932918787002563, 0.6470588235294118]
Task 1 : Primary site - Macro F1 score 0.265378939003
Task 1 : Primary site - Micro F1 score 0.434343434343
Task 2 : Tumor laterality - Macro F1 score 0.918593644354
Task 2 : Tumor laterality - Micro F1 score 0.918604651163
Task 3 : Histological grade - Macro F1 score 0.49615819209
Task 3 : Histological grade - Micro F1 score 0.647058823529
Average loss:  1.04813911303
