Importing candle utils for keras
Configuration file:  /gpfs/mira-home/apeck/Modified_Benchmarks/Pilot3/P3B1/p3b1_default_model.txt
{'activation': 'relu',
 'batch_size': 10,
 'data_url': 'ftp://ftp.mcs.anl.gov/pub/candle/public/benchmarks/P3B1/',
 'drop': 0.0,
 'epochs': 10,
 'feature_names': 'Primary site:Tumor laterality:Histological grade',
 'ind_nnet_spec': [[2400, 2400, 1200, 1200],
                   [2400, 2400, 1200, 1200],
                   [2400, 2400, 1200, 1200]],
 'initialization': 'glorot_uniform',
 'learning_rate': 0.01,
 'loss': 'categorical_crossentropy',
 'metrics': 'accuracy',
 'model_name': 'p3b1',
 'n_fold': 1,
 'optimizer': 'sgd',
 'out_activation': 'softmax',
 'output_dir': '.',
 'scaling': 'none',
 'shared_nnet_spec': [1200,
                      2400,
                      3600,
                      3600,
                      3600,
                      3600,
                      3600,
                      3600,
                      3600,
                      2400],
 'shuffle': True,
 'timeout': 1800,
 'train_data': 'P3B1_data.tar.gz'}
Params:
{'activation': 'relu',
 'batch_size': 10,
 'case': 'CenterZ',
 'data_url': 'ftp://ftp.mcs.anl.gov/pub/candle/public/benchmarks/P3B1/',
 'datatype': <class 'numpy.float32'>,
 'drop': 0.0,
 'epochs': 10,
 'experiment_id': 'EXP000',
 'feature_names': 'Primary site:Tumor laterality:Histological grade',
 'fig': False,
 'gpus': [],
 'ind_nnet_spec': [[2400, 2400, 1200, 1200],
                   [2400, 2400, 1200, 1200],
                   [2400, 2400, 1200, 1200]],
 'initialization': 'glorot_uniform',
 'learning_rate': 0.01,
 'logfile': None,
 'loss': 'categorical_crossentropy',
 'metrics': 'accuracy',
 'model_name': 'p3b1',
 'n_fold': 1,
 'optimizer': 'sgd',
 'out_activation': 'softmax',
 'output_dir': '/gpfs/mira-home/apeck/CANDLE_testing/avery_modified_results/p3_1',
 'output_files': 'result0_0.csv;result1_0.csv;result2_0.csv',
 'rng_seed': 7102,
 'run_id': 'RUN000',
 'scaling': 'none',
 'shared_nnet_spec': [1200,
                      2400,
                      3600,
                      3600,
                      3600,
                      3600,
                      3600,
                      3600,
                      3600,
                      2400],
 'shuffle': False,
 'timeout': 1800,
 'train_bool': True,
 'train_data': 'P3B1_data.tar.gz',
 'train_features': 'data/task0_0_train_feature.csv;data/task1_0_train_feature.csv;data/task2_0_train_feature.csv',
 'train_truths': 'data/task0_0_train_label.csv;data/task1_0_train_label.csv;data/task2_0_train_label.csv',
 'valid_features': 'data/task0_0_test_feature.csv;data/task1_0_test_feature.csv;data/task2_0_test_feature.csv',
 'valid_truths': 'data/task0_0_test_label.csv;data/task1_0_test_label.csv;data/task2_0_test_label.csv',
 'verbose': None}
Feature names:
Primary site
Tumor laterality
Histological grade
Model:  0
_________________________________________________________________
Layer (type)                 Output Shape              Param #   
=================================================================
input (InputLayer)           (None, 400)               0         
_________________________________________________________________
indiv_layer_0_0 (Dense)      (None, 2400)              962400    
_________________________________________________________________
indiv_layer_0_1 (Dense)      (None, 2400)              5762400   
_________________________________________________________________
indiv_layer_0_2 (Dense)      (None, 1200)              2881200   
_________________________________________________________________
indiv_layer_0_3 (Dense)      (None, 1200)              1441200   
_________________________________________________________________
out_0 (Dense)                (None, 13)                15613     
=================================================================
Total params: 11,062,813
Trainable params: 11,062,813
Non-trainable params: 0
_________________________________________________________________
Model:  1
_________________________________________________________________
Layer (type)                 Output Shape              Param #   
=================================================================
input (InputLayer)           (None, 400)               0         
_________________________________________________________________
indiv_layer_1_0 (Dense)      (None, 2400)              962400    
_________________________________________________________________
indiv_layer_1_1 (Dense)      (None, 2400)              5762400   
_________________________________________________________________
indiv_layer_1_2 (Dense)      (None, 1200)              2881200   
_________________________________________________________________
indiv_layer_1_3 (Dense)      (None, 1200)              1441200   
_________________________________________________________________
out_1 (Dense)                (None, 2)                 2402      
=================================================================
Total params: 11,049,602
Trainable params: 11,049,602
Non-trainable params: 0
_________________________________________________________________
Model:  2
_________________________________________________________________
Layer (type)                 Output Shape              Param #   
=================================================================
input (InputLayer)           (None, 400)               0         
_________________________________________________________________
indiv_layer_2_0 (Dense)      (None, 2400)              962400    
_________________________________________________________________
indiv_layer_2_1 (Dense)      (None, 2400)              5762400   
_________________________________________________________________
indiv_layer_2_2 (Dense)      (None, 1200)              2881200   
_________________________________________________________________
indiv_layer_2_3 (Dense)      (None, 1200)              1441200   
_________________________________________________________________
out_2 (Dense)                (None, 4)                 4804      
=================================================================
Total params: 11,052,004
Trainable params: 11,052,004
Non-trainable params: 0
_________________________________________________________________
Train on 3900 samples, validate on 99 samples
Epoch 1/1

  10/3900 [..............................] - ETA: 12:03 - loss: 2.5647 - acc: 0.1000
  60/3900 [..............................] - ETA: 2:02 - loss: 2.5636 - acc: 0.0667 
 110/3900 [..............................] - ETA: 1:08 - loss: 2.5639 - acc: 0.0818
 160/3900 [>.............................] - ETA: 47s - loss: 2.5639 - acc: 0.0813 
 210/3900 [>.............................] - ETA: 36s - loss: 2.5638 - acc: 0.0952
 260/3900 [=>............................] - ETA: 29s - loss: 2.5635 - acc: 0.1000
 310/3900 [=>............................] - ETA: 25s - loss: 2.5629 - acc: 0.1097
 360/3900 [=>............................] - ETA: 22s - loss: 2.5634 - acc: 0.1028
 410/3900 [==>...........................] - ETA: 19s - loss: 2.5633 - acc: 0.1000
 460/3900 [==>...........................] - ETA: 17s - loss: 2.5626 - acc: 0.1043
 520/3900 [===>..........................] - ETA: 15s - loss: 2.5621 - acc: 0.1135
 580/3900 [===>..........................] - ETA: 14s - loss: 2.5621 - acc: 0.1190
 640/3900 [===>..........................] - ETA: 12s - loss: 2.5622 - acc: 0.1172
 700/3900 [====>.........................] - ETA: 11s - loss: 2.5622 - acc: 0.1171
 760/3900 [====>.........................] - ETA: 10s - loss: 2.5618 - acc: 0.1224
 820/3900 [=====>........................] - ETA: 10s - loss: 2.5615 - acc: 0.1305
 880/3900 [=====>........................] - ETA: 9s - loss: 2.5617 - acc: 0.1295 
 940/3900 [======>.......................] - ETA: 8s - loss: 2.5615 - acc: 0.1287
1000/3900 [======>.......................] - ETA: 8s - loss: 2.5614 - acc: 0.1280
1060/3900 [=======>......................] - ETA: 7s - loss: 2.5613 - acc: 0.1302
1120/3900 [=======>......................] - ETA: 7s - loss: 2.5610 - acc: 0.1348
1180/3900 [========>.....................] - ETA: 6s - loss: 2.5608 - acc: 0.1373
1240/3900 [========>.....................] - ETA: 6s - loss: 2.5604 - acc: 0.1427
1300/3900 [=========>....................] - ETA: 6s - loss: 2.5604 - acc: 0.1438
1360/3900 [=========>....................] - ETA: 5s - loss: 2.5602 - acc: 0.1478
1420/3900 [=========>....................] - ETA: 5s - loss: 2.5600 - acc: 0.1535
1480/3900 [==========>...................] - ETA: 5s - loss: 2.5597 - acc: 0.1588
1540/3900 [==========>...................] - ETA: 5s - loss: 2.5595 - acc: 0.1643
1600/3900 [===========>..................] - ETA: 4s - loss: 2.5595 - acc: 0.1656
1660/3900 [===========>..................] - ETA: 4s - loss: 2.5593 - acc: 0.1699
1720/3900 [============>.................] - ETA: 4s - loss: 2.5590 - acc: 0.1750
1780/3900 [============>.................] - ETA: 4s - loss: 2.5588 - acc: 0.1770
1840/3900 [=============>................] - ETA: 4s - loss: 2.5588 - acc: 0.1766
1900/3900 [=============>................] - ETA: 3s - loss: 2.5586 - acc: 0.1795
1960/3900 [==============>...............] - ETA: 3s - loss: 2.5584 - acc: 0.1816
2020/3900 [==============>...............] - ETA: 3s - loss: 2.5581 - acc: 0.1881
2080/3900 [===============>..............] - ETA: 3s - loss: 2.5580 - acc: 0.1889
2140/3900 [===============>..............] - ETA: 3s - loss: 2.5578 - acc: 0.1939
2200/3900 [===============>..............] - ETA: 3s - loss: 2.5574 - acc: 0.1982
2260/3900 [================>.............] - ETA: 2s - loss: 2.5573 - acc: 0.1987
2320/3900 [================>.............] - ETA: 2s - loss: 2.5570 - acc: 0.2017
2380/3900 [=================>............] - ETA: 2s - loss: 2.5569 - acc: 0.2008
2440/3900 [=================>............] - ETA: 2s - loss: 2.5567 - acc: 0.2029
2500/3900 [==================>...........] - ETA: 2s - loss: 2.5565 - acc: 0.2040
2560/3900 [==================>...........] - ETA: 2s - loss: 2.5563 - acc: 0.2047
2620/3900 [===================>..........] - ETA: 2s - loss: 2.5562 - acc: 0.2042
2680/3900 [===================>..........] - ETA: 1s - loss: 2.5559 - acc: 0.2022
2740/3900 [====================>.........] - ETA: 1s - loss: 2.5558 - acc: 0.2022
2800/3900 [====================>.........] - ETA: 1s - loss: 2.5555 - acc: 0.2014
2860/3900 [=====================>........] - ETA: 1s - loss: 2.5552 - acc: 0.2028
2920/3900 [=====================>........] - ETA: 1s - loss: 2.5549 - acc: 0.2045
2980/3900 [=====================>........] - ETA: 1s - loss: 2.5547 - acc: 0.2054
3040/3900 [======================>.......] - ETA: 1s - loss: 2.5545 - acc: 0.2056
3100/3900 [======================>.......] - ETA: 1s - loss: 2.5543 - acc: 0.2068
3160/3900 [=======================>......] - ETA: 1s - loss: 2.5542 - acc: 0.2063
3220/3900 [=======================>......] - ETA: 1s - loss: 2.5540 - acc: 0.2071
3280/3900 [========================>.....] - ETA: 0s - loss: 2.5537 - acc: 0.2098
3340/3900 [========================>.....] - ETA: 0s - loss: 2.5534 - acc: 0.2102
3400/3900 [=========================>....] - ETA: 0s - loss: 2.5534 - acc: 0.2088
3460/3900 [=========================>....] - ETA: 0s - loss: 2.5532 - acc: 0.2095
3520/3900 [==========================>...] - ETA: 0s - loss: 2.5530 - acc: 0.2108
3580/3900 [==========================>...] - ETA: 0s - loss: 2.5527 - acc: 0.2151
3640/3900 [===========================>..] - ETA: 0s - loss: 2.5524 - acc: 0.2195
3700/3900 [===========================>..] - ETA: 0s - loss: 2.5522 - acc: 0.2214
3760/3900 [===========================>..] - ETA: 0s - loss: 2.5520 - acc: 0.2223
3820/3900 [============================>.] - ETA: 0s - loss: 2.5518 - acc: 0.2259
3880/3900 [============================>.] - ETA: 0s - loss: 2.5516 - acc: 0.2289
3900/3900 [==============================] - 5s 1ms/step - loss: 2.5515 - acc: 0.2300 - val_loss: 2.5448 - val_acc: 0.2626
Current time ....5.494
Train on 600 samples, validate on 86 samples
Epoch 1/1

 10/600 [..............................] - ETA: 19s - loss: 0.6696 - acc: 0.8000
 70/600 [==>...........................] - ETA: 2s - loss: 0.6756 - acc: 0.7143 
130/600 [=====>........................] - ETA: 1s - loss: 0.6770 - acc: 0.6462
190/600 [========>.....................] - ETA: 1s - loss: 0.6744 - acc: 0.6158
250/600 [===========>..................] - ETA: 0s - loss: 0.6720 - acc: 0.6200
310/600 [==============>...............] - ETA: 0s - loss: 0.6669 - acc: 0.6226
370/600 [=================>............] - ETA: 0s - loss: 0.6640 - acc: 0.6595
430/600 [====================>.........] - ETA: 0s - loss: 0.6589 - acc: 0.6814
490/600 [=======================>......] - ETA: 0s - loss: 0.6544 - acc: 0.6959
550/600 [==========================>...] - ETA: 0s - loss: 0.6488 - acc: 0.7000
600/600 [==============================] - 1s 1ms/step - loss: 0.6442 - acc: 0.7150 - val_loss: 0.6170 - val_acc: 0.8256
Current time ....0.897
Train on 1200 samples, validate on 68 samples
Epoch 1/1

  10/1200 [..............................] - ETA: 31s - loss: 1.3915 - acc: 0.3000
  70/1200 [>.............................] - ETA: 5s - loss: 1.3904 - acc: 0.2714 
 130/1200 [==>...........................] - ETA: 3s - loss: 1.3850 - acc: 0.2692
 190/1200 [===>..........................] - ETA: 2s - loss: 1.3783 - acc: 0.2526
 250/1200 [=====>........................] - ETA: 1s - loss: 1.3749 - acc: 0.2440
 310/1200 [======>.......................] - ETA: 1s - loss: 1.3692 - acc: 0.2645
 370/1200 [========>.....................] - ETA: 1s - loss: 1.3609 - acc: 0.2865
 430/1200 [=========>....................] - ETA: 1s - loss: 1.3551 - acc: 0.2930
 490/1200 [===========>..................] - ETA: 1s - loss: 1.3548 - acc: 0.3061
 550/1200 [============>.................] - ETA: 0s - loss: 1.3510 - acc: 0.3182
 610/1200 [==============>...............] - ETA: 0s - loss: 1.3462 - acc: 0.3410
 670/1200 [===============>..............] - ETA: 0s - loss: 1.3430 - acc: 0.3537
 730/1200 [=================>............] - ETA: 0s - loss: 1.3392 - acc: 0.3753
 790/1200 [==================>...........] - ETA: 0s - loss: 1.3299 - acc: 0.3924
 850/1200 [====================>.........] - ETA: 0s - loss: 1.3285 - acc: 0.3882
 910/1200 [=====================>........] - ETA: 0s - loss: 1.3252 - acc: 0.4022
 970/1200 [=======================>......] - ETA: 0s - loss: 1.3200 - acc: 0.4134
1030/1200 [========================>.....] - ETA: 0s - loss: 1.3174 - acc: 0.4214
1090/1200 [==========================>...] - ETA: 0s - loss: 1.3133 - acc: 0.4339
1150/1200 [===========================>..] - ETA: 0s - loss: 1.3085 - acc: 0.4435
1200/1200 [==============================] - 1s 1ms/step - loss: 1.3036 - acc: 0.4483 - val_loss: 1.2822 - val_acc: 0.3676
Current time ....1.355
Train on 3900 samples, validate on 99 samples
Epoch 1/1

  10/3900 [..............................] - ETA: 3s - loss: 2.5401 - acc: 0.3000
  70/3900 [..............................] - ETA: 3s - loss: 2.5343 - acc: 0.4571
 130/3900 [>.............................] - ETA: 3s - loss: 2.5336 - acc: 0.4538
 190/3900 [>.............................] - ETA: 3s - loss: 2.5339 - acc: 0.4368
 250/3900 [>.............................] - ETA: 3s - loss: 2.5338 - acc: 0.4320
 310/3900 [=>............................] - ETA: 3s - loss: 2.5327 - acc: 0.4194
 370/3900 [=>............................] - ETA: 3s - loss: 2.5332 - acc: 0.4054
 430/3900 [==>...........................] - ETA: 3s - loss: 2.5341 - acc: 0.3814
 490/3900 [==>...........................] - ETA: 3s - loss: 2.5334 - acc: 0.3857
 550/3900 [===>..........................] - ETA: 3s - loss: 2.5327 - acc: 0.3891
 610/3900 [===>..........................] - ETA: 3s - loss: 2.5323 - acc: 0.3934
 670/3900 [====>.........................] - ETA: 2s - loss: 2.5320 - acc: 0.3940
 730/3900 [====>.........................] - ETA: 2s - loss: 2.5319 - acc: 0.3877
 790/3900 [=====>........................] - ETA: 2s - loss: 2.5315 - acc: 0.3911
 850/3900 [=====>........................] - ETA: 2s - loss: 2.5315 - acc: 0.3929
 910/3900 [======>.......................] - ETA: 2s - loss: 2.5310 - acc: 0.3978
 970/3900 [======>.......................] - ETA: 2s - loss: 2.5307 - acc: 0.4010
1030/3900 [======>.......................] - ETA: 2s - loss: 2.5300 - acc: 0.4117
1090/3900 [=======>......................] - ETA: 2s - loss: 2.5293 - acc: 0.4147
1150/3900 [=======>......................] - ETA: 2s - loss: 2.5289 - acc: 0.4157
1210/3900 [========>.....................] - ETA: 2s - loss: 2.5286 - acc: 0.4149
1270/3900 [========>.....................] - ETA: 2s - loss: 2.5285 - acc: 0.4150
1330/3900 [=========>....................] - ETA: 2s - loss: 2.5282 - acc: 0.4090
1390/3900 [=========>....................] - ETA: 2s - loss: 2.5279 - acc: 0.4029
1450/3900 [==========>...................] - ETA: 2s - loss: 2.5278 - acc: 0.3966
1510/3900 [==========>...................] - ETA: 2s - loss: 2.5275 - acc: 0.3947
1570/3900 [===========>..................] - ETA: 2s - loss: 2.5271 - acc: 0.3917
1630/3900 [===========>..................] - ETA: 2s - loss: 2.5265 - acc: 0.3908
1690/3900 [============>.................] - ETA: 2s - loss: 2.5263 - acc: 0.3864
1750/3900 [============>.................] - ETA: 1s - loss: 2.5258 - acc: 0.3897
1810/3900 [============>.................] - ETA: 1s - loss: 2.5254 - acc: 0.3901
1870/3900 [=============>................] - ETA: 1s - loss: 2.5252 - acc: 0.3866
1930/3900 [=============>................] - ETA: 1s - loss: 2.5250 - acc: 0.3855
1990/3900 [==============>...............] - ETA: 1s - loss: 2.5245 - acc: 0.3849
2050/3900 [==============>...............] - ETA: 1s - loss: 2.5239 - acc: 0.3863
2110/3900 [===============>..............] - ETA: 1s - loss: 2.5235 - acc: 0.3872
2160/3900 [===============>..............] - ETA: 1s - loss: 2.5231 - acc: 0.3870
2220/3900 [================>.............] - ETA: 1s - loss: 2.5226 - acc: 0.3878
2280/3900 [================>.............] - ETA: 1s - loss: 2.5223 - acc: 0.3908
2340/3900 [=================>............] - ETA: 1s - loss: 2.5219 - acc: 0.3919
2400/3900 [=================>............] - ETA: 1s - loss: 2.5213 - acc: 0.3963
2460/3900 [=================>............] - ETA: 1s - loss: 2.5208 - acc: 0.3951
2520/3900 [==================>...........] - ETA: 1s - loss: 2.5202 - acc: 0.3980
2580/3900 [==================>...........] - ETA: 1s - loss: 2.5196 - acc: 0.3981
2640/3900 [===================>..........] - ETA: 1s - loss: 2.5192 - acc: 0.3966
2700/3900 [===================>..........] - ETA: 1s - loss: 2.5187 - acc: 0.3959
2760/3900 [====================>.........] - ETA: 1s - loss: 2.5183 - acc: 0.3931
2820/3900 [====================>.........] - ETA: 0s - loss: 2.5180 - acc: 0.3947
2880/3900 [=====================>........] - ETA: 0s - loss: 2.5175 - acc: 0.3938
2940/3900 [=====================>........] - ETA: 0s - loss: 2.5171 - acc: 0.3946
3000/3900 [======================>.......] - ETA: 0s - loss: 2.5166 - acc: 0.3960
3060/3900 [======================>.......] - ETA: 0s - loss: 2.5160 - acc: 0.3964
3120/3900 [=======================>......] - ETA: 0s - loss: 2.5153 - acc: 0.3971
3180/3900 [=======================>......] - ETA: 0s - loss: 2.5150 - acc: 0.3943
3240/3900 [=======================>......] - ETA: 0s - loss: 2.5145 - acc: 0.3948
3300/3900 [========================>.....] - ETA: 0s - loss: 2.5140 - acc: 0.3942
3360/3900 [========================>.....] - ETA: 0s - loss: 2.5135 - acc: 0.3943
3420/3900 [=========================>....] - ETA: 0s - loss: 2.5131 - acc: 0.3927
3480/3900 [=========================>....] - ETA: 0s - loss: 2.5125 - acc: 0.3940
3540/3900 [==========================>...] - ETA: 0s - loss: 2.5119 - acc: 0.3932
3600/3900 [==========================>...] - ETA: 0s - loss: 2.5113 - acc: 0.3956
3660/3900 [===========================>..] - ETA: 0s - loss: 2.5107 - acc: 0.3967
3720/3900 [===========================>..] - ETA: 0s - loss: 2.5103 - acc: 0.3978
3780/3900 [============================>.] - ETA: 0s - loss: 2.5095 - acc: 0.4011
3840/3900 [============================>.] - ETA: 0s - loss: 2.5090 - acc: 0.4013
3900/3900 [==============================] - 4s 911us/step - loss: 2.5084 - acc: 0.4015 - val_loss: 2.4955 - val_acc: 0.3232
Current time ....3.553
Train on 600 samples, validate on 86 samples
Epoch 1/1

 10/600 [..............................] - ETA: 0s - loss: 0.5988 - acc: 1.0000
 70/600 [==>...........................] - ETA: 0s - loss: 0.5838 - acc: 0.9714
130/600 [=====>........................] - ETA: 0s - loss: 0.5657 - acc: 0.9538
190/600 [========>.....................] - ETA: 0s - loss: 0.5662 - acc: 0.9211
250/600 [===========>..................] - ETA: 0s - loss: 0.5628 - acc: 0.9280
310/600 [==============>...............] - ETA: 0s - loss: 0.5573 - acc: 0.9355
360/600 [=================>............] - ETA: 0s - loss: 0.5550 - acc: 0.9361
420/600 [====================>.........] - ETA: 0s - loss: 0.5468 - acc: 0.9310
480/600 [=======================>......] - ETA: 0s - loss: 0.5386 - acc: 0.9375
540/600 [==========================>...] - ETA: 0s - loss: 0.5344 - acc: 0.9426
600/600 [==============================] - 1s 939us/step - loss: 0.5290 - acc: 0.9467 - val_loss: 0.5110 - val_acc: 0.9186
Current time ....0.564
Train on 1200 samples, validate on 68 samples
Epoch 1/1

  10/1200 [..............................] - ETA: 1s - loss: 1.2634 - acc: 0.6000
  70/1200 [>.............................] - ETA: 1s - loss: 1.1994 - acc: 0.5429
 130/1200 [==>...........................] - ETA: 0s - loss: 1.1682 - acc: 0.6154
 190/1200 [===>..........................] - ETA: 0s - loss: 1.1619 - acc: 0.6316
 250/1200 [=====>........................] - ETA: 0s - loss: 1.1547 - acc: 0.6440
 310/1200 [======>.......................] - ETA: 0s - loss: 1.1503 - acc: 0.6355
 370/1200 [========>.....................] - ETA: 0s - loss: 1.1434 - acc: 0.6324
 430/1200 [=========>....................] - ETA: 0s - loss: 1.1405 - acc: 0.6442
 490/1200 [===========>..................] - ETA: 0s - loss: 1.1410 - acc: 0.6388
 550/1200 [============>.................] - ETA: 0s - loss: 1.1393 - acc: 0.6345
 610/1200 [==============>...............] - ETA: 0s - loss: 1.1362 - acc: 0.6361
 670/1200 [===============>..............] - ETA: 0s - loss: 1.1259 - acc: 0.6343
 730/1200 [=================>............] - ETA: 0s - loss: 1.1202 - acc: 0.6342
 790/1200 [==================>...........] - ETA: 0s - loss: 1.1175 - acc: 0.6291
 850/1200 [====================>.........] - ETA: 0s - loss: 1.1131 - acc: 0.6294
 910/1200 [=====================>........] - ETA: 0s - loss: 1.1095 - acc: 0.6308
 970/1200 [=======================>......] - ETA: 0s - loss: 1.1024 - acc: 0.6351
1030/1200 [========================>.....] - ETA: 0s - loss: 1.0951 - acc: 0.6427
1080/1200 [==========================>...] - ETA: 0s - loss: 1.0884 - acc: 0.6444
1140/1200 [===========================>..] - ETA: 0s - loss: 1.0826 - acc: 0.6474
1200/1200 [==============================] - 1s 922us/step - loss: 1.0782 - acc: 0.6450 - val_loss: 1.1321 - val_acc: 0.4412
Current time ....1.106
Train on 3900 samples, validate on 99 samples
Epoch 1/1

  10/3900 [..............................] - ETA: 3s - loss: 2.4765 - acc: 0.2000
  70/3900 [..............................] - ETA: 3s - loss: 2.4659 - acc: 0.4143
 130/3900 [>.............................] - ETA: 3s - loss: 2.4695 - acc: 0.4231
 190/3900 [>.............................] - ETA: 3s - loss: 2.4671 - acc: 0.4526
 250/3900 [>.............................] - ETA: 3s - loss: 2.4654 - acc: 0.4760
 310/3900 [=>............................] - ETA: 3s - loss: 2.4650 - acc: 0.4677
 370/3900 [=>............................] - ETA: 3s - loss: 2.4644 - acc: 0.4432
 430/3900 [==>...........................] - ETA: 3s - loss: 2.4609 - acc: 0.4349
 490/3900 [==>...........................] - ETA: 3s - loss: 2.4599 - acc: 0.4245
 550/3900 [===>..........................] - ETA: 3s - loss: 2.4600 - acc: 0.4182
 610/3900 [===>..........................] - ETA: 2s - loss: 2.4600 - acc: 0.4180
 670/3900 [====>.........................] - ETA: 2s - loss: 2.4583 - acc: 0.4119
 730/3900 [====>.........................] - ETA: 2s - loss: 2.4567 - acc: 0.4082
 790/3900 [=====>........................] - ETA: 2s - loss: 2.4551 - acc: 0.3987
 850/3900 [=====>........................] - ETA: 2s - loss: 2.4549 - acc: 0.3882
 910/3900 [======>.......................] - ETA: 2s - loss: 2.4526 - acc: 0.3901
 970/3900 [======>.......................] - ETA: 2s - loss: 2.4515 - acc: 0.3845
1030/3900 [======>.......................] - ETA: 2s - loss: 2.4504 - acc: 0.3757
1090/3900 [=======>......................] - ETA: 2s - loss: 2.4491 - acc: 0.3716
1150/3900 [=======>......................] - ETA: 2s - loss: 2.4473 - acc: 0.3670
1210/3900 [========>.....................] - ETA: 2s - loss: 2.4469 - acc: 0.3620
1270/3900 [========>.....................] - ETA: 2s - loss: 2.4456 - acc: 0.3622
1330/3900 [=========>....................] - ETA: 2s - loss: 2.4443 - acc: 0.3594
1390/3900 [=========>....................] - ETA: 2s - loss: 2.4426 - acc: 0.3633
1450/3900 [==========>...................] - ETA: 2s - loss: 2.4417 - acc: 0.3600
1510/3900 [==========>...................] - ETA: 2s - loss: 2.4402 - acc: 0.3609
1570/3900 [===========>..................] - ETA: 2s - loss: 2.4385 - acc: 0.3631
1630/3900 [===========>..................] - ETA: 2s - loss: 2.4371 - acc: 0.3613
1690/3900 [============>.................] - ETA: 1s - loss: 2.4356 - acc: 0.3633
1750/3900 [============>.................] - ETA: 1s - loss: 2.4344 - acc: 0.3611
1810/3900 [============>.................] - ETA: 1s - loss: 2.4331 - acc: 0.3602
1870/3900 [=============>................] - ETA: 1s - loss: 2.4316 - acc: 0.3599
1930/3900 [=============>................] - ETA: 1s - loss: 2.4301 - acc: 0.3570
1990/3900 [==============>...............] - ETA: 1s - loss: 2.4290 - acc: 0.3538
2050/3900 [==============>...............] - ETA: 1s - loss: 2.4276 - acc: 0.3507
2110/3900 [===============>..............] - ETA: 1s - loss: 2.4266 - acc: 0.3502
2170/3900 [===============>..............] - ETA: 1s - loss: 2.4251 - acc: 0.3507
2230/3900 [================>.............] - ETA: 1s - loss: 2.4232 - acc: 0.3525
2290/3900 [================>.............] - ETA: 1s - loss: 2.4220 - acc: 0.3528
2350/3900 [=================>............] - ETA: 1s - loss: 2.4201 - acc: 0.3553
2410/3900 [=================>............] - ETA: 1s - loss: 2.4177 - acc: 0.3581
2470/3900 [==================>...........] - ETA: 1s - loss: 2.4157 - acc: 0.3563
2530/3900 [==================>...........] - ETA: 1s - loss: 2.4137 - acc: 0.3581
2590/3900 [==================>...........] - ETA: 1s - loss: 2.4121 - acc: 0.3583
2650/3900 [===================>..........] - ETA: 1s - loss: 2.4102 - acc: 0.3570
2710/3900 [===================>..........] - ETA: 1s - loss: 2.4087 - acc: 0.3542
2770/3900 [====================>.........] - ETA: 1s - loss: 2.4068 - acc: 0.3542
2830/3900 [====================>.........] - ETA: 0s - loss: 2.4046 - acc: 0.3544
2890/3900 [=====================>........] - ETA: 0s - loss: 2.4030 - acc: 0.3519
2950/3900 [=====================>........] - ETA: 0s - loss: 2.4016 - acc: 0.3525
3010/3900 [======================>.......] - ETA: 0s - loss: 2.3993 - acc: 0.3528
3070/3900 [======================>.......] - ETA: 0s - loss: 2.3972 - acc: 0.3518
3130/3900 [=======================>......] - ETA: 0s - loss: 2.3949 - acc: 0.3521
3190/3900 [=======================>......] - ETA: 0s - loss: 2.3929 - acc: 0.3505
3250/3900 [========================>.....] - ETA: 0s - loss: 2.3911 - acc: 0.3495
3310/3900 [========================>.....] - ETA: 0s - loss: 2.3887 - acc: 0.3483
3370/3900 [========================>.....] - ETA: 0s - loss: 2.3860 - acc: 0.3481
3430/3900 [=========================>....] - ETA: 0s - loss: 2.3836 - acc: 0.3496
3490/3900 [=========================>....] - ETA: 0s - loss: 2.3812 - acc: 0.3501
3550/3900 [==========================>...] - ETA: 0s - loss: 2.3790 - acc: 0.3521
3610/3900 [==========================>...] - ETA: 0s - loss: 2.3772 - acc: 0.3526
3670/3900 [===========================>..] - ETA: 0s - loss: 2.3744 - acc: 0.3556
3730/3900 [===========================>..] - ETA: 0s - loss: 2.3719 - acc: 0.3579
3790/3900 [============================>.] - ETA: 0s - loss: 2.3696 - acc: 0.3604
3850/3900 [============================>.] - ETA: 0s - loss: 2.3671 - acc: 0.3623
3900/3900 [==============================] - 4s 909us/step - loss: 2.3649 - acc: 0.3628 - val_loss: 2.2513 - val_acc: 0.3737
Current time ....3.545
Train on 600 samples, validate on 86 samples
Epoch 1/1

 10/600 [..............................] - ETA: 0s - loss: 0.5039 - acc: 1.0000
 70/600 [==>...........................] - ETA: 0s - loss: 0.4689 - acc: 0.9714
130/600 [=====>........................] - ETA: 0s - loss: 0.4489 - acc: 0.9615
190/600 [========>.....................] - ETA: 0s - loss: 0.4425 - acc: 0.9737
250/600 [===========>..................] - ETA: 0s - loss: 0.4300 - acc: 0.9760
310/600 [==============>...............] - ETA: 0s - loss: 0.4194 - acc: 0.9742
370/600 [=================>............] - ETA: 0s - loss: 0.4104 - acc: 0.9649
430/600 [====================>.........] - ETA: 0s - loss: 0.3978 - acc: 0.9698
490/600 [=======================>......] - ETA: 0s - loss: 0.3945 - acc: 0.9673
550/600 [==========================>...] - ETA: 0s - loss: 0.3838 - acc: 0.9709
600/600 [==============================] - 1s 929us/step - loss: 0.3757 - acc: 0.9733 - val_loss: 0.4265 - val_acc: 0.9186
Current time ....0.558
Train on 1200 samples, validate on 68 samples
Epoch 1/1

  10/1200 [..............................] - ETA: 1s - loss: 0.9425 - acc: 0.6000
  70/1200 [>.............................] - ETA: 1s - loss: 0.8251 - acc: 0.7286
 130/1200 [==>...........................] - ETA: 0s - loss: 0.8260 - acc: 0.7308
 190/1200 [===>..........................] - ETA: 0s - loss: 0.8489 - acc: 0.7105
 250/1200 [=====>........................] - ETA: 0s - loss: 0.8627 - acc: 0.7120
 310/1200 [======>.......................] - ETA: 0s - loss: 0.8743 - acc: 0.7032
 370/1200 [========>.....................] - ETA: 0s - loss: 0.8882 - acc: 0.6892
 430/1200 [=========>....................] - ETA: 0s - loss: 0.8800 - acc: 0.6814
 490/1200 [===========>..................] - ETA: 0s - loss: 0.8745 - acc: 0.6796
 550/1200 [============>.................] - ETA: 0s - loss: 0.8662 - acc: 0.6909
 610/1200 [==============>...............] - ETA: 0s - loss: 0.8662 - acc: 0.6902
 670/1200 [===============>..............] - ETA: 0s - loss: 0.8604 - acc: 0.6955
 730/1200 [=================>............] - ETA: 0s - loss: 0.8616 - acc: 0.6945
 790/1200 [==================>...........] - ETA: 0s - loss: 0.8493 - acc: 0.7051
 850/1200 [====================>.........] - ETA: 0s - loss: 0.8522 - acc: 0.7035
 910/1200 [=====================>........] - ETA: 0s - loss: 0.8472 - acc: 0.7077
 970/1200 [=======================>......] - ETA: 0s - loss: 0.8464 - acc: 0.7062
1030/1200 [========================>.....] - ETA: 0s - loss: 0.8423 - acc: 0.7107
1090/1200 [==========================>...] - ETA: 0s - loss: 0.8353 - acc: 0.7128
1150/1200 [===========================>..] - ETA: 0s - loss: 0.8329 - acc: 0.7157
1200/1200 [==============================] - 1s 907us/step - loss: 0.8280 - acc: 0.7175 - val_loss: 1.0005 - val_acc: 0.5294
Current time ....1.088
Train on 3900 samples, validate on 99 samples
Epoch 1/1

  10/3900 [..............................] - ETA: 3s - loss: 2.1401 - acc: 0.4000
  70/3900 [..............................] - ETA: 3s - loss: 2.2062 - acc: 0.3857
 120/3900 [..............................] - ETA: 3s - loss: 2.2017 - acc: 0.4083
 180/3900 [>.............................] - ETA: 3s - loss: 2.2088 - acc: 0.3778
 240/3900 [>.............................] - ETA: 3s - loss: 2.2028 - acc: 0.3792
 300/3900 [=>............................] - ETA: 3s - loss: 2.1889 - acc: 0.4033
 350/3900 [=>............................] - ETA: 3s - loss: 2.1824 - acc: 0.4200
 410/3900 [==>...........................] - ETA: 3s - loss: 2.1711 - acc: 0.4366
 470/3900 [==>...........................] - ETA: 3s - loss: 2.1677 - acc: 0.4362
 530/3900 [===>..........................] - ETA: 3s - loss: 2.1687 - acc: 0.4245
 590/3900 [===>..........................] - ETA: 3s - loss: 2.1656 - acc: 0.4203
 650/3900 [====>.........................] - ETA: 3s - loss: 2.1615 - acc: 0.4262
 710/3900 [====>.........................] - ETA: 2s - loss: 2.1562 - acc: 0.4268
 770/3900 [====>.........................] - ETA: 2s - loss: 2.1543 - acc: 0.4286
 830/3900 [=====>........................] - ETA: 2s - loss: 2.1488 - acc: 0.4398
 890/3900 [=====>........................] - ETA: 2s - loss: 2.1439 - acc: 0.4404
 950/3900 [======>.......................] - ETA: 2s - loss: 2.1419 - acc: 0.4305
1010/3900 [======>.......................] - ETA: 2s - loss: 2.1355 - acc: 0.4208
1070/3900 [=======>......................] - ETA: 2s - loss: 2.1340 - acc: 0.4224
1130/3900 [=======>......................] - ETA: 2s - loss: 2.1308 - acc: 0.4186
1190/3900 [========>.....................] - ETA: 2s - loss: 2.1256 - acc: 0.4218
1250/3900 [========>.....................] - ETA: 2s - loss: 2.1222 - acc: 0.4152
1310/3900 [=========>....................] - ETA: 2s - loss: 2.1181 - acc: 0.4214
1370/3900 [=========>....................] - ETA: 2s - loss: 2.1160 - acc: 0.4161
1430/3900 [==========>...................] - ETA: 2s - loss: 2.1135 - acc: 0.4154
1490/3900 [==========>...................] - ETA: 2s - loss: 2.1113 - acc: 0.4121
1550/3900 [==========>...................] - ETA: 2s - loss: 2.1062 - acc: 0.4123
1610/3900 [===========>..................] - ETA: 2s - loss: 2.1021 - acc: 0.4099
1670/3900 [===========>..................] - ETA: 2s - loss: 2.0991 - acc: 0.4078
1730/3900 [============>.................] - ETA: 1s - loss: 2.0961 - acc: 0.4069
1790/3900 [============>.................] - ETA: 1s - loss: 2.0944 - acc: 0.4073
1850/3900 [=============>................] - ETA: 1s - loss: 2.0902 - acc: 0.4103
1910/3900 [=============>................] - ETA: 1s - loss: 2.0864 - acc: 0.4105
1970/3900 [==============>...............] - ETA: 1s - loss: 2.0833 - acc: 0.4107
2030/3900 [==============>...............] - ETA: 1s - loss: 2.0788 - acc: 0.4094
2090/3900 [===============>..............] - ETA: 1s - loss: 2.0738 - acc: 0.4124
2150/3900 [===============>..............] - ETA: 1s - loss: 2.0706 - acc: 0.4149
2210/3900 [================>.............] - ETA: 1s - loss: 2.0681 - acc: 0.4122
2270/3900 [================>.............] - ETA: 1s - loss: 2.0649 - acc: 0.4145
2330/3900 [================>.............] - ETA: 1s - loss: 2.0606 - acc: 0.4142
2380/3900 [=================>............] - ETA: 1s - loss: 2.0585 - acc: 0.4143
2440/3900 [=================>............] - ETA: 1s - loss: 2.0562 - acc: 0.4115
2500/3900 [==================>...........] - ETA: 1s - loss: 2.0523 - acc: 0.4144
2560/3900 [==================>...........] - ETA: 1s - loss: 2.0494 - acc: 0.4129
2620/3900 [===================>..........] - ETA: 1s - loss: 2.0461 - acc: 0.4095
2680/3900 [===================>..........] - ETA: 1s - loss: 2.0430 - acc: 0.4078
2740/3900 [====================>.........] - ETA: 1s - loss: 2.0402 - acc: 0.4073
2800/3900 [====================>.........] - ETA: 0s - loss: 2.0370 - acc: 0.4039
2860/3900 [=====================>........] - ETA: 0s - loss: 2.0353 - acc: 0.4003
2920/3900 [=====================>........] - ETA: 0s - loss: 2.0332 - acc: 0.3983
2980/3900 [=====================>........] - ETA: 0s - loss: 2.0295 - acc: 0.3956
3040/3900 [======================>.......] - ETA: 0s - loss: 2.0273 - acc: 0.3938
3100/3900 [======================>.......] - ETA: 0s - loss: 2.0254 - acc: 0.3919
3160/3900 [=======================>......] - ETA: 0s - loss: 2.0227 - acc: 0.3905
3220/3900 [=======================>......] - ETA: 0s - loss: 2.0211 - acc: 0.3882
3280/3900 [========================>.....] - ETA: 0s - loss: 2.0179 - acc: 0.3887
3340/3900 [========================>.....] - ETA: 0s - loss: 2.0152 - acc: 0.3883
3400/3900 [=========================>....] - ETA: 0s - loss: 2.0126 - acc: 0.3894
3460/3900 [=========================>....] - ETA: 0s - loss: 2.0103 - acc: 0.3887
3520/3900 [==========================>...] - ETA: 0s - loss: 2.0072 - acc: 0.3895
3580/3900 [==========================>...] - ETA: 0s - loss: 2.0046 - acc: 0.3883
3640/3900 [===========================>..] - ETA: 0s - loss: 2.0028 - acc: 0.3868
3700/3900 [===========================>..] - ETA: 0s - loss: 2.0009 - acc: 0.3849
3760/3900 [===========================>..] - ETA: 0s - loss: 1.9980 - acc: 0.3862
3820/3900 [============================>.] - ETA: 0s - loss: 1.9948 - acc: 0.3872
3880/3900 [============================>.] - ETA: 0s - loss: 1.9921 - acc: 0.3858
3900/3900 [==============================] - 4s 910us/step - loss: 1.9906 - acc: 0.3851 - val_loss: 1.9211 - val_acc: 0.3737
Current time ....3.550
Train on 600 samples, validate on 86 samples
Epoch 1/1

 10/600 [..............................] - ETA: 0s - loss: 0.4289 - acc: 0.9000
 70/600 [==>...........................] - ETA: 0s - loss: 0.3067 - acc: 0.9857
130/600 [=====>........................] - ETA: 0s - loss: 0.3029 - acc: 0.9769
190/600 [========>.....................] - ETA: 0s - loss: 0.2956 - acc: 0.9789
250/600 [===========>..................] - ETA: 0s - loss: 0.2820 - acc: 0.9840
300/600 [==============>...............] - ETA: 0s - loss: 0.2777 - acc: 0.9833
360/600 [=================>............] - ETA: 0s - loss: 0.2709 - acc: 0.9833
420/600 [====================>.........] - ETA: 0s - loss: 0.2560 - acc: 0.9857
480/600 [=======================>......] - ETA: 0s - loss: 0.2486 - acc: 0.9854
540/600 [==========================>...] - ETA: 0s - loss: 0.2420 - acc: 0.9852
600/600 [==============================] - 1s 945us/step - loss: 0.2363 - acc: 0.9850 - val_loss: 0.3626 - val_acc: 0.9186
Current time ....0.567
Train on 1200 samples, validate on 68 samples
Epoch 1/1

  10/1200 [..............................] - ETA: 1s - loss: 0.5121 - acc: 1.0000
  70/1200 [>.............................] - ETA: 1s - loss: 0.6958 - acc: 0.7857
 130/1200 [==>...........................] - ETA: 0s - loss: 0.7096 - acc: 0.7538
 190/1200 [===>..........................] - ETA: 0s - loss: 0.7044 - acc: 0.7737
 250/1200 [=====>........................] - ETA: 0s - loss: 0.6750 - acc: 0.7920
 310/1200 [======>.......................] - ETA: 0s - loss: 0.6851 - acc: 0.7871
 370/1200 [========>.....................] - ETA: 0s - loss: 0.6857 - acc: 0.7811
 430/1200 [=========>....................] - ETA: 0s - loss: 0.6802 - acc: 0.7884
 490/1200 [===========>..................] - ETA: 0s - loss: 0.6784 - acc: 0.7837
 550/1200 [============>.................] - ETA: 0s - loss: 0.6724 - acc: 0.7855
 610/1200 [==============>...............] - ETA: 0s - loss: 0.6796 - acc: 0.7820
 670/1200 [===============>..............] - ETA: 0s - loss: 0.6684 - acc: 0.7806
 730/1200 [=================>............] - ETA: 0s - loss: 0.6607 - acc: 0.7836
 790/1200 [==================>...........] - ETA: 0s - loss: 0.6505 - acc: 0.7886
 850/1200 [====================>.........] - ETA: 0s - loss: 0.6500 - acc: 0.7894
 910/1200 [=====================>........] - ETA: 0s - loss: 0.6456 - acc: 0.7967
 970/1200 [=======================>......] - ETA: 0s - loss: 0.6412 - acc: 0.7959
1030/1200 [========================>.....] - ETA: 0s - loss: 0.6374 - acc: 0.8000
1090/1200 [==========================>...] - ETA: 0s - loss: 0.6278 - acc: 0.8064
1150/1200 [===========================>..] - ETA: 0s - loss: 0.6284 - acc: 0.8070
1200/1200 [==============================] - 1s 905us/step - loss: 0.6272 - acc: 0.8058 - val_loss: 0.8119 - val_acc: 0.5882
Current time ....1.086
Train on 3900 samples, validate on 99 samples
Epoch 1/1

  10/3900 [..............................] - ETA: 3s - loss: 1.8711 - acc: 0.2000
  70/3900 [..............................] - ETA: 3s - loss: 1.8353 - acc: 0.3571
 130/3900 [>.............................] - ETA: 3s - loss: 1.8422 - acc: 0.3692
 190/3900 [>.............................] - ETA: 3s - loss: 1.8336 - acc: 0.4000
 250/3900 [>.............................] - ETA: 3s - loss: 1.8282 - acc: 0.3800
 310/3900 [=>............................] - ETA: 3s - loss: 1.8244 - acc: 0.3710
 370/3900 [=>............................] - ETA: 3s - loss: 1.8186 - acc: 0.3649
 430/3900 [==>...........................] - ETA: 3s - loss: 1.8122 - acc: 0.3698
 490/3900 [==>...........................] - ETA: 3s - loss: 1.8130 - acc: 0.3796
 550/3900 [===>..........................] - ETA: 3s - loss: 1.8120 - acc: 0.3855
 610/3900 [===>..........................] - ETA: 2s - loss: 1.8088 - acc: 0.3836
 670/3900 [====>.........................] - ETA: 2s - loss: 1.8069 - acc: 0.3955
 730/3900 [====>.........................] - ETA: 2s - loss: 1.8040 - acc: 0.4000
 790/3900 [=====>........................] - ETA: 2s - loss: 1.8002 - acc: 0.4013
 850/3900 [=====>........................] - ETA: 2s - loss: 1.7994 - acc: 0.4024
 910/3900 [======>.......................] - ETA: 2s - loss: 1.7969 - acc: 0.4044
 970/3900 [======>.......................] - ETA: 2s - loss: 1.7942 - acc: 0.4021
1030/3900 [======>.......................] - ETA: 2s - loss: 1.7934 - acc: 0.4000
1090/3900 [=======>......................] - ETA: 2s - loss: 1.7948 - acc: 0.3927
1150/3900 [=======>......................] - ETA: 2s - loss: 1.7970 - acc: 0.3922
1210/3900 [========>.....................] - ETA: 2s - loss: 1.7913 - acc: 0.4017
1270/3900 [========>.....................] - ETA: 2s - loss: 1.7941 - acc: 0.3969
1330/3900 [=========>....................] - ETA: 2s - loss: 1.7946 - acc: 0.3970
1390/3900 [=========>....................] - ETA: 2s - loss: 1.7938 - acc: 0.4007
1450/3900 [==========>...................] - ETA: 2s - loss: 1.7932 - acc: 0.4014
1510/3900 [==========>...................] - ETA: 2s - loss: 1.7918 - acc: 0.4046
1570/3900 [===========>..................] - ETA: 2s - loss: 1.7890 - acc: 0.4096
1630/3900 [===========>..................] - ETA: 2s - loss: 1.7872 - acc: 0.4123
1690/3900 [============>.................] - ETA: 1s - loss: 1.7842 - acc: 0.4160
1750/3900 [============>.................] - ETA: 1s - loss: 1.7833 - acc: 0.4171
1810/3900 [============>.................] - ETA: 1s - loss: 1.7823 - acc: 0.4182
1870/3900 [=============>................] - ETA: 1s - loss: 1.7768 - acc: 0.4214
1930/3900 [=============>................] - ETA: 1s - loss: 1.7761 - acc: 0.4233
1990/3900 [==============>...............] - ETA: 1s - loss: 1.7808 - acc: 0.4181
2050/3900 [==============>...............] - ETA: 1s - loss: 1.7808 - acc: 0.4156
2110/3900 [===============>..............] - ETA: 1s - loss: 1.7798 - acc: 0.4137
2170/3900 [===============>..............] - ETA: 1s - loss: 1.7769 - acc: 0.4161
2230/3900 [================>.............] - ETA: 1s - loss: 1.7753 - acc: 0.4161
2290/3900 [================>.............] - ETA: 1s - loss: 1.7741 - acc: 0.4162
2350/3900 [=================>............] - ETA: 1s - loss: 1.7727 - acc: 0.4153
2410/3900 [=================>............] - ETA: 1s - loss: 1.7700 - acc: 0.4183
2470/3900 [==================>...........] - ETA: 1s - loss: 1.7704 - acc: 0.4170
2530/3900 [==================>...........] - ETA: 1s - loss: 1.7662 - acc: 0.4198
2590/3900 [==================>...........] - ETA: 1s - loss: 1.7635 - acc: 0.4208
2650/3900 [===================>..........] - ETA: 1s - loss: 1.7627 - acc: 0.4200
2710/3900 [===================>..........] - ETA: 1s - loss: 1.7607 - acc: 0.4203
2770/3900 [====================>.........] - ETA: 1s - loss: 1.7591 - acc: 0.4206
2830/3900 [====================>.........] - ETA: 0s - loss: 1.7580 - acc: 0.4208
2890/3900 [=====================>........] - ETA: 0s - loss: 1.7571 - acc: 0.4215
2950/3900 [=====================>........] - ETA: 0s - loss: 1.7548 - acc: 0.4244
3010/3900 [======================>.......] - ETA: 0s - loss: 1.7528 - acc: 0.4262
3070/3900 [======================>.......] - ETA: 0s - loss: 1.7534 - acc: 0.4261
3130/3900 [=======================>......] - ETA: 0s - loss: 1.7514 - acc: 0.4294
3190/3900 [=======================>......] - ETA: 0s - loss: 1.7498 - acc: 0.4317
3250/3900 [========================>.....] - ETA: 0s - loss: 1.7481 - acc: 0.4317
3310/3900 [========================>.....] - ETA: 0s - loss: 1.7476 - acc: 0.4296
3370/3900 [========================>.....] - ETA: 0s - loss: 1.7463 - acc: 0.4303
3420/3900 [=========================>....] - ETA: 0s - loss: 1.7445 - acc: 0.4325
3480/3900 [=========================>....] - ETA: 0s - loss: 1.7440 - acc: 0.4319
3540/3900 [==========================>...] - ETA: 0s - loss: 1.7425 - acc: 0.4339
3600/3900 [==========================>...] - ETA: 0s - loss: 1.7413 - acc: 0.4336
3660/3900 [===========================>..] - ETA: 0s - loss: 1.7407 - acc: 0.4328
3720/3900 [===========================>..] - ETA: 0s - loss: 1.7379 - acc: 0.4349
3780/3900 [============================>.] - ETA: 0s - loss: 1.7378 - acc: 0.4368
3840/3900 [============================>.] - ETA: 0s - loss: 1.7375 - acc: 0.4359
3900/3900 [==============================] - 4s 907us/step - loss: 1.7358 - acc: 0.4362 - val_loss: 1.7862 - val_acc: 0.4545
Current time ....3.538
Train on 600 samples, validate on 86 samples
Epoch 1/1

 10/600 [..............................] - ETA: 0s - loss: 0.2732 - acc: 1.0000
 70/600 [==>...........................] - ETA: 0s - loss: 0.1551 - acc: 1.0000
130/600 [=====>........................] - ETA: 0s - loss: 0.1707 - acc: 0.9846
190/600 [========>.....................] - ETA: 0s - loss: 0.1748 - acc: 0.9842
250/600 [===========>..................] - ETA: 0s - loss: 0.1773 - acc: 0.9840
310/600 [==============>...............] - ETA: 0s - loss: 0.1674 - acc: 0.9871
370/600 [=================>............] - ETA: 0s - loss: 0.1612 - acc: 0.9892
430/600 [====================>.........] - ETA: 0s - loss: 0.1564 - acc: 0.9860
490/600 [=======================>......] - ETA: 0s - loss: 0.1564 - acc: 0.9837
550/600 [==========================>...] - ETA: 0s - loss: 0.1519 - acc: 0.9855
600/600 [==============================] - 1s 924us/step - loss: 0.1527 - acc: 0.9867 - val_loss: 0.3878 - val_acc: 0.9186
Current time ....0.554
Train on 1200 samples, validate on 68 samples
Epoch 1/1

  10/1200 [..............................] - ETA: 1s - loss: 0.4648 - acc: 0.9000
  70/1200 [>.............................] - ETA: 0s - loss: 0.5090 - acc: 0.9000
 130/1200 [==>...........................] - ETA: 0s - loss: 0.4878 - acc: 0.8923
 190/1200 [===>..........................] - ETA: 0s - loss: 0.4799 - acc: 0.8842
 250/1200 [=====>........................] - ETA: 0s - loss: 0.4940 - acc: 0.8640
 310/1200 [======>.......................] - ETA: 0s - loss: 0.5064 - acc: 0.8484
 370/1200 [========>.....................] - ETA: 0s - loss: 0.5033 - acc: 0.8486
 430/1200 [=========>....................] - ETA: 0s - loss: 0.4894 - acc: 0.8512
 490/1200 [===========>..................] - ETA: 0s - loss: 0.4953 - acc: 0.8490
 550/1200 [============>.................] - ETA: 0s - loss: 0.4963 - acc: 0.8473
 610/1200 [==============>...............] - ETA: 0s - loss: 0.4879 - acc: 0.8492
 670/1200 [===============>..............] - ETA: 0s - loss: 0.4834 - acc: 0.8552
 730/1200 [=================>............] - ETA: 0s - loss: 0.4814 - acc: 0.8534
 790/1200 [==================>...........] - ETA: 0s - loss: 0.4745 - acc: 0.8570
 850/1200 [====================>.........] - ETA: 0s - loss: 0.4702 - acc: 0.8576
 910/1200 [=====================>........] - ETA: 0s - loss: 0.4678 - acc: 0.8560
 970/1200 [=======================>......] - ETA: 0s - loss: 0.4644 - acc: 0.8598
1030/1200 [========================>.....] - ETA: 0s - loss: 0.4625 - acc: 0.8602
1090/1200 [==========================>...] - ETA: 0s - loss: 0.4594 - acc: 0.8587
1150/1200 [===========================>..] - ETA: 0s - loss: 0.4575 - acc: 0.8565
1200/1200 [==============================] - 1s 908us/step - loss: 0.4552 - acc: 0.8575 - val_loss: 0.9012 - val_acc: 0.6471
Current time ....1.089
Train on 3900 samples, validate on 99 samples
Epoch 1/1

  10/3900 [..............................] - ETA: 3s - loss: 1.8225 - acc: 0.2000
  70/3900 [..............................] - ETA: 3s - loss: 1.6778 - acc: 0.3857
 130/3900 [>.............................] - ETA: 3s - loss: 1.6441 - acc: 0.4231
 190/3900 [>.............................] - ETA: 3s - loss: 1.6680 - acc: 0.4368
 250/3900 [>.............................] - ETA: 3s - loss: 1.6640 - acc: 0.4520
 310/3900 [=>............................] - ETA: 3s - loss: 1.6380 - acc: 0.4613
 370/3900 [=>............................] - ETA: 3s - loss: 1.6345 - acc: 0.4595
 430/3900 [==>...........................] - ETA: 3s - loss: 1.6458 - acc: 0.4512
 480/3900 [==>...........................] - ETA: 3s - loss: 1.6465 - acc: 0.4563
 540/3900 [===>..........................] - ETA: 3s - loss: 1.6360 - acc: 0.4722
 600/3900 [===>..........................] - ETA: 2s - loss: 1.6300 - acc: 0.4850
 660/3900 [====>.........................] - ETA: 2s - loss: 1.6289 - acc: 0.4818
 720/3900 [====>.........................] - ETA: 2s - loss: 1.6197 - acc: 0.4875
 780/3900 [=====>........................] - ETA: 2s - loss: 1.6167 - acc: 0.4846
 840/3900 [=====>........................] - ETA: 2s - loss: 1.6135 - acc: 0.4833
 900/3900 [=====>........................] - ETA: 2s - loss: 1.6174 - acc: 0.4822
 960/3900 [======>.......................] - ETA: 2s - loss: 1.6103 - acc: 0.4896
1020/3900 [======>.......................] - ETA: 2s - loss: 1.6098 - acc: 0.4912
1080/3900 [=======>......................] - ETA: 2s - loss: 1.6048 - acc: 0.4926
1140/3900 [=======>......................] - ETA: 2s - loss: 1.6030 - acc: 0.5000
1200/3900 [========>.....................] - ETA: 2s - loss: 1.6045 - acc: 0.4967
1260/3900 [========>.....................] - ETA: 2s - loss: 1.6039 - acc: 0.4984
1320/3900 [=========>....................] - ETA: 2s - loss: 1.6026 - acc: 0.4985
1380/3900 [=========>....................] - ETA: 2s - loss: 1.6022 - acc: 0.5000
1440/3900 [==========>...................] - ETA: 2s - loss: 1.5997 - acc: 0.5049
1500/3900 [==========>...................] - ETA: 2s - loss: 1.5952 - acc: 0.5107
1560/3900 [===========>..................] - ETA: 2s - loss: 1.5964 - acc: 0.5077
1620/3900 [===========>..................] - ETA: 2s - loss: 1.5926 - acc: 0.5080
1680/3900 [===========>..................] - ETA: 1s - loss: 1.5923 - acc: 0.5077
1740/3900 [============>.................] - ETA: 1s - loss: 1.5905 - acc: 0.5075
1800/3900 [============>.................] - ETA: 1s - loss: 1.5871 - acc: 0.5106
1860/3900 [=============>................] - ETA: 1s - loss: 1.5813 - acc: 0.5156
1920/3900 [=============>................] - ETA: 1s - loss: 1.5806 - acc: 0.5151
1980/3900 [==============>...............] - ETA: 1s - loss: 1.5787 - acc: 0.5162
2040/3900 [==============>...............] - ETA: 1s - loss: 1.5798 - acc: 0.5108
2100/3900 [===============>..............] - ETA: 1s - loss: 1.5787 - acc: 0.5114
2160/3900 [===============>..............] - ETA: 1s - loss: 1.5765 - acc: 0.5120
2220/3900 [================>.............] - ETA: 1s - loss: 1.5748 - acc: 0.5144
2280/3900 [================>.............] - ETA: 1s - loss: 1.5722 - acc: 0.5171
2340/3900 [=================>............] - ETA: 1s - loss: 1.5710 - acc: 0.5171
2400/3900 [=================>............] - ETA: 1s - loss: 1.5709 - acc: 0.5154
2460/3900 [=================>............] - ETA: 1s - loss: 1.5680 - acc: 0.5167
2520/3900 [==================>...........] - ETA: 1s - loss: 1.5683 - acc: 0.5167
2580/3900 [==================>...........] - ETA: 1s - loss: 1.5653 - acc: 0.5190
2640/3900 [===================>..........] - ETA: 1s - loss: 1.5620 - acc: 0.5208
2700/3900 [===================>..........] - ETA: 1s - loss: 1.5612 - acc: 0.5211
2760/3900 [====================>.........] - ETA: 1s - loss: 1.5615 - acc: 0.5203
2820/3900 [====================>.........] - ETA: 0s - loss: 1.5596 - acc: 0.5195
2880/3900 [=====================>........] - ETA: 0s - loss: 1.5585 - acc: 0.5198
2940/3900 [=====================>........] - ETA: 0s - loss: 1.5570 - acc: 0.5207
3000/3900 [======================>.......] - ETA: 0s - loss: 1.5541 - acc: 0.5227
3060/3900 [======================>.......] - ETA: 0s - loss: 1.5536 - acc: 0.5209
3120/3900 [=======================>......] - ETA: 0s - loss: 1.5513 - acc: 0.5208
3180/3900 [=======================>......] - ETA: 0s - loss: 1.5500 - acc: 0.5226
3230/3900 [=======================>......] - ETA: 0s - loss: 1.5504 - acc: 0.5211
3290/3900 [========================>.....] - ETA: 0s - loss: 1.5491 - acc: 0.5213
3350/3900 [========================>.....] - ETA: 0s - loss: 1.5453 - acc: 0.5230
3410/3900 [=========================>....] - ETA: 0s - loss: 1.5432 - acc: 0.5240
3470/3900 [=========================>....] - ETA: 0s - loss: 1.5391 - acc: 0.5274
3530/3900 [==========================>...] - ETA: 0s - loss: 1.5378 - acc: 0.5269
3590/3900 [==========================>...] - ETA: 0s - loss: 1.5360 - acc: 0.5265
3650/3900 [===========================>..] - ETA: 0s - loss: 1.5353 - acc: 0.5271
3710/3900 [===========================>..] - ETA: 0s - loss: 1.5324 - acc: 0.5278
3770/3900 [============================>.] - ETA: 0s - loss: 1.5296 - acc: 0.5300
3830/3900 [============================>.] - ETA: 0s - loss: 1.5279 - acc: 0.5308
3890/3900 [============================>.] - ETA: 0s - loss: 1.5270 - acc: 0.5306
3900/3900 [==============================] - 4s 902us/step - loss: 1.5265 - acc: 0.5310 - val_loss: 1.5920 - val_acc: 0.5051
Current time ....3.519
Train on 600 samples, validate on 86 samples
Epoch 1/1

 10/600 [..............................] - ETA: 0s - loss: 0.0929 - acc: 1.0000
 70/600 [==>...........................] - ETA: 0s - loss: 0.1346 - acc: 1.0000
130/600 [=====>........................] - ETA: 0s - loss: 0.1329 - acc: 0.9923
190/600 [========>.....................] - ETA: 0s - loss: 0.1230 - acc: 0.9895
250/600 [===========>..................] - ETA: 0s - loss: 0.1133 - acc: 0.9920
310/600 [==============>...............] - ETA: 0s - loss: 0.1045 - acc: 0.9903
370/600 [=================>............] - ETA: 0s - loss: 0.1033 - acc: 0.9919
430/600 [====================>.........] - ETA: 0s - loss: 0.0980 - acc: 0.9930
490/600 [=======================>......] - ETA: 0s - loss: 0.0997 - acc: 0.9918
550/600 [==========================>...] - ETA: 0s - loss: 0.0989 - acc: 0.9927
600/600 [==============================] - 1s 928us/step - loss: 0.1020 - acc: 0.9917 - val_loss: 0.3764 - val_acc: 0.9186
Current time ....0.557
Train on 1200 samples, validate on 68 samples
Epoch 1/1

  10/1200 [..............................] - ETA: 1s - loss: 0.1115 - acc: 1.0000
  70/1200 [>.............................] - ETA: 1s - loss: 0.2937 - acc: 0.9571
 130/1200 [==>...........................] - ETA: 0s - loss: 0.3460 - acc: 0.9462
 190/1200 [===>..........................] - ETA: 0s - loss: 0.3555 - acc: 0.9158
 250/1200 [=====>........................] - ETA: 0s - loss: 0.3692 - acc: 0.9160
 310/1200 [======>.......................] - ETA: 0s - loss: 0.3743 - acc: 0.9129
 370/1200 [========>.....................] - ETA: 0s - loss: 0.3613 - acc: 0.9162
 430/1200 [=========>....................] - ETA: 0s - loss: 0.3649 - acc: 0.9140
 490/1200 [===========>..................] - ETA: 0s - loss: 0.3525 - acc: 0.9184
 550/1200 [============>.................] - ETA: 0s - loss: 0.3601 - acc: 0.9145
 610/1200 [==============>...............] - ETA: 0s - loss: 0.3559 - acc: 0.9180
 670/1200 [===============>..............] - ETA: 0s - loss: 0.3443 - acc: 0.9209
 730/1200 [=================>............] - ETA: 0s - loss: 0.3485 - acc: 0.9151
 790/1200 [==================>...........] - ETA: 0s - loss: 0.3501 - acc: 0.9165
 850/1200 [====================>.........] - ETA: 0s - loss: 0.3419 - acc: 0.9176
 910/1200 [=====================>........] - ETA: 0s - loss: 0.3382 - acc: 0.9187
 970/1200 [=======================>......] - ETA: 0s - loss: 0.3390 - acc: 0.9165
1030/1200 [========================>.....] - ETA: 0s - loss: 0.3330 - acc: 0.9194
1090/1200 [==========================>...] - ETA: 0s - loss: 0.3327 - acc: 0.9220
1150/1200 [===========================>..] - ETA: 0s - loss: 0.3337 - acc: 0.9183
1200/1200 [==============================] - 1s 906us/step - loss: 0.3301 - acc: 0.9192 - val_loss: 0.7063 - val_acc: 0.6912
Current time ....1.088
Train on 3900 samples, validate on 99 samples
Epoch 1/1

  10/3900 [..............................] - ETA: 3s - loss: 1.4022 - acc: 0.6000
  70/3900 [..............................] - ETA: 3s - loss: 1.3432 - acc: 0.6714
 130/3900 [>.............................] - ETA: 3s - loss: 1.4019 - acc: 0.5615
 190/3900 [>.............................] - ETA: 3s - loss: 1.3687 - acc: 0.6053
 250/3900 [>.............................] - ETA: 3s - loss: 1.3697 - acc: 0.6160
 310/3900 [=>............................] - ETA: 3s - loss: 1.3841 - acc: 0.6000
 370/3900 [=>............................] - ETA: 3s - loss: 1.3706 - acc: 0.6081
 430/3900 [==>...........................] - ETA: 3s - loss: 1.3813 - acc: 0.5953
 490/3900 [==>...........................] - ETA: 3s - loss: 1.3710 - acc: 0.5939
 550/3900 [===>..........................] - ETA: 3s - loss: 1.3699 - acc: 0.5964
 610/3900 [===>..........................] - ETA: 2s - loss: 1.3739 - acc: 0.5967
 670/3900 [====>.........................] - ETA: 2s - loss: 1.3734 - acc: 0.5955
 730/3900 [====>.........................] - ETA: 2s - loss: 1.3768 - acc: 0.5932
 790/3900 [=====>........................] - ETA: 2s - loss: 1.3809 - acc: 0.5949
 850/3900 [=====>........................] - ETA: 2s - loss: 1.3861 - acc: 0.5929
 910/3900 [======>.......................] - ETA: 2s - loss: 1.3853 - acc: 0.5945
 970/3900 [======>.......................] - ETA: 2s - loss: 1.3851 - acc: 0.5938
1030/3900 [======>.......................] - ETA: 2s - loss: 1.3851 - acc: 0.5932
1090/3900 [=======>......................] - ETA: 2s - loss: 1.3771 - acc: 0.5954
1140/3900 [=======>......................] - ETA: 2s - loss: 1.3772 - acc: 0.5965
1200/3900 [========>.....................] - ETA: 2s - loss: 1.3759 - acc: 0.5975
1260/3900 [========>.....................] - ETA: 2s - loss: 1.3778 - acc: 0.5929
1320/3900 [=========>....................] - ETA: 2s - loss: 1.3749 - acc: 0.5894
1380/3900 [=========>....................] - ETA: 2s - loss: 1.3781 - acc: 0.5841
1440/3900 [==========>...................] - ETA: 2s - loss: 1.3724 - acc: 0.5847
1500/3900 [==========>...................] - ETA: 2s - loss: 1.3654 - acc: 0.5873
1560/3900 [===========>..................] - ETA: 2s - loss: 1.3653 - acc: 0.5853
1620/3900 [===========>..................] - ETA: 2s - loss: 1.3648 - acc: 0.5877
1680/3900 [===========>..................] - ETA: 1s - loss: 1.3634 - acc: 0.5869
1740/3900 [============>.................] - ETA: 1s - loss: 1.3613 - acc: 0.5862
1800/3900 [============>.................] - ETA: 1s - loss: 1.3621 - acc: 0.5861
1860/3900 [=============>................] - ETA: 1s - loss: 1.3609 - acc: 0.5871
1920/3900 [=============>................] - ETA: 1s - loss: 1.3583 - acc: 0.5896
1980/3900 [==============>...............] - ETA: 1s - loss: 1.3551 - acc: 0.5899
2040/3900 [==============>...............] - ETA: 1s - loss: 1.3545 - acc: 0.5897
2100/3900 [===============>..............] - ETA: 1s - loss: 1.3520 - acc: 0.5900
2160/3900 [===============>..............] - ETA: 1s - loss: 1.3497 - acc: 0.5898
2220/3900 [================>.............] - ETA: 1s - loss: 1.3482 - acc: 0.5923
2280/3900 [================>.............] - ETA: 1s - loss: 1.3425 - acc: 0.5947
2340/3900 [=================>............] - ETA: 1s - loss: 1.3406 - acc: 0.5949
2400/3900 [=================>............] - ETA: 1s - loss: 1.3400 - acc: 0.5946
2460/3900 [=================>............] - ETA: 1s - loss: 1.3347 - acc: 0.5980
2520/3900 [==================>...........] - ETA: 1s - loss: 1.3304 - acc: 0.5976
2580/3900 [==================>...........] - ETA: 1s - loss: 1.3269 - acc: 0.5992
2640/3900 [===================>..........] - ETA: 1s - loss: 1.3283 - acc: 0.5977
2700/3900 [===================>..........] - ETA: 1s - loss: 1.3241 - acc: 0.6007
2760/3900 [====================>.........] - ETA: 1s - loss: 1.3217 - acc: 0.6033
2820/3900 [====================>.........] - ETA: 0s - loss: 1.3203 - acc: 0.6032
2880/3900 [=====================>........] - ETA: 0s - loss: 1.3168 - acc: 0.6028
2940/3900 [=====================>........] - ETA: 0s - loss: 1.3166 - acc: 0.6024
3000/3900 [======================>.......] - ETA: 0s - loss: 1.3165 - acc: 0.6020
3060/3900 [======================>.......] - ETA: 0s - loss: 1.3128 - acc: 0.6039
3120/3900 [=======================>......] - ETA: 0s - loss: 1.3096 - acc: 0.6067
3180/3900 [=======================>......] - ETA: 0s - loss: 1.3096 - acc: 0.6053
3240/3900 [=======================>......] - ETA: 0s - loss: 1.3080 - acc: 0.6056
3300/3900 [========================>.....] - ETA: 0s - loss: 1.3061 - acc: 0.6055
3360/3900 [========================>.....] - ETA: 0s - loss: 1.3044 - acc: 0.6063
3420/3900 [=========================>....] - ETA: 0s - loss: 1.3032 - acc: 0.6056
3480/3900 [=========================>....] - ETA: 0s - loss: 1.3001 - acc: 0.6055
3540/3900 [==========================>...] - ETA: 0s - loss: 1.2993 - acc: 0.6042
3600/3900 [==========================>...] - ETA: 0s - loss: 1.2971 - acc: 0.6053
3660/3900 [===========================>..] - ETA: 0s - loss: 1.2955 - acc: 0.6057
3720/3900 [===========================>..] - ETA: 0s - loss: 1.2933 - acc: 0.6065
3780/3900 [============================>.] - ETA: 0s - loss: 1.2910 - acc: 0.6063
3840/3900 [============================>.] - ETA: 0s - loss: 1.2880 - acc: 0.6063
3900/3900 [==============================] - 4s 904us/step - loss: 1.2842 - acc: 0.6082 - val_loss: 1.6754 - val_acc: 0.4141
Current time ....3.526
Train on 600 samples, validate on 86 samples
Epoch 1/1

 10/600 [..............................] - ETA: 0s - loss: 0.0964 - acc: 1.0000
 70/600 [==>...........................] - ETA: 0s - loss: 0.0881 - acc: 1.0000
130/600 [=====>........................] - ETA: 0s - loss: 0.0779 - acc: 1.0000
190/600 [========>.....................] - ETA: 0s - loss: 0.0763 - acc: 0.9947
250/600 [===========>..................] - ETA: 0s - loss: 0.0734 - acc: 0.9960
310/600 [==============>...............] - ETA: 0s - loss: 0.0689 - acc: 0.9968
370/600 [=================>............] - ETA: 0s - loss: 0.0703 - acc: 0.9973
430/600 [====================>.........] - ETA: 0s - loss: 0.0734 - acc: 0.9953
490/600 [=======================>......] - ETA: 0s - loss: 0.0721 - acc: 0.9939
550/600 [==========================>...] - ETA: 0s - loss: 0.0728 - acc: 0.9927
600/600 [==============================] - 1s 925us/step - loss: 0.0711 - acc: 0.9933 - val_loss: 0.4423 - val_acc: 0.9070
Current time ....0.555
Train on 1200 samples, validate on 68 samples
Epoch 1/1

  10/1200 [..............................] - ETA: 1s - loss: 0.2811 - acc: 0.9000
  70/1200 [>.............................] - ETA: 1s - loss: 0.2670 - acc: 0.9571
 130/1200 [==>...........................] - ETA: 0s - loss: 0.2681 - acc: 0.9615
 190/1200 [===>..........................] - ETA: 0s - loss: 0.2785 - acc: 0.9474
 250/1200 [=====>........................] - ETA: 0s - loss: 0.2629 - acc: 0.9520
 310/1200 [======>.......................] - ETA: 0s - loss: 0.2543 - acc: 0.9484
 370/1200 [========>.....................] - ETA: 0s - loss: 0.2479 - acc: 0.9486
 430/1200 [=========>....................] - ETA: 0s - loss: 0.2547 - acc: 0.9442
 490/1200 [===========>..................] - ETA: 0s - loss: 0.2481 - acc: 0.9490
 550/1200 [============>.................] - ETA: 0s - loss: 0.2481 - acc: 0.9545
 610/1200 [==============>...............] - ETA: 0s - loss: 0.2430 - acc: 0.9574
 670/1200 [===============>..............] - ETA: 0s - loss: 0.2381 - acc: 0.9597
 730/1200 [=================>............] - ETA: 0s - loss: 0.2368 - acc: 0.9603
 790/1200 [==================>...........] - ETA: 0s - loss: 0.2487 - acc: 0.9532
 850/1200 [====================>.........] - ETA: 0s - loss: 0.2480 - acc: 0.9518
 910/1200 [=====================>........] - ETA: 0s - loss: 0.2471 - acc: 0.9516
 970/1200 [=======================>......] - ETA: 0s - loss: 0.2436 - acc: 0.9536
1030/1200 [========================>.....] - ETA: 0s - loss: 0.2419 - acc: 0.9534
1090/1200 [==========================>...] - ETA: 0s - loss: 0.2423 - acc: 0.9541
1150/1200 [===========================>..] - ETA: 0s - loss: 0.2455 - acc: 0.9530
1200/1200 [==============================] - 1s 908us/step - loss: 0.2456 - acc: 0.9533 - val_loss: 0.7377 - val_acc: 0.7500
Current time ....1.090
Train on 3900 samples, validate on 99 samples
Epoch 1/1

  10/3900 [..............................] - ETA: 3s - loss: 1.1620 - acc: 0.7000
  70/3900 [..............................] - ETA: 3s - loss: 1.0729 - acc: 0.6857
 120/3900 [..............................] - ETA: 3s - loss: 1.0958 - acc: 0.6417
 180/3900 [>.............................] - ETA: 3s - loss: 1.0622 - acc: 0.6611
 240/3900 [>.............................] - ETA: 3s - loss: 1.0711 - acc: 0.6458
 300/3900 [=>............................] - ETA: 3s - loss: 1.0597 - acc: 0.6433
 360/3900 [=>............................] - ETA: 3s - loss: 1.0801 - acc: 0.6389
 420/3900 [==>...........................] - ETA: 3s - loss: 1.0801 - acc: 0.6452
 480/3900 [==>...........................] - ETA: 3s - loss: 1.0945 - acc: 0.6333
 540/3900 [===>..........................] - ETA: 3s - loss: 1.1040 - acc: 0.6370
 600/3900 [===>..........................] - ETA: 2s - loss: 1.1053 - acc: 0.6417
 660/3900 [====>.........................] - ETA: 2s - loss: 1.1150 - acc: 0.6379
 720/3900 [====>.........................] - ETA: 2s - loss: 1.1274 - acc: 0.6319
 780/3900 [=====>........................] - ETA: 2s - loss: 1.1163 - acc: 0.6385
 840/3900 [=====>........................] - ETA: 2s - loss: 1.1223 - acc: 0.6345
 900/3900 [=====>........................] - ETA: 2s - loss: 1.1247 - acc: 0.6333
 960/3900 [======>.......................] - ETA: 2s - loss: 1.1235 - acc: 0.6344
1020/3900 [======>.......................] - ETA: 2s - loss: 1.1264 - acc: 0.6333
1080/3900 [=======>......................] - ETA: 2s - loss: 1.1268 - acc: 0.6315
1140/3900 [=======>......................] - ETA: 2s - loss: 1.1255 - acc: 0.6325
1200/3900 [========>.....................] - ETA: 2s - loss: 1.1197 - acc: 0.6358
1260/3900 [========>.....................] - ETA: 2s - loss: 1.1171 - acc: 0.6397
1320/3900 [=========>....................] - ETA: 2s - loss: 1.1140 - acc: 0.6417
1380/3900 [=========>....................] - ETA: 2s - loss: 1.1205 - acc: 0.6384
1440/3900 [==========>...................] - ETA: 2s - loss: 1.1167 - acc: 0.6417
1500/3900 [==========>...................] - ETA: 2s - loss: 1.1129 - acc: 0.6467
1560/3900 [===========>..................] - ETA: 2s - loss: 1.1083 - acc: 0.6506
1620/3900 [===========>..................] - ETA: 2s - loss: 1.1118 - acc: 0.6525
1670/3900 [===========>..................] - ETA: 2s - loss: 1.1091 - acc: 0.6533
1730/3900 [============>.................] - ETA: 1s - loss: 1.1053 - acc: 0.6532
1790/3900 [============>.................] - ETA: 1s - loss: 1.1021 - acc: 0.6536
1850/3900 [=============>................] - ETA: 1s - loss: 1.1015 - acc: 0.6530
1910/3900 [=============>................] - ETA: 1s - loss: 1.0970 - acc: 0.6550
1970/3900 [==============>...............] - ETA: 1s - loss: 1.0977 - acc: 0.6563
2030/3900 [==============>...............] - ETA: 1s - loss: 1.0924 - acc: 0.6581
2090/3900 [===============>..............] - ETA: 1s - loss: 1.0938 - acc: 0.6584
2150/3900 [===============>..............] - ETA: 1s - loss: 1.0904 - acc: 0.6595
2210/3900 [================>.............] - ETA: 1s - loss: 1.0914 - acc: 0.6579
2270/3900 [================>.............] - ETA: 1s - loss: 1.0858 - acc: 0.6621
2330/3900 [================>.............] - ETA: 1s - loss: 1.0860 - acc: 0.6627
2390/3900 [=================>............] - ETA: 1s - loss: 1.0857 - acc: 0.6623
2450/3900 [=================>............] - ETA: 1s - loss: 1.0896 - acc: 0.6588
2510/3900 [==================>...........] - ETA: 1s - loss: 1.0872 - acc: 0.6602
2570/3900 [==================>...........] - ETA: 1s - loss: 1.0839 - acc: 0.6615
2630/3900 [===================>..........] - ETA: 1s - loss: 1.0822 - acc: 0.6631
2690/3900 [===================>..........] - ETA: 1s - loss: 1.0816 - acc: 0.6617
2750/3900 [====================>.........] - ETA: 1s - loss: 1.0810 - acc: 0.6625
2810/3900 [====================>.........] - ETA: 0s - loss: 1.0782 - acc: 0.6644
2870/3900 [=====================>........] - ETA: 0s - loss: 1.0764 - acc: 0.6662
2930/3900 [=====================>........] - ETA: 0s - loss: 1.0767 - acc: 0.6635
2990/3900 [======================>.......] - ETA: 0s - loss: 1.0716 - acc: 0.6669
3050/3900 [======================>.......] - ETA: 0s - loss: 1.0721 - acc: 0.6659
3110/3900 [======================>.......] - ETA: 0s - loss: 1.0723 - acc: 0.6666
3170/3900 [=======================>......] - ETA: 0s - loss: 1.0676 - acc: 0.6681
3230/3900 [=======================>......] - ETA: 0s - loss: 1.0650 - acc: 0.6687
3290/3900 [========================>.....] - ETA: 0s - loss: 1.0642 - acc: 0.6690
3350/3900 [========================>.....] - ETA: 0s - loss: 1.0632 - acc: 0.6681
3410/3900 [=========================>....] - ETA: 0s - loss: 1.0617 - acc: 0.6689
3470/3900 [=========================>....] - ETA: 0s - loss: 1.0611 - acc: 0.6689
3530/3900 [==========================>...] - ETA: 0s - loss: 1.0592 - acc: 0.6694
3590/3900 [==========================>...] - ETA: 0s - loss: 1.0578 - acc: 0.6708
3650/3900 [===========================>..] - ETA: 0s - loss: 1.0556 - acc: 0.6712
3710/3900 [===========================>..] - ETA: 0s - loss: 1.0545 - acc: 0.6712
3770/3900 [============================>.] - ETA: 0s - loss: 1.0518 - acc: 0.6724
3830/3900 [============================>.] - ETA: 0s - loss: 1.0521 - acc: 0.6713
3880/3900 [============================>.] - ETA: 0s - loss: 1.0499 - acc: 0.6722
3900/3900 [==============================] - 4s 907us/step - loss: 1.0490 - acc: 0.6723 - val_loss: 1.4230 - val_acc: 0.5051
Current time ....3.539
Train on 600 samples, validate on 86 samples
Epoch 1/1

 10/600 [..............................] - ETA: 0s - loss: 0.0988 - acc: 1.0000
 70/600 [==>...........................] - ETA: 0s - loss: 0.0518 - acc: 1.0000
130/600 [=====>........................] - ETA: 0s - loss: 0.0538 - acc: 1.0000
190/600 [========>.....................] - ETA: 0s - loss: 0.0433 - acc: 1.0000
250/600 [===========>..................] - ETA: 0s - loss: 0.0513 - acc: 0.9960
310/600 [==============>...............] - ETA: 0s - loss: 0.0515 - acc: 0.9968
370/600 [=================>............] - ETA: 0s - loss: 0.0497 - acc: 0.9973
430/600 [====================>.........] - ETA: 0s - loss: 0.0502 - acc: 0.9977
490/600 [=======================>......] - ETA: 0s - loss: 0.0500 - acc: 0.9959
550/600 [==========================>...] - ETA: 0s - loss: 0.0534 - acc: 0.9964
600/600 [==============================] - 1s 923us/step - loss: 0.0530 - acc: 0.9967 - val_loss: 0.4230 - val_acc: 0.9186
Current time ....0.554
Train on 1200 samples, validate on 68 samples
Epoch 1/1

  10/1200 [..............................] - ETA: 1s - loss: 0.1289 - acc: 1.0000
  70/1200 [>.............................] - ETA: 1s - loss: 0.2380 - acc: 0.9143
 130/1200 [==>...........................] - ETA: 0s - loss: 0.2016 - acc: 0.9462
 190/1200 [===>..........................] - ETA: 0s - loss: 0.2170 - acc: 0.9526
 250/1200 [=====>........................] - ETA: 0s - loss: 0.1953 - acc: 0.9560
 310/1200 [======>.......................] - ETA: 0s - loss: 0.1966 - acc: 0.9548
 370/1200 [========>.....................] - ETA: 0s - loss: 0.2052 - acc: 0.9541
 430/1200 [=========>....................] - ETA: 0s - loss: 0.2061 - acc: 0.9535
 490/1200 [===========>..................] - ETA: 0s - loss: 0.2044 - acc: 0.9551
 550/1200 [============>.................] - ETA: 0s - loss: 0.1990 - acc: 0.9564
 610/1200 [==============>...............] - ETA: 0s - loss: 0.1929 - acc: 0.9590
 670/1200 [===============>..............] - ETA: 0s - loss: 0.1933 - acc: 0.9567
 730/1200 [=================>............] - ETA: 0s - loss: 0.1865 - acc: 0.9603
 790/1200 [==================>...........] - ETA: 0s - loss: 0.1859 - acc: 0.9620
 850/1200 [====================>.........] - ETA: 0s - loss: 0.1819 - acc: 0.9635
 910/1200 [=====================>........] - ETA: 0s - loss: 0.1806 - acc: 0.9637
 970/1200 [=======================>......] - ETA: 0s - loss: 0.1794 - acc: 0.9629
1030/1200 [========================>.....] - ETA: 0s - loss: 0.1771 - acc: 0.9641
1090/1200 [==========================>...] - ETA: 0s - loss: 0.1792 - acc: 0.9624
1150/1200 [===========================>..] - ETA: 0s - loss: 0.1769 - acc: 0.9626
1200/1200 [==============================] - 1s 913us/step - loss: 0.1752 - acc: 0.9625 - val_loss: 0.7064 - val_acc: 0.6912
Current time ....1.096
Train on 3900 samples, validate on 99 samples
Epoch 1/1

  10/3900 [..............................] - ETA: 3s - loss: 0.8026 - acc: 0.8000
  70/3900 [..............................] - ETA: 3s - loss: 0.7956 - acc: 0.7714
 130/3900 [>.............................] - ETA: 3s - loss: 0.7938 - acc: 0.7462
 190/3900 [>.............................] - ETA: 3s - loss: 0.8756 - acc: 0.7211
 250/3900 [>.............................] - ETA: 3s - loss: 0.8936 - acc: 0.7080
 310/3900 [=>............................] - ETA: 3s - loss: 0.8827 - acc: 0.7161
 370/3900 [=>............................] - ETA: 3s - loss: 0.8853 - acc: 0.7189
 430/3900 [==>...........................] - ETA: 3s - loss: 0.8783 - acc: 0.7186
 490/3900 [==>...........................] - ETA: 3s - loss: 0.8821 - acc: 0.7224
 550/3900 [===>..........................] - ETA: 3s - loss: 0.8873 - acc: 0.7255
 610/3900 [===>..........................] - ETA: 2s - loss: 0.8890 - acc: 0.7262
 670/3900 [====>.........................] - ETA: 2s - loss: 0.8926 - acc: 0.7254
 730/3900 [====>.........................] - ETA: 2s - loss: 0.8867 - acc: 0.7233
 790/3900 [=====>........................] - ETA: 2s - loss: 0.8855 - acc: 0.7291
 850/3900 [=====>........................] - ETA: 2s - loss: 0.8873 - acc: 0.7282
 910/3900 [======>.......................] - ETA: 2s - loss: 0.8895 - acc: 0.7286
 970/3900 [======>.......................] - ETA: 2s - loss: 0.8839 - acc: 0.7299
1030/3900 [======>.......................] - ETA: 2s - loss: 0.8920 - acc: 0.7282
1090/3900 [=======>......................] - ETA: 2s - loss: 0.8957 - acc: 0.7257
1150/3900 [=======>......................] - ETA: 2s - loss: 0.8960 - acc: 0.7252
1210/3900 [========>.....................] - ETA: 2s - loss: 0.8848 - acc: 0.7289
1270/3900 [========>.....................] - ETA: 2s - loss: 0.8783 - acc: 0.7307
1330/3900 [=========>....................] - ETA: 2s - loss: 0.8748 - acc: 0.7316
1390/3900 [=========>....................] - ETA: 2s - loss: 0.8795 - acc: 0.7273
1450/3900 [==========>...................] - ETA: 2s - loss: 0.8836 - acc: 0.7241
1510/3900 [==========>...................] - ETA: 2s - loss: 0.8805 - acc: 0.7252
1570/3900 [===========>..................] - ETA: 2s - loss: 0.8822 - acc: 0.7223
1630/3900 [===========>..................] - ETA: 2s - loss: 0.8778 - acc: 0.7252
1690/3900 [============>.................] - ETA: 1s - loss: 0.8761 - acc: 0.7266
1750/3900 [============>.................] - ETA: 1s - loss: 0.8740 - acc: 0.7269
1800/3900 [============>.................] - ETA: 1s - loss: 0.8752 - acc: 0.7250
1860/3900 [=============>................] - ETA: 1s - loss: 0.8756 - acc: 0.7253
1920/3900 [=============>................] - ETA: 1s - loss: 0.8723 - acc: 0.7276
1980/3900 [==============>...............] - ETA: 1s - loss: 0.8719 - acc: 0.7283
2040/3900 [==============>...............] - ETA: 1s - loss: 0.8710 - acc: 0.7275
2100/3900 [===============>..............] - ETA: 1s - loss: 0.8693 - acc: 0.7262
2160/3900 [===============>..............] - ETA: 1s - loss: 0.8668 - acc: 0.7273
2220/3900 [================>.............] - ETA: 1s - loss: 0.8643 - acc: 0.7288
2280/3900 [================>.............] - ETA: 1s - loss: 0.8644 - acc: 0.7289
2340/3900 [=================>............] - ETA: 1s - loss: 0.8633 - acc: 0.7291
2400/3900 [=================>............] - ETA: 1s - loss: 0.8629 - acc: 0.7292
2460/3900 [=================>............] - ETA: 1s - loss: 0.8627 - acc: 0.7289
2520/3900 [==================>...........] - ETA: 1s - loss: 0.8632 - acc: 0.7290
2580/3900 [==================>...........] - ETA: 1s - loss: 0.8634 - acc: 0.7287
2640/3900 [===================>..........] - ETA: 1s - loss: 0.8647 - acc: 0.7284
2700/3900 [===================>..........] - ETA: 1s - loss: 0.8605 - acc: 0.7304
2760/3900 [====================>.........] - ETA: 1s - loss: 0.8615 - acc: 0.7293
2820/3900 [====================>.........] - ETA: 0s - loss: 0.8626 - acc: 0.7284
2880/3900 [=====================>........] - ETA: 0s - loss: 0.8643 - acc: 0.7271
2940/3900 [=====================>........] - ETA: 0s - loss: 0.8635 - acc: 0.7262
3000/3900 [======================>.......] - ETA: 0s - loss: 0.8627 - acc: 0.7253
3060/3900 [======================>.......] - ETA: 0s - loss: 0.8617 - acc: 0.7265
3120/3900 [=======================>......] - ETA: 0s - loss: 0.8623 - acc: 0.7263
3180/3900 [=======================>......] - ETA: 0s - loss: 0.8621 - acc: 0.7261
3230/3900 [=======================>......] - ETA: 0s - loss: 0.8612 - acc: 0.7266
3290/3900 [========================>.....] - ETA: 0s - loss: 0.8595 - acc: 0.7255
3350/3900 [========================>.....] - ETA: 0s - loss: 0.8608 - acc: 0.7248
3410/3900 [=========================>....] - ETA: 0s - loss: 0.8609 - acc: 0.7243
3470/3900 [=========================>....] - ETA: 0s - loss: 0.8619 - acc: 0.7233
3530/3900 [==========================>...] - ETA: 0s - loss: 0.8585 - acc: 0.7255
3590/3900 [==========================>...] - ETA: 0s - loss: 0.8556 - acc: 0.7267
3650/3900 [===========================>..] - ETA: 0s - loss: 0.8535 - acc: 0.7277
3710/3900 [===========================>..] - ETA: 0s - loss: 0.8542 - acc: 0.7270
3770/3900 [============================>.] - ETA: 0s - loss: 0.8519 - acc: 0.7284
3830/3900 [============================>.] - ETA: 0s - loss: 0.8504 - acc: 0.7285
3890/3900 [============================>.] - ETA: 0s - loss: 0.8513 - acc: 0.7285
3900/3900 [==============================] - 4s 907us/step - loss: 0.8502 - acc: 0.7290 - val_loss: 1.5626 - val_acc: 0.4343
Current time ....3.539
Train on 600 samples, validate on 86 samples
Epoch 1/1

 10/600 [..............................] - ETA: 0s - loss: 0.0210 - acc: 1.0000
 70/600 [==>...........................] - ETA: 0s - loss: 0.0527 - acc: 1.0000
130/600 [=====>........................] - ETA: 0s - loss: 0.0529 - acc: 1.0000
190/600 [========>.....................] - ETA: 0s - loss: 0.0468 - acc: 1.0000
250/600 [===========>..................] - ETA: 0s - loss: 0.0506 - acc: 1.0000
310/600 [==============>...............] - ETA: 0s - loss: 0.0481 - acc: 1.0000
370/600 [=================>............] - ETA: 0s - loss: 0.0459 - acc: 1.0000
430/600 [====================>.........] - ETA: 0s - loss: 0.0435 - acc: 1.0000
490/600 [=======================>......] - ETA: 0s - loss: 0.0432 - acc: 0.9980
550/600 [==========================>...] - ETA: 0s - loss: 0.0423 - acc: 0.9964
600/600 [==============================] - 1s 929us/step - loss: 0.0421 - acc: 0.9967 - val_loss: 0.4731 - val_acc: 0.9186
Current time ....0.558
Train on 1200 samples, validate on 68 samples
Epoch 1/1

  10/1200 [..............................] - ETA: 1s - loss: 0.1399 - acc: 1.0000
  70/1200 [>.............................] - ETA: 1s - loss: 0.1485 - acc: 0.9714
 130/1200 [==>...........................] - ETA: 0s - loss: 0.1398 - acc: 0.9692
 190/1200 [===>..........................] - ETA: 0s - loss: 0.1262 - acc: 0.9789
 250/1200 [=====>........................] - ETA: 0s - loss: 0.1216 - acc: 0.9840
 310/1200 [======>.......................] - ETA: 0s - loss: 0.1277 - acc: 0.9710
 370/1200 [========>.....................] - ETA: 0s - loss: 0.1253 - acc: 0.9757
 430/1200 [=========>....................] - ETA: 0s - loss: 0.1221 - acc: 0.9767
 490/1200 [===========>..................] - ETA: 0s - loss: 0.1239 - acc: 0.9755
 550/1200 [============>.................] - ETA: 0s - loss: 0.1265 - acc: 0.9782
 610/1200 [==============>...............] - ETA: 0s - loss: 0.1257 - acc: 0.9787
 670/1200 [===============>..............] - ETA: 0s - loss: 0.1244 - acc: 0.9791
 730/1200 [=================>............] - ETA: 0s - loss: 0.1205 - acc: 0.9808
 790/1200 [==================>...........] - ETA: 0s - loss: 0.1188 - acc: 0.9823
 850/1200 [====================>.........] - ETA: 0s - loss: 0.1239 - acc: 0.9800
 910/1200 [=====================>........] - ETA: 0s - loss: 0.1243 - acc: 0.9780
 970/1200 [=======================>......] - ETA: 0s - loss: 0.1258 - acc: 0.9794
1030/1200 [========================>.....] - ETA: 0s - loss: 0.1278 - acc: 0.9767
1090/1200 [==========================>...] - ETA: 0s - loss: 0.1252 - acc: 0.9771
1150/1200 [===========================>..] - ETA: 0s - loss: 0.1238 - acc: 0.9774
1200/1200 [==============================] - 1s 907us/step - loss: 0.1230 - acc: 0.9775 - val_loss: 0.7280 - val_acc: 0.7353
Current time ....1.088
Train on 3900 samples, validate on 99 samples
Epoch 1/1

  10/3900 [..............................] - ETA: 3s - loss: 0.6025 - acc: 0.9000
  70/3900 [..............................] - ETA: 3s - loss: 0.6543 - acc: 0.8714
 130/3900 [>.............................] - ETA: 3s - loss: 0.7038 - acc: 0.8308
 190/3900 [>.............................] - ETA: 3s - loss: 0.7493 - acc: 0.7947
 250/3900 [>.............................] - ETA: 3s - loss: 0.7670 - acc: 0.7840
 310/3900 [=>............................] - ETA: 3s - loss: 0.7702 - acc: 0.7677
 370/3900 [=>............................] - ETA: 3s - loss: 0.7761 - acc: 0.7459
 430/3900 [==>...........................] - ETA: 3s - loss: 0.7670 - acc: 0.7442
 490/3900 [==>...........................] - ETA: 3s - loss: 0.7683 - acc: 0.7429
 550/3900 [===>..........................] - ETA: 2s - loss: 0.7607 - acc: 0.7473
 610/3900 [===>..........................] - ETA: 2s - loss: 0.7607 - acc: 0.7525
 670/3900 [====>.........................] - ETA: 2s - loss: 0.7471 - acc: 0.7567
 730/3900 [====>.........................] - ETA: 2s - loss: 0.7437 - acc: 0.7562
 790/3900 [=====>........................] - ETA: 2s - loss: 0.7446 - acc: 0.7544
 850/3900 [=====>........................] - ETA: 2s - loss: 0.7563 - acc: 0.7518
 910/3900 [======>.......................] - ETA: 2s - loss: 0.7562 - acc: 0.7495
 970/3900 [======>.......................] - ETA: 2s - loss: 0.7535 - acc: 0.7526
1030/3900 [======>.......................] - ETA: 2s - loss: 0.7558 - acc: 0.7485
1090/3900 [=======>......................] - ETA: 2s - loss: 0.7577 - acc: 0.7450
1150/3900 [=======>......................] - ETA: 2s - loss: 0.7482 - acc: 0.7513
1210/3900 [========>.....................] - ETA: 2s - loss: 0.7476 - acc: 0.7529
1270/3900 [========>.....................] - ETA: 2s - loss: 0.7446 - acc: 0.7551
1330/3900 [=========>....................] - ETA: 2s - loss: 0.7474 - acc: 0.7534
1390/3900 [=========>....................] - ETA: 2s - loss: 0.7462 - acc: 0.7547
1450/3900 [==========>...................] - ETA: 2s - loss: 0.7456 - acc: 0.7538
1510/3900 [==========>...................] - ETA: 2s - loss: 0.7495 - acc: 0.7517
1570/3900 [===========>..................] - ETA: 2s - loss: 0.7486 - acc: 0.7541
1630/3900 [===========>..................] - ETA: 2s - loss: 0.7409 - acc: 0.7571
1690/3900 [============>.................] - ETA: 1s - loss: 0.7405 - acc: 0.7562
1750/3900 [============>.................] - ETA: 1s - loss: 0.7373 - acc: 0.7571
1810/3900 [============>.................] - ETA: 1s - loss: 0.7357 - acc: 0.7575
1860/3900 [=============>................] - ETA: 1s - loss: 0.7373 - acc: 0.7586
1920/3900 [=============>................] - ETA: 1s - loss: 0.7381 - acc: 0.7578
1980/3900 [==============>...............] - ETA: 1s - loss: 0.7361 - acc: 0.7606
2040/3900 [==============>...............] - ETA: 1s - loss: 0.7305 - acc: 0.7642
2100/3900 [===============>..............] - ETA: 1s - loss: 0.7276 - acc: 0.7657
2160/3900 [===============>..............] - ETA: 1s - loss: 0.7249 - acc: 0.7676
2220/3900 [================>.............] - ETA: 1s - loss: 0.7257 - acc: 0.7671
2280/3900 [================>.............] - ETA: 1s - loss: 0.7223 - acc: 0.7680
2340/3900 [=================>............] - ETA: 1s - loss: 0.7241 - acc: 0.7671
2400/3900 [=================>............] - ETA: 1s - loss: 0.7216 - acc: 0.7671
2460/3900 [=================>............] - ETA: 1s - loss: 0.7158 - acc: 0.7687
2520/3900 [==================>...........] - ETA: 1s - loss: 0.7117 - acc: 0.7702
2580/3900 [==================>...........] - ETA: 1s - loss: 0.7099 - acc: 0.7702
2640/3900 [===================>..........] - ETA: 1s - loss: 0.7081 - acc: 0.7701
2700/3900 [===================>..........] - ETA: 1s - loss: 0.7079 - acc: 0.7693
2760/3900 [====================>.........] - ETA: 1s - loss: 0.7033 - acc: 0.7714
2820/3900 [====================>.........] - ETA: 0s - loss: 0.7044 - acc: 0.7706
2880/3900 [=====================>........] - ETA: 0s - loss: 0.7045 - acc: 0.7698
2940/3900 [=====================>........] - ETA: 0s - loss: 0.7046 - acc: 0.7690
3000/3900 [======================>.......] - ETA: 0s - loss: 0.7072 - acc: 0.7680
3060/3900 [======================>.......] - ETA: 0s - loss: 0.7057 - acc: 0.7690
3120/3900 [=======================>......] - ETA: 0s - loss: 0.7050 - acc: 0.7699
3180/3900 [=======================>......] - ETA: 0s - loss: 0.7027 - acc: 0.7711
3240/3900 [=======================>......] - ETA: 0s - loss: 0.7047 - acc: 0.7710
3300/3900 [========================>.....] - ETA: 0s - loss: 0.7034 - acc: 0.7709
3360/3900 [========================>.....] - ETA: 0s - loss: 0.7039 - acc: 0.7699
3420/3900 [=========================>....] - ETA: 0s - loss: 0.7035 - acc: 0.7705
3480/3900 [=========================>....] - ETA: 0s - loss: 0.7024 - acc: 0.7716
3540/3900 [==========================>...] - ETA: 0s - loss: 0.7028 - acc: 0.7706
3600/3900 [==========================>...] - ETA: 0s - loss: 0.7018 - acc: 0.7703
3660/3900 [===========================>..] - ETA: 0s - loss: 0.6993 - acc: 0.7719
3720/3900 [===========================>..] - ETA: 0s - loss: 0.6984 - acc: 0.7715
3780/3900 [============================>.] - ETA: 0s - loss: 0.6972 - acc: 0.7714
3840/3900 [============================>.] - ETA: 0s - loss: 0.6976 - acc: 0.7708
3900/3900 [==============================] - 4s 904us/step - loss: 0.6975 - acc: 0.7703 - val_loss: 1.5654 - val_acc: 0.4646
Current time ....3.524
Train on 600 samples, validate on 86 samples
Epoch 1/1

 10/600 [..............................] - ETA: 0s - loss: 0.0848 - acc: 1.0000
 70/600 [==>...........................] - ETA: 0s - loss: 0.0255 - acc: 1.0000
130/600 [=====>........................] - ETA: 0s - loss: 0.0306 - acc: 1.0000
190/600 [========>.....................] - ETA: 0s - loss: 0.0297 - acc: 1.0000
250/600 [===========>..................] - ETA: 0s - loss: 0.0327 - acc: 1.0000
310/600 [==============>...............] - ETA: 0s - loss: 0.0304 - acc: 1.0000
370/600 [=================>............] - ETA: 0s - loss: 0.0325 - acc: 1.0000
430/600 [====================>.........] - ETA: 0s - loss: 0.0322 - acc: 1.0000
490/600 [=======================>......] - ETA: 0s - loss: 0.0341 - acc: 0.9980
550/600 [==========================>...] - ETA: 0s - loss: 0.0330 - acc: 0.9982
600/600 [==============================] - 1s 926us/step - loss: 0.0347 - acc: 0.9967 - val_loss: 0.4857 - val_acc: 0.9186
Current time ....0.556
Train on 1200 samples, validate on 68 samples
Epoch 1/1

  10/1200 [..............................] - ETA: 1s - loss: 0.0952 - acc: 1.0000
  70/1200 [>.............................] - ETA: 1s - loss: 0.1037 - acc: 0.9857
 130/1200 [==>...........................] - ETA: 0s - loss: 0.1077 - acc: 0.9769
 190/1200 [===>..........................] - ETA: 0s - loss: 0.1000 - acc: 0.9789
 250/1200 [=====>........................] - ETA: 0s - loss: 0.0935 - acc: 0.9840
 310/1200 [======>.......................] - ETA: 0s - loss: 0.0974 - acc: 0.9871
 370/1200 [========>.....................] - ETA: 0s - loss: 0.1012 - acc: 0.9865
 430/1200 [=========>....................] - ETA: 0s - loss: 0.1011 - acc: 0.9860
 490/1200 [===========>..................] - ETA: 0s - loss: 0.1020 - acc: 0.9878
 550/1200 [============>.................] - ETA: 0s - loss: 0.0992 - acc: 0.9873
 610/1200 [==============>...............] - ETA: 0s - loss: 0.0980 - acc: 0.9869
 670/1200 [===============>..............] - ETA: 0s - loss: 0.0955 - acc: 0.9866
 730/1200 [=================>............] - ETA: 0s - loss: 0.0923 - acc: 0.9877
 790/1200 [==================>...........] - ETA: 0s - loss: 0.0895 - acc: 0.9886
 850/1200 [====================>.........] - ETA: 0s - loss: 0.0879 - acc: 0.9894
 910/1200 [=====================>........] - ETA: 0s - loss: 0.0899 - acc: 0.9890
 970/1200 [=======================>......] - ETA: 0s - loss: 0.0900 - acc: 0.9897
1030/1200 [========================>.....] - ETA: 0s - loss: 0.0867 - acc: 0.9903
1090/1200 [==========================>...] - ETA: 0s - loss: 0.0886 - acc: 0.9890
1150/1200 [===========================>..] - ETA: 0s - loss: 0.0866 - acc: 0.9896
1200/1200 [==============================] - 1s 902us/step - loss: 0.0865 - acc: 0.9900 - val_loss: 0.7193 - val_acc: 0.7206
Current time ....1.083

32/99 [========>.....................] - ETA: 0s
99/99 [==============================] - 0s 90us/step
In EVALUATE loss:  [1.5653976226093793, 0.46464646524853176]

32/86 [==========>...................] - ETA: 0s
86/86 [==============================] - 0s 81us/step
In EVALUATE loss:  [0.4856553860875063, 0.91860465393509971]

32/68 [=============>................] - ETA: 0s
68/68 [==============================] - 0s 99us/step
In EVALUATE loss:  [0.71928483948988076, 0.72058823529411764]
Task 1 : Primary site - Macro F1 score 0.279653835997
Task 1 : Primary site - Micro F1 score 0.464646464646
Task 2 : Tumor laterality - Macro F1 score 0.918593644354
Task 2 : Tumor laterality - Micro F1 score 0.918604651163
Task 3 : Histological grade - Macro F1 score 0.529710144928
Task 3 : Histological grade - Micro F1 score 0.720588235294
Average loss:  0.923445949396
